{"index": {"_index":"chary","_id":"1257722"}}
	{"id":1257722,"type":"buy","buyer":"charityball","seller":"aiovo","symbol":"CHARY","quantity":"34.000","price":"0.00800000","timestamp":1627337556,"volume":"0.27200000","buyTxId":"d921fecadb697d1e6d227083910868f3c5362edb","sellTxId":"89c21debcaad8a4060ac1e3b32e046c75957691b"}
{"index": {"_index":"chary","_id":"1257723"}}
	{"id":1257723,"type":"buy","buyer":"charityball","seller":"crypto133","symbol":"CHARY","quantity":"1.000","price":"0.00949000","timestamp":1627337556,"volume":"0.00949000","buyTxId":"d921fecadb697d1e6d227083910868f3c5362edb","sellTxId":"72dad0ce1c1d0d35a936b627134632dca3994c82"}
{"index": {"_index":"chary","_id":"1260605"}}
	{"id":1260605,"type":"buy","buyer":"achimmertens","seller":"crypto133","symbol":"CHARY","quantity":"1250.672","price":"0.00949000","timestamp":1627397007,"volume":"11.86887728","buyTxId":"0401517a63ce15f8215a7b8cfdda91859317a0e4","sellTxId":"72dad0ce1c1d0d35a936b627134632dca3994c82"}
{"index": {"_index":"chary","_id":"1260606"}}
	{"id":1260606,"type":"buy","buyer":"achimmertens","seller":"crypto133","symbol":"CHARY","quantity":"1694.399","price":"0.00949000","timestamp":1627397007,"volume":"16.07984651","buyTxId":"0401517a63ce15f8215a7b8cfdda91859317a0e4","sellTxId":"86b4ec10d81d735f74708cba10d04d000cc2dbeb"}
{"index": {"_index":"chary","_id":"1260607"}}
	{"id":1260607,"type":"buy","buyer":"achimmertens","seller":"crypto133","symbol":"CHARY","quantity":"956.499","price":"0.00949000","timestamp":1627397007,"volume":"9.07717551","buyTxId":"0401517a63ce15f8215a7b8cfdda91859317a0e4","sellTxId":"ec3bdf2d6865ac61a6463a09268ad47693f93e2a"}
{"index": {"_index":"chary","_id":"1260608"}}
	{"id":1260608,"type":"buy","buyer":"achimmertens","seller":"crypto133","symbol":"CHARY","quantity":"948.626","price":"0.00949000","timestamp":1627397007,"volume":"9.00246074","buyTxId":"0401517a63ce15f8215a7b8cfdda91859317a0e4","sellTxId":"c52a2840b70f5e8f4ce06c8a42b51d27709e70b3"}
{"index": {"_index":"chary","_id":"1260609"}}
	{"id":1260609,"type":"buy","buyer":"achimmertens","seller":"tailah.bayu1","symbol":"CHARY","quantity":"158.705","price":"0.00950000","timestamp":1627397007,"volume":"1.50769750","buyTxId":"0401517a63ce15f8215a7b8cfdda91859317a0e4","sellTxId":"ccf647450a8751c5707b633b680e19653bb940fe"}
{"index": {"_index":"chary","_id":"1260610"}}
	{"id":1260610,"type":"buy","buyer":"achimmertens","seller":"crypto133","symbol":"CHARY","quantity":"632.655","price":"0.00992000","timestamp":1627397007,"volume":"6.27593760","buyTxId":"0401517a63ce15f8215a7b8cfdda91859317a0e4","sellTxId":"d799a7a88bf65b846a7245c270c26d028e4b4daa"}
{"index": {"_index":"chary","_id":"1260611"}}
	{"id":1260611,"type":"buy","buyer":"achimmertens","seller":"crypto133","symbol":"CHARY","quantity":"1554.517","price":"0.00995000","timestamp":1627397007,"volume":"15.46744415","buyTxId":"0401517a63ce15f8215a7b8cfdda91859317a0e4","sellTxId":"dc7f92774dccd69cf77723f1b22ce8a3793ebdac"}
{"index": {"_index":"chary","_id":"1260612"}}
	{"id":1260612,"type":"buy","buyer":"achimmertens","seller":"sirpee6","symbol":"CHARY","quantity":"500.000","price":"0.01000000","timestamp":1627397007,"volume":"5.00000000","buyTxId":"0401517a63ce15f8215a7b8cfdda91859317a0e4","sellTxId":"62c567ae5deccfb1435b5f2c7308c88b945b4679"}
{"index": {"_index":"chary","_id":"1260613"}}
	{"id":1260613,"type":"buy","buyer":"achimmertens","seller":"ritxi","symbol":"CHARY","quantity":"400.000","price":"0.01000000","timestamp":1627397007,"volume":"4.00000000","buyTxId":"0401517a63ce15f8215a7b8cfdda91859317a0e4","sellTxId":"eacff25eb94873935d21b9ef09ca11337c562a9d"}
{"index": {"_index":"chary","_id":"1260849"}}
	{"id":1260849,"type":"sell","buyer":"achimmertens","seller":"tailah.bayu1","symbol":"CHARY","quantity":"5380.344","price":"0.01000000","timestamp":1627402551,"volume":"53.80344000","buyTxId":"0401517a63ce15f8215a7b8cfdda91859317a0e4","sellTxId":"62c904056660fa25a7dbcad96a7f9fa80e44b481"}
{"index": {"_index":"chary","_id":"1260857"}}
	{"id":1260857,"type":"sell","buyer":"achimmertens","seller":"tailah.bayu1","symbol":"CHARY","quantity":"2000.000","price":"0.01000000","timestamp":1627402797,"volume":"20.00000000","buyTxId":"0401517a63ce15f8215a7b8cfdda91859317a0e4","sellTxId":"691c7b0507437630cf2c0d5598076cd098a5ad94"}
{"index": {"_index":"chary","_id":"1261186"}}
	{"id":1261186,"type":"sell","buyer":"achimmertens","seller":"crypto133","symbol":"CHARY","quantity":"4523.583","price":"0.01000000","timestamp":1627407627,"volume":"45.23583000","buyTxId":"0401517a63ce15f8215a7b8cfdda91859317a0e4","sellTxId":"749501666acac3d0401626f41d034801d29c6229"}
{"index": {"_index":"chary","_id":"1262405"}}
	{"id":1262405,"type":"buy","buyer":"charityball","seller":"crypto133","symbol":"CHARY","quantity":"160.000","price":"0.01000000","timestamp":1627420545,"volume":"1.60000000","buyTxId":"68c17993fb6bc54008a72a9718756a61660597c7","sellTxId":"749501666acac3d0401626f41d034801d29c6229"}
