22.07.2021
The price of $USD/$HIVE =  0.29649438
. The price of $HIVE/$BEER =  0.19705000
. The price of $USD/$BEER =  .05842421
The price of $USD/$HIVE =  0.29638833
. The price of $HIVE/$CHARY =  0.00950000
. The price of $USD/$CHARY =  .00281568
The price of $USD/$HIVE =  0.29638833
. The price of $HIVE/$POB =  0.60145047
. The price of $USD/$POB =  .17826290
The price of $USD/$HIVE =  0.29638833
. The price of $HIVE/$LIST =  0.01260000
. The price of $USD/$LIST =  .00373449
The price of $USD/$HIVE =  0.29638833
. The price of $HIVE/$LEO =  0.72751095
. The price of $USD/$LEO =  .21562575
The price of $USD/$HIVE =  0.29638833
. The price of $HIVE/$SIM =  0.00096101
. The price of $USD/$SIM =  .00028483
The price of $USD/$HIVE =  0.29722713
. The price of $HIVE/$BEER =  0.19705000
. The price of $USD/$BEER =  .05856860
The price of $USD/$HIVE =  0.29774841
. The price of $HIVE/$CHARY =  0.00949000
. The price of $USD/$CHARY =  .00282563
The price of $USD/$HIVE =  0.29774841
. The price of $HIVE/$POB =  0.61700000
. The price of $USD/$POB =  .18371076
The price of $USD/$HIVE =  0.29774841
. The price of $HIVE/$LIST =  0.01260000
. The price of $USD/$LIST =  .00375162
The price of $USD/$HIVE =  0.29774841
. The price of $HIVE/$LEO =  0.71679155
. The price of $USD/$LEO =  .21342354
The price of $USD/$HIVE =  0.29774841
. The price of $HIVE/$SIM =  0.00097769
. The price of $USD/$SIM =  .00029110
The price of $USD/$HIVE =  0.30321073
. The price of $HIVE/$BEER =  0.19705000
. The price of $USD/$BEER =  .05974767
The price of $USD/$HIVE =  0.3037412
. The price of $HIVE/$CHARY =  0.00949000
. The price of $USD/$CHARY =  .00288250
The price of $USD/$HIVE =  0.3037412
. The price of $HIVE/$POB =  0.58000000
. The price of $USD/$POB =  .17616989
The price of $USD/$HIVE =  0.3037412
. The price of $HIVE/$LIST =  0.01260000
. The price of $USD/$LIST =  .00382713
The price of $USD/$HIVE =  0.3037412
. The price of $HIVE/$LEO =  0.70000000
. The price of $USD/$LEO =  .21261884
The price of $USD/$HIVE =  0.3037412
. The price of $HIVE/$SIM =  0.00086037
. The price of $USD/$SIM =  .00026132
The price of $USD/$HIVE =  0.32646337
. The price of $HIVE/$BEER =  0.19970500
. The price of $USD/$BEER =  .06519636
The price of $USD/$HIVE =  0.32595945
. The price of $HIVE/$CHARY =  0.00949000
. The price of $USD/$CHARY =  .00309335
The price of $USD/$HIVE =  0.32595945
. The price of $HIVE/$POB =  0.68920075
. The price of $USD/$POB =  .22465149
The price of $USD/$HIVE =  0.32595945
. The price of $HIVE/$LIST =  0.01260000
. The price of $USD/$LIST =  .00410708
The price of $USD/$HIVE =  0.32595945
. The price of $HIVE/$LEO =  0.70176651
. The price of $USD/$LEO =  .22874742
The price of $USD/$HIVE =  0.32595945
. The price of $HIVE/$SIM =  0.00080500
. The price of $USD/$SIM =  .00026239
The price of $USD/$HIVE =  0.31818369
. The price of $HIVE/$BEER =  0.20000000
. The price of $USD/$BEER =  .06363673
The price of $USD/$HIVE =  0.31880539
. The price of $HIVE/$CHARY =  0.00949000
. The price of $USD/$CHARY =  .00302546
The price of $USD/$HIVE =  0.31880539
. The price of $HIVE/$POB =  0.70380068
. The price of $USD/$POB =  .22437545
The price of $USD/$HIVE =  0.31880539
. The price of $HIVE/$LIST =  0.01120000
. The price of $USD/$LIST =  .00357062
The price of $USD/$HIVE =  0.31880539
. The price of $HIVE/$LEO =  0.67250221
. The price of $USD/$LEO =  .21439732
The price of $USD/$HIVE =  0.31880539
. The price of $HIVE/$SIM =  0.00080000
. The price of $USD/$SIM =  .00025504
The price of $USD/$HIVE =  0.3455733
. The price of $HIVE/$BEER =  0.19706000
. The price of $USD/$BEER =  .06809867
The price of $USD/$HIVE =  0.34510554
. The price of $HIVE/$CHARY =  0.01000000
. The price of $USD/$CHARY =  .00345105
The price of $USD/$HIVE =  0.34510554
. The price of $HIVE/$POB =  0.70600084
. The price of $USD/$POB =  .24364480
The price of $USD/$HIVE =  0.34510554
. The price of $HIVE/$LIST =  0.01160000
. The price of $USD/$LIST =  .00400322
The price of $USD/$HIVE =  0.34510554
. The price of $HIVE/$LEO =  0.74997990
. The price of $USD/$LEO =  .25882221
The price of $USD/$HIVE =  0.34510554
. The price of $HIVE/$SIM =  0.00079998
. The price of $USD/$SIM =  .00027607
The price of $USD/$HIVE =  0.38570095
. The price of $HIVE/$BEER =  0.19706000
. The price of $USD/$BEER =  .07600622
The price of $USD/$HIVE =  0.37734706
. The price of $HIVE/$CHARY =  0.01000000
. The price of $USD/$CHARY =  .00377347
The price of $USD/$HIVE =  0.37734706
. The price of $HIVE/$POB =  0.71290010
. The price of $USD/$POB =  .26901075
The price of $USD/$HIVE =  0.37734706
. The price of $HIVE/$LIST =  0.02184990
. The price of $USD/$LIST =  .00824499
The price of $USD/$HIVE =  0.37734706
. The price of $HIVE/$LEO =  0.69711796
. The price of $USD/$LEO =  .26305541
The price of $USD/$HIVE =  0.37734706
. The price of $HIVE/$SIM =  0.00089999
. The price of $USD/$SIM =  .00033960
The price of $USD/$HIVE =  0.49497619
. The price of $HIVE/$BEER =  0.21001000
. The price of $USD/$BEER =  .10394994
The price of $USD/$HIVE =  0.4853856
. The price of $HIVE/$CHARY =  0.00900000
. The price of $USD/$CHARY =  .00436847
The price of $USD/$HIVE =  0.4853856
. The price of $HIVE/$POB =  0.70500000
. The price of $USD/$POB =  .34219684
The price of $USD/$HIVE =  0.4853856
. The price of $HIVE/$LIST =  0.01170001
. The price of $USD/$LIST =  .00567901
The price of $USD/$HIVE =  0.4853856
. The price of $HIVE/$LEO =  0.59996997
. The price of $USD/$LEO =  .29121678
The price of $USD/$HIVE =  0.4853856
. The price of $HIVE/$SIM =  0.00086000
. The price of $USD/$SIM =  .00041743
The price of $USD/$HIVE =  0.42567973
. The price of $HIVE/$BEER =  0.21001000
. The price of $USD/$BEER =  .08939700
The price of $USD/$HIVE =  0.42629041
. The price of $HIVE/$CHARY =  0.00890000
. The price of $USD/$CHARY =  .00379398
The price of $USD/$HIVE =  0.42629041
. The price of $HIVE/$POB =  0.67170019
. The price of $USD/$POB =  .28633934
The price of $USD/$HIVE =  0.42629041
. The price of $HIVE/$LIST =  0.01170001
. The price of $USD/$LIST =  .00498760
The price of $USD/$HIVE =  0.42629041
. The price of $HIVE/$LEO =  0.63988988
. The price of $USD/$LEO =  .27277891
The price of $USD/$HIVE =  0.42629041
. The price of $HIVE/$SIM =  0.00091001
. The price of $USD/$SIM =  .00038792
The price of $USD/$HIVE =  0.39951323
. The price of $HIVE/$BEER =  0.20000000
. The price of $USD/$BEER =  .07990264
The price of $USD/$HIVE =  0.3971663
. The price of $HIVE/$CHARY =  0.00890000
. The price of $USD/$CHARY =  .00353478
The price of $USD/$HIVE =  0.3971663
. The price of $HIVE/$POB =  0.67000002
. The price of $USD/$POB =  .26610142
The price of $USD/$HIVE =  0.3971663
. The price of $HIVE/$LIST =  0.01170001
. The price of $USD/$LIST =  .00464684
The price of $USD/$HIVE =  0.3971663
. The price of $HIVE/$LEO =  0.65399998
. The price of $USD/$LEO =  .25974675
The price of $USD/$HIVE =  0.3971663
. The price of $HIVE/$SIM =  0.00100001
. The price of $USD/$SIM =  .00039717
The price of $USD/$HIVE =  0.38603925
. The price of $HIVE/$BEER =  0.19706600
. The price of $USD/$BEER =  .07607521
The price of $USD/$HIVE =  0.38678062
. The price of $HIVE/$CHARY =  0.00890000
. The price of $USD/$CHARY =  .00344234
The price of $USD/$HIVE =  0.38678062
. The price of $HIVE/$POB =  0.67100001
. The price of $USD/$POB =  .25952979
The price of $USD/$HIVE =  0.38678062
. The price of $HIVE/$LIST =  0.01170001
. The price of $USD/$LIST =  .00452533
The price of $USD/$HIVE =  0.38678062
. The price of $HIVE/$LEO =  0.64797417
. The price of $USD/$LEO =  .25062385
The price of $USD/$HIVE =  0.38678062
. The price of $HIVE/$SIM =  0.00115000
. The price of $USD/$SIM =  .00044479
The price of $USD/$HIVE =  0.40316946
. The price of $HIVE/$BEER =  0.19706600
. The price of $USD/$BEER =  .07945099
The price of $USD/$HIVE =  0.40079171
. The price of $HIVE/$CHARY =  0.00890000
. The price of $USD/$CHARY =  .00356704
The price of $USD/$HIVE =  0.40079171
. The price of $HIVE/$POB =  0.67300000
. The price of $USD/$POB =  .26973282
The price of $USD/$HIVE =  0.40079171
. The price of $HIVE/$LIST =  0.01180002
. The price of $USD/$LIST =  .00472935
The price of $USD/$HIVE =  0.40079171
. The price of $HIVE/$LEO =  0.64659691
. The price of $USD/$LEO =  .25915068
The price of $USD/$HIVE =  0.40079171
. The price of $HIVE/$SIM =  0.00144001
. The price of $USD/$SIM =  .00057714
The price of $USD/$HIVE =  0.3919487
. The price of $HIVE/$BEER =  0.19706600
. The price of $USD/$BEER =  .07723976
The price of $USD/$HIVE =  0.39218186
. The price of $HIVE/$CHARY =  0.00980000
. The price of $USD/$CHARY =  .00384338
The price of $USD/$HIVE =  0.39218186
. The price of $HIVE/$POB =  0.61520001
. The price of $USD/$POB =  .24127028
The price of $USD/$HIVE =  0.39218186
. The price of $HIVE/$LIST =  0.01729000
. The price of $USD/$LIST =  .00678082
The price of $USD/$HIVE =  0.39218186
. The price of $HIVE/$LEO =  0.63163913
. The price of $USD/$LEO =  .24771740
The price of $USD/$HIVE =  0.39218186
. The price of $HIVE/$SIM =  0.00150001
. The price of $USD/$SIM =  .00058827
The price of $USD/$HIVE =  0.40745143
. The price of $HIVE/$BEER =  0.19707001
. The price of $USD/$BEER =  .08029645
The price of $USD/$HIVE =  0.40745143
. The price of $HIVE/$CHARY =  0.00013000
. The price of $USD/$CHARY =  .00005296
The price of $USD/$HIVE =  0.40745143
. The price of $HIVE/$POB =  0.58460032
. The price of $USD/$POB =  .23819623
The price of $USD/$HIVE =  0.40631727
. The price of $HIVE/$LIST =  0.01170001
. The price of $USD/$LIST =  .00475391
The price of $USD/$HIVE =  0.40631727
. The price of $HIVE/$LEO =  0.63500000
. The price of $USD/$LEO =  .25801146
The price of $USD/$HIVE =  0.40631727
. The price of $HIVE/$SIM =  0.00157008
. The price of $USD/$SIM =  .00063795
The price of $USD/$HIVE =  0.41273221
. The price of $HIVE/$BEER =  0.19707001
. The price of $USD/$BEER =  .08133714
The price of $USD/$HIVE =  0.40949938
. The price of $HIVE/$CHARY =  0.00013000
. The price of $USD/$CHARY =  .00005323
The price of $USD/$HIVE =  0.40949938
. The price of $HIVE/$POB =  0.46001000
. The price of $USD/$POB =  .18837380
The price of $USD/$HIVE =  0.40949938
. The price of $HIVE/$LIST =  0.01160000
. The price of $USD/$LIST =  .00475019
The price of $USD/$HIVE =  0.40949938
. The price of $HIVE/$LEO =  0.63500000
. The price of $USD/$LEO =  .26003210
The price of $USD/$HIVE =  0.40949938
. The price of $HIVE/$SIM =  0.00196995
. The price of $USD/$SIM =  .00080669
The price of $USD/$HIVE =  0.43700246
. The price of $HIVE/$BEER =  0.19706000
. The price of $USD/$BEER =  .08611570
The price of $USD/$HIVE =  0.43106769
. The price of $HIVE/$CHARY =  0.00800000
. The price of $USD/$CHARY =  .00344854
The price of $USD/$HIVE =  0.43106769
. The price of $HIVE/$POB =  0.46365000
. The price of $USD/$POB =  .19986453
The price of $USD/$HIVE =  0.43106769
. The price of $HIVE/$LIST =  0.01160000
. The price of $USD/$LIST =  .00500038
The price of $USD/$HIVE =  0.43106769
. The price of $HIVE/$LEO =  0.62143133
. The price of $USD/$LEO =  .26787896
The price of $USD/$HIVE =  0.43106769
. The price of $HIVE/$SIM =  0.00171135
. The price of $USD/$SIM =  .00073770
The price of $USD/$HIVE =  0.4480153
. The price of $HIVE/$BEER =  0.19706100
. The price of $USD/$BEER =  .08828634
The price of $USD/$HIVE =  0.44594126
. The price of $HIVE/$CHARY =  0.00031000
. The price of $USD/$CHARY =  .00013824
The price of $USD/$HIVE =  0.44594126
. The price of $HIVE/$POB =  0.32200000
. The price of $USD/$POB =  .14359308
The price of $USD/$HIVE =  0.44594126
. The price of $HIVE/$LIST =  0.01160000
. The price of $USD/$LIST =  .00517291
The price of $USD/$HIVE =  0.44594126
. The price of $HIVE/$LEO =  0.59565434
. The price of $USD/$LEO =  .26562684
The price of $USD/$HIVE =  0.44594126
. The price of $HIVE/$SIM =  0.00175000
. The price of $USD/$SIM =  .00078039
The price of $USD/$HIVE =  0.43826795
. The price of $HIVE/$BEER =  0.19707000
. The price of $USD/$BEER =  .08636946
The price of $USD/$HIVE =  0.43930149
. The price of $HIVE/$CHARY =  0.00980000
. The price of $USD/$CHARY =  .00430515
The price of $USD/$HIVE =  0.43930149
. The price of $HIVE/$POB =  0.44720360
. The price of $USD/$POB =  .19645720
The price of $USD/$HIVE =  0.43930149
. The price of $HIVE/$LIST =  0.01160000
. The price of $USD/$LIST =  .00509589
The price of $USD/$HIVE =  0.43930149
. The price of $HIVE/$LEO =  0.59300000
. The price of $USD/$LEO =  .26050578
The price of $USD/$HIVE =  0.43930149
. The price of $HIVE/$SIM =  0.00163145
. The price of $USD/$SIM =  .00071669
The price of $USD/$HIVE =  0.44533906
. The price of $HIVE/$BEER =  0.21000000
. The price of $USD/$BEER =  .09352120
The price of $USD/$HIVE =  0.44643049
. The price of $HIVE/$CHARY =  0.00980000
. The price of $USD/$CHARY =  .00437501
The price of $USD/$HIVE =  0.44643049
. The price of $HIVE/$POB =  0.48900000
. The price of $USD/$POB =  .21830450
The price of $USD/$HIVE =  0.44643049
. The price of $HIVE/$LIST =  0.01180002
. The price of $USD/$LIST =  .00526788
The price of $USD/$HIVE =  0.44643049
. The price of $HIVE/$LEO =  0.59656049
. The price of $USD/$LEO =  .26632279
The price of $USD/$HIVE =  0.44643049
. The price of $HIVE/$SIM =  0.00181043
. The price of $USD/$SIM =  .00080823
The price of $USD/$HIVE =  0.44655389
. The price of $HIVE/$BEER =  0.20000000
. The price of $USD/$BEER =  .08931077
The price of $USD/$HIVE =  0.44609509
. The price of $HIVE/$CHARY =  0.00980000
. The price of $USD/$CHARY =  .00437173
The price of $USD/$HIVE =  0.44609509
. The price of $HIVE/$POB =  0.40180144
. The price of $USD/$POB =  .17924164
The price of $USD/$HIVE =  0.44609509
. The price of $HIVE/$LIST =  0.01180002
. The price of $USD/$LIST =  .00526393
The price of $USD/$HIVE =  0.44609509
. The price of $HIVE/$LEO =  0.63000000
. The price of $USD/$LEO =  .28103990
The price of $USD/$HIVE =  0.44609509
. The price of $HIVE/$SIM =  0.00211997
. The price of $USD/$SIM =  .00094570
The price of $USD/$HIVE =  0.46226595
. The price of $HIVE/$BEER =  0.19708100
. The price of $USD/$BEER =  .09110383
The price of $USD/$HIVE =  0.46226595
. The price of $HIVE/$CHARY =  0.00980000
. The price of $USD/$CHARY =  .00453020
The price of $USD/$HIVE =  0.4622192
. The price of $HIVE/$POB =  0.36200000
. The price of $USD/$POB =  .16732335
The price of $USD/$HIVE =  0.4622192
. The price of $HIVE/$LIST =  0.01190002
. The price of $USD/$LIST =  .00550041
The price of $USD/$HIVE =  0.4622192
. The price of $HIVE/$LEO =  0.64902007
. The price of $USD/$LEO =  .29998953
The price of $USD/$HIVE =  0.4622192
. The price of $HIVE/$SIM =  0.00198001
. The price of $USD/$SIM =  .00091519
The price of $USD/$HIVE =  0.46438768
. The price of $HIVE/$BEER =  0.21997999
. The price of $USD/$BEER =  .10215599
The price of $USD/$HIVE =  0.46536714
. The price of $HIVE/$CHARY =  0.00980000
. The price of $USD/$CHARY =  .00456059
The price of $USD/$HIVE =  0.46536714
. The price of $HIVE/$POB =  0.35837001
. The price of $USD/$POB =  .16677362
The price of $USD/$HIVE =  0.46536714
. The price of $HIVE/$LIST =  0.01200003
. The price of $USD/$LIST =  .00558441
The price of $USD/$HIVE =  0.46536714
. The price of $HIVE/$LEO =  0.59999000
. The price of $USD/$LEO =  .27921563
The price of $USD/$HIVE =  0.46536714
. The price of $HIVE/$SIM =  0.00201000
. The price of $USD/$SIM =  .00093538
The price of $USD/$HIVE =  0.48319478
. The price of $HIVE/$BEER =  0.19709001
. The price of $USD/$BEER =  .09523286
The price of $USD/$HIVE =  0.48307157
. The price of $HIVE/$CHARY =  0.00980000
. The price of $USD/$CHARY =  .00473410
The price of $USD/$HIVE =  0.48307157
. The price of $HIVE/$POB =  0.37670020
. The price of $USD/$POB =  .18197315
The price of $USD/$HIVE =  0.48307157
. The price of $HIVE/$LIST =  0.01310000
. The price of $USD/$LIST =  .00632823
The price of $USD/$HIVE =  0.48307157
. The price of $HIVE/$LEO =  0.58700000
. The price of $USD/$LEO =  .28356301
The price of $USD/$HIVE =  0.48307157
. The price of $HIVE/$SIM =  0.00212085
. The price of $USD/$SIM =  .00102452
The price of $USD/$HIVE =  0.48024545
. The price of $HIVE/$BEER =  0.21996999
. The price of $USD/$BEER =  .10563958
The price of $USD/$HIVE =  0.48024545
. The price of $HIVE/$CHARY =  0.00980000
. The price of $USD/$CHARY =  .00470640
The price of $USD/$HIVE =  0.47936842
. The price of $HIVE/$POB =  0.41000000
. The price of $USD/$POB =  .19654105
The price of $USD/$HIVE =  0.47936842
. The price of $HIVE/$LIST =  0.01310000
. The price of $USD/$LIST =  .00627972
The price of $USD/$HIVE =  0.47936842
. The price of $HIVE/$LEO =  0.58219023
. The price of $USD/$LEO =  .27908361
The price of $USD/$HIVE =  0.47936842
. The price of $HIVE/$SIM =  0.00188062
. The price of $USD/$SIM =  .00090150
The price of $USD/$HIVE =  0.47919056
. The price of $HIVE/$BEER =  0.19706101
. The price of $USD/$BEER =  .09442977
The price of $USD/$HIVE =  0.47919056
. The price of $HIVE/$CHARY =  0.00980000
. The price of $USD/$CHARY =  .00469606
The price of $USD/$HIVE =  0.4819009
. The price of $HIVE/$POB =  0.43000000
. The price of $USD/$POB =  .20721738
The price of $USD/$HIVE =  0.4819009
. The price of $HIVE/$LIST =  0.01310000
. The price of $USD/$LIST =  .00631290
The price of $USD/$HIVE =  0.4819009
. The price of $HIVE/$LEO =  0.58504010
. The price of $USD/$LEO =  .28193135
The price of $USD/$HIVE =  0.4819009
. The price of $HIVE/$SIM =  0.00193387
. The price of $USD/$SIM =  .00093193
The price of $USD/$HIVE =  0.48330428
. The price of $HIVE/$BEER =  0.19706101
. The price of $USD/$BEER =  .09524042
The price of $USD/$HIVE =  0.48330428
. The price of $HIVE/$CHARY =  0.00980000
. The price of $USD/$CHARY =  .00473638
The price of $USD/$HIVE =  0.48458915
. The price of $HIVE/$POB =  0.40010000
. The price of $USD/$POB =  .19388411
The price of $USD/$HIVE =  0.48458915
. The price of $HIVE/$LIST =  0.01310000
. The price of $USD/$LIST =  .00634811
The price of $USD/$HIVE =  0.48458915
. The price of $HIVE/$LEO =  0.58259931
. The price of $USD/$LEO =  .28232130
The price of $USD/$HIVE =  0.48458915
. The price of $HIVE/$SIM =  0.00223400
. The price of $USD/$SIM =  .00108257
The price of $USD/$HIVE =  0.43358986
. The price of $HIVE/$BEER =  0.19710000
. The price of $USD/$BEER =  .08546056
The price of $USD/$HIVE =  0.43358986
. The price of $HIVE/$CHARY =  0.00980000
. The price of $USD/$CHARY =  .00424918
The price of $USD/$HIVE =  0.43407443
. The price of $HIVE/$POB =  0.45500011
. The price of $USD/$POB =  .19750391
The price of $USD/$HIVE =  0.43407443
. The price of $HIVE/$LIST =  0.01310000
. The price of $USD/$LIST =  .00568637
The price of $USD/$HIVE =  0.43407443
. The price of $HIVE/$LEO =  0.57262998
. The price of $USD/$LEO =  .24856403
The price of $USD/$HIVE =  0.43407443
. The price of $HIVE/$SIM =  0.00239000
. The price of $USD/$SIM =  .00103743
The price of $USD/$HIVE =  0.44138668
. The price of $HIVE/$BEER =  0.21997999
. The price of $USD/$BEER =  .09709623
The price of $USD/$HIVE =  0.44138668
. The price of $HIVE/$CHARY =  0.00980000
. The price of $USD/$CHARY =  .00432558
The price of $USD/$HIVE =  0.44186195
. The price of $HIVE/$POB =  0.54990000
. The price of $USD/$POB =  .24297988
The price of $USD/$HIVE =  0.44186195
. The price of $HIVE/$LIST =  0.01190002
. The price of $USD/$LIST =  .00525816
The price of $USD/$HIVE =  0.44186195
. The price of $HIVE/$LEO =  0.57699800
. The price of $USD/$LEO =  .25495346
The price of $USD/$HIVE =  0.44186195
. The price of $HIVE/$SIM =  0.00222001
. The price of $USD/$SIM =  .00098093
The price of $USD/$HIVE =  0.47464556
. The price of $HIVE/$BEER =  0.19710003
. The price of $USD/$BEER =  .09355265
The price of $USD/$HIVE =  0.47464556
. The price of $HIVE/$CHARY =  0.00978000
. The price of $USD/$CHARY =  .00464203
The price of $USD/$HIVE =  0.48940508
. The price of $HIVE/$POB =  0.49220003
. The price of $USD/$POB =  .24088519
The price of $USD/$HIVE =  0.48940508
. The price of $HIVE/$LIST =  0.01190002
. The price of $USD/$LIST =  .00582393
The price of $USD/$HIVE =  0.48940508
. The price of $HIVE/$LEO =  0.57880000
. The price of $USD/$LEO =  .28326766
The price of $USD/$HIVE =  0.48940508
. The price of $HIVE/$SIM =  0.00203001
. The price of $USD/$SIM =  .00099349
The price of $USD/$HIVE =  0.51312872
. The price of $HIVE/$BEER =  0.19711009
. The price of $USD/$BEER =  .10114284
The price of $USD/$HIVE =  0.51312872
. The price of $HIVE/$CHARY =  0.00978000
. The price of $USD/$CHARY =  .00501839
The price of $USD/$HIVE =  0.50784577
. The price of $HIVE/$POB =  0.49000001
. The price of $USD/$POB =  .24884443
The price of $USD/$HIVE =  0.50784577
. The price of $HIVE/$LIST =  0.01790002
. The price of $USD/$LIST =  .00909044
The price of $USD/$HIVE =  0.50784577
. The price of $HIVE/$LEO =  0.53304731
. The price of $USD/$LEO =  .27070582
The price of $USD/$HIVE =  0.50784577
. The price of $HIVE/$SIM =  0.00205012
. The price of $USD/$SIM =  .00104114
The price of $USD/$HIVE =  0.50562221
. The price of $HIVE/$BEER =  0.21997997
. The price of $USD/$BEER =  .11122675
The price of $USD/$HIVE =  0.50562221
. The price of $HIVE/$CHARY =  0.00977000
. The price of $USD/$CHARY =  .00493992
The price of $USD/$HIVE =  0.50549306
. The price of $HIVE/$POB =  0.40000000
. The price of $USD/$POB =  .20219722
The price of $USD/$HIVE =  0.50549306
. The price of $HIVE/$LIST =  0.01200003
. The price of $USD/$LIST =  .00606593
The price of $USD/$HIVE =  0.50549306
. The price of $HIVE/$LEO =  0.53552900
. The price of $USD/$LEO =  .27070619
The price of $USD/$HIVE =  0.50549306
. The price of $HIVE/$SIM =  0.00193001
. The price of $USD/$SIM =  .00097560
The price of $USD/$HIVE =  0.51648381
. The price of $HIVE/$BEER =  0.19713505
. The price of $USD/$BEER =  .10181706
The price of $USD/$HIVE =  0.51648381
. The price of $HIVE/$CHARY =  0.00978000
. The price of $USD/$CHARY =  .00505121
The price of $USD/$HIVE =  0.52329309
. The price of $HIVE/$POB =  0.45011000
. The price of $USD/$POB =  .23553945
The price of $USD/$HIVE =  0.52329309
. The price of $HIVE/$LIST =  0.01211000
. The price of $USD/$LIST =  .00633707
The price of $USD/$HIVE =  0.52329309
. The price of $HIVE/$LEO =  0.52370100
. The price of $USD/$LEO =  .27404911
The price of $USD/$HIVE =  0.52329309
. The price of $HIVE/$SIM =  0.00184001
. The price of $USD/$SIM =  .00096286
The price of $USD/$HIVE =  0.53087189
. The price of $HIVE/$BEER =  0.21998000
. The price of $USD/$BEER =  .11678119
The price of $USD/$HIVE =  0.53087189
. The price of $HIVE/$CHARY =  0.00977000
. The price of $USD/$CHARY =  .00518661
The price of $USD/$HIVE =  0.53277494
. The price of $HIVE/$POB =  0.49999998
. The price of $USD/$POB =  .26638745
The price of $USD/$HIVE =  0.53277494
. The price of $HIVE/$LIST =  0.01211000
. The price of $USD/$LIST =  .00645190
The price of $USD/$HIVE =  0.53277494
. The price of $HIVE/$LEO =  0.54000000
. The price of $USD/$LEO =  .28769846
The price of $USD/$HIVE =  0.53277494
. The price of $HIVE/$SIM =  0.00177000
. The price of $USD/$SIM =  .00094301
The price of $USD/$HIVE =  0.51402892
. The price of $HIVE/$BEER =  0.19713501
. The price of $USD/$BEER =  .10133309
The price of $USD/$HIVE =  0.51402892
. The price of $HIVE/$CHARY =  0.00977000
. The price of $USD/$CHARY =  .00502206
The price of $USD/$HIVE =  0.51402892
. The price of $HIVE/$POB =  0.46010012
. The price of $USD/$POB =  .23650476
The price of $USD/$HIVE =  0.51308648
. The price of $HIVE/$LIST =  0.01190002
. The price of $USD/$LIST =  .00610573
The price of $USD/$HIVE =  0.51308648
. The price of $HIVE/$LEO =  0.55554700
. The price of $USD/$LEO =  .28504365
The price of $USD/$HIVE =  0.51308648
. The price of $HIVE/$SIM =  0.00171969
. The price of $USD/$SIM =  .00088234
The price of $USD/$HIVE =  0.51434279
. The price of $HIVE/$BEER =  0.24100000
. The price of $USD/$BEER =  .12395661
The price of $USD/$HIVE =  0.51434279
. The price of $HIVE/$CHARY =  0.00977000
. The price of $USD/$CHARY =  .00502512
The price of $USD/$HIVE =  0.51434279
. The price of $HIVE/$POB =  0.46010000
. The price of $USD/$POB =  .23664911
The price of $USD/$HIVE =  0.51434279
. The price of $HIVE/$LIST =  0.01190002
. The price of $USD/$LIST =  .00612068
The price of $USD/$HIVE =  0.51606581
. The price of $HIVE/$LEO =  0.55386803
. The price of $USD/$LEO =  .28583235
The price of $USD/$HIVE =  0.51606581
. The price of $HIVE/$SIM =  0.00174999
. The price of $USD/$SIM =  .00090311
The price of $USD/$HIVE =  0.50788496
. The price of $HIVE/$LEO =  0.55232000
. The price of $USD/$LEO =  .28051502
The price of $USD/$HIVE =  0.50788496
. The price of $HIVE/$LIST =  0.01190002
. The price of $USD/$LIST =  .00604384
The price of $USD/$HIVE =  0.52761293
. The price of $HIVE/$BEER =  0.24990000
. The price of $USD/$BEER =  .13185047
The price of $USD/$HIVE =  0.52761293
. The price of $HIVE/$CHARY =  0.00977000
. The price of $USD/$CHARY =  .00515477
The price of $USD/$HIVE =  0.52761293
. The price of $HIVE/$POB =  0.50000001
. The price of $USD/$POB =  .26380647
The price of $USD/$HIVE =  0.52640889
. The price of $HIVE/$LIST =  0.01190002
. The price of $USD/$LIST =  .00626427
The price of $USD/$HIVE =  0.52640889
. The price of $HIVE/$LEO =  0.53328600
. The price of $USD/$LEO =  .28072649
The price of $USD/$HIVE =  0.52640889
. The price of $HIVE/$SIM =  0.00152001
. The price of $USD/$SIM =  .00080014
The price of $USD/$HIVE =  0.57047212
. The price of $HIVE/$BEER =  0.24990000
. The price of $USD/$BEER =  .14256098
The price of $USD/$HIVE =  0.57047212
. The price of $HIVE/$CHARY =  0.00977000
. The price of $USD/$CHARY =  .00557351
The price of $USD/$HIVE =  0.57047212
. The price of $HIVE/$POB =  0.50000000
. The price of $USD/$POB =  .28523606
The price of $USD/$HIVE =  0.5712225
. The price of $HIVE/$LIST =  0.01190002
. The price of $USD/$LIST =  .00679755
The price of $USD/$HIVE =  0.5712225
. The price of $HIVE/$LEO =  0.50248999
. The price of $USD/$LEO =  .28703358
The price of $USD/$HIVE =  0.5712225
. The price of $HIVE/$SIM =  0.00158032
. The price of $USD/$SIM =  .00090271
The price of $USD/$HIVE =  0.55245382
. The price of $HIVE/$BEER =  0.27797500
. The price of $USD/$BEER =  .15356835
The price of $USD/$HIVE =  0.55245382
. The price of $HIVE/$CHARY =  0.00950000
. The price of $USD/$CHARY =  .00524831
The price of $USD/$HIVE =  0.55245382
. The price of $HIVE/$POB =  0.41000000
. The price of $USD/$POB =  .22650606
The price of $USD/$HIVE =  0.55245382
. The price of $HIVE/$LIST =  0.01180002
. The price of $USD/$LIST =  .00651896
The price of $USD/$HIVE =  0.54876291
. The price of $HIVE/$LEO =  0.49228389
. The price of $USD/$LEO =  .27014714
The price of $USD/$HIVE =  0.54876291
. The price of $HIVE/$SIM =  0.00165000
. The price of $USD/$SIM =  .00090545
The price of $USD/$HIVE =  0.56143392
. The price of $HIVE/$BEER =  0.21400000
. The price of $USD/$BEER =  .12014685
The price of $USD/$HIVE =  0.56143392
. The price of $HIVE/$CHARY =  0.00949000
. The price of $USD/$CHARY =  .00532800
The price of $USD/$HIVE =  0.56143392
. The price of $HIVE/$POB =  0.40000000
. The price of $USD/$POB =  .22457356
The price of $USD/$HIVE =  0.56143392
. The price of $HIVE/$LIST =  0.00510000
. The price of $USD/$LIST =  .00286331
The price of $USD/$HIVE =  0.5609435
. The price of $HIVE/$LEO =  0.49908800
. The price of $USD/$LEO =  .27996016
The price of $USD/$HIVE =  0.5609435
. The price of $HIVE/$SIM =  0.00156001
. The price of $USD/$SIM =  .00087507
The price of $USD/$HIVE =  0.54478533
. The price of $HIVE/$BEER =  0.24100000
. The price of $USD/$BEER =  .13129326
The price of $USD/$HIVE =  0.54478533
. The price of $HIVE/$CHARY =  0.00949000
. The price of $USD/$CHARY =  .00517001
The price of $USD/$HIVE =  0.54478533
. The price of $HIVE/$POB =  0.39999000
. The price of $USD/$POB =  .21790868
The price of $USD/$HIVE =  0.54478533
. The price of $HIVE/$LIST =  0.00510000
. The price of $USD/$LIST =  .00277840
The price of $USD/$HIVE =  0.54478533
. The price of $HIVE/$LEO =  0.48784683
. The price of $USD/$LEO =  .26577179
The price of $USD/$HIVE =  0.54478533
. The price of $HIVE/$SIM =  0.00135004
. The price of $USD/$SIM =  .00073548
/bin/rm: das Entfernen von '/var/www/html/elk/index.html' ist nicht möglich: Keine Berechtigung
/bin/rm: das Entfernen von '/var/www/html/elk/index.html' ist nicht möglich: Keine Berechtigung
cat: xxx: Datei oder Verzeichnis nicht gefunden
Mi 1. Sep 04:49:01 CEST 2021
