{"index": {"_index":"sim","_id":"1264026"}}
	{"id":1264026,"type":"buy","buyer":"konvik","seller":"jelly-cz","symbol":"SIM","quantity":"56.720","price":"0.00079998","timestamp":1627441083,"volume":"0.04537487","buyTxId":"abf02b017d17ef8e9b8de6b148673b65720f50d4-0","sellTxId":"MM-P-9044015-56025072-3-34-0"}
{"index": {"_index":"sim","_id":"1264027"}}
	{"id":1264027,"type":"buy","buyer":"konvik","seller":"jackdoe","symbol":"SIM","quantity":"126106.012","price":"0.00080000","timestamp":1627441083,"volume":"100.88480960","buyTxId":"abf02b017d17ef8e9b8de6b148673b65720f50d4-0","sellTxId":"5149e384c6b7a7b8aabf38ea69787ddf6f730cd1"}
{"index": {"_index":"sim","_id":"1264061"}}
	{"id":1264061,"type":"sell","buyer":"mmrx","seller":"theguruasia","symbol":"SIM","quantity":"206.220","price":"0.00077312","timestamp":1627441539,"volume":"0.15943281","buyTxId":"MM-P-9044713-56025770-3-41-0","sellTxId":"6a97f94d188d5e35e70a6aabdfa5ee670e95430e"}
{"index": {"_index":"sim","_id":"1264137"}}
	{"id":1264137,"type":"buy","buyer":"konvik","seller":"mmrx","symbol":"SIM","quantity":"206.220","price":"0.00079998","timestamp":1627442439,"volume":"0.16497188","buyTxId":"313754683593e594a65ee6339e076761a43ff6a1-0","sellTxId":"MM-P-9044813-56025870-3-41-0"}
{"index": {"_index":"sim","_id":"1264138"}}
	{"id":1264138,"type":"buy","buyer":"konvik","seller":"nftmart.fees","symbol":"SIM","quantity":"49.000","price":"0.00079999","timestamp":1627442439,"volume":"0.03919951","buyTxId":"313754683593e594a65ee6339e076761a43ff6a1-0","sellTxId":"c56bc37fb489b9dfb23a9a71d04384c716a63489-0"}
{"index": {"_index":"sim","_id":"1264139"}}
	{"id":1264139,"type":"buy","buyer":"konvik","seller":"jackdoe","symbol":"SIM","quantity":"55.459","price":"0.00080000","timestamp":1627442439,"volume":"0.04436720","buyTxId":"313754683593e594a65ee6339e076761a43ff6a1-0","sellTxId":"5149e384c6b7a7b8aabf38ea69787ddf6f730cd1"}
{"index": {"_index":"sim","_id":"1264140"}}
	{"id":1264140,"type":"buy","buyer":"konvik","seller":"jelly-cz","symbol":"SIM","quantity":"58347.124","price":"0.00081836","timestamp":1627442439,"volume":"47.74895240","buyTxId":"313754683593e594a65ee6339e076761a43ff6a1-0","sellTxId":"MM-P-9044713-56025770-3-34-0"}
{"index": {"_index":"sim","_id":"1264266"}}
	{"id":1264266,"type":"sell","buyer":"mmrx","seller":"daveks","symbol":"SIM","quantity":"10001.000","price":"0.00077312","timestamp":1627443552,"volume":"7.73197312","buyTxId":"MM-P-9044713-56025770-3-41-0","sellTxId":"cc0f003cc0028606c221d0f29838913548b79bf1"}
{"index": {"_index":"sim","_id":"1264370"}}
	{"id":1264370,"type":"sell","buyer":"mmrx","seller":"thatcryptodave","symbol":"SIM","quantity":"382.851","price":"0.00077312","timestamp":1627445283,"volume":"0.29598977","buyTxId":"MM-P-9044713-56025770-3-41-0","sellTxId":"8c70c1635add3a2b01c4a9eb53a8878e6fe4bcfb"}
{"index": {"_index":"sim","_id":"1264381"}}
	{"id":1264381,"type":"sell","buyer":"mmrx","seller":"barrenwolfsbane","symbol":"SIM","quantity":"219.000","price":"0.00077312","timestamp":1627445367,"volume":"0.16931328","buyTxId":"MM-P-9044713-56025770-3-41-0","sellTxId":"8652f3c949ca8a8982a9b552f7bf2a60cb049073"}
{"index": {"_index":"sim","_id":"1264537"}}
	{"id":1264537,"type":"sell","buyer":"mmrx","seller":"eshr92","symbol":"SIM","quantity":"545.000","price":"0.00077312","timestamp":1627446975,"volume":"0.42135040","buyTxId":"MM-P-9044713-56025770-3-41-0","sellTxId":"ae7cba7a60f7698fbdfc61875368cedad80bb19b"}
{"index": {"_index":"sim","_id":"1264725"}}
	{"id":1264725,"type":"sell","buyer":"solovey6o2","seller":"drakienrising","symbol":"SIM","quantity":"556.625","price":"0.00077771","timestamp":1627450035,"volume":"0.43289283","buyTxId":"b1661cec513632d29dd12bdceb58fd481d3a171c","sellTxId":"b30a4f362de101833922fb627b9f240a3b761416"}
{"index": {"_index":"sim","_id":"1264787"}}
	{"id":1264787,"type":"sell","buyer":"solovey6o2","seller":"guruvaj","symbol":"SIM","quantity":"277.024","price":"0.00077771","timestamp":1627450662,"volume":"0.21544434","buyTxId":"b1661cec513632d29dd12bdceb58fd481d3a171c","sellTxId":"0f49854780420aefadd318be7fc08a30deda76a4"}
{"index": {"_index":"sim","_id":"1264876"}}
	{"id":1264876,"type":"sell","buyer":"solovey6o2","seller":"lxsxl","symbol":"SIM","quantity":"3.140","price":"0.00077772","timestamp":1627451877,"volume":"0.00244204","buyTxId":"10bc0cf93fffe983abe26f13c27224e35c511faf","sellTxId":"3e3faf1f91f64473b20d7f7c23e892334d076a23"}
{"index": {"_index":"sim","_id":"1264880"}}
	{"id":1264880,"type":"buy","buyer":"cryptoaeneas","seller":"mmrx","symbol":"SIM","quantity":"230.316","price":"0.00080996","timestamp":1627451940,"volume":"0.18654675","buyTxId":"6e95b6faa0492edd02c7c158344385e68aa69285","sellTxId":"MM-P-9048201-56029263-3-41-0"}
{"index": {"_index":"sim","_id":"1265064"}}
	{"id":1265064,"type":"sell","buyer":"solovey6o2","seller":"dhedge-drips","symbol":"SIM","quantity":"7.462","price":"0.00077772","timestamp":1627454724,"volume":"0.00580335","buyTxId":"10bc0cf93fffe983abe26f13c27224e35c511faf","sellTxId":"fd58c04d1f298790097014b8bb3109f38ec79811"}
{"index": {"_index":"sim","_id":"1265104"}}
	{"id":1265104,"type":"buy","buyer":"gerber","seller":"mmrx","symbol":"SIM","quantity":"10917.535","price":"0.00080963","timestamp":1627455165,"volume":"8.83916386","buyTxId":"5404a8f5927e387ae838a4c16ac624a333fe1a08","sellTxId":"MM-P-9049295-56030359-3-41-0"}
{"index": {"_index":"sim","_id":"1265105"}}
	{"id":1265105,"type":"buy","buyer":"gerber","seller":"jelly-cz","symbol":"SIM","quantity":"172442.000","price":"0.00080964","timestamp":1627455165,"volume":"139.61594088","buyTxId":"5404a8f5927e387ae838a4c16ac624a333fe1a08","sellTxId":"MM-P-9049295-56030359-3-34-0"}
{"index": {"_index":"sim","_id":"1265106"}}
	{"id":1265106,"type":"buy","buyer":"gerber","seller":"nftmart.fees","symbol":"SIM","quantity":"43.000","price":"0.00080968","timestamp":1627455165,"volume":"0.03481624","buyTxId":"5404a8f5927e387ae838a4c16ac624a333fe1a08","sellTxId":"85bdf72247fcda89302b703e39108150580e835b-0"}
{"index": {"_index":"sim","_id":"1265107"}}
	{"id":1265107,"type":"buy","buyer":"gerber","seller":"dhedge-drips","symbol":"SIM","quantity":"7.462","price":"0.00080969","timestamp":1627455165,"volume":"0.00604191","buyTxId":"5404a8f5927e387ae838a4c16ac624a333fe1a08","sellTxId":"fcbaf3b777dc4f2d1acc56415b1d2564bdbd59a0"}
{"index": {"_index":"sim","_id":"1265108"}}
	{"id":1265108,"type":"buy","buyer":"gerber","seller":"pereu4ivatel","symbol":"SIM","quantity":"0.180","price":"0.00080977","timestamp":1627455165,"volume":"0.00014576","buyTxId":"5404a8f5927e387ae838a4c16ac624a333fe1a08","sellTxId":"14a7b2e16473c82d8043c1761c96fc30a4235041"}
{"index": {"_index":"sim","_id":"1265109"}}
	{"id":1265109,"type":"buy","buyer":"gerber","seller":"leizerstark","symbol":"SIM","quantity":"1740.000","price":"0.00081000","timestamp":1627455165,"volume":"1.40940000","buyTxId":"5404a8f5927e387ae838a4c16ac624a333fe1a08","sellTxId":"e1bc505f22a4d831e78713328b7936656885ed33"}
{"index": {"_index":"sim","_id":"1265110"}}
	{"id":1265110,"type":"buy","buyer":"gerber","seller":"desyfit","symbol":"SIM","quantity":"88094.151","price":"0.00081838","timestamp":1627455165,"volume":"72.09449135","buyTxId":"5404a8f5927e387ae838a4c16ac624a333fe1a08","sellTxId":"f7401b0c051557ee1ef0f46cdab5bed2b458e95b"}
{"index": {"_index":"sim","_id":"1265112"}}
	{"id":1265112,"type":"sell","buyer":"solovey6o2","seller":"sra1992","symbol":"SIM","quantity":"2275.740","price":"0.00077772","timestamp":1627455198,"volume":"1.76988851","buyTxId":"10bc0cf93fffe983abe26f13c27224e35c511faf","sellTxId":"c545b136bd0bc35c2f87c82dbe2b3e7a09626971"}
{"index": {"_index":"sim","_id":"1265293"}}
	{"id":1265293,"type":"sell","buyer":"solovey6o2","seller":"trentonlundy1","symbol":"SIM","quantity":"0.159","price":"0.00078901","timestamp":1627457550,"volume":"0.00012545","buyTxId":"cf92ab2f3326f8fcdecc27db8354b47f7cf74156","sellTxId":"0a5a6372100bee973d8ccf8a883a23c940577c40"}
{"index": {"_index":"sim","_id":"1265298"}}
	{"id":1265298,"type":"buy","buyer":"dswap","seller":"jelly-cz","symbol":"SIM","quantity":"305.630","price":"0.00081798","timestamp":1627457637,"volume":"0.25","buyTxId":"50619491f73d41105d611b7a3439f2106c5f76c5","sellTxId":"MM-P-9050092-56031157-3-34-0"}
{"index": {"_index":"sim","_id":"1265302"}}
	{"id":1265302,"type":"sell","buyer":"solovey6o2","seller":"scriptioner","symbol":"SIM","quantity":"198493.826","price":"0.00079101","timestamp":1627457748,"volume":"157.01060130","buyTxId":"e7e5c5a01be2aa49308260485cf7e4199d8bb4c9","sellTxId":"e6a9e247497bafe0c133495096c980d6d9fd32d2"}
{"index": {"_index":"sim","_id":"1265303"}}
	{"id":1265303,"type":"sell","buyer":"dcityfund","seller":"scriptioner","symbol":"SIM","quantity":"17673.309","price":"0.00079100","timestamp":1627457748,"volume":"13.97958742","buyTxId":"eae0def7d319fa067ee777d4b8b8cb8140eecaa2","sellTxId":"e6a9e247497bafe0c133495096c980d6d9fd32d2"}
{"index": {"_index":"sim","_id":"1265304"}}
	{"id":1265304,"type":"sell","buyer":"gerber","seller":"scriptioner","symbol":"SIM","quantity":"30997.539","price":"0.00079000","timestamp":1627457748,"volume":"24.48805581","buyTxId":"682c22e679e2443a0dff3e3334a969932f0c6eb7","sellTxId":"e6a9e247497bafe0c133495096c980d6d9fd32d2"}
{"index": {"_index":"sim","_id":"1265305"}}
	{"id":1265305,"type":"sell","buyer":"dcityfund","seller":"scriptioner","symbol":"SIM","quantity":"12301.326","price":"0.00078900","timestamp":1627457748,"volume":"9.70574621","buyTxId":"a756c95730fa90f3fe952541c9287389e79b342d","sellTxId":"e6a9e247497bafe0c133495096c980d6d9fd32d2"}
{"index": {"_index":"sim","_id":"1265481"}}
	{"id":1265481,"type":"sell","buyer":"dcityfund","seller":"konvik","symbol":"SIM","quantity":"6169.769","price":"0.00078900","timestamp":1627460187,"volume":"4.86794774","buyTxId":"a756c95730fa90f3fe952541c9287389e79b342d","sellTxId":"06d4d81836ecd4a5a12d9968954ed528456480c4-1"}
{"index": {"_index":"sim","_id":"1265483"}}
	{"id":1265483,"type":"sell","buyer":"dcityfund","seller":"oks2crypto","symbol":"SIM","quantity":"0.001","price":"0.00078900","timestamp":1627460232,"volume":"0.00000079","buyTxId":"a756c95730fa90f3fe952541c9287389e79b342d","sellTxId":"fa559f27dae8c9d42bded68a8a86aca8deaf08ae"}
{"index": {"_index":"sim","_id":"1265484"}}
	{"id":1265484,"type":"sell","buyer":"dcityfund","seller":"konvik","symbol":"SIM","quantity":"6.114","price":"0.00078900","timestamp":1627460238,"volume":"0.00482395","buyTxId":"a756c95730fa90f3fe952541c9287389e79b342d","sellTxId":"7bbe4d5c8289f3e6cc5d95ebe0ebf602a5eef1f3-1"}
{"index": {"_index":"sim","_id":"1265485"}}
	{"id":1265485,"type":"sell","buyer":"solovey6o2","seller":"konvik","symbol":"SIM","quantity":"12870.065","price":"0.00078772","timestamp":1627460238,"volume":"10.13800760","buyTxId":"567a4605b7240424b9a40ed5f7d316e03811b481","sellTxId":"7bbe4d5c8289f3e6cc5d95ebe0ebf602a5eef1f3-1"}
{"index": {"_index":"sim","_id":"1265487"}}
	{"id":1265487,"type":"sell","buyer":"solovey6o2","seller":"konvik","symbol":"SIM","quantity":"18.875","price":"0.00078772","timestamp":1627460268,"volume":"0.01486822","buyTxId":"567a4605b7240424b9a40ed5f7d316e03811b481","sellTxId":"dadc67e3e6363069c6ce58f5946ccb96eea33b34-1"}
{"index": {"_index":"sim","_id":"1265488"}}
	{"id":1265488,"type":"sell","buyer":"enginemaker","seller":"konvik","symbol":"SIM","quantity":"31687.272","price":"0.00078771","timestamp":1627460268,"volume":"24.96038103","buyTxId":"MM-P-9049394-56030458-3-2-0","sellTxId":"dadc67e3e6363069c6ce58f5946ccb96eea33b34-1"}
{"index": {"_index":"sim","_id":"1265490"}}
	{"id":1265490,"type":"sell","buyer":"dcityfund","seller":"konvik","symbol":"SIM","quantity":"17112.584","price":"0.00078900","timestamp":1627460295,"volume":"13.50182878","buyTxId":"6cce2c4f3c4bdd187779633e5cb5e7f28178a678","sellTxId":"1d2a53d8e832d27e013776c60f83b5392160e4cd-1"}
{"index": {"_index":"sim","_id":"1265518"}}
	{"id":1265518,"type":"buy","buyer":"gs93","seller":"solovey6o2","symbol":"SIM","quantity":"8000.000","price":"0.00081767","timestamp":1627460706,"volume":"6.54136000","buyTxId":"f7ffbbcd6e9b0312386fa40fda0e6b93e5ad43bf","sellTxId":"303b01cc84bd0d5ba4c587a0a8d6cf17dc4bf7ed"}
{"index": {"_index":"sim","_id":"1265527"}}
	{"id":1265527,"type":"sell","buyer":"dechuck","seller":"trumpman","symbol":"SIM","quantity":"500.000","price":"0.00080000","timestamp":1627460772,"volume":"0.40000000","buyTxId":"b8fd1fe0b24f31d7facc2eb6f0eb7ba8c4958f63","sellTxId":"e13d81ab4a5a119c18bc6082ccfa8d324da86aee"}
{"index": {"_index":"sim","_id":"1265545"}}
	{"id":1265545,"type":"sell","buyer":"dcityfund","seller":"lifeskills-tv","symbol":"SIM","quantity":"16.959","price":"0.00078900","timestamp":1627460952,"volume":"0.01338065","buyTxId":"6cce2c4f3c4bdd187779633e5cb5e7f28178a678","sellTxId":"f052ef985d67607a7c36e279949102c621f672df"}
{"index": {"_index":"sim","_id":"1265549"}}
	{"id":1265549,"type":"sell","buyer":"enginemaker","seller":"lifeskills-tv","symbol":"SIM","quantity":"50.296","price":"0.00078771","timestamp":1627461009,"volume":"0.03961866","buyTxId":"MM-P-9049394-56030458-3-2-0","sellTxId":"5544b19aafd2e84bea4b950897055a01b1eebbbf"}
{"index": {"_index":"sim","_id":"1265556"}}
	{"id":1265556,"type":"sell","buyer":"spswhale","seller":"lifeskills-tv","symbol":"SIM","quantity":"333.709","price":"0.00077771","timestamp":1627461066,"volume":"0.25952883","buyTxId":"7317837319bacc44f757d039b849912ebdd11a19","sellTxId":"a949d6cb1829cb6e8e859b1cdf2b3e5513a76d63"}
{"index": {"_index":"sim","_id":"1265593"}}
	{"id":1265593,"type":"buy","buyer":"gerber","seller":"trumpman","symbol":"SIM","quantity":"1534.544","price":"0.00080000","timestamp":1627461378,"volume":"1.22763520","buyTxId":"70e9f4eb2f2843fa75ad79dd1dddedfc8d89c589","sellTxId":"e13d81ab4a5a119c18bc6082ccfa8d324da86aee"}
{"index": {"_index":"sim","_id":"1265594"}}
	{"id":1265594,"type":"buy","buyer":"gerber","seller":"solovey6o2","symbol":"SIM","quantity":"206502.915","price":"0.00081761","timestamp":1627461378,"volume":"168.83884833","buyTxId":"70e9f4eb2f2843fa75ad79dd1dddedfc8d89c589","sellTxId":"ec70c0f2a7475c8177fd83c26ed36bfcea99e14e"}
{"index": {"_index":"sim","_id":"1265595"}}
	{"id":1265595,"type":"buy","buyer":"gerber","seller":"jelly-cz","symbol":"SIM","quantity":"172442.000","price":"0.00081762","timestamp":1627461378,"volume":"140.99202804","buyTxId":"70e9f4eb2f2843fa75ad79dd1dddedfc8d89c589","sellTxId":"MM-P-9051284-56032354-3-34-0"}
{"index": {"_index":"sim","_id":"1265596"}}
	{"id":1265596,"type":"buy","buyer":"gerber","seller":"nftmart.fees","symbol":"SIM","quantity":"33.000","price":"0.00081766","timestamp":1627461378,"volume":"0.02698278","buyTxId":"70e9f4eb2f2843fa75ad79dd1dddedfc8d89c589","sellTxId":"5f897d8758e6dcbe1d75c31297a2ef48b7d254c2-0"}
{"index": {"_index":"sim","_id":"1265597"}}
	{"id":1265597,"type":"buy","buyer":"gerber","seller":"dcityfund","symbol":"SIM","quantity":"17137.811","price":"0.00081800","timestamp":1627461378,"volume":"14.01872940","buyTxId":"70e9f4eb2f2843fa75ad79dd1dddedfc8d89c589","sellTxId":"d73e949133027adc0b81490913d8d072ed3deadc"}
{"index": {"_index":"sim","_id":"1265598"}}
	{"id":1265598,"type":"buy","buyer":"gerber","seller":"dcityfund","symbol":"SIM","quantity":"17542.101","price":"0.00081800","timestamp":1627461378,"volume":"14.34943862","buyTxId":"70e9f4eb2f2843fa75ad79dd1dddedfc8d89c589","sellTxId":"396e36f892cfd21df0e63dd381349df5c6faf0d3"}
{"index": {"_index":"sim","_id":"1265599"}}
	{"id":1265599,"type":"buy","buyer":"gerber","seller":"dcityfund","symbol":"SIM","quantity":"17485.640","price":"0.00081800","timestamp":1627461378,"volume":"14.30325352","buyTxId":"70e9f4eb2f2843fa75ad79dd1dddedfc8d89c589","sellTxId":"7ee77aa973127dc3102591c989463d768d480a6f"}
{"index": {"_index":"sim","_id":"1265600"}}
	{"id":1265600,"type":"buy","buyer":"gerber","seller":"dcityfund","symbol":"SIM","quantity":"17278.691","price":"0.00081800","timestamp":1627461378,"volume":"14.13396924","buyTxId":"70e9f4eb2f2843fa75ad79dd1dddedfc8d89c589","sellTxId":"a30b8d24c357d1da8bb6de2e7f1658ad49e0c149"}
{"index": {"_index":"sim","_id":"1265601"}}
	{"id":1265601,"type":"buy","buyer":"gerber","seller":"dcityfund","symbol":"SIM","quantity":"17072.280","price":"0.00081800","timestamp":1627461378,"volume":"13.96512504","buyTxId":"70e9f4eb2f2843fa75ad79dd1dddedfc8d89c589","sellTxId":"af34c86a05bc01f0ad84e3b17c85886bc1ff99f1"}
{"index": {"_index":"sim","_id":"1265602"}}
	{"id":1265602,"type":"buy","buyer":"gerber","seller":"dcityfund","symbol":"SIM","quantity":"16866.470","price":"0.00081800","timestamp":1627461378,"volume":"13.79677246","buyTxId":"70e9f4eb2f2843fa75ad79dd1dddedfc8d89c589","sellTxId":"2f0a5d77ef97f9d28e17b9fc892aca131b73db51"}
{"index": {"_index":"sim","_id":"1265603"}}
	{"id":1265603,"type":"buy","buyer":"gerber","seller":"dcityfund","symbol":"SIM","quantity":"16661.320","price":"0.00081800","timestamp":1627461378,"volume":"13.62895976","buyTxId":"70e9f4eb2f2843fa75ad79dd1dddedfc8d89c589","sellTxId":"530e0cf8b8d864078f0cb824f63ad653efd10448"}
{"index": {"_index":"sim","_id":"1265604"}}
	{"id":1265604,"type":"buy","buyer":"gerber","seller":"dcityfund","symbol":"SIM","quantity":"16456.457","price":"0.00081800","timestamp":1627461378,"volume":"13.46138183","buyTxId":"70e9f4eb2f2843fa75ad79dd1dddedfc8d89c589","sellTxId":"4cb4833826e86960f27e4e85bc28f1d0cdc795f0"}
{"index": {"_index":"sim","_id":"1265605"}}
	{"id":1265605,"type":"buy","buyer":"gerber","seller":"dcityfund","symbol":"SIM","quantity":"16252.817","price":"0.00081800","timestamp":1627461378,"volume":"13.29480431","buyTxId":"70e9f4eb2f2843fa75ad79dd1dddedfc8d89c589","sellTxId":"39c985faaa0d2f9948c2975171f151687c4c9a4a"}
{"index": {"_index":"sim","_id":"1265606"}}
	{"id":1265606,"type":"buy","buyer":"gerber","seller":"dcityfund","symbol":"SIM","quantity":"16050.007","price":"0.00081800","timestamp":1627461378,"volume":"13.12890573","buyTxId":"70e9f4eb2f2843fa75ad79dd1dddedfc8d89c589","sellTxId":"17832e2bb748b5c208748ba82d27c7807976d79f"}
{"index": {"_index":"sim","_id":"1265607"}}
	{"id":1265607,"type":"buy","buyer":"gerber","seller":"dcityfund","symbol":"SIM","quantity":"15847.668","price":"0.00081800","timestamp":1627461378,"volume":"12.96339242","buyTxId":"70e9f4eb2f2843fa75ad79dd1dddedfc8d89c589","sellTxId":"c21d1e2193a15b2364cf2ad567b5cfdbc9c7eed4"}
{"index": {"_index":"sim","_id":"1265608"}}
	{"id":1265608,"type":"buy","buyer":"gerber","seller":"dcityfund","symbol":"SIM","quantity":"15646.689","price":"0.00081800","timestamp":1627461378,"volume":"12.79899160","buyTxId":"70e9f4eb2f2843fa75ad79dd1dddedfc8d89c589","sellTxId":"3450cf3094b4ec0e4e9a9b5aea28e8e4e18096bb"}
{"index": {"_index":"sim","_id":"1265609"}}
	{"id":1265609,"type":"buy","buyer":"gerber","seller":"dcityfund","symbol":"SIM","quantity":"15446.691","price":"0.00081800","timestamp":1627461378,"volume":"12.63539324","buyTxId":"70e9f4eb2f2843fa75ad79dd1dddedfc8d89c589","sellTxId":"ae74aa3139f7857dc14357d6e8e91ba5782492e5"}
{"index": {"_index":"sim","_id":"1265610"}}
	{"id":1265610,"type":"buy","buyer":"gerber","seller":"dcityfund","symbol":"SIM","quantity":"15202.186","price":"0.00081800","timestamp":1627461378,"volume":"12.43538848","buyTxId":"70e9f4eb2f2843fa75ad79dd1dddedfc8d89c589","sellTxId":"d0f08e05cbf533ea1b7ee63f62286d09912e987a"}
{"index": {"_index":"sim","_id":"1265614"}}
	{"id":1265614,"type":"sell","buyer":"gerber","seller":"konvik","symbol":"SIM","quantity":"37387.241","price":"0.00078300","timestamp":1627461408,"volume":"29.27420970","buyTxId":"5df2964f1c9973c70f9719da77ba0f0c9ce0ddd7","sellTxId":"f212a8f628341c7b2bbd7697dc59a731b0a7885f-1"}
{"index": {"_index":"sim","_id":"1265659"}}
	{"id":1265659,"type":"buy","buyer":"juanmiguelsalas","seller":"nftmart.fees","symbol":"SIM","quantity":"33.000","price":"0.00081797","timestamp":1627462011,"volume":"0.02699301","buyTxId":"309f41e9d5cd777251caa3879c8ac971245ed784","sellTxId":"7c49b24c57bc02788abb3cc1f054483042538a88-0"}
{"index": {"_index":"sim","_id":"1265660"}}
	{"id":1265660,"type":"buy","buyer":"juanmiguelsalas","seller":"jelly-cz","symbol":"SIM","quantity":"49967.000","price":"0.00081798","timestamp":1627462011,"volume":"40.87200666","buyTxId":"309f41e9d5cd777251caa3879c8ac971245ed784","sellTxId":"MM-P-9051384-56032454-3-34-0"}
{"index": {"_index":"sim","_id":"1265665"}}
	{"id":1265665,"type":"buy","buyer":"juanmiguelsalas","seller":"jelly-cz","symbol":"SIM","quantity":"20000.000","price":"0.00081798","timestamp":1627462089,"volume":"16.35960000","buyTxId":"c2694801eacf9481e0b62e2ef8944f23108b47f9","sellTxId":"MM-P-9051384-56032454-3-34-0"}
{"index": {"_index":"sim","_id":"1265833"}}
	{"id":1265833,"type":"sell","buyer":"solovey6o2","seller":"ardrow","symbol":"SIM","quantity":"11687.860","price":"0.00078401","timestamp":1627466316,"volume":"9.16339912","buyTxId":"4eeade74387566b60241b13280ba1dc8f2bb2bfe","sellTxId":"e54302559db532b9245cf0a6b79b10d5fade820a"}
{"index": {"_index":"sim","_id":"1265852"}}
	{"id":1265852,"type":"sell","buyer":"solovey6o2","seller":"andy4475","symbol":"SIM","quantity":"40.125","price":"0.00078401","timestamp":1627466835,"volume":"0.03145840","buyTxId":"4eeade74387566b60241b13280ba1dc8f2bb2bfe","sellTxId":"49037c1522c8dd4fd791462b4aa7d3d4d8c73c74"}
{"index": {"_index":"sim","_id":"1266141"}}
	{"id":1266141,"type":"sell","buyer":"solovey6o2","seller":"tonytrillions","symbol":"SIM","quantity":"0.002","price":"0.00078401","timestamp":1627473285,"volume":"0.00000157","buyTxId":"4eeade74387566b60241b13280ba1dc8f2bb2bfe","sellTxId":"a1e7851bf064c03495f05b3d48b6a547554b940d"}
{"index": {"_index":"sim","_id":"1266194"}}
	{"id":1266194,"type":"sell","buyer":"solovey6o2","seller":"thesimguru","symbol":"SIM","quantity":"22497.750","price":"0.00078401","timestamp":1627474500,"volume":"17.63846098","buyTxId":"4eeade74387566b60241b13280ba1dc8f2bb2bfe","sellTxId":"b9669394164cabd323db3f391ce37ab37b69dc73"}
{"index": {"_index":"sim","_id":"1266226"}}
	{"id":1266226,"type":"buy","buyer":"konvik","seller":"velourex","symbol":"SIM","quantity":"182441.300","price":"0.00080000","timestamp":1627475148,"volume":"145.95304000","buyTxId":"173eef3289dc3f26ad070cb7532eaf701538f7c8-0","sellTxId":"f47bc66e5b0cc0eb34b760389f0974a004632d11"}
{"index": {"_index":"sim","_id":"1266229"}}
	{"id":1266229,"type":"buy","buyer":"konvik","seller":"velourex","symbol":"SIM","quantity":"52971.453","price":"0.00080000","timestamp":1627475181,"volume":"42.37716240","buyTxId":"71eff819e3278a96edd5bcd721c65d647f784d1d-0","sellTxId":"f47bc66e5b0cc0eb34b760389f0974a004632d11"}
{"index": {"_index":"sim","_id":"1266263"}}
	{"id":1266263,"type":"buy","buyer":"gerber","seller":"velourex","symbol":"SIM","quantity":"127876.226","price":"0.00080000","timestamp":1627475826,"volume":"102.30098080","buyTxId":"59d98578cd542141c001d0faa9cc50cfd708fc4d","sellTxId":"f47bc66e5b0cc0eb34b760389f0974a004632d11"}
{"index": {"_index":"sim","_id":"1266264"}}
	{"id":1266264,"type":"buy","buyer":"gerber","seller":"nftmart.fees","symbol":"SIM","quantity":"31.000","price":"0.00081796","timestamp":1627475826,"volume":"0.02535676","buyTxId":"59d98578cd542141c001d0faa9cc50cfd708fc4d","sellTxId":"ec4408fb1c9207c7d6a94baf9c03f62d6b13017d-0"}
{"index": {"_index":"sim","_id":"1266265"}}
	{"id":1266265,"type":"buy","buyer":"gerber","seller":"solovey6o2","symbol":"SIM","quantity":"11687.861","price":"0.00081797","timestamp":1627475826,"volume":"9.56031966","buyTxId":"59d98578cd542141c001d0faa9cc50cfd708fc4d","sellTxId":"dcc7f48d84718c6a74031b060c4c4fbd2233e61e"}
{"index": {"_index":"sim","_id":"1266266"}}
	{"id":1266266,"type":"buy","buyer":"gerber","seller":"solovey6o2","symbol":"SIM","quantity":"22537.877","price":"0.00081797","timestamp":1627475826,"volume":"18.43530725","buyTxId":"59d98578cd542141c001d0faa9cc50cfd708fc4d","sellTxId":"9241a1bda4357cbb11123116f48b884cb4deddf3"}
{"index": {"_index":"sim","_id":"1266267"}}
	{"id":1266267,"type":"buy","buyer":"gerber","seller":"jelly-cz","symbol":"SIM","quantity":"102475.000","price":"0.00081798","timestamp":1627475826,"volume":"83.82250050","buyTxId":"59d98578cd542141c001d0faa9cc50cfd708fc4d","sellTxId":"MM-P-9051384-56032454-3-34-0"}
{"index": {"_index":"sim","_id":"1266268"}}
	{"id":1266268,"type":"buy","buyer":"gerber","seller":"dcityfund","symbol":"SIM","quantity":"45.539","price":"0.00081800","timestamp":1627475826,"volume":"0.03725090","buyTxId":"59d98578cd542141c001d0faa9cc50cfd708fc4d","sellTxId":"d0f08e05cbf533ea1b7ee63f62286d09912e987a"}
{"index": {"_index":"sim","_id":"1266269"}}
	{"id":1266269,"type":"buy","buyer":"gerber","seller":"dcityfund","symbol":"SIM","quantity":"14894.506","price":"0.00081800","timestamp":1627475826,"volume":"12.18370591","buyTxId":"59d98578cd542141c001d0faa9cc50cfd708fc4d","sellTxId":"aa84ba3c3e60170b7ad7e6c47d3a1c3d30527295"}
{"index": {"_index":"sim","_id":"1266270"}}
	{"id":1266270,"type":"buy","buyer":"gerber","seller":"dcityfund","symbol":"SIM","quantity":"15220.356","price":"0.00081800","timestamp":1627475826,"volume":"12.45025121","buyTxId":"59d98578cd542141c001d0faa9cc50cfd708fc4d","sellTxId":"6e59c1806c18ceb3276ed3eb5974a8e768aea1ac"}
{"index": {"_index":"sim","_id":"1266271"}}
	{"id":1266271,"type":"buy","buyer":"gerber","seller":"dcityfund","symbol":"SIM","quantity":"15020.239","price":"0.00081800","timestamp":1627475826,"volume":"12.28655550","buyTxId":"59d98578cd542141c001d0faa9cc50cfd708fc4d","sellTxId":"f902bded363a85c75898802316bf3d73de60b7fd"}
{"index": {"_index":"sim","_id":"1266272"}}
	{"id":1266272,"type":"buy","buyer":"gerber","seller":"dcityfund","symbol":"SIM","quantity":"14821.335","price":"0.00081800","timestamp":1627475826,"volume":"12.12385203","buyTxId":"59d98578cd542141c001d0faa9cc50cfd708fc4d","sellTxId":"f7e759b37a18eacba971ad018b6ba18c098f5f61"}
{"index": {"_index":"sim","_id":"1266273"}}
	{"id":1266273,"type":"buy","buyer":"gerber","seller":"dcityfund","symbol":"SIM","quantity":"11949.501","price":"0.00081800","timestamp":1627475826,"volume":"9.77469182","buyTxId":"59d98578cd542141c001d0faa9cc50cfd708fc4d","sellTxId":"83e5e85e20d99baa34ce596339389a0586f8a0cb"}
{"index": {"_index":"sim","_id":"1266274"}}
	{"id":1266274,"type":"buy","buyer":"gerber","seller":"dcityfund","symbol":"SIM","quantity":"12094.779","price":"0.00081800","timestamp":1627475826,"volume":"9.89352922","buyTxId":"59d98578cd542141c001d0faa9cc50cfd708fc4d","sellTxId":"922197f292c2c841dcafe8c85a9bf4631498cde7"}
{"index": {"_index":"sim","_id":"1266275"}}
	{"id":1266275,"type":"buy","buyer":"gerber","seller":"dcityfund","symbol":"SIM","quantity":"11987.711","price":"0.00081800","timestamp":1627475826,"volume":"9.80594760","buyTxId":"59d98578cd542141c001d0faa9cc50cfd708fc4d","sellTxId":"0c9b66cf635af1a27b34c6e91311ac95a787b0b8"}
{"index": {"_index":"sim","_id":"1266276"}}
	{"id":1266276,"type":"buy","buyer":"gerber","seller":"dcityfund","symbol":"SIM","quantity":"11879.969","price":"0.00081800","timestamp":1627475826,"volume":"9.71781464","buyTxId":"59d98578cd542141c001d0faa9cc50cfd708fc4d","sellTxId":"7a82f6c1ce31b238d82eb3cbf018c8f393dccfd9"}
{"index": {"_index":"sim","_id":"1266277"}}
	{"id":1266277,"type":"buy","buyer":"gerber","seller":"dcityfund","symbol":"SIM","quantity":"12004.356","price":"0.00081800","timestamp":1627475826,"volume":"9.81956321","buyTxId":"59d98578cd542141c001d0faa9cc50cfd708fc4d","sellTxId":"57d8921089160341e41e784e052e4bd8a0799615"}
{"index": {"_index":"sim","_id":"1266278"}}
	{"id":1266278,"type":"buy","buyer":"gerber","seller":"dcityfund","symbol":"SIM","quantity":"12115.967","price":"0.00081800","timestamp":1627475826,"volume":"9.91086101","buyTxId":"59d98578cd542141c001d0faa9cc50cfd708fc4d","sellTxId":"c06bb6822262c3aba67eea311f2eb9922f209b96"}
{"index": {"_index":"sim","_id":"1266279"}}
	{"id":1266279,"type":"buy","buyer":"gerber","seller":"dcityfund","symbol":"SIM","quantity":"12215.699","price":"0.00081800","timestamp":1627475826,"volume":"9.99244178","buyTxId":"59d98578cd542141c001d0faa9cc50cfd708fc4d","sellTxId":"834630b114030714f4979d596a2f277b8600aaa5"}
{"index": {"_index":"sim","_id":"1266280"}}
	{"id":1266280,"type":"buy","buyer":"gerber","seller":"dcityfund","symbol":"SIM","quantity":"12303.058","price":"0.00081800","timestamp":1627475826,"volume":"10.06390144","buyTxId":"59d98578cd542141c001d0faa9cc50cfd708fc4d","sellTxId":"9270df987e08197eb82abee55deea3efd6b4847c"}
{"index": {"_index":"sim","_id":"1266281"}}
	{"id":1266281,"type":"buy","buyer":"gerber","seller":"dcityfund","symbol":"SIM","quantity":"12378.950","price":"0.00081800","timestamp":1627475826,"volume":"10.12598110","buyTxId":"59d98578cd542141c001d0faa9cc50cfd708fc4d","sellTxId":"73b7989e989d48dd1ccd7ebe7726a276a6e98aa7"}
{"index": {"_index":"sim","_id":"1266282"}}
	{"id":1266282,"type":"buy","buyer":"gerber","seller":"onecent","symbol":"SIM","quantity":"555.000","price":"0.00084200","timestamp":1627475826,"volume":"0.46731000","buyTxId":"59d98578cd542141c001d0faa9cc50cfd708fc4d","sellTxId":"249fa01095b45e5b0098591582c53b67c84380fa"}
{"index": {"_index":"sim","_id":"1266283"}}
	{"id":1266283,"type":"buy","buyer":"gerber","seller":"mapac","symbol":"SIM","quantity":"1221.000","price":"0.00085700","timestamp":1627475826,"volume":"1.04639700","buyTxId":"59d98578cd542141c001d0faa9cc50cfd708fc4d","sellTxId":"8123c45bbf77240c0cf8d651db5978a17c7cc4d9"}
{"index": {"_index":"sim","_id":"1266284"}}
	{"id":1266284,"type":"buy","buyer":"gerber","seller":"dhedge-drips","symbol":"SIM","quantity":"0.005","price":"0.00086999","timestamp":1627475826,"volume":"0.00000435","buyTxId":"59d98578cd542141c001d0faa9cc50cfd708fc4d","sellTxId":"a6eb98b310c28941c110ca8f76b66b7467a674df"}
{"index": {"_index":"sim","_id":"1266285"}}
	{"id":1266285,"type":"buy","buyer":"gerber","seller":"megalithic","symbol":"SIM","quantity":"17000.000","price":"0.00087000","timestamp":1627475826,"volume":"14.79000000","buyTxId":"59d98578cd542141c001d0faa9cc50cfd708fc4d","sellTxId":"870b02ff8a391186b04da0c8039643cfdcde1959"}
{"index": {"_index":"sim","_id":"1266286"}}
	{"id":1266286,"type":"buy","buyer":"gerber","seller":"enm1","symbol":"SIM","quantity":"35642.586","price":"0.00088000","timestamp":1627475826,"volume":"31.36547631","buyTxId":"59d98578cd542141c001d0faa9cc50cfd708fc4d","sellTxId":"0d59dc24d5b3010cd34538c1eb775c1ece4d7103"}
{"index": {"_index":"sim","_id":"1266290"}}
	{"id":1266290,"type":"sell","buyer":"enginemaker","seller":"darmst5339","symbol":"SIM","quantity":"4.355","price":"0.00078771","timestamp":1627475907,"volume":"0.00343048","buyTxId":"MM-P-9056151-56037239-3-2-0","sellTxId":"f08b9e9fa48662c33c84cae0431881f16307fdf7"}
{"index": {"_index":"sim","_id":"1266331"}}
	{"id":1266331,"type":"sell","buyer":"solovey6o2","seller":"tonytrillions","symbol":"SIM","quantity":"0.024","price":"0.00078772","timestamp":1627476603,"volume":"0.00001891","buyTxId":"e2e3035056bcf277d5fbde0d46ad3d28e6e6f624","sellTxId":"fa1c3fda41551621f8040aa01a3ff25c31ef914f"}
{"index": {"_index":"sim","_id":"1266684"}}
	{"id":1266684,"type":"sell","buyer":"solovey6o2","seller":"steem.drone","symbol":"SIM","quantity":"206280.262","price":"0.00081001","timestamp":1627481187,"volume":"167.08907502","buyTxId":"b0cc5d9c6fadbaf0d750a052360c78b40f13a331","sellTxId":"032672043010fa42c6b4c875fb353452932107ce"}
{"index": {"_index":"sim","_id":"1266685"}}
	{"id":1266685,"type":"sell","buyer":"solovey6o2","seller":"steem.drone","symbol":"SIM","quantity":"1952.738","price":"0.00081001","timestamp":1627481187,"volume":"1.58173731","buyTxId":"acf9562ca5f3419398b0c0dc431309dad97592c8","sellTxId":"032672043010fa42c6b4c875fb353452932107ce"}
{"index": {"_index":"sim","_id":"1266689"}}
	{"id":1266689,"type":"buy","buyer":"konvik","seller":"enginemaker","symbol":"SIM","quantity":"31741.923","price":"0.00085999","timestamp":1627481271,"volume":"27.29773636","buyTxId":"3a55f4472e4e1f7d0982076b102c3f4a19c24af4-0","sellTxId":"MM-P-9057946-56039035-3-2-0"}
{"index": {"_index":"sim","_id":"1266690"}}
	{"id":1266690,"type":"sell","buyer":"konvik","seller":"nftmart.fees","symbol":"SIM","quantity":"0.317","price":"0.00085999","timestamp":1627481271,"volume":"0.00027262","buyTxId":"3a55f4472e4e1f7d0982076b102c3f4a19c24af4-0","sellTxId":"aeadff947500aa8fc17e61dd2da19e3da9b07ac3-0"}
{"index": {"_index":"sim","_id":"1266755"}}
	{"id":1266755,"type":"sell","buyer":"solovey6o2","seller":"cryptoninjaz","symbol":"SIM","quantity":"17317.477","price":"0.00081001","timestamp":1627482504,"volume":"14.02732954","buyTxId":"acf9562ca5f3419398b0c0dc431309dad97592c8","sellTxId":"9dbadd84e99af3609f8ebafdac309e4e8c1fcecc"}
{"index": {"_index":"sim","_id":"1266783"}}
	{"id":1266783,"type":"sell","buyer":"solovey6o2","seller":"cryptoninjaz","symbol":"SIM","quantity":"16189.347","price":"0.00081001","timestamp":1627483104,"volume":"13.11353296","buyTxId":"a7414a735928a944bcce6fbc927055126af40d8c","sellTxId":"ee64563a7d6e5995789250838544f075d3957326"}
{"index": {"_index":"sim","_id":"1266785"}}
	{"id":1266785,"type":"sell","buyer":"enginemaker","seller":"cryptoninjaz","symbol":"SIM","quantity":"12707.757","price":"0.00081000","timestamp":1627483131,"volume":"10.29328317","buyTxId":"MM-P-9056847-56037936-3-2-0","sellTxId":"23a3fdac7b10bba3ab9c449a3910962e54d78164"}
{"index": {"_index":"sim","_id":"1266811"}}
	{"id":1266811,"type":"buy","buyer":"konvik","seller":"enginemaker","symbol":"SIM","quantity":"12707.757","price":"0.00085998","timestamp":1627483671,"volume":"10.92841686","buyTxId":"3486d09de48d1517660a2c6e430c256df85df442-0","sellTxId":"MM-P-9058745-56039834-3-2-0"}
{"index": {"_index":"sim","_id":"1266812"}}
	{"id":1266812,"type":"sell","buyer":"konvik","seller":"nftmart.fees","symbol":"SIM","quantity":"0.127","price":"0.00085998","timestamp":1627483671,"volume":"0.00010922","buyTxId":"3486d09de48d1517660a2c6e430c256df85df442-0","sellTxId":"09bd8968eb19fc03d16061e6bd820eb6999d9a7d-0"}
{"index": {"_index":"sim","_id":"1266817"}}
	{"id":1266817,"type":"buy","buyer":"konvik","seller":"nftmart.fees","symbol":"SIM","quantity":"23.873","price":"0.00085996","timestamp":1627483692,"volume":"0.02052983","buyTxId":"03ae059d89cb699ccf8de6c8970e2eb42dae0ae8-0","sellTxId":"09bd8968eb19fc03d16061e6bd820eb6999d9a7d-0"}
{"index": {"_index":"sim","_id":"1266818"}}
	{"id":1266818,"type":"buy","buyer":"konvik","seller":"solovey6o2","symbol":"SIM","quantity":"83269.561","price":"0.00085997","timestamp":1627483692,"volume":"71.60932437","buyTxId":"03ae059d89cb699ccf8de6c8970e2eb42dae0ae8-0","sellTxId":"a3e7a48e18fda573107c56399d568780bf7503ea"}
{"index": {"_index":"sim","_id":"1266881"}}
	{"id":1266881,"type":"buy","buyer":"vcelier","seller":"solovey6o2","symbol":"SIM","quantity":"1231.195","price":"0.00087999","timestamp":1627484652,"volume":"1.08343929","buyTxId":"cb2d3f5f6a6a0f7d97ca180da3b7cf51fb50afcb","sellTxId":"c03110d186fb61529ad500c70caddd79b99eb8f2"}
{"index": {"_index":"sim","_id":"1266913"}}
	{"id":1266913,"type":"buy","buyer":"d-pend","seller":"solovey6o2","symbol":"SIM","quantity":"157239.092","price":"0.00087999","timestamp":1627485432,"volume":"138.36882857","buyTxId":"ba665d459ee5864cabbd52494d49271c3e1ee7e8","sellTxId":"c03110d186fb61529ad500c70caddd79b99eb8f2"}
{"index": {"_index":"sim","_id":"1266914"}}
	{"id":1266914,"type":"buy","buyer":"d-pend","seller":"enm1","symbol":"SIM","quantity":"42760.908","price":"0.00088000","timestamp":1627485432,"volume":"37.62959904","buyTxId":"ba665d459ee5864cabbd52494d49271c3e1ee7e8","sellTxId":"0d59dc24d5b3010cd34538c1eb775c1ece4d7103"}
{"index": {"_index":"sim","_id":"1266920"}}
	{"id":1266920,"type":"sell","buyer":"d-pend","seller":"konvik","symbol":"SIM","quantity":"43420.935","price":"0.00086000","timestamp":1627485690,"volume":"37.34200410","buyTxId":"a2a3ec88827f800105f2e0b8e5aa7674199038ae","sellTxId":"bdd75856c8d1ac98472d9db9f87fd4645c388e4e-1"}
{"index": {"_index":"sim","_id":"1266921"}}
	{"id":1266921,"type":"buy","buyer":"d-pend","seller":"enm1","symbol":"SIM","quantity":"7911.762","price":"0.00088000","timestamp":1627485741,"volume":"6.96235056","buyTxId":"2b8dd8947b7e49d098ac03ed99ba6d9a0bd5532e","sellTxId":"0d59dc24d5b3010cd34538c1eb775c1ece4d7103"}
{"index": {"_index":"sim","_id":"1266922"}}
	{"id":1266922,"type":"buy","buyer":"d-pend","seller":"chekohler","symbol":"SIM","quantity":"4.851","price":"0.00088000","timestamp":1627485741,"volume":"0.00426888","buyTxId":"2b8dd8947b7e49d098ac03ed99ba6d9a0bd5532e","sellTxId":"d2648f936a127237c1285f9740aafc5796193010"}
{"index": {"_index":"sim","_id":"1266923"}}
	{"id":1266923,"type":"buy","buyer":"d-pend","seller":"nastyforce","symbol":"SIM","quantity":"1000.000","price":"0.00088000","timestamp":1627485741,"volume":"0.88000000","buyTxId":"2b8dd8947b7e49d098ac03ed99ba6d9a0bd5532e","sellTxId":"66d0e97a96f21d9bc634510604fc6d44ea88b368"}
{"index": {"_index":"sim","_id":"1266924"}}
	{"id":1266924,"type":"buy","buyer":"d-pend","seller":"medaymane","symbol":"SIM","quantity":"3527.000","price":"0.00088401","timestamp":1627485741,"volume":"3.11790327","buyTxId":"2b8dd8947b7e49d098ac03ed99ba6d9a0bd5532e","sellTxId":"8efafc5176938aad66a357b8a1eaec0c9c88b0e7"}
{"index": {"_index":"sim","_id":"1266925"}}
	{"id":1266925,"type":"buy","buyer":"d-pend","seller":"bitt.nerd","symbol":"SIM","quantity":"1000.000","price":"0.00089000","timestamp":1627485741,"volume":"0.89000000","buyTxId":"2b8dd8947b7e49d098ac03ed99ba6d9a0bd5532e","sellTxId":"b6208cfde820f316feef66aa5e841fb610cba332"}
{"index": {"_index":"sim","_id":"1266926"}}
	{"id":1266926,"type":"buy","buyer":"d-pend","seller":"nastyforce","symbol":"SIM","quantity":"1000.000","price":"0.00089000","timestamp":1627485741,"volume":"0.89000000","buyTxId":"2b8dd8947b7e49d098ac03ed99ba6d9a0bd5532e","sellTxId":"ee2e8b6b0c9a9676e71d5d1545780f6aadc3b786"}
{"index": {"_index":"sim","_id":"1266927"}}
	{"id":1266927,"type":"buy","buyer":"d-pend","seller":"mpath","symbol":"SIM","quantity":"333.000","price":"0.00089000","timestamp":1627485741,"volume":"0.29637000","buyTxId":"2b8dd8947b7e49d098ac03ed99ba6d9a0bd5532e","sellTxId":"8d51bcb8610b5f4561fcc5ec83a2a458727f57f7"}
{"index": {"_index":"sim","_id":"1266928"}}
	{"id":1266928,"type":"buy","buyer":"d-pend","seller":"onecent","symbol":"SIM","quantity":"555.000","price":"0.00089000","timestamp":1627485741,"volume":"0.49395000","buyTxId":"2b8dd8947b7e49d098ac03ed99ba6d9a0bd5532e","sellTxId":"80b0842df401e393747496526b184ebc37506479"}
{"index": {"_index":"sim","_id":"1266929"}}
	{"id":1266929,"type":"buy","buyer":"d-pend","seller":"medaymane","symbol":"SIM","quantity":"3850.000","price":"0.00089801","timestamp":1627485741,"volume":"3.45733850","buyTxId":"2b8dd8947b7e49d098ac03ed99ba6d9a0bd5532e","sellTxId":"0a7c6577bd5fdcede07c9143ea95c4096ab7d8b5"}
{"index": {"_index":"sim","_id":"1266930"}}
	{"id":1266930,"type":"buy","buyer":"d-pend","seller":"dcityfund","symbol":"SIM","quantity":"2642.389","price":"0.00090000","timestamp":1627485741,"volume":"2.37815010","buyTxId":"2b8dd8947b7e49d098ac03ed99ba6d9a0bd5532e","sellTxId":"fdbf43fe4418b6d5433c9c6510951d64fde5ff1f"}
{"index": {"_index":"sim","_id":"1266931"}}
	{"id":1266931,"type":"buy","buyer":"d-pend","seller":"dcityfund","symbol":"SIM","quantity":"6418.777","price":"0.00090000","timestamp":1627485741,"volume":"5.77689930","buyTxId":"2b8dd8947b7e49d098ac03ed99ba6d9a0bd5532e","sellTxId":"fe926b966dd2a435ec7b7b154c98ba0ba9c9e7c1"}
{"index": {"_index":"sim","_id":"1266932"}}
	{"id":1266932,"type":"buy","buyer":"d-pend","seller":"dcityfund","symbol":"SIM","quantity":"6544.583","price":"0.00090000","timestamp":1627485741,"volume":"5.89012470","buyTxId":"2b8dd8947b7e49d098ac03ed99ba6d9a0bd5532e","sellTxId":"d17758dd447ed73eaff69004dd5725993254a3ee"}
{"index": {"_index":"sim","_id":"1266933"}}
	{"id":1266933,"type":"buy","buyer":"d-pend","seller":"dcityfund","symbol":"SIM","quantity":"6509.679","price":"0.00090000","timestamp":1627485741,"volume":"5.85871110","buyTxId":"2b8dd8947b7e49d098ac03ed99ba6d9a0bd5532e","sellTxId":"d7b8ae4d8de811432db8692e0fb58e87a3b6b626"}
{"index": {"_index":"sim","_id":"1266934"}}
	{"id":1266934,"type":"buy","buyer":"d-pend","seller":"dcityfund","symbol":"SIM","quantity":"6624.795","price":"0.00090000","timestamp":1627485741,"volume":"5.96231550","buyTxId":"2b8dd8947b7e49d098ac03ed99ba6d9a0bd5532e","sellTxId":"beeb8b9783726d7b9669badd02c9661b6edf514f"}
{"index": {"_index":"sim","_id":"1266935"}}
	{"id":1266935,"type":"buy","buyer":"d-pend","seller":"dcityfund","symbol":"SIM","quantity":"6583.474","price":"0.00090000","timestamp":1627485741,"volume":"5.92512660","buyTxId":"2b8dd8947b7e49d098ac03ed99ba6d9a0bd5532e","sellTxId":"1af2ddcc0f0b862157c896a6c7895803e78ca423"}
{"index": {"_index":"sim","_id":"1266936"}}
	{"id":1266936,"type":"buy","buyer":"d-pend","seller":"dcityfund","symbol":"SIM","quantity":"6688.157","price":"0.00090000","timestamp":1627485741,"volume":"6.01934130","buyTxId":"2b8dd8947b7e49d098ac03ed99ba6d9a0bd5532e","sellTxId":"2e4aa88833fde32ca6f80ad85e93d216ffd69549"}
{"index": {"_index":"sim","_id":"1266937"}}
	{"id":1266937,"type":"buy","buyer":"d-pend","seller":"dcityfund","symbol":"SIM","quantity":"6640.699","price":"0.00090000","timestamp":1627485741,"volume":"5.97662910","buyTxId":"2b8dd8947b7e49d098ac03ed99ba6d9a0bd5532e","sellTxId":"46318a271dc87c1ffafdadd6eb9be9982d8ba828"}
{"index": {"_index":"sim","_id":"1266938"}}
	{"id":1266938,"type":"buy","buyer":"d-pend","seller":"dcityfund","symbol":"SIM","quantity":"6735.454","price":"0.00090000","timestamp":1627485741,"volume":"6.06190860","buyTxId":"2b8dd8947b7e49d098ac03ed99ba6d9a0bd5532e","sellTxId":"df3717906ec129975fb0522d16a53dd82dde9544"}
{"index": {"_index":"sim","_id":"1266939"}}
	{"id":1266939,"type":"buy","buyer":"d-pend","seller":"dcityfund","symbol":"SIM","quantity":"6682.154","price":"0.00090000","timestamp":1627485741,"volume":"6.01393860","buyTxId":"2b8dd8947b7e49d098ac03ed99ba6d9a0bd5532e","sellTxId":"222dfbcd29d62f5103a0a3c26c27ace4eb18c6ee"}
{"index": {"_index":"sim","_id":"1266940"}}
	{"id":1266940,"type":"buy","buyer":"d-pend","seller":"dcityfund","symbol":"SIM","quantity":"6830.743","price":"0.00090000","timestamp":1627485741,"volume":"6.14766870","buyTxId":"2b8dd8947b7e49d098ac03ed99ba6d9a0bd5532e","sellTxId":"c9de91c86dee2c57f9d1425388d5302bde7758a3"}
{"index": {"_index":"sim","_id":"1266941"}}
	{"id":1266941,"type":"buy","buyer":"d-pend","seller":"dcityfund","symbol":"SIM","quantity":"6771.358","price":"0.00090000","timestamp":1627485741,"volume":"6.09422220","buyTxId":"2b8dd8947b7e49d098ac03ed99ba6d9a0bd5532e","sellTxId":"b6668daa0d4a7fa9d17343f4e3ebf6075a7f75c6"}
{"index": {"_index":"sim","_id":"1266942"}}
	{"id":1266942,"type":"buy","buyer":"d-pend","seller":"dcityfund","symbol":"SIM","quantity":"5146.125","price":"0.00090000","timestamp":1627485741,"volume":"4.63151250","buyTxId":"2b8dd8947b7e49d098ac03ed99ba6d9a0bd5532e","sellTxId":"f550563a6e554c7e19ff0d8a9764f51fc5235875"}
{"index": {"_index":"sim","_id":"1266945"}}
	{"id":1266945,"type":"sell","buyer":"d-pend","seller":"konvik","symbol":"SIM","quantity":"54945.547","price":"0.00087000","timestamp":1627485777,"volume":"47.80262589","buyTxId":"d78e51bac028f7fba6e745059c9dd8f10a492911","sellTxId":"8eaa7f0a1a1c5a73a9fc1fd01d3b58b26f545629-1"}
{"index": {"_index":"sim","_id":"1266950"}}
	{"id":1266950,"type":"sell","buyer":"d-pend","seller":"konvik","symbol":"SIM","quantity":"90423.758","price":"0.00087000","timestamp":1627485846,"volume":"78.66866946","buyTxId":"119a5c86fe92a73ba15f65d4087ff75f5a423656","sellTxId":"d062fc08b88f8737545c3df116f7f932ea60bcfc-1"}
{"index": {"_index":"sim","_id":"1266970"}}
	{"id":1266970,"type":"buy","buyer":"d-pend","seller":"nftmart.fees","symbol":"SIM","quantity":"24.000","price":"0.00087998","timestamp":1627486101,"volume":"0.02111952","buyTxId":"cadd1e6666472105230ef99b663b0edba58a7ebe","sellTxId":"d2f4f79ae1919e07890277de0d972d2f770d59d0-0"}
{"index": {"_index":"sim","_id":"1266971"}}
	{"id":1266971,"type":"buy","buyer":"d-pend","seller":"dcityfund","symbol":"SIM","quantity":"1701.954","price":"0.00090000","timestamp":1627486101,"volume":"1.53175860","buyTxId":"cadd1e6666472105230ef99b663b0edba58a7ebe","sellTxId":"f550563a6e554c7e19ff0d8a9764f51fc5235875"}
{"index": {"_index":"sim","_id":"1266972"}}
	{"id":1266972,"type":"buy","buyer":"d-pend","seller":"dcityfund","symbol":"SIM","quantity":"6783.838","price":"0.00090000","timestamp":1627486101,"volume":"6.10545420","buyTxId":"cadd1e6666472105230ef99b663b0edba58a7ebe","sellTxId":"8bea32b99629964131581847cc6093a6c8cf47c5"}
{"index": {"_index":"sim","_id":"1266973"}}
	{"id":1266973,"type":"buy","buyer":"d-pend","seller":"dcityfund","symbol":"SIM","quantity":"6851.675","price":"0.00090000","timestamp":1627486101,"volume":"6.16650750","buyTxId":"cadd1e6666472105230ef99b663b0edba58a7ebe","sellTxId":"7c6c6cdd197f54f3a4ded09202e82327a79c074a"}
{"index": {"_index":"sim","_id":"1266974"}}
	{"id":1266974,"type":"buy","buyer":"d-pend","seller":"dcityfund","symbol":"SIM","quantity":"6782.469","price":"0.00090000","timestamp":1627486101,"volume":"6.10422210","buyTxId":"cadd1e6666472105230ef99b663b0edba58a7ebe","sellTxId":"f55858349670075b345ed2581b9db6de2d5d10ea"}
{"index": {"_index":"sim","_id":"1266975"}}
	{"id":1266975,"type":"buy","buyer":"d-pend","seller":"dcityfund","symbol":"SIM","quantity":"6841.956","price":"0.00090000","timestamp":1627486101,"volume":"6.15776040","buyTxId":"cadd1e6666472105230ef99b663b0edba58a7ebe","sellTxId":"3b08e8aa332c71611b023efb952e1744a28f88d2"}
{"index": {"_index":"sim","_id":"1266976"}}
	{"id":1266976,"type":"buy","buyer":"d-pend","seller":"dcityfund","symbol":"SIM","quantity":"6768.310","price":"0.00090000","timestamp":1627486101,"volume":"6.09147900","buyTxId":"cadd1e6666472105230ef99b663b0edba58a7ebe","sellTxId":"9c9867d1e5c2cc88d091f9195d2ea47924c4edc6"}
{"index": {"_index":"sim","_id":"1266977"}}
	{"id":1266977,"type":"buy","buyer":"d-pend","seller":"mpath","symbol":"SIM","quantity":"333.000","price":"0.00090000","timestamp":1627486101,"volume":"0.29970000","buyTxId":"cadd1e6666472105230ef99b663b0edba58a7ebe","sellTxId":"d1dffaff1b3f001e5c1da5477b967ef1ec6e7af2"}
{"index": {"_index":"sim","_id":"1266978"}}
	{"id":1266978,"type":"buy","buyer":"d-pend","seller":"dcityfund","symbol":"SIM","quantity":"6819.778","price":"0.00090000","timestamp":1627486101,"volume":"6.13780020","buyTxId":"cadd1e6666472105230ef99b663b0edba58a7ebe","sellTxId":"bcb907b817e8ad834bb349debcd4405e0dbb17dc"}
{"index": {"_index":"sim","_id":"1266979"}}
	{"id":1266979,"type":"buy","buyer":"d-pend","seller":"dcityfund","symbol":"SIM","quantity":"6864.917","price":"0.00090000","timestamp":1627486101,"volume":"6.17842530","buyTxId":"cadd1e6666472105230ef99b663b0edba58a7ebe","sellTxId":"e091f59dcd79321a27fea61d54538e0ae807770e"}
{"index": {"_index":"sim","_id":"1266980"}}
	{"id":1266980,"type":"buy","buyer":"d-pend","seller":"mapac","symbol":"SIM","quantity":"1234.000","price":"0.00090000","timestamp":1627486101,"volume":"1.11060000","buyTxId":"cadd1e6666472105230ef99b663b0edba58a7ebe","sellTxId":"e3b87f01ebc4182465a6e7d6902b564dfaa84409"}
{"index": {"_index":"sim","_id":"1266981"}}
	{"id":1266981,"type":"buy","buyer":"d-pend","seller":"dcityfund","symbol":"SIM","quantity":"6783.457","price":"0.00090000","timestamp":1627486101,"volume":"6.10511130","buyTxId":"cadd1e6666472105230ef99b663b0edba58a7ebe","sellTxId":"ec048102d9cdf1ffe5cb1f23dbf57ad66c794022"}
{"index": {"_index":"sim","_id":"1266982"}}
	{"id":1266982,"type":"buy","buyer":"d-pend","seller":"dcityfund","symbol":"SIM","quantity":"6821.127","price":"0.00090000","timestamp":1627486101,"volume":"6.13901430","buyTxId":"cadd1e6666472105230ef99b663b0edba58a7ebe","sellTxId":"1c2941615e58cee06d5ed872f2d5bc879aeaf8c4"}
{"index": {"_index":"sim","_id":"1266983"}}
	{"id":1266983,"type":"buy","buyer":"d-pend","seller":"dcityfund","symbol":"SIM","quantity":"6852.976","price":"0.00090000","timestamp":1627486101,"volume":"6.16767840","buyTxId":"cadd1e6666472105230ef99b663b0edba58a7ebe","sellTxId":"65bb943623c3da9fec1ffa1cd4b541d9272b220b"}
{"index": {"_index":"sim","_id":"1266984"}}
	{"id":1266984,"type":"buy","buyer":"d-pend","seller":"dcityfund","symbol":"SIM","quantity":"6879.118","price":"0.00090000","timestamp":1627486101,"volume":"6.19120620","buyTxId":"cadd1e6666472105230ef99b663b0edba58a7ebe","sellTxId":"73015b36f060e43b2c1d3ba978c75a815486b2ac"}
{"index": {"_index":"sim","_id":"1266985"}}
	{"id":1266985,"type":"buy","buyer":"d-pend","seller":"dcityfund","symbol":"SIM","quantity":"6899.850","price":"0.00090000","timestamp":1627486101,"volume":"6.20986500","buyTxId":"cadd1e6666472105230ef99b663b0edba58a7ebe","sellTxId":"6ad8843675eb515a63f9c2a144363ec275e42291"}
{"index": {"_index":"sim","_id":"1266986"}}
	{"id":1266986,"type":"buy","buyer":"d-pend","seller":"dcityfund","symbol":"SIM","quantity":"6804.372","price":"0.00090000","timestamp":1627486101,"volume":"6.12393480","buyTxId":"cadd1e6666472105230ef99b663b0edba58a7ebe","sellTxId":"9116acca2920158461606feefe74ef3a48f988dd"}
{"index": {"_index":"sim","_id":"1266987"}}
	{"id":1266987,"type":"buy","buyer":"d-pend","seller":"dcityfund","symbol":"SIM","quantity":"6818.838","price":"0.00090000","timestamp":1627486101,"volume":"6.13695420","buyTxId":"cadd1e6666472105230ef99b663b0edba58a7ebe","sellTxId":"7b999b658f9816f1d3db458ecbf21e210967fd87"}
{"index": {"_index":"sim","_id":"1266988"}}
	{"id":1266988,"type":"buy","buyer":"d-pend","seller":"dcityfund","symbol":"SIM","quantity":"1134.365","price":"0.00090000","timestamp":1627486101,"volume":"1.02092850","buyTxId":"cadd1e6666472105230ef99b663b0edba58a7ebe","sellTxId":"28bbc3c58e673325a7f4dc14e12320ab936c3b30"}
{"index": {"_index":"sim","_id":"1267005"}}
	{"id":1267005,"type":"sell","buyer":"d-pend","seller":"cryptoninjaz","symbol":"SIM","quantity":"9576.242","price":"0.00087000","timestamp":1627486341,"volume":"8.33133054","buyTxId":"119a5c86fe92a73ba15f65d4087ff75f5a423656","sellTxId":"32ee0313beab39d3c3b79fc17f494be721bece80"}
{"index": {"_index":"sim","_id":"1267135"}}
	{"id":1267135,"type":"sell","buyer":"d-pend","seller":"konvik","symbol":"SIM","quantity":"88800.883","price":"0.00088000","timestamp":1627488690,"volume":"78.14477704","buyTxId":"00700bc1732679de9f7e981023412ef29356be9f","sellTxId":"f6c211427089d795e48fbd98954d69b8c3356fe7-1"}
{"index": {"_index":"sim","_id":"1267145"}}
	{"id":1267145,"type":"sell","buyer":"d-pend","seller":"cryptoninjaz","symbol":"SIM","quantity":"88.005","price":"0.00088000","timestamp":1627488957,"volume":"0.07744440","buyTxId":"00700bc1732679de9f7e981023412ef29356be9f","sellTxId":"5541a4d15d27570871789cef6abb0cd098d66e3b"}
{"index": {"_index":"sim","_id":"1267150"}}
	{"id":1267150,"type":"sell","buyer":"solovey6o2","seller":"cryptoninjaz","symbol":"SIM","quantity":"25793.553","price":"0.00087001","timestamp":1627488981,"volume":"22.44064905","buyTxId":"99c7a0a0f0f5eec3a05a6abde06f7b06b5e50420","sellTxId":"1dd332c9976e52e00379b553cbdc3d09559d7f6d"}
{"index": {"_index":"sim","_id":"1267164"}}
	{"id":1267164,"type":"sell","buyer":"solovey6o2","seller":"alicemudgarden","symbol":"SIM","quantity":"14199.529","price":"0.00087001","timestamp":1627489431,"volume":"12.35373223","buyTxId":"99c7a0a0f0f5eec3a05a6abde06f7b06b5e50420","sellTxId":"1ed36389295fdcc8d64b1053c273ff2f0410cdcb"}
{"index": {"_index":"sim","_id":"1267204"}}
	{"id":1267204,"type":"sell","buyer":"solovey6o2","seller":"konvik","symbol":"SIM","quantity":"103073.780","price":"0.00087001","timestamp":1627489830,"volume":"89.67521934","buyTxId":"99c7a0a0f0f5eec3a05a6abde06f7b06b5e50420","sellTxId":"7a999ca0dabf477f06e8cc44a5c40a631e107477-1"}
{"index": {"_index":"sim","_id":"1267278"}}
	{"id":1267278,"type":"sell","buyer":"solovey6o2","seller":"konvik","symbol":"SIM","quantity":"54771.581","price":"0.00087001","timestamp":1627490148,"volume":"47.65182319","buyTxId":"99c7a0a0f0f5eec3a05a6abde06f7b06b5e50420","sellTxId":"0efa70d8f1db287aeeeb09144b85060ab3acff90-1"}
{"index": {"_index":"sim","_id":"1267287"}}
	{"id":1267287,"type":"sell","buyer":"solovey6o2","seller":"konvik","symbol":"SIM","quantity":"54.280","price":"0.00087001","timestamp":1627490178,"volume":"0.04722414","buyTxId":"99c7a0a0f0f5eec3a05a6abde06f7b06b5e50420","sellTxId":"62fdf8660a35323540da82c7bb884196ad68ebfd-1"}
{"index": {"_index":"sim","_id":"1267288"}}
	{"id":1267288,"type":"sell","buyer":"solovey6o2","seller":"konvik","symbol":"SIM","quantity":"39981.967","price":"0.00087001","timestamp":1627490178,"volume":"34.78471111","buyTxId":"75739ce55c998fce05be458e3ae72d667735fced","sellTxId":"62fdf8660a35323540da82c7bb884196ad68ebfd-1"}
{"index": {"_index":"sim","_id":"1267294"}}
	{"id":1267294,"type":"sell","buyer":"solovey6o2","seller":"konvik","symbol":"SIM","quantity":"93.957","price":"0.00087001","timestamp":1627490232,"volume":"0.08174353","buyTxId":"75739ce55c998fce05be458e3ae72d667735fced","sellTxId":"7b090692e027b7960e1fc560cba579b766759872-1"}
{"index": {"_index":"sim","_id":"1267295"}}
	{"id":1267295,"type":"sell","buyer":"d-pend","seller":"konvik","symbol":"SIM","quantity":"44042.481","price":"0.00087000","timestamp":1627490232,"volume":"38.31695847","buyTxId":"13d0b02d941fbb49b6aae8b8dba10424ba0caf84","sellTxId":"7b090692e027b7960e1fc560cba579b766759872-1"}
{"index": {"_index":"sim","_id":"1267321"}}
	{"id":1267321,"type":"buy","buyer":"gerber","seller":"solovey6o2","symbol":"SIM","quantity":"237968.646","price":"0.00089999","timestamp":1627490379,"volume":"214.16940171","buyTxId":"63017c201a7d83189b0fbf952121c0cf6f0e3f3e","sellTxId":"c12ef86f04b3f543cfbd28c00b8ce4e6132d7c25"}
{"index": {"_index":"sim","_id":"1267322"}}
	{"id":1267322,"type":"buy","buyer":"gerber","seller":"dcityfund","symbol":"SIM","quantity":"5586.922","price":"0.00090000","timestamp":1627490379,"volume":"5.02822980","buyTxId":"63017c201a7d83189b0fbf952121c0cf6f0e3f3e","sellTxId":"28bbc3c58e673325a7f4dc14e12320ab936c3b30"}
{"index": {"_index":"sim","_id":"1267323"}}
	{"id":1267323,"type":"buy","buyer":"gerber","seller":"dcityfund","symbol":"SIM","quantity":"6729.835","price":"0.00090000","timestamp":1627490379,"volume":"6.05685150","buyTxId":"63017c201a7d83189b0fbf952121c0cf6f0e3f3e","sellTxId":"2fbf6a611dd74ed5208a606a3f3e5d61e31dc315"}
{"index": {"_index":"sim","_id":"1267324"}}
	{"id":1267324,"type":"buy","buyer":"gerber","seller":"dcityfund","symbol":"SIM","quantity":"6733.514","price":"0.00090000","timestamp":1627490379,"volume":"6.06016260","buyTxId":"63017c201a7d83189b0fbf952121c0cf6f0e3f3e","sellTxId":"5042a369910324956f85b732968a54312347e4d7"}
{"index": {"_index":"sim","_id":"1267325"}}
	{"id":1267325,"type":"buy","buyer":"gerber","seller":"dcityfund","symbol":"SIM","quantity":"6631.275","price":"0.00090000","timestamp":1627490379,"volume":"5.96814750","buyTxId":"63017c201a7d83189b0fbf952121c0cf6f0e3f3e","sellTxId":"961e6a78c5108f7d1785553c49d70156944c2be7"}
{"index": {"_index":"sim","_id":"1267326"}}
	{"id":1267326,"type":"buy","buyer":"gerber","seller":"dcityfund","symbol":"SIM","quantity":"6633.377","price":"0.00090000","timestamp":1627490379,"volume":"5.97003930","buyTxId":"63017c201a7d83189b0fbf952121c0cf6f0e3f3e","sellTxId":"7500dd56675e90479e4edc0380f152d0daefd60c"}
{"index": {"_index":"sim","_id":"1267327"}}
	{"id":1267327,"type":"buy","buyer":"gerber","seller":"dcityfund","symbol":"SIM","quantity":"6529.769","price":"0.00090000","timestamp":1627490379,"volume":"5.87679210","buyTxId":"63017c201a7d83189b0fbf952121c0cf6f0e3f3e","sellTxId":"5b287e0765cedeaaba1dcec74e22d4b83c189970"}
{"index": {"_index":"sim","_id":"1267328"}}
	{"id":1267328,"type":"buy","buyer":"gerber","seller":"dcityfund","symbol":"SIM","quantity":"6523.421","price":"0.00090000","timestamp":1627490379,"volume":"5.87107890","buyTxId":"63017c201a7d83189b0fbf952121c0cf6f0e3f3e","sellTxId":"1967f85103817334ee9b9b3b299f216b40c90655"}
{"index": {"_index":"sim","_id":"1267329"}}
	{"id":1267329,"type":"buy","buyer":"gerber","seller":"dcityfund","symbol":"SIM","quantity":"6418.600","price":"0.00090000","timestamp":1627490379,"volume":"5.77674000","buyTxId":"63017c201a7d83189b0fbf952121c0cf6f0e3f3e","sellTxId":"3d00bc53475cc4b91a6fef65875186a72ad127b4"}
{"index": {"_index":"sim","_id":"1267330"}}
	{"id":1267330,"type":"buy","buyer":"gerber","seller":"dcityfund","symbol":"SIM","quantity":"6407.733","price":"0.00090000","timestamp":1627490379,"volume":"5.76695970","buyTxId":"63017c201a7d83189b0fbf952121c0cf6f0e3f3e","sellTxId":"18ef5932d764199d636792de8d2351ebb025ab22"}
{"index": {"_index":"sim","_id":"1267331"}}
	{"id":1267331,"type":"buy","buyer":"gerber","seller":"dcityfund","symbol":"SIM","quantity":"6302.252","price":"0.00090000","timestamp":1627490379,"volume":"5.67202680","buyTxId":"63017c201a7d83189b0fbf952121c0cf6f0e3f3e","sellTxId":"58089e9bb00168242fdf2489a200ea392eef7e23"}
{"index": {"_index":"sim","_id":"1267332"}}
	{"id":1267332,"type":"buy","buyer":"gerber","seller":"dcityfund","symbol":"SIM","quantity":"6198.259","price":"0.00090000","timestamp":1627490379,"volume":"5.57843310","buyTxId":"63017c201a7d83189b0fbf952121c0cf6f0e3f3e","sellTxId":"eecb233354473ae904942f21ca281ec96cbec5bf"}
{"index": {"_index":"sim","_id":"1267333"}}
	{"id":1267333,"type":"buy","buyer":"gerber","seller":"dcityfund","symbol":"SIM","quantity":"6095.880","price":"0.00090000","timestamp":1627490379,"volume":"5.48629200","buyTxId":"63017c201a7d83189b0fbf952121c0cf6f0e3f3e","sellTxId":"05cbfcca8de2c6470a78526673864f9ee0b41971"}
{"index": {"_index":"sim","_id":"1267334"}}
	{"id":1267334,"type":"buy","buyer":"gerber","seller":"dcityfund","symbol":"SIM","quantity":"5994.953","price":"0.00090000","timestamp":1627490379,"volume":"5.39545770","buyTxId":"63017c201a7d83189b0fbf952121c0cf6f0e3f3e","sellTxId":"dd545554657e01e89bcdd489612a0773b8200b9f"}
{"index": {"_index":"sim","_id":"1267335"}}
	{"id":1267335,"type":"buy","buyer":"gerber","seller":"dcityfund","symbol":"SIM","quantity":"5895.604","price":"0.00090000","timestamp":1627490379,"volume":"5.30604360","buyTxId":"63017c201a7d83189b0fbf952121c0cf6f0e3f3e","sellTxId":"5e9fa2393caf33085b600ba09d8f49ebe1b41990"}
{"index": {"_index":"sim","_id":"1267336"}}
	{"id":1267336,"type":"buy","buyer":"gerber","seller":"dcityfund","symbol":"SIM","quantity":"5797.672","price":"0.00090000","timestamp":1627490379,"volume":"5.21790480","buyTxId":"63017c201a7d83189b0fbf952121c0cf6f0e3f3e","sellTxId":"a01f8cfc69032ae46c10b7df17dfdd37505a896f"}
{"index": {"_index":"sim","_id":"1267337"}}
	{"id":1267337,"type":"buy","buyer":"gerber","seller":"dcityfund","symbol":"SIM","quantity":"888.265","price":"0.00090000","timestamp":1627490379,"volume":"0.79943889","buyTxId":"63017c201a7d83189b0fbf952121c0cf6f0e3f3e","sellTxId":"9160f5ac8779d0ef7f9a967e422420f272cfb1fe"}
{"index": {"_index":"sim","_id":"1267360"}}
	{"id":1267360,"type":"sell","buyer":"solovey6o2","seller":"konvik","symbol":"SIM","quantity":"116525.595","price":"0.00087001","timestamp":1627490478,"volume":"101.37843291","buyTxId":"68caa6d78039c6ca1000428a64c9546ac9df4034","sellTxId":"5b5b239b04b42e70269dae505a703cbd293ca636-1"}
{"index": {"_index":"sim","_id":"1267363"}}
	{"id":1267363,"type":"sell","buyer":"solovey6o2","seller":"konvik","symbol":"SIM","quantity":"115.483","price":"0.00087001","timestamp":1627490499,"volume":"0.10047136","buyTxId":"68caa6d78039c6ca1000428a64c9546ac9df4034","sellTxId":"21732622bc76b7c7caee6f5efe22afa492263aef-1"}
{"index": {"_index":"sim","_id":"1267364"}}
	{"id":1267364,"type":"sell","buyer":"solovey6o2","seller":"konvik","symbol":"SIM","quantity":"54711.743","price":"0.00087001","timestamp":1627490499,"volume":"47.59976353","buyTxId":"b3436bb403281f7fd6c57bcc7540d6bd9a71fc7d","sellTxId":"21732622bc76b7c7caee6f5efe22afa492263aef-1"}
{"index": {"_index":"sim","_id":"1267413"}}
	{"id":1267413,"type":"sell","buyer":"solovey6o2","seller":"lightcaptured","symbol":"SIM","quantity":"4715.700","price":"0.00087001","timestamp":1627490976,"volume":"4.10270616","buyTxId":"b3436bb403281f7fd6c57bcc7540d6bd9a71fc7d","sellTxId":"62e1629be65c091dc4b766ba8067c8b993b3a952"}
{"index": {"_index":"sim","_id":"1267415"}}
	{"id":1267415,"type":"buy","buyer":"konvik","seller":"nftmart.fees","symbol":"SIM","quantity":"21.000","price":"0.00089998","timestamp":1627490985,"volume":"0.01889958","buyTxId":"e44c7a5ee8067088de547cba64a6ee39293ce6ef-0","sellTxId":"6772c2a765377424f4212699530c28d6af22c15f-0"}
{"index": {"_index":"sim","_id":"1267416"}}
	{"id":1267416,"type":"buy","buyer":"konvik","seller":"solovey6o2","symbol":"SIM","quantity":"57142.341","price":"0.00089999","timestamp":1627490985,"volume":"51.42753548","buyTxId":"e44c7a5ee8067088de547cba64a6ee39293ce6ef-0","sellTxId":"32381b793a5cb64bbe3b56bee9cadf58d4e39fff"}
{"index": {"_index":"sim","_id":"1267428"}}
	{"id":1267428,"type":"buy","buyer":"eythorphoto","seller":"solovey6o2","symbol":"SIM","quantity":"2544.844","price":"0.00089999","timestamp":1627491138,"volume":"2.29033415","buyTxId":"98d3d5094068446af654e20c81e3394bb1b761cd","sellTxId":"66937eb2d9f7bdd5b0607dbc0507de0f4f9728f1"}
{"index": {"_index":"sim","_id":"1267476"}}
	{"id":1267476,"type":"sell","buyer":"solovey6o2","seller":"flaxz","symbol":"SIM","quantity":"4.911","price":"0.00087001","timestamp":1627491636,"volume":"0.00427262","buyTxId":"b3436bb403281f7fd6c57bcc7540d6bd9a71fc7d","sellTxId":"5e0a7d28439c0d2e063ae1289b0ca5da5a373422"}
{"index": {"_index":"sim","_id":"1267588"}}
	{"id":1267588,"type":"sell","buyer":"solovey6o2","seller":"cosmictriage","symbol":"SIM","quantity":"24.712","price":"0.00087001","timestamp":1627492617,"volume":"0.02149969","buyTxId":"b3436bb403281f7fd6c57bcc7540d6bd9a71fc7d","sellTxId":"80c44cf85c970dfff88782e94e3a0ad9e35387ca"}
{"index": {"_index":"sim","_id":"1267631"}}
	{"id":1267631,"type":"sell","buyer":"solovey6o2","seller":"dera123","symbol":"SIM","quantity":"13261.406","price":"0.00087001","timestamp":1627493133,"volume":"11.53755583","buyTxId":"b3436bb403281f7fd6c57bcc7540d6bd9a71fc7d","sellTxId":"9f9ff72d5a59c0565e3ed7312bca5b2fce0c57f8"}
{"index": {"_index":"sim","_id":"1267831"}}
	{"id":1267831,"type":"sell","buyer":"solovey6o2","seller":"willsaldeno","symbol":"SIM","quantity":"722.000","price":"0.00087001","timestamp":1627495167,"volume":"0.62814722","buyTxId":"b3436bb403281f7fd6c57bcc7540d6bd9a71fc7d","sellTxId":"cc606ea222ef36885f8544d44de0dcc1ec300018"}
{"index": {"_index":"sim","_id":"1267900"}}
	{"id":1267900,"type":"sell","buyer":"solovey6o2","seller":"looftee","symbol":"SIM","quantity":"9845.649","price":"0.00087001","timestamp":1627495863,"volume":"8.56581308","buyTxId":"b3436bb403281f7fd6c57bcc7540d6bd9a71fc7d","sellTxId":"aef74dfae86667f5f0a04e68d5f0e768a2fc196b"}
{"index": {"_index":"sim","_id":"1267901"}}
	{"id":1267901,"type":"sell","buyer":"solovey6o2","seller":"looftee","symbol":"SIM","quantity":"21944.601","price":"0.00087001","timestamp":1627495863,"volume":"19.09202232","buyTxId":"1fe5f2f3a826ad5ba590c0ca025d8f0eaa67c48d","sellTxId":"aef74dfae86667f5f0a04e68d5f0e768a2fc196b"}
{"index": {"_index":"sim","_id":"1267970"}}
	{"id":1267970,"type":"sell","buyer":"solovey6o2","seller":"looftee","symbol":"SIM","quantity":"6269.000","price":"0.00087001","timestamp":1627496682,"volume":"5.45409269","buyTxId":"1fe5f2f3a826ad5ba590c0ca025d8f0eaa67c48d","sellTxId":"0214f19ffdaf47670949182347f7f5381ac81091"}
{"index": {"_index":"sim","_id":"1267977"}}
	{"id":1267977,"type":"sell","buyer":"solovey6o2","seller":"monsterjamgold","symbol":"SIM","quantity":"702.000","price":"0.00087001","timestamp":1627496739,"volume":"0.61074702","buyTxId":"1fe5f2f3a826ad5ba590c0ca025d8f0eaa67c48d","sellTxId":"64a5b68b9cc782aace4ef3d14578e6e66ff108c1"}
{"index": {"_index":"sim","_id":"1267978"}}
	{"id":1267978,"type":"sell","buyer":"solovey6o2","seller":"empoderat","symbol":"SIM","quantity":"17955","price":"0.00087001","timestamp":1627496781,"volume":"15.62102955","buyTxId":"1fe5f2f3a826ad5ba590c0ca025d8f0eaa67c48d","sellTxId":"8f998fdf7641b58dfab1d3c0c0d94815e0b3189b"}
{"index": {"_index":"sim","_id":"1267981"}}
	{"id":1267981,"type":"buy","buyer":"sembrandounpais","seller":"solovey6o2","symbol":"SIM","quantity":"1000.000","price":"0.00089999","timestamp":1627496895,"volume":"0.89999000","buyTxId":"58e57e51a3fe9e906df78af68671d82decd4e87d","sellTxId":"528a7823fc0086cd6b327878fcfd614011c8788b"}
{"index": {"_index":"sim","_id":"1267994"}}
	{"id":1267994,"type":"sell","buyer":"solovey6o2","seller":"jackdoe","symbol":"SIM","quantity":"95.950","price":"0.00087001","timestamp":1627497135,"volume":"0.08347746","buyTxId":"1fe5f2f3a826ad5ba590c0ca025d8f0eaa67c48d","sellTxId":"d977069f28e5e56d28bcf36913060d00a1411053"}
{"index": {"_index":"sim","_id":"1267999"}}
	{"id":1267999,"type":"sell","buyer":"solovey6o2","seller":"jackdoe","symbol":"SIM","quantity":"95.950","price":"0.00087001","timestamp":1627497321,"volume":"0.08347746","buyTxId":"1fe5f2f3a826ad5ba590c0ca025d8f0eaa67c48d","sellTxId":"3b06f708100f502399014b83a0c179c0de61ffae"}
{"index": {"_index":"sim","_id":"1268061"}}
	{"id":1268061,"type":"sell","buyer":"solovey6o2","seller":"dhedge-drips","symbol":"SIM","quantity":"0.005","price":"0.00087001","timestamp":1627497924,"volume":"0.00000435","buyTxId":"1fe5f2f3a826ad5ba590c0ca025d8f0eaa67c48d","sellTxId":"33f2e9764b738854637ed5a8218a546ffbb938db"}
{"index": {"_index":"sim","_id":"1268096"}}
	{"id":1268096,"type":"sell","buyer":"solovey6o2","seller":"jackdoe","symbol":"SIM","quantity":"104.500","price":"0.00087001","timestamp":1627498251,"volume":"0.09091604","buyTxId":"1fe5f2f3a826ad5ba590c0ca025d8f0eaa67c48d","sellTxId":"ad439b74b79aaeb37a57d5ee12aaddbe68c075c0"}
{"index": {"_index":"sim","_id":"1268097"}}
	{"id":1268097,"type":"sell","buyer":"solovey6o2","seller":"jackdoe","symbol":"SIM","quantity":"5895.255","price":"0.00087001","timestamp":1627498251,"volume":"5.12893080","buyTxId":"9744e02148bdd217097b6b0563796e1e5363238c","sellTxId":"ad439b74b79aaeb37a57d5ee12aaddbe68c075c0"}
{"index": {"_index":"sim","_id":"1268098"}}
	{"id":1268098,"type":"sell","buyer":"solovey6o2","seller":"jackdoe","symbol":"SIM","quantity":"50334.295","price":"0.00087001","timestamp":1627498251,"volume":"43.79133999","buyTxId":"44450ce7f60014de5964d8cf8800cc8fb8f989fc","sellTxId":"ad439b74b79aaeb37a57d5ee12aaddbe68c075c0"}
{"index": {"_index":"sim","_id":"1268110"}}
	{"id":1268110,"type":"sell","buyer":"solovey6o2","seller":"looftee","symbol":"SIM","quantity":"3806.000","price":"0.00087001","timestamp":1627498611,"volume":"3.31125806","buyTxId":"44450ce7f60014de5964d8cf8800cc8fb8f989fc","sellTxId":"6fde6e1ce67ecc3d11ebb645e976b7bf8fd5219b"}
{"index": {"_index":"sim","_id":"1268113"}}
	{"id":1268113,"type":"sell","buyer":"solovey6o2","seller":"steemstreems","symbol":"SIM","quantity":"4155.051","price":"0.00087001","timestamp":1627498659,"volume":"3.61493592","buyTxId":"44450ce7f60014de5964d8cf8800cc8fb8f989fc","sellTxId":"c8c645669297b0aa830d5ca84d5536a3c1df93d8"}
{"index": {"_index":"sim","_id":"1268116"}}
	{"id":1268116,"type":"sell","buyer":"solovey6o2","seller":"empoderat","symbol":"SIM","quantity":"1200","price":"0.00087001","timestamp":1627498713,"volume":"1.04401200","buyTxId":"44450ce7f60014de5964d8cf8800cc8fb8f989fc","sellTxId":"6f2998cf802d50034101a9af3cbbc1984f5db179"}
{"index": {"_index":"sim","_id":"1268377"}}
	{"id":1268377,"type":"sell","buyer":"solovey6o2","seller":"half-fast","symbol":"SIM","quantity":"8422.353","price":"0.00087001","timestamp":1627501296,"volume":"7.32753133","buyTxId":"44450ce7f60014de5964d8cf8800cc8fb8f989fc","sellTxId":"5ca2f0bcb53e206a70855660b2bc75f958fd9e91"}
{"index": {"_index":"sim","_id":"1268389"}}
	{"id":1268389,"type":"buy","buyer":"fitcoin","seller":"dhedge-drips","symbol":"SIM","quantity":"0.005","price":"0.00089998","timestamp":1627501503,"volume":"0.00000450","buyTxId":"93e656b339679d00a17a685f9bd7287f8e359b44","sellTxId":"c16220f65aef3e60c5d91f8471c849b414b5158b"}
{"index": {"_index":"sim","_id":"1268390"}}
	{"id":1268390,"type":"buy","buyer":"fitcoin","seller":"dcityfund","symbol":"SIM","quantity":"3607.995","price":"0.00090000","timestamp":1627501503,"volume":"3.24719550","buyTxId":"93e656b339679d00a17a685f9bd7287f8e359b44","sellTxId":"9160f5ac8779d0ef7f9a967e422420f272cfb1fe"}
{"index": {"_index":"sim","_id":"1268400"}}
	{"id":1268400,"type":"buy","buyer":"hatoto","seller":"solovey6o2","symbol":"SIM","quantity":"48000.000","price":"0.00089999","timestamp":1627501695,"volume":"43.19952000","buyTxId":"f03b0cdf2bb4474b09124e291460153bff086516","sellTxId":"08bc241a31df94aae1d540acdfb48140265518ed"}
{"index": {"_index":"sim","_id":"1268503"}}
	{"id":1268503,"type":"sell","buyer":"solovey6o2","seller":"mawit07","symbol":"SIM","quantity":"8863.344","price":"0.00087001","timestamp":1627502841,"volume":"7.71119791","buyTxId":"44450ce7f60014de5964d8cf8800cc8fb8f989fc","sellTxId":"301c42d6f00d3993f17f9fe6e49e25171cfedd19"}
{"index": {"_index":"sim","_id":"1268523"}}
	{"id":1268523,"type":"sell","buyer":"solovey6o2","seller":"captaincryptic","symbol":"SIM","quantity":"1616.241","price":"0.00087001","timestamp":1627503114,"volume":"1.40614583","buyTxId":"44450ce7f60014de5964d8cf8800cc8fb8f989fc","sellTxId":"7ac22245e5597b8d55d6361b168f639bb1dee9a9"}
{"index": {"_index":"sim","_id":"1268548"}}
	{"id":1268548,"type":"sell","buyer":"solovey6o2","seller":"artistparthoroy","symbol":"SIM","quantity":"2311.000","price":"0.00087001","timestamp":1627503501,"volume":"2.01059311","buyTxId":"44450ce7f60014de5964d8cf8800cc8fb8f989fc","sellTxId":"4494101ce76494acd6a534c5eb9f87eb99d5cb99"}
{"index": {"_index":"sim","_id":"1268565"}}
	{"id":1268565,"type":"buy","buyer":"eythorphoto","seller":"nftmart.fees","symbol":"SIM","quantity":"18.000","price":"0.00089999","timestamp":1627503768,"volume":"0.01619982","buyTxId":"e3d0444542b94aa46cce46b0c7d43e4152ed68e8","sellTxId":"bd508a2298d65ed413bc192b33047421b3807e61-0"}
{"index": {"_index":"sim","_id":"1268566"}}
	{"id":1268566,"type":"buy","buyer":"eythorphoto","seller":"solovey6o2","symbol":"SIM","quantity":"7982.000","price":"0.00089999","timestamp":1627503768,"volume":"7.18372018","buyTxId":"e3d0444542b94aa46cce46b0c7d43e4152ed68e8","sellTxId":"8e042d3859699512668293d9854c80fdac5949a9"}
{"index": {"_index":"sim","_id":"1268615"}}
	{"id":1268615,"type":"sell","buyer":"methus-alt","seller":"eythorphoto","symbol":"SIM","quantity":"1150.000","price":"0.00087002","timestamp":1627504284,"volume":"1.00052300","buyTxId":"0e9e6b138dbe85204c9fda2eecca4dff5f8b7284","sellTxId":"a8c6a321676bf58d5e05f48d0fff6301b119ba60"}
{"index": {"_index":"sim","_id":"1268631"}}
	{"id":1268631,"type":"sell","buyer":"methus-alt","seller":"logicforce","symbol":"SIM","quantity":"10000.000","price":"0.00087002","timestamp":1627504497,"volume":"8.70020000","buyTxId":"0e9e6b138dbe85204c9fda2eecca4dff5f8b7284","sellTxId":"d0c82be05215336102b194e57404dc596f598e4e"}
{"index": {"_index":"sim","_id":"1268651"}}
	{"id":1268651,"type":"sell","buyer":"methus-alt","seller":"logicforce","symbol":"SIM","quantity":"10000.000","price":"0.00087002","timestamp":1627504755,"volume":"8.70020000","buyTxId":"0e9e6b138dbe85204c9fda2eecca4dff5f8b7284","sellTxId":"7cebed834470d15e7c7402e72e76f6a843e4dd52"}
{"index": {"_index":"sim","_id":"1268664"}}
	{"id":1268664,"type":"sell","buyer":"methus-alt","seller":"eythorphoto","symbol":"SIM","quantity":"6900.000","price":"0.00087002","timestamp":1627504902,"volume":"6.00313800","buyTxId":"0e9e6b138dbe85204c9fda2eecca4dff5f8b7284","sellTxId":"ed266e225ecfd408a7a2a495bc5a58f8a0dfcb74"}
{"index": {"_index":"sim","_id":"1268701"}}
	{"id":1268701,"type":"sell","buyer":"methus-alt","seller":"brofi-market","symbol":"SIM","quantity":"390.313","price":"0.00087002","timestamp":1627505286,"volume":"0.33958012","buyTxId":"0e9e6b138dbe85204c9fda2eecca4dff5f8b7284","sellTxId":"59030d9d42607e9bae5622e8f338e6fdebe9f143"}
{"index": {"_index":"sim","_id":"1268737"}}
	{"id":1268737,"type":"sell","buyer":"methus-alt","seller":"deathwing","symbol":"SIM","quantity":"638","price":"0.00087002","timestamp":1627505706,"volume":"0.55507276","buyTxId":"0e9e6b138dbe85204c9fda2eecca4dff5f8b7284","sellTxId":"53dd2e839efa91cda5fa578a7df73d36ca42785d-0"}
{"index": {"_index":"sim","_id":"1268746"}}
	{"id":1268746,"type":"sell","buyer":"methus-alt","seller":"jrcornel","symbol":"SIM","quantity":"41471.000","price":"0.00087002","timestamp":1627505817,"volume":"36.08059942","buyTxId":"0e9e6b138dbe85204c9fda2eecca4dff5f8b7284","sellTxId":"c5ab679f1211e828dfb8d9bef26a0ec4e551e266"}
{"index": {"_index":"sim","_id":"1268838"}}
	{"id":1268838,"type":"sell","buyer":"methus-alt","seller":"m2nnari","symbol":"SIM","quantity":"2153.000","price":"0.00087002","timestamp":1627506852,"volume":"1.87315306","buyTxId":"0e9e6b138dbe85204c9fda2eecca4dff5f8b7284","sellTxId":"e83568b4d7a507d331b82cda037620af75f21cfa"}
{"index": {"_index":"sim","_id":"1268866"}}
	{"id":1268866,"type":"sell","buyer":"solovey6o2","seller":"quantumg","symbol":"SIM","quantity":"214.800","price":"0.00087003","timestamp":1627507209,"volume":"0.18688244","buyTxId":"3917f459c3c9b5267a0cc9a80ca253d75ed0a1e4","sellTxId":"dc374e636177fa8983a3111ff269f3509a6cc3a6"}
{"index": {"_index":"sim","_id":"1268882"}}
	{"id":1268882,"type":"sell","buyer":"solovey6o2","seller":"willsaldeno","symbol":"SIM","quantity":"2025.000","price":"0.00087003","timestamp":1627507455,"volume":"1.76181075","buyTxId":"3917f459c3c9b5267a0cc9a80ca253d75ed0a1e4","sellTxId":"dfc9a0b5a1a95a9b3d15c3ecf7b86a26f7d30822"}
{"index": {"_index":"sim","_id":"1268954"}}
	{"id":1268954,"type":"sell","buyer":"solovey6o2","seller":"pinkfloyd878","symbol":"SIM","quantity":"10000.000","price":"0.00087003","timestamp":1627508721,"volume":"8.70030000","buyTxId":"3917f459c3c9b5267a0cc9a80ca253d75ed0a1e4","sellTxId":"505b6c5194809c86058003b7a5e1ab254c4635cb"}
{"index": {"_index":"sim","_id":"1269051"}}
	{"id":1269051,"type":"sell","buyer":"eythorphoto","seller":"konvik","symbol":"SIM","quantity":"6808.253","price":"0.00089994","timestamp":1627509732,"volume":"6.12701920","buyTxId":"6392ccb030303dd6333ba64c8fe28df34dd596c9","sellTxId":"ddd1b31a279ae99122d4f7de3a130ecb5d0df1e3-1"}
{"index": {"_index":"sim","_id":"1269052"}}
	{"id":1269052,"type":"sell","buyer":"eythorphoto","seller":"solovey6o2","symbol":"SIM","quantity":"6.747","price":"0.00089994","timestamp":1627509750,"volume":"0.00607190","buyTxId":"6392ccb030303dd6333ba64c8fe28df34dd596c9","sellTxId":"5c71b67306763cb7384a273beb49028f7465ea4c"}
{"index": {"_index":"sim","_id":"1269053"}}
	{"id":1269053,"type":"sell","buyer":"solovey6o2","seller":"balte","symbol":"SIM","quantity":"13000.000","price":"0.00087003","timestamp":1627509789,"volume":"11.31039000","buyTxId":"3917f459c3c9b5267a0cc9a80ca253d75ed0a1e4","sellTxId":"07ea733eb4e55abe99505b5a0cf837dffa2c54e8"}
{"index": {"_index":"sim","_id":"1269076"}}
	{"id":1269076,"type":"sell","buyer":"solovey6o2","seller":"darmst5339","symbol":"SIM","quantity":"3.651","price":"0.00087003","timestamp":1627510026,"volume":"0.00317648","buyTxId":"3917f459c3c9b5267a0cc9a80ca253d75ed0a1e4","sellTxId":"65d452ab74b9a374e66e98fa7e36212ed2bddd8d"}
{"index": {"_index":"sim","_id":"1269188"}}
	{"id":1269188,"type":"sell","buyer":"mmrx","seller":"bigram13","symbol":"SIM","quantity":"3751.043","price":"0.00087004","timestamp":1627511616,"volume":"3.26355745","buyTxId":"MM-P-9067485-56048612-3-40-0","sellTxId":"978fa7ec67429aeaaeda5f932c6b77e98419caf5"}
{"index": {"_index":"sim","_id":"1269189"}}
	{"id":1269189,"type":"sell","buyer":"solovey6o2","seller":"bigram13","symbol":"SIM","quantity":"22248.957","price":"0.00087003","timestamp":1627511616,"volume":"19.35726006","buyTxId":"3917f459c3c9b5267a0cc9a80ca253d75ed0a1e4","sellTxId":"978fa7ec67429aeaaeda5f932c6b77e98419caf5"}
{"index": {"_index":"sim","_id":"1269340"}}
	{"id":1269340,"type":"sell","buyer":"solovey6o2","seller":"news-today","symbol":"SIM","quantity":"39600.000","price":"0.00087003","timestamp":1627513569,"volume":"34.45318800","buyTxId":"3917f459c3c9b5267a0cc9a80ca253d75ed0a1e4","sellTxId":"90f895857d212371e1314add8825fcd74287c90c"}
{"index": {"_index":"sim","_id":"1269341"}}
	{"id":1269341,"type":"buy","buyer":"automaton","seller":"mmrx","symbol":"SIM","quantity":"2000.000","price":"0.00089993","timestamp":1627513632,"volume":"1.79986000","buyTxId":"be42bde692a0cee10a1610fc034dd1b43c136036","sellTxId":"MM-P-9068575-56049706-3-40-0"}
{"index": {"_index":"sim","_id":"1269359"}}
	{"id":1269359,"type":"buy","buyer":"eythorphoto","seller":"mmrx","symbol":"SIM","quantity":"1751.043","price":"0.00089993","timestamp":1627514010,"volume":"1.57581613","buyTxId":"5e7ce8fa800730d8827e3364e0cdafad29c66457","sellTxId":"MM-P-9068575-56049706-3-40-0"}
{"index": {"_index":"sim","_id":"1269360"}}
	{"id":1269360,"type":"buy","buyer":"eythorphoto","seller":"nftmart.fees","symbol":"SIM","quantity":"20.000","price":"0.00089994","timestamp":1627514010,"volume":"0.01799880","buyTxId":"5e7ce8fa800730d8827e3364e0cdafad29c66457","sellTxId":"690afa8c6a2b6b4853f04c0804fc8db12053941d-0"}
{"index": {"_index":"sim","_id":"1269361"}}
	{"id":1269361,"type":"buy","buyer":"eythorphoto","seller":"brofi-market","symbol":"SIM","quantity":"390.313","price":"0.00089999","timestamp":1627514010,"volume":"0.35127780","buyTxId":"5e7ce8fa800730d8827e3364e0cdafad29c66457","sellTxId":"aeca2331f4a723f77c9d36358e3b34c770972836"}
{"index": {"_index":"sim","_id":"1269362"}}
	{"id":1269362,"type":"buy","buyer":"eythorphoto","seller":"dcityfund","symbol":"SIM","quantity":"1205.019","price":"0.00090000","timestamp":1627514010,"volume":"1.08451710","buyTxId":"5e7ce8fa800730d8827e3364e0cdafad29c66457","sellTxId":"9160f5ac8779d0ef7f9a967e422420f272cfb1fe"}
{"index": {"_index":"sim","_id":"1269363"}}
	{"id":1269363,"type":"buy","buyer":"eythorphoto","seller":"dcityfund","symbol":"SIM","quantity":"5606.399","price":"0.00090000","timestamp":1627514010,"volume":"5.04575910","buyTxId":"5e7ce8fa800730d8827e3364e0cdafad29c66457","sellTxId":"cc937d75fc1564ba0354c5cb0fcfeae40b272740"}
{"index": {"_index":"sim","_id":"1269364"}}
	{"id":1269364,"type":"buy","buyer":"eythorphoto","seller":"dcityfund","symbol":"SIM","quantity":"5327.226","price":"0.00090000","timestamp":1627514010,"volume":"4.79450340","buyTxId":"5e7ce8fa800730d8827e3364e0cdafad29c66457","sellTxId":"19d941b64839998cdff450201818e3a5132945c7"}
{"index": {"_index":"sim","_id":"1269385"}}
	{"id":1269385,"type":"buy","buyer":"eythorphoto","seller":"solovey6o2","symbol":"SIM","quantity":"35550.000","price":"0.00089999","timestamp":1627514265,"volume":"31.99464450","buyTxId":"e9cb61eccaf4865403ae95001a5c5e532c3281b8","sellTxId":"305641a58daeefac0e4d4dbbc62961f56202b3fd"}
{"index": {"_index":"sim","_id":"1269394"}}
	{"id":1269394,"type":"buy","buyer":"evernoticethat","seller":"dcityfund","symbol":"SIM","quantity":"185.660","price":"0.00090000","timestamp":1627514490,"volume":"0.16709400","buyTxId":"6e3268d4ebcb91d557340c7607c27b8849ebcfac","sellTxId":"19d941b64839998cdff450201818e3a5132945c7"}
{"index": {"_index":"sim","_id":"1269395"}}
	{"id":1269395,"type":"buy","buyer":"evernoticethat","seller":"dcityfund","symbol":"SIM","quantity":"814.340","price":"0.00090000","timestamp":1627514490,"volume":"0.73290600","buyTxId":"6e3268d4ebcb91d557340c7607c27b8849ebcfac","sellTxId":"842400e302176b2b923479c3f250602ef0fc3c83"}
{"index": {"_index":"sim","_id":"1269553"}}
	{"id":1269553,"type":"buy","buyer":"he-index","seller":"nftmart.fees","symbol":"SIM","quantity":"15.000","price":"0.00089998","timestamp":1627515891,"volume":"0.01349970","buyTxId":"c08ab3360bd03e0bd1fec0dd7854eef369fcbe65","sellTxId":"89af38d99e6bebcf44695a6567c326f527eb4533-0"}
{"index": {"_index":"sim","_id":"1269554"}}
	{"id":1269554,"type":"buy","buyer":"he-index","seller":"dcityfund","symbol":"SIM","quantity":"223.889","price":"0.00090000","timestamp":1627515891,"volume":"0.20150010","buyTxId":"c08ab3360bd03e0bd1fec0dd7854eef369fcbe65","sellTxId":"842400e302176b2b923479c3f250602ef0fc3c83"}
{"index": {"_index":"sim","_id":"1269567"}}
	{"id":1269567,"type":"sell","buyer":"mmrx","seller":"eldudu","symbol":"SIM","quantity":"59.02","price":"0.00087004","timestamp":1627516113,"volume":"0.05134976","buyTxId":"MM-P-9069173-56050304-3-40-0","sellTxId":"1319fb379f1a45e3c145a6fbbb2f3bdd55509b2d"}
{"index": {"_index":"sim","_id":"1269678"}}
	{"id":1269678,"type":"sell","buyer":"mmrx","seller":"brofi-market","symbol":"SIM","quantity":"0.001","price":"0.00087004","timestamp":1627517607,"volume":"0.00000087","buyTxId":"MM-P-9069173-56050304-3-40-0","sellTxId":"8029c35161ce19426a76a5601b72fc5899c04298"}
{"index": {"_index":"sim","_id":"1269770"}}
	{"id":1269770,"type":"sell","buyer":"mmrx","seller":"lisamgentile1961","symbol":"SIM","quantity":"73.233","price":"0.00087005","timestamp":1627518675,"volume":"0.06371637","buyTxId":"MM-P-9070269-56051402-3-40-0","sellTxId":"6ce7c373a9a401e6d3d0a3fa2f6d46d878a9ade5"}
{"index": {"_index":"sim","_id":"1269833"}}
	{"id":1269833,"type":"sell","buyer":"mmrx","seller":"dhedge-drips","symbol":"SIM","quantity":"2.268","price":"0.00087005","timestamp":1627519527,"volume":"0.00197327","buyTxId":"MM-P-9070269-56051402-3-40-0","sellTxId":"d4639f2caae1724281a96fcbbd8b4d312b0fbdc2"}
{"index": {"_index":"sim","_id":"1269944"}}
	{"id":1269944,"type":"buy","buyer":"cryptobandito01","seller":"mmrx","symbol":"SIM","quantity":"134.522","price":"0.00089988","timestamp":1627520973,"volume":"0.12105366","buyTxId":"1686abe2ca43ad455a64e8309caaab8cc9f4dde5","sellTxId":"MM-P-9071068-56052201-3-40-0"}
{"index": {"_index":"sim","_id":"1269945"}}
	{"id":1269945,"type":"buy","buyer":"cryptobandito01","seller":"nftmart.fees","symbol":"SIM","quantity":"15.000","price":"0.00089989","timestamp":1627520973,"volume":"0.01349835","buyTxId":"1686abe2ca43ad455a64e8309caaab8cc9f4dde5","sellTxId":"ce4ef4549b113950b4071a8cd16c4c2ee7cc0283-0"}
{"index": {"_index":"sim","_id":"1269946"}}
	{"id":1269946,"type":"buy","buyer":"cryptobandito01","seller":"dhedge-drips","symbol":"SIM","quantity":"2.268","price":"0.00089991","timestamp":1627520973,"volume":"0.00204100","buyTxId":"1686abe2ca43ad455a64e8309caaab8cc9f4dde5","sellTxId":"7dc6b6a3d5c8cd543a862791ae5244296ad270f9"}
{"index": {"_index":"sim","_id":"1269947"}}
	{"id":1269947,"type":"buy","buyer":"cryptobandito01","seller":"brofi-market","symbol":"SIM","quantity":"0.001","price":"0.00089996","timestamp":1627520973,"volume":"0.00000090","buyTxId":"1686abe2ca43ad455a64e8309caaab8cc9f4dde5","sellTxId":"1eae1f4012b44d0542f7f285b24a2ec51396fab9"}
{"index": {"_index":"sim","_id":"1269948"}}
	{"id":1269948,"type":"buy","buyer":"cryptobandito01","seller":"dcityfund","symbol":"SIM","quantity":"548.209","price":"0.00090000","timestamp":1627520973,"volume":"0.49338810","buyTxId":"1686abe2ca43ad455a64e8309caaab8cc9f4dde5","sellTxId":"842400e302176b2b923479c3f250602ef0fc3c83"}
{"index": {"_index":"sim","_id":"1269953"}}
	{"id":1269953,"type":"buy","buyer":"eythorphoto","seller":"dcityfund","symbol":"SIM","quantity":"3834.411","price":"0.00090000","timestamp":1627521090,"volume":"3.45096990","buyTxId":"571b205e41ee538fe7daba429dbbae91c751afd6","sellTxId":"842400e302176b2b923479c3f250602ef0fc3c83"}
{"index": {"_index":"sim","_id":"1269954"}}
	{"id":1269954,"type":"buy","buyer":"eythorphoto","seller":"dcityfund","symbol":"SIM","quantity":"5330.145","price":"0.00090000","timestamp":1627521090,"volume":"4.79713050","buyTxId":"571b205e41ee538fe7daba429dbbae91c751afd6","sellTxId":"e1ef63c8fcbeb74561e703b18a8a7e87f0ec0b1e"}
{"index": {"_index":"sim","_id":"1269955"}}
	{"id":1269955,"type":"buy","buyer":"eythorphoto","seller":"dcityfund","symbol":"SIM","quantity":"5240.881","price":"0.00090000","timestamp":1627521090,"volume":"4.71679290","buyTxId":"571b205e41ee538fe7daba429dbbae91c751afd6","sellTxId":"7da3e809366fdc9ebb896ea799ca65724f72a8be"}
{"index": {"_index":"sim","_id":"1269956"}}
	{"id":1269956,"type":"buy","buyer":"eythorphoto","seller":"dcityfund","symbol":"SIM","quantity":"5152.917","price":"0.00090000","timestamp":1627521090,"volume":"4.63762530","buyTxId":"571b205e41ee538fe7daba429dbbae91c751afd6","sellTxId":"4ca899c6e1385b81d2c396db7f81ec4862d4961f"}
{"index": {"_index":"sim","_id":"1269957"}}
	{"id":1269957,"type":"buy","buyer":"eythorphoto","seller":"dcityfund","symbol":"SIM","quantity":"5066.358","price":"0.00090000","timestamp":1627521090,"volume":"4.55972220","buyTxId":"571b205e41ee538fe7daba429dbbae91c751afd6","sellTxId":"00744182e3279cd632776dd419144ce1e2a3638c"}
{"index": {"_index":"sim","_id":"1269958"}}
	{"id":1269958,"type":"buy","buyer":"eythorphoto","seller":"dcityfund","symbol":"SIM","quantity":"4981.179","price":"0.00090000","timestamp":1627521090,"volume":"4.48306110","buyTxId":"571b205e41ee538fe7daba429dbbae91c751afd6","sellTxId":"9b7d60531b0819e596696c2fe0933bb2e0112f50"}
{"index": {"_index":"sim","_id":"1269959"}}
	{"id":1269959,"type":"buy","buyer":"eythorphoto","seller":"dcityfund","symbol":"SIM","quantity":"4897.252","price":"0.00090000","timestamp":1627521090,"volume":"4.40752680","buyTxId":"571b205e41ee538fe7daba429dbbae91c751afd6","sellTxId":"45d6d2cd329c637b5bd355e060ea92fb96ef6728"}
{"index": {"_index":"sim","_id":"1269960"}}
	{"id":1269960,"type":"buy","buyer":"eythorphoto","seller":"dcityfund","symbol":"SIM","quantity":"4814.719","price":"0.00090000","timestamp":1627521090,"volume":"4.33324710","buyTxId":"571b205e41ee538fe7daba429dbbae91c751afd6","sellTxId":"ed167021d0e399fd68c691646af1249b1a51019d"}
{"index": {"_index":"sim","_id":"1269961"}}
	{"id":1269961,"type":"buy","buyer":"eythorphoto","seller":"dcityfund","symbol":"SIM","quantity":"4733.463","price":"0.00090000","timestamp":1627521090,"volume":"4.26011670","buyTxId":"571b205e41ee538fe7daba429dbbae91c751afd6","sellTxId":"cc28810fd627bfe1f15f69ef368abfc9f2b5578e"}
{"index": {"_index":"sim","_id":"1269962"}}
	{"id":1269962,"type":"buy","buyer":"eythorphoto","seller":"dcityfund","symbol":"SIM","quantity":"4653.408","price":"0.00090000","timestamp":1627521090,"volume":"4.18806720","buyTxId":"571b205e41ee538fe7daba429dbbae91c751afd6","sellTxId":"a3eaf2882913c7c241bc3685bfd2e55055d7df00"}
{"index": {"_index":"sim","_id":"1269963"}}
	{"id":1269963,"type":"buy","buyer":"eythorphoto","seller":"dcityfund","symbol":"SIM","quantity":"4574.645","price":"0.00090000","timestamp":1627521090,"volume":"4.11718050","buyTxId":"571b205e41ee538fe7daba429dbbae91c751afd6","sellTxId":"95d31eda29f57d91eaf839598da049afd24bbc66"}
{"index": {"_index":"sim","_id":"1269964"}}
	{"id":1269964,"type":"buy","buyer":"eythorphoto","seller":"dcityfund","symbol":"SIM","quantity":"4497.154","price":"0.00090000","timestamp":1627521090,"volume":"4.04743860","buyTxId":"571b205e41ee538fe7daba429dbbae91c751afd6","sellTxId":"772104b592a33d890f1e19c561dd56917adc8fd8"}
{"index": {"_index":"sim","_id":"1269965"}}
	{"id":1269965,"type":"buy","buyer":"eythorphoto","seller":"dcityfund","symbol":"SIM","quantity":"4420.815","price":"0.00090000","timestamp":1627521090,"volume":"3.97873350","buyTxId":"571b205e41ee538fe7daba429dbbae91c751afd6","sellTxId":"0a1dc959561e13a299a2d879c50f4ae1a1f5099d"}
{"index": {"_index":"sim","_id":"1269966"}}
	{"id":1269966,"type":"buy","buyer":"eythorphoto","seller":"dcityfund","symbol":"SIM","quantity":"4345.716","price":"0.00090000","timestamp":1627521090,"volume":"3.91114440","buyTxId":"571b205e41ee538fe7daba429dbbae91c751afd6","sellTxId":"f458bbb2de990f433255aa2f634e3bc84beea52b"}
{"index": {"_index":"sim","_id":"1269967"}}
	{"id":1269967,"type":"buy","buyer":"eythorphoto","seller":"dcityfund","symbol":"SIM","quantity":"4271.739","price":"0.00090000","timestamp":1627521090,"volume":"3.84456510","buyTxId":"571b205e41ee538fe7daba429dbbae91c751afd6","sellTxId":"328dc3c495a8ef3841c1f2cfa40817d9efeb01e2"}
{"index": {"_index":"sim","_id":"1269968"}}
	{"id":1269968,"type":"buy","buyer":"eythorphoto","seller":"dcityfund","symbol":"SIM","quantity":"4199.064","price":"0.00090000","timestamp":1627521090,"volume":"3.77915760","buyTxId":"571b205e41ee538fe7daba429dbbae91c751afd6","sellTxId":"3601f848340a91b0003d9622ec9d01a785fdd93f"}
{"index": {"_index":"sim","_id":"1269969"}}
	{"id":1269969,"type":"buy","buyer":"eythorphoto","seller":"dcityfund","symbol":"SIM","quantity":"4127.385","price":"0.00090000","timestamp":1627521090,"volume":"3.71464650","buyTxId":"571b205e41ee538fe7daba429dbbae91c751afd6","sellTxId":"b4521c6c41c80c129d17845bf7c4fbaed8bf7e6e"}
{"index": {"_index":"sim","_id":"1269970"}}
	{"id":1269970,"type":"buy","buyer":"eythorphoto","seller":"dcityfund","symbol":"SIM","quantity":"4056.971","price":"0.00090000","timestamp":1627521090,"volume":"3.65127390","buyTxId":"571b205e41ee538fe7daba429dbbae91c751afd6","sellTxId":"5dcc07dfa04bcaf03112c54e585cba0bae097489"}
{"index": {"_index":"sim","_id":"1269971"}}
	{"id":1269971,"type":"buy","buyer":"eythorphoto","seller":"dcityfund","symbol":"SIM","quantity":"3987.617","price":"0.00090000","timestamp":1627521090,"volume":"3.58885530","buyTxId":"571b205e41ee538fe7daba429dbbae91c751afd6","sellTxId":"6ab3b261425e04c18418376f37804cf540335a13"}
{"index": {"_index":"sim","_id":"1269972"}}
	{"id":1269972,"type":"buy","buyer":"eythorphoto","seller":"dcityfund","symbol":"SIM","quantity":"3919.402","price":"0.00090000","timestamp":1627521090,"volume":"3.52746180","buyTxId":"571b205e41ee538fe7daba429dbbae91c751afd6","sellTxId":"bf3391041c53f89378d408ae553fea41636b8dd5"}
{"index": {"_index":"sim","_id":"1269973"}}
	{"id":1269973,"type":"buy","buyer":"eythorphoto","seller":"dcityfund","symbol":"SIM","quantity":"1104.759","price":"0.00090000","timestamp":1627521090,"volume":"0.99428310","buyTxId":"571b205e41ee538fe7daba429dbbae91c751afd6","sellTxId":"757af712e274a931a7ddde5e976860c159a6543b"}
{"index": {"_index":"sim","_id":"1269975"}}
	{"id":1269975,"type":"buy","buyer":"eythorphoto","seller":"solovey6o2","symbol":"SIM","quantity":"3.200","price":"0.00089999","timestamp":1627521123,"volume":"0.00287997","buyTxId":"473700e31339ddeddbe705eed35d29a5f8d65247","sellTxId":"8021d9c5aea7b82c1e13a3dfffd4b29064ef3873"}
{"index": {"_index":"sim","_id":"1270082"}}
	{"id":1270082,"type":"sell","buyer":"mmrx","seller":"travelgirl","symbol":"SIM","quantity":"1716.413","price":"0.00087005","timestamp":1627522866,"volume":"1.49336513","buyTxId":"MM-P-9070269-56051402-3-40-0","sellTxId":"c61abd4ca0892e3aae5aaa9d9428c8e9e8608dab"}
{"index": {"_index":"sim","_id":"1270083"}}
	{"id":1270083,"type":"sell","buyer":"he-index","seller":"travelgirl","symbol":"SIM","quantity":"573.537","price":"0.00087004","timestamp":1627522866,"volume":"0.49900013","buyTxId":"a5125c4a7bac5cbacf97580ead90b44252ed5033","sellTxId":"c61abd4ca0892e3aae5aaa9d9428c8e9e8608dab"}
{"index": {"_index":"sim","_id":"1270084"}}
	{"id":1270084,"type":"sell","buyer":"solovey6o2","seller":"travelgirl","symbol":"SIM","quantity":"4587.057","price":"0.00087003","timestamp":1627522866,"volume":"3.99087720","buyTxId":"3917f459c3c9b5267a0cc9a80ca253d75ed0a1e4","sellTxId":"c61abd4ca0892e3aae5aaa9d9428c8e9e8608dab"}
{"index": {"_index":"sim","_id":"1270177"}}
	{"id":1270177,"type":"sell","buyer":"solovey6o2","seller":"daveks","symbol":"SIM","quantity":"12573.000","price":"0.00087003","timestamp":1627523934,"volume":"10.93888719","buyTxId":"3917f459c3c9b5267a0cc9a80ca253d75ed0a1e4","sellTxId":"a0e356f4d43e6171f073498c67a1bdf8e6f056dd"}
{"index": {"_index":"sim","_id":"1270253"}}
	{"id":1270253,"type":"sell","buyer":"solovey6o2","seller":"ariefm","symbol":"SIM","quantity":"500.000","price":"0.00087003","timestamp":1627524702,"volume":"0.43501500","buyTxId":"3917f459c3c9b5267a0cc9a80ca253d75ed0a1e4","sellTxId":"85276ae8ce7151c99d6301fed23f1a14938a0585"}
{"index": {"_index":"sim","_id":"1270308"}}
	{"id":1270308,"type":"sell","buyer":"solovey6o2","seller":"cryptoninjaz","symbol":"SIM","quantity":"1235.010","price":"0.00087003","timestamp":1627525539,"volume":"1.07449575","buyTxId":"3917f459c3c9b5267a0cc9a80ca253d75ed0a1e4","sellTxId":"8b78ff03f898bbfaf8ba7da042658926cb39605a"}
{"index": {"_index":"sim","_id":"1270389"}}
	{"id":1270389,"type":"sell","buyer":"solovey6o2","seller":"epilatero","symbol":"SIM","quantity":"3780","price":"0.00087003","timestamp":1627526475,"volume":"3.28871340","buyTxId":"3917f459c3c9b5267a0cc9a80ca253d75ed0a1e4","sellTxId":"d363e7fa14d171e2c523d448d43d48101aa26422"}
{"index": {"_index":"sim","_id":"1270395"}}
	{"id":1270395,"type":"sell","buyer":"solovey6o2","seller":"thesimguru","symbol":"SIM","quantity":"1826.400","price":"0.00087003","timestamp":1627526619,"volume":"1.58902279","buyTxId":"3917f459c3c9b5267a0cc9a80ca253d75ed0a1e4","sellTxId":"eb777e1de4fb8e51cd9c186ec0568d7fd17a848a"}
{"index": {"_index":"sim","_id":"1270455"}}
	{"id":1270455,"type":"buy","buyer":"enforcer48","seller":"mmrx","symbol":"SIM","quantity":"1716.413","price":"0.00089992","timestamp":1627527291,"volume":"1.54463439","buyTxId":"9b6daeb40dac268c517aae9720d7105dcf8a53fa","sellTxId":"MM-P-9072960-56054094-3-40-0"}
{"index": {"_index":"sim","_id":"1270456"}}
	{"id":1270456,"type":"buy","buyer":"enforcer48","seller":"nftmart.fees","symbol":"SIM","quantity":"13.000","price":"0.00089993","timestamp":1627527291,"volume":"0.01169909","buyTxId":"9b6daeb40dac268c517aae9720d7105dcf8a53fa","sellTxId":"dc982c0ba4c4df8e43a72ab8972100d500cc2fda-0"}
{"index": {"_index":"sim","_id":"1270457"}}
	{"id":1270457,"type":"buy","buyer":"enforcer48","seller":"solovey6o2","symbol":"SIM","quantity":"10270.587","price":"0.00089999","timestamp":1627527291,"volume":"9.24342559","buyTxId":"9b6daeb40dac268c517aae9720d7105dcf8a53fa","sellTxId":"370adc3b10ba68566276b12308529c7f33df63e0"}
