{"index": {"_index":"sim","_id":"3047898"}}
	{"id":3047898,"type":"sell","buyer":"pi-trader","seller":"operahoser","symbol":"SIM","quantity":"0.001","price":"0.00042801","timestamp":1648179390,"volume":"0.00000043","buyTxId":"229720de1acc5c7d7277b3f056b1fc8f939d2582-3","sellTxId":"2ee36aa0061ab322b2b7d7d24634a86765db16ea"}
{"index": {"_index":"sim","_id":"3047928"}}
	{"id":3047928,"type":"buy","buyer":"lolxsbudoy","seller":"pi-trader","symbol":"SIM","quantity":"4354.925","price":"0.00044798","timestamp":1648179867,"volume":"1.95091930","buyTxId":"964369ecc7fe8f0547685a944cf19982195c545b","sellTxId":"818f18818723ab6aceb473f9168e651e56179a98-2"}
{"index": {"_index":"sim","_id":"3047932"}}
	{"id":3047932,"type":"buy","buyer":"theclasser1","seller":"pi-trader","symbol":"SIM","quantity":"18253.048","price":"0.00044798","timestamp":1648179945,"volume":"8.17700076","buyTxId":"651bb93157df4f1064a30c88214821168cc33d0a","sellTxId":"c1ea62d4d8ee1b59ec62b84e63139b18b785bbb9-2"}
{"index": {"_index":"sim","_id":"3048003"}}
	{"id":3048003,"type":"sell","buyer":"pi-trader","seller":"theguruasia","symbol":"SIM","quantity":"7889.455","price":"0.00042801","timestamp":1648180938,"volume":"3.37676563","buyTxId":"5dfe169b0a048d75bce127ea06ba0fdff9c61752-1","sellTxId":"1096b4dae831c1abfaa67785d5f576978437575e"}
{"index": {"_index":"sim","_id":"3048053"}}
	{"id":3048053,"type":"sell","buyer":"pi-trader","seller":"oahb132","symbol":"SIM","quantity":"735.368","price":"0.00042801","timestamp":1648181571,"volume":"0.31474486","buyTxId":"9f700763df4a000d4c1868df7cc0aeefa8a2113c-3","sellTxId":"e71916c98878e81f9ba9b65e553b8a688d9c0762"}
{"index": {"_index":"sim","_id":"3048183"}}
	{"id":3048183,"type":"buy","buyer":"boycharlieplays","seller":"pi-trader","symbol":"SIM","quantity":"50000.000","price":"0.00044798","timestamp":1648182951,"volume":"22.39900000","buyTxId":"3d49021452e1f989673c19c6b64ab6f681bd9656","sellTxId":"c5b3942b6ed06a6cc05298e1bd7b76894ca78dc5-4"}
{"index": {"_index":"sim","_id":"3048186"}}
	{"id":3048186,"type":"buy","buyer":"boycharlieplays","seller":"brofi-market","symbol":"SIM","quantity":"0.003","price":"0.00044799","timestamp":1648182981,"volume":"0.00000134","buyTxId":"fb9434c375d8ff8d72115ec03760a4bd3d3b7974","sellTxId":"47ab4acd702afd49427a88f81ac0c93ba18f375f"}
{"index": {"_index":"sim","_id":"3048190"}}
	{"id":3048190,"type":"buy","buyer":"boycharlieplays","seller":"pi-trader","symbol":"SIM","quantity":"50000.000","price":"0.00044799","timestamp":1648183011,"volume":"22.39950000","buyTxId":"5c0adf8799a9ec8b43f19291d37f219941c7986d","sellTxId":"0a20d8d16f1c40a2bc6f8f250b24a66d3c228b27-3"}
{"index": {"_index":"sim","_id":"3048191"}}
	{"id":3048191,"type":"buy","buyer":"boycharlieplays","seller":"pi-trader","symbol":"SIM","quantity":"50000.000","price":"0.00044799","timestamp":1648183041,"volume":"22.39950000","buyTxId":"77c6a419fc374b4ee66cb28b8e20da4f873014b0","sellTxId":"72aebab3d7ad4c88f724a386e54748e919fd7a36-1"}
{"index": {"_index":"sim","_id":"3048192"}}
	{"id":3048192,"type":"buy","buyer":"boycharlieplays","seller":"jelly-cz","symbol":"SIM","quantity":"23554.686","price":"0.00044800","timestamp":1648183041,"volume":"10.55249933","buyTxId":"77c6a419fc374b4ee66cb28b8e20da4f873014b0","sellTxId":"MM-P-15926966-62915385-3-31-0"}
{"index": {"_index":"sim","_id":"3048193"}}
	{"id":3048193,"type":"sell","buyer":"pi-trader","seller":"theshaki","symbol":"SIM","quantity":"23.220","price":"0.00042801","timestamp":1648183041,"volume":"0.00993839","buyTxId":"949068fdb704ea69294b71bd71b5c27f40b226e3-4","sellTxId":"a839961d5960ba3497d41196c72f23cfb0010e34"}
{"index": {"_index":"sim","_id":"3048201"}}
	{"id":3048201,"type":"sell","buyer":"pi-trader","seller":"hive.miner","symbol":"SIM","quantity":"159.994","price":"0.00042801","timestamp":1648183128,"volume":"0.06847903","buyTxId":"014a6c2bf4109215609b1d8fe0d2153b8e40376d-2","sellTxId":"81e033e90e31d86b26c05c60a7ac4476b7948c06"}
{"index": {"_index":"sim","_id":"3048232"}}
	{"id":3048232,"type":"sell","buyer":"pi-trader","seller":"goldcoin","symbol":"SIM","quantity":"12.960","price":"0.00042801","timestamp":1648183491,"volume":"0.00554701","buyTxId":"2ed78cdaa50afc9b8075635216a669b565d1a6d2-3","sellTxId":"15f2bcc61288d8b182445c70e53a73538f9bc9b2"}
{"index": {"_index":"sim","_id":"3048341"}}
	{"id":3048341,"type":"sell","buyer":"pi-trader","seller":"tonytrillions","symbol":"SIM","quantity":"0.004","price":"0.00042801","timestamp":1648185282,"volume":"0.00000171","buyTxId":"3d62bdac1fe5688822ed1e730dee28d61871d0fa-1","sellTxId":"909f9705ee44fdd784592bfe5ac7c30b68713f20"}
{"index": {"_index":"sim","_id":"3048541"}}
	{"id":3048541,"type":"sell","buyer":"pi-trader","seller":"anderssinho","symbol":"SIM","quantity":"0.315","price":"0.00042801","timestamp":1648188666,"volume":"0.00013482","buyTxId":"b15cbf6cdec5d43c26cd064ceb83fc1a382d2038-4","sellTxId":"fb66e25176fa6059f01a68975c5adf2b3f9c5f9c"}
{"index": {"_index":"sim","_id":"3049393"}}
	{"id":3049393,"type":"buy","buyer":"dswap","seller":"pi-trader","symbol":"SIM","quantity":"1346.297","price":"0.00044799","timestamp":1648199577,"volume":"0.60312780","buyTxId":"a0fac3162b4b7bf19ea6fbd488f1cdeb7e27fcc8","sellTxId":"014a6c2bf4109215609b1d8fe0d2153b8e40376d-3"}
{"index": {"_index":"sim","_id":"3049446"}}
	{"id":3049446,"type":"sell","buyer":"pi-trader","seller":"fitcoin","symbol":"SIM","quantity":"1321.750","price":"0.00042801","timestamp":1648200582,"volume":"0.56572222","buyTxId":"87fbce98d46e1d55a976d78c00a554e18c872882-1","sellTxId":"21167a574b384e61a30a962f0211a0a241988705"}
{"index": {"_index":"sim","_id":"3050020"}}
	{"id":3050020,"type":"sell","buyer":"pi-trader","seller":"lifeskills-tv","symbol":"SIM","quantity":"195.584","price":"0.00042801","timestamp":1648208472,"volume":"0.08371191","buyTxId":"29d1cd758cf469464b318ef359b70136a2396e6e-3","sellTxId":"5f731d3dbad17184eee1d3ada8c88d3bbf86e3df"}
{"index": {"_index":"sim","_id":"3050115"}}
	{"id":3050115,"type":"sell","buyer":"pi-trader","seller":"brofi-market","symbol":"SIM","quantity":"0.004","price":"0.00042801","timestamp":1648210251,"volume":"0.00000171","buyTxId":"d0e6ef9888a1020bdeed90bbca9a494ccc8d4488-5","sellTxId":"0a4feddf04428b2f64eb9871bd67da56b5bc38ea"}
{"index": {"_index":"sim","_id":"3050332"}}
	{"id":3050332,"type":"sell","buyer":"pi-trader","seller":"bhoa","symbol":"SIM","quantity":"4328","price":"0.00042801","timestamp":1648212498,"volume":"1.85242728","buyTxId":"a6f436774aff3a09298de248f1c023f2f2e840a1-1","sellTxId":"076dd4e7c98b620108fb1398b6d060276876dcad"}
{"index": {"_index":"sim","_id":"3050585"}}
	{"id":3050585,"type":"sell","buyer":"pi-trader","seller":"investinthefutur","symbol":"SIM","quantity":"1261.456","price":"0.00042801","timestamp":1648215249,"volume":"0.53991578","buyTxId":"7735778d1d6e5c2b67d99228cd6f1ec80fff2bac-3","sellTxId":"5611bee146101ba312807826d368998a9084d71a"}
{"index": {"_index":"sim","_id":"3050610"}}
	{"id":3050610,"type":"sell","buyer":"pi-trader","seller":"onealfa.leo","symbol":"SIM","quantity":"360.06","price":"0.00042801","timestamp":1648215720,"volume":"0.15410928","buyTxId":"6817c520099b70d934eafbab69803820e6a2e09e-3","sellTxId":"99180b3b82e4108539e3666cc9a8cd6c535224a8"}
{"index": {"_index":"sim","_id":"3050724"}}
	{"id":3050724,"type":"sell","buyer":"pi-trader","seller":"kevinli","symbol":"SIM","quantity":"150000.000","price":"0.00042801","timestamp":1648216683,"volume":"64.20150000","buyTxId":"8e043e3e029bc6c1742362bf0142c505632ede1d-3","sellTxId":"e9c6c11e086bbc2dd1d4991ee6e589d379cc5694"}
{"index": {"_index":"sim","_id":"3051177"}}
	{"id":3051177,"type":"buy","buyer":"d-pend","seller":"pi-trader","symbol":"SIM","quantity":"50000.000","price":"0.00044796","timestamp":1648220424,"volume":"22.39800000","buyTxId":"b29ca52897ddce2f1b664b0a6a83a53ee0a4ab50","sellTxId":"6f289bf830b20801e3468f3e8fb99f034115e0fc-1"}
{"index": {"_index":"sim","_id":"3051178"}}
	{"id":3051178,"type":"buy","buyer":"d-pend","seller":"atomcollector","symbol":"SIM","quantity":"7046.000","price":"0.00044797","timestamp":1648220424,"volume":"3.15639662","buyTxId":"b29ca52897ddce2f1b664b0a6a83a53ee0a4ab50","sellTxId":"00342b0c4f3d83720e78654f693e285774691308"}
{"index": {"_index":"sim","_id":"3051179"}}
	{"id":3051179,"type":"buy","buyer":"d-pend","seller":"medaymane","symbol":"SIM","quantity":"5279.400","price":"0.00044798","timestamp":1648220424,"volume":"2.36506561","buyTxId":"b29ca52897ddce2f1b664b0a6a83a53ee0a4ab50","sellTxId":"1d810091ed746c3abe6ccc432e6758228b52dbf4"}
{"index": {"_index":"sim","_id":"3051180"}}
	{"id":3051180,"type":"buy","buyer":"d-pend","seller":"brofi-market","symbol":"SIM","quantity":"0.004","price":"0.00044798","timestamp":1648220424,"volume":"0.00000179","buyTxId":"b29ca52897ddce2f1b664b0a6a83a53ee0a4ab50","sellTxId":"08d5a011380f8302ad886210a9f93e2015f0bd81"}
{"index": {"_index":"sim","_id":"3051181"}}
	{"id":3051181,"type":"buy","buyer":"d-pend","seller":"jelly-cz","symbol":"SIM","quantity":"122329.314","price":"0.00044800","timestamp":1648220424,"volume":"54.80353267","buyTxId":"b29ca52897ddce2f1b664b0a6a83a53ee0a4ab50","sellTxId":"MM-P-15926966-62915385-3-31-0"}
{"index": {"_index":"sim","_id":"3051182"}}
	{"id":3051182,"type":"buy","buyer":"d-pend","seller":"brofi-market","symbol":"SIM","quantity":"0.001","price":"0.00046779","timestamp":1648220424,"volume":"0.00000047","buyTxId":"b29ca52897ddce2f1b664b0a6a83a53ee0a4ab50","sellTxId":"6fd71e49a81cd693856731ae9c1542244a79936d"}
{"index": {"_index":"sim","_id":"3051183"}}
	{"id":3051183,"type":"buy","buyer":"d-pend","seller":"indiebandguru","symbol":"SIM","quantity":"8.849","price":"0.00046780","timestamp":1648220424,"volume":"0.00413956","buyTxId":"b29ca52897ddce2f1b664b0a6a83a53ee0a4ab50","sellTxId":"9b0bf753a7a81b9b67033cc81c40e78f3a30a3ce"}
{"index": {"_index":"sim","_id":"3051184"}}
	{"id":3051184,"type":"buy","buyer":"d-pend","seller":"brofi-market","symbol":"SIM","quantity":"0.004","price":"0.00046788","timestamp":1648220424,"volume":"0.00000187","buyTxId":"b29ca52897ddce2f1b664b0a6a83a53ee0a4ab50","sellTxId":"a1d137425582cfb3d244ae54b99700b3848d7408"}
{"index": {"_index":"sim","_id":"3051185"}}
	{"id":3051185,"type":"buy","buyer":"d-pend","seller":"snorebear","symbol":"SIM","quantity":"254.040","price":"0.00046788","timestamp":1648220424,"volume":"0.11886024","buyTxId":"b29ca52897ddce2f1b664b0a6a83a53ee0a4ab50","sellTxId":"2be34373cd4d1f4f5599c84af0baabbc04c9417b"}
{"index": {"_index":"sim","_id":"3051186"}}
	{"id":3051186,"type":"buy","buyer":"d-pend","seller":"steemmillionaire","symbol":"SIM","quantity":"894.000","price":"0.00046790","timestamp":1648220424,"volume":"0.41830260","buyTxId":"b29ca52897ddce2f1b664b0a6a83a53ee0a4ab50","sellTxId":"f1d395cfe0dadb44f341952c1a332bac7af37494"}
{"index": {"_index":"sim","_id":"3051187"}}
	{"id":3051187,"type":"buy","buyer":"d-pend","seller":"rubymooney","symbol":"SIM","quantity":"470.280","price":"0.00048800","timestamp":1648220424,"volume":"0.22949664","buyTxId":"b29ca52897ddce2f1b664b0a6a83a53ee0a4ab50","sellTxId":"185c46c26c178b56ab4f80a0b8bcc79863626207"}
{"index": {"_index":"sim","_id":"3051188"}}
	{"id":3051188,"type":"buy","buyer":"d-pend","seller":"brofi-market","symbol":"SIM","quantity":"0.001","price":"0.00048896","timestamp":1648220424,"volume":"0.00000049","buyTxId":"b29ca52897ddce2f1b664b0a6a83a53ee0a4ab50","sellTxId":"19a772843c61a2430e20272843cdd89a266fe085"}
{"index": {"_index":"sim","_id":"3051189"}}
	{"id":3051189,"type":"buy","buyer":"d-pend","seller":"facugaba","symbol":"SIM","quantity":"15557.780","price":"0.00048899","timestamp":1648220424,"volume":"7.60759884","buyTxId":"b29ca52897ddce2f1b664b0a6a83a53ee0a4ab50","sellTxId":"f715d27bcecb2dc5657483fe806c6284250b38b2"}
{"index": {"_index":"sim","_id":"3051190"}}
	{"id":3051190,"type":"buy","buyer":"d-pend","seller":"dhedge","symbol":"SIM","quantity":"14.859","price":"0.00048947","timestamp":1648220424,"volume":"0.00727303","buyTxId":"b29ca52897ddce2f1b664b0a6a83a53ee0a4ab50","sellTxId":"cb9c3ce068acc7666372c3064460cb37400166f0"}
{"index": {"_index":"sim","_id":"3051191"}}
	{"id":3051191,"type":"buy","buyer":"d-pend","seller":"brofi-market","symbol":"SIM","quantity":"0.001","price":"0.00049982","timestamp":1648220424,"volume":"0.00000050","buyTxId":"b29ca52897ddce2f1b664b0a6a83a53ee0a4ab50","sellTxId":"090b77ce83ce79577ecd3c03b1ed367b75aab246"}
{"index": {"_index":"sim","_id":"3051192"}}
	{"id":3051192,"type":"buy","buyer":"d-pend","seller":"quekery","symbol":"SIM","quantity":"4259.826","price":"0.00049996","timestamp":1648220424,"volume":"2.12974261","buyTxId":"b29ca52897ddce2f1b664b0a6a83a53ee0a4ab50","sellTxId":"5314bd3c6d90a037499e633c4fa226406fc3f483"}
{"index": {"_index":"sim","_id":"3051193"}}
	{"id":3051193,"type":"buy","buyer":"d-pend","seller":"desyfit","symbol":"SIM","quantity":"150000.000","price":"0.00049998","timestamp":1648220424,"volume":"74.99700000","buyTxId":"b29ca52897ddce2f1b664b0a6a83a53ee0a4ab50","sellTxId":"80490ab3aa0ba5b654c288e38f41fd30f8a4407e"}
{"index": {"_index":"sim","_id":"3051194"}}
	{"id":3051194,"type":"buy","buyer":"d-pend","seller":"accelerator","symbol":"SIM","quantity":"1404.000","price":"0.00050000","timestamp":1648220424,"volume":"0.70200000","buyTxId":"b29ca52897ddce2f1b664b0a6a83a53ee0a4ab50","sellTxId":"0a61871a61deef09e98790df9ef024d194bfc041"}
{"index": {"_index":"sim","_id":"3051195"}}
	{"id":3051195,"type":"buy","buyer":"d-pend","seller":"hbelakon1975","symbol":"SIM","quantity":"2000.000","price":"0.00050000","timestamp":1648220424,"volume":"1.00000000","buyTxId":"b29ca52897ddce2f1b664b0a6a83a53ee0a4ab50","sellTxId":"05d30457b423c7f2e79ff1e36fd5015b5d4b417b"}
{"index": {"_index":"sim","_id":"3051197"}}
	{"id":3051197,"type":"sell","buyer":"d-pend","seller":"konvik","symbol":"SIM","quantity":"40481.641","price":"0.00050000","timestamp":1648220427,"volume":"20.24082050","buyTxId":"b29ca52897ddce2f1b664b0a6a83a53ee0a4ab50","sellTxId":"bd8420bb3756ee724f4dc1c83a7c2d6b56e74696-1"}
{"index": {"_index":"sim","_id":"3051280"}}
	{"id":3051280,"type":"sell","buyer":"pi-trader","seller":"aliveprojects","symbol":"SIM","quantity":"350.480","price":"0.00042801","timestamp":1648221474,"volume":"0.15000894","buyTxId":"d5c8fe8b638fad731b7d189147a6bbf0adff0e01-2","sellTxId":"6974084a2fcfd3c86ef791cbeed3803dbbed473e"}
{"index": {"_index":"sim","_id":"3051595"}}
	{"id":3051595,"type":"sell","buyer":"pi-trader","seller":"brofi-market","symbol":"SIM","quantity":"0.001","price":"0.00043301","timestamp":1648224618,"volume":"0.00000043","buyTxId":"9dc44c251c820e832f81f0a49ef8e3766a229b23-3","sellTxId":"436a13811f48cb04b70b348194d814565ba19281"}
{"index": {"_index":"sim","_id":"3051650"}}
	{"id":3051650,"type":"buy","buyer":"dswap","seller":"pi-trader","symbol":"SIM","quantity":"322.661","price":"0.00049319","timestamp":1648224885,"volume":"0.1591332","buyTxId":"63a041f7c3a9c9f38c5da5e2a3b467c7388d745f","sellTxId":"3a89ea1344e56eda2d680dd1bbb3fffcb35efd44-5"}
{"index": {"_index":"sim","_id":"3052231"}}
	{"id":3052231,"type":"buy","buyer":"poliwalt10","seller":"pi-trader","symbol":"SIM","quantity":"50000.000","price":"0.00048539","timestamp":1648229172,"volume":"24.26950000","buyTxId":"267cc9ae920f734d06cfecb42975fed5ec02f6c7","sellTxId":"fe324ac4f2cd28682233a263c7a52666c0f6b0b3-2"}
{"index": {"_index":"sim","_id":"3052232"}}
	{"id":3052232,"type":"buy","buyer":"poliwalt10","seller":"jelly-cz","symbol":"SIM","quantity":"95884.000","price":"0.00048540","timestamp":1648229172,"volume":"46.54209360","buyTxId":"267cc9ae920f734d06cfecb42975fed5ec02f6c7","sellTxId":"MM-P-15948348-62936797-3-31-0"}
{"index": {"_index":"sim","_id":"3052239"}}
	{"id":3052239,"type":"buy","buyer":"poliwalt10","seller":"pi-trader","symbol":"SIM","quantity":"50000.000","price":"0.00048539","timestamp":1648229220,"volume":"24.26950000","buyTxId":"e90a584cca8e0cca6b20ee9ab90236a1d15dfb5a","sellTxId":"bee3645a8802256499f3ca5152ee6efadc7328aa-3"}
{"index": {"_index":"sim","_id":"3052243"}}
	{"id":3052243,"type":"buy","buyer":"poliwalt10","seller":"jelly-cz","symbol":"SIM","quantity":"50000.000","price":"0.00048540","timestamp":1648229241,"volume":"24.27000000","buyTxId":"4d81c93d86aeec38d9f4dca872715a35fa2f7a66","sellTxId":"MM-P-15948348-62936797-3-31-0"}
{"index": {"_index":"sim","_id":"3052250"}}
	{"id":3052250,"type":"buy","buyer":"poliwalt10","seller":"pi-trader","symbol":"SIM","quantity":"50000.000","price":"0.00049370","timestamp":1648229301,"volume":"24.68500000","buyTxId":"417c52ee95ef510af11ffade41794756b29bef82","sellTxId":"9ec7c7c79f8934063ba8ac61ecb34efc64bb131b-5"}
{"index": {"_index":"sim","_id":"3052251"}}
	{"id":3052251,"type":"buy","buyer":"poliwalt10","seller":"brofi-market","symbol":"SIM","quantity":"0.001","price":"0.00049371","timestamp":1648229301,"volume":"0.00000049","buyTxId":"417c52ee95ef510af11ffade41794756b29bef82","sellTxId":"472abc0c644d8ca1dd65d3334c5588c714d1c612"}
{"index": {"_index":"sim","_id":"3052252"}}
	{"id":3052252,"type":"buy","buyer":"poliwalt10","seller":"atomcollector","symbol":"SIM","quantity":"26200.000","price":"0.00050100","timestamp":1648229301,"volume":"13.12620000","buyTxId":"417c52ee95ef510af11ffade41794756b29bef82","sellTxId":"e7f2c8779fa46494be44b9198ecf57bebb66c574"}
{"index": {"_index":"sim","_id":"3052253"}}
	{"id":3052253,"type":"buy","buyer":"poliwalt10","seller":"johannesboldt","symbol":"SIM","quantity":"14379.717","price":"0.00050890","timestamp":1648229301,"volume":"7.31783798","buyTxId":"417c52ee95ef510af11ffade41794756b29bef82","sellTxId":"b1c1f0cd6498a4dd2b3cf2aa038ad281c1f2216b"}
{"index": {"_index":"sim","_id":"3052257"}}
	{"id":3052257,"type":"buy","buyer":"poliwalt10","seller":"pi-trader","symbol":"SIM","quantity":"50000.000","price":"0.00050889","timestamp":1648229343,"volume":"25.44450000","buyTxId":"b2108a4302751d855fdf164fda1d56e83c93e10b","sellTxId":"be71870c800ee0f65fd5ca4af43b18024f4d98c4-3"}
{"index": {"_index":"sim","_id":"3052258"}}
	{"id":3052258,"type":"buy","buyer":"poliwalt10","seller":"johannesboldt","symbol":"SIM","quantity":"26200.001","price":"0.00050890","timestamp":1648229343,"volume":"13.33318051","buyTxId":"b2108a4302751d855fdf164fda1d56e83c93e10b","sellTxId":"b1c1f0cd6498a4dd2b3cf2aa038ad281c1f2216b"}
{"index": {"_index":"sim","_id":"3052262"}}
	{"id":3052262,"type":"buy","buyer":"poliwalt10","seller":"pi-trader","symbol":"SIM","quantity":"50000.000","price":"0.00050889","timestamp":1648229379,"volume":"25.44450000","buyTxId":"766221c9bd1da208898b127ad72011b33c604cd8","sellTxId":"ca8644ec9a4610f62a362d26ce14ffd8d9e27858-4"}
{"index": {"_index":"sim","_id":"3052263"}}
	{"id":3052263,"type":"buy","buyer":"poliwalt10","seller":"johannesboldt","symbol":"SIM","quantity":"0.009","price":"0.00050890","timestamp":1648229379,"volume":"0.00000458","buyTxId":"766221c9bd1da208898b127ad72011b33c604cd8","sellTxId":"b1c1f0cd6498a4dd2b3cf2aa038ad281c1f2216b"}
{"index": {"_index":"sim","_id":"3052264"}}
	{"id":3052264,"type":"buy","buyer":"poliwalt10","seller":"pi-trader","symbol":"SIM","quantity":"50000.000","price":"0.00050889","timestamp":1648229400,"volume":"25.44450000","buyTxId":"60c3f93c2e74aada95043ca908123b656f321130","sellTxId":"fab9d9e77df456203227d6a41edb960a0b160382-1"}
{"index": {"_index":"sim","_id":"3052275"}}
	{"id":3052275,"type":"buy","buyer":"poliwalt10","seller":"jelly-cz","symbol":"SIM","quantity":"145884.000","price":"0.00050838","timestamp":1648229472,"volume":"74.16450792","buyTxId":"e12588d9d17d63f027433e66dbe70d7ec85ccb08","sellTxId":"MM-P-15948446-62936895-3-31-0"}
{"index": {"_index":"sim","_id":"3052276"}}
	{"id":3052276,"type":"buy","buyer":"poliwalt10","seller":"pi-trader","symbol":"SIM","quantity":"4116.000","price":"0.00050889","timestamp":1648229472,"volume":"2.09459124","buyTxId":"e12588d9d17d63f027433e66dbe70d7ec85ccb08","sellTxId":"90b8f46c43f1781b8129567d279032a16392d2c9-3"}
{"index": {"_index":"sim","_id":"3052279"}}
	{"id":3052279,"type":"buy","buyer":"poliwalt10","seller":"pi-trader","symbol":"SIM","quantity":"49999.991","price":"0.00050889","timestamp":1648229508,"volume":"25.44449542","buyTxId":"e43927eae7c84ae5b68d65435e2714d2d51db327","sellTxId":"80ecad0d40a85a064f28fa04978110e70b660fff-5"}
{"index": {"_index":"sim","_id":"3052285"}}
	{"id":3052285,"type":"buy","buyer":"poliwalt10","seller":"pi-trader","symbol":"SIM","quantity":"0.009","price":"0.00050889","timestamp":1648229529,"volume":"0.00000458","buyTxId":"123f1ccf382f7c9600967a7df6f750391233273b","sellTxId":"80ecad0d40a85a064f28fa04978110e70b660fff-5"}
{"index": {"_index":"sim","_id":"3052293"}}
	{"id":3052293,"type":"buy","buyer":"poliwalt10","seller":"pi-trader","symbol":"SIM","quantity":"49999.991","price":"0.00050889","timestamp":1648229559,"volume":"25.44449542","buyTxId":"44d458c7dfce9ba19a6ba9f2ed2895cf42d01ce2","sellTxId":"72375bb19c14e865e0430b4212f31db233685f89-3"}
{"index": {"_index":"sim","_id":"3052296"}}
	{"id":3052296,"type":"buy","buyer":"poliwalt10","seller":"pi-trader","symbol":"SIM","quantity":"0.009","price":"0.00050889","timestamp":1648229595,"volume":"0.00000458","buyTxId":"921b961368ad72a27ffa44ddc3cf15fef9d44133","sellTxId":"72375bb19c14e865e0430b4212f31db233685f89-3"}
{"index": {"_index":"sim","_id":"3052297"}}
	{"id":3052297,"type":"buy","buyer":"poliwalt10","seller":"johannesboldt","symbol":"SIM","quantity":"49999.991","price":"0.00050890","timestamp":1648229595,"volume":"25.44499542","buyTxId":"921b961368ad72a27ffa44ddc3cf15fef9d44133","sellTxId":"b1c1f0cd6498a4dd2b3cf2aa038ad281c1f2216b"}
{"index": {"_index":"sim","_id":"3052298"}}
	{"id":3052298,"type":"buy","buyer":"poliwalt10","seller":"atomcollector","symbol":"SIM","quantity":"50000.000","price":"0.00050995","timestamp":1648229595,"volume":"25.49750000","buyTxId":"921b961368ad72a27ffa44ddc3cf15fef9d44133","sellTxId":"96c024257e9ce7f4d00542da4d02579c85d2c2ae"}
{"index": {"_index":"sim","_id":"3052303"}}
	{"id":3052303,"type":"buy","buyer":"poliwalt10","seller":"jfang003","symbol":"SIM","quantity":"10450.000","price":"0.00051999","timestamp":1648229622,"volume":"5.43389550","buyTxId":"0b95300c3c479e0b37dec5ffc4edfb77c7cf9358","sellTxId":"90beab74076a893bd915e42e458ff6398281ae2b"}
{"index": {"_index":"sim","_id":"3052307"}}
	{"id":3052307,"type":"buy","buyer":"poliwalt10","seller":"pi-trader","symbol":"SIM","quantity":"50000.000","price":"0.00053799","timestamp":1648229688,"volume":"26.89950000","buyTxId":"83823e633bd9adc4c51cd909e54faf24a6e4b884","sellTxId":"8c8c0d3b7315d6f5c903e6310f053d88624efaa0-3"}
{"index": {"_index":"sim","_id":"3052334"}}
	{"id":3052334,"type":"sell","buyer":"pi-trader","seller":"clapyyn","symbol":"SIM","quantity":"1776.500","price":"0.00043301","timestamp":1648229967,"volume":"0.76924227","buyTxId":"e9124516235a7f9da63cd0ffc0bd876a91167d9e-4","sellTxId":"e892c122e60544883a509d6acd557f58992704df"}
{"index": {"_index":"sim","_id":"3052356"}}
	{"id":3052356,"type":"sell","buyer":"pi-trader","seller":"automaton","symbol":"SIM","quantity":"662.000","price":"0.00043301","timestamp":1648230126,"volume":"0.28665262","buyTxId":"b6b9d40876886ec78a6bf6898afc2447b57958cd-7","sellTxId":"1b33095ee2337985eec804e66dd754298d263961"}
{"index": {"_index":"sim","_id":"3052504"}}
	{"id":3052504,"type":"sell","buyer":"pi-trader","seller":"andy4475","symbol":"SIM","quantity":"53.740","price":"0.00043301","timestamp":1648231401,"volume":"0.02326996","buyTxId":"f08fcd5e16a55d4fccefbb3d2aca9df9cee24bc8-5","sellTxId":"6db1ed522a492e364ad6c272c0b6495239db8cd9"}
{"index": {"_index":"sim","_id":"3052622"}}
	{"id":3052622,"type":"sell","buyer":"pi-trader","seller":"farm1","symbol":"SIM","quantity":"72222.000","price":"0.00043311","timestamp":1648232565,"volume":"31.28007042","buyTxId":"73897a3dc293ee0f9790730fdc1db3a660a33f1e-1","sellTxId":"d3f015f39b8633176ff2bd7dacd1087c61780136"}
{"index": {"_index":"sim","_id":"3053242"}}
	{"id":3053242,"type":"sell","buyer":"pi-trader","seller":"hive-189742","symbol":"SIM","quantity":"0.175","price":"0.00043311","timestamp":1648238169,"volume":"0.00007579","buyTxId":"16c1cc237b542b5585fcf14199c6adb67e58b7fa-3","sellTxId":"d6867d3e62154d34db67d522c0512e0facd364d5"}
{"index": {"_index":"sim","_id":"3053303"}}
	{"id":3053303,"type":"buy","buyer":"gsauce1989","seller":"pi-trader","symbol":"SIM","quantity":"7000.000","price":"0.00052187","timestamp":1648238835,"volume":"3.65309000","buyTxId":"036a7e7aedf5d0b9d7f64f075d78f09e20b28414","sellTxId":"e1fd0097a95e3604124cf5f29d6eb9ffa9993379-4"}
{"index": {"_index":"sim","_id":"3053381"}}
	{"id":3053381,"type":"sell","buyer":"cardi0","seller":"svirus","symbol":"SIM","quantity":"30512.070","price":"0.00052134","timestamp":1648239306,"volume":"15.90716257","buyTxId":"ac9c766a0531429c858ba3e80e7de61e46785ba1","sellTxId":"d3bb07e799c8cd6f5a5863a12d7f6a406966cf09-1"}
{"index": {"_index":"sim","_id":"3053383"}}
	{"id":3053383,"type":"sell","buyer":"cardi0","seller":"konvik","symbol":"SIM","quantity":"0.004","price":"0.00052134","timestamp":1648239306,"volume":"0.00000209","buyTxId":"ac9c766a0531429c858ba3e80e7de61e46785ba1","sellTxId":"913dfc77e279e00d1426333c7b4c6de746210f04-1"}
{"index": {"_index":"sim","_id":"3053459"}}
	{"id":3053459,"type":"sell","buyer":"pi-trader","seller":"bitcoinflood","symbol":"SIM","quantity":"119.313","price":"0.00043311","timestamp":1648239627,"volume":"0.05167565","buyTxId":"9fba2d938a0cfa39bddc8e5db6913a824e06303b-1","sellTxId":"e91695102354ee36dbca523017197815e99191fa"}
{"index": {"_index":"sim","_id":"3053602"}}
	{"id":3053602,"type":"sell","buyer":"pi-trader","seller":"bearbear613","symbol":"SIM","quantity":"832.000","price":"0.00043311","timestamp":1648240446,"volume":"0.36034752","buyTxId":"90aec5d9bb292f0549ca9cf6d6f5b2cfea7c4e42-1","sellTxId":"05bc41d894376881de5c025591b32c424cbffe72"}
{"index": {"_index":"sim","_id":"3053660"}}
	{"id":3053660,"type":"sell","buyer":"pi-trader","seller":"bitcoinflood","symbol":"SIM","quantity":"615.000","price":"0.00043311","timestamp":1648241028,"volume":"0.26636265","buyTxId":"8feab09717715d38e9be81475738b95f3020e425-4","sellTxId":"ae6840cb7e3430edab93a6ed320154525fbc4295"}
{"index": {"_index":"sim","_id":"3053894"}}
	{"id":3053894,"type":"sell","buyer":"pi-trader","seller":"thegoliath","symbol":"SIM","quantity":"16000.000","price":"0.00043501","timestamp":1648243125,"volume":"6.96016000","buyTxId":"540eded7d9d340ad752961d5293c3143026d40e1-1","sellTxId":"1f202365d964e160befa57ce9cdbf479a708be1b"}
{"index": {"_index":"sim","_id":"3053924"}}
	{"id":3053924,"type":"buy","buyer":"fnvdesigns","seller":"pi-trader","symbol":"SIM","quantity":"380.000","price":"0.00051399","timestamp":1648243353,"volume":"0.19531620","buyTxId":"b3d9f785aaebe61308e4ecea89e4a58f6bab7e4b","sellTxId":"b6b99658e5ea8c1b2a77b739acb2ebfc2ed8ddbb-5"}
{"index": {"_index":"sim","_id":"3053972"}}
	{"id":3053972,"type":"buy","buyer":"morzex","seller":"pi-trader","symbol":"SIM","quantity":"2281.703","price":"0.00051295","timestamp":1648243962,"volume":"1.1704","buyTxId":"20263bca4d2b687e252abbae7f5bf9dd619404af","sellTxId":"214626c03a71acf3fc426616377033357fb54847-8"}
{"index": {"_index":"sim","_id":"3053995"}}
	{"id":3053995,"type":"sell","buyer":"pi-trader","seller":"cccf","symbol":"SIM","quantity":"0.084","price":"0.00043501","timestamp":1648244214,"volume":"0.00003654","buyTxId":"2dee40e73e915ec932c9feee1e9b68574458aafb-3","sellTxId":"a93af66e6509fb81831e46ea5df68a336a842582"}
{"index": {"_index":"sim","_id":"3054021"}}
	{"id":3054021,"type":"buy","buyer":"maryjane.main","seller":"pi-trader","symbol":"SIM","quantity":"13000.000","price":"0.00051191","timestamp":1648244508,"volume":"6.65483000","buyTxId":"550a4fbe94c85eb71c35ca3992bffe35cc0d9444","sellTxId":"3507741f8890a2d3ab2044041ac2d7d8f0fd805a-5"}
{"index": {"_index":"sim","_id":"3054025"}}
	{"id":3054025,"type":"buy","buyer":"dswap","seller":"pi-trader","symbol":"SIM","quantity":"124.281","price":"0.00051191","timestamp":1648244547,"volume":"0.06362087","buyTxId":"fc7a0bdf2cfe0778c37765399534a0e911664760","sellTxId":"9e1fca44dfab965be453b101ff240551fc8823b3-4"}
{"index": {"_index":"sim","_id":"3054048"}}
	{"id":3054048,"type":"sell","buyer":"pi-trader","seller":"kevinli","symbol":"SIM","quantity":"150000.000","price":"0.00043501","timestamp":1648244715,"volume":"65.25150000","buyTxId":"b3597c4ffadd90c87585f62b0945c3c45155d5be-1","sellTxId":"18faa62658b86bcb3a19396c86e562b216c5590a"}
{"index": {"_index":"sim","_id":"3054052"}}
	{"id":3054052,"type":"sell","buyer":"pi-trader","seller":"operahoser","symbol":"SIM","quantity":"0.001","price":"0.00043501","timestamp":1648244742,"volume":"0.00000044","buyTxId":"a0fa077fc1a7ac4e1376b6837eb6209850b6a340-2","sellTxId":"a2f5cb3ae87f6e2a48e51fe2c3b8706183d67bfe"}
{"index": {"_index":"sim","_id":"3054167"}}
	{"id":3054167,"type":"sell","buyer":"pi-trader","seller":"he-index","symbol":"SIM","quantity":"93.969","price":"0.00043501","timestamp":1648245735,"volume":"0.04087745","buyTxId":"c5f81c087348e02dcc7721e17cfffa0c61a81216-1","sellTxId":"ed8ca2b4ec553a0341bf86b7cf302bebbf644d31"}
{"index": {"_index":"sim","_id":"3054315"}}
	{"id":3054315,"type":"buy","buyer":"dswap","seller":"pi-trader","symbol":"SIM","quantity":"418.812","price":"0.00050827","timestamp":1648246794,"volume":"0.21287000","buyTxId":"cb09a80bf4c7f068f215fb50b638f2dbdb51ecec","sellTxId":"de64db9f0c4310f17a6b4763867e83ec4b130142-3"}
{"index": {"_index":"sim","_id":"3054424"}}
	{"id":3054424,"type":"sell","buyer":"pi-trader","seller":"kevinli","symbol":"SIM","quantity":"150000.000","price":"0.00043501","timestamp":1648247955,"volume":"65.25150000","buyTxId":"4d6dc1ef58c13838c76f5a3d485372593011a475-2","sellTxId":"79ad24c57aebffa913a7e62aecddd348d6cbed18"}
{"index": {"_index":"sim","_id":"3054432"}}
	{"id":3054432,"type":"sell","buyer":"pi-trader","seller":"kevinli","symbol":"SIM","quantity":"150000.000","price":"0.00043501","timestamp":1648248063,"volume":"65.25150000","buyTxId":"69e2a03552eb4a14e6ecb90c036cf01fe180f42f-2","sellTxId":"232ba432ca01cd25fdeb4b5f4d733e5464c28ef6"}
{"index": {"_index":"sim","_id":"3054433"}}
	{"id":3054433,"type":"buy","buyer":"svirus","seller":"kevinli","symbol":"SIM","quantity":"150000.000","price":"0.00043501","timestamp":1648248087,"volume":"65.25150000","buyTxId":"21c87d31c20b1e806d7e18260c88f0a0ecda507e-0","sellTxId":"21fce781722efbef97ddbd28a0f9dfcc19307b20"}
{"index": {"_index":"sim","_id":"3054436"}}
	{"id":3054436,"type":"sell","buyer":"pi-trader","seller":"kevinli","symbol":"SIM","quantity":"150000.000","price":"0.00043501","timestamp":1648248138,"volume":"65.25150000","buyTxId":"6e7da1c50546a450149446d2bccd2d4f818b543e-2","sellTxId":"a3d592fddce928a9e5353e3f249898fb9ccb4523"}
{"index": {"_index":"sim","_id":"3054556"}}
	{"id":3054556,"type":"sell","buyer":"d-pend","seller":"thranax","symbol":"SIM","quantity":"14.414","price":"0.00043500","timestamp":1648249386,"volume":"0.00627009","buyTxId":"c0c4a9c5da71753deefef9ebd76b47d0265267f2","sellTxId":"e223d4a1d9a4465f28a8496e88d2ba0641374483"}
{"index": {"_index":"sim","_id":"3054635"}}
	{"id":3054635,"type":"sell","buyer":"d-pend","seller":"desro","symbol":"SIM","quantity":"3000.000","price":"0.00043500","timestamp":1648250079,"volume":"1.30500000","buyTxId":"c0c4a9c5da71753deefef9ebd76b47d0265267f2","sellTxId":"6aaa091340d1aa5f4533a61086488113a3fa250c"}
{"index": {"_index":"sim","_id":"3054754"}}
	{"id":3054754,"type":"sell","buyer":"lammbock","seller":"svirus","symbol":"SIM","quantity":"10000.000","price":"0.00044400","timestamp":1648251216,"volume":"4.44000000","buyTxId":"081814ec167cafec3d0b52c2ab705ca503ce6179","sellTxId":"152af15d753f261f52941a449051c0a9b49341c1-1"}
{"index": {"_index":"sim","_id":"3054776"}}
	{"id":3054776,"type":"sell","buyer":"lammbock","seller":"svirus","symbol":"SIM","quantity":"10000.000","price":"0.00044400","timestamp":1648251630,"volume":"4.44000000","buyTxId":"18465475768b6cd0c9f63920bb4a59828cbee6cc","sellTxId":"8621b957950c7e6325a9b8f21b679c7042b96156-1"}
{"index": {"_index":"sim","_id":"3054831"}}
	{"id":3054831,"type":"sell","buyer":"d-pend","seller":"desro","symbol":"SIM","quantity":"1511.000","price":"0.00043500","timestamp":1648252065,"volume":"0.65728500","buyTxId":"c0c4a9c5da71753deefef9ebd76b47d0265267f2","sellTxId":"1d845d182df2275e20fe580801ffb1e6804cff34"}
{"index": {"_index":"sim","_id":"3054912"}}
	{"id":3054912,"type":"sell","buyer":"d-pend","seller":"bitcoinflood","symbol":"SIM","quantity":"92.137","price":"0.00043500","timestamp":1648252851,"volume":"0.04007960","buyTxId":"c0c4a9c5da71753deefef9ebd76b47d0265267f2","sellTxId":"15f0f43d9be79084929cff979d0eb890bb559faf"}
{"index": {"_index":"sim","_id":"3054993"}}
	{"id":3054993,"type":"sell","buyer":"d-pend","seller":"brofi-market","symbol":"SIM","quantity":"0.002","price":"0.00044000","timestamp":1648253634,"volume":"0.00000088","buyTxId":"0260e06e4b383d1864fd4993c5727eb6dea5dae1","sellTxId":"4d9bba182259de99c0f0b8cc1b840173c2bec0bc"}
{"index": {"_index":"sim","_id":"3055080"}}
	{"id":3055080,"type":"sell","buyer":"d-pend","seller":"kevinli","symbol":"SIM","quantity":"79999.998","price":"0.00044000","timestamp":1648254618,"volume":"35.19999912","buyTxId":"0260e06e4b383d1864fd4993c5727eb6dea5dae1","sellTxId":"6897a07bfbba69626d6474ae40931a17e6c36807"}
{"index": {"_index":"sim","_id":"3055094"}}
	{"id":3055094,"type":"sell","buyer":"d-pend","seller":"kevinli","symbol":"SIM","quantity":"95382.449","price":"0.00043500","timestamp":1648254849,"volume":"41.49136531","buyTxId":"c0c4a9c5da71753deefef9ebd76b47d0265267f2","sellTxId":"3a2fbe2ed8dfcacb47da72a8f67f23a68c83344c"}
{"index": {"_index":"sim","_id":"3055095"}}
	{"id":3055095,"type":"sell","buyer":"atomcollector","seller":"kevinli","symbol":"SIM","quantity":"10000.000","price":"0.00043310","timestamp":1648254849,"volume":"4.33100000","buyTxId":"b1b51d5a263c9a8bc3f24a004eccc760767992ba","sellTxId":"3a2fbe2ed8dfcacb47da72a8f67f23a68c83344c"}
{"index": {"_index":"sim","_id":"3055096"}}
	{"id":3055096,"type":"sell","buyer":"nyinyiwin","seller":"kevinli","symbol":"SIM","quantity":"2500.000","price":"0.00043300","timestamp":1648254849,"volume":"1.08250000","buyTxId":"b6cd2e5af7c03cec9d5d02fa2fdca03cb0139eba","sellTxId":"3a2fbe2ed8dfcacb47da72a8f67f23a68c83344c"}
{"index": {"_index":"sim","_id":"3055097"}}
	{"id":3055097,"type":"sell","buyer":"d-pend","seller":"kevinli","symbol":"SIM","quantity":"92117.551","price":"0.00043100","timestamp":1648254849,"volume":"39.70266448","buyTxId":"e241561347f6777493b9e45e034e46f77c146c6e","sellTxId":"3a2fbe2ed8dfcacb47da72a8f67f23a68c83344c"}
{"index": {"_index":"sim","_id":"3055103"}}
	{"id":3055103,"type":"sell","buyer":"pi-trader","seller":"kevinli","symbol":"SIM","quantity":"150000.000","price":"0.00043101","timestamp":1648254915,"volume":"64.65150000","buyTxId":"1f133d3594022b235e69fce3cabfb7119dfcd7c9-0","sellTxId":"3c85aa69b97b65bdaef97ab70ad41383c0e5790c"}
{"index": {"_index":"sim","_id":"3055104"}}
	{"id":3055104,"type":"sell","buyer":"d-pend","seller":"kevinli","symbol":"SIM","quantity":"7882.449","price":"0.00043100","timestamp":1648254915,"volume":"3.39733552","buyTxId":"e241561347f6777493b9e45e034e46f77c146c6e","sellTxId":"3c85aa69b97b65bdaef97ab70ad41383c0e5790c"}
{"index": {"_index":"sim","_id":"3055105"}}
	{"id":3055105,"type":"sell","buyer":"jfang003","seller":"kevinli","symbol":"SIM","quantity":"11625.000","price":"0.00043000","timestamp":1648254915,"volume":"4.99875000","buyTxId":"0083826f0b176510d235d5cf034b4c671a47d97c","sellTxId":"3c85aa69b97b65bdaef97ab70ad41383c0e5790c"}
{"index": {"_index":"sim","_id":"3055106"}}
	{"id":3055106,"type":"sell","buyer":"d-pend","seller":"kevinli","symbol":"SIM","quantity":"200000.000","price":"0.00042900","timestamp":1648254915,"volume":"85.80000000","buyTxId":"f100761725499716b06ba795bafffec9ec2d99cc","sellTxId":"3c85aa69b97b65bdaef97ab70ad41383c0e5790c"}
{"index": {"_index":"sim","_id":"3055107"}}
	{"id":3055107,"type":"sell","buyer":"meanbees","seller":"kevinli","symbol":"SIM","quantity":"50000.000","price":"0.00042700","timestamp":1648254915,"volume":"21.35000000","buyTxId":"82ac63cca7d6bfc58a99b692ea548193ee7668b9","sellTxId":"3c85aa69b97b65bdaef97ab70ad41383c0e5790c"}
{"index": {"_index":"sim","_id":"3055108"}}
	{"id":3055108,"type":"sell","buyer":"d-pend","seller":"kevinli","symbol":"SIM","quantity":"80492.551","price":"0.00042500","timestamp":1648254915,"volume":"34.20933418","buyTxId":"ed88b393df686621935e30912b088620eed242f1","sellTxId":"3c85aa69b97b65bdaef97ab70ad41383c0e5790c"}
{"index": {"_index":"sim","_id":"3055251"}}
	{"id":3055251,"type":"buy","buyer":"gsauce1989","seller":"pi-trader","symbol":"SIM","quantity":"5000.000","price":"0.00048115","timestamp":1648256877,"volume":"2.40575000","buyTxId":"2af5fd12b9ee27d755a8e642dd7f0481857318e0","sellTxId":"2644b455b070d11ed13fadcbddb24b943c5e12e4-7"}
{"index": {"_index":"sim","_id":"3055422"}}
	{"id":3055422,"type":"sell","buyer":"pi-trader","seller":"desro","symbol":"SIM","quantity":"2000.000","price":"0.00042501","timestamp":1648258653,"volume":"0.85002000","buyTxId":"643d7fc743d7f67a5281f2495fa1caa30655ae51-2","sellTxId":"a0e5194529b78f39fcedd336643bf2bb3ad59f6a"}
{"index": {"_index":"sim","_id":"3055485"}}
	{"id":3055485,"type":"buy","buyer":"gsauce1989","seller":"pi-trader","symbol":"SIM","quantity":"10000.000","price":"0.00047699","timestamp":1648259172,"volume":"4.76990000","buyTxId":"ed8ab8b2b54ebf353f81764304e21f4f6f101380","sellTxId":"5d5d5199b4b4e14b626f63870ee6ca3a27eb9c7d-9"}
{"index": {"_index":"sim","_id":"3055540"}}
	{"id":3055540,"type":"buy","buyer":"gsauce1989","seller":"pi-trader","symbol":"SIM","quantity":"10000.000","price":"0.00047595","timestamp":1648259877,"volume":"4.75950000","buyTxId":"7599be618aecd49313fa8c61b78c2df25605911b","sellTxId":"38cab44f1cc385b5a6e28210385e9c976551f17c-8"}
{"index": {"_index":"sim","_id":"3055543"}}
	{"id":3055543,"type":"sell","buyer":"pi-trader","seller":"thatcryptodave","symbol":"SIM","quantity":"2823.449","price":"0.00042501","timestamp":1648259904,"volume":"1.19999406","buyTxId":"c9a2d4e6f2a14d7e59667e164cea1a3da3d6942c-3","sellTxId":"f993dbf5f8fa708caa6041c644bfe86235866df9"}
{"index": {"_index":"sim","_id":"3055605"}}
	{"id":3055605,"type":"sell","buyer":"pi-trader","seller":"thatcryptodave","symbol":"SIM","quantity":"1439.429","price":"0.00042501","timestamp":1648260624,"volume":"0.61177172","buyTxId":"7ab246cfc8fffdfb0b430eeedd0576e248730c10-7","sellTxId":"19eefd46b9ae3747bede299caad8e01ed8c479fa"}
{"index": {"_index":"sim","_id":"3055991"}}
	{"id":3055991,"type":"sell","buyer":"pi-trader","seller":"rarej","symbol":"SIM","quantity":"2684.982","price":"0.00042501","timestamp":1648264875,"volume":"1.14114420","buyTxId":"8047c96390ce2e3661945d83215243171add15b4-3","sellTxId":"1401b0d20feaa8b0d940862343564815de7f135b"}
{"index": {"_index":"sim","_id":"3055992"}}
	{"id":3055992,"type":"sell","buyer":"pi-trader","seller":"laritheghost","symbol":"SIM","quantity":"6.830","price":"0.00042501","timestamp":1648264884,"volume":"0.00290282","buyTxId":"8047c96390ce2e3661945d83215243171add15b4-3","sellTxId":"78a85244e927322ef8a4773af76b5ef8b71d2380"}
{"index": {"_index":"sim","_id":"3056027"}}
	{"id":3056027,"type":"sell","buyer":"pi-trader","seller":"inri","symbol":"SIM","quantity":"20661.120","price":"0.00042501","timestamp":1648265346,"volume":"8.78118261","buyTxId":"d669e7534daeea4f4ec6e6a4b8b43f5552d6c2c9-3","sellTxId":"12b55d5fdf0af51cc29a0b9d5992f47e5058fb84"}
