{"index": {"_index":"sim","_id":"1254261"}}
	{"id":1254261,"type":"sell","buyer":"dcityfund","seller":"atongis","symbol":"SIM","quantity":"24.032","price":"0.00080500","timestamp":1627267887,"volume":"0.01934576","buyTxId":"a2a6f89c6d30dd627a4aea6e708043c377acecef","sellTxId":"91d62429c1a469f8b19483502dd1edce6541d549"}
{"index": {"_index":"sim","_id":"1254275"}}
	{"id":1254275,"type":"sell","buyer":"dcityfund","seller":"theoriginal86","symbol":"SIM","quantity":"1290.000","price":"0.00080500","timestamp":1627268202,"volume":"1.03845000","buyTxId":"a2a6f89c6d30dd627a4aea6e708043c377acecef","sellTxId":"d95566b0dc51d3227886f474e00087a3e29209d6"}
{"index": {"_index":"sim","_id":"1254280"}}
	{"id":1254280,"type":"buy","buyer":"polarmystro","seller":"nftmart.fees","symbol":"SIM","quantity":"390.000","price":"0.00088399","timestamp":1627268262,"volume":"0.34475610","buyTxId":"2d7d3159c565f1733ee9653742348038e49481df","sellTxId":"d0a1f8f6d4781fe2306746bf9c479e68f3f123b2-0"}
{"index": {"_index":"sim","_id":"1254281"}}
	{"id":1254281,"type":"buy","buyer":"polarmystro","seller":"mapac","symbol":"SIM","quantity":"1235.000","price":"0.00088400","timestamp":1627268262,"volume":"1.09174000","buyTxId":"2d7d3159c565f1733ee9653742348038e49481df","sellTxId":"2ec6ed8e4ff34a5bf111eec68b7fce767a10bfe9"}
{"index": {"_index":"sim","_id":"1254282"}}
	{"id":1254282,"type":"buy","buyer":"polarmystro","seller":"dhedge-drips","symbol":"SIM","quantity":"2.790","price":"0.00088999","timestamp":1627268262,"volume":"0.00248307","buyTxId":"2d7d3159c565f1733ee9653742348038e49481df","sellTxId":"ca557a8675e7ae91761f0f4fa2c2bdaca3e2ac93"}
{"index": {"_index":"sim","_id":"1254283"}}
	{"id":1254283,"type":"buy","buyer":"polarmystro","seller":"mpath","symbol":"SIM","quantity":"555.000","price":"0.00089000","timestamp":1627268262,"volume":"0.49395000","buyTxId":"2d7d3159c565f1733ee9653742348038e49481df","sellTxId":"ccc61f0d5f15b2dba497da7afe2ad9ce50b4ad4f"}
{"index": {"_index":"sim","_id":"1254284"}}
	{"id":1254284,"type":"buy","buyer":"polarmystro","seller":"mpath","symbol":"SIM","quantity":"555.000","price":"0.00089000","timestamp":1627268262,"volume":"0.49395000","buyTxId":"2d7d3159c565f1733ee9653742348038e49481df","sellTxId":"58668408025abf1ce3d48e7a6c842ce704ed2bd3"}
{"index": {"_index":"sim","_id":"1254285"}}
	{"id":1254285,"type":"buy","buyer":"polarmystro","seller":"solovey6o2","symbol":"SIM","quantity":"15941.506","price":"0.00089999","timestamp":1627268262,"volume":"14.34719598","buyTxId":"2d7d3159c565f1733ee9653742348038e49481df","sellTxId":"45578d81dc1e63b88a0a8a2c569b27177754bd3e"}
{"index": {"_index":"sim","_id":"1254286"}}
	{"id":1254286,"type":"buy","buyer":"polarmystro","seller":"steem-hodler","symbol":"SIM","quantity":"3584.360","price":"0.00090000","timestamp":1627268262,"volume":"3.22592485","buyTxId":"2d7d3159c565f1733ee9653742348038e49481df","sellTxId":"778ef08c1d4a2db348792a24d656282fefe93450"}
{"index": {"_index":"sim","_id":"1254380"}}
	{"id":1254380,"type":"buy","buyer":"morzex","seller":"steem-hodler","symbol":"SIM","quantity":"4888.888","price":"0.00090000","timestamp":1627270275,"volume":"4.4","buyTxId":"d319a43751e91a37c55f4c8440875a4f6dd7eee5","sellTxId":"778ef08c1d4a2db348792a24d656282fefe93450"}
{"index": {"_index":"sim","_id":"1254386"}}
	{"id":1254386,"type":"buy","buyer":"konvik","seller":"blue.rabbit","symbol":"SIM","quantity":"7241.000","price":"0.00081000","timestamp":1627270548,"volume":"5.86521000","buyTxId":"9556acb682da94f85ec4c7fea115fc9f50e4bfeb-0","sellTxId":"239689d0188a2dc638ea29f1894f432184e0ddcb"}
{"index": {"_index":"sim","_id":"1254389"}}
	{"id":1254389,"type":"sell","buyer":"konvik","seller":"blue.rabbit","symbol":"SIM","quantity":"0.072","price":"0.00081000","timestamp":1627270584,"volume":"0.00005832","buyTxId":"9556acb682da94f85ec4c7fea115fc9f50e4bfeb-0","sellTxId":"33aab61e6083aa288b8f86112c8b1df13fd8e85c"}
{"index": {"_index":"sim","_id":"1254390"}}
	{"id":1254390,"type":"sell","buyer":"dcityfund","seller":"blue.rabbit","symbol":"SIM","quantity":"7325.219","price":"0.00080500","timestamp":1627270584,"volume":"5.89680130","buyTxId":"a2a6f89c6d30dd627a4aea6e708043c377acecef","sellTxId":"33aab61e6083aa288b8f86112c8b1df13fd8e85c"}
{"index": {"_index":"sim","_id":"1254391"}}
	{"id":1254391,"type":"sell","buyer":"solovey6o2","seller":"blue.rabbit","symbol":"SIM","quantity":"13674.709","price":"0.00080401","timestamp":1627270584,"volume":"10.99460278","buyTxId":"4dfc33699caa1b29134d9fbb35b6712a6cb9fa2d","sellTxId":"33aab61e6083aa288b8f86112c8b1df13fd8e85c"}
{"index": {"_index":"sim","_id":"1254432"}}
	{"id":1254432,"type":"sell","buyer":"solovey6o2","seller":"artistparthoroy","symbol":"SIM","quantity":"1260.128","price":"0.00080401","timestamp":1627272096,"volume":"1.01315551","buyTxId":"4dfc33699caa1b29134d9fbb35b6712a6cb9fa2d","sellTxId":"660fba8f1783c9754c904643fe8cab5518027015"}
{"index": {"_index":"sim","_id":"1254433"}}
	{"id":1254433,"type":"sell","buyer":"solovey6o2","seller":"artistparthoroy","symbol":"SIM","quantity":"14395.872","price":"0.00080401","timestamp":1627272096,"volume":"11.57442505","buyTxId":"444385f38e35369878c1dc2dc09aaf3c9b994cc5","sellTxId":"660fba8f1783c9754c904643fe8cab5518027015"}
{"index": {"_index":"sim","_id":"1254437"}}
	{"id":1254437,"type":"buy","buyer":"nastyforce","seller":"nftmart.fees","symbol":"SIM","quantity":"444.000","price":"0.00089999","timestamp":1627272153,"volume":"0.39959556","buyTxId":"a3b373e573663454a81275c27d0c855a2f381e2b","sellTxId":"ff5d7a22d4801125e79fc0d50525f988b5fa32bf-0"}
{"index": {"_index":"sim","_id":"1254444"}}
	{"id":1254444,"type":"sell","buyer":"solovey6o2","seller":"bearbear613","symbol":"SIM","quantity":"3894.122","price":"0.00080401","timestamp":1627272681,"volume":"3.13091303","buyTxId":"444385f38e35369878c1dc2dc09aaf3c9b994cc5","sellTxId":"86e6db36f9e6937d8da34f93fb7da65092a9222e"}
{"index": {"_index":"sim","_id":"1254454"}}
	{"id":1254454,"type":"sell","buyer":"solovey6o2","seller":"daveks","symbol":"SIM","quantity":"3542.682","price":"0.00080401","timestamp":1627272837,"volume":"2.84835175","buyTxId":"444385f38e35369878c1dc2dc09aaf3c9b994cc5","sellTxId":"64285b716267f7bb395f0aeb3bfa57e73a962368"}
{"index": {"_index":"sim","_id":"1254455"}}
	{"id":1254455,"type":"sell","buyer":"solovey6o2","seller":"daveks","symbol":"SIM","quantity":"3364.318","price":"0.00080401","timestamp":1627272837,"volume":"2.70494532","buyTxId":"3db86876075673ed058059d37f0e605a36ec7ab2","sellTxId":"64285b716267f7bb395f0aeb3bfa57e73a962368"}
{"index": {"_index":"sim","_id":"1254533"}}
	{"id":1254533,"type":"sell","buyer":"gerber","seller":"hive.miner","symbol":"SIM","quantity":"142.010","price":"0.00081000","timestamp":1627275591,"volume":"0.11502810","buyTxId":"187c3f1656251d84f91a43518b8d520839f6f38b","sellTxId":"364cd0d060d5a8354e8a02bad2d9eb0829c20ba5"}
{"index": {"_index":"sim","_id":"1254564"}}
	{"id":1254564,"type":"sell","buyer":"gerber","seller":"kishan006","symbol":"SIM","quantity":"37175.098","price":"0.00081000","timestamp":1627276566,"volume":"30.11182938","buyTxId":"187c3f1656251d84f91a43518b8d520839f6f38b","sellTxId":"9ba72ecd2783475f0d68f1f39569445d20bceebf"}
{"index": {"_index":"sim","_id":"1254565"}}
	{"id":1254565,"type":"buy","buyer":"konvik","seller":"kishan006","symbol":"SIM","quantity":"4704.902","price":"0.00081000","timestamp":1627276569,"volume":"3.81097062","buyTxId":"f1a2558bdf71b5855f5ebb0834e85aa3d1b28cab-0","sellTxId":"9ba72ecd2783475f0d68f1f39569445d20bceebf"}
{"index": {"_index":"sim","_id":"1254580"}}
	{"id":1254580,"type":"sell","buyer":"joshh71390","seller":"steemwija","symbol":"SIM","quantity":"270.268","price":"0.00080500","timestamp":1627277439,"volume":"0.21756574","buyTxId":"5cc4ef6e3d60b0d7d4e09363e08f0086f64ddaba","sellTxId":"a411bf5b9c1810a02cde67ef83d73ac2355d4626"}
{"index": {"_index":"sim","_id":"1254595"}}
	{"id":1254595,"type":"sell","buyer":"joshh71390","seller":"muenchen","symbol":"SIM","quantity":"11729.732","price":"0.00080500","timestamp":1627278192,"volume":"9.44243426","buyTxId":"5cc4ef6e3d60b0d7d4e09363e08f0086f64ddaba","sellTxId":"511aa97b2c15c15597a2c30d9f7b2eacb172792e"}
{"index": {"_index":"sim","_id":"1254596"}}
	{"id":1254596,"type":"sell","buyer":"solovey6o2","seller":"muenchen","symbol":"SIM","quantity":"2263.268","price":"0.00080401","timestamp":1627278225,"volume":"1.81969010","buyTxId":"3db86876075673ed058059d37f0e605a36ec7ab2","sellTxId":"15e156a881f597236a9f4f117744d1042c465453"}
{"index": {"_index":"sim","_id":"1254606"}}
	{"id":1254606,"type":"sell","buyer":"solovey6o2","seller":"winebank","symbol":"SIM","quantity":"1748.000","price":"0.00080401","timestamp":1627278429,"volume":"1.40540948","buyTxId":"3db86876075673ed058059d37f0e605a36ec7ab2","sellTxId":"6f0593654e5ddcc949a6033ec81b65ae03f4e92c"}
{"index": {"_index":"sim","_id":"1254612"}}
	{"id":1254612,"type":"sell","buyer":"solovey6o2","seller":"asimo","symbol":"SIM","quantity":"80.362","price":"0.00080401","timestamp":1627278735,"volume":"0.06461185","buyTxId":"3db86876075673ed058059d37f0e605a36ec7ab2","sellTxId":"dd89870430a662f633dc70ee63c95ac172b9b7c6"}
{"index": {"_index":"sim","_id":"1254614"}}
	{"id":1254614,"type":"sell","buyer":"solovey6o2","seller":"trendotoken","symbol":"SIM","quantity":"70.958","price":"0.00080401","timestamp":1627278819,"volume":"0.05705094","buyTxId":"3db86876075673ed058059d37f0e605a36ec7ab2","sellTxId":"032b47761e343f646c5832e633ab2f395f6f8628"}
{"index": {"_index":"sim","_id":"1254624"}}
	{"id":1254624,"type":"sell","buyer":"solovey6o2","seller":"minnowspower","symbol":"SIM","quantity":"141.338","price":"0.00080401","timestamp":1627278999,"volume":"0.11363717","buyTxId":"3db86876075673ed058059d37f0e605a36ec7ab2","sellTxId":"7c0deedcbe45ef70c06cb22ccd7b2b31c6f4c136"}
{"index": {"_index":"sim","_id":"1254637"}}
	{"id":1254637,"type":"sell","buyer":"solovey6o2","seller":"theguruasia","symbol":"SIM","quantity":"153.179","price":"0.00080401","timestamp":1627279254,"volume":"0.12315745","buyTxId":"3db86876075673ed058059d37f0e605a36ec7ab2","sellTxId":"3a040cb57b6a95b2de249e9a6208e54e1f786876"}
{"index": {"_index":"sim","_id":"1254646"}}
	{"id":1254646,"type":"buy","buyer":"damus-nostra","seller":"nftmart.fees","symbol":"SIM","quantity":"396.000","price":"0.00088997","timestamp":1627279479,"volume":"0.35242812","buyTxId":"3a703fd30e9e74456e686993d757b7ba05c9d777","sellTxId":"a6c4a3e6dfc09fd75923f02858c708354f8fa1b9-0"}
{"index": {"_index":"sim","_id":"1254647"}}
	{"id":1254647,"type":"sell","buyer":"damus-nostra","seller":"konvik","symbol":"SIM","quantity":"8002.069","price":"0.00088997","timestamp":1627279482,"volume":"7.12160135","buyTxId":"3a703fd30e9e74456e686993d757b7ba05c9d777","sellTxId":"0ede248cb597e14c055ee5c168a5f7fc1505e987-1"}
{"index": {"_index":"sim","_id":"1254650"}}
	{"id":1254650,"type":"sell","buyer":"damus-nostra","seller":"nftmart.fees","symbol":"SIM","quantity":"7.931","price":"0.00088997","timestamp":1627279539,"volume":"0.00705835","buyTxId":"3a703fd30e9e74456e686993d757b7ba05c9d777","sellTxId":"af878679ffc5044665ece189b8f7768582d0de89-0"}
{"index": {"_index":"sim","_id":"1254738"}}
	{"id":1254738,"type":"sell","buyer":"solovey6o2","seller":"dhedge-drips","symbol":"SIM","quantity":"7.656","price":"0.00080401","timestamp":1627281921,"volume":"0.00615550","buyTxId":"3db86876075673ed058059d37f0e605a36ec7ab2","sellTxId":"fb23f92797501a3c3d3e77ddebf466e099fac521"}
{"index": {"_index":"sim","_id":"1254775"}}
	{"id":1254775,"type":"sell","buyer":"solovey6o2","seller":"monsterjamgold","symbol":"SIM","quantity":"1879.000","price":"0.00080401","timestamp":1627282428,"volume":"1.51073479","buyTxId":"3db86876075673ed058059d37f0e605a36ec7ab2","sellTxId":"2b13646dc9e51484d53447124e11b4ce6c04da06"}
{"index": {"_index":"sim","_id":"1254833"}}
	{"id":1254833,"type":"buy","buyer":"mushanov","seller":"nftmart.fees","symbol":"SIM","quantity":"490.000","price":"0.00088996","timestamp":1627283910,"volume":"0.43608040","buyTxId":"dc96e9de754750ce85b4abda8c5e0d88a444b479","sellTxId":"ea5f9f2c9cb533946784d58877b6c654e804d3d4-0"}
{"index": {"_index":"sim","_id":"1254835"}}
	{"id":1254835,"type":"sell","buyer":"solovey6o2","seller":"forykw","symbol":"SIM","quantity":"51612.973","price":"0.00080401","timestamp":1627283994,"volume":"41.49734642","buyTxId":"3db86876075673ed058059d37f0e605a36ec7ab2","sellTxId":"bb83e4d806006bc0d8c630dd19c7a62c42ba461d"}
{"index": {"_index":"sim","_id":"1254836"}}
	{"id":1254836,"type":"sell","buyer":"solovey6o2","seller":"forykw","symbol":"SIM","quantity":"11613.182","price":"0.00080401","timestamp":1627283994,"volume":"9.33711446","buyTxId":"fe7a3fb6e869b77f573b0bd0fd8f4cba0fdc6d7b","sellTxId":"bb83e4d806006bc0d8c630dd19c7a62c42ba461d"}
{"index": {"_index":"sim","_id":"1254837"}}
	{"id":1254837,"type":"sell","buyer":"solovey6o2","seller":"forykw","symbol":"SIM","quantity":"7747.192","price":"0.00080401","timestamp":1627283994,"volume":"6.22881984","buyTxId":"5628379a015ba32cdfce1cb3f04d271ad147c246","sellTxId":"bb83e4d806006bc0d8c630dd19c7a62c42ba461d"}
{"index": {"_index":"sim","_id":"1254838"}}
	{"id":1254838,"type":"sell","buyer":"solovey6o2","seller":"forykw","symbol":"SIM","quantity":"6741.180","price":"0.00080401","timestamp":1627283994,"volume":"5.41997613","buyTxId":"e87777f89ecf27c0d4baae09cb0ad0bb76fc8799","sellTxId":"bb83e4d806006bc0d8c630dd19c7a62c42ba461d"}
{"index": {"_index":"sim","_id":"1254839"}}
	{"id":1254839,"type":"buy","buyer":"mushanov","seller":"dhedge-drips","symbol":"SIM","quantity":"7.656","price":"0.00088997","timestamp":1627284018,"volume":"0.00681361","buyTxId":"40f2e582b2406ffceaa8ebeee6eadcc770657852","sellTxId":"6babe932ba703651d82cf93dff08b73dc18c1c1c"}
{"index": {"_index":"sim","_id":"1254840"}}
	{"id":1254840,"type":"buy","buyer":"mushanov","seller":"conure","symbol":"SIM","quantity":"524.000","price":"0.00088998","timestamp":1627284018,"volume":"0.46634952","buyTxId":"40f2e582b2406ffceaa8ebeee6eadcc770657852","sellTxId":"59898ccd4c7d7bc24b3f2080e43d12992c36ca88"}
{"index": {"_index":"sim","_id":"1254841"}}
	{"id":1254841,"type":"buy","buyer":"mushanov","seller":"nastyforce","symbol":"SIM","quantity":"1000.000","price":"0.00089000","timestamp":1627284018,"volume":"0.89000000","buyTxId":"40f2e582b2406ffceaa8ebeee6eadcc770657852","sellTxId":"130085b77321f56ff743fff88e068b19c118b021"}
{"index": {"_index":"sim","_id":"1254842"}}
	{"id":1254842,"type":"buy","buyer":"mushanov","seller":"steem-hodler","symbol":"SIM","quantity":"1068.344","price":"0.00090000","timestamp":1627284018,"volume":"0.96150960","buyTxId":"40f2e582b2406ffceaa8ebeee6eadcc770657852","sellTxId":"778ef08c1d4a2db348792a24d656282fefe93450"}
{"index": {"_index":"sim","_id":"1254918"}}
	{"id":1254918,"type":"sell","buyer":"mmrx","seller":"fantasycrypto","symbol":"SIM","quantity":"283.100","price":"0.00080402","timestamp":1627286274,"volume":"0.22761806","buyTxId":"MM-P-8992647-55973527-3-41-0","sellTxId":"191960c5e197b0750d356b33996ade3a78209d65"}
{"index": {"_index":"sim","_id":"1254950"}}
	{"id":1254950,"type":"buy","buyer":"gerber","seller":"mmrx","symbol":"SIM","quantity":"283.100","price":"0.00089996","timestamp":1627287060,"volume":"0.25477868","buyTxId":"4cabe4d6046d592d3de17a9da114b6947494167b","sellTxId":"MM-P-8993539-55974424-3-41-0"}
{"index": {"_index":"sim","_id":"1254951"}}
	{"id":1254951,"type":"buy","buyer":"gerber","seller":"nftmart.fees","symbol":"SIM","quantity":"426.000","price":"0.00089997","timestamp":1627287060,"volume":"0.38338722","buyTxId":"4cabe4d6046d592d3de17a9da114b6947494167b","sellTxId":"a39b6e8ac23ab2e4cf1995d33e0cb839a67c0198-0"}
{"index": {"_index":"sim","_id":"1254952"}}
	{"id":1254952,"type":"buy","buyer":"gerber","seller":"steem-hodler","symbol":"SIM","quantity":"43894.855","price":"0.00090000","timestamp":1627287060,"volume":"39.50536950","buyTxId":"4cabe4d6046d592d3de17a9da114b6947494167b","sellTxId":"778ef08c1d4a2db348792a24d656282fefe93450"}
{"index": {"_index":"sim","_id":"1254953"}}
	{"id":1254953,"type":"buy","buyer":"gerber","seller":"jackdoe","symbol":"SIM","quantity":"42028.000","price":"0.00090000","timestamp":1627287060,"volume":"37.82520000","buyTxId":"4cabe4d6046d592d3de17a9da114b6947494167b","sellTxId":"63155c311cbc83ae06775957da38d3cab3cf8f98"}
{"index": {"_index":"sim","_id":"1254954"}}
	{"id":1254954,"type":"buy","buyer":"gerber","seller":"jackdoe","symbol":"SIM","quantity":"71250.000","price":"0.00090000","timestamp":1627287060,"volume":"64.12500000","buyTxId":"4cabe4d6046d592d3de17a9da114b6947494167b","sellTxId":"2ecbc2e010d4a232a0c3487b02f3adc9c75ff3c2"}
{"index": {"_index":"sim","_id":"1254955"}}
	{"id":1254955,"type":"buy","buyer":"gerber","seller":"dcityfund","symbol":"SIM","quantity":"1809.102","price":"0.00090000","timestamp":1627287060,"volume":"1.62819180","buyTxId":"4cabe4d6046d592d3de17a9da114b6947494167b","sellTxId":"103b6371ca408ef5db716b36f96ea6de45b38cf7"}
{"index": {"_index":"sim","_id":"1254956"}}
	{"id":1254956,"type":"buy","buyer":"gerber","seller":"dcityfund","symbol":"SIM","quantity":"2634.896","price":"0.00090000","timestamp":1627287060,"volume":"2.37140640","buyTxId":"4cabe4d6046d592d3de17a9da114b6947494167b","sellTxId":"3b54c8ad62a04452ae60bf4798cad0c1d365420a"}
{"index": {"_index":"sim","_id":"1254957"}}
	{"id":1254957,"type":"buy","buyer":"gerber","seller":"dcityfund","symbol":"SIM","quantity":"1275.818","price":"0.00090000","timestamp":1627287060,"volume":"1.14823620","buyTxId":"4cabe4d6046d592d3de17a9da114b6947494167b","sellTxId":"635eda91cb20686bc89a32427f15feb29b8f1c4c"}
{"index": {"_index":"sim","_id":"1254958"}}
	{"id":1254958,"type":"buy","buyer":"gerber","seller":"dcityfund","symbol":"SIM","quantity":"1622.863","price":"0.00090000","timestamp":1627287060,"volume":"1.46057670","buyTxId":"4cabe4d6046d592d3de17a9da114b6947494167b","sellTxId":"c0173a9b9e4a6911b1bb4e549cd1bae878338fab"}
{"index": {"_index":"sim","_id":"1254959"}}
	{"id":1254959,"type":"buy","buyer":"gerber","seller":"dcityfund","symbol":"SIM","quantity":"1747.941","price":"0.00090000","timestamp":1627287060,"volume":"1.57314690","buyTxId":"4cabe4d6046d592d3de17a9da114b6947494167b","sellTxId":"fcaef6b7e311d4469117f34102af1aacabc61f87"}
{"index": {"_index":"sim","_id":"1254960"}}
	{"id":1254960,"type":"buy","buyer":"gerber","seller":"dcityfund","symbol":"SIM","quantity":"1869.428","price":"0.00090000","timestamp":1627287060,"volume":"1.68248520","buyTxId":"4cabe4d6046d592d3de17a9da114b6947494167b","sellTxId":"b1be3b2b56464cbac45198aca2449058d64ae8e5"}
{"index": {"_index":"sim","_id":"1254961"}}
	{"id":1254961,"type":"buy","buyer":"gerber","seller":"dcityfund","symbol":"SIM","quantity":"2201.599","price":"0.00090000","timestamp":1627287060,"volume":"1.98143910","buyTxId":"4cabe4d6046d592d3de17a9da114b6947494167b","sellTxId":"2288732378851043afaf75367ac06bdedfeda6bf"}
{"index": {"_index":"sim","_id":"1254962"}}
	{"id":1254962,"type":"buy","buyer":"gerber","seller":"dcityfund","symbol":"SIM","quantity":"2313.684","price":"0.00090000","timestamp":1627287060,"volume":"2.08231560","buyTxId":"4cabe4d6046d592d3de17a9da114b6947494167b","sellTxId":"b51d2ac96ced61f96d912bc7a5ec5a1e713f75bc"}
{"index": {"_index":"sim","_id":"1254963"}}
	{"id":1254963,"type":"buy","buyer":"gerber","seller":"dcityfund","symbol":"SIM","quantity":"2633.831","price":"0.00090000","timestamp":1627287060,"volume":"2.37044790","buyTxId":"4cabe4d6046d592d3de17a9da114b6947494167b","sellTxId":"f1a1b4897dc7659f0c9bdf8b66cd10860c2cf7df"}
{"index": {"_index":"sim","_id":"1254964"}}
	{"id":1254964,"type":"buy","buyer":"gerber","seller":"dcityfund","symbol":"SIM","quantity":"3155.793","price":"0.00090000","timestamp":1627287060,"volume":"2.84021370","buyTxId":"4cabe4d6046d592d3de17a9da114b6947494167b","sellTxId":"541463a0dcaa6766db1ad7bda66fb7a33d6caca6"}
{"index": {"_index":"sim","_id":"1254965"}}
	{"id":1254965,"type":"buy","buyer":"gerber","seller":"dcityfund","symbol":"SIM","quantity":"3455.882","price":"0.00090000","timestamp":1627287060,"volume":"3.11029380","buyTxId":"4cabe4d6046d592d3de17a9da114b6947494167b","sellTxId":"69e0867812748bb2a0f34e3e8e97dd841359120a"}
{"index": {"_index":"sim","_id":"1254966"}}
	{"id":1254966,"type":"buy","buyer":"gerber","seller":"dcityfund","symbol":"SIM","quantity":"3541.094","price":"0.00090000","timestamp":1627287060,"volume":"3.18698460","buyTxId":"4cabe4d6046d592d3de17a9da114b6947494167b","sellTxId":"f34383a7d3bccaf7c3eb644f7bfa026ca72e086b"}
{"index": {"_index":"sim","_id":"1254967"}}
	{"id":1254967,"type":"buy","buyer":"gerber","seller":"dcityfund","symbol":"SIM","quantity":"3623.175","price":"0.00090000","timestamp":1627287060,"volume":"3.26085750","buyTxId":"4cabe4d6046d592d3de17a9da114b6947494167b","sellTxId":"c72c9999412e4918092551c00fca5c96c84ec815"}
{"index": {"_index":"sim","_id":"1254968"}}
	{"id":1254968,"type":"buy","buyer":"gerber","seller":"dcityfund","symbol":"SIM","quantity":"2541.969","price":"0.00090000","timestamp":1627287060,"volume":"2.28777210","buyTxId":"4cabe4d6046d592d3de17a9da114b6947494167b","sellTxId":"09ef6af6caf267023be13d6fc5d539ef7b6cea59"}
{"index": {"_index":"sim","_id":"1254969"}}
	{"id":1254969,"type":"buy","buyer":"gerber","seller":"dcityfund","symbol":"SIM","quantity":"2856.608","price":"0.00090000","timestamp":1627287060,"volume":"2.57094720","buyTxId":"4cabe4d6046d592d3de17a9da114b6947494167b","sellTxId":"2b74b75da17662e30b9a9e7a5dbe88fb336ec21a"}
{"index": {"_index":"sim","_id":"1254970"}}
	{"id":1254970,"type":"buy","buyer":"gerber","seller":"dcityfund","symbol":"SIM","quantity":"2959.900","price":"0.00090000","timestamp":1627287060,"volume":"2.66391000","buyTxId":"4cabe4d6046d592d3de17a9da114b6947494167b","sellTxId":"3d4e1c544e5dc93be03c3b4f6081672359f5d15d"}
{"index": {"_index":"sim","_id":"1254971"}}
	{"id":1254971,"type":"buy","buyer":"gerber","seller":"dcityfund","symbol":"SIM","quantity":"3261.483","price":"0.00090000","timestamp":1627287060,"volume":"2.93533470","buyTxId":"4cabe4d6046d592d3de17a9da114b6947494167b","sellTxId":"fb3a43d47115e767b0c92b3896b0e6a31454c6c5"}
{"index": {"_index":"sim","_id":"1254972"}}
	{"id":1254972,"type":"buy","buyer":"gerber","seller":"dcityfund","symbol":"SIM","quantity":"3353.931","price":"0.00090000","timestamp":1627287060,"volume":"3.01853790","buyTxId":"4cabe4d6046d592d3de17a9da114b6947494167b","sellTxId":"9215a5e6e3a4dae9f64cdc90b52a8ad53754be22"}
{"index": {"_index":"sim","_id":"1254973"}}
	{"id":1254973,"type":"buy","buyer":"gerber","seller":"dcityfund","symbol":"SIM","quantity":"3642.492","price":"0.00090000","timestamp":1627287060,"volume":"3.27824280","buyTxId":"4cabe4d6046d592d3de17a9da114b6947494167b","sellTxId":"5d61692ae7fec409d9e6e3db46bb993aa4ff01ae"}
{"index": {"_index":"sim","_id":"1254974"}}
	{"id":1254974,"type":"buy","buyer":"gerber","seller":"dcityfund","symbol":"SIM","quantity":"3724.384","price":"0.00090000","timestamp":1627287060,"volume":"3.35194560","buyTxId":"4cabe4d6046d592d3de17a9da114b6947494167b","sellTxId":"2695696bb0ac081ebf5f84a32736239865ac4e1c"}
{"index": {"_index":"sim","_id":"1254975"}}
	{"id":1254975,"type":"buy","buyer":"gerber","seller":"dcityfund","symbol":"SIM","quantity":"4007.471","price":"0.00090000","timestamp":1627287060,"volume":"3.60672390","buyTxId":"4cabe4d6046d592d3de17a9da114b6947494167b","sellTxId":"56991eaa4896a2ba1c7d67b77e8345894c1566bb"}
{"index": {"_index":"sim","_id":"1254976"}}
	{"id":1254976,"type":"buy","buyer":"gerber","seller":"dcityfund","symbol":"SIM","quantity":"4079.012","price":"0.00090000","timestamp":1627287060,"volume":"3.67111080","buyTxId":"4cabe4d6046d592d3de17a9da114b6947494167b","sellTxId":"39587c6207ea5117729b9a9ad46a6d54c087b278"}
{"index": {"_index":"sim","_id":"1254977"}}
	{"id":1254977,"type":"buy","buyer":"gerber","seller":"dcityfund","symbol":"SIM","quantity":"4341.324","price":"0.00090000","timestamp":1627287060,"volume":"3.90719160","buyTxId":"4cabe4d6046d592d3de17a9da114b6947494167b","sellTxId":"2a83922073415ba2808520f10c69c323a5508f9e"}
{"index": {"_index":"sim","_id":"1254978"}}
	{"id":1254978,"type":"buy","buyer":"gerber","seller":"dcityfund","symbol":"SIM","quantity":"4402.777","price":"0.00090000","timestamp":1627287060,"volume":"3.96249930","buyTxId":"4cabe4d6046d592d3de17a9da114b6947494167b","sellTxId":"1832abcef2e8a1efe12a3be94604703a8c775692"}
{"index": {"_index":"sim","_id":"1254979"}}
	{"id":1254979,"type":"buy","buyer":"gerber","seller":"dcityfund","symbol":"SIM","quantity":"4651.784","price":"0.00090000","timestamp":1627287060,"volume":"4.18660560","buyTxId":"4cabe4d6046d592d3de17a9da114b6947494167b","sellTxId":"0bf01bf15f99b1a27c691004670431c933b69ad0"}
{"index": {"_index":"sim","_id":"1254980"}}
	{"id":1254980,"type":"buy","buyer":"gerber","seller":"dcityfund","symbol":"SIM","quantity":"4891.943","price":"0.00090000","timestamp":1627287060,"volume":"4.40274870","buyTxId":"4cabe4d6046d592d3de17a9da114b6947494167b","sellTxId":"34a0514d8423ed631b7f8eb7b5280e66b03dba75"}
{"index": {"_index":"sim","_id":"1254981"}}
	{"id":1254981,"type":"buy","buyer":"gerber","seller":"dcityfund","symbol":"SIM","quantity":"4935.815","price":"0.00090000","timestamp":1627287060,"volume":"4.44223350","buyTxId":"4cabe4d6046d592d3de17a9da114b6947494167b","sellTxId":"662d07463d8f381e98fa062b18e0d888e6ad4f18"}
{"index": {"_index":"sim","_id":"1254982"}}
	{"id":1254982,"type":"buy","buyer":"gerber","seller":"dcityfund","symbol":"SIM","quantity":"4976.887","price":"0.00090000","timestamp":1627287060,"volume":"4.47919830","buyTxId":"4cabe4d6046d592d3de17a9da114b6947494167b","sellTxId":"033628c553c5001927944adeb22708ef5a921ed2"}
{"index": {"_index":"sim","_id":"1254983"}}
	{"id":1254983,"type":"buy","buyer":"gerber","seller":"dcityfund","symbol":"SIM","quantity":"5199.515","price":"0.00090000","timestamp":1627287060,"volume":"4.67956350","buyTxId":"4cabe4d6046d592d3de17a9da114b6947494167b","sellTxId":"be969a6b0cce3e53269f316e61712feca884417a"}
{"index": {"_index":"sim","_id":"1254984"}}
	{"id":1254984,"type":"buy","buyer":"gerber","seller":"dcityfund","symbol":"SIM","quantity":"5230.957","price":"0.00090000","timestamp":1627287060,"volume":"4.70786130","buyTxId":"4cabe4d6046d592d3de17a9da114b6947494167b","sellTxId":"32b02bfd266d2dd3553376cf616a6e501a30da23"}
{"index": {"_index":"sim","_id":"1254985"}}
	{"id":1254985,"type":"buy","buyer":"gerber","seller":"dcityfund","symbol":"SIM","quantity":"5259.716","price":"0.00090000","timestamp":1627287060,"volume":"4.73374440","buyTxId":"4cabe4d6046d592d3de17a9da114b6947494167b","sellTxId":"cea856c8fd084c07b72a39c7c1689b2a02181057"}
{"index": {"_index":"sim","_id":"1254986"}}
	{"id":1254986,"type":"buy","buyer":"gerber","seller":"dcityfund","symbol":"SIM","quantity":"5465.365","price":"0.00090000","timestamp":1627287060,"volume":"4.91882850","buyTxId":"4cabe4d6046d592d3de17a9da114b6947494167b","sellTxId":"9f47c3dc3b12817275630d3fdfb7f448ad4d3f4f"}
{"index": {"_index":"sim","_id":"1254987"}}
	{"id":1254987,"type":"buy","buyer":"gerber","seller":"dcityfund","symbol":"SIM","quantity":"5662.435","price":"0.00090000","timestamp":1627287060,"volume":"5.09619150","buyTxId":"4cabe4d6046d592d3de17a9da114b6947494167b","sellTxId":"f488ee1eb634ed5cb02092a84685cc9b0cf335a5"}
{"index": {"_index":"sim","_id":"1254988"}}
	{"id":1254988,"type":"buy","buyer":"gerber","seller":"dcityfund","symbol":"SIM","quantity":"5675.109","price":"0.00090000","timestamp":1627287060,"volume":"5.10759810","buyTxId":"4cabe4d6046d592d3de17a9da114b6947494167b","sellTxId":"ce67dfb199fe94ef5eef9873df07d3a0fd027147"}
{"index": {"_index":"sim","_id":"1254989"}}
	{"id":1254989,"type":"buy","buyer":"gerber","seller":"dcityfund","symbol":"SIM","quantity":"5685.828","price":"0.00090000","timestamp":1627287060,"volume":"5.11724520","buyTxId":"4cabe4d6046d592d3de17a9da114b6947494167b","sellTxId":"f62d8e8328d5fd5cb933b714ea8749a259907bd6"}
{"index": {"_index":"sim","_id":"1254990"}}
	{"id":1254990,"type":"buy","buyer":"gerber","seller":"dcityfund","symbol":"SIM","quantity":"5866.286","price":"0.00090000","timestamp":1627287060,"volume":"5.27965740","buyTxId":"4cabe4d6046d592d3de17a9da114b6947494167b","sellTxId":"e97cd3788ce063a2fdf8ec19628c931fa44d4b7c"}
{"index": {"_index":"sim","_id":"1254991"}}
	{"id":1254991,"type":"buy","buyer":"gerber","seller":"dcityfund","symbol":"SIM","quantity":"6038.948","price":"0.00090000","timestamp":1627287060,"volume":"5.43505320","buyTxId":"4cabe4d6046d592d3de17a9da114b6947494167b","sellTxId":"f365d63311429dee33f9ab2a6ae2e46cc4bffc4f"}
{"index": {"_index":"sim","_id":"1254992"}}
	{"id":1254992,"type":"buy","buyer":"gerber","seller":"dcityfund","symbol":"SIM","quantity":"6034.462","price":"0.00090000","timestamp":1627287060,"volume":"5.43101580","buyTxId":"4cabe4d6046d592d3de17a9da114b6947494167b","sellTxId":"3df93e1b881dc2d9d4cd1d78b6717603fab9795e"}
{"index": {"_index":"sim","_id":"1254993"}}
	{"id":1254993,"type":"buy","buyer":"gerber","seller":"dcityfund","symbol":"SIM","quantity":"6194.380","price":"0.00090000","timestamp":1627287060,"volume":"5.57494200","buyTxId":"4cabe4d6046d592d3de17a9da114b6947494167b","sellTxId":"b29df05c4243fc30474b7271d52779f73ac8f6cd"}
{"index": {"_index":"sim","_id":"1254994"}}
	{"id":1254994,"type":"buy","buyer":"gerber","seller":"dcityfund","symbol":"SIM","quantity":"6181.743","price":"0.00090000","timestamp":1627287060,"volume":"5.56356870","buyTxId":"4cabe4d6046d592d3de17a9da114b6947494167b","sellTxId":"2de869b8195f2e88a6ea8885108d0ad158d87f8c"}
{"index": {"_index":"sim","_id":"1254995"}}
	{"id":1254995,"type":"buy","buyer":"gerber","seller":"dcityfund","symbol":"SIM","quantity":"6330.101","price":"0.00090000","timestamp":1627287060,"volume":"5.69709090","buyTxId":"4cabe4d6046d592d3de17a9da114b6947494167b","sellTxId":"82ff03cffe5a729ca7cd602d2bf4943358690262"}
{"index": {"_index":"sim","_id":"1254996"}}
	{"id":1254996,"type":"buy","buyer":"gerber","seller":"dcityfund","symbol":"SIM","quantity":"6309.543","price":"0.00090000","timestamp":1627287060,"volume":"5.67858870","buyTxId":"4cabe4d6046d592d3de17a9da114b6947494167b","sellTxId":"5d847989d40cab8a98574ec2d87adfcab113fe2b"}
{"index": {"_index":"sim","_id":"1254997"}}
	{"id":1254997,"type":"buy","buyer":"gerber","seller":"dcityfund","symbol":"SIM","quantity":"3804.131","price":"0.00090000","timestamp":1627287060,"volume":"3.42371800","buyTxId":"4cabe4d6046d592d3de17a9da114b6947494167b","sellTxId":"fdbf43fe4418b6d5433c9c6510951d64fde5ff1f"}
{"index": {"_index":"sim","_id":"1255120"}}
	{"id":1255120,"type":"sell","buyer":"solovey6o2","seller":"hiveupme","symbol":"SIM","quantity":"72.000","price":"0.00085101","timestamp":1627290783,"volume":"0.06127272","buyTxId":"9e77073efdea26728140a1b5c4988b0b2e75284d","sellTxId":"457888a0d0c1337015bb90e81c0b5e54c1c990bb"}
{"index": {"_index":"sim","_id":"1255143"}}
	{"id":1255143,"type":"sell","buyer":"solovey6o2","seller":"news-today","symbol":"SIM","quantity":"21218.614","price":"0.00085101","timestamp":1627292130,"volume":"18.05725270","buyTxId":"9e77073efdea26728140a1b5c4988b0b2e75284d","sellTxId":"b3d03f0c77471f491adf0ed868c1ed9ea5d602c1"}
{"index": {"_index":"sim","_id":"1255144"}}
	{"id":1255144,"type":"sell","buyer":"solovey6o2","seller":"news-today","symbol":"SIM","quantity":"3181.386","price":"0.00085101","timestamp":1627292130,"volume":"2.70739130","buyTxId":"c8fb7f0e1218377c1c65ca5fc62da64af339f9eb","sellTxId":"b3d03f0c77471f491adf0ed868c1ed9ea5d602c1"}
{"index": {"_index":"sim","_id":"1255153"}}
	{"id":1255153,"type":"sell","buyer":"solovey6o2","seller":"konvik","symbol":"SIM","quantity":"22856.974","price":"0.00085101","timestamp":1627292529,"volume":"19.45151344","buyTxId":"c8fb7f0e1218377c1c65ca5fc62da64af339f9eb","sellTxId":"5a063006cc303a2350ad27c7f08e9ab199e95bce-1"}
{"index": {"_index":"sim","_id":"1255154"}}
	{"id":1255154,"type":"sell","buyer":"solovey6o2","seller":"konvik","symbol":"SIM","quantity":"22.652","price":"0.00085101","timestamp":1627292556,"volume":"0.01927708","buyTxId":"c8fb7f0e1218377c1c65ca5fc62da64af339f9eb","sellTxId":"ff5933b4caf83b9d430f9739d020f3469c03ef42-1"}
{"index": {"_index":"sim","_id":"1255155"}}
	{"id":1255155,"type":"sell","buyer":"solovey6o2","seller":"konvik","symbol":"SIM","quantity":"53727.165","price":"0.00085101","timestamp":1627292556,"volume":"45.72235469","buyTxId":"bd9aadce4cf004856a436bab68aedebe835a418b","sellTxId":"ff5933b4caf83b9d430f9739d020f3469c03ef42-1"}
{"index": {"_index":"sim","_id":"1255158"}}
	{"id":1255158,"type":"sell","buyer":"solovey6o2","seller":"konvik","symbol":"SIM","quantity":"75.919","price":"0.00085101","timestamp":1627292598,"volume":"0.06460782","buyTxId":"bd9aadce4cf004856a436bab68aedebe835a418b","sellTxId":"a99e06baff0a0332539f29cfd47d0a319fea52a3-1"}
{"index": {"_index":"sim","_id":"1255159"}}
	{"id":1255159,"type":"sell","buyer":"solovey6o2","seller":"konvik","symbol":"SIM","quantity":"20617.903","price":"0.00085101","timestamp":1627292598,"volume":"17.54604163","buyTxId":"aec76d11200d85dff70994822c39c855693ab49f","sellTxId":"a99e06baff0a0332539f29cfd47d0a319fea52a3-1"}
{"index": {"_index":"sim","_id":"1255160"}}
	{"id":1255160,"type":"sell","buyer":"solovey6o2","seller":"luca-legend","symbol":"SIM","quantity":"96.427","price":"0.00085101","timestamp":1627292604,"volume":"0.08206034","buyTxId":"aec76d11200d85dff70994822c39c855693ab49f","sellTxId":"8b7129544877451a321e976642943e05504bc3aa"}
{"index": {"_index":"sim","_id":"1255161"}}
	{"id":1255161,"type":"sell","buyer":"dcityfund","seller":"luca-legend","symbol":"SIM","quantity":"14428.835","price":"0.00085100","timestamp":1627292604,"volume":"12.27893859","buyTxId":"8b69b92c7bda3416e58c4cf0d091eba953be00d3","sellTxId":"8b7129544877451a321e976642943e05504bc3aa"}
{"index": {"_index":"sim","_id":"1255162"}}
	{"id":1255162,"type":"sell","buyer":"notaboutme","seller":"luca-legend","symbol":"SIM","quantity":"16000.000","price":"0.00085000","timestamp":1627292604,"volume":"13.60000000","buyTxId":"c4a71b4552fc026c3f7abb4e8e73692c8ed49f1e","sellTxId":"8b7129544877451a321e976642943e05504bc3aa"}
{"index": {"_index":"sim","_id":"1255163"}}
	{"id":1255163,"type":"sell","buyer":"dcityfund","seller":"konvik","symbol":"SIM","quantity":"17526.545","price":"0.00082000","timestamp":1627292619,"volume":"14.37176690","buyTxId":"71f469b41f1e12d42aa84360ee41981bae71f3b8","sellTxId":"af8f7b947990788976a6e5241ebf029aab7e3a30-1"}
{"index": {"_index":"sim","_id":"1255164"}}
	{"id":1255164,"type":"sell","buyer":"dcityfund","seller":"konvik","symbol":"SIM","quantity":"17.369","price":"0.00082000","timestamp":1627292682,"volume":"0.01424258","buyTxId":"71f469b41f1e12d42aa84360ee41981bae71f3b8","sellTxId":"9a5892e836046595421018a230e85a1a0995ce27-1"}
{"index": {"_index":"sim","_id":"1255165"}}
	{"id":1255165,"type":"sell","buyer":"dcityfund","seller":"konvik","symbol":"SIM","quantity":"18162.615","price":"0.00081900","timestamp":1627292682,"volume":"14.87518169","buyTxId":"011ff2fa8c1965073af980bf944bd74e917bfcf5","sellTxId":"9a5892e836046595421018a230e85a1a0995ce27-1"}
{"index": {"_index":"sim","_id":"1255166"}}
	{"id":1255166,"type":"sell","buyer":"dcityfund","seller":"konvik","symbol":"SIM","quantity":"35.386","price":"0.00081900","timestamp":1627292706,"volume":"0.02898113","buyTxId":"011ff2fa8c1965073af980bf944bd74e917bfcf5","sellTxId":"fad1d553bdda35c08dad3035b0fd95c3b42991eb-1"}
{"index": {"_index":"sim","_id":"1255167"}}
	{"id":1255167,"type":"sell","buyer":"dcityfund","seller":"konvik","symbol":"SIM","quantity":"18821.355","price":"0.00081800","timestamp":1627292706,"volume":"15.39586839","buyTxId":"884da98da4d77aef7de431c02aae2315dd5dc4cd","sellTxId":"fad1d553bdda35c08dad3035b0fd95c3b42991eb-1"}
{"index": {"_index":"sim","_id":"1255170"}}
	{"id":1255170,"type":"sell","buyer":"dcityfund","seller":"toni.curation","symbol":"SIM","quantity":"54.074","price":"0.00081800","timestamp":1627292727,"volume":"0.04423253","buyTxId":"884da98da4d77aef7de431c02aae2315dd5dc4cd","sellTxId":"b0e67defc9ebc54c50eb7264aef9b6ccf977a42e-1"}
{"index": {"_index":"sim","_id":"1255171"}}
	{"id":1255171,"type":"sell","buyer":"dcityfund","seller":"toni.curation","symbol":"SIM","quantity":"19581.254","price":"0.00081700","timestamp":1627292727,"volume":"15.99788452","buyTxId":"af39807ab95431819d35eef8c4ddbac8dd777ade","sellTxId":"b0e67defc9ebc54c50eb7264aef9b6ccf977a42e-1"}
{"index": {"_index":"sim","_id":"1255172"}}
	{"id":1255172,"type":"sell","buyer":"dcityfund","seller":"toni.curation","symbol":"SIM","quantity":"20316.657","price":"0.00081600","timestamp":1627292727,"volume":"16.57839211","buyTxId":"5ad69015541903c5a52aba7fad858196809f006b","sellTxId":"b0e67defc9ebc54c50eb7264aef9b6ccf977a42e-1"}
{"index": {"_index":"sim","_id":"1255173"}}
	{"id":1255173,"type":"sell","buyer":"dcityfund","seller":"toni.curation","symbol":"SIM","quantity":"21104.008","price":"0.00081500","timestamp":1627292727,"volume":"17.19976652","buyTxId":"a50175dea3a4f8eb736f3523545b3b2a86a0a393","sellTxId":"b0e67defc9ebc54c50eb7264aef9b6ccf977a42e-1"}
{"index": {"_index":"sim","_id":"1255174"}}
	{"id":1255174,"type":"sell","buyer":"dcityfund","seller":"toni.curation","symbol":"SIM","quantity":"21937.697","price":"0.00081400","timestamp":1627292727,"volume":"17.85728536","buyTxId":"530261b951fc0b1fb0735ed562d99ce6e85e2034","sellTxId":"b0e67defc9ebc54c50eb7264aef9b6ccf977a42e-1"}
{"index": {"_index":"sim","_id":"1255175"}}
	{"id":1255175,"type":"sell","buyer":"dcityfund","seller":"toni.curation","symbol":"SIM","quantity":"22808.564","price":"0.00081300","timestamp":1627292727,"volume":"18.54336253","buyTxId":"b70f4660b5245fe45f89d8bead1e7f7dc734fb6c","sellTxId":"b0e67defc9ebc54c50eb7264aef9b6ccf977a42e-1"}
{"index": {"_index":"sim","_id":"1255176"}}
	{"id":1255176,"type":"sell","buyer":"dcityfund","seller":"toni.curation","symbol":"SIM","quantity":"23726.023","price":"0.00081200","timestamp":1627292727,"volume":"19.26553068","buyTxId":"afbfd56f76263fc66af5b9db463088ccb6c7941b","sellTxId":"b0e67defc9ebc54c50eb7264aef9b6ccf977a42e-1"}
{"index": {"_index":"sim","_id":"1255177"}}
	{"id":1255177,"type":"sell","buyer":"dcityfund","seller":"toni.curation","symbol":"SIM","quantity":"24693.990","price":"0.00081100","timestamp":1627292727,"volume":"20.02682589","buyTxId":"1eccd34147426214141b4759166c0d59d1bb3d7c","sellTxId":"b0e67defc9ebc54c50eb7264aef9b6ccf977a42e-1"}
{"index": {"_index":"sim","_id":"1255178"}}
	{"id":1255178,"type":"sell","buyer":"dcityfund","seller":"toni.curation","symbol":"SIM","quantity":"25702.012","price":"0.00081000","timestamp":1627292727,"volume":"20.81862972","buyTxId":"1092e0aaf791255c8dc24e731c07539f9e7627be","sellTxId":"b0e67defc9ebc54c50eb7264aef9b6ccf977a42e-1"}
{"index": {"_index":"sim","_id":"1255179"}}
	{"id":1255179,"type":"sell","buyer":"gerber","seller":"toni.curation","symbol":"SIM","quantity":"32198.760","price":"0.00080900","timestamp":1627292727,"volume":"26.04879684","buyTxId":"8a537e8179548f105cdb33ece8d28ac88d16c6b2","sellTxId":"b0e67defc9ebc54c50eb7264aef9b6ccf977a42e-1"}
{"index": {"_index":"sim","_id":"1255180"}}
	{"id":1255180,"type":"sell","buyer":"dcityfund","seller":"konvik","symbol":"SIM","quantity":"12186.683","price":"0.00080600","timestamp":1627292748,"volume":"9.82246650","buyTxId":"2246bd1c5f088c49d622df81566323c4e1f14999","sellTxId":"ecf243cc499db9a98dd281889dcb21933a5493a3-1"}
{"index": {"_index":"sim","_id":"1255181"}}
	{"id":1255181,"type":"sell","buyer":"dcityfund","seller":"konvik","symbol":"SIM","quantity":"12.077","price":"0.00080600","timestamp":1627292778,"volume":"0.00973406","buyTxId":"2246bd1c5f088c49d622df81566323c4e1f14999","sellTxId":"adf3f7f53a2475a6ff5236889ab86569d63fddb4-1"}
{"index": {"_index":"sim","_id":"1255182"}}
	{"id":1255182,"type":"sell","buyer":"dcityfund","seller":"konvik","symbol":"SIM","quantity":"12596.835","price":"0.00080400","timestamp":1627292778,"volume":"10.12785534","buyTxId":"b3a996b8710c65d2a1d995b83bbf1bfaf75d5dd3","sellTxId":"adf3f7f53a2475a6ff5236889ab86569d63fddb4-1"}
{"index": {"_index":"sim","_id":"1255183"}}
	{"id":1255183,"type":"sell","buyer":"dcityfund","seller":"konvik","symbol":"SIM","quantity":"24.573","price":"0.00080400","timestamp":1627292811,"volume":"0.01975669","buyTxId":"b3a996b8710c65d2a1d995b83bbf1bfaf75d5dd3","sellTxId":"ce87f5d04c6b899e41c768c6d2d01dca1244896e-1"}
{"index": {"_index":"sim","_id":"1255184"}}
	{"id":1255184,"type":"sell","buyer":"dcityfund","seller":"konvik","symbol":"SIM","quantity":"12850.705","price":"0.00080300","timestamp":1627292811,"volume":"10.31911612","buyTxId":"d0e4c3a052c57530d2cd1d9ba7ea53caaa36871c","sellTxId":"ce87f5d04c6b899e41c768c6d2d01dca1244896e-1"}
{"index": {"_index":"sim","_id":"1255185"}}
	{"id":1255185,"type":"buy","buyer":"toni.ggame","seller":"nftmart.fees","symbol":"SIM","quantity":"100.000","price":"0.00080899","timestamp":1627292922,"volume":"0.08089900","buyTxId":"4d1191112de483b0cbae4795fbfb26e2d01ed584","sellTxId":"c43267c9360ddb826102ec02886d09e685d08d34-0"}
{"index": {"_index":"sim","_id":"1255186"}}
	{"id":1255186,"type":"sell","buyer":"dcityfund","seller":"konvik","symbol":"SIM","quantity":"37.333","price":"0.00080300","timestamp":1627292928,"volume":"0.02997839","buyTxId":"d0e4c3a052c57530d2cd1d9ba7ea53caaa36871c","sellTxId":"f5b00a4e45e6597f22133f9082b49a371e56d988-1"}
{"index": {"_index":"sim","_id":"1255187"}}
	{"id":1255187,"type":"sell","buyer":"dcityfund","seller":"konvik","symbol":"SIM","quantity":"13573.684","price":"0.00080200","timestamp":1627292928,"volume":"10.88609457","buyTxId":"60b6969a2462e5cf08a9715d64d0cf5c4762c684","sellTxId":"f5b00a4e45e6597f22133f9082b49a371e56d988-1"}
{"index": {"_index":"sim","_id":"1255195"}}
	{"id":1255195,"type":"sell","buyer":"dcityfund","seller":"konvik","symbol":"SIM","quantity":"50.822","price":"0.00080200","timestamp":1627293447,"volume":"0.04075924","buyTxId":"60b6969a2462e5cf08a9715d64d0cf5c4762c684","sellTxId":"7b8728c2638850b97dfa577e2619e6ff086706bc-1"}
{"index": {"_index":"sim","_id":"1255196"}}
	{"id":1255196,"type":"sell","buyer":"dcityfund","seller":"konvik","symbol":"SIM","quantity":"14089.678","price":"0.00080100","timestamp":1627293447,"volume":"11.28583208","buyTxId":"3895181aed4f8e03225b9633d3ce7c471bef325a","sellTxId":"7b8728c2638850b97dfa577e2619e6ff086706bc-1"}
{"index": {"_index":"sim","_id":"1255197"}}
	{"id":1255197,"type":"sell","buyer":"dcityfund","seller":"toni.curation","symbol":"SIM","quantity":"64.836","price":"0.00080100","timestamp":1627293462,"volume":"0.05193363","buyTxId":"3895181aed4f8e03225b9633d3ce7c471bef325a","sellTxId":"be364364a72f554ecef9091a12752fe05d14a960-1"}
{"index": {"_index":"sim","_id":"1255198"}}
	{"id":1255198,"type":"sell","buyer":"dcityfund","seller":"toni.curation","symbol":"SIM","quantity":"14713.900","price":"0.00080000","timestamp":1627293462,"volume":"11.77112000","buyTxId":"0288a45f6da5fd66c3de88e4754089913742491b","sellTxId":"be364364a72f554ecef9091a12752fe05d14a960-1"}
{"index": {"_index":"sim","_id":"1255199"}}
	{"id":1255199,"type":"sell","buyer":"dcityfund","seller":"toni.curation","symbol":"SIM","quantity":"15298.771","price":"0.00079900","timestamp":1627293462,"volume":"12.22371803","buyTxId":"d7c219b5d5f0e0aa45eb76814d9b04028a33d1af","sellTxId":"be364364a72f554ecef9091a12752fe05d14a960-1"}
{"index": {"_index":"sim","_id":"1255200"}}
	{"id":1255200,"type":"sell","buyer":"jelly-cz","seller":"toni.curation","symbol":"SIM","quantity":"36339.941","price":"0.00079802","timestamp":1627293462,"volume":"28.99999972","buyTxId":"MM-P-8984178-55965051-3-34-0","sellTxId":"be364364a72f554ecef9091a12752fe05d14a960-1"}
{"index": {"_index":"sim","_id":"1255201"}}
	{"id":1255201,"type":"sell","buyer":"dcityfund","seller":"toni.curation","symbol":"SIM","quantity":"15902.640","price":"0.00079800","timestamp":1627293462,"volume":"12.69030672","buyTxId":"083e446b4868f67edec002ab44130ba8423298aa","sellTxId":"be364364a72f554ecef9091a12752fe05d14a960-1"}
{"index": {"_index":"sim","_id":"1255202"}}
	{"id":1255202,"type":"sell","buyer":"dcityfund","seller":"toni.curation","symbol":"SIM","quantity":"16533.238","price":"0.00079700","timestamp":1627293462,"volume":"13.17699069","buyTxId":"4601da4126b98009cde161c6fb8ea6b1ef03ea3d","sellTxId":"be364364a72f554ecef9091a12752fe05d14a960-1"}
{"index": {"_index":"sim","_id":"1255203"}}
	{"id":1255203,"type":"sell","buyer":"dcityfund","seller":"toni.curation","symbol":"SIM","quantity":"17191.866","price":"0.00079600","timestamp":1627293462,"volume":"13.68472534","buyTxId":"36485b5bd1ce829b8fd50226a92ca6837ecbd15c","sellTxId":"be364364a72f554ecef9091a12752fe05d14a960-1"}
{"index": {"_index":"sim","_id":"1255204"}}
	{"id":1255204,"type":"sell","buyer":"dcityfund","seller":"toni.curation","symbol":"SIM","quantity":"17890.569","price":"0.00079500","timestamp":1627293462,"volume":"14.22300236","buyTxId":"e916a74ebf133cb3e572f14b35bdd82db526f699","sellTxId":"be364364a72f554ecef9091a12752fe05d14a960-1"}
{"index": {"_index":"sim","_id":"1255205"}}
	{"id":1255205,"type":"sell","buyer":"dcityfund","seller":"toni.curation","symbol":"SIM","quantity":"18610.548","price":"0.00079400","timestamp":1627293462,"volume":"14.77677511","buyTxId":"46178838da0b7e6cf43672ce66956ddb386714c9","sellTxId":"be364364a72f554ecef9091a12752fe05d14a960-1"}
{"index": {"_index":"sim","_id":"1255206"}}
	{"id":1255206,"type":"sell","buyer":"dcityfund","seller":"toni.curation","symbol":"SIM","quantity":"19375.875","price":"0.00079300","timestamp":1627293462,"volume":"15.36506888","buyTxId":"f44786399e45bb24d6e47bc92d084697a5cbd249","sellTxId":"be364364a72f554ecef9091a12752fe05d14a960-1"}
{"index": {"_index":"sim","_id":"1255207"}}
	{"id":1255207,"type":"sell","buyer":"enginemaker","seller":"toni.curation","symbol":"SIM","quantity":"31525.851","price":"0.00079300","timestamp":1627293462,"volume":"24.99999984","buyTxId":"MM-P-8994834-55975721-3-2-0","sellTxId":"be364364a72f554ecef9091a12752fe05d14a960-1"}
{"index": {"_index":"sim","_id":"1255208"}}
	{"id":1255208,"type":"sell","buyer":"dcityfund","seller":"toni.curation","symbol":"SIM","quantity":"20177.889","price":"0.00079200","timestamp":1627293462,"volume":"15.98088809","buyTxId":"896ed5921b4dd0c776511bf66c4c4fabddac4d91","sellTxId":"be364364a72f554ecef9091a12752fe05d14a960-1"}
{"index": {"_index":"sim","_id":"1255209"}}
	{"id":1255209,"type":"sell","buyer":"methus","seller":"toni.curation","symbol":"SIM","quantity":"100000.000","price":"0.00079104","timestamp":1627293462,"volume":"79.10400000","buyTxId":"e1b9161a1872c99c86f556480ea339b5cada24a5","sellTxId":"be364364a72f554ecef9091a12752fe05d14a960-1"}
{"index": {"_index":"sim","_id":"1255210"}}
	{"id":1255210,"type":"sell","buyer":"dcityfund","seller":"toni.curation","symbol":"SIM","quantity":"21018.842","price":"0.00079100","timestamp":1627293462,"volume":"16.62590402","buyTxId":"a80a1313479090ad7dd79245e775fe1967f47a54","sellTxId":"be364364a72f554ecef9091a12752fe05d14a960-1"}
{"index": {"_index":"sim","_id":"1255211"}}
	{"id":1255211,"type":"sell","buyer":"dcityfund","seller":"toni.curation","symbol":"SIM","quantity":"16904.607","price":"0.00079000","timestamp":1627293462,"volume":"13.35463953","buyTxId":"19d4ecbb64b7ca2a28a052b593d5f49ce72e39c9","sellTxId":"be364364a72f554ecef9091a12752fe05d14a960-1"}
{"index": {"_index":"sim","_id":"1255212"}}
	{"id":1255212,"type":"sell","buyer":"dcityfund","seller":"toni.curation","symbol":"SIM","quantity":"22761.007","price":"0.00078900","timestamp":1627293462,"volume":"17.95843452","buyTxId":"797eb21f9acf32cae6f4a01a75611498d032cd03","sellTxId":"be364364a72f554ecef9091a12752fe05d14a960-1"}
{"index": {"_index":"sim","_id":"1255213"}}
	{"id":1255213,"type":"sell","buyer":"dcityfund","seller":"konvik","symbol":"SIM","quantity":"64.837","price":"0.00078900","timestamp":1627293489,"volume":"0.05115639","buyTxId":"797eb21f9acf32cae6f4a01a75611498d032cd03","sellTxId":"48ceb5b917d546985a188ff8513f5882f4b09e2b-1"}
{"index": {"_index":"sim","_id":"1255214"}}
	{"id":1255214,"type":"sell","buyer":"dcityfund","seller":"konvik","symbol":"SIM","quantity":"23708.584","price":"0.00078800","timestamp":1627293489,"volume":"18.68236419","buyTxId":"343e33c26a554c9c83fc19a09428251e76a03635","sellTxId":"48ceb5b917d546985a188ff8513f5882f4b09e2b-1"}
{"index": {"_index":"sim","_id":"1255218"}}
	{"id":1255218,"type":"sell","buyer":"dcityfund","seller":"konvik","symbol":"SIM","quantity":"88.397","price":"0.00078800","timestamp":1627293576,"volume":"0.06965684","buyTxId":"343e33c26a554c9c83fc19a09428251e76a03635","sellTxId":"a7b034a023d58e6b55804968d0291dd55ea516ce-1"}
{"index": {"_index":"sim","_id":"1255219"}}
	{"id":1255219,"type":"sell","buyer":"dcityfund","seller":"konvik","symbol":"SIM","quantity":"24703.790","price":"0.00078700","timestamp":1627293576,"volume":"19.44188273","buyTxId":"37bf8f95da6e3d7fc3d2d29d370651cf0e2f4258","sellTxId":"a7b034a023d58e6b55804968d0291dd55ea516ce-1"}
{"index": {"_index":"sim","_id":"1255220"}}
	{"id":1255220,"type":"sell","buyer":"dcityfund","seller":"konvik","symbol":"SIM","quantity":"112.967","price":"0.00078700","timestamp":1627293597,"volume":"0.08890503","buyTxId":"37bf8f95da6e3d7fc3d2d29d370651cf0e2f4258","sellTxId":"5b78b7deb696cb0541a289f99bb43e0f29f300f1-1"}
{"index": {"_index":"sim","_id":"1255221"}}
	{"id":1255221,"type":"sell","buyer":"dcityfund","seller":"konvik","symbol":"SIM","quantity":"25749.340","price":"0.00078600","timestamp":1627293597,"volume":"20.23898124","buyTxId":"efa926da0f4b8567b3a77857b907d3aefcfb1bc4","sellTxId":"5b78b7deb696cb0541a289f99bb43e0f29f300f1-1"}
{"index": {"_index":"sim","_id":"1255224"}}
	{"id":1255224,"type":"sell","buyer":"dcityfund","seller":"konvik","symbol":"SIM","quantity":"138.597","price":"0.00078600","timestamp":1627293651,"volume":"0.10893724","buyTxId":"efa926da0f4b8567b3a77857b907d3aefcfb1bc4","sellTxId":"3ecca3da42feef9c850f662a7c06c09cb3ed3b55-1"}
{"index": {"_index":"sim","_id":"1255225"}}
	{"id":1255225,"type":"sell","buyer":"dcityfund","seller":"konvik","symbol":"SIM","quantity":"26987.202","price":"0.00078500","timestamp":1627293675,"volume":"21.18495357","buyTxId":"2a0a5e971c6db354a6fae5d634e380fda0a1ca67","sellTxId":"4987e32f9b9b7ea3d9d5b2f2149bf733961f861c-1"}
{"index": {"_index":"sim","_id":"1255242"}}
	{"id":1255242,"type":"sell","buyer":"dcityfund","seller":"vcelier","symbol":"SIM","quantity":"26.745","price":"0.00078500","timestamp":1627294785,"volume":"0.02099483","buyTxId":"2a0a5e971c6db354a6fae5d634e380fda0a1ca67","sellTxId":"ab13bb5722bc3dc4e4ef0cd8b3d8307ad1e3a114"}
{"index": {"_index":"sim","_id":"1255251"}}
	{"id":1255251,"type":"sell","buyer":"jelly-cz","seller":"vcelier","symbol":"SIM","quantity":"6170.000","price":"0.00078402","timestamp":1627294953,"volume":"4.83740340","buyTxId":"MM-P-8995830-55976718-3-34-0","sellTxId":"e495dbac0f5d652fd2f9b033298f4c78cd2bf6b4"}
{"index": {"_index":"sim","_id":"1255282"}}
	{"id":1255282,"type":"buy","buyer":"stevescoins","seller":"enginemaker","symbol":"SIM","quantity":"52.000","price":"0.00082994","timestamp":1627295574,"volume":"0.04315688","buyTxId":"223a7f837fcca88d15e5f1efcc4719148b780830","sellTxId":"MM-P-8996424-55977314-3-2-0"}
{"index": {"_index":"sim","_id":"1255283"}}
	{"id":1255283,"type":"buy","buyer":"juanmiguelsalas","seller":"enginemaker","symbol":"SIM","quantity":"6584.000","price":"0.00082994","timestamp":1627295592,"volume":"5.46432496","buyTxId":"0c924f4a2d636fb7fa561ba34d7927f49de3196b","sellTxId":"MM-P-8996424-55977314-3-2-0"}
{"index": {"_index":"sim","_id":"1255298"}}
	{"id":1255298,"type":"buy","buyer":"mann0000","seller":"solovey6o2","symbol":"SIM","quantity":"35259.937","price":"0.00082993","timestamp":1627295706,"volume":"29.26327951","buyTxId":"fe39a72c12b2732abe5198f86ac0e1bb2bb74663","sellTxId":"eca8d68e0e6fd5fc304174cea947281208c9989e"}
{"index": {"_index":"sim","_id":"1255317"}}
	{"id":1255317,"type":"sell","buyer":"eirik","seller":"toni.curation","symbol":"SIM","quantity":"1999.999","price":"0.00080000","timestamp":1627296060,"volume":"1.59999920","buyTxId":"0bf1d9d756db082a0ad4c7fe9d105be0335c8751","sellTxId":"b1f3c105a1f05e4947a5ffd69499751452c9381b-1"}
{"index": {"_index":"sim","_id":"1255324"}}
	{"id":1255324,"type":"sell","buyer":"eirik","seller":"konvik","symbol":"SIM","quantity":"0.001","price":"0.00080000","timestamp":1627296102,"volume":"0.00000080","buyTxId":"0bf1d9d756db082a0ad4c7fe9d105be0335c8751","sellTxId":"edf3f78991ba34742cc539ba1d45fdd1b541aabe-1"}
{"index": {"_index":"sim","_id":"1255325"}}
	{"id":1255325,"type":"sell","buyer":"jelly-cz","seller":"konvik","symbol":"SIM","quantity":"30788.339","price":"0.00078402","timestamp":1627296102,"volume":"24.13867354","buyTxId":"MM-P-8995830-55976718-3-34-0","sellTxId":"edf3f78991ba34742cc539ba1d45fdd1b541aabe-1"}
{"index": {"_index":"sim","_id":"1255330"}}
	{"id":1255330,"type":"sell","buyer":"jelly-cz","seller":"konvik","symbol":"SIM","quantity":"30.513","price":"0.00078402","timestamp":1627296150,"volume":"0.02392280","buyTxId":"MM-P-8995830-55976718-3-34-0","sellTxId":"e40580fd359a41ea9dbaddac245e1e6e2d4a13ca-1"}
{"index": {"_index":"sim","_id":"1255331"}}
	{"id":1255331,"type":"sell","buyer":"dcityfund","seller":"konvik","symbol":"SIM","quantity":"28139.390","price":"0.00078400","timestamp":1627296150,"volume":"22.06128176","buyTxId":"3bf931c014f6fb53b41005efb03e54098c901e6a","sellTxId":"e40580fd359a41ea9dbaddac245e1e6e2d4a13ca-1"}
{"index": {"_index":"sim","_id":"1255333"}}
	{"id":1255333,"type":"sell","buyer":"dcityfund","seller":"konvik","symbol":"SIM","quantity":"58.430","price":"0.00078400","timestamp":1627296189,"volume":"0.04580912","buyTxId":"3bf931c014f6fb53b41005efb03e54098c901e6a","sellTxId":"a9deab840d2a57d730f4fb32f7d02f18d33eabdd-1"}
{"index": {"_index":"sim","_id":"1255334"}}
	{"id":1255334,"type":"sell","buyer":"dcityfund","seller":"konvik","symbol":"SIM","quantity":"29355.709","price":"0.00078300","timestamp":1627296189,"volume":"22.98552015","buyTxId":"460179c538d2fe835f3e7b3d0fea32cd87777448","sellTxId":"a9deab840d2a57d730f4fb32f7d02f18d33eabdd-1"}
{"index": {"_index":"sim","_id":"1255335"}}
	{"id":1255335,"type":"sell","buyer":"dcityfund","seller":"konvik","symbol":"SIM","quantity":"87.580","price":"0.00078300","timestamp":1627296210,"volume":"0.06857514","buyTxId":"460179c538d2fe835f3e7b3d0fea32cd87777448","sellTxId":"020680d98721c0a17f51bdf7ec35d8e5001195cc-1"}
{"index": {"_index":"sim","_id":"1255336"}}
	{"id":1255336,"type":"sell","buyer":"dcityfund","seller":"konvik","symbol":"SIM","quantity":"30578.825","price":"0.00078200","timestamp":1627296210,"volume":"23.91264115","buyTxId":"49de7851c3948d517ff536e56339c07b088406d8","sellTxId":"020680d98721c0a17f51bdf7ec35d8e5001195cc-1"}
{"index": {"_index":"sim","_id":"1255347"}}
	{"id":1255347,"type":"sell","buyer":"nastyforce","seller":"konvik","symbol":"SIM","quantity":"1086.000","price":"0.00079000","timestamp":1627296450,"volume":"0.85794000","buyTxId":"4d4fe513347b3e5258c8cef84c207e7143eb601a","sellTxId":"35818057654abfdf953f5b5f952e2f57dffa7c8f-1"}
{"index": {"_index":"sim","_id":"1255348"}}
	{"id":1255348,"type":"sell","buyer":"dcityfund","seller":"konvik","symbol":"SIM","quantity":"117.971","price":"0.00078200","timestamp":1627296450,"volume":"0.09225332","buyTxId":"49de7851c3948d517ff536e56339c07b088406d8","sellTxId":"35818057654abfdf953f5b5f952e2f57dffa7c8f-1"}
{"index": {"_index":"sim","_id":"1255349"}}
	{"id":1255349,"type":"sell","buyer":"jelly-cz","seller":"konvik","symbol":"SIM","quantity":"35890.199","price":"0.00078102","timestamp":1627296450,"volume":"28.03096322","buyTxId":"MM-P-8996723-55977613-3-34-0","sellTxId":"35818057654abfdf953f5b5f952e2f57dffa7c8f-1"}
{"index": {"_index":"sim","_id":"1255350"}}
	{"id":1255350,"type":"sell","buyer":"jelly-cz","seller":"weirdestwolf","symbol":"SIM","quantity":"1240.732","price":"0.00078102","timestamp":1627296507,"volume":"0.96903651","buyTxId":"MM-P-8996723-55977613-3-34-0","sellTxId":"56cfeaf782ad4061441f189f2ca952f9005986b5"}
{"index": {"_index":"sim","_id":"1255351"}}
	{"id":1255351,"type":"sell","buyer":"dcityfund","seller":"weirdestwolf","symbol":"SIM","quantity":"3559.268","price":"0.00078100","timestamp":1627296507,"volume":"2.77978831","buyTxId":"c35b663b4a061718f0c6bbc9630ab3b88d827fdd","sellTxId":"56cfeaf782ad4061441f189f2ca952f9005986b5"}
{"index": {"_index":"sim","_id":"1255400"}}
	{"id":1255400,"type":"sell","buyer":"jelly-cz","seller":"andy4475","symbol":"SIM","quantity":"40.386","price":"0.00078102","timestamp":1627297119,"volume":"0.03154227","buyTxId":"MM-P-8996823-55977713-3-34-0","sellTxId":"6a5d6c2ce31f11b7cbc64a0ba3840cb927d7a230"}
{"index": {"_index":"sim","_id":"1255454"}}
	{"id":1255454,"type":"buy","buyer":"morzex","seller":"nftmart.fees","symbol":"SIM","quantity":"512.000","price":"0.00080994","timestamp":1627298676,"volume":"0.41468928","buyTxId":"49b43af586c33ea341378f670541b3fd8656d683","sellTxId":"1a5ffb962d20bf710b06d68a33cc725237e819ff-0"}
{"index": {"_index":"sim","_id":"1255455"}}
	{"id":1255455,"type":"buy","buyer":"morzex","seller":"luca-legend","symbol":"SIM","quantity":"1631.525","price":"0.00084000","timestamp":1627298676,"volume":"1.37048119","buyTxId":"49b43af586c33ea341378f670541b3fd8656d683","sellTxId":"8b7129544877451a321e976642943e05504bc3aa"}
{"index": {"_index":"sim","_id":"1255501"}}
	{"id":1255501,"type":"sell","buyer":"jelly-cz","seller":"hive.miner","symbol":"SIM","quantity":"294.970","price":"0.00078108","timestamp":1627299981,"volume":"0.23039517","buyTxId":"MM-P-8997518-55978411-3-34-0","sellTxId":"8a275c913fd632f881a557ffecb4d64c387ffebb"}
{"index": {"_index":"sim","_id":"1255560"}}
	{"id":1255560,"type":"sell","buyer":"jelly-cz","seller":"darmst5339","symbol":"SIM","quantity":"5.540","price":"0.00078108","timestamp":1627301022,"volume":"0.00432718","buyTxId":"MM-P-8997518-55978411-3-34-0","sellTxId":"ae7e9788c8a8052a79222aefe9657e6ad8182a4b"}
{"index": {"_index":"sim","_id":"1255561"}}
	{"id":1255561,"type":"sell","buyer":"jelly-cz","seller":"klye","symbol":"SIM","quantity":"467.000","price":"0.00078108","timestamp":1627301064,"volume":"0.36476436","buyTxId":"MM-P-8997518-55978411-3-34-0","sellTxId":"b209d2d1ddc94b153139444b0672f291065adcdd"}
{"index": {"_index":"sim","_id":"1255571"}}
	{"id":1255571,"type":"sell","buyer":"jelly-cz","seller":"ebingo","symbol":"SIM","quantity":"36360.569","price":"0.00078108","timestamp":1627301298,"volume":"28.40051323","buyTxId":"MM-P-8997518-55978411-3-34-0","sellTxId":"4f3ed2c3cc13c01da4c1a45d27d90a544f319a68"}
{"index": {"_index":"sim","_id":"1255572"}}
	{"id":1255572,"type":"sell","buyer":"dcityfund","seller":"ebingo","symbol":"SIM","quantity":"767.061","price":"0.00078100","timestamp":1627301298,"volume":"0.59907464","buyTxId":"c35b663b4a061718f0c6bbc9630ab3b88d827fdd","sellTxId":"4f3ed2c3cc13c01da4c1a45d27d90a544f319a68"}
{"index": {"_index":"sim","_id":"1255610"}}
	{"id":1255610,"type":"sell","buyer":"jelly-cz","seller":"konvik","symbol":"SIM","quantity":"37094.170","price":"0.00078102","timestamp":1627303011,"volume":"28.97128865","buyTxId":"MM-P-8998416-55979310-3-34-0","sellTxId":"6e3b12e308d9b942876b1f2f421333cc885840d1-1"}
{"index": {"_index":"sim","_id":"1255613"}}
	{"id":1255613,"type":"sell","buyer":"jelly-cz","seller":"imperij4427","symbol":"SIM","quantity":"36.761","price":"0.00078102","timestamp":1627303122,"volume":"0.02871108","buyTxId":"MM-P-8998416-55979310-3-34-0","sellTxId":"15cf477867023abf9946056f85f5326ff1b72664"}
{"index": {"_index":"sim","_id":"1255614"}}
	{"id":1255614,"type":"sell","buyer":"dcityfund","seller":"imperij4427","symbol":"SIM","quantity":"27766.247","price":"0.00078100","timestamp":1627303122,"volume":"21.68543891","buyTxId":"c35b663b4a061718f0c6bbc9630ab3b88d827fdd","sellTxId":"15cf477867023abf9946056f85f5326ff1b72664"}
{"index": {"_index":"sim","_id":"1255615"}}
	{"id":1255615,"type":"sell","buyer":"dcityfund","seller":"imperij4427","symbol":"SIM","quantity":"936.992","price":"0.00078000","timestamp":1627303122,"volume":"0.73085376","buyTxId":"0a0e2e097862cb87e09ef6574f8843d1a4040b42","sellTxId":"15cf477867023abf9946056f85f5326ff1b72664"}
{"index": {"_index":"sim","_id":"1255644"}}
	{"id":1255644,"type":"sell","buyer":"jelly-cz","seller":"dhedge-drips","symbol":"SIM","quantity":"0.001","price":"0.00078002","timestamp":1627303521,"volume":"0.00000078","buyTxId":"MM-P-8999013-55979907-3-34-0","sellTxId":"407002148a534f7533b08ef56b25d8acc79c9ee4"}
{"index": {"_index":"sim","_id":"1255667"}}
	{"id":1255667,"type":"sell","buyer":"jelly-cz","seller":"looftee","symbol":"SIM","quantity":"28430.564","price":"0.00078002","timestamp":1627304028,"volume":"22.17640853","buyTxId":"MM-P-8999013-55979907-3-34-0","sellTxId":"4166a0de5858f911b7c011f1b295defb80d80929"}
{"index": {"_index":"sim","_id":"1255675"}}
	{"id":1255675,"type":"buy","buyer":"egistar","seller":"enginemaker","symbol":"SIM","quantity":"4111.786","price":"0.00078990","timestamp":1627304283,"volume":"3.2479","buyTxId":"c6730dedac68481b96b0dc78f1485bfe06f91235","sellTxId":"MM-P-8999213-55980108-3-2-0"}
{"index": {"_index":"sim","_id":"1255714"}}
	{"id":1255714,"type":"sell","buyer":"jelly-cz","seller":"enginemaker","symbol":"SIM","quantity":"16666.239","price":"0.00078002","timestamp":1627305138,"volume":"12.99999974","buyTxId":"MM-P-8999413-55980308-3-34-0","sellTxId":"MM-P-8999613-55980508-3-2-0"}
{"index": {"_index":"sim","_id":"1255715"}}
	{"id":1255715,"type":"sell","buyer":"dcityfund","seller":"enginemaker","symbol":"SIM","quantity":"4111.826","price":"0.00078000","timestamp":1627305138,"volume":"3.20722428","buyTxId":"0a0e2e097862cb87e09ef6574f8843d1a4040b42","sellTxId":"MM-P-8999613-55980508-3-2-0"}
{"index": {"_index":"sim","_id":"1255741"}}
	{"id":1255741,"type":"buy","buyer":"egistar","seller":"bhoa","symbol":"SIM","quantity":"1876.776","price":"0.00078800","timestamp":1627305717,"volume":"1.4789","buyTxId":"7319b6dca9fe1802d87506ce291150e76a825623","sellTxId":"968a0a75a38a52c781c3513f9e2a3a3153b2d1a8"}
{"index": {"_index":"sim","_id":"1255817"}}
	{"id":1255817,"type":"sell","buyer":"mmrx","seller":"kater1","symbol":"SIM","quantity":"7496.371","price":"0.00078003","timestamp":1627307919,"volume":"5.84739427","buyTxId":"MM-P-9000112-55981007-3-41-0","sellTxId":"ef54cbd2bb44cc28d12cfb15c60bf4940f855657"}
{"index": {"_index":"sim","_id":"1255843"}}
	{"id":1255843,"type":"sell","buyer":"jelly-cz","seller":"kater1","symbol":"SIM","quantity":"16666.239","price":"0.00078002","timestamp":1627308537,"volume":"12.99999974","buyTxId":"MM-P-8999613-55980508-3-34-0","sellTxId":"204cd7af2bcf150a30377389431a72e0f886c898"}
{"index": {"_index":"sim","_id":"1255845"}}
	{"id":1255845,"type":"sell","buyer":"dcityfund","seller":"kater1","symbol":"SIM","quantity":"18169.390","price":"0.00078000","timestamp":1627308585,"volume":"14.17212420","buyTxId":"0a0e2e097862cb87e09ef6574f8843d1a4040b42","sellTxId":"af72b7411f5a5c9f173a0e3b67e99686d5f02e50"}
{"index": {"_index":"sim","_id":"1255979"}}
	{"id":1255979,"type":"sell","buyer":"jelly-cz","seller":"chronocrypto","symbol":"SIM","quantity":"16666.239","price":"0.00078002","timestamp":1627311909,"volume":"12.99999974","buyTxId":"MM-P-9000807-55981706-3-34-0","sellTxId":"1e571b2726acd2db2a9aeaf09c5aa14b5b4aab0d"}
{"index": {"_index":"sim","_id":"1255980"}}
	{"id":1255980,"type":"sell","buyer":"dcityfund","seller":"chronocrypto","symbol":"SIM","quantity":"10370.995","price":"0.00078000","timestamp":1627311909,"volume":"8.08937610","buyTxId":"0a0e2e097862cb87e09ef6574f8843d1a4040b42","sellTxId":"1e571b2726acd2db2a9aeaf09c5aa14b5b4aab0d"}
{"index": {"_index":"sim","_id":"1256029"}}
	{"id":1256029,"type":"buy","buyer":"kaeptn-iglo","seller":"mmrx","symbol":"SIM","quantity":"7496.371","price":"0.00077999","timestamp":1627312308,"volume":"5.84709442","buyTxId":"19217a33c1b02d2dd7f25b2652feb56cbd845fc8","sellTxId":"MM-P-9001901-55982802-3-41-0"}
{"index": {"_index":"sim","_id":"1256030"}}
	{"id":1256030,"type":"buy","buyer":"kaeptn-iglo","seller":"chronocrypto","symbol":"SIM","quantity":"49216.033","price":"0.00078000","timestamp":1627312308,"volume":"38.38850574","buyTxId":"19217a33c1b02d2dd7f25b2652feb56cbd845fc8","sellTxId":"1e571b2726acd2db2a9aeaf09c5aa14b5b4aab0d"}
{"index": {"_index":"sim","_id":"1256039"}}
	{"id":1256039,"type":"buy","buyer":"kaeptn-iglo","seller":"nftmart.fees","symbol":"SIM","quantity":"445.000","price":"0.00078799","timestamp":1627312389,"volume":"0.35065555","buyTxId":"09358f15f3e6d653a8813a11ae50d7020e813d7b","sellTxId":"fbb90492726fa19360347e7d294254887ca9aed1-0"}
{"index": {"_index":"sim","_id":"1256040"}}
	{"id":1256040,"type":"buy","buyer":"kaeptn-iglo","seller":"bhoa","symbol":"SIM","quantity":"37870.586","price":"0.00078800","timestamp":1627312389,"volume":"29.84202177","buyTxId":"09358f15f3e6d653a8813a11ae50d7020e813d7b","sellTxId":"968a0a75a38a52c781c3513f9e2a3a3153b2d1a8"}
{"index": {"_index":"sim","_id":"1256043"}}
	{"id":1256043,"type":"buy","buyer":"kaeptn-iglo","seller":"bhoa","symbol":"SIM","quantity":"445.000","price":"0.00078800","timestamp":1627312416,"volume":"0.35066000","buyTxId":"a0ccd3c1e6d315f4737188b0b0716e8fb3cc71ef","sellTxId":"968a0a75a38a52c781c3513f9e2a3a3153b2d1a8"}
{"index": {"_index":"sim","_id":"1256045"}}
	{"id":1256045,"type":"buy","buyer":"kaeptn-iglo","seller":"dhedge-drips","symbol":"SIM","quantity":"0.001","price":"0.00080991","timestamp":1627312473,"volume":"0.00000081","buyTxId":"62b8cf7a825a5c9f7ce35b1a8e84b5b8a1bfda00","sellTxId":"9ef1f1998ceaac01c097def401b887775c469ca4"}
{"index": {"_index":"sim","_id":"1256046"}}
	{"id":1256046,"type":"buy","buyer":"kaeptn-iglo","seller":"solovey6o2","symbol":"SIM","quantity":"115999.999","price":"0.00080999","timestamp":1627312473,"volume":"93.95883919","buyTxId":"62b8cf7a825a5c9f7ce35b1a8e84b5b8a1bfda00","sellTxId":"a7f106b3ff8d5fdb84caebc6a6671e3fb945f9c0"}
{"index": {"_index":"sim","_id":"1256112"}}
	{"id":1256112,"type":"sell","buyer":"jelly-cz","seller":"ardrow","symbol":"SIM","quantity":"16686.991","price":"0.00077905","timestamp":1627313514,"volume":"13.00000034","buyTxId":"MM-P-9002101-55983002-3-34-0","sellTxId":"7dfd76e0020f145c1271150f0fd6a0dc0153d0fe"}
{"index": {"_index":"sim","_id":"1256113"}}
	{"id":1256113,"type":"sell","buyer":"dcityfund","seller":"ardrow","symbol":"SIM","quantity":"35071.692","price":"0.00077900","timestamp":1627313514,"volume":"27.32084807","buyTxId":"bfc358cfb47d315bfb6248f91c654245544a9e79","sellTxId":"7dfd76e0020f145c1271150f0fd6a0dc0153d0fe"}
{"index": {"_index":"sim","_id":"1256114"}}
	{"id":1256114,"type":"sell","buyer":"dcityfund","seller":"ardrow","symbol":"SIM","quantity":"36740.031","price":"0.00077800","timestamp":1627313514,"volume":"28.58374412","buyTxId":"6177c30543aae4699b9bc9af2221955fa5eec039","sellTxId":"7dfd76e0020f145c1271150f0fd6a0dc0153d0fe"}
{"index": {"_index":"sim","_id":"1256115"}}
	{"id":1256115,"type":"sell","buyer":"dcityfund","seller":"ardrow","symbol":"SIM","quantity":"31695.306","price":"0.00077700","timestamp":1627313514,"volume":"24.62725276","buyTxId":"acff5cce0c2637f22b3fbf8aedd58526233b9d4f","sellTxId":"7dfd76e0020f145c1271150f0fd6a0dc0153d0fe"}
{"index": {"_index":"sim","_id":"1256144"}}
	{"id":1256144,"type":"sell","buyer":"jelly-cz","seller":"themightyvolcano","symbol":"SIM","quantity":"16730.371","price":"0.00077703","timestamp":1627314570,"volume":"13.00000018","buyTxId":"MM-P-9002598-55983500-3-34-0","sellTxId":"269c871aee6d51cd13842c7bb983a0ef2692c4ff"}
{"index": {"_index":"sim","_id":"1256145"}}
	{"id":1256145,"type":"sell","buyer":"dcityfund","seller":"themightyvolcano","symbol":"SIM","quantity":"6815.696","price":"0.00077700","timestamp":1627314570,"volume":"5.29579579","buyTxId":"acff5cce0c2637f22b3fbf8aedd58526233b9d4f","sellTxId":"269c871aee6d51cd13842c7bb983a0ef2692c4ff"}
{"index": {"_index":"sim","_id":"1256146"}}
	{"id":1256146,"type":"sell","buyer":"dcityfund","seller":"themightyvolcano","symbol":"SIM","quantity":"39939.933","price":"0.00077600","timestamp":1627314570,"volume":"30.99338801","buyTxId":"17a0727a064a316c094004d854095048cb1b9593","sellTxId":"269c871aee6d51cd13842c7bb983a0ef2692c4ff"}
{"index": {"_index":"sim","_id":"1256267"}}
	{"id":1256267,"type":"sell","buyer":"dcityfund","seller":"nickyhavey","symbol":"SIM","quantity":"20.924","price":"0.00077600","timestamp":1627315914,"volume":"0.01623702","buyTxId":"17a0727a064a316c094004d854095048cb1b9593","sellTxId":"8526b79fc2f3b9e7d9f11b6ec4cd257738a41ab5"}
{"index": {"_index":"sim","_id":"1256546"}}
	{"id":1256546,"type":"sell","buyer":"dcityfund","seller":"luca-legend","symbol":"SIM","quantity":"291.905","price":"0.00077600","timestamp":1627319898,"volume":"0.22651828","buyTxId":"17a0727a064a316c094004d854095048cb1b9593","sellTxId":"1f5282c62017b821646a98d4697fee8aac4647fb"}
{"index": {"_index":"sim","_id":"1256547"}}
	{"id":1256547,"type":"sell","buyer":"solovey6o2","seller":"luca-legend","symbol":"SIM","quantity":"7008.095","price":"0.00077546","timestamp":1627319898,"volume":"5.43449735","buyTxId":"15e126ebd79b9959df57d02d36ac75c2ed3eb40e","sellTxId":"1f5282c62017b821646a98d4697fee8aac4647fb"}
{"index": {"_index":"sim","_id":"1256548"}}
	{"id":1256548,"type":"buy","buyer":"nastyforce","seller":"nftmart.fees","symbol":"SIM","quantity":"343.000","price":"0.00077999","timestamp":1627319991,"volume":"0.26753657","buyTxId":"d8eafe40bf14a5fa1f04c938b28f52b4867accd7","sellTxId":"fb3df82d8db0379dff59be8e87e7174bf626b175-0"}
{"index": {"_index":"sim","_id":"1256554"}}
	{"id":1256554,"type":"buy","buyer":"nastyforce","seller":"rencohada","symbol":"SIM","quantity":"570.000","price":"0.00078000","timestamp":1627320099,"volume":"0.44460000","buyTxId":"deffa7effe6c0bd2b8c26bb1479abc9df9ffbbd9","sellTxId":"435cfea9c00c1a0871c91098dc61e88dd9c03bd2"}
{"index": {"_index":"sim","_id":"1256587"}}
	{"id":1256587,"type":"sell","buyer":"dcityfund","seller":"ericburgoyne","symbol":"SIM","quantity":"69.430","price":"0.00077500","timestamp":1627321029,"volume":"0.05380825","buyTxId":"46e28c88129746a411a812c9c0ab7ebe1f852fb5","sellTxId":"cc87bc27fdc69a456bd05deb901994214ec1155e"}
{"index": {"_index":"sim","_id":"1256657"}}
	{"id":1256657,"type":"sell","buyer":"solovey6o2","seller":"steemstreems","symbol":"SIM","quantity":"6347.087","price":"0.00077501","timestamp":1627322277,"volume":"4.91905590","buyTxId":"68fcbd8fdf69c140cdb21f540577d2d45b6227c7","sellTxId":"3d36e5b376f8dd42180b25f688d3b406d191688a"}
{"index": {"_index":"sim","_id":"1256713"}}
	{"id":1256713,"type":"buy","buyer":"frugal-fun","seller":"rencohada","symbol":"SIM","quantity":"29.000","price":"0.00078000","timestamp":1627322895,"volume":"0.02262000","buyTxId":"28a0a249918a7ab2dc4b6724d6b63d4996ddd603","sellTxId":"435cfea9c00c1a0871c91098dc61e88dd9c03bd2"}
{"index": {"_index":"sim","_id":"1256716"}}
	{"id":1256716,"type":"buy","buyer":"d-pend","seller":"atomcollector","symbol":"SIM","quantity":"4091.026","price":"0.00080000","timestamp":1627322958,"volume":"3.27282080","buyTxId":"8c1719ece9a7febaed02943438ed75596dd12245","sellTxId":"4d56b6a6816350ddfdea75fb12f36c05aab0947c"}
{"index": {"_index":"sim","_id":"1256717"}}
	{"id":1256717,"type":"buy","buyer":"d-pend","seller":"mapac","symbol":"SIM","quantity":"1224.000","price":"0.00080000","timestamp":1627322958,"volume":"0.97920000","buyTxId":"8c1719ece9a7febaed02943438ed75596dd12245","sellTxId":"6b66e6792ca9d0eaf4f174c2a4aff2db37677882"}
{"index": {"_index":"sim","_id":"1256718"}}
	{"id":1256718,"type":"sell","buyer":"d-pend","seller":"konvik","symbol":"SIM","quantity":"121467.919","price":"0.00080000","timestamp":1627322961,"volume":"97.17433520","buyTxId":"8c1719ece9a7febaed02943438ed75596dd12245","sellTxId":"f32ebea1e846fef2c5d4dd3b8955bcdd39680145-1"}
{"index": {"_index":"sim","_id":"1256720"}}
	{"id":1256720,"type":"buy","buyer":"d-pend","seller":"solovey6o2","symbol":"SIM","quantity":"94799.223","price":"0.00080999","timestamp":1627322991,"volume":"76.78642264","buyTxId":"48fa85f7926aa37eed35d50a428e2ee5f3603ef6","sellTxId":"a7f106b3ff8d5fdb84caebc6a6671e3fb945f9c0"}
{"index": {"_index":"sim","_id":"1256721"}}
	{"id":1256721,"type":"buy","buyer":"d-pend","seller":"solovey6o2","symbol":"SIM","quantity":"7008.095","price":"0.00080999","timestamp":1627322991,"volume":"5.67648687","buyTxId":"48fa85f7926aa37eed35d50a428e2ee5f3603ef6","sellTxId":"b31483d1d49602e79107703bb93dfb282138026a"}
{"index": {"_index":"sim","_id":"1256722"}}
	{"id":1256722,"type":"buy","buyer":"d-pend","seller":"solovey6o2","symbol":"SIM","quantity":"6347.087","price":"0.00080999","timestamp":1627322991,"volume":"5.14107700","buyTxId":"48fa85f7926aa37eed35d50a428e2ee5f3603ef6","sellTxId":"2579bc373ae8ae9d556af93c46e61c522d6a5aed"}
{"index": {"_index":"sim","_id":"1256723"}}
	{"id":1256723,"type":"buy","buyer":"d-pend","seller":"jackdoe","symbol":"SIM","quantity":"91845.595","price":"0.00081000","timestamp":1627322991,"volume":"74.39493195","buyTxId":"48fa85f7926aa37eed35d50a428e2ee5f3603ef6","sellTxId":"8818463d14dae33b76020b9f50a9969f7fdbc2bc"}
{"index": {"_index":"sim","_id":"1256726"}}
	{"id":1256726,"type":"buy","buyer":"d-pend","seller":"jackdoe","symbol":"SIM","quantity":"54794.271","price":"0.00081000","timestamp":1627323021,"volume":"44.38335951","buyTxId":"3f976c86f751a48f6953eb680e6f7efbcfe39b5c","sellTxId":"8818463d14dae33b76020b9f50a9969f7fdbc2bc"}
{"index": {"_index":"sim","_id":"1256727"}}
	{"id":1256727,"type":"sell","buyer":"d-pend","seller":"konvik","symbol":"SIM","quantity":"145061.963","price":"0.00082000","timestamp":1627323024,"volume":"118.95080966","buyTxId":"3f976c86f751a48f6953eb680e6f7efbcfe39b5c","sellTxId":"e0189e804f74c9d779f3b80e2619460840edcf5c-1"}
{"index": {"_index":"sim","_id":"1256763"}}
	{"id":1256763,"type":"sell","buyer":"d-pend","seller":"elricmoonslayer","symbol":"SIM","quantity":"2988.002","price":"0.00080000","timestamp":1627323915,"volume":"2.39040160","buyTxId":"8c1719ece9a7febaed02943438ed75596dd12245","sellTxId":"659d8eaca544ac6a8e10be7e01def8c4bf98dacb"}
{"index": {"_index":"sim","_id":"1256773"}}
	{"id":1256773,"type":"sell","buyer":"d-pend","seller":"willsaldeno","symbol":"SIM","quantity":"1434.000","price":"0.00080000","timestamp":1627324032,"volume":"1.14720000","buyTxId":"8c1719ece9a7febaed02943438ed75596dd12245","sellTxId":"ef08fd8031e35b80b335bbbf5224acc295423b09"}
{"index": {"_index":"sim","_id":"1256837"}}
	{"id":1256837,"type":"sell","buyer":"d-pend","seller":"trifenix","symbol":"SIM","quantity":"1626.000","price":"0.00080000","timestamp":1627325088,"volume":"1.30080000","buyTxId":"8c1719ece9a7febaed02943438ed75596dd12245","sellTxId":"4bcc42747f002083ade1beed72aad1839db8b92b"}
{"index": {"_index":"sim","_id":"1256838"}}
	{"id":1256838,"type":"sell","buyer":"d-pend","seller":"dhedge-drips","symbol":"SIM","quantity":"0.004","price":"0.00080000","timestamp":1627325124,"volume":"0.00000320","buyTxId":"8c1719ece9a7febaed02943438ed75596dd12245","sellTxId":"67c65d2866006663a1d3a80deb1782b77309f691"}
{"index": {"_index":"sim","_id":"1256872"}}
	{"id":1256872,"type":"sell","buyer":"d-pend","seller":"konvik","symbol":"SIM","quantity":"73043.134","price":"0.00080000","timestamp":1627325454,"volume":"58.43450720","buyTxId":"8c1719ece9a7febaed02943438ed75596dd12245","sellTxId":"3dd47c40e3313011f295f03bd0855d8ae2dea042-1"}
{"index": {"_index":"sim","_id":"1256894"}}
	{"id":1256894,"type":"sell","buyer":"d-pend","seller":"konvik","symbol":"SIM","quantity":"54048.154","price":"0.00080000","timestamp":1627325802,"volume":"43.23852320","buyTxId":"8c1719ece9a7febaed02943438ed75596dd12245","sellTxId":"21a454f8302c9a9498fe639bcbb764f132ab4adb-1"}
{"index": {"_index":"sim","_id":"1256911"}}
	{"id":1256911,"type":"sell","buyer":"d-pend","seller":"mfblack","symbol":"SIM","quantity":"22573.412","price":"0.00080000","timestamp":1627326045,"volume":"18.05872960","buyTxId":"8c1719ece9a7febaed02943438ed75596dd12245","sellTxId":"79ec132eacd9ca403ca67ce8a26961a302259958"}
{"index": {"_index":"sim","_id":"1256916"}}
	{"id":1256916,"type":"sell","buyer":"d-pend","seller":"konvik","symbol":"SIM","quantity":"44819.566","price":"0.00080000","timestamp":1627326111,"volume":"35.85565280","buyTxId":"8c1719ece9a7febaed02943438ed75596dd12245","sellTxId":"a3f2857b4619c110897310887aa52ff7a2286286-1"}
{"index": {"_index":"sim","_id":"1256924"}}
	{"id":1256924,"type":"sell","buyer":"d-pend","seller":"konvik","symbol":"SIM","quantity":"40096.877","price":"0.00080000","timestamp":1627326246,"volume":"32.07750160","buyTxId":"8c1719ece9a7febaed02943438ed75596dd12245","sellTxId":"e3bc235b2e708ec61ddafcdeb91433a0c4826f5a-1"}
{"index": {"_index":"sim","_id":"1256931"}}
	{"id":1256931,"type":"sell","buyer":"d-pend","seller":"alicemudgarden","symbol":"SIM","quantity":"2000.000","price":"0.00080000","timestamp":1627326339,"volume":"1.60000000","buyTxId":"8c1719ece9a7febaed02943438ed75596dd12245","sellTxId":"02ab71b52a161e2a5153d284f0e99349fb09502a"}
{"index": {"_index":"sim","_id":"1256957"}}
	{"id":1256957,"type":"sell","buyer":"d-pend","seller":"barrenwolfsbane","symbol":"SIM","quantity":"344.527","price":"0.00080000","timestamp":1627326639,"volume":"0.27562160","buyTxId":"8c1719ece9a7febaed02943438ed75596dd12245","sellTxId":"5387afdcb496b748d401bb2c2f90d65991087d5a"}
{"index": {"_index":"sim","_id":"1256990"}}
	{"id":1256990,"type":"sell","buyer":"d-pend","seller":"thisisawesome","symbol":"SIM","quantity":"2.018","price":"0.00080000","timestamp":1627327188,"volume":"0.00161440","buyTxId":"8c1719ece9a7febaed02943438ed75596dd12245","sellTxId":"2abf1b60968e8472e674575b2a7e845c8477253f"}
{"index": {"_index":"sim","_id":"1257005"}}
	{"id":1257005,"type":"sell","buyer":"d-pend","seller":"tonytrillions","symbol":"SIM","quantity":"0.026","price":"0.00080000","timestamp":1627327530,"volume":"0.00002080","buyTxId":"8c1719ece9a7febaed02943438ed75596dd12245","sellTxId":"4076b180754687d9a13aa38d4d4c9e732cc3e7db"}
{"index": {"_index":"sim","_id":"1257096"}}
	{"id":1257096,"type":"sell","buyer":"solovey6o2","seller":"steem.services","symbol":"SIM","quantity":"124774.487","price":"0.00080001","timestamp":1627328940,"volume":"99.82083734","buyTxId":"955c8e6394fb5b8c06ebd7b8963274cf405fb2ad","sellTxId":"a9158db41c07af7b1b7bf94496c927e45b04cf02"}
{"index": {"_index":"sim","_id":"1257097"}}
	{"id":1257097,"type":"sell","buyer":"d-pend","seller":"steem.services","symbol":"SIM","quantity":"130241.335","price":"0.00080000","timestamp":1627328940,"volume":"104.19306800","buyTxId":"8c1719ece9a7febaed02943438ed75596dd12245","sellTxId":"a9158db41c07af7b1b7bf94496c927e45b04cf02"}
{"index": {"_index":"sim","_id":"1257098"}}
	{"id":1257098,"type":"sell","buyer":"frugal-fun","seller":"steem.services","symbol":"SIM","quantity":"32860.178","price":"0.00078000","timestamp":1627328940,"volume":"25.63093884","buyTxId":"28a0a249918a7ab2dc4b6724d6b63d4996ddd603","sellTxId":"a9158db41c07af7b1b7bf94496c927e45b04cf02"}
{"index": {"_index":"sim","_id":"1257127"}}
	{"id":1257127,"type":"sell","buyer":"frugal-fun","seller":"holoferncro","symbol":"SIM","quantity":"411.822","price":"0.00078000","timestamp":1627329267,"volume":"0.32122116","buyTxId":"28a0a249918a7ab2dc4b6724d6b63d4996ddd603","sellTxId":"8d066ffe931c4a96712d4b61cedea55a2c9b0dd7"}
{"index": {"_index":"sim","_id":"1257128"}}
	{"id":1257128,"type":"sell","buyer":"jelly-cz","seller":"holoferncro","symbol":"SIM","quantity":"3374.179","price":"0.00077502","timestamp":1627329267,"volume":"2.61505621","buyTxId":"MM-P-9007556-55988476-3-34-0","sellTxId":"8d066ffe931c4a96712d4b61cedea55a2c9b0dd7"}
{"index": {"_index":"sim","_id":"1257184"}}
	{"id":1257184,"type":"sell","buyer":"jelly-cz","seller":"worldfinances","symbol":"SIM","quantity":"800.000","price":"0.00077502","timestamp":1627330107,"volume":"0.62001600","buyTxId":"MM-P-9007556-55988476-3-34-0","sellTxId":"5147b765449a070d40dfdcadd81835089c4d63cb"}
{"index": {"_index":"sim","_id":"1257190"}}
	{"id":1257190,"type":"sell","buyer":"jelly-cz","seller":"balte","symbol":"SIM","quantity":"19051.028","price":"0.00077502","timestamp":1627330161,"volume":"14.76492772","buyTxId":"MM-P-9007556-55988476-3-34-0","sellTxId":"ebdb6819248a9778b831eb50e98802590fca6c06"}
{"index": {"_index":"sim","_id":"1257191"}}
	{"id":1257191,"type":"sell","buyer":"dcityfund","seller":"balte","symbol":"SIM","quantity":"948.972","price":"0.00077500","timestamp":1627330161,"volume":"0.73545330","buyTxId":"46e28c88129746a411a812c9c0ab7ebe1f852fb5","sellTxId":"ebdb6819248a9778b831eb50e98802590fca6c06"}
{"index": {"_index":"sim","_id":"1257193"}}
	{"id":1257193,"type":"buy","buyer":"eythorphoto","seller":"nftmart.fees","symbol":"SIM","quantity":"412.000","price":"0.00082999","timestamp":1627330188,"volume":"0.34195588","buyTxId":"21734a14306a9cdc599c3f4bbe1b08f2ab71a17c","sellTxId":"7803842eb5359a0f8a14e514823d69fc3d49adba-0"}
{"index": {"_index":"sim","_id":"1257194"}}
	{"id":1257194,"type":"buy","buyer":"eythorphoto","seller":"joshh71390","symbol":"SIM","quantity":"7463.000","price":"0.00083000","timestamp":1627330188,"volume":"6.19429000","buyTxId":"21734a14306a9cdc599c3f4bbe1b08f2ab71a17c","sellTxId":"59db6d50efb93fac755a7e39129b1a7fa574401e"}
{"index": {"_index":"sim","_id":"1257287"}}
	{"id":1257287,"type":"sell","buyer":"jelly-cz","seller":"cryptoninjaz","symbol":"SIM","quantity":"23224.308","price":"0.00077505","timestamp":1627331427,"volume":"17.99999992","buyTxId":"MM-P-9008248-55989170-3-34-0","sellTxId":"9ceb866d72368c83376c64452d7482876b009447"}
{"index": {"_index":"sim","_id":"1257290"}}
	{"id":1257290,"type":"sell","buyer":"dcityfund","seller":"cryptoninjaz","symbol":"SIM","quantity":"41140.920","price":"0.00077500","timestamp":1627331457,"volume":"31.88421300","buyTxId":"46e28c88129746a411a812c9c0ab7ebe1f852fb5","sellTxId":"7f1954a7e3a6834a354a68375d3ed1e546714c82"}
{"index": {"_index":"sim","_id":"1257292"}}
	{"id":1257292,"type":"sell","buyer":"dcityfund","seller":"cryptoninjaz","symbol":"SIM","quantity":"42796.712","price":"0.00077400","timestamp":1627331496,"volume":"33.12465508","buyTxId":"edfa9d3c0c546be19ededad6e99dcb3762104b24","sellTxId":"2efd37beecd93fc179422c1e62f5cc2a57274953"}
{"index": {"_index":"sim","_id":"1257369"}}
	{"id":1257369,"type":"buy","buyer":"morzex","seller":"solovey6o2","symbol":"SIM","quantity":"1042.695","price":"0.00081999","timestamp":1627332606,"volume":"0.855","buyTxId":"f334087090e622e7f954a20f123acc773f5c6fd0","sellTxId":"a7f91354c624592dcce81ebc77056547ba0414bc"}
{"index": {"_index":"sim","_id":"1257371"}}
	{"id":1257371,"type":"sell","buyer":"jelly-cz","seller":"cryptoninjaz","symbol":"SIM","quantity":"23285.297","price":"0.00077302","timestamp":1627332648,"volume":"18.00000029","buyTxId":"MM-P-9008348-55989270-3-34-0","sellTxId":"7e4cb92aaf2b683e233b14f0616cd9da5e6ce9df"}
{"index": {"_index":"sim","_id":"1257373"}}
	{"id":1257373,"type":"sell","buyer":"dcityfund","seller":"cryptoninjaz","symbol":"SIM","quantity":"28351.366","price":"0.00077300","timestamp":1627332675,"volume":"21.91560592","buyTxId":"8ccd79a6f868279f21efefc9a70172cd56889b9a","sellTxId":"d1a49cc91d297fd9754ef4456e36ed172b4f26b4"}
{"index": {"_index":"sim","_id":"1257391"}}
	{"id":1257391,"type":"buy","buyer":"konvik","seller":"solovey6o2","symbol":"SIM","quantity":"123731.791","price":"0.00081999","timestamp":1627332792,"volume":"101.45883130","buyTxId":"00f506f4314a09d158b67265b07d94efea7630b2-0","sellTxId":"a7f91354c624592dcce81ebc77056547ba0414bc"}
{"index": {"_index":"sim","_id":"1257396"}}
	{"id":1257396,"type":"sell","buyer":"dustindivitto","seller":"deathwing","symbol":"SIM","quantity":"573","price":"0.00078000","timestamp":1627332906,"volume":"0.44694000","buyTxId":"bc16329c05974fea0ff876ca520733b61ad0935d","sellTxId":"d0a1d06c45d48f3d19748ed234e58f05ebdba1ab-0"}
{"index": {"_index":"sim","_id":"1257418"}}
	{"id":1257418,"type":"buy","buyer":"konvik","seller":"bhoa","symbol":"SIM","quantity":"15535.450","price":"0.00082000","timestamp":1627333194,"volume":"12.73906900","buyTxId":"c0c9fd3a8e1261e698ec738fe831c7a81978eda1-0","sellTxId":"b71519fde64c189381578f583217e536f7f91956"}
{"index": {"_index":"sim","_id":"1257425"}}
	{"id":1257425,"type":"sell","buyer":"solovey6o2","seller":"cryptoninjaz","symbol":"SIM","quantity":"67221.079","price":"0.00078001","timestamp":1627333311,"volume":"52.43311383","buyTxId":"4ee0f72bbdedb35922b83e6dbd4652c7f4895d10","sellTxId":"430dbc5ec6f95731af8cd449399cd075db40d240"}
{"index": {"_index":"sim","_id":"1257428"}}
	{"id":1257428,"type":"sell","buyer":"solovey6o2","seller":"cryptoninjaz","symbol":"SIM","quantity":"9239.671","price":"0.00078001","timestamp":1627333335,"volume":"7.20703578","buyTxId":"0b101415dd1b40d25597edf92e54ddada177d0f1","sellTxId":"ccdeb914b25b69149d3c5b84e50807a16722014b"}
{"index": {"_index":"sim","_id":"1257433"}}
	{"id":1257433,"type":"buy","buyer":"dustindivitto","seller":"nftmart.fees","symbol":"SIM","quantity":"410.000","price":"0.00082999","timestamp":1627333398,"volume":"0.34029590","buyTxId":"f0a6980abb8ca322a689b435f18ff0e0a2036584","sellTxId":"4f2c671eb098524f7bf28ebeeb83b4271fbe90e3-0"}
{"index": {"_index":"sim","_id":"1257434"}}
	{"id":1257434,"type":"buy","buyer":"dustindivitto","seller":"joshh71390","symbol":"SIM","quantity":"4537.000","price":"0.00083000","timestamp":1627333398,"volume":"3.76571000","buyTxId":"f0a6980abb8ca322a689b435f18ff0e0a2036584","sellTxId":"59db6d50efb93fac755a7e39129b1a7fa574401e"}
{"index": {"_index":"sim","_id":"1257435"}}
	{"id":1257435,"type":"buy","buyer":"dustindivitto","seller":"dhedge-drips","symbol":"SIM","quantity":"0.004","price":"0.00083999","timestamp":1627333398,"volume":"0.00000336","buyTxId":"f0a6980abb8ca322a689b435f18ff0e0a2036584","sellTxId":"b7760c68f3c9ccde6a37bde4893998860716a6f9"}
{"index": {"_index":"sim","_id":"1257436"}}
	{"id":1257436,"type":"buy","buyer":"dustindivitto","seller":"luca-legend","symbol":"SIM","quantity":"143.213","price":"0.00084000","timestamp":1627333398,"volume":"0.12029892","buyTxId":"f0a6980abb8ca322a689b435f18ff0e0a2036584","sellTxId":"8b7129544877451a321e976642943e05504bc3aa"}
{"index": {"_index":"sim","_id":"1257437"}}
	{"id":1257437,"type":"buy","buyer":"dustindivitto","seller":"eirik","symbol":"SIM","quantity":"680.000","price":"0.00085000","timestamp":1627333398,"volume":"0.57800000","buyTxId":"f0a6980abb8ca322a689b435f18ff0e0a2036584","sellTxId":"6c270d4341d099e923797f406e918652d7b8fb4d"}
{"index": {"_index":"sim","_id":"1257438"}}
	{"id":1257438,"type":"buy","buyer":"dustindivitto","seller":"accelerator","symbol":"SIM","quantity":"888.000","price":"0.00085000","timestamp":1627333398,"volume":"0.75480000","buyTxId":"f0a6980abb8ca322a689b435f18ff0e0a2036584","sellTxId":"616b5ad44219a6bdd99e28e3a1ea4ae6705f77aa"}
{"index": {"_index":"sim","_id":"1257561"}}
	{"id":1257561,"type":"sell","buyer":"solovey6o2","seller":"cryptoninjaz","symbol":"SIM","quantity":"34218.050","price":"0.00079443","timestamp":1627335273,"volume":"27.18384546","buyTxId":"8abb61ec754dd4d55daaab5e45bf05b067ba90b1","sellTxId":"d32a85313a53839726dc3fc8df5cc721f9f8b0e3"}
{"index": {"_index":"sim","_id":"1257598"}}
	{"id":1257598,"type":"sell","buyer":"dadspardan","seller":"konvik","symbol":"SIM","quantity":"17982.179","price":"0.00085000","timestamp":1627335753,"volume":"15.28485215","buyTxId":"633ecf32e3b503ff22ff083a9a9b18b46331bcac","sellTxId":"6b5a6c41e423f403f1a51454cda1a5b5971777ad-1"}
{"index": {"_index":"sim","_id":"1257619"}}
	{"id":1257619,"type":"sell","buyer":"dadspardan","seller":"cryptoninjaz","symbol":"SIM","quantity":"17.821","price":"0.00085000","timestamp":1627336113,"volume":"0.01514785","buyTxId":"633ecf32e3b503ff22ff083a9a9b18b46331bcac","sellTxId":"c2a3666d0bc5be30548c4e89166f8b3d7ea12056"}
{"index": {"_index":"sim","_id":"1257621"}}
	{"id":1257621,"type":"sell","buyer":"solovey6o2","seller":"cryptoninjaz","symbol":"SIM","quantity":"9301.679","price":"0.00079443","timestamp":1627336143,"volume":"7.38953285","buyTxId":"0dcae38eb5eaf461dd61dbf7eb073f93a506cf32","sellTxId":"12979092d8d4a0e586333edf261790ab54fcfbbd"}
{"index": {"_index":"sim","_id":"1257695"}}
	{"id":1257695,"type":"sell","buyer":"frugal-fun","seller":"jrcornel","symbol":"SIM","quantity":"11515.000","price":"0.00080000","timestamp":1627337034,"volume":"9.21200000","buyTxId":"a92fd1fae3ab6883d8399544ca5a2194ce7e82fc","sellTxId":"070ccafa11f97b3fc5f425de58d94d1fb65c142e"}
{"index": {"_index":"sim","_id":"1257696"}}
	{"id":1257696,"type":"sell","buyer":"solovey6o2","seller":"jrcornel","symbol":"SIM","quantity":"2876.940","price":"0.00079443","timestamp":1627337034,"volume":"2.28552744","buyTxId":"0dcae38eb5eaf461dd61dbf7eb073f93a506cf32","sellTxId":"070ccafa11f97b3fc5f425de58d94d1fb65c142e"}
{"index": {"_index":"sim","_id":"1257697"}}
	{"id":1257697,"type":"sell","buyer":"ecoinstats","seller":"jrcornel","symbol":"SIM","quantity":"22597.060","price":"0.00079442","timestamp":1627337034,"volume":"17.95155641","buyTxId":"0abb1391c48394c2eee0a733f6b3b1adc90a044f","sellTxId":"070ccafa11f97b3fc5f425de58d94d1fb65c142e"}
{"index": {"_index":"sim","_id":"1257706"}}
	{"id":1257706,"type":"sell","buyer":"ecoinstats","seller":"cryptoninjaz","symbol":"SIM","quantity":"54220.300","price":"0.00079442","timestamp":1627337193,"volume":"43.07369073","buyTxId":"0abb1391c48394c2eee0a733f6b3b1adc90a044f","sellTxId":"bd9ee5b21d32ed09ca9a1a582dae8054af4b475a"}
{"index": {"_index":"sim","_id":"1257775"}}
	{"id":1257775,"type":"sell","buyer":"dustindivitto","seller":"konvik","symbol":"SIM","quantity":"19898.280","price":"0.00082490","timestamp":1627338552,"volume":"16.41409117","buyTxId":"9b562fbba195619b51547beeb529240e2e768921","sellTxId":"9873ea10d2eedadcfc8548074450e59f8e05b35a-1"}
{"index": {"_index":"sim","_id":"1257792"}}
	{"id":1257792,"type":"sell","buyer":"enm1","seller":"cryptoninjaz","symbol":"SIM","quantity":"15504.000","price":"0.00079443","timestamp":1627338957,"volume":"12.31684272","buyTxId":"4a16e98c8e9ac65559a7839ac131bd57119e4cc9","sellTxId":"78ab3d005916128c86f21f42c349f10c231ef4a7"}
{"index": {"_index":"sim","_id":"1257882"}}
	{"id":1257882,"type":"buy","buyer":"badmusgreene","seller":"nftmart.fees","symbol":"SIM","quantity":"310.000","price":"0.00087998","timestamp":1627340985,"volume":"0.27279380","buyTxId":"68e7bfe52c0ebee370f85e339d6dc3e45f0eedf7","sellTxId":"690f018733ee8cf0eaf2b9aa9687f1ffdfd92719-0"}
{"index": {"_index":"sim","_id":"1257883"}}
	{"id":1257883,"type":"sell","buyer":"badmusgreene","seller":"konvik","symbol":"SIM","quantity":"8272.388","price":"0.00087998","timestamp":1627340988,"volume":"7.27953599","buyTxId":"68e7bfe52c0ebee370f85e339d6dc3e45f0eedf7","sellTxId":"7aa30eb15ba22aa7968bb228b48e16e7a6268441-1"}
{"index": {"_index":"sim","_id":"1257950"}}
	{"id":1257950,"type":"buy","buyer":"morzex","seller":"nftmart.fees","symbol":"SIM","quantity":"316.000","price":"0.00087999","timestamp":1627342554,"volume":"0.27807684","buyTxId":"046ed254d7bd4abb77f9335fa43c71c022bb1c9f","sellTxId":"570c13c4128178952e15534cf07a7a1253dd9125-0"}
{"index": {"_index":"sim","_id":"1257951"}}
	{"id":1257951,"type":"buy","buyer":"morzex","seller":"eirik","symbol":"SIM","quantity":"791.958","price":"0.00088000","timestamp":1627342554,"volume":"0.69692316","buyTxId":"046ed254d7bd4abb77f9335fa43c71c022bb1c9f","sellTxId":"9a8c11545f20233ad066fabe88e747444c11f32a"}
{"index": {"_index":"sim","_id":"1257956"}}
	{"id":1257956,"type":"sell","buyer":"badmusgreene","seller":"fantasycrypto","symbol":"SIM","quantity":"8.198","price":"0.00087998","timestamp":1627342575,"volume":"0.00721408","buyTxId":"68e7bfe52c0ebee370f85e339d6dc3e45f0eedf7","sellTxId":"a8d1f20bd11657cdb928f7a102c604c65e619603"}
{"index": {"_index":"sim","_id":"1257957"}}
	{"id":1257957,"type":"sell","buyer":"half-fast","seller":"fantasycrypto","symbol":"SIM","quantity":"110.000","price":"0.00087997","timestamp":1627342575,"volume":"0.09679670","buyTxId":"0bd429a7e503f569cc8b95a4d69fe788175921b5","sellTxId":"a8d1f20bd11657cdb928f7a102c604c65e619603"}
{"index": {"_index":"sim","_id":"1257958"}}
	{"id":1257958,"type":"sell","buyer":"enm1","seller":"fantasycrypto","symbol":"SIM","quantity":"16524.802","price":"0.00079443","timestamp":1627342575,"volume":"13.12779845","buyTxId":"4a16e98c8e9ac65559a7839ac131bd57119e4cc9","sellTxId":"a8d1f20bd11657cdb928f7a102c604c65e619603"}
{"index": {"_index":"sim","_id":"1258123"}}
	{"id":1258123,"type":"sell","buyer":"enm1","seller":"threejay","symbol":"SIM","quantity":"742.000","price":"0.00079443","timestamp":1627344900,"volume":"0.58946706","buyTxId":"4a16e98c8e9ac65559a7839ac131bd57119e4cc9","sellTxId":"989f0522a3bcd9e75fb9fc709888c84f237d64d6"}
{"index": {"_index":"sim","_id":"1258242"}}
	{"id":1258242,"type":"buy","buyer":"soteyapanbot","seller":"nftmart.fees","symbol":"SIM","quantity":"239.000","price":"0.00087998","timestamp":1627346577,"volume":"0.21031522","buyTxId":"fcb4ddf94d692172cbc245a77dd616ef2f3d06c9","sellTxId":"8b52cdf6e1de2bacd41e74df66ba64aa810c2053-0"}
{"index": {"_index":"sim","_id":"1258248"}}
	{"id":1258248,"type":"sell","buyer":"soteyapanbot","seller":"dhedge-drips","symbol":"SIM","quantity":"2.055","price":"0.00087998","timestamp":1627346724,"volume":"0.00180836","buyTxId":"fcb4ddf94d692172cbc245a77dd616ef2f3d06c9","sellTxId":"8bd63922e567d39249244fef1933aa1b26abf58e"}
{"index": {"_index":"sim","_id":"1258422"}}
	{"id":1258422,"type":"sell","buyer":"soteyapanbot","seller":"jywahaha","symbol":"SIM","quantity":"2772.945","price":"0.00087998","timestamp":1627349082,"volume":"2.44013614","buyTxId":"fcb4ddf94d692172cbc245a77dd616ef2f3d06c9","sellTxId":"7ebb6f8cf0ab9941245849c6a236df45276f6b67"}
{"index": {"_index":"sim","_id":"1258423"}}
	{"id":1258423,"type":"sell","buyer":"joshh71390","seller":"jywahaha","symbol":"SIM","quantity":"50000.000","price":"0.00080000","timestamp":1627349082,"volume":"40.00000000","buyTxId":"0ed27e67ea162469584b61dc01f471488521ff1c","sellTxId":"7ebb6f8cf0ab9941245849c6a236df45276f6b67"}
{"index": {"_index":"sim","_id":"1258424"}}
	{"id":1258424,"type":"sell","buyer":"enm1","seller":"jywahaha","symbol":"SIM","quantity":"147229.198","price":"0.00079443","timestamp":1627349082,"volume":"116.96329177","buyTxId":"4a16e98c8e9ac65559a7839ac131bd57119e4cc9","sellTxId":"7ebb6f8cf0ab9941245849c6a236df45276f6b67"}
{"index": {"_index":"sim","_id":"1258425"}}
	{"id":1258425,"type":"sell","buyer":"ecoinstats","seller":"jywahaha","symbol":"SIM","quantity":"47624.164","price":"0.00079442","timestamp":1627349082,"volume":"37.83358836","buyTxId":"0abb1391c48394c2eee0a733f6b3b1adc90a044f","sellTxId":"7ebb6f8cf0ab9941245849c6a236df45276f6b67"}
{"index": {"_index":"sim","_id":"1258556"}}
	{"id":1258556,"type":"sell","buyer":"mmrx","seller":"bigram13","symbol":"SIM","quantity":"6579.389","price":"0.00080001","timestamp":1627352256,"volume":"5.26357699","buyTxId":"MM-P-9015008-55995947-3-41-0","sellTxId":"22d4216e4da78010daefe3d218b138eabcdfc22b"}
{"index": {"_index":"sim","_id":"1258557"}}
	{"id":1258557,"type":"sell","buyer":"megalithic","seller":"bigram13","symbol":"SIM","quantity":"3420.611","price":"0.00080000","timestamp":1627352256,"volume":"2.73648880","buyTxId":"21ef9616bf18b78b417edc9fb4e9816224db80e4","sellTxId":"22d4216e4da78010daefe3d218b138eabcdfc22b"}
{"index": {"_index":"sim","_id":"1258595"}}
	{"id":1258595,"type":"sell","buyer":"megalithic","seller":"valor2s","symbol":"SIM","quantity":"37.000","price":"0.00080000","timestamp":1627353693,"volume":"0.02960000","buyTxId":"21ef9616bf18b78b417edc9fb4e9816224db80e4","sellTxId":"d2d198cc699eb6033c6cac47c3eee4c1a70c2718"}
{"index": {"_index":"sim","_id":"1258596"}}
	{"id":1258596,"type":"sell","buyer":"megalithic","seller":"bitcoinflood","symbol":"SIM","quantity":"2300.000","price":"0.00080000","timestamp":1627353786,"volume":"1.84000000","buyTxId":"21ef9616bf18b78b417edc9fb4e9816224db80e4","sellTxId":"fa479ddc4f27b96569759e496207d7da06f864f3"}
