{"index": {"_index":"sim","_id":"1823815"}}
	{"id":1823815,"type":"sell","buyer":"pi-trader","seller":"theguruasia","symbol":"SIM","quantity":"1175.017","price":"0.00104001","timestamp":1635474645,"volume":"1.22202943","buyTxId":"745d3fb5c0c1bf8dd22090d54cdd8856510f031a-3","sellTxId":"0a9af61875480c0246184cb9656c99acd72b2d55"}
{"index": {"_index":"sim","_id":"1823865"}}
	{"id":1823865,"type":"sell","buyer":"pi-trader","seller":"juanvegetarian","symbol":"SIM","quantity":"672.283","price":"0.00104001","timestamp":1635475764,"volume":"0.69918104","buyTxId":"afa7d96be75e5b2c9a54f01e3f968e2ea9a82b4d-5","sellTxId":"6ee4e5b4ebd8cc671cfe507c43239dc55abc2dd3"}
{"index": {"_index":"sim","_id":"1824255"}}
	{"id":1824255,"type":"buy","buyer":"steemshiro","seller":"fiberfrau","symbol":"SIM","quantity":"7.900","price":"0.00105000","timestamp":1635480066,"volume":"0.00829500","buyTxId":"d546a33f544864413d6f5fa49d6401d1d89c99dc","sellTxId":"6afef80c53ba9e7dd5eb7d3e107659c45bfd2bf4"}
{"index": {"_index":"sim","_id":"1824256"}}
	{"id":1824256,"type":"buy","buyer":"steemshiro","seller":"jelly-cz","symbol":"SIM","quantity":"1.000","price":"0.00113997","timestamp":1635480066,"volume":"0.00113997","buyTxId":"d546a33f544864413d6f5fa49d6401d1d89c99dc","sellTxId":"MM-P-11709875-58695507-3-32-0"}
{"index": {"_index":"sim","_id":"1824257"}}
	{"id":1824257,"type":"buy","buyer":"steemshiro","seller":"pi-trader","symbol":"SIM","quantity":"0.100","price":"0.00143999","timestamp":1635480066,"volume":"0.00014400","buyTxId":"d546a33f544864413d6f5fa49d6401d1d89c99dc","sellTxId":"2588ca11113737312d1a909267dfa2d37b902507-3"}
{"index": {"_index":"sim","_id":"1824266"}}
	{"id":1824266,"type":"sell","buyer":"pi-trader","seller":"mawit07","symbol":"SIM","quantity":"10000.000","price":"0.00104001","timestamp":1635480120,"volume":"10.40010000","buyTxId":"d448458e3d743cd16b285aca6f3325057c0ab0be-5","sellTxId":"49432b9610c82dd141790897f41c5ed73ee9c1f0"}
{"index": {"_index":"sim","_id":"1824274"}}
	{"id":1824274,"type":"buy","buyer":"podim","seller":"jelly-cz","symbol":"SIM","quantity":"1.000","price":"0.00143997","timestamp":1635480204,"volume":"0.00143997","buyTxId":"6bc5492c87773da5007dade214752621b1b0b606","sellTxId":"MM-P-11713363-58699000-3-32-0"}
{"index": {"_index":"sim","_id":"1824296"}}
	{"id":1824296,"type":"sell","buyer":"pi-trader","seller":"brofi-market","symbol":"SIM","quantity":"0.001","price":"0.00104002","timestamp":1635480462,"volume":"0.00000104","buyTxId":"054426908eca5d77f7f47b2a40f1489b252dda72-3","sellTxId":"26b0f37965d134579b65da2de10b78f629e753cc"}
{"index": {"_index":"sim","_id":"1824495"}}
	{"id":1824495,"type":"sell","buyer":"pi-trader","seller":"megalithic","symbol":"SIM","quantity":"934.000","price":"0.00104002","timestamp":1635483435,"volume":"0.97137868","buyTxId":"03899068ef09ac4bef5fd71ee4f8cdf49ebd4e70-4","sellTxId":"04dc0db923f84389362637977be7f995f6994b8f"}
{"index": {"_index":"sim","_id":"1824527"}}
	{"id":1824527,"type":"sell","buyer":"pi-trader","seller":"adrian1968","symbol":"SIM","quantity":"0.001","price":"0.00104002","timestamp":1635484011,"volume":"0.00000104","buyTxId":"f80ee0ed5d551c33fb0f2fb43f092eba0500c399-5","sellTxId":"276f4f67e4a12e9c3153110c7bda658b23f644c2"}
{"index": {"_index":"sim","_id":"1824807"}}
	{"id":1824807,"type":"sell","buyer":"pi-trader","seller":"thatcryptodave","symbol":"SIM","quantity":"500.096","price":"0.00104002","timestamp":1635487827,"volume":"0.52010984","buyTxId":"27477e471bf10cc73e072fdfbbffccab20402c48-1","sellTxId":"deb4f3d6352cc241d6017357acf108c99bac17dd"}
{"index": {"_index":"sim","_id":"1825132"}}
	{"id":1825132,"type":"sell","buyer":"pi-trader","seller":"ctrlyse","symbol":"SIM","quantity":"0.010","price":"0.00104002","timestamp":1635489921,"volume":"0.00001040","buyTxId":"c349404ecf1c07282d3d985212512521ed7bad4e-1","sellTxId":"b9e37fd251f8b4f66dd5dbcc4ab68bcda14672d9"}
{"index": {"_index":"sim","_id":"1825221"}}
	{"id":1825221,"type":"sell","buyer":"pi-trader","seller":"gcollects","symbol":"SIM","quantity":"1164.520","price":"0.00104002","timestamp":1635490902,"volume":"1.21112409","buyTxId":"eca7cc8ca945c8fdae58e87534ab91967c54f4ca-7","sellTxId":"2746f833323275e80fb6be6605bedefa65e27e8e"}
{"index": {"_index":"sim","_id":"1825321"}}
	{"id":1825321,"type":"sell","buyer":"pi-trader","seller":"toofasteddie","symbol":"SIM","quantity":"900.000","price":"0.00104002","timestamp":1635491889,"volume":"0.93601800","buyTxId":"3473611ea667ab0d5deafd3d174e81fb4197857d-5","sellTxId":"6cc03663875901fb3f94ce75461359fad62de307"}
{"index": {"_index":"sim","_id":"1825637"}}
	{"id":1825637,"type":"sell","buyer":"pi-trader","seller":"podim","symbol":"SIM","quantity":"50000.000","price":"0.00109001","timestamp":1635495237,"volume":"54.50050000","buyTxId":"0db33020be3f45fcc90a6725374f10f416431600-2","sellTxId":"105fa67615f2b1738e88e9d0a5e9b8beec79e77f"}
{"index": {"_index":"sim","_id":"1825691"}}
	{"id":1825691,"type":"buy","buyer":"podim","seller":"jelly-cz","symbol":"SIM","quantity":"1.000","price":"0.00114997","timestamp":1635495762,"volume":"0.00114997","buyTxId":"2258e1afd266188301339acada4f9152c1cd5cd1","sellTxId":"MM-P-11718150-58703789-3-32-0"}
{"index": {"_index":"sim","_id":"1825692"}}
	{"id":1825692,"type":"buy","buyer":"podim","seller":"pi-trader","symbol":"SIM","quantity":"1.000","price":"0.00142899","timestamp":1635495762,"volume":"0.00142899","buyTxId":"2258e1afd266188301339acada4f9152c1cd5cd1","sellTxId":"e61fa8568d32e8688618e49401f534a3b4344baa-3"}
{"index": {"_index":"sim","_id":"1825730"}}
	{"id":1825730,"type":"sell","buyer":"podim","seller":"muenchen","symbol":"SIM","quantity":"150.000","price":"0.00109000","timestamp":1635496278,"volume":"0.16350000","buyTxId":"77ff8383e64aea97e25d2de992eadba81a0f78d6","sellTxId":"1da5f4d3f88d2704c76a7ed1cbab060a36a14d9d"}
{"index": {"_index":"sim","_id":"1825731"}}
	{"id":1825731,"type":"buy","buyer":"svirus","seller":"muenchen","symbol":"SIM","quantity":"5516.000","price":"0.00109000","timestamp":1635496281,"volume":"6.01244000","buyTxId":"38300b64bff7a0e7c01ae5b71ea39bfbfdde36f2-0","sellTxId":"1da5f4d3f88d2704c76a7ed1cbab060a36a14d9d"}
{"index": {"_index":"sim","_id":"1825893"}}
	{"id":1825893,"type":"sell","buyer":"pi-trader","seller":"muenchen","symbol":"SIM","quantity":"7.600","price":"0.00107001","timestamp":1635498528,"volume":"0.00813208","buyTxId":"a28090d25fec433118062bd0af26c659d55ca2e8-2","sellTxId":"35d4a8021c273ca21fc15fa5179a443c6c93b1f2"}
{"index": {"_index":"sim","_id":"1826035"}}
	{"id":1826035,"type":"buy","buyer":"stickupmusic","seller":"jelly-cz","symbol":"SIM","quantity":"1.000","price":"0.00136797","timestamp":1635500034,"volume":"0.00136797","buyTxId":"f068e243b1352d95fa4b283e13389fc8d2a6e379","sellTxId":"MM-P-11718949-58704588-3-32-0"}
{"index": {"_index":"sim","_id":"1826053"}}
	{"id":1826053,"type":"sell","buyer":"stickupmusic","seller":"jelly-cz","symbol":"SIM","quantity":"1.000","price":"0.00136797","timestamp":1635500274,"volume":"0.00136797","buyTxId":"f068e243b1352d95fa4b283e13389fc8d2a6e379","sellTxId":"MM-P-11720049-58705688-3-32-0"}
{"index": {"_index":"sim","_id":"1826065"}}
	{"id":1826065,"type":"sell","buyer":"stickupmusic","seller":"jelly-cz","symbol":"SIM","quantity":"1.000","price":"0.00136797","timestamp":1635500574,"volume":"0.00136797","buyTxId":"f068e243b1352d95fa4b283e13389fc8d2a6e379","sellTxId":"MM-P-11720149-58705788-3-32-0"}
{"index": {"_index":"sim","_id":"1826070"}}
	{"id":1826070,"type":"sell","buyer":"stickupmusic","seller":"frugal-fun","symbol":"SIM","quantity":"541.026","price":"0.00136797","timestamp":1635500616,"volume":"0.74010734","buyTxId":"f068e243b1352d95fa4b283e13389fc8d2a6e379","sellTxId":"98b90cc184139752528053dfd35243cd56084909"}
{"index": {"_index":"sim","_id":"1826162"}}
	{"id":1826162,"type":"sell","buyer":"pi-trader","seller":"libbane","symbol":"SIM","quantity":"368.600","price":"0.00108001","timestamp":1635502077,"volume":"0.39809169","buyTxId":"2f46a2cdd4cdf2bce580c253ff4085b196bbcac4-3","sellTxId":"d005d9184067374d9a7f58a930877719158b7400"}
{"index": {"_index":"sim","_id":"1826331"}}
	{"id":1826331,"type":"sell","buyer":"podim","seller":"willsaldeno","symbol":"SIM","quantity":"200.000","price":"0.00109000","timestamp":1635503418,"volume":"0.21800000","buyTxId":"6dc089bee4c43f56bc5c7ec70da59b13c18cfb6f","sellTxId":"d24223d83654f8c1e6c0b5aac90a2c2ed8e52e2a"}
{"index": {"_index":"sim","_id":"1826335"}}
	{"id":1826335,"type":"sell","buyer":"pi-trader","seller":"willsaldeno","symbol":"SIM","quantity":"1747.000","price":"0.00108001","timestamp":1635503481,"volume":"1.88677747","buyTxId":"3801dd0169129361d0a54cb85aac2f6479788b45-2","sellTxId":"6b1448475038330b27343444058544ff7b146bf8"}
{"index": {"_index":"sim","_id":"1826378"}}
	{"id":1826378,"type":"sell","buyer":"pi-trader","seller":"anosys","symbol":"SIM","quantity":"2.028","price":"0.00108501","timestamp":1635504039,"volume":"0.00220040","buyTxId":"5768b132b1b1760a0f32226c39421487ffab2832-1","sellTxId":"61e3dbf115df3466549103d91ae11017ac5ce007"}
{"index": {"_index":"sim","_id":"1826436"}}
	{"id":1826436,"type":"sell","buyer":"pi-trader","seller":"hirohurl","symbol":"SIM","quantity":"103.440","price":"0.00108501","timestamp":1635504435,"volume":"0.11223343","buyTxId":"7e777a3d583481ab33b6b5e6ebc761188d950ae0-1","sellTxId":"2a8a39047e18b8a83f45795af5a5bcfaeac9de27"}
{"index": {"_index":"sim","_id":"1826613"}}
	{"id":1826613,"type":"sell","buyer":"pi-trader","seller":"goldcoin","symbol":"SIM","quantity":"14.070","price":"0.00108501","timestamp":1635505833,"volume":"0.01526609","buyTxId":"79b7ba494ca1e237d41cf71c5f0c5a7b74a52399-6","sellTxId":"3843e860311dec4c7f9e749cdde40ea5c8a2ba47"}
{"index": {"_index":"sim","_id":"1826639"}}
	{"id":1826639,"type":"sell","buyer":"pi-trader","seller":"theshaki","symbol":"SIM","quantity":"108.576","price":"0.00108501","timestamp":1635506097,"volume":"0.11780605","buyTxId":"94ee9da74f65641f6afcd4626afdb27952635b09-1","sellTxId":"ea70bc3060cf291471e7f9fa78ce14eb72e75774"}
{"index": {"_index":"sim","_id":"1826689"}}
	{"id":1826689,"type":"buy","buyer":"thegoliath","seller":"pi-trader","symbol":"SIM","quantity":"20000.000","price":"0.00132999","timestamp":1635506871,"volume":"26.59980000","buyTxId":"acd2ac32288079a1e141846a27889892c804c96a","sellTxId":"b8b0d2630afa6b1a669c10a695e08d892d1f159d-6"}
{"index": {"_index":"sim","_id":"1826766"}}
	{"id":1826766,"type":"sell","buyer":"pi-trader","seller":"podim","symbol":"SIM","quantity":"31000.000","price":"0.00108801","timestamp":1635507972,"volume":"33.72831000","buyTxId":"8074a66a2f5519f02be5be13655dc7d3fd094931-1","sellTxId":"dc11789e7dd3c39134c57e103c6e93e6616109ed"}
{"index": {"_index":"sim","_id":"1826787"}}
	{"id":1826787,"type":"sell","buyer":"podim","seller":"anderssinho","symbol":"SIM","quantity":"0.409","price":"0.00108800","timestamp":1635508242,"volume":"0.00044499","buyTxId":"76db7104eb5ca65e6d7613258eabc7850abc3452","sellTxId":"a985848ad5c09c46a05a7b11705218a4a36a92bf"}
{"index": {"_index":"sim","_id":"1826854"}}
	{"id":1826854,"type":"sell","buyer":"nasarakbar","seller":"svirus","symbol":"SIM","quantity":"8000.000","price":"0.00120000","timestamp":1635509247,"volume":"9.60000000","buyTxId":"52026842250a02b566dcfa4b6e375e088c9ddd58","sellTxId":"c453cfe6be58b1e67764d042ea9309ff3ad4db7e-1"}
{"index": {"_index":"sim","_id":"1826877"}}
	{"id":1826877,"type":"sell","buyer":"podim","seller":"brofi-market","symbol":"SIM","quantity":"0.007","price":"0.00108800","timestamp":1635509553,"volume":"0.00000762","buyTxId":"76db7104eb5ca65e6d7613258eabc7850abc3452","sellTxId":"f58d2dbea29cc47d4432708033aa91b2448df371"}
{"index": {"_index":"sim","_id":"1827154"}}
	{"id":1827154,"type":"sell","buyer":"pi-trader","seller":"podim","symbol":"SIM","quantity":"50000.000","price":"0.00108501","timestamp":1635512373,"volume":"54.25050000","buyTxId":"ab006fc1e7770d46c8d11971fe6f849b2f5135b1-2","sellTxId":"d2b8017d2bb5c0012d33f4ee30208f6be81d47c6"}
{"index": {"_index":"sim","_id":"1827163"}}
	{"id":1827163,"type":"sell","buyer":"pi-trader","seller":"podim","symbol":"SIM","quantity":"50000.000","price":"0.00108501","timestamp":1635512460,"volume":"54.25050000","buyTxId":"796a1df17399c7f2083a7c84263ce21c4c34e4a9-2","sellTxId":"8ce6c383c62b85695d0ff8bfff52e5e6e9e588ba"}
{"index": {"_index":"sim","_id":"1827170"}}
	{"id":1827170,"type":"sell","buyer":"podim","seller":"podim","symbol":"SIM","quantity":"200.000","price":"0.00108500","timestamp":1635512541,"volume":"0.21700000","buyTxId":"84cf79f6a87f906d91f57b26882ad0fa15cb5dd4","sellTxId":"720707febc39ebe67c156fb6dcfe2ee9d7b41f59"}
{"index": {"_index":"sim","_id":"1827171"}}
	{"id":1827171,"type":"buy","buyer":"svirus","seller":"podim","symbol":"SIM","quantity":"49800.000","price":"0.00108500","timestamp":1635512544,"volume":"54.03300000","buyTxId":"8db39243c6689d612d84cb3c2eb8561bdf2036f5-0","sellTxId":"720707febc39ebe67c156fb6dcfe2ee9d7b41f59"}
{"index": {"_index":"sim","_id":"1827225"}}
	{"id":1827225,"type":"buy","buyer":"konvik","seller":"upali","symbol":"SIM","quantity":"20000.000","price":"0.00109000","timestamp":1635513024,"volume":"21.80000000","buyTxId":"cdeb2986d8d11618decbebe842dea50e2f40a4e6-0","sellTxId":"7186e489d4c03a9e567b295d4b2128ccf4eb40a8"}
{"index": {"_index":"sim","_id":"1827236"}}
	{"id":1827236,"type":"buy","buyer":"konvik","seller":"upali","symbol":"SIM","quantity":"62624.551","price":"0.00109000","timestamp":1635513102,"volume":"68.26076059","buyTxId":"2777bb2a7acd42c5bf3b4fa91e3a322957164dc6-0","sellTxId":"e039accff092cd8dd16dbc3ba58ec23069eb9e36"}
{"index": {"_index":"sim","_id":"1827247"}}
	{"id":1827247,"type":"buy","buyer":"konvik","seller":"upali","symbol":"SIM","quantity":"49987.358","price":"0.00108800","timestamp":1635513225,"volume":"54.38624550","buyTxId":"2467f3ce8026c9020477073695c211b316742086-0","sellTxId":"fb0cb681aca339c995fe9488c788bb296c9cd05f"}
{"index": {"_index":"sim","_id":"1827281"}}
	{"id":1827281,"type":"sell","buyer":"frugal-fun","seller":"mchero","symbol":"SIM","quantity":"61.000","price":"0.00108000","timestamp":1635513531,"volume":"0.06588000","buyTxId":"083e8178d88b0b12f30fad7f007d6f3bb4ddb958","sellTxId":"a56c82f4fef44bd3d9c04c3b8bc1190f87043c22"}
{"index": {"_index":"sim","_id":"1827291"}}
	{"id":1827291,"type":"buy","buyer":"konvik","seller":"upali","symbol":"SIM","quantity":"58196.656","price":"0.00108600","timestamp":1635513633,"volume":"63.20156842","buyTxId":"5f850380ade06120788889c1874aaef62cc7776e-0","sellTxId":"409faab0508eb9879cc3dcc74092f5ab13ee5afe"}
{"index": {"_index":"sim","_id":"1827294"}}
	{"id":1827294,"type":"buy","buyer":"konvik","seller":"upali","symbol":"SIM","quantity":"50000.000","price":"0.00108400","timestamp":1635513690,"volume":"54.20000000","buyTxId":"205313eaae7b7a652373d59e189dd7bcf4b97c00-0","sellTxId":"c60ab2fd9774860e4b679f979f1e68f78827aa78"}
{"index": {"_index":"sim","_id":"1827301"}}
	{"id":1827301,"type":"buy","buyer":"konvik","seller":"upali","symbol":"SIM","quantity":"55774.162","price":"0.00108200","timestamp":1635513765,"volume":"60.34764328","buyTxId":"71cac99b316ccc2267d6c68b6d39e9d01c57aac0-0","sellTxId":"2b4c0e05a78ea066bec744f0e41255a4d8d3a3de"}
{"index": {"_index":"sim","_id":"1827348"}}
	{"id":1827348,"type":"sell","buyer":"frugal-fun","seller":"upali","symbol":"SIM","quantity":"1024.000","price":"0.00108000","timestamp":1635514077,"volume":"1.10592000","buyTxId":"083e8178d88b0b12f30fad7f007d6f3bb4ddb958","sellTxId":"c4930610ea21c2262e35260dcfecc9f1ff8f4be9"}
{"index": {"_index":"sim","_id":"1827361"}}
	{"id":1827361,"type":"buy","buyer":"konvik","seller":"upali","symbol":"SIM","quantity":"90000.000","price":"0.00107800","timestamp":1635514218,"volume":"97.02000000","buyTxId":"462793b66ab87e0aee069fdec2ce7a83b2c1bcf4-0","sellTxId":"31c7dde38ed19f8f9e33318157b275392f4aeb70"}
{"index": {"_index":"sim","_id":"1827365"}}
	{"id":1827365,"type":"buy","buyer":"konvik","seller":"upali","symbol":"SIM","quantity":"85386.478","price":"0.00107500","timestamp":1635514272,"volume":"91.79046385","buyTxId":"bca22a33739327b5f18f3980235b98ae243c90cc-0","sellTxId":"0c502b533a6d1ced82d3f4bf6fec3e412424655b"}
{"index": {"_index":"sim","_id":"1827609"}}
	{"id":1827609,"type":"sell","buyer":"podim","seller":"nftmart.fees","symbol":"SIM","quantity":"76.800","price":"0.00107000","timestamp":1635516948,"volume":"0.08217600","buyTxId":"623e3ab0a62cef89f86f6ee39974d4cdba4bd51f","sellTxId":"920431867f49dafcf3e6e2515b0ae9d39833cdfc"}
{"index": {"_index":"sim","_id":"1827669"}}
	{"id":1827669,"type":"sell","buyer":"podim","seller":"emsonic","symbol":"SIM","quantity":"23.200","price":"0.00107000","timestamp":1635517380,"volume":"0.02482400","buyTxId":"623e3ab0a62cef89f86f6ee39974d4cdba4bd51f","sellTxId":"cdf812c33e274a885e1ffe2053c1319075d18235"}
{"index": {"_index":"sim","_id":"1827871"}}
	{"id":1827871,"type":"buy","buyer":"stickupboys","seller":"emsonic","symbol":"SIM","quantity":"490.000","price":"0.00107000","timestamp":1635519126,"volume":"0.52430000","buyTxId":"2f9cd570bc800a2491025a5a98cf5b20fc211510","sellTxId":"cdf812c33e274a885e1ffe2053c1319075d18235"}
{"index": {"_index":"sim","_id":"1827893"}}
	{"id":1827893,"type":"sell","buyer":"pi-trader","seller":"jrcornel","symbol":"SIM","quantity":"31064.000","price":"0.00104021","timestamp":1635519372,"volume":"32.31308344","buyTxId":"a832f15d418bb92ef6cf4831cc82c4405ec28bdf-3","sellTxId":"f37c3a98096c0d3f7d24c1a7c591b6a4085dfbfd"}
{"index": {"_index":"sim","_id":"1827899"}}
	{"id":1827899,"type":"sell","buyer":"pi-trader","seller":"m2nnari","symbol":"SIM","quantity":"272.000","price":"0.00104021","timestamp":1635519465,"volume":"0.28293712","buyTxId":"ea809fe30a5effd7f50c6ce828238f844f86aaeb-3","sellTxId":"e3dd5e99d566137d85d1c68525390b33ccfff8f0"}
{"index": {"_index":"sim","_id":"1828350"}}
	{"id":1828350,"type":"buy","buyer":"princekham","seller":"emsonic","symbol":"SIM","quantity":"607.476","price":"0.00107000","timestamp":1635522915,"volume":"0.65","buyTxId":"d4a49051202bd44454d0995d401c1a465bde6501","sellTxId":"cdf812c33e274a885e1ffe2053c1319075d18235"}
{"index": {"_index":"sim","_id":"1828410"}}
	{"id":1828410,"type":"sell","buyer":"pi-trader","seller":"brofi-market","symbol":"SIM","quantity":"0.001","price":"0.00104021","timestamp":1635523896,"volume":"0.00000104","buyTxId":"68a05964b31e698ada53c008c3f2bbe2b8d0dba2-3","sellTxId":"cf59e8887ff80b6ab7b069075b7c3825320fa91a"}
{"index": {"_index":"sim","_id":"1828606"}}
	{"id":1828606,"type":"sell","buyer":"pi-trader","seller":"peerfinance","symbol":"SIM","quantity":"144.707","price":"0.00104021","timestamp":1635525303,"volume":"0.15052567","buyTxId":"a30136371cb7aa2a627198289a05029f89921e80-3","sellTxId":"248b28bb589b50e6bd751cd1e52f01e96ca60345"}
{"index": {"_index":"sim","_id":"1828727"}}
	{"id":1828727,"type":"sell","buyer":"pi-trader","seller":"lifeskills-tv","symbol":"SIM","quantity":"390.157","price":"0.00104021","timestamp":1635526080,"volume":"0.40584521","buyTxId":"2be063036c7b98a83dbfa4d5f8ba737586522218-5","sellTxId":"1045795e1d592e25591d985aee446ae9a8f4528e"}
{"index": {"_index":"sim","_id":"1828738"}}
	{"id":1828738,"type":"sell","buyer":"pi-trader","seller":"rishi556","symbol":"SIM","quantity":"41.242","price":"0.00104021","timestamp":1635526194,"volume":"0.04290034","buyTxId":"3bf218725e9016915b6195183b20d638a5273d81-3","sellTxId":"08a034e0ea5da7c52d3f5d9a14d0a0632eee79e5"}
{"index": {"_index":"sim","_id":"1828786"}}
	{"id":1828786,"type":"sell","buyer":"pi-trader","seller":"kaeptn-iglo","symbol":"SIM","quantity":"9654.000","price":"0.00104021","timestamp":1635526509,"volume":"10.04218734","buyTxId":"5c63730b874b144d88ff8599958f9d9552e2e1ba-1","sellTxId":"d6018c58a8da4b70e5653a287047718678801c29"}
{"index": {"_index":"sim","_id":"1828814"}}
	{"id":1828814,"type":"sell","buyer":"pi-trader","seller":"elricmoonslayer","symbol":"SIM","quantity":"251.189","price":"0.00105001","timestamp":1635526776,"volume":"0.26375096","buyTxId":"c1531081d938c1a82644813a6d95ef70cf5655c9-1","sellTxId":"f93aacb9bb3e0d814129c236bc2dc301584f9cd4"}
{"index": {"_index":"sim","_id":"1828895"}}
	{"id":1828895,"type":"sell","buyer":"pi-trader","seller":"minerthreat","symbol":"SIM","quantity":"891.000","price":"0.00105001","timestamp":1635527433,"volume":"0.93555891","buyTxId":"b17cade0aecc8c0aa0db4a371fc07aaf6bbd1d2f-3","sellTxId":"a97def66ca1c96388811b466250da71201d11b96"}
{"index": {"_index":"sim","_id":"1829199"}}
	{"id":1829199,"type":"sell","buyer":"pi-trader","seller":"knowhow92","symbol":"SIM","quantity":"2082.245","price":"0.00105002","timestamp":1635529068,"volume":"2.18639889","buyTxId":"5884194f5753bb50b1a884cf1f7e5deff7478009-3","sellTxId":"807257544e06da379ea85322db88a262f7d3c856"}
{"index": {"_index":"sim","_id":"1829418"}}
	{"id":1829418,"type":"sell","buyer":"pi-trader","seller":"bwar","symbol":"SIM","quantity":"31868.385","price":"0.00105002","timestamp":1635530481,"volume":"33.46244162","buyTxId":"820dbd604fa840affc9754608ead001b7d51c1a2-6","sellTxId":"56f779414f6ecd73c9dd7e54b86f54050cc4a1b5"}
{"index": {"_index":"sim","_id":"1829450"}}
	{"id":1829450,"type":"buy","buyer":"cwow2","seller":"emsonic","symbol":"SIM","quantity":"3036.000","price":"0.00107000","timestamp":1635530871,"volume":"3.24852000","buyTxId":"5241f7f70e127ba6ce2a534a118bd52901481e10","sellTxId":"cdf812c33e274a885e1ffe2053c1319075d18235"}
{"index": {"_index":"sim","_id":"1829513"}}
	{"id":1829513,"type":"sell","buyer":"pi-trader","seller":"droida","symbol":"SIM","quantity":"0.063","price":"0.00105002","timestamp":1635531366,"volume":"0.00006615","buyTxId":"ae9b590cfb216dfdbf96e8c21aacc201d5f2d8e7-3","sellTxId":"b653f52ca79a80ca403268342aaaffaf747ac0f9"}
{"index": {"_index":"sim","_id":"1829788"}}
	{"id":1829788,"type":"sell","buyer":"pi-trader","seller":"dhedge-drips","symbol":"SIM","quantity":"0.005","price":"0.00105002","timestamp":1635533118,"volume":"0.00000525","buyTxId":"844b7ea63d849398c77bbdf84d9436831dad563b-3","sellTxId":"16134b76dc9efe4a9eff23779fd140147a74404e"}
{"index": {"_index":"sim","_id":"1829886"}}
	{"id":1829886,"type":"sell","buyer":"pi-trader","seller":"megalithic","symbol":"SIM","quantity":"13863.000","price":"0.00105002","timestamp":1635533763,"volume":"14.55642726","buyTxId":"44f23972035d1c973769da2a4eb1697d9076e342-3","sellTxId":"c8b1aaa4430fe4e557bdc53db06d31cfdc21eb97"}
{"index": {"_index":"sim","_id":"1829907"}}
	{"id":1829907,"type":"sell","buyer":"pi-trader","seller":"mchero","symbol":"SIM","quantity":"66.000","price":"0.00105002","timestamp":1635533901,"volume":"0.06930132","buyTxId":"8bb83fce3cb5e7bb5352469b7bd71ea42ec95b90-5","sellTxId":"8148659ab0cb28c0ef7301ac547189d2c1014bd6"}
{"index": {"_index":"sim","_id":"1829974"}}
	{"id":1829974,"type":"sell","buyer":"pi-trader","seller":"desyfit","symbol":"SIM","quantity":"50000.000","price":"0.00105002","timestamp":1635534558,"volume":"52.50100000","buyTxId":"def9334090ed8aac580485e014eaaca07b92186e-5","sellTxId":"14699c27194260777293e0e619715f0e90d9597b"}
{"index": {"_index":"sim","_id":"1829975"}}
	{"id":1829975,"type":"sell","buyer":"he-index","seller":"desyfit","symbol":"SIM","quantity":"40.000","price":"0.00105001","timestamp":1635534558,"volume":"0.04200040","buyTxId":"fdd0863737007ec0fe819da929435c348cea0c1c","sellTxId":"14699c27194260777293e0e619715f0e90d9597b"}
{"index": {"_index":"sim","_id":"1829976"}}
	{"id":1829976,"type":"sell","buyer":"lord-wendigo","seller":"desyfit","symbol":"SIM","quantity":"19960.000","price":"0.00105000","timestamp":1635534558,"volume":"20.95800000","buyTxId":"85a7bc6bc6d7f814f84b7082a57acbe33b0ed19d","sellTxId":"14699c27194260777293e0e619715f0e90d9597b"}
{"index": {"_index":"sim","_id":"1830001"}}
	{"id":1830001,"type":"sell","buyer":"pi-trader","seller":"bitcoinflood","symbol":"SIM","quantity":"1771.883","price":"0.00105001","timestamp":1635534885,"volume":"1.86049487","buyTxId":"0f55c661005843741563d2d0211be8795496968e-3","sellTxId":"9edd28c129b5614e15c373061e7031c8efaa4ffd"}
{"index": {"_index":"sim","_id":"1830337"}}
	{"id":1830337,"type":"buy","buyer":"svirus","seller":"emsonic","symbol":"SIM","quantity":"3784.324","price":"0.00107000","timestamp":1635537816,"volume":"4.04922668","buyTxId":"b080cd36cea25064b5841c9aa7291e2d741421fc-0","sellTxId":"cdf812c33e274a885e1ffe2053c1319075d18235"}
{"index": {"_index":"sim","_id":"1830338"}}
	{"id":1830338,"type":"buy","buyer":"svirus","seller":"brofi-market","symbol":"SIM","quantity":"0.001","price":"0.00107000","timestamp":1635537816,"volume":"0.00000107","buyTxId":"b080cd36cea25064b5841c9aa7291e2d741421fc-0","sellTxId":"8db7d0490b5998b734a8fbcbd204440b2f5e69c1"}
{"index": {"_index":"sim","_id":"1830339"}}
	{"id":1830339,"type":"buy","buyer":"svirus","seller":"dhedge-drips","symbol":"SIM","quantity":"0.005","price":"0.00107000","timestamp":1635537816,"volume":"0.00000535","buyTxId":"b080cd36cea25064b5841c9aa7291e2d741421fc-0","sellTxId":"36f17c1bde3230cac0ed857bc9cc759db74b8ea2"}
{"index": {"_index":"sim","_id":"1830371"}}
	{"id":1830371,"type":"sell","buyer":"pi-trader","seller":"retrodroid","symbol":"SIM","quantity":"30.134","price":"0.00105001","timestamp":1635538137,"volume":"0.03164100","buyTxId":"78371440bbf76abaad52d2c280bec3d9573e82bb-5","sellTxId":"1550787c180feb7ba07aa1617ad0eb467809181a"}
{"index": {"_index":"sim","_id":"1830538"}}
	{"id":1830538,"type":"sell","buyer":"pi-trader","seller":"cageon360","symbol":"SIM","quantity":"4810.000","price":"0.00105001","timestamp":1635539766,"volume":"5.05054810","buyTxId":"0769c4600b42df523e749c090493ccaabef81991-3","sellTxId":"6d7b67be175b3168f8c5a7fb8eec7d7e0c081443"}
{"index": {"_index":"sim","_id":"1830619"}}
	{"id":1830619,"type":"sell","buyer":"pi-trader","seller":"thatcryptodave","symbol":"SIM","quantity":"448.855","price":"0.00105001","timestamp":1635540390,"volume":"0.47130224","buyTxId":"9b963c39728dd3b9a704eb509360047b8b4366d8-3","sellTxId":"7ad4d5016a4e1fca7d794d47f7611eca440e786d"}
{"index": {"_index":"sim","_id":"1830642"}}
	{"id":1830642,"type":"sell","buyer":"pi-trader","seller":"jrcornel","symbol":"SIM","quantity":"15004.000","price":"0.00105001","timestamp":1635540588,"volume":"15.75435004","buyTxId":"88c49401fd50e6e1c21de35e342b00a02187ac55-3","sellTxId":"92c9b047a2829df52fbfd777aa7553b9cf681487"}
{"index": {"_index":"sim","_id":"1830711"}}
	{"id":1830711,"type":"sell","buyer":"pi-trader","seller":"he-index","symbol":"SIM","quantity":"273.295","price":"0.00105001","timestamp":1635541566,"volume":"0.28696248","buyTxId":"2c175beec32297f5b1a04d02906538c7e8f855d4-4","sellTxId":"820979fcff4760bbdebbba10be8279e3c0c909bc"}
{"index": {"_index":"sim","_id":"1830768"}}
	{"id":1830768,"type":"sell","buyer":"pi-trader","seller":"balte","symbol":"SIM","quantity":"18000.000","price":"0.00105001","timestamp":1635542505,"volume":"18.90018000","buyTxId":"78e009b47a322330a5649a03e19d27639c03e97b-6","sellTxId":"ad0f43f491ec81a4603f6a33d7c64a44f66d1b57"}
{"index": {"_index":"sim","_id":"1830952"}}
	{"id":1830952,"type":"buy","buyer":"jwjqu.wam","seller":"chekohler","symbol":"SIM","quantity":"0.007","price":"0.00108999","timestamp":1635543879,"volume":"0.00000763","buyTxId":"86c2086a5e2dd5972441cedb14ed575602aa41b3","sellTxId":"9724a89e4002d37c2744585dee6990c8ac164ea2"}
{"index": {"_index":"sim","_id":"1830988"}}
	{"id":1830988,"type":"buy","buyer":"jwjqu.wam","seller":"pi-trader","symbol":"SIM","quantity":"163.000","price":"0.00112299","timestamp":1635544167,"volume":"0.18304737","buyTxId":"81857dedeca7312ba84f0dfc6adf0282ccdb6e16","sellTxId":"c34932d73c68ecf8f2a49214095c5b90c7db0a7b-2"}
{"index": {"_index":"sim","_id":"1831022"}}
	{"id":1831022,"type":"sell","buyer":"pi-trader","seller":"ctrlyse","symbol":"SIM","quantity":"0.010","price":"0.00105001","timestamp":1635544590,"volume":"0.00001050","buyTxId":"38eaac1b080d09bace20aca8d8852f19a97e3dd4-4","sellTxId":"ad80b95e741ee249690159893adf83217b748f8b"}
{"index": {"_index":"sim","_id":"1831227"}}
	{"id":1831227,"type":"buy","buyer":"magnacarta","seller":"pi-trader","symbol":"SIM","quantity":"3000.026","price":"0.00112299","timestamp":1635546930,"volume":"3.369","buyTxId":"131a4267f866756fe50a638e348181543a5a759e","sellTxId":"4818702fc8d834bf778dde0be65fe6b004e2d38f-10"}
{"index": {"_index":"sim","_id":"1831229"}}
	{"id":1831229,"type":"sell","buyer":"pi-trader","seller":"worldfinances","symbol":"SIM","quantity":"2000.000","price":"0.00106001","timestamp":1635547035,"volume":"2.12002000","buyTxId":"e85055813d0e46cae67b9205bbe2805fe4729c07-3","sellTxId":"522eb673dee5a801f5d9c960589b5b857f1cb457"}
{"index": {"_index":"sim","_id":"1831352"}}
	{"id":1831352,"type":"sell","buyer":"pi-trader","seller":"matheusggr","symbol":"SIM","quantity":"1000.000","price":"0.00106001","timestamp":1635548316,"volume":"1.06001000","buyTxId":"55d3b334f3dc0a660273d2e34020388efeb0f572-9","sellTxId":"7c96fa3160093dd70c9eacd6234ec091caff95e1"}
{"index": {"_index":"sim","_id":"1831418"}}
	{"id":1831418,"type":"sell","buyer":"pi-trader","seller":"ericburgoyne","symbol":"SIM","quantity":"27.255","price":"0.00106001","timestamp":1635549177,"volume":"0.02889057","buyTxId":"c12b07cfcf4d1ffbbe29745502e4a083a30e875e-6","sellTxId":"1e5577eb9a633d35b3f20355997fa778c457ac6e"}
{"index": {"_index":"sim","_id":"1831459"}}
	{"id":1831459,"type":"sell","buyer":"pi-trader","seller":"dswap","symbol":"SIM","quantity":"10000","price":"0.00106001","timestamp":1635549573,"volume":"10.60010000","buyTxId":"b8892e3dfc6a0c09b6b0c618887a7988379befdf-3","sellTxId":"608d250bc45813689bf769081eeb35fcacc50d98"}
{"index": {"_index":"sim","_id":"1831498"}}
	{"id":1831498,"type":"sell","buyer":"pi-trader","seller":"afiqsejuk","symbol":"SIM","quantity":"4101.060","price":"0.00106001","timestamp":1635549951,"volume":"4.34716461","buyTxId":"802b447cace88e68b16050067b66753bc2df4e74-5","sellTxId":"a173c90834dd9e92cb2ffec5f232bbc135603357"}
{"index": {"_index":"sim","_id":"1831762"}}
	{"id":1831762,"type":"sell","buyer":"pi-trader","seller":"brofi-market","symbol":"SIM","quantity":"0.002","price":"0.00106001","timestamp":1635552846,"volume":"0.00000212","buyTxId":"56dd3f8babdd8e7f30798f16c7ca9903359e7249-2","sellTxId":"8a74470d9570199e9b21cbca943b316a24163261"}
{"index": {"_index":"sim","_id":"1831793"}}
	{"id":1831793,"type":"sell","buyer":"pi-trader","seller":"pouchon","symbol":"SIM","quantity":"50000.000","price":"0.00106001","timestamp":1635553011,"volume":"53.00050000","buyTxId":"278204e7a80b729676407b32bbd64d8987b9689d-1","sellTxId":"f2a4e67299dd71f01eaba64c98c2e243e7880209"}
{"index": {"_index":"sim","_id":"1831794"}}
	{"id":1831794,"type":"sell","buyer":"d-pend","seller":"pouchon","symbol":"SIM","quantity":"100000.000","price":"0.00106000","timestamp":1635553011,"volume":"106.00000000","buyTxId":"bf70dba460ad78642801e64fade14361d1b02bfd","sellTxId":"f2a4e67299dd71f01eaba64c98c2e243e7880209"}
{"index": {"_index":"sim","_id":"1831984"}}
	{"id":1831984,"type":"sell","buyer":"pi-trader","seller":"cryptomaniacsgr","symbol":"SIM","quantity":"4436.000","price":"0.00106001","timestamp":1635555285,"volume":"4.70220436","buyTxId":"a7fad4a52caae9fdbe718a4e23e4ad5c4947bb2a-4","sellTxId":"c10025ed40819019c36d0fb8629b165b7e8529af"}
{"index": {"_index":"sim","_id":"1832185"}}
	{"id":1832185,"type":"buy","buyer":"boycharliefamily","seller":"pi-trader","symbol":"SIM","quantity":"50000.000","price":"0.00112299","timestamp":1635557502,"volume":"56.14950000","buyTxId":"b93414ad8cb1716606adce34053f69257f0482c2","sellTxId":"a993ff979d3641adc7fac179c77a2ee472f0ca19-8"}
{"index": {"_index":"sim","_id":"1832186"}}
	{"id":1832186,"type":"buy","buyer":"boycharliefamily","seller":"brofi-market","symbol":"SIM","quantity":"0.002","price":"0.00112299","timestamp":1635557502,"volume":"0.00000225","buyTxId":"b93414ad8cb1716606adce34053f69257f0482c2","sellTxId":"30d0efa46da991359d8e27169adbaae8641971dc"}
{"index": {"_index":"sim","_id":"1832187"}}
	{"id":1832187,"type":"sell","buyer":"boycharliefamily","seller":"konvik","symbol":"SIM","quantity":"4999.043","price":"0.00112299","timestamp":1635557505,"volume":"5.61387530","buyTxId":"b93414ad8cb1716606adce34053f69257f0482c2","sellTxId":"2c2234a4f11c50a1341fab4c0849dd268fc25945-1"}
{"index": {"_index":"sim","_id":"1832188"}}
	{"id":1832188,"type":"sell","buyer":"boycharliefamily","seller":"svirus","symbol":"SIM","quantity":"4.955","price":"0.00112299","timestamp":1635557511,"volume":"0.00556441","buyTxId":"b93414ad8cb1716606adce34053f69257f0482c2","sellTxId":"d7cbdb7088c2f252b9f26502c4e623155e980f22-1"}
{"index": {"_index":"sim","_id":"1832291"}}
	{"id":1832291,"type":"sell","buyer":"pi-trader","seller":"peerfinance","symbol":"SIM","quantity":"202.272","price":"0.00106001","timestamp":1635559458,"volume":"0.21441034","buyTxId":"478ead0e2ca03f8da8231a7e5d8e496df93d7341-5","sellTxId":"5dc95c08c46725492517fa6a899ec6079cfa5c55"}
{"index": {"_index":"sim","_id":"1832348"}}
	{"id":1832348,"type":"sell","buyer":"pi-trader","seller":"justinparke","symbol":"SIM","quantity":"3152.002","price":"0.00106001","timestamp":1635560037,"volume":"3.34115364","buyTxId":"92c4d91cf1236f9c10ea7ee20a6b3f65d1e47cbd-3","sellTxId":"5ed80145ac7550b152d71e2563b2248033506299"}
{"index": {"_index":"sim","_id":"1832423"}}
	{"id":1832423,"type":"sell","buyer":"pi-trader","seller":"theguruasia","symbol":"SIM","quantity":"1862.127","price":"0.00106001","timestamp":1635560853,"volume":"1.97387324","buyTxId":"b796de83dab3b6422c17b982f7579f442e3f9125-3","sellTxId":"49668f03c6a540223867d447193e5b59f2deb8bf"}
