{"index": {"_index":"sim","_id":"3953368"}}
	{"id":3953368,"type":"buy","buyer":"goldkey","seller":"nftmart.fees","symbol":"SIM","quantity":"58.000","price":"0.00043391","timestamp":1658372298,"volume":"0.02516678","buyTxId":"b35f5d4fc2389cdb93c3e2d238cb5ef6c8887d7e","sellTxId":"43efff680c5cb7415e1625f2ec5815e43a53eccf-0"}
{"index": {"_index":"sim","_id":"3953369"}}
	{"id":3953369,"type":"buy","buyer":"goldkey","seller":"pi-trader","symbol":"SIM","quantity":"39942.000","price":"0.00043392","timestamp":1658372298,"volume":"17.33163264","buyTxId":"b35f5d4fc2389cdb93c3e2d238cb5ef6c8887d7e","sellTxId":"849dd1322dc2bcdc87fade158f7f336bcd53d424-3"}
{"index": {"_index":"sim","_id":"3953648"}}
	{"id":3953648,"type":"buy","buyer":"goldkey","seller":"nftmart.fees","symbol":"SIM","quantity":"50.000","price":"0.00043391","timestamp":1658375841,"volume":"0.02169550","buyTxId":"76b9f97753fae59b2af56428cc14be856fe84f7b","sellTxId":"6b3b1ef221b944a09912e7ceb3263ada14e56775-0"}
{"index": {"_index":"sim","_id":"3953649"}}
	{"id":3953649,"type":"buy","buyer":"goldkey","seller":"pi-trader","symbol":"SIM","quantity":"44950.000","price":"0.00043392","timestamp":1658375841,"volume":"19.50470400","buyTxId":"76b9f97753fae59b2af56428cc14be856fe84f7b","sellTxId":"df99d542d5fcd85205cfb9e4f0c16b7e0b81c023-7"}
{"index": {"_index":"sim","_id":"3953654"}}
	{"id":3953654,"type":"sell","buyer":"d-pend","seller":"kraken3","symbol":"SIM","quantity":"603.250","price":"0.00042000","timestamp":1658376012,"volume":"0.25336500","buyTxId":"e08314b58c7cd83a4f82fb6c3bdf00e546944820","sellTxId":"0efc389440ed516bc73a8930e60443e4ad5f1f2b"}
{"index": {"_index":"sim","_id":"3954026"}}
	{"id":3954026,"type":"buy","buyer":"ana-maria","seller":"pi-trader","symbol":"SIM","quantity":"349.000","price":"0.00043299","timestamp":1658383863,"volume":"0.15111351","buyTxId":"3e565add1f6a8f003bb7bcb3ad760c337fe97dbb","sellTxId":"7282d28f9c505ef54675475d511178e607a89739-5"}
{"index": {"_index":"sim","_id":"3954234"}}
	{"id":3954234,"type":"sell","buyer":"d-pend","seller":"rarej","symbol":"SIM","quantity":"1415.171","price":"0.00042000","timestamp":1658386989,"volume":"0.59437182","buyTxId":"e08314b58c7cd83a4f82fb6c3bdf00e546944820","sellTxId":"3cced14c8de0b7643a73d12d14d7f65b53491cc1"}
{"index": {"_index":"sim","_id":"3954277"}}
	{"id":3954277,"type":"buy","buyer":"ana-maria","seller":"nftmart.fees","symbol":"SIM","quantity":"44.000","price":"0.00043298","timestamp":1658387643,"volume":"0.01905112","buyTxId":"0b524e1341b520c71eb2d1e425d8f4340f42a925","sellTxId":"d25070453d46f6ea7223fa0aa7e0ba72932e4db2-0"}
{"index": {"_index":"sim","_id":"3954279"}}
	{"id":3954279,"type":"buy","buyer":"ana-maria","seller":"pi-trader","symbol":"SIM","quantity":"2000.000","price":"0.00043299","timestamp":1658387667,"volume":"0.86598000","buyTxId":"aa87588abf61bc94e5b96a45ec60490728ece0f7","sellTxId":"4b338eed109eb7bb928cd260fd77ba2c47e3ce48-4"}
{"index": {"_index":"sim","_id":"3954350"}}
	{"id":3954350,"type":"sell","buyer":"d-pend","seller":"onealfa","symbol":"SIM","quantity":"7640.953","price":"0.00042000","timestamp":1658388933,"volume":"3.20920026","buyTxId":"e08314b58c7cd83a4f82fb6c3bdf00e546944820","sellTxId":"9b3d2a0446e32d2d977a68e645de878bf4ad4f9b"}
{"index": {"_index":"sim","_id":"3954497"}}
	{"id":3954497,"type":"buy","buyer":"ana-maria","seller":"nftmart.fees","symbol":"SIM","quantity":"63.000","price":"0.00043296","timestamp":1658390322,"volume":"0.02727648","buyTxId":"4cb9b17d40d98220170fb115330c48f75d1bad53","sellTxId":"d29effb09b737416377e412aaac6bdf98d0cca11-0"}
{"index": {"_index":"sim","_id":"3954502"}}
	{"id":3954502,"type":"buy","buyer":"ana-maria","seller":"pi-trader","symbol":"SIM","quantity":"24800.000","price":"0.00043297","timestamp":1658390346,"volume":"10.73765600","buyTxId":"76dfc6a3a84cfafc4bb15bed01cc43eaf33ba26b","sellTxId":"55d4fa67253aa0c0aaa3ad31df2e4905400a2d3e-1"}
{"index": {"_index":"sim","_id":"3954533"}}
	{"id":3954533,"type":"buy","buyer":"ana-maria","seller":"pi-trader","symbol":"SIM","quantity":"5900.000","price":"0.00043297","timestamp":1658390478,"volume":"2.55452300","buyTxId":"975ab2bac96d27d9f044c35866714c3213c0c76d","sellTxId":"7dec2af4d31e0832a070abeeff32954c015d5999-2"}
{"index": {"_index":"sim","_id":"3955139"}}
	{"id":3955139,"type":"buy","buyer":"hafiz34","seller":"nftmart.fees","symbol":"SIM","quantity":"55.000","price":"0.00042299","timestamp":1658395314,"volume":"0.02326445","buyTxId":"8feb81e6e028ac4ac256f1133822cc66368381c1","sellTxId":"a961e813b289cfd76d6f689d6f9a08cf4eed09fe-0"}
{"index": {"_index":"sim","_id":"3955140"}}
	{"id":3955140,"type":"buy","buyer":"hafiz34","seller":"bhoa","symbol":"SIM","quantity":"5531.000","price":"0.00042300","timestamp":1658395314,"volume":"2.33961300","buyTxId":"8feb81e6e028ac4ac256f1133822cc66368381c1","sellTxId":"7092c870cd1d724e4dc7e347ae17dc8bb20931ea"}
{"index": {"_index":"sim","_id":"3955145"}}
	{"id":3955145,"type":"buy","buyer":"hafiz34","seller":"bhoa","symbol":"SIM","quantity":"55.000","price":"0.00042300","timestamp":1658395347,"volume":"0.02326500","buyTxId":"30be5067238b90bc6df562793bef4a820bb94be8","sellTxId":"7092c870cd1d724e4dc7e347ae17dc8bb20931ea"}
{"index": {"_index":"sim","_id":"3955146"}}
	{"id":3955146,"type":"buy","buyer":"hafiz34","seller":"snorebear","symbol":"SIM","quantity":"501.120","price":"0.00042500","timestamp":1658395347,"volume":"0.21297600","buyTxId":"30be5067238b90bc6df562793bef4a820bb94be8","sellTxId":"23b7a7e92749e403efe797acd4a89fdc5b99a9ee"}
{"index": {"_index":"sim","_id":"3955147"}}
	{"id":3955147,"type":"buy","buyer":"hafiz34","seller":"pi-trader","symbol":"SIM","quantity":"2684.210","price":"0.00043297","timestamp":1658395347,"volume":"1.16218240","buyTxId":"30be5067238b90bc6df562793bef4a820bb94be8","sellTxId":"56ba5157e8c3d1b4866ca79375334fc0665dfa08-1"}
{"index": {"_index":"sim","_id":"3955262"}}
	{"id":3955262,"type":"buy","buyer":"assassyn","seller":"nftmart.fees","symbol":"SIM","quantity":"48.000","price":"0.00043296","timestamp":1658396910,"volume":"0.02078208","buyTxId":"537de869d7689ef176e7903576a98862ebe4734f","sellTxId":"3f4024c7c3d72326fb6d10254463c826a89d9d70-0"}
{"index": {"_index":"sim","_id":"3955263"}}
	{"id":3955263,"type":"sell","buyer":"assassyn","seller":"god0","symbol":"SIM","quantity":"2951.773","price":"0.00043296","timestamp":1658396910,"volume":"1.27799964","buyTxId":"537de869d7689ef176e7903576a98862ebe4734f","sellTxId":"269f9f41b84730f54c15d91b48beead420e5d501-1"}
{"index": {"_index":"sim","_id":"3955317"}}
	{"id":3955317,"type":"sell","buyer":"assassyn","seller":"nftmart.fees","symbol":"SIM","quantity":"0.227","price":"0.00043296","timestamp":1658398053,"volume":"0.00009828","buyTxId":"537de869d7689ef176e7903576a98862ebe4734f","sellTxId":"763084ec66e1c3f7cb0e7b879bd02a944a6a0735-0"}
{"index": {"_index":"sim","_id":"3955906"}}
	{"id":3955906,"type":"buy","buyer":"sarguy43","seller":"nftmart.fees","symbol":"SIM","quantity":"41.000","price":"0.00043198","timestamp":1658407401,"volume":"0.01771118","buyTxId":"4d22e3119c2c55f6573a4249c730815973aa231f","sellTxId":"32ff8b80b186b46b40f0a4a7d43506e5963a7325-0"}
{"index": {"_index":"sim","_id":"3955907"}}
	{"id":3955907,"type":"sell","buyer":"sarguy43","seller":"arbys","symbol":"SIM","quantity":"1959.000","price":"0.00043198","timestamp":1658407416,"volume":"0.84624882","buyTxId":"4d22e3119c2c55f6573a4249c730815973aa231f","sellTxId":"e7f1879a9ea6cfe5fb5ac8ff20a8e8322f9ee793-1"}
{"index": {"_index":"sim","_id":"3955946"}}
	{"id":3955946,"type":"buy","buyer":"sarguy43","seller":"nftmart.fees","symbol":"SIM","quantity":"36.000","price":"0.00043198","timestamp":1658407758,"volume":"0.01555128","buyTxId":"9d3d51cbf709e054db57410d06f766231497b687","sellTxId":"d61516aeb0933a2afd73ec193c7fed686e55fcaf-0"}
{"index": {"_index":"sim","_id":"3955947"}}
	{"id":3955947,"type":"buy","buyer":"sarguy43","seller":"pi-trader","symbol":"SIM","quantity":"6964.000","price":"0.00043199","timestamp":1658407758,"volume":"3.00837836","buyTxId":"9d3d51cbf709e054db57410d06f766231497b687","sellTxId":"5c35b2bc0ebb60d3764f83733dabfe2ef0f93618-7"}
{"index": {"_index":"sim","_id":"3956266"}}
	{"id":3956266,"type":"buy","buyer":"sarguy43","seller":"nftmart.fees","symbol":"SIM","quantity":"31.000","price":"0.00043198","timestamp":1658411190,"volume":"0.01339138","buyTxId":"8ccdefb35917c8ead3657d5f0606ac198f484aa0","sellTxId":"7c722cbf0702a8031a7795bc5326164de47117f2-0"}
{"index": {"_index":"sim","_id":"3956267"}}
	{"id":3956267,"type":"buy","buyer":"sarguy43","seller":"pi-trader","symbol":"SIM","quantity":"9969.000","price":"0.00043199","timestamp":1658411190,"volume":"4.30650831","buyTxId":"8ccdefb35917c8ead3657d5f0606ac198f484aa0","sellTxId":"8aac103dbc8349e9eccb3678dd66d580e884153a-4"}
{"index": {"_index":"sim","_id":"3956562"}}
	{"id":3956562,"type":"sell","buyer":"d-pend","seller":"bearbear613","symbol":"SIM","quantity":"1085.000","price":"0.00042000","timestamp":1658414007,"volume":"0.45570000","buyTxId":"e08314b58c7cd83a4f82fb6c3bdf00e546944820","sellTxId":"8dbd801e6dc178526163abcf0bc0e06f9de474e9"}
{"index": {"_index":"sim","_id":"3956604"}}
	{"id":3956604,"type":"sell","buyer":"d-pend","seller":"velourex","symbol":"SIM","quantity":"10504.863","price":"0.00042000","timestamp":1658414448,"volume":"4.41204246","buyTxId":"e08314b58c7cd83a4f82fb6c3bdf00e546944820","sellTxId":"66acd1743f0f8b30c56ebd11301b4fb6d050cce8"}
{"index": {"_index":"sim","_id":"3956669"}}
	{"id":3956669,"type":"sell","buyer":"pi-trader","seller":"velourex","symbol":"SIM","quantity":"23255.987","price":"0.00041211","timestamp":1658414901,"volume":"9.58402480","buyTxId":"758c385bf2fad8e61803973b031ed738f76262ee-0","sellTxId":"ae8574647e8d949f6d3b936498ae1a85021af403"}
{"index": {"_index":"sim","_id":"3957643"}}
	{"id":3957643,"type":"buy","buyer":"quantumg","seller":"nftmart.fees","symbol":"SIM","quantity":"27.000","price":"0.00043198","timestamp":1658423070,"volume":"0.01166346","buyTxId":"7b9e02d5c02263f5ef44ffbab322218cd9f75bd4","sellTxId":"7f37d814e619385d76c96452dd5b72aec4b4d979-0"}
{"index": {"_index":"sim","_id":"3957644"}}
	{"id":3957644,"type":"sell","buyer":"quantumg","seller":"god0","symbol":"SIM","quantity":"6951.71","price":"0.00043198","timestamp":1658423070,"volume":"3.00299969","buyTxId":"7b9e02d5c02263f5ef44ffbab322218cd9f75bd4","sellTxId":"b8b2a4b8b07620c36da927c26b424290667b037e-1"}
{"index": {"_index":"sim","_id":"3957645"}}
	{"id":3957645,"type":"sell","buyer":"quantumg","seller":"konvik","symbol":"SIM","quantity":"2.066","price":"0.00043198","timestamp":1658423073,"volume":"0.00089247","buyTxId":"7b9e02d5c02263f5ef44ffbab322218cd9f75bd4","sellTxId":"ab961c07f32f39d9358758f2c14ad9dfab4ad619-1"}
{"index": {"_index":"sim","_id":"3957812"}}
	{"id":3957812,"type":"sell","buyer":"pi-trader","seller":"nftmart.fees","symbol":"SIM","quantity":"163.773","price":"0.00041221","timestamp":1658424483,"volume":"0.06750887","buyTxId":"4da56f1daef7be0c7ba1e503e83d265923f64f3f-5","sellTxId":"a6da5ba0c8caa69ec99a0f3efea061b086d191de"}
{"index": {"_index":"sim","_id":"3957887"}}
	{"id":3957887,"type":"buy","buyer":"cryptogillone","seller":"nftmart.fees","symbol":"SIM","quantity":"24.000","price":"0.00043198","timestamp":1658425170,"volume":"0.01036752","buyTxId":"69a5436072bbdb8336ef20236119c90ab813c0e1","sellTxId":"6fb0f3a09fceb65a99eecf4d2da70c35e01f78ea-0"}
{"index": {"_index":"sim","_id":"3957888"}}
	{"id":3957888,"type":"buy","buyer":"cryptogillone","seller":"pi-trader","symbol":"SIM","quantity":"447.929","price":"0.00043199","timestamp":1658425170,"volume":"0.19350108","buyTxId":"69a5436072bbdb8336ef20236119c90ab813c0e1","sellTxId":"ffeca867104aa49f895260310ce2e5f23cfa8f67"}
{"index": {"_index":"sim","_id":"3957938"}}
	{"id":3957938,"type":"sell","buyer":"pi-trader","seller":"misterc","symbol":"SIM","quantity":"57.839","price":"0.00041221","timestamp":1658425770,"volume":"0.02384181","buyTxId":"6cdd793558b23cd5c49604a110953760d12c5a80-5","sellTxId":"ce178687dfa1509950b0ad1e1a126aa029762047"}
{"index": {"_index":"sim","_id":"3958085"}}
	{"id":3958085,"type":"sell","buyer":"pi-trader","seller":"laritheghost","symbol":"SIM","quantity":"51.635","price":"0.00041231","timestamp":1658426637,"volume":"0.02128963","buyTxId":"3bae172beafe9da57244bbdcb937cf437113d0dd-1","sellTxId":"749e95aeef18b6fbea44070e6e019a4a72d364dd"}
{"index": {"_index":"sim","_id":"3958382"}}
	{"id":3958382,"type":"sell","buyer":"pi-trader","seller":"dhedge-drips","symbol":"SIM","quantity":"13.499","price":"0.00041231","timestamp":1658429115,"volume":"0.00556577","buyTxId":"c14d9e1c4e09ce0137810b9486c20cb16436cecd-10","sellTxId":"a0664781225457b384899cbf4068e84767e7665f"}
{"index": {"_index":"sim","_id":"3958530"}}
	{"id":3958530,"type":"buy","buyer":"maryjane.main","seller":"pi-trader","symbol":"SIM","quantity":"20000.000","price":"0.00043199","timestamp":1658430702,"volume":"8.63980000","buyTxId":"6d635a15b3498c90b40600709459acca7a22a717","sellTxId":"73c5c8297951a7fdaa79c9068ac1e895f6b0231a-3"}
{"index": {"_index":"sim","_id":"3958541"}}
	{"id":3958541,"type":"buy","buyer":"maryjane.main","seller":"pi-trader","symbol":"SIM","quantity":"2700.000","price":"0.00043198","timestamp":1658430789,"volume":"1.16634600","buyTxId":"c27937ab235d7c081a1bf8670f7aee366a54e992","sellTxId":"157be25582a7bae336f576aa53c39eaf1cc6f0f0-6"}
{"index": {"_index":"sim","_id":"3958631"}}
	{"id":3958631,"type":"sell","buyer":"pi-trader","seller":"bearbear613","symbol":"SIM","quantity":"609.000","price":"0.00041241","timestamp":1658432091,"volume":"0.25115769","buyTxId":"17845c9926fec46b902aefe5bcf099eefbfcc709-1","sellTxId":"d248c633969e4a6f54ed806fb1349137387f4448"}
{"index": {"_index":"sim","_id":"3958634"}}
	{"id":3958634,"type":"sell","buyer":"pi-trader","seller":"dustindivitto","symbol":"SIM","quantity":"18276.000","price":"0.00041241","timestamp":1658432151,"volume":"7.53720516","buyTxId":"84c7ce4a7df27c02c00f1b6fbe5b96470b4ee89b-3","sellTxId":"4a2bec96074f52e379904600bd3371c3cbbf19b9"}
{"index": {"_index":"sim","_id":"3958733"}}
	{"id":3958733,"type":"buy","buyer":"forsakensushi","seller":"jonimarqu","symbol":"SIM","quantity":"1.000","price":"0.00043197","timestamp":1658433675,"volume":"0.00043197","buyTxId":"73455dad54a7a2c6ad5bc588280ba9fa502f3398","sellTxId":"b8de22bf025ba1d7c8337985d901b02243cf3c77"}
{"index": {"_index":"sim","_id":"3958734"}}
	{"id":3958734,"type":"buy","buyer":"forsakensushi","seller":"pi-trader","symbol":"SIM","quantity":"49999.000","price":"0.00043198","timestamp":1658433675,"volume":"21.59856802","buyTxId":"73455dad54a7a2c6ad5bc588280ba9fa502f3398","sellTxId":"7cdd92eab1f68ff3497689192901d8bea44a8801-2"}
{"index": {"_index":"sim","_id":"3959133"}}
	{"id":3959133,"type":"buy","buyer":"ana-maria","seller":"pi-trader","symbol":"SIM","quantity":"1.000","price":"0.00043198","timestamp":1658438517,"volume":"0.00043198","buyTxId":"84f773d206ba1db49166b7da2caf85fb96f8d066","sellTxId":"7cdd92eab1f68ff3497689192901d8bea44a8801-2"}
{"index": {"_index":"sim","_id":"3959135"}}
	{"id":3959135,"type":"buy","buyer":"ana-maria","seller":"dhedge-drips","symbol":"SIM","quantity":"13.499","price":"0.00043199","timestamp":1658438541,"volume":"0.00583143","buyTxId":"5e508faeb9e187443e09ec22c3cf743f70f709e8","sellTxId":"feb566a722e7690bb084c9c3e13fdc8eb9b683c0"}
{"index": {"_index":"sim","_id":"3959136"}}
	{"id":3959136,"type":"buy","buyer":"ana-maria","seller":"medaymane","symbol":"SIM","quantity":"337.501","price":"0.00043199","timestamp":1658438541,"volume":"0.14579706","buyTxId":"5e508faeb9e187443e09ec22c3cf743f70f709e8","sellTxId":"7eec54f2338b656cf8a517367aec228709fe76b6"}
{"index": {"_index":"sim","_id":"3959153"}}
	{"id":3959153,"type":"sell","buyer":"pi-trader","seller":"loganhate","symbol":"SIM","quantity":"99.000","price":"0.00041261","timestamp":1658438862,"volume":"0.04084839","buyTxId":"abfc883c6185ea7a03de2e71fa5f2acb44947e32-1","sellTxId":"f9972b0a46c4c3420f9b4c79984746b166b57ec9"}
{"index": {"_index":"sim","_id":"3959257"}}
	{"id":3959257,"type":"buy","buyer":"neophytemaster","seller":"medaymane","symbol":"SIM","quantity":"206.869","price":"0.00043199","timestamp":1658440587,"volume":"0.08936534","buyTxId":"8e11bb2bb99543938affd9da49674982edd80401","sellTxId":"7eec54f2338b656cf8a517367aec228709fe76b6"}
{"index": {"_index":"sim","_id":"3959258"}}
	{"id":3959258,"type":"buy","buyer":"neophytemaster","seller":"pi-trader","symbol":"SIM","quantity":"1263.875","price":"0.00043199","timestamp":1658440587,"volume":"0.54598136","buyTxId":"8e11bb2bb99543938affd9da49674982edd80401","sellTxId":"a16aa4b22aaa85e15d0bcaf236bd3909e313274a-5"}
{"index": {"_index":"sim","_id":"3959290"}}
	{"id":3959290,"type":"buy","buyer":"neophytemaster","seller":"pi-trader","symbol":"SIM","quantity":"1177.286","price":"0.00043199","timestamp":1658441139,"volume":"0.50857578","buyTxId":"dbb4aa6e3935ea7ef249e97f14808045a6bf33ec","sellTxId":"c4e91bf9274f38e15bcc6622c6c44b0999b5bab2-7"}
{"index": {"_index":"sim","_id":"3959338"}}
	{"id":3959338,"type":"sell","buyer":"pi-trader","seller":"bitcoinflood","symbol":"SIM","quantity":"578.591","price":"0.00041261","timestamp":1658442303,"volume":"0.23873243","buyTxId":"a276ec96cbb54a550c566c9e014f6bf40dbcaff3-1","sellTxId":"a8fe995f972129367dfaff72e153436e9d7c49e3"}
{"index": {"_index":"sim","_id":"3959894"}}
	{"id":3959894,"type":"sell","buyer":"pi-trader","seller":"steem82868","symbol":"SIM","quantity":"0.010","price":"0.00041271","timestamp":1658448123,"volume":"0.00000413","buyTxId":"0a8f97e43ca28002b5443b930ebaf3c5bb7a7ceb-1","sellTxId":"e8b50a4c344e3ab1ae512d785c6d3a04977e9f0f"}
{"index": {"_index":"sim","_id":"3960101"}}
	{"id":3960101,"type":"sell","buyer":"pi-trader","seller":"dhedge-drips","symbol":"SIM","quantity":"0.001","price":"0.00041281","timestamp":1658450718,"volume":"0.00000041","buyTxId":"47d32ccd03edacae66ed9eb885f92b53d470a4f9-3","sellTxId":"9fa6720aa503841188cbb151014a1351e0ddefda"}
{"index": {"_index":"sim","_id":"3960174"}}
	{"id":3960174,"type":"buy","buyer":"dswap","seller":"nftmart.fees","symbol":"SIM","quantity":"17.000","price":"0.00043196","timestamp":1658451708,"volume":"0.00734332","buyTxId":"b3d997cbf924f64c3769224c52077b163b83db06","sellTxId":"f59a037f6bda9a10d782fde69fd9127c9cae0d96-0"}
{"index": {"_index":"sim","_id":"3960175"}}
	{"id":3960175,"type":"buy","buyer":"dswap","seller":"dhedge-drips","symbol":"SIM","quantity":"0.001","price":"0.00043197","timestamp":1658451708,"volume":"0.00000043","buyTxId":"b3d997cbf924f64c3769224c52077b163b83db06","sellTxId":"b6dc5100c14fbb63ed8c648e0c26f4ec87f9446d"}
{"index": {"_index":"sim","_id":"3960176"}}
	{"id":3960176,"type":"buy","buyer":"dswap","seller":"pi-trader","symbol":"SIM","quantity":"4612.736","price":"0.00043199","timestamp":1658451708,"volume":"1.99265625","buyTxId":"b3d997cbf924f64c3769224c52077b163b83db06","sellTxId":"5e84c63ac218588f6a7735422170c3f198be6e14-4"}
{"index": {"_index":"sim","_id":"3960427"}}
	{"id":3960427,"type":"sell","buyer":"pi-trader","seller":"nftmart.fees","symbol":"SIM","quantity":"100.200","price":"0.00041291","timestamp":1658454873,"volume":"0.04137358","buyTxId":"a27002e5e361b53aef7fc5e36ae009a0d30debf5-1","sellTxId":"a363ba5a64da68425046de52db11ff4e4b17e7dc"}
{"index": {"_index":"sim","_id":"3960527"}}
	{"id":3960527,"type":"buy","buyer":"cryptogillone","seller":"nftmart.fees","symbol":"SIM","quantity":"1.000","price":"0.00043198","timestamp":1658455758,"volume":"0.00043198","buyTxId":"9088cea75a04759bb5b9f4b57018fae01ecb4c30","sellTxId":"93e1e72f8b05e6900f19c241a7f1daed55a7b8df-0"}
{"index": {"_index":"sim","_id":"3960528"}}
	{"id":3960528,"type":"buy","buyer":"cryptogillone","seller":"pi-trader","symbol":"SIM","quantity":"482.710","price":"0.00043199","timestamp":1658455758,"volume":"0.20852623","buyTxId":"9088cea75a04759bb5b9f4b57018fae01ecb4c30","sellTxId":"7f6a44cbfe7925bc566f9defe6ee04c3d191797a-4"}
