{"index": {"_index":"sim","_id":"1297347"}}
	{"id":1297347,"type":"sell","buyer":"solovey6o2","seller":"tsnaks","symbol":"SIM","quantity":"1108.006","price":"0.00144001","timestamp":1627959627,"volume":"1.59553972","buyTxId":"eb7544f93fa4225c8f6156bb65fab09d3af5c011","sellTxId":"ee627107209935aaad8f6205f660dfec11452cea"}
{"index": {"_index":"sim","_id":"1297415"}}
	{"id":1297415,"type":"sell","buyer":"solovey6o2","seller":"megalithic","symbol":"SIM","quantity":"7500.000","price":"0.00144001","timestamp":1627961571,"volume":"10.80007500","buyTxId":"eb7544f93fa4225c8f6156bb65fab09d3af5c011","sellTxId":"aecb414e0e66126221e3941255296a2be68a8f5a"}
{"index": {"_index":"sim","_id":"1297444"}}
	{"id":1297444,"type":"sell","buyer":"solovey6o2","seller":"simplegame","symbol":"SIM","quantity":"11.655","price":"0.00144001","timestamp":1627962156,"volume":"0.01678332","buyTxId":"eb7544f93fa4225c8f6156bb65fab09d3af5c011","sellTxId":"6314d7c293a19ef0c6d28e72d8367b9de7e30a19"}
{"index": {"_index":"sim","_id":"1297482"}}
	{"id":1297482,"type":"sell","buyer":"solovey6o2","seller":"justinparke","symbol":"SIM","quantity":"7051.664","price":"0.00145001","timestamp":1627962624,"volume":"10.22498332","buyTxId":"1631e2f48db200ab4a73bfabde3d8a00b48b33b7","sellTxId":"5a27b2c7e8a5b77c926c69d8243f2e2a9e58599f"}
{"index": {"_index":"sim","_id":"1297558"}}
	{"id":1297558,"type":"sell","buyer":"solovey6o2","seller":"brofi-market","symbol":"SIM","quantity":"68.641","price":"0.00145001","timestamp":1627964067,"volume":"0.09953014","buyTxId":"1631e2f48db200ab4a73bfabde3d8a00b48b33b7","sellTxId":"960bf15f3964e016e417b3d3ba635ebec4ef84ec"}
{"index": {"_index":"sim","_id":"1297580"}}
	{"id":1297580,"type":"sell","buyer":"solovey6o2","seller":"manoldonchev","symbol":"SIM","quantity":"15000.000","price":"0.00145001","timestamp":1627964142,"volume":"21.75015000","buyTxId":"1631e2f48db200ab4a73bfabde3d8a00b48b33b7","sellTxId":"f420e7414a94df601e0fd798e65a2dc505c37399"}
{"index": {"_index":"sim","_id":"1297610"}}
	{"id":1297610,"type":"sell","buyer":"solovey6o2","seller":"trumpman","symbol":"SIM","quantity":"2245.967","price":"0.00145001","timestamp":1627964715,"volume":"3.25667461","buyTxId":"1631e2f48db200ab4a73bfabde3d8a00b48b33b7","sellTxId":"4860398ec216b75859851ed984106c4e8b51efb1"}
{"index": {"_index":"sim","_id":"1297615"}}
	{"id":1297615,"type":"sell","buyer":"solovey6o2","seller":"danewilliams","symbol":"SIM","quantity":"14711.676","price":"0.00145001","timestamp":1627964844,"volume":"21.33207732","buyTxId":"1631e2f48db200ab4a73bfabde3d8a00b48b33b7","sellTxId":"5551f4e625a452555c39c04e7761bed72c98ce1d"}
{"index": {"_index":"sim","_id":"1297700"}}
	{"id":1297700,"type":"sell","buyer":"solovey6o2","seller":"videobooster","symbol":"SIM","quantity":"80000.000","price":"0.00145001","timestamp":1627966803,"volume":"116.00080000","buyTxId":"1631e2f48db200ab4a73bfabde3d8a00b48b33b7","sellTxId":"b088a57163ea5c2575341a1b54ce5a7c50396109"}
{"index": {"_index":"sim","_id":"1297717"}}
	{"id":1297717,"type":"buy","buyer":"drakienrising","seller":"jelly-cz","symbol":"SIM","quantity":"2000.000","price":"0.00159487","timestamp":1627967040,"volume":"3.18974000","buyTxId":"8f589681a63ec537ddc3703efc9f97e6ca81613e","sellTxId":"MM-P-9219014-56200500-3-34-0"}
{"index": {"_index":"sim","_id":"1297758"}}
	{"id":1297758,"type":"sell","buyer":"solovey6o2","seller":"tute","symbol":"SIM","quantity":"6500.000","price":"0.00145001","timestamp":1627967565,"volume":"9.42506500","buyTxId":"1631e2f48db200ab4a73bfabde3d8a00b48b33b7","sellTxId":"97c3fb86b8aa7ac1537800382f64ea9a0341cf59"}
{"index": {"_index":"sim","_id":"1297762"}}
	{"id":1297762,"type":"sell","buyer":"solovey6o2","seller":"finguru","symbol":"SIM","quantity":"164.180","price":"0.00146001","timestamp":1627967640,"volume":"0.23970444","buyTxId":"7974bb6484f2ebdfd08c9e869cfd1cd2c23b2253","sellTxId":"90df98cfa514811b3e91ed7e0065ed5d66ddd92a"}
{"index": {"_index":"sim","_id":"1297763"}}
	{"id":1297763,"type":"sell","buyer":"solovey6o2","seller":"dwcp","symbol":"SIM","quantity":"5000.000","price":"0.00146001","timestamp":1627967643,"volume":"7.30005000","buyTxId":"7974bb6484f2ebdfd08c9e869cfd1cd2c23b2253","sellTxId":"25cb2d97ad966b73854e8e5d38045f04083a6f6b"}
{"index": {"_index":"sim","_id":"1297782"}}
	{"id":1297782,"type":"sell","buyer":"dwcp","seller":"theguruasia","symbol":"SIM","quantity":"20.000","price":"0.00149000","timestamp":1627967871,"volume":"0.02980000","buyTxId":"e7719d7fa7d5ad9a1e4fa02aa985575a46233150","sellTxId":"10da897c80ba626cc8b503b7116883082a7cc422"}
{"index": {"_index":"sim","_id":"1297785"}}
	{"id":1297785,"type":"sell","buyer":"d-pend","seller":"onealfa","symbol":"SIM","quantity":"6500.000","price":"0.00147000","timestamp":1627967949,"volume":"9.55500000","buyTxId":"ff1d3cdac98a3c8a5f0e0b6517de44f82b0bee12","sellTxId":"2561f13cdc61abed4036e99fe5cf17b4a0f6d0c7"}
{"index": {"_index":"sim","_id":"1297786"}}
	{"id":1297786,"type":"sell","buyer":"solovey6o2","seller":"onealfa","symbol":"SIM","quantity":"2800.000","price":"0.00146001","timestamp":1627967949,"volume":"4.08802800","buyTxId":"7974bb6484f2ebdfd08c9e869cfd1cd2c23b2253","sellTxId":"2561f13cdc61abed4036e99fe5cf17b4a0f6d0c7"}
{"index": {"_index":"sim","_id":"1297861"}}
	{"id":1297861,"type":"sell","buyer":"hotasian","seller":"winebank","symbol":"SIM","quantity":"10.000","price":"0.00148000","timestamp":1627969602,"volume":"0.01480000","buyTxId":"e286ac68c4141678d6394c9c1ccfa12cfc3dbc70","sellTxId":"1544fe06c7d445b453bd94e180c616bb1e95ba3c"}
{"index": {"_index":"sim","_id":"1297869"}}
	{"id":1297869,"type":"sell","buyer":"hotasian","seller":"winebank","symbol":"SIM","quantity":"10.000","price":"0.00147500","timestamp":1627969851,"volume":"0.01475000","buyTxId":"ad20a09921433b9510023fa52fb8b88cc102fa29","sellTxId":"3f157ab3e8068a2ce77f2271a0e2d16267a420e4"}
{"index": {"_index":"sim","_id":"1297870"}}
	{"id":1297870,"type":"sell","buyer":"hotasian","seller":"winebank","symbol":"SIM","quantity":"10.000","price":"0.00147000","timestamp":1627969851,"volume":"0.01470000","buyTxId":"31b03206528d2fa54dc7ec997b690efa9de512df","sellTxId":"3f157ab3e8068a2ce77f2271a0e2d16267a420e4"}
{"index": {"_index":"sim","_id":"1297871"}}
	{"id":1297871,"type":"sell","buyer":"hotasian","seller":"winebank","symbol":"SIM","quantity":"10.000","price":"0.00146500","timestamp":1627969851,"volume":"0.01465000","buyTxId":"81e4f0d795b0f503324144b8a3380bf6a54ac64b","sellTxId":"3f157ab3e8068a2ce77f2271a0e2d16267a420e4"}
{"index": {"_index":"sim","_id":"1297872"}}
	{"id":1297872,"type":"sell","buyer":"solovey6o2","seller":"winebank","symbol":"SIM","quantity":"3695.000","price":"0.00146001","timestamp":1627969851,"volume":"5.39473695","buyTxId":"7974bb6484f2ebdfd08c9e869cfd1cd2c23b2253","sellTxId":"3f157ab3e8068a2ce77f2271a0e2d16267a420e4"}
{"index": {"_index":"sim","_id":"1297873"}}
	{"id":1297873,"type":"sell","buyer":"solovey6o2","seller":"kishan006","symbol":"SIM","quantity":"10904.000","price":"0.00146001","timestamp":1627969860,"volume":"15.91994904","buyTxId":"7974bb6484f2ebdfd08c9e869cfd1cd2c23b2253","sellTxId":"e5428d27875ebf2ee20a9f02c52197e16ffb3421"}
{"index": {"_index":"sim","_id":"1297876"}}
	{"id":1297876,"type":"buy","buyer":"jjb777","seller":"nftmart.fees","symbol":"SIM","quantity":"48.000","price":"0.00147999","timestamp":1627969995,"volume":"0.07103952","buyTxId":"1f9620f8399484d3ee9b179d123297efecd995d3","sellTxId":"d1c2a5050e4c8dac9dddaaf7b328fe5064e65b72-0"}
{"index": {"_index":"sim","_id":"1297877"}}
	{"id":1297877,"type":"buy","buyer":"jjb777","seller":"theguruasia","symbol":"SIM","quantity":"102.000","price":"0.00149000","timestamp":1627969995,"volume":"0.15198000","buyTxId":"1f9620f8399484d3ee9b179d123297efecd995d3","sellTxId":"10da897c80ba626cc8b503b7116883082a7cc422"}
{"index": {"_index":"sim","_id":"1297878"}}
	{"id":1297878,"type":"buy","buyer":"jjb777","seller":"theguruasia","symbol":"SIM","quantity":"52.782","price":"0.00149000","timestamp":1627970022,"volume":"0.07864518","buyTxId":"3d96c3fa3e8e69f1b517fd5ebc9182d2482f79e5","sellTxId":"10da897c80ba626cc8b503b7116883082a7cc422"}
{"index": {"_index":"sim","_id":"1297879"}}
	{"id":1297879,"type":"buy","buyer":"jjb777","seller":"jelly-cz","symbol":"SIM","quantity":"97.218","price":"0.00157973","timestamp":1627970022,"volume":"0.15357819","buyTxId":"3d96c3fa3e8e69f1b517fd5ebc9182d2482f79e5","sellTxId":"MM-P-9220012-56201498-3-34-0"}
{"index": {"_index":"sim","_id":"1297880"}}
	{"id":1297880,"type":"sell","buyer":"solovey6o2","seller":"hotasian","symbol":"SIM","quantity":"145000.000","price":"0.00146001","timestamp":1627970055,"volume":"211.70145000","buyTxId":"7974bb6484f2ebdfd08c9e869cfd1cd2c23b2253","sellTxId":"7b230b14d91deaaaa9eef13d0439515d9c34e5f9"}
{"index": {"_index":"sim","_id":"1297900"}}
	{"id":1297900,"type":"sell","buyer":"solovey6o2","seller":"lammbock","symbol":"SIM","quantity":"128.155","price":"0.00146001","timestamp":1627970733,"volume":"0.18710758","buyTxId":"7974bb6484f2ebdfd08c9e869cfd1cd2c23b2253","sellTxId":"6a176a093e4d7fcbd47fbf80df8c8924806086e7"}
{"index": {"_index":"sim","_id":"1297907"}}
	{"id":1297907,"type":"sell","buyer":"solovey6o2","seller":"theshaki","symbol":"SIM","quantity":"49.587","price":"0.00146001","timestamp":1627970946,"volume":"0.07239752","buyTxId":"7974bb6484f2ebdfd08c9e869cfd1cd2c23b2253","sellTxId":"d439ad9c0b0126f1df092ffac76bf39b56b412c0"}
{"index": {"_index":"sim","_id":"1297910"}}
	{"id":1297910,"type":"sell","buyer":"solovey6o2","seller":"konvik","symbol":"SIM","quantity":"36670.609","price":"0.00147001","timestamp":1627971057,"volume":"53.90616194","buyTxId":"b4798ce70265d140917f530c9219b70be9595c36","sellTxId":"c8de8a434ec7ff1d1b57af0e3c6e1a8fd004b966-1"}
{"index": {"_index":"sim","_id":"1297911"}}
	{"id":1297911,"type":"sell","buyer":"solovey6o2","seller":"hive.miner","symbol":"SIM","quantity":"84.034","price":"0.00147001","timestamp":1627971063,"volume":"0.12353082","buyTxId":"b4798ce70265d140917f530c9219b70be9595c36","sellTxId":"aa314a92e59e537851665bdc0450de1347c91731"}
{"index": {"_index":"sim","_id":"1297917"}}
	{"id":1297917,"type":"sell","buyer":"solovey6o2","seller":"steemwija","symbol":"SIM","quantity":"242.640","price":"0.00147001","timestamp":1627971138,"volume":"0.35668323","buyTxId":"b4798ce70265d140917f530c9219b70be9595c36","sellTxId":"41cbd02ae6efd08838c55c3a5e8542299cecf64b"}
{"index": {"_index":"sim","_id":"1297938"}}
	{"id":1297938,"type":"sell","buyer":"solovey6o2","seller":"minnowspower","symbol":"SIM","quantity":"59.113","price":"0.00147001","timestamp":1627971456,"volume":"0.08689670","buyTxId":"b4798ce70265d140917f530c9219b70be9595c36","sellTxId":"4b18da56ce73018dabda71b6d0fb9df0cdfc6bad"}
{"index": {"_index":"sim","_id":"1297945"}}
	{"id":1297945,"type":"sell","buyer":"solovey6o2","seller":"megalithic","symbol":"SIM","quantity":"10000.000","price":"0.00147001","timestamp":1627971672,"volume":"14.70010000","buyTxId":"b4798ce70265d140917f530c9219b70be9595c36","sellTxId":"4a2148c24bcf063bb08bfe28558a2767a7689cb3"}
{"index": {"_index":"sim","_id":"1297950"}}
	{"id":1297950,"type":"sell","buyer":"solovey6o2","seller":"gwilberiol","symbol":"SIM","quantity":"0.161","price":"0.00147001","timestamp":1627971810,"volume":"0.00023667","buyTxId":"b4798ce70265d140917f530c9219b70be9595c36","sellTxId":"62d9299fb9639302ff91c3d6ec0f864bf876dee2"}
{"index": {"_index":"sim","_id":"1297955"}}
	{"id":1297955,"type":"sell","buyer":"d-pend","seller":"konvik","symbol":"SIM","quantity":"9990.099","price":"0.00148000","timestamp":1627971969,"volume":"14.78534652","buyTxId":"1ed3fb17eb04ed60d6cda455107bd7378f5ff5fa","sellTxId":"7659975296acc0b503b5106ad449ac20922231c2-1"}
{"index": {"_index":"sim","_id":"1297965"}}
	{"id":1297965,"type":"sell","buyer":"d-pend","seller":"tonytrillions","symbol":"SIM","quantity":"0.026","price":"0.00148000","timestamp":1627972524,"volume":"0.00003848","buyTxId":"1ed3fb17eb04ed60d6cda455107bd7378f5ff5fa","sellTxId":"f0130fbe2cd249a669c4a8d77fd5b116c7b3f202"}
{"index": {"_index":"sim","_id":"1297999"}}
	{"id":1297999,"type":"sell","buyer":"d-pend","seller":"dhedge-drips","symbol":"SIM","quantity":"6.435","price":"0.00148000","timestamp":1627973130,"volume":"0.00952380","buyTxId":"1ed3fb17eb04ed60d6cda455107bd7378f5ff5fa","sellTxId":"78a3dcf15c1e3433ca6c45b6750182334088d43a"}
{"index": {"_index":"sim","_id":"1298034"}}
	{"id":1298034,"type":"sell","buyer":"d-pend","seller":"lxsxl","symbol":"SIM","quantity":"2.696","price":"0.00148000","timestamp":1627973547,"volume":"0.00399008","buyTxId":"1ed3fb17eb04ed60d6cda455107bd7378f5ff5fa","sellTxId":"4d442ff05ea808b9e39cbe1758586c8b95df627f"}
{"index": {"_index":"sim","_id":"1298057"}}
	{"id":1298057,"type":"sell","buyer":"d-pend","seller":"kobusu","symbol":"SIM","quantity":"0.744","price":"0.00148000","timestamp":1627974060,"volume":"0.00110112","buyTxId":"1ed3fb17eb04ed60d6cda455107bd7378f5ff5fa","sellTxId":"4a18a7cf7b3e776c935ce65e2d579f1d28cfd535"}
{"index": {"_index":"sim","_id":"1298058"}}
	{"id":1298058,"type":"sell","buyer":"solovey6o2","seller":"kobusu","symbol":"SIM","quantity":"25170.256","price":"0.00147001","timestamp":1627974060,"volume":"37.00052802","buyTxId":"b4798ce70265d140917f530c9219b70be9595c36","sellTxId":"4a18a7cf7b3e776c935ce65e2d579f1d28cfd535"}
{"index": {"_index":"sim","_id":"1298139"}}
	{"id":1298139,"type":"sell","buyer":"solovey6o2","seller":"juanvegetarian","symbol":"SIM","quantity":"2760.000","price":"0.00147001","timestamp":1627976064,"volume":"4.05722760","buyTxId":"b4798ce70265d140917f530c9219b70be9595c36","sellTxId":"e8118af864987502988ce6269cedca3c492d14ab"}
{"index": {"_index":"sim","_id":"1298186"}}
	{"id":1298186,"type":"sell","buyer":"solovey6o2","seller":"cheer-up","symbol":"SIM","quantity":"155389.350","price":"0.00147001","timestamp":1627976997,"volume":"228.42389839","buyTxId":"b4798ce70265d140917f530c9219b70be9595c36","sellTxId":"e9abd1f4a11bda0398e0fb7e6c13d2b5f6b4b8fd"}
{"index": {"_index":"sim","_id":"1298543"}}
	{"id":1298543,"type":"sell","buyer":"solovey6o2","seller":"anosys","symbol":"SIM","quantity":"17.011","price":"0.00147001","timestamp":1627985052,"volume":"0.02500634","buyTxId":"b4798ce70265d140917f530c9219b70be9595c36","sellTxId":"de8dd521142c87f1b039e06bc0a5744d421a4084"}
{"index": {"_index":"sim","_id":"1298558"}}
	{"id":1298558,"type":"sell","buyer":"solovey6o2","seller":"fantasycrypto","symbol":"SIM","quantity":"1440.200","price":"0.00147001","timestamp":1627985550,"volume":"2.11710840","buyTxId":"b4798ce70265d140917f530c9219b70be9595c36","sellTxId":"1fb7ef60930baf5f5277e47859d7a0ee16c86828"}
{"index": {"_index":"sim","_id":"1298644"}}
	{"id":1298644,"type":"sell","buyer":"solovey6o2","seller":"kobusu","symbol":"SIM","quantity":"37300.000","price":"0.00147001","timestamp":1627987395,"volume":"54.83137300","buyTxId":"b4798ce70265d140917f530c9219b70be9595c36","sellTxId":"a360a7612bf7257bc827d893076c950c24abb584"}
{"index": {"_index":"sim","_id":"1298694"}}
	{"id":1298694,"type":"sell","buyer":"solovey6o2","seller":"ardrow","symbol":"SIM","quantity":"96.350","price":"0.00147001","timestamp":1627988832,"volume":"0.14163546","buyTxId":"b4798ce70265d140917f530c9219b70be9595c36","sellTxId":"7b530f14b740712a507e69b519854fffbe07ea3a"}
{"index": {"_index":"sim","_id":"1298695"}}
	{"id":1298695,"type":"sell","buyer":"solovey6o2","seller":"ardrow","symbol":"SIM","quantity":"6220.597","price":"0.00147001","timestamp":1627988832,"volume":"9.14433980","buyTxId":"a082e08950c299a438c72deb73eb1633a03852c9","sellTxId":"7b530f14b740712a507e69b519854fffbe07ea3a"}
{"index": {"_index":"sim","_id":"1298696"}}
	{"id":1298696,"type":"sell","buyer":"solovey6o2","seller":"ardrow","symbol":"SIM","quantity":"5151.513","price":"0.00147001","timestamp":1627988832,"volume":"7.57277563","buyTxId":"18ac24c207d72714293d8506c64b7fd7506d4bcd","sellTxId":"7b530f14b740712a507e69b519854fffbe07ea3a"}
{"index": {"_index":"sim","_id":"1298700"}}
	{"id":1298700,"type":"sell","buyer":"solovey6o2","seller":"thesimguru","symbol":"SIM","quantity":"2666.932","price":"0.00147001","timestamp":1627989147,"volume":"3.92041671","buyTxId":"18ac24c207d72714293d8506c64b7fd7506d4bcd","sellTxId":"53d9b53ecab2a73e3da3bf29382d5ba177a34912"}
{"index": {"_index":"sim","_id":"1298768"}}
	{"id":1298768,"type":"sell","buyer":"solovey6o2","seller":"imperij4427","symbol":"SIM","quantity":"4672.692","price":"0.00147001","timestamp":1627990725,"volume":"6.86890396","buyTxId":"18ac24c207d72714293d8506c64b7fd7506d4bcd","sellTxId":"a05da9d905b6601bdadfc2d03df065020d7ad911"}
{"index": {"_index":"sim","_id":"1298769"}}
	{"id":1298769,"type":"sell","buyer":"d-pend","seller":"imperij4427","symbol":"SIM","quantity":"10000.000","price":"0.00147000","timestamp":1627990725,"volume":"14.70000000","buyTxId":"e179010374bc9cb8f55c2af5ab867320c1423e32","sellTxId":"a05da9d905b6601bdadfc2d03df065020d7ad911"}
{"index": {"_index":"sim","_id":"1298770"}}
	{"id":1298770,"type":"sell","buyer":"d-pend","seller":"imperij4427","symbol":"SIM","quantity":"7000.000","price":"0.00146000","timestamp":1627990725,"volume":"10.22000000","buyTxId":"a18cfbef00e216bb7be17d4ff859325ad1292633","sellTxId":"a05da9d905b6601bdadfc2d03df065020d7ad911"}
{"index": {"_index":"sim","_id":"1298771"}}
	{"id":1298771,"type":"sell","buyer":"d-pend","seller":"imperij4427","symbol":"SIM","quantity":"7500.000","price":"0.00145000","timestamp":1627990725,"volume":"10.87500000","buyTxId":"f766fd5d29aa48b60d87616def895394729f4d37","sellTxId":"a05da9d905b6601bdadfc2d03df065020d7ad911"}
{"index": {"_index":"sim","_id":"1298772"}}
	{"id":1298772,"type":"sell","buyer":"d-pend","seller":"imperij4427","symbol":"SIM","quantity":"13281.308","price":"0.00144000","timestamp":1627990725,"volume":"19.12508352","buyTxId":"58df2ead3bdc16ae5d191addfd9f172ac16684ba","sellTxId":"a05da9d905b6601bdadfc2d03df065020d7ad911"}
{"index": {"_index":"sim","_id":"1298802"}}
	{"id":1298802,"type":"sell","buyer":"d-pend","seller":"tonytrillions","symbol":"SIM","quantity":"0.002","price":"0.00144000","timestamp":1627991262,"volume":"0.00000288","buyTxId":"58df2ead3bdc16ae5d191addfd9f172ac16684ba","sellTxId":"7e0e90bf2fc3ef186768ee36a81dd42fbe860241"}
{"index": {"_index":"sim","_id":"1298825"}}
	{"id":1298825,"type":"buy","buyer":"konvik","seller":"looftee","symbol":"SIM","quantity":"12729.750","price":"0.00153000","timestamp":1627992042,"volume":"19.47651750","buyTxId":"d0ba7225f7f47b13ecd8bce06e7af575b5a12ef4-0","sellTxId":"2ad207df7cbed7a76578864bf1755ae3bee32c2f"}
{"index": {"_index":"sim","_id":"1298904"}}
	{"id":1298904,"type":"sell","buyer":"d-pend","seller":"tonytrillions","symbol":"SIM","quantity":"0.036","price":"0.00144000","timestamp":1627993908,"volume":"0.00005184","buyTxId":"58df2ead3bdc16ae5d191addfd9f172ac16684ba","sellTxId":"cad1ab61a49c439df3f640deada9450a48785a4a"}
{"index": {"_index":"sim","_id":"1298944"}}
	{"id":1298944,"type":"sell","buyer":"d-pend","seller":"dhedge-drips","symbol":"SIM","quantity":"0.001","price":"0.00144000","timestamp":1627994727,"volume":"0.00000144","buyTxId":"58df2ead3bdc16ae5d191addfd9f172ac16684ba","sellTxId":"aac62f09a784da9238231bd15b91da5ecd026ee4"}
{"index": {"_index":"sim","_id":"1299031"}}
	{"id":1299031,"type":"sell","buyer":"d-pend","seller":"rubymooney","symbol":"SIM","quantity":"1133.067","price":"0.00144000","timestamp":1627995879,"volume":"1.63161648","buyTxId":"58df2ead3bdc16ae5d191addfd9f172ac16684ba","sellTxId":"6a98ce3964f5db4a4ff9758c6e469cd21e372f8a"}
{"index": {"_index":"sim","_id":"1299032"}}
	{"id":1299032,"type":"sell","buyer":"hossain525","seller":"rubymooney","symbol":"SIM","quantity":"1536.443","price":"0.00144000","timestamp":1627995879,"volume":"2.21247792","buyTxId":"b631db9b76d9e866a77d2c645820976aa6e00fa4","sellTxId":"6a98ce3964f5db4a4ff9758c6e469cd21e372f8a"}
{"index": {"_index":"sim","_id":"1299097"}}
	{"id":1299097,"type":"sell","buyer":"hossain525","seller":"rubymooney","symbol":"SIM","quantity":"4463.557","price":"0.00144000","timestamp":1627996887,"volume":"6.42752208","buyTxId":"b631db9b76d9e866a77d2c645820976aa6e00fa4","sellTxId":"51eb2d8db8be54b44283c75c79aa22e32c534b62"}
{"index": {"_index":"sim","_id":"1299098"}}
	{"id":1299098,"type":"sell","buyer":"sbi-tokens","seller":"rubymooney","symbol":"SIM","quantity":"19286.443","price":"0.00143000","timestamp":1627996887,"volume":"27.57961349","buyTxId":"8c58997c427c14b0eb06c1fcf13f0810407d7522","sellTxId":"51eb2d8db8be54b44283c75c79aa22e32c534b62"}
{"index": {"_index":"sim","_id":"1299103"}}
	{"id":1299103,"type":"sell","buyer":"sbi-tokens","seller":"pele23","symbol":"SIM","quantity":"0.412","price":"0.00143000","timestamp":1627996986,"volume":"0.00058916","buyTxId":"8c58997c427c14b0eb06c1fcf13f0810407d7522","sellTxId":"c2f5def00b57b832e580ccbd6fcc8bf057578827"}
{"index": {"_index":"sim","_id":"1299211"}}
	{"id":1299211,"type":"sell","buyer":"sbi-tokens","seller":"darmst5339","symbol":"SIM","quantity":"4.530","price":"0.00143000","timestamp":1627999098,"volume":"0.00647790","buyTxId":"8c58997c427c14b0eb06c1fcf13f0810407d7522","sellTxId":"ff81f4bfe41804fbb5dc936716fbc067c9630f16"}
{"index": {"_index":"sim","_id":"1299236"}}
	{"id":1299236,"type":"sell","buyer":"sbi-tokens","seller":"diana.catherine","symbol":"SIM","quantity":"3574.300","price":"0.00143000","timestamp":1627999599,"volume":"5.11124900","buyTxId":"8c58997c427c14b0eb06c1fcf13f0810407d7522","sellTxId":"95f28fcc44c69c6d512740cb62d9e19e2fce24e3"}
{"index": {"_index":"sim","_id":"1299291"}}
	{"id":1299291,"type":"sell","buyer":"solovey6o2","seller":"rahul.stan","symbol":"SIM","quantity":"58370.196","price":"0.00143001","timestamp":1628000442,"volume":"83.46996398","buyTxId":"e3487fc42a0014e9d3cd04f60c4ebf0618fade8f","sellTxId":"3752b67dffce359a1facf690d379d49c0a0602fb"}
{"index": {"_index":"sim","_id":"1299292"}}
	{"id":1299292,"type":"sell","buyer":"sbi-tokens","seller":"rahul.stan","symbol":"SIM","quantity":"98736.315","price":"0.00143000","timestamp":1628000442,"volume":"141.19293045","buyTxId":"8c58997c427c14b0eb06c1fcf13f0810407d7522","sellTxId":"3752b67dffce359a1facf690d379d49c0a0602fb"}
{"index": {"_index":"sim","_id":"1299293"}}
	{"id":1299293,"type":"sell","buyer":"d-pend","seller":"rahul.stan","symbol":"SIM","quantity":"14214.214","price":"0.00142000","timestamp":1628000442,"volume":"20.18418388","buyTxId":"12e727ff061e0eff635c6caa5ffea0190bdde5f9","sellTxId":"3752b67dffce359a1facf690d379d49c0a0602fb"}
{"index": {"_index":"sim","_id":"1299294"}}
	{"id":1299294,"type":"sell","buyer":"d-pend","seller":"rahul.stan","symbol":"SIM","quantity":"14141.414","price":"0.00141000","timestamp":1628000442,"volume":"19.93939374","buyTxId":"6df7c749364b5d1656de683cf978c05369ee8cdb","sellTxId":"3752b67dffce359a1facf690d379d49c0a0602fb"}
{"index": {"_index":"sim","_id":"1299295"}}
	{"id":1299295,"type":"sell","buyer":"d-pend","seller":"rahul.stan","symbol":"SIM","quantity":"3999.990","price":"0.00140000","timestamp":1628000442,"volume":"5.59998600","buyTxId":"07af0f03ae7aeca03eb091e3e74e33741078f4ae","sellTxId":"3752b67dffce359a1facf690d379d49c0a0602fb"}
{"index": {"_index":"sim","_id":"1299296"}}
	{"id":1299296,"type":"sell","buyer":"sirdemian","seller":"rahul.stan","symbol":"SIM","quantity":"1430.000","price":"0.00139900","timestamp":1628000442,"volume":"2.00057000","buyTxId":"927dacfffe03f3c9b0f155841329c77fab11523d","sellTxId":"3752b67dffce359a1facf690d379d49c0a0602fb"}
{"index": {"_index":"sim","_id":"1299297"}}
	{"id":1299297,"type":"sell","buyer":"d-pend","seller":"rahul.stan","symbol":"SIM","quantity":"5000.000","price":"0.00139000","timestamp":1628000442,"volume":"6.95000000","buyTxId":"d90b380b344a22544c26ab2bda15436469889ce5","sellTxId":"3752b67dffce359a1facf690d379d49c0a0602fb"}
{"index": {"_index":"sim","_id":"1299298"}}
	{"id":1299298,"type":"sell","buyer":"d-pend","seller":"rahul.stan","symbol":"SIM","quantity":"13813.813","price":"0.00138000","timestamp":1628000442,"volume":"19.06306194","buyTxId":"3cae3a6ed3c62a55de91a0727d881efe0cff89ea","sellTxId":"3752b67dffce359a1facf690d379d49c0a0602fb"}
{"index": {"_index":"sim","_id":"1299299"}}
	{"id":1299299,"type":"sell","buyer":"enginemaker","seller":"rahul.stan","symbol":"SIM","quantity":"18115.942","price":"0.00138000","timestamp":1628000442,"volume":"24.99999996","buyTxId":"MM-P-9216919-56198403-3-2-0","sellTxId":"3752b67dffce359a1facf690d379d49c0a0602fb"}
{"index": {"_index":"sim","_id":"1299300"}}
	{"id":1299300,"type":"sell","buyer":"d-pend","seller":"rahul.stan","symbol":"SIM","quantity":"13713.713","price":"0.00137000","timestamp":1628000442,"volume":"18.78778681","buyTxId":"743a501ab5a7c1c97f5547833cc8fba04b2c7edb","sellTxId":"3752b67dffce359a1facf690d379d49c0a0602fb"}
{"index": {"_index":"sim","_id":"1299301"}}
	{"id":1299301,"type":"sell","buyer":"d-pend","seller":"rahul.stan","symbol":"SIM","quantity":"17365.291","price":"0.00137000","timestamp":1628000442,"volume":"23.79044867","buyTxId":"b5733b0c70ee4e34491702b4a129e6b069f19cc5","sellTxId":"3752b67dffce359a1facf690d379d49c0a0602fb"}
{"index": {"_index":"sim","_id":"1299333"}}
	{"id":1299333,"type":"sell","buyer":"d-pend","seller":"alive.chat","symbol":"SIM","quantity":"1.039","price":"0.00137000","timestamp":1628000904,"volume":"0.00142343","buyTxId":"b5733b0c70ee4e34491702b4a129e6b069f19cc5","sellTxId":"8a7626b0fa3b59218edebf53ea4396f41e707687"}
{"index": {"_index":"sim","_id":"1299346"}}
	{"id":1299346,"type":"buy","buyer":"konvik","seller":"jelly-cz","symbol":"SIM","quantity":"78807.014","price":"0.00153997","timestamp":1628001192,"volume":"121.36043735","buyTxId":"4b2f555898125b727ef4e4c4d4f19ccb9b5c1e8c-0","sellTxId":"MM-P-9230349-56211872-3-34-0"}
{"index": {"_index":"sim","_id":"1299353"}}
	{"id":1299353,"type":"buy","buyer":"konvik","seller":"jelly-cz","symbol":"SIM","quantity":"92442.000","price":"0.00152994","timestamp":1628001492,"volume":"141.43071348","buyTxId":"f5872617c572d6b5aa8a0c998d405ee40ba6da81-0","sellTxId":"MM-P-9230449-56211972-3-34-0"}
{"index": {"_index":"sim","_id":"1299364"}}
	{"id":1299364,"type":"buy","buyer":"konvik","seller":"martusamak","symbol":"SIM","quantity":"2589.000","price":"0.00150000","timestamp":1628001696,"volume":"3.88350000","buyTxId":"0c64a4c4cb3d0e5a9b94ba83333226ae2824658e-0","sellTxId":"4efd13bac63a9db4825c64cc28c7eeb9eb3d6d07"}
{"index": {"_index":"sim","_id":"1299370"}}
	{"id":1299370,"type":"buy","buyer":"konvik","seller":"jelly-cz","symbol":"SIM","quantity":"92442.000","price":"0.00151993","timestamp":1628001792,"volume":"140.50536906","buyTxId":"cb4ceca7cf68a9cb46c4f41d768b50b988a61288-0","sellTxId":"MM-P-9230549-56212072-3-34-0"}
{"index": {"_index":"sim","_id":"1299386"}}
	{"id":1299386,"type":"sell","buyer":"d-pend","seller":"andy4475","symbol":"SIM","quantity":"36.523","price":"0.00137000","timestamp":1628001927,"volume":"0.05003651","buyTxId":"b5733b0c70ee4e34491702b4a129e6b069f19cc5","sellTxId":"c27403009b8f98a8cd1a8cdb17033ba1de8c5efa"}
{"index": {"_index":"sim","_id":"1299397"}}
	{"id":1299397,"type":"buy","buyer":"konvik","seller":"jelly-cz","symbol":"SIM","quantity":"92442.000","price":"0.00150992","timestamp":1628002092,"volume":"139.58002464","buyTxId":"577830ec609016d99b37bff7bdc3fac24f5a8d15-0","sellTxId":"MM-P-9230649-56212172-3-34-0"}
{"index": {"_index":"sim","_id":"1299412"}}
	{"id":1299412,"type":"buy","buyer":"konvik","seller":"jelly-cz","symbol":"SIM","quantity":"92442.000","price":"0.00149991","timestamp":1628002392,"volume":"138.65468022","buyTxId":"a2f63266890a6decdcd9d74d6d713073223a55e7-0","sellTxId":"MM-P-9230749-56212272-3-34-0"}
{"index": {"_index":"sim","_id":"1299413"}}
	{"id":1299413,"type":"buy","buyer":"konvik","seller":"enginemaker","symbol":"SIM","quantity":"18115.942","price":"0.00149993","timestamp":1628002395,"volume":"27.17264488","buyTxId":"5d4bca2e71de5eff5f7261ab1fd5b9992f2b381e-0","sellTxId":"MM-P-9230749-56212272-3-2-0"}
{"index": {"_index":"sim","_id":"1299449"}}
	{"id":1299449,"type":"sell","buyer":"d-pend","seller":"inri","symbol":"SIM","quantity":"57835.000","price":"0.00137000","timestamp":1628003388,"volume":"79.23395000","buyTxId":"b5733b0c70ee4e34491702b4a129e6b069f19cc5","sellTxId":"8ac0beb8777403c2093e0918a97beaec3ef88382"}
{"index": {"_index":"sim","_id":"1299566"}}
	{"id":1299566,"type":"sell","buyer":"hossain525","seller":"rubymooney","symbol":"SIM","quantity":"11121.000","price":"0.00137100","timestamp":1628005188,"volume":"15.24689100","buyTxId":"b83482b0f1eaae49807dc160cbd805bed557fba4","sellTxId":"e40c05828936ff77f9b25719d3d5c0ef17d4b2b8"}
{"index": {"_index":"sim","_id":"1299567"}}
	{"id":1299567,"type":"sell","buyer":"d-pend","seller":"rubymooney","symbol":"SIM","quantity":"12486.500","price":"0.00137000","timestamp":1628005188,"volume":"17.10650500","buyTxId":"b5733b0c70ee4e34491702b4a129e6b069f19cc5","sellTxId":"e40c05828936ff77f9b25719d3d5c0ef17d4b2b8"}
{"index": {"_index":"sim","_id":"1299577"}}
	{"id":1299577,"type":"sell","buyer":"d-pend","seller":"shaktidas2020","symbol":"SIM","quantity":"12275.647","price":"0.00137000","timestamp":1628005353,"volume":"16.81763639","buyTxId":"b5733b0c70ee4e34491702b4a129e6b069f19cc5","sellTxId":"022bae3efb97070ff7fae9ed121e39f613430a06"}
{"index": {"_index":"sim","_id":"1299578"}}
	{"id":1299578,"type":"sell","buyer":"gerber","seller":"shaktidas2020","symbol":"SIM","quantity":"9924.353","price":"0.00137000","timestamp":1628005353,"volume":"13.59636361","buyTxId":"0bab47f943a263ae30d242f0b19c73ec0abe7f92","sellTxId":"022bae3efb97070ff7fae9ed121e39f613430a06"}
{"index": {"_index":"sim","_id":"1299579"}}
	{"id":1299579,"type":"sell","buyer":"gerber","seller":"shaktidas2020","symbol":"SIM","quantity":"75.647","price":"0.00137000","timestamp":1628005395,"volume":"0.10363639","buyTxId":"0bab47f943a263ae30d242f0b19c73ec0abe7f92","sellTxId":"269836e6cb36ce93347eeee0934c32c6e2cb96ab"}
{"index": {"_index":"sim","_id":"1299580"}}
	{"id":1299580,"type":"sell","buyer":"d-pend","seller":"shaktidas2020","symbol":"SIM","quantity":"13613.613","price":"0.00136000","timestamp":1628005395,"volume":"18.51451368","buyTxId":"4280dc8f8040fa0a1c0fd8b0fcf1c54a5bd9e201","sellTxId":"269836e6cb36ce93347eeee0934c32c6e2cb96ab"}
{"index": {"_index":"sim","_id":"1299581"}}
	{"id":1299581,"type":"sell","buyer":"d-pend","seller":"shaktidas2020","symbol":"SIM","quantity":"9067.490","price":"0.00135000","timestamp":1628005395,"volume":"12.24111150","buyTxId":"4abb1f6645781134b97e555ecb137445cad9ab01","sellTxId":"269836e6cb36ce93347eeee0934c32c6e2cb96ab"}
{"index": {"_index":"sim","_id":"1299622"}}
	{"id":1299622,"type":"sell","buyer":"d-pend","seller":"nolyoi","symbol":"SIM","quantity":"2995.35","price":"0.00135000","timestamp":1628006121,"volume":"4.04372250","buyTxId":"4abb1f6645781134b97e555ecb137445cad9ab01","sellTxId":"29dad181f5a757f42f9ecdf0da9f1053ddf76c4e"}
{"index": {"_index":"sim","_id":"1299623"}}
	{"id":1299623,"type":"buy","buyer":"konvik","seller":"steem-hodler","symbol":"SIM","quantity":"45453.858","price":"0.00150000","timestamp":1628006133,"volume":"68.18078700","buyTxId":"2cb0ef074d53f276d54443d389b0b47587c89717-0","sellTxId":"9d0c1fef7e4dd96cf90644886ac5b243728f135f"}
{"index": {"_index":"sim","_id":"1299651"}}
	{"id":1299651,"type":"buy","buyer":"konvik","seller":"ironshield","symbol":"SIM","quantity":"6106.941","price":"0.00149000","timestamp":1628006673,"volume":"9.09934209","buyTxId":"16053b1490b3c35e6b0aa14a2c7d5ef62722c76b-0","sellTxId":"5d7db086d0b0ec71ea19c7c0e377885734d34b03"}
{"index": {"_index":"sim","_id":"1299685"}}
	{"id":1299685,"type":"buy","buyer":"konvik","seller":"hossain525","symbol":"SIM","quantity":"11121.000","price":"0.00149500","timestamp":1628007036,"volume":"16.62589500","buyTxId":"57a7f10f7666d51a2b4ac8bfd63a6ea5697c7967-0","sellTxId":"244bea6d1be0b032ae2389b29b8d00943e328c21"}
{"index": {"_index":"sim","_id":"1299756"}}
	{"id":1299756,"type":"sell","buyer":"d-pend","seller":"morzex","symbol":"SIM","quantity":"1187.500","price":"0.00135000","timestamp":1628007594,"volume":"1.60312500","buyTxId":"4abb1f6645781134b97e555ecb137445cad9ab01","sellTxId":"aa2e029d97851f0834b7ef8083b6e1f7313ee52a"}
{"index": {"_index":"sim","_id":"1300036"}}
	{"id":1300036,"type":"sell","buyer":"gerber","seller":"solarpowers","symbol":"SIM","quantity":"9188.000","price":"0.00135000","timestamp":1628011290,"volume":"12.40380000","buyTxId":"da085b6a557000e36deb36d342bc324a1066beb4","sellTxId":"7f056c10fe1a94582d525bbe2a515dd01cdd1613"}
{"index": {"_index":"sim","_id":"1300125"}}
	{"id":1300125,"type":"sell","buyer":"d-pend","seller":"florian-glechner","symbol":"SIM","quantity":"22.000","price":"0.00136000","timestamp":1628012604,"volume":"0.02992000","buyTxId":"b5a72213be365acba04cbd0c722148463ae95fc1","sellTxId":"86fc2e7d1480bf30087a86793d1d1a8464f5764d"}
{"index": {"_index":"sim","_id":"1300232"}}
	{"id":1300232,"type":"buy","buyer":"konvik","seller":"steem-hodler","symbol":"SIM","quantity":"38000.000","price":"0.00148000","timestamp":1628014482,"volume":"56.24000000","buyTxId":"e655ebfd22d6df3ff799b5fd248cd3890537aef0-0","sellTxId":"4286076a85eb1b2c491351363aa21afeee9873f1"}
{"index": {"_index":"sim","_id":"1300238"}}
	{"id":1300238,"type":"buy","buyer":"konvik","seller":"mary.janikowski","symbol":"SIM","quantity":"13628.000","price":"0.00148000","timestamp":1628014665,"volume":"20.16944000","buyTxId":"409d1572b1af4a8f7dfd97eead61b81d992f84bf-0","sellTxId":"887aeb95aae1bbfe72cdeca3f98e847b9a2182fa"}
{"index": {"_index":"sim","_id":"1300278"}}
	{"id":1300278,"type":"buy","buyer":"egistar","seller":"solovey6o2","symbol":"SIM","quantity":"115.312","price":"0.00148986","timestamp":1628015130,"volume":"0.1718","buyTxId":"ef031c5d8d33a97ea626033698fbd40867b97c26","sellTxId":"591edb740b5a4e7c4d6e9d8ef673b8202de4e9e1"}
{"index": {"_index":"sim","_id":"1300304"}}
	{"id":1300304,"type":"sell","buyer":"d-pend","seller":"bosmob","symbol":"SIM","quantity":"19978.000","price":"0.00136000","timestamp":1628015430,"volume":"27.17008000","buyTxId":"b5a72213be365acba04cbd0c722148463ae95fc1","sellTxId":"41aeecc6f85bd290c1ec3f43a76ed289e845bd5e"}
{"index": {"_index":"sim","_id":"1300305"}}
	{"id":1300305,"type":"sell","buyer":"gerber","seller":"bosmob","symbol":"SIM","quantity":"7502.020","price":"0.00135000","timestamp":1628015430,"volume":"10.12772700","buyTxId":"da085b6a557000e36deb36d342bc324a1066beb4","sellTxId":"41aeecc6f85bd290c1ec3f43a76ed289e845bd5e"}
{"index": {"_index":"sim","_id":"1300318"}}
	{"id":1300318,"type":"buy","buyer":"konvik","seller":"looftee","symbol":"SIM","quantity":"13486.750","price":"0.00145000","timestamp":1628015616,"volume":"19.55578750","buyTxId":"5c635043b5be7541a4fb33afd2fd7dab36ded027-0","sellTxId":"8158ae48adbb3c948dd16e2e1eabfb1c66284af2"}
{"index": {"_index":"sim","_id":"1300320"}}
	{"id":1300320,"type":"sell","buyer":"gerber","seller":"balte","symbol":"SIM","quantity":"3309.980","price":"0.00135000","timestamp":1628015649,"volume":"4.46847300","buyTxId":"da085b6a557000e36deb36d342bc324a1066beb4","sellTxId":"ed71f7bf264923efd2e3cb8da1637cb5c14c954f"}
{"index": {"_index":"sim","_id":"1300321"}}
	{"id":1300321,"type":"sell","buyer":"nastyforce","seller":"balte","symbol":"SIM","quantity":"1000.000","price":"0.00133000","timestamp":1628015649,"volume":"1.33000000","buyTxId":"63e4813490ba8cb208b7eca449a8a637900e53bc","sellTxId":"ed71f7bf264923efd2e3cb8da1637cb5c14c954f"}
{"index": {"_index":"sim","_id":"1300322"}}
	{"id":1300322,"type":"sell","buyer":"hossain525","seller":"balte","symbol":"SIM","quantity":"13521.000","price":"0.00133000","timestamp":1628015649,"volume":"17.98293000","buyTxId":"7f0d1d7343b666341572111757d595df1afc4082","sellTxId":"ed71f7bf264923efd2e3cb8da1637cb5c14c954f"}
{"index": {"_index":"sim","_id":"1300323"}}
	{"id":1300323,"type":"sell","buyer":"frugal-fun","seller":"balte","symbol":"SIM","quantity":"9169.020","price":"0.00133000","timestamp":1628015649,"volume":"12.19479660","buyTxId":"99092d2a99a900992063f2f064c39c014ff4ca2d","sellTxId":"ed71f7bf264923efd2e3cb8da1637cb5c14c954f"}
{"index": {"_index":"sim","_id":"1300329"}}
	{"id":1300329,"type":"buy","buyer":"petertag","seller":"solovey6o2","symbol":"SIM","quantity":"1142.000","price":"0.00148980","timestamp":1628015709,"volume":"1.70135160","buyTxId":"4dfa79bbb5a089cb6da569deb0d490febdd41dee","sellTxId":"0792b78fd1550523624605b1dbcecf75b5ddfec1"}
{"index": {"_index":"sim","_id":"1300343"}}
	{"id":1300343,"type":"buy","buyer":"juanmiguelsalas","seller":"nastyforce","symbol":"SIM","quantity":"1000.000","price":"0.00148000","timestamp":1628015898,"volume":"1.48000000","buyTxId":"6e205c00497a6015d65f86ff0b7e6f297e8b4893","sellTxId":"0a47e5fc0570479dfb83717f2f000db98b17e1f1"}
{"index": {"_index":"sim","_id":"1300346"}}
	{"id":1300346,"type":"buy","buyer":"juanmiguelsalas","seller":"jelly-cz","symbol":"SIM","quantity":"11178.000","price":"0.00148978","timestamp":1628015949,"volume":"16.65276084","buyTxId":"3e860ee27def5337e07adc9d4a0dc0fd973ef4cb","sellTxId":"MM-P-9235207-56216761-3-34-0"}
{"index": {"_index":"sim","_id":"1300365"}}
	{"id":1300365,"type":"sell","buyer":"d-pend","seller":"daveks","symbol":"SIM","quantity":"9302.000","price":"0.00134000","timestamp":1628016189,"volume":"12.46468000","buyTxId":"a48fa7223c179425fde57f31575dac02f57f8aac","sellTxId":"5273b34a29ed71717ac086bcdad269ad9fa7c022"}
{"index": {"_index":"sim","_id":"1300369"}}
	{"id":1300369,"type":"sell","buyer":"d-pend","seller":"tsnaks","symbol":"SIM","quantity":"568.002","price":"0.00134000","timestamp":1628016234,"volume":"0.76112268","buyTxId":"a48fa7223c179425fde57f31575dac02f57f8aac","sellTxId":"f2730937aa878800e5686c05ba5c4605002a2a78"}
{"index": {"_index":"sim","_id":"1300377"}}
	{"id":1300377,"type":"sell","buyer":"d-pend","seller":"dhedge-drips","symbol":"SIM","quantity":"0.004","price":"0.00134000","timestamp":1628016330,"volume":"0.00000536","buyTxId":"a48fa7223c179425fde57f31575dac02f57f8aac","sellTxId":"cecc570c5448068552c4a220e446c27e85b60f19"}
{"index": {"_index":"sim","_id":"1300394"}}
	{"id":1300394,"type":"sell","buyer":"d-pend","seller":"bilpcoinbot","symbol":"SIM","quantity":"129.994","price":"0.00134000","timestamp":1628016480,"volume":"0.17419196","buyTxId":"a48fa7223c179425fde57f31575dac02f57f8aac","sellTxId":"cd3169cec60fba058b08ce74a34112b3d3939fd6"}
{"index": {"_index":"sim","_id":"1300395"}}
	{"id":1300395,"type":"sell","buyer":"d-pend","seller":"bilpcoinbot","symbol":"SIM","quantity":"3192.006","price":"0.00134000","timestamp":1628016480,"volume":"4.27728804","buyTxId":"d4219f8836cb08281701ae0b07ad0448232ee567","sellTxId":"cd3169cec60fba058b08ce74a34112b3d3939fd6"}
{"index": {"_index":"sim","_id":"1300437"}}
	{"id":1300437,"type":"sell","buyer":"nastyforce","seller":"willsaldeno","symbol":"SIM","quantity":"1000.000","price":"0.00135000","timestamp":1628017191,"volume":"1.35000000","buyTxId":"acd5d6140174cd3fbc5137b98e93dac214d4c3ab","sellTxId":"1036ac44b3ae669127b118371521b62221cd37db"}
{"index": {"_index":"sim","_id":"1300443"}}
	{"id":1300443,"type":"sell","buyer":"d-pend","seller":"willsaldeno","symbol":"SIM","quantity":"1960.100","price":"0.00134000","timestamp":1628017401,"volume":"2.62653400","buyTxId":"d4219f8836cb08281701ae0b07ad0448232ee567","sellTxId":"2a21cc8a1a0d2659f2db1d7a9a439aed51aed90d"}
{"index": {"_index":"sim","_id":"1300469"}}
	{"id":1300469,"type":"buy","buyer":"d-pend","seller":"nftmart.fees","symbol":"SIM","quantity":"81.000","price":"0.00146999","timestamp":1628017803,"volume":"0.11906919","buyTxId":"2d6e64d49f3138a644a163a69462ca2e613c09a5","sellTxId":"4bd51777e5ca28e966913176a0ab8b139773be8a-0"}
{"index": {"_index":"sim","_id":"1300470"}}
	{"id":1300470,"type":"buy","buyer":"d-pend","seller":"nastyforce","symbol":"SIM","quantity":"1000.000","price":"0.00147000","timestamp":1628017803,"volume":"1.47000000","buyTxId":"2d6e64d49f3138a644a163a69462ca2e613c09a5","sellTxId":"6de2f54a61d52cef249cf7bb679f76d63b1261e9"}
{"index": {"_index":"sim","_id":"1300471"}}
	{"id":1300471,"type":"buy","buyer":"d-pend","seller":"ironshield","symbol":"SIM","quantity":"173.000","price":"0.00148000","timestamp":1628017803,"volume":"0.25604000","buyTxId":"2d6e64d49f3138a644a163a69462ca2e613c09a5","sellTxId":"a2a95b8c93290dd5fa720c95178d12ca3694ab18"}
{"index": {"_index":"sim","_id":"1300472"}}
	{"id":1300472,"type":"buy","buyer":"d-pend","seller":"solovey6o2","symbol":"SIM","quantity":"2746.000","price":"0.00148959","timestamp":1628017803,"volume":"4.09041414","buyTxId":"2d6e64d49f3138a644a163a69462ca2e613c09a5","sellTxId":"abe83435f95e58b1d4b2a48cf42bb4e90bdcee63"}
{"index": {"_index":"sim","_id":"1300488"}}
	{"id":1300488,"type":"sell","buyer":"d-pend","seller":"taitux","symbol":"SIM","quantity":"2677.000","price":"0.00136000","timestamp":1628018166,"volume":"3.64072000","buyTxId":"bc89dcaeb228fa82b4a232694d85d6c508698b32","sellTxId":"604f1d34bb73745aa6537eceea340f4c9256b2df"}
{"index": {"_index":"sim","_id":"1300508"}}
	{"id":1300508,"type":"sell","buyer":"d-pend","seller":"trentonlundy1","symbol":"SIM","quantity":"0.142","price":"0.00136000","timestamp":1628018322,"volume":"0.00019312","buyTxId":"bc89dcaeb228fa82b4a232694d85d6c508698b32","sellTxId":"6486d497cdbcdc2e74c184d019055e8cee6ed4fe"}
{"index": {"_index":"sim","_id":"1300536"}}
	{"id":1300536,"type":"buy","buyer":"konvik","seller":"monsterjamgold","symbol":"SIM","quantity":"3005.000","price":"0.00145000","timestamp":1628018736,"volume":"4.35725000","buyTxId":"98352a1a343562da3f1fc8ee6495bd6e32e1a7b5-0","sellTxId":"dedecab6928850042de5b9652f0128e2b24eaf03"}
{"index": {"_index":"sim","_id":"1300568"}}
	{"id":1300568,"type":"sell","buyer":"d-pend","seller":"kobusu","symbol":"SIM","quantity":"2322.858","price":"0.00136000","timestamp":1628019315,"volume":"3.15908688","buyTxId":"bc89dcaeb228fa82b4a232694d85d6c508698b32","sellTxId":"62ec492f831244a2f313b2bdf44ca14825b086fa"}
{"index": {"_index":"sim","_id":"1300577"}}
	{"id":1300577,"type":"sell","buyer":"nastyforce","seller":"justinparke","symbol":"SIM","quantity":"1000.000","price":"0.00135000","timestamp":1628019414,"volume":"1.35000000","buyTxId":"8c18b00d005fa1130fcd5cbf61a5252b636ad799","sellTxId":"86c8ec6069024af07090912e75697f0242430fb0"}
{"index": {"_index":"sim","_id":"1300578"}}
	{"id":1300578,"type":"sell","buyer":"d-pend","seller":"justinparke","symbol":"SIM","quantity":"9694.600","price":"0.00134000","timestamp":1628019414,"volume":"12.99076400","buyTxId":"d4219f8836cb08281701ae0b07ad0448232ee567","sellTxId":"86c8ec6069024af07090912e75697f0242430fb0"}
{"index": {"_index":"sim","_id":"1300581"}}
	{"id":1300581,"type":"buy","buyer":"konvik","seller":"shaktidas2020","symbol":"SIM","quantity":"8445.000","price":"0.00142000","timestamp":1628019504,"volume":"11.99190000","buyTxId":"8f50dca464a3b80406b598caf0a11c56408df336-0","sellTxId":"e50a9949174790e779af4236d2642535464970ff"}
{"index": {"_index":"sim","_id":"1300586"}}
	{"id":1300586,"type":"buy","buyer":"konvik","seller":"shaktidas2020","symbol":"SIM","quantity":"100.000","price":"0.00144000","timestamp":1628019555,"volume":"0.14400000","buyTxId":"0d623d1672b4c7d5102f2a2bea003839220cca63-0","sellTxId":"ad62493cdf735bd4f13a1154654d72192b252607"}
{"index": {"_index":"sim","_id":"1300587"}}
	{"id":1300587,"type":"buy","buyer":"konvik","seller":"atomcollector","symbol":"SIM","quantity":"3961.040","price":"0.00145000","timestamp":1628019555,"volume":"5.74350800","buyTxId":"0d623d1672b4c7d5102f2a2bea003839220cca63-0","sellTxId":"7b45be2f8ac049770ea825e5a65959109281b106"}
{"index": {"_index":"sim","_id":"1300597"}}
	{"id":1300597,"type":"sell","buyer":"d-pend","seller":"steemstreems","symbol":"SIM","quantity":"2108.000","price":"0.00134000","timestamp":1628019732,"volume":"2.82472000","buyTxId":"d4219f8836cb08281701ae0b07ad0448232ee567","sellTxId":"535005680874f67903c55ad462293626b7a85ebc"}
{"index": {"_index":"sim","_id":"1300600"}}
	{"id":1300600,"type":"buy","buyer":"d-pend","seller":"atomcollector","symbol":"SIM","quantity":"99.960","price":"0.00145000","timestamp":1628019825,"volume":"0.14494200","buyTxId":"794c89a66410c69c8cf3e2b0900d2905822b6247","sellTxId":"7b45be2f8ac049770ea825e5a65959109281b106"}
{"index": {"_index":"sim","_id":"1300601"}}
	{"id":1300601,"type":"buy","buyer":"d-pend","seller":"nastyforce","symbol":"SIM","quantity":"1000.000","price":"0.00146000","timestamp":1628019825,"volume":"1.46000000","buyTxId":"794c89a66410c69c8cf3e2b0900d2905822b6247","sellTxId":"8c8c432423aed402fcc4c487a050cab4e4b9686f"}
{"index": {"_index":"sim","_id":"1300602"}}
	{"id":1300602,"type":"buy","buyer":"d-pend","seller":"nftmart.fees","symbol":"SIM","quantity":"83.000","price":"0.00146399","timestamp":1628019825,"volume":"0.12151117","buyTxId":"794c89a66410c69c8cf3e2b0900d2905822b6247","sellTxId":"059d3b931640ab180ccba9f274b5e63e9433b41c-0"}
{"index": {"_index":"sim","_id":"1300603"}}
	{"id":1300603,"type":"buy","buyer":"d-pend","seller":"mapac","symbol":"SIM","quantity":"1464.000","price":"0.00146400","timestamp":1628019825,"volume":"2.14329600","buyTxId":"794c89a66410c69c8cf3e2b0900d2905822b6247","sellTxId":"e62c8400707b5dfc44a45438586c5c8578889dcb"}
{"index": {"_index":"sim","_id":"1300604"}}
	{"id":1300604,"type":"buy","buyer":"d-pend","seller":"mapac","symbol":"SIM","quantity":"1556.000","price":"0.00147400","timestamp":1628019825,"volume":"2.29354400","buyTxId":"794c89a66410c69c8cf3e2b0900d2905822b6247","sellTxId":"bb3641d81c63f6e4f9f69d416d55bbe9680bfcb1"}
{"index": {"_index":"sim","_id":"1300605"}}
	{"id":1300605,"type":"buy","buyer":"d-pend","seller":"mapac","symbol":"SIM","quantity":"2244.000","price":"0.00148000","timestamp":1628019825,"volume":"3.32112000","buyTxId":"794c89a66410c69c8cf3e2b0900d2905822b6247","sellTxId":"519c08a8cc4ee3f65ed5c7b109dda107cae4829b"}
{"index": {"_index":"sim","_id":"1300606"}}
	{"id":1300606,"type":"buy","buyer":"d-pend","seller":"jelly-cz","symbol":"SIM","quantity":"3553.040","price":"0.00148939","timestamp":1628019825,"volume":"5.29186225","buyTxId":"794c89a66410c69c8cf3e2b0900d2905822b6247","sellTxId":"MM-P-9236501-56218056-3-34-0"}
{"index": {"_index":"sim","_id":"1300638"}}
	{"id":1300638,"type":"buy","buyer":"konvik","seller":"wizzitywillican","symbol":"SIM","quantity":"61010.771","price":"0.00140000","timestamp":1628020290,"volume":"85.41507940","buyTxId":"a1cc141be448247f292b148d6e30fb068309060a-0","sellTxId":"ef34e8613f55964d259a36eee20b55cb036673c8"}
{"index": {"_index":"sim","_id":"1300648"}}
	{"id":1300648,"type":"buy","buyer":"d-pend","seller":"solovey6o2","symbol":"SIM","quantity":"682555.270","price":"0.00148932","timestamp":1628020557,"volume":"1016.54321472","buyTxId":"616c14e5c944b03cf5417193b86ec3f4181257a8","sellTxId":"14c45c9db4bb201b34037a1a6383ede3459e1423"}
{"index": {"_index":"sim","_id":"1300649"}}
	{"id":1300649,"type":"buy","buyer":"d-pend","seller":"jelly-cz","symbol":"SIM","quantity":"92442.000","price":"0.00148933","timestamp":1628020557,"volume":"137.67664386","buyTxId":"616c14e5c944b03cf5417193b86ec3f4181257a8","sellTxId":"MM-P-9236700-56218256-3-34-0"}
{"index": {"_index":"sim","_id":"1300650"}}
	{"id":1300650,"type":"buy","buyer":"d-pend","seller":"nftmart.fees","symbol":"SIM","quantity":"72.000","price":"0.00148935","timestamp":1628020557,"volume":"0.10723320","buyTxId":"616c14e5c944b03cf5417193b86ec3f4181257a8","sellTxId":"400a591026ee22153cd5b8a3074c0205f482d4e4-0"}
{"index": {"_index":"sim","_id":"1300651"}}
	{"id":1300651,"type":"buy","buyer":"d-pend","seller":"dhedge-drips","symbol":"SIM","quantity":"0.004","price":"0.00148974","timestamp":1628020557,"volume":"0.00000596","buyTxId":"616c14e5c944b03cf5417193b86ec3f4181257a8","sellTxId":"40e44f7ff6baf6802f53ca10170132d133af2a48"}
{"index": {"_index":"sim","_id":"1300652"}}
	{"id":1300652,"type":"buy","buyer":"d-pend","seller":"gamsam","symbol":"SIM","quantity":"36429.000","price":"0.00148990","timestamp":1628020557,"volume":"54.27556710","buyTxId":"616c14e5c944b03cf5417193b86ec3f4181257a8","sellTxId":"92eeda658516f61799c131eaf74a49d6016e7541"}
{"index": {"_index":"sim","_id":"1300653"}}
	{"id":1300653,"type":"sell","buyer":"d-pend","seller":"konvik","symbol":"SIM","quantity":"188315.094","price":"0.00150000","timestamp":1628020560,"volume":"282.47264100","buyTxId":"616c14e5c944b03cf5417193b86ec3f4181257a8","sellTxId":"3a12fc8f302397503162180f3f6b3f89f9ddbc46-1"}
{"index": {"_index":"sim","_id":"1300664"}}
	{"id":1300664,"type":"sell","buyer":"solovey6o2","seller":"konvik","symbol":"SIM","quantity":"48716.031","price":"0.00150001","timestamp":1628020596,"volume":"73.07453366","buyTxId":"ca04eac0e4d75115458f13fbab2a1ca78883e787","sellTxId":"8b3f61bb32b759d9fee2562f48a08f3a89b695d6-1"}
{"index": {"_index":"sim","_id":"1300667"}}
	{"id":1300667,"type":"sell","buyer":"d-pend","seller":"dera123","symbol":"SIM","quantity":"186.632","price":"0.00150000","timestamp":1628020650,"volume":"0.27994800","buyTxId":"616c14e5c944b03cf5417193b86ec3f4181257a8","sellTxId":"6b8031eddf27a571c466b58e5c0f6454d09bddad"}
{"index": {"_index":"sim","_id":"1300670"}}
	{"id":1300670,"type":"sell","buyer":"solovey6o2","seller":"florian-glechner","symbol":"SIM","quantity":"27.000","price":"0.00140001","timestamp":1628020686,"volume":"0.03780027","buyTxId":"2b330d38c0cbb6cbda73846838baaa583d5f07a1","sellTxId":"e2c77a1e39bffab0e30624af3fa6bf207d67289e"}
{"index": {"_index":"sim","_id":"1300677"}}
	{"id":1300677,"type":"buy","buyer":"d-pend","seller":"solovey6o2","symbol":"SIM","quantity":"48743.031","price":"0.00149997","timestamp":1628020821,"volume":"73.11308421","buyTxId":"3fbc280d682e9d874515d05408183b2f3f9e6dbc","sellTxId":"ca99c384aeb5b1cc924b4bac7b0a03bf7846bf21"}
{"index": {"_index":"sim","_id":"1300678"}}
	{"id":1300678,"type":"buy","buyer":"d-pend","seller":"jelly-cz","symbol":"SIM","quantity":"92442.000","price":"0.00149998","timestamp":1628020821,"volume":"138.66115116","buyTxId":"3fbc280d682e9d874515d05408183b2f3f9e6dbc","sellTxId":"MM-P-9236794-56218356-3-34-0"}
{"index": {"_index":"sim","_id":"1300679"}}
	{"id":1300679,"type":"buy","buyer":"d-pend","seller":"dera123","symbol":"SIM","quantity":"8814.969","price":"0.00150000","timestamp":1628020821,"volume":"13.22245350","buyTxId":"3fbc280d682e9d874515d05408183b2f3f9e6dbc","sellTxId":"6b8031eddf27a571c466b58e5c0f6454d09bddad"}
{"index": {"_index":"sim","_id":"1300681"}}
	{"id":1300681,"type":"buy","buyer":"d-pend","seller":"dera123","symbol":"SIM","quantity":"21707.487","price":"0.00150000","timestamp":1628020917,"volume":"32.56123050","buyTxId":"573e4df7a2a2eed64cda5ab89f74f24ecf7a7911","sellTxId":"6b8031eddf27a571c466b58e5c0f6454d09bddad"}
{"index": {"_index":"sim","_id":"1300682"}}
	{"id":1300682,"type":"sell","buyer":"d-pend","seller":"konvik","symbol":"SIM","quantity":"28264.502","price":"0.00151000","timestamp":1628020920,"volume":"42.67939802","buyTxId":"573e4df7a2a2eed64cda5ab89f74f24ecf7a7911","sellTxId":"394a019b4ef19891e7eb6b23b11a84016f7fdd7d-1"}
{"index": {"_index":"sim","_id":"1300687"}}
	{"id":1300687,"type":"sell","buyer":"d-pend","seller":"jeanlucsr","symbol":"SIM","quantity":"28.011","price":"0.00151000","timestamp":1628020965,"volume":"0.04229661","buyTxId":"573e4df7a2a2eed64cda5ab89f74f24ecf7a7911","sellTxId":"2c2534183b8cdbaa2736e75a58205d1cd974924f"}
{"index": {"_index":"sim","_id":"1300698"}}
	{"id":1300698,"type":"buy","buyer":"d-pend","seller":"jeanlucsr","symbol":"SIM","quantity":"4971.989","price":"0.00150000","timestamp":1628021052,"volume":"7.45798350","buyTxId":"6d6b9252d2b2b455b80a4deda0fd575a41e3c049","sellTxId":"2c2534183b8cdbaa2736e75a58205d1cd974924f"}
{"index": {"_index":"sim","_id":"1300699"}}
	{"id":1300699,"type":"buy","buyer":"d-pend","seller":"mapac","symbol":"SIM","quantity":"888.000","price":"0.00154800","timestamp":1628021052,"volume":"1.37462400","buyTxId":"6d6b9252d2b2b455b80a4deda0fd575a41e3c049","sellTxId":"8695f2e9ff9b913cc0ff370fb11bda4fc201bca8"}
{"index": {"_index":"sim","_id":"1300700"}}
	{"id":1300700,"type":"buy","buyer":"d-pend","seller":"accelerator","symbol":"SIM","quantity":"567.000","price":"0.00156000","timestamp":1628021052,"volume":"0.88452000","buyTxId":"6d6b9252d2b2b455b80a4deda0fd575a41e3c049","sellTxId":"be835c8024b07a7d0d2b4ce8625e2483be51415d"}
{"index": {"_index":"sim","_id":"1300701"}}
	{"id":1300701,"type":"buy","buyer":"d-pend","seller":"onecent","symbol":"SIM","quantity":"999.000","price":"0.00156470","timestamp":1628021052,"volume":"1.56313530","buyTxId":"6d6b9252d2b2b455b80a4deda0fd575a41e3c049","sellTxId":"ab1701b99733a7cba06a81c098c4b38ca86b5f6a"}
{"index": {"_index":"sim","_id":"1300702"}}
	{"id":1300702,"type":"buy","buyer":"d-pend","seller":"dhedge-drips","symbol":"SIM","quantity":"0.001","price":"0.00156999","timestamp":1628021052,"volume":"0.00000157","buyTxId":"6d6b9252d2b2b455b80a4deda0fd575a41e3c049","sellTxId":"8dd898658b9e998c0b896205606b1512fd41668a"}
{"index": {"_index":"sim","_id":"1300703"}}
	{"id":1300703,"type":"buy","buyer":"d-pend","seller":"yaluna","symbol":"SIM","quantity":"834.620","price":"0.00157000","timestamp":1628021052,"volume":"1.31035340","buyTxId":"6d6b9252d2b2b455b80a4deda0fd575a41e3c049","sellTxId":"1c21c6b49c6f34eb3264caa0d899b0afa3bcd206"}
{"index": {"_index":"sim","_id":"1300704"}}
	{"id":1300704,"type":"buy","buyer":"d-pend","seller":"onecent","symbol":"SIM","quantity":"888.000","price":"0.00157000","timestamp":1628021052,"volume":"1.39416000","buyTxId":"6d6b9252d2b2b455b80a4deda0fd575a41e3c049","sellTxId":"40eaeee4fd8ab41b68d68c6d6eefa8873a3200b2"}
{"index": {"_index":"sim","_id":"1300705"}}
	{"id":1300705,"type":"buy","buyer":"d-pend","seller":"hossain525","symbol":"SIM","quantity":"6000.000","price":"0.00157500","timestamp":1628021052,"volume":"9.45000000","buyTxId":"6d6b9252d2b2b455b80a4deda0fd575a41e3c049","sellTxId":"41223bf9af5e069e3267582317e1938ee94f5599"}
{"index": {"_index":"sim","_id":"1300706"}}
	{"id":1300706,"type":"buy","buyer":"d-pend","seller":"dhedge-drips","symbol":"SIM","quantity":"6.435","price":"0.00157942","timestamp":1628021052,"volume":"0.01016357","buyTxId":"6d6b9252d2b2b455b80a4deda0fd575a41e3c049","sellTxId":"1b55e87e2281b5fed5eff4b2dedfa23b91257585"}
{"index": {"_index":"sim","_id":"1300707"}}
	{"id":1300707,"type":"buy","buyer":"d-pend","seller":"jelly-cz","symbol":"SIM","quantity":"4844.955","price":"0.00157998","timestamp":1628021052,"volume":"7.65493200","buyTxId":"6d6b9252d2b2b455b80a4deda0fd575a41e3c049","sellTxId":"MM-P-9236891-56218455-3-34-0"}
{"index": {"_index":"sim","_id":"1300770"}}
	{"id":1300770,"type":"buy","buyer":"petlore","seller":"jelly-cz","symbol":"SIM","quantity":"10000.000","price":"0.00155998","timestamp":1628022372,"volume":"15.59980000","buyTxId":"8a83e0d4fe0f856890411462ad4c770db0778394","sellTxId":"MM-P-9237289-56218853-3-34-0"}
{"index": {"_index":"sim","_id":"1300790"}}
	{"id":1300790,"type":"sell","buyer":"solovey6o2","seller":"videobooster","symbol":"SIM","quantity":"80000.000","price":"0.00149001","timestamp":1628022963,"volume":"119.20080000","buyTxId":"7ea267541a54db6483e5b98d09175d97c591b563","sellTxId":"f6e6a7e69f0b98e1633ba44ef4f8089974b25fc5"}
{"index": {"_index":"sim","_id":"1300794"}}
	{"id":1300794,"type":"sell","buyer":"solovey6o2","seller":"fantasycrypto","symbol":"SIM","quantity":"27224.000","price":"0.00149001","timestamp":1628023056,"volume":"40.56403224","buyTxId":"7ea267541a54db6483e5b98d09175d97c591b563","sellTxId":"2bbc751f760412766506713543d2e0a893b887c2"}
{"index": {"_index":"sim","_id":"1300825"}}
	{"id":1300825,"type":"sell","buyer":"nastyforce","seller":"deathwing","symbol":"SIM","quantity":"923","price":"0.00150000","timestamp":1628024106,"volume":"1.38450000","buyTxId":"52b67749c8d24f73a3403bbfae9999ef37c0e96d","sellTxId":"fbbf9fc462b5de49ec3081f07c92006b2dca3768-0"}
{"index": {"_index":"sim","_id":"1300843"}}
	{"id":1300843,"type":"sell","buyer":"nastyforce","seller":"shaktidas2020","symbol":"SIM","quantity":"77.000","price":"0.00150000","timestamp":1628024601,"volume":"0.11550000","buyTxId":"52b67749c8d24f73a3403bbfae9999ef37c0e96d","sellTxId":"24a861afb0df7a40ec2a374df55ce717f8ae933f"}
{"index": {"_index":"sim","_id":"1300849"}}
	{"id":1300849,"type":"sell","buyer":"d-pend","seller":"shaktidas2020","symbol":"SIM","quantity":"9000.000","price":"0.00149000","timestamp":1628024679,"volume":"13.41000000","buyTxId":"a421ab27075bbc59aaecd46149844e96535651ac","sellTxId":"df321ff82415270302d4751f9b62f763d53b3b07"}
{"index": {"_index":"sim","_id":"1300850"}}
	{"id":1300850,"type":"sell","buyer":"d-pend","seller":"shaktidas2020","symbol":"SIM","quantity":"4888.000","price":"0.00148000","timestamp":1628024679,"volume":"7.23424000","buyTxId":"8d3cad810378c4ad3eea073bfedd3d4147f46170","sellTxId":"df321ff82415270302d4751f9b62f763d53b3b07"}
{"index": {"_index":"sim","_id":"1300901"}}
	{"id":1300901,"type":"sell","buyer":"d-pend","seller":"captaincryptic","symbol":"SIM","quantity":"1750.122","price":"0.00148000","timestamp":1628025411,"volume":"2.59018056","buyTxId":"8d3cad810378c4ad3eea073bfedd3d4147f46170","sellTxId":"78d37a1497ec4b4c87cc1fb839da6beb9fa3d3cc"}
{"index": {"_index":"sim","_id":"1300942"}}
	{"id":1300942,"type":"sell","buyer":"d-pend","seller":"thelogicaldude","symbol":"SIM","quantity":"2580.65","price":"0.00148000","timestamp":1628026164,"volume":"3.81936200","buyTxId":"8d3cad810378c4ad3eea073bfedd3d4147f46170","sellTxId":"0ba6c6b4e94d7afdcc31ba81a65cdcd9fabe55d4"}
{"index": {"_index":"sim","_id":"1300977"}}
	{"id":1300977,"type":"sell","buyer":"solovey6o2","seller":"nolyoi","symbol":"SIM","quantity":"22792.4","price":"0.00148001","timestamp":1628026602,"volume":"33.73297992","buyTxId":"933fd6d8a7458056ff1656e3bd0470d31d6898df","sellTxId":"44ebf72bb0e157559b0a1bce7622eb8213e4b68a"}
{"index": {"_index":"sim","_id":"1301008"}}
	{"id":1301008,"type":"sell","buyer":"solovey6o2","seller":"daigorokoike","symbol":"SIM","quantity":"750.000","price":"0.00148001","timestamp":1628026773,"volume":"1.11000750","buyTxId":"933fd6d8a7458056ff1656e3bd0470d31d6898df","sellTxId":"ce42aec5dfc5e117bd27e04d3337cbcc261e28a4"}
{"index": {"_index":"sim","_id":"1301012"}}
	{"id":1301012,"type":"sell","buyer":"solovey6o2","seller":"elricmoonslayer","symbol":"SIM","quantity":"458.002","price":"0.00148001","timestamp":1628026920,"volume":"0.67784754","buyTxId":"933fd6d8a7458056ff1656e3bd0470d31d6898df","sellTxId":"9edafc57297e12fb75f70d648dfa58b1c14fef9d"}
{"index": {"_index":"sim","_id":"1301013"}}
	{"id":1301013,"type":"sell","buyer":"solovey6o2","seller":"daigorokoike","symbol":"SIM","quantity":"550.000","price":"0.00148001","timestamp":1628026932,"volume":"0.81400550","buyTxId":"933fd6d8a7458056ff1656e3bd0470d31d6898df","sellTxId":"55542069fb3bc58871444e737ec48710760a5d05"}
{"index": {"_index":"sim","_id":"1301018"}}
	{"id":1301018,"type":"sell","buyer":"solovey6o2","seller":"sharker","symbol":"SIM","quantity":"539.960","price":"0.00148001","timestamp":1628026971,"volume":"0.79914620","buyTxId":"933fd6d8a7458056ff1656e3bd0470d31d6898df","sellTxId":"3284787a451f2c11e93d6d845227d11c29313407"}
{"index": {"_index":"sim","_id":"1301023"}}
	{"id":1301023,"type":"sell","buyer":"d-pend","seller":"daigorokoike","symbol":"SIM","quantity":"6300.000","price":"0.00149000","timestamp":1628027313,"volume":"9.38700000","buyTxId":"730012bb02fa0cd63e8cd287d3d3647c2a03bc44","sellTxId":"67fbafa7fd1d34875b32b9f168f930ec33ce62a3"}
{"index": {"_index":"sim","_id":"1301024"}}
	{"id":1301024,"type":"sell","buyer":"d-pend","seller":"mapac","symbol":"SIM","quantity":"2345.000","price":"0.00149000","timestamp":1628027337,"volume":"3.49405000","buyTxId":"730012bb02fa0cd63e8cd287d3d3647c2a03bc44","sellTxId":"19a06823eefdf87ceb8a2e1600f7001247bd548f"}
{"index": {"_index":"sim","_id":"1301028"}}
	{"id":1301028,"type":"buy","buyer":"lrekt01","seller":"nftmart.fees","symbol":"SIM","quantity":"63.000","price":"0.00150987","timestamp":1628027355,"volume":"0.09512181","buyTxId":"bea4ce2da252bdacc52cae13ee7a60e8fa65a605","sellTxId":"33be534b346f66fc67e415625ed65a4e7a52dabd-0"}
{"index": {"_index":"sim","_id":"1301029"}}
	{"id":1301029,"type":"buy","buyer":"lrekt01","seller":"jelly-cz","symbol":"SIM","quantity":"9242.000","price":"0.00150988","timestamp":1628027355,"volume":"13.95431096","buyTxId":"bea4ce2da252bdacc52cae13ee7a60e8fa65a605","sellTxId":"MM-P-9238684-56220248-3-34-0"}
{"index": {"_index":"sim","_id":"1301032"}}
	{"id":1301032,"type":"buy","buyer":"lrekt01","seller":"mary.janikowski","symbol":"SIM","quantity":"630.000","price":"0.00151000","timestamp":1628027415,"volume":"0.95130000","buyTxId":"babb87a0b6a43e01e7af11cdbaab31cc4188173a","sellTxId":"32123c5d0422dbd9c3fab9f5938021fa917a3877"}
{"index": {"_index":"sim","_id":"1301034"}}
	{"id":1301034,"type":"sell","buyer":"d-pend","seller":"onecent","symbol":"SIM","quantity":"2255.000","price":"0.00149000","timestamp":1628027463,"volume":"3.35995000","buyTxId":"730012bb02fa0cd63e8cd287d3d3647c2a03bc44","sellTxId":"a3e61c37e94339c92407c9bd3294a7d957dafee3"}
{"index": {"_index":"sim","_id":"1301050"}}
	{"id":1301050,"type":"sell","buyer":"d-pend","seller":"fratellodes","symbol":"SIM","quantity":"650.000","price":"0.00149000","timestamp":1628027679,"volume":"0.96850000","buyTxId":"730012bb02fa0cd63e8cd287d3d3647c2a03bc44","sellTxId":"7a262e89cfe31ed30e5c430d0d1a5bf904719c92"}
{"index": {"_index":"sim","_id":"1301063"}}
	{"id":1301063,"type":"sell","buyer":"d-pend","seller":"nolyoi","symbol":"SIM","quantity":"2661.9","price":"0.00150000","timestamp":1628028003,"volume":"3.99285000","buyTxId":"6942c491fc7fd04534686cdc79b6581bfec7d5fc","sellTxId":"21920cd2e932c21099cac6b3256a585f1146b9b7"}
{"index": {"_index":"sim","_id":"1301147"}}
	{"id":1301147,"type":"sell","buyer":"d-pend","seller":"themightyvolcano","symbol":"SIM","quantity":"12338.100","price":"0.00150000","timestamp":1628029593,"volume":"18.50715000","buyTxId":"6942c491fc7fd04534686cdc79b6581bfec7d5fc","sellTxId":"12657adc3e979e255f7d9f3b9121bb18a65c6b52"}
{"index": {"_index":"sim","_id":"1301148"}}
	{"id":1301148,"type":"sell","buyer":"d-pend","seller":"themightyvolcano","symbol":"SIM","quantity":"8450.000","price":"0.00149000","timestamp":1628029593,"volume":"12.59050000","buyTxId":"730012bb02fa0cd63e8cd287d3d3647c2a03bc44","sellTxId":"12657adc3e979e255f7d9f3b9121bb18a65c6b52"}
{"index": {"_index":"sim","_id":"1301149"}}
	{"id":1301149,"type":"sell","buyer":"solovey6o2","seller":"themightyvolcano","symbol":"SIM","quantity":"53279.900","price":"0.00148001","timestamp":1628029593,"volume":"78.85478480","buyTxId":"933fd6d8a7458056ff1656e3bd0470d31d6898df","sellTxId":"12657adc3e979e255f7d9f3b9121bb18a65c6b52"}
{"index": {"_index":"sim","_id":"1301152"}}
	{"id":1301152,"type":"sell","buyer":"solovey6o2","seller":"steem.services","symbol":"SIM","quantity":"179248.000","price":"0.00148001","timestamp":1628029638,"volume":"265.28883248","buyTxId":"933fd6d8a7458056ff1656e3bd0470d31d6898df","sellTxId":"500decd7570207d8911a1e60784aab2e7f2878ec"}
{"index": {"_index":"sim","_id":"1301204"}}
	{"id":1301204,"type":"buy","buyer":"d-pend","seller":"nftmart.fees","symbol":"SIM","quantity":"55.000","price":"0.00150997","timestamp":1628030466,"volume":"0.08304835","buyTxId":"7a8b8e9fd8a54cff14dab0b3fc2b0f9ef0468178","sellTxId":"614101abc062d3426d9b02269c6e915f157759c0-0"}
{"index": {"_index":"sim","_id":"1301205"}}
	{"id":1301205,"type":"buy","buyer":"d-pend","seller":"jelly-cz","symbol":"SIM","quantity":"9242.000","price":"0.00150998","timestamp":1628030466,"volume":"13.95523516","buyTxId":"7a8b8e9fd8a54cff14dab0b3fc2b0f9ef0468178","sellTxId":"MM-P-9239083-56220648-3-34-0"}
{"index": {"_index":"sim","_id":"1301206"}}
	{"id":1301206,"type":"buy","buyer":"d-pend","seller":"mary.janikowski","symbol":"SIM","quantity":"16829.000","price":"0.00151000","timestamp":1628030466,"volume":"25.41179000","buyTxId":"7a8b8e9fd8a54cff14dab0b3fc2b0f9ef0468178","sellTxId":"32123c5d0422dbd9c3fab9f5938021fa917a3877"}
{"index": {"_index":"sim","_id":"1301207"}}
	{"id":1301207,"type":"buy","buyer":"d-pend","seller":"onecent","symbol":"SIM","quantity":"1555.000","price":"0.00151000","timestamp":1628030466,"volume":"2.34805000","buyTxId":"7a8b8e9fd8a54cff14dab0b3fc2b0f9ef0468178","sellTxId":"93a9c1cead72e5670ab920c40546166b161c206a"}
{"index": {"_index":"sim","_id":"1301208"}}
	{"id":1301208,"type":"buy","buyer":"d-pend","seller":"nastyforce","symbol":"SIM","quantity":"1000.000","price":"0.00152000","timestamp":1628030466,"volume":"1.52000000","buyTxId":"7a8b8e9fd8a54cff14dab0b3fc2b0f9ef0468178","sellTxId":"4f0df8ee9bc51a02aa915e5cbf884ee4d32f8b1c"}
{"index": {"_index":"sim","_id":"1301209"}}
	{"id":1301209,"type":"buy","buyer":"d-pend","seller":"onecent","symbol":"SIM","quantity":"1319.000","price":"0.00155800","timestamp":1628030466,"volume":"2.05500200","buyTxId":"7a8b8e9fd8a54cff14dab0b3fc2b0f9ef0468178","sellTxId":"f0feda11846f7d567e39e24c8043575670e7041c"}
{"index": {"_index":"sim","_id":"1301309"}}
	{"id":1301309,"type":"sell","buyer":"nastyforce","seller":"barrenwolfsbane","symbol":"SIM","quantity":"353.000","price":"0.00150000","timestamp":1628032026,"volume":"0.52950000","buyTxId":"8bc951376529f7aebe799591b83095207d81aef4","sellTxId":"31de85b4bcaaacfdfbf73cf587ddd328460cbdea"}
{"index": {"_index":"sim","_id":"1301491"}}
	{"id":1301491,"type":"sell","buyer":"solovey6o2","seller":"justinparke","symbol":"SIM","quantity":"20.506","price":"0.00150001","timestamp":1628036082,"volume":"0.03075921","buyTxId":"c461afd714510295a7588c6107295d6c9921e507","sellTxId":"ebc6078e270e765502af65ec5cb7f7be2852ea42"}
{"index": {"_index":"sim","_id":"1301597"}}
	{"id":1301597,"type":"sell","buyer":"solovey6o2","seller":"fantasycrypto","symbol":"SIM","quantity":"283.100","price":"0.00150001","timestamp":1628037813,"volume":"0.42465283","buyTxId":"c461afd714510295a7588c6107295d6c9921e507","sellTxId":"014bacb92934e78e489fb65c9d8a47f628300c6c"}
{"index": {"_index":"sim","_id":"1301603"}}
	{"id":1301603,"type":"sell","buyer":"solovey6o2","seller":"votebetting","symbol":"SIM","quantity":"57.605","price":"0.00150001","timestamp":1628037882,"volume":"0.08640808","buyTxId":"c461afd714510295a7588c6107295d6c9921e507","sellTxId":"9b5daa47bc81ad6b419ccc7a680cca5301091efb"}
{"index": {"_index":"sim","_id":"1301604"}}
	{"id":1301604,"type":"sell","buyer":"solovey6o2","seller":"dhedge-drips","symbol":"SIM","quantity":"3.092","price":"0.00150001","timestamp":1628037924,"volume":"0.00463803","buyTxId":"c461afd714510295a7588c6107295d6c9921e507","sellTxId":"ff20b05dd489bf9e67f6e6b009754a8af45d7922"}
{"index": {"_index":"sim","_id":"1301654"}}
	{"id":1301654,"type":"sell","buyer":"solovey6o2","seller":"danewilliams","symbol":"SIM","quantity":"246.000","price":"0.00150001","timestamp":1628038773,"volume":"0.36900246","buyTxId":"c461afd714510295a7588c6107295d6c9921e507","sellTxId":"bfc9358a389cc431e216b6f0ea369750893fb00c"}
{"index": {"_index":"sim","_id":"1301677"}}
	{"id":1301677,"type":"sell","buyer":"solovey6o2","seller":"thebeardflex","symbol":"SIM","quantity":"241.391","price":"0.00150001","timestamp":1628039283,"volume":"0.36208891","buyTxId":"c461afd714510295a7588c6107295d6c9921e507","sellTxId":"df83c7a209c0c415deb73c7be56d4f70834c46d7"}
{"index": {"_index":"sim","_id":"1301782"}}
	{"id":1301782,"type":"buy","buyer":"soteyapanbot","seller":"nftmart.fees","symbol":"SIM","quantity":"48.000","price":"0.00153998","timestamp":1628041797,"volume":"0.07391904","buyTxId":"e3ed062e3cd469f154c49583db11666a3d0a2399","sellTxId":"416f820131f3c2efabdd0320b3562168f1857258-0"}
{"index": {"_index":"sim","_id":"1301783"}}
	{"id":1301783,"type":"sell","buyer":"soteyapanbot","seller":"konvik","symbol":"SIM","quantity":"2759.265","price":"0.00153998","timestamp":1628041800,"volume":"4.24921291","buyTxId":"e3ed062e3cd469f154c49583db11666a3d0a2399","sellTxId":"0ac8c18ea5c84e67fb179de51fa737ce44636593-1"}
{"index": {"_index":"sim","_id":"1301800"}}
	{"id":1301800,"type":"sell","buyer":"soteyapanbot","seller":"trumpman","symbol":"SIM","quantity":"2.735","price":"0.00153998","timestamp":1628042250,"volume":"0.00421185","buyTxId":"e3ed062e3cd469f154c49583db11666a3d0a2399","sellTxId":"f0dc9eebf7ce8b761438fd66741dd1539b6a1840"}
{"index": {"_index":"sim","_id":"1301812"}}
	{"id":1301812,"type":"sell","buyer":"solovey6o2","seller":"darmst5339","symbol":"SIM","quantity":"6.046","price":"0.00150001","timestamp":1628042514,"volume":"0.00906906","buyTxId":"c461afd714510295a7588c6107295d6c9921e507","sellTxId":"cbdab3b3fb3a5516a334c6cc66038a89ee9feac2"}
{"index": {"_index":"sim","_id":"1301832"}}
	{"id":1301832,"type":"sell","buyer":"solovey6o2","seller":"thesimguru","symbol":"SIM","quantity":"2279.400","price":"0.00150001","timestamp":1628043294,"volume":"3.41912279","buyTxId":"c461afd714510295a7588c6107295d6c9921e507","sellTxId":"db94fa255102fa95aad6c02901f4cc11099c18cb"}
{"index": {"_index":"sim","_id":"1301836"}}
	{"id":1301836,"type":"sell","buyer":"solovey6o2","seller":"jywahaha","symbol":"SIM","quantity":"47726.000","price":"0.00150001","timestamp":1628043438,"volume":"71.58947726","buyTxId":"c461afd714510295a7588c6107295d6c9921e507","sellTxId":"bf07458b510d320e1d4a81635a9da7a8e9901764"}
{"index": {"_index":"sim","_id":"1301841"}}
	{"id":1301841,"type":"sell","buyer":"solovey6o2","seller":"hive.miner","symbol":"SIM","quantity":"97.992","price":"0.00150001","timestamp":1628043540,"volume":"0.14698898","buyTxId":"c461afd714510295a7588c6107295d6c9921e507","sellTxId":"2c2b8e458b0943530e11923d60c2ac226653b809"}
{"index": {"_index":"sim","_id":"1301864"}}
	{"id":1301864,"type":"buy","buyer":"libert","seller":"nftmart.fees","symbol":"SIM","quantity":"42.000","price":"0.00153997","timestamp":1628043852,"volume":"0.06467874","buyTxId":"5ca3f8332b91f6bd86d67215a0349c9f01ca1172","sellTxId":"ae769813e12d68852f3bb347ac06641417f07370-0"}
{"index": {"_index":"sim","_id":"1301865"}}
	{"id":1301865,"type":"buy","buyer":"libert","seller":"trumpman","symbol":"SIM","quantity":"2775.462","price":"0.00153998","timestamp":1628043852,"volume":"4.27415597","buyTxId":"5ca3f8332b91f6bd86d67215a0349c9f01ca1172","sellTxId":"f0dc9eebf7ce8b761438fd66741dd1539b6a1840"}
{"index": {"_index":"sim","_id":"1301866"}}
	{"id":1301866,"type":"buy","buyer":"libert","seller":"dhedge-drips","symbol":"SIM","quantity":"3.092","price":"0.00153999","timestamp":1628043852,"volume":"0.00476165","buyTxId":"5ca3f8332b91f6bd86d67215a0349c9f01ca1172","sellTxId":"666710b028ab5b6f417deefdd3862789b77b7c74"}
{"index": {"_index":"sim","_id":"1301867"}}
	{"id":1301867,"type":"buy","buyer":"libert","seller":"nolyoi","symbol":"SIM","quantity":"1225.550","price":"0.00154000","timestamp":1628043852,"volume":"1.88734700","buyTxId":"5ca3f8332b91f6bd86d67215a0349c9f01ca1172","sellTxId":"ed1dc78c09892325601344f9bc6eceff3dfd5ecd"}
{"index": {"_index":"sim","_id":"1301868"}}
	{"id":1301868,"type":"buy","buyer":"libert","seller":"nastyforce","symbol":"SIM","quantity":"250.000","price":"0.00155000","timestamp":1628043852,"volume":"0.38750000","buyTxId":"5ca3f8332b91f6bd86d67215a0349c9f01ca1172","sellTxId":"4a0ed1810d4e6a82d803cf573b8ff728f5b0801c"}
{"index": {"_index":"sim","_id":"1301869"}}
	{"id":1301869,"type":"buy","buyer":"libert","seller":"nolyoi","symbol":"SIM","quantity":"1272.000","price":"0.00155000","timestamp":1628043852,"volume":"1.97160000","buyTxId":"5ca3f8332b91f6bd86d67215a0349c9f01ca1172","sellTxId":"49f5d3470eb01a397fa0b64a6be3e5c068139196"}
{"index": {"_index":"sim","_id":"1301870"}}
	{"id":1301870,"type":"buy","buyer":"libert","seller":"onecent","symbol":"SIM","quantity":"1236.000","price":"0.00155800","timestamp":1628043852,"volume":"1.92568800","buyTxId":"5ca3f8332b91f6bd86d67215a0349c9f01ca1172","sellTxId":"f0feda11846f7d567e39e24c8043575670e7041c"}
{"index": {"_index":"sim","_id":"1301871"}}
	{"id":1301871,"type":"buy","buyer":"libert","seller":"solovey6o2","symbol":"SIM","quantity":"1570.568","price":"0.00156903","timestamp":1628043852,"volume":"2.46426864","buyTxId":"5ca3f8332b91f6bd86d67215a0349c9f01ca1172","sellTxId":"0fa4e36ab6d0c15ad01fd85ac7de5097627aef36"}
{"index": {"_index":"sim","_id":"1301874"}}
	{"id":1301874,"type":"sell","buyer":"solovey6o2","seller":"ericburgoyne","symbol":"SIM","quantity":"111.858","price":"0.00150001","timestamp":1628043921,"volume":"0.16778812","buyTxId":"c461afd714510295a7588c6107295d6c9921e507","sellTxId":"42ac246b1920e7bed56a17e108476851b350d653"}
{"index": {"_index":"sim","_id":"1301902"}}
	{"id":1301902,"type":"sell","buyer":"solovey6o2","seller":"hiveupme","symbol":"SIM","quantity":"50.000","price":"0.00150001","timestamp":1628044668,"volume":"0.07500050","buyTxId":"c461afd714510295a7588c6107295d6c9921e507","sellTxId":"abab9aa074542b0afd84c1c9395d11f76aba9825"}
{"index": {"_index":"sim","_id":"1301919"}}
	{"id":1301919,"type":"sell","buyer":"solovey6o2","seller":"asimo","symbol":"SIM","quantity":"87.846","price":"0.00150001","timestamp":1628044911,"volume":"0.13176988","buyTxId":"c461afd714510295a7588c6107295d6c9921e507","sellTxId":"b8b71b801af5a964b99ee429ee365d5f51dd95ca"}
{"index": {"_index":"sim","_id":"1301937"}}
	{"id":1301937,"type":"sell","buyer":"nastyforce","seller":"juanvegetarian","symbol":"SIM","quantity":"250.000","price":"0.00151000","timestamp":1628045331,"volume":"0.37750000","buyTxId":"97968ce09c61d6b43f3e4640f8662a0aa39e3700","sellTxId":"5b20e610ca1163b116da25b158c503efc60c052f"}
{"index": {"_index":"sim","_id":"1301938"}}
	{"id":1301938,"type":"sell","buyer":"solovey6o2","seller":"juanvegetarian","symbol":"SIM","quantity":"950.000","price":"0.00150001","timestamp":1628045331,"volume":"1.42500950","buyTxId":"c461afd714510295a7588c6107295d6c9921e507","sellTxId":"5b20e610ca1163b116da25b158c503efc60c052f"}
