{"index": {"_index":"sim","_id":"1212819"}}
	{"id":1212819,"type":"buy","buyer":"toni.curation","seller":"nftmart.fees","symbol":"SIM","quantity":"177.999","price":"0.00105999","timestamp":1626058557,"volume":"0.18867716","buyTxId":"985aca1eb5419f851fedfbe3cdc04b916b4cce06-0","sellTxId":"6d27e01f8111ef8e3538391cb2e5b6d6e249bb4b-0"}
{"index": {"_index":"sim","_id":"1212834"}}
	{"id":1212834,"type":"sell","buyer":"freebornsociety","seller":"theguruasia","symbol":"SIM","quantity":"1511.632","price":"0.00105124","timestamp":1626059301,"volume":"1.58908802","buyTxId":"MM-P-8586495-55566323-3-4-0","sellTxId":"64ff4de8403708e9bcd05a3502676aa95dc8a879"}
{"index": {"_index":"sim","_id":"1212844"}}
	{"id":1212844,"type":"sell","buyer":"freebornsociety","seller":"daveks","symbol":"SIM","quantity":"5688.000","price":"0.00105124","timestamp":1626059664,"volume":"5.97945312","buyTxId":"MM-P-8586495-55566323-3-4-0","sellTxId":"40616da39cc118fed80ef63f3ab4d79c89e8af96"}
{"index": {"_index":"sim","_id":"1212853"}}
	{"id":1212853,"type":"buy","buyer":"toni.curation","seller":"nftmart.fees","symbol":"SIM","quantity":"154.999","price":"0.00105999","timestamp":1626059757,"volume":"0.16429739","buyTxId":"6876c0eceb86e20d68a1c7639437231255a3065a-0","sellTxId":"fa8dc388908f6a3eff7ed06b54cc2c6e6219b2d2-0"}
{"index": {"_index":"sim","_id":"1212859"}}
	{"id":1212859,"type":"sell","buyer":"freebornsociety","seller":"theguruasia","symbol":"SIM","quantity":"51.631","price":"0.00105124","timestamp":1626060369,"volume":"0.05427657","buyTxId":"MM-P-8586495-55566323-3-4-0","sellTxId":"4e3eab96a5fcdadda5f143e04ecdeddabd764e5d"}
{"index": {"_index":"sim","_id":"1212871"}}
	{"id":1212871,"type":"buy","buyer":"toni.curation","seller":"nftmart.fees","symbol":"SIM","quantity":"134.999","price":"0.00105999","timestamp":1626060960,"volume":"0.14309759","buyTxId":"5bbe809cf4b8c3cc741cc52cecac987a22c71a36-0","sellTxId":"fb2c5e4d3bd9bc896823fd83cf384cae41a6e1af-0"}
{"index": {"_index":"sim","_id":"1212951"}}
	{"id":1212951,"type":"buy","buyer":"toni.curation","seller":"nftmart.fees","symbol":"SIM","quantity":"116.999","price":"0.00105999","timestamp":1626062184,"volume":"0.12401777","buyTxId":"3409296c727162b4297ffc39cac28e314b4b22a2-0","sellTxId":"68560bf006045157ffb3c298b27bad1e81998725-0"}
{"index": {"_index":"sim","_id":"1213000"}}
	{"id":1213000,"type":"sell","buyer":"freebornsociety","seller":"imperij4427","symbol":"SIM","quantity":"18552.000","price":"0.00105124","timestamp":1626063402,"volume":"19.50260448","buyTxId":"MM-P-8586495-55566323-3-4-0","sellTxId":"3a507c67cab20d3e46b19bb503040148e1697e33"}
{"index": {"_index":"sim","_id":"1213018"}}
	{"id":1213018,"type":"buy","buyer":"toni.curation","seller":"nftmart.fees","symbol":"SIM","quantity":"101.999","price":"0.00105999","timestamp":1626064614,"volume":"0.10811792","buyTxId":"11b9a7a8cb9cc7466f42697e04e8dae1a81d3a74-0","sellTxId":"b933926ef416010aa6a43fd8f2cc6403ed4bfe17-0"}
{"index": {"_index":"sim","_id":"1213044"}}
	{"id":1213044,"type":"sell","buyer":"freebornsociety","seller":"thegoliath","symbol":"SIM","quantity":"16860.978","price":"0.00105124","timestamp":1626065589,"volume":"17.72493451","buyTxId":"MM-P-8586495-55566323-3-4-0","sellTxId":"366caa8870615d70e10ab4bf2598960ac65e6a04"}
{"index": {"_index":"sim","_id":"1213087"}}
	{"id":1213087,"type":"sell","buyer":"freebornsociety","seller":"onealfa","symbol":"SIM","quantity":"20478","price":"0.00105124","timestamp":1626067764,"volume":"21.52729272","buyTxId":"MM-P-8589558-55569406-3-4-0","sellTxId":"43ec8b1bb80dfe3a6e3407dd17904e95f1ef6856"}
{"index": {"_index":"sim","_id":"1213092"}}
	{"id":1213092,"type":"sell","buyer":"freebornsociety","seller":"atomcollector","symbol":"SIM","quantity":"2721.015","price":"0.00105124","timestamp":1626068124,"volume":"2.86043981","buyTxId":"MM-P-8589558-55569406-3-4-0","sellTxId":"673db14eea011c94a3b72bc40d461beb1bb02ead"}
{"index": {"_index":"sim","_id":"1213096"}}
	{"id":1213096,"type":"buy","buyer":"looftee","seller":"nftmart.fees","symbol":"SIM","quantity":"89.000","price":"0.00105999","timestamp":1626068664,"volume":"0.09433911","buyTxId":"6d2b4748871eee3a5ed2c0e07d413a62c947272f","sellTxId":"0bc3712db2e836e42c4154b5323ad9c736dbc813-0"}
{"index": {"_index":"sim","_id":"1213097"}}
	{"id":1213097,"type":"buy","buyer":"looftee","seller":"winebank","symbol":"SIM","quantity":"0.002","price":"0.00106000","timestamp":1626068664,"volume":"0.00000212","buyTxId":"6d2b4748871eee3a5ed2c0e07d413a62c947272f","sellTxId":"dadeb7e1d38115ff80040683bf781ed7ba606659"}
{"index": {"_index":"sim","_id":"1213098"}}
	{"id":1213098,"type":"buy","buyer":"looftee","seller":"freebornsociety","symbol":"SIM","quantity":"1260.998","price":"0.00110950","timestamp":1626068664,"volume":"1.39907728","buyTxId":"6d2b4748871eee3a5ed2c0e07d413a62c947272f","sellTxId":"MM-P-8589857-55569706-3-4-0"}
{"index": {"_index":"sim","_id":"1213115"}}
	{"id":1213115,"type":"buy","buyer":"zelensky","seller":"freebornsociety","symbol":"SIM","quantity":"149.351","price":"0.00110989","timestamp":1626069924,"volume":"0.16576318","buyTxId":"16c91ee3bef2de98e8b7bdfa5056a89224119e42","sellTxId":"MM-P-8590252-55570105-3-4-0"}
{"index": {"_index":"sim","_id":"1213125"}}
	{"id":1213125,"type":"sell","buyer":"freebornsociety","seller":"muenchen","symbol":"SIM","quantity":"47688.200","price":"0.00105124","timestamp":1626070248,"volume":"50.13174337","buyTxId":"MM-P-8589558-55569406-3-4-0","sellTxId":"b872f103ac4e16de91792ad7c43edd64eeb152b5"}
{"index": {"_index":"sim","_id":"1213336"}}
	{"id":1213336,"type":"sell","buyer":"freebornsociety","seller":"he-index","symbol":"SIM","quantity":"457.102","price":"0.00105124","timestamp":1626077646,"volume":"0.48052390","buyTxId":"MM-P-8589558-55569406-3-4-0","sellTxId":"d8978e5fa6811e44ed0401fefa4beaa3fb1b0214"}
{"index": {"_index":"sim","_id":"1213338"}}
	{"id":1213338,"type":"buy","buyer":"toni.curation","seller":"he-index","symbol":"SIM","quantity":"95.636","price":"0.00105124","timestamp":1626077652,"volume":"0.10053639","buyTxId":"5e62119e4f9d97e5018532b5d410219d452f07ca-0","sellTxId":"d8978e5fa6811e44ed0401fefa4beaa3fb1b0214"}
{"index": {"_index":"sim","_id":"1213345"}}
	{"id":1213345,"type":"buy","buyer":"freebornsociety","seller":"he-index","symbol":"SIM","quantity":"0.001","price":"0.00105124","timestamp":1626077880,"volume":"0.00000105","buyTxId":"MM-P-8592921-55572795-3-4-0","sellTxId":"d8978e5fa6811e44ed0401fefa4beaa3fb1b0214"}
{"index": {"_index":"sim","_id":"1213389"}}
	{"id":1213389,"type":"sell","buyer":"freebornsociety","seller":"goldcoin","symbol":"SIM","quantity":"27.228","price":"0.00105157","timestamp":1626079467,"volume":"0.02863215","buyTxId":"MM-P-8593418-55573294-3-4-0","sellTxId":"27450eb26c8265f00b45592a759b98382e825605"}
{"index": {"_index":"sim","_id":"1213396"}}
	{"id":1213396,"type":"sell","buyer":"alicemudgarden","seller":"hive.miner","symbol":"SIM","quantity":"41.000","price":"0.00105114","timestamp":1626079827,"volume":"0.04309674","buyTxId":"35be918a98d90b8edb9048c1f168c7d07c68e47a","sellTxId":"cd89e9b2cac9285a361af50bdc01bb313b954269"}
{"index": {"_index":"sim","_id":"1213399"}}
	{"id":1213399,"type":"sell","buyer":"alicemudgarden","seller":"theshaki","symbol":"SIM","quantity":"255.377","price":"0.00105114","timestamp":1626079971,"volume":"0.26843698","buyTxId":"35be918a98d90b8edb9048c1f168c7d07c68e47a","sellTxId":"42ddb87a34e6964fefd76f051724bce2976b2f3e"}
{"index": {"_index":"sim","_id":"1213434"}}
	{"id":1213434,"type":"sell","buyer":"freebornsociety","seller":"drakienrising","symbol":"SIM","quantity":"500.000","price":"0.00105124","timestamp":1626081792,"volume":"0.52562000","buyTxId":"MM-P-8593615-55573493-3-4-0","sellTxId":"bdaf58bf0d43dad94113b76d43f92df14f4439b1"}
{"index": {"_index":"sim","_id":"1213435"}}
	{"id":1213435,"type":"sell","buyer":"freebornsociety","seller":"drakienrising","symbol":"SIM","quantity":"500.000","price":"0.00105124","timestamp":1626081852,"volume":"0.52562000","buyTxId":"MM-P-8593615-55573493-3-4-0","sellTxId":"da57c4e1376c427505f137371db2ee41fdcc3c73"}
{"index": {"_index":"sim","_id":"1213465"}}
	{"id":1213465,"type":"buy","buyer":"sanderking77","seller":"freebornsociety","symbol":"SIM","quantity":"9000.000","price":"0.00110956","timestamp":1626083352,"volume":"9.98604000","buyTxId":"f3242a221f9a478267e0dec0ef0cb3d6b340c782","sellTxId":"MM-P-8594595-55574490-3-4-1"}
{"index": {"_index":"sim","_id":"1213480"}}
	{"id":1213480,"type":"sell","buyer":"freebornsociety","seller":"ayhamyou","symbol":"SIM","quantity":"4682.000","price":"0.00105124","timestamp":1626084045,"volume":"4.92190568","buyTxId":"MM-P-8594794-55574690-3-4-0","sellTxId":"d17be8fe7aecae50df5d01b9362f2ae5ea236f11"}
{"index": {"_index":"sim","_id":"1213519"}}
	{"id":1213519,"type":"buy","buyer":"sanderking77","seller":"freebornsociety","symbol":"SIM","quantity":"15000.000","price":"0.00110934","timestamp":1626085539,"volume":"16.64010000","buyTxId":"927c098ee2758a66a4d6a38edc6385d3223778c9","sellTxId":"MM-P-8595389-55575286-3-4-0"}
{"index": {"_index":"sim","_id":"1213570"}}
	{"id":1213570,"type":"sell","buyer":"freebornsociety","seller":"travelgirl","symbol":"SIM","quantity":"5324.872","price":"0.00105124","timestamp":1626087006,"volume":"5.59771844","buyTxId":"MM-P-8594794-55574690-3-4-0","sellTxId":"0d618522d72bc7c7f7d4859a0ff3bf171692455a"}
{"index": {"_index":"sim","_id":"1213571"}}
	{"id":1213571,"type":"sell","buyer":"alicemudgarden","seller":"travelgirl","symbol":"SIM","quantity":"3579.133","price":"0.00105114","timestamp":1626087006,"volume":"3.76216986","buyTxId":"35be918a98d90b8edb9048c1f168c7d07c68e47a","sellTxId":"0d618522d72bc7c7f7d4859a0ff3bf171692455a"}
{"index": {"_index":"sim","_id":"1213582"}}
	{"id":1213582,"type":"sell","buyer":"alicemudgarden","seller":"kishan006","symbol":"SIM","quantity":"29118.000","price":"0.00105114","timestamp":1626087192,"volume":"30.60709452","buyTxId":"35be918a98d90b8edb9048c1f168c7d07c68e47a","sellTxId":"7535da2051b728a7d87f9643929aa18b2aa13bcd"}
{"index": {"_index":"sim","_id":"1213610"}}
	{"id":1213610,"type":"sell","buyer":"freebornsociety","seller":"holovision","symbol":"SIM","quantity":"87.080","price":"0.00105124","timestamp":1626088656,"volume":"0.09154198","buyTxId":"MM-P-8596086-55575984-3-4-0","sellTxId":"e3b37d2760480e3b64789d4d04e429e17c2a52df"}
{"index": {"_index":"sim","_id":"1213622"}}
	{"id":1213622,"type":"sell","buyer":"freebornsociety","seller":"egistar","symbol":"SIM","quantity":"820.691","price":"0.00105124","timestamp":1626089739,"volume":"0.86274321","buyTxId":"MM-P-8596086-55575984-3-4-0","sellTxId":"289a6de09d7ac84e742b1dc2f18a7a1809da8745"}
{"index": {"_index":"sim","_id":"1213634"}}
	{"id":1213634,"type":"sell","buyer":"freebornsociety","seller":"tonytrillions","symbol":"SIM","quantity":"0.002","price":"0.00105124","timestamp":1626090120,"volume":"0.00000210","buyTxId":"MM-P-8596086-55575984-3-4-0","sellTxId":"74075e47920d996290d64a4a6fa379f1a80a9570"}
{"index": {"_index":"sim","_id":"1213689"}}
	{"id":1213689,"type":"sell","buyer":"freebornsociety","seller":"myfreebtc","symbol":"SIM","quantity":"261.393","price":"0.00105168","timestamp":1626091836,"volume":"0.27490179","buyTxId":"MM-P-8597483-55577381-3-4-0","sellTxId":"f27fcbdb27bf6d58e581c4257e63613ae75a09a5"}
{"index": {"_index":"sim","_id":"1213733"}}
	{"id":1213733,"type":"sell","buyer":"freebornsociety","seller":"tonytrillions","symbol":"SIM","quantity":"0.026","price":"0.00105124","timestamp":1626093708,"volume":"0.00002733","buyTxId":"MM-P-8597882-55577780-3-4-0","sellTxId":"2edd7b9e3f0e511bb51ad55ed47dc037b991509b"}
{"index": {"_index":"sim","_id":"1213866"}}
	{"id":1213866,"type":"buy","buyer":"soteyapanbot","seller":"nftmart.fees","symbol":"SIM","quantity":"157.000","price":"0.00110779","timestamp":1626098187,"volume":"0.17392303","buyTxId":"f72ebdca912a2dd7920b1da40b25dce395f5a63c","sellTxId":"868eb1ae76e2cf48de45b28bfb32ef328f573b36-0"}
{"index": {"_index":"sim","_id":"1213867"}}
	{"id":1213867,"type":"sell","buyer":"soteyapanbot","seller":"konvik","symbol":"SIM","quantity":"8771.307","price":"0.00110779","timestamp":1626098190,"volume":"9.71676618","buyTxId":"f72ebdca912a2dd7920b1da40b25dce395f5a63c","sellTxId":"8a8f0c4b18bae94620903df339755114fcef9b72-1"}
{"index": {"_index":"sim","_id":"1213875"}}
	{"id":1213875,"type":"sell","buyer":"soteyapanbot","seller":"fantasycrypto","symbol":"SIM","quantity":"8.693","price":"0.00110779","timestamp":1626098622,"volume":"0.00963002","buyTxId":"f72ebdca912a2dd7920b1da40b25dce395f5a63c","sellTxId":"20b724c77e013d3c2deabbdc280109521643d12d"}
{"index": {"_index":"sim","_id":"1213876"}}
	{"id":1213876,"type":"sell","buyer":"mmrx","seller":"fantasycrypto","symbol":"SIM","quantity":"275.357","price":"0.00105403","timestamp":1626098622,"volume":"0.29023454","buyTxId":"MM-P-8599630-55579534-3-14-0","sellTxId":"20b724c77e013d3c2deabbdc280109521643d12d"}
{"index": {"_index":"sim","_id":"1213882"}}
	{"id":1213882,"type":"sell","buyer":"mmrx","seller":"pele23","symbol":"SIM","quantity":"0.246","price":"0.00105403","timestamp":1626098793,"volume":"0.00025929","buyTxId":"MM-P-8599630-55579534-3-14-0","sellTxId":"613c8fcc40e55c179b2b49bdd0c5687ad36a1c48"}
{"index": {"_index":"sim","_id":"1213887"}}
	{"id":1213887,"type":"sell","buyer":"mmrx","seller":"mary-jane","symbol":"SIM","quantity":"763.084","price":"0.00105403","timestamp":1626098955,"volume":"0.80431343","buyTxId":"MM-P-8599630-55579534-3-14-0","sellTxId":"eff91b5cddd03e05d6f39f58c7fe4b2cdad18b52"}
{"index": {"_index":"sim","_id":"1213888"}}
	{"id":1213888,"type":"sell","buyer":"nervi","seller":"mary-jane","symbol":"SIM","quantity":"3942.517","price":"0.00105402","timestamp":1626098955,"volume":"4.15549177","buyTxId":"c66f94265e37f9bf376c06e48720cbf8f7d792cf","sellTxId":"eff91b5cddd03e05d6f39f58c7fe4b2cdad18b52"}
{"index": {"_index":"sim","_id":"1213897"}}
	{"id":1213897,"type":"sell","buyer":"nervi","seller":"mary.janikowski","symbol":"SIM","quantity":"5000.000","price":"0.00105402","timestamp":1626099195,"volume":"5.27010000","buyTxId":"c66f94265e37f9bf376c06e48720cbf8f7d792cf","sellTxId":"0fa56b8b103fe5990e2b33ea261511901320a96c"}
{"index": {"_index":"sim","_id":"1213960"}}
	{"id":1213960,"type":"sell","buyer":"nervi","seller":"maini","symbol":"SIM","quantity":"3194.000","price":"0.00105402","timestamp":1626101292,"volume":"3.36653988","buyTxId":"c66f94265e37f9bf376c06e48720cbf8f7d792cf","sellTxId":"58a9e883105f06e0c99a611b435e0ebd22b459bb"}
{"index": {"_index":"sim","_id":"1213988"}}
	{"id":1213988,"type":"sell","buyer":"nervi","seller":"barrenwolfsbane","symbol":"SIM","quantity":"295.000","price":"0.00105402","timestamp":1626102201,"volume":"0.31093590","buyTxId":"c66f94265e37f9bf376c06e48720cbf8f7d792cf","sellTxId":"01f956ce32b5b363b886f5222528fa0af10e4f14"}
{"index": {"_index":"sim","_id":"1214025"}}
	{"id":1214025,"type":"sell","buyer":"nervi","seller":"minnowspower","symbol":"SIM","quantity":"22.890","price":"0.00105402","timestamp":1626102873,"volume":"0.02412652","buyTxId":"c66f94265e37f9bf376c06e48720cbf8f7d792cf","sellTxId":"54d8ce94275cc7e46727cbf38baaa1dbcacb3e70"}
{"index": {"_index":"sim","_id":"1214051"}}
	{"id":1214051,"type":"sell","buyer":"nervi","seller":"scriptioner","symbol":"SIM","quantity":"20865.593","price":"0.00105402","timestamp":1626103512,"volume":"21.99275233","buyTxId":"c66f94265e37f9bf376c06e48720cbf8f7d792cf","sellTxId":"e3dd24c5e10633463dc888f842b0518a34619ae1"}
{"index": {"_index":"sim","_id":"1214052"}}
	{"id":1214052,"type":"sell","buyer":"alicemudgarden","seller":"scriptioner","symbol":"SIM","quantity":"75458.407","price":"0.00105114","timestamp":1626103512,"volume":"79.31734993","buyTxId":"35be918a98d90b8edb9048c1f168c7d07c68e47a","sellTxId":"e3dd24c5e10633463dc888f842b0518a34619ae1"}
{"index": {"_index":"sim","_id":"1214053"}}
	{"id":1214053,"type":"buy","buyer":"morzex","seller":"mmrx","symbol":"SIM","quantity":"1038.687","price":"0.00109995","timestamp":1626103527,"volume":"1.14250377","buyTxId":"776eaf503993899f59a5ef5a762d3b0bc103d4c2","sellTxId":"MM-P-8601016-55580926-3-14-0"}
{"index": {"_index":"sim","_id":"1214054"}}
	{"id":1214054,"type":"buy","buyer":"morzex","seller":"beco132","symbol":"SIM","quantity":"2143.178","price":"0.00110000","timestamp":1626103527,"volume":"2.35749623","buyTxId":"776eaf503993899f59a5ef5a762d3b0bc103d4c2","sellTxId":"ece897582a8919b17fcf269bbc90532d01d9dd2f"}
{"index": {"_index":"sim","_id":"1214061"}}
	{"id":1214061,"type":"sell","buyer":"alicemudgarden","seller":"tsnaks","symbol":"SIM","quantity":"1000.000","price":"0.00105114","timestamp":1626103710,"volume":"1.05114000","buyTxId":"35be918a98d90b8edb9048c1f168c7d07c68e47a","sellTxId":"dacbc7aae205259da2fa9b4494ac730b50ab9606"}
{"index": {"_index":"sim","_id":"1214122"}}
	{"id":1214122,"type":"buy","buyer":"konvik","seller":"dera123","symbol":"SIM","quantity":"11337.789","price":"0.00109000","timestamp":1626104919,"volume":"12.35819001","buyTxId":"76267bde2cb0846dfafe9643c4c27c1a7c72effa-0","sellTxId":"61006aba9fdb445a78d9286e88aab379bbb0c30d"}
{"index": {"_index":"sim","_id":"1214156"}}
	{"id":1214156,"type":"sell","buyer":"alicemudgarden","seller":"eforucom","symbol":"SIM","quantity":"0.156","price":"0.00105114","timestamp":1626106224,"volume":"0.00016398","buyTxId":"35be918a98d90b8edb9048c1f168c7d07c68e47a","sellTxId":"a334bc6f78b691a4b378ce7e2894afd6500a4bd9"}
{"index": {"_index":"sim","_id":"1214185"}}
	{"id":1214185,"type":"sell","buyer":"alicemudgarden","seller":"andy4475","symbol":"SIM","quantity":"36.420","price":"0.00105114","timestamp":1626106767,"volume":"0.03828252","buyTxId":"35be918a98d90b8edb9048c1f168c7d07c68e47a","sellTxId":"9dc4db915f79347a3aa6517cef1b5fd16b15c88b"}
{"index": {"_index":"sim","_id":"1214193"}}
	{"id":1214193,"type":"sell","buyer":"alicemudgarden","seller":"sebaseek","symbol":"SIM","quantity":"48393.507","price":"0.00105114","timestamp":1626107355,"volume":"50.86835095","buyTxId":"35be918a98d90b8edb9048c1f168c7d07c68e47a","sellTxId":"8dd559b1efe56d7d52dd0a52e157b03cb28a69ed"}
{"index": {"_index":"sim","_id":"1214194"}}
	{"id":1214194,"type":"sell","buyer":"dcityfund","seller":"sebaseek","symbol":"SIM","quantity":"36576.675","price":"0.00105113","timestamp":1626107355,"volume":"38.44684039","buyTxId":"cd0df2d3c3bb4bb475c5b8210465d72d0b4489ad","sellTxId":"8dd559b1efe56d7d52dd0a52e157b03cb28a69ed"}
{"index": {"_index":"sim","_id":"1214195"}}
	{"id":1214195,"type":"sell","buyer":"enginemaker","seller":"sebaseek","symbol":"SIM","quantity":"343.886","price":"0.00105013","timestamp":1626107355,"volume":"0.36112500","buyTxId":"MM-P-8556495-55536132-3-2-0","sellTxId":"8dd559b1efe56d7d52dd0a52e157b03cb28a69ed"}
{"index": {"_index":"sim","_id":"1214196"}}
	{"id":1214196,"type":"buy","buyer":"konvik","seller":"sebaseek","symbol":"SIM","quantity":"11002.932","price":"0.00105000","timestamp":1626107358,"volume":"11.55307860","buyTxId":"9cfd1804c8be7b4b30b8d685bca5ae332a7ff0a4-0","sellTxId":"8dd559b1efe56d7d52dd0a52e157b03cb28a69ed"}
{"index": {"_index":"sim","_id":"1214206"}}
	{"id":1214206,"type":"sell","buyer":"enginemaker","seller":"pouchon","symbol":"SIM","quantity":"23806.576","price":"0.00105013","timestamp":1626107550,"volume":"24.99999965","buyTxId":"MM-P-8602713-55582625-3-2-0","sellTxId":"e8a7a7b348c187480e217255bcaf48235fc6a145"}
{"index": {"_index":"sim","_id":"1214275"}}
	{"id":1214275,"type":"sell","buyer":"enginemaker","seller":"worldfinances","symbol":"SIM","quantity":"305.996","price":"0.00105013","timestamp":1626109659,"volume":"0.32133558","buyTxId":"MM-P-8602813-55582725-3-2-0","sellTxId":"9d75e63b376ee073d39bf7dc5834c74e070f1950"}
{"index": {"_index":"sim","_id":"1214280"}}
	{"id":1214280,"type":"sell","buyer":"enginemaker","seller":"topdollar001","symbol":"SIM","quantity":"14800","price":"0.00105013","timestamp":1626109749,"volume":"15.54192400","buyTxId":"MM-P-8602813-55582725-3-2-0","sellTxId":"e65186c5b9ded1bc2422934288f3f4a226e7e8c9"}
{"index": {"_index":"sim","_id":"1214383"}}
	{"id":1214383,"type":"sell","buyer":"enginemaker","seller":"monsterjamgold","symbol":"SIM","quantity":"1024.000","price":"0.00105013","timestamp":1626112986,"volume":"1.07533312","buyTxId":"MM-P-8602813-55582725-3-2-0","sellTxId":"948d8549499060f5e3f7dced76e8c597c31ce931"}
{"index": {"_index":"sim","_id":"1214467"}}
	{"id":1214467,"type":"sell","buyer":"enginemaker","seller":"bosmob","symbol":"SIM","quantity":"7676.580","price":"0.00105013","timestamp":1626113466,"volume":"8.06140695","buyTxId":"MM-P-8602813-55582725-3-2-0","sellTxId":"77970455d4da1dff56d1069a7458d421e3e30cf4"}
{"index": {"_index":"sim","_id":"1214468"}}
	{"id":1214468,"type":"sell","buyer":"toni.curation","seller":"bosmob","symbol":"SIM","quantity":"4642.428","price":"0.00105000","timestamp":1626113466,"volume":"4.87454940","buyTxId":"c64234bc64be6830ff0dd54446794b92718fb995-0","sellTxId":"77970455d4da1dff56d1069a7458d421e3e30cf4"}
{"index": {"_index":"sim","_id":"1214512"}}
	{"id":1214512,"type":"sell","buyer":"enginemaker","seller":"monsterjamgold","symbol":"SIM","quantity":"945.000","price":"0.00105013","timestamp":1626114426,"volume":"0.99237285","buyTxId":"MM-P-8604699-55584614-3-2-0","sellTxId":"e95b36760cca188ed140dccdded023209ce06e9a"}
{"index": {"_index":"sim","_id":"1214521"}}
	{"id":1214521,"type":"sell","buyer":"enginemaker","seller":"fantasycrypto","symbol":"SIM","quantity":"22237.000","price":"0.00105013","timestamp":1626114501,"volume":"23.35174081","buyTxId":"MM-P-8604699-55584614-3-2-0","sellTxId":"7ca730364ab3a5e510bed1c9baceb5a8df9307d2"}
{"index": {"_index":"sim","_id":"1214523"}}
	{"id":1214523,"type":"sell","buyer":"enginemaker","seller":"chronocrypto","symbol":"SIM","quantity":"624.576","price":"0.00105013","timestamp":1626114537,"volume":"0.65588599","buyTxId":"MM-P-8604699-55584614-3-2-0","sellTxId":"81f2743193773e41ac577151a05b5c00a9efc281"}
{"index": {"_index":"sim","_id":"1214524"}}
	{"id":1214524,"type":"sell","buyer":"toni.curation","seller":"chronocrypto","symbol":"SIM","quantity":"6360.502","price":"0.00105000","timestamp":1626114537,"volume":"6.67852710","buyTxId":"c64234bc64be6830ff0dd54446794b92718fb995-0","sellTxId":"81f2743193773e41ac577151a05b5c00a9efc281"}
{"index": {"_index":"sim","_id":"1214525"}}
	{"id":1214525,"type":"sell","buyer":"aggroed","seller":"chronocrypto","symbol":"SIM","quantity":"29905.289","price":"0.00104013","timestamp":1626114537,"volume":"31.10538825","buyTxId":"48a220ea42d3bae5c013e98f874220a7381060b8","sellTxId":"81f2743193773e41ac577151a05b5c00a9efc281"}
{"index": {"_index":"sim","_id":"1214533"}}
	{"id":1214533,"type":"sell","buyer":"aggroed","seller":"balte","symbol":"SIM","quantity":"24948.000","price":"0.00104013","timestamp":1626114657,"volume":"25.94916324","buyTxId":"48a220ea42d3bae5c013e98f874220a7381060b8","sellTxId":"e53fcf8fb8749495b43ca87318092669be592ce7"}
{"index": {"_index":"sim","_id":"1214539"}}
	{"id":1214539,"type":"sell","buyer":"enginemaker","seller":"myfreebtc","symbol":"SIM","quantity":"3093.210","price":"0.00105013","timestamp":1626114717,"volume":"3.24827262","buyTxId":"MM-P-8605096-55585011-3-2-0","sellTxId":"b84afa9935b5a7241bc3a318da5fae29ac2ef273"}
{"index": {"_index":"sim","_id":"1214550"}}
	{"id":1214550,"type":"buy","buyer":"konvik","seller":"freebornsociety","symbol":"SIM","quantity":"30477.318","price":"0.00109389","timestamp":1626114804,"volume":"33.33883339","buyTxId":"09bba17502e443fa5f1b89a2e79493461b8f4471-0","sellTxId":"MM-P-8605131-55585046-3-4-0"}
{"index": {"_index":"sim","_id":"1214566"}}
	{"id":1214566,"type":"buy","buyer":"konvik","seller":"enginemaker","symbol":"SIM","quantity":"72201.347","price":"0.00108389","timestamp":1626114996,"volume":"78.25831800","buyTxId":"097382970df0636e71f960ab7433576084657766-0","sellTxId":"MM-P-8605195-55585110-3-2-0"}
{"index": {"_index":"sim","_id":"1214568"}}
	{"id":1214568,"type":"sell","buyer":"enginemaker","seller":"captaincryptic","symbol":"SIM","quantity":"2668.457","price":"0.00105013","timestamp":1626115005,"volume":"2.80222675","buyTxId":"MM-P-8605096-55585011-3-2-0","sellTxId":"f2f04183e498e4a3501bbef3fbaba19ee5a54a06"}
{"index": {"_index":"sim","_id":"1214605"}}
	{"id":1214605,"type":"buy","buyer":"mary.janikowski","seller":"enginemaker","symbol":"SIM","quantity":"200.000","price":"0.00108389","timestamp":1626115437,"volume":"0.21677800","buyTxId":"289b58568ae026f6070ea21cd4eacb2d0cfc7425","sellTxId":"MM-P-8605195-55585110-3-2-0"}
{"index": {"_index":"sim","_id":"1214610"}}
	{"id":1214610,"type":"sell","buyer":"enginemaker","seller":"loganhate","symbol":"SIM","quantity":"267.000","price":"0.00105013","timestamp":1626115479,"volume":"0.28038471","buyTxId":"MM-P-8605096-55585011-3-2-0","sellTxId":"920cb8c34c82bd405cb44fd58c6f47385c3aab1e"}
{"index": {"_index":"sim","_id":"1214637"}}
	{"id":1214637,"type":"sell","buyer":"enginemaker","seller":"daveks","symbol":"SIM","quantity":"6640.000","price":"0.00105013","timestamp":1626116136,"volume":"6.97286320","buyTxId":"MM-P-8605096-55585011-3-2-0","sellTxId":"fa8ba9a070a91194b5f6d18677da53148855f461"}
{"index": {"_index":"sim","_id":"1214679"}}
	{"id":1214679,"type":"buy","buyer":"morzex","seller":"nftmart.fees","symbol":"SIM","quantity":"161.000","price":"0.00107999","timestamp":1626116793,"volume":"0.17387839","buyTxId":"ba3fd2f40bf593e9e597a5cd94d3a38221976eb9","sellTxId":"2e6cc5e5994d3cde95cb590c6aacbd49c2eca945-0"}
{"index": {"_index":"sim","_id":"1214680"}}
	{"id":1214680,"type":"buy","buyer":"morzex","seller":"onecent","symbol":"SIM","quantity":"234.000","price":"0.00108000","timestamp":1626116793,"volume":"0.25272000","buyTxId":"ba3fd2f40bf593e9e597a5cd94d3a38221976eb9","sellTxId":"1c2c91c2458c13b2daa03fec231b5b51799097ec"}
{"index": {"_index":"sim","_id":"1214681"}}
	{"id":1214681,"type":"buy","buyer":"morzex","seller":"enginemaker","symbol":"SIM","quantity":"2455.477","price":"0.00108389","timestamp":1626116793,"volume":"2.66146697","buyTxId":"ba3fd2f40bf593e9e597a5cd94d3a38221976eb9","sellTxId":"MM-P-8605195-55585110-3-2-0"}
{"index": {"_index":"sim","_id":"1214682"}}
	{"id":1214682,"type":"buy","buyer":"morzex","seller":"freebornsociety","symbol":"SIM","quantity":"833.814","price":"0.00109369","timestamp":1626116793,"volume":"0.91193464","buyTxId":"ba3fd2f40bf593e9e597a5cd94d3a38221976eb9","sellTxId":"MM-P-8605329-55585244-3-4-0"}
{"index": {"_index":"sim","_id":"1214708"}}
	{"id":1214708,"type":"sell","buyer":"enginemaker","seller":"jrcornel","symbol":"SIM","quantity":"11137.909","price":"0.00105013","timestamp":1626117618,"volume":"11.69625237","buyTxId":"MM-P-8605096-55585011-3-2-0","sellTxId":"24d357847955752cf6edabbb6e7e69bd6e0df9ae"}
{"index": {"_index":"sim","_id":"1214709"}}
	{"id":1214709,"type":"sell","buyer":"aggroed","seller":"jrcornel","symbol":"SIM","quantity":"86074.091","price":"0.00104013","timestamp":1626117618,"volume":"89.52824427","buyTxId":"48a220ea42d3bae5c013e98f874220a7381060b8","sellTxId":"24d357847955752cf6edabbb6e7e69bd6e0df9ae"}
{"index": {"_index":"sim","_id":"1214728"}}
	{"id":1214728,"type":"sell","buyer":"lookplz","seller":"elricmoonslayer","symbol":"SIM","quantity":"1140.008","price":"0.00106000","timestamp":1626118014,"volume":"1.20840848","buyTxId":"de2b86987f0271026399dd0884094ce0f242036e","sellTxId":"bd3664963bfe13f0fb9d979d2bdcffa2e708b709"}
{"index": {"_index":"sim","_id":"1214731"}}
	{"id":1214731,"type":"sell","buyer":"lookplz","seller":"thisisawesome","symbol":"SIM","quantity":"1.134","price":"0.00106000","timestamp":1626118059,"volume":"0.00120204","buyTxId":"de2b86987f0271026399dd0884094ce0f242036e","sellTxId":"632eadb2a3986c7cf2c049dfef25c86c0cb4d367"}
{"index": {"_index":"sim","_id":"1214740"}}
	{"id":1214740,"type":"sell","buyer":"lookplz","seller":"bwar-gg","symbol":"SIM","quantity":"46.600","price":"0.00106000","timestamp":1626118194,"volume":"0.04939600","buyTxId":"de2b86987f0271026399dd0884094ce0f242036e","sellTxId":"fd9b523259cf4cf6e9b31d93a54fa7f3cbb754cd"}
{"index": {"_index":"sim","_id":"1214878"}}
	{"id":1214878,"type":"sell","buyer":"d-pend","seller":"lightcaptured","symbol":"SIM","quantity":"3028.970","price":"0.00107000","timestamp":1626121017,"volume":"3.24099790","buyTxId":"e01001ce8b1a6fe0ed9b756d77a4277c42cbc075","sellTxId":"e88307dc4aae6fe56a85d0b4d6dea6e9e831c770"}
{"index": {"_index":"sim","_id":"1214880"}}
	{"id":1214880,"type":"buy","buyer":"d-pend","seller":"nftmart.fees","symbol":"SIM","quantity":"232.000","price":"0.00108989","timestamp":1626121086,"volume":"0.25285448","buyTxId":"9596b7cf2c4d8925d3cebbc238c2f02e52bdcab9","sellTxId":"296bca589ed03c5e5bc3dbf8440b26a23ba23a56-0"}
{"index": {"_index":"sim","_id":"1214881"}}
	{"id":1214881,"type":"buy","buyer":"d-pend","seller":"enginemaker","symbol":"SIM","quantity":"9575.457","price":"0.00108990","timestamp":1626121086,"volume":"10.43629058","buyTxId":"9596b7cf2c4d8925d3cebbc238c2f02e52bdcab9","sellTxId":"MM-P-8605983-55585901-3-2-0"}
{"index": {"_index":"sim","_id":"1214882"}}
	{"id":1214882,"type":"sell","buyer":"d-pend","seller":"konvik","symbol":"SIM","quantity":"44189.796","price":"0.00109000","timestamp":1626121089,"volume":"48.16687764","buyTxId":"9596b7cf2c4d8925d3cebbc238c2f02e52bdcab9","sellTxId":"a5e313e869eff1834c091cdcf8b3a943ed78bfc1-1"}
{"index": {"_index":"sim","_id":"1214884"}}
	{"id":1214884,"type":"buy","buyer":"d-pend","seller":"freebornsociety","symbol":"SIM","quantity":"45000.000","price":"0.00109390","timestamp":1626121119,"volume":"49.22550000","buyTxId":"d1f0dff87a4ede2d497c4e204f7d74316cb4dd29","sellTxId":"MM-P-8606019-55585937-3-4-1"}
{"index": {"_index":"sim","_id":"1214886"}}
	{"id":1214886,"type":"sell","buyer":"d-pend","seller":"yintercept","symbol":"SIM","quantity":"2.390","price":"0.00109000","timestamp":1626121185,"volume":"0.00260510","buyTxId":"9596b7cf2c4d8925d3cebbc238c2f02e52bdcab9","sellTxId":"bc65501d4c83ddd8b97a52af03ca83a99341a857"}
{"index": {"_index":"sim","_id":"1214887"}}
	{"id":1214887,"type":"sell","buyer":"d-pend","seller":"ayhamyou","symbol":"SIM","quantity":"2083.000","price":"0.00109000","timestamp":1626121272,"volume":"2.27047000","buyTxId":"9596b7cf2c4d8925d3cebbc238c2f02e52bdcab9","sellTxId":"02036f55fac620235fc22d1b7514b715eae84afa"}
{"index": {"_index":"sim","_id":"1214889"}}
	{"id":1214889,"type":"sell","buyer":"d-pend","seller":"enginemaker","symbol":"SIM","quantity":"11137.909","price":"0.00109000","timestamp":1626121284,"volume":"12.14032081","buyTxId":"9596b7cf2c4d8925d3cebbc238c2f02e52bdcab9","sellTxId":"MM-P-8607274-55587194-3-2-0"}
{"index": {"_index":"sim","_id":"1214910"}}
	{"id":1214910,"type":"sell","buyer":"d-pend","seller":"muenchen","symbol":"SIM","quantity":"14755.000","price":"0.00109000","timestamp":1626121863,"volume":"16.08295000","buyTxId":"9596b7cf2c4d8925d3cebbc238c2f02e52bdcab9","sellTxId":"795659ffd8e06e168f372dea7e9fc79c9889b071"}
{"index": {"_index":"sim","_id":"1214912"}}
	{"id":1214912,"type":"sell","buyer":"d-pend","seller":"mapac","symbol":"SIM","quantity":"555.000","price":"0.00109000","timestamp":1626121977,"volume":"0.60495000","buyTxId":"9596b7cf2c4d8925d3cebbc238c2f02e52bdcab9","sellTxId":"f121ff3db4b01544c62623a7ad7094a8dc545ec2"}
{"index": {"_index":"sim","_id":"1214930"}}
	{"id":1214930,"type":"sell","buyer":"d-pend","seller":"onecent","symbol":"SIM","quantity":"555.000","price":"0.00109000","timestamp":1626122415,"volume":"0.60495000","buyTxId":"9596b7cf2c4d8925d3cebbc238c2f02e52bdcab9","sellTxId":"12692f904a464039be74a497021ccfc1036b71e2"}
{"index": {"_index":"sim","_id":"1214967"}}
	{"id":1214967,"type":"sell","buyer":"d-pend","seller":"deathwing","symbol":"SIM","quantity":"758","price":"0.00109000","timestamp":1626123306,"volume":"0.82622000","buyTxId":"9596b7cf2c4d8925d3cebbc238c2f02e52bdcab9","sellTxId":"7ce31e0407922d73d6600bf6e537d5ba3f4731a0-0"}
{"index": {"_index":"sim","_id":"1215023"}}
	{"id":1215023,"type":"buy","buyer":"dustindivitto","seller":"freebornsociety","symbol":"SIM","quantity":"39000.000","price":"0.00109390","timestamp":1626125478,"volume":"42.66210000","buyTxId":"13f04cae28d76a7c52c95d61af81d7c7fe59f9b8","sellTxId":"MM-P-8606019-55585937-3-4-1"}
{"index": {"_index":"sim","_id":"1215028"}}
	{"id":1215028,"type":"buy","buyer":"dustindivitto","seller":"freebornsociety","symbol":"SIM","quantity":"538.000","price":"0.00109390","timestamp":1626125571,"volume":"0.58851820","buyTxId":"f832f7228ccd18274fbce524ae6ab41f25711d88","sellTxId":"MM-P-8606019-55585937-3-4-1"}
{"index": {"_index":"sim","_id":"1215051"}}
	{"id":1215051,"type":"sell","buyer":"d-pend","seller":"mfblack","symbol":"SIM","quantity":"9080.270","price":"0.00109000","timestamp":1626126726,"volume":"9.89749430","buyTxId":"9596b7cf2c4d8925d3cebbc238c2f02e52bdcab9","sellTxId":"5333603aefb687a1e2c4471e09e04b708ffd8c35"}
{"index": {"_index":"sim","_id":"1215091"}}
	{"id":1215091,"type":"buy","buyer":"emergehealthier","seller":"nftmart.fees","symbol":"SIM","quantity":"186.000","price":"0.00109388","timestamp":1626127863,"volume":"0.20346168","buyTxId":"55d762da02f1e536af0dd4316ef5955a10a163a4","sellTxId":"5e8a0ae4820c87142450831573e032f11db1a455-0"}
{"index": {"_index":"sim","_id":"1215094"}}
	{"id":1215094,"type":"buy","buyer":"emergehealthier","seller":"freebornsociety","symbol":"SIM","quantity":"100.000","price":"0.00109390","timestamp":1626127917,"volume":"0.10939000","buyTxId":"40463c659d5e411a3ade1a952e68307ef3f6fca3","sellTxId":"MM-P-8606019-55585937-3-4-1"}
{"index": {"_index":"sim","_id":"1215102"}}
	{"id":1215102,"type":"sell","buyer":"d-pend","seller":"willsaldeno","symbol":"SIM","quantity":"2226.000","price":"0.00109000","timestamp":1626128253,"volume":"2.42634000","buyTxId":"9596b7cf2c4d8925d3cebbc238c2f02e52bdcab9","sellTxId":"d0b8698bf0a318ab489dce28084eebc279661d05"}
{"index": {"_index":"sim","_id":"1215116"}}
	{"id":1215116,"type":"sell","buyer":"d-pend","seller":"worldfinances","symbol":"SIM","quantity":"1760.000","price":"0.00109000","timestamp":1626128661,"volume":"1.91840000","buyTxId":"9596b7cf2c4d8925d3cebbc238c2f02e52bdcab9","sellTxId":"22ade0be0e25753b7182361408fa908b822f585c"}
{"index": {"_index":"sim","_id":"1215158"}}
	{"id":1215158,"type":"sell","buyer":"mmrx","seller":"darmst5339","symbol":"SIM","quantity":"3.665","price":"0.00109001","timestamp":1626130494,"volume":"0.00399489","buyTxId":"MM-P-8609949-55589875-3-15-0","sellTxId":"3e302896873c05c8dbc38b0be0756d373c0f5cc1"}
{"index": {"_index":"sim","_id":"1215238"}}
	{"id":1215238,"type":"buy","buyer":"barrenwolfsbane","seller":"mmrx","symbol":"SIM","quantity":"3.665","price":"0.00109385","timestamp":1626132846,"volume":"0.00400896","buyTxId":"c70c7ef646d91ff7fa56a390427955e3f2c9d8d8","sellTxId":"MM-P-8610840-55590766-3-15-0"}
{"index": {"_index":"sim","_id":"1215243"}}
	{"id":1215243,"type":"buy","buyer":"barrenwolfsbane","seller":"nftmart.fees","symbol":"SIM","quantity":"190.000","price":"0.00109386","timestamp":1626132969,"volume":"0.20783340","buyTxId":"566244f3c495cbf36783e45ec2e14808a5b09416","sellTxId":"d618b05f2985e55981c42206ec2233802abdeef9-0"}
{"index": {"_index":"sim","_id":"1215244"}}
	{"id":1215244,"type":"sell","buyer":"barrenwolfsbane","seller":"konvik","symbol":"SIM","quantity":"27769.216","price":"0.00109386","timestamp":1626132972,"volume":"30.37563461","buyTxId":"566244f3c495cbf36783e45ec2e14808a5b09416","sellTxId":"a7c6b036476456e06c4fb265c3321b7035a7aecf-1"}
{"index": {"_index":"sim","_id":"1215267"}}
	{"id":1215267,"type":"buy","buyer":"barrenwolfsbane","seller":"nftmart.fees","symbol":"SIM","quantity":"165.000","price":"0.00109389","timestamp":1626133392,"volume":"0.18049185","buyTxId":"13cbefb7851e641a774d2d576a98149f782130a1","sellTxId":"742214ebe5b256691f9a03b0656a399569d41ac5-0"}
{"index": {"_index":"sim","_id":"1215273"}}
	{"id":1215273,"type":"buy","buyer":"barrenwolfsbane","seller":"freebornsociety","symbol":"SIM","quantity":"8612.804","price":"0.00109390","timestamp":1626133482,"volume":"9.42154630","buyTxId":"260418bd384055175d5e526b82d1891f0969eaa6","sellTxId":"MM-P-8606019-55585937-3-4-1"}
{"index": {"_index":"sim","_id":"1215290"}}
	{"id":1215290,"type":"sell","buyer":"mmrx","seller":"barrenwolfsbane","symbol":"SIM","quantity":"2161.176","price":"0.00109391","timestamp":1626133659,"volume":"2.36413204","buyTxId":"MM-P-8611338-55591264-3-15-0","sellTxId":"d90c51ad1200a23e47f8e54a5f0cc27d9315c7f1"}
{"index": {"_index":"sim","_id":"1215334"}}
	{"id":1215334,"type":"sell","buyer":"d-pend","seller":"thegoliath","symbol":"SIM","quantity":"3090.178","price":"0.00109000","timestamp":1626134640,"volume":"3.36829402","buyTxId":"9596b7cf2c4d8925d3cebbc238c2f02e52bdcab9","sellTxId":"fc714de574ba0d1f9f0c89ec7efd0a6bef212e9a"}
{"index": {"_index":"sim","_id":"1215335"}}
	{"id":1215335,"type":"sell","buyer":"d-pend","seller":"thegoliath","symbol":"SIM","quantity":"32.913","price":"0.00108000","timestamp":1626134640,"volume":"0.03554604","buyTxId":"2fa411a9a3f43bd15e31a78739c8c783417e7443","sellTxId":"fc714de574ba0d1f9f0c89ec7efd0a6bef212e9a"}
{"index": {"_index":"sim","_id":"1215339"}}
	{"id":1215339,"type":"sell","buyer":"d-pend","seller":"thegoliathv2","symbol":"SIM","quantity":"12922.795","price":"0.00108000","timestamp":1626134655,"volume":"13.95661860","buyTxId":"2fa411a9a3f43bd15e31a78739c8c783417e7443","sellTxId":"0cde85691615bf95a65fc7adf9703d4cff1a4db6"}
{"index": {"_index":"sim","_id":"1215484"}}
	{"id":1215484,"type":"sell","buyer":"d-pend","seller":"medaymane","symbol":"SIM","quantity":"2068.000","price":"0.00108000","timestamp":1626135261,"volume":"2.23344000","buyTxId":"2fa411a9a3f43bd15e31a78739c8c783417e7443","sellTxId":"5ef26397ea447a8935931a669a955a3e7d0aa064"}
{"index": {"_index":"sim","_id":"1215494"}}
	{"id":1215494,"type":"sell","buyer":"d-pend","seller":"crypto-dz","symbol":"SIM","quantity":"3784.000","price":"0.00108000","timestamp":1626135327,"volume":"4.08672000","buyTxId":"2fa411a9a3f43bd15e31a78739c8c783417e7443","sellTxId":"22ffe64bcda5e6708cc43e9a6ea42a3381284d76"}
{"index": {"_index":"sim","_id":"1215496"}}
	{"id":1215496,"type":"sell","buyer":"d-pend","seller":"eldonburr","symbol":"SIM","quantity":"25.748","price":"0.00108000","timestamp":1626135342,"volume":"0.02780784","buyTxId":"2fa411a9a3f43bd15e31a78739c8c783417e7443","sellTxId":"0003207541e58df6a2848478868f3a5b25de5ca6"}
{"index": {"_index":"sim","_id":"1215510"}}
	{"id":1215510,"type":"sell","buyer":"d-pend","seller":"medaymane","symbol":"SIM","quantity":"4926.000","price":"0.00108000","timestamp":1626135540,"volume":"5.32008000","buyTxId":"2fa411a9a3f43bd15e31a78739c8c783417e7443","sellTxId":"1f9179e5e22049b6ecdc3efd0140d2a200be2775"}
{"index": {"_index":"sim","_id":"1215547"}}
	{"id":1215547,"type":"sell","buyer":"d-pend","seller":"threejay","symbol":"SIM","quantity":"2255.000","price":"0.00108000","timestamp":1626136020,"volume":"2.43540000","buyTxId":"2fa411a9a3f43bd15e31a78739c8c783417e7443","sellTxId":"2c303c992d826b2cb05b0e61880caf32a7d5bcc8"}
{"index": {"_index":"sim","_id":"1215559"}}
	{"id":1215559,"type":"sell","buyer":"d-pend","seller":"joheredia21","symbol":"SIM","quantity":"46428","price":"0.00108000","timestamp":1626136224,"volume":"50.14224000","buyTxId":"2fa411a9a3f43bd15e31a78739c8c783417e7443","sellTxId":"c1250cb839980677e45032264177f0553055a481"}
{"index": {"_index":"sim","_id":"1215696"}}
	{"id":1215696,"type":"sell","buyer":"d-pend","seller":"brofi-market","symbol":"SIM","quantity":"89.349","price":"0.00108000","timestamp":1626138348,"volume":"0.09649692","buyTxId":"2fa411a9a3f43bd15e31a78739c8c783417e7443","sellTxId":"0985fbbc1fa71353a3fb20eeeba217d8c782f08f"}
{"index": {"_index":"sim","_id":"1215866"}}
	{"id":1215866,"type":"sell","buyer":"d-pend","seller":"steemstreems","symbol":"SIM","quantity":"1630.008","price":"0.00108000","timestamp":1626140649,"volume":"1.76040864","buyTxId":"2fa411a9a3f43bd15e31a78739c8c783417e7443","sellTxId":"fae875345cecfa1a84a3ddd87f9bf53e57986a94"}
{"index": {"_index":"sim","_id":"1216012"}}
	{"id":1216012,"type":"sell","buyer":"d-pend","seller":"eshr92","symbol":"SIM","quantity":"173.900","price":"0.00108000","timestamp":1626143214,"volume":"0.18781200","buyTxId":"2fa411a9a3f43bd15e31a78739c8c783417e7443","sellTxId":"2f087243066d87b08eda6534fe737580ad8a9476"}
{"index": {"_index":"sim","_id":"1216077"}}
	{"id":1216077,"type":"buy","buyer":"rilo","seller":"mmrx","symbol":"SIM","quantity":"1194.000","price":"0.00109373","timestamp":1626144900,"volume":"1.30591362","buyTxId":"3d55d1e78121af683dd59d3cbd92e24a85c8df8e","sellTxId":"MM-P-8614912-55594845-3-15-0"}
