{"index": {"_index":"sim","_id":"2697924"}}
	{"id":2697924,"type":"sell","buyer":"pi-trader","seller":"nrg","symbol":"SIM","quantity":"8650.000","price":"0.00049001","timestamp":1643859531,"volume":"4.23858650","buyTxId":"7dba38343f0e8690c87cfd385cb475b7d660e668-3","sellTxId":"b4e7a7e6525ab4d1c90316f76aa7bcc5e3e5d62b-1"}
{"index": {"_index":"sim","_id":"2698269"}}
	{"id":2698269,"type":"buy","buyer":"jwjqu.wam","seller":"pi-trader","symbol":"SIM","quantity":"50000.000","price":"0.00050998","timestamp":1643861523,"volume":"25.49900000","buyTxId":"a7bbcb1d8d878187a43f909e8cf68dd8eaa950a6","sellTxId":"5fac8c9c9c79b22c8d0ea739dccfb583fb83a65b-4"}
{"index": {"_index":"sim","_id":"2698278"}}
	{"id":2698278,"type":"buy","buyer":"jwjqu.wam","seller":"brofi-market","symbol":"SIM","quantity":"0.002","price":"0.00050999","timestamp":1643861595,"volume":"0.00000102","buyTxId":"cb7ed3133f07dcf77b2a7da5ecff5650b6463f6a","sellTxId":"211eb21a439c579aa71a5105bcee9c2e73036d31"}
{"index": {"_index":"sim","_id":"2698279"}}
	{"id":2698279,"type":"buy","buyer":"jwjqu.wam","seller":"pi-trader","symbol":"SIM","quantity":"41899.998","price":"0.00050999","timestamp":1643861595,"volume":"21.36857998","buyTxId":"cb7ed3133f07dcf77b2a7da5ecff5650b6463f6a","sellTxId":"d8629274c8734a461d479fdb548196b169e8b538-7"}
{"index": {"_index":"sim","_id":"2698417"}}
	{"id":2698417,"type":"sell","buyer":"pi-trader","seller":"theguruasia","symbol":"SIM","quantity":"1793.464","price":"0.00049001","timestamp":1643862558,"volume":"0.87881529","buyTxId":"829a979de839de4dd43d986257c8cc86dda3d21f-14","sellTxId":"5aaaa2493a67e837a03456f8e401d5465f5c46c3"}
{"index": {"_index":"sim","_id":"2698432"}}
	{"id":2698432,"type":"buy","buyer":"cryptobandito01","seller":"pi-trader","symbol":"SIM","quantity":"10000.000","price":"0.00050999","timestamp":1643862750,"volume":"5.09990000","buyTxId":"c6296120c13be7b9b70cb02f73d9830a462697e6","sellTxId":"152bfd4929adffcfe773dcefed810d36034d83a0-6"}
{"index": {"_index":"sim","_id":"2698468"}}
	{"id":2698468,"type":"sell","buyer":"pi-trader","seller":"elevator09","symbol":"SIM","quantity":"3969.825","price":"0.00049001","timestamp":1643863050,"volume":"1.94525395","buyTxId":"1a030de823a743438b6196e051958a6e9abbd1e0-3","sellTxId":"d2983ddd1e7d9e8d0cdfdf6b154804dab7f68cdc"}
{"index": {"_index":"sim","_id":"2698476"}}
	{"id":2698476,"type":"sell","buyer":"pi-trader","seller":"taitux","symbol":"SIM","quantity":"436.000","price":"0.00049001","timestamp":1643863200,"volume":"0.21364436","buyTxId":"85c4d7e690281f88f2a6e63668c07dd8c38f364e-3","sellTxId":"7087cf87e89c2cce799b0d4520ccd94c2fa56a9d"}
{"index": {"_index":"sim","_id":"2698554"}}
	{"id":2698554,"type":"sell","buyer":"pi-trader","seller":"forsakensushi","symbol":"SIM","quantity":"700.000","price":"0.00049001","timestamp":1643863917,"volume":"0.34300700","buyTxId":"0eb45095d081128c28adeb8d1ed711c6d6e124ff-4","sellTxId":"c266602dc5e977f9676a8ed3f93c0f71c2ea3205"}
{"index": {"_index":"sim","_id":"2699245"}}
	{"id":2699245,"type":"sell","buyer":"pi-trader","seller":"atomcollector","symbol":"SIM","quantity":"2644.559","price":"0.00049001","timestamp":1643873580,"volume":"1.29586036","buyTxId":"592fd9508fc9ce05ea20ce69954ee39c87772796-5","sellTxId":"10e8119b13cdfa0567e3ac56ca520aed3dc344b7"}
{"index": {"_index":"sim","_id":"2699352"}}
	{"id":2699352,"type":"sell","buyer":"pi-trader","seller":"juanmiguelsalas","symbol":"SIM","quantity":"5000.000","price":"0.00049001","timestamp":1643874690,"volume":"2.45005000","buyTxId":"2cb0078eaaa0a9b3d42720b4fc5fe1e36f7c3189-5","sellTxId":"7f0923ba40171186b585c641b0fa256a226860b3"}
{"index": {"_index":"sim","_id":"2699407"}}
	{"id":2699407,"type":"sell","buyer":"pi-trader","seller":"imperij4427","symbol":"SIM","quantity":"29186.000","price":"0.00049001","timestamp":1643875539,"volume":"14.30143186","buyTxId":"38b75bbaa93ad6251b2b878c1636eb5b3cfdfeee-3","sellTxId":"635811c4fae206ac21592c369f760eb9c2b437b7"}
{"index": {"_index":"sim","_id":"2699619"}}
	{"id":2699619,"type":"sell","buyer":"cardface","seller":"cursephantom","symbol":"SIM","quantity":"0.020","price":"0.00050000","timestamp":1643879307,"volume":"0.00001000","buyTxId":"4744dd26f14bd90e6612e5455d122fc0383234d6","sellTxId":"b4298c2538a15fe097faae6a436c8fc98f513d04"}
{"index": {"_index":"sim","_id":"2699723"}}
	{"id":2699723,"type":"buy","buyer":"monsterjamgold","seller":"pi-trader","symbol":"SIM","quantity":"9804.000","price":"0.00050999","timestamp":1643881116,"volume":"4.99994196","buyTxId":"b0ac9582b27db4d5f4272d1e7c135fd1eda9c4a7","sellTxId":"3a4409af61935846d5e95f91eb8aca05d2318c71-8"}
{"index": {"_index":"sim","_id":"2699971"}}
	{"id":2699971,"type":"buy","buyer":"monsterjamgold","seller":"pi-trader","symbol":"SIM","quantity":"3524.000","price":"0.00050998","timestamp":1643882985,"volume":"1.79716952","buyTxId":"90517f86fd9beb203051f8b192ea3a136e1fe7b4","sellTxId":"35e284e978f2c7112ee844a87a3974567bd74bd2-4"}
{"index": {"_index":"sim","_id":"2700111"}}
	{"id":2700111,"type":"buy","buyer":"dswap","seller":"pi-trader","symbol":"SIM","quantity":"21.395","price":"0.00050998","timestamp":1643885268,"volume":"0.01091115","buyTxId":"05dadcd3aa74ff94323556913e41b2f00d55ded3","sellTxId":"7dc6c77d46ecdc76c24b21df1c84263165725cea-4"}
{"index": {"_index":"sim","_id":"2700123"}}
	{"id":2700123,"type":"buy","buyer":"dswap","seller":"pi-trader","symbol":"SIM","quantity":"10.193","price":"0.00050998","timestamp":1643885475,"volume":"0.00519870","buyTxId":"95afe6bce6e25ca885d42fd188df40f2a322b149","sellTxId":"a1e357e40c723bb148eb80954fa2ae77e2a8c5f9-12"}
{"index": {"_index":"sim","_id":"2700129"}}
	{"id":2700129,"type":"buy","buyer":"dswap","seller":"pi-trader","symbol":"SIM","quantity":"11.765","price":"0.00050998","timestamp":1643885580,"volume":"0.00600000","buyTxId":"2b15895c961b6a44ad526ba9ad6317a414fdc551","sellTxId":"c128c9bb32b6d9be5cc37b29ae16d04349650f9e-8"}
{"index": {"_index":"sim","_id":"2700146"}}
	{"id":2700146,"type":"sell","buyer":"cardface","seller":"gamsam","symbol":"SIM","quantity":"1999.980","price":"0.00050000","timestamp":1643885955,"volume":"0.99999000","buyTxId":"4744dd26f14bd90e6612e5455d122fc0383234d6","sellTxId":"ed544cdc1139ad834df217c1b0544ebba1f3eb08"}
{"index": {"_index":"sim","_id":"2700147"}}
	{"id":2700147,"type":"sell","buyer":"d-pend","seller":"gamsam","symbol":"SIM","quantity":"768.547","price":"0.00049000","timestamp":1643885955,"volume":"0.37658803","buyTxId":"d60813df1d8a26ddeb84fcc84f10097f815401a1","sellTxId":"ed544cdc1139ad834df217c1b0544ebba1f3eb08"}
{"index": {"_index":"sim","_id":"2700148"}}
	{"id":2700148,"type":"sell","buyer":"udabeu","seller":"gamsam","symbol":"SIM","quantity":"1111.000","price":"0.00049000","timestamp":1643885955,"volume":"0.54439000","buyTxId":"367947d37426347d40a1b8c3e5a9a43c09f5f15f","sellTxId":"ed544cdc1139ad834df217c1b0544ebba1f3eb08"}
{"index": {"_index":"sim","_id":"2700149"}}
	{"id":2700149,"type":"sell","buyer":"jelly13","seller":"gamsam","symbol":"SIM","quantity":"102455.000","price":"0.00048100","timestamp":1643885955,"volume":"49.28085500","buyTxId":"d7c7613606876722b62ca8ec60a078cbc59569a9","sellTxId":"ed544cdc1139ad834df217c1b0544ebba1f3eb08"}
{"index": {"_index":"sim","_id":"2700150"}}
	{"id":2700150,"type":"sell","buyer":"jelly-cz","seller":"gamsam","symbol":"SIM","quantity":"96019.473","price":"0.00045400","timestamp":1643885955,"volume":"43.59284074","buyTxId":"MM-P-14133524-61120725-3-33-0","sellTxId":"ed544cdc1139ad834df217c1b0544ebba1f3eb08"}
{"index": {"_index":"sim","_id":"2700336"}}
	{"id":2700336,"type":"buy","buyer":"evilisme","seller":"pi-trader","symbol":"SIM","quantity":"3087.000","price":"0.00050998","timestamp":1643888754,"volume":"1.57430826","buyTxId":"ee7bf2773c8fe6005d9e690861a55f7be5d6c129","sellTxId":"57a7cf246635dbb318a2a6fb10c51edae6d3d27a-12"}
{"index": {"_index":"sim","_id":"2700383"}}
	{"id":2700383,"type":"buy","buyer":"evilisme","seller":"pi-trader","symbol":"SIM","quantity":"50000.000","price":"0.00050998","timestamp":1643889303,"volume":"25.49900000","buyTxId":"fd0732e11b3130e370f5656e94a525b54bdab44d","sellTxId":"6fd5227ae5c873f82bfd88ede25a95bceaf35d8a-4"}
{"index": {"_index":"sim","_id":"2700674"}}
	{"id":2700674,"type":"buy","buyer":"jelly13","seller":"vincentnijman","symbol":"SIM","quantity":"2734.659","price":"0.00050000","timestamp":1643892921,"volume":"1.36732950","buyTxId":"bb4704c35e59fef880400d634c63d143b6f2892a","sellTxId":"f2eb567252fda27980c06a56af9f51f6724dac6d"}
{"index": {"_index":"sim","_id":"2700831"}}
	{"id":2700831,"type":"sell","buyer":"jelly13","seller":"ewkaw","symbol":"SIM","quantity":"2265.341","price":"0.00050000","timestamp":1643894658,"volume":"1.13267050","buyTxId":"bb4704c35e59fef880400d634c63d143b6f2892a","sellTxId":"9a5cfc03a201e698c796c186c2e3e92e76f7489e"}
{"index": {"_index":"sim","_id":"2700832"}}
	{"id":2700832,"type":"sell","buyer":"jelly-cz","seller":"ewkaw","symbol":"SIM","quantity":"42734.659","price":"0.00045400","timestamp":1643894658,"volume":"19.40153519","buyTxId":"MM-P-14133524-61120725-3-33-0","sellTxId":"9a5cfc03a201e698c796c186c2e3e92e76f7489e"}
{"index": {"_index":"sim","_id":"2700850"}}
	{"id":2700850,"type":"sell","buyer":"pi-trader","seller":"dswap","symbol":"SIM","quantity":"57","price":"0.00045401","timestamp":1643894886,"volume":"0.02587857","buyTxId":"b0492cc550f3044c9a05396dd23794ec525b4bf1-3","sellTxId":"e186bd20be8c1627c178958db549a19b7caa3703"}
{"index": {"_index":"sim","_id":"2700893"}}
	{"id":2700893,"type":"sell","buyer":"pi-trader","seller":"tonytrillions","symbol":"SIM","quantity":"0.020","price":"0.00045401","timestamp":1643895276,"volume":"0.00000908","buyTxId":"9c92127f40c49931bbf686b83aace60d2d821ce5-1","sellTxId":"37b6b4ba9f0cc96aaa05408a25cb499e23d7693a"}
{"index": {"_index":"sim","_id":"2701076"}}
	{"id":2701076,"type":"sell","buyer":"pi-trader","seller":"anderssinho","symbol":"SIM","quantity":"0.215","price":"0.00046001","timestamp":1643897907,"volume":"0.00009890","buyTxId":"a534efb2075c864953d6b25ca06281837f91299e-3","sellTxId":"dada090dfc7fe0a96b8b0f78b9ebb30d2cca7054"}
{"index": {"_index":"sim","_id":"2701221"}}
	{"id":2701221,"type":"buy","buyer":"jakkal","seller":"mongshter","symbol":"SIM","quantity":"100.000","price":"0.00050900","timestamp":1643899743,"volume":"0.05090000","buyTxId":"90557c7e01d4655dfbb9b96220894a59a8bf9c32","sellTxId":"8bc9f0453aa6a93841fffa62279f910421f927c3"}
{"index": {"_index":"sim","_id":"2701236"}}
	{"id":2701236,"type":"buy","buyer":"jakkal","seller":"pi-trader","symbol":"SIM","quantity":"700.000","price":"0.00050998","timestamp":1643899848,"volume":"0.35698600","buyTxId":"a810cd55021c44cb2bf3080b7ebca86c3f5122b4","sellTxId":"0a429d1236d58aaa6c22efda3ced06affad49780-2"}
{"index": {"_index":"sim","_id":"2701285"}}
	{"id":2701285,"type":"buy","buyer":"jakkal","seller":"pi-trader","symbol":"SIM","quantity":"1000.000","price":"0.00050998","timestamp":1643900451,"volume":"0.50998000","buyTxId":"c362528e720a85317bae7a2b5d85dea660735dcd","sellTxId":"52f143f4ab17fd732866abd6f77930d8ea463393-2"}
{"index": {"_index":"sim","_id":"2701607"}}
	{"id":2701607,"type":"sell","buyer":"pi-trader","seller":"flaxz","symbol":"SIM","quantity":"7.593","price":"0.00046701","timestamp":1643904429,"volume":"0.00354601","buyTxId":"2b855c0847426fd1ccac4203d682efeee07f39e6-1","sellTxId":"2682cd866f006340d475b26783edf5b83db1d1d2"}
{"index": {"_index":"sim","_id":"2701661"}}
	{"id":2701661,"type":"sell","buyer":"pi-trader","seller":"brofi-market","symbol":"SIM","quantity":"0.004","price":"0.00046701","timestamp":1643904705,"volume":"0.00000187","buyTxId":"11db462afd5b1ebc080ec0df5bca8e22f4d4717d-4","sellTxId":"29f667b763865419137af5fc5e3a2e7d8217b20a"}
{"index": {"_index":"sim","_id":"2701998"}}
	{"id":2701998,"type":"sell","buyer":"pi-trader","seller":"aliveprojects","symbol":"SIM","quantity":"61.796","price":"0.00046701","timestamp":1643907288,"volume":"0.02885935","buyTxId":"42ff2c5c6a11a119b0b2d73b16ee4ad47014759b-5","sellTxId":"51e69027eb94faf230a17cfd2be7d53326ad5c87"}
{"index": {"_index":"sim","_id":"2702275"}}
	{"id":2702275,"type":"sell","buyer":"pi-trader","seller":"evilisme","symbol":"SIM","quantity":"43896.464","price":"0.00046701","timestamp":1643909532,"volume":"20.50008765","buyTxId":"bac600e19cd524b1b23e269b7518fefab0ed7349-3","sellTxId":"9ca5deafd0dd8b01ef25bf80f6878e727d32a218"}
{"index": {"_index":"sim","_id":"2702330"}}
	{"id":2702330,"type":"sell","buyer":"pi-trader","seller":"elricmoonslayer","symbol":"SIM","quantity":"36.066","price":"0.00046701","timestamp":1643910000,"volume":"0.01684318","buyTxId":"15a2cebd5160fd255eb9a4129dd003c6e0e801d9-3","sellTxId":"3276ddbefa4bd2448485731c8c1cbf5a2c7b875f"}
{"index": {"_index":"sim","_id":"2702431"}}
	{"id":2702431,"type":"buy","buyer":"jwjqu.wam","seller":"pi-trader","symbol":"SIM","quantity":"3213.000","price":"0.00050994","timestamp":1643910831,"volume":"1.63843722","buyTxId":"97a9e6160f525e796de367a099f2983de076d86e","sellTxId":"544f59458f5020012c14f19e0d9d9304504df209-7"}
{"index": {"_index":"sim","_id":"2702614"}}
	{"id":2702614,"type":"sell","buyer":"pi-trader","seller":"lifeskills-tv","symbol":"SIM","quantity":"523.602","price":"0.00046701","timestamp":1643912253,"volume":"0.24452737","buyTxId":"7272cf26fdb86cfc88ca04d68bf916cccd318823-1","sellTxId":"6d3f4bf2c9fa75dab3dc8d12bb9333d1506d3c47"}
{"index": {"_index":"sim","_id":"2702874"}}
	{"id":2702874,"type":"buy","buyer":"rexikhan","seller":"pi-trader","symbol":"SIM","quantity":"412.000","price":"0.00050994","timestamp":1643914545,"volume":"0.21009528","buyTxId":"af83f6585415efd20f75a9530a571808bd48c2f1","sellTxId":"66aa5b4a7e2a06f1cd40bf81185c7a954af5c247-2"}
{"index": {"_index":"sim","_id":"2702939"}}
	{"id":2702939,"type":"sell","buyer":"pi-trader","seller":"otherbrandt","symbol":"SIM","quantity":"150000.000","price":"0.00046701","timestamp":1643915397,"volume":"70.05150000","buyTxId":"bfd31c63c6e0cde51f840e0f1d680e0e3b505107-7","sellTxId":"b539c98991499b59e303d5254a91c7838aa60d4f"}
{"index": {"_index":"sim","_id":"2702943"}}
	{"id":2702943,"type":"buy","buyer":"svirus","seller":"imperij4427","symbol":"SIM","quantity":"5736.000","price":"0.00047000","timestamp":1643915463,"volume":"2.69592000","buyTxId":"ce07dae61690d6e5c23e058f085acb534c50c95d-0","sellTxId":"86416bc2541664312b7bc6a7a3009611d115d82e"}
{"index": {"_index":"sim","_id":"2703060"}}
	{"id":2703060,"type":"buy","buyer":"jeanlucsr","seller":"pi-trader","symbol":"SIM","quantity":"49000.000","price":"0.00050994","timestamp":1643917137,"volume":"24.98706000","buyTxId":"c930e067da2208c88e0fd234d8b71e2bf542d1ed","sellTxId":"42a24cb0e1a8027d5f5c40aadb5c8c6a66317987-1"}
{"index": {"_index":"sim","_id":"2703124"}}
	{"id":2703124,"type":"sell","buyer":"pi-trader","seller":"pele23","symbol":"SIM","quantity":"0.018","price":"0.00046701","timestamp":1643917902,"volume":"0.00000841","buyTxId":"b9c200226d4f350c1b51b7f37b43375a123e4ad9-2","sellTxId":"4e0854461d335f3764c978c9fbf080c4d17139aa"}
{"index": {"_index":"sim","_id":"2703232"}}
	{"id":2703232,"type":"sell","buyer":"pi-trader","seller":"brofi-market","symbol":"SIM","quantity":"0.001","price":"0.00046701","timestamp":1643919114,"volume":"0.00000047","buyTxId":"0e3e065b31cfdb69da905486042d418dc7948c54-1","sellTxId":"c712d7bf9f2c2d2ccc62c95e3f6253f1c9bd9c90"}
{"index": {"_index":"sim","_id":"2703300"}}
	{"id":2703300,"type":"sell","buyer":"pi-trader","seller":"evilisme","symbol":"SIM","quantity":"6906.278","price":"0.00046701","timestamp":1643919819,"volume":"3.22530089","buyTxId":"5f2e9f7d2f81b81d98da5dce29387bffd2ab6a54-3","sellTxId":"dd87833ed54c858ef186d488c4156c7094da95cc"}
{"index": {"_index":"sim","_id":"2703452"}}
	{"id":2703452,"type":"sell","buyer":"pi-trader","seller":"evilisme","symbol":"SIM","quantity":"13559.300","price":"0.00046701","timestamp":1643921634,"volume":"6.33232869","buyTxId":"f483e9ab53cae0ddb5b7ca41f7db2578594d511c-3","sellTxId":"8b56090a3d16b0b0c7740ea7f31e5f80111c7198"}
{"index": {"_index":"sim","_id":"2703542"}}
	{"id":2703542,"type":"sell","buyer":"pi-trader","seller":"worldfinances","symbol":"SIM","quantity":"1000.000","price":"0.00046701","timestamp":1643922816,"volume":"0.46701000","buyTxId":"43088f712a2ae689373a80f4c8307cb0d476f839-3","sellTxId":"ccfe23c8b0fb2f30b89474421e4125a15ec00799"}
{"index": {"_index":"sim","_id":"2703606"}}
	{"id":2703606,"type":"buy","buyer":"jelly13","seller":"forsakensushi","symbol":"SIM","quantity":"880.000","price":"0.00047000","timestamp":1643923953,"volume":"0.41360000","buyTxId":"bb094a8d8beebdda7680186675eefbf6e8f2cd21","sellTxId":"f01f38c805db5730f0f48ed2474624ce50a72028"}
{"index": {"_index":"sim","_id":"2703790"}}
	{"id":2703790,"type":"sell","buyer":"pi-trader","seller":"adalger","symbol":"SIM","quantity":"0.004","price":"0.00047001","timestamp":1643925576,"volume":"0.00000188","buyTxId":"3ee657eaca574dbd1585794e0875160779da9a30-1","sellTxId":"1d772c1f7856aa99c4107246e55f5a4fe541c41e"}
{"index": {"_index":"sim","_id":"2703874"}}
	{"id":2703874,"type":"sell","buyer":"pi-trader","seller":"evilisme","symbol":"SIM","quantity":"2422.500","price":"0.00047001","timestamp":1643926758,"volume":"1.13859923","buyTxId":"8edd9706fc17040c8e260d9025f9b2afab39b718-1","sellTxId":"047113374026f1855a8f12e679f0a37e87a26ae3"}
{"index": {"_index":"sim","_id":"2703911"}}
	{"id":2703911,"type":"buy","buyer":"evernoticethat","seller":"brofi-market","symbol":"SIM","quantity":"0.001","price":"0.00050994","timestamp":1643927238,"volume":"0.00000051","buyTxId":"01beaf108c7b0833080b5fc2b3ca888f480214b0","sellTxId":"46bdce6a8f49e04ad13596a590b9e3a9528b5e22"}
{"index": {"_index":"sim","_id":"2703912"}}
	{"id":2703912,"type":"buy","buyer":"evernoticethat","seller":"pi-trader","symbol":"SIM","quantity":"1199.999","price":"0.00050994","timestamp":1643927238,"volume":"0.61192749","buyTxId":"01beaf108c7b0833080b5fc2b3ca888f480214b0","sellTxId":"3ee657eaca574dbd1585794e0875160779da9a30-8"}
{"index": {"_index":"sim","_id":"2704000"}}
	{"id":2704000,"type":"sell","buyer":"pi-trader","seller":"elevator09","symbol":"SIM","quantity":"1742.000","price":"0.00047001","timestamp":1643928423,"volume":"0.81875742","buyTxId":"0b3e5d611b420211758f117a6e57545cebd87c5b-3","sellTxId":"61b82846922e015fec0cda9a22c7098e6b788beb"}
{"index": {"_index":"sim","_id":"2704054"}}
	{"id":2704054,"type":"sell","buyer":"pi-trader","seller":"evilisme","symbol":"SIM","quantity":"8949.000","price":"0.00047001","timestamp":1643929017,"volume":"4.20611949","buyTxId":"a6ef2a2ad16c8180148174e7fbcffa632ced58e6-3","sellTxId":"f1e6ff826eaa32bcaac4000456cf9f2dd0c8ee98"}
{"index": {"_index":"sim","_id":"2704100"}}
	{"id":2704100,"type":"sell","buyer":"pi-trader","seller":"he-index","symbol":"SIM","quantity":"136.297","price":"0.00047001","timestamp":1643929506,"volume":"0.06406095","buyTxId":"de34c4a39729e1dc77776e574fd805f255b16c71-3","sellTxId":"716c01b7c6c7066d02bb1dffd6f51d45f4112392"}
{"index": {"_index":"sim","_id":"2704111"}}
	{"id":2704111,"type":"sell","buyer":"pi-trader","seller":"bearbear613","symbol":"SIM","quantity":"972.001","price":"0.00047001","timestamp":1643929665,"volume":"0.45685019","buyTxId":"5668849637c0b43685899dbcd7f0be86f85b06ec-1","sellTxId":"41d2c227ae6a7515bb8af18c58f1c9c3143427c6"}
{"index": {"_index":"sim","_id":"2704268"}}
	{"id":2704268,"type":"sell","buyer":"pi-trader","seller":"automaton","symbol":"SIM","quantity":"17989.303","price":"0.00047001","timestamp":1643931411,"volume":"8.45515230","buyTxId":"83920aa54612207e6ec466e8d92b668d934c7369-5","sellTxId":"ee8beeb58ddd2e961b5d705b403f0c733b056f41"}
{"index": {"_index":"sim","_id":"2704281"}}
	{"id":2704281,"type":"sell","buyer":"pi-trader","seller":"clubfungus","symbol":"SIM","quantity":"50264.472","price":"0.00047001","timestamp":1643931555,"volume":"23.62480448","buyTxId":"a305dc51fd39ce1e3eb45c397ee6029f3d7f69ae-7","sellTxId":"1d9b8e2f2aefa34943fcc1f56073aed8f03c3bbd"}
{"index": {"_index":"sim","_id":"2704463"}}
	{"id":2704463,"type":"sell","buyer":"pi-trader","seller":"brofi-market","symbol":"SIM","quantity":"0.003","price":"0.00047001","timestamp":1643933544,"volume":"0.00000141","buyTxId":"5e1c7acb7b87b7b998869cfad50ba182cad4b991-3","sellTxId":"c6df6f0ab9ab9394fb2974e8aaa14bfe23b98945"}
{"index": {"_index":"sim","_id":"2704978"}}
	{"id":2704978,"type":"sell","buyer":"pi-trader","seller":"toothsome","symbol":"SIM","quantity":"68.230","price":"0.00047001","timestamp":1643940525,"volume":"0.03206878","buyTxId":"65836d3d5417f05431867713922cba1f8f32e6d5-3","sellTxId":"0bbea7f3b564411e7856b850629783ccd002310c"}
{"index": {"_index":"sim","_id":"2705105"}}
	{"id":2705105,"type":"buy","buyer":"boycharliefamily","seller":"danewilliams","symbol":"SIM","quantity":"16289.206","price":"0.00050000","timestamp":1643941905,"volume":"8.14460300","buyTxId":"5e62782ae505411cef11f7b9a3ce967beff3b39d","sellTxId":"9d7c50c43b1fa3a7e3113568a5d1e923c1373181"}
{"index": {"_index":"sim","_id":"2705399"}}
	{"id":2705399,"type":"sell","buyer":"boycharliefamily","seller":"fiberfrau","symbol":"SIM","quantity":"5.333","price":"0.00050000","timestamp":1643945748,"volume":"0.00266650","buyTxId":"5e62782ae505411cef11f7b9a3ce967beff3b39d","sellTxId":"78f2b4c9b73f2631a49e5eed6870e42f2e9d803c"}
