{"index": {"_index":"sim","_id":"2098968"}}
	{"id":2098968,"type":"sell","buyer":"pi-trader","seller":"artistparthoroy","symbol":"SIM","quantity":"1714.000","price":"0.00054201","timestamp":1637812347,"volume":"0.92900514","buyTxId":"ad5d99c469ad47546a883e39772968ccef1c0d60-3","sellTxId":"0b0b15c5239c56947d6c6a8094be33052203141d"}
{"index": {"_index":"sim","_id":"2099005"}}
	{"id":2099005,"type":"buy","buyer":"thegoliath","seller":"eshr92","symbol":"SIM","quantity":"32.000","price":"0.00072000","timestamp":1637812566,"volume":"0.02304000","buyTxId":"f2e74526d7e3eb17b967022400fdf545952e0356","sellTxId":"6a65256dab1b731af6e343726daa75e0bb1cdd78"}
{"index": {"_index":"sim","_id":"2099006"}}
	{"id":2099006,"type":"buy","buyer":"thegoliath","seller":"pi-trader","symbol":"SIM","quantity":"50000.000","price":"0.00072998","timestamp":1637812566,"volume":"36.49900000","buyTxId":"f2e74526d7e3eb17b967022400fdf545952e0356","sellTxId":"5c54ac64afb8858f4cb7e7cfa087131324dc973c-6"}
{"index": {"_index":"sim","_id":"2099007"}}
	{"id":2099007,"type":"buy","buyer":"thegoliath","seller":"joebabana","symbol":"SIM","quantity":"57000.000","price":"0.00072999","timestamp":1637812566,"volume":"41.60943000","buyTxId":"f2e74526d7e3eb17b967022400fdf545952e0356","sellTxId":"c10b9ffd9c74401e0e01cb613e6ee79c14045dd7"}
{"index": {"_index":"sim","_id":"2099008"}}
	{"id":2099008,"type":"buy","buyer":"thegoliath","seller":"jelly-cz","symbol":"SIM","quantity":"66727.000","price":"0.00074196","timestamp":1637812566,"volume":"49.50876492","buyTxId":"f2e74526d7e3eb17b967022400fdf545952e0356","sellTxId":"MM-P-12484733-59471107-3-35-0"}
{"index": {"_index":"sim","_id":"2099009"}}
	{"id":2099009,"type":"sell","buyer":"thegoliath","seller":"konvik","symbol":"SIM","quantity":"6241.000","price":"0.00074200","timestamp":1637812569,"volume":"4.63082200","buyTxId":"f2e74526d7e3eb17b967022400fdf545952e0356","sellTxId":"38bba045388bdf468b8e1f6013f1e50fdbe26441-1"}
{"index": {"_index":"sim","_id":"2099033"}}
	{"id":2099033,"type":"sell","buyer":"pi-trader","seller":"hirohurl","symbol":"SIM","quantity":"76.258","price":"0.00054121","timestamp":1637812749,"volume":"0.04127159","buyTxId":"e0976bfdde148769194561da6157c73258b1f2c7-4","sellTxId":"634f0be7036938c8fcea8f26cf527518884d8139"}
{"index": {"_index":"sim","_id":"2099200"}}
	{"id":2099200,"type":"sell","buyer":"methus","seller":"sicarius","symbol":"SIM","quantity":"18000.000","price":"0.00054423","timestamp":1637813922,"volume":"9.79614000","buyTxId":"6adc2535ab4a1452821d8f967a2bea369d000ec0","sellTxId":"16ab802adeaa254229486452d8d923b964fd1c0e"}
{"index": {"_index":"sim","_id":"2099201"}}
	{"id":2099201,"type":"sell","buyer":"pi-trader","seller":"sicarius","symbol":"SIM","quantity":"50000.000","price":"0.00054123","timestamp":1637813922,"volume":"27.06150000","buyTxId":"de6b99c2fe05c70de6b4da5274721676a33f76c8-1","sellTxId":"16ab802adeaa254229486452d8d923b964fd1c0e"}
{"index": {"_index":"sim","_id":"2099202"}}
	{"id":2099202,"type":"sell","buyer":"jelly-cz","seller":"sicarius","symbol":"SIM","quantity":"87688.766","price":"0.00054120","timestamp":1637813922,"volume":"47.45716015","buyTxId":"MM-P-12484035-59470409-3-35-0","sellTxId":"16ab802adeaa254229486452d8d923b964fd1c0e"}
{"index": {"_index":"sim","_id":"2099203"}}
	{"id":2099203,"type":"sell","buyer":"enginemaker","seller":"sicarius","symbol":"SIM","quantity":"46287.724","price":"0.00054010","timestamp":1637813922,"volume":"24.99999973","buyTxId":"MM-P-12477757-59464130-3-2-0","sellTxId":"16ab802adeaa254229486452d8d923b964fd1c0e"}
{"index": {"_index":"sim","_id":"2099204"}}
	{"id":2099204,"type":"sell","buyer":"jelly13","seller":"sicarius","symbol":"SIM","quantity":"173023.510","price":"0.00053110","timestamp":1637813922,"volume":"91.89278616","buyTxId":"f68cc821b745ff2386fc49b7fce69b5fb29b9fb7","sellTxId":"16ab802adeaa254229486452d8d923b964fd1c0e"}
{"index": {"_index":"sim","_id":"2099208"}}
	{"id":2099208,"type":"sell","buyer":"pi-trader","seller":"sicarius","symbol":"SIM","quantity":"50000.000","price":"0.00054430","timestamp":1637814003,"volume":"27.21500000","buyTxId":"609419b65eb689b5a1cf0d1e54dab11b97426337-3","sellTxId":"9e9345169e1890d57148e09fb6fc2902375662b5"}
{"index": {"_index":"sim","_id":"2099369"}}
	{"id":2099369,"type":"buy","buyer":"libert","seller":"enginemaker","symbol":"SIM","quantity":"12901.771","price":"0.00070998","timestamp":1637814903,"volume":"9.16","buyTxId":"1cf32c8ec701c973db5985f2d924a0fda009cc9d","sellTxId":"MM-P-12487822-59474197-3-2-0"}
{"index": {"_index":"sim","_id":"2099710"}}
	{"id":2099710,"type":"sell","buyer":"pi-trader","seller":"pouchon","symbol":"SIM","quantity":"50000.000","price":"0.00054430","timestamp":1637816295,"volume":"27.21500000","buyTxId":"b39354436543f5622a827e759fa1483d343547ef-2","sellTxId":"591b63b85da3d74d6ced4c3705995ec21b5e72ad"}
{"index": {"_index":"sim","_id":"2099711"}}
	{"id":2099711,"type":"sell","buyer":"methus","seller":"pouchon","symbol":"SIM","quantity":"20000.000","price":"0.00054429","timestamp":1637816295,"volume":"10.88580000","buyTxId":"661b0899d210f7fe034b6d68812250368de2be85","sellTxId":"591b63b85da3d74d6ced4c3705995ec21b5e72ad"}
{"index": {"_index":"sim","_id":"2099742"}}
	{"id":2099742,"type":"buy","buyer":"konvik","seller":"enginemaker","symbol":"SIM","quantity":"33385.953","price":"0.00069997","timestamp":1637816358,"volume":"23.36916552","buyTxId":"8077d2eba419d5adcbab5c76bac3572bdd3dc53f-0","sellTxId":"MM-P-12488418-59474793-3-2-0"}
{"index": {"_index":"sim","_id":"2100245"}}
	{"id":2100245,"type":"sell","buyer":"pi-trader","seller":"fantasycrypto","symbol":"SIM","quantity":"664.050","price":"0.00054201","timestamp":1637819886,"volume":"0.35992174","buyTxId":"2f148e0e7c0d4359d09cc8e137f86dbbe56fa37b-1","sellTxId":"6a533bc7b7af80097c7b1b6e286d0c4a41594bd1"}
{"index": {"_index":"sim","_id":"2100653"}}
	{"id":2100653,"type":"buy","buyer":"krenden","seller":"pi-trader","symbol":"SIM","quantity":"331.000","price":"0.00072997","timestamp":1637823180,"volume":"0.24162007","buyTxId":"7fda68aa207491772485b262ca7884b45e4f4b03","sellTxId":"1796970bf8521d45b587d9c98aff3499ba1752ae-3"}
{"index": {"_index":"sim","_id":"2100726"}}
	{"id":2100726,"type":"sell","buyer":"pi-trader","seller":"piotr42","symbol":"SIM","quantity":"489.000","price":"0.00055001","timestamp":1637823858,"volume":"0.26895489","buyTxId":"53c84945d90821981a5907c972b4cc398fa3fce5-1","sellTxId":"71108387d386d0452319e48dd08aa187b9251b78"}
{"index": {"_index":"sim","_id":"2101103"}}
	{"id":2101103,"type":"sell","buyer":"pi-trader","seller":"anosys","symbol":"SIM","quantity":"26.032","price":"0.00055001","timestamp":1637828121,"volume":"0.01431786","buyTxId":"441ce7bae6a25050379c5da284f0273e7b9fe8e7-6","sellTxId":"6bc6417cb78edbc7885138a8800ee76dd4c4d896"}
{"index": {"_index":"sim","_id":"2101116"}}
	{"id":2101116,"type":"sell","buyer":"pi-trader","seller":"anosys","symbol":"SIM","quantity":"52.098","price":"0.00055001","timestamp":1637828172,"volume":"0.02865442","buyTxId":"7951c6b32a301f7a401cd6b57f6178239acb059a-1","sellTxId":"ad9612dfb8e06cc0635ffae0e593b713d500d9f6"}
{"index": {"_index":"sim","_id":"2101167"}}
	{"id":2101167,"type":"sell","buyer":"pi-trader","seller":"heikki1337","symbol":"SIM","quantity":"2626.679","price":"0.00055001","timestamp":1637828379,"volume":"1.44469972","buyTxId":"233b39aff616617fae39432ea3f6459b00f8b68c-4","sellTxId":"6d3406e199a08df3282ac831b6dfe62467ef1358"}
{"index": {"_index":"sim","_id":"2101190"}}
	{"id":2101190,"type":"sell","buyer":"pi-trader","seller":"eforucom","symbol":"SIM","quantity":"0.333","price":"0.00055001","timestamp":1637828472,"volume":"0.00018315","buyTxId":"7fba8fe2bb287c5cac3251f0f057b4db3cdacdc0-3","sellTxId":"10a21a78d4e58572b6c236d98fc3961416b3162e"}
{"index": {"_index":"sim","_id":"2101233"}}
	{"id":2101233,"type":"sell","buyer":"pi-trader","seller":"mfblack","symbol":"SIM","quantity":"12681.100","price":"0.00055001","timestamp":1637828739,"volume":"6.97473181","buyTxId":"4764edf9a723a9a5f6d0fae903313f336d58d402-3","sellTxId":"125cfdfb9402da9aafc0ed0e9c6a193a7c658bbd"}
{"index": {"_index":"sim","_id":"2101306"}}
	{"id":2101306,"type":"sell","buyer":"pi-trader","seller":"emsonic","symbol":"SIM","quantity":"2061.000","price":"0.00055001","timestamp":1637829696,"volume":"1.13357061","buyTxId":"8cb859a8a838857e05d7adeb368a0cb390737a0b-5","sellTxId":"621e526e90a596b9c1fa99bcddcff2fa90248826"}
{"index": {"_index":"sim","_id":"2101339"}}
	{"id":2101339,"type":"sell","buyer":"pi-trader","seller":"bambukah","symbol":"SIM","quantity":"5000.000","price":"0.00055001","timestamp":1637830185,"volume":"2.75005000","buyTxId":"e63031e9b6c2a84f8ad681546131e9c1ded3e2de-5","sellTxId":"9a708ae17013d4cf7b347f990f6d7663b14e751c"}
{"index": {"_index":"sim","_id":"2101347"}}
	{"id":2101347,"type":"buy","buyer":"svirus","seller":"thegoliath","symbol":"SIM","quantity":"44190.200","price":"0.00065000","timestamp":1637830272,"volume":"28.72363000","buyTxId":"7eab8c5f36c8c641d4468228fd3595edf25adbe3-0","sellTxId":"364f4e2bbf1ba7ef7e592eac2e178073685b9c25"}
{"index": {"_index":"sim","_id":"2101611"}}
	{"id":2101611,"type":"sell","buyer":"pi-trader","seller":"linco","symbol":"SIM","quantity":"5077.000","price":"0.00055001","timestamp":1637832180,"volume":"2.79240077","buyTxId":"64c7baf4c56f887962ed3fcaa13459378cf06966-4","sellTxId":"daf69df3e545a28a8d540fbcd48acd2d2891577d"}
{"index": {"_index":"sim","_id":"2101694"}}
	{"id":2101694,"type":"sell","buyer":"pi-trader","seller":"thegoliath","symbol":"SIM","quantity":"41171.100","price":"0.00055001","timestamp":1637832714,"volume":"22.64451671","buyTxId":"ee5bb8006153080a9b7f390898bb217e34a761b4-7","sellTxId":"18abb4a9c9948eef732a172f7e29dcedaa7362af"}
{"index": {"_index":"sim","_id":"2101723"}}
	{"id":2101723,"type":"sell","buyer":"pi-trader","seller":"bilpcoin.pay","symbol":"SIM","quantity":"6.855","price":"0.00055001","timestamp":1637832924,"volume":"0.00377032","buyTxId":"55b7ba45ef94292e4952946bf9706c38dc4a214c-7","sellTxId":"294ab57f75e2896320fc32bad2e85fea63acce83"}
{"index": {"_index":"sim","_id":"2101908"}}
	{"id":2101908,"type":"sell","buyer":"pi-trader","seller":"j85063","symbol":"SIM","quantity":"15000.000","price":"0.00055001","timestamp":1637834718,"volume":"8.25015000","buyTxId":"e320254b0d5175a3df996c2a7089a36c7873fac7-1","sellTxId":"a524f8732bc9868a75c43b378e39c68ac9ce370a"}
{"index": {"_index":"sim","_id":"2102017"}}
	{"id":2102017,"type":"buy","buyer":"svirus","seller":"thegoliath","symbol":"SIM","quantity":"72802.300","price":"0.00065000","timestamp":1637835396,"volume":"47.32149500","buyTxId":"d883dd208ad62c55a9f4b954c2d90a210a06efc1-0","sellTxId":"c1ba2f98fe256a75c7be0dbe2e98537318a48f72"}
{"index": {"_index":"sim","_id":"2102064"}}
	{"id":2102064,"type":"sell","buyer":"pi-trader","seller":"marvinix","symbol":"SIM","quantity":"190","price":"0.00055001","timestamp":1637835648,"volume":"0.10450190","buyTxId":"0757447195122442df42517ffa65825311e84fc3-4","sellTxId":"dfd37987debd3a400967f3ed05334e4f547dc24e"}
{"index": {"_index":"sim","_id":"2102066"}}
	{"id":2102066,"type":"buy","buyer":"evernoticethat","seller":"pereu4ivatel","symbol":"SIM","quantity":"1.000","price":"0.00071995","timestamp":1637835687,"volume":"0.00071995","buyTxId":"0194955df841f2e59f8572c4347bee9aa616c86f","sellTxId":"437b501818e49f62c02a3ab567ee324237da2737"}
{"index": {"_index":"sim","_id":"2102068"}}
	{"id":2102068,"type":"sell","buyer":"evernoticethat","seller":"willsaldeno","symbol":"SIM","quantity":"999.000","price":"0.00071995","timestamp":1637835708,"volume":"0.71923005","buyTxId":"0194955df841f2e59f8572c4347bee9aa616c86f","sellTxId":"568fcf0996b5020745873a1ea3ab392bcda51924"}
{"index": {"_index":"sim","_id":"2102069"}}
	{"id":2102069,"type":"sell","buyer":"pi-trader","seller":"willsaldeno","symbol":"SIM","quantity":"24448.000","price":"0.00055001","timestamp":1637835708,"volume":"13.44664448","buyTxId":"6ecb655706ab217cfcd78cfc28a8be6a515b24ff-8","sellTxId":"568fcf0996b5020745873a1ea3ab392bcda51924"}
{"index": {"_index":"sim","_id":"2102294"}}
	{"id":2102294,"type":"sell","buyer":"pi-trader","seller":"lightcaptured","symbol":"SIM","quantity":"586.964","price":"0.00055001","timestamp":1637837049,"volume":"0.32283607","buyTxId":"a6386d3f9514a089d9b027dfaac2f41ccd6044ba-3","sellTxId":"b59ac2a1a8e6e740b8aba159202c18d7fdd4b3b9"}
{"index": {"_index":"sim","_id":"2102582"}}
	{"id":2102582,"type":"sell","buyer":"pi-trader","seller":"hjchilb","symbol":"SIM","quantity":"1.889","price":"0.00056001","timestamp":1637839155,"volume":"0.00105786","buyTxId":"1f6218c3d8b78bc9f52df8393ce427b9d996c185-1","sellTxId":"561647909976b5a74f8e066bd31bc62b2ecb5c37"}
{"index": {"_index":"sim","_id":"2102656"}}
	{"id":2102656,"type":"sell","buyer":"pi-trader","seller":"ufuk","symbol":"SIM","quantity":"59.708","price":"0.00056001","timestamp":1637840256,"volume":"0.03343708","buyTxId":"437b34154d69fe7f42e9378d3ccd79c9973d1bfc-5","sellTxId":"71524a83b21a4028b8fbd4aff7f736a2d4347b6a"}
{"index": {"_index":"sim","_id":"2102792"}}
	{"id":2102792,"type":"buy","buyer":"evernoticethat","seller":"steem-hodler","symbol":"SIM","quantity":"500.000","price":"0.00070000","timestamp":1637841750,"volume":"0.35000000","buyTxId":"0ff030636f41e28d0d34ea1ae47d0ff29e089113","sellTxId":"a58f5411e63814fcb4d3e881fdc9c4582661394a"}
{"index": {"_index":"sim","_id":"2102894"}}
	{"id":2102894,"type":"sell","buyer":"pi-trader","seller":"nyxlabs","symbol":"SIM","quantity":"15011.029","price":"0.00056101","timestamp":1637842293,"volume":"8.42133738","buyTxId":"a06a0a7bd63f21889b7cf2b4fb12e513e7579b1c-3","sellTxId":"71c357a6cf78e6222449803faeec9cd032597fdf"}
{"index": {"_index":"sim","_id":"2102900"}}
	{"id":2102900,"type":"sell","buyer":"pi-trader","seller":"dswap","symbol":"SIM","quantity":"24.951","price":"0.00056101","timestamp":1637842314,"volume":"0.01399776","buyTxId":"a06a0a7bd63f21889b7cf2b4fb12e513e7579b1c-3","sellTxId":"08ed13f08ac9bb1e57296527de08701e44dddd17"}
{"index": {"_index":"sim","_id":"2103150"}}
	{"id":2103150,"type":"sell","buyer":"pi-trader","seller":"valor2s","symbol":"SIM","quantity":"24.000","price":"0.00056101","timestamp":1637844414,"volume":"0.01346424","buyTxId":"5ba7b55f538a0872426ecb5761cbeb635cebbee5-5","sellTxId":"493c4f882571851676215626d0e10ec85d085eee"}
{"index": {"_index":"sim","_id":"2103231"}}
	{"id":2103231,"type":"sell","buyer":"pi-trader","seller":"anderssinho","symbol":"SIM","quantity":"0.265","price":"0.00056101","timestamp":1637844945,"volume":"0.00014867","buyTxId":"87663160a87f9c03882d518296278c2b6b7a2a3f-2","sellTxId":"02b4ac85b7c05d2d3db720a363e08d5b565a3eab"}
{"index": {"_index":"sim","_id":"2103564"}}
	{"id":2103564,"type":"sell","buyer":"pi-trader","seller":"cryptictruth","symbol":"SIM","quantity":"15755.099","price":"0.00061011","timestamp":1637847489,"volume":"9.61234345","buyTxId":"bc761106d8ea0e2909e1b4dacf7bb8739c38c136-3","sellTxId":"8ae0090fe7378d63aa3ffa0524ad6aa4e8db0c9e"}
{"index": {"_index":"sim","_id":"2103637"}}
	{"id":2103637,"type":"sell","buyer":"pi-trader","seller":"cryptictruth","symbol":"SIM","quantity":"50000.000","price":"0.00061011","timestamp":1637848011,"volume":"30.50550000","buyTxId":"0ad8b5d251c327fd3de18af0de16d9970a00577a-3","sellTxId":"08dceca984e118997867404c509f0880a9f3164d"}
{"index": {"_index":"sim","_id":"2103640"}}
	{"id":2103640,"type":"buy","buyer":"svirus","seller":"cryptictruth","symbol":"SIM","quantity":"8755.590","price":"0.00061011","timestamp":1637848014,"volume":"5.34187301","buyTxId":"d45a7896690a259f7a2f1c39a84794f226eab161-0","sellTxId":"08dceca984e118997867404c509f0880a9f3164d"}
{"index": {"_index":"sim","_id":"2103641"}}
	{"id":2103641,"type":"buy","buyer":"konvik","seller":"cryptictruth","symbol":"SIM","quantity":"0.010","price":"0.00061011","timestamp":1637848014,"volume":"0.00000610","buyTxId":"79786968e92c374ec1c41a038b13597ad986190a-0","sellTxId":"08dceca984e118997867404c509f0880a9f3164d"}
{"index": {"_index":"sim","_id":"2103642"}}
	{"id":2103642,"type":"buy","buyer":"konvik","seller":"tonytrillions","symbol":"SIM","quantity":"0.045","price":"0.00069000","timestamp":1637848014,"volume":"0.00003105","buyTxId":"79786968e92c374ec1c41a038b13597ad986190a-0","sellTxId":"3de41d4a4ae6dc2610c825eb47ec2aaee8cfb013"}
{"index": {"_index":"sim","_id":"2104015"}}
	{"id":2104015,"type":"buy","buyer":"shmoogleosukami","seller":"steem-hodler","symbol":"SIM","quantity":"100.000","price":"0.00070000","timestamp":1637852388,"volume":"0.07000000","buyTxId":"6d21fcfb125c9706ce7e7020cdc8b4b4158e2cd5","sellTxId":"a58f5411e63814fcb4d3e881fdc9c4582661394a"}
{"index": {"_index":"sim","_id":"2104019"}}
	{"id":2104019,"type":"sell","buyer":"pi-trader","seller":"themightyvolcano","symbol":"SIM","quantity":"50000.000","price":"0.00061011","timestamp":1637852412,"volume":"30.50550000","buyTxId":"c537240055fd7efd43c61f8bddfaf02512c1d4ca-3","sellTxId":"f880155a46cc98a7c44a7f5a06e363d96f9669f6"}
{"index": {"_index":"sim","_id":"2104020"}}
	{"id":2104020,"type":"sell","buyer":"jelly13","seller":"themightyvolcano","symbol":"SIM","quantity":"10000.000","price":"0.00061010","timestamp":1637852412,"volume":"6.10100000","buyTxId":"aaa8a0afde9d755e54faeb5cb2373c76baa9e31c","sellTxId":"f880155a46cc98a7c44a7f5a06e363d96f9669f6"}
{"index": {"_index":"sim","_id":"2104021"}}
	{"id":2104021,"type":"sell","buyer":"wildebunny","seller":"themightyvolcano","symbol":"SIM","quantity":"12890.000","price":"0.00056100","timestamp":1637852412,"volume":"7.23129000","buyTxId":"bde85566db79212605ce5c94347997d3e224a99f","sellTxId":"f880155a46cc98a7c44a7f5a06e363d96f9669f6"}
{"index": {"_index":"sim","_id":"2104112"}}
	{"id":2104112,"type":"sell","buyer":"pi-trader","seller":"willsaldeno","symbol":"SIM","quantity":"1829.000","price":"0.00056101","timestamp":1637853510,"volume":"1.02608729","buyTxId":"67d48c33fd12fe29ede9cab658cf179fd9b5dd77-8","sellTxId":"4595051bf33221fe70cb923c3c41c42830313817"}
{"index": {"_index":"sim","_id":"2104241"}}
	{"id":2104241,"type":"sell","buyer":"pi-trader","seller":"lifeskills-tv","symbol":"SIM","quantity":"1902.472","price":"0.00056101","timestamp":1637854377,"volume":"1.06730582","buyTxId":"27e56453bea1b0ebbd62b61687627786dccb5efd-3","sellTxId":"20c2ec7c4f219079d4f712d6fdfee45c1960d234"}
{"index": {"_index":"sim","_id":"2104336"}}
	{"id":2104336,"type":"sell","buyer":"pi-trader","seller":"brofi-market","symbol":"SIM","quantity":"0.006","price":"0.00056101","timestamp":1637854935,"volume":"0.00000337","buyTxId":"8ee06aae865e7c629453ce18469d298f1580813f-3","sellTxId":"bce4efa5a9fa0dba122f805228a29ec3f9ccf392"}
{"index": {"_index":"sim","_id":"2104600"}}
	{"id":2104600,"type":"sell","buyer":"pi-trader","seller":"brofi-market","symbol":"SIM","quantity":"0.001","price":"0.00056101","timestamp":1637856444,"volume":"0.00000056","buyTxId":"d69366fefb5b803f7e1aecb965a6446ea4ac212d-3","sellTxId":"48963a37b4500744abb60058456e329199ce9f44"}
{"index": {"_index":"sim","_id":"2105225"}}
	{"id":2105225,"type":"buy","buyer":"suharik92","seller":"mosho-o","symbol":"SIM","quantity":"0.029","price":"0.00071500","timestamp":1637858745,"volume":"0.00002074","buyTxId":"39b614842e3e654f6e5fd4fa2f3d20d504da507e","sellTxId":"dd547df768ea4b4877cb945b47dc8bf9a9754b45"}
{"index": {"_index":"sim","_id":"2105226"}}
	{"id":2105226,"type":"buy","buyer":"suharik92","seller":"brofi-market","symbol":"SIM","quantity":"0.001","price":"0.00071500","timestamp":1637858745,"volume":"0.00000072","buyTxId":"39b614842e3e654f6e5fd4fa2f3d20d504da507e","sellTxId":"af8a68d88f22d8ade1bdfd082a4fb0e3b1433ca6"}
{"index": {"_index":"sim","_id":"2105228"}}
	{"id":2105228,"type":"sell","buyer":"suharik92","seller":"svirus","symbol":"SIM","quantity":"14999.970","price":"0.00071500","timestamp":1637858748,"volume":"10.72497855","buyTxId":"39b614842e3e654f6e5fd4fa2f3d20d504da507e","sellTxId":"45785df597f4c042a7dcfec4519d6a152e330b84-1"}
{"index": {"_index":"sim","_id":"2105241"}}
	{"id":2105241,"type":"sell","buyer":"pi-trader","seller":"choof","symbol":"SIM","quantity":"6887.500","price":"0.00056101","timestamp":1637858838,"volume":"3.86395638","buyTxId":"6364b60c062f764c61f5b0d7a525f01bc54260a3-3","sellTxId":"b50246d46645a0a5a6e1b51f6b84f4a4175eb769"}
{"index": {"_index":"sim","_id":"2105397"}}
	{"id":2105397,"type":"sell","buyer":"pi-trader","seller":"kevmcc","symbol":"SIM","quantity":"7.945","price":"0.00056101","timestamp":1637859405,"volume":"0.00445722","buyTxId":"4670c901c8e27b81188b4d3e8722f28b6d0453e9-5","sellTxId":"af8e5bd14f6667e273e11b9b445a0125e4343216"}
{"index": {"_index":"sim","_id":"2105571"}}
	{"id":2105571,"type":"sell","buyer":"pi-trader","seller":"eforucom","symbol":"SIM","quantity":"0.077","price":"0.00056101","timestamp":1637860077,"volume":"0.00004320","buyTxId":"8eecf16eecd1d919cccebd66af06088d3c8b954e-3","sellTxId":"ef24f588c8b45ef971e6453c121eb812f42865fb"}
{"index": {"_index":"sim","_id":"2105791"}}
	{"id":2105791,"type":"sell","buyer":"pi-trader","seller":"automaton","symbol":"SIM","quantity":"2000.000","price":"0.00056101","timestamp":1637860620,"volume":"1.12202000","buyTxId":"0545967e04f543deff41efedd209e186cb8634f8-4","sellTxId":"35d3562564eda48e62338a836ddc8aac3c86a443"}
{"index": {"_index":"sim","_id":"2105827"}}
	{"id":2105827,"type":"sell","buyer":"pi-trader","seller":"simplegame","symbol":"SIM","quantity":"67.697","price":"0.00056101","timestamp":1637860689,"volume":"0.03797869","buyTxId":"ba1da5db82c47d23d892ae1056bb0cea80c91709-7","sellTxId":"2337d09c973bb3502b9179700e0e00f507a48da9"}
{"index": {"_index":"sim","_id":"2105892"}}
	{"id":2105892,"type":"sell","buyer":"pi-trader","seller":"imperij4427","symbol":"SIM","quantity":"31658.000","price":"0.00056101","timestamp":1637860779,"volume":"17.76045458","buyTxId":"564aa57f5d9a8b93eeec2744d0e148e8623c6480-4","sellTxId":"1d02d54544ae7e7e7f2f875796dfecbe0ee26a23"}
{"index": {"_index":"sim","_id":"2106056"}}
	{"id":2106056,"type":"sell","buyer":"pi-trader","seller":"aliveprojects","symbol":"SIM","quantity":"16.534","price":"0.00056101","timestamp":1637861022,"volume":"0.00927574","buyTxId":"94e0201acf50794af0d744165bafc2915e06aabd-10","sellTxId":"a67ed1803c2d2e2a3946f0e943712fdb8699f123"}
{"index": {"_index":"sim","_id":"2106447"}}
	{"id":2106447,"type":"sell","buyer":"pi-trader","seller":"pouchon","symbol":"SIM","quantity":"23068.024","price":"0.00056101","timestamp":1637861706,"volume":"12.94139214","buyTxId":"3c6339ce625fd53f6dd7ceb9659977e11e92b5ef-7","sellTxId":"f87352f46c5470bae526e3191e384519b037ddbe"}
{"index": {"_index":"sim","_id":"2106481"}}
	{"id":2106481,"type":"sell","buyer":"pi-trader","seller":"magnacarta","symbol":"SIM","quantity":"0.015","price":"0.00056101","timestamp":1637861745,"volume":"0.00000842","buyTxId":"3c6339ce625fd53f6dd7ceb9659977e11e92b5ef-7","sellTxId":"c8d2d8755959313ddcdd7fd84fbe2426ee827258"}
{"index": {"_index":"sim","_id":"2106682"}}
	{"id":2106682,"type":"sell","buyer":"pi-trader","seller":"eldonburr","symbol":"SIM","quantity":"1000","price":"0.00056101","timestamp":1637861904,"volume":"0.56101000","buyTxId":"b9e534c4d1feeaefd6c74b1acc2d2317ce864a45-6","sellTxId":"24f25d0a5e494519fd9b19aa797290f5f5c2e45f"}
{"index": {"_index":"sim","_id":"2106899"}}
	{"id":2106899,"type":"sell","buyer":"pi-trader","seller":"aliveprojects","symbol":"SIM","quantity":"5.004","price":"0.00056101","timestamp":1637862111,"volume":"0.00280729","buyTxId":"0ed6ae81ce1c6bb233b7ab4b4ec6304c13205756-4","sellTxId":"9ddf8de0e2e2bdcc580aa38e70c15df31e3c5370"}
{"index": {"_index":"sim","_id":"2106924"}}
	{"id":2106924,"type":"sell","buyer":"pi-trader","seller":"eforucom","symbol":"SIM","quantity":"0.001","price":"0.00056101","timestamp":1637862204,"volume":"0.00000056","buyTxId":"a76bc1a55870f76b04856041a9514f8a4dfd72aa-1","sellTxId":"8089535a4e921d26e30ea0d35c950c546f6aaafc"}
{"index": {"_index":"sim","_id":"2106952"}}
	{"id":2106952,"type":"sell","buyer":"pi-trader","seller":"cryptomaniacsgr","symbol":"SIM","quantity":"2000.000","price":"0.00056101","timestamp":1637862303,"volume":"1.12202000","buyTxId":"43571bdcb877f892bc16a305fb28c81b80b20ff0-8","sellTxId":"3fcc4268237ee5cb5241212b8ce0dd10aaaa6c94"}
{"index": {"_index":"sim","_id":"2107501"}}
	{"id":2107501,"type":"sell","buyer":"pi-trader","seller":"lucky-elephant","symbol":"SIM","quantity":"5852.631","price":"0.00056101","timestamp":1637864589,"volume":"3.28338452","buyTxId":"2d1a4a54c3ced968fd1b2eebfea9e2ccb6bcd395-6","sellTxId":"138cd1be904d1d189c5081208a763480562bf9ff"}
{"index": {"_index":"sim","_id":"2107557"}}
	{"id":2107557,"type":"sell","buyer":"pi-trader","seller":"gs93","symbol":"SIM","quantity":"400.000","price":"0.00056103","timestamp":1637864820,"volume":"0.22441200","buyTxId":"3d67ba4305dbe9d237918203bfcd836653e7d0b0-7","sellTxId":"18b13acfe85976c665900b9044151af29bb3cb9f"}
{"index": {"_index":"sim","_id":"2107825"}}
	{"id":2107825,"type":"sell","buyer":"pi-trader","seller":"marvinix","symbol":"SIM","quantity":"2280","price":"0.00060001","timestamp":1637866236,"volume":"1.36802280","buyTxId":"e708bbd9cda43b727f4decc3447f981ff818b7a7-7","sellTxId":"ab79bbc9318446f5c6361e1fc9f31726d3772696"}
{"index": {"_index":"sim","_id":"2108052"}}
	{"id":2108052,"type":"sell","buyer":"pi-trader","seller":"bearbear613","symbol":"SIM","quantity":"993.012","price":"0.00060001","timestamp":1637868054,"volume":"0.59581713","buyTxId":"d9ccf256ff6e392670d67f493d6b09f4e06b8029-3","sellTxId":"bf95d6ac129489e8f17ec84af99a179f2a0ef661"}
{"index": {"_index":"sim","_id":"2108070"}}
	{"id":2108070,"type":"sell","buyer":"pi-trader","seller":"dinkozemnoto","symbol":"SIM","quantity":"1011.080","price":"0.00060001","timestamp":1637868363,"volume":"0.60665811","buyTxId":"cd18aa320fc9413ac45be1828f270ba2c3f4eb51-6","sellTxId":"c249230761959e6ba03898ac299e6e24acb160da"}
{"index": {"_index":"sim","_id":"2108240"}}
	{"id":2108240,"type":"sell","buyer":"pi-trader","seller":"desyfit","symbol":"SIM","quantity":"50000.000","price":"0.00063001","timestamp":1637869674,"volume":"31.50050000","buyTxId":"c53cf5a2f118302655218b907c2a8b5d07109239-5","sellTxId":"bee8a0f237906d24a2f6e4bdd3f5353e0a58ff0e"}
{"index": {"_index":"sim","_id":"2108287"}}
	{"id":2108287,"type":"sell","buyer":"pi-trader","seller":"captain.future","symbol":"SIM","quantity":"1860.000","price":"0.00063001","timestamp":1637870346,"volume":"1.17181860","buyTxId":"36e4881ab147c997a63defd272a36ae94daed057-2","sellTxId":"4e4363e293ee2e3fafb9c094d520d37e2d11b6be"}
{"index": {"_index":"sim","_id":"2108306"}}
	{"id":2108306,"type":"sell","buyer":"pi-trader","seller":"florian-glechner","symbol":"SIM","quantity":"16.000","price":"0.00063001","timestamp":1637870496,"volume":"0.01008016","buyTxId":"00d12a481b07335d99b6ee5e658ea12494c5a7d3-5","sellTxId":"65d71515bffaec6ba535158826a19e0c1aa18001"}
{"index": {"_index":"sim","_id":"2108413"}}
	{"id":2108413,"type":"sell","buyer":"pi-trader","seller":"frugal-fun","symbol":"SIM","quantity":"50000.000","price":"0.00063001","timestamp":1637871615,"volume":"31.50050000","buyTxId":"a59f9e5fcaa76cf5941e48b15dcb71e00114eb2c-1","sellTxId":"03bdeade62d50bab6f972bc72680937845753772"}
{"index": {"_index":"sim","_id":"2108441"}}
	{"id":2108441,"type":"sell","buyer":"pi-trader","seller":"frugal-fun","symbol":"SIM","quantity":"50000.000","price":"0.00063001","timestamp":1637871849,"volume":"31.50050000","buyTxId":"7f1a18c7bbb8ebc48a558c98876b60a3ab50dee2-2","sellTxId":"e1245b7dd107ef4a84ac22755ab8afb9b1985bd7"}
{"index": {"_index":"sim","_id":"2108534"}}
	{"id":2108534,"type":"sell","buyer":"pi-trader","seller":"fantasycrypto","symbol":"SIM","quantity":"17258.585","price":"0.00063001","timestamp":1637872872,"volume":"10.87308114","buyTxId":"4015571a022288b061cd29a9324c47d84f075857-3","sellTxId":"a8ca9e02e63d5df3d061169e21b9d0726da2bbd7"}
{"index": {"_index":"sim","_id":"2108545"}}
	{"id":2108545,"type":"sell","buyer":"pi-trader","seller":"steem-hodler","symbol":"SIM","quantity":"32000.000","price":"0.00063001","timestamp":1637872920,"volume":"20.16032000","buyTxId":"511c575d105bd2aa27dfd50cfeed4821a1a53b82-4","sellTxId":"05a23502e1a3fbde9badc8bde734eb4b34fc5865"}
{"index": {"_index":"sim","_id":"2108549"}}
	{"id":2108549,"type":"sell","buyer":"pi-trader","seller":"kobusu","symbol":"SIM","quantity":"18000.000","price":"0.00063001","timestamp":1637872962,"volume":"11.34018000","buyTxId":"f6256f7aaed6803d66a32ad35faaf96db1593833-4","sellTxId":"ff5b4798e86e2db827c442c035a12fd398613caf"}
{"index": {"_index":"sim","_id":"2108554"}}
	{"id":2108554,"type":"sell","buyer":"pi-trader","seller":"kobusu","symbol":"SIM","quantity":"6270.000","price":"0.00063001","timestamp":1637872995,"volume":"3.95016270","buyTxId":"827ab55136dbd1c94c26e30a48ccf607d28eed7b-3","sellTxId":"9c5628c1604ab9690f9deb61d31a59af44f9975e"}
{"index": {"_index":"sim","_id":"2108581"}}
	{"id":2108581,"type":"sell","buyer":"pi-trader","seller":"piotr42","symbol":"SIM","quantity":"469.000","price":"0.00063001","timestamp":1637873229,"volume":"0.29547469","buyTxId":"ff1257e9d5f1a40d23e63e57d8c282bd5d15d5fd-3","sellTxId":"ebff56547af159f902ea99fca8174fdb9189d91b"}
{"index": {"_index":"sim","_id":"2108597"}}
	{"id":2108597,"type":"sell","buyer":"pi-trader","seller":"bitcoinflood","symbol":"SIM","quantity":"1618.075","price":"0.00063001","timestamp":1637873316,"volume":"1.01940343","buyTxId":"2dee9295340c6df2dbe474e9b22fef492033692b-3","sellTxId":"59c7d35f12876a4a04299832d679c813d071935e"}
{"index": {"_index":"sim","_id":"2108676"}}
	{"id":2108676,"type":"sell","buyer":"pi-trader","seller":"balte","symbol":"SIM","quantity":"9000.000","price":"0.00063001","timestamp":1637873661,"volume":"5.67009000","buyTxId":"cf33d1bd71b8577da6b13dc9402ecfbb6bb679b7-3","sellTxId":"f419ed08876b78e748e45edc48f6770e29333e8e"}
{"index": {"_index":"sim","_id":"2108776"}}
	{"id":2108776,"type":"sell","buyer":"pi-trader","seller":"imperij4427","symbol":"SIM","quantity":"15476.000","price":"0.00063001","timestamp":1637874000,"volume":"9.75003476","buyTxId":"1cf2276434a78220dbd78cf7ec60ad126197ca97-7","sellTxId":"3fdbb529c3dd09a0beb174f4e582483b3f447c35"}
{"index": {"_index":"sim","_id":"2108885"}}
	{"id":2108885,"type":"buy","buyer":"dswap","seller":"pi-trader","symbol":"SIM","quantity":"2385.209","price":"0.00068999","timestamp":1637874456,"volume":"1.64577049","buyTxId":"4b8f00b567aecd884d3a49ea19c90fa9a30f9165","sellTxId":"71cdb4d55870b996cc6876cc8de7a8181a9c83dd-8"}
{"index": {"_index":"sim","_id":"2108942"}}
	{"id":2108942,"type":"sell","buyer":"pi-trader","seller":"neopch","symbol":"SIM","quantity":"1278.912","price":"0.00063001","timestamp":1637874843,"volume":"0.80572735","buyTxId":"83864677bc2cb7e96212a4504d24cb054536266f-4","sellTxId":"3b6de7fd96ee101b7248321e7e24d96f725bd3c5"}
{"index": {"_index":"sim","_id":"2108964"}}
	{"id":2108964,"type":"buy","buyer":"dswap","seller":"pi-trader","symbol":"SIM","quantity":"4781.035","price":"0.00068999","timestamp":1637874951,"volume":"3.29886700","buyTxId":"065c81c7d4af7c6eec598a03407304539dff1ecc","sellTxId":"eb8a8623aabb10bad9bcba0256ce2fbd9d3d8863-15"}
{"index": {"_index":"sim","_id":"2109044"}}
	{"id":2109044,"type":"sell","buyer":"pi-trader","seller":"lightcaptured","symbol":"SIM","quantity":"515.886","price":"0.00063001","timestamp":1637875611,"volume":"0.32501334","buyTxId":"9b271be2cb704fe81d251b98d26f332c3f5a38b5-4","sellTxId":"e132af92267f2ef56d17230814d0ff5bed884105"}
{"index": {"_index":"sim","_id":"2109045"}}
	{"id":2109045,"type":"sell","buyer":"pi-trader","seller":"willsaldeno","symbol":"SIM","quantity":"4407.000","price":"0.00063001","timestamp":1637875626,"volume":"2.77645407","buyTxId":"9b271be2cb704fe81d251b98d26f332c3f5a38b5-4","sellTxId":"9abb0501535dc84cdf5a3ae214d38636720881df"}
{"index": {"_index":"sim","_id":"2109109"}}
	{"id":2109109,"type":"sell","buyer":"pi-trader","seller":"frugal-fun","symbol":"SIM","quantity":"50000.000","price":"0.00063001","timestamp":1637876151,"volume":"31.50050000","buyTxId":"1e4d9d02dee411ca29e0f50659a6a725f504af9e-3","sellTxId":"8f3dad587f41a7f8bdde1abb1fe5a1f57e423335"}
{"index": {"_index":"sim","_id":"2109140"}}
	{"id":2109140,"type":"sell","buyer":"pi-trader","seller":"themanwithnoname","symbol":"SIM","quantity":"240.550","price":"0.00063001","timestamp":1637876361,"volume":"0.15154891","buyTxId":"5d7528b6cf8f2c65e396b5a14da62fbc8c5bc4a2-2","sellTxId":"1f17c6d86b43803b268422f98ed0d1a88e9cfa65"}
{"index": {"_index":"sim","_id":"2109170"}}
	{"id":2109170,"type":"sell","buyer":"pi-trader","seller":"frugal-fun","symbol":"SIM","quantity":"50000.000","price":"0.00063001","timestamp":1637876478,"volume":"31.50050000","buyTxId":"bd30b43cef6643e7b29affa7396ccc95632dd565-8","sellTxId":"60b27be5956e21c16e0325deaee9e1bc9bae48c7"}
{"index": {"_index":"sim","_id":"2109179"}}
	{"id":2109179,"type":"sell","buyer":"pi-trader","seller":"frugal-fun","symbol":"SIM","quantity":"50000.000","price":"0.00063001","timestamp":1637876673,"volume":"31.50050000","buyTxId":"546d77da126940d06641f7810631d1db51d4eede-2","sellTxId":"fa86828f0522721e06455d9596433ad2eb3f6cc1"}
{"index": {"_index":"sim","_id":"2109253"}}
	{"id":2109253,"type":"buy","buyer":"dswap","seller":"pi-trader","symbol":"SIM","quantity":"3479.227","price":"0.00068981","timestamp":1637877405,"volume":"2.40000600","buyTxId":"4794ade423f2248d03650f87ad33e21377ac7e23","sellTxId":"b82cb00be3483ef32c06757d8dff66449a383612-7"}
{"index": {"_index":"sim","_id":"2109341"}}
	{"id":2109341,"type":"sell","buyer":"pi-trader","seller":"m2nnari","symbol":"SIM","quantity":"844.000","price":"0.00065003","timestamp":1637877909,"volume":"0.54862532","buyTxId":"b82cb00be3483ef32c06757d8dff66449a383612-3","sellTxId":"6e181c70408b8b68636d895f6cc37ed433caec72"}
{"index": {"_index":"sim","_id":"2109343"}}
	{"id":2109343,"type":"sell","buyer":"pi-trader","seller":"frugal-fun","symbol":"SIM","quantity":"49156.000","price":"0.00065003","timestamp":1637877927,"volume":"31.95287468","buyTxId":"b82cb00be3483ef32c06757d8dff66449a383612-3","sellTxId":"ae20e1384645273607105dd95c38648d3fdb3ed6"}
{"index": {"_index":"sim","_id":"2109344"}}
	{"id":2109344,"type":"sell","buyer":"intellihandling","seller":"frugal-fun","symbol":"SIM","quantity":"44000.000","price":"0.00065000","timestamp":1637877927,"volume":"28.60000000","buyTxId":"f18d6658849482ce640edb5b97adb23a1db1dffd","sellTxId":"ae20e1384645273607105dd95c38648d3fdb3ed6"}
{"index": {"_index":"sim","_id":"2109345"}}
	{"id":2109345,"type":"buy","buyer":"pi-trader","seller":"frugal-fun","symbol":"SIM","quantity":"844.000","price":"0.00065000","timestamp":1637877933,"volume":"0.54860000","buyTxId":"4338df239a924a336bda522e76207a213f8ff930-5","sellTxId":"ae20e1384645273607105dd95c38648d3fdb3ed6"}
{"index": {"_index":"sim","_id":"2109368"}}
	{"id":2109368,"type":"sell","buyer":"pi-trader","seller":"willsaldeno","symbol":"SIM","quantity":"826.000","price":"0.00064001","timestamp":1637878074,"volume":"0.52864826","buyTxId":"ddad43dac5b3ca6c986a374334c1fbcd9e01b74b-3","sellTxId":"a926679854073e85888a30fc9a3034b2bc4b7048"}
{"index": {"_index":"sim","_id":"2109378"}}
	{"id":2109378,"type":"sell","buyer":"pi-trader","seller":"marvinix","symbol":"SIM","quantity":"861","price":"0.00064001","timestamp":1637878152,"volume":"0.55104861","buyTxId":"415fea0408afa7e48597e3c701b60917ad72c3c6-3","sellTxId":"a47334d5a8fe49ae5cbbcbf509aa5785039c7bbb"}
{"index": {"_index":"sim","_id":"2109625"}}
	{"id":2109625,"type":"buy","buyer":"dswap","seller":"he-index","symbol":"SIM","quantity":"289.153","price":"0.00065000","timestamp":1637879631,"volume":"0.18794945","buyTxId":"3022923ef8aa3f70e5e386239ff2c38b789293f6","sellTxId":"bcba016431f4521ccacca454108307ab5fbd9a10"}
{"index": {"_index":"sim","_id":"2109626"}}
	{"id":2109626,"type":"buy","buyer":"dswap","seller":"jelly-cz","symbol":"SIM","quantity":"2627.073","price":"0.00068976","timestamp":1637879631,"volume":"1.81205055","buyTxId":"3022923ef8aa3f70e5e386239ff2c38b789293f6","sellTxId":"MM-P-12508836-59495220-3-35-0"}
{"index": {"_index":"sim","_id":"2109644"}}
	{"id":2109644,"type":"sell","buyer":"pi-trader","seller":"scriptioner","symbol":"SIM","quantity":"50000.000","price":"0.00064001","timestamp":1637879670,"volume":"32.00050000","buyTxId":"01ccf26d27da39bdaa29369857bf2fd865fc9c61-3","sellTxId":"fe886ec41f0863dc222caaafe123d93f0d3a8d46"}
{"index": {"_index":"sim","_id":"2109645"}}
	{"id":2109645,"type":"sell","buyer":"mary-jane","seller":"scriptioner","symbol":"SIM","quantity":"5343.000","price":"0.00064000","timestamp":1637879670,"volume":"3.41952000","buyTxId":"0a6dc0fed3a36e12e37fb2014abfc28a324da494","sellTxId":"fe886ec41f0863dc222caaafe123d93f0d3a8d46"}
{"index": {"_index":"sim","_id":"2109646"}}
	{"id":2109646,"type":"sell","buyer":"newsposter","seller":"scriptioner","symbol":"SIM","quantity":"4875.000","price":"0.00063000","timestamp":1637879670,"volume":"3.07125000","buyTxId":"308bbfe699f3abd8327381b5d508cf057795ad55","sellTxId":"fe886ec41f0863dc222caaafe123d93f0d3a8d46"}
{"index": {"_index":"sim","_id":"2109647"}}
	{"id":2109647,"type":"sell","buyer":"mchero","seller":"scriptioner","symbol":"SIM","quantity":"1501.330","price":"0.00056000","timestamp":1637879670,"volume":"0.84074480","buyTxId":"9fcacb942e778c054c24cd0f7530ec68b2a61015","sellTxId":"fe886ec41f0863dc222caaafe123d93f0d3a8d46"}
{"index": {"_index":"sim","_id":"2109648"}}
	{"id":2109648,"type":"sell","buyer":"xaxakun","seller":"scriptioner","symbol":"SIM","quantity":"69.110","price":"0.00055002","timestamp":1637879670,"volume":"0.03801188","buyTxId":"df0c688f051efee13f7b9e6655a2845248305826","sellTxId":"fe886ec41f0863dc222caaafe123d93f0d3a8d46"}
{"index": {"_index":"sim","_id":"2109649"}}
	{"id":2109649,"type":"sell","buyer":"xzer0","seller":"scriptioner","symbol":"SIM","quantity":"15000.000","price":"0.00055000","timestamp":1637879670,"volume":"8.25000000","buyTxId":"65c4d193ef824b176d6ab258c089d7bb34c8bcef","sellTxId":"fe886ec41f0863dc222caaafe123d93f0d3a8d46"}
{"index": {"_index":"sim","_id":"2109650"}}
	{"id":2109650,"type":"sell","buyer":"jelly-cz","seller":"scriptioner","symbol":"SIM","quantity":"52008.399","price":"0.00054120","timestamp":1637879670,"volume":"28.14694554","buyTxId":"MM-P-12487623-59473998-3-35-0","sellTxId":"fe886ec41f0863dc222caaafe123d93f0d3a8d46"}
{"index": {"_index":"sim","_id":"2109671"}}
	{"id":2109671,"type":"sell","buyer":"pi-trader","seller":"drew0","symbol":"SIM","quantity":"8662.500","price":"0.00054121","timestamp":1637879739,"volume":"4.68823163","buyTxId":"fc6f788aa1e4b83c474b511f5974ed20d2dc89ef-3","sellTxId":"28fac9e8152db3d4241e9ac03e13973161b3cc4a"}
{"index": {"_index":"sim","_id":"2109854"}}
	{"id":2109854,"type":"sell","buyer":"pi-trader","seller":"thegoliath","symbol":"SIM","quantity":"38349.176","price":"0.00059907","timestamp":1637880549,"volume":"22.97384087","buyTxId":"cbcd58f9eedceed8a8e7b9b4fe8a6c89bd27ac4a-3","sellTxId":"68b3de5c537e936db7069ba7143e8ad49a3a62b8"}
{"index": {"_index":"sim","_id":"2109903"}}
	{"id":2109903,"type":"sell","buyer":"pi-trader","seller":"stardust97","symbol":"SIM","quantity":"2095","price":"0.00059907","timestamp":1637880720,"volume":"1.25505165","buyTxId":"0d0b4f97386de7a48f52243a189423b535fb4130-4","sellTxId":"00913c1eeed5e5acf18d656c21bda470937a96cb"}
{"index": {"_index":"sim","_id":"2109926"}}
	{"id":2109926,"type":"sell","buyer":"pi-trader","seller":"mobi72","symbol":"SIM","quantity":"10312.608","price":"0.00062004","timestamp":1637880921,"volume":"6.39422946","buyTxId":"b58592ca31ad3785db40f6dcff3d598eab692a8b-3","sellTxId":"c55766a97b6e80c20e4e57e3ae1fff80fca502db"}
{"index": {"_index":"sim","_id":"2109943"}}
	{"id":2109943,"type":"sell","buyer":"pi-trader","seller":"stardust97","symbol":"SIM","quantity":"20198.9","price":"0.00062004","timestamp":1637881005,"volume":"12.52412596","buyTxId":"565f75cc059e6741e466f48e55417eb7db96c292-8","sellTxId":"33a22c88b7ae945a70a662638fbf436782076b68"}
{"index": {"_index":"sim","_id":"2109950"}}
	{"id":2109950,"type":"sell","buyer":"pi-trader","seller":"stardust97","symbol":"SIM","quantity":"3422.85","price":"0.00062004","timestamp":1637881059,"volume":"2.12230391","buyTxId":"df24ec6e24bed5fef2ae5ec127f121bc282a8233-7","sellTxId":"dca4d508a63ce75d9dc8ad580cf7f08e151ac3f0"}
{"index": {"_index":"sim","_id":"2109972"}}
	{"id":2109972,"type":"sell","buyer":"pi-trader","seller":"stardust97","symbol":"SIM","quantity":"18111.75","price":"0.00062004","timestamp":1637881167,"volume":"11.23000947","buyTxId":"17e5302eaa409535c7c95ab60c81e139aac419c9-3","sellTxId":"b4e3dd3c5b2b35aff9b2ed9fb1e46263e6ea8a09"}
{"index": {"_index":"sim","_id":"2110040"}}
	{"id":2110040,"type":"sell","buyer":"pi-trader","seller":"elevator09","symbol":"SIM","quantity":"24068.141","price":"0.00062004","timestamp":1637881425,"volume":"14.92321015","buyTxId":"44480ade42448dd8dbf371658850715f00d41538-3","sellTxId":"a3fb2994ae9687a65b7debcdc383ac3a62eb05c6"}
{"index": {"_index":"sim","_id":"2110056"}}
	{"id":2110056,"type":"sell","buyer":"jelly-cz","seller":"stardust97","symbol":"SIM","quantity":"13491","price":"0.00062006","timestamp":1637881482,"volume":"8.36522946","buyTxId":"MM-P-12510030-59496414-3-35-0","sellTxId":"ccfbb6b9b3e5ee109132be533d1af7409dc25841"}
{"index": {"_index":"sim","_id":"2110374"}}
	{"id":2110374,"type":"sell","buyer":"pi-trader","seller":"thegoliath","symbol":"SIM","quantity":"27785.600","price":"0.00062028","timestamp":1637883651,"volume":"17.23485197","buyTxId":"96aa56e9628dd3eb5206fb1fd0435cea742885be-8","sellTxId":"68f8031df88b8a5f22453126c7b6a5bc135905d3"}
{"index": {"_index":"sim","_id":"2110386"}}
	{"id":2110386,"type":"sell","buyer":"pi-trader","seller":"magnacarta","symbol":"SIM","quantity":"0.905","price":"0.00062028","timestamp":1637883804,"volume":"0.00056135","buyTxId":"beace929366596a5b487383a1992f92925abe109-3","sellTxId":"1e18d06545c49d529c6b2048ba9329429c0048ee"}
{"index": {"_index":"sim","_id":"2110388"}}
	{"id":2110388,"type":"sell","buyer":"pi-trader","seller":"taitux","symbol":"SIM","quantity":"2246.000","price":"0.00062028","timestamp":1637883849,"volume":"1.39314888","buyTxId":"0302909d56a0c75e51d2bce41d12582ffde226d4-1","sellTxId":"0c3a34aafbd25e7b279baa00eb7bea5acf045c0a"}
{"index": {"_index":"sim","_id":"2110404"}}
	{"id":2110404,"type":"buy","buyer":"nyxlabs","seller":"pi-trader","symbol":"SIM","quantity":"1500.000","price":"0.00067978","timestamp":1637884020,"volume":"1.01967000","buyTxId":"099fc268bf6ab8f3eeb28aa5da0a6991518451fb","sellTxId":"6ef122d1f01329f434473aa7a2de2d2c29efbe35-14"}
{"index": {"_index":"sim","_id":"2110411"}}
	{"id":2110411,"type":"sell","buyer":"pi-trader","seller":"travelgirl","symbol":"SIM","quantity":"3523.000","price":"0.00062031","timestamp":1637884077,"volume":"2.18535213","buyTxId":"6ef122d1f01329f434473aa7a2de2d2c29efbe35-6","sellTxId":"7fbe7c64916d67e32d8f0d7e9ba0f350545b69ef"}
{"index": {"_index":"sim","_id":"2110480"}}
	{"id":2110480,"type":"sell","buyer":"pi-trader","seller":"bordel","symbol":"SIM","quantity":"54.028","price":"0.00062037","timestamp":1637884587,"volume":"0.03351735","buyTxId":"7c7b9424fed63244e436d81eca7a57063f651140-1","sellTxId":"fa5084dfa918adaf57f92e6bb7349b1ac33d842a"}
{"index": {"_index":"sim","_id":"2110741"}}
	{"id":2110741,"type":"sell","buyer":"pi-trader","seller":"brofi-market","symbol":"SIM","quantity":"0.003","price":"0.00062046","timestamp":1637885613,"volume":"0.00000186","buyTxId":"81579896c3682ff977c71fa76f816b42799b8a6e-4","sellTxId":"6b5dd99330916f6558ae928a8a4e7146bdc2584f"}
{"index": {"_index":"sim","_id":"2110825"}}
	{"id":2110825,"type":"sell","buyer":"pi-trader","seller":"dswap","symbol":"SIM","quantity":"0.133","price":"0.00062050","timestamp":1637885913,"volume":"0.00008253","buyTxId":"171a44042e212f41414b00391ad744450cf318ee-4","sellTxId":"70d70ab162458e474c4c36bed11a27de8f963b3a"}
{"index": {"_index":"sim","_id":"2110959"}}
	{"id":2110959,"type":"sell","buyer":"pi-trader","seller":"rarej","symbol":"SIM","quantity":"50000.000","price":"0.00062054","timestamp":1637886261,"volume":"31.02700000","buyTxId":"4982bcbe3e86a92f36921158826e938456382948-3","sellTxId":"1c4654b75ac68fbe33d0cd3cc1a00d8740770778"}
{"index": {"_index":"sim","_id":"2111034"}}
	{"id":2111034,"type":"sell","buyer":"pi-trader","seller":"cccf","symbol":"SIM","quantity":"8.193","price":"0.00062058","timestamp":1637886762,"volume":"0.00508441","buyTxId":"07f51b3ac96274938413a3351a66e0c122a21601-5","sellTxId":"ecb84f78aaeffb0624dff0446aca2fe8d51a27bf"}
{"index": {"_index":"sim","_id":"2111062"}}
	{"id":2111062,"type":"sell","buyer":"pi-trader","seller":"thegoliath","symbol":"SIM","quantity":"43217.400","price":"0.00062058","timestamp":1637886840,"volume":"26.81985409","buyTxId":"20ca057a8cbd11641c99be74b15811da90da6087-5","sellTxId":"4a292ffb447a3cd932a25022daba857f17321e7c"}
{"index": {"_index":"sim","_id":"2111076"}}
	{"id":2111076,"type":"sell","buyer":"pi-trader","seller":"mba2020","symbol":"SIM","quantity":"9.936","price":"0.00062062","timestamp":1637886918,"volume":"0.00616648","buyTxId":"036fe153c810479afad344f4916b9e9758e40c0b-4","sellTxId":"d2905446c72a02f449729489612f3ca668c462f2"}
{"index": {"_index":"sim","_id":"2111245"}}
	{"id":2111245,"type":"sell","buyer":"pi-trader","seller":"choof","symbol":"SIM","quantity":"20619.400","price":"0.00062070","timestamp":1637887752,"volume":"12.79846158","buyTxId":"3f4707ac55acf0a9c00447149955e5b43c29699a-5","sellTxId":"e997bc60f86a5d91b176880b358e775bc953e364"}
{"index": {"_index":"sim","_id":"2111299"}}
	{"id":2111299,"type":"buy","buyer":"svirus","seller":"steem-hodler","symbol":"SIM","quantity":"47000.000","price":"0.00064000","timestamp":1637888055,"volume":"30.08000000","buyTxId":"580f879f48830c85c1ca76a7924a25c25a7541dc-0","sellTxId":"0fb6b209b0e68440752b26cd16eab3b6f11f14e8"}
{"index": {"_index":"sim","_id":"2111543"}}
	{"id":2111543,"type":"sell","buyer":"pi-trader","seller":"bearbear613","symbol":"SIM","quantity":"262.006","price":"0.00062088","timestamp":1637889060,"volume":"0.16267429","buyTxId":"2147e670755aac3ab735e63bb986d388588b25f1-7","sellTxId":"911f51ccbecbfcf3878857f4815bd2093d5ace32"}
{"index": {"_index":"sim","_id":"2111636"}}
	{"id":2111636,"type":"sell","buyer":"pi-trader","seller":"jwjqu.wam","symbol":"SIM","quantity":"21829.038","price":"0.00062092","timestamp":1637889489,"volume":"13.55408627","buyTxId":"051a55ae868fbf35360ef682bd1857f6c5d497a5-3","sellTxId":"51edb930a02d3da2fd1809db94f2c0a3912bd03d"}
{"index": {"_index":"sim","_id":"2111722"}}
	{"id":2111722,"type":"sell","buyer":"pi-trader","seller":"krenden","symbol":"SIM","quantity":"97.519","price":"0.00062100","timestamp":1637889951,"volume":"0.06055930","buyTxId":"fb9d0f60042746be64cdc21c87f562bbd8b99c9e-5","sellTxId":"0f0feedcc6ff8c77eb13d798e0adac12b13383e2"}
{"index": {"_index":"sim","_id":"2111754"}}
	{"id":2111754,"type":"buy","buyer":"svirus","seller":"news-today","symbol":"SIM","quantity":"5600.000","price":"0.00064000","timestamp":1637890134,"volume":"3.58400000","buyTxId":"b2424d43c2d4e5e945666b94bccdd04d6c1efb36-0","sellTxId":"f69a904ebc41d33c2dba3b45b33cdf0ae700834e"}
{"index": {"_index":"sim","_id":"2111776"}}
	{"id":2111776,"type":"buy","buyer":"konvik","seller":"steem-hodler","symbol":"SIM","quantity":"27000.000","price":"0.00064000","timestamp":1637890275,"volume":"17.28000000","buyTxId":"5516c6e5ac5f920b5a6f98a89088458e6c9160e8-0","sellTxId":"67eff25056d2fbdfe65b354023101aaca7da33b5"}
{"index": {"_index":"sim","_id":"2111817"}}
	{"id":2111817,"type":"sell","buyer":"pi-trader","seller":"choof","symbol":"SIM","quantity":"14668.000","price":"0.00062104","timestamp":1637890380,"volume":"9.10941472","buyTxId":"14b89d6bd85e0a34fd6e272d45e53e6049fc56f8-5","sellTxId":"643261e414c207cca78c7ada6faeffc5ee5deb79"}
{"index": {"_index":"sim","_id":"2111982"}}
	{"id":2111982,"type":"sell","buyer":"pi-trader","seller":"emsonic","symbol":"SIM","quantity":"1968.000","price":"0.00062111","timestamp":1637890917,"volume":"1.22234448","buyTxId":"e8285c9071b2e847a2ddac2a255a97d7c602d516-8","sellTxId":"4748d341691beba532a548e1fcd6c9111e80c261"}
{"index": {"_index":"sim","_id":"2112046"}}
	{"id":2112046,"type":"sell","buyer":"pi-trader","seller":"eforucom","symbol":"SIM","quantity":"0.175","price":"0.00062114","timestamp":1637891178,"volume":"0.00010870","buyTxId":"6bcf14e14433987fc57b85020a85031e916deaed-5","sellTxId":"f46c6e718ce63996fa27270b5ae3127bf3deff50"}
{"index": {"_index":"sim","_id":"2112299"}}
	{"id":2112299,"type":"sell","buyer":"pi-trader","seller":"frugal-fun","symbol":"SIM","quantity":"50000.000","price":"0.00062126","timestamp":1637892399,"volume":"31.06300000","buyTxId":"bd60b98510b1d62b29567452f5b6aa8940bb28a1-5","sellTxId":"28cab9d5b95eb98dbd80df993735bdd350159430"}
{"index": {"_index":"sim","_id":"2112300"}}
	{"id":2112300,"type":"sell","buyer":"jelly-cz","seller":"frugal-fun","symbol":"SIM","quantity":"19315.895","price":"0.00062125","timestamp":1637892399,"volume":"11.99999977","buyTxId":"MM-P-12513617-59500001-3-35-0","sellTxId":"28cab9d5b95eb98dbd80df993735bdd350159430"}
{"index": {"_index":"sim","_id":"2112301"}}
	{"id":2112301,"type":"sell","buyer":"newsposter","seller":"frugal-fun","symbol":"SIM","quantity":"684.105","price":"0.00062000","timestamp":1637892399,"volume":"0.42414510","buyTxId":"0240a013224b6fe0aa5fdd0fa1a1f0455fee30fd","sellTxId":"28cab9d5b95eb98dbd80df993735bdd350159430"}
{"index": {"_index":"sim","_id":"2112304"}}
	{"id":2112304,"type":"buy","buyer":"svirus","seller":"theguruasia","symbol":"SIM","quantity":"50000.000","price":"0.00062126","timestamp":1637892429,"volume":"31.06300000","buyTxId":"a9e89458389572801fc0f0b5a92894a8c1ca2278-0","sellTxId":"5b2128ea8041fb798c2619524517b50211cfbe5f"}
{"index": {"_index":"sim","_id":"2112306"}}
	{"id":2112306,"type":"sell","buyer":"pi-trader","seller":"jywahaha","symbol":"SIM","quantity":"16590.000","price":"0.00062001","timestamp":1637892438,"volume":"10.28596590","buyTxId":"2e9d15ecc49d590ed1217ca4cbbb5a926cbfec65-4","sellTxId":"3e477b48d7c3867cdb1e99a68087579927d75d47"}
{"index": {"_index":"sim","_id":"2112311"}}
	{"id":2112311,"type":"sell","buyer":"pi-trader","seller":"theguruasia","symbol":"SIM","quantity":"33410.000","price":"0.00062001","timestamp":1637892471,"volume":"20.71453410","buyTxId":"070298d71f5ed45713160d51349452602af5597f-5","sellTxId":"3917adf49a58940de4351493754152fc85649e5b"}
{"index": {"_index":"sim","_id":"2112317"}}
	{"id":2112317,"type":"sell","buyer":"pi-trader","seller":"theguruasia","symbol":"SIM","quantity":"5914.099","price":"0.00062001","timestamp":1637892510,"volume":"3.66680052","buyTxId":"ac03b9f2c274b450e096c8dd6e2e319969b1f2d4-6","sellTxId":"48beab036a5cbd70b5a7a387dbe049b5ea6a13c5"}
{"index": {"_index":"sim","_id":"2112361"}}
	{"id":2112361,"type":"sell","buyer":"pi-trader","seller":"edkarnie","symbol":"SIM","quantity":"12089.781","price":"0.00062004","timestamp":1637892753,"volume":"7.49614781","buyTxId":"098a10e2ad1395e20eb5641307e0f0d17cd5833e-7","sellTxId":"666401de2a0164926837a0d6f6910cf2aa510f4a"}
{"index": {"_index":"sim","_id":"2112362"}}
	{"id":2112362,"type":"sell","buyer":"pi-trader","seller":"zhoten","symbol":"SIM","quantity":"35.009","price":"0.00062004","timestamp":1637892759,"volume":"0.02170698","buyTxId":"098a10e2ad1395e20eb5641307e0f0d17cd5833e-7","sellTxId":"4344f15da8c96717d9b714749c4c68abc76c7fdb"}
{"index": {"_index":"sim","_id":"2112376"}}
	{"id":2112376,"type":"sell","buyer":"pi-trader","seller":"ironshield","symbol":"SIM","quantity":"20767.122","price":"0.00062004","timestamp":1637892819,"volume":"12.87644632","buyTxId":"b651bff6696b7ebac2531b761d95acec728b132e-5","sellTxId":"536c2f5564f75d20be6218e45fd868cbba48b2f2"}
{"index": {"_index":"sim","_id":"2112629"}}
	{"id":2112629,"type":"sell","buyer":"steemshiro","seller":"theshaki","symbol":"SIM","quantity":"130.418","price":"0.00064000","timestamp":1637894154,"volume":"0.08346752","buyTxId":"7a035811ba28da33c54439abbf0b590f7b65b141","sellTxId":"05fbf11f2181ea79c7051b4931070a0df9644b7c"}
{"index": {"_index":"sim","_id":"2112641"}}
	{"id":2112641,"type":"sell","buyer":"steemshiro","seller":"libertycrypto27","symbol":"SIM","quantity":"69.582","price":"0.00064000","timestamp":1637894274,"volume":"0.04453248","buyTxId":"7a035811ba28da33c54439abbf0b590f7b65b141","sellTxId":"cefcbfdb0d3f147ead3d17c3e5d48343b8a88780"}
{"index": {"_index":"sim","_id":"2112642"}}
	{"id":2112642,"type":"sell","buyer":"pi-trader","seller":"libertycrypto27","symbol":"SIM","quantity":"15861.418","price":"0.00062010","timestamp":1637894274,"volume":"9.83566530","buyTxId":"9690018e853595a05b2830595c9d2ca40c7ec753-4","sellTxId":"cefcbfdb0d3f147ead3d17c3e5d48343b8a88780"}
{"index": {"_index":"sim","_id":"2112670"}}
	{"id":2112670,"type":"sell","buyer":"pi-trader","seller":"andy4475","symbol":"SIM","quantity":"26.020","price":"0.00062013","timestamp":1637894475,"volume":"0.01613578","buyTxId":"d44e7817ab7221b161c1a39961c5f0bd1c924f81-3","sellTxId":"25f0d9f47d6d3cd62a23526835f83f6daa8383cc"}
{"index": {"_index":"sim","_id":"2112682"}}
	{"id":2112682,"type":"sell","buyer":"pi-trader","seller":"muenchen","symbol":"SIM","quantity":"16486.800","price":"0.00062013","timestamp":1637894550,"volume":"10.22395928","buyTxId":"f3604c1eed3f0d23bd5a2c907b7a2b1481bb13b8-3","sellTxId":"e2ee8939db78616a63ca610f7cd6c4bfa7cd1a09"}
{"index": {"_index":"sim","_id":"2112718"}}
	{"id":2112718,"type":"sell","buyer":"pi-trader","seller":"nrg","symbol":"SIM","quantity":"22649.000","price":"0.00062016","timestamp":1637894919,"volume":"14.04600384","buyTxId":"2b1c5e594dbd48a05a160b661715dd02afbd9b20-5","sellTxId":"25c6a906daa03f69da6d449392301f6744ffb224-5"}
{"index": {"_index":"sim","_id":"2113020"}}
	{"id":2113020,"type":"sell","buyer":"pi-trader","seller":"willsaldeno","symbol":"SIM","quantity":"363.200","price":"0.00062034","timestamp":1637896653,"volume":"0.22530749","buyTxId":"b125618b274468793aed05f93a3654cd9153a588-5","sellTxId":"93f1466b32bc94c5e625de60c126ad315cbee80f"}
{"index": {"_index":"sim","_id":"2113050"}}
	{"id":2113050,"type":"sell","buyer":"pi-trader","seller":"deepsafe","symbol":"SIM","quantity":"10626.780","price":"0.00062037","timestamp":1637896920,"volume":"6.59253551","buyTxId":"2c0d83dff52f4e3b1de7cdbd4408c3a7f0add93c-5","sellTxId":"1159adcdcea0e6d537451b25e4d355647eec2a4f"}
{"index": {"_index":"sim","_id":"2113179"}}
	{"id":2113179,"type":"sell","buyer":"pi-trader","seller":"atongis","symbol":"SIM","quantity":"4.034","price":"0.00062049","timestamp":1637898072,"volume":"0.00250306","buyTxId":"1cab18a25f995e5b7fd0550ec1a9ebe4736c047e-7","sellTxId":"fbe4da5774bd1082116aed988b97e2fdffb34546"}
{"index": {"_index":"sim","_id":"2113200"}}
	{"id":2113200,"type":"sell","buyer":"pi-trader","seller":"goldcoin","symbol":"SIM","quantity":"95.230","price":"0.00062049","timestamp":1637898249,"volume":"0.05908926","buyTxId":"6e613291035cbc4fa380de304fc907df9517b573-3","sellTxId":"e089575828f0be394c118f9ee1dc033bb7165676"}
