{"index": {"_index":"sim","_id":"3897161"}}
	{"id":3897161,"type":"sell","buyer":"quantumg","seller":"nftmart.fees","symbol":"SIM","quantity":"228.400","price":"0.00043069","timestamp":1657679049,"volume":"0.09836960","buyTxId":"ee9fe889818babef586b9ef825c65732d503ce4b","sellTxId":"339fba208abac21e3e9f979f326f3918e5c9ae28"}
{"index": {"_index":"sim","_id":"3897269"}}
	{"id":3897269,"type":"sell","buyer":"quantumg","seller":"blockheadgames","symbol":"SIM","quantity":"724.280","price":"0.00043069","timestamp":1657680984,"volume":"0.31194015","buyTxId":"ee9fe889818babef586b9ef825c65732d503ce4b","sellTxId":"a5f7f29814f58604cc37b64f76a04f9276c793ec"}
{"index": {"_index":"sim","_id":"3897348"}}
	{"id":3897348,"type":"buy","buyer":"openwide","seller":"boycharlieplays","symbol":"SIM","quantity":"744.736","price":"0.00043500","timestamp":1657682973,"volume":"0.32396016","buyTxId":"7035224cfe1892af991e55e332aca1d8dd892105","sellTxId":"49f219642dc6bffdb2f92b39bddfe18c45ba8f54"}
{"index": {"_index":"sim","_id":"3897349"}}
	{"id":3897349,"type":"buy","buyer":"openwide","seller":"evilisme","symbol":"SIM","quantity":"665.000","price":"0.00043987","timestamp":1657682973,"volume":"0.29251355","buyTxId":"7035224cfe1892af991e55e332aca1d8dd892105","sellTxId":"87f4a5e12cc1631fcb550060878a9e7bf830168d"}
{"index": {"_index":"sim","_id":"3897350"}}
	{"id":3897350,"type":"buy","buyer":"openwide","seller":"jelly-cz","symbol":"SIM","quantity":"1614.129","price":"0.00044248","timestamp":1657682973,"volume":"0.71421980","buyTxId":"7035224cfe1892af991e55e332aca1d8dd892105","sellTxId":"MM-P-19086064-66079222-3-32-0"}
{"index": {"_index":"sim","_id":"3897782"}}
	{"id":3897782,"type":"sell","buyer":"quantumg","seller":"lifeskills-tv","symbol":"SIM","quantity":"677.000","price":"0.00043069","timestamp":1657691598,"volume":"0.29157713","buyTxId":"ee9fe889818babef586b9ef825c65732d503ce4b","sellTxId":"b01723281bc47b671be7c42a857a6e07e361a57b"}
{"index": {"_index":"sim","_id":"3897868"}}
	{"id":3897868,"type":"sell","buyer":"quantumg","seller":"bobthebuilder2","symbol":"SIM","quantity":"2150.353","price":"0.00043069","timestamp":1657692996,"volume":"0.92613553","buyTxId":"ee9fe889818babef586b9ef825c65732d503ce4b","sellTxId":"59eb134e3e4c9956944bcd2f0fc7f1b19b24c984"}
{"index": {"_index":"sim","_id":"3898092"}}
	{"id":3898092,"type":"buy","buyer":"bambukah","seller":"nftmart.fees","symbol":"SIM","quantity":"10.000","price":"0.00043791","timestamp":1657696128,"volume":"0.00437910","buyTxId":"c43a3f758ef2d1646c442f184c1423b736f8f9cd","sellTxId":"9ca1c57af20e23c6a7c7d714f3c76f40b24cede2-0"}
{"index": {"_index":"sim","_id":"3898105"}}
	{"id":3898105,"type":"buy","buyer":"bambukah","seller":"jelly-cz","symbol":"SIM","quantity":"10000.000","price":"0.00043792","timestamp":1657696185,"volume":"4.37920000","buyTxId":"fb02fb629d4939f82deb0792dae5d1d6fe936ceb","sellTxId":"MM-P-19087757-66080917-3-32-0"}
{"index": {"_index":"sim","_id":"3898428"}}
	{"id":3898428,"type":"buy","buyer":"cryptogillone","seller":"nftmart.fees","symbol":"SIM","quantity":"8.000","price":"0.00043791","timestamp":1657701438,"volume":"0.00350328","buyTxId":"5f1b00a54bbe05308ae0f7453aa9fb27d4e3bf96","sellTxId":"3feb1456e56b038c46b23bf09e6718eb1c03ec18-0"}
{"index": {"_index":"sim","_id":"3898429"}}
	{"id":3898429,"type":"buy","buyer":"cryptogillone","seller":"jelly-cz","symbol":"SIM","quantity":"837.988","price":"0.00043792","timestamp":1657701438,"volume":"0.36697172","buyTxId":"5f1b00a54bbe05308ae0f7453aa9fb27d4e3bf96","sellTxId":"MM-P-19087757-66080917-3-32-0"}
{"index": {"_index":"sim","_id":"3898492"}}
	{"id":3898492,"type":"sell","buyer":"quantumg","seller":"chesatochi","symbol":"SIM","quantity":"14.000","price":"0.00043069","timestamp":1657702683,"volume":"0.00602966","buyTxId":"ee9fe889818babef586b9ef825c65732d503ce4b","sellTxId":"31d8e2d501630cdce942d2b41fdcaac11c4999f0"}
{"index": {"_index":"sim","_id":"3898577"}}
	{"id":3898577,"type":"buy","buyer":"thedoc07","seller":"nftmart.fees","symbol":"SIM","quantity":"7.000","price":"0.00043791","timestamp":1657703499,"volume":"0.00306537","buyTxId":"99fc4e197e8ef9be19f507f2341ca1791d24d7b1","sellTxId":"547a72f974eb999888094cf93a762de490a990dc-0"}
{"index": {"_index":"sim","_id":"3898578"}}
	{"id":3898578,"type":"buy","buyer":"thedoc07","seller":"jelly-cz","symbol":"SIM","quantity":"9993.000","price":"0.00043792","timestamp":1657703499,"volume":"4.37613456","buyTxId":"99fc4e197e8ef9be19f507f2341ca1791d24d7b1","sellTxId":"MM-P-19087757-66080917-3-32-0"}
{"index": {"_index":"sim","_id":"3898723"}}
	{"id":3898723,"type":"sell","buyer":"pi-trader","seller":"piotr42","symbol":"SIM","quantity":"163.000","price":"0.00043070","timestamp":1657706235,"volume":"0.07020410","buyTxId":"ba6965eddb1851ac664079ee53aecc806f16f79e-4","sellTxId":"19cc57a4a7a394c5caf5e23f6b7bc83e6bb2b201"}
{"index": {"_index":"sim","_id":"3899159"}}
	{"id":3899159,"type":"buy","buyer":"worldfinances","seller":"nftmart.fees","symbol":"SIM","quantity":"14.000","price":"0.00043791","timestamp":1657713930,"volume":"0.00613074","buyTxId":"7d062e6866259368243e8948984a3ef5d454df97","sellTxId":"e5bccf257756f99bb7033187b5aef1c1b292f196-0"}
{"index": {"_index":"sim","_id":"3899160"}}
	{"id":3899160,"type":"buy","buyer":"worldfinances","seller":"jelly-cz","symbol":"SIM","quantity":"3759.741","price":"0.00043792","timestamp":1657713930,"volume":"1.64646578","buyTxId":"7d062e6866259368243e8948984a3ef5d454df97","sellTxId":"MM-P-19087757-66080917-3-32-0"}
{"index": {"_index":"sim","_id":"3899480"}}
	{"id":3899480,"type":"sell","buyer":"pi-trader","seller":"valor2s","symbol":"SIM","quantity":"72.610","price":"0.00043070","timestamp":1657717410,"volume":"0.03127313","buyTxId":"a71535ddcf159a04c1c020c56f0104316ccfccd6-6","sellTxId":"8fbc74ea4fee0c032fa35e9197e8ac4f55afd3f3"}
{"index": {"_index":"sim","_id":"3899524"}}
	{"id":3899524,"type":"sell","buyer":"pi-trader","seller":"peerfinance","symbol":"SIM","quantity":"463.950","price":"0.00043070","timestamp":1657717830,"volume":"0.19982327","buyTxId":"baabe89e68f3b665a0b62eff781514ca07532a5f-2","sellTxId":"4cd59e27f5fefd586cdeae44fbc07f63d0ad8a9a"}
{"index": {"_index":"sim","_id":"3899867"}}
	{"id":3899867,"type":"buy","buyer":"maryjane.main","seller":"nftmart.fees","symbol":"SIM","quantity":"11.000","price":"0.00043790","timestamp":1657719561,"volume":"0.00481690","buyTxId":"60825900ef1636e1250bfdf21ed4a06690ac8851","sellTxId":"29daf27e48d9e5145126a14df273b1557ba1b196-0"}
{"index": {"_index":"sim","_id":"3899868"}}
	{"id":3899868,"type":"buy","buyer":"maryjane.main","seller":"jelly-cz","symbol":"SIM","quantity":"9989.000","price":"0.00043792","timestamp":1657719561,"volume":"4.37438288","buyTxId":"60825900ef1636e1250bfdf21ed4a06690ac8851","sellTxId":"MM-P-19087757-66080917-3-32-0"}
{"index": {"_index":"sim","_id":"3899893"}}
	{"id":3899893,"type":"sell","buyer":"pi-trader","seller":"desyfit","symbol":"SIM","quantity":"150000.000","price":"0.00043070","timestamp":1657719912,"volume":"64.60500000","buyTxId":"97e018b3103d0d81ab9568d1e04ca5a06564c019-6","sellTxId":"62532b45c0f9f3cdea7d92cba65ee6cea4da2df6"}
{"index": {"_index":"sim","_id":"3900093"}}
	{"id":3900093,"type":"sell","buyer":"quantumg","seller":"b401","symbol":"SIM","quantity":"321.928","price":"0.00043069","timestamp":1657720998,"volume":"0.13865117","buyTxId":"ee9fe889818babef586b9ef825c65732d503ce4b","sellTxId":"494483125935a65cb2d3efcfb513eec835ca6151-0"}
{"index": {"_index":"sim","_id":"3900103"}}
	{"id":3900103,"type":"sell","buyer":"quantumg","seller":"ascienceguy","symbol":"SIM","quantity":"17905.739","price":"0.00043069","timestamp":1657721085,"volume":"7.71182273","buyTxId":"ee9fe889818babef586b9ef825c65732d503ce4b","sellTxId":"b297f54a03aaaa3af60fd32c11c848fdd1d04b77"}
{"index": {"_index":"sim","_id":"3900104"}}
	{"id":3900104,"type":"sell","buyer":"nastyforce","seller":"ascienceguy","symbol":"SIM","quantity":"2000.000","price":"0.00041105","timestamp":1657721085,"volume":"0.82210000","buyTxId":"5310bf0eab48052c2be8c8efd0efa163a614da91","sellTxId":"b297f54a03aaaa3af60fd32c11c848fdd1d04b77"}
{"index": {"_index":"sim","_id":"3900105"}}
	{"id":3900105,"type":"sell","buyer":"jelly-cz","seller":"ascienceguy","symbol":"SIM","quantity":"77785.888","price":"0.00041100","timestamp":1657721085,"volume":"31.96999997","buyTxId":"MM-P-19068511-66061645-3-32-0","sellTxId":"b297f54a03aaaa3af60fd32c11c848fdd1d04b77"}
{"index": {"_index":"sim","_id":"3900106"}}
	{"id":3900106,"type":"buy","buyer":"konvik","seller":"ascienceguy","symbol":"SIM","quantity":"39485.362","price":"0.00040388","timestamp":1657721088,"volume":"15.94734800","buyTxId":"8ab959c5507cb525b7c83dcfbe75ba4bfc0e2f11-0","sellTxId":"b297f54a03aaaa3af60fd32c11c848fdd1d04b77"}
{"index": {"_index":"sim","_id":"3900581"}}
	{"id":3900581,"type":"buy","buyer":"cryptogillone","seller":"nftmart.fees","symbol":"SIM","quantity":"9.000","price":"0.00043779","timestamp":1657724622,"volume":"0.00394011","buyTxId":"aabd4a9a130518cc84fe3f6b716a40b77e2ff987","sellTxId":"161ea5f3ed758d3e29f09beef9e3f02dd10ff4ec-0"}
{"index": {"_index":"sim","_id":"3900582"}}
	{"id":3900582,"type":"buy","buyer":"cryptogillone","seller":"onlydoge","symbol":"SIM","quantity":"677.585","price":"0.00043780","timestamp":1657724622,"volume":"0.29664709","buyTxId":"aabd4a9a130518cc84fe3f6b716a40b77e2ff987","sellTxId":"b2a28622164c90eea92b8c49c707b168110d3bed"}
{"index": {"_index":"sim","_id":"3900719"}}
	{"id":3900719,"type":"buy","buyer":"jakkal","seller":"nftmart.fees","symbol":"SIM","quantity":"10.000","price":"0.00043779","timestamp":1657725483,"volume":"0.00437790","buyTxId":"67ad99337a6d2ae3b5bee8adb2f7fa139697fd2a","sellTxId":"2e0789cff0652ec7a4cc85b0d43843210f712770-0"}
{"index": {"_index":"sim","_id":"3900720"}}
	{"id":3900720,"type":"buy","buyer":"jakkal","seller":"onlydoge","symbol":"SIM","quantity":"14990.000","price":"0.00043780","timestamp":1657725483,"volume":"6.56262200","buyTxId":"67ad99337a6d2ae3b5bee8adb2f7fa139697fd2a","sellTxId":"b2a28622164c90eea92b8c49c707b168110d3bed"}
{"index": {"_index":"sim","_id":"3900971"}}
	{"id":3900971,"type":"buy","buyer":"jakkal","seller":"nftmart.fees","symbol":"SIM","quantity":"8.000","price":"0.00043779","timestamp":1657727157,"volume":"0.00350232","buyTxId":"4221ffc24584b64bebd605d745375223e9eb9121","sellTxId":"260db0d3fe82bfe2cb1e27f5faf9481a1490b574-0"}
{"index": {"_index":"sim","_id":"3900972"}}
	{"id":3900972,"type":"buy","buyer":"jakkal","seller":"onlydoge","symbol":"SIM","quantity":"34.581","price":"0.00043780","timestamp":1657727157,"volume":"0.01513956","buyTxId":"4221ffc24584b64bebd605d745375223e9eb9121","sellTxId":"b2a28622164c90eea92b8c49c707b168110d3bed"}
{"index": {"_index":"sim","_id":"3900973"}}
	{"id":3900973,"type":"buy","buyer":"jakkal","seller":"medaymane","symbol":"SIM","quantity":"3957.419","price":"0.00043780","timestamp":1657727157,"volume":"1.73255804","buyTxId":"4221ffc24584b64bebd605d745375223e9eb9121","sellTxId":"18d51dfc4aee806d6df6c3b2402bf4e9365aa5e8"}
{"index": {"_index":"sim","_id":"3901024"}}
	{"id":3901024,"type":"buy","buyer":"jakkal","seller":"nftmart.fees","symbol":"SIM","quantity":"7.000","price":"0.00043779","timestamp":1657727376,"volume":"0.00306453","buyTxId":"ea3665f6b3a601cd8d004cf444f928b3f7e0eccd","sellTxId":"84ab440cb0d389f71fa9905dc5145b8077b3e7a8-0"}
{"index": {"_index":"sim","_id":"3901025"}}
	{"id":3901025,"type":"buy","buyer":"jakkal","seller":"medaymane","symbol":"SIM","quantity":"3258.781","price":"0.00043780","timestamp":1657727376,"volume":"1.42669432","buyTxId":"ea3665f6b3a601cd8d004cf444f928b3f7e0eccd","sellTxId":"18d51dfc4aee806d6df6c3b2402bf4e9365aa5e8"}
{"index": {"_index":"sim","_id":"3901026"}}
	{"id":3901026,"type":"buy","buyer":"jakkal","seller":"jelly-cz","symbol":"SIM","quantity":"734.219","price":"0.00043792","timestamp":1657727376,"volume":"0.32152918","buyTxId":"ea3665f6b3a601cd8d004cf444f928b3f7e0eccd","sellTxId":"MM-P-19087757-66080917-3-32-0"}
{"index": {"_index":"sim","_id":"3901059"}}
	{"id":3901059,"type":"buy","buyer":"jakkal","seller":"jelly-cz","symbol":"SIM","quantity":"5000.000","price":"0.00043792","timestamp":1657727586,"volume":"2.18960000","buyTxId":"5969a148fb44c1413d764f426800831e75bfe80e","sellTxId":"MM-P-19087757-66080917-3-32-0"}
{"index": {"_index":"sim","_id":"3901152"}}
	{"id":3901152,"type":"buy","buyer":"jakkal","seller":"jelly-cz","symbol":"SIM","quantity":"5000.000","price":"0.00043792","timestamp":1657728042,"volume":"2.18960000","buyTxId":"ef0365207d48d3c3ad17500cca7390675aed7ac5","sellTxId":"MM-P-19087757-66080917-3-32-0"}
{"index": {"_index":"sim","_id":"3901160"}}
	{"id":3901160,"type":"buy","buyer":"jakkal","seller":"jelly-cz","symbol":"SIM","quantity":"2000.000","price":"0.00043792","timestamp":1657728129,"volume":"0.87584000","buyTxId":"0d5ecfa4cbdbab93f725a01b4a57348d34167fb2","sellTxId":"MM-P-19087757-66080917-3-32-0"}
{"index": {"_index":"sim","_id":"3901191"}}
	{"id":3901191,"type":"buy","buyer":"jakkal","seller":"jelly-cz","symbol":"SIM","quantity":"5000.000","price":"0.00043792","timestamp":1657728333,"volume":"2.18960000","buyTxId":"185f1ccf2b8da3ba46b714a0ce812ebb1c5aa5f2","sellTxId":"MM-P-19087757-66080917-3-32-0"}
{"index": {"_index":"sim","_id":"3901194"}}
	{"id":3901194,"type":"buy","buyer":"jakkal","seller":"jelly-cz","symbol":"SIM","quantity":"2800.000","price":"0.00043792","timestamp":1657728378,"volume":"1.22617600","buyTxId":"51e6fd49369c57d1753c161c892354ef2fef563c","sellTxId":"MM-P-19087757-66080917-3-32-0"}
{"index": {"_index":"sim","_id":"3901604"}}
	{"id":3901604,"type":"sell","buyer":"pi-trader","seller":"denmarkguy","symbol":"SIM","quantity":"2.476","price":"0.00041111","timestamp":1657730715,"volume":"0.00101791","buyTxId":"1419077038d1408f990de18fee5bb24a51e4cf92-4","sellTxId":"987d1c60750cbba037d75a401894e519e2192a7a"}
{"index": {"_index":"sim","_id":"3901651"}}
	{"id":3901651,"type":"sell","buyer":"pi-trader","seller":"reddragonfly","symbol":"SIM","quantity":"1.695","price":"0.00041111","timestamp":1657731036,"volume":"0.00069683","buyTxId":"91681970d488c51fd999dd9c94aa737076da4fb8-3","sellTxId":"b8a707e018056aa2b8ee0f51bb94075651feceaa"}
{"index": {"_index":"sim","_id":"3902308"}}
	{"id":3902308,"type":"buy","buyer":"automaton","seller":"nftmart.fees","symbol":"SIM","quantity":"6.000","price":"0.00044336","timestamp":1657736268,"volume":"0.00266016","buyTxId":"ff593f3b11d165db26f35b32a4c7e26b16bc8968","sellTxId":"82412c36204b862e2b7058e75035d5afe468b2d4-0"}
{"index": {"_index":"sim","_id":"3902309"}}
	{"id":3902309,"type":"buy","buyer":"automaton","seller":"pi-trader","symbol":"SIM","quantity":"7894.000","price":"0.00044337","timestamp":1657736268,"volume":"3.49996278","buyTxId":"ff593f3b11d165db26f35b32a4c7e26b16bc8968","sellTxId":"50a83340d2c9fd18e3291de3bc3122e39e1f3f58-1"}
{"index": {"_index":"sim","_id":"3902381"}}
	{"id":3902381,"type":"buy","buyer":"oople","seller":"nftmart.fees","symbol":"SIM","quantity":"6.000","price":"0.00044336","timestamp":1657736958,"volume":"0.00266016","buyTxId":"ab6681db9f67e922b95e517bd880680ba522e85d","sellTxId":"44b4d30d69d86baee74eeacb48a8345d8da07b3f-0"}
{"index": {"_index":"sim","_id":"3902382"}}
	{"id":3902382,"type":"buy","buyer":"oople","seller":"pi-trader","symbol":"SIM","quantity":"794.000","price":"0.00044337","timestamp":1657736958,"volume":"0.35203578","buyTxId":"ab6681db9f67e922b95e517bd880680ba522e85d","sellTxId":"7b27d07de1f3a15a1a20469058ecf1048c485138-8"}
{"index": {"_index":"sim","_id":"3902488"}}
	{"id":3902488,"type":"sell","buyer":"pi-trader","seller":"dhedge-drips","symbol":"SIM","quantity":"13.499","price":"0.00041121","timestamp":1657737918,"volume":"0.00555092","buyTxId":"a538ce6b0a417732680dd7dc080b480a6adfa047-6","sellTxId":"abf467ae98f07a39f0dddad3cf3b8fa9de5b7f7c"}
{"index": {"_index":"sim","_id":"3902679"}}
	{"id":3902679,"type":"buy","buyer":"maryjane.main","seller":"nftmart.fees","symbol":"SIM","quantity":"5.000","price":"0.00044336","timestamp":1657739436,"volume":"0.00221680","buyTxId":"74de27ccb507c3ef5893c11676b22631be9857dc","sellTxId":"914b9ec8b5d7cf7d27e11aa690c7277ec3721a15-0"}
{"index": {"_index":"sim","_id":"3902680"}}
	{"id":3902680,"type":"buy","buyer":"maryjane.main","seller":"pi-trader","symbol":"SIM","quantity":"12745.000","price":"0.00044337","timestamp":1657739436,"volume":"5.65075065","buyTxId":"74de27ccb507c3ef5893c11676b22631be9857dc","sellTxId":"666a261dd672ca609ebf72d4f25286f4ef3415eb-2"}
{"index": {"_index":"sim","_id":"3902860"}}
	{"id":3902860,"type":"buy","buyer":"cryptogillone","seller":"nftmart.fees","symbol":"SIM","quantity":"4.000","price":"0.00044335","timestamp":1657741461,"volume":"0.00177340","buyTxId":"963487e98715ed4a1720634343053dccef47b4b4","sellTxId":"76cd5ec79ddc714094ca2b8220767b7763cd2348-0"}
{"index": {"_index":"sim","_id":"3902861"}}
	{"id":3902861,"type":"buy","buyer":"cryptogillone","seller":"pi-trader","symbol":"SIM","quantity":"427.486","price":"0.00044336","timestamp":1657741461,"volume":"0.18953043","buyTxId":"963487e98715ed4a1720634343053dccef47b4b4","sellTxId":"a9f2862a012dc99724bb3ecf3a9a64dda89e6970-4"}
{"index": {"_index":"sim","_id":"3902862"}}
	{"id":3902862,"type":"sell","buyer":"pi-trader","seller":"papacrusher","symbol":"SIM","quantity":"120.816","price":"0.00041131","timestamp":1657741476,"volume":"0.04969283","buyTxId":"7fd438b6268159023521ed7a25dc52741bd76d39-1","sellTxId":"fe737d7c34f6b85c1dab5dea98c8416c464c0e4a"}
{"index": {"_index":"sim","_id":"3902997"}}
	{"id":3902997,"type":"sell","buyer":"pi-trader","seller":"elevator09","symbol":"SIM","quantity":"2552.122","price":"0.00041133","timestamp":1657742994,"volume":"1.04976434","buyTxId":"d02aa4d28c82f9d5921b58eff914f5bc00276996-1","sellTxId":"8c38cae625064c9b581e5b48048f64db8c26e8c6"}
{"index": {"_index":"sim","_id":"3903133"}}
	{"id":3903133,"type":"sell","buyer":"pi-trader","seller":"bitcoinflood","symbol":"SIM","quantity":"633.155","price":"0.00041141","timestamp":1657743924,"volume":"0.26048630","buyTxId":"98646ab84df4ffad1ec13b773873388ea3c8c835-1","sellTxId":"995b142eeb09c63da683d0c89e4c9492fc125dba"}
{"index": {"_index":"sim","_id":"3903169"}}
	{"id":3903169,"type":"sell","buyer":"pi-trader","seller":"lisamgentile1961","symbol":"SIM","quantity":"139.200","price":"0.00041141","timestamp":1657744125,"volume":"0.05726827","buyTxId":"66034328d15f77d91262317f51b5f9c547bb1339-5","sellTxId":"5b0cdcaa7b31f1c77988fc7f47bab2b52c92eb12"}
{"index": {"_index":"sim","_id":"3903274"}}
	{"id":3903274,"type":"sell","buyer":"pi-trader","seller":"leizerstark","symbol":"SIM","quantity":"334.500","price":"0.00041141","timestamp":1657744980,"volume":"0.13761665","buyTxId":"0e617ec3d05ad96b3769f95ebe819cf193614cc5-3","sellTxId":"f2950d300feb06bf435e5b44214cc2885eb228bf"}
{"index": {"_index":"sim","_id":"3903353"}}
	{"id":3903353,"type":"sell","buyer":"pi-trader","seller":"rarej","symbol":"SIM","quantity":"7527.417","price":"0.00041141","timestamp":1657746144,"volume":"3.09685463","buyTxId":"1241aa0de903df32b5441202fbc61384fc7347bd-1","sellTxId":"24a4e5f591c8366214923ba6c582ae86fb6ada91"}
{"index": {"_index":"sim","_id":"3903440"}}
	{"id":3903440,"type":"buy","buyer":"oople","seller":"nftmart.fees","symbol":"SIM","quantity":"4.000","price":"0.00044331","timestamp":1657747422,"volume":"0.00177324","buyTxId":"a66503fa0aa4abfdcb7f2fa037632279ad896055","sellTxId":"f7e970bcf5a26ebfdcb47230fe6fc63b7524be31-0"}
{"index": {"_index":"sim","_id":"3903441"}}
	{"id":3903441,"type":"buy","buyer":"oople","seller":"teikn","symbol":"SIM","quantity":"6.000","price":"0.00044332","timestamp":1657747422,"volume":"0.00265992","buyTxId":"a66503fa0aa4abfdcb7f2fa037632279ad896055","sellTxId":"6f6cae4f0bb51120e4a88b9233fa1da2d44eb579"}
{"index": {"_index":"sim","_id":"3903442"}}
	{"id":3903442,"type":"buy","buyer":"oople","seller":"pi-trader","symbol":"SIM","quantity":"790.000","price":"0.00044334","timestamp":1657747422,"volume":"0.35023860","buyTxId":"a66503fa0aa4abfdcb7f2fa037632279ad896055","sellTxId":"88bef82e2046e99042705255b4622f585178e088"}
{"index": {"_index":"sim","_id":"3903453"}}
	{"id":3903453,"type":"sell","buyer":"pi-trader","seller":"cryptomaniacsgr","symbol":"SIM","quantity":"8009.000","price":"0.00041141","timestamp":1657747569,"volume":"3.29498269","buyTxId":"38d5fb593690c10415cdefef559086f2b273e07f-9","sellTxId":"157bb68fffde0598a640d058972c521efef088a4"}
{"index": {"_index":"sim","_id":"3903454"}}
	{"id":3903454,"type":"buy","buyer":"oople","seller":"pi-trader","symbol":"SIM","quantity":"577.000","price":"0.00044334","timestamp":1657747608,"volume":"0.25580718","buyTxId":"2bf6b9dcc21b3d6f6b81078afe0002d6b6a4afd1","sellTxId":"057a5a8678caa0400e2a0ff5f3a66ae19f3684d6-6"}
{"index": {"_index":"sim","_id":"3903463"}}
	{"id":3903463,"type":"buy","buyer":"oople","seller":"nftmart.fees","symbol":"SIM","quantity":"3.000","price":"0.00044333","timestamp":1657747770,"volume":"0.00132999","buyTxId":"18583d71a0db38e4594a28b8b1cf512bde6487ec","sellTxId":"cdc40d296b58ac9c68ce9bd12dafeded3a6623a0-0"}
{"index": {"_index":"sim","_id":"3903464"}}
	{"id":3903464,"type":"buy","buyer":"oople","seller":"pi-trader","symbol":"SIM","quantity":"797.000","price":"0.00044334","timestamp":1657747770,"volume":"0.35334198","buyTxId":"18583d71a0db38e4594a28b8b1cf512bde6487ec","sellTxId":"35bbcd94acb7db5df4d72ac171997abc58706460-2"}
{"index": {"_index":"sim","_id":"3903466"}}
	{"id":3903466,"type":"sell","buyer":"pi-trader","seller":"curatorcat","symbol":"SIM","quantity":"1.624","price":"0.00041141","timestamp":1657747806,"volume":"0.00066813","buyTxId":"bcb8176cfe54e7f95153bc26988dce9b54762d0b-5","sellTxId":"bc35b1b64d34305e32e403daac82a1595e822204"}
{"index": {"_index":"sim","_id":"3903498"}}
	{"id":3903498,"type":"buy","buyer":"oople","seller":"pi-trader","symbol":"SIM","quantity":"1705.000","price":"0.00044334","timestamp":1657748163,"volume":"0.75589470","buyTxId":"26eb61a8796729e27c753dbee35933339a351870","sellTxId":"4da1ccd3584340cece6ca41c29e3981a601284af-4"}
{"index": {"_index":"sim","_id":"3903526"}}
	{"id":3903526,"type":"sell","buyer":"pi-trader","seller":"twunders","symbol":"SIM","quantity":"106.000","price":"0.00041151","timestamp":1657748664,"volume":"0.04362006","buyTxId":"ec684d078907b4ad66570536ff66d756f540bce0-1","sellTxId":"f2e70cb85ae7f3ee9f074352edbedb25e262698f"}
{"index": {"_index":"sim","_id":"3903932"}}
	{"id":3903932,"type":"sell","buyer":"pi-trader","seller":"nftmart.fees","symbol":"SIM","quantity":"120.550","price":"0.00041161","timestamp":1657753212,"volume":"0.04961959","buyTxId":"a83fa1a8917da1d80001b842d658adcdabf4be00-1","sellTxId":"7ab9f4a0f3121726d9dd99ccfdb76f2300a667c3"}
{"index": {"_index":"sim","_id":"3904512"}}
	{"id":3904512,"type":"buy","buyer":"nastyforce","seller":"nftmart.fees","symbol":"SIM","quantity":"2.000","price":"0.00044333","timestamp":1657757586,"volume":"0.00088666","buyTxId":"82669edd75c45fdef6fb638858fff08270dcc7ba","sellTxId":"2550059708fe4e484c91140de9bafbb9754e6c87-0"}
{"index": {"_index":"sim","_id":"3904681"}}
	{"id":3904681,"type":"sell","buyer":"pi-trader","seller":"poliwalt10","symbol":"SIM","quantity":"337.000","price":"0.00041171","timestamp":1657758885,"volume":"0.13874627","buyTxId":"8e292dec79d05a039f970a12d31f090c31d960e7-1","sellTxId":"867362d5ecaf546ac6636584047860ff1ba2edee"}
{"index": {"_index":"sim","_id":"3904743"}}
	{"id":3904743,"type":"sell","buyer":"pi-trader","seller":"dhedge-drips","symbol":"SIM","quantity":"0.001","price":"0.00041171","timestamp":1657759518,"volume":"0.00000041","buyTxId":"c8c35efd5a66c096215550ae92aa6e9e5c87d49e-3","sellTxId":"6e03a23097e44bec308b4b191d18365832728e83"}
{"index": {"_index":"sim","_id":"3904811"}}
	{"id":3904811,"type":"buy","buyer":"bambukah","seller":"nftmart.fees","symbol":"SIM","quantity":"2.000","price":"0.00044332","timestamp":1657760148,"volume":"0.00088664","buyTxId":"50985c0bc3610973b03f3a4a000ece0b223af235","sellTxId":"90fa08c3a4238e1766b919ee2ec8e778ff5665d1-0"}
{"index": {"_index":"sim","_id":"3904815"}}
	{"id":3904815,"type":"buy","buyer":"bambukah","seller":"dhedge-drips","symbol":"SIM","quantity":"0.001","price":"0.00044333","timestamp":1657760181,"volume":"0.00000044","buyTxId":"395cfbd9070273df7e72d15ba64f2cfd164136ab","sellTxId":"086bdfb33901f9b185567de7ac0972030e5d6c4c"}
{"index": {"_index":"sim","_id":"3904816"}}
	{"id":3904816,"type":"buy","buyer":"bambukah","seller":"nastyforce","symbol":"SIM","quantity":"162.343","price":"0.00044335","timestamp":1657760181,"volume":"0.07197477","buyTxId":"395cfbd9070273df7e72d15ba64f2cfd164136ab","sellTxId":"8baea9514d2501e4291d94521ecbd4ec340797b2"}
{"index": {"_index":"sim","_id":"3905147"}}
	{"id":3905147,"type":"sell","buyer":"pi-trader","seller":"theguruasia","symbol":"SIM","quantity":"3026.613","price":"0.00041181","timestamp":1657765071,"volume":"1.24638950","buyTxId":"27400b47a57b4149befd0d1ddb143fe660f6431d-1","sellTxId":"1625e4f06057934da1f0c9cc883b70adbc968a4b"}
{"index": {"_index":"sim","_id":"3905162"}}
	{"id":3905162,"type":"sell","buyer":"pi-trader","seller":"valor2s","symbol":"SIM","quantity":"47.613","price":"0.00041181","timestamp":1657765179,"volume":"0.01960751","buyTxId":"22a2a8c2b91b6bd318b509eaecd14f2b5d708f8d-6","sellTxId":"8f56b486180260632640314f0b937b8339280d54"}
{"index": {"_index":"sim","_id":"3905164"}}
	{"id":3905164,"type":"buy","buyer":"nastyforce","seller":"nftmart.fees","symbol":"SIM","quantity":"1.000","price":"0.00044334","timestamp":1657765233,"volume":"0.00044334","buyTxId":"7a9d3d0ed7c9e51d0180a9a3e3c8422d26eec076","sellTxId":"1f9c145199e658a75c64531d09459fb1667553f1-0"}
