{"index": {"_index":"sim","_id":"3449184"}}
	{"id":3449184,"type":"sell","buyer":"pi-trader","seller":"timmy-turnip","symbol":"SIM","quantity":"22.000","price":"0.00047801","timestamp":1652753874,"volume":"0.01051622","buyTxId":"f7778666a96cade73494ac01469366b10dc826f1-5","sellTxId":"3673f10aead93bc3eb692169dd8ff393ee956352"}
{"index": {"_index":"sim","_id":"3449268"}}
	{"id":3449268,"type":"buy","buyer":"libert","seller":"nftmart.fees","symbol":"SIM","quantity":"26.000","price":"0.00049996","timestamp":1652754834,"volume":"0.01299896","buyTxId":"b7071e8d3a9b1c7b7ecd8f2385125e3777209032","sellTxId":"26b00c4d76274b04ace218952ab9eb6d272a68fb-0"}
{"index": {"_index":"sim","_id":"3449269"}}
	{"id":3449269,"type":"buy","buyer":"libert","seller":"danewilliams","symbol":"SIM","quantity":"3281.825","price":"0.00050000","timestamp":1652754834,"volume":"1.64091250","buyTxId":"b7071e8d3a9b1c7b7ecd8f2385125e3777209032","sellTxId":"e63e3770462b97c2aae00bb8f0d843ac0842ec30"}
{"index": {"_index":"sim","_id":"3449270"}}
	{"id":3449270,"type":"buy","buyer":"libert","seller":"dhedge-drips","symbol":"SIM","quantity":"11.500","price":"0.00050185","timestamp":1652754834,"volume":"0.00577128","buyTxId":"b7071e8d3a9b1c7b7ecd8f2385125e3777209032","sellTxId":"6edc3a2388d2f8341b5e1b221ab9671a63d97286"}
{"index": {"_index":"sim","_id":"3449271"}}
	{"id":3449271,"type":"buy","buyer":"libert","seller":"jelly-cz","symbol":"SIM","quantity":"3407.889","price":"0.00050187","timestamp":1652754834,"volume":"1.71031726","buyTxId":"b7071e8d3a9b1c7b7ecd8f2385125e3777209032","sellTxId":"MM-P-17448221-64438392-3-30-0"}
{"index": {"_index":"sim","_id":"3449321"}}
	{"id":3449321,"type":"buy","buyer":"libert","seller":"jelly-cz","symbol":"SIM","quantity":"43497.320","price":"0.00050187","timestamp":1652755560,"volume":"21.83","buyTxId":"e999e6ee3b1cad416ae1bc260fcda0afbd8d569d","sellTxId":"MM-P-17448221-64438392-3-30-0"}
{"index": {"_index":"sim","_id":"3449503"}}
	{"id":3449503,"type":"sell","buyer":"pi-trader","seller":"nftmart.fees","symbol":"SIM","quantity":"180.500","price":"0.00048001","timestamp":1652757795,"volume":"0.08664181","buyTxId":"2f1b1c9309f6bc800eb10b0adf8b2087022860a9-3","sellTxId":"dc9a392768dff0b0eaff193459bdf3bdd12c3674"}
{"index": {"_index":"sim","_id":"3449728"}}
	{"id":3449728,"type":"sell","buyer":"master-lamps","seller":"hive-189742","symbol":"SIM","quantity":"1.045","price":"0.00048002","timestamp":1652760426,"volume":"0.00050162","buyTxId":"0e8c1bf153afbbba1fb985b341d76b06b0b2f2e4","sellTxId":"9fccde4944d3083c677807d00f34e5173629c154"}
{"index": {"_index":"sim","_id":"3449789"}}
	{"id":3449789,"type":"sell","buyer":"master-lamps","seller":"bassilus90","symbol":"SIM","quantity":"30.102","price":"0.00048002","timestamp":1652761416,"volume":"0.01444956","buyTxId":"0e8c1bf153afbbba1fb985b341d76b06b0b2f2e4","sellTxId":"1600d919d6fdf307d4bfcf1765da53d9b817e99f"}
{"index": {"_index":"sim","_id":"3449790"}}
	{"id":3449790,"type":"sell","buyer":"pi-trader","seller":"bassilus90","symbol":"SIM","quantity":"919.898","price":"0.00048001","timestamp":1652761416,"volume":"0.44156024","buyTxId":"e5cec7072a2ebfc4ffb9808ac2017b5a403e0351-3","sellTxId":"1600d919d6fdf307d4bfcf1765da53d9b817e99f"}
{"index": {"_index":"sim","_id":"3450518"}}
	{"id":3450518,"type":"buy","buyer":"xenor","seller":"nftmart.fees","symbol":"SIM","quantity":"22.000","price":"0.00050171","timestamp":1652771607,"volume":"0.01103762","buyTxId":"59ad9e3c13ec6ceef65d55fcbe0cbd5dd212f2f1","sellTxId":"506da5cefa04164e96c4b30e2e95c664ba3958b3-0"}
{"index": {"_index":"sim","_id":"3450519"}}
	{"id":3450519,"type":"buy","buyer":"xenor","seller":"master-lamps","symbol":"SIM","quantity":"130.032","price":"0.00050181","timestamp":1652771607,"volume":"0.06525136","buyTxId":"59ad9e3c13ec6ceef65d55fcbe0cbd5dd212f2f1","sellTxId":"19c571b90b1ad661643035f72543e9ee66c1a62e"}
{"index": {"_index":"sim","_id":"3450520"}}
	{"id":3450520,"type":"buy","buyer":"xenor","seller":"jelly-cz","symbol":"SIM","quantity":"7847.968","price":"0.00050187","timestamp":1652771607,"volume":"3.93865970","buyTxId":"59ad9e3c13ec6ceef65d55fcbe0cbd5dd212f2f1","sellTxId":"MM-P-17448221-64438392-3-30-0"}
{"index": {"_index":"sim","_id":"3450548"}}
	{"id":3450548,"type":"buy","buyer":"xenor","seller":"jelly-cz","symbol":"SIM","quantity":"8000.000","price":"0.00050187","timestamp":1652771832,"volume":"4.01496000","buyTxId":"7ea9b87ef6b18ffb90247ff7d926369a089fb903","sellTxId":"MM-P-17448221-64438392-3-30-0"}
{"index": {"_index":"sim","_id":"3450561"}}
	{"id":3450561,"type":"buy","buyer":"xenor","seller":"jelly-cz","symbol":"SIM","quantity":"5000.000","price":"0.00050187","timestamp":1652772009,"volume":"2.50935000","buyTxId":"0f8923a892be3ef0ebfb50631013501cb69a96f2","sellTxId":"MM-P-17448221-64438392-3-30-0"}
{"index": {"_index":"sim","_id":"3451548"}}
	{"id":3451548,"type":"sell","buyer":"pi-trader","seller":"digital-fortress","symbol":"SIM","quantity":"0.335","price":"0.00048201","timestamp":1652782092,"volume":"0.00016147","buyTxId":"473a590561d9caf61fb152e7a01b271bee863979-1","sellTxId":"f606039df601b21600e1722e57ba74d641468bb7"}
{"index": {"_index":"sim","_id":"3451860"}}
	{"id":3451860,"type":"buy","buyer":"xenor","seller":"nftmart.fees","symbol":"SIM","quantity":"19.000","price":"0.00049997","timestamp":1652786100,"volume":"0.00949943","buyTxId":"71b00b8354eb6591337392fa85e7a25d8f905dce","sellTxId":"c40ab5cf273590f96416e7e5af0c5b3bd2ae938b-0"}
{"index": {"_index":"sim","_id":"3451861"}}
	{"id":3451861,"type":"buy","buyer":"xenor","seller":"johndieo","symbol":"SIM","quantity":"1280.000","price":"0.00050000","timestamp":1652786100,"volume":"0.64000000","buyTxId":"71b00b8354eb6591337392fa85e7a25d8f905dce","sellTxId":"51929f832d02f5afefb5fdefd77fa7673278712c"}
{"index": {"_index":"sim","_id":"3451862"}}
	{"id":3451862,"type":"buy","buyer":"xenor","seller":"master-lamps","symbol":"SIM","quantity":"31.147","price":"0.00050184","timestamp":1652786100,"volume":"0.01563081","buyTxId":"71b00b8354eb6591337392fa85e7a25d8f905dce","sellTxId":"390dddbb3da2701e01fc042c3dfd9988379c87ca"}
{"index": {"_index":"sim","_id":"3451863"}}
	{"id":3451863,"type":"buy","buyer":"xenor","seller":"jelly-cz","symbol":"SIM","quantity":"48669.853","price":"0.00050187","timestamp":1652786100,"volume":"24.42593913","buyTxId":"71b00b8354eb6591337392fa85e7a25d8f905dce","sellTxId":"MM-P-17448221-64438392-3-30-0"}
{"index": {"_index":"sim","_id":"3451994"}}
	{"id":3451994,"type":"buy","buyer":"dadspardan","seller":"nftmart.fees","symbol":"SIM","quantity":"19.000","price":"0.00050186","timestamp":1652787927,"volume":"0.00953534","buyTxId":"fc5971a4ce8b74fe8a7e84334170190420569d77","sellTxId":"2a84cfa3222986265048be70d73df248dbc972ee-0"}
{"index": {"_index":"sim","_id":"3451995"}}
	{"id":3451995,"type":"buy","buyer":"dadspardan","seller":"jelly-cz","symbol":"SIM","quantity":"68032.970","price":"0.00050187","timestamp":1652787927,"volume":"34.14370665","buyTxId":"fc5971a4ce8b74fe8a7e84334170190420569d77","sellTxId":"MM-P-17448221-64438392-3-30-0"}
{"index": {"_index":"sim","_id":"3451996"}}
	{"id":3451996,"type":"buy","buyer":"dadspardan","seller":"steem.drone","symbol":"SIM","quantity":"29948.030","price":"0.00050490","timestamp":1652787927,"volume":"15.12076035","buyTxId":"fc5971a4ce8b74fe8a7e84334170190420569d77","sellTxId":"24e6d288473eaafb860e23f6628e72ca18edb593"}
{"index": {"_index":"sim","_id":"3452043"}}
	{"id":3452043,"type":"buy","buyer":"stickupcash","seller":"nftmart.fees","symbol":"SIM","quantity":"17.000","price":"0.00050338","timestamp":1652788326,"volume":"0.00855746","buyTxId":"d281e01c7c12c30040d5c65a93e1945e4cbd7935","sellTxId":"8cd34d4edb006cd8ab89d99ba65a53d4b2617077-0"}
{"index": {"_index":"sim","_id":"3452045"}}
	{"id":3452045,"type":"buy","buyer":"stickupcash","seller":"jelly-cz","symbol":"SIM","quantity":"103142.000","price":"0.00050339","timestamp":1652788347,"volume":"51.92065138","buyTxId":"4ca0e6b0431647c93a6bf35285b7a3de936e4eb3","sellTxId":"MM-P-17462192-64452370-3-30-0"}
{"index": {"_index":"sim","_id":"3452059"}}
	{"id":3452059,"type":"buy","buyer":"xenor","seller":"jelly-cz","symbol":"SIM","quantity":"18000.000","price":"0.00050339","timestamp":1652788533,"volume":"9.06102000","buyTxId":"a3dcee2a3a1f0395a448f217e28f6d69afc5fb46","sellTxId":"MM-P-17462192-64452370-3-30-0"}
{"index": {"_index":"sim","_id":"3452128"}}
	{"id":3452128,"type":"buy","buyer":"xenor","seller":"jelly-cz","symbol":"SIM","quantity":"5000.000","price":"0.00050339","timestamp":1652789463,"volume":"2.51695000","buyTxId":"32e7c9305edd808daa5d6483ccbaeb3d9de3f383","sellTxId":"MM-P-17462192-64452370-3-30-0"}
{"index": {"_index":"sim","_id":"3452253"}}
	{"id":3452253,"type":"sell","buyer":"pi-trader","seller":"steem82868","symbol":"SIM","quantity":"0.016","price":"0.00048110","timestamp":1652790906,"volume":"0.00000770","buyTxId":"8185b22aab168cc166a6ba30bac2d3505728cbee-3","sellTxId":"6c64cacbe334ad5d68b33dd393bbfd28d23b3ddc"}
{"index": {"_index":"sim","_id":"3452496"}}
	{"id":3452496,"type":"sell","buyer":"pi-trader","seller":"miketr","symbol":"SIM","quantity":"113.475","price":"0.00049001","timestamp":1652793825,"volume":"0.05560388","buyTxId":"83cba09b690373beb468e9b72c91b647a5e57788-3","sellTxId":"efc61f68a8405d56453cd194e165ac634559eff1"}
{"index": {"_index":"sim","_id":"3452567"}}
	{"id":3452567,"type":"sell","buyer":"pi-trader","seller":"leontr","symbol":"SIM","quantity":"90.846","price":"0.00049001","timestamp":1652794551,"volume":"0.04451545","buyTxId":"003f1b86e03cd2306e262beb81e2f60818f01191-3","sellTxId":"bc26e7f8375e4e90bc8375447f35704068c833c8"}
{"index": {"_index":"sim","_id":"3452851"}}
	{"id":3452851,"type":"buy","buyer":"meanbees","seller":"nftmart.fees","symbol":"SIM","quantity":"22.000","price":"0.00050331","timestamp":1652798118,"volume":"0.01107282","buyTxId":"de684b302d684ff6f1a31d90cde7675d9b4979be","sellTxId":"5f8ea2c8ba45c82c0bf14a6ff4d5ba8b5b64d45f-0"}
{"index": {"_index":"sim","_id":"3452936"}}
	{"id":3452936,"type":"buy","buyer":"stickupcash","seller":"nftmart.fees","symbol":"SIM","quantity":"22.000","price":"0.00050489","timestamp":1652799234,"volume":"0.01110758","buyTxId":"fc1dfdbd4ef2c6131ef49ead0a9cb321fd47009e","sellTxId":"6d3ae74d871323daddb1f9a0518ee6be3d228423-0"}
{"index": {"_index":"sim","_id":"3452937"}}
	{"id":3452937,"type":"buy","buyer":"stickupcash","seller":"steem.drone","symbol":"SIM","quantity":"49978.000","price":"0.00050490","timestamp":1652799234,"volume":"25.23389220","buyTxId":"fc1dfdbd4ef2c6131ef49ead0a9cb321fd47009e","sellTxId":"24e6d288473eaafb860e23f6628e72ca18edb593"}
{"index": {"_index":"sim","_id":"3452988"}}
	{"id":3452988,"type":"sell","buyer":"pi-trader","seller":"goldcoin","symbol":"SIM","quantity":"60.336","price":"0.00049101","timestamp":1652799867,"volume":"0.02962558","buyTxId":"ae8926b920f70ddb61b0365ccabc6b3c8c6360eb-3","sellTxId":"220e8d35031c089199d615c597124f6d1304c81e"}
{"index": {"_index":"sim","_id":"3453023"}}
	{"id":3453023,"type":"sell","buyer":"pi-trader","seller":"lifeskills-tv","symbol":"SIM","quantity":"748.062","price":"0.00049101","timestamp":1652800230,"volume":"0.36730592","buyTxId":"62c05ea968d1e87c070e842398f714c1e428dc26-2","sellTxId":"2e7f6141e9311088b4d020afec074a8371006f97"}
{"index": {"_index":"sim","_id":"3453387"}}
	{"id":3453387,"type":"buy","buyer":"mongshter","seller":"nftmart.fees","symbol":"SIM","quantity":"16.000","price":"0.00050488","timestamp":1652802666,"volume":"0.00807808","buyTxId":"e80f5714c48280983af22ac0d00a9ac99c9bd792","sellTxId":"6e0d3ebf131c2e436636e26580babdde86489c04-0"}
{"index": {"_index":"sim","_id":"3453388"}}
	{"id":3453388,"type":"buy","buyer":"mongshter","seller":"steem.drone","symbol":"SIM","quantity":"7984.000","price":"0.00050490","timestamp":1652802666,"volume":"4.03112160","buyTxId":"e80f5714c48280983af22ac0d00a9ac99c9bd792","sellTxId":"24e6d288473eaafb860e23f6628e72ca18edb593"}
{"index": {"_index":"sim","_id":"3453411"}}
	{"id":3453411,"type":"buy","buyer":"assassyn","seller":"nftmart.fees","symbol":"SIM","quantity":"17.000","price":"0.00050489","timestamp":1652802942,"volume":"0.00858313","buyTxId":"00cb8963ff1299b98718467f3103cdecef55ebad","sellTxId":"4468d98965b6b0e98f44ad5f0813685693e2f04f-0"}
{"index": {"_index":"sim","_id":"3453455"}}
	{"id":3453455,"type":"sell","buyer":"assassyn","seller":"nftmart.fees","symbol":"SIM","quantity":"14.000","price":"0.00050489","timestamp":1652803878,"volume":"0.00706846","buyTxId":"00cb8963ff1299b98718467f3103cdecef55ebad","sellTxId":"ac0d6c374506596d7662ae94e0ebcf32b7df898c-0"}
{"index": {"_index":"sim","_id":"3453468"}}
	{"id":3453468,"type":"sell","buyer":"assassyn","seller":"myvest","symbol":"SIM","quantity":"120.201","price":"0.00050489","timestamp":1652804151,"volume":"0.06068828","buyTxId":"00cb8963ff1299b98718467f3103cdecef55ebad","sellTxId":"481c24746961b4a1bafa2c645dd88ba9c91fd862"}
{"index": {"_index":"sim","_id":"3453472"}}
	{"id":3453472,"type":"buy","buyer":"ana-maria","seller":"steem.drone","symbol":"SIM","quantity":"83.000","price":"0.00050490","timestamp":1652804220,"volume":"0.04190670","buyTxId":"5478f0764b70ced03b59e0e7cfa5b68c33d395bf","sellTxId":"24e6d288473eaafb860e23f6628e72ca18edb593"}
{"index": {"_index":"sim","_id":"3453538"}}
	{"id":3453538,"type":"sell","buyer":"assassyn","seller":"nftmart.fees","symbol":"SIM","quantity":"13.000","price":"0.00050489","timestamp":1652805078,"volume":"0.00656357","buyTxId":"00cb8963ff1299b98718467f3103cdecef55ebad","sellTxId":"c5abcc2d0ad372677145f813ab20e4eeef38cebc-0"}
{"index": {"_index":"sim","_id":"3453542"}}
	{"id":3453542,"type":"sell","buyer":"assassyn","seller":"pjansen","symbol":"SIM","quantity":"357.799","price":"0.00050489","timestamp":1652805087,"volume":"0.18064914","buyTxId":"00cb8963ff1299b98718467f3103cdecef55ebad","sellTxId":"94ab196a7cfeab07a143b275ce84e3fee6b02f70"}
{"index": {"_index":"sim","_id":"3453543"}}
	{"id":3453543,"type":"sell","buyer":"chetanpadliya","seller":"pjansen","symbol":"SIM","quantity":"20.709","price":"0.00049100","timestamp":1652805087,"volume":"0.01016812","buyTxId":"555236c7c7815baf089b71c7e077073ed24a587e","sellTxId":"94ab196a7cfeab07a143b275ce84e3fee6b02f70"}
{"index": {"_index":"sim","_id":"3453688"}}
	{"id":3453688,"type":"sell","buyer":"pi-trader","seller":"unicron","symbol":"SIM","quantity":"30000.000","price":"0.00049101","timestamp":1652806449,"volume":"14.73030000","buyTxId":"d2ee625c34e57af376048aa4e49de752bb2c8db0-2","sellTxId":"882e6c978bd4c052369a9f506d2b91a78633a81d"}
{"index": {"_index":"sim","_id":"3453697"}}
	{"id":3453697,"type":"sell","buyer":"pi-trader","seller":"laritheghost","symbol":"SIM","quantity":"42.810","price":"0.00049101","timestamp":1652806563,"volume":"0.02102014","buyTxId":"a32f26d5d87bb19d5f1b5aac4b7c499372f9e2ff-5","sellTxId":"58080202c2940f4ce8d984d4abda45e781688127"}
{"index": {"_index":"sim","_id":"3454299"}}
	{"id":3454299,"type":"sell","buyer":"pi-trader","seller":"linco","symbol":"SIM","quantity":"336.000","price":"0.00049101","timestamp":1652811615,"volume":"0.16497936","buyTxId":"b0b4948f13e12bf055c9423af7bf6c243a66c2d7-2","sellTxId":"b2c7dd61700dc02e01bfafcdf8741f3a4a266d34"}
{"index": {"_index":"sim","_id":"3454382"}}
	{"id":3454382,"type":"sell","buyer":"pi-trader","seller":"topdollar001","symbol":"SIM","quantity":"5121","price":"0.00049201","timestamp":1652812071,"volume":"2.51958321","buyTxId":"b44d1764b2dd99c0bfb2acfa0756d827bb143efc-2","sellTxId":"84c6bc8b25b200c55a21885e133ed978e90b63a1"}
{"index": {"_index":"sim","_id":"3454537"}}
	{"id":3454537,"type":"sell","buyer":"pi-trader","seller":"casilokodesing","symbol":"SIM","quantity":"583.180","price":"0.00049201","timestamp":1652813238,"volume":"0.28693039","buyTxId":"2e1dbee38d7a1f6aa0208f854bda953fa46ba50b-5","sellTxId":"09b0ba66561b4435088058a3c4bcb699b67a2c12"}
{"index": {"_index":"sim","_id":"3454841"}}
	{"id":3454841,"type":"buy","buyer":"xenor","seller":"nftmart.fees","symbol":"SIM","quantity":"10.000","price":"0.00050482","timestamp":1652815662,"volume":"0.00504820","buyTxId":"666a64d47516f33e1eabb49bbcc1b64714496757","sellTxId":"7565105adc7f47004a7dfab60b530a67d26d7acf-0"}
{"index": {"_index":"sim","_id":"3454842"}}
	{"id":3454842,"type":"buy","buyer":"xenor","seller":"steem.drone","symbol":"SIM","quantity":"19990.000","price":"0.00050490","timestamp":1652815662,"volume":"10.09295100","buyTxId":"666a64d47516f33e1eabb49bbcc1b64714496757","sellTxId":"24e6d288473eaafb860e23f6628e72ca18edb593"}
{"index": {"_index":"sim","_id":"3455006"}}
	{"id":3455006,"type":"buy","buyer":"ana-maria","seller":"nftmart.fees","symbol":"SIM","quantity":"10.000","price":"0.00050489","timestamp":1652816925,"volume":"0.00504890","buyTxId":"90fed0983307bd04a684974824c5d1a76742c8c3","sellTxId":"6820a9cc7d9a25101f0510db007971b1a4dfe54f-0"}
{"index": {"_index":"sim","_id":"3455009"}}
	{"id":3455009,"type":"buy","buyer":"ana-maria","seller":"steem.drone","symbol":"SIM","quantity":"77.000","price":"0.00050490","timestamp":1652816955,"volume":"0.03887730","buyTxId":"2d32bc162f638950ff724a963af184f3761a7ab5","sellTxId":"24e6d288473eaafb860e23f6628e72ca18edb593"}
{"index": {"_index":"sim","_id":"3455013"}}
	{"id":3455013,"type":"buy","buyer":"maryjane.main","seller":"steem.drone","symbol":"SIM","quantity":"24000.000","price":"0.00050490","timestamp":1652817015,"volume":"12.11760000","buyTxId":"59beff64a85d11519e101920308d8848ca16e980","sellTxId":"24e6d288473eaafb860e23f6628e72ca18edb593"}
{"index": {"_index":"sim","_id":"3455345"}}
	{"id":3455345,"type":"sell","buyer":"pi-trader","seller":"loganhate","symbol":"SIM","quantity":"156.000","price":"0.00049201","timestamp":1652819187,"volume":"0.07675356","buyTxId":"fdd8ead35e18c57c321917c251bed158759f4281-3","sellTxId":"8fe6a2b9e3aac946c97e39795dde918a0e965065"}
{"index": {"_index":"sim","_id":"3455519"}}
	{"id":3455519,"type":"sell","buyer":"pi-trader","seller":"rarej","symbol":"SIM","quantity":"1146.355","price":"0.00049201","timestamp":1652820735,"volume":"0.56401812","buyTxId":"cc3cdafc08d8743446eb58a79abd9fc2154aa15c-3","sellTxId":"81b6155a052016d95e0b1bc74fa6db43c2bd13ec"}
{"index": {"_index":"sim","_id":"3455767"}}
	{"id":3455767,"type":"buy","buyer":"assassyn","seller":"nftmart.fees","symbol":"SIM","quantity":"7.000","price":"0.00050485","timestamp":1652822076,"volume":"0.00353395","buyTxId":"ec878a11d38fd9f00e07681675927730e7cb3932","sellTxId":"0869393101dea1b69ee56802360592af9549ec2e-0"}
{"index": {"_index":"sim","_id":"3455849"}}
	{"id":3455849,"type":"sell","buyer":"assassyn","seller":"bitcoinflood","symbol":"SIM","quantity":"853.878","price":"0.00050489","timestamp":1652822802,"volume":"0.43111446","buyTxId":"ec878a11d38fd9f00e07681675927730e7cb3932","sellTxId":"a1213052585cf515a91b7b90ebef3d9f9f3cb4b4"}
{"index": {"_index":"sim","_id":"3455891"}}
	{"id":3455891,"type":"sell","buyer":"assassyn","seller":"nftmart.fees","symbol":"SIM","quantity":"7.000","price":"0.00050489","timestamp":1652823078,"volume":"0.00353423","buyTxId":"ec878a11d38fd9f00e07681675927730e7cb3932","sellTxId":"fdf6bea30ad9ec6b443ade26560be0328a5a0ddb-0"}
{"index": {"_index":"sim","_id":"3455993"}}
	{"id":3455993,"type":"sell","buyer":"assassyn","seller":"nftmart.fees","symbol":"SIM","quantity":"6.000","price":"0.00050489","timestamp":1652824278,"volume":"0.00302934","buyTxId":"fca9cbf9536ef58fcb3bba1c8b1bb7a8ea03fabd","sellTxId":"07661d55b6a51f556ea26a19eb6ffd3a5f2f0851-0"}
{"index": {"_index":"sim","_id":"3456073"}}
	{"id":3456073,"type":"sell","buyer":"assassyn","seller":"medaymane","symbol":"SIM","quantity":"536.000","price":"0.00050489","timestamp":1652825193,"volume":"0.27062104","buyTxId":"fca9cbf9536ef58fcb3bba1c8b1bb7a8ea03fabd","sellTxId":"fea3b4d858811b29b763e7c334515377c7a6aca0"}
{"index": {"_index":"sim","_id":"3456091"}}
	{"id":3456091,"type":"sell","buyer":"assassyn","seller":"nftmart.fees","symbol":"SIM","quantity":"6.000","price":"0.00050489","timestamp":1652825478,"volume":"0.00302934","buyTxId":"fca9cbf9536ef58fcb3bba1c8b1bb7a8ea03fabd","sellTxId":"ace11a692ea45c0ba179b87c2917943a694d4fd7-0"}
{"index": {"_index":"sim","_id":"3456108"}}
	{"id":3456108,"type":"sell","buyer":"assassyn","seller":"jrcornel","symbol":"SIM","quantity":"13712.000","price":"0.00050489","timestamp":1652825682,"volume":"6.92305168","buyTxId":"fca9cbf9536ef58fcb3bba1c8b1bb7a8ea03fabd","sellTxId":"f7c2da226a96243666795315d18c7f0c9cdfd58b"}
{"index": {"_index":"sim","_id":"3456109"}}
	{"id":3456109,"type":"sell","buyer":"d-pend","seller":"jrcornel","symbol":"SIM","quantity":"43433.000","price":"0.00049200","timestamp":1652825682,"volume":"21.36903600","buyTxId":"2a58945649bb9c962f2807c503bec959b5cc7b2a","sellTxId":"f7c2da226a96243666795315d18c7f0c9cdfd58b"}
{"index": {"_index":"sim","_id":"3456833"}}
	{"id":3456833,"type":"sell","buyer":"pi-trader","seller":"trifenix","symbol":"SIM","quantity":"366.869","price":"0.00049201","timestamp":1652831832,"volume":"0.18050322","buyTxId":"17b32f3afbf4a044865e08aeb7fcbd621de00292-0","sellTxId":"8da9b3fb9bb63894c1e1525db9ac7fd1acaaa7aa"}
{"index": {"_index":"sim","_id":"3457013"}}
	{"id":3457013,"type":"sell","buyer":"pi-trader","seller":"elevator09","symbol":"SIM","quantity":"999.772","price":"0.00049201","timestamp":1652832651,"volume":"0.49189782","buyTxId":"d812c4fe35d0422535a056f123136d7dda56fb3e-6","sellTxId":"b1e3748b2fb80a77aa5a017b129aba057a498880"}
{"index": {"_index":"sim","_id":"3457283"}}
	{"id":3457283,"type":"buy","buyer":"forsakensushi","seller":"nftmart.fees","symbol":"SIM","quantity":"4.000","price":"0.00050483","timestamp":1652834709,"volume":"0.00201932","buyTxId":"b4968d43e25fc2a8a412ef96a94722ba6989a099","sellTxId":"0133e54e7e0145e04442961f84817a8a18393e5e-0"}
{"index": {"_index":"sim","_id":"3457284"}}
	{"id":3457284,"type":"buy","buyer":"forsakensushi","seller":"steem.drone","symbol":"SIM","quantity":"37442.816","price":"0.00050490","timestamp":1652834709,"volume":"18.90487780","buyTxId":"b4968d43e25fc2a8a412ef96a94722ba6989a099","sellTxId":"24e6d288473eaafb860e23f6628e72ca18edb593"}
{"index": {"_index":"sim","_id":"3457285"}}
	{"id":3457285,"type":"sell","buyer":"pi-trader","seller":"dhedge-drips","symbol":"SIM","quantity":"11.500","price":"0.00049201","timestamp":1652834718,"volume":"0.00565812","buyTxId":"2e7f475290357518517174060a150afae1202ceb-6","sellTxId":"5afa879268693bc5b5a44066a0749c372a8b8e40"}
{"index": {"_index":"sim","_id":"3457533"}}
	{"id":3457533,"type":"sell","buyer":"pi-trader","seller":"gsauce1989","symbol":"SIM","quantity":"5399.000","price":"0.00049601","timestamp":1652836218,"volume":"2.67795799","buyTxId":"5eab8ff80ee3311724937b9fc5e51ecd84a29445-1","sellTxId":"5866a11e858ba4f58d505d302d4026f90a8c1090"}
{"index": {"_index":"sim","_id":"3457603"}}
	{"id":3457603,"type":"sell","buyer":"pi-trader","seller":"igr6479","symbol":"SIM","quantity":"1000.000","price":"0.00049701","timestamp":1652836896,"volume":"0.49701000","buyTxId":"2f52f78458b2ddd818a44e04a16e9005530d1d32-3","sellTxId":"61eb8b4b0c8f8132bfc03cad9466a2fbb0ddfc8b"}
{"index": {"_index":"sim","_id":"3457835"}}
	{"id":3457835,"type":"buy","buyer":"libert","seller":"master-lamps","symbol":"SIM","quantity":"173.788","price":"0.00050471","timestamp":1652839686,"volume":"0.08771254","buyTxId":"88a0b64f0b0783ce2f44d990c2bd18a59a53eda7","sellTxId":"fd58fafce222e336608420c00794d9ea0c83f8c2"}
{"index": {"_index":"sim","_id":"3457836"}}
	{"id":3457836,"type":"buy","buyer":"libert","seller":"nftmart.fees","symbol":"SIM","quantity":"4.000","price":"0.00050479","timestamp":1652839686,"volume":"0.00201916","buyTxId":"88a0b64f0b0783ce2f44d990c2bd18a59a53eda7","sellTxId":"3e3a7c6eedc6094527fce2ea61634cf8dcd10dea-0"}
{"index": {"_index":"sim","_id":"3457837"}}
	{"id":3457837,"type":"buy","buyer":"libert","seller":"dhedge-drips","symbol":"SIM","quantity":"11.500","price":"0.00050483","timestamp":1652839686,"volume":"0.00580555","buyTxId":"88a0b64f0b0783ce2f44d990c2bd18a59a53eda7","sellTxId":"cd062f7895edc636f5ec2609b65535f35cbeeaaf"}
{"index": {"_index":"sim","_id":"3457838"}}
	{"id":3457838,"type":"buy","buyer":"libert","seller":"steem.drone","symbol":"SIM","quantity":"4.000","price":"0.00050490","timestamp":1652839686,"volume":"0.00201960","buyTxId":"88a0b64f0b0783ce2f44d990c2bd18a59a53eda7","sellTxId":"24e6d288473eaafb860e23f6628e72ca18edb593"}
{"index": {"_index":"sim","_id":"3457839"}}
	{"id":3457839,"type":"buy","buyer":"libert","seller":"dhedge-drips","symbol":"SIM","quantity":"10.999","price":"0.00054291","timestamp":1652839686,"volume":"0.00597147","buyTxId":"88a0b64f0b0783ce2f44d990c2bd18a59a53eda7","sellTxId":"6cf02d01d60cc85e8d850321dc38688d968b3e3a"}
{"index": {"_index":"sim","_id":"3457840"}}
	{"id":3457840,"type":"buy","buyer":"libert","seller":"pi-trader","symbol":"SIM","quantity":"15689.214","price":"0.00056067","timestamp":1652839686,"volume":"8.79647168","buyTxId":"88a0b64f0b0783ce2f44d990c2bd18a59a53eda7","sellTxId":"20aaba63939b04716a0ef3e7b20f91a88c0805d0-5"}
{"index": {"_index":"sim","_id":"3457849"}}
	{"id":3457849,"type":"sell","buyer":"pi-trader","seller":"shaddrak","symbol":"SIM","quantity":"8672.55","price":"0.00049701","timestamp":1652839797,"volume":"4.31034408","buyTxId":"66e94d2216ff8ba5c21a1320e8da0a02deff55ae-3","sellTxId":"eedb8cd6bfcc82ceee06879da6b6e38438a2e521"}
{"index": {"_index":"sim","_id":"3457855"}}
	{"id":3457855,"type":"buy","buyer":"libert","seller":"pi-trader","symbol":"SIM","quantity":"393.454","price":"0.00055915","timestamp":1652839851,"volume":"0.22","buyTxId":"2c0746ba5cf81a77f8663933184d6ace20e67ea4","sellTxId":"f343f77b14e747b6a04e64fc430d81b859a05f6e-6"}
{"index": {"_index":"sim","_id":"3457880"}}
	{"id":3457880,"type":"buy","buyer":"gfrench","seller":"pi-trader","symbol":"SIM","quantity":"1128.182","price":"0.00055763","timestamp":1652840175,"volume":"0.6291086","buyTxId":"437d776122fcf6e20a5526c1ba779b1b752de37c","sellTxId":"ad494a6f33e9e3de082dbaf7ef7d96873226ffaf-7"}
