{"index": {"_index":"sim","_id":"3546688"}}
	{"id":3546688,"type":"buy","buyer":"cryptogillone","seller":"nftmart.fees","symbol":"SIM","quantity":"125.000","price":"0.00052798","timestamp":1653705324,"volume":"0.06599750","buyTxId":"28b292b447cd6dc30012ac566a04b9880aece618","sellTxId":"3cb3a5a76b8b00f7dd93e655ad8173bfb18c0b82-0"}
{"index": {"_index":"sim","_id":"3546689"}}
	{"id":3546689,"type":"buy","buyer":"cryptogillone","seller":"pi-trader","symbol":"SIM","quantity":"18.000","price":"0.00052799","timestamp":1653705324,"volume":"0.00950382","buyTxId":"28b292b447cd6dc30012ac566a04b9880aece618","sellTxId":"99c166003ec819a38d2c496e6c1b5841e64c8ed0-3"}
{"index": {"_index":"sim","_id":"3546690"}}
	{"id":3546690,"type":"buy","buyer":"cryptogillone","seller":"jelly-cz","symbol":"SIM","quantity":"709.249","price":"0.00052800","timestamp":1653705324,"volume":"0.37448368","buyTxId":"28b292b447cd6dc30012ac566a04b9880aece618","sellTxId":"MM-P-17765460-64755934-3-30-0"}
{"index": {"_index":"sim","_id":"3546742"}}
	{"id":3546742,"type":"buy","buyer":"evernoticethat","seller":"pi-trader","symbol":"SIM","quantity":"3300.000","price":"0.00052799","timestamp":1653705477,"volume":"1.74236700","buyTxId":"d6e2c68264aacaa31f5058cacf394f8f4d14d726","sellTxId":"3a88d650e5477ab6b356856d48822f2464350d7f-5"}
{"index": {"_index":"sim","_id":"3547257"}}
	{"id":3547257,"type":"buy","buyer":"otherbrandt","seller":"pi-trader","symbol":"SIM","quantity":"50000.000","price":"0.00052795","timestamp":1653707967,"volume":"26.39750000","buyTxId":"86efae82d76daefd9f4fcd686b0a15fcbc524803","sellTxId":"cce829eec4c35d6eb82f84c357f1bbe951f088f4-3"}
{"index": {"_index":"sim","_id":"3547296"}}
	{"id":3547296,"type":"sell","buyer":"pi-trader","seller":"theguruasia","symbol":"SIM","quantity":"2386.183","price":"0.00050001","timestamp":1653708369,"volume":"1.19311536","buyTxId":"f92401f71e115874e43155dc7614bca94f50c777-7","sellTxId":"476a0950374725281f36e1cb3029b9d0e92af11c"}
{"index": {"_index":"sim","_id":"3547353"}}
	{"id":3547353,"type":"buy","buyer":"tommyl33","seller":"pi-trader","symbol":"SIM","quantity":"20000.000","price":"0.00052793","timestamp":1653709065,"volume":"10.55860000","buyTxId":"46b9feecce6d9a95db78833fc25dde0318547d4d","sellTxId":"1202aeb4eb9c25ef843f6555db16d01631cd37dd-3"}
{"index": {"_index":"sim","_id":"3547372"}}
	{"id":3547372,"type":"buy","buyer":"tommyl33","seller":"pi-trader","symbol":"SIM","quantity":"9000.000","price":"0.00052793","timestamp":1653709350,"volume":"4.75137000","buyTxId":"4c5407efeaa2f59726144de94e54d3b183781e24","sellTxId":"9cd0c3b4f02d531641d4171c2e2608205dc4443c-4"}
{"index": {"_index":"sim","_id":"3547464"}}
	{"id":3547464,"type":"buy","buyer":"otherbrandt","seller":"pi-trader","symbol":"SIM","quantity":"50000.000","price":"0.00052791","timestamp":1653710658,"volume":"26.39550000","buyTxId":"598a18702d6ed3962358649c725b06ade2136274","sellTxId":"023132e3747a07775a6cf081c472e0820ab47ffc-2"}
{"index": {"_index":"sim","_id":"3547486"}}
	{"id":3547486,"type":"sell","buyer":"pi-trader","seller":"thegoliath","symbol":"SIM","quantity":"60000.000","price":"0.00050001","timestamp":1653710967,"volume":"30.00060000","buyTxId":"08786410bc6588b3c5ae27739ccbf501b00f5bcd-3","sellTxId":"dff40a05818d64ba40482cb75470cfb0900af31d"}
{"index": {"_index":"sim","_id":"3547560"}}
	{"id":3547560,"type":"sell","buyer":"pi-trader","seller":"ericburgoyne","symbol":"SIM","quantity":"181.183","price":"0.00050001","timestamp":1653711822,"volume":"0.09059331","buyTxId":"135e6816afa0f09b2a49e06ff76a4f89878ea2c3-4","sellTxId":"335fa6b241fd93e3b1134663e676e8c58c4a9767"}
{"index": {"_index":"sim","_id":"3547791"}}
	{"id":3547791,"type":"sell","buyer":"pi-trader","seller":"travelgirl","symbol":"SIM","quantity":"3362.000","price":"0.00051001","timestamp":1653715488,"volume":"1.71465362","buyTxId":"749ed425961d4a7ce8eae0d8b205c3966798b38a-3","sellTxId":"ed0e3208ae986afbdae2073126b654d6fc2f13a3"}
{"index": {"_index":"sim","_id":"3547860"}}
	{"id":3547860,"type":"buy","buyer":"shaidon","seller":"pi-trader","symbol":"SIM","quantity":"2693.300","price":"0.00052781","timestamp":1653716490,"volume":"1.42155067","buyTxId":"17e2c28b2b9adee75bfef031532bc29e66537cc0","sellTxId":"dde58ee13c82996880fa3f2ac78e1d6bc8485a6d-3"}
{"index": {"_index":"sim","_id":"3548002"}}
	{"id":3548002,"type":"buy","buyer":"tommyl33","seller":"pi-trader","symbol":"SIM","quantity":"10000.000","price":"0.00052777","timestamp":1653718719,"volume":"5.27770000","buyTxId":"760d00e57a58c6637d3bb0e6a74db91624acf831","sellTxId":"95cfddacacbd42fce5f4586b10b95910a39af5f4-3"}
{"index": {"_index":"sim","_id":"3548020"}}
	{"id":3548020,"type":"buy","buyer":"chronocrypto","seller":"pi-trader","symbol":"SIM","quantity":"50000.000","price":"0.00052777","timestamp":1653718929,"volume":"26.38850000","buyTxId":"0d61a902b7be21b0001f764b11984463395824ac","sellTxId":"41052aed294e51fb4dfb75ba1d1f83d091968d62-8"}
{"index": {"_index":"sim","_id":"3548021"}}
	{"id":3548021,"type":"buy","buyer":"chronocrypto","seller":"nftmart.fees","symbol":"SIM","quantity":"723.000","price":"0.00052778","timestamp":1653718929,"volume":"0.38158494","buyTxId":"0d61a902b7be21b0001f764b11984463395824ac","sellTxId":"2fefe9179566b41207ac110b2bdee304d3dd68c0-0"}
{"index": {"_index":"sim","_id":"3548022"}}
	{"id":3548022,"type":"buy","buyer":"chronocrypto","seller":"jelly-cz","symbol":"SIM","quantity":"23646.264","price":"0.00052800","timestamp":1653718929,"volume":"12.48522752","buyTxId":"0d61a902b7be21b0001f764b11984463395824ac","sellTxId":"MM-P-17765460-64755934-3-30-0"}
{"index": {"_index":"sim","_id":"3548026"}}
	{"id":3548026,"type":"sell","buyer":"tommyl33","seller":"svirus","symbol":"SIM","quantity":"5000.000","price":"0.00052777","timestamp":1653718983,"volume":"2.63885000","buyTxId":"c328bf1ea538f7d9022959ac195432d7a0edc8d1","sellTxId":"d76bfef8593ad39812a2ecc74b7a76a768364a15-1"}
{"index": {"_index":"sim","_id":"3548035"}}
	{"id":3548035,"type":"buy","buyer":"chronocrypto","seller":"pi-trader","symbol":"SIM","quantity":"4756.407","price":"0.00052799","timestamp":1653719076,"volume":"2.5113355","buyTxId":"2ebba00bba446f6128e089316afb16db47c042ba","sellTxId":"fdc8b47deb81a6ed45875e61dc6779890d1c7d5d-7"}
{"index": {"_index":"sim","_id":"3548037"}}
	{"id":3548037,"type":"sell","buyer":"pi-trader","seller":"dustindivitto","symbol":"SIM","quantity":"101622.350","price":"0.00051001","timestamp":1653719079,"volume":"51.82841472","buyTxId":"84f46a0305df2f3dfb93d56307e43ff856843df9","sellTxId":"685d11593ad6257367405cf6a42907b0337146f8"}
{"index": {"_index":"sim","_id":"3548049"}}
	{"id":3548049,"type":"buy","buyer":"chronocrypto","seller":"pi-trader","symbol":"SIM","quantity":"33155.628","price":"0.00052799","timestamp":1653719178,"volume":"17.50584016","buyTxId":"f2af0a58a63d8faa3d9240c2228ab85b1bbf7c56","sellTxId":"eb33e1f4b75d124cd6b460a8cd7661dc217c22d9-11"}
{"index": {"_index":"sim","_id":"3548252"}}
	{"id":3548252,"type":"sell","buyer":"pi-trader","seller":"gfrench","symbol":"SIM","quantity":"14","price":"0.00051001","timestamp":1653721878,"volume":"0.00714014","buyTxId":"eb33e1f4b75d124cd6b460a8cd7661dc217c22d9-3","sellTxId":"75bfcee65d7b954f090181e63e40483b44791f25"}
{"index": {"_index":"sim","_id":"3548732"}}
	{"id":3548732,"type":"sell","buyer":"otherbrandt","seller":"justinparke","symbol":"SIM","quantity":"5366.750","price":"0.00051000","timestamp":1653727398,"volume":"2.73704250","buyTxId":"0ab61f29fa83ac25a994dbc8cc48994fd6527d75","sellTxId":"2eee80cb41759edba785fa9e90bfb682855ab0ef"}
{"index": {"_index":"sim","_id":"3548795"}}
	{"id":3548795,"type":"buy","buyer":"mypathtofire","seller":"pi-trader","symbol":"SIM","quantity":"1500.000","price":"0.00052785","timestamp":1653727923,"volume":"0.79177500","buyTxId":"2dff07d6a95dc8482998644682b77aaba7ecb7d6","sellTxId":"fe972ad90e63d16e9bc176ff805e29cad6574b4a-3"}
{"index": {"_index":"sim","_id":"3548817"}}
	{"id":3548817,"type":"sell","buyer":"assassyn","seller":"pjansen","symbol":"SIM","quantity":"130.000","price":"0.00052782","timestamp":1653728193,"volume":"0.06861660","buyTxId":"e7fa1f48c03da81b074dceeac101a35f41e27d54","sellTxId":"d2d70e63f7fb1ae76a625f374ad40db536d83cb0"}
{"index": {"_index":"sim","_id":"3548818"}}
	{"id":3548818,"type":"sell","buyer":"otherbrandt","seller":"pjansen","symbol":"SIM","quantity":"67.102","price":"0.00051000","timestamp":1653728193,"volume":"0.03422202","buyTxId":"0ab61f29fa83ac25a994dbc8cc48994fd6527d75","sellTxId":"d2d70e63f7fb1ae76a625f374ad40db536d83cb0"}
{"index": {"_index":"sim","_id":"3548860"}}
	{"id":3548860,"type":"buy","buyer":"tommyl33","seller":"pi-trader","symbol":"SIM","quantity":"50000.000","price":"0.00052783","timestamp":1653728964,"volume":"26.39150000","buyTxId":"de5c070733f195fd4947e024f129268ed5943400","sellTxId":"2d1c01615a014dc3c6e2de4781af2f5c35bafbc2-3"}
{"index": {"_index":"sim","_id":"3548861"}}
	{"id":3548861,"type":"buy","buyer":"tommyl33","seller":"nftmart.fees","symbol":"SIM","quantity":"787.000","price":"0.00052784","timestamp":1653728964,"volume":"0.41541008","buyTxId":"de5c070733f195fd4947e024f129268ed5943400","sellTxId":"873dca97d9b66b01a8eff3ffaa8a7bbe554b9295-0"}
{"index": {"_index":"sim","_id":"3548862"}}
	{"id":3548862,"type":"buy","buyer":"tommyl33","seller":"jelly-cz","symbol":"SIM","quantity":"34286.000","price":"0.00052800","timestamp":1653728964,"volume":"18.10300800","buyTxId":"de5c070733f195fd4947e024f129268ed5943400","sellTxId":"MM-P-17773028-64763522-3-30-0"}
{"index": {"_index":"sim","_id":"3548863"}}
	{"id":3548863,"type":"buy","buyer":"tommyl33","seller":"master-lamps","symbol":"SIM","quantity":"245.500","price":"0.00053190","timestamp":1653728964,"volume":"0.13058145","buyTxId":"de5c070733f195fd4947e024f129268ed5943400","sellTxId":"5a7c09ba43a885d45c8f5c2e49bf6b4495818963"}
{"index": {"_index":"sim","_id":"3548864"}}
	{"id":3548864,"type":"buy","buyer":"tommyl33","seller":"atomcollector","symbol":"SIM","quantity":"26843.069","price":"0.00053196","timestamp":1653728964,"volume":"14.27943899","buyTxId":"de5c070733f195fd4947e024f129268ed5943400","sellTxId":"5a88ea083ebbf083191cf266864f0115ac12d6e2"}
{"index": {"_index":"sim","_id":"3548865"}}
	{"id":3548865,"type":"buy","buyer":"tommyl33","seller":"onestrong","symbol":"SIM","quantity":"2616.000","price":"0.00054123","timestamp":1653728964,"volume":"1.41585768","buyTxId":"de5c070733f195fd4947e024f129268ed5943400","sellTxId":"2b9b38ecf08f1a5e01862b94223aab68248f3a42"}
{"index": {"_index":"sim","_id":"3548866"}}
	{"id":3548866,"type":"buy","buyer":"tommyl33","seller":"ayhamyou","symbol":"SIM","quantity":"35222.431","price":"0.00056500","timestamp":1653728964,"volume":"19.90067352","buyTxId":"de5c070733f195fd4947e024f129268ed5943400","sellTxId":"26e1ce04c0f7cddd29310244d065d738395dc501"}
{"index": {"_index":"sim","_id":"3548972"}}
	{"id":3548972,"type":"sell","buyer":"otherbrandt","seller":"poliwalt10","symbol":"SIM","quantity":"636.000","price":"0.00051000","timestamp":1653730329,"volume":"0.32436000","buyTxId":"0ab61f29fa83ac25a994dbc8cc48994fd6527d75","sellTxId":"2f6e9bd23cc042f862d10a2891aa1f6fc9426faa"}
{"index": {"_index":"sim","_id":"3549112"}}
	{"id":3549112,"type":"sell","buyer":"otherbrandt","seller":"beco132","symbol":"SIM","quantity":"3941.000","price":"0.00051000","timestamp":1653731853,"volume":"2.00991000","buyTxId":"0ab61f29fa83ac25a994dbc8cc48994fd6527d75","sellTxId":"7f179cdcc434b92dabed85fc395fef305735bcc5"}
{"index": {"_index":"sim","_id":"3549329"}}
	{"id":3549329,"type":"sell","buyer":"otherbrandt","seller":"maryjane.main","symbol":"SIM","quantity":"16778.250","price":"0.00051000","timestamp":1653734898,"volume":"8.55690750","buyTxId":"0ab61f29fa83ac25a994dbc8cc48994fd6527d75","sellTxId":"f824dd59c38653796896d53e6ff9e133b9118877"}
{"index": {"_index":"sim","_id":"3549471"}}
	{"id":3549471,"type":"sell","buyer":"otherbrandt","seller":"konvik","symbol":"SIM","quantity":"23210.898","price":"0.00051000","timestamp":1653737025,"volume":"11.83755798","buyTxId":"0ab61f29fa83ac25a994dbc8cc48994fd6527d75","sellTxId":"cd620eb0052c2323f05ab50958a61da93ed03504-1"}
{"index": {"_index":"sim","_id":"3549472"}}
	{"id":3549472,"type":"sell","buyer":"beco132","seller":"konvik","symbol":"SIM","quantity":"3941.000","price":"0.00050500","timestamp":1653737025,"volume":"1.99020500","buyTxId":"0824c2ab0450121ff13c8ed021106b5d98deee93","sellTxId":"cd620eb0052c2323f05ab50958a61da93ed03504-1"}
{"index": {"_index":"sim","_id":"3549473"}}
	{"id":3549473,"type":"sell","buyer":"forsakensushi","seller":"konvik","symbol":"SIM","quantity":"50000.000","price":"0.00050000","timestamp":1653737025,"volume":"25.00000000","buyTxId":"401dfb6ee4e67c87b8d2be068b92f0eeeba648dc","sellTxId":"cd620eb0052c2323f05ab50958a61da93ed03504-1"}
{"index": {"_index":"sim","_id":"3549719"}}
	{"id":3549719,"type":"sell","buyer":"cryptounicorn420","seller":"ratyanila","symbol":"SIM","quantity":"0.661","price":"0.00050000","timestamp":1653739899,"volume":"0.00033050","buyTxId":"54e1a530a034a5e696986c45288c47e87351cb1b","sellTxId":"595b65bd31eb3d0487d139a5cac94841f23c692b"}
{"index": {"_index":"sim","_id":"3549952"}}
	{"id":3549952,"type":"sell","buyer":"cryptounicorn420","seller":"maryincryptoland","symbol":"SIM","quantity":"9999.339","price":"0.00050000","timestamp":1653742512,"volume":"4.99966950","buyTxId":"54e1a530a034a5e696986c45288c47e87351cb1b","sellTxId":"a96b76f0d262cf1643c3758e0f8f136a5d5be1c0"}
{"index": {"_index":"sim","_id":"3550052"}}
	{"id":3550052,"type":"buy","buyer":"cryptounicorn420","seller":"nftmart.fees","symbol":"SIM","quantity":"1475.000","price":"0.00049999","timestamp":1653743613,"volume":"0.73748525","buyTxId":"6df652133b177c12ecde5ffb52bf2acae91a4e51","sellTxId":"a8cf7070f6485082745864ae68f3c087b9c08c4c-0"}
{"index": {"_index":"sim","_id":"3550053"}}
	{"id":3550053,"type":"buy","buyer":"cryptounicorn420","seller":"maryincryptoland","symbol":"SIM","quantity":"1413.661","price":"0.00050000","timestamp":1653743613,"volume":"0.70683050","buyTxId":"6df652133b177c12ecde5ffb52bf2acae91a4e51","sellTxId":"a96b76f0d262cf1643c3758e0f8f136a5d5be1c0"}
{"index": {"_index":"sim","_id":"3550259"}}
	{"id":3550259,"type":"sell","buyer":"cryptounicorn420","seller":"konvik","symbol":"SIM","quantity":"19980.187","price":"0.00051000","timestamp":1653746187,"volume":"10.18989537","buyTxId":"98dac3afe6d94fc4f9c75c02a28015fe5bb54e6a","sellTxId":"bd4282749738fc3cc492b794ba9124c5191720d6-1"}
{"index": {"_index":"sim","_id":"3550260"}}
	{"id":3550260,"type":"sell","buyer":"cryptounicorn420","seller":"svirus","symbol":"SIM","quantity":"19.813","price":"0.00051000","timestamp":1653746187,"volume":"0.01010463","buyTxId":"98dac3afe6d94fc4f9c75c02a28015fe5bb54e6a","sellTxId":"42f5d77d03bcc139ffcf22f75e392378d5297da4-1"}
{"index": {"_index":"sim","_id":"3550261"}}
	{"id":3550261,"type":"sell","buyer":"cryptounicorn420","seller":"pjansen","symbol":"SIM","quantity":"9969.086","price":"0.00050000","timestamp":1653746214,"volume":"4.98454300","buyTxId":"6df652133b177c12ecde5ffb52bf2acae91a4e51","sellTxId":"141614e5acf72db157ade06fda250567e176458c"}
{"index": {"_index":"sim","_id":"3550303"}}
	{"id":3550303,"type":"sell","buyer":"cryptounicorn420","seller":"axelx12","symbol":"SIM","quantity":"0.050","price":"0.00050000","timestamp":1653746763,"volume":"0.00002500","buyTxId":"6df652133b177c12ecde5ffb52bf2acae91a4e51","sellTxId":"221d57e3f14c17ca2f96883710db1040cf115985"}
{"index": {"_index":"sim","_id":"3550396"}}
	{"id":3550396,"type":"buy","buyer":"pieternijmeijer","seller":"pi-trader","symbol":"SIM","quantity":"2200.000","price":"0.00052792","timestamp":1653747522,"volume":"1.16142400","buyTxId":"0c3cd94b3549005e55c8f89c5e3151a1ed0b1c2f","sellTxId":"1af0c508d8d6ad5d758645d6964f474a97a3d6bb-3"}
{"index": {"_index":"sim","_id":"3550519"}}
	{"id":3550519,"type":"sell","buyer":"cryptounicorn420","seller":"rarej","symbol":"SIM","quantity":"3198.243","price":"0.00050000","timestamp":1653748563,"volume":"1.59912150","buyTxId":"6df652133b177c12ecde5ffb52bf2acae91a4e51","sellTxId":"71bb618b1e7bf6fade834b7ba19915caacdce602"}
{"index": {"_index":"sim","_id":"3550751"}}
	{"id":3550751,"type":"sell","buyer":"cryptounicorn420","seller":"themarkymark","symbol":"SIM","quantity":"171.022","price":"0.00050000","timestamp":1653751209,"volume":"0.08551100","buyTxId":"6df652133b177c12ecde5ffb52bf2acae91a4e51","sellTxId":"22e1a5855c08e692e3eb553c151f4d99701a72b8"}
{"index": {"_index":"sim","_id":"3551008"}}
	{"id":3551008,"type":"buy","buyer":"pompeylad","seller":"pi-trader","symbol":"SIM","quantity":"6485.331","price":"0.00052782","timestamp":1653753765,"volume":"3.42308741","buyTxId":"e96b745555f398a81662de529117d3480f398ae2","sellTxId":"d3c4fbfdaa235fc2ee76415821e3d4a0f4c501c6-1"}
{"index": {"_index":"sim","_id":"3551009"}}
	{"id":3551009,"type":"buy","buyer":"jpal47","seller":"pi-trader","symbol":"SIM","quantity":"15000.000","price":"0.00052782","timestamp":1653753771,"volume":"7.91730000","buyTxId":"4cae1a976d21ac39917094f7233ed12ebf1f6557","sellTxId":"d3c4fbfdaa235fc2ee76415821e3d4a0f4c501c6-1"}
{"index": {"_index":"sim","_id":"3551233"}}
	{"id":3551233,"type":"buy","buyer":"he-index","seller":"pi-trader","symbol":"SIM","quantity":"778.675","price":"0.00052256","timestamp":1653756273,"volume":"0.40690441","buyTxId":"db9591a195467fdd9773527aad9ed06d2486abbd","sellTxId":"8ce8c0c33f3552b2dfc7f91a0643cd4105162453-3"}
{"index": {"_index":"sim","_id":"3551358"}}
	{"id":3551358,"type":"sell","buyer":"he-index","seller":"steem-hodler","symbol":"SIM","quantity":"88.000","price":"0.00050000","timestamp":1653757281,"volume":"0.04400000","buyTxId":"dfc49c1be373366070c94fec256e6a0fbd02d3b3","sellTxId":"3c00162c4c073fd1a94f345930060a2d6c15525e"}
{"index": {"_index":"sim","_id":"3551359"}}
	{"id":3551359,"type":"sell","buyer":"cryptounicorn420","seller":"steem-hodler","symbol":"SIM","quantity":"24812.000","price":"0.00050000","timestamp":1653757281,"volume":"12.40600000","buyTxId":"b6b9f8e90fde3a28850d2a60ca508c4dfb3311b1","sellTxId":"3c00162c4c073fd1a94f345930060a2d6c15525e"}
{"index": {"_index":"sim","_id":"3551390"}}
	{"id":3551390,"type":"buy","buyer":"dkid14","seller":"pi-trader","symbol":"SIM","quantity":"50000.000","price":"0.00052254","timestamp":1653757533,"volume":"26.12700000","buyTxId":"190b0a01f18ee16cc9f5a2ad36e0ce662481314d","sellTxId":"e0e2e5fdbc7a831a6f8dec39850f2d2be74c8aa3-1"}
{"index": {"_index":"sim","_id":"3551396"}}
	{"id":3551396,"type":"sell","buyer":"cryptounicorn420","seller":"hive-189742","symbol":"SIM","quantity":"1.206","price":"0.00050000","timestamp":1653757647,"volume":"0.00060300","buyTxId":"b6b9f8e90fde3a28850d2a60ca508c4dfb3311b1","sellTxId":"bfcc42deee1987b9a060e93f61b6ab0c63f1bdca"}
{"index": {"_index":"sim","_id":"3551435"}}
	{"id":3551435,"type":"sell","buyer":"cryptounicorn420","seller":"masty6","symbol":"SIM","quantity":"190.000","price":"0.00050000","timestamp":1653758004,"volume":"0.09500000","buyTxId":"b6b9f8e90fde3a28850d2a60ca508c4dfb3311b1","sellTxId":"95e934c509418eb8767c003da9854eda931a7e0c"}
{"index": {"_index":"sim","_id":"3551631"}}
	{"id":3551631,"type":"buy","buyer":"jpal47","seller":"pi-trader","symbol":"SIM","quantity":"2144.328","price":"0.00052248","timestamp":1653760476,"volume":"1.12036849","buyTxId":"742d82c444dfd46a6c1e4b42d1ae45d5dde4f6a3","sellTxId":"1173228a66dde10247fc4efe29f9e0cf7542504e-1"}
{"index": {"_index":"sim","_id":"3551680"}}
	{"id":3551680,"type":"buy","buyer":"jpal47","seller":"pi-trader","symbol":"SIM","quantity":"18009.829","price":"0.00052248","timestamp":1653761016,"volume":"9.40977546","buyTxId":"b7f66660c6e53fa474db1baf1728751d59bd5dc9","sellTxId":"a29dd771104fd0915e69edf6ab3a31d5389d7134-1"}
{"index": {"_index":"sim","_id":"3551758"}}
	{"id":3551758,"type":"buy","buyer":"jpal47","seller":"pi-trader","symbol":"SIM","quantity":"20487.086","price":"0.00052246","timestamp":1653761676,"volume":"10.70368295","buyTxId":"1f36e78d4c34a6bc1b66ef0933efd6f65098dd3f","sellTxId":"db55d6fb9e775a4f381c07dcd8044b9ebad50dd9-1"}
{"index": {"_index":"sim","_id":"3551764"}}
	{"id":3551764,"type":"buy","buyer":"tommyl33","seller":"pi-trader","symbol":"SIM","quantity":"50000.000","price":"0.00052246","timestamp":1653761781,"volume":"26.12300000","buyTxId":"3cd981aaa2f6561d79c425a5c55beb850cb61a48","sellTxId":"04e5003467e3ed78bf0bb13ba4a8e6a9ffde140c-2"}
{"index": {"_index":"sim","_id":"3551803"}}
	{"id":3551803,"type":"buy","buyer":"evernoticethat","seller":"pi-trader","symbol":"SIM","quantity":"200.000","price":"0.00052246","timestamp":1653762117,"volume":"0.10449200","buyTxId":"4c10326f535a4f9164f504820f462e35a8409baa","sellTxId":"af85900fa0f8470dad551e119b4d58f6ea1dd774-3"}
{"index": {"_index":"sim","_id":"3551819"}}
	{"id":3551819,"type":"buy","buyer":"assassyn","seller":"pi-trader","symbol":"SIM","quantity":"1000.000","price":"0.00052246","timestamp":1653762306,"volume":"0.52246000","buyTxId":"f9e9310f7e9e64ac4abd87dd452bdcc8981cc286","sellTxId":"cd5744e8d80790c20cdb157a273c27b955be60b5-6"}
{"index": {"_index":"sim","_id":"3551892"}}
	{"id":3551892,"type":"buy","buyer":"tommyl33","seller":"pi-trader","symbol":"SIM","quantity":"50000.000","price":"0.00052244","timestamp":1653763128,"volume":"26.12200000","buyTxId":"4c96f9ae1c50bbedee6fe9f67029f13fe77f5031","sellTxId":"3cd0ba8b12ef05e6c272fcb2f94a23a75d467217-3"}
{"index": {"_index":"sim","_id":"3552039"}}
	{"id":3552039,"type":"sell","buyer":"pi-trader","seller":"nftmart.fees","symbol":"SIM","quantity":"14487.000","price":"0.00050001","timestamp":1653764973,"volume":"7.24364487","buyTxId":"14fe38fad040c2435a3ba34fb7ae64a2b267000c-0","sellTxId":"c3b2fa0e106bd70b0dc4c2817346f0c4df410fd8"}
{"index": {"_index":"sim","_id":"3552059"}}
	{"id":3552059,"type":"buy","buyer":"tommyl33","seller":"pi-trader","symbol":"SIM","quantity":"50000.000","price":"0.00052242","timestamp":1653765066,"volume":"26.12100000","buyTxId":"99a765d6b6688c0f685fc2e0cecb8232c3c1e548","sellTxId":"ab51cde6da5f111b8893f2a4f4c9485337cb76a2-1"}
{"index": {"_index":"sim","_id":"3552092"}}
	{"id":3552092,"type":"sell","buyer":"pi-trader","seller":"valor2s","symbol":"SIM","quantity":"92.613","price":"0.00050001","timestamp":1653765591,"volume":"0.04630743","buyTxId":"02979a7efc76f351e9cb6cfc973a41c8fffb857f-3","sellTxId":"a82663a1bc4c2619c39da095d37ccd5f81a1de7c"}
{"index": {"_index":"sim","_id":"3552260"}}
	{"id":3552260,"type":"buy","buyer":"tommyl33","seller":"nftmart.fees","symbol":"SIM","quantity":"502.000","price":"0.00052258","timestamp":1653767511,"volume":"0.26233516","buyTxId":"9f7b29cd48a2c58d397127891641ad9ab2e6c126","sellTxId":"234b1503340214d087a9aaf52296245842e8b8c9-0"}
{"index": {"_index":"sim","_id":"3552261"}}
	{"id":3552261,"type":"buy","buyer":"tommyl33","seller":"onestrong","symbol":"SIM","quantity":"1723.355","price":"0.00052259","timestamp":1653767511,"volume":"0.90060809","buyTxId":"9f7b29cd48a2c58d397127891641ad9ab2e6c126","sellTxId":"a543cae960a506138f443740b4b9f600adac6bf2"}
{"index": {"_index":"sim","_id":"3552262"}}
	{"id":3552262,"type":"buy","buyer":"tommyl33","seller":"medaymane","symbol":"SIM","quantity":"19544.350","price":"0.00052799","timestamp":1653767511,"volume":"10.31922136","buyTxId":"9f7b29cd48a2c58d397127891641ad9ab2e6c126","sellTxId":"935901a9fd49b35eccabae428474e3475d8d8115"}
{"index": {"_index":"sim","_id":"3552263"}}
	{"id":3552263,"type":"buy","buyer":"tommyl33","seller":"jelly-cz","symbol":"SIM","quantity":"28230.295","price":"0.00052800","timestamp":1653767511,"volume":"14.90559576","buyTxId":"9f7b29cd48a2c58d397127891641ad9ab2e6c126","sellTxId":"MM-P-17776520-64767015-3-30-0"}
{"index": {"_index":"sim","_id":"3552333"}}
	{"id":3552333,"type":"buy","buyer":"tommyl33","seller":"pi-trader","symbol":"SIM","quantity":"50000.000","price":"0.00052797","timestamp":1653768372,"volume":"26.39850000","buyTxId":"ebef8dc07d124dc6f861336f951e5862ac12c593","sellTxId":"9417068be7c3347273a1bb0f75fd83147164be27-1"}
{"index": {"_index":"sim","_id":"3552408"}}
	{"id":3552408,"type":"sell","buyer":"pi-trader","seller":"dswap","symbol":"SIM","quantity":"4.285","price":"0.00050004","timestamp":1653769422,"volume":"0.00214267","buyTxId":"a737edc7384b489033c6e8b0bfc627df86e7fa2f-2","sellTxId":"127a2891c987896212a3985f06122b1d46c229d6"}
{"index": {"_index":"sim","_id":"3552432"}}
	{"id":3552432,"type":"buy","buyer":"svirus","seller":"maryjane.main","symbol":"SIM","quantity":"21730.000","price":"0.00051595","timestamp":1653769728,"volume":"11.21159350","buyTxId":"a99fb9a2ff1fe7e83f429164bf0e7bb34af2ada1-0","sellTxId":"07055d44282eb90e873da34cbf2ec1dbf7a716d5"}
{"index": {"_index":"sim","_id":"3552525"}}
	{"id":3552525,"type":"sell","buyer":"pi-trader","seller":"nftmart.fees","symbol":"SIM","quantity":"3830.065","price":"0.00050004","timestamp":1653770790,"volume":"1.91518570","buyTxId":"c8127a3861a5c52b46542bb18e7359f10c7f4b33-1","sellTxId":"47ad86343fb9c6a3293005bbc9dc29d0edcec2a3"}
{"index": {"_index":"sim","_id":"3552545"}}
	{"id":3552545,"type":"buy","buyer":"ana-maria","seller":"pi-trader","symbol":"SIM","quantity":"145.000","price":"0.00052793","timestamp":1653770964,"volume":"0.07654985","buyTxId":"e64c3840a297cc8626d58104f612093391a65ec6","sellTxId":"2d04f101da8f5b7b252d209e7e317c705feeb09d-1"}
{"index": {"_index":"sim","_id":"3552708"}}
	{"id":3552708,"type":"buy","buyer":"cryptogillone","seller":"nftmart.fees","symbol":"SIM","quantity":"64.000","price":"0.00052791","timestamp":1653772740,"volume":"0.03378624","buyTxId":"de98aa0233553ff74b3f4af0d9af0d51fa8d7b75","sellTxId":"5a6c0e61ec57ea46d2e3fbdcd3dc686767103b70-0"}
{"index": {"_index":"sim","_id":"3552709"}}
	{"id":3552709,"type":"buy","buyer":"cryptogillone","seller":"pi-trader","symbol":"SIM","quantity":"1022.989","price":"0.00055347","timestamp":1653772740,"volume":"0.56619376","buyTxId":"de98aa0233553ff74b3f4af0d9af0d51fa8d7b75","sellTxId":"eec775f35f6e6702b3ddfc4eca316108a2e37494-3"}
{"index": {"_index":"sim","_id":"3552767"}}
	{"id":3552767,"type":"sell","buyer":"pi-trader","seller":"heikki1337","symbol":"SIM","quantity":"115.362","price":"0.00050004","timestamp":1653773391,"volume":"0.05768561","buyTxId":"d49b8fa94625eb879bec39b85568d5f044357ee9-3","sellTxId":"183d83fa9bbe88d7654a3f414cfe97852c295cc5"}
{"index": {"_index":"sim","_id":"3552818"}}
	{"id":3552818,"type":"sell","buyer":"pi-trader","seller":"weldmaster","symbol":"SIM","quantity":"263.000","price":"0.00050004","timestamp":1653774150,"volume":"0.13151052","buyTxId":"90a2b54ea15a5da570d2c789aa25f241fc239881-1","sellTxId":"e8b0f60ea13862c68b0cf7b7a020ab69f5d97a1d"}
{"index": {"_index":"sim","_id":"3552881"}}
	{"id":3552881,"type":"sell","buyer":"pi-trader","seller":"he-index","symbol":"SIM","quantity":"41.197","price":"0.00050004","timestamp":1653775272,"volume":"0.02060015","buyTxId":"e2627dd4673cf50605a4f291bc00ef82045da701-3","sellTxId":"84492e27dc2a9c6aa1860eb6c280f2ce23eaea87"}
{"index": {"_index":"sim","_id":"3553051"}}
	{"id":3553051,"type":"buy","buyer":"gfrench","seller":"pi-trader","symbol":"SIM","quantity":"188.325","price":"0.00053219","timestamp":1653776943,"volume":"0.10022502","buyTxId":"379fe4292cd9069b69d3800c09bc8af36abcc2be","sellTxId":"101499750fe3caa2c8eaace5cea48aca94caf8ae-5"}
{"index": {"_index":"sim","_id":"3553321"}}
	{"id":3553321,"type":"sell","buyer":"pi-trader","seller":"onestrong","symbol":"SIM","quantity":"1617.000","price":"0.00050004","timestamp":1653778476,"volume":"0.80856468","buyTxId":"30af793abc712ec23e93fe08d23dbc69441de2c6-3","sellTxId":"957146d1d4d66443c633bead5a63c9bdd0408eae"}
{"index": {"_index":"sim","_id":"3553340"}}
	{"id":3553340,"type":"sell","buyer":"pi-trader","seller":"axeman","symbol":"SIM","quantity":"1769.140","price":"0.00050004","timestamp":1653778980,"volume":"0.88464077","buyTxId":"b6b18abaefdbbc9099e495d947a16a81270ca3e6-3","sellTxId":"fb4af00b09f1b1c113800a44b011d62bbb6403c0"}
{"index": {"_index":"sim","_id":"3553365"}}
	{"id":3553365,"type":"sell","buyer":"pi-trader","seller":"gfrench","symbol":"SIM","quantity":"22427.125","price":"0.00050004","timestamp":1653779172,"volume":"11.21445959","buyTxId":"6f1dfb866ffa8d9c07fb09e6d973fe7084239d99-3","sellTxId":"be97c9938429f81de245672b73c5f581a03c8b72"}
{"index": {"_index":"sim","_id":"3553613"}}
	{"id":3553613,"type":"sell","buyer":"pi-trader","seller":"gfrench","symbol":"SIM","quantity":"9745.2","price":"0.00050004","timestamp":1653780102,"volume":"4.87298981","buyTxId":"839675f621cd066ced90268e6a1fcef52e96f169-5","sellTxId":"06e38f0022bc1437c68acd4e78fdfca7a0e70ab1"}
{"index": {"_index":"sim","_id":"3553884"}}
	{"id":3553884,"type":"sell","buyer":"pi-trader","seller":"nftmart.fees","symbol":"SIM","quantity":"442.000","price":"0.00050004","timestamp":1653783597,"volume":"0.22101768","buyTxId":"2061e2acc2d7d131bf5cbe2b970df3341f4a54b7-3","sellTxId":"5569ec52526e37af39aa739f1eb6ec7fa3166fbe"}
{"index": {"_index":"sim","_id":"3553980"}}
	{"id":3553980,"type":"sell","buyer":"pi-trader","seller":"gfrench","symbol":"SIM","quantity":"10549.75","price":"0.00050004","timestamp":1653784569,"volume":"5.27529699","buyTxId":"07d02f10de583c006da4d4bd1229f9e82340ebe9-3","sellTxId":"12338163a2f817a618f04977c4e87d0b27133c51"}
{"index": {"_index":"sim","_id":"3554018"}}
	{"id":3554018,"type":"sell","buyer":"pi-trader","seller":"gfrench","symbol":"SIM","quantity":"11169.15","price":"0.00050004","timestamp":1653785070,"volume":"5.58502177","buyTxId":"46441bfe39c3c8a16123956853df823a63724e3f-5","sellTxId":"29d0fcd12c417cd42303ca19a33cf3d84a9a34d3"}
{"index": {"_index":"sim","_id":"3554021"}}
	{"id":3554021,"type":"sell","buyer":"pi-trader","seller":"dhedge-drips","symbol":"SIM","quantity":"12.500","price":"0.00050004","timestamp":1653785118,"volume":"0.00625050","buyTxId":"fe814b495809ccf3d54dfb7007bcfbe016736bf8-5","sellTxId":"1d9186eddb320678e3ccda2c9cb9a5af67fd592b"}
{"index": {"_index":"sim","_id":"3554349"}}
	{"id":3554349,"type":"buy","buyer":"catotune","seller":"nftmart.fees","symbol":"SIM","quantity":"8.000","price":"0.00052497","timestamp":1653787584,"volume":"0.00419976","buyTxId":"9dd5df5e4eb78a9a49fe35ea93f5a7c933270fae","sellTxId":"1d7d1793ee7c08861d7afbe1d7c49ba5be7c949a-0"}
{"index": {"_index":"sim","_id":"3554378"}}
	{"id":3554378,"type":"buy","buyer":"catotune","seller":"dhedge-drips","symbol":"SIM","quantity":"12.500","price":"0.00052498","timestamp":1653787815,"volume":"0.00656225","buyTxId":"bc2b9db869cf142ff35aa6d30c3c90e83c905785","sellTxId":"c33270601a5b21cd0aa2a1f1b82f4b0249d3d94a"}
{"index": {"_index":"sim","_id":"3554383"}}
	{"id":3554383,"type":"buy","buyer":"catotune","seller":"pi-trader","symbol":"SIM","quantity":"88.076","price":"0.00052499","timestamp":1653787878,"volume":"0.04623902","buyTxId":"e39d9f37a7465e4ae1838033966c2dd8ef4d7064","sellTxId":"b0867c0c973c9a284bac803c24297b3c52944321-4"}
{"index": {"_index":"sim","_id":"3554415"}}
	{"id":3554415,"type":"buy","buyer":"catotune","seller":"nftmart.fees","symbol":"SIM","quantity":"14.995","price":"0.00052498","timestamp":1653788175,"volume":"0.00787208","buyTxId":"b69960dcb64a77e5ccfd3cb860d6097cfaa1755a","sellTxId":"e6a71e53902b7fc7f957e0e38957efc96969b777-0"}
{"index": {"_index":"sim","_id":"3554428"}}
	{"id":3554428,"type":"buy","buyer":"catotune","seller":"nftmart.fees","symbol":"SIM","quantity":"8.005","price":"0.00052498","timestamp":1653788304,"volume":"0.00420246","buyTxId":"d102c2997de0f0e94c8f0d4dc860bbf3c023a405","sellTxId":"e6a71e53902b7fc7f957e0e38957efc96969b777-0"}
{"index": {"_index":"sim","_id":"3554516"}}
	{"id":3554516,"type":"sell","buyer":"catotune","seller":"nftmart.fees","symbol":"SIM","quantity":"20.000","price":"0.00052498","timestamp":1653789213,"volume":"0.01049960","buyTxId":"d102c2997de0f0e94c8f0d4dc860bbf3c023a405","sellTxId":"20ebe2a1e3dd168954a3ae57814c238ebed9b978-0"}
{"index": {"_index":"sim","_id":"3554640"}}
	{"id":3554640,"type":"sell","buyer":"catotune","seller":"nftmart.fees","symbol":"SIM","quantity":"17.000","price":"0.00052498","timestamp":1653790413,"volume":"0.00892466","buyTxId":"d102c2997de0f0e94c8f0d4dc860bbf3c023a405","sellTxId":"1a5d36b0cbe782bde85195cfadf6eeda638bcbac-0"}
{"index": {"_index":"sim","_id":"3554724"}}
	{"id":3554724,"type":"sell","buyer":"catotune","seller":"nftmart.fees","symbol":"SIM","quantity":"10.734","price":"0.00052498","timestamp":1653791613,"volume":"0.00563514","buyTxId":"d102c2997de0f0e94c8f0d4dc860bbf3c023a405","sellTxId":"2b4b73d5e0276f6fe22528d28c7a3fbf046f6142-0"}
