{"index": {"_index":"sim","_id":"2719174"}}
	{"id":2719174,"type":"sell","buyer":"pi-trader","seller":"brofi-market","symbol":"SIM","quantity":"0.001","price":"0.00049203","timestamp":1644120726,"volume":"0.00000049","buyTxId":"4c279ee4dcd00f076df1ebd594861ce87d2be45d-3","sellTxId":"87870c67bec72636ad05e416f55d97019fc68fe2"}
{"index": {"_index":"sim","_id":"2719222"}}
	{"id":2719222,"type":"buy","buyer":"maryjane.main","seller":"jelly-cz","symbol":"SIM","quantity":"65946.000","price":"0.00052125","timestamp":1644121437,"volume":"34.37435250","buyTxId":"daa33e77a6fe57cd9c263457e25b6d1d1d987d6f","sellTxId":"MM-P-14584161-61571473-3-29-0"}
{"index": {"_index":"sim","_id":"2719224"}}
	{"id":2719224,"type":"sell","buyer":"pi-trader","seller":"elevator09","symbol":"SIM","quantity":"3330.825","price":"0.00049203","timestamp":1644121467,"volume":"1.63886582","buyTxId":"6ecb072128967f74617ccccb0b09f930fd24d5b4-5","sellTxId":"845bf3540b47650d6fd14a67f257578292792175"}
{"index": {"_index":"sim","_id":"2719264"}}
	{"id":2719264,"type":"buy","buyer":"maryjane.main","seller":"brofi-market","symbol":"SIM","quantity":"0.001","price":"0.00052176","timestamp":1644122205,"volume":"0.00000052","buyTxId":"aa81c80ece22f79b5fd5d3860ceb97c18e147a1f","sellTxId":"c6c942d67f4e453e879e7780e2c7906d2447c0c8"}
{"index": {"_index":"sim","_id":"2719265"}}
	{"id":2719265,"type":"buy","buyer":"maryjane.main","seller":"pi-trader","symbol":"SIM","quantity":"49999.999","price":"0.00053995","timestamp":1644122205,"volume":"26.99749946","buyTxId":"aa81c80ece22f79b5fd5d3860ceb97c18e147a1f","sellTxId":"13283659efba237820e41da2e369ea59472cfe0a-11"}
{"index": {"_index":"sim","_id":"2719305"}}
	{"id":2719305,"type":"buy","buyer":"maryjane.main","seller":"pi-trader","symbol":"SIM","quantity":"0.001","price":"0.00053995","timestamp":1644122955,"volume":"0.00000054","buyTxId":"5df51a093f7a9069ccda9a2ef75abfc8e9a32db8","sellTxId":"13283659efba237820e41da2e369ea59472cfe0a-11"}
{"index": {"_index":"sim","_id":"2719306"}}
	{"id":2719306,"type":"buy","buyer":"maryjane.main","seller":"jelly-cz","symbol":"SIM","quantity":"14999.999","price":"0.00053996","timestamp":1644122955,"volume":"8.09939946","buyTxId":"5df51a093f7a9069ccda9a2ef75abfc8e9a32db8","sellTxId":"MM-P-14584558-61571871-3-29-0"}
{"index": {"_index":"sim","_id":"2719446"}}
	{"id":2719446,"type":"buy","buyer":"maryjane.main","seller":"jelly-cz","symbol":"SIM","quantity":"10000.000","price":"0.00053370","timestamp":1644126483,"volume":"5.33700000","buyTxId":"266473cfa20a54738f817f4965b67964419f4863","sellTxId":"MM-P-14586054-61573367-3-29-0"}
{"index": {"_index":"sim","_id":"2719450"}}
	{"id":2719450,"type":"buy","buyer":"maryjane.main","seller":"pi-trader","symbol":"SIM","quantity":"3000.000","price":"0.00053369","timestamp":1644126579,"volume":"1.60107000","buyTxId":"576b1285498860e6c7fa98164da5616939b0c91b","sellTxId":"169ef05ceb9e5c28a1507ef8e4436e0fdc4fe062-8"}
{"index": {"_index":"sim","_id":"2719526"}}
	{"id":2719526,"type":"sell","buyer":"pi-trader","seller":"travelgirl","symbol":"SIM","quantity":"4067.000","price":"0.00049203","timestamp":1644127620,"volume":"2.00108601","buyTxId":"1da37524b35f9d8ae97361cbeb80d8539b8ad986-3","sellTxId":"d5f615161b96636a11b7a9185f8131c2d75eb24d"}
{"index": {"_index":"sim","_id":"2719707"}}
	{"id":2719707,"type":"buy","buyer":"maryjane.main","seller":"pi-trader","symbol":"SIM","quantity":"17000.000","price":"0.00052693","timestamp":1644130590,"volume":"8.95781000","buyTxId":"af92b0db3c20ba1611e2c519a1a41e16382959a8","sellTxId":"96675450f32e1f3e0b00f57e773f1ddc199ddcef-7"}
{"index": {"_index":"sim","_id":"2719838"}}
	{"id":2719838,"type":"buy","buyer":"bushwhack","seller":"pi-trader","symbol":"SIM","quantity":"5300.000","price":"0.00052329","timestamp":1644132729,"volume":"2.77343700","buyTxId":"a9b4dfb7075af5d57d14553b87461fb211080970","sellTxId":"10c927a1543d9591509e2afb1cb42e23de274ba7-10"}
{"index": {"_index":"sim","_id":"2719839"}}
	{"id":2719839,"type":"sell","buyer":"pi-trader","seller":"bearbear613","symbol":"SIM","quantity":"1025.012","price":"0.00049203","timestamp":1644132729,"volume":"0.50433665","buyTxId":"8dc3b7240d0e31b447b2e12c8a609f4fc6dd0837-2","sellTxId":"b08457a45c44ad825ae82e70fe63c0cdb3d14882"}
{"index": {"_index":"sim","_id":"2719900"}}
	{"id":2719900,"type":"buy","buyer":"bushwhack","seller":"jelly-cz","symbol":"SIM","quantity":"1200.810","price":"0.00052278","timestamp":1644133926,"volume":"0.62775945","buyTxId":"0a66af62c61b72dc914632d8153d18b572deda92","sellTxId":"MM-P-14588146-61575462-3-29-0"}
{"index": {"_index":"sim","_id":"2719916"}}
	{"id":2719916,"type":"buy","buyer":"bushwhack","seller":"jelly-cz","symbol":"SIM","quantity":"2555.990","price":"0.00052278","timestamp":1644134397,"volume":"1.33622045","buyTxId":"4008084b12a56c2cb4859fe28e3b990e9c3e33c8","sellTxId":"MM-P-14588146-61575462-3-29-0"}
{"index": {"_index":"sim","_id":"2720351"}}
	{"id":2720351,"type":"sell","buyer":"pi-trader","seller":"desyfit","symbol":"SIM","quantity":"150000.000","price":"0.00049202","timestamp":1644140967,"volume":"73.80300000","buyTxId":"584347ec7c5f80666f59f5f4f657fdb318f52388-0","sellTxId":"95fffba2bbf3932969b08df1070ca9263e361546"}
{"index": {"_index":"sim","_id":"2720372"}}
	{"id":2720372,"type":"sell","buyer":"pi-trader","seller":"theguruasia","symbol":"SIM","quantity":"1689.967","price":"0.00049202","timestamp":1644141255,"volume":"0.83149756","buyTxId":"3a59fe3fdbdb2f610d76e8ad173e3abff04b2ee5-2","sellTxId":"293c7c350b38bed75165454431571a6348d55d7c"}
{"index": {"_index":"sim","_id":"2720501"}}
	{"id":2720501,"type":"sell","buyer":"pi-trader","seller":"monsterjamgold","symbol":"SIM","quantity":"21343.818","price":"0.00049202","timestamp":1644142956,"volume":"10.50158533","buyTxId":"0704d575958aee5fdfc56489a6e381ed328dfd36-3","sellTxId":"516835f025151dcaac47d915b7292063a653ec3c"}
{"index": {"_index":"sim","_id":"2720705"}}
	{"id":2720705,"type":"sell","buyer":"pi-trader","seller":"jesuscarrion","symbol":"SIM","quantity":"127.050","price":"0.00049202","timestamp":1644146322,"volume":"0.06251114","buyTxId":"b7540c36438aa256ca0a5a0ce33f661f1969001c-3","sellTxId":"aae4a247ba009c36e78bdb2354bf7eade8c22a84"}
{"index": {"_index":"sim","_id":"2720782"}}
	{"id":2720782,"type":"buy","buyer":"alikcrs","seller":"jelly-cz","symbol":"SIM","quantity":"3100.000","price":"0.00050949","timestamp":1644147282,"volume":"1.57941900","buyTxId":"10198aa9b3cde6f2e07092afbe4c4826514a10c4","sellTxId":"MM-P-14590937-61578256-3-29-0"}
{"index": {"_index":"sim","_id":"2720793"}}
	{"id":2720793,"type":"sell","buyer":"pi-trader","seller":"dreamm","symbol":"SIM","quantity":"2703.000","price":"0.00049202","timestamp":1644147384,"volume":"1.32993006","buyTxId":"d2104fde33b39f17bafea3e19dfb43acaff90948-1","sellTxId":"eee80ddb269b9550578db2c2d04f93e900d2204b"}
{"index": {"_index":"sim","_id":"2720921"}}
	{"id":2720921,"type":"sell","buyer":"pi-trader","seller":"brofi-market","symbol":"SIM","quantity":"0.004","price":"0.00049202","timestamp":1644149529,"volume":"0.00000197","buyTxId":"ca5eb993ff951904cf72a4a61a3eacda97d4e39f-3","sellTxId":"b5e11df10908565d50da4792c26c602d53fcb8e6"}
{"index": {"_index":"sim","_id":"2721107"}}
	{"id":2721107,"type":"sell","buyer":"pi-trader","seller":"tonytrillions","symbol":"SIM","quantity":"0.020","price":"0.00049202","timestamp":1644152064,"volume":"0.00000984","buyTxId":"16032a0b2dfed5562fcf2973e74f015670a79456-1","sellTxId":"53575ca82618d008eee60fd338db89e8d67b954e"}
{"index": {"_index":"sim","_id":"2721154"}}
	{"id":2721154,"type":"sell","buyer":"pi-trader","seller":"reaverza","symbol":"SIM","quantity":"7059.734","price":"0.00049202","timestamp":1644152469,"volume":"3.47353032","buyTxId":"72fe7f6e533c8a09403b294608503a8efd9b0d3b-3","sellTxId":"ec154fd0149638adb8af5a95d865bcbc5fd07462"}
{"index": {"_index":"sim","_id":"2721250"}}
	{"id":2721250,"type":"sell","buyer":"pi-trader","seller":"quantumg","symbol":"SIM","quantity":"621.500","price":"0.00049202","timestamp":1644153183,"volume":"0.30579043","buyTxId":"6f0869d0c07115e0525166bc391397d4f29a9bfa-3","sellTxId":"658486f599310d1b7a353ed83648a4508455a36d"}
{"index": {"_index":"sim","_id":"2721956"}}
	{"id":2721956,"type":"sell","buyer":"pi-trader","seller":"goldcoin","symbol":"SIM","quantity":"32.494","price":"0.00049301","timestamp":1644162657,"volume":"0.01601987","buyTxId":"48f08b162b36ab44d6fbd76268d924b89ef1e587-2","sellTxId":"bcb7a2ebd5626bc0fceba8264b7b5fdee2d7c2d9"}
{"index": {"_index":"sim","_id":"2721982"}}
	{"id":2721982,"type":"sell","buyer":"pi-trader","seller":"worldfinances","symbol":"SIM","quantity":"500.000","price":"0.00049301","timestamp":1644162939,"volume":"0.24650500","buyTxId":"df3f986f376797ea53dd3be19da5db1138b1c822-2","sellTxId":"3847c4e001e2c77db3d12b85db82dd9ae39e238f"}
{"index": {"_index":"sim","_id":"2722746"}}
	{"id":2722746,"type":"sell","buyer":"pi-trader","seller":"stevenwood","symbol":"SIM","quantity":"37.891","price":"0.00049301","timestamp":1644170472,"volume":"0.01868064","buyTxId":"901422faffeb6b0988713f27edf8a00d91e34fa7-3","sellTxId":"a32e288cfa57e6052bf3564afd15320999cad75b"}
{"index": {"_index":"sim","_id":"2722916"}}
	{"id":2722916,"type":"sell","buyer":"pi-trader","seller":"iamalivechalleng","symbol":"SIM","quantity":"2.998","price":"0.00049301","timestamp":1644172233,"volume":"0.00147804","buyTxId":"21ab42d133c9081d267ee0d9fc8c01817a372fe4-1","sellTxId":"7c71a45dc65ae43d796722343f31fa68439b1ba4"}
{"index": {"_index":"sim","_id":"2722950"}}
	{"id":2722950,"type":"buy","buyer":"svirus","seller":"onealfa","symbol":"SIM","quantity":"8490.000","price":"0.00049999","timestamp":1644172596,"volume":"4.24491510","buyTxId":"39d919c6631ef86093783c0bc7bf08eec87ec994-0","sellTxId":"a653a3c7e6a020bbe54aadb4a0c83e875a39e677"}
{"index": {"_index":"sim","_id":"2722993"}}
	{"id":2722993,"type":"sell","buyer":"pi-trader","seller":"eshr92","symbol":"SIM","quantity":"72.000","price":"0.00049301","timestamp":1644172866,"volume":"0.03549672","buyTxId":"52decc450b90005b47ced9c42133c1b5851c598b-2","sellTxId":"14c340f10bb54a9dee9be6da40c17489f3117077"}
{"index": {"_index":"sim","_id":"2722996"}}
	{"id":2722996,"type":"sell","buyer":"pi-trader","seller":"lifeskills-tv","symbol":"SIM","quantity":"543.632","price":"0.00049301","timestamp":1644172911,"volume":"0.26801601","buyTxId":"d1b557c291be2eb1db69963d985aa644e49c931b-1","sellTxId":"7c3370eb9f803975b745354a12c37b335094ba89"}
{"index": {"_index":"sim","_id":"2723039"}}
	{"id":2723039,"type":"buy","buyer":"monsterjamgold","seller":"myvest","symbol":"SIM","quantity":"69.708","price":"0.00050000","timestamp":1644173217,"volume":"0.03485400","buyTxId":"680def29687eff0656b815a69f9e8ee347c7a512","sellTxId":"13a77ff64eb92a54577f42e73e548ae89717b379"}
{"index": {"_index":"sim","_id":"2723067"}}
	{"id":2723067,"type":"buy","buyer":"monsterjamgold","seller":"jelly-cz","symbol":"SIM","quantity":"19636.149","price":"0.00050749","timestamp":1644173376,"volume":"9.96514926","buyTxId":"e3f40c8beb2df63fd11e0c7867ac3135cc541065","sellTxId":"MM-P-14598110-61585435-3-29-0"}
{"index": {"_index":"sim","_id":"2723168"}}
	{"id":2723168,"type":"sell","buyer":"pi-trader","seller":"flaxz","symbol":"SIM","quantity":"4.782","price":"0.00049301","timestamp":1644174174,"volume":"0.00235757","buyTxId":"97fd678e05fe7d4845a27795ebf807a4bd6e54b0-0","sellTxId":"4a624745dcbf488e0928d264ac6c2f2a3f3a668e"}
{"index": {"_index":"sim","_id":"2723358"}}
	{"id":2723358,"type":"buy","buyer":"dswap","seller":"jelly-cz","symbol":"SIM","quantity":"2240.117","price":"0.00050749","timestamp":1644176532,"volume":"1.13683724","buyTxId":"e063f1fd595e18155ddd2b0a9c316b709dba02cb","sellTxId":"MM-P-14598110-61585435-3-29-0"}
{"index": {"_index":"sim","_id":"2723399"}}
	{"id":2723399,"type":"buy","buyer":"soteyapanbot","seller":"jelly-cz","symbol":"SIM","quantity":"6880.000","price":"0.00050749","timestamp":1644177018,"volume":"3.49153120","buyTxId":"cadb9b7a7a9b0c8425c0cfe30d97fa2ab54a116c","sellTxId":"MM-P-14598110-61585435-3-29-0"}
{"index": {"_index":"sim","_id":"2723461"}}
	{"id":2723461,"type":"sell","buyer":"pi-trader","seller":"velourex","symbol":"SIM","quantity":"13666.415","price":"0.00049301","timestamp":1644177861,"volume":"6.73767926","buyTxId":"22aa39071307ce115d01d67cb7a33ec3bd9fd55d-3","sellTxId":"d6029b88ed980ee0d81873b2c56a4d670565cf32"}
{"index": {"_index":"sim","_id":"2723486"}}
	{"id":2723486,"type":"sell","buyer":"pi-trader","seller":"brofi-market","symbol":"SIM","quantity":"0.001","price":"0.00049301","timestamp":1644178227,"volume":"0.00000049","buyTxId":"a8878262f3a28f607753d6cc1b52e6f072ce6c30-3","sellTxId":"55e5d9e65931e145561cdd19e763806be7c63293"}
{"index": {"_index":"sim","_id":"2723530"}}
	{"id":2723530,"type":"sell","buyer":"pi-trader","seller":"andy4475","symbol":"SIM","quantity":"34.996","price":"0.00049301","timestamp":1644178665,"volume":"0.01725338","buyTxId":"9b968b8b0cadad4f6b37502313ac24c8428f6844-1","sellTxId":"0c70d885233f1cc37eaa4dd4087989fac296f0be"}
{"index": {"_index":"sim","_id":"2723608"}}
	{"id":2723608,"type":"buy","buyer":"maryjane.main","seller":"jelly-cz","symbol":"SIM","quantity":"37100.000","price":"0.00050749","timestamp":1644179697,"volume":"18.82787900","buyTxId":"f88c0412cd7aca2e7c61904bc86d1171027733ed","sellTxId":"MM-P-14598110-61585435-3-29-0"}
{"index": {"_index":"sim","_id":"2723656"}}
	{"id":2723656,"type":"buy","buyer":"maryjane.main","seller":"jelly-cz","symbol":"SIM","quantity":"89.734","price":"0.00050749","timestamp":1644180150,"volume":"0.04553911","buyTxId":"089791f793c115f73e76f0fa72ac5c426465f27a","sellTxId":"MM-P-14598110-61585435-3-29-0"}
{"index": {"_index":"sim","_id":"2723657"}}
	{"id":2723657,"type":"buy","buyer":"maryjane.main","seller":"brofi-market","symbol":"SIM","quantity":"0.001","price":"0.00050749","timestamp":1644180150,"volume":"0.00000051","buyTxId":"089791f793c115f73e76f0fa72ac5c426465f27a","sellTxId":"00c04824b7aa5a5d0a60b4b2161e935ad45d2e88"}
{"index": {"_index":"sim","_id":"2723658"}}
	{"id":2723658,"type":"buy","buyer":"maryjane.main","seller":"sbi-tokens","symbol":"SIM","quantity":"92910.265","price":"0.00050800","timestamp":1644180150,"volume":"47.19841462","buyTxId":"089791f793c115f73e76f0fa72ac5c426465f27a","sellTxId":"348fc3ba1a2a46b596a8ad222cb36d9b32e5725b"}
{"index": {"_index":"sim","_id":"2723681"}}
	{"id":2723681,"type":"sell","buyer":"pi-trader","seller":"eshr92","symbol":"SIM","quantity":"78.000","price":"0.00049301","timestamp":1644180516,"volume":"0.03845478","buyTxId":"87e7df4d545dce04a416fadedab9dd7355713388-1","sellTxId":"b668e5e949c9a53b4b38fc23ebbfe9b04cc68b6f"}
{"index": {"_index":"sim","_id":"2724163"}}
	{"id":2724163,"type":"buy","buyer":"stickupcash","seller":"jelly-cz","symbol":"SIM","quantity":"929.000","price":"0.00050749","timestamp":1644186849,"volume":"0.47145821","buyTxId":"b592a68ed27891112f9c0356f75f7a7f64853dd6","sellTxId":"MM-P-14603884-61591211-3-29-0"}
{"index": {"_index":"sim","_id":"2724233"}}
	{"id":2724233,"type":"sell","buyer":"pi-trader","seller":"elianaicgomes","symbol":"SIM","quantity":"569.598","price":"0.00049301","timestamp":1644188040,"volume":"0.28081751","buyTxId":"23fba5caf884dde76cd8b74f787247e8fe59a7e3-1","sellTxId":"5240fee1e763317ec2103b61e3eb1e67c300f50f"}
{"index": {"_index":"sim","_id":"2724238"}}
	{"id":2724238,"type":"sell","buyer":"pi-trader","seller":"enjar","symbol":"SIM","quantity":"1068.176","price":"0.00049301","timestamp":1644188079,"volume":"0.52662145","buyTxId":"2a6b3a78e50e05cde7e8f9e51a9f712747d0a6e5-3","sellTxId":"42226dfcdbe672dbf0401fcb1792dc27691289d3"}
{"index": {"_index":"sim","_id":"2724374"}}
	{"id":2724374,"type":"sell","buyer":"pi-trader","seller":"elricmoonslayer","symbol":"SIM","quantity":"5.004","price":"0.00049301","timestamp":1644189981,"volume":"0.00246702","buyTxId":"3e112eedc6f27a772eb99a249e8456e5983bddf5-3","sellTxId":"c171557c73d92432d590f960741b3b45bccaa148"}
{"index": {"_index":"sim","_id":"2724557"}}
	{"id":2724557,"type":"buy","buyer":"quantumg","seller":"jelly-cz","symbol":"SIM","quantity":"1800.000","price":"0.00050749","timestamp":1644192615,"volume":"0.91348200","buyTxId":"be5897ea3a6440763ab5bd254d1b4a6a9da9cb9e","sellTxId":"MM-P-14603884-61591211-3-29-0"}
{"index": {"_index":"sim","_id":"2724591"}}
	{"id":2724591,"type":"sell","buyer":"pi-trader","seller":"brofi-market","symbol":"SIM","quantity":"0.003","price":"0.00049301","timestamp":1644192906,"volume":"0.00000148","buyTxId":"4160cd9b290c941ea7015add9b4e17995832f35a-2","sellTxId":"066d7d2d694ffe3165fed6e4af0c77c012d62c3b"}
{"index": {"_index":"sim","_id":"2724811"}}
	{"id":2724811,"type":"sell","buyer":"pi-trader","seller":"nathanpieters","symbol":"SIM","quantity":"116.010","price":"0.00049301","timestamp":1644196290,"volume":"0.05719409","buyTxId":"7e104777cf312f6835336a9010ffaaf018a58222-1","sellTxId":"a91bbc4ca2a89021f29d32491452a5563da83b59"}
{"index": {"_index":"sim","_id":"2724842"}}
	{"id":2724842,"type":"buy","buyer":"martusamak","seller":"jelly-cz","symbol":"SIM","quantity":"1140.000","price":"0.00050698","timestamp":1644196743,"volume":"0.57795720","buyTxId":"c247e1072b8c913fdd4164fe6052ad286c06f221","sellTxId":"MM-P-14608166-61595493-3-29-0"}
{"index": {"_index":"sim","_id":"2724884"}}
	{"id":2724884,"type":"buy","buyer":"maryjane.main","seller":"jelly-cz","symbol":"SIM","quantity":"64806.000","price":"0.00050698","timestamp":1644197520,"volume":"32.85534588","buyTxId":"1bd7bb78174cce8b4a38b5bc87fe9ee7cae7f941","sellTxId":"MM-P-14608166-61595493-3-29-0"}
{"index": {"_index":"sim","_id":"2724896"}}
	{"id":2724896,"type":"buy","buyer":"maryjane.main","seller":"brofi-market","symbol":"SIM","quantity":"0.003","price":"0.00050749","timestamp":1644197667,"volume":"0.00000152","buyTxId":"0753f61363d5a5794a6de778032f6accf6dc0fdf","sellTxId":"5da28792f40c216050581c311e1a82653aef0a68"}
{"index": {"_index":"sim","_id":"2724897"}}
	{"id":2724897,"type":"buy","buyer":"maryjane.main","seller":"jelly-cz","symbol":"SIM","quantity":"19999.997","price":"0.00050749","timestamp":1644197667,"volume":"10.14979848","buyTxId":"0753f61363d5a5794a6de778032f6accf6dc0fdf","sellTxId":"MM-P-14609662-61596989-3-29-0"}
{"index": {"_index":"sim","_id":"2724924"}}
	{"id":2724924,"type":"sell","buyer":"pi-trader","seller":"andy4475","symbol":"SIM","quantity":"24.592","price":"0.00049301","timestamp":1644197949,"volume":"0.01212410","buyTxId":"e703b5e5cf309c715fee885f0ab2ef8a6606298b-1","sellTxId":"243ba066b4676f5303af737c54e76a4ca35a8d68"}
{"index": {"_index":"sim","_id":"2725030"}}
	{"id":2725030,"type":"sell","buyer":"pi-trader","seller":"bearbear613","symbol":"SIM","quantity":"1105.006","price":"0.00049302","timestamp":1644199839,"volume":"0.54479006","buyTxId":"dba960df46c04c5ccb616db979ae2ae182e69f9d-1","sellTxId":"b9480db90b924cae62c542535b7d84e7882fcfca"}
{"index": {"_index":"sim","_id":"2725206"}}
	{"id":2725206,"type":"buy","buyer":"mary.janikowski","seller":"jelly-cz","symbol":"SIM","quantity":"45946.003","price":"0.00050749","timestamp":1644201864,"volume":"23.31713706","buyTxId":"449611fd30e6d0f82884dc3ddba379dcc434c962","sellTxId":"MM-P-14609662-61596989-3-29-0"}
{"index": {"_index":"sim","_id":"2725217"}}
	{"id":2725217,"type":"buy","buyer":"mary.janikowski","seller":"sbi-tokens","symbol":"SIM","quantity":"40000.000","price":"0.00050800","timestamp":1644202026,"volume":"20.32000000","buyTxId":"21b1886cacbfe395b5304a4019a533269a8c14a6","sellTxId":"348fc3ba1a2a46b596a8ad222cb36d9b32e5725b"}
{"index": {"_index":"sim","_id":"2725234"}}
	{"id":2725234,"type":"buy","buyer":"sevenoh-fiveoh","seller":"jelly-cz","symbol":"SIM","quantity":"12530.000","price":"0.00050749","timestamp":1644202377,"volume":"6.35884970","buyTxId":"e4a1e02747070d7a92af46e1806c161ae3ab955a","sellTxId":"MM-P-14611156-61598483-3-29-0"}
{"index": {"_index":"sim","_id":"2725257"}}
	{"id":2725257,"type":"buy","buyer":"sevenoh-fiveoh","seller":"jelly-cz","symbol":"SIM","quantity":"8000.000","price":"0.00050749","timestamp":1644202875,"volume":"4.05992000","buyTxId":"12ec0076b165fcbac77eec167a2d0377b7507298","sellTxId":"MM-P-14611156-61598483-3-29-0"}
{"index": {"_index":"sim","_id":"2725314"}}
	{"id":2725314,"type":"buy","buyer":"failingforwards","seller":"jelly-cz","symbol":"SIM","quantity":"220.000","price":"0.00050749","timestamp":1644203919,"volume":"0.11164780","buyTxId":"51330d127d54c0a6cc78e8ba7f8e5548156d2a90","sellTxId":"MM-P-14611156-61598483-3-29-0"}
