{"index": {"_index":"alive","_id":"4096560"}}
	{"id":4096560,"type":"sell","buyer":"pixresteemer","seller":"dswap","symbol":"ALIVE","quantity":"1.851","price":"0.02600000","timestamp":1660014849,"volume":"0.04812600","buyTxId":"059a427f90db58a737d06dfaeff2911269163749","sellTxId":"eb90921453f049aa4d95c726f7aa3fe680e6e6f8"}
{"index": {"_index":"alive","_id":"4096705"}}
	{"id":4096705,"type":"sell","buyer":"pixresteemer","seller":"iamraincrystal","symbol":"ALIVE","quantity":"50.5982","price":"0.02600000","timestamp":1660016670,"volume":"1.31555320","buyTxId":"059a427f90db58a737d06dfaeff2911269163749","sellTxId":"a9dfb83606252327de78cdf839e2ca41710792d0"}
{"index": {"_index":"alive","_id":"4097045"}}
	{"id":4097045,"type":"sell","buyer":"flaxz","seller":"greensempire","symbol":"ALIVE","quantity":"20.0703","price":"0.02100000","timestamp":1660022724,"volume":"0.42147630","buyTxId":"223007d38b46de49c7c2c5120637cb3b5faad7bb","sellTxId":"8d3e8365e302c1fdb60cbf2b12562d44c4222b6f"}
{"index": {"_index":"alive","_id":"4097046"}}
	{"id":4097046,"type":"sell","buyer":"flaxz","seller":"greensempire","symbol":"ALIVE","quantity":"32.3670","price":"0.02100000","timestamp":1660022724,"volume":"0.67970700","buyTxId":"2c0f31148538d4d8311ece7e67d63ab0c38378e5","sellTxId":"8d3e8365e302c1fdb60cbf2b12562d44c4222b6f"}
{"index": {"_index":"alive","_id":"4097233"}}
	{"id":4097233,"type":"buy","buyer":"vocup","seller":"greensempire","symbol":"ALIVE","quantity":"293.5357","price":"0.02015156","timestamp":1660025997,"volume":"5.91520227","buyTxId":"572627b2ea0da1bd13675778bdd8e95710daa9c2","sellTxId":"8d3e8365e302c1fdb60cbf2b12562d44c4222b6f"}
{"index": {"_index":"alive","_id":"4097725"}}
	{"id":4097725,"type":"sell","buyer":"vocup","seller":"assassyn","symbol":"ALIVE","quantity":"2.0393","price":"0.02000000","timestamp":1660033386,"volume":"0.04078600","buyTxId":"3086685f6b9682d1d9b141d876f3886f711f9b33","sellTxId":"e231276fdf625bcc31da0661232b9ee2dee05955"}
{"index": {"_index":"alive","_id":"4098665"}}
	{"id":4098665,"type":"sell","buyer":"vocup","seller":"fiberfrau","symbol":"ALIVE","quantity":"4.7947","price":"0.02000000","timestamp":1660048629,"volume":"0.09589400","buyTxId":"3086685f6b9682d1d9b141d876f3886f711f9b33","sellTxId":"91cc0dae67a6041a7cc08f7152fd921e06ea4ee2"}
{"index": {"_index":"alive","_id":"4098966"}}
	{"id":4098966,"type":"sell","buyer":"vocup","seller":"jdike","symbol":"ALIVE","quantity":"3.0000","price":"0.02000000","timestamp":1660054062,"volume":"0.06000000","buyTxId":"3086685f6b9682d1d9b141d876f3886f711f9b33","sellTxId":"6c8fb8673e205e208c1373f6ad6a63e02e2c788d"}
{"index": {"_index":"alive","_id":"4099373"}}
	{"id":4099373,"type":"sell","buyer":"pixresteemer","seller":"jlufer","symbol":"ALIVE","quantity":"92.5005","price":"0.02100000","timestamp":1660058754,"volume":"1.94251050","buyTxId":"56a356c9df03dde923ca3a93c09f42f9bf2a04a5","sellTxId":"1073ac84f2cbaac6d4669416574c5721f3ba75ab"}
{"index": {"_index":"alive","_id":"4099478"}}
	{"id":4099478,"type":"sell","buyer":"pixresteemer","seller":"silvertop","symbol":"ALIVE","quantity":"2.2559","price":"0.02100000","timestamp":1660060485,"volume":"0.04737390","buyTxId":"56a356c9df03dde923ca3a93c09f42f9bf2a04a5","sellTxId":"04159a283da4cf2526701b918ba2e1318a54f8de"}
{"index": {"_index":"alive","_id":"4099688"}}
	{"id":4099688,"type":"sell","buyer":"pixresteemer","seller":"hive.pizza","symbol":"ALIVE","quantity":"5.2436","price":"0.02100000","timestamp":1660064025,"volume":"0.11011560","buyTxId":"56a356c9df03dde923ca3a93c09f42f9bf2a04a5","sellTxId":"8109f15a1d4dba4dfde5aaeabd2e05fc4eaf84f5"}
{"index": {"_index":"alive","_id":"4099689"}}
	{"id":4099689,"type":"sell","buyer":"vocup","seller":"hive.pizza","symbol":"ALIVE","quantity":"427.4867","price":"0.02000000","timestamp":1660064025,"volume":"8.54973400","buyTxId":"3086685f6b9682d1d9b141d876f3886f711f9b33","sellTxId":"8109f15a1d4dba4dfde5aaeabd2e05fc4eaf84f5"}
{"index": {"_index":"alive","_id":"4100093"}}
	{"id":4100093,"type":"sell","buyer":"pixresteemer","seller":"thatcryptodave","symbol":"ALIVE","quantity":"19.5281","price":"0.02010000","timestamp":1660068678,"volume":"0.39251481","buyTxId":"96e6047983f9fd66bdd40d9292f76753065027cb","sellTxId":"893174d9813e550f4decd586d8983ebf4f80b4cb"}
{"index": {"_index":"alive","_id":"4100976"}}
	{"id":4100976,"type":"buy","buyer":"curatorcat.leo","seller":"noonespecialz","symbol":"ALIVE","quantity":"0.1691","price":"0.03100000","timestamp":1660079940,"volume":"0.00524210","buyTxId":"3f9d8947cc73fc3d8854558fa13650679e64e293","sellTxId":"f1f089cdeeb84cc8ece6a3f3f78892061383d5fc"}
{"index": {"_index":"alive","_id":"4100981"}}
	{"id":4100981,"type":"buy","buyer":"curatorcat.leo","seller":"fefe.dev","symbol":"ALIVE","quantity":"10.6897","price":"0.03182790","timestamp":1660079976,"volume":"0.34023070","buyTxId":"9a7b6f7778e5ebbe3afd54cebf3c35424d119a6f","sellTxId":"de861cc2aaf3b0ba61a2a2e6d23841c14bdee67b"}
{"index": {"_index":"alive","_id":"4101307"}}
	{"id":4101307,"type":"sell","buyer":"vocup","seller":"thatcryptodave","symbol":"ALIVE","quantity":"2.5000","price":"0.02010151","timestamp":1660084347,"volume":"0.05025378","buyTxId":"f1ffd676442f2e3a7e5053e0a7232500bcdd4fed","sellTxId":"477b6fe0931b3ae7a6820ea5886174c07696aac5"}
{"index": {"_index":"alive","_id":"4101626"}}
	{"id":4101626,"type":"sell","buyer":"vocup","seller":"lolz.devs","symbol":"ALIVE","quantity":"3.2509","price":"0.02010151","timestamp":1660089285,"volume":"0.06534800","buyTxId":"f1ffd676442f2e3a7e5053e0a7232500bcdd4fed","sellTxId":"fcd2beb23168a27f463a26dd0558ca8e4d5753b9"}
