{"index": {"_index":"beer","_id":"1795100"}}
	{"id":1795100,"type":"sell","buyer":"eirik","seller":"mafia.wallet","symbol":"BEER","quantity":"0.037","price":"0.08000000","timestamp":1635195189,"volume":"0.00296000","buyTxId":"09a360d8b83e8b778f8bd71cfe63e92fc6cda251","sellTxId":"8c245f9e4e430b8431bbc9cb5e53c60dc0218bd5-1"}
{"index": {"_index":"beer","_id":"1795451"}}
	{"id":1795451,"type":"buy","buyer":"harveyword","seller":"eirik","symbol":"BEER","quantity":"0.28681528","price":"0.16500000","timestamp":1635198405,"volume":"0.04732452","buyTxId":"96e95a546ed6b2912fb50311630b596f10ae9edf","sellTxId":"5749b862eab20fec8a97519dcb56623a311e55da"}
{"index": {"_index":"beer","_id":"1795966"}}
	{"id":1795966,"type":"buy","buyer":"vokus","seller":"exator","symbol":"BEER","quantity":"24.00000000","price":"0.16000000","timestamp":1635203856,"volume":"3.84000000","buyTxId":"f1ceee20b5e01f57be8462f9edd28e818e0063b2","sellTxId":"cd4145a6f4d34ccf6e1d6b75bef7f331ed1651f9"}
{"index": {"_index":"beer","_id":"1796399"}}
	{"id":1796399,"type":"sell","buyer":"harveyword","seller":"josueprime","symbol":"BEER","quantity":"0.05000000","price":"0.08010000","timestamp":1635208722,"volume":"0.00400500","buyTxId":"d6da1b539f4523049fa8913e3db401fc053ce6de","sellTxId":"50b51fc696e16d74adaff2837e32b66bbb2f2208"}
{"index": {"_index":"beer","_id":"1797660"}}
	{"id":1797660,"type":"sell","buyer":"harveyword","seller":"evernoticethat","symbol":"BEER","quantity":"0.27400000","price":"0.08010000","timestamp":1635224202,"volume":"0.02194740","buyTxId":"d6da1b539f4523049fa8913e3db401fc053ce6de","sellTxId":"ab9077084fd223628621ff7d067f9d58c839569a"}
{"index": {"_index":"beer","_id":"1799987"}}
	{"id":1799987,"type":"sell","buyer":"yintercept","seller":"frankvvv","symbol":"BEER","quantity":"0.10057478","price":"0.08100000","timestamp":1635248142,"volume":"0.00814656","buyTxId":"3cf3fc97771f802d61d03e7fa2e111fd1286030f","sellTxId":"3a3ef08d8cbcd992a63192d8ef83622a154b970f"}
{"index": {"_index":"beer","_id":"1800324"}}
	{"id":1800324,"type":"buy","buyer":"detlev","seller":"vipservice","symbol":"BEER","quantity":"1.00000000","price":"0.15900000","timestamp":1635251958,"volume":"0.15900000","buyTxId":"66b1568df68c7d9c7108a08b88c30cac512ed966","sellTxId":"9a054bace08259bc858fdebc93996d292e62fe7b"}
{"index": {"_index":"beer","_id":"1800335"}}
	{"id":1800335,"type":"buy","buyer":"detlev","seller":"vipservice","symbol":"BEER","quantity":"5.12229914","price":"0.15900000","timestamp":1635252069,"volume":"0.81444556","buyTxId":"993dff36b73e9277ac0de5741674e12dd04815ef","sellTxId":"9a054bace08259bc858fdebc93996d292e62fe7b"}
{"index": {"_index":"beer","_id":"1800336"}}
	{"id":1800336,"type":"buy","buyer":"detlev","seller":"exator","symbol":"BEER","quantity":"24.00000000","price":"0.15997000","timestamp":1635252093,"volume":"3.83928000","buyTxId":"61f4940ffcd8f2cea3691c5e077785a9635fa33e","sellTxId":"d7ff1240ed635e30599588a606bd7b5cff4bd460"}
{"index": {"_index":"beer","_id":"1800337"}}
	{"id":1800337,"type":"buy","buyer":"detlev","seller":"onealfa","symbol":"BEER","quantity":"2.19800000","price":"0.15998000","timestamp":1635252120,"volume":"0.35163604","buyTxId":"87df2875372fe3ac2133f84273055364dc0e2e27","sellTxId":"fec7c330bd084e9f029cd9f9cf6bb5241953cc89"}
{"index": {"_index":"beer","_id":"1800341"}}
	{"id":1800341,"type":"buy","buyer":"detlev","seller":"master-lamps","symbol":"BEER","quantity":"0.45137500","price":"0.15999000","timestamp":1635252138,"volume":"0.07221549","buyTxId":"ccfefd585d997425ce4376c038aa6ae7bbd1c657","sellTxId":"a7dd77e94474f2c69c644390ca178b37e36902a5"}
{"index": {"_index":"beer","_id":"1800680"}}
	{"id":1800680,"type":"sell","buyer":"detlev","seller":"exator","symbol":"BEER","quantity":"0.60200000","price":"0.17486000","timestamp":1635255399,"volume":"0.10526572","buyTxId":"692ab52febac5325ec4bd9f32e2c7428ec9ce7b2","sellTxId":"cf77562cf0e94adde525e4e79fbaa4636a7a38e7"}
{"index": {"_index":"beer","_id":"1800681"}}
	{"id":1800681,"type":"sell","buyer":"fon","seller":"exator","symbol":"BEER","quantity":"0.10000000","price":"0.17486000","timestamp":1635255399,"volume":"0.01748600","buyTxId":"42d3a10a36841a716d85d0f02b419b428b938acd","sellTxId":"cf77562cf0e94adde525e4e79fbaa4636a7a38e7"}
{"index": {"_index":"beer","_id":"1800682"}}
	{"id":1800682,"type":"sell","buyer":"detlev","seller":"exator","symbol":"BEER","quantity":"0.29800000","price":"0.14870000","timestamp":1635255399,"volume":"0.04431260","buyTxId":"16b05b42d5bf0db1590f112898af5a5ed6d6c436","sellTxId":"cf77562cf0e94adde525e4e79fbaa4636a7a38e7"}
{"index": {"_index":"beer","_id":"1800705"}}
	{"id":1800705,"type":"sell","buyer":"detlev","seller":"exator","symbol":"BEER","quantity":"53.70200000","price":"0.14870000","timestamp":1635255504,"volume":"7.98548740","buyTxId":"16b05b42d5bf0db1590f112898af5a5ed6d6c436","sellTxId":"080bf969aafbc7bac92c39caeddf937db98d4176"}
{"index": {"_index":"beer","_id":"1800706"}}
	{"id":1800706,"type":"sell","buyer":"detlev","seller":"exator","symbol":"BEER","quantity":"22.00000000","price":"0.13500000","timestamp":1635255504,"volume":"2.97000000","buyTxId":"55c5cf1011cd807ce7ceb4128d9732099b224d2e","sellTxId":"080bf969aafbc7bac92c39caeddf937db98d4176"}
{"index": {"_index":"beer","_id":"1800707"}}
	{"id":1800707,"type":"sell","buyer":"detlev","seller":"exator","symbol":"BEER","quantity":"24.29800000","price":"0.12310000","timestamp":1635255504,"volume":"2.99108380","buyTxId":"9ae1ad8a4c3c99fbce9a94a24656906ef18c8bc2","sellTxId":"080bf969aafbc7bac92c39caeddf937db98d4176"}
{"index": {"_index":"beer","_id":"1800709"}}
	{"id":1800709,"type":"sell","buyer":"detlev","seller":"exator","symbol":"BEER","quantity":"19.70200000","price":"0.12310000","timestamp":1635255537,"volume":"2.42531620","buyTxId":"9ae1ad8a4c3c99fbce9a94a24656906ef18c8bc2","sellTxId":"f7f1fe896ea2bc8c435fb5a4604be40bba8fdfbb"}
{"index": {"_index":"beer","_id":"1800710"}}
	{"id":1800710,"type":"sell","buyer":"detlev","seller":"exator","symbol":"BEER","quantity":"1.00000000","price":"0.11900000","timestamp":1635255537,"volume":"0.11900000","buyTxId":"8bb6593b92a734a5e7ad574d5a20e9a8dbf40059","sellTxId":"f7f1fe896ea2bc8c435fb5a4604be40bba8fdfbb"}
{"index": {"_index":"beer","_id":"1801067"}}
	{"id":1801067,"type":"buy","buyer":"hunted150","seller":"marfonso","symbol":"BEER","quantity":"0.60200000","price":"0.17486399","timestamp":1635259071,"volume":"0.10526812","buyTxId":"e2f50135f538c43f2c53cca643dce5116ff553dd","sellTxId":"551c0be41f0267b94c05b7994d8230cc88c485cb"}
{"index": {"_index":"beer","_id":"1801068"}}
	{"id":1801068,"type":"buy","buyer":"hunted150","seller":"exator","symbol":"BEER","quantity":"12.00000000","price":"0.17486400","timestamp":1635259071,"volume":"2.09836800","buyTxId":"e2f50135f538c43f2c53cca643dce5116ff553dd","sellTxId":"9b1851817a52a78a3f40b61b703153d05def947d"}
{"index": {"_index":"beer","_id":"1801069"}}
	{"id":1801069,"type":"buy","buyer":"hunted150","seller":"cloudblade","symbol":"BEER","quantity":"27.18637519","price":"0.17487000","timestamp":1635259071,"volume":"4.75408143","buyTxId":"e2f50135f538c43f2c53cca643dce5116ff553dd","sellTxId":"04dfdd7898d758a5b2f5ebbf037bc19db3dfd1b3"}
{"index": {"_index":"beer","_id":"1801676"}}
	{"id":1801676,"type":"sell","buyer":"fon","seller":"jimre1","symbol":"BEER","quantity":"0.10174072","price":"0.14100000","timestamp":1635262878,"volume":"0.01434544","buyTxId":"f1a4b62d6c70207b4fb055e93b68e0142628bad2","sellTxId":"6ee019e6dde46858ae5b424b408e5fa0affbee8e"}
{"index": {"_index":"beer","_id":"1803066"}}
	{"id":1803066,"type":"sell","buyer":"master-lamps","seller":"franel2183","symbol":"BEER","quantity":"0.45137500","price":"0.14100032","timestamp":1635270993,"volume":"0.06364402","buyTxId":"ca2be1478ed2548b61f03eed3993bdc800499810","sellTxId":"2068cf2ce9f92b69a6f51885174fed2207a648ca"}
{"index": {"_index":"beer","_id":"1803067"}}
	{"id":1803067,"type":"sell","buyer":"fon","seller":"franel2183","symbol":"BEER","quantity":"0.89825928","price":"0.14100000","timestamp":1635270993,"volume":"0.12665456","buyTxId":"f1a4b62d6c70207b4fb055e93b68e0142628bad2","sellTxId":"2068cf2ce9f92b69a6f51885174fed2207a648ca"}
{"index": {"_index":"beer","_id":"1803068"}}
	{"id":1803068,"type":"sell","buyer":"yintercept","seller":"franel2183","symbol":"BEER","quantity":"1.15036572","price":"0.14100000","timestamp":1635270993,"volume":"0.16220157","buyTxId":"68669878908f38e3ab3d1851ecdd39c6ac67e9cc","sellTxId":"2068cf2ce9f92b69a6f51885174fed2207a648ca"}
{"index": {"_index":"beer","_id":"1803634"}}
	{"id":1803634,"type":"sell","buyer":"yintercept","seller":"jjprac","symbol":"BEER","quantity":"0.48333990","price":"0.14100000","timestamp":1635275622,"volume":"0.06815093","buyTxId":"68669878908f38e3ab3d1851ecdd39c6ac67e9cc","sellTxId":"ddf9fb1616db5e70522c9bb0c25326298a3cf126"}
{"index": {"_index":"beer","_id":"1803736"}}
	{"id":1803736,"type":"sell","buyer":"yintercept","seller":"steemstreems","symbol":"BEER","quantity":"0.007","price":"0.14100000","timestamp":1635276357,"volume":"0.00098700","buyTxId":"68669878908f38e3ab3d1851ecdd39c6ac67e9cc","sellTxId":"c32d57f918a1b5395a0261c14166319d7447967a"}
{"index": {"_index":"beer","_id":"1804134"}}
	{"id":1804134,"type":"sell","buyer":"yintercept","seller":"mafia.wallet","symbol":"BEER","quantity":"0.037","price":"0.14100000","timestamp":1635279855,"volume":"0.00521700","buyTxId":"68669878908f38e3ab3d1851ecdd39c6ac67e9cc","sellTxId":"fffda8f2fac99e2cf69e99516d68a2b503c0ec93-1"}
