{"index": {"_index":"beer","_id":"1967724"}}
	{"id":1967724,"type":"buy","buyer":"burnsurface","seller":"cloudblade","symbol":"BEER","quantity":"3.84400000","price":"0.24780000","timestamp":1636774926,"volume":"0.95254320","buyTxId":"b21d7987e39e8fa3cdaa345d070e318b52c5c58c","sellTxId":"6518412d05f45ac91b05d931e9977ce8be4ca439"}
{"index": {"_index":"beer","_id":"1967725"}}
	{"id":1967725,"type":"buy","buyer":"burnsurface","seller":"roger.remix","symbol":"BEER","quantity":"20.15600000","price":"0.24799899","timestamp":1636774926,"volume":"4.99866764","buyTxId":"b21d7987e39e8fa3cdaa345d070e318b52c5c58c","sellTxId":"150349d0de1d0bda1a462fa231b1a511cd45c4ae"}
{"index": {"_index":"beer","_id":"1968237"}}
	{"id":1968237,"type":"sell","buyer":"roger.remix","seller":"vipservice","symbol":"BEER","quantity":"4.47915194","price":"0.21065000","timestamp":1636780803,"volume":"0.94353336","buyTxId":"2ecf718625eaba285c0d875a6fcd18898cc91e98","sellTxId":"ee5193eec7885a506de06cb0063a3163cd66a7e2"}
{"index": {"_index":"beer","_id":"1968238"}}
	{"id":1968238,"type":"sell","buyer":"roger.remix","seller":"vipservice","symbol":"BEER","quantity":"1.64314720","price":"0.20000000","timestamp":1636780803,"volume":"0.32862944","buyTxId":"8549cddcb59c1dd871a8b19db5f2e7f1d17196f9","sellTxId":"ee5193eec7885a506de06cb0063a3163cd66a7e2"}
{"index": {"_index":"beer","_id":"1968978"}}
	{"id":1968978,"type":"sell","buyer":"roger.remix","seller":"dlmmqb","symbol":"BEER","quantity":"8.34435280","price":"0.20000000","timestamp":1636788642,"volume":"1.66887056","buyTxId":"8549cddcb59c1dd871a8b19db5f2e7f1d17196f9","sellTxId":"255a5e10340b6a47383f6dab525e4909f531d23d"}
{"index": {"_index":"beer","_id":"1968979"}}
	{"id":1968979,"type":"sell","buyer":"roger.remix","seller":"dlmmqb","symbol":"BEER","quantity":"0.23098064","price":"0.19000000","timestamp":1636788642,"volume":"0.04388632","buyTxId":"d6cc9e023270a3819f329a1ea596ffcbb5d76e06","sellTxId":"255a5e10340b6a47383f6dab525e4909f531d23d"}
{"index": {"_index":"beer","_id":"1969013"}}
	{"id":1969013,"type":"sell","buyer":"roger.remix","seller":"lammbock","symbol":"BEER","quantity":"0.67623322","price":"0.19000000","timestamp":1636788906,"volume":"0.12848431","buyTxId":"d6cc9e023270a3819f329a1ea596ffcbb5d76e06","sellTxId":"23b973383c994ed58e870160798245ee4e616769"}
{"index": {"_index":"beer","_id":"1969617"}}
	{"id":1969617,"type":"sell","buyer":"roger.remix","seller":"itharagaian","symbol":"BEER","quantity":"0.00200000","price":"0.19000000","timestamp":1636794660,"volume":"0.00038000","buyTxId":"d6cc9e023270a3819f329a1ea596ffcbb5d76e06","sellTxId":"5de595f18a444a70f12a44bad6097ed641d2c2c9"}
{"index": {"_index":"beer","_id":"1970262"}}
	{"id":1970262,"type":"sell","buyer":"roger.remix","seller":"berthold","symbol":"BEER","quantity":"1.00000000","price":"0.19000000","timestamp":1636801020,"volume":"0.19000000","buyTxId":"d6cc9e023270a3819f329a1ea596ffcbb5d76e06","sellTxId":"43c4e786ce0fa9dad6fe1e8e629d271051555bdd"}
{"index": {"_index":"beer","_id":"1970329"}}
	{"id":1970329,"type":"buy","buyer":"katerinaramm","seller":"keimo","symbol":"BEER","quantity":"15.00000000","price":"0.24500000","timestamp":1636801722,"volume":"3.67500000","buyTxId":"24ce46d3240f5866245da2c1c7adedd8a75c3ef9","sellTxId":"8c940997a075620534885d298512c63d938ce9c7"}
{"index": {"_index":"beer","_id":"1970352"}}
	{"id":1970352,"type":"sell","buyer":"katerinaramm","seller":"alexanderfluke","symbol":"BEER","quantity":"0.03750000","price":"0.24500000","timestamp":1636801977,"volume":"0.00918750","buyTxId":"24ce46d3240f5866245da2c1c7adedd8a75c3ef9","sellTxId":"03d9e015a02bfb4289d429728522eca495e0c288"}
{"index": {"_index":"beer","_id":"1970440"}}
	{"id":1970440,"type":"sell","buyer":"katerinaramm","seller":"serhotest","symbol":"BEER","quantity":"0.03750000","price":"0.24500000","timestamp":1636803078,"volume":"0.00918750","buyTxId":"24ce46d3240f5866245da2c1c7adedd8a75c3ef9","sellTxId":"bbc6e6425362b957886591d00b20e98f4dd7839d"}
{"index": {"_index":"beer","_id":"1970470"}}
	{"id":1970470,"type":"sell","buyer":"katerinaramm","seller":"miketr","symbol":"BEER","quantity":"2.00000000","price":"0.24500000","timestamp":1636803276,"volume":"0.49000000","buyTxId":"24ce46d3240f5866245da2c1c7adedd8a75c3ef9","sellTxId":"0e33bf4875ca59a8f60ca1e17fddc7b11c5bbb1f"}
{"index": {"_index":"beer","_id":"1970679"}}
	{"id":1970679,"type":"sell","buyer":"katerinaramm","seller":"berthold","symbol":"BEER","quantity":"0.83670911","price":"0.24500000","timestamp":1636804977,"volume":"0.20499373","buyTxId":"24ce46d3240f5866245da2c1c7adedd8a75c3ef9","sellTxId":"4278a8693b0c125aa0b5fcb93dbc28a0761cfbf6"}
{"index": {"_index":"beer","_id":"1970796"}}
	{"id":1970796,"type":"sell","buyer":"katerinaramm","seller":"miketr","symbol":"BEER","quantity":"0.08829089","price":"0.24500000","timestamp":1636806192,"volume":"0.02163127","buyTxId":"24ce46d3240f5866245da2c1c7adedd8a75c3ef9","sellTxId":"7b6dc3bbdbdf1152edc06b8179f9387b13ee3cef"}
{"index": {"_index":"beer","_id":"1970817"}}
	{"id":1970817,"type":"sell","buyer":"roger.remix","seller":"caro-art","symbol":"BEER","quantity":"0.11250000","price":"0.19000000","timestamp":1636806450,"volume":"0.02137500","buyTxId":"d6cc9e023270a3819f329a1ea596ffcbb5d76e06","sellTxId":"1fdc4d0fbe4bca12a99699a0a68ef2dc3be5eb63"}
{"index": {"_index":"beer","_id":"1971375"}}
	{"id":1971375,"type":"buy","buyer":"detlev","seller":"miketr","symbol":"BEER","quantity":"0.10000000","price":"0.24500000","timestamp":1636811235,"volume":"0.02450000","buyTxId":"8a46dea4f0e6f19559fb886622dfaa20d24e0ff6","sellTxId":"7b6dc3bbdbdf1152edc06b8179f9387b13ee3cef"}
{"index": {"_index":"beer","_id":"1972221"}}
	{"id":1972221,"type":"sell","buyer":"detlev","seller":"misuli","symbol":"BEER","quantity":"1.00000000","price":"0.22900000","timestamp":1636818117,"volume":"0.22900000","buyTxId":"98dcf5fd89a30fee4447189226991e511ee71570","sellTxId":"d7ec6978b93b23f4ac70944564835c65cd7a9fe0"}
{"index": {"_index":"beer","_id":"1973021"}}
	{"id":1973021,"type":"sell","buyer":"detlev","seller":"eythorphoto","symbol":"BEER","quantity":"3.00000000","price":"0.22900000","timestamp":1636823031,"volume":"0.68700000","buyTxId":"98dcf5fd89a30fee4447189226991e511ee71570","sellTxId":"d83611b09b45ac697e852ac9384ae9f4b68a38c6"}
{"index": {"_index":"beer","_id":"1973087"}}
	{"id":1973087,"type":"sell","buyer":"detlev","seller":"vcelier","symbol":"BEER","quantity":"0.84500000","price":"0.22900000","timestamp":1636823379,"volume":"0.19350500","buyTxId":"98dcf5fd89a30fee4447189226991e511ee71570","sellTxId":"c40d5b452f94857d55e13dc1bf8ba6a1ce5dc7ad"}
{"index": {"_index":"beer","_id":"1973518"}}
	{"id":1973518,"type":"sell","buyer":"detlev","seller":"lotto-de","symbol":"BEER","quantity":"7.00000000","price":"0.22900000","timestamp":1636825779,"volume":"1.60300000","buyTxId":"98dcf5fd89a30fee4447189226991e511ee71570","sellTxId":"f0834ffe201ccd973c2309a616cdce24bf7cec43"}
{"index": {"_index":"beer","_id":"1974578"}}
	{"id":1974578,"type":"sell","buyer":"detlev","seller":"nyxlabs","symbol":"BEER","quantity":"0.15500000","price":"0.22900000","timestamp":1636834284,"volume":"0.03549500","buyTxId":"98dcf5fd89a30fee4447189226991e511ee71570","sellTxId":"12c6e6cc30ab07153af0ec4412c1fb6bd327b5f1"}
{"index": {"_index":"beer","_id":"1975094"}}
	{"id":1975094,"type":"sell","buyer":"roger.remix","seller":"fantasycrypto","symbol":"BEER","quantity":"0.32500000","price":"0.19000000","timestamp":1636837113,"volume":"0.06175000","buyTxId":"d6cc9e023270a3819f329a1ea596ffcbb5d76e06","sellTxId":"9fdc337168bfb14c99aa5d762db161457b963709"}
{"index": {"_index":"beer","_id":"1975390"}}
	{"id":1975390,"type":"sell","buyer":"roger.remix","seller":"jjprac","symbol":"BEER","quantity":"0.04228614","price":"0.19000000","timestamp":1636839495,"volume":"0.00803437","buyTxId":"d6cc9e023270a3819f329a1ea596ffcbb5d76e06","sellTxId":"ab533d5983905fd0e5b8b1e1aa91ac9adcb7b17a"}
{"index": {"_index":"beer","_id":"1976614"}}
	{"id":1976614,"type":"sell","buyer":"roger.remix","seller":"eythorphoto","symbol":"BEER","quantity":"0.01200000","price":"0.17500000","timestamp":1636850319,"volume":"0.00210000","buyTxId":"1dd3626a37f035ddf2f97e2d54cb88ac85a811de","sellTxId":"69a662535feafb8aa5344be9ab8bb3e6c9c8ebfc"}
{"index": {"_index":"beer","_id":"1976926"}}
	{"id":1976926,"type":"sell","buyer":"roger.remix","seller":"justinparke","symbol":"BEER","quantity":"0.7985","price":"0.17500000","timestamp":1636853052,"volume":"0.13973750","buyTxId":"1dd3626a37f035ddf2f97e2d54cb88ac85a811de","sellTxId":"1e85c288e62583e7b9d26fab2d1eab1dabeae4b8"}
{"index": {"_index":"beer","_id":"1977524"}}
	{"id":1977524,"type":"sell","buyer":"roger.remix","seller":"mafia.wallet","symbol":"BEER","quantity":"0.036","price":"0.17500000","timestamp":1636859652,"volume":"0.00630000","buyTxId":"1dd3626a37f035ddf2f97e2d54cb88ac85a811de","sellTxId":"1cdb4bf16700628f6a1c2c5d9166afc4bd303274-2"}
