{"index": {"_index":"beer","_id":"4115259"}}
	{"id":4115259,"type":"sell","buyer":"exator","seller":"andy4475","symbol":"BEER","quantity":"0.24545431","price":"0.02200000","timestamp":1660263309,"volume":"0.00539999","buyTxId":"00582a5eb22749468c8ff5e33df8bbd2f5e6e2bc","sellTxId":"19e3f19551e9bbc35aab96e83d4a83647ce7ccb1"}
{"index": {"_index":"beer","_id":"4116635"}}
	{"id":4116635,"type":"sell","buyer":"exator","seller":"crypto-futurist","symbol":"BEER","quantity":"0.00100000","price":"0.02200000","timestamp":1660283700,"volume":"0.00002200","buyTxId":"00582a5eb22749468c8ff5e33df8bbd2f5e6e2bc","sellTxId":"ff3d2faaa00728f7d18bd3706a06e94361fd41e7"}
{"index": {"_index":"beer","_id":"4116791"}}
	{"id":4116791,"type":"sell","buyer":"exator","seller":"whiteboy1234","symbol":"BEER","quantity":"0.02621867","price":"0.02200000","timestamp":1660286178,"volume":"0.00057681","buyTxId":"00582a5eb22749468c8ff5e33df8bbd2f5e6e2bc","sellTxId":"f6b6a75fad722842889b5265f5cecebcfea46c25"}
{"index": {"_index":"beer","_id":"4116872"}}
	{"id":4116872,"type":"buy","buyer":"fon","seller":"roger.remix","symbol":"BEER","quantity":"6.00000000","price":"0.07311100","timestamp":1660286913,"volume":"0.43866600","buyTxId":"45d397e61095c00583878a06da5f28622d93b256","sellTxId":"f89977e462b261f071518ed1e5fda48217162064"}
{"index": {"_index":"beer","_id":"4116884"}}
	{"id":4116884,"type":"buy","buyer":"fon","seller":"roger.remix","symbol":"BEER","quantity":"0.82934500","price":"0.08210000","timestamp":1660287033,"volume":"0.06808922","buyTxId":"b13bbc9fffc2bc8befd2042689a45335ef91c244","sellTxId":"2dfdb06b33d319441488a5322259cbd04541602c"}
{"index": {"_index":"beer","_id":"4116887"}}
	{"id":4116887,"type":"buy","buyer":"fon","seller":"roger.remix","symbol":"BEER","quantity":"0.00000011","price":"0.08210000","timestamp":1660287060,"volume":"0.00000001","buyTxId":"98bb948654c73a6862bf7d3ce7a9d0f2c4319e55","sellTxId":"2dfdb06b33d319441488a5322259cbd04541602c"}
{"index": {"_index":"beer","_id":"4116888"}}
	{"id":4116888,"type":"buy","buyer":"fon","seller":"onlydoge","symbol":"BEER","quantity":"0.09999989","price":"0.09109900","timestamp":1660287060,"volume":"0.00910989","buyTxId":"98bb948654c73a6862bf7d3ce7a9d0f2c4319e55","sellTxId":"7015658d229c9e61462e7b50dd024cb563388d01"}
{"index": {"_index":"beer","_id":"4117346"}}
	{"id":4117346,"type":"sell","buyer":"fon","seller":"hive.phyowinkoko","symbol":"BEER","quantity":"19.93092418","price":"0.08299000","timestamp":1660294638,"volume":"1.65406740","buyTxId":"3ae2a59b9c3c6cb04f19561dd736004b41ae4222","sellTxId":"284172925e356178765f4078c38cd84f8ce1a50c"}
{"index": {"_index":"beer","_id":"4117356"}}
	{"id":4117356,"type":"sell","buyer":"fon","seller":"learningenglish","symbol":"BEER","quantity":"11.06907500","price":"0.08299000","timestamp":1660294917,"volume":"0.91862253","buyTxId":"3ae2a59b9c3c6cb04f19561dd736004b41ae4222","sellTxId":"90c8c20f9cc99e63f960e86dc129f92c56bb249a"}
{"index": {"_index":"beer","_id":"4117377"}}
	{"id":4117377,"type":"sell","buyer":"fon","seller":"learningenglish","symbol":"BEER","quantity":"0.00000082","price":"0.08299000","timestamp":1660295238,"volume":"0.00000007","buyTxId":"3ae2a59b9c3c6cb04f19561dd736004b41ae4222","sellTxId":"671e29c48d662f16ba03ecfdc569520d1bd51e5d"}
{"index": {"_index":"beer","_id":"4117378"}}
	{"id":4117378,"type":"sell","buyer":"fon","seller":"learningenglish","symbol":"BEER","quantity":"9.39243028","price":"0.07621000","timestamp":1660295238,"volume":"0.71579711","buyTxId":"e928f2303f49c43372864ecbcf858da89d4d3300","sellTxId":"671e29c48d662f16ba03ecfdc569520d1bd51e5d"}
{"index": {"_index":"beer","_id":"4118046"}}
	{"id":4118046,"type":"sell","buyer":"fon","seller":"steemstreems","symbol":"BEER","quantity":"0.006","price":"0.07621000","timestamp":1660306062,"volume":"0.00045726","buyTxId":"e928f2303f49c43372864ecbcf858da89d4d3300","sellTxId":"cfbc1b5251c94662a22d4c86e94a71b31192e92b"}
{"index": {"_index":"beer","_id":"4118294"}}
	{"id":4118294,"type":"sell","buyer":"fon","seller":"jsynnthagr8","symbol":"BEER","quantity":"0.01238554","price":"0.07621000","timestamp":1660310475,"volume":"0.00094390","buyTxId":"e928f2303f49c43372864ecbcf858da89d4d3300","sellTxId":"0bda36eeaf0dbf6020fdad756a96e5761a1283ea"}
{"index": {"_index":"beer","_id":"4118438"}}
	{"id":4118438,"type":"sell","buyer":"fon","seller":"exator","symbol":"BEER","quantity":"0.27267298","price":"0.07621000","timestamp":1660312758,"volume":"0.02078041","buyTxId":"e928f2303f49c43372864ecbcf858da89d4d3300","sellTxId":"4ad0c8d59efab1d0ea6a07ec32f9b109b3c3fd56"}
{"index": {"_index":"beer","_id":"4118470"}}
	{"id":4118470,"type":"sell","buyer":"fon","seller":"phortun","symbol":"BEER","quantity":"0.3","price":"0.07621000","timestamp":1660313472,"volume":"0.02286300","buyTxId":"e928f2303f49c43372864ecbcf858da89d4d3300","sellTxId":"87cd407c45978f3b9dcb37e4b8aa7c2bc7ad58ef"}
{"index": {"_index":"beer","_id":"4118874"}}
	{"id":4118874,"type":"sell","buyer":"fon","seller":"methus","symbol":"BEER","quantity":"23.01651120","price":"0.07621000","timestamp":1660319487,"volume":"1.75408832","buyTxId":"e928f2303f49c43372864ecbcf858da89d4d3300","sellTxId":"46a1a0d977a601b34aec547f3be62e864ea5c920"}
{"index": {"_index":"beer","_id":"4118875"}}
	{"id":4118875,"type":"sell","buyer":"fon","seller":"methus","symbol":"BEER","quantity":"34.00000000","price":"0.07200000","timestamp":1660319508,"volume":"2.44800000","buyTxId":"2b88a767462f30f880b42dad2d32dc286e8bbc65","sellTxId":"9eec3544bb5d86fbc25510957d6142943f3fdbd9"}
{"index": {"_index":"beer","_id":"4119008"}}
	{"id":4119008,"type":"sell","buyer":"methus","seller":"lrekt01","symbol":"BEER","quantity":"0.03118901","price":"0.02200020","timestamp":1660320315,"volume":"0.00068616","buyTxId":"58c8efbbd9297bff40546915328905f0bc67894c","sellTxId":"fc04aacd19f39bc16c3e017164a0df12b62eff62"}
{"index": {"_index":"beer","_id":"4120426"}}
	{"id":4120426,"type":"sell","buyer":"methus","seller":"catotune","symbol":"BEER","quantity":"1.07100000","price":"0.02200030","timestamp":1660340643,"volume":"0.02356232","buyTxId":"e7da1449dbcd9a7aab0afe6dfa2db76e20707573","sellTxId":"fd8356cebb3c56b13dd4db274b9de7da59969c13"}
