{"index": {"_index":"beer","_id":"4133569"}}
	{"id":4133569,"type":"sell","buyer":"detlev","seller":"methus","symbol":"BEER","quantity":"43.67550000","price":"0.08100000","timestamp":1660523490,"volume":"3.53771550","buyTxId":"ccabfae295f3295a9dd3785cbfe6c046e48a0f0d","sellTxId":"2cd74544a0c0a65e005892a21e612d0a00abb5c6"}
{"index": {"_index":"beer","_id":"4133570"}}
	{"id":4133570,"type":"sell","buyer":"master-lamps","seller":"methus","symbol":"BEER","quantity":"3.57210845","price":"0.07500001","timestamp":1660523490,"volume":"0.26790817","buyTxId":"9756ae2cc8c8167776c5f2da41714a1920175f70","sellTxId":"2cd74544a0c0a65e005892a21e612d0a00abb5c6"}
{"index": {"_index":"beer","_id":"4133571"}}
	{"id":4133571,"type":"sell","buyer":"detlev","seller":"methus","symbol":"BEER","quantity":"6.22680155","price":"0.07500000","timestamp":1660523490,"volume":"0.46701012","buyTxId":"5b67075aa24bec87780123e946ded7d17f5b5cad","sellTxId":"2cd74544a0c0a65e005892a21e612d0a00abb5c6"}
{"index": {"_index":"beer","_id":"4133579"}}
	{"id":4133579,"type":"sell","buyer":"detlev","seller":"methus","symbol":"BEER","quantity":"47.24760845","price":"0.07500000","timestamp":1660523553,"volume":"3.54357063","buyTxId":"5b67075aa24bec87780123e946ded7d17f5b5cad","sellTxId":"ff4d82e430663146005e2c2835ac8d039d61ce3f"}
{"index": {"_index":"beer","_id":"4134391"}}
	{"id":4134391,"type":"sell","buyer":"methus","seller":"mafia.wallet","symbol":"BEER","quantity":"0.031","price":"0.02410000","timestamp":1660534557,"volume":"0.00074710","buyTxId":"2f39d80ee66d19a2ff8969d41eeaf467335fe926","sellTxId":"af14d0cc93f5918631ca2e73629386813b6a212c-2"}
{"index": {"_index":"beer","_id":"4134822"}}
	{"id":4134822,"type":"sell","buyer":"methus","seller":"crypto-futurist","symbol":"BEER","quantity":"0.00400000","price":"0.02410000","timestamp":1660542309,"volume":"0.00009640","buyTxId":"2f39d80ee66d19a2ff8969d41eeaf467335fe926","sellTxId":"c1a659d14fa4a54a7cf90436023f05fa6999279d"}
{"index": {"_index":"beer","_id":"4134923"}}
	{"id":4134923,"type":"buy","buyer":"sinjinn","seller":"master-lamps","symbol":"BEER","quantity":"3.59110845","price":"0.08999899","timestamp":1660544166,"volume":"0.32319613","buyTxId":"4030a7739efb6f0c1862bb059e867e6a22ebe231","sellTxId":"acb95bda90e7a17bd6aacef35145ff2e3b7a8450"}
{"index": {"_index":"beer","_id":"4134924"}}
	{"id":4134924,"type":"buy","buyer":"sinjinn","seller":"onlydoge","symbol":"BEER","quantity":"1.40889155","price":"0.08999900","timestamp":1660544166,"volume":"0.12679883","buyTxId":"4030a7739efb6f0c1862bb059e867e6a22ebe231","sellTxId":"ebed663cbd7c13c3c37331abe395507445b24589"}
{"index": {"_index":"beer","_id":"4135056"}}
	{"id":4135056,"type":"buy","buyer":"detlev","seller":"lightcaptured","symbol":"BEER","quantity":"1.05227400","price":"0.05000000","timestamp":1660546236,"volume":"0.05261370","buyTxId":"76b5095c8683ac70d736c1703b693bfb063692d5","sellTxId":"9e467081b4a2ca07be9ef3a95de074e05c934642"}
{"index": {"_index":"beer","_id":"4135060"}}
	{"id":4135060,"type":"buy","buyer":"detlev","seller":"lightcaptured","symbol":"BEER","quantity":"0.00000091","price":"0.05000000","timestamp":1660546269,"volume":"0.00000005","buyTxId":"16d78504f82d02abaa46de84f3913a5fcc726bc1","sellTxId":"9e467081b4a2ca07be9ef3a95de074e05c934642"}
{"index": {"_index":"beer","_id":"4135065"}}
	{"id":4135065,"type":"buy","buyer":"detlev","seller":"onlydoge","symbol":"BEER","quantity":"0.10000000","price":"0.08999900","timestamp":1660546329,"volume":"0.00899990","buyTxId":"eadc4513136d48c4a8aada39b8147bc91c469545","sellTxId":"ebed663cbd7c13c3c37331abe395507445b24589"}
{"index": {"_index":"beer","_id":"4135951"}}
	{"id":4135951,"type":"sell","buyer":"detlev","seller":"soulsdetour","symbol":"BEER","quantity":"1.51098550","price":"0.08100000","timestamp":1660560510,"volume":"0.12238983","buyTxId":"16d78504f82d02abaa46de84f3913a5fcc726bc1","sellTxId":"5e0c722b8790e9b33e3ec7e162f02af412f61a68"}
{"index": {"_index":"beer","_id":"4136643"}}
	{"id":4136643,"type":"sell","buyer":"detlev","seller":"onealfa","symbol":"BEER","quantity":"0.046","price":"0.08100000","timestamp":1660568499,"volume":"0.00372600","buyTxId":"16d78504f82d02abaa46de84f3913a5fcc726bc1","sellTxId":"48523498548769187088c1f34f87e84d379c3e0c"}
{"index": {"_index":"beer","_id":"4137060"}}
	{"id":4137060,"type":"sell","buyer":"detlev","seller":"chireerocks","symbol":"BEER","quantity":"1.44301359","price":"0.08100000","timestamp":1660572615,"volume":"0.11688410","buyTxId":"16d78504f82d02abaa46de84f3913a5fcc726bc1","sellTxId":"65233a809da418d0272c10881375345fbe0fa0a1"}
{"index": {"_index":"beer","_id":"4137319"}}
	{"id":4137319,"type":"sell","buyer":"wine-token","seller":"manuelgil64","symbol":"BEER","quantity":"0.06250000","price":"0.02430000","timestamp":1660575390,"volume":"0.00151875","buyTxId":"f56fe2a11a5370ae28d5d916bc86a40d5f1ab45c","sellTxId":"26924601dcaeb9b41e6d8ad9b4057cfc9089218e"}
{"index": {"_index":"beer","_id":"4137921"}}
	{"id":4137921,"type":"sell","buyer":"wine-token","seller":"steemstreems","symbol":"BEER","quantity":"0.006","price":"0.02430000","timestamp":1660583439,"volume":"0.00014580","buyTxId":"f56fe2a11a5370ae28d5d916bc86a40d5f1ab45c","sellTxId":"228bf59ff6b704ca2ba08a85bbb15ff19fabadf1"}
{"index": {"_index":"beer","_id":"4138053"}}
	{"id":4138053,"type":"sell","buyer":"wine-token","seller":"dec.entralized","symbol":"BEER","quantity":"0.01250000","price":"0.02430000","timestamp":1660585923,"volume":"0.00030375","buyTxId":"f56fe2a11a5370ae28d5d916bc86a40d5f1ab45c","sellTxId":"a27e21c48c0692885e5ea32c9de121ec931cbf48"}
{"index": {"_index":"beer","_id":"4138071"}}
	{"id":4138071,"type":"sell","buyer":"wine-token","seller":"poliwalt10","symbol":"BEER","quantity":"0.14600000","price":"0.02430000","timestamp":1660586208,"volume":"0.00354780","buyTxId":"f56fe2a11a5370ae28d5d916bc86a40d5f1ab45c","sellTxId":"ef60d1b5cf82a3f7f0a165f0872104f5b429033f"}
{"index": {"_index":"beer","_id":"4138798"}}
	{"id":4138798,"type":"buy","buyer":"frugal-fun","seller":"master-lamps","symbol":"BEER","quantity":"0.01900000","price":"0.08099999","timestamp":1660593903,"volume":"0.00153900","buyTxId":"401dcd9d132c26c85d9fb8d16b937b707ee301be","sellTxId":"ac17400cbcaf59ce4c6a53ec56ad9f3d8b46faf7"}
{"index": {"_index":"beer","_id":"4138799"}}
	{"id":4138799,"type":"buy","buyer":"frugal-fun","seller":"chireerocks","symbol":"BEER","quantity":"0.89121867","price":"0.08100000","timestamp":1660593903,"volume":"0.07218871","buyTxId":"401dcd9d132c26c85d9fb8d16b937b707ee301be","sellTxId":"65233a809da418d0272c10881375345fbe0fa0a1"}
{"index": {"_index":"beer","_id":"4138800"}}
	{"id":4138800,"type":"buy","buyer":"frugal-fun","seller":"onlydoge","symbol":"BEER","quantity":"0.59978133","price":"0.08999900","timestamp":1660593903,"volume":"0.05397972","buyTxId":"401dcd9d132c26c85d9fb8d16b937b707ee301be","sellTxId":"ebed663cbd7c13c3c37331abe395507445b24589"}
{"index": {"_index":"beer","_id":"4138866"}}
	{"id":4138866,"type":"sell","buyer":"master-lamps","seller":"dswap","symbol":"BEER","quantity":"0.11484698","price":"0.02430001","timestamp":1660594485,"volume":"0.00279078","buyTxId":"b794a3cce0ed0de1977cc8f570dc0207d510e1fd","sellTxId":"35de7402c6d53ba9ce4c966ef18db86d2b028e7a"}
{"index": {"_index":"beer","_id":"4139027"}}
	{"id":4139027,"type":"sell","buyer":"master-lamps","seller":"monsterjamgold","symbol":"BEER","quantity":"4.26656019","price":"0.02430001","timestamp":1660596177,"volume":"0.10367746","buyTxId":"b794a3cce0ed0de1977cc8f570dc0207d510e1fd","sellTxId":"608adc9ad199653d408d0238409951fd4b314b1d"}
{"index": {"_index":"beer","_id":"4139590"}}
	{"id":4139590,"type":"buy","buyer":"detlev","seller":"master-lamps","symbol":"BEER","quantity":"0.11484600","price":"0.08999800","timestamp":1660602738,"volume":"0.01033591","buyTxId":"3bc856a2885fa751267b81d82fec6298088a66a3","sellTxId":"eb6904ffb1e98690a332bd5239677d598020c4ad"}
{"index": {"_index":"beer","_id":"4139984"}}
	{"id":4139984,"type":"sell","buyer":"maryjane.main","seller":"fantasycrypto","symbol":"BEER","quantity":"1.35500000","price":"0.02550100","timestamp":1660607304,"volume":"0.03455386","buyTxId":"52d5b60ef02f72abd7eec946c54d493a83fa256a","sellTxId":"08c43513c4e0477cf2da2972f653e1e102f0d52c"}
