{"index": {"_index":"beer","_id":"2936655"}}
	{"id":2936655,"type":"sell","buyer":"master-lamps","seller":"cjturtleman","symbol":"BEER","quantity":"2.80000000","price":"0.12800001","timestamp":1646792211,"volume":"0.35840003","buyTxId":"d5acdb2c72094d6412f8eedc412c99b21674ccc4","sellTxId":"ced66c8feae8e1581ce6cbb326098f7091b5b358"}
{"index": {"_index":"beer","_id":"2937207"}}
	{"id":2937207,"type":"sell","buyer":"master-lamps","seller":"mafia.wallet","symbol":"BEER","quantity":"0.069","price":"0.12800001","timestamp":1646799891,"volume":"0.00883200","buyTxId":"d5acdb2c72094d6412f8eedc412c99b21674ccc4","sellTxId":"762b839192a2e90a4117a7b7a5205f6d2c07faf3-3"}
{"index": {"_index":"beer","_id":"2937438"}}
	{"id":2937438,"type":"sell","buyer":"master-lamps","seller":"alexanderfluke","symbol":"BEER","quantity":"0.01250000","price":"0.12800001","timestamp":1646805156,"volume":"0.00160000","buyTxId":"d5acdb2c72094d6412f8eedc412c99b21674ccc4","sellTxId":"7df2a80627e1e5f8f4ceea09834de3750985e498"}
{"index": {"_index":"beer","_id":"2937888"}}
	{"id":2937888,"type":"sell","buyer":"master-lamps","seller":"itharagaian","symbol":"BEER","quantity":"0.00100000","price":"0.12800001","timestamp":1646812953,"volume":"0.00012800","buyTxId":"d5acdb2c72094d6412f8eedc412c99b21674ccc4","sellTxId":"b6ed5d927b44cfcbda47f7ff1f7934509439eda9"}
{"index": {"_index":"beer","_id":"2938873"}}
	{"id":2938873,"type":"sell","buyer":"master-lamps","seller":"networkallstar","symbol":"BEER","quantity":"0.21250000","price":"0.12800001","timestamp":1646827164,"volume":"0.02720000","buyTxId":"d5acdb2c72094d6412f8eedc412c99b21674ccc4","sellTxId":"162c2367070e2e7dbb604c11c03666faffc7638c"}
{"index": {"_index":"beer","_id":"2939520"}}
	{"id":2939520,"type":"sell","buyer":"dontcare89","seller":"metsaloomad","symbol":"BEER","quantity":"0.13960650","price":"0.13000000","timestamp":1646835387,"volume":"0.01814885","buyTxId":"e28354f2a006cb26c2a196f711492e4dfbbdf7db","sellTxId":"f92a2551f904c7fc36783642f823096a5983bd50"}
{"index": {"_index":"beer","_id":"2939748"}}
	{"id":2939748,"type":"buy","buyer":"ww-ww","seller":"hairyfairy","symbol":"BEER","quantity":"2.00000000","price":"0.19500000","timestamp":1646837649,"volume":"0.39000000","buyTxId":"f227be98c53704521cdd2eee23a53686d34cc517","sellTxId":"654b884c4eb2132062c9384a49554508688fbe89"}
{"index": {"_index":"beer","_id":"2939749"}}
	{"id":2939749,"type":"buy","buyer":"ww-ww","seller":"libertycrypto27","symbol":"BEER","quantity":"1.79900000","price":"0.19500000","timestamp":1646837649,"volume":"0.35080500","buyTxId":"f227be98c53704521cdd2eee23a53686d34cc517","sellTxId":"e79f21efadcf0ffca939910300d94735899fc847"}
{"index": {"_index":"beer","_id":"2939750"}}
	{"id":2939750,"type":"buy","buyer":"ww-ww","seller":"master-lamps","symbol":"BEER","quantity":"0.01700000","price":"0.19781145","timestamp":1646837649,"volume":"0.00336279","buyTxId":"f227be98c53704521cdd2eee23a53686d34cc517","sellTxId":"3334890a181b74de194e882a180e82647c44d8c2"}
{"index": {"_index":"beer","_id":"2939751"}}
	{"id":2939751,"type":"buy","buyer":"ww-ww","seller":"master-lamps","symbol":"BEER","quantity":"2.18400000","price":"0.19781145","timestamp":1646837649,"volume":"0.43202021","buyTxId":"f227be98c53704521cdd2eee23a53686d34cc517","sellTxId":"269f087ea5af4f074b85680c75406d09c9cfc0b1"}
{"index": {"_index":"beer","_id":"2939752"}}
	{"id":2939752,"type":"buy","buyer":"ww-ww","seller":"master-lamps","symbol":"BEER","quantity":"0.61600000","price":"0.19781145","timestamp":1646837679,"volume":"0.12185185","buyTxId":"b8cfff0bd856839eeb6199136a9bbe3956da7d74","sellTxId":"269f087ea5af4f074b85680c75406d09c9cfc0b1"}
{"index": {"_index":"beer","_id":"2939753"}}
	{"id":2939753,"type":"buy","buyer":"ww-ww","seller":"master-lamps","symbol":"BEER","quantity":"0.08150000","price":"0.19781145","timestamp":1646837679,"volume":"0.01612163","buyTxId":"b8cfff0bd856839eeb6199136a9bbe3956da7d74","sellTxId":"b85b9042e6b56b3723865014d6248ee4099cf375"}
{"index": {"_index":"beer","_id":"2939754"}}
	{"id":2939754,"type":"buy","buyer":"ww-ww","seller":"jellycz","symbol":"BEER","quantity":"10.44934000","price":"0.19781149","timestamp":1646837679,"volume":"2.06699951","buyTxId":"b8cfff0bd856839eeb6199136a9bbe3956da7d74","sellTxId":"5e6b3b60b3f21499fbfc273e6a403f1d1880e6d2"}
{"index": {"_index":"beer","_id":"2939756"}}
	{"id":2939756,"type":"buy","buyer":"ww-ww","seller":"jellycz","symbol":"BEER","quantity":"0.69750098","price":"0.19781149","timestamp":1646837733,"volume":"0.13797371","buyTxId":"f9af19e3988d3eb832c2a650648ed0c2e0dcb12d","sellTxId":"5e6b3b60b3f21499fbfc273e6a403f1d1880e6d2"}
{"index": {"_index":"beer","_id":"2939757"}}
	{"id":2939757,"type":"buy","buyer":"ww-ww","seller":"yaluna","symbol":"BEER","quantity":"3.30249902","price":"0.19799000","timestamp":1646837733,"volume":"0.65386178","buyTxId":"f9af19e3988d3eb832c2a650648ed0c2e0dcb12d","sellTxId":"7f1e960e5a7cee4a3bc7b4897c811c79ade0127f"}
{"index": {"_index":"beer","_id":"2939762"}}
	{"id":2939762,"type":"buy","buyer":"ww-ww","seller":"yaluna","symbol":"BEER","quantity":"1.69750000","price":"0.19799000","timestamp":1646837808,"volume":"0.33608803","buyTxId":"7d2a2f05fcbaa20ef2a29604a074fcb06f25257c","sellTxId":"7f1e960e5a7cee4a3bc7b4897c811c79ade0127f"}
{"index": {"_index":"beer","_id":"2939763"}}
	{"id":2939763,"type":"buy","buyer":"ww-ww","seller":"yaluna","symbol":"BEER","quantity":"0.00000098","price":"0.19799000","timestamp":1646837862,"volume":"0.00000019","buyTxId":"b0fdd79d96d1721bf9d112b6ee7436f4e034778c","sellTxId":"7f1e960e5a7cee4a3bc7b4897c811c79ade0127f"}
{"index": {"_index":"beer","_id":"2939764"}}
	{"id":2939764,"type":"buy","buyer":"ww-ww","seller":"gastontrussi","symbol":"BEER","quantity":"3.19999902","price":"0.19800000","timestamp":1646837862,"volume":"0.63359981","buyTxId":"b0fdd79d96d1721bf9d112b6ee7436f4e034778c","sellTxId":"1ed2f6cf7f808873c0ff71c7af5ca5d7d8db94e4"}
{"index": {"_index":"beer","_id":"2939825"}}
	{"id":2939825,"type":"sell","buyer":"dontcare89","seller":"blumela","symbol":"BEER","quantity":"1.80000000","price":"0.13000000","timestamp":1646838870,"volume":"0.23400000","buyTxId":"e28354f2a006cb26c2a196f711492e4dfbbdf7db","sellTxId":"1d79195fe2bcaa902d08e536b125839844afe7e0"}
{"index": {"_index":"beer","_id":"2941223"}}
	{"id":2941223,"type":"sell","buyer":"master-lamps","seller":"jjprac","symbol":"BEER","quantity":"1.07035922","price":"0.13000001","timestamp":1646852601,"volume":"0.13914671","buyTxId":"5b7067259fc0ce63c19e1d0b136af9c4ac97da60","sellTxId":"88a25bbae2bdcc917df0b4b5406bb344222ed286"}
{"index": {"_index":"beer","_id":"2941308"}}
	{"id":2941308,"type":"sell","buyer":"master-lamps","seller":"automaton","symbol":"BEER","quantity":"0.32600000","price":"0.13000001","timestamp":1646853501,"volume":"0.04238000","buyTxId":"5b7067259fc0ce63c19e1d0b136af9c4ac97da60","sellTxId":"c2b4b26415921910eb70ea3bed36a79635f9dd2b"}
{"index": {"_index":"beer","_id":"2942634"}}
	{"id":2942634,"type":"sell","buyer":"maryjane.main","seller":"mafia.wallet","symbol":"BEER","quantity":"0.022","price":"0.13100000","timestamp":1646868444,"volume":"0.00288200","buyTxId":"41c43ab04ed7819c2d4ad1c9b140e571ef985d3b","sellTxId":"de5d11a3ada01d61ada0e0762020a78d0f42ee71-3"}
{"index": {"_index":"beer","_id":"2942655"}}
	{"id":2942655,"type":"sell","buyer":"maryjane.main","seller":"steemstreems","symbol":"BEER","quantity":"0.01","price":"0.13100000","timestamp":1646868804,"volume":"0.00131000","buyTxId":"41c43ab04ed7819c2d4ad1c9b140e571ef985d3b","sellTxId":"057ff2afa9b12c78c0c4ff80e7403425a590b73d"}
{"index": {"_index":"beer","_id":"2943246"}}
	{"id":2943246,"type":"sell","buyer":"maryjane.main","seller":"nrg","symbol":"BEER","quantity":"0.53400000","price":"0.13100000","timestamp":1646871942,"volume":"0.06995400","buyTxId":"41c43ab04ed7819c2d4ad1c9b140e571ef985d3b","sellTxId":"ae62f550d7e7c93b63b40122afd237636f18c955-6"}
{"index": {"_index":"beer","_id":"2943524"}}
	{"id":2943524,"type":"sell","buyer":"maryjane.main","seller":"shield.banker","symbol":"BEER","quantity":"8.55800000","price":"0.13100000","timestamp":1646875074,"volume":"1.12109800","buyTxId":"41c43ab04ed7819c2d4ad1c9b140e571ef985d3b","sellTxId":"67103ddc3267cba43dc7393e65b32dfd69f4cb2c"}
