{"index": {"_index":"beer","_id":"2241126"}}
	{"id":2241126,"type":"sell","buyer":"cloudblade","seller":"rishi556","symbol":"BEER","quantity":"0.42175311","price":"0.09251000","timestamp":1639202634,"volume":"0.03901638","buyTxId":"1beb4b28bf983084468b1107152f714d5fbbcef8","sellTxId":"969f185fb39382b4f524dd93ef21392953f34111-2"}
{"index": {"_index":"beer","_id":"2241137"}}
	{"id":2241137,"type":"sell","buyer":"cloudblade","seller":"mafia.wallet","symbol":"BEER","quantity":"0.297","price":"0.09251000","timestamp":1639202637,"volume":"0.02747547","buyTxId":"1beb4b28bf983084468b1107152f714d5fbbcef8","sellTxId":"bc9e4c2f1d5e75bf138cdb79aa616e048a8f479a-3"}
{"index": {"_index":"beer","_id":"2241253"}}
	{"id":2241253,"type":"sell","buyer":"cloudblade","seller":"justinparke","symbol":"BEER","quantity":"0.7365","price":"0.09251000","timestamp":1639203024,"volume":"0.06813362","buyTxId":"1beb4b28bf983084468b1107152f714d5fbbcef8","sellTxId":"da4b914ee9b5655ff07f75f454b4cacdbd30997c"}
{"index": {"_index":"beer","_id":"2241857"}}
	{"id":2241857,"type":"sell","buyer":"cloudblade","seller":"fantasycrypto","symbol":"BEER","quantity":"0.66800000","price":"0.09251000","timestamp":1639205895,"volume":"0.06179668","buyTxId":"1beb4b28bf983084468b1107152f714d5fbbcef8","sellTxId":"449fa59fe98aa6c0ce9e072ac4b1a4574290ed85"}
{"index": {"_index":"beer","_id":"2242779"}}
	{"id":2242779,"type":"sell","buyer":"cloudblade","seller":"natti","symbol":"BEER","quantity":"3.12400000","price":"0.09251000","timestamp":1639212477,"volume":"0.28900124","buyTxId":"1beb4b28bf983084468b1107152f714d5fbbcef8","sellTxId":"e58b941e807446575b795525699649f5081d72a6"}
{"index": {"_index":"beer","_id":"2243972"}}
	{"id":2243972,"type":"sell","buyer":"cloudblade","seller":"technocrypton","symbol":"BEER","quantity":"6.36586376","price":"0.09251000","timestamp":1639221888,"volume":"0.58890606","buyTxId":"1beb4b28bf983084468b1107152f714d5fbbcef8","sellTxId":"6fbec90b99a2c3fe47b4c423ea1b3b787cfb6526"}
{"index": {"_index":"beer","_id":"2244285"}}
	{"id":2244285,"type":"sell","buyer":"cloudblade","seller":"eythorphoto","symbol":"BEER","quantity":"4.26267910","price":"0.09251000","timestamp":1639224816,"volume":"0.39434044","buyTxId":"1beb4b28bf983084468b1107152f714d5fbbcef8","sellTxId":"34a5dffe7f2fbf6ccc89379ca02537512181eb60"}
{"index": {"_index":"beer","_id":"2244943"}}
	{"id":2244943,"type":"sell","buyer":"cloudblade","seller":"itharagaian","symbol":"BEER","quantity":"0.00200000","price":"0.09251000","timestamp":1639229637,"volume":"0.00018502","buyTxId":"1beb4b28bf983084468b1107152f714d5fbbcef8","sellTxId":"d5b99bc4a0823fb3ecb984846637e8efb0be32bc"}
{"index": {"_index":"beer","_id":"2245005"}}
	{"id":2245005,"type":"sell","buyer":"cloudblade","seller":"hive-143869","symbol":"BEER","quantity":"3.02590000","price":"0.09251000","timestamp":1639229994,"volume":"0.27992601","buyTxId":"1beb4b28bf983084468b1107152f714d5fbbcef8","sellTxId":"3176bd9030e4bd3b85088bfa30b57944d78c0bd6"}
{"index": {"_index":"beer","_id":"2245314"}}
	{"id":2245314,"type":"buy","buyer":"detlev","seller":"harveyword","symbol":"BEER","quantity":"0.01000000","price":"0.16900000","timestamp":1639231926,"volume":"0.00169000","buyTxId":"280fcd7b4c81bd7520fea5ba3f409332b7f552e7","sellTxId":"aa59e6fbcb5fe4fdc190cf1344a1a0a328bc38da"}
{"index": {"_index":"beer","_id":"2245316"}}
	{"id":2245316,"type":"sell","buyer":"cloudblade","seller":"candy49","symbol":"BEER","quantity":"0.02500000","price":"0.09251000","timestamp":1639231935,"volume":"0.00231275","buyTxId":"1beb4b28bf983084468b1107152f714d5fbbcef8","sellTxId":"7cfc1f8c63d222b21108eae8bb85edc16fc3cd3e"}
{"index": {"_index":"beer","_id":"2245388"}}
	{"id":2245388,"type":"buy","buyer":"detlev","seller":"harveyword","symbol":"BEER","quantity":"0.10000000","price":"0.16900000","timestamp":1639232607,"volume":"0.01690000","buyTxId":"d6d6a42bdcca250388d9730e08bff7b7672c0ce6","sellTxId":"aa59e6fbcb5fe4fdc190cf1344a1a0a328bc38da"}
{"index": {"_index":"beer","_id":"2245474"}}
	{"id":2245474,"type":"sell","buyer":"detlev","seller":"cloudblade","symbol":"BEER","quantity":"50.61158420","price":"0.15400000","timestamp":1639233261,"volume":"7.79418397","buyTxId":"1194734f630e635d28fdead415b0652e2552e30d","sellTxId":"f9c0518a6667482ec8f92a37a87fa4bf74de79ba"}
{"index": {"_index":"beer","_id":"2245479"}}
	{"id":2245479,"type":"sell","buyer":"detlev","seller":"miketr","symbol":"BEER","quantity":"10.00000000","price":"0.15400000","timestamp":1639233315,"volume":"1.54000000","buyTxId":"1194734f630e635d28fdead415b0652e2552e30d","sellTxId":"1ab6ee5a02ba1c4eb6f53dc83dff64bc9caaaab2"}
{"index": {"_index":"beer","_id":"2246040"}}
	{"id":2246040,"type":"sell","buyer":"detlev","seller":"ga-sm","symbol":"BEER","quantity":"0.02100000","price":"0.15400000","timestamp":1639237122,"volume":"0.00323400","buyTxId":"1194734f630e635d28fdead415b0652e2552e30d","sellTxId":"f80dafa98b0b4e5c243480f7597d336839790caf"}
{"index": {"_index":"beer","_id":"2246492"}}
	{"id":2246492,"type":"sell","buyer":"detlev","seller":"lotto-de","symbol":"BEER","quantity":"12.50000000","price":"0.15400000","timestamp":1639239978,"volume":"1.92500000","buyTxId":"1194734f630e635d28fdead415b0652e2552e30d","sellTxId":"e0d1ce5f181f99c8d26c10565f45328e7e0b1b43"}
{"index": {"_index":"beer","_id":"2247013"}}
	{"id":2247013,"type":"sell","buyer":"detlev","seller":"oscurity","symbol":"BEER","quantity":"4.30000000","price":"0.15400000","timestamp":1639242576,"volume":"0.66220000","buyTxId":"1194734f630e635d28fdead415b0652e2552e30d","sellTxId":"49efad9f9d552da0159ff2aadf8f7625f19507c6"}
{"index": {"_index":"beer","_id":"2247332"}}
	{"id":2247332,"type":"sell","buyer":"detlev","seller":"kushtia","symbol":"BEER","quantity":"23.45800000","price":"0.15400000","timestamp":1639244043,"volume":"3.61253200","buyTxId":"1194734f630e635d28fdead415b0652e2552e30d","sellTxId":"66824219004e0ebde252ffedf5d0d6c6ae85fecd"}
{"index": {"_index":"beer","_id":"2247604"}}
	{"id":2247604,"type":"sell","buyer":"detlev","seller":"double-eagle","symbol":"BEER","quantity":"1.40000000","price":"0.15400000","timestamp":1639246074,"volume":"0.21560000","buyTxId":"1194734f630e635d28fdead415b0652e2552e30d","sellTxId":"35e9fe74fd080d42d4bda73a5cdef2493b8347d4"}
{"index": {"_index":"beer","_id":"2248072"}}
	{"id":2248072,"type":"sell","buyer":"detlev","seller":"salimbur","symbol":"BEER","quantity":"76.72345451","price":"0.15400000","timestamp":1639248996,"volume":"11.81541199","buyTxId":"1194734f630e635d28fdead415b0652e2552e30d","sellTxId":"05f7fb99358bda3885d0914dfdeb4259b9cbbec9"}
{"index": {"_index":"beer","_id":"2248972"}}
	{"id":2248972,"type":"sell","buyer":"detlev","seller":"toofasteddie","symbol":"BEER","quantity":"11.59267260","price":"0.15400000","timestamp":1639255695,"volume":"1.78527158","buyTxId":"1194734f630e635d28fdead415b0652e2552e30d","sellTxId":"79297b1d8a3a69575fbf579ff78ecb0048416fba"}
{"index": {"_index":"beer","_id":"2249302"}}
	{"id":2249302,"type":"sell","buyer":"detlev","seller":"fraenk","symbol":"BEER","quantity":"1.73696540","price":"0.15400000","timestamp":1639258767,"volume":"0.26749267","buyTxId":"1194734f630e635d28fdead415b0652e2552e30d","sellTxId":"9833bbe933da78f344906a5e6328617a4025214c"}
{"index": {"_index":"beer","_id":"2249506"}}
	{"id":2249506,"type":"sell","buyer":"detlev","seller":"steem.services","symbol":"BEER","quantity":"1.56100000","price":"0.15400000","timestamp":1639260678,"volume":"0.24039400","buyTxId":"1194734f630e635d28fdead415b0652e2552e30d","sellTxId":"f2ebad21fc0b81dfe6fa08ec43faf559bf6ef771"}
{"index": {"_index":"beer","_id":"2249625"}}
	{"id":2249625,"type":"buy","buyer":"detlev","seller":"harveyword","symbol":"BEER","quantity":"2.21012879","price":"0.16900000","timestamp":1639261842,"volume":"0.37351177","buyTxId":"e64d5032d2f10e31e2d898a72bb288b468588eb4","sellTxId":"aa59e6fbcb5fe4fdc190cf1344a1a0a328bc38da"}
{"index": {"_index":"beer","_id":"2249869"}}
	{"id":2249869,"type":"sell","buyer":"detlev","seller":"simplegame","symbol":"BEER","quantity":"0.18037862","price":"0.15400000","timestamp":1639264131,"volume":"0.02777831","buyTxId":"1194734f630e635d28fdead415b0652e2552e30d","sellTxId":"4706bb46db03754834a802287715e21d64e0ed37"}
{"index": {"_index":"beer","_id":"2250329"}}
	{"id":2250329,"type":"buy","buyer":"detlev","seller":"hive-166168","symbol":"BEER","quantity":"0.40000000","price":"0.16900000","timestamp":1639268409,"volume":"0.06760000","buyTxId":"83a32cc107fb40a0999ee9b2d8abf0e109270121","sellTxId":"a9f7bd8fe50d23747bcfc7a99d54ff1229ace5d6"}
{"index": {"_index":"beer","_id":"2250332"}}
	{"id":2250332,"type":"buy","buyer":"detlev","seller":"brsk84","symbol":"BEER","quantity":"0.10000000","price":"0.17000000","timestamp":1639268439,"volume":"0.01700000","buyTxId":"3eb946fcbbe23952046e4e07295278968cdcfb19","sellTxId":"bc7fe48700a084162de816594c708c7d1eaee847"}
{"index": {"_index":"beer","_id":"2251601"}}
	{"id":2251601,"type":"sell","buyer":"detlev","seller":"bitcoinflood","symbol":"BEER","quantity":"0.32200000","price":"0.15400000","timestamp":1639280538,"volume":"0.04958800","buyTxId":"1194734f630e635d28fdead415b0652e2552e30d","sellTxId":"a2571e0fe6318cf060df4f2e0b2270d16259eb54"}
