{"index": {"_index":"beer","_id":"3610666"}}
	{"id":3610666,"type":"sell","buyer":"ruralio","seller":"fantasycrypto","symbol":"BEER","quantity":"1.46600000","price":"0.05681000","timestamp":1654408713,"volume":"0.08328346","buyTxId":"1f043af7cdc0cd6d34702338a0702a294c124160","sellTxId":"5bdb673b4025b45258742c0b3620231d07d2a41f"}
{"index": {"_index":"beer","_id":"3613640"}}
	{"id":3613640,"type":"sell","buyer":"ruralio","seller":"egistar","symbol":"BEER","quantity":"0.169","price":"0.05681000","timestamp":1654447008,"volume":"0.00960089","buyTxId":"1f043af7cdc0cd6d34702338a0702a294c124160","sellTxId":"366f10a08101eda468899f939551989c38b5d821"}
{"index": {"_index":"beer","_id":"3614336"}}
	{"id":3614336,"type":"sell","buyer":"ruralio","seller":"laritheghost","symbol":"BEER","quantity":"0.17635092","price":"0.05681000","timestamp":1654453821,"volume":"0.01001850","buyTxId":"1f043af7cdc0cd6d34702338a0702a294c124160","sellTxId":"81e824d2181681754589b2682d4aa0a397c35de5"}
{"index": {"_index":"beer","_id":"3614616"}}
	{"id":3614616,"type":"sell","buyer":"ruralio","seller":"crypto-futurist","symbol":"BEER","quantity":"0.00100000","price":"0.05681000","timestamp":1654456500,"volume":"0.00005681","buyTxId":"1f043af7cdc0cd6d34702338a0702a294c124160","sellTxId":"07c8c69c3a18fdc5d7589fdae2d85a79ddf2f44a"}
{"index": {"_index":"beer","_id":"3615199"}}
	{"id":3615199,"type":"sell","buyer":"ruralio","seller":"poliwalt10","symbol":"BEER","quantity":"0.11800000","price":"0.05681000","timestamp":1654463523,"volume":"0.00670358","buyTxId":"1f043af7cdc0cd6d34702338a0702a294c124160","sellTxId":"da181bf9acc1940347e442cb70c4498b6800c1f3"}
{"index": {"_index":"beer","_id":"3615239"}}
	{"id":3615239,"type":"sell","buyer":"ruralio","seller":"onealfa","symbol":"BEER","quantity":"0.339","price":"0.05681000","timestamp":1654463913,"volume":"0.01925859","buyTxId":"1f043af7cdc0cd6d34702338a0702a294c124160","sellTxId":"5d8d911944b4321189b3eb0e9a8e332c049a263d"}
{"index": {"_index":"beer","_id":"3615428"}}
	{"id":3615428,"type":"sell","buyer":"ruralio","seller":"nrg","symbol":"BEER","quantity":"0.62500422","price":"0.05681000","timestamp":1654465797,"volume":"0.03550649","buyTxId":"1f043af7cdc0cd6d34702338a0702a294c124160","sellTxId":"d6778c92471cfdb6eb9da039af5e15ab1ff65a11-4"}
{"index": {"_index":"beer","_id":"3616519"}}
	{"id":3616519,"type":"sell","buyer":"bokica80","seller":"hivediver","symbol":"BEER","quantity":"0.16182460","price":"0.05681001","timestamp":1654479345,"volume":"0.00919326","buyTxId":"fdaab245b8d18d14689cfb73b152c297e6badec9","sellTxId":"3b6de295ca230aca5fbdcfa816241ad66e4c3c03"}
{"index": {"_index":"beer","_id":"3616536"}}
	{"id":3616536,"type":"sell","buyer":"bokica80","seller":"eythorphoto","symbol":"BEER","quantity":"1.73789087","price":"0.05681001","timestamp":1654479522,"volume":"0.09872960","buyTxId":"fdaab245b8d18d14689cfb73b152c297e6badec9","sellTxId":"a7a850b42d1f4dd3bb818e0264b557ca28961612"}
{"index": {"_index":"beer","_id":"3616646"}}
	{"id":3616646,"type":"sell","buyer":"bokica80","seller":"alucian","symbol":"BEER","quantity":"1.63107603","price":"0.05681001","timestamp":1654480920,"volume":"0.09266145","buyTxId":"fdaab245b8d18d14689cfb73b152c297e6badec9","sellTxId":"3a74ef887864b72c897f58f38d16903fd4f836b1"}
