{"index": {"_index":"beer","_id":"1093706"}}
	{"id":1093706,"type":"sell","buyer":"detlev","seller":"cloudblade","symbol":"BEER","quantity":"3.88265809","price":"0.25890000","timestamp":1622174967,"volume":"1.00522018","buyTxId":"910f475075b342592965f9a5aec112b6da06d609","sellTxId":"83c9e8c65cc35ceb0f052499558a147f662c072f"}
{"index": {"_index":"beer","_id":"1093785"}}
	{"id":1093785,"type":"sell","buyer":"detlev","seller":"nftmart.fees","symbol":"BEER","quantity":"21.00000000","price":"0.21900000","timestamp":1622177874,"volume":"4.59900000","buyTxId":"8ec5db7c29e69b88391c4d31d5545597eb398921","sellTxId":"f3eba6ab4a6af47f2335d8364692ff4d05810be4"}
{"index": {"_index":"beer","_id":"1093796"}}
	{"id":1093796,"type":"sell","buyer":"detlev","seller":"thatcryptodave","symbol":"BEER","quantity":"2.92800000","price":"0.19900000","timestamp":1622178024,"volume":"0.58267200","buyTxId":"b9cfa8dcaa87c44f4a9e98b7092340f666f632a4","sellTxId":"969ba0d162b4ea735062d51c8c861a58e45982f4"}
{"index": {"_index":"beer","_id":"1094079"}}
	{"id":1094079,"type":"sell","buyer":"detlev","seller":"mfblack","symbol":"BEER","quantity":"27.07200000","price":"0.19900000","timestamp":1622188389,"volume":"5.38732800","buyTxId":"b9cfa8dcaa87c44f4a9e98b7092340f666f632a4","sellTxId":"05260c1cac8452b016a8fc6dac1ecb6b886cff77"}
{"index": {"_index":"beer","_id":"1094080"}}
	{"id":1094080,"type":"sell","buyer":"heyantomei","seller":"mfblack","symbol":"BEER","quantity":"6.87054575","price":"0.18900000","timestamp":1622188389,"volume":"1.29853315","buyTxId":"9e59291f7e46b610c167fd3149eb9ada9bd4de78","sellTxId":"05260c1cac8452b016a8fc6dac1ecb6b886cff77"}
{"index": {"_index":"beer","_id":"1094220"}}
	{"id":1094220,"type":"sell","buyer":"heyantomei","seller":"spiceboyz","symbol":"BEER","quantity":"21.93690489","price":"0.18900000","timestamp":1622195526,"volume":"4.14607502","buyTxId":"9e59291f7e46b610c167fd3149eb9ada9bd4de78","sellTxId":"8b51a09e5b4cd6ba9fb1e93a3b6e0f4aba2d20f9"}
{"index": {"_index":"beer","_id":"1094333"}}
	{"id":1094333,"type":"buy","buyer":"eythorphoto","seller":"nftmart.fees","symbol":"BEER","quantity":"2.00000000","price":"0.19999999","timestamp":1622199978,"volume":"0.39999998","buyTxId":"311780647323ba14d53885336184032947850278","sellTxId":"5767c0058bdf56e1ea287cc4fcfbfad07ba8afe4-3"}
{"index": {"_index":"beer","_id":"1094341"}}
	{"id":1094341,"type":"buy","buyer":"eythorphoto","seller":"stevieboyes","symbol":"BEER","quantity":"0.27588117","price":"0.20000000","timestamp":1622200227,"volume":"0.05517623","buyTxId":"8e280827cfbea5b31e4292555d35cb04ebf18819","sellTxId":"ad85d4723310b44f2fd3ec3a13d3db315d9f49cc"}
{"index": {"_index":"beer","_id":"1094342"}}
	{"id":1094342,"type":"buy","buyer":"eythorphoto","seller":"lrekt01","symbol":"BEER","quantity":"0.00600000","price":"0.29800000","timestamp":1622200227,"volume":"0.00178800","buyTxId":"8e280827cfbea5b31e4292555d35cb04ebf18819","sellTxId":"fa2aba3fe1e1669b1cbe0178cc8bd7943f532e82"}
{"index": {"_index":"beer","_id":"1094343"}}
	{"id":1094343,"type":"buy","buyer":"eythorphoto","seller":"sketch17","symbol":"BEER","quantity":"0.17500000","price":"0.29800000","timestamp":1622200227,"volume":"0.05215000","buyTxId":"8e280827cfbea5b31e4292555d35cb04ebf18819","sellTxId":"5a440c1fea25a2d51aa6d303ebbfb6c710593c0a"}
{"index": {"_index":"beer","_id":"1094344"}}
	{"id":1094344,"type":"buy","buyer":"eythorphoto","seller":"exator","symbol":"BEER","quantity":"2.54311883","price":"0.29900000","timestamp":1622200227,"volume":"0.76039253","buyTxId":"8e280827cfbea5b31e4292555d35cb04ebf18819","sellTxId":"b8634cdbba0e6465ea10e5aeac28ed8a5ff36957"}
{"index": {"_index":"beer","_id":"1095221"}}
	{"id":1095221,"type":"sell","buyer":"heyantomei","seller":"mafia.wallet","symbol":"BEER","quantity":"0.066","price":"0.18900000","timestamp":1622228808,"volume":"0.01247400","buyTxId":"9e59291f7e46b610c167fd3149eb9ada9bd4de78","sellTxId":"c679e9e4eedaeb1830b0a505209cd08dfa106b31-2"}
{"index": {"_index":"beer","_id":"1095229"}}
	{"id":1095229,"type":"buy","buyer":"ibc","seller":"nftmart.fees","symbol":"BEER","quantity":"1.00000000","price":"0.28899999","timestamp":1622229033,"volume":"0.28899999","buyTxId":"b8baed14455736c88a6ea6d85fe3829c4f299deb","sellTxId":"d4e580283db0f525397c09d887254d275d3c17a2-3"}
{"index": {"_index":"beer","_id":"1095233"}}
	{"id":1095233,"type":"buy","buyer":"ibc","seller":"master-lamps","symbol":"BEER","quantity":"0.42500000","price":"0.28900000","timestamp":1622229066,"volume":"0.12282500","buyTxId":"1c005fab467cc2064b43f7ef682385f66dc5793e","sellTxId":"d000ba92969d7bda94b428b0fec892f86b102878"}
{"index": {"_index":"beer","_id":"1095236"}}
	{"id":1095236,"type":"buy","buyer":"ibc","seller":"exator","symbol":"BEER","quantity":"13.40251952","price":"0.29900000","timestamp":1622229105,"volume":"4.00735334","buyTxId":"c0825069c15d5b0651f6f242db1feaa618b7572a","sellTxId":"b8634cdbba0e6465ea10e5aeac28ed8a5ff36957"}
{"index": {"_index":"beer","_id":"1095237"}}
	{"id":1095237,"type":"buy","buyer":"ibc","seller":"exator","symbol":"BEER","quantity":"0.59748048","price":"0.29900000","timestamp":1622229105,"volume":"0.17864666","buyTxId":"c0825069c15d5b0651f6f242db1feaa618b7572a","sellTxId":"2909328ea0fb040dca93e3625624a498a838c851"}
{"index": {"_index":"beer","_id":"1095324"}}
	{"id":1095324,"type":"sell","buyer":"ibc","seller":"mpath","symbol":"BEER","quantity":"0.01686901","price":"0.28900000","timestamp":1622230602,"volume":"0.00487514","buyTxId":"1c005fab467cc2064b43f7ef682385f66dc5793e","sellTxId":"6553bb43aa6b6db2b7c93a7efb09c8bf2cbf97bd"}
{"index": {"_index":"beer","_id":"1095348"}}
	{"id":1095348,"type":"sell","buyer":"ibc","seller":"jjprac","symbol":"BEER","quantity":"0.55813099","price":"0.28900000","timestamp":1622230908,"volume":"0.16129986","buyTxId":"1c005fab467cc2064b43f7ef682385f66dc5793e","sellTxId":"a041981c04f790e9fb29f96adfbcc847060d0784"}
{"index": {"_index":"beer","_id":"1095454"}}
	{"id":1095454,"type":"sell","buyer":"heyantomei","seller":"steemstreems","symbol":"BEER","quantity":"0.144","price":"0.18900000","timestamp":1622232210,"volume":"0.02721600","buyTxId":"9e59291f7e46b610c167fd3149eb9ada9bd4de78","sellTxId":"7ea5c6a2a21712319dbd41754473fd463d29e00e"}
{"index": {"_index":"beer","_id":"1095579"}}
	{"id":1095579,"type":"sell","buyer":"heyantomei","seller":"deathwing","symbol":"BEER","quantity":"0.008","price":"0.18900000","timestamp":1622235306,"volume":"0.00151200","buyTxId":"9e59291f7e46b610c167fd3149eb9ada9bd4de78","sellTxId":"47054c29bfc72f670555923ed644a3e670813a14-4"}
{"index": {"_index":"beer","_id":"1095798"}}
	{"id":1095798,"type":"buy","buyer":"detlev","seller":"nftmart.fees","symbol":"BEER","quantity":"1.00000000","price":"0.28899999","timestamp":1622242119,"volume":"0.28899999","buyTxId":"a6abf44fe696ce5bca744eb53147048c606672cf","sellTxId":"e86644a4bb2a092bb5aa10b33ac9270887cb4638-3"}
{"index": {"_index":"beer","_id":"1096167"}}
	{"id":1096167,"type":"sell","buyer":"detlev","seller":"justinparke","symbol":"BEER","quantity":"0.23350000","price":"0.24900000","timestamp":1622255889,"volume":"0.05814150","buyTxId":"02792326a66f8596c3eb8aa08830f930d5aee3e1","sellTxId":"9074d61369c8791921dce4455839db5d57b10566"}
