{"index": {"_index":"beer","_id":"1947711"}}
	{"id":1947711,"type":"sell","buyer":"cloudblade","seller":"muenchen","symbol":"BEER","quantity":"0.27000000","price":"0.10635000","timestamp":1636610871,"volume":"0.02871450","buyTxId":"398736b10ae449ad3d03ec7ba743dc4a7dbbefec","sellTxId":"8a6215e5aa61ea753b49c46c675ee738d73d61cf"}
{"index": {"_index":"beer","_id":"1948218"}}
	{"id":1948218,"type":"sell","buyer":"cloudblade","seller":"networkallstar","symbol":"BEER","quantity":"0.10327468","price":"0.10635000","timestamp":1636615323,"volume":"0.01098326","buyTxId":"398736b10ae449ad3d03ec7ba743dc4a7dbbefec","sellTxId":"6bc79b619b26f256de59c55bf0559f1029662d10"}
{"index": {"_index":"beer","_id":"1948969"}}
	{"id":1948969,"type":"sell","buyer":"cloudblade","seller":"itharagaian","symbol":"BEER","quantity":"0.00400000","price":"0.10635000","timestamp":1636621905,"volume":"0.00042540","buyTxId":"398736b10ae449ad3d03ec7ba743dc4a7dbbefec","sellTxId":"ab2ac21cc474dc734e9ed2a17430eba76a1fdf92"}
{"index": {"_index":"beer","_id":"1949574"}}
	{"id":1949574,"type":"sell","buyer":"cloudblade","seller":"hive-143869","symbol":"BEER","quantity":"3.02590000","price":"0.10635000","timestamp":1636627803,"volume":"0.32180447","buyTxId":"398736b10ae449ad3d03ec7ba743dc4a7dbbefec","sellTxId":"4ad9b01480204572048b83931e5feb0de1d2b9d1"}
{"index": {"_index":"beer","_id":"1950355"}}
	{"id":1950355,"type":"buy","buyer":"cloudblade","seller":"condeas","symbol":"BEER","quantity":"19.63201914","price":"0.11500000","timestamp":1636634298,"volume":"2.25768220","buyTxId":"ab3336273e58f9db4c341ae1411a0093d8fd6959","sellTxId":"51122c8661ee811fc1b166e858183e643e88c4a0"}
{"index": {"_index":"beer","_id":"1950498"}}
	{"id":1950498,"type":"sell","buyer":"roger.remix","seller":"mad-runner","symbol":"BEER","quantity":"3.12500000","price":"0.11500000","timestamp":1636636002,"volume":"0.35937500","buyTxId":"5137f9809bbb307c46a6cccc5c0983a83cc68d4d","sellTxId":"d0993b589d5a013d4f60a1126fcc55b7d8279916"}
{"index": {"_index":"beer","_id":"1951696"}}
	{"id":1951696,"type":"sell","buyer":"roger.remix","seller":"elizabetamt","symbol":"BEER","quantity":"0.10000000","price":"0.11500000","timestamp":1636645263,"volume":"0.01150000","buyTxId":"5137f9809bbb307c46a6cccc5c0983a83cc68d4d","sellTxId":"186a0eeb92c26d257d2eb8102ca914213f32ce49"}
{"index": {"_index":"beer","_id":"1951939"}}
	{"id":1951939,"type":"buy","buyer":"cryptoace33","seller":"snaj525","symbol":"BEER","quantity":"5.00000000","price":"0.14000000","timestamp":1636647744,"volume":"0.70000000","buyTxId":"bce66231440a01ae73eb5170c6f737100e19ebb4","sellTxId":"11992a31a1d015788fa8d44c66660d35c4b80e2c"}
{"index": {"_index":"beer","_id":"1951957"}}
	{"id":1951957,"type":"sell","buyer":"roger.remix","seller":"der-prophet","symbol":"BEER","quantity":"0.15309927","price":"0.11500000","timestamp":1636647987,"volume":"0.01760642","buyTxId":"5137f9809bbb307c46a6cccc5c0983a83cc68d4d","sellTxId":"7cb6d85d3bf9202d23bf3c5d13c93d25658ba61d"}
{"index": {"_index":"beer","_id":"1954075"}}
	{"id":1954075,"type":"sell","buyer":"roger.remix","seller":"aeneas.blog","symbol":"BEER","quantity":"0.07500000","price":"0.11500000","timestamp":1636664031,"volume":"0.00862500","buyTxId":"5137f9809bbb307c46a6cccc5c0983a83cc68d4d","sellTxId":"87636ef620a833224a8cd08b1ab070f644f47735"}
{"index": {"_index":"beer","_id":"1954354"}}
	{"id":1954354,"type":"sell","buyer":"roger.remix","seller":"eythorphoto","symbol":"BEER","quantity":"0.01200000","price":"0.11500000","timestamp":1636666032,"volume":"0.00138000","buyTxId":"5137f9809bbb307c46a6cccc5c0983a83cc68d4d","sellTxId":"8a488b4c0261c663d10e672cf5be769922216d8c"}
{"index": {"_index":"beer","_id":"1955806"}}
	{"id":1955806,"type":"sell","buyer":"roger.remix","seller":"mafia.wallet","symbol":"BEER","quantity":"0.036","price":"0.11500000","timestamp":1636678680,"volume":"0.00414000","buyTxId":"5137f9809bbb307c46a6cccc5c0983a83cc68d4d","sellTxId":"1535cc9327c9253f96e408276a9a163c0fb7b004-3"}
{"index": {"_index":"beer","_id":"1955959"}}
	{"id":1955959,"type":"sell","buyer":"roger.remix","seller":"steem.services","symbol":"BEER","quantity":"0.58800000","price":"0.11500000","timestamp":1636680036,"volume":"0.06762000","buyTxId":"5137f9809bbb307c46a6cccc5c0983a83cc68d4d","sellTxId":"96d26ce91594c6967f54d06b8e4285c19da3a547"}
{"index": {"_index":"beer","_id":"1956367"}}
	{"id":1956367,"type":"sell","buyer":"roger.remix","seller":"rishi556","symbol":"BEER","quantity":"0.42175311","price":"0.11500000","timestamp":1636684194,"volume":"0.04850161","buyTxId":"5137f9809bbb307c46a6cccc5c0983a83cc68d4d","sellTxId":"e59dbfe6c2e6bd7d8f9bd5dc86156e59ff9a2e12-0"}
{"index": {"_index":"beer","_id":"1956391"}}
	{"id":1956391,"type":"sell","buyer":"roger.remix","seller":"magnacarta","symbol":"BEER","quantity":"0.05","price":"0.11500000","timestamp":1636684527,"volume":"0.00575000","buyTxId":"5137f9809bbb307c46a6cccc5c0983a83cc68d4d","sellTxId":"4eabb444753ab05b3efbb8b8c0cabd0d0067eb6e"}
{"index": {"_index":"beer","_id":"1956646"}}
	{"id":1956646,"type":"sell","buyer":"roger.remix","seller":"wine-token","symbol":"BEER","quantity":"15.43914762","price":"0.11500000","timestamp":1636686408,"volume":"1.77550197","buyTxId":"5137f9809bbb307c46a6cccc5c0983a83cc68d4d","sellTxId":"886e067fd0badf404db9944aa339b2e61a43bf1e"}
{"index": {"_index":"beer","_id":"1956647"}}
	{"id":1956647,"type":"sell","buyer":"roger.remix","seller":"wine-token","symbol":"BEER","quantity":"34.56085238","price":"0.10635001","timestamp":1636686408,"volume":"3.67554700","buyTxId":"33ca1c4e4b41e6f7d5b602cfd926efc5dc09abb5","sellTxId":"886e067fd0badf404db9944aa339b2e61a43bf1e"}
