{"index": {"_index":"beer","_id":"3676262"}}
	{"id":3676262,"type":"buy","buyer":"dailygiveaways","seller":"onlydoge","symbol":"BEER","quantity":"4.38746300","price":"0.12570000","timestamp":1655115489,"volume":"0.55150410","buyTxId":"89f1ae0904747a37fb97220a6f3732cb462d180d","sellTxId":"3e5c515c1e4dfa53b0ab425929eab14cfabacad9"}
{"index": {"_index":"beer","_id":"3676266"}}
	{"id":3676266,"type":"buy","buyer":"dailygiveaways","seller":"onlydoge","symbol":"BEER","quantity":"0.00000023","price":"0.12570000","timestamp":1655115510,"volume":"0.00000003","buyTxId":"c5b9156cb8fa3658e98428f9a9fe3b62ebb9e7e6","sellTxId":"3e5c515c1e4dfa53b0ab425929eab14cfabacad9"}
{"index": {"_index":"beer","_id":"3676267"}}
	{"id":3676267,"type":"buy","buyer":"dailygiveaways","seller":"mers","symbol":"BEER","quantity":"14.21275877","price":"0.12580000","timestamp":1655115510,"volume":"1.78796505","buyTxId":"c5b9156cb8fa3658e98428f9a9fe3b62ebb9e7e6","sellTxId":"2629859283d2769b470943e19e98fc2e9e12c951"}
{"index": {"_index":"beer","_id":"3676269"}}
	{"id":3676269,"type":"sell","buyer":"chetanpadliya","seller":"poliwalt10","symbol":"BEER","quantity":"0.12000000","price":"0.10820000","timestamp":1655115525,"volume":"0.01298400","buyTxId":"7371169bfe3a803cfc3df37e260e5ef84e4d31f5","sellTxId":"3aa9aeba323490cb6c4252482344aa005a35200c"}
{"index": {"_index":"beer","_id":"3676271"}}
	{"id":3676271,"type":"buy","buyer":"dailygiveaways","seller":"mers","symbol":"BEER","quantity":"0.00000092","price":"0.12580000","timestamp":1655115531,"volume":"0.00000012","buyTxId":"a8520254565e6368fc3e90590397d425530f1895","sellTxId":"2629859283d2769b470943e19e98fc2e9e12c951"}
{"index": {"_index":"beer","_id":"3676272"}}
	{"id":3676272,"type":"buy","buyer":"dailygiveaways","seller":"master-lamps","symbol":"BEER","quantity":"3.98995228","price":"0.12599999","timestamp":1655115531,"volume":"0.50273395","buyTxId":"a8520254565e6368fc3e90590397d425530f1895","sellTxId":"7cb77ad810e3f5ee0be7243b3d2a382603667444"}
{"index": {"_index":"beer","_id":"3676273"}}
	{"id":3676273,"type":"buy","buyer":"dailygiveaways","seller":"master-lamps","symbol":"BEER","quantity":"0.04700000","price":"0.12599999","timestamp":1655115531,"volume":"0.00592200","buyTxId":"a8520254565e6368fc3e90590397d425530f1895","sellTxId":"edf54745a395833586eeeae1ca4183471815b6d2"}
{"index": {"_index":"beer","_id":"3676274"}}
	{"id":3676274,"type":"buy","buyer":"dailygiveaways","seller":"master-lamps","symbol":"BEER","quantity":"0.22190180","price":"0.12599999","timestamp":1655115531,"volume":"0.02795962","buyTxId":"a8520254565e6368fc3e90590397d425530f1895","sellTxId":"d63b4a5e995c29f6ee9cbb4df075e70c048ce8ab"}
{"index": {"_index":"beer","_id":"3676277"}}
	{"id":3676277,"type":"buy","buyer":"dailygiveaways","seller":"master-lamps","symbol":"BEER","quantity":"0.00000114","price":"0.12599999","timestamp":1655115555,"volume":"0.00000014","buyTxId":"e8a24f87b2cb600c532c89dd9393f031b728c585","sellTxId":"d63b4a5e995c29f6ee9cbb4df075e70c048ce8ab"}
{"index": {"_index":"beer","_id":"3676278"}}
	{"id":3676278,"type":"buy","buyer":"dailygiveaways","seller":"harveyword","symbol":"BEER","quantity":"1.37824986","price":"0.12800000","timestamp":1655115555,"volume":"0.17641598","buyTxId":"e8a24f87b2cb600c532c89dd9393f031b728c585","sellTxId":"af02b5a795bffdda59387a648e2f7838501a2784"}
{"index": {"_index":"beer","_id":"3676280"}}
	{"id":3676280,"type":"buy","buyer":"dailygiveaways","seller":"harveyword","symbol":"BEER","quantity":"0.00000206","price":"0.12800000","timestamp":1655115576,"volume":"0.00000026","buyTxId":"53a5ff3cc4b7d6e5e0f01afb8771ed22d8948a2c","sellTxId":"af02b5a795bffdda59387a648e2f7838501a2784"}
{"index": {"_index":"beer","_id":"3676281"}}
	{"id":3676281,"type":"buy","buyer":"dailygiveaways","seller":"cloudblade","symbol":"BEER","quantity":"69.99999794","price":"0.13260000","timestamp":1655115576,"volume":"9.28199973","buyTxId":"53a5ff3cc4b7d6e5e0f01afb8771ed22d8948a2c","sellTxId":"aaa63f53934e525b178c8e28169c664af8493cfb"}
{"index": {"_index":"beer","_id":"3676287"}}
	{"id":3676287,"type":"buy","buyer":"dailygiveaways","seller":"cloudblade","symbol":"BEER","quantity":"0.00000206","price":"0.13260000","timestamp":1655115609,"volume":"0.00000027","buyTxId":"7228dba7632fc1922f93c045799297fa7d391ac7","sellTxId":"aaa63f53934e525b178c8e28169c664af8493cfb"}
{"index": {"_index":"beer","_id":"3676288"}}
	{"id":3676288,"type":"buy","buyer":"dailygiveaways","seller":"laritheghost","symbol":"BEER","quantity":"0.09476294","price":"0.13590002","timestamp":1655115609,"volume":"0.01287829","buyTxId":"7228dba7632fc1922f93c045799297fa7d391ac7","sellTxId":"c8bc372c7ffcea2b87602da9f2240dd69d7fb84e"}
{"index": {"_index":"beer","_id":"3676316"}}
	{"id":3676316,"type":"sell","buyer":"chetanpadliya","seller":"networkallstar","symbol":"BEER","quantity":"0.26250000","price":"0.10820000","timestamp":1655115849,"volume":"0.02840250","buyTxId":"7371169bfe3a803cfc3df37e260e5ef84e4d31f5","sellTxId":"01322a3d706335b487c3a7aa7986fb47108ef618"}
{"index": {"_index":"beer","_id":"3677301"}}
	{"id":3677301,"type":"sell","buyer":"chetanpadliya","seller":"hivediver","symbol":"BEER","quantity":"0.16182460","price":"0.10820000","timestamp":1655123190,"volume":"0.01750942","buyTxId":"7371169bfe3a803cfc3df37e260e5ef84e4d31f5","sellTxId":"c5091ed2bee96ad750764a4c9961ba25516d7360"}
{"index": {"_index":"beer","_id":"3677623"}}
	{"id":3677623,"type":"sell","buyer":"chetanpadliya","seller":"investyourvote","symbol":"BEER","quantity":"3.00000000","price":"0.10820000","timestamp":1655125386,"volume":"0.32460000","buyTxId":"7371169bfe3a803cfc3df37e260e5ef84e4d31f5","sellTxId":"b5eb4083f05451fef82a696415ae4b45654223fc"}
{"index": {"_index":"beer","_id":"3677765"}}
	{"id":3677765,"type":"buy","buyer":"chetanpadliya","seller":"laritheghost","symbol":"BEER","quantity":"0.00000290","price":"0.13590002","timestamp":1655126646,"volume":"0.00000039","buyTxId":"238ada187bab8cd56ea391669afd683f5a077b6e","sellTxId":"c8bc372c7ffcea2b87602da9f2240dd69d7fb84e"}
{"index": {"_index":"beer","_id":"3677766"}}
	{"id":3677766,"type":"buy","buyer":"chetanpadliya","seller":"baconface","symbol":"BEER","quantity":"1.94524138","price":"0.13972541","timestamp":1655126646,"volume":"0.27179965","buyTxId":"238ada187bab8cd56ea391669afd683f5a077b6e","sellTxId":"c47b39fff52d2a13e5887aed54e7c3fa5afd88f3"}
{"index": {"_index":"beer","_id":"3678422"}}
	{"id":3678422,"type":"buy","buyer":"dswap","seller":"baconface","symbol":"BEER","quantity":"0.07778270","price":"0.13972541","timestamp":1655131575,"volume":"0.01086822","buyTxId":"003dddc71479f6abad3342890d38cb4a618c9ffb","sellTxId":"c47b39fff52d2a13e5887aed54e7c3fa5afd88f3"}
{"index": {"_index":"beer","_id":"3679441"}}
	{"id":3679441,"type":"sell","buyer":"master-lamps","seller":"sonfecisinan","symbol":"BEER","quantity":"0.05000000","price":"0.10820001","timestamp":1655139150,"volume":"0.00541000","buyTxId":"11a0ca756675eb06b421b8a9b5e515b9f79bee92","sellTxId":"e55f1b29ff62402279d6b29cc0f9a1399d639cb6"}
{"index": {"_index":"beer","_id":"3680409"}}
	{"id":3680409,"type":"sell","buyer":"maryjane.main","seller":"crypto-futurist","symbol":"BEER","quantity":"0.00100000","price":"0.10830000","timestamp":1655148438,"volume":"0.00010830","buyTxId":"0c8f79b76ea5bbaace2f630f798509153743b1f2","sellTxId":"0fc574c68565974c42fb29d8900a06238082c24f"}
{"index": {"_index":"beer","_id":"3680966"}}
	{"id":3680966,"type":"buy","buyer":"detlev","seller":"baconface","symbol":"BEER","quantity":"0.08626600","price":"0.13972541","timestamp":1655153520,"volume":"0.01205355","buyTxId":"893ccc4a316e4f0abfb3d5dfcf8589436f84c5fc","sellTxId":"c47b39fff52d2a13e5887aed54e7c3fa5afd88f3"}
{"index": {"_index":"beer","_id":"3681299"}}
	{"id":3681299,"type":"sell","buyer":"detlev","seller":"misterc","symbol":"BEER","quantity":"17.15134222","price":"0.12725410","timestamp":1655156586,"volume":"2.18257862","buyTxId":"a59d67ed4f7e8b46204b88670b344b994448d028","sellTxId":"6a96cd0aba73dccb3a50805ba9bf7e7d78197ba0"}
{"index": {"_index":"beer","_id":"3681348"}}
	{"id":3681348,"type":"sell","buyer":"detlev","seller":"michelmake","symbol":"BEER","quantity":"0.10312500","price":"0.12725410","timestamp":1655156769,"volume":"0.01312308","buyTxId":"a59d67ed4f7e8b46204b88670b344b994448d028","sellTxId":"2e0a591bdd628db873514338365dfbce7d570818"}
{"index": {"_index":"beer","_id":"3684574"}}
	{"id":3684574,"type":"sell","buyer":"detlev","seller":"master-lamps","symbol":"BEER","quantity":"0.08200000","price":"0.12725410","timestamp":1655179038,"volume":"0.01043484","buyTxId":"a59d67ed4f7e8b46204b88670b344b994448d028","sellTxId":"f6785d18fb1ed80e051a96cb052a8c2735c8f43d"}
