{"index": {"_index":"beer","_id":"1897811"}}
	{"id":1897811,"type":"sell","buyer":"cloudblade","seller":"steemstreems","symbol":"BEER","quantity":"0.007","price":"0.10506500","timestamp":1636171131,"volume":"0.00073546","buyTxId":"970951789f99b16278b417a0b9da9f7744912d99","sellTxId":"d26e5dda68a60fe76d0143f5b9a12c9d1f6436ff"}
{"index": {"_index":"beer","_id":"1898499"}}
	{"id":1898499,"type":"sell","buyer":"cloudblade","seller":"muenchen","symbol":"BEER","quantity":"0.22000000","price":"0.10506500","timestamp":1636180956,"volume":"0.02311430","buyTxId":"970951789f99b16278b417a0b9da9f7744912d99","sellTxId":"b0b229f3e920946b65d1bc48b7f0d7d956da7149"}
{"index": {"_index":"beer","_id":"1898709"}}
	{"id":1898709,"type":"sell","buyer":"cloudblade","seller":"libert","symbol":"BEER","quantity":"1.27","price":"0.10506500","timestamp":1636183086,"volume":"0.13343255","buyTxId":"970951789f99b16278b417a0b9da9f7744912d99","sellTxId":"b968f2e19d9300be9c5912102850dd709cc521af"}
{"index": {"_index":"beer","_id":"1898772"}}
	{"id":1898772,"type":"sell","buyer":"cloudblade","seller":"itharagaian","symbol":"BEER","quantity":"0.00200000","price":"0.10506500","timestamp":1636183542,"volume":"0.00021013","buyTxId":"970951789f99b16278b417a0b9da9f7744912d99","sellTxId":"b1893e3caeae6af783420c325de93035bf47f908"}
{"index": {"_index":"beer","_id":"1898872"}}
	{"id":1898872,"type":"sell","buyer":"cloudblade","seller":"onealfa","symbol":"BEER","quantity":"0.074","price":"0.10506500","timestamp":1636185219,"volume":"0.00777481","buyTxId":"970951789f99b16278b417a0b9da9f7744912d99","sellTxId":"d8e2e45387e40c30a5a99765d48da650022ed96d"}
{"index": {"_index":"beer","_id":"1900832"}}
	{"id":1900832,"type":"sell","buyer":"cloudblade","seller":"der-prophet","symbol":"BEER","quantity":"1.32081566","price":"0.10506500","timestamp":1636204014,"volume":"0.13877150","buyTxId":"970951789f99b16278b417a0b9da9f7744912d99","sellTxId":"7c4d1a912dd05cf607e0d3614d5ad04b460e7070"}
{"index": {"_index":"beer","_id":"1900865"}}
	{"id":1900865,"type":"sell","buyer":"cloudblade","seller":"damla","symbol":"BEER","quantity":"0.01276801","price":"0.10506500","timestamp":1636204440,"volume":"0.00134147","buyTxId":"970951789f99b16278b417a0b9da9f7744912d99","sellTxId":"0f5164b828a2d9f5f82d44bf27dab265f6d520a6"}
{"index": {"_index":"beer","_id":"1900991"}}
	{"id":1900991,"type":"sell","buyer":"cloudblade","seller":"lotto-de","symbol":"BEER","quantity":"17.50000000","price":"0.10506500","timestamp":1636205940,"volume":"1.83863750","buyTxId":"970951789f99b16278b417a0b9da9f7744912d99","sellTxId":"8771d2c391ebdf02a332a11097c900bca9127c82"}
{"index": {"_index":"beer","_id":"1901201"}}
	{"id":1901201,"type":"sell","buyer":"cloudblade","seller":"a0i","symbol":"BEER","quantity":"0.18750000","price":"0.10506500","timestamp":1636208037,"volume":"0.01969969","buyTxId":"970951789f99b16278b417a0b9da9f7744912d99","sellTxId":"88c45ac303de180b283ef740eda9b7f78697490e"}
{"index": {"_index":"beer","_id":"1901261"}}
	{"id":1901261,"type":"buy","buyer":"homeless-city","seller":"master-lamps","symbol":"BEER","quantity":"0.10000000","price":"0.16999489","timestamp":1636208589,"volume":"0.01699949","buyTxId":"f65c04dc10b5f99afcd247d723ff1aa895c38625","sellTxId":"2c1307432314883bcc8f938a6cb2038cd3245f49"}
{"index": {"_index":"beer","_id":"1901610"}}
	{"id":1901610,"type":"sell","buyer":"homeless-city","seller":"solominer","symbol":"BEER","quantity":"0.05000000","price":"0.14065000","timestamp":1636211370,"volume":"0.00703250","buyTxId":"c84327a14d7e121f80af32034406c2d7215d7bb9","sellTxId":"3753f5eee873237fc72fb195ea1e08b59b722a76"}
{"index": {"_index":"beer","_id":"1901875"}}
	{"id":1901875,"type":"sell","buyer":"homeless-city","seller":"elizabetamt","symbol":"BEER","quantity":"0.10000000","price":"0.14065000","timestamp":1636213680,"volume":"0.01406500","buyTxId":"c84327a14d7e121f80af32034406c2d7215d7bb9","sellTxId":"f65e2cf7b01490f04f34d1d380cbe266fae83877"}
{"index": {"_index":"beer","_id":"1902564"}}
	{"id":1902564,"type":"sell","buyer":"homeless-city","seller":"miketr","symbol":"BEER","quantity":"9.00000000","price":"0.14065000","timestamp":1636217247,"volume":"1.26585000","buyTxId":"c84327a14d7e121f80af32034406c2d7215d7bb9","sellTxId":"ad288aa11701baf225612d2f7e112e3be2feda8b"}
{"index": {"_index":"beer","_id":"1902621"}}
	{"id":1902621,"type":"buy","buyer":"homeless-city","seller":"kushtia","symbol":"BEER","quantity":"0.10000000","price":"0.15965000","timestamp":1636217679,"volume":"0.01596500","buyTxId":"76425d5d2242d766185744a431a2ca9ee4164d38","sellTxId":"08e2d769b79206192525c1e54e17c92796de8da2"}
{"index": {"_index":"beer","_id":"1902868"}}
	{"id":1902868,"type":"sell","buyer":"homeless-city","seller":"lammbock","symbol":"BEER","quantity":"0.67623322","price":"0.14065000","timestamp":1636218876,"volume":"0.09511220","buyTxId":"c84327a14d7e121f80af32034406c2d7215d7bb9","sellTxId":"0599a2b99ed4704436fb7da0448052b7d199ebf1"}
{"index": {"_index":"beer","_id":"1902873"}}
	{"id":1902873,"type":"sell","buyer":"homeless-city","seller":"lotto-de","symbol":"BEER","quantity":"10.00000000","price":"0.14065000","timestamp":1636218888,"volume":"1.40650000","buyTxId":"c84327a14d7e121f80af32034406c2d7215d7bb9","sellTxId":"e5caefd1f0f6464164d33873c123dc6813a47160"}
{"index": {"_index":"beer","_id":"1903837"}}
	{"id":1903837,"type":"sell","buyer":"homeless-city","seller":"jjprac","symbol":"BEER","quantity":"0.17376678","price":"0.14065000","timestamp":1636227357,"volume":"0.02444030","buyTxId":"c84327a14d7e121f80af32034406c2d7215d7bb9","sellTxId":"e046138c285f07584351a04f114d1a3fa3373b09"}
{"index": {"_index":"beer","_id":"1904166"}}
	{"id":1904166,"type":"sell","buyer":"cloudblade","seller":"justinparke","symbol":"BEER","quantity":"0.5385","price":"0.10506500","timestamp":1636229478,"volume":"0.05657750","buyTxId":"970951789f99b16278b417a0b9da9f7744912d99","sellTxId":"2e2f211df9089653dbf6928ca9899a77529a2d81"}
{"index": {"_index":"beer","_id":"1904360"}}
	{"id":1904360,"type":"sell","buyer":"cloudblade","seller":"crypto-is-a-scam","symbol":"BEER","quantity":"13.45491524","price":"0.10506500","timestamp":1636230423,"volume":"1.41364067","buyTxId":"970951789f99b16278b417a0b9da9f7744912d99","sellTxId":"86f24d81fe38548dede741716af92fb89d57b2f5"}
{"index": {"_index":"beer","_id":"1904883"}}
	{"id":1904883,"type":"sell","buyer":"cloudblade","seller":"eythorphoto","symbol":"BEER","quantity":"0.01200000","price":"0.10506500","timestamp":1636234962,"volume":"0.00126078","buyTxId":"970951789f99b16278b417a0b9da9f7744912d99","sellTxId":"e58037c89716ec6401b3e2bd3d2141a5c4c6c466"}
{"index": {"_index":"beer","_id":"1905623"}}
	{"id":1905623,"type":"sell","buyer":"harveyword","seller":"gandalf","symbol":"BEER","quantity":"0.18865499","price":"0.10508000","timestamp":1636240782,"volume":"0.01982387","buyTxId":"90ff285b1ddd0cd615e3a8440010b907c19bfbfe","sellTxId":"e6e14b579c4cd1db8823dfeb3eee64fdbfdfc8b6"}
{"index": {"_index":"beer","_id":"1907053"}}
	{"id":1907053,"type":"sell","buyer":"sbi-tokens","seller":"steemstreems","symbol":"BEER","quantity":"0.007","price":"0.10600000","timestamp":1636254663,"volume":"0.00074200","buyTxId":"c5844696f30d4c023e521ec8b968e90ae0b4d725","sellTxId":"8ce183d7c989ce87215f462d718cd1832bc07631"}
{"index": {"_index":"beer","_id":"1907201"}}
	{"id":1907201,"type":"sell","buyer":"harveyword","seller":"mafia.wallet","symbol":"BEER","quantity":"0.037","price":"0.10610000","timestamp":1636256478,"volume":"0.00392570","buyTxId":"90aa4f8cc6c031db7c8a22478e26dfaef3fea6d2","sellTxId":"98a98b0eb7a681ba45b66f5dfb56beae9ff0b33c-3"}
