{"index": {"_index":"beer","_id":"1643313"}}
	{"id":1643313,"type":"sell","buyer":"detlev","seller":"stickupboys","symbol":"BEER","quantity":"0.01200000","price":"0.21940000","timestamp":1633417611,"volume":"0.00263280","buyTxId":"11ad8280cb7c6cb55c0773ccbb383a63dcebeedc","sellTxId":"ae73d81e515658b773c5e525a40e48cffba9ce64"}
{"index": {"_index":"beer","_id":"1643423"}}
	{"id":1643423,"type":"sell","buyer":"detlev","seller":"rynow","symbol":"BEER","quantity":"15.40601511","price":"0.21940000","timestamp":1633419999,"volume":"3.38007972","buyTxId":"11ad8280cb7c6cb55c0773ccbb383a63dcebeedc","sellTxId":"aed1c5b364027023a5f2b25f03a1f2dfa4ec8576"}
{"index": {"_index":"beer","_id":"1643616"}}
	{"id":1643616,"type":"buy","buyer":"barreloflaughs","seller":"rynow","symbol":"BEER","quantity":"5.00000000","price":"0.21940000","timestamp":1633423800,"volume":"1.09700000","buyTxId":"c89befe1a64569732b9d7b50eccfc28cdc812df0","sellTxId":"aed1c5b364027023a5f2b25f03a1f2dfa4ec8576"}
{"index": {"_index":"beer","_id":"1643654"}}
	{"id":1643654,"type":"sell","buyer":"gaboamc2393","seller":"foodiess","symbol":"BEER","quantity":"5.00000000","price":"0.17500000","timestamp":1633424463,"volume":"0.87500000","buyTxId":"44daeeff9b0ab402b279ef0f9f790e5f5be0d788","sellTxId":"3115ce39208301227070578a1695c84df1ed0883"}
{"index": {"_index":"beer","_id":"1643655"}}
	{"id":1643655,"type":"sell","buyer":"nerdylens","seller":"foodiess","symbol":"BEER","quantity":"2.28926970","price":"0.17230000","timestamp":1633424463,"volume":"0.39444117","buyTxId":"78f0ad261bd72caf732fa7af5c7830fd7bf2c0e5","sellTxId":"3115ce39208301227070578a1695c84df1ed0883"}
{"index": {"_index":"beer","_id":"1643971"}}
	{"id":1643971,"type":"sell","buyer":"cloudblade","seller":"pimpstudio","symbol":"BEER","quantity":"35.63000000","price":"0.17231000","timestamp":1633431525,"volume":"6.13940530","buyTxId":"ae0e607151cde51fdbaa2e81d85a96c7a956e80b","sellTxId":"53e87ef48513bf194a6dd9ee35ecc54a3f825438"}
{"index": {"_index":"beer","_id":"1644549"}}
	{"id":1644549,"type":"sell","buyer":"cloudblade","seller":"lrekt01","symbol":"BEER","quantity":"0.00600000","price":"0.17231000","timestamp":1633440576,"volume":"0.00103386","buyTxId":"ae0e607151cde51fdbaa2e81d85a96c7a956e80b","sellTxId":"9fabb7891323ea1eb5ec73bf7c083f6d21df2e72"}
{"index": {"_index":"beer","_id":"1644760"}}
	{"id":1644760,"type":"sell","buyer":"cloudblade","seller":"kevmcc","symbol":"BEER","quantity":"1.25000000","price":"0.17231000","timestamp":1633443684,"volume":"0.21538750","buyTxId":"ae0e607151cde51fdbaa2e81d85a96c7a956e80b","sellTxId":"24134dd3496450d9445e2ec9eedb737a103e3c46"}
{"index": {"_index":"beer","_id":"1644820"}}
	{"id":1644820,"type":"sell","buyer":"cloudblade","seller":"steemstreems","symbol":"BEER","quantity":"0.113","price":"0.17231000","timestamp":1633444557,"volume":"0.01947103","buyTxId":"ae0e607151cde51fdbaa2e81d85a96c7a956e80b","sellTxId":"3573e6a7f0b4685774220d853db419e139ee7f01"}
{"index": {"_index":"beer","_id":"1645935"}}
	{"id":1645935,"type":"buy","buyer":"detlev","seller":"dotwin1981","symbol":"BEER","quantity":"11.61430500","price":"0.21900000","timestamp":1633456407,"volume":"2.54353280","buyTxId":"fa6d740c5410aafd3b8278672b927831de12e007","sellTxId":"e02749893ab63da62fcd5fa227fa1cab4b4ea9d4"}
{"index": {"_index":"beer","_id":"1645940"}}
	{"id":1645940,"type":"buy","buyer":"detlev","seller":"dotwin1981","symbol":"BEER","quantity":"0.00000023","price":"0.21900000","timestamp":1633456452,"volume":"0.00000005","buyTxId":"8100c6869519c06af3ea19272aa410ddb3d6ff67","sellTxId":"e02749893ab63da62fcd5fa227fa1cab4b4ea9d4"}
{"index": {"_index":"beer","_id":"1645941"}}
	{"id":1645941,"type":"buy","buyer":"detlev","seller":"rynow","symbol":"BEER","quantity":"4.59398377","price":"0.21940000","timestamp":1633456452,"volume":"1.00792004","buyTxId":"8100c6869519c06af3ea19272aa410ddb3d6ff67","sellTxId":"aed1c5b364027023a5f2b25f03a1f2dfa4ec8576"}
{"index": {"_index":"beer","_id":"1645947"}}
	{"id":1645947,"type":"buy","buyer":"detlev","seller":"rynow","symbol":"BEER","quantity":"0.00000112","price":"0.21940000","timestamp":1633456479,"volume":"0.00000025","buyTxId":"940316ed2f2e1b965c9bd2417f2e49f63ee30acf","sellTxId":"aed1c5b364027023a5f2b25f03a1f2dfa4ec8576"}
{"index": {"_index":"beer","_id":"1645948"}}
	{"id":1645948,"type":"buy","buyer":"detlev","seller":"cloudblade","symbol":"BEER","quantity":"0.09999888","price":"0.25900000","timestamp":1633456479,"volume":"0.02589971","buyTxId":"940316ed2f2e1b965c9bd2417f2e49f63ee30acf","sellTxId":"4e758b3bcb1ca2fcfb0e981dcfd1685535d6c9d6"}
{"index": {"_index":"beer","_id":"1646262"}}
	{"id":1646262,"type":"sell","buyer":"detlev","seller":"methus","symbol":"BEER","quantity":"18.00000000","price":"0.23990000","timestamp":1633459833,"volume":"4.31820000","buyTxId":"e46e4168996c1cb143ccba6e32e9c19c3aa9d707","sellTxId":"34a29e4dd8937f53190a0028ec53d8a32c18734f"}
{"index": {"_index":"beer","_id":"1646266"}}
	{"id":1646266,"type":"sell","buyer":"stevieboyes","seller":"methus","symbol":"BEER","quantity":"0.20000000","price":"0.21899000","timestamp":1633459866,"volume":"0.04379800","buyTxId":"f372c5912d1d3ffeda8aa102132d367ac2e16806","sellTxId":"6f6992b8815be399f4a54cdf04ca02245e59109b"}
{"index": {"_index":"beer","_id":"1646448"}}
	{"id":1646448,"type":"sell","buyer":"methus","seller":"jerrytsuseer","symbol":"BEER","quantity":"1.70000000","price":"0.17231100","timestamp":1633462245,"volume":"0.29292870","buyTxId":"584f84a0a992afa1d01fb069571ab50224e8def6","sellTxId":"c0080fb260ca4e16110142cde8d6ff692de1c984"}
{"index": {"_index":"beer","_id":"1646971"}}
	{"id":1646971,"type":"buy","buyer":"sublimjester","seller":"harveyword","symbol":"BEER","quantity":"0.78100000","price":"0.25790000","timestamp":1633467654,"volume":"0.20141990","buyTxId":"3f85f46e4fb159cde18a1468124044b6deae747d","sellTxId":"d9922e82d95a9be34b1b786e3986e2136960e02e"}
{"index": {"_index":"beer","_id":"1646972"}}
	{"id":1646972,"type":"buy","buyer":"sublimjester","seller":"stayoutoftherz","symbol":"BEER","quantity":"1.37000000","price":"0.25800000","timestamp":1633467654,"volume":"0.35346000","buyTxId":"3f85f46e4fb159cde18a1468124044b6deae747d","sellTxId":"a688c0a3585b5524441ac8adabb257bd2ba8e8b9"}
{"index": {"_index":"beer","_id":"1646973"}}
	{"id":1646973,"type":"buy","buyer":"sublimjester","seller":"cloudblade","symbol":"BEER","quantity":"18.78500112","price":"0.25900000","timestamp":1633467654,"volume":"4.86531529","buyTxId":"3f85f46e4fb159cde18a1468124044b6deae747d","sellTxId":"4e758b3bcb1ca2fcfb0e981dcfd1685535d6c9d6"}
{"index": {"_index":"beer","_id":"1646974"}}
	{"id":1646974,"type":"buy","buyer":"sublimjester","seller":"harveyword","symbol":"BEER","quantity":"1.62500000","price":"0.25920000","timestamp":1633467654,"volume":"0.42120000","buyTxId":"3f85f46e4fb159cde18a1468124044b6deae747d","sellTxId":"adab071df418f118a11d4da830e92f53ad0325d4"}
{"index": {"_index":"beer","_id":"1646975"}}
	{"id":1646975,"type":"buy","buyer":"sublimjester","seller":"master-lamps","symbol":"BEER","quantity":"0.02343749","price":"0.25920000","timestamp":1633467654,"volume":"0.00607500","buyTxId":"3f85f46e4fb159cde18a1468124044b6deae747d","sellTxId":"1614ec1cc10436eeab3d9db18cf55222e3efe435"}
{"index": {"_index":"beer","_id":"1646976"}}
	{"id":1646976,"type":"buy","buyer":"sublimjester","seller":"master-lamps","symbol":"BEER","quantity":"0.04350000","price":"0.25948730","timestamp":1633467654,"volume":"0.01128770","buyTxId":"3f85f46e4fb159cde18a1468124044b6deae747d","sellTxId":"a14c221c8af931b250bca99cac54376d19e8228c"}
{"index": {"_index":"beer","_id":"1646977"}}
	{"id":1646977,"type":"buy","buyer":"sublimjester","seller":"kushtia2","symbol":"BEER","quantity":"4.39801961","price":"0.25949000","timestamp":1633467654,"volume":"1.14124211","buyTxId":"3f85f46e4fb159cde18a1468124044b6deae747d","sellTxId":"22981bd557f706c6753227db8f771d36d1e0aa08"}
{"index": {"_index":"beer","_id":"1647404"}}
	{"id":1647404,"type":"sell","buyer":"rentmoney","seller":"andy4475","symbol":"BEER","quantity":"0.45000000","price":"0.17231510","timestamp":1633475589,"volume":"0.07754180","buyTxId":"c0b19526180c95caf7e758bfcadd79fd92539f89","sellTxId":"059eedefebc76e822bfc572c9627b62297722fa9"}
{"index": {"_index":"beer","_id":"1648975"}}
	{"id":1648975,"type":"sell","buyer":"methus","seller":"benjaaa","symbol":"BEER","quantity":"0.28593750","price":"0.17231100","timestamp":1633482543,"volume":"0.04927018","buyTxId":"584f84a0a992afa1d01fb069571ab50224e8def6","sellTxId":"7e8cbcecbc957a1d5c966a36369eeed09742d8e4"}
{"index": {"_index":"beer","_id":"1649027"}}
	{"id":1649027,"type":"sell","buyer":"methus","seller":"linco","symbol":"BEER","quantity":"1.75900000","price":"0.17231100","timestamp":1633482729,"volume":"0.30309505","buyTxId":"584f84a0a992afa1d01fb069571ab50224e8def6","sellTxId":"dea8feb3d602194fc3da6c457c046a0d1670721f"}
{"index": {"_index":"beer","_id":"1649389"}}
	{"id":1649389,"type":"sell","buyer":"methus","seller":"eythorphoto","symbol":"BEER","quantity":"0.47200000","price":"0.17231100","timestamp":1633485321,"volume":"0.08133079","buyTxId":"584f84a0a992afa1d01fb069571ab50224e8def6","sellTxId":"4357a07ef2976dc71aa328b00ff7eaf22f5f378b"}
