{"index": {"_index":"beer","_id":"1306702"}}
	{"id":1306702,"type":"sell","buyer":"master-lamps","seller":"bluerobo","symbol":"BEER","quantity":"0.10000000","price":"0.19707001","timestamp":1628131902,"volume":"0.01970700","buyTxId":"7af8f43fe678c3ef6c4160b6df3713e35eefe5a4","sellTxId":"7992a1cac202df2bf62a40eed65c54ef876fcf6a"}
{"index": {"_index":"beer","_id":"1307685"}}
	{"id":1307685,"type":"sell","buyer":"master-lamps","seller":"itharagaian","symbol":"BEER","quantity":"0.00200000","price":"0.19707001","timestamp":1628154891,"volume":"0.00039414","buyTxId":"7af8f43fe678c3ef6c4160b6df3713e35eefe5a4","sellTxId":"6ab7ce4cbb8033e6086c607d362fa9666cba2e2f"}
{"index": {"_index":"beer","_id":"1307847"}}
	{"id":1307847,"type":"sell","buyer":"master-lamps","seller":"libertycrypto27","symbol":"BEER","quantity":"2.26000000","price":"0.19707001","timestamp":1628158152,"volume":"0.44537822","buyTxId":"7af8f43fe678c3ef6c4160b6df3713e35eefe5a4","sellTxId":"b9d9aebadc8982b64a7c9c3f96fd50a674945fa3"}
{"index": {"_index":"beer","_id":"1307941"}}
	{"id":1307941,"type":"sell","buyer":"master-lamps","seller":"justinparke","symbol":"BEER","quantity":"0.12600000","price":"0.19707001","timestamp":1628161251,"volume":"0.02483082","buyTxId":"7af8f43fe678c3ef6c4160b6df3713e35eefe5a4","sellTxId":"3ffe077eafef84fd3bd3379194f19202cdc23171"}
{"index": {"_index":"beer","_id":"1308751"}}
	{"id":1308751,"type":"sell","buyer":"master-lamps","seller":"wearealive","symbol":"BEER","quantity":"0.025","price":"0.19707001","timestamp":1628177946,"volume":"0.00492675","buyTxId":"7af8f43fe678c3ef6c4160b6df3713e35eefe5a4","sellTxId":"fd8e4df38f7de9b81353946f7582989a86f5dfcd"}
{"index": {"_index":"beer","_id":"1308753"}}
	{"id":1308753,"type":"sell","buyer":"master-lamps","seller":"foodiess","symbol":"BEER","quantity":"2.35560000","price":"0.19707001","timestamp":1628177988,"volume":"0.46421812","buyTxId":"7af8f43fe678c3ef6c4160b6df3713e35eefe5a4","sellTxId":"36f2499886469633127cc58d7cf234ecd52bc80f"}
{"index": {"_index":"beer","_id":"1308754"}}
	{"id":1308754,"type":"sell","buyer":"nastyforce","seller":"foodiess","symbol":"BEER","quantity":"1.00000000","price":"0.19707000","timestamp":1628177988,"volume":"0.19707000","buyTxId":"cda1ed6ca94af4663a6d372c28668828a476ecca","sellTxId":"36f2499886469633127cc58d7cf234ecd52bc80f"}
{"index": {"_index":"beer","_id":"1308755"}}
	{"id":1308755,"type":"sell","buyer":"master-lamps","seller":"foodiess","symbol":"BEER","quantity":"3.21947500","price":"0.19706601","timestamp":1628177988,"volume":"0.63444909","buyTxId":"28c71ead115f5a61367d4c9fe5929617761f2223","sellTxId":"36f2499886469633127cc58d7cf234ecd52bc80f"}
{"index": {"_index":"beer","_id":"1308756"}}
	{"id":1308756,"type":"sell","buyer":"detlev","seller":"foodiess","symbol":"BEER","quantity":"0.06642408","price":"0.19706600","timestamp":1628177988,"volume":"0.01308992","buyTxId":"0caaaed38129f07c74bb3236bc9e01fc0adf4e8d","sellTxId":"36f2499886469633127cc58d7cf234ecd52bc80f"}
{"index": {"_index":"beer","_id":"1308757"}}
	{"id":1308757,"type":"sell","buyer":"wehmoen","seller":"foodiess","symbol":"BEER","quantity":"5.08852236","price":"0.19706000","timestamp":1628177988,"volume":"1.00274422","buyTxId":"2a100142248f551481a7178e171b81dd677d9e67","sellTxId":"36f2499886469633127cc58d7cf234ecd52bc80f"}
{"index": {"_index":"beer","_id":"1308800"}}
	{"id":1308800,"type":"sell","buyer":"wehmoen","seller":"vcelier","symbol":"BEER","quantity":"0.29900000","price":"0.19706000","timestamp":1628178585,"volume":"0.05892094","buyTxId":"2a100142248f551481a7178e171b81dd677d9e67","sellTxId":"c944316d14d76ab1278c01456f9afc78b6ad0114"}
{"index": {"_index":"beer","_id":"1309629"}}
	{"id":1309629,"type":"sell","buyer":"nastyforce","seller":"steem.services","symbol":"BEER","quantity":"0.77200000","price":"0.19707000","timestamp":1628190537,"volume":"0.15213804","buyTxId":"00eefc24621bfa10a8e68b88e5b480b04722dc4a","sellTxId":"1bf1f9240acf2ba0dd905d15135866c647e4b9c2"}
{"index": {"_index":"beer","_id":"1309934"}}
	{"id":1309934,"type":"sell","buyer":"nastyforce","seller":"crypto-pixie","symbol":"BEER","quantity":"0.22800000","price":"0.19707000","timestamp":1628196204,"volume":"0.04493196","buyTxId":"00eefc24621bfa10a8e68b88e5b480b04722dc4a","sellTxId":"6af375dff2eb2a4d4682d0e912d86faeb3990ee6"}
{"index": {"_index":"beer","_id":"1309935"}}
	{"id":1309935,"type":"sell","buyer":"wehmoen","seller":"crypto-pixie","symbol":"BEER","quantity":"12.11286713","price":"0.19706000","timestamp":1628196204,"volume":"2.38696160","buyTxId":"2a100142248f551481a7178e171b81dd677d9e67","sellTxId":"6af375dff2eb2a4d4682d0e912d86faeb3990ee6"}
{"index": {"_index":"beer","_id":"1309982"}}
	{"id":1309982,"type":"sell","buyer":"wehmoen","seller":"deathwing","symbol":"BEER","quantity":"0.006","price":"0.19706000","timestamp":1628196906,"volume":"0.00118236","buyTxId":"2a100142248f551481a7178e171b81dd677d9e67","sellTxId":"3486aa263c4549f2c271a9cd4e7305bf45a437ca-3"}
{"index": {"_index":"beer","_id":"1310146"}}
	{"id":1310146,"type":"sell","buyer":"wehmoen","seller":"barrenwolfsbane","symbol":"BEER","quantity":"0.00700000","price":"0.19706000","timestamp":1628200194,"volume":"0.00137942","buyTxId":"2a100142248f551481a7178e171b81dd677d9e67","sellTxId":"27f2bf3dc699f3359910b4e25ca410c7cd23a7b3"}
{"index": {"_index":"beer","_id":"1310745"}}
	{"id":1310745,"type":"buy","buyer":"summertooth","seller":"nastyforce","symbol":"BEER","quantity":"1.00000000","price":"0.20890000","timestamp":1628211231,"volume":"0.20890000","buyTxId":"9e31f9ba980a3da25a74b4c7381f105b8981ce03","sellTxId":"3d36fdf8187755dda36a854355a1469fce1c1bd9"}
{"index": {"_index":"beer","_id":"1310746"}}
	{"id":1310746,"type":"buy","buyer":"summertooth","seller":"alucian","symbol":"BEER","quantity":"2.70000000","price":"0.20900000","timestamp":1628211231,"volume":"0.56430000","buyTxId":"9e31f9ba980a3da25a74b4c7381f105b8981ce03","sellTxId":"5a47c0f64f5207c4adc10d16a885a32f7b3fa04f"}
{"index": {"_index":"beer","_id":"1310747"}}
	{"id":1310747,"type":"buy","buyer":"summertooth","seller":"nastyforce","symbol":"BEER","quantity":"1.00000000","price":"0.20901000","timestamp":1628211231,"volume":"0.20901000","buyTxId":"9e31f9ba980a3da25a74b4c7381f105b8981ce03","sellTxId":"c04850bc215fe268c16ea92f910fb75362903ac7"}
{"index": {"_index":"beer","_id":"1310748"}}
	{"id":1310748,"type":"buy","buyer":"summertooth","seller":"master-lamps","symbol":"BEER","quantity":"0.00200000","price":"0.21993999","timestamp":1628211231,"volume":"0.00043988","buyTxId":"9e31f9ba980a3da25a74b4c7381f105b8981ce03","sellTxId":"a98fabdbc29017df1657fb1cf4be5923560255b0"}
{"index": {"_index":"beer","_id":"1310749"}}
	{"id":1310749,"type":"buy","buyer":"summertooth","seller":"master-lamps","symbol":"BEER","quantity":"0.09950000","price":"0.21993999","timestamp":1628211231,"volume":"0.02188403","buyTxId":"9e31f9ba980a3da25a74b4c7381f105b8981ce03","sellTxId":"bdb99af6233855376f8612eaca5711364e68c50f"}
{"index": {"_index":"beer","_id":"1310750"}}
	{"id":1310750,"type":"buy","buyer":"summertooth","seller":"master-lamps","symbol":"BEER","quantity":"0.51400000","price":"0.21994999","timestamp":1628211231,"volume":"0.11305429","buyTxId":"9e31f9ba980a3da25a74b4c7381f105b8981ce03","sellTxId":"932b9969f8c64792699c68ac0229151a43f3775b"}
{"index": {"_index":"beer","_id":"1310751"}}
	{"id":1310751,"type":"buy","buyer":"summertooth","seller":"master-lamps","symbol":"BEER","quantity":"0.07500000","price":"0.21994999","timestamp":1628211231,"volume":"0.01649625","buyTxId":"9e31f9ba980a3da25a74b4c7381f105b8981ce03","sellTxId":"683fa33c7183fe1eec10c1c891897d4e49f3554c"}
{"index": {"_index":"beer","_id":"1310752"}}
	{"id":1310752,"type":"buy","buyer":"summertooth","seller":"master-lamps","symbol":"BEER","quantity":"2.26000000","price":"0.21994999","timestamp":1628211231,"volume":"0.49708698","buyTxId":"9e31f9ba980a3da25a74b4c7381f105b8981ce03","sellTxId":"03d637ad60cda71912432168b5042438d08a8b86"}
{"index": {"_index":"beer","_id":"1310753"}}
	{"id":1310753,"type":"buy","buyer":"summertooth","seller":"master-lamps","symbol":"BEER","quantity":"0.12600000","price":"0.21994999","timestamp":1628211231,"volume":"0.02771370","buyTxId":"9e31f9ba980a3da25a74b4c7381f105b8981ce03","sellTxId":"c572a841e597d164d8316c3cc75b50344fdcd878"}
{"index": {"_index":"beer","_id":"1310754"}}
	{"id":1310754,"type":"buy","buyer":"summertooth","seller":"master-lamps","symbol":"BEER","quantity":"5.60007500","price":"0.21994999","timestamp":1628211231,"volume":"1.23173644","buyTxId":"9e31f9ba980a3da25a74b4c7381f105b8981ce03","sellTxId":"9c2d3b72e40fe0e94972608fab5876f62573256b"}
{"index": {"_index":"beer","_id":"1310755"}}
	{"id":1310755,"type":"buy","buyer":"summertooth","seller":"harveyword","symbol":"BEER","quantity":"1.00000000","price":"0.21995000","timestamp":1628211231,"volume":"0.21995000","buyTxId":"9e31f9ba980a3da25a74b4c7381f105b8981ce03","sellTxId":"79713e0791eba6c651157db9ae1736f02dcc9c8e"}
{"index": {"_index":"beer","_id":"1310756"}}
	{"id":1310756,"type":"buy","buyer":"summertooth","seller":"miketr","symbol":"BEER","quantity":"0.62342500","price":"0.21998000","timestamp":1628211231,"volume":"0.13714103","buyTxId":"9e31f9ba980a3da25a74b4c7381f105b8981ce03","sellTxId":"b7dc1b5fb85dadfdd8c711e2e620b119707175fa"}
{"index": {"_index":"beer","_id":"1311024"}}
	{"id":1311024,"type":"sell","buyer":"master-lamps","seller":"bashadow","symbol":"BEER","quantity":"6.25000000","price":"0.19707001","timestamp":1628217414,"volume":"1.23168756","buyTxId":"950592f23dc1955db83643aa17f3c201889affa0","sellTxId":"e29b20ecd43cc00785b06580be0183e70bdf817b"}
{"index": {"_index":"beer","_id":"1311025"}}
	{"id":1311025,"type":"sell","buyer":"master-lamps","seller":"thesimguru","symbol":"BEER","quantity":"0.18000000","price":"0.19707001","timestamp":1628217429,"volume":"0.03547260","buyTxId":"950592f23dc1955db83643aa17f3c201889affa0","sellTxId":"5f7e9a6f4604fc5d8aa268bceb1ad626e1e43ba1"}
