{"index": {"_index":"beer","_id":"1788809"}}
	{"id":1788809,"type":"sell","buyer":"cloudblade","seller":"muenchen","symbol":"BEER","quantity":"0.22000000","price":"0.07010000","timestamp":1635141195,"volume":"0.01542200","buyTxId":"69fe61a8f28766ce9b0408d923c185f1e00f8008","sellTxId":"c867056063f8a325399546309e4b86843e7bda1e"}
{"index": {"_index":"beer","_id":"1789241"}}
	{"id":1789241,"type":"sell","buyer":"cloudblade","seller":"networkallstar","symbol":"BEER","quantity":"28.55408503","price":"0.07010000","timestamp":1635145209,"volume":"2.00164136","buyTxId":"69fe61a8f28766ce9b0408d923c185f1e00f8008","sellTxId":"c358f93714fbf133ed6aaeb76891919de59c8f66"}
{"index": {"_index":"beer","_id":"1790075"}}
	{"id":1790075,"type":"buy","buyer":"drunksamurai","seller":"nervi","symbol":"BEER","quantity":"0.02800000","price":"0.16000000","timestamp":1635154743,"volume":"0.00448000","buyTxId":"20e40a9ad610ec250d517df9fc2f07ae430550a8","sellTxId":"5e51dbe008a4bf52a562cee433963fffa7c81429"}
{"index": {"_index":"beer","_id":"1790140"}}
	{"id":1790140,"type":"sell","buyer":"drunksamurai","seller":"steemstreems","symbol":"BEER","quantity":"0.014","price":"0.16000000","timestamp":1635155448,"volume":"0.00224000","buyTxId":"20e40a9ad610ec250d517df9fc2f07ae430550a8","sellTxId":"5206bcf1b654eeba8eac7f78f24c113037c7faa2"}
{"index": {"_index":"beer","_id":"1790157"}}
	{"id":1790157,"type":"sell","buyer":"drunksamurai","seller":"cloudblade","symbol":"BEER","quantity":"0.95800000","price":"0.16000000","timestamp":1635155652,"volume":"0.15328000","buyTxId":"20e40a9ad610ec250d517df9fc2f07ae430550a8","sellTxId":"43fe69bdecbab80a5b2a7aabd3212811ed2e49f3"}
{"index": {"_index":"beer","_id":"1790405"}}
	{"id":1790405,"type":"sell","buyer":"cloudblade","seller":"phortun","symbol":"BEER","quantity":"0.52500000","price":"0.07010000","timestamp":1635158703,"volume":"0.03680250","buyTxId":"69fe61a8f28766ce9b0408d923c185f1e00f8008","sellTxId":"4d8204c878ff5a0ee4227ffc5b15b3e81da0a3a8"}
{"index": {"_index":"beer","_id":"1791184"}}
	{"id":1791184,"type":"sell","buyer":"cloudblade","seller":"chekohler","symbol":"BEER","quantity":"0.09081330","price":"0.07010000","timestamp":1635167091,"volume":"0.00636601","buyTxId":"69fe61a8f28766ce9b0408d923c185f1e00f8008","sellTxId":"670972ec8f1a015ec027964689a424d90e99f27c"}
{"index": {"_index":"beer","_id":"1794078"}}
	{"id":1794078,"type":"sell","buyer":"eirik","seller":"fantasycrypto","symbol":"BEER","quantity":"0.50000000","price":"0.08000000","timestamp":1635186486,"volume":"0.04000000","buyTxId":"09a360d8b83e8b778f8bd71cfe63e92fc6cda251","sellTxId":"44719634d836c9bf6c1c2b23a6ae80f0b6cf2e13"}
{"index": {"_index":"beer","_id":"1794625"}}
	{"id":1794625,"type":"sell","buyer":"eirik","seller":"steemstreems","symbol":"BEER","quantity":"0.007","price":"0.08000000","timestamp":1635190266,"volume":"0.00056000","buyTxId":"09a360d8b83e8b778f8bd71cfe63e92fc6cda251","sellTxId":"530f55eefdcfeb360ba73bfd74c8c4598df2f34a"}
{"index": {"_index":"beer","_id":"1794648"}}
	{"id":1794648,"type":"buy","buyer":"captain.future","seller":"stayoutoftherz","symbol":"BEER","quantity":"9.00000000","price":"0.16000000","timestamp":1635190554,"volume":"1.44000000","buyTxId":"e529512d995df934210c2dace2bcb338f772afcf","sellTxId":"38e84e6a5fd5ed59cbb9b432d5675c42bdb6516b"}
{"index": {"_index":"beer","_id":"1795100"}}
	{"id":1795100,"type":"sell","buyer":"eirik","seller":"mafia.wallet","symbol":"BEER","quantity":"0.037","price":"0.08000000","timestamp":1635195189,"volume":"0.00296000","buyTxId":"09a360d8b83e8b778f8bd71cfe63e92fc6cda251","sellTxId":"8c245f9e4e430b8431bbc9cb5e53c60dc0218bd5-1"}
{"index": {"_index":"beer","_id":"1795451"}}
	{"id":1795451,"type":"buy","buyer":"harveyword","seller":"eirik","symbol":"BEER","quantity":"0.28681528","price":"0.16500000","timestamp":1635198405,"volume":"0.04732452","buyTxId":"96e95a546ed6b2912fb50311630b596f10ae9edf","sellTxId":"5749b862eab20fec8a97519dcb56623a311e55da"}
{"index": {"_index":"beer","_id":"1795966"}}
	{"id":1795966,"type":"buy","buyer":"vokus","seller":"exator","symbol":"BEER","quantity":"24.00000000","price":"0.16000000","timestamp":1635203856,"volume":"3.84000000","buyTxId":"f1ceee20b5e01f57be8462f9edd28e818e0063b2","sellTxId":"cd4145a6f4d34ccf6e1d6b75bef7f331ed1651f9"}
{"index": {"_index":"beer","_id":"1796399"}}
	{"id":1796399,"type":"sell","buyer":"harveyword","seller":"josueprime","symbol":"BEER","quantity":"0.05000000","price":"0.08010000","timestamp":1635208722,"volume":"0.00400500","buyTxId":"d6da1b539f4523049fa8913e3db401fc053ce6de","sellTxId":"50b51fc696e16d74adaff2837e32b66bbb2f2208"}
