{"index": {"_index":"beer","_id":"2375470"}}
	{"id":2375470,"type":"sell","buyer":"detlev","seller":"chekohler","symbol":"BEER","quantity":"0.01250000","price":"0.15400000","timestamp":1640412861,"volume":"0.00192500","buyTxId":"1194734f630e635d28fdead415b0652e2552e30d","sellTxId":"faabffb5f267e1446d65c32854139a60d19e3ca4"}
{"index": {"_index":"beer","_id":"2375553"}}
	{"id":2375553,"type":"sell","buyer":"detlev","seller":"masoom","symbol":"BEER","quantity":"3.60000000","price":"0.15400000","timestamp":1640414013,"volume":"0.55440000","buyTxId":"1194734f630e635d28fdead415b0652e2552e30d","sellTxId":"2091c66d936643c8e360d60f433ddd43716ced47"}
{"index": {"_index":"beer","_id":"2375886"}}
	{"id":2375886,"type":"sell","buyer":"detlev","seller":"itharagaian","symbol":"BEER","quantity":"0.01450000","price":"0.15400000","timestamp":1640418387,"volume":"0.00223300","buyTxId":"1194734f630e635d28fdead415b0652e2552e30d","sellTxId":"79be0f56720f5bbd10586a1cf9a3a209d50a9be0"}
{"index": {"_index":"beer","_id":"2376281"}}
	{"id":2376281,"type":"sell","buyer":"detlev","seller":"zzz.accounting","symbol":"BEER","quantity":"0.00007254","price":"0.15400000","timestamp":1640422803,"volume":"0.00001117","buyTxId":"1194734f630e635d28fdead415b0652e2552e30d","sellTxId":"222c7fd420cee8e3d98fe97544089c3d90fee232"}
{"index": {"_index":"beer","_id":"2376486"}}
	{"id":2376486,"type":"sell","buyer":"detlev","seller":"stevieboyes","symbol":"BEER","quantity":"3.00204127","price":"0.15400000","timestamp":1640426577,"volume":"0.46231436","buyTxId":"1194734f630e635d28fdead415b0652e2552e30d","sellTxId":"39a324690c8616a77986bfd029da802a934c81da"}
{"index": {"_index":"beer","_id":"2377309"}}
	{"id":2377309,"type":"sell","buyer":"detlev","seller":"saulos","symbol":"BEER","quantity":"15.28621364","price":"0.15400000","timestamp":1640436486,"volume":"2.35407690","buyTxId":"1194734f630e635d28fdead415b0652e2552e30d","sellTxId":"ab81b474a8f13f7d776a6cc87f912da513751c5b"}
{"index": {"_index":"beer","_id":"2377444"}}
	{"id":2377444,"type":"buy","buyer":"zonadigital21","seller":"cloudblade","symbol":"BEER","quantity":"3.00000000","price":"0.16891000","timestamp":1640438175,"volume":"0.50673000","buyTxId":"1d3ca1962ce2bc3d991c9a7106e854315add2d6d","sellTxId":"c1a90d6c704ffeb2d0a874bc4720d807eb7cce12"}
{"index": {"_index":"beer","_id":"2377732"}}
	{"id":2377732,"type":"sell","buyer":"detlev","seller":"mondoshawan","symbol":"BEER","quantity":"0.07421875","price":"0.15400000","timestamp":1640441184,"volume":"0.01142969","buyTxId":"1194734f630e635d28fdead415b0652e2552e30d","sellTxId":"827e1813c2b0e570d8fae4ab1cf11681f59e43c5"}
{"index": {"_index":"beer","_id":"2378569"}}
	{"id":2378569,"type":"sell","buyer":"detlev","seller":"evernoticethat","symbol":"BEER","quantity":"1.22022571","price":"0.15400000","timestamp":1640450085,"volume":"0.18791476","buyTxId":"1194734f630e635d28fdead415b0652e2552e30d","sellTxId":"d320e13caa3933354655fbb4218ac653a796c66e"}
{"index": {"_index":"beer","_id":"2378785"}}
	{"id":2378785,"type":"sell","buyer":"detlev","seller":"miketr","symbol":"BEER","quantity":"4.00000000","price":"0.15400000","timestamp":1640451912,"volume":"0.61600000","buyTxId":"1194734f630e635d28fdead415b0652e2552e30d","sellTxId":"ab69e97b8ee6911dbbb9ae4ec1e4f8144465839f"}
{"index": {"_index":"beer","_id":"2379271"}}
	{"id":2379271,"type":"sell","buyer":"detlev","seller":"kraki","symbol":"BEER","quantity":"0.12500000","price":"0.15400000","timestamp":1640456199,"volume":"0.01925000","buyTxId":"1194734f630e635d28fdead415b0652e2552e30d","sellTxId":"40fb5de86237e38d61b5874379939c858426d882"}
{"index": {"_index":"beer","_id":"2380800"}}
	{"id":2380800,"type":"sell","buyer":"detlev","seller":"marfonso","symbol":"BEER","quantity":"0.91798936","price":"0.15400000","timestamp":1640473488,"volume":"0.14137036","buyTxId":"1194734f630e635d28fdead415b0652e2552e30d","sellTxId":"9c022d43d8900ca17a6d90561bc48dd54df0ef97"}
{"index": {"_index":"beer","_id":"2380903"}}
	{"id":2380903,"type":"sell","buyer":"detlev","seller":"steem.services","symbol":"BEER","quantity":"0.982","price":"0.15400000","timestamp":1640474823,"volume":"0.15122800","buyTxId":"1194734f630e635d28fdead415b0652e2552e30d","sellTxId":"9ac1ebc05d2d31826bbb406c182b236ce2d3a7f1"}
{"index": {"_index":"beer","_id":"2381604"}}
	{"id":2381604,"type":"sell","buyer":"detlev","seller":"rexikhan","symbol":"BEER","quantity":"4.01000000","price":"0.15400000","timestamp":1640480640,"volume":"0.61754000","buyTxId":"1194734f630e635d28fdead415b0652e2552e30d","sellTxId":"ccd739516804b4f5ab543f0863c5dfb29685b528"}
{"index": {"_index":"beer","_id":"2381704"}}
	{"id":2381704,"type":"sell","buyer":"detlev","seller":"ht14","symbol":"BEER","quantity":"0.05400000","price":"0.15400000","timestamp":1640481621,"volume":"0.00831600","buyTxId":"1194734f630e635d28fdead415b0652e2552e30d","sellTxId":"e72c47ae89e4336e8d09d8c5b4202930fbc57658"}
{"index": {"_index":"beer","_id":"2382248"}}
	{"id":2382248,"type":"sell","buyer":"detlev","seller":"libert","symbol":"BEER","quantity":"0.96","price":"0.15400000","timestamp":1640488734,"volume":"0.14784000","buyTxId":"1194734f630e635d28fdead415b0652e2552e30d","sellTxId":"91360cbe7e6f73d7e646f2e1d23b160721c676e7"}
