{"index": {"_index":"beer","_id":"1182610"}}
	{"id":1182610,"type":"sell","buyer":"zoe24","seller":"ahmetay","symbol":"BEER","quantity":"0.01250000","price":"0.19000400","timestamp":1625028210,"volume":"0.00237505","buyTxId":"a2f6677d9cc7f005cee9cabcf234781f133bcf03","sellTxId":"da9b97f3ede972c3ebedc7dd00bbcff069550ff3"}
{"index": {"_index":"beer","_id":"1182668"}}
	{"id":1182668,"type":"sell","buyer":"zoe24","seller":"lammbock","symbol":"BEER","quantity":"3.15411134","price":"0.19000400","timestamp":1625029359,"volume":"0.59929377","buyTxId":"a2f6677d9cc7f005cee9cabcf234781f133bcf03","sellTxId":"15945013e7d7f66a61cc2fa496d41af3c562c1c1"}
{"index": {"_index":"beer","_id":"1182731"}}
	{"id":1182731,"type":"sell","buyer":"zoe24","seller":"onealfa.leo","symbol":"BEER","quantity":"0.50202455","price":"0.19000400","timestamp":1625031738,"volume":"0.09538667","buyTxId":"a2f6677d9cc7f005cee9cabcf234781f133bcf03","sellTxId":"f25ec6863445b121b4760c0234a074126090cecc"}
{"index": {"_index":"beer","_id":"1183068"}}
	{"id":1183068,"type":"sell","buyer":"zoe24","seller":"itharagaian","symbol":"BEER","quantity":"0.00300000","price":"0.19000400","timestamp":1625040999,"volume":"0.00057001","buyTxId":"a2f6677d9cc7f005cee9cabcf234781f133bcf03","sellTxId":"1d2645835052d4b0901f11dd0d41cf04bcd15c33"}
{"index": {"_index":"beer","_id":"1183376"}}
	{"id":1183376,"type":"sell","buyer":"zoe24","seller":"andy4475","symbol":"BEER","quantity":"0.25000000","price":"0.19000400","timestamp":1625053566,"volume":"0.04750100","buyTxId":"a2f6677d9cc7f005cee9cabcf234781f133bcf03","sellTxId":"afddf032a0b38403ae07838d54262e7a3336e17d"}
{"index": {"_index":"beer","_id":"1183735"}}
	{"id":1183735,"type":"sell","buyer":"zoe24","seller":"roger.remix","symbol":"BEER","quantity":"25.39677401","price":"0.19000400","timestamp":1625064138,"volume":"4.82548865","buyTxId":"a2f6677d9cc7f005cee9cabcf234781f133bcf03","sellTxId":"8d7c3bf892f34a6c9ffc563de00144de600589f7"}
{"index": {"_index":"beer","_id":"1183736"}}
	{"id":1183736,"type":"sell","buyer":"pinkfloyd878","seller":"roger.remix","symbol":"BEER","quantity":"9.36412500","price":"0.19000001","timestamp":1625064138,"volume":"1.77918384","buyTxId":"952643cda72a386eb6571da61138d51a13f96a8b","sellTxId":"8d7c3bf892f34a6c9ffc563de00144de600589f7"}
{"index": {"_index":"beer","_id":"1183737"}}
	{"id":1183737,"type":"sell","buyer":"schlees","seller":"roger.remix","symbol":"BEER","quantity":"49.94300000","price":"0.19000000","timestamp":1625064138,"volume":"9.48917000","buyTxId":"bdbd1006e26005861cba05bfed2e7cf63c7a0cdd","sellTxId":"8d7c3bf892f34a6c9ffc563de00144de600589f7"}
{"index": {"_index":"beer","_id":"1183738"}}
	{"id":1183738,"type":"sell","buyer":"lookplz","seller":"roger.remix","symbol":"BEER","quantity":"10.20604945","price":"0.18100000","timestamp":1625064138,"volume":"1.84729495","buyTxId":"abb96d4b149b55f9ee7ba772b1b6ccad198ff62b","sellTxId":"8d7c3bf892f34a6c9ffc563de00144de600589f7"}
{"index": {"_index":"beer","_id":"1183739"}}
	{"id":1183739,"type":"sell","buyer":"muscara","seller":"roger.remix","symbol":"BEER","quantity":"1.00000000","price":"0.18003000","timestamp":1625064138,"volume":"0.18003000","buyTxId":"6f4b5b8c4878c54632f55aef146e15a6c7d9df6e","sellTxId":"8d7c3bf892f34a6c9ffc563de00144de600589f7"}
{"index": {"_index":"beer","_id":"1183740"}}
	{"id":1183740,"type":"sell","buyer":"cloudblade","seller":"roger.remix","symbol":"BEER","quantity":"280.00000000","price":"0.16100000","timestamp":1625064138,"volume":"45.08000000","buyTxId":"b228010c7f8fceeaa6dfc7428d0320129fb2b4e5","sellTxId":"8d7c3bf892f34a6c9ffc563de00144de600589f7"}
{"index": {"_index":"beer","_id":"1183741"}}
	{"id":1183741,"type":"sell","buyer":"detlev","seller":"roger.remix","symbol":"BEER","quantity":"22.00000000","price":"0.16040000","timestamp":1625064138,"volume":"3.52880000","buyTxId":"8b8f27d062967b00c7a12bd0987da9f3015cedd8","sellTxId":"8d7c3bf892f34a6c9ffc563de00144de600589f7"}
{"index": {"_index":"beer","_id":"1183775"}}
	{"id":1183775,"type":"sell","buyer":"roger.remix","seller":"egistar","symbol":"BEER","quantity":"0.011","price":"0.01000000","timestamp":1625065614,"volume":"0.00011000","buyTxId":"ae89c9f69bb83886b0ce88613ce7da89565dbe3e","sellTxId":"fd2d67327f9e8a4ff2f3dce8c118715acbf31976"}
{"index": {"_index":"beer","_id":"1183856"}}
	{"id":1183856,"type":"sell","buyer":"roger.remix","seller":"steemstreems","symbol":"BEER","quantity":"0.02300000","price":"0.01000000","timestamp":1625066958,"volume":"0.00023000","buyTxId":"ae89c9f69bb83886b0ce88613ce7da89565dbe3e","sellTxId":"f2cdb5183b622487e07fc40a1e85570ea6caaa41"}
{"index": {"_index":"beer","_id":"1183956"}}
	{"id":1183956,"type":"buy","buyer":"detlev","seller":"roger.remix","symbol":"BEER","quantity":"16.98669759","price":"0.16040000","timestamp":1625070273,"volume":"2.72466629","buyTxId":"148fe6eb30b33ec783ad1a6c303d8514cb7a5601","sellTxId":"8d7c3bf892f34a6c9ffc563de00144de600589f7"}
{"index": {"_index":"beer","_id":"1183959"}}
	{"id":1183959,"type":"buy","buyer":"fon","seller":"harveyword","symbol":"BEER","quantity":"1.01314900","price":"0.24000000","timestamp":1625070453,"volume":"0.24315576","buyTxId":"cb98a0ecfea8da094c2afd212f5a6fce08d0d30f","sellTxId":"4aba0ae378a5f9f6aceb6c6f46e525d41439e249"}
{"index": {"_index":"beer","_id":"1183961"}}
	{"id":1183961,"type":"buy","buyer":"fon","seller":"harveyword","symbol":"BEER","quantity":"0.00000025","price":"0.24000000","timestamp":1625070609,"volume":"0.00000006","buyTxId":"00df4469f3bc8315758efabb5ea5db58a4f26b10","sellTxId":"4aba0ae378a5f9f6aceb6c6f46e525d41439e249"}
{"index": {"_index":"beer","_id":"1183962"}}
	{"id":1183962,"type":"buy","buyer":"fon","seller":"zoe24","symbol":"BEER","quantity":"0.09999975","price":"0.24797000","timestamp":1625070609,"volume":"0.02479694","buyTxId":"00df4469f3bc8315758efabb5ea5db58a4f26b10","sellTxId":"427e96e9a160d1e8a59c9640868882b635185acf"}
{"index": {"_index":"beer","_id":"1184070"}}
	{"id":1184070,"type":"sell","buyer":"detlev","seller":"phoenixwren","symbol":"BEER","quantity":"3.26230369","price":"0.22120000","timestamp":1625073222,"volume":"0.72162158","buyTxId":"2fba23d3d688a2fc45ac8c5a8ebf6b71a7aa1f2a","sellTxId":"dbb77ca7c88e418d46bece7ad80b1a408062df1b"}
{"index": {"_index":"beer","_id":"1184091"}}
	{"id":1184091,"type":"sell","buyer":"detlev","seller":"monsterjamgold","symbol":"BEER","quantity":"0.13400000","price":"0.22120000","timestamp":1625073873,"volume":"0.02964080","buyTxId":"2fba23d3d688a2fc45ac8c5a8ebf6b71a7aa1f2a","sellTxId":"f68f95fc4fc49f30c9da97b873448e7652e6c11a"}
{"index": {"_index":"beer","_id":"1184181"}}
	{"id":1184181,"type":"sell","buyer":"detlev","seller":"steempower-001","symbol":"BEER","quantity":"0.01250000","price":"0.22120000","timestamp":1625077047,"volume":"0.00276500","buyTxId":"2fba23d3d688a2fc45ac8c5a8ebf6b71a7aa1f2a","sellTxId":"805f26a1dc942d631b1131170c8cde56da2a5cca"}
{"index": {"_index":"beer","_id":"1184233"}}
	{"id":1184233,"type":"sell","buyer":"detlev","seller":"thatsweeneyguy","symbol":"BEER","quantity":"1.40251440","price":"0.22120000","timestamp":1625078556,"volume":"0.31023619","buyTxId":"2fba23d3d688a2fc45ac8c5a8ebf6b71a7aa1f2a","sellTxId":"245523bffd242724720c87c0e1b9f283b0bf6444"}
{"index": {"_index":"beer","_id":"1184236"}}
	{"id":1184236,"type":"sell","buyer":"detlev","seller":"muenchen","symbol":"BEER","quantity":"1.03100000","price":"0.22120000","timestamp":1625078607,"volume":"0.22805720","buyTxId":"2fba23d3d688a2fc45ac8c5a8ebf6b71a7aa1f2a","sellTxId":"5b05a0f9463ee6f53b4010f02c9404d9fa459b42"}
{"index": {"_index":"beer","_id":"1184454"}}
	{"id":1184454,"type":"buy","buyer":"detlev","seller":"zoe24","symbol":"BEER","quantity":"0.10000000","price":"0.24797000","timestamp":1625085384,"volume":"0.02479700","buyTxId":"d71fba7ee9e60574a845cb3af8b62e6143fbd8b8","sellTxId":"427e96e9a160d1e8a59c9640868882b635185acf"}
{"index": {"_index":"beer","_id":"1184487"}}
	{"id":1184487,"type":"sell","buyer":"fiberfrau","seller":"deathwing","symbol":"BEER","quantity":"0.007","price":"0.24790000","timestamp":1625086512,"volume":"0.00173530","buyTxId":"cce7e15fe67f00693720818c5c3f974428bfb75d","sellTxId":"ba09fcbbdb6fccc405f7ff4eebee6217b9c3111e-2"}
{"index": {"_index":"beer","_id":"1184573"}}
	{"id":1184573,"type":"sell","buyer":"fiberfrau","seller":"jk6276","symbol":"BEER","quantity":"0.01250000","price":"0.24790000","timestamp":1625088789,"volume":"0.00309875","buyTxId":"cce7e15fe67f00693720818c5c3f974428bfb75d","sellTxId":"ead87c137576a44e24428498c3afc1d08ff0c75a"}
{"index": {"_index":"beer","_id":"1185147"}}
	{"id":1185147,"type":"sell","buyer":"fiberfrau","seller":"johnhtims.life","symbol":"BEER","quantity":"0.11250000","price":"0.24790000","timestamp":1625097504,"volume":"0.02788875","buyTxId":"cce7e15fe67f00693720818c5c3f974428bfb75d","sellTxId":"5869289b8ca333bdefc3afdaca10f1fc66be5f54"}
{"index": {"_index":"beer","_id":"1185271"}}
	{"id":1185271,"type":"sell","buyer":"fiberfrau","seller":"master-lamps","symbol":"BEER","quantity":"0.26800000","price":"0.24790000","timestamp":1625102112,"volume":"0.06643720","buyTxId":"cce7e15fe67f00693720818c5c3f974428bfb75d","sellTxId":"5e2e648adcad7ba30d05389d6480929b5f7124cd"}
{"index": {"_index":"beer","_id":"1185289"}}
	{"id":1185289,"type":"sell","buyer":"detlev","seller":"mafia.wallet","symbol":"BEER","quantity":"0.057","price":"0.22120000","timestamp":1625103156,"volume":"0.01260840","buyTxId":"2fba23d3d688a2fc45ac8c5a8ebf6b71a7aa1f2a","sellTxId":"74fde2b4fc9f443d869e55043be8f91d1f6a7c92-2"}
{"index": {"_index":"beer","_id":"1185406"}}
	{"id":1185406,"type":"sell","buyer":"detlev","seller":"cloudblade","symbol":"BEER","quantity":"9.10068191","price":"0.22120000","timestamp":1625106012,"volume":"2.01307083","buyTxId":"2fba23d3d688a2fc45ac8c5a8ebf6b71a7aa1f2a","sellTxId":"479310c2e9dbef3108f26845b9c7a2c331c3f808"}
{"index": {"_index":"beer","_id":"1185407"}}
	{"id":1185407,"type":"sell","buyer":"louis88","seller":"cloudblade","symbol":"BEER","quantity":"5.00000000","price":"0.22100000","timestamp":1625106012,"volume":"1.10500000","buyTxId":"b8dd93139f5709e324f8d1df5f24af3cad82986e","sellTxId":"479310c2e9dbef3108f26845b9c7a2c331c3f808"}
{"index": {"_index":"beer","_id":"1185408"}}
	{"id":1185408,"type":"sell","buyer":"louis88","seller":"cloudblade","symbol":"BEER","quantity":"12.00000000","price":"0.22055010","timestamp":1625106012,"volume":"2.64660120","buyTxId":"7d9bbf4efc66011bda9637c5cca0439d21ccb979","sellTxId":"479310c2e9dbef3108f26845b9c7a2c331c3f808"}
{"index": {"_index":"beer","_id":"1185409"}}
	{"id":1185409,"type":"sell","buyer":"master-lamps","seller":"cloudblade","symbol":"BEER","quantity":"0.34000000","price":"0.21798000","timestamp":1625106012,"volume":"0.07411320","buyTxId":"fde7a2f883c46992eed5fe81db3e1c9575e8c83b","sellTxId":"479310c2e9dbef3108f26845b9c7a2c331c3f808"}
{"index": {"_index":"beer","_id":"1185410"}}
	{"id":1185410,"type":"sell","buyer":"rivalzzz","seller":"cloudblade","symbol":"BEER","quantity":"16.00000000","price":"0.21797000","timestamp":1625106012,"volume":"3.48752000","buyTxId":"79df7c6711c6129db35fe7373e4be09eb1a7e266","sellTxId":"479310c2e9dbef3108f26845b9c7a2c331c3f808"}
{"index": {"_index":"beer","_id":"1185411"}}
	{"id":1185411,"type":"sell","buyer":"louis88","seller":"cloudblade","symbol":"BEER","quantity":"11.55931809","price":"0.21510000","timestamp":1625106012,"volume":"2.48640932","buyTxId":"60481bc2e2435d7a9dd518146a723ea047971ce2","sellTxId":"479310c2e9dbef3108f26845b9c7a2c331c3f808"}
{"index": {"_index":"beer","_id":"1185442"}}
	{"id":1185442,"type":"buy","buyer":"bronkong","seller":"cloudblade","symbol":"BEER","quantity":"24.00000000","price":"0.24790000","timestamp":1625107164,"volume":"5.94960000","buyTxId":"d8c660fb785ac5f312b771f316cc652306a5966f","sellTxId":"e47fc7ca2c06b28c6c9ca40fc4ffa82775e97042"}
