{"index": {"_index":"beer","_id":"2066434"}}
	{"id":2066434,"type":"sell","buyer":"detlev","seller":"mafia.wallet","symbol":"BEER","quantity":"0.035","price":"0.19210000","timestamp":1637552592,"volume":"0.00672350","buyTxId":"9adfa1797895c2b11579484baeaab2843a3a586f","sellTxId":"432b9a3f14fd470601030c838f0ff35593d963c4-3"}
{"index": {"_index":"beer","_id":"2066723"}}
	{"id":2066723,"type":"sell","buyer":"detlev","seller":"magnacarta","symbol":"BEER","quantity":"0.05","price":"0.19210000","timestamp":1637557125,"volume":"0.00960500","buyTxId":"9adfa1797895c2b11579484baeaab2843a3a586f","sellTxId":"4c9148fbfa87b3f6534f1cf2d92cea5c43758909"}
{"index": {"_index":"beer","_id":"2066919"}}
	{"id":2066919,"type":"sell","buyer":"detlev","seller":"augustbrown","symbol":"BEER","quantity":"0.00600000","price":"0.19210000","timestamp":1637558802,"volume":"0.00115260","buyTxId":"9adfa1797895c2b11579484baeaab2843a3a586f","sellTxId":"845384abe4bc6a63ed6ab888b7961f2c2c7220a2"}
{"index": {"_index":"beer","_id":"2067788"}}
	{"id":2067788,"type":"sell","buyer":"detlev","seller":"itharagaian","symbol":"BEER","quantity":"0.00200000","price":"0.19210000","timestamp":1637566662,"volume":"0.00038420","buyTxId":"9adfa1797895c2b11579484baeaab2843a3a586f","sellTxId":"01a084ed252ac01824e2f94dd02664ed8d60df66"}
{"index": {"_index":"beer","_id":"2068084"}}
	{"id":2068084,"type":"sell","buyer":"detlev","seller":"networkallstar","symbol":"BEER","quantity":"0.68125667","price":"0.19210000","timestamp":1637569419,"volume":"0.13086941","buyTxId":"9adfa1797895c2b11579484baeaab2843a3a586f","sellTxId":"cd3aa755f4c93cb15e69558af1cc0ee51dbd5a2c"}
{"index": {"_index":"beer","_id":"2068530"}}
	{"id":2068530,"type":"sell","buyer":"detlev","seller":"ugochill","symbol":"BEER","quantity":"1.52615861","price":"0.19210000","timestamp":1637573823,"volume":"0.29317507","buyTxId":"9adfa1797895c2b11579484baeaab2843a3a586f","sellTxId":"8cbe84d37c85831690900b5c6c17c37c0593b99a"}
{"index": {"_index":"beer","_id":"2068601"}}
	{"id":2068601,"type":"sell","buyer":"detlev","seller":"lightcaptured","symbol":"BEER","quantity":"1.03658772","price":"0.19210000","timestamp":1637574726,"volume":"0.19912850","buyTxId":"9adfa1797895c2b11579484baeaab2843a3a586f","sellTxId":"029bc6b89e1b4acfb5651154367169b7d5cdf331"}
{"index": {"_index":"beer","_id":"2069492"}}
	{"id":2069492,"type":"buy","buyer":"beerlover","seller":"martusamak","symbol":"BEER","quantity":"0.56209300","price":"0.20000000","timestamp":1637584035,"volume":"0.11241860","buyTxId":"76f5ed18191710a473dfeaccbf19f6094dab6c68","sellTxId":"d3ebe1e65bf5eae29b5520d585b1c5c1c4dd0952"}
{"index": {"_index":"beer","_id":"2069499"}}
	{"id":2069499,"type":"buy","buyer":"beerlover","seller":"martusamak","symbol":"BEER","quantity":"0.00000074","price":"0.20000000","timestamp":1637584065,"volume":"0.00000015","buyTxId":"d8e75f2a001826d6c14acc9f4073ef5920c60b31","sellTxId":"d3ebe1e65bf5eae29b5520d585b1c5c1c4dd0952"}
{"index": {"_index":"beer","_id":"2069500"}}
	{"id":2069500,"type":"buy","buyer":"beerlover","seller":"marketroll","symbol":"BEER","quantity":"0.09999926","price":"0.24220000","timestamp":1637584065,"volume":"0.02421982","buyTxId":"d8e75f2a001826d6c14acc9f4073ef5920c60b31","sellTxId":"ccf15d8cdc0e0fc0145389d73bdc5b2ad8489985"}
{"index": {"_index":"beer","_id":"2069547"}}
	{"id":2069547,"type":"sell","buyer":"beerlover","seller":"keimo","symbol":"BEER","quantity":"3.00000000","price":"0.20220000","timestamp":1637584497,"volume":"0.60660000","buyTxId":"c9c4a15ec0cef9b561e392c46921ec2f44cf7434","sellTxId":"ec9a3f37399dc8d28e160259ef4a57674283fdc7"}
{"index": {"_index":"beer","_id":"2069804"}}
	{"id":2069804,"type":"buy","buyer":"detlev","seller":"marketroll","symbol":"BEER","quantity":"0.10000000","price":"0.24220000","timestamp":1637587374,"volume":"0.02422000","buyTxId":"34ca3ad08107b45e15f900f63a98d9907fce9a29","sellTxId":"ccf15d8cdc0e0fc0145389d73bdc5b2ad8489985"}
{"index": {"_index":"beer","_id":"2069947"}}
	{"id":2069947,"type":"sell","buyer":"beerlover","seller":"theoriginal86","symbol":"BEER","quantity":"7.00000000","price":"0.20220000","timestamp":1637588286,"volume":"1.41540000","buyTxId":"c9c4a15ec0cef9b561e392c46921ec2f44cf7434","sellTxId":"1e522526ef185abca17941568c1f24a89e870f46"}
{"index": {"_index":"beer","_id":"2070678"}}
	{"id":2070678,"type":"sell","buyer":"detlev","seller":"salimbur","symbol":"BEER","quantity":"30.90781817","price":"0.19210000","timestamp":1637593392,"volume":"5.93739187","buyTxId":"9adfa1797895c2b11579484baeaab2843a3a586f","sellTxId":"0b761a3a6fe2a4883dc22e964a58b16a4a8a9c1c"}
{"index": {"_index":"beer","_id":"2070693"}}
	{"id":2070693,"type":"sell","buyer":"detlev","seller":"vcelier","symbol":"BEER","quantity":"0.49000000","price":"0.19210000","timestamp":1637593512,"volume":"0.09412900","buyTxId":"9adfa1797895c2b11579484baeaab2843a3a586f","sellTxId":"bd64d788951640e819bfd85530fecb96c896302d"}
{"index": {"_index":"beer","_id":"2070746"}}
	{"id":2070746,"type":"sell","buyer":"detlev","seller":"tomhall","symbol":"BEER","quantity":"43.55443600","price":"0.19210000","timestamp":1637593992,"volume":"8.36680716","buyTxId":"9adfa1797895c2b11579484baeaab2843a3a586f","sellTxId":"8c186521ad548227bb2ed7986bd47e5ec392f848"}
{"index": {"_index":"beer","_id":"2071118"}}
	{"id":2071118,"type":"sell","buyer":"coolsurfer","seller":"marianomariano","symbol":"BEER","quantity":"0.17500000","price":"0.21910000","timestamp":1637597469,"volume":"0.03834250","buyTxId":"0758582e9e522f4a182b68f9a0e4eb8a2ac1bdb5","sellTxId":"ef0966fa87d24eb35445eda9f02eb409e840a96f"}
{"index": {"_index":"beer","_id":"2071292"}}
	{"id":2071292,"type":"sell","buyer":"coolsurfer","seller":"miketr","symbol":"BEER","quantity":"10.00000000","price":"0.21910000","timestamp":1637598375,"volume":"2.19100000","buyTxId":"0758582e9e522f4a182b68f9a0e4eb8a2ac1bdb5","sellTxId":"3f9ba7d75476ba2a67d74bc08164dbb3dfe049b9"}
{"index": {"_index":"beer","_id":"2071345"}}
	{"id":2071345,"type":"sell","buyer":"coolsurfer","seller":"lotto-de","symbol":"BEER","quantity":"10.00000000","price":"0.21910000","timestamp":1637598465,"volume":"2.19100000","buyTxId":"0758582e9e522f4a182b68f9a0e4eb8a2ac1bdb5","sellTxId":"6003a4d6561e87631c2591b8327f28a5ee45de12"}
{"index": {"_index":"beer","_id":"2071427"}}
	{"id":2071427,"type":"sell","buyer":"coolsurfer","seller":"hiveexplorers","symbol":"BEER","quantity":"0.02250000","price":"0.21910000","timestamp":1637598744,"volume":"0.00492975","buyTxId":"0758582e9e522f4a182b68f9a0e4eb8a2ac1bdb5","sellTxId":"e47f4281bdcf0aca626ae6cfd7549b2525d77e52"}
{"index": {"_index":"beer","_id":"2071804"}}
	{"id":2071804,"type":"sell","buyer":"coolsurfer","seller":"helcim","symbol":"BEER","quantity":"0.10000000","price":"0.21910000","timestamp":1637600337,"volume":"0.02191000","buyTxId":"0758582e9e522f4a182b68f9a0e4eb8a2ac1bdb5","sellTxId":"7cad5407d813392802a3e6e3cd757f362a1aa11e"}
{"index": {"_index":"beer","_id":"2072478"}}
	{"id":2072478,"type":"sell","buyer":"coolsurfer","seller":"onealfa","symbol":"BEER","quantity":"0.564","price":"0.21910000","timestamp":1637604180,"volume":"0.12357240","buyTxId":"0758582e9e522f4a182b68f9a0e4eb8a2ac1bdb5","sellTxId":"600d580db2d1d8d7284dd67ada15800daa7c6a4b"}
{"index": {"_index":"beer","_id":"2073189"}}
	{"id":2073189,"type":"sell","buyer":"coolsurfer","seller":"mafia.wallet","symbol":"BEER","quantity":"0.035","price":"0.21910000","timestamp":1637608536,"volume":"0.00766850","buyTxId":"0758582e9e522f4a182b68f9a0e4eb8a2ac1bdb5","sellTxId":"960aa8d898fe94c347d0247c8e6af7486b925a17-2"}
{"index": {"_index":"beer","_id":"2073324"}}
	{"id":2073324,"type":"sell","buyer":"coolsurfer","seller":"josueprime","symbol":"BEER","quantity":"0.02500000","price":"0.21910000","timestamp":1637609217,"volume":"0.00547750","buyTxId":"0758582e9e522f4a182b68f9a0e4eb8a2ac1bdb5","sellTxId":"f48fc8a8920550c54c1bc72a9f34cb3bb9d24a7e"}
{"index": {"_index":"beer","_id":"2073485"}}
	{"id":2073485,"type":"sell","buyer":"coolsurfer","seller":"fantasycrypto","symbol":"BEER","quantity":"0.07850000","price":"0.21910000","timestamp":1637610312,"volume":"0.01719935","buyTxId":"0758582e9e522f4a182b68f9a0e4eb8a2ac1bdb5","sellTxId":"dd72f9b8bf0675f628063d3e9f4eb1c1d5e0d8e1"}
{"index": {"_index":"beer","_id":"2073486"}}
	{"id":2073486,"type":"sell","buyer":"detlev","seller":"fantasycrypto","symbol":"BEER","quantity":"0.39950000","price":"0.19210000","timestamp":1637610312,"volume":"0.07674395","buyTxId":"9adfa1797895c2b11579484baeaab2843a3a586f","sellTxId":"dd72f9b8bf0675f628063d3e9f4eb1c1d5e0d8e1"}
{"index": {"_index":"beer","_id":"2074574"}}
	{"id":2074574,"type":"buy","buyer":"coolsurfer","seller":"harveyword","symbol":"BEER","quantity":"0.10000000","price":"0.24000000","timestamp":1637619291,"volume":"0.02400000","buyTxId":"482196bfed193fa69df4eeabcb79999b03794c24","sellTxId":"9a2f20768849ac369a086e0e0ba4c4a03388f100"}
{"index": {"_index":"beer","_id":"2074680"}}
	{"id":2074680,"type":"sell","buyer":"detlev","seller":"maffarag","symbol":"BEER","quantity":"0.68000000","price":"0.19210000","timestamp":1637620494,"volume":"0.13062800","buyTxId":"9adfa1797895c2b11579484baeaab2843a3a586f","sellTxId":"43f5734bcdd5f6f5baf31a533603d95fe78c93ed"}
{"index": {"_index":"beer","_id":"2074861"}}
	{"id":2074861,"type":"buy","buyer":"nyxlabs","seller":"master-lamps","symbol":"BEER","quantity":"0.31187500","price":"0.23999897","timestamp":1637622048,"volume":"0.07484968","buyTxId":"b25f26a92fa49d93a768ec04391cd4da36b5a40f","sellTxId":"8b53be7f90f3c48c894cd6f23c868d45446b68a8"}
{"index": {"_index":"beer","_id":"2074875"}}
	{"id":2074875,"type":"sell","buyer":"detlev","seller":"donatello","symbol":"BEER","quantity":"2.00000000","price":"0.19210000","timestamp":1637622141,"volume":"0.38420000","buyTxId":"9adfa1797895c2b11579484baeaab2843a3a586f","sellTxId":"188340d1757ead710bdd61aa54273666b6e270c6"}
{"index": {"_index":"beer","_id":"2075194"}}
	{"id":2075194,"type":"sell","buyer":"detlev","seller":"drutter","symbol":"BEER","quantity":"0.02500000","price":"0.19210000","timestamp":1637625456,"volume":"0.00480250","buyTxId":"9adfa1797895c2b11579484baeaab2843a3a586f","sellTxId":"6f4d182ed335db74e0933aff828dc65f03330da0"}
{"index": {"_index":"beer","_id":"2075925"}}
	{"id":2075925,"type":"sell","buyer":"master-lamps","seller":"marketroll","symbol":"BEER","quantity":"0.38963912","price":"0.19210001","timestamp":1637631516,"volume":"0.07484968","buyTxId":"c328bff7bfbc44916839b66fb07d3d8c28dd82e2","sellTxId":"e52f32df9326e762c347663579705f521a7d9eae"}
{"index": {"_index":"beer","_id":"2075926"}}
	{"id":2075926,"type":"sell","buyer":"detlev","seller":"marketroll","symbol":"BEER","quantity":"39.36326527","price":"0.19210000","timestamp":1637631516,"volume":"7.56168325","buyTxId":"9adfa1797895c2b11579484baeaab2843a3a586f","sellTxId":"e52f32df9326e762c347663579705f521a7d9eae"}
{"index": {"_index":"beer","_id":"2075927"}}
	{"id":2075927,"type":"sell","buyer":"loonatic","seller":"marketroll","symbol":"BEER","quantity":"39.38826500","price":"0.19210000","timestamp":1637631516,"volume":"7.56648571","buyTxId":"01f32fc4bf0cdb2818c6049f0856faf8f5b105e5","sellTxId":"e52f32df9326e762c347663579705f521a7d9eae"}
{"index": {"_index":"beer","_id":"2075943"}}
	{"id":2075943,"type":"sell","buyer":"detlev","seller":"marketroll","symbol":"BEER","quantity":"10.00000000","price":"0.16100000","timestamp":1637631555,"volume":"1.61000000","buyTxId":"2e98c3a62170fef6faa992b2c424985ac3b73077","sellTxId":"d7cc99011ae8e0af8e930b5e82b82fb20a1d545d"}
{"index": {"_index":"beer","_id":"2075960"}}
	{"id":2075960,"type":"sell","buyer":"harveyword","seller":"marketroll","symbol":"BEER","quantity":"0.47182932","price":"0.11000000","timestamp":1637631585,"volume":"0.05190123","buyTxId":"2b018d369e3b2e062f6e058b9f34a33d88211020","sellTxId":"72a58471e49c77427bb3bb57bbf56087ef21fb1a"}
{"index": {"_index":"beer","_id":"2076769"}}
	{"id":2076769,"type":"sell","buyer":"marketroll","seller":"aweee","symbol":"BEER","quantity":"0.00781250","price":"0.11100000","timestamp":1637635962,"volume":"0.00086719","buyTxId":"e6afba01bbe9bad6b4b93856dec9b4363e39cd65","sellTxId":"45e754b2f6008d266b56f17e37bc7a725795e1ef"}
{"index": {"_index":"beer","_id":"2076849"}}
	{"id":2076849,"type":"sell","buyer":"marketroll","seller":"andy4475","symbol":"BEER","quantity":"3.59336748","price":"0.11100000","timestamp":1637636343,"volume":"0.39886379","buyTxId":"e6afba01bbe9bad6b4b93856dec9b4363e39cd65","sellTxId":"b6b436e2e9f6133ebf57dd0d50d332a98ea64ec8"}
