{"index": {"_index":"beer","_id":"4141032"}}
	{"id":4141032,"type":"sell","buyer":"maryjane.main","seller":"steemstreems","symbol":"BEER","quantity":"0.006","price":"0.02550100","timestamp":1660619526,"volume":"0.00015301","buyTxId":"52d5b60ef02f72abd7eec946c54d493a83fa256a","sellTxId":"2a78b38afb9845d24013cb1f98f52ef13938ce93"}
{"index": {"_index":"beer","_id":"4141422"}}
	{"id":4141422,"type":"sell","buyer":"master-lamps","seller":"mafia.wallet","symbol":"BEER","quantity":"0.031","price":"0.02550101","timestamp":1660624107,"volume":"0.00079053","buyTxId":"ff96e2e7fcab83199e8143afee68fea71f217047","sellTxId":"7530a205658aa1767add50c887e7eb1cfae046e0-3"}
{"index": {"_index":"beer","_id":"4141914"}}
	{"id":4141914,"type":"sell","buyer":"master-lamps","seller":"backinblackdevil","symbol":"BEER","quantity":"0.37431376","price":"0.02550101","timestamp":1660630245,"volume":"0.00954538","buyTxId":"ff96e2e7fcab83199e8143afee68fea71f217047","sellTxId":"c795bb97ced2aa1a845cf07e97fda5504728858a"}
{"index": {"_index":"beer","_id":"4141915"}}
	{"id":4141915,"type":"sell","buyer":"master-lamps","seller":"backinblackdevil","symbol":"BEER","quantity":"10.49473883","price":"0.02550101","timestamp":1660630245,"volume":"0.26762644","buyTxId":"2d79865cb65989e402ef3e93f04a699c98bc01af","sellTxId":"c795bb97ced2aa1a845cf07e97fda5504728858a"}
{"index": {"_index":"beer","_id":"4142523"}}
	{"id":4142523,"type":"sell","buyer":"maryjane.main","seller":"steemstreems","symbol":"BEER","quantity":"0.11431089","price":"0.02550100","timestamp":1660638444,"volume":"0.00291504","buyTxId":"52d5b60ef02f72abd7eec946c54d493a83fa256a","sellTxId":"ac245388142f4aaf29f8bf202292c4615552ac73"}
{"index": {"_index":"beer","_id":"4142561"}}
	{"id":4142561,"type":"buy","buyer":"master-lamps","seller":"backinblackdevil","symbol":"BEER","quantity":"0.00096035","price":"0.02550101","timestamp":1660639203,"volume":"0.00002449","buyTxId":"81ef601ebee922478956d5a08ecb34fdc3da9499","sellTxId":"c795bb97ced2aa1a845cf07e97fda5504728858a"}
{"index": {"_index":"beer","_id":"4142573"}}
	{"id":4142573,"type":"buy","buyer":"master-lamps","seller":"backinblackdevil","symbol":"BEER","quantity":"6.78353066","price":"0.02550101","timestamp":1660639305,"volume":"0.17298688","buyTxId":"3b73e67a860639a4ba5b479e908ea8374352557b","sellTxId":"c795bb97ced2aa1a845cf07e97fda5504728858a"}
{"index": {"_index":"beer","_id":"4143340"}}
	{"id":4143340,"type":"buy","buyer":"cloudblade","seller":"damla","symbol":"BEER","quantity":"0.18710936","price":"0.02550102","timestamp":1660651725,"volume":"0.00477148","buyTxId":"f053580bfba5a0892412ef5e08e01ede03945275","sellTxId":"3c966bee792dbcaf4cae3bba658c01fae174d415"}
{"index": {"_index":"beer","_id":"4143724"}}
	{"id":4143724,"type":"buy","buyer":"mizuosemla","seller":"cloudblade","symbol":"BEER","quantity":"25.62110698","price":"0.08990000","timestamp":1660656864,"volume":"2.30333752","buyTxId":"96afae798a50362eaaa4755309aa8ad93ab523a1","sellTxId":"474c98749257cd6251ee53eaf38bea166190dd77"}
{"index": {"_index":"beer","_id":"4143725"}}
	{"id":4143725,"type":"buy","buyer":"mizuosemla","seller":"master-lamps","symbol":"BEER","quantity":"7.53549773","price":"0.08999799","timestamp":1660656864,"volume":"0.67817965","buyTxId":"96afae798a50362eaaa4755309aa8ad93ab523a1","sellTxId":"a87cfdaf0a3897652208bc603d441ca0469d5e2e"}
{"index": {"_index":"beer","_id":"4144637"}}
	{"id":4144637,"type":"sell","buyer":"methus","seller":"tjnew14","symbol":"BEER","quantity":"3.17912287","price":"0.02550200","timestamp":1660663653,"volume":"0.08107399","buyTxId":"254cae44e7668fcfd486747e5acb973d730a2555","sellTxId":"d32e7d191fc5aa803dff7d9e45779b3effdca724"}
{"index": {"_index":"beer","_id":"4145749"}}
	{"id":4145749,"type":"buy","buyer":"jemmarti","seller":"onlydoge","symbol":"BEER","quantity":"1.70000000","price":"0.08999700","timestamp":1660674690,"volume":"0.15299490","buyTxId":"04c84b6eb6db0afdfd542f27888d32c3991ccc4f","sellTxId":"5b0b4ee397fa1611f7256c967cea5c254804863d"}
{"index": {"_index":"beer","_id":"4145918"}}
	{"id":4145918,"type":"sell","buyer":"wine-cellar","seller":"jjprac","symbol":"BEER","quantity":"2.99357637","price":"0.02575000","timestamp":1660676502,"volume":"0.07708459","buyTxId":"8230fab0062abb9a09b5194d4ca3d12ce6ab8c95","sellTxId":"ab66e89fddc093d8bb5a6e4e0919b60eb23442fd"}
{"index": {"_index":"beer","_id":"4146961"}}
	{"id":4146961,"type":"buy","buyer":"synergized","seller":"onlydoge","symbol":"BEER","quantity":"10.00000000","price":"0.08799900","timestamp":1660690122,"volume":"0.87999000","buyTxId":"81627f0bb6c45d000a2c2e63dad25e13866494ac","sellTxId":"94b27277c87bae0e4c9356e2b46c3a665af5a538"}
{"index": {"_index":"beer","_id":"4146997"}}
	{"id":4146997,"type":"buy","buyer":"synergized","seller":"onlydoge","symbol":"BEER","quantity":"1.00000000","price":"0.08799900","timestamp":1660690416,"volume":"0.08799900","buyTxId":"06bed1168b9adba632773bc6ccf2e4b93f03752c","sellTxId":"94b27277c87bae0e4c9356e2b46c3a665af5a538"}
{"index": {"_index":"beer","_id":"4148087"}}
	{"id":4148087,"type":"sell","buyer":"untzuntzuntz","seller":"steemstreems","symbol":"BEER","quantity":"0.006","price":"0.02610000","timestamp":1660703535,"volume":"0.00015660","buyTxId":"e7bdd953ca7114ad5fa366bad9be426ace0b412e","sellTxId":"87695f0b50a85e9dfab60475a259032447a71f12"}
