{"index": {"_index":"beer","_id":"3579475"}}
	{"id":3579475,"type":"sell","buyer":"master-lamps","seller":"maximiliam","symbol":"BEER","quantity":"0.04349565","price":"0.05410001","timestamp":1654056561,"volume":"0.00235312","buyTxId":"f4ef450345b25c30ea2d5914b7e2f0794a825f6c","sellTxId":"fed736b03243e03377cdbf6cb389f022b0d1c73f"}
{"index": {"_index":"beer","_id":"3579476"}}
	{"id":3579476,"type":"sell","buyer":"cloudblade","seller":"maximiliam","symbol":"BEER","quantity":"0.00650435","price":"0.05410000","timestamp":1654056561,"volume":"0.00035189","buyTxId":"6af6b9c8022e3a5fcbfb299b36ce6c3adc8f79a6","sellTxId":"fed736b03243e03377cdbf6cb389f022b0d1c73f"}
{"index": {"_index":"beer","_id":"3582710"}}
	{"id":3582710,"type":"sell","buyer":"onlydoge","seller":"poliwalt10","symbol":"BEER","quantity":"0.11900000","price":"0.05501000","timestamp":1654094289,"volume":"0.00654619","buyTxId":"0ea036265748a263dc2b565acd6ce12a18408a63","sellTxId":"8c17d9c3d3a11bed61b661fc659dee6dcc5925fe"}
{"index": {"_index":"beer","_id":"3583846"}}
	{"id":3583846,"type":"sell","buyer":"onlydoge","seller":"steemstreems","symbol":"BEER","quantity":"0.01798699","price":"0.05501000","timestamp":1654103994,"volume":"0.00098946","buyTxId":"0ea036265748a263dc2b565acd6ce12a18408a63","sellTxId":"2e874c0ce19c52fe2fab283d1e6ba7bc190cde53"}
{"index": {"_index":"beer","_id":"3584128"}}
	{"id":3584128,"type":"sell","buyer":"onlydoge","seller":"marsupia","symbol":"BEER","quantity":"3.15181202","price":"0.05501000","timestamp":1654106253,"volume":"0.17338118","buyTxId":"0ea036265748a263dc2b565acd6ce12a18408a63","sellTxId":"5ce01214651dc744399908798f4eca45bf5f5c00"}
{"index": {"_index":"beer","_id":"3584770"}}
	{"id":3584770,"type":"sell","buyer":"onlydoge","seller":"crypto-futurist","symbol":"BEER","quantity":"0.00100000","price":"0.05501000","timestamp":1654112295,"volume":"0.00005501","buyTxId":"0ea036265748a263dc2b565acd6ce12a18408a63","sellTxId":"1271a7aa5561c0b45656781348f735174d7ab01e"}
{"index": {"_index":"beer","_id":"3585132"}}
	{"id":3585132,"type":"sell","buyer":"onlydoge","seller":"poliwalt10","symbol":"BEER","quantity":"0.11900000","price":"0.05501000","timestamp":1654115526,"volume":"0.00654619","buyTxId":"0ea036265748a263dc2b565acd6ce12a18408a63","sellTxId":"367ccc8948e12188f00c498b548f0dc06139ce78"}
{"index": {"_index":"beer","_id":"3586908"}}
	{"id":3586908,"type":"sell","buyer":"onlydoge","seller":"chulo","symbol":"BEER","quantity":"0.025","price":"0.05501000","timestamp":1654132311,"volume":"0.00137525","buyTxId":"0ea036265748a263dc2b565acd6ce12a18408a63","sellTxId":"33ef2ab25c27958710405db56e328b72dc403682"}
{"index": {"_index":"beer","_id":"3587231"}}
	{"id":3587231,"type":"sell","buyer":"onlydoge","seller":"mafia.wallet","symbol":"BEER","quantity":"0.025","price":"0.05501000","timestamp":1654137363,"volume":"0.00137525","buyTxId":"0ea036265748a263dc2b565acd6ce12a18408a63","sellTxId":"2e0fc5975bda575672b44406cb4b381f42ed9cad-2"}
{"index": {"_index":"beer","_id":"3587275"}}
	{"id":3587275,"type":"sell","buyer":"onlydoge","seller":"pousinha","symbol":"BEER","quantity":"0.25","price":"0.05501000","timestamp":1654138218,"volume":"0.01375250","buyTxId":"0ea036265748a263dc2b565acd6ce12a18408a63","sellTxId":"af34b98a9d4d301b3b76a45f59d00d8803c6d99b"}
