{"index": {"_index":"beer","_id":"1744539"}}
	{"id":1744539,"type":"sell","buyer":"keimo","seller":"muenchen","symbol":"BEER","quantity":"0.16700000","price":"0.18000000","timestamp":1634708460,"volume":"0.03006000","buyTxId":"48ca09432209bcd02d93daa7038a9959eb6965b1","sellTxId":"671a5fbc06320b4e86c89990e22b74a7344a787a"}
{"index": {"_index":"beer","_id":"1745527"}}
	{"id":1745527,"type":"sell","buyer":"keimo","seller":"hive-143869","symbol":"BEER","quantity":"0.00090000","price":"0.18000000","timestamp":1634716134,"volume":"0.00016200","buyTxId":"48ca09432209bcd02d93daa7038a9959eb6965b1","sellTxId":"762d5f1fb34dc0ee47ae121f77f85286a2ef6b95"}
{"index": {"_index":"beer","_id":"1745607"}}
	{"id":1745607,"type":"sell","buyer":"keimo","seller":"buildahouse","symbol":"BEER","quantity":"0.00200000","price":"0.18000000","timestamp":1634716959,"volume":"0.00036000","buyTxId":"48ca09432209bcd02d93daa7038a9959eb6965b1","sellTxId":"3dacbbeb514f522407a77c333daa423ebe9a326d"}
{"index": {"_index":"beer","_id":"1745636"}}
	{"id":1745636,"type":"sell","buyer":"keimo","seller":"pimpstudio","symbol":"BEER","quantity":"5.11800000","price":"0.18000000","timestamp":1634717208,"volume":"0.92124000","buyTxId":"48ca09432209bcd02d93daa7038a9959eb6965b1","sellTxId":"c7433cb09f4e41ea61dbb72cbf726b77681ebfae"}
{"index": {"_index":"beer","_id":"1745700"}}
	{"id":1745700,"type":"sell","buyer":"keimo","seller":"j85063","symbol":"BEER","quantity":"24.71210000","price":"0.18000000","timestamp":1634717481,"volume":"4.44817800","buyTxId":"48ca09432209bcd02d93daa7038a9959eb6965b1","sellTxId":"a2b974e504ac3c98541914425b09ad413ddd569d"}
{"index": {"_index":"beer","_id":"1746071"}}
	{"id":1746071,"type":"buy","buyer":"g-race-c","seller":"magicbeans","symbol":"BEER","quantity":"3.00000000","price":"0.24447999","timestamp":1634721399,"volume":"0.73343997","buyTxId":"3aeaa5f8f59491ef36103aff8c4c2a6bdc80ac29","sellTxId":"b56c3ea210c5f73fd71ad522475f12a0b82cb6fc"}
{"index": {"_index":"beer","_id":"1746073"}}
	{"id":1746073,"type":"buy","buyer":"g-race-c","seller":"magicbeans","symbol":"BEER","quantity":"0.68623587","price":"0.24447999","timestamp":1634721438,"volume":"0.16777094","buyTxId":"a8b2b0363b5ffee6ef4fb95ca55f4d7ff1a1b260","sellTxId":"b56c3ea210c5f73fd71ad522475f12a0b82cb6fc"}
{"index": {"_index":"beer","_id":"1746074"}}
	{"id":1746074,"type":"buy","buyer":"g-race-c","seller":"cloudblade","symbol":"BEER","quantity":"3.31376413","price":"0.24448000","timestamp":1634721438,"volume":"0.81014905","buyTxId":"a8b2b0363b5ffee6ef4fb95ca55f4d7ff1a1b260","sellTxId":"6a0844ee83c9bbc7d8a61684ec459866fd254170"}
{"index": {"_index":"beer","_id":"1746798"}}
	{"id":1746798,"type":"sell","buyer":"magicbeans","seller":"alexanderfluke","symbol":"BEER","quantity":"0.04375000","price":"0.17850001","timestamp":1634728665,"volume":"0.00780938","buyTxId":"556a1704d4f3e1c0b46bf1a998cfe23f28b7e039","sellTxId":"f1f16f1e4e247370c57df2526325389d3c7f9f03"}
{"index": {"_index":"beer","_id":"1746928"}}
	{"id":1746928,"type":"sell","buyer":"magicbeans","seller":"mima2606","symbol":"BEER","quantity":"1.93993361","price":"0.17850001","timestamp":1634730276,"volume":"0.34627817","buyTxId":"556a1704d4f3e1c0b46bf1a998cfe23f28b7e039","sellTxId":"a5ffacf2db598446b39d0c417823cc757e8677fd"}
{"index": {"_index":"beer","_id":"1747742"}}
	{"id":1747742,"type":"sell","buyer":"magicbeans","seller":"candy49","symbol":"BEER","quantity":"0.02500000","price":"0.17850001","timestamp":1634736852,"volume":"0.00446250","buyTxId":"556a1704d4f3e1c0b46bf1a998cfe23f28b7e039","sellTxId":"9131b3881e460c54412877b8e1414c2b83a33b35"}
{"index": {"_index":"beer","_id":"1749997"}}
	{"id":1749997,"type":"buy","buyer":"technocrypton","seller":"cloudblade","symbol":"BEER","quantity":"4.52684722","price":"0.24444000","timestamp":1634753619,"volume":"1.10654253","buyTxId":"17ee09d421c19fe0fa950745975204faf95ca6c6","sellTxId":"f45592d8e25df34f28c2a287e2fa329114ada8b0"}
{"index": {"_index":"beer","_id":"1750298"}}
	{"id":1750298,"type":"buy","buyer":"technocrypton","seller":"exator","symbol":"BEER","quantity":"6.67230001","price":"0.24447000","timestamp":1634756067,"volume":"1.63117718","buyTxId":"55790e5bf51ab8ff733c1b78cea7124c3f601f22","sellTxId":"40007a05a505b7e1b2c7361bfef24c81a654a795"}
{"index": {"_index":"beer","_id":"1750316"}}
	{"id":1750316,"type":"buy","buyer":"otherbrandt","seller":"harveyword","symbol":"BEER","quantity":"3.00000000","price":"0.24450000","timestamp":1634756214,"volume":"0.73350000","buyTxId":"9e1bbad1ff28fe30d92f78ba8d90743faf048c19","sellTxId":"335a16b752943b276f8e03ba2dcac9fb794d24e2"}
{"index": {"_index":"beer","_id":"1750317"}}
	{"id":1750317,"type":"buy","buyer":"otherbrandt","seller":"master-lamps","symbol":"BEER","quantity":"0.35037500","price":"0.24499759","timestamp":1634756214,"volume":"0.08584103","buyTxId":"9e1bbad1ff28fe30d92f78ba8d90743faf048c19","sellTxId":"d0b08ba0386a77a4d0887ffd007f872a9e43d77a"}
{"index": {"_index":"beer","_id":"1750318"}}
	{"id":1750318,"type":"buy","buyer":"otherbrandt","seller":"eirik","symbol":"BEER","quantity":"2.24962500","price":"0.24500000","timestamp":1634756214,"volume":"0.55115813","buyTxId":"9e1bbad1ff28fe30d92f78ba8d90743faf048c19","sellTxId":"702e19cf06c3c28595f3a04fe1dba0aa6f09db6b"}
{"index": {"_index":"beer","_id":"1750333"}}
	{"id":1750333,"type":"buy","buyer":"technocrypton","seller":"eirik","symbol":"BEER","quantity":"0.75037500","price":"0.24500000","timestamp":1634756343,"volume":"0.18384188","buyTxId":"f95ab2f62b2041faa16a06a1ccf04b33dad01866","sellTxId":"702e19cf06c3c28595f3a04fe1dba0aa6f09db6b"}
{"index": {"_index":"beer","_id":"1750334"}}
	{"id":1750334,"type":"buy","buyer":"technocrypton","seller":"dotwin1981","symbol":"BEER","quantity":"11.61430523","price":"0.24500000","timestamp":1634756343,"volume":"2.84550478","buyTxId":"f95ab2f62b2041faa16a06a1ccf04b33dad01866","sellTxId":"bed087f8e6f04a699034d5a6522d187a95a4f234"}
{"index": {"_index":"beer","_id":"1750335"}}
	{"id":1750335,"type":"buy","buyer":"technocrypton","seller":"harveyword","symbol":"BEER","quantity":"1.00000000","price":"0.24670000","timestamp":1634756343,"volume":"0.24670000","buyTxId":"f95ab2f62b2041faa16a06a1ccf04b33dad01866","sellTxId":"70f0530fdc533b3fa743f9f8a1a3347f8da03cfd"}
{"index": {"_index":"beer","_id":"1750336"}}
	{"id":1750336,"type":"buy","buyer":"technocrypton","seller":"lotto-de","symbol":"BEER","quantity":"4.00000000","price":"0.24720000","timestamp":1634756343,"volume":"0.98880000","buyTxId":"f95ab2f62b2041faa16a06a1ccf04b33dad01866","sellTxId":"f6b0d86da2a31681c6d4c247955a0cd1fa998869"}
{"index": {"_index":"beer","_id":"1750337"}}
	{"id":1750337,"type":"buy","buyer":"technocrypton","seller":"harveyword","symbol":"BEER","quantity":"1.00000000","price":"0.24750000","timestamp":1634756343,"volume":"0.24750000","buyTxId":"f95ab2f62b2041faa16a06a1ccf04b33dad01866","sellTxId":"03aa58b1bd387c1b906e49905f4fd59b0499af31"}
{"index": {"_index":"beer","_id":"1750338"}}
	{"id":1750338,"type":"buy","buyer":"technocrypton","seller":"schindmaehre","symbol":"BEER","quantity":"0.02500000","price":"0.24759999","timestamp":1634756343,"volume":"0.00619000","buyTxId":"f95ab2f62b2041faa16a06a1ccf04b33dad01866","sellTxId":"0463463c422c1f9a3737cca7df10ec556081f731"}
{"index": {"_index":"beer","_id":"1750339"}}
	{"id":1750339,"type":"buy","buyer":"technocrypton","seller":"miketr","symbol":"BEER","quantity":"10.00000000","price":"0.24800000","timestamp":1634756343,"volume":"2.48000000","buyTxId":"f95ab2f62b2041faa16a06a1ccf04b33dad01866","sellTxId":"93f6bf7d44c7810920163f3b569126513d64125c"}
{"index": {"_index":"beer","_id":"1750340"}}
	{"id":1750340,"type":"buy","buyer":"technocrypton","seller":"pimpstudio","symbol":"BEER","quantity":"1.03900000","price":"0.24900000","timestamp":1634756343,"volume":"0.25871100","buyTxId":"f95ab2f62b2041faa16a06a1ccf04b33dad01866","sellTxId":"808441ed1913f0d61a641284a5277dbd3420ac13"}
{"index": {"_index":"beer","_id":"1750341"}}
	{"id":1750341,"type":"buy","buyer":"technocrypton","seller":"martusamak","symbol":"BEER","quantity":"3.76162500","price":"0.25000000","timestamp":1634756343,"volume":"0.94040625","buyTxId":"f95ab2f62b2041faa16a06a1ccf04b33dad01866","sellTxId":"a56d1042b3b1ee2725ff575e6bb4d12b9eb43c79"}
{"index": {"_index":"beer","_id":"1750342"}}
	{"id":1750342,"type":"buy","buyer":"technocrypton","seller":"fredkese","symbol":"BEER","quantity":"0.87556000","price":"0.25944000","timestamp":1634756343,"volume":"0.22715529","buyTxId":"f95ab2f62b2041faa16a06a1ccf04b33dad01866","sellTxId":"e88b256240e906d2ba14a207364fa4b75ef7b7d1"}
{"index": {"_index":"beer","_id":"1750343"}}
	{"id":1750343,"type":"buy","buyer":"technocrypton","seller":"sinochip","symbol":"BEER","quantity":"2.73498754","price":"0.25945000","timestamp":1634756343,"volume":"0.70959252","buyTxId":"f95ab2f62b2041faa16a06a1ccf04b33dad01866","sellTxId":"271922c4eec312dc2b3f9178cb7ed39283cd4276"}
{"index": {"_index":"beer","_id":"1750504"}}
	{"id":1750504,"type":"sell","buyer":"magicbeans","seller":"invisusmundi","symbol":"BEER","quantity":"1.00000000","price":"0.17850001","timestamp":1634758056,"volume":"0.17850001","buyTxId":"556a1704d4f3e1c0b46bf1a998cfe23f28b7e039","sellTxId":"5136ee644ad980b5da10bab232dfb4cef4e5f3fb"}
{"index": {"_index":"beer","_id":"1751126"}}
	{"id":1751126,"type":"sell","buyer":"magicbeans","seller":"justinparke","symbol":"BEER","quantity":"0.351","price":"0.17850001","timestamp":1634764347,"volume":"0.06265350","buyTxId":"556a1704d4f3e1c0b46bf1a998cfe23f28b7e039","sellTxId":"05e478b282292defd12e8f30ef1b50dffbc9e7bb"}
{"index": {"_index":"beer","_id":"1751575"}}
	{"id":1751575,"type":"buy","buyer":"dynamicrypto","seller":"harveyword","symbol":"BEER","quantity":"4.00000000","price":"0.25940000","timestamp":1634768793,"volume":"1.03760000","buyTxId":"2664678ab531cfd2bfd5c07a28c6cc1e2c4e132a","sellTxId":"2a01b5e8f445bd9b8ab52cdb3a32373e92acc524"}
{"index": {"_index":"beer","_id":"1751576"}}
	{"id":1751576,"type":"buy","buyer":"dynamicrypto","seller":"sinochip","symbol":"BEER","quantity":"5.66501246","price":"0.25945000","timestamp":1634768793,"volume":"1.46978748","buyTxId":"2664678ab531cfd2bfd5c07a28c6cc1e2c4e132a","sellTxId":"271922c4eec312dc2b3f9178cb7ed39283cd4276"}
{"index": {"_index":"beer","_id":"1751577"}}
	{"id":1751577,"type":"buy","buyer":"dynamicrypto","seller":"detlev","symbol":"BEER","quantity":"14.33498754","price":"0.26000000","timestamp":1634768793,"volume":"3.72709676","buyTxId":"2664678ab531cfd2bfd5c07a28c6cc1e2c4e132a","sellTxId":"1360ace9cb52598dfb69d2c05614b0628cc6497e"}
{"index": {"_index":"beer","_id":"1751692"}}
	{"id":1751692,"type":"sell","buyer":"magicbeans","seller":"pieternijmeijer","symbol":"BEER","quantity":"0.01100000","price":"0.17850001","timestamp":1634769711,"volume":"0.00196350","buyTxId":"556a1704d4f3e1c0b46bf1a998cfe23f28b7e039","sellTxId":"3c3447266b48853ee76247e3ab8708e1da3104cf"}
{"index": {"_index":"beer","_id":"1751884"}}
	{"id":1751884,"type":"sell","buyer":"magicbeans","seller":"steemstreems","symbol":"BEER","quantity":"0.007","price":"0.17850001","timestamp":1634772036,"volume":"0.00124950","buyTxId":"556a1704d4f3e1c0b46bf1a998cfe23f28b7e039","sellTxId":"fccbd2792b4463c0f8ae286efa347817e31a6eb9"}
{"index": {"_index":"beer","_id":"1752030"}}
	{"id":1752030,"type":"sell","buyer":"magicbeans","seller":"mafia.wallet","symbol":"BEER","quantity":"0.037","price":"0.17850001","timestamp":1634774052,"volume":"0.00660450","buyTxId":"556a1704d4f3e1c0b46bf1a998cfe23f28b7e039","sellTxId":"fced89e0dedcdc561a7bf17492c8c41ef15e41fa-2"}
{"index": {"_index":"beer","_id":"1752123"}}
	{"id":1752123,"type":"sell","buyer":"magicbeans","seller":"minerthreat","symbol":"BEER","quantity":"1.47400000","price":"0.17850001","timestamp":1634775513,"volume":"0.26310901","buyTxId":"556a1704d4f3e1c0b46bf1a998cfe23f28b7e039","sellTxId":"c9b0bc55ad0e81c5d29cd487c5505312ebe927b7"}
