{"index": {"_index": "beer"}}
{"id":991743,"type":"sell","buyer":"cranium","seller":"vcelier","symbol":"BEER","quantity":"0.33200000","price":"0.25101000","timestamp":1619223351,"volume":"0.08333532","buyTxId":"4aac2f1500f3bfde5e2bec6bfb10a5d06347d75a","sellTxId":"13473ba5c3c00435855a73d5cc051fdbb720b3af"}
{"index": {"_index": "beer"}}
{"id":992087,"type":"sell","buyer":"cranium","seller":"oliverschmid","symbol":"BEER","quantity":"0.21400000","price":"0.25101000","timestamp":1619242116,"volume":"0.05371614","buyTxId":"4aac2f1500f3bfde5e2bec6bfb10a5d06347d75a","sellTxId":"5ed5bc13cacae0d756ca49cc1de5e8512e7388de"}
{"index": {"_index": "beer"}}
{"id":992325,"type":"sell","buyer":"cranium","seller":"itharagaian","symbol":"BEER","quantity":"0.00300000","price":"0.25101000","timestamp":1619249703,"volume":"0.00075303","buyTxId":"4aac2f1500f3bfde5e2bec6bfb10a5d06347d75a","sellTxId":"67bfce6488c7fb26ca2f17ef3149792eb7d1cbfd"}
{"index": {"_index": "beer"}}
{"id":992417,"type":"sell","buyer":"cranium","seller":"buildahouse","symbol":"BEER","quantity":"0.13203000","price":"0.25101000","timestamp":1619254056,"volume":"0.03314085","buyTxId":"4aac2f1500f3bfde5e2bec6bfb10a5d06347d75a","sellTxId":"7749559e4af57aa2be36a2d93fb657c808993601"}
{"index": {"_index": "beer"}}
{"id":992534,"type":"sell","buyer":"cranium","seller":"freiheit50","symbol":"BEER","quantity":"1.30000000","price":"0.25101000","timestamp":1619257281,"volume":"0.32631300","buyTxId":"4aac2f1500f3bfde5e2bec6bfb10a5d06347d75a","sellTxId":"2bf0256a018b2d5ef5ade533bbc4e9be7cefeebd"}
{"index": {"_index": "beer"}}
{"id":992621,"type":"sell","buyer":"cranium","seller":"investyourvote","symbol":"BEER","quantity":"10.00000000","price":"0.25101000","timestamp":1619260839,"volume":"2.51010000","buyTxId":"4aac2f1500f3bfde5e2bec6bfb10a5d06347d75a","sellTxId":"f023a192b249fc2670c8b14b730c96491541a462"}
{"index": {"_index": "beer"}}
{"id":992920,"type":"sell","buyer":"cranium","seller":"elevator09","symbol":"BEER","quantity":"0.04800000","price":"0.25101000","timestamp":1619273325,"volume":"0.01204848","buyTxId":"4aac2f1500f3bfde5e2bec6bfb10a5d06347d75a","sellTxId":"c6426217c72a49bdd75129756401551d92df3f92"}
{"index": {"_index": "beer"}}
{"id":993311,"type":"buy","buyer":"grizzle","seller":"harveyword","symbol":"BEER","quantity":"2.00000000","price":"0.35000000","timestamp":1619282700,"volume":"0.70000000","buyTxId":"f53888948efed0c644dbf436dbf85acb24447eb7","sellTxId":"7f71cd6cc4a78ef9654bc8b3e65954d3f5847250"}
{"index": {"_index": "beer"}}
{"id":993312,"type":"buy","buyer":"grizzle","seller":"mary-me","symbol":"BEER","quantity":"0.09000000","price":"0.35000000","timestamp":1619282700,"volume":"0.03150000","buyTxId":"f53888948efed0c644dbf436dbf85acb24447eb7","sellTxId":"cc09f034f4af4f61105381d67f9b9fba34497365"}
{"index": {"_index": "beer"}}
{"id":993313,"type":"buy","buyer":"grizzle","seller":"mary.janikowski","symbol":"BEER","quantity":"0.65400000","price":"0.35100000","timestamp":1619282700,"volume":"0.22955400","buyTxId":"f53888948efed0c644dbf436dbf85acb24447eb7","sellTxId":"f47c207b45a9489751f3bb987cfe09365460a3d9"}
{"index": {"_index": "beer"}}
{"id":993314,"type":"buy","buyer":"grizzle","seller":"roger.remix","symbol":"BEER","quantity":"21.25600000","price":"0.36990000","timestamp":1619282700,"volume":"7.86259440","buyTxId":"f53888948efed0c644dbf436dbf85acb24447eb7","sellTxId":"b0b7576be6bf9381f351dc9d8095444084a795ff"}
{"index": {"_index": "beer"}}
{"id":993371,"type":"buy","buyer":"grizzle","seller":"roger.remix","symbol":"BEER","quantity":"1.00000000","price":"0.36990000","timestamp":1619285181,"volume":"0.36990000","buyTxId":"1ce8ab7688d1bcae07377c12370ba72716193368","sellTxId":"b0b7576be6bf9381f351dc9d8095444084a795ff"}
{"index": {"_index": "beer"}}
{"id":993484,"type":"sell","buyer":"cranium","seller":"ronnie10","symbol":"BEER","quantity":"0.05200000","price":"0.25101000","timestamp":1619288265,"volume":"0.01305252","buyTxId":"4aac2f1500f3bfde5e2bec6bfb10a5d06347d75a","sellTxId":"fc793cd0833475f67951b233de83bd3e5ac9eb5e"}
{"index": {"_index": "beer"}}
{"id":993485,"type":"sell","buyer":"cranium","seller":"epilatero","symbol":"BEER","quantity":"0.796","price":"0.25101000","timestamp":1619288268,"volume":"0.19980396","buyTxId":"4aac2f1500f3bfde5e2bec6bfb10a5d06347d75a","sellTxId":"83bdd87064d4abd8e49695137fa03fa3574f9e80"}
{"index": {"_index": "beer"}}
{"id":993496,"type":"sell","buyer":"cranium","seller":"itharagaian","symbol":"BEER","quantity":"0.00300000","price":"0.25101000","timestamp":1619288448,"volume":"0.00075303","buyTxId":"4aac2f1500f3bfde5e2bec6bfb10a5d06347d75a","sellTxId":"b4d4dfddddb0dcb8dd0a9d4cd73ad025980df6e5"}
{"index": {"_index": "beer"}}
{"id":993504,"type":"sell","buyer":"cranium","seller":"steem.services","symbol":"BEER","quantity":"0.58200000","price":"0.25101000","timestamp":1619288577,"volume":"0.14608782","buyTxId":"4aac2f1500f3bfde5e2bec6bfb10a5d06347d75a","sellTxId":"3031153f0d9c876fcaa632eb8e339df79a9f5ef5"}
{"index": {"_index": "beer"}}
{"id":993515,"type":"sell","buyer":"cranium","seller":"steemstreems","symbol":"BEER","quantity":"0.04291791","price":"0.25101000","timestamp":1619288955,"volume":"0.01077282","buyTxId":"4aac2f1500f3bfde5e2bec6bfb10a5d06347d75a","sellTxId":"d442f2e8a5502a137e51e0cfa5e62ef7ced7990a"}
{"index": {"_index": "beer"}}
{"id":993518,"type":"sell","buyer":"cranium","seller":"eythorphoto","symbol":"BEER","quantity":"0.19300000","price":"0.25101000","timestamp":1619289027,"volume":"0.04844493","buyTxId":"4aac2f1500f3bfde5e2bec6bfb10a5d06347d75a","sellTxId":"c26857078987d69edb3e2cd993685552f711e6dd"}
{"index": {"_index": "beer"}}
{"id":993635,"type":"sell","buyer":"cranium","seller":"theia7","symbol":"BEER","quantity":"0.01250000","price":"0.25101000","timestamp":1619291853,"volume":"0.00313763","buyTxId":"4aac2f1500f3bfde5e2bec6bfb10a5d06347d75a","sellTxId":"f8e1235a33f920a1757d1f0e68e727750b916772"}
{"index": {"_index": "beer"}}
{"id":993684,"type":"buy","buyer":"egistar","seller":"roger.remix","symbol":"BEER","quantity":"50.00000000","price":"0.36990000","timestamp":1619293197,"volume":"18.49500000","buyTxId":"292a785ff4c97281787a447d138d49c445d5d229","sellTxId":"b0b7576be6bf9381f351dc9d8095444084a795ff"}
{"index": {"_index": "beer"}}
{"id":993841,"type":"sell","buyer":"cranium","seller":"deathwing","symbol":"BEER","quantity":"0.009","price":"0.25101000","timestamp":1619297706,"volume":"0.00225909","buyTxId":"4aac2f1500f3bfde5e2bec6bfb10a5d06347d75a","sellTxId":"7cc2f8e5db7469de8c1cbb504fb265928a127f33-3"}
{"index": {"_index": "beer"}}
{"id":993856,"type":"buy","buyer":"quantumg","seller":"roger.remix","symbol":"BEER","quantity":"1.00000000","price":"0.36990000","timestamp":1619298624,"volume":"0.36990000","buyTxId":"f467ba0eb2804557c862a7b041bd0b8f42f33a00","sellTxId":"b0b7576be6bf9381f351dc9d8095444084a795ff"}
{"index": {"_index": "beer"}}
{"id":993894,"type":"sell","buyer":"cranium","seller":"worldfinances","symbol":"BEER","quantity":"0.15800000","price":"0.25101000","timestamp":1619299833,"volume":"0.03965958","buyTxId":"4aac2f1500f3bfde5e2bec6bfb10a5d06347d75a","sellTxId":"f8d0681cc725aca81beb3750dd332a2d37561897"}
{"index": {"_index": "beer"}}
{"id":993961,"type":"buy","buyer":"quantumg","seller":"roger.remix","symbol":"BEER","quantity":"0.85000000","price":"0.36990000","timestamp":1619301588,"volume":"0.31441500","buyTxId":"1f815cd99fcb471dbf9b4d00f01687a83f28a09e","sellTxId":"b0b7576be6bf9381f351dc9d8095444084a795ff"}
{"index": {"_index": "beer"}}
{"id":993999,"type":"sell","buyer":"cranium","seller":"tcpaikano","symbol":"BEER","quantity":"3.91876006","price":"0.25101000","timestamp":1619302953,"volume":"0.98364796","buyTxId":"4aac2f1500f3bfde5e2bec6bfb10a5d06347d75a","sellTxId":"f858addb5e603a3e3254a779750ac94250fbe9b6"} 
