{"index": {"_index":"beer","_id":"1207432"}}
	{"id":1207432,"type":"sell","buyer":"pixiepost","seller":"harveyword","symbol":"BEER","quantity":"1.10000000","price":"0.24684000","timestamp":1625872569,"volume":"0.27152400","buyTxId":"b84c7181913bf35287a16fb8058134bffdbdf761","sellTxId":"5936c267f4cab06f5864ba202f43886a496faa54"}
{"index": {"_index":"beer","_id":"1207495"}}
	{"id":1207495,"type":"sell","buyer":"pixiepost","seller":"barrenwolfsbane","symbol":"BEER","quantity":"0.00500000","price":"0.24684000","timestamp":1625874993,"volume":"0.00123420","buyTxId":"b84c7181913bf35287a16fb8058134bffdbdf761","sellTxId":"59d69671919e684fbde32d2c4311b4b73ba829b0"}
{"index": {"_index":"beer","_id":"1207616"}}
	{"id":1207616,"type":"sell","buyer":"pixiepost","seller":"nerdtopiade","symbol":"BEER","quantity":"5.37500000","price":"0.24684000","timestamp":1625879094,"volume":"1.32676500","buyTxId":"b84c7181913bf35287a16fb8058134bffdbdf761","sellTxId":"0090e8b8e3e3154435a6276228417fa42bd04dfc"}
{"index": {"_index":"beer","_id":"1208118"}}
	{"id":1208118,"type":"sell","buyer":"pixiepost","seller":"blue.rabbit","symbol":"BEER","quantity":"8.89489893","price":"0.24684000","timestamp":1625900889,"volume":"2.19561685","buyTxId":"b84c7181913bf35287a16fb8058134bffdbdf761","sellTxId":"f6960be04a35cfde2a9304602ac4f050dbc7d41e"}
{"index": {"_index":"beer","_id":"1208165"}}
	{"id":1208165,"type":"sell","buyer":"pixiepost","seller":"atomcollector","symbol":"BEER","quantity":"30.04755070","price":"0.24684000","timestamp":1625903511,"volume":"7.41693741","buyTxId":"b84c7181913bf35287a16fb8058134bffdbdf761","sellTxId":"ac3336625feb753b85e769d91c824761fb14553e"}
{"index": {"_index":"beer","_id":"1208516"}}
	{"id":1208516,"type":"sell","buyer":"photophile","seller":"onealfa.leo","symbol":"BEER","quantity":"0.10040491","price":"0.20191000","timestamp":1625918571,"volume":"0.02027276","buyTxId":"bb078c33c11592f5d48f3cc1f07b80965b5831d4","sellTxId":"af4e7f9c3b7941f50eae80d5bdefaedcbcc54b4b"}
{"index": {"_index":"beer","_id":"1208655"}}
	{"id":1208655,"type":"sell","buyer":"photophile","seller":"lrekt01","symbol":"BEER","quantity":"0.02275000","price":"0.20191000","timestamp":1625923056,"volume":"0.00459345","buyTxId":"bb078c33c11592f5d48f3cc1f07b80965b5831d4","sellTxId":"40113440f93b8e9a0d0ce1b9ac5598c8dee576b4"}
{"index": {"_index":"beer","_id":"1208762"}}
	{"id":1208762,"type":"buy","buyer":"ow-my-balls","seller":"atomcollector","symbol":"BEER","quantity":"0.05244930","price":"0.24683000","timestamp":1625928075,"volume":"0.01294606","buyTxId":"a3a75bd1138364d84fdf6b975e3ca111f92648f1","sellTxId":"ac3336625feb753b85e769d91c824761fb14553e"}
{"index": {"_index":"beer","_id":"1208763"}}
	{"id":1208763,"type":"buy","buyer":"ow-my-balls","seller":"atomcollector","symbol":"BEER","quantity":"4.94755070","price":"0.24683000","timestamp":1625928075,"volume":"1.22120394","buyTxId":"a3a75bd1138364d84fdf6b975e3ca111f92648f1","sellTxId":"335ae45e014dcfaf8b772e2c0e20011de62b102e"}
{"index": {"_index":"beer","_id":"1208770"}}
	{"id":1208770,"type":"buy","buyer":"balte","seller":"atomcollector","symbol":"BEER","quantity":"5.00000000","price":"0.24683000","timestamp":1625928429,"volume":"1.23415000","buyTxId":"636cc2867ac83748c79ce78951b2218040510d72","sellTxId":"335ae45e014dcfaf8b772e2c0e20011de62b102e"}
{"index": {"_index":"beer","_id":"1208790"}}
	{"id":1208790,"type":"sell","buyer":"photophile","seller":"taseli","symbol":"BEER","quantity":"0.01250000","price":"0.20191000","timestamp":1625929041,"volume":"0.00252388","buyTxId":"bb078c33c11592f5d48f3cc1f07b80965b5831d4","sellTxId":"bed81be39a91b9a6fc237e1471f2a722b6c00cf9"}
{"index": {"_index":"beer","_id":"1209035"}}
	{"id":1209035,"type":"sell","buyer":"photophile","seller":"onealfa","symbol":"BEER","quantity":"1.143","price":"0.20191000","timestamp":1625938374,"volume":"0.23078313","buyTxId":"bb078c33c11592f5d48f3cc1f07b80965b5831d4","sellTxId":"06dab71d29f103e5863ae241a2ec64092e95a5ca"}
{"index": {"_index":"beer","_id":"1209215"}}
	{"id":1209215,"type":"buy","buyer":"ow-my-balls","seller":"cloudblade","symbol":"BEER","quantity":"5.00000000","price":"0.24681000","timestamp":1625943738,"volume":"1.23405000","buyTxId":"bd388b849bb9dc9a33db3b5967bd3358b4372d2b","sellTxId":"3d80d366e9bc68da70c81fb4472799ebce1ed770"}
{"index": {"_index":"beer","_id":"1209247"}}
	{"id":1209247,"type":"sell","buyer":"photophile","seller":"jjprac","symbol":"BEER","quantity":"0.89397441","price":"0.20191000","timestamp":1625945079,"volume":"0.18050237","buyTxId":"bb078c33c11592f5d48f3cc1f07b80965b5831d4","sellTxId":"d27cd94d7122ddcb38b34d3847a0570e09e34890"}
{"index": {"_index":"beer","_id":"1209419"}}
	{"id":1209419,"type":"sell","buyer":"photophile","seller":"deathwing","symbol":"BEER","quantity":"0.006","price":"0.20191000","timestamp":1625950506,"volume":"0.00121146","buyTxId":"bb078c33c11592f5d48f3cc1f07b80965b5831d4","sellTxId":"1ea2fac270aff672f8e11e12defa7d4db3ad1645-3"}
{"index": {"_index":"beer","_id":"1209451"}}
	{"id":1209451,"type":"sell","buyer":"photophile","seller":"oks2crypto","symbol":"BEER","quantity":"0.37500000","price":"0.20191000","timestamp":1625951913,"volume":"0.07571625","buyTxId":"bb078c33c11592f5d48f3cc1f07b80965b5831d4","sellTxId":"8d1ecaebe8731afccf3b9ded32f5bf7be0542c83"}
{"index": {"_index":"beer","_id":"1209531"}}
	{"id":1209531,"type":"sell","buyer":"photophile","seller":"forexbrokr","symbol":"BEER","quantity":"0.02500000","price":"0.20191000","timestamp":1625955576,"volume":"0.00504775","buyTxId":"bb078c33c11592f5d48f3cc1f07b80965b5831d4","sellTxId":"268a00c11768e8d624e72d59524b0aaf79b5dc50"}
