{"index": {"_index":"beer","_id":"4056615"}}
	{"id":4056615,"type":"buy","buyer":"maryjane.main","seller":"yaluna","symbol":"BEER","quantity":"5.00000000","price":"0.09994000","timestamp":1659491994,"volume":"0.49970000","buyTxId":"23bfea82fe73415d13bce53f079be6e30f672c3e","sellTxId":"84e1435cd25c8f09c8a55980adcd7307a10f07f9"}
{"index": {"_index":"beer","_id":"4057059"}}
	{"id":4057059,"type":"sell","buyer":"maryjane.main","seller":"boycharlieplays","symbol":"BEER","quantity":"5.04600001","price":"0.05700000","timestamp":1659499230,"volume":"0.28762200","buyTxId":"2dd916e15a0ab02efd291f7c0b6c2b13468f74d6","sellTxId":"3d100d335fd271c86a51c1a07d3c51d8d2477662"}
{"index": {"_index":"beer","_id":"4057320"}}
	{"id":4057320,"type":"sell","buyer":"maryjane.main","seller":"petertag","symbol":"BEER","quantity":"0.15805027","price":"0.05700000","timestamp":1659503226,"volume":"0.00900887","buyTxId":"2dd916e15a0ab02efd291f7c0b6c2b13468f74d6","sellTxId":"21dfd7122e8740aa44cb4633085f9a8f539e9f77"}
{"index": {"_index":"beer","_id":"4057869"}}
	{"id":4057869,"type":"sell","buyer":"maryjane.main","seller":"bitcoinflood","symbol":"BEER","quantity":"2.07236856","price":"0.05700000","timestamp":1659512055,"volume":"0.11812501","buyTxId":"2dd916e15a0ab02efd291f7c0b6c2b13468f74d6","sellTxId":"b1423fbd7ca9726da293e5649e6c1833cef39af8"}
{"index": {"_index":"beer","_id":"4058151"}}
	{"id":4058151,"type":"sell","buyer":"maryjane.main","seller":"steem82868","symbol":"BEER","quantity":"0.01250000","price":"0.05700000","timestamp":1659516363,"volume":"0.00071250","buyTxId":"2dd916e15a0ab02efd291f7c0b6c2b13468f74d6","sellTxId":"26da19ac5ca833420ee055c00ea85e2ae0002130"}
{"index": {"_index":"beer","_id":"4058667"}}
	{"id":4058667,"type":"sell","buyer":"maryjane.main","seller":"crypto-futurist","symbol":"BEER","quantity":"0.00100000","price":"0.05700000","timestamp":1659524307,"volume":"0.00005700","buyTxId":"2dd916e15a0ab02efd291f7c0b6c2b13468f74d6","sellTxId":"439c69a7feb1cd0b975d5a34838eda3f51cda6d2"}
{"index": {"_index":"beer","_id":"4058735"}}
	{"id":4058735,"type":"sell","buyer":"maryjane.main","seller":"mafia.wallet","symbol":"BEER","quantity":"0.155","price":"0.05700000","timestamp":1659525210,"volume":"0.00883500","buyTxId":"2dd916e15a0ab02efd291f7c0b6c2b13468f74d6","sellTxId":"f944ee0d38cd1a5be44d015bca4f5d0d50201689-3"}
{"index": {"_index":"beer","_id":"4058829"}}
	{"id":4058829,"type":"sell","buyer":"maryjane.main","seller":"phyowinkoko.blog","symbol":"BEER","quantity":"7.55508100","price":"0.05700000","timestamp":1659526416,"volume":"0.43063962","buyTxId":"2dd916e15a0ab02efd291f7c0b6c2b13468f74d6","sellTxId":"15b1e0a5790e020a6269ac18144a2afb22699c66"}
{"index": {"_index":"beer","_id":"4058835"}}
	{"id":4058835,"type":"sell","buyer":"cloudblade","seller":"phyowinkoko.blog","symbol":"BEER","quantity":"11.57230310","price":"0.05301000","timestamp":1659526461,"volume":"0.61344779","buyTxId":"ee3994a17bc1cd9e164c7e29463591b5b25c0120","sellTxId":"47fc96f9b6b3c7790b45c4960d47375b87ebefab"}
{"index": {"_index":"beer","_id":"4058852"}}
	{"id":4058852,"type":"sell","buyer":"cloudblade","seller":"learningenglish","symbol":"BEER","quantity":"20.46150610","price":"0.05301000","timestamp":1659526854,"volume":"1.08466444","buyTxId":"ee3994a17bc1cd9e164c7e29463591b5b25c0120","sellTxId":"42bdd706c9edbabeb3669946ff4bf05234cf3750"}
{"index": {"_index":"beer","_id":"4059017"}}
	{"id":4059017,"type":"sell","buyer":"cloudblade","seller":"flowmaster","symbol":"BEER","quantity":"8.3e-7","price":"0.05301000","timestamp":1659529893,"volume":"0.00000004","buyTxId":"ee3994a17bc1cd9e164c7e29463591b5b25c0120","sellTxId":"9b24a37e930e975b0a23b15cc8ce7c0a0aafd098"}
{"index": {"_index":"beer","_id":"4059114"}}
	{"id":4059114,"type":"sell","buyer":"cloudblade","seller":"frawdielp2","symbol":"BEER","quantity":"0.03533366","price":"0.05301000","timestamp":1659530853,"volume":"0.00187304","buyTxId":"ee3994a17bc1cd9e164c7e29463591b5b25c0120","sellTxId":"4a70fb46a4701d601f1fdc1851bb4818800d00e9"}
{"index": {"_index":"beer","_id":"4059435"}}
	{"id":4059435,"type":"sell","buyer":"untzuntzuntz","seller":"poliwalt10","symbol":"BEER","quantity":"0.14500000","price":"0.05700000","timestamp":1659533787,"volume":"0.00826500","buyTxId":"bf27add0606fd7c400ce04f9d5a5e8720fc0d3c3","sellTxId":"3e4dd055d06b96eb932e5e63bf851d78115b6984"}
{"index": {"_index":"beer","_id":"4060077"}}
	{"id":4060077,"type":"buy","buyer":"untzuntzuntz","seller":"master-lamps","symbol":"BEER","quantity":"0.00000094","price":"0.09994999","timestamp":1659540606,"volume":"0.00000009","buyTxId":"86b3eea33081fe7215842f13e6cc1dd2ec2e8884","sellTxId":"a3fef3c739a5c1af6489a2e6ad9cef80f03ae2b2"}
{"index": {"_index":"beer","_id":"4060078"}}
	{"id":4060078,"type":"buy","buyer":"untzuntzuntz","seller":"coininstant","symbol":"BEER","quantity":"4.55803506","price":"0.09995000","timestamp":1659540606,"volume":"0.45557560","buyTxId":"86b3eea33081fe7215842f13e6cc1dd2ec2e8884","sellTxId":"a71510ddcca79e7cf90b7f346594d7eb0c87c11f"}
{"index": {"_index":"beer","_id":"4061237"}}
	{"id":4061237,"type":"sell","buyer":"maryjane.main","seller":"jjprac","symbol":"BEER","quantity":"1.21530834","price":"0.06000000","timestamp":1659552468,"volume":"0.07291850","buyTxId":"3f8a3f93ea6785e5c8f10ba104f58ddd36e75ae8","sellTxId":"64170795e30512e1bb0f1c18d66473d8169b1f70"}
{"index": {"_index":"beer","_id":"4063018"}}
	{"id":4063018,"type":"sell","buyer":"maryjane.main","seller":"andy4475","symbol":"BEER","quantity":"0.24364992","price":"0.06000000","timestamp":1659573069,"volume":"0.01461900","buyTxId":"3f8a3f93ea6785e5c8f10ba104f58ddd36e75ae8","sellTxId":"712f7df78def434172c13601b51b466f1287eb1d"}
