{"index": {"_index":"pob","_id":"1787995"}}
	{"id":1787995,"type":"sell","buyer":"he-index","seller":"josediccus","symbol":"POB","quantity":"8.76185094","price":"0.14503001","timestamp":1635130749,"volume":"1.27073133","buyTxId":"6c97d61714fda5aecf65e71772f5b656bdc4a19d","sellTxId":"5dc292da8f220f6f4bdd4936f961072c74b7898b"}
{"index": {"_index":"pob","_id":"1788215"}}
	{"id":1788215,"type":"sell","buyer":"gimme-your-coinz","seller":"twicejoy","symbol":"POB","quantity":"2.24670663","price":"0.14203001","timestamp":1635133860,"volume":"0.31909977","buyTxId":"d61e1ba1abdd5633885566a440f1f91d51c92828","sellTxId":"ee606cb9202b0a2a2eb9db65cfe0962c4a0b78bf"}
{"index": {"_index":"pob","_id":"1788225"}}
	{"id":1788225,"type":"sell","buyer":"gimme-your-coinz","seller":"dagger212","symbol":"POB","quantity":"0.88831312","price":"0.14203001","timestamp":1635133992,"volume":"0.12616712","buyTxId":"d61e1ba1abdd5633885566a440f1f91d51c92828","sellTxId":"6f1afbf7c9a90a87d8e980e6653ba875fb13540e"}
{"index": {"_index":"pob","_id":"1788230"}}
	{"id":1788230,"type":"sell","buyer":"gimme-your-coinz","seller":"yemre","symbol":"POB","quantity":"1.39330542","price":"0.14203001","timestamp":1635134091,"volume":"0.19789118","buyTxId":"d61e1ba1abdd5633885566a440f1f91d51c92828","sellTxId":"cbc19177925e1e538e419f48dfbbe536c3498719"}
{"index": {"_index":"pob","_id":"1788247"}}
	{"id":1788247,"type":"sell","buyer":"gimme-your-coinz","seller":"victoriabsb","symbol":"POB","quantity":"0.96690505","price":"0.14203001","timestamp":1635134418,"volume":"0.13732953","buyTxId":"d61e1ba1abdd5633885566a440f1f91d51c92828","sellTxId":"c4fa7f9172bb458f3635214463f2e9a41671a948"}
{"index": {"_index":"pob","_id":"1788294"}}
	{"id":1788294,"type":"sell","buyer":"gimme-your-coinz","seller":"cookaiss","symbol":"POB","quantity":"0.06500000","price":"0.14203001","timestamp":1635134922,"volume":"0.00923195","buyTxId":"d61e1ba1abdd5633885566a440f1f91d51c92828","sellTxId":"9ae9ed680e977b653b17c73ee2ed1b14a21bbf3b"}
{"index": {"_index":"pob","_id":"1788330"}}
	{"id":1788330,"type":"sell","buyer":"gimme-your-coinz","seller":"preparedwombat","symbol":"POB","quantity":"11.66441332","price":"0.14203001","timestamp":1635135231,"volume":"1.65669674","buyTxId":"d61e1ba1abdd5633885566a440f1f91d51c92828","sellTxId":"6bfa19a72b37a174031a20749d723457517fa1da"}
{"index": {"_index":"pob","_id":"1788371"}}
	{"id":1788371,"type":"sell","buyer":"gimme-your-coinz","seller":"chubb149","symbol":"POB","quantity":"15.77500000","price":"0.14203001","timestamp":1635135456,"volume":"2.24052341","buyTxId":"d61e1ba1abdd5633885566a440f1f91d51c92828","sellTxId":"8545ae0ba1a855f1eb7537e6e2af5369bcebfe36"}
{"index": {"_index":"pob","_id":"1788375"}}
	{"id":1788375,"type":"sell","buyer":"gimme-your-coinz","seller":"chubb149","symbol":"POB","quantity":"12.00000000","price":"0.14203002","timestamp":1635135495,"volume":"1.70436024","buyTxId":"702e60727758c399abfec6c7305575c6ebfc4e9c","sellTxId":"49f4cfe4ade43da386436ef5da7ac88f98c41b58"}
{"index": {"_index":"pob","_id":"1788514"}}
	{"id":1788514,"type":"sell","buyer":"gimme-your-coinz","seller":"jacoalberts","symbol":"POB","quantity":"18.00000000","price":"0.14263008","timestamp":1635137481,"volume":"2.56734144","buyTxId":"df11cf363124fb59deef42cc5444d7fece3856a0","sellTxId":"d768db48b338cb2f3eb169b9f0f5dc6d369e75fd"}
{"index": {"_index":"pob","_id":"1788578"}}
	{"id":1788578,"type":"sell","buyer":"gimme-your-coinz","seller":"travelwritemoney","symbol":"POB","quantity":"1.05114206","price":"0.14293011","timestamp":1635138372,"volume":"0.15023985","buyTxId":"aafc3ae3f3d113b6a5cf22aa54d612aded97ed48","sellTxId":"473839c58b0cf50d3d816f837d26cc010f33fcb0"}
{"index": {"_index":"pob","_id":"1788669"}}
	{"id":1788669,"type":"sell","buyer":"gimme-your-coinz","seller":"theguru.photos","symbol":"POB","quantity":"4.64839278","price":"0.14333015","timestamp":1635139509,"volume":"0.66625483","buyTxId":"db1ede2a373d54dc4e74a27c25a116291d58676c","sellTxId":"8e727e4d86d77b6ca6c32950a177343fce2b03e4"}
{"index": {"_index":"pob","_id":"1788698"}}
	{"id":1788698,"type":"sell","buyer":"gimme-your-coinz","seller":"mightyrocklee","symbol":"POB","quantity":"0.53076335","price":"0.14343016","timestamp":1635139836,"volume":"0.07612747","buyTxId":"433982824d7fa68ca455b0365176eafa23f8b285","sellTxId":"a4897aef82052b712c002e85151821d229bcffc9"}
{"index": {"_index":"pob","_id":"1788706"}}
	{"id":1788706,"type":"buy","buyer":"evegrace","seller":"josediccus","symbol":"POB","quantity":"20.23814906","price":"0.14503001","timestamp":1635139959,"volume":"2.93513896","buyTxId":"deec03ff2437e68587a4333fa7cb34ece2ce5f86","sellTxId":"5dc292da8f220f6f4bdd4936f961072c74b7898b"}
{"index": {"_index":"pob","_id":"1788715"}}
	{"id":1788715,"type":"buy","buyer":"evegrace","seller":"forexbrokr","symbol":"POB","quantity":"2.22818006","price":"0.17500000","timestamp":1635140043,"volume":"0.38993151","buyTxId":"374a94ed3a1ac805a13a4ccd46d69724b7857a61","sellTxId":"9ccea92e0fecbc54f0513b87decad4842fe8819e"}
{"index": {"_index":"pob","_id":"1788716"}}
	{"id":1788716,"type":"buy","buyer":"evegrace","seller":"stayoutoftherz","symbol":"POB","quantity":"0.52673722","price":"0.19900000","timestamp":1635140043,"volume":"0.10482071","buyTxId":"374a94ed3a1ac805a13a4ccd46d69724b7857a61","sellTxId":"bc8d66d277b087a232640a9c1b8878d82c3bff0a"}
{"index": {"_index":"pob","_id":"1788717"}}
	{"id":1788717,"type":"buy","buyer":"evegrace","seller":"he-index","symbol":"POB","quantity":"0.08600000","price":"0.19900000","timestamp":1635140043,"volume":"0.01711400","buyTxId":"374a94ed3a1ac805a13a4ccd46d69724b7857a61","sellTxId":"c86651f214c674682160d27e96be280871315547"}
{"index": {"_index":"pob","_id":"1788718"}}
	{"id":1788718,"type":"buy","buyer":"evegrace","seller":"brofi-market","symbol":"POB","quantity":"0.15908272","price":"0.19900000","timestamp":1635140043,"volume":"0.03165746","buyTxId":"374a94ed3a1ac805a13a4ccd46d69724b7857a61","sellTxId":"2e811dad6ec05019785b30a5ffaa8cd9c174a7f1"}
{"index": {"_index":"pob","_id":"1788769"}}
	{"id":1788769,"type":"sell","buyer":"evegrace","seller":"jongolson","symbol":"POB","quantity":"9.06461202","price":"0.14503001","timestamp":1635140640,"volume":"1.31464077","buyTxId":"deec03ff2437e68587a4333fa7cb34ece2ce5f86","sellTxId":"6f43db863f60f9c69a8c7f4d6fe4dabf4b7e01be"}
{"index": {"_index":"pob","_id":"1788910"}}
	{"id":1788910,"type":"sell","buyer":"evegrace","seller":"ctpsb","symbol":"POB","quantity":"3.33000000","price":"0.14503001","timestamp":1635142236,"volume":"0.48294993","buyTxId":"deec03ff2437e68587a4333fa7cb34ece2ce5f86","sellTxId":"fbb79163eced518e7deddd7bc5990312942fec05"}
{"index": {"_index":"pob","_id":"1788913"}}
	{"id":1788913,"type":"buy","buyer":"dalz","seller":"bobthebuilder2","symbol":"POB","quantity":"36.00000000","price":"0.15503000","timestamp":1635142293,"volume":"5.58108000","buyTxId":"c4bbf63f9ce7587ac914c3a3eaa8218a2d9c173c","sellTxId":"57d5f53b91a184e5ae2050f269f16abf9a3047d3"}
{"index": {"_index":"pob","_id":"1788914"}}
	{"id":1788914,"type":"buy","buyer":"dalz","seller":"darth-azrael","symbol":"POB","quantity":"1.00000000","price":"0.19700000","timestamp":1635142293,"volume":"0.19700000","buyTxId":"c4bbf63f9ce7587ac914c3a3eaa8218a2d9c173c","sellTxId":"971706f0440a73d67d3f29733ee1d4f8c6b5f1e9"}
{"index": {"_index":"pob","_id":"1788915"}}
	{"id":1788915,"type":"buy","buyer":"dalz","seller":"brofi-market","symbol":"POB","quantity":"0.21005576","price":"0.19900000","timestamp":1635142293,"volume":"0.04180110","buyTxId":"c4bbf63f9ce7587ac914c3a3eaa8218a2d9c173c","sellTxId":"2e811dad6ec05019785b30a5ffaa8cd9c174a7f1"}
{"index": {"_index":"pob","_id":"1788916"}}
	{"id":1788916,"type":"buy","buyer":"dalz","seller":"nervi","symbol":"POB","quantity":"0.05846902","price":"0.19990900","timestamp":1635142293,"volume":"0.01168848","buyTxId":"c4bbf63f9ce7587ac914c3a3eaa8218a2d9c173c","sellTxId":"e394e00fb5aea34faf2400a4fe3de82ad5c6e2ba"}
{"index": {"_index":"pob","_id":"1788917"}}
	{"id":1788917,"type":"buy","buyer":"dalz","seller":"toofasteddie","symbol":"POB","quantity":"14.46195968","price":"0.19999000","timestamp":1635142293,"volume":"2.89224732","buyTxId":"c4bbf63f9ce7587ac914c3a3eaa8218a2d9c173c","sellTxId":"0bcf51e0e319a7eb6371e05ee94d7a348057140b"}
{"index": {"_index":"pob","_id":"1788918"}}
	{"id":1788918,"type":"buy","buyer":"dalz","seller":"jersteemit","symbol":"POB","quantity":"56.38091550","price":"0.20000000","timestamp":1635142293,"volume":"11.27618310","buyTxId":"c4bbf63f9ce7587ac914c3a3eaa8218a2d9c173c","sellTxId":"5176b9cc452b19ae05f9dc92047de988886d5911"}
{"index": {"_index":"pob","_id":"1789177"}}
	{"id":1789177,"type":"sell","buyer":"barski","seller":"rexmillerson","symbol":"POB","quantity":"6.20458003","price":"0.15001000","timestamp":1635144738,"volume":"0.93074905","buyTxId":"485ed3fa15e4e2b27e1340c816cbe71eade86f9e","sellTxId":"f5dfbf32ba155a02fff14c2a241fa8d39554a216"}
{"index": {"_index":"pob","_id":"1789370"}}
	{"id":1789370,"type":"buy","buyer":"coininstant","seller":"globetrottergcc","symbol":"POB","quantity":"2.51624264","price":"0.19300000","timestamp":1635146436,"volume":"0.48563483","buyTxId":"b588942651c40fee5d287c492ad2034766428b09","sellTxId":"4ac364a6b003b6fe6e26fc631fccb64e5c0fd341"}
{"index": {"_index":"pob","_id":"1789428"}}
	{"id":1789428,"type":"sell","buyer":"coininstant","seller":"stickupboys","symbol":"POB","quantity":"2.48218181","price":"0.15012000","timestamp":1635147159,"volume":"0.37262513","buyTxId":"abe215eb3f92ae83fcef8f75a58f95de00a7e649","sellTxId":"c4f19319bdc667191f6dbb655ff67ec8132815a7"}
{"index": {"_index":"pob","_id":"1789622"}}
	{"id":1789622,"type":"sell","buyer":"coininstant","seller":"dswap","symbol":"POB","quantity":"2.71664505","price":"0.15012000","timestamp":1635149376,"volume":"0.40782275","buyTxId":"abe215eb3f92ae83fcef8f75a58f95de00a7e649","sellTxId":"b3cd2b2f25cca02d08fdccdf89aedd43a84ae255"}
{"index": {"_index":"pob","_id":"1789728"}}
	{"id":1789728,"type":"sell","buyer":"coininstant","seller":"lebah","symbol":"POB","quantity":"6.12661226","price":"0.15012000","timestamp":1635151152,"volume":"0.91972703","buyTxId":"abe215eb3f92ae83fcef8f75a58f95de00a7e649","sellTxId":"cc203624219122a0c3a5bcef89e7c6ad96daa73a"}
{"index": {"_index":"pob","_id":"1789753"}}
	{"id":1789753,"type":"sell","buyer":"saulos","seller":"buildahouse","symbol":"POB","quantity":"0.09700000","price":"0.15011000","timestamp":1635151422,"volume":"0.01456067","buyTxId":"4d11f59013183f29767a05c9ffa53813a119d609","sellTxId":"f1dd2f5a9a8914347e226b402b6cc3ccd0f4124b"}
{"index": {"_index":"pob","_id":"1789896"}}
	{"id":1789896,"type":"sell","buyer":"saulos","seller":"aiovo","symbol":"POB","quantity":"2.30000000","price":"0.15011000","timestamp":1635152874,"volume":"0.34525300","buyTxId":"4d11f59013183f29767a05c9ffa53813a119d609","sellTxId":"f56a73688eb664f179681828976fd571cd33226f"}
{"index": {"_index":"pob","_id":"1789911"}}
	{"id":1789911,"type":"sell","buyer":"saulos","seller":"lebah","symbol":"POB","quantity":"2.90000000","price":"0.15011000","timestamp":1635153003,"volume":"0.43531900","buyTxId":"4d11f59013183f29767a05c9ffa53813a119d609","sellTxId":"68622b457816961defe739fd9f71a13b3caae2de"}
{"index": {"_index":"pob","_id":"1790146"}}
	{"id":1790146,"type":"sell","buyer":"saulos","seller":"chronocrypto","symbol":"POB","quantity":"14.70300000","price":"0.15011000","timestamp":1635155559,"volume":"2.20706733","buyTxId":"4d11f59013183f29767a05c9ffa53813a119d609","sellTxId":"d4cadfb6cfa3ae7875169dbb64872489aa89c35e"}
{"index": {"_index":"pob","_id":"1790147"}}
	{"id":1790147,"type":"sell","buyer":"barski","seller":"chronocrypto","symbol":"POB","quantity":"28.79541997","price":"0.15001000","timestamp":1635155559,"volume":"4.31960095","buyTxId":"485ed3fa15e4e2b27e1340c816cbe71eade86f9e","sellTxId":"d4cadfb6cfa3ae7875169dbb64872489aa89c35e"}
{"index": {"_index":"pob","_id":"1790148"}}
	{"id":1790148,"type":"sell","buyer":"dalz","seller":"chronocrypto","symbol":"POB","quantity":"63.34674594","price":"0.15000000","timestamp":1635155559,"volume":"9.50201189","buyTxId":"5bdc67c83a462531619f77ce35346dcbf79d0f69","sellTxId":"d4cadfb6cfa3ae7875169dbb64872489aa89c35e"}
{"index": {"_index":"pob","_id":"1790204"}}
	{"id":1790204,"type":"sell","buyer":"dalz","seller":"ykretz","symbol":"POB","quantity":"1.97314283","price":"0.15000000","timestamp":1635156153,"volume":"0.29597142","buyTxId":"5bdc67c83a462531619f77ce35346dcbf79d0f69","sellTxId":"a0680c38b9bd2d5c2d0d0d0539dbf52c1c7489d3"}
{"index": {"_index":"pob","_id":"1790353"}}
	{"id":1790353,"type":"sell","buyer":"dalz","seller":"cookaiss","symbol":"POB","quantity":"0.15000000","price":"0.15000000","timestamp":1635157944,"volume":"0.02250000","buyTxId":"5bdc67c83a462531619f77ce35346dcbf79d0f69","sellTxId":"6c2157e9fe477e50aa8bf31e181ccfd8e074b475"}
{"index": {"_index":"pob","_id":"1790367"}}
	{"id":1790367,"type":"buy","buyer":"roninrelax","seller":"uwelang","symbol":"POB","quantity":"5.98147700","price":"0.17000000","timestamp":1635158112,"volume":"1.01685109","buyTxId":"f5d3805cb6f75aec77ed479a6288c4d3ce334f45","sellTxId":"8aafc226be61476506dd0e17fe1d8d688ed4d57d"}
{"index": {"_index":"pob","_id":"1790406"}}
	{"id":1790406,"type":"buy","buyer":"peter-stone","seller":"uwelang","symbol":"POB","quantity":"2.44884450","price":"0.17000000","timestamp":1635158736,"volume":"0.41630357","buyTxId":"5a9c533a4bd4d8fded0d4dfc7ea085d767f59619","sellTxId":"8aafc226be61476506dd0e17fe1d8d688ed4d57d"}
{"index": {"_index":"pob","_id":"1790523"}}
	{"id":1790523,"type":"sell","buyer":"dalz","seller":"offgridlife","symbol":"POB","quantity":"10.00000000","price":"0.15000000","timestamp":1635160182,"volume":"1.50000000","buyTxId":"5bdc67c83a462531619f77ce35346dcbf79d0f69","sellTxId":"8f6c9746dc45e62bf314ff03552be19ef78ce688"}
{"index": {"_index":"pob","_id":"1790578"}}
	{"id":1790578,"type":"sell","buyer":"dalz","seller":"ugochill","symbol":"POB","quantity":"0.00700000","price":"0.15000000","timestamp":1635160659,"volume":"0.00105000","buyTxId":"5bdc67c83a462531619f77ce35346dcbf79d0f69","sellTxId":"ee1a74453188bd9d1fe79fc16576088550c37273"}
{"index": {"_index":"pob","_id":"1790694"}}
	{"id":1790694,"type":"buy","buyer":"tonytrillions","seller":"uwelang","symbol":"POB","quantity":"0.00093482","price":"0.17000000","timestamp":1635161835,"volume":"0.00015892","buyTxId":"70e8a4ea77fae1fe3c128e534fb55b8b84c40239","sellTxId":"8aafc226be61476506dd0e17fe1d8d688ed4d57d"}
{"index": {"_index":"pob","_id":"1790800"}}
	{"id":1790800,"type":"sell","buyer":"tonytrillions","seller":"mein-senf-dazu","symbol":"POB","quantity":"0.43253985","price":"0.16000000","timestamp":1635163167,"volume":"0.06920638","buyTxId":"d91ac4c6a3fc2b6d4b5789c1e0d49c308a12a2e9","sellTxId":"908c6b27af38593f74704b0e9df4aa4d77ce2fe4"}
{"index": {"_index":"pob","_id":"1790895"}}
	{"id":1790895,"type":"sell","buyer":"tonytrillions","seller":"thranax","symbol":"POB","quantity":"0.76357776","price":"0.16000000","timestamp":1635164028,"volume":"0.12217244","buyTxId":"d91ac4c6a3fc2b6d4b5789c1e0d49c308a12a2e9","sellTxId":"66fbee720f055798524bd62879fa41497aae77ff"}
{"index": {"_index":"pob","_id":"1790986"}}
	{"id":1790986,"type":"sell","buyer":"tonytrillions","seller":"melbourneswest","symbol":"POB","quantity":"1.01138239","price":"0.16000000","timestamp":1635165045,"volume":"0.16182118","buyTxId":"d91ac4c6a3fc2b6d4b5789c1e0d49c308a12a2e9","sellTxId":"a180791c9d0544cccb4a504a0e6dbbb82dbfc569"}
{"index": {"_index":"pob","_id":"1791019"}}
	{"id":1791019,"type":"buy","buyer":"tonytrillions","seller":"melbourneswest","symbol":"POB","quantity":"0.06211487","price":"0.16000000","timestamp":1635165525,"volume":"0.00993838","buyTxId":"4aa9e488c9b6ab7bbeb9de645faa59844aea4c5a","sellTxId":"a180791c9d0544cccb4a504a0e6dbbb82dbfc569"}
{"index": {"_index":"pob","_id":"1791020"}}
	{"id":1791020,"type":"sell","buyer":"dalz","seller":"corporateay","symbol":"POB","quantity":"80.4","price":"0.15000000","timestamp":1635165531,"volume":"12.06000000","buyTxId":"5bdc67c83a462531619f77ce35346dcbf79d0f69","sellTxId":"026e7196a4907e4e13b6a4c459675b8871acae07"}
{"index": {"_index":"pob","_id":"1791082"}}
	{"id":1791082,"type":"buy","buyer":"barski","seller":"toofasteddie","symbol":"POB","quantity":"4.19576541","price":"0.15800000","timestamp":1635166092,"volume":"0.66293093","buyTxId":"806b5850bf4ec26cb1a90e7ccc9a9c98821cbc71","sellTxId":"7f0bac2000b4cba92346c85bab8b9d3b77b5b834"}
{"index": {"_index":"pob","_id":"1791084"}}
	{"id":1791084,"type":"buy","buyer":"barski","seller":"melbourneswest","symbol":"POB","quantity":"5.40600000","price":"0.16000000","timestamp":1635166119,"volume":"0.86496000","buyTxId":"0b48ad4a48129068220e4a69a5505cd1669d0294","sellTxId":"a180791c9d0544cccb4a504a0e6dbbb82dbfc569"}
{"index": {"_index":"pob","_id":"1791205"}}
	{"id":1791205,"type":"sell","buyer":"dalz","seller":"jdike","symbol":"POB","quantity":"0.54778972","price":"0.15000000","timestamp":1635167316,"volume":"0.08216846","buyTxId":"5bdc67c83a462531619f77ce35346dcbf79d0f69","sellTxId":"11d78768049d0ff3d13b34a015faa94a2c71df4b"}
{"index": {"_index":"pob","_id":"1791471"}}
	{"id":1791471,"type":"sell","buyer":"dalz","seller":"trumpman","symbol":"POB","quantity":"4.46426393","price":"0.15000000","timestamp":1635168810,"volume":"0.66963959","buyTxId":"5bdc67c83a462531619f77ce35346dcbf79d0f69","sellTxId":"2ede4b73fa913ae2d450268e8c203e7acc08d962"}
{"index": {"_index":"pob","_id":"1791537"}}
	{"id":1791537,"type":"buy","buyer":"darmst5339","seller":"melbourneswest","symbol":"POB","quantity":"1.00000000","price":"0.16000000","timestamp":1635169236,"volume":"0.16000000","buyTxId":"44c5d17bedb61a449b6a337f3c7985e653ce9bcc","sellTxId":"a180791c9d0544cccb4a504a0e6dbbb82dbfc569"}
{"index": {"_index":"pob","_id":"1791711"}}
	{"id":1791711,"type":"sell","buyer":"dalz","seller":"adhammer","symbol":"POB","quantity":"0.14772378","price":"0.15000000","timestamp":1635170748,"volume":"0.02215857","buyTxId":"5bdc67c83a462531619f77ce35346dcbf79d0f69","sellTxId":"f683eea6a39225a72649fca4505e34d78807a258"}
{"index": {"_index":"pob","_id":"1791767"}}
	{"id":1791767,"type":"buy","buyer":"tonytrillions","seller":"thehockeyfan-at","symbol":"POB","quantity":"0.42000000","price":"0.15900000","timestamp":1635171150,"volume":"0.06678000","buyTxId":"bfb584c9123ac013afbcd6b554f2838a1cf70c3f","sellTxId":"8506d50b5c0d2555e536e78a5fc9f99fbda2a918"}
{"index": {"_index":"pob","_id":"1791950"}}
	{"id":1791950,"type":"sell","buyer":"tonytrillions","seller":"elricmoonslayer","symbol":"POB","quantity":"2.77194899","price":"0.15900000","timestamp":1635172863,"volume":"0.44073989","buyTxId":"bfb584c9123ac013afbcd6b554f2838a1cf70c3f","sellTxId":"41f7ea8a66e0c00b55dd93c216d55f1d00b74684"}
{"index": {"_index":"pob","_id":"1791953"}}
	{"id":1791953,"type":"sell","buyer":"dalz","seller":"simolestomequedo","symbol":"POB","quantity":"38.96333380","price":"0.15000000","timestamp":1635172902,"volume":"5.84450007","buyTxId":"5bdc67c83a462531619f77ce35346dcbf79d0f69","sellTxId":"094b42ffbc4baa152138ea4b044da08f15e6df4b"}
{"index": {"_index":"pob","_id":"1791954"}}
	{"id":1791954,"type":"sell","buyer":"richardcrill","seller":"simolestomequedo","symbol":"POB","quantity":"13.03666620","price":"0.14700000","timestamp":1635172902,"volume":"1.91638993","buyTxId":"MM-P-11611330-58596714-3-10-0","sellTxId":"094b42ffbc4baa152138ea4b044da08f15e6df4b"}
{"index": {"_index":"pob","_id":"1792124"}}
	{"id":1792124,"type":"sell","buyer":"richardcrill","seller":"charcoalbuffet","symbol":"POB","quantity":"8.46145470","price":"0.14520000","timestamp":1635173961,"volume":"1.22860322","buyTxId":"MM-P-11611527-58596911-3-10-0","sellTxId":"303442da231e1c320a982f07f38c776b4d285238"}
{"index": {"_index":"pob","_id":"1792335"}}
	{"id":1792335,"type":"sell","buyer":"richardcrill","seller":"bitcoinflood","symbol":"POB","quantity":"28.88634037","price":"0.14520000","timestamp":1635175371,"volume":"4.19429662","buyTxId":"MM-P-11611527-58596911-3-10-0","sellTxId":"7be12cbee9fcd699919fc127f7a8d3f7add4d796"}
{"index": {"_index":"pob","_id":"1792475"}}
	{"id":1792475,"type":"sell","buyer":"richardcrill","seller":"zainalbakri","symbol":"POB","quantity":"4.22413103","price":"0.14520000","timestamp":1635176631,"volume":"0.61334383","buyTxId":"MM-P-11611527-58596911-3-10-0","sellTxId":"a9feb38a7cd21af03c67f77a8072356a0c99daee"}
{"index": {"_index":"pob","_id":"1792759"}}
	{"id":1792759,"type":"sell","buyer":"richardcrill","seller":"gubbatv","symbol":"POB","quantity":"1.00106282","price":"0.14520000","timestamp":1635178827,"volume":"0.14535432","buyTxId":"MM-P-11611527-58596911-3-10-0","sellTxId":"60be10e9cdd43e27effe56e726bcf564ef090073"}
{"index": {"_index":"pob","_id":"1792777"}}
	{"id":1792777,"type":"sell","buyer":"richardcrill","seller":"whitelightxpress","symbol":"POB","quantity":"4.48821256","price":"0.14520000","timestamp":1635178905,"volume":"0.65168846","buyTxId":"MM-P-11611527-58596911-3-10-0","sellTxId":"a05666e33ea25a1536128c7a95510d4570418b4e"}
{"index": {"_index":"pob","_id":"1792856"}}
	{"id":1792856,"type":"sell","buyer":"richardcrill","seller":"halukshananah","symbol":"POB","quantity":"0.36577630","price":"0.14520000","timestamp":1635179121,"volume":"0.05311072","buyTxId":"MM-P-11611527-58596911-3-10-0","sellTxId":"254f7a8e94c7cbba2fe9b9b5661eaa207e0584c6"}
{"index": {"_index":"pob","_id":"1792926"}}
	{"id":1792926,"type":"sell","buyer":"richardcrill","seller":"hive-189742","symbol":"POB","quantity":"0.26122767","price":"0.14520000","timestamp":1635179484,"volume":"0.03793026","buyTxId":"MM-P-11611527-58596911-3-10-0","sellTxId":"274de1c1ed8b7f51f09edac364ce02dbaf5be47c"}
{"index": {"_index":"pob","_id":"1792989"}}
	{"id":1792989,"type":"sell","buyer":"richardcrill","seller":"curatorcat.pal","symbol":"POB","quantity":"0.34586376","price":"0.14520000","timestamp":1635179739,"volume":"0.05021942","buyTxId":"MM-P-11611527-58596911-3-10-0","sellTxId":"c6106983a27e344fc699279103dee5d6f900b1cf"}
{"index": {"_index":"pob","_id":"1793017"}}
	{"id":1793017,"type":"sell","buyer":"richardcrill","seller":"offgridlife","symbol":"POB","quantity":"14.00000000","price":"0.14520000","timestamp":1635179856,"volume":"2.03280000","buyTxId":"MM-P-11611527-58596911-3-10-0","sellTxId":"e25390730e5fd1056cc65e69afe24cf31c893181"}
{"index": {"_index":"pob","_id":"1793124"}}
	{"id":1793124,"type":"sell","buyer":"richardcrill","seller":"josueprime","symbol":"POB","quantity":"0.14571347","price":"0.14520000","timestamp":1635180417,"volume":"0.02115760","buyTxId":"MM-P-11611527-58596911-3-10-0","sellTxId":"f90a975b85b983c9753723189bfa9578fc251226"}
{"index": {"_index":"pob","_id":"1793140"}}
	{"id":1793140,"type":"sell","buyer":"richardcrill","seller":"yemre","symbol":"POB","quantity":"0.46748119","price":"0.14520000","timestamp":1635180534,"volume":"0.06787827","buyTxId":"MM-P-11611527-58596911-3-10-0","sellTxId":"757d775fed87713fcaae476e1b1a00cd6f43402a"}
{"index": {"_index":"pob","_id":"1793201"}}
	{"id":1793201,"type":"buy","buyer":"dswap","seller":"specialfeelings","symbol":"POB","quantity":"0.58295917","price":"0.15750000","timestamp":1635180960,"volume":"0.09181607","buyTxId":"d51d807e9a8b8ee3d0518ccbb82943576f0fae05","sellTxId":"e723eb3f9b952592461d32097ae56304abd7b65c"}
{"index": {"_index":"pob","_id":"1793202"}}
	{"id":1793202,"type":"buy","buyer":"dswap","seller":"elricmoonslayer","symbol":"POB","quantity":"15.51712599","price":"0.15900000","timestamp":1635180960,"volume":"2.46722303","buyTxId":"d51d807e9a8b8ee3d0518ccbb82943576f0fae05","sellTxId":"41f7ea8a66e0c00b55dd93c216d55f1d00b74684"}
{"index": {"_index":"pob","_id":"1793203"}}
	{"id":1793203,"type":"buy","buyer":"dswap","seller":"melbourneswest","symbol":"POB","quantity":"6.74927221","price":"0.16000000","timestamp":1635180960,"volume":"1.07988355","buyTxId":"d51d807e9a8b8ee3d0518ccbb82943576f0fae05","sellTxId":"a180791c9d0544cccb4a504a0e6dbbb82dbfc569"}
{"index": {"_index":"pob","_id":"1793204"}}
	{"id":1793204,"type":"buy","buyer":"dswap","seller":"specialfeelings","symbol":"POB","quantity":"0.26586798","price":"0.16900000","timestamp":1635180960,"volume":"0.04493169","buyTxId":"d51d807e9a8b8ee3d0518ccbb82943576f0fae05","sellTxId":"402b9d0c94db2caac9bcd35d52f47c60fcd99576"}
{"index": {"_index":"pob","_id":"1793205"}}
	{"id":1793205,"type":"buy","buyer":"dswap","seller":"uwelang","symbol":"POB","quantity":"0.91720600","price":"0.17000000","timestamp":1635180960,"volume":"0.15592502","buyTxId":"d51d807e9a8b8ee3d0518ccbb82943576f0fae05","sellTxId":"8aafc226be61476506dd0e17fe1d8d688ed4d57d"}
{"index": {"_index":"pob","_id":"1793259"}}
	{"id":1793259,"type":"sell","buyer":"richardcrill","seller":"dswap","symbol":"POB","quantity":"10","price":"0.14520000","timestamp":1635181383,"volume":"1.45200000","buyTxId":"MM-P-11611527-58596911-3-10-0","sellTxId":"eb5ad87b914e3e83c80ad4e6e4ed5cdbeb1675c4"}
{"index": {"_index":"pob","_id":"1793382"}}
	{"id":1793382,"type":"sell","buyer":"richardcrill","seller":"playermon","symbol":"POB","quantity":"7.43018602","price":"0.14520000","timestamp":1635182079,"volume":"1.07886301","buyTxId":"MM-P-11611527-58596911-3-10-0","sellTxId":"f8abaf5de7438a2615d5c878b5d514e4da75afc6"}
{"index": {"_index":"pob","_id":"1793414"}}
	{"id":1793414,"type":"buy","buyer":"shepz1","seller":"coffeelovers","symbol":"POB","quantity":"10.98753978","price":"0.16000000","timestamp":1635182379,"volume":"1.75800636","buyTxId":"59a8cdfc54d8bd4fbdb3dbc3f5b9c55af099d74f","sellTxId":"49cd9c2d955164f641dd3be98e6c2a54b57adc59"}
{"index": {"_index":"pob","_id":"1793415"}}
	{"id":1793415,"type":"buy","buyer":"shepz1","seller":"uwelang","symbol":"POB","quantity":"29.75540343","price":"0.17000000","timestamp":1635182379,"volume":"5.05841858","buyTxId":"59a8cdfc54d8bd4fbdb3dbc3f5b9c55af099d74f","sellTxId":"8aafc226be61476506dd0e17fe1d8d688ed4d57d"}
{"index": {"_index":"pob","_id":"1793416"}}
	{"id":1793416,"type":"buy","buyer":"shepz1","seller":"gentleshaid","symbol":"POB","quantity":"50.00000000","price":"0.17000000","timestamp":1635182379,"volume":"8.50000000","buyTxId":"59a8cdfc54d8bd4fbdb3dbc3f5b9c55af099d74f","sellTxId":"050ccafce9f88a60792851dad6a308d015ebd1fa"}
{"index": {"_index":"pob","_id":"1793417"}}
	{"id":1793417,"type":"buy","buyer":"shepz1","seller":"gentleshaid","symbol":"POB","quantity":"9.25705679","price":"0.18000000","timestamp":1635182379,"volume":"1.66627022","buyTxId":"59a8cdfc54d8bd4fbdb3dbc3f5b9c55af099d74f","sellTxId":"a8f318977d84204939c9329d40e941ba7f80fee8"}
{"index": {"_index":"pob","_id":"1793432"}}
	{"id":1793432,"type":"buy","buyer":"shepz1","seller":"gentleshaid","symbol":"POB","quantity":"20.74294321","price":"0.18000000","timestamp":1635182457,"volume":"3.73372978","buyTxId":"5bc89831bb03ba1ef3f91ab4df1a98227e4024cb","sellTxId":"a8f318977d84204939c9329d40e941ba7f80fee8"}
{"index": {"_index":"pob","_id":"1793433"}}
	{"id":1793433,"type":"buy","buyer":"shepz1","seller":"globetrottergcc","symbol":"POB","quantity":"1.37786334","price":"0.19300000","timestamp":1635182457,"volume":"0.26592762","buyTxId":"5bc89831bb03ba1ef3f91ab4df1a98227e4024cb","sellTxId":"4ac364a6b003b6fe6e26fc631fccb64e5c0fd341"}
{"index": {"_index":"pob","_id":"1793434"}}
	{"id":1793434,"type":"buy","buyer":"shepz1","seller":"thisismylife","symbol":"POB","quantity":"1.77742372","price":"0.19399000","timestamp":1635182457,"volume":"0.34480243","buyTxId":"5bc89831bb03ba1ef3f91ab4df1a98227e4024cb","sellTxId":"017cd856423e0452e2dc206dd19da9e8e1c2b155"}
{"index": {"_index":"pob","_id":"1793435"}}
	{"id":1793435,"type":"buy","buyer":"shepz1","seller":"saulos","symbol":"POB","quantity":"15.50000000","price":"0.19400000","timestamp":1635182457,"volume":"3.00700000","buyTxId":"5bc89831bb03ba1ef3f91ab4df1a98227e4024cb","sellTxId":"fcf5dac868d5f767917bcaac8b2e878f1ef7b0ff"}
{"index": {"_index":"pob","_id":"1793436"}}
	{"id":1793436,"type":"buy","buyer":"shepz1","seller":"pablodare","symbol":"POB","quantity":"1.02323095","price":"0.19500000","timestamp":1635182457,"volume":"0.19953004","buyTxId":"5bc89831bb03ba1ef3f91ab4df1a98227e4024cb","sellTxId":"099a40bdd7466d57bd0852978bf3074143e3fb09"}
{"index": {"_index":"pob","_id":"1793437"}}
	{"id":1793437,"type":"buy","buyer":"shepz1","seller":"igwee","symbol":"POB","quantity":"106.57853878","price":"0.19900000","timestamp":1635182457,"volume":"21.20912922","buyTxId":"5bc89831bb03ba1ef3f91ab4df1a98227e4024cb","sellTxId":"a89de2302dfe0a153fa3a2a48704434661667dd0"}
{"index": {"_index":"pob","_id":"1793446"}}
	{"id":1793446,"type":"sell","buyer":"richardcrill","seller":"ervin-lemark","symbol":"POB","quantity":"13.65540259","price":"0.14520000","timestamp":1635182478,"volume":"1.98276446","buyTxId":"MM-P-11611527-58596911-3-10-0","sellTxId":"469395a54477a80143c2ccaea62fccc3c6ae5d81"}
{"index": {"_index":"pob","_id":"1793452"}}
	{"id":1793452,"type":"buy","buyer":"shepz1","seller":"igwee","symbol":"POB","quantity":"29.42146122","price":"0.19900000","timestamp":1635182523,"volume":"5.85487078","buyTxId":"864a72a9d7e50070dbfa0e99a5ecff9ef87963e4","sellTxId":"a89de2302dfe0a153fa3a2a48704434661667dd0"}
{"index": {"_index":"pob","_id":"1793453"}}
	{"id":1793453,"type":"buy","buyer":"shepz1","seller":"jersteemit","symbol":"POB","quantity":"0.57853878","price":"0.20000000","timestamp":1635182523,"volume":"0.11570776","buyTxId":"864a72a9d7e50070dbfa0e99a5ecff9ef87963e4","sellTxId":"5176b9cc452b19ae05f9dc92047de988886d5911"}
{"index": {"_index":"pob","_id":"1793508"}}
	{"id":1793508,"type":"sell","buyer":"jersteemit","seller":"nevlu123","symbol":"POB","quantity":"0.24128614","price":"0.14530000","timestamp":1635182730,"volume":"0.03505888","buyTxId":"dbd2c5604be5666812945db09beb00d283d34ad6","sellTxId":"4e41e87f1e1e865bd999c5a061b4a1cea8df3748"}
{"index": {"_index":"pob","_id":"1793604"}}
	{"id":1793604,"type":"sell","buyer":"richardcrill","seller":"nevlu123","symbol":"POB","quantity":"25.00356441","price":"0.14540000","timestamp":1635183435,"volume":"3.63551827","buyTxId":"MM-P-11614723-58600107-3-10-0","sellTxId":"738705bf2433996398cdefb0c80244b9e6596ba4"}
{"index": {"_index":"pob","_id":"1793699"}}
	{"id":1793699,"type":"buy","buyer":"tipy","seller":"coffeelovers","symbol":"POB","quantity":"0.00080079","price":"0.18800000","timestamp":1635184101,"volume":"0.00015055","buyTxId":"df62ff20a6b0840257cd7910cc084b81e4918277","sellTxId":"e68528b058e66739c83e2fa1c99cf8f1215a4ea2"}
{"index": {"_index":"pob","_id":"1793718"}}
	{"id":1793718,"type":"sell","buyer":"richardcrill","seller":"coffeelovers","symbol":"POB","quantity":"5.47993451","price":"0.14540000","timestamp":1635184149,"volume":"0.79678248","buyTxId":"MM-P-11614723-58600107-3-10-0","sellTxId":"d93aabe41f999374f9c73266b4939c059d66bffc"}
{"index": {"_index":"pob","_id":"1793748"}}
	{"id":1793748,"type":"sell","buyer":"richardcrill","seller":"ahmetay","symbol":"POB","quantity":"3.56802094","price":"0.14540000","timestamp":1635184269,"volume":"0.51879024","buyTxId":"MM-P-11614723-58600107-3-10-0","sellTxId":"e66a99de21c678168956c74d6f9bb113531e6421"}
{"index": {"_index":"pob","_id":"1793859"}}
	{"id":1793859,"type":"buy","buyer":"captainquack22","seller":"coffeelovers","symbol":"POB","quantity":"3.79215393","price":"0.18800000","timestamp":1635184731,"volume":"0.71292494","buyTxId":"dffe446ce0ca1eba0d02ad09042889067bc04ad8","sellTxId":"e68528b058e66739c83e2fa1c99cf8f1215a4ea2"}
{"index": {"_index":"pob","_id":"1793880"}}
	{"id":1793880,"type":"sell","buyer":"gimme-your-coinz","seller":"mawit07","symbol":"POB","quantity":"5.95571525","price":"0.14510000","timestamp":1635185001,"volume":"0.86417428","buyTxId":"fda96bd40a4f22b4b2a361e2abe39875d08cfa5f","sellTxId":"50af621fdaf516a68194f83f158828a223d53925"}
{"index": {"_index":"pob","_id":"1794141"}}
	{"id":1794141,"type":"sell","buyer":"jersteemit","seller":"citywriter","symbol":"POB","quantity":"4.85689386","price":"0.14600000","timestamp":1635186972,"volume":"0.70910650","buyTxId":"cd1e1a3ecf630602be100728b996378393840558","sellTxId":"c787f0f02a9291bbbd9e1430b80266cc652b80bf"}
{"index": {"_index":"pob","_id":"1794172"}}
	{"id":1794172,"type":"sell","buyer":"jersteemit","seller":"tarazkp","symbol":"POB","quantity":"72.89310614","price":"0.14600000","timestamp":1635187227,"volume":"10.64239350","buyTxId":"cd1e1a3ecf630602be100728b996378393840558","sellTxId":"8c449f5c14336067494ff5d786a4f2735a0b4d75"}
{"index": {"_index":"pob","_id":"1794182"}}
	{"id":1794182,"type":"sell","buyer":"richardcrill","seller":"theguru.photos","symbol":"POB","quantity":"2.62798113","price":"0.14580000","timestamp":1635187299,"volume":"0.38315965","buyTxId":"MM-P-11616117-58601503-3-10-0","sellTxId":"393ab19de885509a30c87331b7cf0d99888e8e72"}
{"index": {"_index":"pob","_id":"1794222"}}
	{"id":1794222,"type":"sell","buyer":"gimme-your-coinz","seller":"ahmetay","symbol":"POB","quantity":"38.04428475","price":"0.14510000","timestamp":1635187539,"volume":"5.52022572","buyTxId":"fda96bd40a4f22b4b2a361e2abe39875d08cfa5f","sellTxId":"af1421fd1347e4e2f33856896d390c8939e876e6"}
{"index": {"_index":"pob","_id":"1794223"}}
	{"id":1794223,"type":"sell","buyer":"gimme-your-coinz","seller":"ahmetay","symbol":"POB","quantity":"29.07855399","price":"0.14510000","timestamp":1635187539,"volume":"4.21929818","buyTxId":"e19f9c8356c65be5a0c197f945527906f3095999","sellTxId":"af1421fd1347e4e2f33856896d390c8939e876e6"}
{"index": {"_index":"pob","_id":"1794273"}}
	{"id":1794273,"type":"buy","buyer":"wiseagent","seller":"tarazkp","symbol":"POB","quantity":"40.21922470","price":"0.14600000","timestamp":1635187707,"volume":"5.87200681","buyTxId":"d565d385994ee3fb413907a060950acc43c3859b","sellTxId":"8c449f5c14336067494ff5d786a4f2735a0b4d75"}
{"index": {"_index":"pob","_id":"1794384"}}
	{"id":1794384,"type":"sell","buyer":"gimme-your-coinz","seller":"ahmetay","symbol":"POB","quantity":"14.92144601","price":"0.14510000","timestamp":1635188454,"volume":"2.16510182","buyTxId":"e19f9c8356c65be5a0c197f945527906f3095999","sellTxId":"2002f1e399d4ddd6a552adf4c4b3a02cf52490f5"}
{"index": {"_index":"pob","_id":"1794385"}}
	{"id":1794385,"type":"sell","buyer":"lordemmy","seller":"ahmetay","symbol":"POB","quantity":"76.99999999","price":"0.14510000","timestamp":1635188454,"volume":"11.17270000","buyTxId":"d29aa3cd39bf12b8656aebe6fc5ebe1de8bd2938","sellTxId":"2002f1e399d4ddd6a552adf4c4b3a02cf52490f5"}
{"index": {"_index":"pob","_id":"1794389"}}
	{"id":1794389,"type":"sell","buyer":"gimme-your-coinz","seller":"ahmetay","symbol":"POB","quantity":"8.07855400","price":"0.14503002","timestamp":1635188493,"volume":"1.17163285","buyTxId":"31a43cfbafe2ac70f661d997f2807122dbe0461c","sellTxId":"32dcace3365ddcd391989c3bedab0a9aa8560f87"}
{"index": {"_index":"pob","_id":"1794390"}}
	{"id":1794390,"type":"buy","buyer":"wiseagent","seller":"coffeelovers","symbol":"POB","quantity":"200.43120557","price":"0.18800000","timestamp":1635188517,"volume":"37.68106665","buyTxId":"53ced3ca1e8543511579b34d923f6cb019815c52","sellTxId":"e68528b058e66739c83e2fa1c99cf8f1215a4ea2"}
{"index": {"_index":"pob","_id":"1794391"}}
	{"id":1794391,"type":"buy","buyer":"wiseagent","seller":"hranhuk","symbol":"POB","quantity":"80.62596500","price":"0.19000000","timestamp":1635188517,"volume":"15.31893335","buyTxId":"53ced3ca1e8543511579b34d923f6cb019815c52","sellTxId":"a3c300a3cc95e6e49133c41a2751ab036ec88c71"}
{"index": {"_index":"pob","_id":"1794493"}}
	{"id":1794493,"type":"sell","buyer":"richardcrill","seller":"jessicaossom","symbol":"POB","quantity":"37.12","price":"0.14513002","timestamp":1635189345,"volume":"5.38722634","buyTxId":"MM-P-11616617-58602003-3-10-0","sellTxId":"68b5e492918e0ccd45699294cd4279eb12451f05"}
{"index": {"_index":"pob","_id":"1794599"}}
	{"id":1794599,"type":"sell","buyer":"richardcrill","seller":"offgridlife","symbol":"POB","quantity":"10.00000000","price":"0.14513002","timestamp":1635190077,"volume":"1.45130020","buyTxId":"MM-P-11616617-58602003-3-10-0","sellTxId":"a434cf215f993aeaed6fe76f932518e8ff28e40d"}
{"index": {"_index":"pob","_id":"1794830"}}
	{"id":1794830,"type":"sell","buyer":"holovision","seller":"brofi-market","symbol":"POB","quantity":"0.40000000","price":"0.15000000","timestamp":1635192759,"volume":"0.06000000","buyTxId":"89ea4582764aa24964751d827bcb63733763f575","sellTxId":"c2b15b4c476bab038bbae1eaa85810ef57b63b52"}
{"index": {"_index":"pob","_id":"1794847"}}
	{"id":1794847,"type":"sell","buyer":"richardcrill","seller":"magnacarta","symbol":"POB","quantity":"25","price":"0.14553006","timestamp":1635192843,"volume":"3.63825150","buyTxId":"MM-P-11617616-58603002-3-10-0","sellTxId":"c7fbe0071335af0f8737b2524c66eee129794286"}
{"index": {"_index":"pob","_id":"1794908"}}
	{"id":1794908,"type":"sell","buyer":"richardcrill","seller":"chireerocks","symbol":"POB","quantity":"3.22386684","price":"0.14553006","timestamp":1635193344,"volume":"0.46916953","buyTxId":"MM-P-11617616-58603002-3-10-0","sellTxId":"e86ff2fa0ae321ad733a487f5e20a04f53174a5c"}
{"index": {"_index":"pob","_id":"1794929"}}
	{"id":1794929,"type":"sell","buyer":"richardcrill","seller":"ugochill","symbol":"POB","quantity":"0.00170000","price":"0.14553006","timestamp":1635193437,"volume":"0.00024740","buyTxId":"MM-P-11617616-58603002-3-10-0","sellTxId":"8992c24fe860708860916537560651ffd2286cb0"}
{"index": {"_index":"pob","_id":"1794951"}}
	{"id":1794951,"type":"sell","buyer":"richardcrill","seller":"mehmetfix","symbol":"POB","quantity":"32.15558671","price":"0.14553006","timestamp":1635193629,"volume":"4.67960446","buyTxId":"MM-P-11617616-58603002-3-10-0","sellTxId":"12a8f870eda286d269e63bb5c11fb993fa0e095a"}
{"index": {"_index":"pob","_id":"1794971"}}
	{"id":1794971,"type":"sell","buyer":"richardcrill","seller":"ruth-girl","symbol":"POB","quantity":"50.00000000","price":"0.14553006","timestamp":1635193773,"volume":"7.27650300","buyTxId":"MM-P-11617616-58603002-3-10-0","sellTxId":"120e217838dd8ae72a9f5dbc7a1b65b8a3198bb5"}
{"index": {"_index":"pob","_id":"1794991"}}
	{"id":1794991,"type":"sell","buyer":"richardcrill","seller":"dlmmqb","symbol":"POB","quantity":"3.51612894","price":"0.14553006","timestamp":1635193836,"volume":"0.51170246","buyTxId":"MM-P-11617616-58603002-3-10-0","sellTxId":"2cde9705f04e20db5352ff959999fe201704e28e"}
{"index": {"_index":"pob","_id":"1795118"}}
	{"id":1795118,"type":"sell","buyer":"richardcrill","seller":"deathwing","symbol":"POB","quantity":"0.025","price":"0.14593010","timestamp":1635195306,"volume":"0.00364825","buyTxId":"MM-P-11618814-58604200-3-10-0","sellTxId":"b3675956da720984c351ca92f491964b86e91689-1"}
{"index": {"_index":"pob","_id":"1795123"}}
	{"id":1795123,"type":"sell","buyer":"richardcrill","seller":"pablodare","symbol":"POB","quantity":"1.01383259","price":"0.14593010","timestamp":1635195477,"volume":"0.14794869","buyTxId":"MM-P-11618814-58604200-3-10-0","sellTxId":"7873e47a93f3707e607144d49b020eef3f6fc1e9"}
{"index": {"_index":"pob","_id":"1795229"}}
	{"id":1795229,"type":"sell","buyer":"richardcrill","seller":"iyiade","symbol":"POB","quantity":"48.00000000","price":"0.14593010","timestamp":1635196461,"volume":"7.00464480","buyTxId":"MM-P-11618814-58604200-3-10-0","sellTxId":"edbed6b155abf6ef8480b59c8337fa3a7b6254a1"}
{"index": {"_index":"pob","_id":"1795244"}}
	{"id":1795244,"type":"sell","buyer":"richardcrill","seller":"pobtrader","symbol":"POB","quantity":"16.00000000","price":"0.14593010","timestamp":1635196647,"volume":"2.33488160","buyTxId":"MM-P-11618814-58604200-3-10-0","sellTxId":"1eda7530ab6872a72c34ff34022ebe889cde494a"}
{"index": {"_index":"pob","_id":"1795316"}}
	{"id":1795316,"type":"sell","buyer":"richardcrill","seller":"shmoogleosukami","symbol":"POB","quantity":"14.2284773","price":"0.14593010","timestamp":1635197034,"volume":"2.07636312","buyTxId":"MM-P-11618814-58604200-3-10-0","sellTxId":"d77b6f7322a0a1e815f31b33ef6c186db1a865c0"}
{"index": {"_index":"pob","_id":"1795319"}}
	{"id":1795319,"type":"sell","buyer":"richardcrill","seller":"thisisawesome","symbol":"POB","quantity":"2.20848","price":"0.14593010","timestamp":1635197097,"volume":"0.32228371","buyTxId":"MM-P-11618814-58604200-3-10-0","sellTxId":"b0715f6f6ecae323d4fb7a1d9b454fa028122a34"}
{"index": {"_index":"pob","_id":"1795388"}}
	{"id":1795388,"type":"sell","buyer":"richardcrill","seller":"pjansen.bcp","symbol":"POB","quantity":"0.05677000","price":"0.14593010","timestamp":1635197769,"volume":"0.00828445","buyTxId":"MM-P-11618814-58604200-3-10-0","sellTxId":"3d6c0528d8d0d329e7a4a955c89619c368ea3482"}
{"index": {"_index":"pob","_id":"1795496"}}
	{"id":1795496,"type":"sell","buyer":"richardcrill","seller":"andy4475","symbol":"POB","quantity":"5.69813323","price":"0.14593010","timestamp":1635198786,"volume":"0.83152915","buyTxId":"MM-P-11618814-58604200-3-10-0","sellTxId":"580880e98ac213f9ea3f47be0b0a51fc70f3a71f"}
{"index": {"_index":"pob","_id":"1795565"}}
	{"id":1795565,"type":"sell","buyer":"richardcrill","seller":"knowledge23.pob","symbol":"POB","quantity":"76.50000000","price":"0.14593010","timestamp":1635199674,"volume":"11.16365265","buyTxId":"MM-P-11618814-58604200-3-10-0","sellTxId":"2a04204f4df34f32a51f28aad34c646fe008c398"}
{"index": {"_index":"pob","_id":"1795582"}}
	{"id":1795582,"type":"sell","buyer":"richardcrill","seller":"trentonlundy1","symbol":"POB","quantity":"0.01609015","price":"0.14593010","timestamp":1635199788,"volume":"0.00234804","buyTxId":"MM-P-11618814-58604200-3-10-0","sellTxId":"4378438fa2291e952967705b5421273e5dd147fe"}
{"index": {"_index":"pob","_id":"1795587"}}
	{"id":1795587,"type":"sell","buyer":"richardcrill","seller":"precious008","symbol":"POB","quantity":"19.90000000","price":"0.14593010","timestamp":1635199833,"volume":"2.90400899","buyTxId":"MM-P-11618814-58604200-3-10-0","sellTxId":"e32c6c8e0e76bcaf961f06287c2448e44b63e610"}
{"index": {"_index":"pob","_id":"1795594"}}
	{"id":1795594,"type":"sell","buyer":"richardcrill","seller":"sztorm","symbol":"POB","quantity":"11.45297101","price":"0.14593010","timestamp":1635199872,"volume":"1.67133320","buyTxId":"MM-P-11618814-58604200-3-10-0","sellTxId":"272dc1260f97ee38819cfa35f06997adbd769d9d"}
{"index": {"_index":"pob","_id":"1795612"}}
	{"id":1795612,"type":"sell","buyer":"richardcrill","seller":"leotof","symbol":"POB","quantity":"11.47600000","price":"0.14593010","timestamp":1635199998,"volume":"1.67469383","buyTxId":"MM-P-11618814-58604200-3-10-0","sellTxId":"4fdd4627d842cfed975d4e059591737903fa4d6a"}
{"index": {"_index":"pob","_id":"1795626"}}
	{"id":1795626,"type":"sell","buyer":"richardcrill","seller":"hannahhive","symbol":"POB","quantity":"40.90000000","price":"0.14593010","timestamp":1635200106,"volume":"5.96854109","buyTxId":"MM-P-11618814-58604200-3-10-0","sellTxId":"155efd5fef6885d2141fdc3a961cb76c8538bd37"}
{"index": {"_index":"pob","_id":"1795635"}}
	{"id":1795635,"type":"sell","buyer":"richardcrill","seller":"marilove22","symbol":"POB","quantity":"29.79700000","price":"0.14593010","timestamp":1635200217,"volume":"4.34827919","buyTxId":"MM-P-11618814-58604200-3-10-0","sellTxId":"84fd045f32d02055050d6a702c10bfce5d45871b"}
{"index": {"_index":"pob","_id":"1795681"}}
	{"id":1795681,"type":"sell","buyer":"richardcrill","seller":"pobtrader","symbol":"POB","quantity":"10.53627210","price":"0.14593010","timestamp":1635200877,"volume":"1.53755924","buyTxId":"MM-P-11618814-58604200-3-10-0","sellTxId":"275e35466c65e837f685bbe1c937cecd17830870"}
{"index": {"_index":"pob","_id":"1795682"}}
	{"id":1795682,"type":"sell","buyer":"gimme-your-coinz","seller":"pobtrader","symbol":"POB","quantity":"17.12372790","price":"0.14583010","timestamp":1635200877,"volume":"2.49715495","buyTxId":"7e535003444789e8084f4af308822f09bfd040d8","sellTxId":"275e35466c65e837f685bbe1c937cecd17830870"}
{"index": {"_index":"pob","_id":"1795730"}}
	{"id":1795730,"type":"sell","buyer":"gimme-your-coinz","seller":"bluesniper","symbol":"POB","quantity":"15.87627210","price":"0.14583010","timestamp":1635201513,"volume":"2.31523835","buyTxId":"7e535003444789e8084f4af308822f09bfd040d8","sellTxId":"67c430f4dcae3ac0a1053ef7740f9a0a3f7f498c"}
{"index": {"_index":"pob","_id":"1795731"}}
	{"id":1795731,"type":"sell","buyer":"gimme-your-coinz","seller":"bluesniper","symbol":"POB","quantity":"33.00000000","price":"0.14583010","timestamp":1635201513,"volume":"4.81239330","buyTxId":"51834bfff4f3bd6bf121be41ea4c7c6f5b8c5b8e","sellTxId":"67c430f4dcae3ac0a1053ef7740f9a0a3f7f498c"}
{"index": {"_index":"pob","_id":"1795732"}}
	{"id":1795732,"type":"sell","buyer":"richardcrill","seller":"bluesniper","symbol":"POB","quantity":"19.79039457","price":"0.14523001","timestamp":1635201513,"volume":"2.87415920","buyTxId":"MM-P-11620909-58606295-3-10-0","sellTxId":"67c430f4dcae3ac0a1053ef7740f9a0a3f7f498c"}
{"index": {"_index":"pob","_id":"1795779"}}
	{"id":1795779,"type":"sell","buyer":"evegrace","seller":"oscarpower55","symbol":"POB","quantity":"7.64766127","price":"0.14503001","timestamp":1635201984,"volume":"1.10914039","buyTxId":"deec03ff2437e68587a4333fa7cb34ece2ce5f86","sellTxId":"7caa3167afd26bb3a5d0a8fb7d54b46421f21f8d"}
{"index": {"_index":"pob","_id":"1795806"}}
	{"id":1795806,"type":"sell","buyer":"evegrace","seller":"johnbenn","symbol":"POB","quantity":"15.47368214","price":"0.14503001","timestamp":1635202329,"volume":"2.24414828","buyTxId":"deec03ff2437e68587a4333fa7cb34ece2ce5f86","sellTxId":"1c133f79c4a7d49c1781ea90a9347bdc38de0e36"}
{"index": {"_index":"pob","_id":"1795846"}}
	{"id":1795846,"type":"sell","buyer":"richardcrill","seller":"melbourneswest","symbol":"POB","quantity":"6.52525451","price":"0.14517000","timestamp":1635202794,"volume":"0.94727120","buyTxId":"MM-P-11621307-58606693-3-10-0","sellTxId":"628dd466396fb2dd576db02fbe3797ad264be866"}
{"index": {"_index":"pob","_id":"1795908"}}
	{"id":1795908,"type":"sell","buyer":"richardcrill","seller":"repayme4568","symbol":"POB","quantity":"5.17882724","price":"0.14517000","timestamp":1635203496,"volume":"0.75181035","buyTxId":"MM-P-11621307-58606693-3-10-0","sellTxId":"757a8eb0c581fb2d42113c0eddc41f6e6d668cdc"}
{"index": {"_index":"pob","_id":"1796055"}}
	{"id":1796055,"type":"sell","buyer":"richardcrill","seller":"he-index","symbol":"POB","quantity":"0.05300000","price":"0.14517000","timestamp":1635204366,"volume":"0.00769401","buyTxId":"MM-P-11621307-58606693-3-10-0","sellTxId":"a7931570523a14dfbe5f1d8fcc5c1420a242c6b1"}
{"index": {"_index":"pob","_id":"1796202"}}
	{"id":1796202,"type":"sell","buyer":"richardcrill","seller":"paulmoon410","symbol":"POB","quantity":"0.20914010","price":"0.14517000","timestamp":1635206373,"volume":"0.03036087","buyTxId":"MM-P-11621307-58606693-3-10-0","sellTxId":"8da8a7c0c5bb287f20034af49a2d77615c6cf132"}
{"index": {"_index":"pob","_id":"1796223"}}
	{"id":1796223,"type":"sell","buyer":"richardcrill","seller":"dwayne16","symbol":"POB","quantity":"49.00000000","price":"0.14517000","timestamp":1635206502,"volume":"7.11333000","buyTxId":"MM-P-11621307-58606693-3-10-0","sellTxId":"4d8db5122e0f8f4d1fbc458062630ebb37402d71"}
{"index": {"_index":"pob","_id":"1796224"}}
	{"id":1796224,"type":"sell","buyer":"richardcrill","seller":"dwayne16","symbol":"POB","quantity":"49.00000000","price":"0.14517000","timestamp":1635206529,"volume":"7.11333000","buyTxId":"MM-P-11621307-58606693-3-10-0","sellTxId":"8b7b0ef5289ad024e07acea658d6599551c53306"}
{"index": {"_index":"pob","_id":"1796230"}}
	{"id":1796230,"type":"sell","buyer":"richardcrill","seller":"dwayne16","symbol":"POB","quantity":"100.00000000","price":"0.14517000","timestamp":1635206601,"volume":"14.51700000","buyTxId":"MM-P-11621307-58606693-3-10-0","sellTxId":"c3888b90d23d337b6ebec4d04232e305289c0f58"}
{"index": {"_index":"pob","_id":"1796253"}}
	{"id":1796253,"type":"sell","buyer":"richardcrill","seller":"dwayne16","symbol":"POB","quantity":"27.00000000","price":"0.14517000","timestamp":1635206862,"volume":"3.91959000","buyTxId":"MM-P-11621307-58606693-3-10-0","sellTxId":"4a4620c1c9cc5e0510968b516ae26f68aca6f0e0"}
{"index": {"_index":"pob","_id":"1796318"}}
	{"id":1796318,"type":"sell","buyer":"richardcrill","seller":"josueprime","symbol":"POB","quantity":"5.72374505","price":"0.14517000","timestamp":1635207660,"volume":"0.83091607","buyTxId":"MM-P-11621307-58606693-3-10-0","sellTxId":"ca888f90885851cbb64dac637955711c0fabcb76"}
{"index": {"_index":"pob","_id":"1796330"}}
	{"id":1796330,"type":"buy","buyer":"ugochill","seller":"brofi-market","symbol":"POB","quantity":"0.09200000","price":"0.15000000","timestamp":1635207837,"volume":"0.01380000","buyTxId":"9ff8109cba4b66d3b0dfce59a7a0a809a4e77e13","sellTxId":"c2b15b4c476bab038bbae1eaa85810ef57b63b52"}
{"index": {"_index":"pob","_id":"1796437"}}
	{"id":1796437,"type":"sell","buyer":"richardcrill","seller":"dhedge-drips","symbol":"POB","quantity":"0.27292269","price":"0.14517000","timestamp":1635209262,"volume":"0.03962019","buyTxId":"MM-P-11621307-58606693-3-10-0","sellTxId":"e50052406ba4e6707de73fc2380788d242e5cdef"}
{"index": {"_index":"pob","_id":"1796815"}}
	{"id":1796815,"type":"sell","buyer":"richardcrill","seller":"iyiade","symbol":"POB","quantity":"46.00000000","price":"0.14517000","timestamp":1635213411,"volume":"6.67782000","buyTxId":"MM-P-11621307-58606693-3-10-0","sellTxId":"96797c0c4c9761a53e2c5d567be8e9e3af985888"}
{"index": {"_index":"pob","_id":"1796819"}}
	{"id":1796819,"type":"sell","buyer":"richardcrill","seller":"iyiade","symbol":"POB","quantity":"0.35308478","price":"0.14517000","timestamp":1635213471,"volume":"0.05125731","buyTxId":"MM-P-11621307-58606693-3-10-0","sellTxId":"1b32090958cc7f2655943b29b8c98210cc85bd07"}
{"index": {"_index":"pob","_id":"1796820"}}
	{"id":1796820,"type":"sell","buyer":"pandaparker","seller":"iyiade","symbol":"POB","quantity":"29.64691522","price":"0.14507000","timestamp":1635213471,"volume":"4.30087799","buyTxId":"3c857a6d97dc29be7ca39d658da4c482a71a14b0","sellTxId":"1b32090958cc7f2655943b29b8c98210cc85bd07"}
{"index": {"_index":"pob","_id":"1796824"}}
	{"id":1796824,"type":"sell","buyer":"pandaparker","seller":"iyiade","symbol":"POB","quantity":"0.98718651","price":"0.14507000","timestamp":1635213510,"volume":"0.14321115","buyTxId":"3c857a6d97dc29be7ca39d658da4c482a71a14b0","sellTxId":"100deaf84b7421f0299a6d3acdbf25322eb5403f"}
{"index": {"_index":"pob","_id":"1796825"}}
	{"id":1796825,"type":"sell","buyer":"evegrace","seller":"iyiade","symbol":"POB","quantity":"7.31281349","price":"0.14503001","timestamp":1635213510,"volume":"1.06057741","buyTxId":"deec03ff2437e68587a4333fa7cb34ece2ce5f86","sellTxId":"100deaf84b7421f0299a6d3acdbf25322eb5403f"}
{"index": {"_index":"pob","_id":"1796832"}}
	{"id":1796832,"type":"sell","buyer":"evegrace","seller":"theia7","symbol":"POB","quantity":"1.52106292","price":"0.14503001","timestamp":1635213585,"volume":"0.22059977","buyTxId":"deec03ff2437e68587a4333fa7cb34ece2ce5f86","sellTxId":"be390365c08cb7eb77abe41b09e6dc3b44ae1fe9"}
{"index": {"_index":"pob","_id":"1796867"}}
	{"id":1796867,"type":"sell","buyer":"evegrace","seller":"pobtrader","symbol":"POB","quantity":"15.00000000","price":"0.14503001","timestamp":1635214212,"volume":"2.17545015","buyTxId":"deec03ff2437e68587a4333fa7cb34ece2ce5f86","sellTxId":"7344173dfe3cf54ee302996bc6d5e38b3acf4f8f"}
{"index": {"_index":"pob","_id":"1796903"}}
	{"id":1796903,"type":"sell","buyer":"evegrace","seller":"urielg","symbol":"POB","quantity":"0.11797757","price":"0.14503001","timestamp":1635214716,"volume":"0.01711029","buyTxId":"deec03ff2437e68587a4333fa7cb34ece2ce5f86","sellTxId":"9f037d6ce03fc8ccf8c58f479b08cb58de2bd487"}
{"index": {"_index":"pob","_id":"1796942"}}
	{"id":1796942,"type":"buy","buyer":"thatcryptodave","seller":"brofi-market","symbol":"POB","quantity":"2.05517381","price":"0.15000000","timestamp":1635215154,"volume":"0.30827607","buyTxId":"e285b25690c8e7baf8174b91412f61d7ede7567d","sellTxId":"c2b15b4c476bab038bbae1eaa85810ef57b63b52"}
{"index": {"_index":"pob","_id":"1796943"}}
	{"id":1796943,"type":"buy","buyer":"thatcryptodave","seller":"dhedge-drips","symbol":"POB","quantity":"0.27292269","price":"0.15000000","timestamp":1635215154,"volume":"0.04093840","buyTxId":"e285b25690c8e7baf8174b91412f61d7ede7567d","sellTxId":"9b5ed9c4c86270e7cafa42b4ee396f4ff05fa9e7"}
{"index": {"_index":"pob","_id":"1796950"}}
	{"id":1796950,"type":"buy","buyer":"thatcryptodave","seller":"delight200","symbol":"POB","quantity":"0.16090350","price":"0.18000000","timestamp":1635215214,"volume":"0.02896263","buyTxId":"1f99f75a66eae6a22779453c04b537ed2f8f28fe","sellTxId":"dc6577913676a68f7455ab22df682d0a58918faa"}
{"index": {"_index":"pob","_id":"1797040"}}
	{"id":1797040,"type":"sell","buyer":"evegrace","seller":"trentonlundy1","symbol":"POB","quantity":"0.03720934","price":"0.14503001","timestamp":1635216531,"volume":"0.00539647","buyTxId":"deec03ff2437e68587a4333fa7cb34ece2ce5f86","sellTxId":"8ed974737cbfe0719e3203eded277a9d57b882fc"}
