{"index": {"_index":"pob","_id":"2705386"}}
	{"id":2705386,"type":"sell","buyer":"lebah","seller":"dswap","symbol":"POB","quantity":"0.25487563","price":"0.03050000","timestamp":1643945631,"volume":"0.00777371","buyTxId":"6c7cc27ce227c43f9dfa369702b228ba7de934fb","sellTxId":"6955d188f7fe4b28dbb9af888bcef6c8d7945727"}
{"index": {"_index":"pob","_id":"2705395"}}
	{"id":2705395,"type":"sell","buyer":"lebah","seller":"fiberfrau","symbol":"POB","quantity":"0.34492923","price":"0.03050000","timestamp":1643945712,"volume":"0.01052034","buyTxId":"6c7cc27ce227c43f9dfa369702b228ba7de934fb","sellTxId":"6a3957f006663c99979213ae347413ed2a22593d"}
{"index": {"_index":"pob","_id":"2705515"}}
	{"id":2705515,"type":"sell","buyer":"lebah","seller":"atyh","symbol":"POB","quantity":"1.76000000","price":"0.03050000","timestamp":1643947842,"volume":"0.05368000","buyTxId":"6c7cc27ce227c43f9dfa369702b228ba7de934fb","sellTxId":"c3113ce99e905131499efc5f923c64472d65bc5b"}
{"index": {"_index":"pob","_id":"2705679"}}
	{"id":2705679,"type":"sell","buyer":"lebah","seller":"firstborn.pob","symbol":"POB","quantity":"7.64019514","price":"0.03050000","timestamp":1643950437,"volume":"0.23302595","buyTxId":"6c7cc27ce227c43f9dfa369702b228ba7de934fb","sellTxId":"4573ed9d4a59d5abe618fe204c7ff91524a3bc43"}
{"index": {"_index":"pob","_id":"2705680"}}
	{"id":2705680,"type":"sell","buyer":"richardcrill","seller":"firstborn.pob","symbol":"POB","quantity":"12.23801376","price":"0.03030400","timestamp":1643950437,"volume":"0.37086077","buyTxId":"MM-P-14525500-61512800-3-11-0","sellTxId":"4573ed9d4a59d5abe618fe204c7ff91524a3bc43"}
{"index": {"_index":"pob","_id":"2705749"}}
	{"id":2705749,"type":"sell","buyer":"richardcrill","seller":"melbourneswest","symbol":"POB","quantity":"12","price":"0.03030400","timestamp":1643952015,"volume":"0.36364800","buyTxId":"MM-P-14525500-61512800-3-11-0","sellTxId":"5305cdc88c70f83aeee86133a8e166b5ebb228b1"}
{"index": {"_index":"pob","_id":"2705779"}}
	{"id":2705779,"type":"sell","buyer":"richardcrill","seller":"cinetalkies","symbol":"POB","quantity":"15.56841382","price":"0.03030400","timestamp":1643952870,"volume":"0.47178521","buyTxId":"MM-P-14525500-61512800-3-11-0","sellTxId":"3dd7b609ce61f3e6611991047a0a9b1b5336d659"}
{"index": {"_index":"pob","_id":"2705868"}}
	{"id":2705868,"type":"sell","buyer":"richardcrill","seller":"anadolu","symbol":"POB","quantity":"9.50000000","price":"0.03030400","timestamp":1643954637,"volume":"0.28788800","buyTxId":"MM-P-14525500-61512800-3-11-0","sellTxId":"32954fabdf8b55b48739dac92bccf40e6a61ce80"}
{"index": {"_index":"pob","_id":"2706079"}}
	{"id":2706079,"type":"buy","buyer":"danielhuhservice","seller":"lebah","symbol":"POB","quantity":"4.61920774","price":"0.03100000","timestamp":1643957523,"volume":"0.14319544","buyTxId":"d3efb936bfefb001e99829bacf18c8c18a951dde","sellTxId":"a38002186f18281f84a2404a1a48bb7c79376a04"}
{"index": {"_index":"pob","_id":"2706237"}}
	{"id":2706237,"type":"sell","buyer":"richardcrill","seller":"achim03","symbol":"POB","quantity":"42.76100000","price":"0.03040500","timestamp":1643958888,"volume":"1.30014821","buyTxId":"MM-P-14529990-61517291-3-11-0","sellTxId":"23598ac0d30d8d84e69694d05a817ea31bc69e02"}
{"index": {"_index":"pob","_id":"2706256"}}
	{"id":2706256,"type":"sell","buyer":"richardcrill","seller":"iyanpol12","symbol":"POB","quantity":"1.73295642","price":"0.03040500","timestamp":1643959128,"volume":"0.05269054","buyTxId":"MM-P-14529990-61517291-3-11-0","sellTxId":"0060f3b6c7766c123528150aa9ba9cc816779a45"}
{"index": {"_index":"pob","_id":"2706286"}}
	{"id":2706286,"type":"sell","buyer":"richardcrill","seller":"lionsuit","symbol":"POB","quantity":"0.00214877","price":"0.03040500","timestamp":1643959413,"volume":"0.00006533","buyTxId":"MM-P-14529990-61517291-3-11-0","sellTxId":"4211a932e3130fd6686b9d31449ecb9f9cf83959"}
{"index": {"_index":"pob","_id":"2706287"}}
	{"id":2706287,"type":"sell","buyer":"richardcrill","seller":"badbitch","symbol":"POB","quantity":"922.19963255","price":"0.03040500","timestamp":1643959416,"volume":"28.03947983","buyTxId":"MM-P-14529990-61517291-3-11-0","sellTxId":"f7c7c2e09719b59f0741cba94c2cc753c4d4e389"}
{"index": {"_index":"pob","_id":"2706345"}}
	{"id":2706345,"type":"buy","buyer":"kelhasan","seller":"lebah","symbol":"POB","quantity":"3.00000000","price":"0.03100000","timestamp":1643960508,"volume":"0.09300000","buyTxId":"e204bee853f1944a194f7dd270dff8efcfdd28e6","sellTxId":"a38002186f18281f84a2404a1a48bb7c79376a04"}
{"index": {"_index":"pob","_id":"2706348"}}
	{"id":2706348,"type":"sell","buyer":"richardcrill","seller":"ctpsb","symbol":"POB","quantity":"3.66000000","price":"0.03040500","timestamp":1643960538,"volume":"0.11128230","buyTxId":"MM-P-14529990-61517291-3-11-0","sellTxId":"43f016c052b757fd3a4ef052517ac7bed02fb4ff"}
{"index": {"_index":"pob","_id":"2706349"}}
	{"id":2706349,"type":"sell","buyer":"richardcrill","seller":"kelhasan","symbol":"POB","quantity":"0.21598750","price":"0.03040500","timestamp":1643960565,"volume":"0.00656710","buyTxId":"MM-P-14529990-61517291-3-11-0","sellTxId":"5830e8440190ad2e7f7dff2928bc74707be0fcf2"}
{"index": {"_index":"pob","_id":"2706431"}}
	{"id":2706431,"type":"sell","buyer":"richardcrill","seller":"karamyog","symbol":"POB","quantity":"1.15494359","price":"0.03040500","timestamp":1643961801,"volume":"0.03511606","buyTxId":"MM-P-14529990-61517291-3-11-0","sellTxId":"e1b478503864aae229bcf1c4e566ae72d264461e"}
{"index": {"_index":"pob","_id":"2706484"}}
	{"id":2706484,"type":"sell","buyer":"master-lamps","seller":"brofi-market","symbol":"POB","quantity":"2.26988424","price":"0.03040501","timestamp":1643962500,"volume":"0.06901585","buyTxId":"aed52079b28a45139e1f36b541631c534c177bf0","sellTxId":"731fbc9a6d412f5fadaddf5e4b3b045765a859df"}
{"index": {"_index":"pob","_id":"2706506"}}
	{"id":2706506,"type":"buy","buyer":"master-lamps","seller":"brofi-market","symbol":"POB","quantity":"3.12460000","price":"0.03040501","timestamp":1643962644,"volume":"0.09500349","buyTxId":"a27fd2749b73643880a6065bc330174e58e185a9","sellTxId":"731fbc9a6d412f5fadaddf5e4b3b045765a859df"}
{"index": {"_index":"pob","_id":"2706525"}}
	{"id":2706525,"type":"sell","buyer":"richardcrill","seller":"frot","symbol":"POB","quantity":"409.62508253","price":"0.03040500","timestamp":1643963019,"volume":"12.45465063","buyTxId":"MM-P-14529990-61517291-3-11-0","sellTxId":"5cf7f2202a53cf20f1a45a68f4efe2211c4a799a"}
{"index": {"_index":"pob","_id":"2706526"}}
	{"id":2706526,"type":"sell","buyer":"balina","seller":"frot","symbol":"POB","quantity":"329.73917631","price":"0.03032700","timestamp":1643963019,"volume":"10.00000000","buyTxId":"MM-P-14531611-61518912-3-0-0","sellTxId":"5cf7f2202a53cf20f1a45a68f4efe2211c4a799a"}
{"index": {"_index":"pob","_id":"2706527"}}
	{"id":2706527,"type":"sell","buyer":"mamolya","seller":"frot","symbol":"POB","quantity":"60.63574116","price":"0.03031000","timestamp":1643963019,"volume":"1.83786931","buyTxId":"ed2119d7a6118dcb07749a238e4a45b469e6592f","sellTxId":"5cf7f2202a53cf20f1a45a68f4efe2211c4a799a"}
{"index": {"_index":"pob","_id":"2706604"}}
	{"id":2706604,"type":"sell","buyer":"mamolya","seller":"bearmol","symbol":"POB","quantity":"0.50411652","price":"0.03031000","timestamp":1643964117,"volume":"0.01527977","buyTxId":"ed2119d7a6118dcb07749a238e4a45b469e6592f","sellTxId":"e7f3664c1130c9edae84e6d33ba18a1dd2b0f403"}
{"index": {"_index":"pob","_id":"2706872"}}
	{"id":2706872,"type":"sell","buyer":"richardcrill","seller":"dagger212","symbol":"POB","quantity":"200.54387689","price":"0.03031500","timestamp":1643964696,"volume":"6.07948763","buyTxId":"MM-P-14532186-61519487-3-11-0","sellTxId":"5e164152cc4af4ddeecacdcf65c5345b29580923"}
{"index": {"_index":"pob","_id":"2706939"}}
	{"id":2706939,"type":"buy","buyer":"richardcrill","seller":"brofi-market","symbol":"POB","quantity":"0.02936101","price":"0.03040501","timestamp":1643965665,"volume":"0.00089272","buyTxId":"MM-P-14532586-61519887-3-11-0","sellTxId":"731fbc9a6d412f5fadaddf5e4b3b045765a859df"}
{"index": {"_index":"pob","_id":"2706981"}}
	{"id":2706981,"type":"sell","buyer":"richardcrill","seller":"c3r34lk1ll3r","symbol":"POB","quantity":"0.20646083","price":"0.03041600","timestamp":1643966385,"volume":"0.00627971","buyTxId":"MM-P-14532586-61519887-3-11-0","sellTxId":"870ae0845b9ef1f0a92c9b815be312cb1d892727"}
{"index": {"_index":"pob","_id":"2707024"}}
	{"id":2707024,"type":"sell","buyer":"richardcrill","seller":"insight.pob","symbol":"POB","quantity":"44.49330000","price":"0.03041600","timestamp":1643967081,"volume":"1.35330821","buyTxId":"MM-P-14532586-61519887-3-11-0","sellTxId":"8984c7e6ec001c8009d63bed683cf944b1ee42f4"}
{"index": {"_index":"pob","_id":"2707029"}}
	{"id":2707029,"type":"buy","buyer":"master-lamps","seller":"lebah","symbol":"POB","quantity":"2.38079226","price":"0.03100000","timestamp":1643967210,"volume":"0.07380456","buyTxId":"1055ffeb1638dad4296bc93c5419e1eb83a4357b","sellTxId":"a38002186f18281f84a2404a1a48bb7c79376a04"}
{"index": {"_index":"pob","_id":"2707032"}}
	{"id":2707032,"type":"buy","buyer":"master-lamps","seller":"brofi-market","symbol":"POB","quantity":"5.42384525","price":"0.03100000","timestamp":1643967234,"volume":"0.16813920","buyTxId":"5674c826f8b8a4599544f7ba4f00c6f5d6e4d1bd","sellTxId":"03f7ff493ddc484e3ccbe3714ba8d20191d9a14c"}
{"index": {"_index":"pob","_id":"2707049"}}
	{"id":2707049,"type":"buy","buyer":"gidlark","seller":"clixmoney","symbol":"POB","quantity":"0.81484746","price":"0.03042000","timestamp":1643967669,"volume":"0.02478766","buyTxId":"6ed37e9e2d3a0feafe590d7d50329ad30cb79027","sellTxId":"1392d6eea9ed9127653f82325e849a86766b142f"}
{"index": {"_index":"pob","_id":"2707050"}}
	{"id":2707050,"type":"buy","buyer":"gidlark","seller":"master-lamps","symbol":"POB","quantity":"2.87119194","price":"0.03499881","timestamp":1643967669,"volume":"0.10048830","buyTxId":"6ed37e9e2d3a0feafe590d7d50329ad30cb79027","sellTxId":"18e3b7b53917685e6a408347c6cebe258bf0e055"}
{"index": {"_index":"pob","_id":"2707051"}}
	{"id":2707051,"type":"buy","buyer":"gidlark","seller":"master-lamps","symbol":"POB","quantity":"1.31592242","price":"0.03499881","timestamp":1643967669,"volume":"0.04605572","buyTxId":"6ed37e9e2d3a0feafe590d7d50329ad30cb79027","sellTxId":"4cad87273204e47e424511316e4e7202e0c890e7"}
{"index": {"_index":"pob","_id":"2707052"}}
	{"id":2707052,"type":"buy","buyer":"gidlark","seller":"master-lamps","symbol":"POB","quantity":"5.39448424","price":"0.03499881","timestamp":1643967669,"volume":"0.18880053","buyTxId":"6ed37e9e2d3a0feafe590d7d50329ad30cb79027","sellTxId":"5af1a311c4c541646f25a3c53a92248eb22b1c83"}
{"index": {"_index":"pob","_id":"2707053"}}
	{"id":2707053,"type":"buy","buyer":"gidlark","seller":"master-lamps","symbol":"POB","quantity":"7.84164943","price":"0.03499881","timestamp":1643967669,"volume":"0.27444840","buyTxId":"6ed37e9e2d3a0feafe590d7d50329ad30cb79027","sellTxId":"d2be946537a2cfdec78ec329a8720c9c15363546"}
{"index": {"_index":"pob","_id":"2707054"}}
	{"id":2707054,"type":"buy","buyer":"gidlark","seller":"lebah","symbol":"POB","quantity":"88.76190451","price":"0.03500000","timestamp":1643967669,"volume":"3.10666666","buyTxId":"6ed37e9e2d3a0feafe590d7d50329ad30cb79027","sellTxId":"92651edf275e0eba52ea7cf32ca1cdd530378d7c"}
{"index": {"_index":"pob","_id":"2707075"}}
	{"id":2707075,"type":"sell","buyer":"richardcrill","seller":"thatcryptodave","symbol":"POB","quantity":"15.64877364","price":"0.03041600","timestamp":1643967987,"volume":"0.47597310","buyTxId":"MM-P-14532586-61519887-3-11-0","sellTxId":"3589643196f0128dd20e61ba962f745d34b217b4"}
{"index": {"_index":"pob","_id":"2707100"}}
	{"id":2707100,"type":"sell","buyer":"richardcrill","seller":"jacoalberts","symbol":"POB","quantity":"48.00000000","price":"0.03041600","timestamp":1643968554,"volume":"1.45996800","buyTxId":"MM-P-14532586-61519887-3-11-0","sellTxId":"cff87a06948490bc1cd51d96c00e2c866348cbbf"}
{"index": {"_index":"pob","_id":"2707325"}}
	{"id":2707325,"type":"sell","buyer":"richardcrill","seller":"johndieo","symbol":"POB","quantity":"0.23598373","price":"0.03041600","timestamp":1643971824,"volume":"0.00717768","buyTxId":"MM-P-14532586-61519887-3-11-0","sellTxId":"d731ccbdb4ba3109a51bbb886a3aa81ef78814a1"}
{"index": {"_index":"pob","_id":"2707401"}}
	{"id":2707401,"type":"buy","buyer":"lebah","seller":"knowhow92","symbol":"POB","quantity":"14.22510900","price":"0.03042000","timestamp":1643973015,"volume":"0.43272782","buyTxId":"960b3d81c925f89902519e6dda3bccba7f31593a","sellTxId":"b8709eb33daa651dc337477013fcd81be4372ada"}
{"index": {"_index":"pob","_id":"2707466"}}
	{"id":2707466,"type":"sell","buyer":"richardcrill","seller":"chekohler","symbol":"POB","quantity":"4.94979080","price":"0.03051700","timestamp":1643974335,"volume":"0.15105277","buyTxId":"MM-P-14535177-61522478-3-11-0","sellTxId":"bfa2ffe0bcac8ee2ad2443ba55adc23a3b22431c"}
{"index": {"_index":"pob","_id":"2707522"}}
	{"id":2707522,"type":"sell","buyer":"richardcrill","seller":"erikah","symbol":"POB","quantity":"6.58160686","price":"0.03051700","timestamp":1643975016,"volume":"0.20085090","buyTxId":"MM-P-14535177-61522478-3-11-0","sellTxId":"e969b07fc6cfdc2d192945f7735bd4809b09b23a"}
{"index": {"_index":"pob","_id":"2707558"}}
	{"id":2707558,"type":"sell","buyer":"master-lamps","seller":"ugochill","symbol":"POB","quantity":"0.00448122","price":"0.03060001","timestamp":1643975526,"volume":"0.00013713","buyTxId":"1244ba0e5125f5d9cd2f6fdd2c60d85fe90158e1","sellTxId":"74a071a3c063a845a544bcab38635250c3c61ae1"}
{"index": {"_index":"pob","_id":"2707589"}}
	{"id":2707589,"type":"sell","buyer":"richardcrill","seller":"charcoalbuffet","symbol":"POB","quantity":"2.35251601","price":"0.03071900","timestamp":1643976501,"volume":"0.07226694","buyTxId":"MM-P-14536176-61523477-3-11-0","sellTxId":"cc22b3176dab985e0e3ad9234a7886633196e55c"}
{"index": {"_index":"pob","_id":"2707662"}}
	{"id":2707662,"type":"sell","buyer":"richardcrill","seller":"adrianus","symbol":"POB","quantity":"0.05212388","price":"0.03071900","timestamp":1643977644,"volume":"0.00160119","buyTxId":"MM-P-14536176-61523477-3-11-0","sellTxId":"04608f982ff77df13ba7c169c45c25ae1744f224"}
{"index": {"_index":"pob","_id":"2707720"}}
	{"id":2707720,"type":"sell","buyer":"richardcrill","seller":"dhedge-drips","symbol":"POB","quantity":"0.58112627","price":"0.03071900","timestamp":1643978799,"volume":"0.01785162","buyTxId":"MM-P-14536176-61523477-3-11-0","sellTxId":"3481c78feba95cebb506b27de45127a5670a8762"}
{"index": {"_index":"pob","_id":"2707773"}}
	{"id":2707773,"type":"sell","buyer":"richardcrill","seller":"alexvan","symbol":"POB","quantity":"9.73035766","price":"0.03071900","timestamp":1643979519,"volume":"0.29890686","buyTxId":"MM-P-14536176-61523477-3-11-0","sellTxId":"f26160ca6f6f8bcab242ef5d7ab729863398c6d4"}
{"index": {"_index":"pob","_id":"2708031"}}
	{"id":2708031,"type":"sell","buyer":"richardcrill","seller":"insight.pob","symbol":"POB","quantity":"360.00000000","price":"0.03071900","timestamp":1643982141,"volume":"11.05884000","buyTxId":"MM-P-14536176-61523477-3-11-0","sellTxId":"61190d2c51b2b81c06a63ada3982a6620a0d5eeb"}
{"index": {"_index":"pob","_id":"2708036"}}
	{"id":2708036,"type":"sell","buyer":"richardcrill","seller":"insight.pob","symbol":"POB","quantity":"3.52319191","price":"0.03071900","timestamp":1643982186,"volume":"0.10822893","buyTxId":"MM-P-14536176-61523477-3-11-0","sellTxId":"7dfcfcf9acbeb83a44df2f9abeeaa4eb45442185"}
{"index": {"_index":"pob","_id":"2708037"}}
	{"id":2708037,"type":"sell","buyer":"balina","seller":"insight.pob","symbol":"POB","quantity":"324.47680809","price":"0.03063900","timestamp":1643982186,"volume":"9.94164492","buyTxId":"MM-P-14537996-61525297-3-0-0","sellTxId":"7dfcfcf9acbeb83a44df2f9abeeaa4eb45442185"}
{"index": {"_index":"pob","_id":"2708043"}}
	{"id":2708043,"type":"sell","buyer":"balina","seller":"insight.pob","symbol":"POB","quantity":"1.90460122","price":"0.03063900","timestamp":1643982216,"volume":"0.05835508","buyTxId":"MM-P-14537996-61525297-3-0-0","sellTxId":"b287d1bef89c67800cae8039f3bc1e207c81ed26"}
{"index": {"_index":"pob","_id":"2708075"}}
	{"id":2708075,"type":"sell","buyer":"master-lamps","seller":"magnacarta","symbol":"POB","quantity":"0.00830649","price":"0.03062000","timestamp":1643982777,"volume":"0.00025434","buyTxId":"738167a1bea704be059d5c868b9fcd4cea833a5c","sellTxId":"6acd61ed0ea02f0f91999b479a3ecf3b47c3594f"}
{"index": {"_index":"pob","_id":"2708078"}}
	{"id":2708078,"type":"buy","buyer":"ahmetay","seller":"insight.pob","symbol":"POB","quantity":"159.09539800","price":"0.03063900","timestamp":1643982861,"volume":"4.87452390","buyTxId":"2d4f307bfb3f3dfa92ce1c862e2c74d67059472c","sellTxId":"b287d1bef89c67800cae8039f3bc1e207c81ed26"}
{"index": {"_index":"pob","_id":"2708242"}}
	{"id":2708242,"type":"sell","buyer":"master-lamps","seller":"ugochill","symbol":"POB","quantity":"0.00465961","price":"0.03062000","timestamp":1643984139,"volume":"0.00014268","buyTxId":"738167a1bea704be059d5c868b9fcd4cea833a5c","sellTxId":"17718ef0e9a358f4b57f321ee05e346ab5bfd834"}
{"index": {"_index":"pob","_id":"2708327"}}
	{"id":2708327,"type":"sell","buyer":"master-lamps","seller":"bilpcoinbpc","symbol":"POB","quantity":"0.39","price":"0.03062000","timestamp":1643985408,"volume":"0.01194180","buyTxId":"738167a1bea704be059d5c868b9fcd4cea833a5c","sellTxId":"24b9a89bc88b6f92b84fcd79f9c566fe88863a92"}
{"index": {"_index":"pob","_id":"2708342"}}
	{"id":2708342,"type":"sell","buyer":"master-lamps","seller":"mawit07","symbol":"POB","quantity":"18.25544166","price":"0.03062000","timestamp":1643985582,"volume":"0.55898162","buyTxId":"738167a1bea704be059d5c868b9fcd4cea833a5c","sellTxId":"a2a089cc2da89a0bca36f6046b38c0d27501b039"}
{"index": {"_index":"pob","_id":"2708400"}}
	{"id":2708400,"type":"sell","buyer":"master-lamps","seller":"hiveclick","symbol":"POB","quantity":"1.25159224","price":"0.03062000","timestamp":1643985957,"volume":"0.03832375","buyTxId":"738167a1bea704be059d5c868b9fcd4cea833a5c","sellTxId":"87b46537bcaa0f645cd63ee25757550cbc47d5b6"}
{"index": {"_index":"pob","_id":"2708401"}}
	{"id":2708401,"type":"sell","buyer":"lebah","seller":"hiveclick","symbol":"POB","quantity":"4.66761542","price":"0.03060000","timestamp":1643985957,"volume":"0.14282903","buyTxId":"c2e2ec2f9bbd07cd98e6d3c35861e3e5bb7bbb83","sellTxId":"87b46537bcaa0f645cd63ee25757550cbc47d5b6"}
{"index": {"_index":"pob","_id":"2708474"}}
	{"id":2708474,"type":"sell","buyer":"lebah","seller":"cinetalkies","symbol":"POB","quantity":"5.95126855","price":"0.03060000","timestamp":1643987004,"volume":"0.18210882","buyTxId":"c2e2ec2f9bbd07cd98e6d3c35861e3e5bb7bbb83","sellTxId":"b53ea000838eb2db89d4d5133538482cc6569c07"}
{"index": {"_index":"pob","_id":"2708523"}}
	{"id":2708523,"type":"sell","buyer":"lebah","seller":"esmeesmith","symbol":"POB","quantity":"2.74509918","price":"0.03060000","timestamp":1643987430,"volume":"0.08400003","buyTxId":"c2e2ec2f9bbd07cd98e6d3c35861e3e5bb7bbb83","sellTxId":"fd903d4fa9a9a8449a790226e5d0266396dc9435"}
{"index": {"_index":"pob","_id":"2708711"}}
	{"id":2708711,"type":"sell","buyer":"lebah","seller":"stellify","symbol":"POB","quantity":"27.24397624","price":"0.03060000","timestamp":1643989746,"volume":"0.83366567","buyTxId":"c2e2ec2f9bbd07cd98e6d3c35861e3e5bb7bbb83","sellTxId":"c973149bf10736b2550d15220e6abf80622a0e01"}
{"index": {"_index":"pob","_id":"2708746"}}
	{"id":2708746,"type":"buy","buyer":"vagabondspirit","seller":"insight.pob","symbol":"POB","quantity":"0.00000078","price":"0.03063900","timestamp":1643990124,"volume":"0.00000002","buyTxId":"ca72ec23c24052830cd22250d74504be9c4c9660","sellTxId":"b287d1bef89c67800cae8039f3bc1e207c81ed26"}
{"index": {"_index":"pob","_id":"2709081"}}
	{"id":2709081,"type":"sell","buyer":"yintercept","seller":"kevmcc","symbol":"POB","quantity":"0.45959039","price":"0.03100000","timestamp":1643993766,"volume":"0.01424730","buyTxId":"3f72d39a5ce9c941de00acd71ed178f783f8cc43","sellTxId":"eda3972767ba372c5cb02e36d156864a6941847b"}
{"index": {"_index":"pob","_id":"2709207"}}
	{"id":2709207,"type":"sell","buyer":"yintercept","seller":"rose98734","symbol":"POB","quantity":"0.65040961","price":"0.03100000","timestamp":1643994816,"volume":"0.02016270","buyTxId":"3f72d39a5ce9c941de00acd71ed178f783f8cc43","sellTxId":"55474469ac52da92fa6d0f47b8a82a278b76f8b3"}
{"index": {"_index":"pob","_id":"2709208"}}
	{"id":2709208,"type":"sell","buyer":"vagabondspirit","seller":"rose98734","symbol":"POB","quantity":"0.80000000","price":"0.03100000","timestamp":1643994816,"volume":"0.02480000","buyTxId":"1b47a5a7a6ce921237b13266e7775841d218d755","sellTxId":"55474469ac52da92fa6d0f47b8a82a278b76f8b3"}
{"index": {"_index":"pob","_id":"2709299"}}
	{"id":2709299,"type":"sell","buyer":"richardcrill","seller":"elricmoonslayer","symbol":"POB","quantity":"1.61027894","price":"0.03064600","timestamp":1643995749,"volume":"0.04934861","buyTxId":"MM-P-14540965-61528267-3-11-0","sellTxId":"21c0efa808cf4041aa2a18c0548485cfb41ba2d2"}
{"index": {"_index":"pob","_id":"2709449"}}
	{"id":2709449,"type":"buy","buyer":"lebah","seller":"rose98734","symbol":"POB","quantity":"1.04788600","price":"0.03100000","timestamp":1643996559,"volume":"0.03248447","buyTxId":"e693fe8e636fb00f460291b60dad4dd506343f52","sellTxId":"55474469ac52da92fa6d0f47b8a82a278b76f8b3"}
{"index": {"_index":"pob","_id":"2709572"}}
	{"id":2709572,"type":"sell","buyer":"richardcrill","seller":"savagetobi","symbol":"POB","quantity":"2.94046445","price":"0.03074700","timestamp":1643997660,"volume":"0.09041046","buyTxId":"MM-P-14543064-61530366-3-11-0","sellTxId":"3f75ff93abc8b5633c3177287fea9a1ff1d20c58"}
{"index": {"_index":"pob","_id":"2709702"}}
	{"id":2709702,"type":"buy","buyer":"lebah","seller":"rose98734","symbol":"POB","quantity":"0.00000091","price":"0.03100000","timestamp":1643998665,"volume":"0.00000003","buyTxId":"a1e7b81e89d4194bd2bb0a1d80e2c325004f47df","sellTxId":"55474469ac52da92fa6d0f47b8a82a278b76f8b3"}
{"index": {"_index":"pob","_id":"2709737"}}
	{"id":2709737,"type":"sell","buyer":"lebah","seller":"ugochill","symbol":"POB","quantity":"0.00248016","price":"0.03100000","timestamp":1643999067,"volume":"0.00007688","buyTxId":"a1e7b81e89d4194bd2bb0a1d80e2c325004f47df","sellTxId":"5f3470f15f670d2b09eec24ad95c23d150301752"}
{"index": {"_index":"pob","_id":"2709844"}}
	{"id":2709844,"type":"sell","buyer":"richardcrill","seller":"oks2crypto","symbol":"POB","quantity":"0.05243997","price":"0.03105000","timestamp":1644000021,"volume":"0.00162826","buyTxId":"MM-P-14543860-61531162-3-11-0","sellTxId":"96846b1bdc0af86734ef7ec241b2e8efe3724bad"}
{"index": {"_index":"pob","_id":"2709968"}}
	{"id":2709968,"type":"sell","buyer":"richardcrill","seller":"valor2s","symbol":"POB","quantity":"0.70836449","price":"0.03105000","timestamp":1644001239,"volume":"0.02199472","buyTxId":"MM-P-14543860-61531162-3-11-0","sellTxId":"4ac6179492b36aaca7d8e09cbd14cf60f38ac56c"}
{"index": {"_index":"pob","_id":"2710125"}}
	{"id":2710125,"type":"sell","buyer":"richardcrill","seller":"ahmetay","symbol":"POB","quantity":"130.88071478","price":"0.03105000","timestamp":1644003744,"volume":"4.06384619","buyTxId":"MM-P-14543860-61531162-3-11-0","sellTxId":"92c92be72b795baf41212e8aff82fb92bfa4a5a2"}
{"index": {"_index":"pob","_id":"2710210"}}
	{"id":2710210,"type":"sell","buyer":"richardcrill","seller":"automaton","symbol":"POB","quantity":"3.49264577","price":"0.03105000","timestamp":1644004599,"volume":"0.10844665","buyTxId":"MM-P-14543860-61531162-3-11-0","sellTxId":"395d1f55b6d61667f062660b770ed402be15bfa2"}
{"index": {"_index":"pob","_id":"2710240"}}
	{"id":2710240,"type":"sell","buyer":"richardcrill","seller":"nineclaws","symbol":"POB","quantity":"20.77474042","price":"0.03105000","timestamp":1644004851,"volume":"0.64505569","buyTxId":"MM-P-14543860-61531162-3-11-0","sellTxId":"28ad8aecf5dac7269130fc46d0252e5b215707e1"}
{"index": {"_index":"pob","_id":"2710255"}}
	{"id":2710255,"type":"sell","buyer":"richardcrill","seller":"jmsansan.leo","symbol":"POB","quantity":"0.5407252","price":"0.03105000","timestamp":1644004950,"volume":"0.01678952","buyTxId":"MM-P-14543860-61531162-3-11-0","sellTxId":"7829720b7bbbd3d2da40876f655044a58ae6be16"}
{"index": {"_index":"pob","_id":"2710400"}}
	{"id":2710400,"type":"sell","buyer":"richardcrill","seller":"bitcoinflood","symbol":"POB","quantity":"7.71314598","price":"0.03105000","timestamp":1644006960,"volume":"0.23949318","buyTxId":"MM-P-14543860-61531162-3-11-0","sellTxId":"a5b174742d60c53d87e64fc5ab0253aa12c2da5c"}
{"index": {"_index":"pob","_id":"2710481"}}
	{"id":2710481,"type":"sell","buyer":"richardcrill","seller":"ironshield","symbol":"POB","quantity":"89.68729883","price":"0.03105000","timestamp":1644007947,"volume":"2.78479063","buyTxId":"MM-P-14543860-61531162-3-11-0","sellTxId":"d101f816311cf4daac09fa27ec52ae16b79ad38d"}
{"index": {"_index":"pob","_id":"2710500"}}
	{"id":2710500,"type":"sell","buyer":"richardcrill","seller":"deathwing","symbol":"POB","quantity":"0.027","price":"0.03105000","timestamp":1644008106,"volume":"0.00083835","buyTxId":"MM-P-14543860-61531162-3-11-0","sellTxId":"0ece7b3b313e8b31b98e49451d3a67938b170bba-0"}
{"index": {"_index":"pob","_id":"2710594"}}
	{"id":2710594,"type":"sell","buyer":"richardcrill","seller":"derangedvisions","symbol":"POB","quantity":"25.55999686","price":"0.03105000","timestamp":1644009258,"volume":"0.79363790","buyTxId":"MM-P-14543860-61531162-3-11-0","sellTxId":"6a0e824d58fad1ae6c0d5477c9cba04579842596"}
{"index": {"_index":"pob","_id":"2710753"}}
	{"id":2710753,"type":"sell","buyer":"richardcrill","seller":"magnacarta","symbol":"POB","quantity":"0.00873911","price":"0.03105000","timestamp":1644011646,"volume":"0.00027135","buyTxId":"MM-P-14543860-61531162-3-11-0","sellTxId":"48f5bf14f28ae6a8ff4047d927cef743b61a928e"}
{"index": {"_index":"pob","_id":"2710832"}}
	{"id":2710832,"type":"sell","buyer":"richardcrill","seller":"ahmetay","symbol":"POB","quantity":"236.52698030","price":"0.03105000","timestamp":1644012585,"volume":"7.34416274","buyTxId":"MM-P-14543860-61531162-3-11-0","sellTxId":"4490c495f4273264a8736e08a54ec49a532667de"}
{"index": {"_index":"pob","_id":"2710968"}}
	{"id":2710968,"type":"buy","buyer":"andy4475","seller":"master-lamps","symbol":"POB","quantity":"19.97648864","price":"0.03329880","timestamp":1644015114,"volume":"0.66519310","buyTxId":"157689edd7c77de09ecc16238326d1cfe89bdae3","sellTxId":"3488c17a252e3cc63c5b9d8e93eb747e372b7725"}
{"index": {"_index":"pob","_id":"2710969"}}
	{"id":2710969,"type":"buy","buyer":"andy4475","seller":"quicktrades","symbol":"POB","quantity":"0.70957836","price":"0.03329888","timestamp":1644015114,"volume":"0.02362816","buyTxId":"157689edd7c77de09ecc16238326d1cfe89bdae3","sellTxId":"1d26ba1ce6538845a66bbb9c2cb34fb48a9b7307"}
{"index": {"_index":"pob","_id":"2710970"}}
	{"id":2710970,"type":"buy","buyer":"andy4475","seller":"droida","symbol":"POB","quantity":"0.34362939","price":"0.03329889","timestamp":1644015114,"volume":"0.01144248","buyTxId":"157689edd7c77de09ecc16238326d1cfe89bdae3","sellTxId":"79f5935e1a9e541744f107fc516a2ce3f1241ec7"}
{"index": {"_index":"pob","_id":"2710971"}}
	{"id":2710971,"type":"buy","buyer":"andy4475","seller":"mein-senf-dazu","symbol":"POB","quantity":"1.69000000","price":"0.03329890","timestamp":1644015114,"volume":"0.05627514","buyTxId":"157689edd7c77de09ecc16238326d1cfe89bdae3","sellTxId":"9c314432075d286c0d4240b7a164240d4b234a4d"}
{"index": {"_index":"pob","_id":"2710972"}}
	{"id":2710972,"type":"buy","buyer":"andy4475","seller":"balina","symbol":"POB","quantity":"257.28030361","price":"0.03329891","timestamp":1644015114,"volume":"8.56715367","buyTxId":"157689edd7c77de09ecc16238326d1cfe89bdae3","sellTxId":"MM-P-14539291-61526592-3-0-0"}
{"index": {"_index":"pob","_id":"2710976"}}
	{"id":2710976,"type":"buy","buyer":"andy4475","seller":"balina","symbol":"POB","quantity":"12.71969639","price":"0.03329891","timestamp":1644015171,"volume":"0.42355203","buyTxId":"89ab747158b3df60191759076d5d575974b22083","sellTxId":"MM-P-14539291-61526592-3-0-0"}
{"index": {"_index":"pob","_id":"2710977"}}
	{"id":2710977,"type":"buy","buyer":"andy4475","seller":"lebah","symbol":"POB","quantity":"5.28030361","price":"0.03480000","timestamp":1644015171,"volume":"0.18375457","buyTxId":"89ab747158b3df60191759076d5d575974b22083","sellTxId":"9df9eb7dafea90d358da81a37bb30fa5133b3be4"}
{"index": {"_index":"pob","_id":"2710980"}}
	{"id":2710980,"type":"buy","buyer":"andy4475","seller":"lebah","symbol":"POB","quantity":"2.44000000","price":"0.03480000","timestamp":1644015216,"volume":"0.08491200","buyTxId":"7225af2703531e22021d524966d660e863016f60","sellTxId":"9df9eb7dafea90d358da81a37bb30fa5133b3be4"}
{"index": {"_index":"pob","_id":"2711229"}}
	{"id":2711229,"type":"sell","buyer":"lebah","seller":"readthisplease","symbol":"POB","quantity":"10.00000000","price":"0.03100500","timestamp":1644017799,"volume":"0.31005000","buyTxId":"f6e9f8637166645710c5bf391b3a55b3e7e0694d","sellTxId":"33918de0df42a7a6f532ec00b83a8f5642bab368"}
{"index": {"_index":"pob","_id":"2711230"}}
	{"id":2711230,"type":"sell","buyer":"balina","seller":"readthisplease","symbol":"POB","quantity":"19.00000000","price":"0.03100104","timestamp":1644017799,"volume":"0.58901976","buyTxId":"MM-P-14549172-61536477-3-0-0","sellTxId":"33918de0df42a7a6f532ec00b83a8f5642bab368"}
{"index": {"_index":"pob","_id":"2711540"}}
	{"id":2711540,"type":"sell","buyer":"balina","seller":"chinorf","symbol":"POB","quantity":"2.13298788","price":"0.03100104","timestamp":1644020850,"volume":"0.06612484","buyTxId":"MM-P-14549172-61536477-3-0-0","sellTxId":"9f5cce8ddd5e68f6f84d7ff5a48c96843f97edb0"}
{"index": {"_index":"pob","_id":"2711601"}}
	{"id":2711601,"type":"sell","buyer":"shanhenry","seller":"nrg","symbol":"POB","quantity":"38.87434377","price":"0.03120000","timestamp":1644021531,"volume":"1.21287953","buyTxId":"97ae99c1853cfc843dfae98bf5ed015921a8d392","sellTxId":"77fcc5e3c7352072abde4e2f5f2480b9130b154a-17"}
{"index": {"_index":"pob","_id":"2711611"}}
	{"id":2711611,"type":"sell","buyer":"shanhenry","seller":"jeniffer23","symbol":"POB","quantity":"2.68415722","price":"0.03120000","timestamp":1644021642,"volume":"0.08374571","buyTxId":"97ae99c1853cfc843dfae98bf5ed015921a8d392","sellTxId":"c81d855c1b3bf1a28f38876422af26b2c4a34ccd"}
{"index": {"_index":"pob","_id":"2711715"}}
	{"id":2711715,"type":"sell","buyer":"shanhenry","seller":"lebah","symbol":"POB","quantity":"17.04149901","price":"0.03120000","timestamp":1644022992,"volume":"0.53169476","buyTxId":"97ae99c1853cfc843dfae98bf5ed015921a8d392","sellTxId":"dc11a714f8a84b48ff94fee7e65a7a9638f60d88"}
{"index": {"_index":"pob","_id":"2711716"}}
	{"id":2711716,"type":"sell","buyer":"balina","seller":"lebah","symbol":"POB","quantity":"100.95850099","price":"0.03100704","timestamp":1644022992,"volume":"3.13042428","buyTxId":"MM-P-14551566-61538871-3-0-0","sellTxId":"dc11a714f8a84b48ff94fee7e65a7a9638f60d88"}
{"index": {"_index":"pob","_id":"2711731"}}
	{"id":2711731,"type":"sell","buyer":"master-lamps","seller":"lebah","symbol":"POB","quantity":"0.17270000","price":"0.03100004","timestamp":1644023244,"volume":"0.00535371","buyTxId":"043022a2622aa9af509481c94e5a24eea098fca4","sellTxId":"ff6b00241f2199f2350ab520a185dc6aeed1a69e"}
{"index": {"_index":"pob","_id":"2711738"}}
	{"id":2711738,"type":"sell","buyer":"master-lamps","seller":"bitsofwisdom","symbol":"POB","quantity":"1.55146211","price":"0.03100004","timestamp":1644023475,"volume":"0.04809539","buyTxId":"043022a2622aa9af509481c94e5a24eea098fca4","sellTxId":"21238d01c652deea49032082eddbe7a62a399662"}
{"index": {"_index":"pob","_id":"2711780"}}
	{"id":2711780,"type":"sell","buyer":"master-lamps","seller":"stickupboys","symbol":"POB","quantity":"8.99403423","price":"0.03100004","timestamp":1644024132,"volume":"0.27881542","buyTxId":"043022a2622aa9af509481c94e5a24eea098fca4","sellTxId":"541bcd1dbd090ea27efe7b36348cbe11c2325258"}
{"index": {"_index":"pob","_id":"2712004"}}
	{"id":2712004,"type":"sell","buyer":"shanhenry","seller":"ahmetay","symbol":"POB","quantity":"53.96000000","price":"0.03110000","timestamp":1644027915,"volume":"1.67815600","buyTxId":"2357afb985599adcd2b47217266775f2a6c1c83b","sellTxId":"e9110d09ec0db8e08c6d04bb0737595782e1181a"}
{"index": {"_index":"pob","_id":"2712005"}}
	{"id":2712005,"type":"sell","buyer":"balina","seller":"ahmetay","symbol":"POB","quantity":"110.71145311","price":"0.03100804","timestamp":1644027915,"volume":"3.43294517","buyTxId":"MM-P-14553262-61540568-3-0-0","sellTxId":"e9110d09ec0db8e08c6d04bb0737595782e1181a"}
{"index": {"_index":"pob","_id":"2712051"}}
	{"id":2712051,"type":"sell","buyer":"master-lamps","seller":"cflclosers","symbol":"POB","quantity":"9.41714985","price":"0.03100004","timestamp":1644028581,"volume":"0.29193202","buyTxId":"043022a2622aa9af509481c94e5a24eea098fca4","sellTxId":"18cdd6ce1dbd34e4c32ad2509d68e4a9911de529"}
{"index": {"_index":"pob","_id":"2712297"}}
	{"id":2712297,"type":"sell","buyer":"master-lamps","seller":"hykss","symbol":"POB","quantity":"3.51361059","price":"0.03100004","timestamp":1644031485,"volume":"0.10892207","buyTxId":"043022a2622aa9af509481c94e5a24eea098fca4","sellTxId":"dd4edc99f3e5fb62bc29c18c92425fa89a888fb1"}
