{"index": {"_index":"pob","_id":"1276993"}}
	{"id":1276993,"type":"buy","buyer":"anadolu","seller":"fireguardian","symbol":"POB","quantity":"104.84522000","price":"0.71000000","timestamp":1627614114,"volume":"74.44010620","buyTxId":"a9b05cefd9ef8b6c1cfdbb2fc183c589cc846fb1","sellTxId":"01e320f173986054b86cbba9b077448fa28bc8b1"}
{"index": {"_index":"pob","_id":"1277043"}}
	{"id":1277043,"type":"sell","buyer":"anadolu","seller":"jeniffer23","symbol":"POB","quantity":"8.41047828","price":"0.70500000","timestamp":1627615377,"volume":"5.92938719","buyTxId":"adc9196f6fc3ced384bed0d58c3bd6d00663cbe9","sellTxId":"d968bc79cf5919ab9b714bb61a791e15d3907c05"}
{"index": {"_index":"pob","_id":"1277081"}}
	{"id":1277081,"type":"sell","buyer":"anadolu","seller":"belhaven14","symbol":"POB","quantity":"0.74324033","price":"0.70500000","timestamp":1627615839,"volume":"0.52398443","buyTxId":"adc9196f6fc3ced384bed0d58c3bd6d00663cbe9","sellTxId":"587841ea97155c5f81a0dae4949863eb9058e25b"}
{"index": {"_index":"pob","_id":"1277084"}}
	{"id":1277084,"type":"sell","buyer":"anadolu","seller":"chinorf","symbol":"POB","quantity":"1.63526826","price":"0.70500000","timestamp":1627615872,"volume":"1.15286412","buyTxId":"adc9196f6fc3ced384bed0d58c3bd6d00663cbe9","sellTxId":"9de8633b1fa15be38dcb30bf4921415a4c94e4a7"}
{"index": {"_index":"pob","_id":"1277125"}}
	{"id":1277125,"type":"sell","buyer":"anadolu","seller":"lovesports","symbol":"POB","quantity":"10.40000000","price":"0.70500000","timestamp":1627616589,"volume":"7.33200000","buyTxId":"adc9196f6fc3ced384bed0d58c3bd6d00663cbe9","sellTxId":"d16b4a39293ec40036d08318c393f5f79d2e17d4"}
{"index": {"_index":"pob","_id":"1277200"}}
	{"id":1277200,"type":"sell","buyer":"anadolu","seller":"allcapsonezero","symbol":"POB","quantity":"6.00000000","price":"0.70500000","timestamp":1627617660,"volume":"4.23000000","buyTxId":"adc9196f6fc3ced384bed0d58c3bd6d00663cbe9","sellTxId":"df645e3e6a372fbc7cbc7b837b2c1d5607fcf726"}
{"index": {"_index":"pob","_id":"1277213"}}
	{"id":1277213,"type":"buy","buyer":"scholaris.pob","seller":"fireguardian","symbol":"POB","quantity":"0.00000034","price":"0.71000000","timestamp":1627617774,"volume":"0.00000024","buyTxId":"cfe650d334bb7133072ed92c28e49ebad7fc8453","sellTxId":"01e320f173986054b86cbba9b077448fa28bc8b1"}
{"index": {"_index":"pob","_id":"1277214"}}
	{"id":1277214,"type":"buy","buyer":"scholaris.pob","seller":"specialfeelings","symbol":"POB","quantity":"3.38704563","price":"0.71200000","timestamp":1627617774,"volume":"2.41157649","buyTxId":"cfe650d334bb7133072ed92c28e49ebad7fc8453","sellTxId":"47221b6b27b20a360a900627a702f6b29aa4bdad"}
{"index": {"_index":"pob","_id":"1277215"}}
	{"id":1277215,"type":"buy","buyer":"scholaris.pob","seller":"anadolu","symbol":"POB","quantity":"122.00000000","price":"0.71200000","timestamp":1627617774,"volume":"86.86400000","buyTxId":"cfe650d334bb7133072ed92c28e49ebad7fc8453","sellTxId":"3923d394ab675b4cec1c7a188bb3bd31609248a6"}
{"index": {"_index":"pob","_id":"1277216"}}
	{"id":1277216,"type":"buy","buyer":"scholaris.pob","seller":"kenechukwu97","symbol":"POB","quantity":"4.43459094","price":"0.71470000","timestamp":1627617774,"volume":"3.16940214","buyTxId":"cfe650d334bb7133072ed92c28e49ebad7fc8453","sellTxId":"20edafae50cf35cc5717596739082b998cefde2c"}
{"index": {"_index":"pob","_id":"1277217"}}
	{"id":1277217,"type":"buy","buyer":"scholaris.pob","seller":"dhedge-drips","symbol":"POB","quantity":"0.95775540","price":"0.71470000","timestamp":1627617774,"volume":"0.68450778","buyTxId":"cfe650d334bb7133072ed92c28e49ebad7fc8453","sellTxId":"4783df7afce70e0cadf92bb50cebb3f981b10cfb"}
{"index": {"_index":"pob","_id":"1277218"}}
	{"id":1277218,"type":"buy","buyer":"scholaris.pob","seller":"brofi-market","symbol":"POB","quantity":"8.93912131","price":"0.71470131","timestamp":1627617774,"volume":"6.38880171","buyTxId":"cfe650d334bb7133072ed92c28e49ebad7fc8453","sellTxId":"ba4678375fc8ec69264f814e6374161c52c6f9ef"}
{"index": {"_index":"pob","_id":"1277219"}}
	{"id":1277219,"type":"buy","buyer":"scholaris.pob","seller":"pardinus","symbol":"POB","quantity":"10.00000000","price":"0.72000000","timestamp":1627617774,"volume":"7.20000000","buyTxId":"cfe650d334bb7133072ed92c28e49ebad7fc8453","sellTxId":"56a411298801826db046d3115ecc6cbdc4305489"}
{"index": {"_index":"pob","_id":"1277220"}}
	{"id":1277220,"type":"buy","buyer":"scholaris.pob","seller":"notacinephile","symbol":"POB","quantity":"9.93654911","price":"0.72500000","timestamp":1627617774,"volume":"7.20399810","buyTxId":"cfe650d334bb7133072ed92c28e49ebad7fc8453","sellTxId":"7d3addc93268d81516379c8acadb3b3d445f33c8"}
{"index": {"_index":"pob","_id":"1277221"}}
	{"id":1277221,"type":"buy","buyer":"scholaris.pob","seller":"cryptofiloz","symbol":"POB","quantity":"2.99108439","price":"0.74398501","timestamp":1627617774,"volume":"2.22532195","buyTxId":"cfe650d334bb7133072ed92c28e49ebad7fc8453","sellTxId":"0efd804749c9a01f2230607e416a9d3cefe0ca6b"}
{"index": {"_index":"pob","_id":"1277222"}}
	{"id":1277222,"type":"buy","buyer":"scholaris.pob","seller":"solovey6o2","symbol":"POB","quantity":"401.92836922","price":"0.74398997","timestamp":1627617774,"volume":"299.03067536","buyTxId":"cfe650d334bb7133072ed92c28e49ebad7fc8453","sellTxId":"22179f4fa9f4a43dd905cad356cefde5ae688f7d"}
{"index": {"_index":"pob","_id":"1277225"}}
	{"id":1277225,"type":"sell","buyer":"solovey6o2","seller":"hive.pizza","symbol":"POB","quantity":"1.45678258","price":"0.70500001","timestamp":1627617831,"volume":"1.02703173","buyTxId":"5aeadc9292d4b9e9719fffed96b1f22e6e395881","sellTxId":"dd11b09f5e8325a52c39428c2cdf8d9ef10d7f1f"}
{"index": {"_index":"pob","_id":"1277227"}}
	{"id":1277227,"type":"sell","buyer":"solovey6o2","seller":"forexbrokr","symbol":"POB","quantity":"0.50376700","price":"0.70500001","timestamp":1627617846,"volume":"0.35515574","buyTxId":"5aeadc9292d4b9e9719fffed96b1f22e6e395881","sellTxId":"a99ccecc0c243df859edb857c44fe294fb3f62a7"}
{"index": {"_index":"pob","_id":"1277242"}}
	{"id":1277242,"type":"buy","buyer":"scholaris.pob","seller":"solovey6o2","symbol":"POB","quantity":"474.84589028","price":"0.74398997","timestamp":1627618026,"volume":"353.28057967","buyTxId":"9c9b78ba081f50753966ac4f04c90c7f7462f4ce","sellTxId":"22179f4fa9f4a43dd905cad356cefde5ae688f7d"}
{"index": {"_index":"pob","_id":"1277374"}}
	{"id":1277374,"type":"buy","buyer":"kachinhenry","seller":"solovey6o2","symbol":"POB","quantity":"55.00000000","price":"0.74398997","timestamp":1627619805,"volume":"40.91944835","buyTxId":"f8edb271dfca50ad63bc84b1ddec097413f8eb10","sellTxId":"22179f4fa9f4a43dd905cad356cefde5ae688f7d"}
{"index": {"_index":"pob","_id":"1277390"}}
	{"id":1277390,"type":"sell","buyer":"solovey6o2","seller":"gimmetricks1","symbol":"POB","quantity":"9.44838134","price":"0.70580009","timestamp":1627620345,"volume":"6.66866840","buyTxId":"a9119519012c6443c7af9fff75f92b5dac9767cf","sellTxId":"fb30b22ebded7c33fc104427ed558efe783125bd"}
{"index": {"_index":"pob","_id":"1277397"}}
	{"id":1277397,"type":"sell","buyer":"solovey6o2","seller":"mawit07","symbol":"POB","quantity":"2.65079812","price":"0.70590010","timestamp":1627620594,"volume":"1.87119866","buyTxId":"6651ea0316f172f81fd08eadc89f18a29c72385c","sellTxId":"0407250d8a83a41457490332c97510695af2aeb2"}
{"index": {"_index":"pob","_id":"1277413"}}
	{"id":1277413,"type":"sell","buyer":"solovey6o2","seller":"klye","symbol":"POB","quantity":"0.48991659","price":"0.70600011","timestamp":1627620930,"volume":"0.34588117","buyTxId":"f02cc7bb11b87a945101f5741b23b466ae4a34d5","sellTxId":"e814994e595e04abe2d06a824c9811f9110412ea"}
{"index": {"_index":"pob","_id":"1277414"}}
	{"id":1277414,"type":"sell","buyer":"solovey6o2","seller":"thatcryptodave","symbol":"POB","quantity":"1.10208986","price":"0.70600011","timestamp":1627620945,"volume":"0.77807556","buyTxId":"f02cc7bb11b87a945101f5741b23b466ae4a34d5","sellTxId":"3a92ae278495ba1334586d274489c358f3bc7c3a"}
{"index": {"_index":"pob","_id":"1277510"}}
	{"id":1277510,"type":"sell","buyer":"solovey6o2","seller":"barbarabezina","symbol":"POB","quantity":"7.24992012","price":"0.70670018","timestamp":1627622994,"volume":"5.12351985","buyTxId":"289fc9ce4acd69120d358d91e567f375ef8b556c","sellTxId":"91f9e1ce18fac3c7dee9a2f56716c6f7c8f77c5c"}
{"index": {"_index":"pob","_id":"1277519"}}
	{"id":1277519,"type":"buy","buyer":"razackpulo.sport","seller":"solovey6o2","symbol":"POB","quantity":"9.69000000","price":"0.74397999","timestamp":1627623180,"volume":"7.20916610","buyTxId":"e3197fbeef6c93ab5adf6ca7286b1dbd589e8e62","sellTxId":"bd8c4ee04d669c60749ee90adb65ad43f77e2748"}
{"index": {"_index":"pob","_id":"1277530"}}
	{"id":1277530,"type":"buy","buyer":"razack-pulo","seller":"solovey6o2","symbol":"POB","quantity":"8.17700000","price":"0.74397999","timestamp":1627623366,"volume":"6.08352438","buyTxId":"4abb8a2794aed62da195d6d3250bc9e861f1b97a","sellTxId":"bd8c4ee04d669c60749ee90adb65ad43f77e2748"}
{"index": {"_index":"pob","_id":"1277552"}}
	{"id":1277552,"type":"sell","buyer":"solovey6o2","seller":"automaton","symbol":"POB","quantity":"3.00023398","price":"0.70700021","timestamp":1627623900,"volume":"2.12116605","buyTxId":"7e6b79aaee8fa5afd6f91e1e17b0a2fe0b888d0e","sellTxId":"5a5327d7eaa3c422f1b1bd214adf9549ac9248d9"}
{"index": {"_index":"pob","_id":"1277573"}}
	{"id":1277573,"type":"sell","buyer":"richardcrill","seller":"hive-143869","symbol":"POB","quantity":"0.17180300","price":"0.70710021","timestamp":1627624116,"volume":"0.12148194","buyTxId":"MM-P-9105318-56086501-3-11-0","sellTxId":"dcd3d5a3cf82342fd74ce5415874be26e99a5f17"}
{"index": {"_index":"pob","_id":"1277589"}}
	{"id":1277589,"type":"sell","buyer":"richardcrill","seller":"torrecoin90","symbol":"POB","quantity":"0.64310872","price":"0.70720022","timestamp":1627624377,"volume":"0.45480663","buyTxId":"MM-P-9105417-56086601-3-11-0","sellTxId":"d172c624f9b8b39c687bb47b6fd0ab7db9eb378d"}
{"index": {"_index":"pob","_id":"1277722"}}
	{"id":1277722,"type":"sell","buyer":"solovey6o2","seller":"scooter77","symbol":"POB","quantity":"20.00000000","price":"0.70780029","timestamp":1627626420,"volume":"14.15600580","buyTxId":"a8d5707a253b619f90499bdc12ee258104e0b1b4","sellTxId":"fddb20551b277598577129c54af7717049965a57"}
{"index": {"_index":"pob","_id":"1277725"}}
	{"id":1277725,"type":"sell","buyer":"solovey6o2","seller":"claudio83.pob","symbol":"POB","quantity":"14.09416364","price":"0.70790030","timestamp":1627626639,"volume":"9.97726267","buyTxId":"c0d69f93d97b8f285ecaa7fb109ef0f597df760c","sellTxId":"5f6a3ab1db6934da3e6ded8dbe4f709e12bf5a72"}
{"index": {"_index":"pob","_id":"1277795"}}
	{"id":1277795,"type":"sell","buyer":"solovey6o2","seller":"fullcoverbetting","symbol":"POB","quantity":"0.19875259","price":"0.70830034","timestamp":1627627857,"volume":"0.14077653","buyTxId":"0be81a32ce8ea2e72f95de0840afbe98e1f9abe6","sellTxId":"cecf392041d1522618508e99d2b276b112d4232a"}
{"index": {"_index":"pob","_id":"1277798"}}
	{"id":1277798,"type":"sell","buyer":"richardcrill","seller":"revisesociology","symbol":"POB","quantity":"20.00000000","price":"0.70840034","timestamp":1627628007,"volume":"14.16800680","buyTxId":"MM-P-9106612-56087798-3-11-0","sellTxId":"d97063840f6af2c064cc6ddfa1a6227f61f11167"}
{"index": {"_index":"pob","_id":"1277804"}}
	{"id":1277804,"type":"sell","buyer":"richardcrill","seller":"boddhisattva","symbol":"POB","quantity":"21.42232080","price":"0.70840034","timestamp":1627628193,"volume":"15.17557934","buyTxId":"MM-P-9106612-56087798-3-11-0","sellTxId":"6d97c5fde34801a3b3c0af42c0c82891c7b85270"}
{"index": {"_index":"pob","_id":"1277858"}}
	{"id":1277858,"type":"sell","buyer":"richardcrill","seller":"thisismylife","symbol":"POB","quantity":"2.91929840","price":"0.70840034","timestamp":1627628838,"volume":"2.06803198","buyTxId":"MM-P-9106612-56087798-3-11-0","sellTxId":"832408a770f3ec8b16ac4675d3a001265debb9e1"}
{"index": {"_index":"pob","_id":"1277873"}}
	{"id":1277873,"type":"sell","buyer":"richardcrill","seller":"claudio83.pob","symbol":"POB","quantity":"2.24220937","price":"0.70840034","timestamp":1627629078,"volume":"1.58838188","buyTxId":"MM-P-9106612-56087798-3-11-0","sellTxId":"761272d526d938f05455286a75d058d9447a6848"}
{"index": {"_index":"pob","_id":"1277874"}}
	{"id":1277874,"type":"sell","buyer":"master-lamps","seller":"claudio83.pob","symbol":"POB","quantity":"7.87816000","price":"0.70651000","timestamp":1627629078,"volume":"5.56599882","buyTxId":"4d69aea45d4fe102439d27ca9d5eb1727115a85e","sellTxId":"761272d526d938f05455286a75d058d9447a6848"}
{"index": {"_index":"pob","_id":"1277875"}}
	{"id":1277875,"type":"sell","buyer":"solovey6o2","seller":"claudio83.pob","symbol":"POB","quantity":"60.40561626","price":"0.70200001","timestamp":1627629078,"volume":"42.40474322","buyTxId":"a4e845d81cf6a934b0a0200dc46cd174c54eecb2","sellTxId":"761272d526d938f05455286a75d058d9447a6848"}
{"index": {"_index":"pob","_id":"1277920"}}
	{"id":1277920,"type":"sell","buyer":"solovey6o2","seller":"cryptopoints","symbol":"POB","quantity":"12.00000000","price":"0.70220003","timestamp":1627629759,"volume":"8.42640036","buyTxId":"482ee7299d3b94cdbde6631e88ad8808305f17e0","sellTxId":"c34e65a2838086c5a2e277b56aa9dd61f63475a9"}
{"index": {"_index":"pob","_id":"1277945"}}
	{"id":1277945,"type":"sell","buyer":"solovey6o2","seller":"anggreklestari","symbol":"POB","quantity":"4.29189962","price":"0.70240005","timestamp":1627630209,"volume":"3.01463051","buyTxId":"0dbf581817ac0586e8f584a5e9734f1703ed317f","sellTxId":"0ff599868fb40addc65948332de0205b9799a593"}
{"index": {"_index":"pob","_id":"1277986"}}
	{"id":1277986,"type":"buy","buyer":"peter-stone","seller":"happyfrog420-new","symbol":"POB","quantity":"0.17295960","price":"0.74398000","timestamp":1627631649,"volume":"0.12867848","buyTxId":"96bd89efa8f5babd184b1e7c7e3fa6975daf3190","sellTxId":"114f03ef9b464098a62f77d77ec668b2e5e002cb"}
{"index": {"_index":"pob","_id":"1278016"}}
	{"id":1278016,"type":"buy","buyer":"beemd","seller":"happyfrog420-new","symbol":"POB","quantity":"0.06438898","price":"0.74398000","timestamp":1627631889,"volume":"0.04790411","buyTxId":"ae29c006ac8ed24267e705dcc75fe529ca66f671","sellTxId":"114f03ef9b464098a62f77d77ec668b2e5e002cb"}
{"index": {"_index":"pob","_id":"1278021"}}
	{"id":1278021,"type":"buy","buyer":"barski","seller":"happyfrog420-new","symbol":"POB","quantity":"0.08963895","price":"0.74398000","timestamp":1627632027,"volume":"0.06668959","buyTxId":"3dc16cd8bc029f3c625b4c397ee5c44d09c35911","sellTxId":"114f03ef9b464098a62f77d77ec668b2e5e002cb"}
{"index": {"_index":"pob","_id":"1278073"}}
	{"id":1278073,"type":"sell","buyer":"richardcrill","seller":"madstacks","symbol":"POB","quantity":"6.00000000","price":"0.70340014","timestamp":1627633080,"volume":"4.22040084","buyTxId":"MM-P-9108300-56089494-3-11-0","sellTxId":"e29b432ea773ba12450fdf2e422ea433095d0c07"}
{"index": {"_index":"pob","_id":"1278100"}}
	{"id":1278100,"type":"sell","buyer":"solovey6o2","seller":"edystringz","symbol":"POB","quantity":"100.00000000","price":"0.70360017","timestamp":1627633770,"volume":"70.36001700","buyTxId":"dd7a89065e50626a167b3b96d520bdd4a2160104","sellTxId":"75f67ff46663adaa0072737fe5e5d82db3f96bc4"}
{"index": {"_index":"pob","_id":"1278133"}}
	{"id":1278133,"type":"sell","buyer":"solovey6o2","seller":"shebe","symbol":"POB","quantity":"0.35827793","price":"0.70390020","timestamp":1627634853,"volume":"0.25219191","buyTxId":"2fbb686cad84124735bf30244b782c0a0ab1e035","sellTxId":"9d65eb6b2a8eeeeca810eee9eb5bd8850dba6240"}
{"index": {"_index":"pob","_id":"1278190"}}
	{"id":1278190,"type":"buy","buyer":"ugochill","seller":"happyfrog420-new","symbol":"POB","quantity":"0.10000000","price":"0.74396900","timestamp":1627636119,"volume":"0.07439690","buyTxId":"83d2392d34565514490a0b19c091d700927f0719","sellTxId":"d6e32b593ac91e94ff656c9965f5b933a6c0bba8"}
{"index": {"_index":"pob","_id":"1278193"}}
	{"id":1278193,"type":"buy","buyer":"barski","seller":"happyfrog420-new","symbol":"POB","quantity":"0.08479700","price":"0.74396900","timestamp":1627636149,"volume":"0.06308634","buyTxId":"d35dabefc8137305f3ad338954eb531033c42ada","sellTxId":"d6e32b593ac91e94ff656c9965f5b933a6c0bba8"}
{"index": {"_index":"pob","_id":"1278208"}}
	{"id":1278208,"type":"buy","buyer":"tipy","seller":"happyfrog420-new","symbol":"POB","quantity":"0.00004000","price":"0.74396900","timestamp":1627636701,"volume":"0.00002976","buyTxId":"4fb6b027cffd15deb66d2e9ba63dbaaaea9ec630","sellTxId":"d6e32b593ac91e94ff656c9965f5b933a6c0bba8"}
{"index": {"_index":"pob","_id":"1278224"}}
	{"id":1278224,"type":"sell","buyer":"gimme-your-coinz","seller":"erikah","symbol":"POB","quantity":"10.00000000","price":"0.70480030","timestamp":1627637553,"volume":"7.04800300","buyTxId":"3f5f2b770a1c780955460b237469f7a4aeb69633","sellTxId":"3fe0a2588838f1a8e45a720d65ab49dae542cc23"}
{"index": {"_index":"pob","_id":"1278229"}}
	{"id":1278229,"type":"sell","buyer":"gimme-your-coinz","seller":"trumpman","symbol":"POB","quantity":"17.00000000","price":"0.70490031","timestamp":1627637610,"volume":"11.98330527","buyTxId":"13f3ac76adab702b243d691f6fa5074806ab7ca6","sellTxId":"e4e0b59c8d9e36f97877c3e513eb3297105d66ab"}
{"index": {"_index":"pob","_id":"1278290"}}
	{"id":1278290,"type":"sell","buyer":"gimme-your-coinz","seller":"nonsowrites","symbol":"POB","quantity":"11.69215016","price":"0.70530035","timestamp":1627639056,"volume":"8.24647760","buyTxId":"4a1c354ddc78b0b54efc0dd0622a9cc30998c544","sellTxId":"c3d1188f16ed19ffe6b4d7586dc9221ae77b0246"}
{"index": {"_index":"pob","_id":"1278305"}}
	{"id":1278305,"type":"sell","buyer":"richardcrill","seller":"dwayne16","symbol":"POB","quantity":"46.77531277","price":"0.70550036","timestamp":1627639380,"volume":"33.00000000","buyTxId":"MM-P-9110378-56091587-3-11-0","sellTxId":"b1db5d1c23ac6dc1b0207af623f75291e9ac6365"}
{"index": {"_index":"pob","_id":"1278306"}}
	{"id":1278306,"type":"sell","buyer":"gimme-your-coinz","seller":"dwayne16","symbol":"POB","quantity":"21.21000000","price":"0.70540036","timestamp":1627639380,"volume":"14.96154164","buyTxId":"b0834a87876e1b902a7a0e1784506bf474ab269a","sellTxId":"b1db5d1c23ac6dc1b0207af623f75291e9ac6365"}
{"index": {"_index":"pob","_id":"1278307"}}
	{"id":1278307,"type":"sell","buyer":"solovey6o2","seller":"dwayne16","symbol":"POB","quantity":"132.01468723","price":"0.70540036","timestamp":1627639380,"volume":"93.12320790","buyTxId":"38afe81a30c7d100a4818f6d1fa35e2d9d34a1f8","sellTxId":"b1db5d1c23ac6dc1b0207af623f75291e9ac6365"}
{"index": {"_index":"pob","_id":"1278319"}}
	{"id":1278319,"type":"sell","buyer":"gimme-your-coinz","seller":"cryptosniperz","symbol":"POB","quantity":"21.21000000","price":"0.70550037","timestamp":1627639518,"volume":"14.96366285","buyTxId":"ed2abd6ae82baeaac75e9f37bdc431064a2dcf63","sellTxId":"34f9ddd16dc08c1de368c7134cd84498420430ed"}
{"index": {"_index":"pob","_id":"1278320"}}
	{"id":1278320,"type":"sell","buyer":"solovey6o2","seller":"cryptosniperz","symbol":"POB","quantity":"4.93700000","price":"0.70200001","timestamp":1627639518,"volume":"3.46577405","buyTxId":"8782b21854b2de30907bd54eb0e1bd48d19ce612","sellTxId":"34f9ddd16dc08c1de368c7134cd84498420430ed"}
{"index": {"_index":"pob","_id":"1278359"}}
	{"id":1278359,"type":"sell","buyer":"gimme-your-coinz","seller":"ekeminiemy","symbol":"POB","quantity":"2.80000000","price":"0.70220004","timestamp":1627640058,"volume":"1.96616011","buyTxId":"011fced54d3ce98dc34a49e2ff548cc7a861b8f3","sellTxId":"2eec342fc850ddfa7a805fa1db10516c7b5a18e9"}
{"index": {"_index":"pob","_id":"1278406"}}
	{"id":1278406,"type":"sell","buyer":"gimme-your-coinz","seller":"fullcoverbetting","symbol":"POB","quantity":"1.05259648","price":"0.70250007","timestamp":1627640925,"volume":"0.73944910","buyTxId":"ff1fe37c3628ee3e036bb7d63bd1879f694f951d","sellTxId":"9bfb96548921687fb96ba6abf25366d32ef1925f"}
{"index": {"_index":"pob","_id":"1278410"}}
	{"id":1278410,"type":"sell","buyer":"gimme-your-coinz","seller":"savagetobi","symbol":"POB","quantity":"1.55848826","price":"0.70250007","timestamp":1627641057,"volume":"1.09483811","buyTxId":"ff1fe37c3628ee3e036bb7d63bd1879f694f951d","sellTxId":"b099f2b8bfb62ae248db676ec47a7141cf92b2bb"}
{"index": {"_index":"pob","_id":"1278414"}}
	{"id":1278414,"type":"sell","buyer":"gimme-your-coinz","seller":"toofasteddie","symbol":"POB","quantity":"2.21250723","price":"0.70250007","timestamp":1627641135,"volume":"1.55428648","buyTxId":"ff1fe37c3628ee3e036bb7d63bd1879f694f951d","sellTxId":"eb904041d52043f58a1d215db296c5b68ba04f1f"}
{"index": {"_index":"pob","_id":"1278416"}}
	{"id":1278416,"type":"sell","buyer":"gimme-your-coinz","seller":"kenechukwu97","symbol":"POB","quantity":"21.21000000","price":"0.70260008","timestamp":1627641246,"volume":"14.90214770","buyTxId":"aed1cd4595bbb0e5b4f997b002973de351999aeb","sellTxId":"35dd929a2432ec8cab1892d3a3d0ea80a30dcd17"}
{"index": {"_index":"pob","_id":"1278417"}}
	{"id":1278417,"type":"sell","buyer":"richardcrill","seller":"kenechukwu97","symbol":"POB","quantity":"46.96839839","price":"0.70260007","timestamp":1627641246,"volume":"33.00000000","buyTxId":"MM-P-9110975-56092185-3-11-0","sellTxId":"35dd929a2432ec8cab1892d3a3d0ea80a30dcd17"}
{"index": {"_index":"pob","_id":"1278418"}}
	{"id":1278418,"type":"sell","buyer":"gimme-your-coinz","seller":"kenechukwu97","symbol":"POB","quantity":"16.38640803","price":"0.70250007","timestamp":1627641246,"volume":"11.51145279","buyTxId":"ff1fe37c3628ee3e036bb7d63bd1879f694f951d","sellTxId":"35dd929a2432ec8cab1892d3a3d0ea80a30dcd17"}
{"index": {"_index":"pob","_id":"1278419"}}
	{"id":1278419,"type":"buy","buyer":"solovey6o2","seller":"kenechukwu97","symbol":"POB","quantity":"104.43519358","price":"0.70250000","timestamp":1627641249,"volume":"73.36572349","buyTxId":"e8140ba221d19e77522183187845b03070f19405","sellTxId":"35dd929a2432ec8cab1892d3a3d0ea80a30dcd17"}
{"index": {"_index":"pob","_id":"1278465"}}
	{"id":1278465,"type":"sell","buyer":"gimme-your-coinz","seller":"savagetobi","symbol":"POB","quantity":"0.46186335","price":"0.70260009","timestamp":1627642095,"volume":"0.32450523","buyTxId":"fa4e1cf4a25c18924da3535153d0544b9d7969f8","sellTxId":"3feaefbc9757512f73511fa3c069ebd787265fe5"}
{"index": {"_index":"pob","_id":"1278491"}}
	{"id":1278491,"type":"sell","buyer":"gimme-your-coinz","seller":"freeztag","symbol":"POB","quantity":"0.71745708","price":"0.70310003","timestamp":1627642821,"volume":"0.50444409","buyTxId":"5cc826e1c09dc03d48c457510b7617021285787f","sellTxId":"c1aa7662836eb28798d2c4e0ddced2e1631d83b0"}
{"index": {"_index":"pob","_id":"1278534"}}
	{"id":1278534,"type":"sell","buyer":"gimme-your-coinz","seller":"patrickulrich","symbol":"POB","quantity":"4.51825653","price":"0.70340006","timestamp":1627643595,"volume":"3.17814191","buyTxId":"5437e9824591e877f86c139e6de3dd757e237577","sellTxId":"3741fe526f66110a5f7d4ff710065012b65a20f4"}
{"index": {"_index":"pob","_id":"1278579"}}
	{"id":1278579,"type":"sell","buyer":"gimme-your-coinz","seller":"elricmoonslayer","symbol":"POB","quantity":"6.00000000","price":"0.70360008","timestamp":1627644399,"volume":"4.22160048","buyTxId":"eba96fea247bfed1fcd6600ec87de7d61cda846f","sellTxId":"500cbad97b51704f5994d6f0cb1214bc2a879b19"}
{"index": {"_index":"pob","_id":"1278594"}}
	{"id":1278594,"type":"sell","buyer":"gimme-your-coinz","seller":"gracefieldhub","symbol":"POB","quantity":"21.21000000","price":"0.70370009","timestamp":1627644597,"volume":"14.92547891","buyTxId":"8e3e75dea287468ee2f48f826af8edee65fadb79","sellTxId":"50c4e3caff8928ac6a8bb05fa7d238ad7d62fb22"}
{"index": {"_index":"pob","_id":"1278595"}}
	{"id":1278595,"type":"sell","buyer":"solovey6o2","seller":"gracefieldhub","symbol":"POB","quantity":"16.79000000","price":"0.70370009","timestamp":1627644597,"volume":"11.81512451","buyTxId":"4e8a5e30641d10d6c1e987c3fca11661a3260dcb","sellTxId":"50c4e3caff8928ac6a8bb05fa7d238ad7d62fb22"}
{"index": {"_index":"pob","_id":"1278636"}}
	{"id":1278636,"type":"sell","buyer":"gimme-your-coinz","seller":"uwelang","symbol":"POB","quantity":"21.21000000","price":"0.70400013","timestamp":1627645428,"volume":"14.93184276","buyTxId":"19ba07857703d785380834a8466bf325c025c403","sellTxId":"283e32be07ebe692dfabff28e36352002f49f1d2"}
{"index": {"_index":"pob","_id":"1278637"}}
	{"id":1278637,"type":"sell","buyer":"gimme-your-coinz","seller":"uwelang","symbol":"POB","quantity":"0.64489735","price":"0.70400013","timestamp":1627645428,"volume":"0.45400782","buyTxId":"02c41b7ad424486f6c0418ef7b62f41f98e257db","sellTxId":"283e32be07ebe692dfabff28e36352002f49f1d2"}
{"index": {"_index":"pob","_id":"1278675"}}
	{"id":1278675,"type":"sell","buyer":"gimme-your-coinz","seller":"elricmoonslayer","symbol":"POB","quantity":"6.79548220","price":"0.70420015","timestamp":1627646094,"volume":"4.78537958","buyTxId":"199e2eec0f5a49afe24239e6d8c57e8ffddd24ed","sellTxId":"794a580cfd5529cea46499eded15c47892f41626"}
{"index": {"_index":"pob","_id":"1278722"}}
	{"id":1278722,"type":"sell","buyer":"gimme-your-coinz","seller":"felipejoys","symbol":"POB","quantity":"8.00000000","price":"0.70460019","timestamp":1627647318,"volume":"5.63680152","buyTxId":"32eed7a70a0eb80e9d56fdb6bd4519c9031b821f","sellTxId":"5c6c9f28c650fedd308456405a8261ee674db8fc"}
{"index": {"_index":"pob","_id":"1278752"}}
	{"id":1278752,"type":"sell","buyer":"gimme-your-coinz","seller":"stickupboys","symbol":"POB","quantity":"20.00000000","price":"0.70490022","timestamp":1627648140,"volume":"14.09800440","buyTxId":"7dff3e9d468c46292c082e65a289b722cd0dd0ef","sellTxId":"475d57ec130e8dfacd3e36e383ec65a84d13ef17"}
{"index": {"_index":"pob","_id":"1278755"}}
	{"id":1278755,"type":"sell","buyer":"gimme-your-coinz","seller":"pablodare","symbol":"POB","quantity":"1.94830482","price":"0.70490023","timestamp":1627648311,"volume":"1.37336052","buyTxId":"3b819c1f21c55e118216d78962c95655c593a79b","sellTxId":"2c4299f9a2f5cc9637d814c2fcc62da17d9bbe91"}
{"index": {"_index":"pob","_id":"1278868"}}
	{"id":1278868,"type":"sell","buyer":"gimme-your-coinz","seller":"mairapanelo","symbol":"POB","quantity":"0.34765168","price":"0.70560029","timestamp":1627650270,"volume":"0.24530313","buyTxId":"9ad4af1586afa58f8cf331685edc8b22577d9701","sellTxId":"4b8c1cc037292ef57309ce3f13ee9d76b29dd990"}
{"index": {"_index":"pob","_id":"1278895"}}
	{"id":1278895,"type":"sell","buyer":"gimme-your-coinz","seller":"fullcoverbetting","symbol":"POB","quantity":"0.03299145","price":"0.70570030","timestamp":1627650618,"volume":"0.02328208","buyTxId":"b16e94f5f645f3f10e3649618f1aca5e688bdcc9","sellTxId":"0c556bc97d508435f3f278e38cad9e60c81568f0"}
{"index": {"_index":"pob","_id":"1278922"}}
	{"id":1278922,"type":"sell","buyer":"gimme-your-coinz","seller":"ruth-girl","symbol":"POB","quantity":"21.21000000","price":"0.70590032","timestamp":1627651293,"volume":"14.97214579","buyTxId":"924948ca3de91939ecece4b3d55bf546bcb588c2","sellTxId":"c0f90ac39325d01f39a5ba1c3afe5d52b18343a6"}
{"index": {"_index":"pob","_id":"1278923"}}
	{"id":1278923,"type":"sell","buyer":"solovey6o2","seller":"ruth-girl","symbol":"POB","quantity":"18.79000000","price":"0.70590032","timestamp":1627651293,"volume":"13.26386701","buyTxId":"8b93a3e8e428d0d134a3bf256847c0714fb7f3f5","sellTxId":"c0f90ac39325d01f39a5ba1c3afe5d52b18343a6"}
{"index": {"_index":"pob","_id":"1278927"}}
	{"id":1278927,"type":"sell","buyer":"gimme-your-coinz","seller":"acesontop","symbol":"POB","quantity":"16.16329971","price":"0.70600034","timestamp":1627651437,"volume":"11.41129509","buyTxId":"b96221107a1a425020ebdca213be75f781fd7891","sellTxId":"2cbef1abdeb5031284d4349b7ae8870285669db8"}
{"index": {"_index":"pob","_id":"1278938"}}
	{"id":1278938,"type":"sell","buyer":"gimme-your-coinz","seller":"amirhayat572","symbol":"POB","quantity":"1.46950000","price":"0.70600034","timestamp":1627651623,"volume":"1.03746750","buyTxId":"b96221107a1a425020ebdca213be75f781fd7891","sellTxId":"bc90b1cdbf7395ded442f213fbbf52961f68df77"}
{"index": {"_index":"pob","_id":"1278973"}}
	{"id":1278973,"type":"sell","buyer":"gimme-your-coinz","seller":"andy4475","symbol":"POB","quantity":"1.41809727","price":"0.70620036","timestamp":1627652088,"volume":"1.00146080","buyTxId":"35614f13a953e4826c4e7d91f5c8f95b65fc4493","sellTxId":"10a2d944c09044aa04aca7ef2a9e38541560dc10"}
{"index": {"_index":"pob","_id":"1278994"}}
	{"id":1278994,"type":"sell","buyer":"gimme-your-coinz","seller":"rose98734","symbol":"POB","quantity":"4.38215902","price":"0.70630037","timestamp":1627652571,"volume":"3.09512054","buyTxId":"9ad94c0df071810c227dca745456918a41f00b31","sellTxId":"8725d9e9319c697e66ab084b7a7e6a83b8791ff3"}
{"index": {"_index":"pob","_id":"1279030"}}
	{"id":1279030,"type":"sell","buyer":"gimme-your-coinz","seller":"adamada","symbol":"POB","quantity":"3.89347503","price":"0.70650039","timestamp":1627652991,"volume":"2.75074163","buyTxId":"b3bfe6823693090c26dbf0915685d7c6f55d83fe","sellTxId":"6b04da3b81a9b96c4b6eb94d8a2067f3597f10b0"}
{"index": {"_index":"pob","_id":"1279056"}}
	{"id":1279056,"type":"sell","buyer":"gimme-your-coinz","seller":"chireerocks","symbol":"POB","quantity":"9.56299210","price":"0.70660040","timestamp":1627653354,"volume":"6.75721404","buyTxId":"cab89dee65b1f53219dce74a1e32529c673a72c8","sellTxId":"59ec6b043293ea0c0edbf86651bb821e99f82018"}
{"index": {"_index":"pob","_id":"1279122"}}
	{"id":1279122,"type":"sell","buyer":"gimme-your-coinz","seller":"thomashnblum","symbol":"POB","quantity":"21.21000000","price":"0.70680042","timestamp":1627653939,"volume":"14.99123691","buyTxId":"79ed7290466fca4456ef6a7b934df0d90622de65","sellTxId":"5346d92a189079d1786292b5a8ac3fe09966a703"}
{"index": {"_index":"pob","_id":"1279123"}}
	{"id":1279123,"type":"sell","buyer":"solovey6o2","seller":"thomashnblum","symbol":"POB","quantity":"116.93469089","price":"0.70680042","timestamp":1627653939,"volume":"82.64948863","buyTxId":"a9f03148b78a51a1c799aed7c272c7840305c71f","sellTxId":"5346d92a189079d1786292b5a8ac3fe09966a703"}
{"index": {"_index":"pob","_id":"1279152"}}
	{"id":1279152,"type":"sell","buyer":"gimme-your-coinz","seller":"finguru","symbol":"POB","quantity":"5.00000000","price":"0.70690044","timestamp":1627654305,"volume":"3.53450220","buyTxId":"0ccd96433475a9b391d9aa121fe780467f60ef8a","sellTxId":"5933690a50516ed0b3c326d5411a052f30d87792"}
{"index": {"_index":"pob","_id":"1279164"}}
	{"id":1279164,"type":"sell","buyer":"gimme-your-coinz","seller":"manclar","symbol":"POB","quantity":"0.9340061","price":"0.70700045","timestamp":1627654596,"volume":"0.66034273","buyTxId":"b1ff837c40c0ab5aed3326b138f3a996ce0bd4ab","sellTxId":"ecf3de78437e5d5af61676b13efb3381d9af7901"}
{"index": {"_index":"pob","_id":"1279168"}}
	{"id":1279168,"type":"sell","buyer":"gimme-your-coinz","seller":"finguru","symbol":"POB","quantity":"5.00000000","price":"0.70700045","timestamp":1627654665,"volume":"3.53500225","buyTxId":"b1ff837c40c0ab5aed3326b138f3a996ce0bd4ab","sellTxId":"fe0b2cf85a782ed4ca39165612c63cf302a68752"}
{"index": {"_index":"pob","_id":"1279284"}}
	{"id":1279284,"type":"sell","buyer":"gimme-your-coinz","seller":"timmzey","symbol":"POB","quantity":"2.84405391","price":"0.70770052","timestamp":1627656549,"volume":"2.01273843","buyTxId":"6c71dcbc87bbfed950ec34b29473c9abeecc022e","sellTxId":"8cb7bef9068748d07aa416657599fa0c4d5eadac"}
{"index": {"_index":"pob","_id":"1279289"}}
	{"id":1279289,"type":"sell","buyer":"gimme-your-coinz","seller":"acesontop","symbol":"POB","quantity":"18.36594609","price":"0.70770052","timestamp":1627656663,"volume":"12.99758960","buyTxId":"6c71dcbc87bbfed950ec34b29473c9abeecc022e","sellTxId":"79b553c7c4a88d1a1c751b78423fa4fa66b265bc"}
{"index": {"_index":"pob","_id":"1279290"}}
	{"id":1279290,"type":"sell","buyer":"solovey6o2","seller":"acesontop","symbol":"POB","quantity":"32.63814879","price":"0.70770052","timestamp":1627656663,"volume":"23.09803487","buyTxId":"04df840229d901f2ddecb7a3ce1fabffd3f418f8","sellTxId":"79b553c7c4a88d1a1c751b78423fa4fa66b265bc"}
{"index": {"_index":"pob","_id":"1279322"}}
	{"id":1279322,"type":"buy","buyer":"gamezine","seller":"happyfrog420-new","symbol":"POB","quantity":"0.25012680","price":"0.74389900","timestamp":1627657083,"volume":"0.18606908","buyTxId":"e519b1bcad19d818be139fe785e8d71419c5fbed","sellTxId":"4dc591c67b281c9e4dacfab0f8e7bf8dc5c3d0d5"}
{"index": {"_index":"pob","_id":"1279351"}}
	{"id":1279351,"type":"sell","buyer":"gimme-your-coinz","seller":"melbourneswest","symbol":"POB","quantity":"3.18437691","price":"0.70800056","timestamp":1627657470,"volume":"2.25454064","buyTxId":"1256362bb2de8a77bc05ef264c4cfd105e34411e","sellTxId":"8940636a2a9d1bf7485e2485beaefd2a22d0a1a5"}
{"index": {"_index":"pob","_id":"1279424"}}
	{"id":1279424,"type":"sell","buyer":"gimme-your-coinz","seller":"deepsafe","symbol":"POB","quantity":"14.98853993","price":"0.70840060","timestamp":1627658859,"volume":"10.61789068","buyTxId":"4b455bfb3d1e9bb2d5647debd53841e12bdd0634","sellTxId":"62b3265e2962d2c40b958edae4c74077a4fdfb5a"}
{"index": {"_index":"pob","_id":"1279446"}}
	{"id":1279446,"type":"sell","buyer":"gimme-your-coinz","seller":"rob23","symbol":"POB","quantity":"6.24409678","price":"0.70860062","timestamp":1627659258,"volume":"4.42457085","buyTxId":"41994d00b8d9541f1b3a0fd9b8d0c5261f4fac64","sellTxId":"93b1fe0b005570f5446a569a518d129235e6b0bd"}
{"index": {"_index":"pob","_id":"1279462"}}
	{"id":1279462,"type":"sell","buyer":"gimme-your-coinz","seller":"kevmcc","symbol":"POB","quantity":"0.29115464","price":"0.70860062","timestamp":1627659888,"volume":"0.20631236","buyTxId":"41994d00b8d9541f1b3a0fd9b8d0c5261f4fac64","sellTxId":"74c0c6c165a619f886080e3c38b86c02accbf8fb"}
{"index": {"_index":"pob","_id":"1279480"}}
	{"id":1279480,"type":"sell","buyer":"gimme-your-coinz","seller":"aiuna","symbol":"POB","quantity":"14.67474858","price":"0.70860062","timestamp":1627660383,"volume":"10.39853594","buyTxId":"41994d00b8d9541f1b3a0fd9b8d0c5261f4fac64","sellTxId":"5cf86cd5091c1afdc81d8c15297918f4e0592122"}
{"index": {"_index":"pob","_id":"1279486"}}
	{"id":1279486,"type":"buy","buyer":"tipy","seller":"aiuna","symbol":"POB","quantity":"0.00000639","price":"0.70860062","timestamp":1627660593,"volume":"0.00000453","buyTxId":"da657bf0fc5d0579ac56b6d4b1781d6c787bb236","sellTxId":"5cf86cd5091c1afdc81d8c15297918f4e0592122"}
{"index": {"_index":"pob","_id":"1279574"}}
	{"id":1279574,"type":"sell","buyer":"gimme-your-coinz","seller":"happyfrog420-new","symbol":"POB","quantity":"14.41342094","price":"0.70640038","timestamp":1627661613,"volume":"10.18164603","buyTxId":"9abca3f8175f86ed07753accfd5dd1540e9880b2","sellTxId":"4c2c70a4bcebac8baffc2af65da182147bb2f182"}
{"index": {"_index":"pob","_id":"1279764"}}
	{"id":1279764,"type":"sell","buyer":"gimme-your-coinz","seller":"joetunex","symbol":"POB","quantity":"6.79657906","price":"0.70640038","timestamp":1627663128,"volume":"4.80110603","buyTxId":"9abca3f8175f86ed07753accfd5dd1540e9880b2","sellTxId":"9602190e337a0358fbdd7ecb41a6677d5ebaf916"}
{"index": {"_index":"pob","_id":"1279767"}}
	{"id":1279767,"type":"buy","buyer":"gimme-your-coinz","seller":"joetunex","symbol":"POB","quantity":"21.21000000","price":"0.70640038","timestamp":1627663146,"volume":"14.98275206","buyTxId":"3a07d9e5c16a20e7af37b7eecbc6344d081e4822","sellTxId":"9602190e337a0358fbdd7ecb41a6677d5ebaf916"}
{"index": {"_index":"pob","_id":"1279768"}}
	{"id":1279768,"type":"buy","buyer":"gimme-your-coinz","seller":"joetunex","symbol":"POB","quantity":"21.21000000","price":"0.70640038","timestamp":1627663155,"volume":"14.98275206","buyTxId":"23fe31396b886266cf3803a3f6c6a83da8b2540c","sellTxId":"9602190e337a0358fbdd7ecb41a6677d5ebaf916"}
{"index": {"_index":"pob","_id":"1279771"}}
	{"id":1279771,"type":"sell","buyer":"richardcrill","seller":"alekst7","symbol":"POB","quantity":"30.00000000","price":"0.70640037","timestamp":1627663158,"volume":"21.19201110","buyTxId":"MM-P-9117749-56098969-3-11-0","sellTxId":"b77d211a0ee12d0236038a4014e2b743a06e4bef"}
{"index": {"_index":"pob","_id":"1279775"}}
	{"id":1279775,"type":"buy","buyer":"gimme-your-coinz","seller":"joetunex","symbol":"POB","quantity":"21.21000000","price":"0.70640038","timestamp":1627663164,"volume":"14.98275206","buyTxId":"16c47e293f6ec63c0f4c093d1d32dbf5dc1b21a1","sellTxId":"9602190e337a0358fbdd7ecb41a6677d5ebaf916"}
{"index": {"_index":"pob","_id":"1279776"}}
	{"id":1279776,"type":"buy","buyer":"gimme-your-coinz","seller":"joetunex","symbol":"POB","quantity":"4.77219086","price":"0.70640038","timestamp":1627663173,"volume":"3.37107744","buyTxId":"5d09c7f2e0312605184f833fdd7b9530e9bef375","sellTxId":"9602190e337a0358fbdd7ecb41a6677d5ebaf916"}
{"index": {"_index":"pob","_id":"1279787"}}
	{"id":1279787,"type":"sell","buyer":"gimme-your-coinz","seller":"fracasgrimm","symbol":"POB","quantity":"16.43780914","price":"0.70640038","timestamp":1627663443,"volume":"11.61167462","buyTxId":"5d09c7f2e0312605184f833fdd7b9530e9bef375","sellTxId":"8079430826ea7daa4b80337cdde7766f2d4ae4f7"}
{"index": {"_index":"pob","_id":"1279788"}}
	{"id":1279788,"type":"sell","buyer":"gimme-your-coinz","seller":"fracasgrimm","symbol":"POB","quantity":"5.77622575","price":"0.70640038","timestamp":1627663443,"volume":"4.08032806","buyTxId":"8370466d1b2446310bc502f06fe536147aa2eafb","sellTxId":"8079430826ea7daa4b80337cdde7766f2d4ae4f7"}
{"index": {"_index":"pob","_id":"1279794"}}
	{"id":1279794,"type":"sell","buyer":"gimme-your-coinz","seller":"cryptoandcoffee","symbol":"POB","quantity":"3.00000000","price":"0.70640038","timestamp":1627663680,"volume":"2.11920114","buyTxId":"8370466d1b2446310bc502f06fe536147aa2eafb","sellTxId":"f83019edb3e367a4181f003ab2ead79b4ce8bd04"}
{"index": {"_index":"pob","_id":"1279891"}}
	{"id":1279891,"type":"sell","buyer":"gimme-your-coinz","seller":"lunaticpandora","symbol":"POB","quantity":"12.43377425","price":"0.70640038","timestamp":1627664790,"volume":"8.78322286","buyTxId":"8370466d1b2446310bc502f06fe536147aa2eafb","sellTxId":"8e5edc882b0fbe70e85138c52e6cf3928e9d64ea"}
{"index": {"_index":"pob","_id":"1279892"}}
	{"id":1279892,"type":"sell","buyer":"richardcrill","seller":"lunaticpandora","symbol":"POB","quantity":"46.72894946","price":"0.70620034","timestamp":1627664790,"volume":"33.00000000","buyTxId":"MM-P-9118348-56099568-3-11-0","sellTxId":"8e5edc882b0fbe70e85138c52e6cf3928e9d64ea"}
{"index": {"_index":"pob","_id":"1279893"}}
	{"id":1279893,"type":"sell","buyer":"anadolu","seller":"lunaticpandora","symbol":"POB","quantity":"95.15110963","price":"0.70610034","timestamp":1627664790,"volume":"67.18623086","buyTxId":"841c06021f849dc3effe1d48372aa99659285c89","sellTxId":"8e5edc882b0fbe70e85138c52e6cf3928e9d64ea"}
{"index": {"_index":"pob","_id":"1279931"}}
	{"id":1279931,"type":"sell","buyer":"gimme-your-coinz","seller":"esecholo","symbol":"POB","quantity":"8.17300000","price":"0.70610035","timestamp":1627665444,"volume":"5.77095816","buyTxId":"d8945244bc87066a1dd2c50922406223aab7641e","sellTxId":"72609a068a199675d9b36f4e66e3325e26d4fb69"}
{"index": {"_index":"pob","_id":"1279985"}}
	{"id":1279985,"type":"sell","buyer":"gimme-your-coinz","seller":"liotes.voter","symbol":"POB","quantity":"4.39228982","price":"0.70610035","timestamp":1627666203,"volume":"3.10139738","buyTxId":"d8945244bc87066a1dd2c50922406223aab7641e","sellTxId":"36ce0907df5b27045cc72977d4fc949942f24204"}
{"index": {"_index":"pob","_id":"1279999"}}
	{"id":1279999,"type":"sell","buyer":"gimme-your-coinz","seller":"mykos","symbol":"POB","quantity":"0.66971712","price":"0.70610035","timestamp":1627666275,"volume":"0.47288749","buyTxId":"d8945244bc87066a1dd2c50922406223aab7641e","sellTxId":"9903ab9425fb57c2e8dc9c2cc6ade05b1f099422"}
{"index": {"_index":"pob","_id":"1280081"}}
	{"id":1280081,"type":"sell","buyer":"gimme-your-coinz","seller":"prince-anyaobi","symbol":"POB","quantity":"7.00000000","price":"0.70610035","timestamp":1627667475,"volume":"4.94270245","buyTxId":"d8945244bc87066a1dd2c50922406223aab7641e","sellTxId":"ca1cdd5fcb852adec157f7e2b1ee15f367ed2779"}
{"index": {"_index":"pob","_id":"1280088"}}
	{"id":1280088,"type":"sell","buyer":"gimme-your-coinz","seller":"prince-anyaobi","symbol":"POB","quantity":"21.21000000","price":"0.70610036","timestamp":1627667571,"volume":"14.97638864","buyTxId":"cc13fd7d2dc697f52ddfce79ea3e7aa612859e15","sellTxId":"dbffb17d638d81f905a1a0f64ef0deba1a53aafa"}
{"index": {"_index":"pob","_id":"1280089"}}
	{"id":1280089,"type":"sell","buyer":"gimme-your-coinz","seller":"prince-anyaobi","symbol":"POB","quantity":"19.18000000","price":"0.70610035","timestamp":1627667571,"volume":"13.54300471","buyTxId":"ce134ce3fd53b8dfc9fbaf6e0364e381f370ce29","sellTxId":"dbffb17d638d81f905a1a0f64ef0deba1a53aafa"}
{"index": {"_index":"pob","_id":"1280128"}}
	{"id":1280128,"type":"sell","buyer":"gimme-your-coinz","seller":"thranax","symbol":"POB","quantity":"3.09753566","price":"0.70610036","timestamp":1627668366,"volume":"2.18717104","buyTxId":"99c740875b613f03a119a14e502001358572cf6e","sellTxId":"426a66d36f7503d2f406756c94870e094f1a5fc6"}
{"index": {"_index":"pob","_id":"1280169"}}
	{"id":1280169,"type":"buy","buyer":"gimme-your-coinz","seller":"aiuna","symbol":"POB","quantity":"102.91978157","price":"0.70860062","timestamp":1627668630,"volume":"72.92902103","buyTxId":"a7686ee087f2ede8747cbbd4c4f2a6eb16e6138a","sellTxId":"5cf86cd5091c1afdc81d8c15297918f4e0592122"}
{"index": {"_index":"pob","_id":"1280170"}}
	{"id":1280170,"type":"buy","buyer":"gimme-your-coinz","seller":"linkxdx","symbol":"POB","quantity":"0.09541479","price":"0.74389900","timestamp":1627668630,"volume":"0.07097897","buyTxId":"a7686ee087f2ede8747cbbd4c4f2a6eb16e6138a","sellTxId":"39afe6d088916883a19d85e7e7f10243b2a5c59c"}
{"index": {"_index":"pob","_id":"1280204"}}
	{"id":1280204,"type":"sell","buyer":"gimme-your-coinz","seller":"broadhive-org","symbol":"POB","quantity":"5.16152520","price":"0.70610036","timestamp":1627669032,"volume":"3.64455480","buyTxId":"99c740875b613f03a119a14e502001358572cf6e","sellTxId":"c5d1d4c098c8a7e84cec2a0f8976ed1bc7e003e3"}
{"index": {"_index":"pob","_id":"1280210"}}
	{"id":1280210,"type":"buy","buyer":"pdq","seller":"linkxdx","symbol":"POB","quantity":"4.03458521","price":"0.74389900","timestamp":1627669143,"volume":"3.00132390","buyTxId":"0c05d58941561c2cf508e41dec636053d8d8bbfb","sellTxId":"39afe6d088916883a19d85e7e7f10243b2a5c59c"}
{"index": {"_index":"pob","_id":"1280211"}}
	{"id":1280211,"type":"buy","buyer":"pdq","seller":"servelle","symbol":"POB","quantity":"1.10945919","price":"0.74397000","timestamp":1627669143,"volume":"0.82540435","buyTxId":"0c05d58941561c2cf508e41dec636053d8d8bbfb","sellTxId":"2bfd140e856f99999798b2810cb8c0315b33cf23"}
{"index": {"_index":"pob","_id":"1280212"}}
	{"id":1280212,"type":"buy","buyer":"pdq","seller":"chekohler","symbol":"POB","quantity":"10.00000000","price":"0.74398000","timestamp":1627669143,"volume":"7.43980000","buyTxId":"0c05d58941561c2cf508e41dec636053d8d8bbfb","sellTxId":"f538bbaded280a6ae753d26c2ddd485610b7a131"}
{"index": {"_index":"pob","_id":"1280213"}}
	{"id":1280213,"type":"buy","buyer":"pdq","seller":"solovey6o2","symbol":"POB","quantity":"584.85595560","price":"0.74398997","timestamp":1627669143,"volume":"435.12696486","buyTxId":"0c05d58941561c2cf508e41dec636053d8d8bbfb","sellTxId":"f479e2e48c0b787783e181840e23aca0bc10f863"}
{"index": {"_index":"pob","_id":"1280344"}}
	{"id":1280344,"type":"sell","buyer":"gimme-your-coinz","seller":"cryptosignal247","symbol":"POB","quantity":"9.20549337","price":"0.70610036","timestamp":1627670670,"volume":"6.50000218","buyTxId":"99c740875b613f03a119a14e502001358572cf6e","sellTxId":"9a7dc45eca30e6b96a70a3cd1c1fc55e125610ed"}
{"index": {"_index":"pob","_id":"1280377"}}
	{"id":1280377,"type":"sell","buyer":"gimme-your-coinz","seller":"revisesociology","symbol":"POB","quantity":"3.74544577","price":"0.70610036","timestamp":1627671249,"volume":"2.64466061","buyTxId":"99c740875b613f03a119a14e502001358572cf6e","sellTxId":"0cd7ee7b14ea2b33965f4aed64849785daca4cf7"}
{"index": {"_index":"pob","_id":"1280411"}}
	{"id":1280411,"type":"sell","buyer":"gimme-your-coinz","seller":"monsterjamgold","symbol":"POB","quantity":"0.02576448","price":"0.70310013","timestamp":1627671969,"volume":"0.01811501","buyTxId":"8048f4d573c536b0bc46cb5195e19fc2797c9c4e","sellTxId":"169acb194d783643976ee27757cd65d2ce7a7cf1"}
{"index": {"_index":"pob","_id":"1280457"}}
	{"id":1280457,"type":"sell","buyer":"gimme-your-coinz","seller":"bearbear613","symbol":"POB","quantity":"0.96992676","price":"0.70340016","timestamp":1627672812,"volume":"0.68224664","buyTxId":"3e73594ec4bea21f864c061159428d1a04379e71","sellTxId":"1312a83193ce3228d2885144561f65126d672b89"}
{"index": {"_index":"pob","_id":"1280515"}}
	{"id":1280515,"type":"buy","buyer":"razack-pulo","seller":"revisesociology","symbol":"POB","quantity":"6.25455423","price":"0.70610036","timestamp":1627673400,"volume":"4.41634299","buyTxId":"c5e6c3914a3cac8126bf03d837b63ba35c3bcdb9","sellTxId":"0cd7ee7b14ea2b33965f4aed64849785daca4cf7"}
{"index": {"_index":"pob","_id":"1280516"}}
	{"id":1280516,"type":"buy","buyer":"razack-pulo","seller":"maylenasland","symbol":"POB","quantity":"3.00000000","price":"0.73999000","timestamp":1627673400,"volume":"2.21997000","buyTxId":"c5e6c3914a3cac8126bf03d837b63ba35c3bcdb9","sellTxId":"6f11811cfe3a837420362a4f05d80d4434f00f2d"}
{"index": {"_index":"pob","_id":"1280517"}}
	{"id":1280517,"type":"buy","buyer":"razack-pulo","seller":"solovey6o2","symbol":"POB","quantity":"3.54544577","price":"0.74398997","timestamp":1627673400,"volume":"2.63777609","buyTxId":"c5e6c3914a3cac8126bf03d837b63ba35c3bcdb9","sellTxId":"f479e2e48c0b787783e181840e23aca0bc10f863"}
{"index": {"_index":"pob","_id":"1280523"}}
	{"id":1280523,"type":"sell","buyer":"gimme-your-coinz","seller":"madstacks","symbol":"POB","quantity":"1.70555538","price":"0.70360018","timestamp":1627673520,"volume":"1.20002907","buyTxId":"39aa5e55a5f6b9daa7d9eec64d363d3f88926858","sellTxId":"39b26358fee49b37862b20885615e76f61784aef"}
{"index": {"_index":"pob","_id":"1280547"}}
	{"id":1280547,"type":"sell","buyer":"gimme-your-coinz","seller":"footballpedia","symbol":"POB","quantity":"6.76000000","price":"0.70370019","timestamp":1627673721,"volume":"4.75701328","buyTxId":"b93e5054b5835cff024eacf3f3a4c8fcfb2933e0","sellTxId":"55a593c32b89579ee4ceadc8bae88c611e872c5f"}
{"index": {"_index":"pob","_id":"1280570"}}
	{"id":1280570,"type":"buy","buyer":"beemd","seller":"solovey6o2","symbol":"POB","quantity":"0.05068625","price":"0.74398997","timestamp":1627673922,"volume":"0.03771006","buyTxId":"5596a712e215111f07d6a28d9f5b4ae0e9fc30a0","sellTxId":"f479e2e48c0b787783e181840e23aca0bc10f863"}
{"index": {"_index":"pob","_id":"1280605"}}
	{"id":1280605,"type":"buy","buyer":"peter-stone","seller":"solovey6o2","symbol":"POB","quantity":"0.39413130","price":"0.74398997","timestamp":1627674309,"volume":"0.29322973","buyTxId":"98af89b279e60c473180f128dbf73db386bf7ab3","sellTxId":"f479e2e48c0b787783e181840e23aca0bc10f863"}
{"index": {"_index":"pob","_id":"1280643"}}
	{"id":1280643,"type":"sell","buyer":"gimme-your-coinz","seller":"invest4free","symbol":"POB","quantity":"2.8","price":"0.70410023","timestamp":1627674837,"volume":"1.97148064","buyTxId":"5fa53b28fc872f1ab76738aade90d4e3cd30a3ef","sellTxId":"08cbdb28c99957f12a1e3cde40f97317ee4a3729"}
{"index": {"_index":"pob","_id":"1280644"}}
	{"id":1280644,"type":"sell","buyer":"gimme-your-coinz","seller":"ahmetay","symbol":"POB","quantity":"2.04089731","price":"0.70410023","timestamp":1627674843,"volume":"1.43699627","buyTxId":"5fa53b28fc872f1ab76738aade90d4e3cd30a3ef","sellTxId":"c1fb3a26808ee43365790c9d0be829c702f98a50"}
{"index": {"_index":"pob","_id":"1280716"}}
	{"id":1280716,"type":"sell","buyer":"gimme-your-coinz","seller":"brofi-market","symbol":"POB","quantity":"6.71357650","price":"0.70440026","timestamp":1627675887,"volume":"4.72904503","buyTxId":"44ef5c57a6af1d23e66959dc185b3a0c714fcf83","sellTxId":"8b13f207858a285de62024bc98b45aeb449b1302"}
{"index": {"_index":"pob","_id":"1280729"}}
	{"id":1280729,"type":"sell","buyer":"gimme-your-coinz","seller":"leidimar25","symbol":"POB","quantity":"9.27705821","price":"0.70450027","timestamp":1627676016,"volume":"6.53569001","buyTxId":"e083d2c9d42731ddbed2b701bb8b6443586c5f1c","sellTxId":"66658bfb47133c44593203dc23559a3105314682"}
{"index": {"_index":"pob","_id":"1280752"}}
	{"id":1280752,"type":"sell","buyer":"gimme-your-coinz","seller":"nathanpieters","symbol":"POB","quantity":"0.54332586","price":"0.70460028","timestamp":1627676334,"volume":"0.38282755","buyTxId":"6a898fbf722fb269452ee1416748bca561430895","sellTxId":"638c6a58fdd7e6902391a707e90f569a8c54e337"}
{"index": {"_index":"pob","_id":"1280838"}}
	{"id":1280838,"type":"sell","buyer":"gimme-your-coinz","seller":"andy4475","symbol":"POB","quantity":"2.39981482","price":"0.70490031","timestamp":1627677432,"volume":"1.69163021","buyTxId":"f5896c23c7a7fc6b0e4bcc959471b64a82f59dfc","sellTxId":"9cb832e9da25f57a027ae3417eac583f0955ffbc"}
{"index": {"_index":"pob","_id":"1280874"}}
	{"id":1280874,"type":"sell","buyer":"gimme-your-coinz","seller":"stayten","symbol":"POB","quantity":"1.98573891","price":"0.70510033","timestamp":1627677927,"volume":"1.40014516","buyTxId":"064f06d972983bf6de1f599593e1ee8813d716c8","sellTxId":"b8631776e3afc6762f9038919db69297f6e4bc13"}
{"index": {"_index":"pob","_id":"1280949"}}
	{"id":1280949,"type":"buy","buyer":"terminado","seller":"solovey6o2","symbol":"POB","quantity":"328.04353572","price":"0.74398997","timestamp":1627678938,"volume":"244.06110030","buyTxId":"6dead6d65ba742b5ba8c17ef759616c2cc8d28bd","sellTxId":"f479e2e48c0b787783e181840e23aca0bc10f863"}
{"index": {"_index":"pob","_id":"1280950"}}
	{"id":1280950,"type":"buy","buyer":"terminado","seller":"solovey6o2","symbol":"POB","quantity":"116.93469090","price":"0.74398997","timestamp":1627678938,"volume":"86.99823717","buyTxId":"6dead6d65ba742b5ba8c17ef759616c2cc8d28bd","sellTxId":"45a6e88136afdc2fcf52448381c1b339dab37180"}
{"index": {"_index":"pob","_id":"1280951"}}
	{"id":1280951,"type":"buy","buyer":"terminado","seller":"solovey6o2","symbol":"POB","quantity":"32.63814879","price":"0.74398997","timestamp":1627678938,"volume":"24.28245534","buyTxId":"6dead6d65ba742b5ba8c17ef759616c2cc8d28bd","sellTxId":"4077eb811a3d44c47910201e789adf6d24b87b04"}
{"index": {"_index":"pob","_id":"1280952"}}
	{"id":1280952,"type":"buy","buyer":"terminado","seller":"brofi-market","symbol":"POB","quantity":"6.71357650","price":"0.74398997","timestamp":1627678938,"volume":"4.99483358","buyTxId":"6dead6d65ba742b5ba8c17ef759616c2cc8d28bd","sellTxId":"e70d42419460f390df4318d2cac3763db9aa6423"}
{"index": {"_index":"pob","_id":"1280953"}}
	{"id":1280953,"type":"buy","buyer":"terminado","seller":"take-my-coinz","symbol":"POB","quantity":"66.45000000","price":"0.74398998","timestamp":1627678938,"volume":"49.43813417","buyTxId":"6dead6d65ba742b5ba8c17ef759616c2cc8d28bd","sellTxId":"4f6dc8aa16481d31ed275fd2da13d57a725de439"}
{"index": {"_index":"pob","_id":"1280954"}}
	{"id":1280954,"type":"buy","buyer":"terminado","seller":"adityajainxds","symbol":"POB","quantity":"2.42485777","price":"0.74399000","timestamp":1627678938,"volume":"1.80406993","buyTxId":"6dead6d65ba742b5ba8c17ef759616c2cc8d28bd","sellTxId":"36f35cf8cb59223f4a482edda8e86e3391e42799"}
{"index": {"_index":"pob","_id":"1280955"}}
	{"id":1280955,"type":"buy","buyer":"terminado","seller":"akumagai","symbol":"POB","quantity":"10.00000000","price":"0.74399000","timestamp":1627678938,"volume":"7.43990000","buyTxId":"6dead6d65ba742b5ba8c17ef759616c2cc8d28bd","sellTxId":"aa9a1cc2228ce1cfee4f3085e5912885de086424"}
{"index": {"_index":"pob","_id":"1280956"}}
	{"id":1280956,"type":"buy","buyer":"terminado","seller":"oivas","symbol":"POB","quantity":"1.88000000","price":"0.74399000","timestamp":1627678938,"volume":"1.39870120","buyTxId":"6dead6d65ba742b5ba8c17ef759616c2cc8d28bd","sellTxId":"1831406a70dcc654386be7e3af8d3d4e512dda93"}
{"index": {"_index":"pob","_id":"1280957"}}
	{"id":1280957,"type":"buy","buyer":"terminado","seller":"peerfinance","symbol":"POB","quantity":"0.15800000","price":"0.74399000","timestamp":1627678938,"volume":"0.11755042","buyTxId":"6dead6d65ba742b5ba8c17ef759616c2cc8d28bd","sellTxId":"f47c4da86fedd06c88cff2c1bd08f2166426a3cf"}
{"index": {"_index":"pob","_id":"1280958"}}
	{"id":1280958,"type":"buy","buyer":"terminado","seller":"camiloferrua","symbol":"POB","quantity":"8.75719032","price":"0.74400000","timestamp":1627678938,"volume":"6.51534960","buyTxId":"6dead6d65ba742b5ba8c17ef759616c2cc8d28bd","sellTxId":"e67b0b866e5363756bec2c3e44d39186299f0c9c"}
{"index": {"_index":"pob","_id":"1280988"}}
	{"id":1280988,"type":"sell","buyer":"gimme-your-coinz","seller":"toofasteddie","symbol":"POB","quantity":"3.22594874","price":"0.70550037","timestamp":1627679211,"volume":"2.27590803","buyTxId":"b9294a25fb19cf4c80e327fa0d7941a98812a0d6","sellTxId":"2b4c5c6ebf12cf656d8b7b87d82131bfe722468c"}
{"index": {"_index":"pob","_id":"1281007"}}
	{"id":1281007,"type":"sell","buyer":"gimme-your-coinz","seller":"awesomeinfo","symbol":"POB","quantity":"14.00000000","price":"0.70560038","timestamp":1627679577,"volume":"9.87840532","buyTxId":"7cb5f6c4f9015999fbe7d85b96a1944ddf91714f","sellTxId":"0442acd22ecb425708a306903fcb2e5e03fc2f44"}
{"index": {"_index":"pob","_id":"1281013"}}
	{"id":1281013,"type":"buy","buyer":"barski","seller":"camiloferrua","symbol":"POB","quantity":"0.34304107","price":"0.74400000","timestamp":1627679700,"volume":"0.25522256","buyTxId":"780c5373c99d142953e27508ddc7d086d63b07a0","sellTxId":"e67b0b866e5363756bec2c3e44d39186299f0c9c"}
{"index": {"_index":"pob","_id":"1281017"}}
	{"id":1281017,"type":"sell","buyer":"gimme-your-coinz","seller":"ifecryptos","symbol":"POB","quantity":"10.00000000","price":"0.70570039","timestamp":1627679832,"volume":"7.05700390","buyTxId":"1b2d5bf6f0f3dfbb4800c3f8558b660fb07cb78d","sellTxId":"d6bb4a987a570f4e4a1436b7837d63ed89c1cf02"}
{"index": {"_index":"pob","_id":"1281029"}}
	{"id":1281029,"type":"sell","buyer":"gimme-your-coinz","seller":"goodindigene","symbol":"POB","quantity":"11.60000000","price":"0.70580040","timestamp":1627680111,"volume":"8.18728464","buyTxId":"03032d93238283688d9c421e78855bd0fa73bcf9","sellTxId":"7e2f97fef60951246166b13151c1402488aeb740"}
{"index": {"_index":"pob","_id":"1281039"}}
	{"id":1281039,"type":"sell","buyer":"gimme-your-coinz","seller":"makayana","symbol":"POB","quantity":"4.00000000","price":"0.70590041","timestamp":1627680381,"volume":"2.82360164","buyTxId":"b76dfec30ea47d86fd11febcb17b281e68ca1c99","sellTxId":"1b909da64a8b42fc4ef90ee3bfa7bbafdb379c0a"}
{"index": {"_index":"pob","_id":"1281046"}}
	{"id":1281046,"type":"sell","buyer":"gimme-your-coinz","seller":"quinnertronics","symbol":"POB","quantity":"1.86382820","price":"0.70600042","timestamp":1627680579,"volume":"1.31586349","buyTxId":"eb164ef800d42cc5944427feec5a40c9536865f3","sellTxId":"7eced6e2049d45f88671da5bcc602bb5f0c469a2"}
{"index": {"_index":"pob","_id":"1281062"}}
	{"id":1281062,"type":"sell","buyer":"gimme-your-coinz","seller":"lettingo","symbol":"POB","quantity":"16.70000000","price":"0.70620044","timestamp":1627681092,"volume":"11.79354735","buyTxId":"18ab987ffed9c204950ee337a37593cf37f42a56","sellTxId":"202e5fe7c9402ae5df382b801ec1fa49be116b4f"}
{"index": {"_index":"pob","_id":"1281085"}}
	{"id":1281085,"type":"buy","buyer":"ugochill","seller":"camiloferrua","symbol":"POB","quantity":"0.15000000","price":"0.74400000","timestamp":1627681422,"volume":"0.11160000","buyTxId":"ae45a5ba3eb434feb98264e159c1a5c128283954","sellTxId":"e67b0b866e5363756bec2c3e44d39186299f0c9c"}
{"index": {"_index":"pob","_id":"1281128"}}
	{"id":1281128,"type":"sell","buyer":"gimme-your-coinz","seller":"cibersk8","symbol":"POB","quantity":"0.08650375","price":"0.70660048","timestamp":1627682409,"volume":"0.06112359","buyTxId":"3e806ba4537924148ddfccb43c11d3bb449b46f5","sellTxId":"f70f44acc76ea00f9622b6722f29beb31826a9aa"}
{"index": {"_index":"pob","_id":"1281203"}}
	{"id":1281203,"type":"sell","buyer":"gimme-your-coinz","seller":"successfull","symbol":"POB","quantity":"21.21000000","price":"0.70700052","timestamp":1627683747,"volume":"14.99548103","buyTxId":"23fe46659a73635f9986f350d16c4d839f97154d","sellTxId":"2992f588a3afa6b53a564baf7a179d86a2628b81"}
{"index": {"_index":"pob","_id":"1281204"}}
	{"id":1281204,"type":"sell","buyer":"gimme-your-coinz","seller":"successfull","symbol":"POB","quantity":"21.21000000","price":"0.70700052","timestamp":1627683747,"volume":"14.99548103","buyTxId":"d16c8c5591e8ba75237500ecf1c10451a067a4da","sellTxId":"2992f588a3afa6b53a564baf7a179d86a2628b81"}
{"index": {"_index":"pob","_id":"1281205"}}
	{"id":1281205,"type":"sell","buyer":"solovey6o2","seller":"successfull","symbol":"POB","quantity":"94.78000000","price":"0.70700052","timestamp":1627683747,"volume":"67.00950929","buyTxId":"59dbe49f1478742727d2bf35f8ed3dafa95a1dc5","sellTxId":"2992f588a3afa6b53a564baf7a179d86a2628b81"}
{"index": {"_index":"pob","_id":"1281206"}}
	{"id":1281206,"type":"sell","buyer":"solovey6o2","seller":"scooter77","symbol":"POB","quantity":"20.00000000","price":"0.70700052","timestamp":1627683753,"volume":"14.14001040","buyTxId":"59dbe49f1478742727d2bf35f8ed3dafa95a1dc5","sellTxId":"ca5681b98a481fe3ea1db40507ac91034f43c9b4"}
{"index": {"_index":"pob","_id":"1281211"}}
	{"id":1281211,"type":"sell","buyer":"gimme-your-coinz","seller":"successfull","symbol":"POB","quantity":"21.21000000","price":"0.70710054","timestamp":1627683831,"volume":"14.99760245","buyTxId":"4511201a62963350722559f43f15ec01a03f9585","sellTxId":"7b0b70cf209f7f8b7e054db9c59b529d06cab55d"}
{"index": {"_index":"pob","_id":"1281212"}}
	{"id":1281212,"type":"sell","buyer":"richardcrill","seller":"successfull","symbol":"POB","quantity":"46.66946014","price":"0.70710053","timestamp":1627683831,"volume":"33.00000000","buyTxId":"MM-P-9125110-56106352-3-11-0","sellTxId":"7b0b70cf209f7f8b7e054db9c59b529d06cab55d"}
{"index": {"_index":"pob","_id":"1281213"}}
	{"id":1281213,"type":"sell","buyer":"gimme-your-coinz","seller":"successfull","symbol":"POB","quantity":"21.21000000","price":"0.70700053","timestamp":1627683831,"volume":"14.99548124","buyTxId":"fbbef199048c2e4a33728fc2b7a60e2a47a36687","sellTxId":"7b0b70cf209f7f8b7e054db9c59b529d06cab55d"}
{"index": {"_index":"pob","_id":"1281214"}}
	{"id":1281214,"type":"sell","buyer":"sbi-tokens","seller":"successfull","symbol":"POB","quantity":"127.31053986","price":"0.70200000","timestamp":1627683831,"volume":"89.37199898","buyTxId":"20421d64b601a7f7d035e1659a5d16cbb148de42","sellTxId":"7b0b70cf209f7f8b7e054db9c59b529d06cab55d"}
{"index": {"_index":"pob","_id":"1281223"}}
	{"id":1281223,"type":"sell","buyer":"gimme-your-coinz","seller":"successfull","symbol":"POB","quantity":"21.21000000","price":"0.70710055","timestamp":1627683906,"volume":"14.99760267","buyTxId":"c8e89f2ac133d7ea9a1026e518d4c8bd2d007361","sellTxId":"9d1c7fffbc352e5f221aa7b0d99822f0658edc5e"}
{"index": {"_index":"pob","_id":"1281224"}}
	{"id":1281224,"type":"sell","buyer":"gimme-your-coinz","seller":"successfull","symbol":"POB","quantity":"21.21000000","price":"0.70710055","timestamp":1627683906,"volume":"14.99760267","buyTxId":"f1fec8b9b4e4ca5cba081c75c021bae819c17887","sellTxId":"9d1c7fffbc352e5f221aa7b0d99822f0658edc5e"}
{"index": {"_index":"pob","_id":"1281225"}}
	{"id":1281225,"type":"sell","buyer":"solovey6o2","seller":"successfull","symbol":"POB","quantity":"80.19308183","price":"0.70200001","timestamp":1627683906,"volume":"56.29554425","buyTxId":"b8e7cf624c7a1fc60f9b96a62feadccb24ebe1ae","sellTxId":"9d1c7fffbc352e5f221aa7b0d99822f0658edc5e"}
{"index": {"_index":"pob","_id":"1281228"}}
	{"id":1281228,"type":"sell","buyer":"gimme-your-coinz","seller":"successfull","symbol":"POB","quantity":"21.21000000","price":"0.70200002","timestamp":1627683969,"volume":"14.88942042","buyTxId":"12dd416d7c857226c50b757817c6cbc4be6008df","sellTxId":"e5416a56726bf76e9911dbbb5c6cdd3760c94a30"}
{"index": {"_index":"pob","_id":"1281229"}}
	{"id":1281229,"type":"sell","buyer":"gimme-your-coinz","seller":"successfull","symbol":"POB","quantity":"21.21000000","price":"0.70200002","timestamp":1627683969,"volume":"14.88942042","buyTxId":"d0ae0886cc39c37745adbca36739231d4481fdf4","sellTxId":"e5416a56726bf76e9911dbbb5c6cdd3760c94a30"}
{"index": {"_index":"pob","_id":"1281230"}}
	{"id":1281230,"type":"sell","buyer":"solovey6o2","seller":"successfull","symbol":"POB","quantity":"94.85124531","price":"0.70200001","timestamp":1627683969,"volume":"66.58557516","buyTxId":"b8e7cf624c7a1fc60f9b96a62feadccb24ebe1ae","sellTxId":"e5416a56726bf76e9911dbbb5c6cdd3760c94a30"}
{"index": {"_index":"pob","_id":"1281233"}}
	{"id":1281233,"type":"sell","buyer":"gimme-your-coinz","seller":"successfull","symbol":"POB","quantity":"21.21000000","price":"0.70200002","timestamp":1627684029,"volume":"14.88942042","buyTxId":"9fc4dbe42b834c7c493a6e41b27068de7c43ed98","sellTxId":"5a09af7f0f56688dc86f09207d5625912a134851"}
{"index": {"_index":"pob","_id":"1281234"}}
	{"id":1281234,"type":"sell","buyer":"solovey6o2","seller":"successfull","symbol":"POB","quantity":"116.06124531","price":"0.70200001","timestamp":1627684029,"volume":"81.47499537","buyTxId":"b8e7cf624c7a1fc60f9b96a62feadccb24ebe1ae","sellTxId":"5a09af7f0f56688dc86f09207d5625912a134851"}
{"index": {"_index":"pob","_id":"1281256"}}
	{"id":1281256,"type":"buy","buyer":"steem-holder","seller":"platypus-dundee","symbol":"POB","quantity":"0.49065713","price":"0.70710000","timestamp":1627684725,"volume":"0.34694366","buyTxId":"2cb1cf564de4206a8d301d301af6a18c3a386ccc","sellTxId":"e91e0611b0bbaf62ae33b148242641693b3c9ca8"}
{"index": {"_index":"pob","_id":"1281293"}}
	{"id":1281293,"type":"sell","buyer":"gimme-your-coinz","seller":"galberto","symbol":"POB","quantity":"2.65068876","price":"0.70320003","timestamp":1627685331,"volume":"1.86396442","buyTxId":"81417fa69a3b82623c1875bcf05994fb2e43e11a","sellTxId":"1a44df9783b24dbccb44ab35e1e2b54744f28a66"}
{"index": {"_index":"pob","_id":"1281297"}}
	{"id":1281297,"type":"sell","buyer":"gimme-your-coinz","seller":"hranhuk","symbol":"POB","quantity":"11","price":"0.70320003","timestamp":1627685367,"volume":"7.73520033","buyTxId":"81417fa69a3b82623c1875bcf05994fb2e43e11a","sellTxId":"1f6091fbeaafb224530c2a1e2af32f1a870d7fd2"}
{"index": {"_index":"pob","_id":"1281298"}}
	{"id":1281298,"type":"buy","buyer":"steem-holder","seller":"sbi-tokens","symbol":"POB","quantity":"3.00000000","price":"0.70700000","timestamp":1627685376,"volume":"2.12100000","buyTxId":"c209ff0282c273b7c29c2ae25b66ef401900d99d","sellTxId":"4c63fcd0dd4eb596d7c4e6d0139e6122e7e5ea10"}
{"index": {"_index":"pob","_id":"1281330"}}
	{"id":1281330,"type":"sell","buyer":"gimme-your-coinz","seller":"dagger212","symbol":"POB","quantity":"0.60678283","price":"0.70340005","timestamp":1627686096,"volume":"0.42681107","buyTxId":"3a360ebeffbbf9a5a103e9c8c2321f87028f74be","sellTxId":"4acdfa4aa071149784dc07761db50a2bb9ecad6a"}
{"index": {"_index":"pob","_id":"1281374"}}
	{"id":1281374,"type":"sell","buyer":"gimme-your-coinz","seller":"failingforwards","symbol":"POB","quantity":"21.21000000","price":"0.70370008","timestamp":1627686864,"volume":"14.92547870","buyTxId":"041a0af706b61255ffe0e49e19f3b470fbdc255b","sellTxId":"92c6eed8f51717729509b64a8cd2503943d01b35"}
{"index": {"_index":"pob","_id":"1281375"}}
	{"id":1281375,"type":"sell","buyer":"gimme-your-coinz","seller":"failingforwards","symbol":"POB","quantity":"21.21000000","price":"0.70370008","timestamp":1627686864,"volume":"14.92547870","buyTxId":"e9de33a5a10f7872899d509cdf827992559d0683","sellTxId":"92c6eed8f51717729509b64a8cd2503943d01b35"}
{"index": {"_index":"pob","_id":"1281376"}}
	{"id":1281376,"type":"buy","buyer":"gimme-your-coinz","seller":"failingforwards","symbol":"POB","quantity":"21.21000000","price":"0.70370008","timestamp":1627686873,"volume":"14.92547870","buyTxId":"650e86e338b43e9bb37bdde67a1f7ab932c8bc30","sellTxId":"92c6eed8f51717729509b64a8cd2503943d01b35"}
{"index": {"_index":"pob","_id":"1281377"}}
	{"id":1281377,"type":"buy","buyer":"gimme-your-coinz","seller":"failingforwards","symbol":"POB","quantity":"10.92248147","price":"0.70370008","timestamp":1627686882,"volume":"7.68615108","buyTxId":"9550c987ae19e8dd9abce18381ad42a7e542279d","sellTxId":"92c6eed8f51717729509b64a8cd2503943d01b35"}
{"index": {"_index":"pob","_id":"1281383"}}
	{"id":1281383,"type":"sell","buyer":"gimme-your-coinz","seller":"heruvim1978","symbol":"POB","quantity":"10.17319832","price":"0.70370008","timestamp":1627687155,"volume":"7.15888047","buyTxId":"9550c987ae19e8dd9abce18381ad42a7e542279d","sellTxId":"2c9a2d3c7d1634e3fc5e783ed19ec73e36fe48a2"}
{"index": {"_index":"pob","_id":"1281393"}}
	{"id":1281393,"type":"sell","buyer":"gimme-your-coinz","seller":"haseeb-asif-khan","symbol":"POB","quantity":"0.64790257","price":"0.70370009","timestamp":1627687362,"volume":"0.45592910","buyTxId":"500d457109e5cf45435000216ff5424e2c856d59","sellTxId":"4fc9b471f75a1de268c6a4a86c8ea35c174f84c4"}
{"index": {"_index":"pob","_id":"1281404"}}
	{"id":1281404,"type":"sell","buyer":"gimme-your-coinz","seller":"fireguardian","symbol":"POB","quantity":"20.56209743","price":"0.70370009","timestamp":1627687743,"volume":"14.46954981","buyTxId":"500d457109e5cf45435000216ff5424e2c856d59","sellTxId":"fc492bce1ecf2dd2884c576aa4048f0b85fa4618"}
{"index": {"_index":"pob","_id":"1281408"}}
	{"id":1281408,"type":"sell","buyer":"gimme-your-coinz","seller":"hallmann","symbol":"POB","quantity":"12.00000000","price":"0.70320003","timestamp":1627688007,"volume":"8.43840036","buyTxId":"f6906b9eef43463c071a1f0c19213719d1495c1e","sellTxId":"a23e1d20d0c1c1610764ca88b4b2ed625a25852d"}
{"index": {"_index":"pob","_id":"1281412"}}
	{"id":1281412,"type":"sell","buyer":"gimme-your-coinz","seller":"fireguardian","symbol":"POB","quantity":"9.21000000","price":"0.70320003","timestamp":1627688100,"volume":"6.47647228","buyTxId":"f6906b9eef43463c071a1f0c19213719d1495c1e","sellTxId":"324d78266d87b800d461cd7d9d0a19b4afa0c8cf"}
{"index": {"_index":"pob","_id":"1281413"}}
	{"id":1281413,"type":"sell","buyer":"gimme-your-coinz","seller":"fireguardian","symbol":"POB","quantity":"21.21000000","price":"0.70320003","timestamp":1627688100,"volume":"14.91487264","buyTxId":"f14ce67240fbb6063fb5049a7b68fb505f7b96b8","sellTxId":"324d78266d87b800d461cd7d9d0a19b4afa0c8cf"}
{"index": {"_index":"pob","_id":"1281414"}}
	{"id":1281414,"type":"sell","buyer":"richardcrill","seller":"fireguardian","symbol":"POB","quantity":"18.84044901","price":"0.70320002","timestamp":1627688100,"volume":"13.24860412","buyTxId":"MM-P-9126499-56107745-3-11-0","sellTxId":"324d78266d87b800d461cd7d9d0a19b4afa0c8cf"}
{"index": {"_index":"pob","_id":"1281417"}}
	{"id":1281417,"type":"sell","buyer":"gimme-your-coinz","seller":"mightyrocklee","symbol":"POB","quantity":"1.70621252","price":"0.70320003","timestamp":1627688169,"volume":"1.19980870","buyTxId":"cdc251784797750e1e9a02ee19445a24abecceb3","sellTxId":"f9f544ee9ac70cdc7298c40fcec241be06513fdd"}
{"index": {"_index":"pob","_id":"1281528"}}
	{"id":1281528,"type":"sell","buyer":"gimme-your-coinz","seller":"antonym","symbol":"POB","quantity":"19.50378748","price":"0.70320003","timestamp":1627690119,"volume":"13.71506394","buyTxId":"cdc251784797750e1e9a02ee19445a24abecceb3","sellTxId":"4d3c589e33e2e481a1ba63eaca64f84505e6ca40"}
{"index": {"_index":"pob","_id":"1281535"}}
	{"id":1281535,"type":"sell","buyer":"gimme-your-coinz","seller":"huginn","symbol":"POB","quantity":"0.16571970","price":"0.70310002","timestamp":1627690410,"volume":"0.11651752","buyTxId":"4177846039952fba781fc3f6062851c8f20eb1dd","sellTxId":"232af82dd179f95d7e38c3f6d4ede262cb261035"}
{"index": {"_index":"pob","_id":"1281543"}}
	{"id":1281543,"type":"sell","buyer":"gimme-your-coinz","seller":"antonym","symbol":"POB","quantity":"5.63314004","price":"0.70320003","timestamp":1627690749,"volume":"3.96122425","buyTxId":"43811ad17e3463cdd5267117154148b1a8e63ce5","sellTxId":"69b1b5eeeb67692bc9839d367a288abdbfb2b6ca"}
{"index": {"_index":"pob","_id":"1281549"}}
	{"id":1281549,"type":"sell","buyer":"gimme-your-coinz","seller":"esecholo","symbol":"POB","quantity":"0.02200000","price":"0.70320003","timestamp":1627690947,"volume":"0.01547040","buyTxId":"43811ad17e3463cdd5267117154148b1a8e63ce5","sellTxId":"e3fa142a1f8485a6c43936c1c98084b830ddb3ac"}
{"index": {"_index":"pob","_id":"1281633"}}
	{"id":1281633,"type":"sell","buyer":"gimme-your-coinz","seller":"dhedge-drips","symbol":"POB","quantity":"0.71931177","price":"0.70370008","timestamp":1627692438,"volume":"0.50617975","buyTxId":"3a9a51951efef1cba3656cb6605adcabe30b0e79","sellTxId":"261c028ba8df26997ac755c905ba039b627e1dd7"}
{"index": {"_index":"pob","_id":"1281660"}}
	{"id":1281660,"type":"sell","buyer":"gimme-your-coinz","seller":"paulmoon410","symbol":"POB","quantity":"1.35819923","price":"0.70370008","timestamp":1627692942,"volume":"0.95576491","buyTxId":"3a9a51951efef1cba3656cb6605adcabe30b0e79","sellTxId":"055676556ca2cf9032e0c71543a51d260e91cb7c"}
{"index": {"_index":"pob","_id":"1281727"}}
	{"id":1281727,"type":"sell","buyer":"gimme-your-coinz","seller":"spinvest-leo","symbol":"POB","quantity":"19.13248900","price":"0.70370008","timestamp":1627694292,"volume":"13.46353404","buyTxId":"3a9a51951efef1cba3656cb6605adcabe30b0e79","sellTxId":"ff8ec6e14655c55c2491c916af99362ffb717de7"}
{"index": {"_index":"pob","_id":"1281728"}}
	{"id":1281728,"type":"sell","buyer":"richardcrill","seller":"spinvest-leo","symbol":"POB","quantity":"46.89497899","price":"0.70370007","timestamp":1627694292,"volume":"33.00000000","buyTxId":"MM-P-9127894-56109142-3-11-0","sellTxId":"ff8ec6e14655c55c2491c916af99362ffb717de7"}
{"index": {"_index":"pob","_id":"1281729"}}
	{"id":1281729,"type":"sell","buyer":"gimme-your-coinz","seller":"spinvest-leo","symbol":"POB","quantity":"21.21000000","price":"0.70360007","timestamp":1627694292,"volume":"14.92335748","buyTxId":"11570518e450c7fb3c535b611ce6f5f5bbd082bc","sellTxId":"ff8ec6e14655c55c2491c916af99362ffb717de7"}
{"index": {"_index":"pob","_id":"1281730"}}
	{"id":1281730,"type":"sell","buyer":"sbi-tokens","seller":"spinvest-leo","symbol":"POB","quantity":"248.00000000","price":"0.70300000","timestamp":1627694292,"volume":"174.34400000","buyTxId":"91acd7a1a744474363fd9bf76abfbeec5434b042","sellTxId":"ff8ec6e14655c55c2491c916af99362ffb717de7"}
{"index": {"_index":"pob","_id":"1281731"}}
	{"id":1281731,"type":"sell","buyer":"myothuzar","seller":"spinvest-leo","symbol":"POB","quantity":"17.00000000","price":"0.69151000","timestamp":1627694292,"volume":"11.75567000","buyTxId":"5717d23fd1cd9927d7c417b92ab861cb9b545d53","sellTxId":"ff8ec6e14655c55c2491c916af99362ffb717de7"}
{"index": {"_index":"pob","_id":"1281732"}}
	{"id":1281732,"type":"sell","buyer":"solovey6o2","seller":"spinvest-leo","symbol":"POB","quantity":"162.24866924","price":"0.67000001","timestamp":1627694292,"volume":"108.70661001","buyTxId":"bb34998442f535349ed4994371a951512eaeaca4","sellTxId":"ff8ec6e14655c55c2491c916af99362ffb717de7"}
{"index": {"_index":"pob","_id":"1281831"}}
	{"id":1281831,"type":"sell","buyer":"gimme-your-coinz","seller":"andy4475","symbol":"POB","quantity":"0.90729605","price":"0.67060008","timestamp":1627696299,"volume":"0.60843280","buyTxId":"9d7f9fcbf5e1a72c29a9f370172f7372d5f00a83","sellTxId":"7ee0a4ae67735cfea076c34b1a4e01a8834e029b"}
{"index": {"_index":"pob","_id":"1281832"}}
	{"id":1281832,"type":"sell","buyer":"gimme-your-coinz","seller":"cryptowingnut","symbol":"POB","quantity":"2.24946284","price":"0.67060008","timestamp":1627696329,"volume":"1.50848996","buyTxId":"9d7f9fcbf5e1a72c29a9f370172f7372d5f00a83","sellTxId":"beddf555b60d7294a6f7398546e0554452dfbf1c"}
{"index": {"_index":"pob","_id":"1281916"}}
	{"id":1281916,"type":"sell","buyer":"gimme-your-coinz","seller":"darkflame","symbol":"POB","quantity":"10.00000000","price":"0.67130015","timestamp":1627698426,"volume":"6.71300150","buyTxId":"d95c3925aabc1113c360c8397ae6856a835808ab","sellTxId":"b7a3f11df3551a0e55eaa4c3ff16b2fb35536ddb"}
{"index": {"_index":"pob","_id":"1281919"}}
	{"id":1281919,"type":"sell","buyer":"richardcrill","seller":"sugandhaseth","symbol":"POB","quantity":"20.00000000","price":"0.67140015","timestamp":1627698489,"volume":"13.42800300","buyTxId":"MM-P-9129981-56111236-3-11-0","sellTxId":"6929801d007081f9b89791ea1f5ae946128f8269"}
{"index": {"_index":"pob","_id":"1281967"}}
	{"id":1281967,"type":"buy","buyer":"georgeknowsall","seller":"solovey6o2","symbol":"POB","quantity":"13.00000000","price":"0.70699999","timestamp":1627699332,"volume":"9.19099987","buyTxId":"76807d02f8046112ba692fbf7888472664efb118","sellTxId":"5f2bed4e517ab4000d63fd355333582d148a5bd0"}
{"index": {"_index":"pob","_id":"1281968"}}
	{"id":1281968,"type":"sell","buyer":"richardcrill","seller":"melbourneswest","symbol":"POB","quantity":"2.53810491","price":"0.67170018","timestamp":1627699383,"volume":"1.70484552","buyTxId":"MM-P-9130278-56111535-3-11-0","sellTxId":"0d9ddbecde75972d72afb802f6f7635b058cac2e"}
{"index": {"_index":"pob","_id":"1281985"}}
	{"id":1281985,"type":"sell","buyer":"gimme-your-coinz","seller":"coyotelation","symbol":"POB","quantity":"10.67067057","price":"0.67170019","timestamp":1627699677,"volume":"7.16749145","buyTxId":"45d9aa1368dba9040486c7c243d76be83dfa185e","sellTxId":"c7ab53e9d0f5c9950a9d3986432f00287df7468d"}
