{"index": {"_index":"pob","_id":"3547077"}}
	{"id":3547077,"type":"sell","buyer":"opidia","seller":"gubbatv","symbol":"POB","quantity":"4.80218157","price":"0.02310000","timestamp":1653706572,"volume":"0.11093039","buyTxId":"bdf395b0bc38e8450c1b85809aaf206e355440f3","sellTxId":"0e5b0a0ba87f2530730adff63265bc7a27cbdb5d"}
{"index": {"_index":"pob","_id":"3547172"}}
	{"id":3547172,"type":"sell","buyer":"opidia","seller":"esecholito","symbol":"POB","quantity":"0.30000000","price":"0.02310000","timestamp":1653707133,"volume":"0.00693000","buyTxId":"bdf395b0bc38e8450c1b85809aaf206e355440f3","sellTxId":"bb84a003d29cebf4904ba1dede3cf1c24e603dff"}
{"index": {"_index":"pob","_id":"3547191"}}
	{"id":3547191,"type":"sell","buyer":"opidia","seller":"floki-skarsgaard","symbol":"POB","quantity":"7.20639397","price":"0.02310000","timestamp":1653707337,"volume":"0.16646770","buyTxId":"bdf395b0bc38e8450c1b85809aaf206e355440f3","sellTxId":"3aae9e941a2af0fc9c06a87e1b936f8856eae027"}
{"index": {"_index":"pob","_id":"3547397"}}
	{"id":3547397,"type":"sell","buyer":"opidia","seller":"steem82868","symbol":"POB","quantity":"5.75051791","price":"0.02310000","timestamp":1653709959,"volume":"0.13283696","buyTxId":"bdf395b0bc38e8450c1b85809aaf206e355440f3","sellTxId":"d918dcf276352d67e9eb02ba367816f64885b528"}
{"index": {"_index":"pob","_id":"3547435"}}
	{"id":3547435,"type":"sell","buyer":"opidia","seller":"decentropia","symbol":"POB","quantity":"0.27523697","price":"0.02310000","timestamp":1653710328,"volume":"0.00635797","buyTxId":"bdf395b0bc38e8450c1b85809aaf206e355440f3","sellTxId":"62acbe9df9faec1f4c80dbddcefc9b9668b98dc9"}
{"index": {"_index":"pob","_id":"3547461"}}
	{"id":3547461,"type":"sell","buyer":"opidia","seller":"theia7","symbol":"POB","quantity":"0.26051643","price":"0.02310000","timestamp":1653710619,"volume":"0.00601793","buyTxId":"bdf395b0bc38e8450c1b85809aaf206e355440f3","sellTxId":"f8f8072817ecbbcad30c05ac353af29311b65aea"}
{"index": {"_index":"pob","_id":"3547558"}}
	{"id":3547558,"type":"sell","buyer":"opidia","seller":"ahmetay","symbol":"POB","quantity":"221.31145330","price":"0.02310000","timestamp":1653711810,"volume":"5.11229457","buyTxId":"bdf395b0bc38e8450c1b85809aaf206e355440f3","sellTxId":"ebe5b33f2344e0209716723fe9d9d9ff16648980"}
{"index": {"_index":"pob","_id":"3547565"}}
	{"id":3547565,"type":"sell","buyer":"opidia","seller":"pjansen","symbol":"POB","quantity":"105.64105528","price":"0.02310000","timestamp":1653711861,"volume":"2.44030838","buyTxId":"bdf395b0bc38e8450c1b85809aaf206e355440f3","sellTxId":"0472be824236da0f6017d133b6dfe5a77be20f4e"}
{"index": {"_index":"pob","_id":"3547640"}}
	{"id":3547640,"type":"sell","buyer":"opidia","seller":"teesart","symbol":"POB","quantity":"682.96627322","price":"0.02310000","timestamp":1653713139,"volume":"15.77652091","buyTxId":"bdf395b0bc38e8450c1b85809aaf206e355440f3","sellTxId":"547349e851967e9f61a115158018242ae432cef2"}
{"index": {"_index":"pob","_id":"3547675"}}
	{"id":3547675,"type":"sell","buyer":"opidia","seller":"ugochill","symbol":"POB","quantity":"0.23180385","price":"0.02310000","timestamp":1653713793,"volume":"0.00535467","buyTxId":"bdf395b0bc38e8450c1b85809aaf206e355440f3","sellTxId":"99473a29898d46d8a12b48e72ee94fb367b6392c"}
{"index": {"_index":"pob","_id":"3547699"}}
	{"id":3547699,"type":"sell","buyer":"opidia","seller":"candy49","symbol":"POB","quantity":"0.25539707","price":"0.02310000","timestamp":1653714078,"volume":"0.00589967","buyTxId":"bdf395b0bc38e8450c1b85809aaf206e355440f3","sellTxId":"1225dfb2b3483255a423467de31f9d13960b1f64"}
{"index": {"_index":"pob","_id":"3547770"}}
	{"id":3547770,"type":"sell","buyer":"opidia","seller":"sreypov","symbol":"POB","quantity":"4.44148720","price":"0.02310000","timestamp":1653715260,"volume":"0.10259835","buyTxId":"bdf395b0bc38e8450c1b85809aaf206e355440f3","sellTxId":"1955b0cf2cd3739b286976c70dc0d9e6920976be"}
{"index": {"_index":"pob","_id":"3547832"}}
	{"id":3547832,"type":"sell","buyer":"opidia","seller":"steem82868","symbol":"POB","quantity":"0.17886305","price":"0.02310000","timestamp":1653716004,"volume":"0.00413174","buyTxId":"bdf395b0bc38e8450c1b85809aaf206e355440f3","sellTxId":"49d0df51d24ae54379b6f8c676a0bc8103288987"}
{"index": {"_index":"pob","_id":"3547921"}}
	{"id":3547921,"type":"sell","buyer":"opidia","seller":"xplosive","symbol":"POB","quantity":"0.51724163","price":"0.02310000","timestamp":1653717516,"volume":"0.01194828","buyTxId":"bdf395b0bc38e8450c1b85809aaf206e355440f3","sellTxId":"56a01bccd28968860b1710ff0608b54342381aa7"}
{"index": {"_index":"pob","_id":"3548172"}}
	{"id":3548172,"type":"sell","buyer":"opidia","seller":"acesontop","symbol":"POB","quantity":"112.06170645","price":"0.02310000","timestamp":1653720843,"volume":"2.58862542","buyTxId":"bdf395b0bc38e8450c1b85809aaf206e355440f3","sellTxId":"8f50db54c755c1da13f0a767d5105b9fdcd1d56e"}
{"index": {"_index":"pob","_id":"3548620"}}
	{"id":3548620,"type":"sell","buyer":"opidia","seller":"ladytitan","symbol":"POB","quantity":"38.90000000","price":"0.02310000","timestamp":1653726456,"volume":"0.89859000","buyTxId":"bdf395b0bc38e8450c1b85809aaf206e355440f3","sellTxId":"ea0dee95dc58186ddff86f8598f98f21f93c0a2a"}
{"index": {"_index":"pob","_id":"3548629"}}
	{"id":3548629,"type":"sell","buyer":"opidia","seller":"skrep","symbol":"POB","quantity":"7.70722046","price":"0.02310000","timestamp":1653726534,"volume":"0.17803679","buyTxId":"bdf395b0bc38e8450c1b85809aaf206e355440f3","sellTxId":"45deff132ff00a6b5ae75ef35d192efe845bdb90"}
{"index": {"_index":"pob","_id":"3548659"}}
	{"id":3548659,"type":"sell","buyer":"opidia","seller":"mypathtofire","symbol":"POB","quantity":"45.36098949","price":"0.02310000","timestamp":1653726708,"volume":"1.04783886","buyTxId":"bdf395b0bc38e8450c1b85809aaf206e355440f3","sellTxId":"a77d554d926b70ae4a4889db04880ff822db6a38"}
{"index": {"_index":"pob","_id":"3548735"}}
	{"id":3548735,"type":"sell","buyer":"opidia","seller":"chireerocks","symbol":"POB","quantity":"8.39823748","price":"0.02310000","timestamp":1653727416,"volume":"0.19399929","buyTxId":"bdf395b0bc38e8450c1b85809aaf206e355440f3","sellTxId":"d1e643e12c1377faa4c67b47f81ce87a0b325660"}
{"index": {"_index":"pob","_id":"3548788"}}
	{"id":3548788,"type":"sell","buyer":"opidia","seller":"isiksenpalvoja","symbol":"POB","quantity":"2.04753000","price":"0.02310000","timestamp":1653727830,"volume":"0.04729794","buyTxId":"bdf395b0bc38e8450c1b85809aaf206e355440f3","sellTxId":"edfa57984c00b186f9ef615055ca4a732bdc8b32"}
{"index": {"_index":"pob","_id":"3548883"}}
	{"id":3548883,"type":"sell","buyer":"opidia","seller":"pjansen","symbol":"POB","quantity":"104.46413257","price":"0.02310000","timestamp":1653729258,"volume":"2.41312146","buyTxId":"bdf395b0bc38e8450c1b85809aaf206e355440f3","sellTxId":"696c5f8060f639d660f6983b2c3ab26c1915672a"}
{"index": {"_index":"pob","_id":"3548916"}}
	{"id":3548916,"type":"sell","buyer":"opidia","seller":"saachi","symbol":"POB","quantity":"2.40056468","price":"0.02310000","timestamp":1653729858,"volume":"0.05545304","buyTxId":"bdf395b0bc38e8450c1b85809aaf206e355440f3","sellTxId":"278c3f106b902d129e4ed142e8aadf02dda72129"}
{"index": {"_index":"pob","_id":"3548928"}}
	{"id":3548928,"type":"sell","buyer":"maarnio","seller":"pjansen","symbol":"POB","quantity":"93.40200744","price":"0.02320000","timestamp":1653730017,"volume":"2.16692657","buyTxId":"fb2110d11c5dcd08ad02a8640d46e3f28386eb21","sellTxId":"cb3aefbe6d516de9821037cf22b7f71c39db8fe0"}
{"index": {"_index":"pob","_id":"3549022"}}
	{"id":3549022,"type":"sell","buyer":"maarnio","seller":"beemd","symbol":"POB","quantity":"19.26690794","price":"0.02320000","timestamp":1653730803,"volume":"0.44699226","buyTxId":"fb2110d11c5dcd08ad02a8640d46e3f28386eb21","sellTxId":"4eb7a53d771b5481c6fc07858ee6c338fe0b16a8"}
{"index": {"_index":"pob","_id":"3549152"}}
	{"id":3549152,"type":"sell","buyer":"maarnio","seller":"pjansen","symbol":"POB","quantity":"195.79469889","price":"0.02320000","timestamp":1653732327,"volume":"4.54243701","buyTxId":"fb2110d11c5dcd08ad02a8640d46e3f28386eb21","sellTxId":"1e11f2e825daf8c99554140227cff04792303519"}
{"index": {"_index":"pob","_id":"3549157"}}
	{"id":3549157,"type":"sell","buyer":"maarnio","seller":"pjansen","symbol":"POB","quantity":"90.76096305","price":"0.02320000","timestamp":1653732360,"volume":"2.10565434","buyTxId":"fb2110d11c5dcd08ad02a8640d46e3f28386eb21","sellTxId":"b1d929c2979acf6231b4a165cff9cf6a2ab311e5"}
{"index": {"_index":"pob","_id":"3549239"}}
	{"id":3549239,"type":"sell","buyer":"maarnio","seller":"andy4475","symbol":"POB","quantity":"78.95503299","price":"0.02320000","timestamp":1653733650,"volume":"1.83175677","buyTxId":"fb2110d11c5dcd08ad02a8640d46e3f28386eb21","sellTxId":"652655bdafdb228b0f5b5acc900379c03656edc3"}
{"index": {"_index":"pob","_id":"3549365"}}
	{"id":3549365,"type":"sell","buyer":"maarnio","seller":"pjansen","symbol":"POB","quantity":"197.00679751","price":"0.02320000","timestamp":1653735282,"volume":"4.57055770","buyTxId":"fb2110d11c5dcd08ad02a8640d46e3f28386eb21","sellTxId":"c37083da3b0bf7615311d4563cf9c5142d908035"}
{"index": {"_index":"pob","_id":"3549368"}}
	{"id":3549368,"type":"sell","buyer":"maarnio","seller":"pjansen","symbol":"POB","quantity":"101.81359218","price":"0.02320000","timestamp":1653735312,"volume":"2.36207534","buyTxId":"fb2110d11c5dcd08ad02a8640d46e3f28386eb21","sellTxId":"ec4aaed633301236006d7892691cf8044783a93f"}
{"index": {"_index":"pob","_id":"3549369"}}
	{"id":3549369,"type":"sell","buyer":"opidia","seller":"pjansen","symbol":"POB","quantity":"27.07442422","price":"0.02310000","timestamp":1653735312,"volume":"0.62541920","buyTxId":"bdf395b0bc38e8450c1b85809aaf206e355440f3","sellTxId":"ec4aaed633301236006d7892691cf8044783a93f"}
{"index": {"_index":"pob","_id":"3549401"}}
	{"id":3549401,"type":"sell","buyer":"opidia","seller":"steem82868","symbol":"POB","quantity":"0.41525009","price":"0.02310000","timestamp":1653735975,"volume":"0.00959228","buyTxId":"bdf395b0bc38e8450c1b85809aaf206e355440f3","sellTxId":"e7838742f57ab448962327a4109e58fa2aa5e0f1"}
{"index": {"_index":"pob","_id":"3549410"}}
	{"id":3549410,"type":"buy","buyer":"pjansen","seller":"kojiri","symbol":"POB","quantity":"40.41546524","price":"0.02449000","timestamp":1653736119,"volume":"0.98977474","buyTxId":"5a22f8402eff3f716314d0331521962ec05e4f27","sellTxId":"561f5d4956684cd00bad2bb9f5153eeb75217913"}
{"index": {"_index":"pob","_id":"3549411"}}
	{"id":3549411,"type":"buy","buyer":"pjansen","seller":"camiloferrua","symbol":"POB","quantity":"19.19167788","price":"0.02449000","timestamp":1653736119,"volume":"0.47000419","buyTxId":"5a22f8402eff3f716314d0331521962ec05e4f27","sellTxId":"db9d27733701cc7f2bae6070d9061c2cdc879051"}
{"index": {"_index":"pob","_id":"3549412"}}
	{"id":3549412,"type":"buy","buyer":"pjansen","seller":"amigareaction","symbol":"POB","quantity":"1.01334333","price":"0.02449000","timestamp":1653736119,"volume":"0.02481678","buyTxId":"5a22f8402eff3f716314d0331521962ec05e4f27","sellTxId":"d99a04e02b4c2c4d41df2a04b73a77d43c8b99be"}
{"index": {"_index":"pob","_id":"3549413"}}
	{"id":3549413,"type":"buy","buyer":"pjansen","seller":"richardcrill","symbol":"POB","quantity":"123.11854244","price":"0.02450000","timestamp":1653736119,"volume":"3.01640429","buyTxId":"5a22f8402eff3f716314d0331521962ec05e4f27","sellTxId":"MM-P-17776320-64766815-3-12-0"}
{"index": {"_index":"pob","_id":"3549415"}}
	{"id":3549415,"type":"buy","buyer":"pjansen","seller":"richardcrill","symbol":"POB","quantity":"183.71428571","price":"0.02450000","timestamp":1653736152,"volume":"4.501","buyTxId":"21514453a3fb0abf7888fd6c106e01271290908d","sellTxId":"MM-P-17776320-64766815-3-12-0"}
{"index": {"_index":"pob","_id":"3549417"}}
	{"id":3549417,"type":"buy","buyer":"pjansen","seller":"richardcrill","symbol":"POB","quantity":"26.16717185","price":"0.02450000","timestamp":1653736185,"volume":"0.64109571","buyTxId":"3337d73cf62d9eea82dc072447ca84d4a9a187d9","sellTxId":"MM-P-17776320-64766815-3-12-0"}
{"index": {"_index":"pob","_id":"3549418"}}
	{"id":3549418,"type":"buy","buyer":"pjansen","seller":"onlydoge","symbol":"POB","quantity":"156.90667845","price":"0.02460000","timestamp":1653736185,"volume":"3.85990429","buyTxId":"3337d73cf62d9eea82dc072447ca84d4a9a187d9","sellTxId":"c59ae0669b4be29e7fd37d13d3f12b1f11a8050a"}
{"index": {"_index":"pob","_id":"3549421"}}
	{"id":3549421,"type":"buy","buyer":"pjansen","seller":"onlydoge","symbol":"POB","quantity":"144.81732155","price":"0.02460000","timestamp":1653736221,"volume":"3.56250611","buyTxId":"7615ae5b35991c39de74ab55ca280b9563e61341","sellTxId":"c59ae0669b4be29e7fd37d13d3f12b1f11a8050a"}
{"index": {"_index":"pob","_id":"3549422"}}
	{"id":3549422,"type":"buy","buyer":"pjansen","seller":"ben.haase","symbol":"POB","quantity":"0.02875435","price":"0.02469900","timestamp":1653736221,"volume":"0.00071020","buyTxId":"7615ae5b35991c39de74ab55ca280b9563e61341","sellTxId":"8a6de1dc7f42ece0584cb14429763f3928f0ddcb"}
{"index": {"_index":"pob","_id":"3549423"}}
	{"id":3549423,"type":"buy","buyer":"pjansen","seller":"master-lamps","symbol":"POB","quantity":"0.31562918","price":"0.02469900","timestamp":1653736221,"volume":"0.00779573","buyTxId":"7615ae5b35991c39de74ab55ca280b9563e61341","sellTxId":"259e9ca74c5e08c902b01859050081a52a9f2302"}
{"index": {"_index":"pob","_id":"3549424"}}
	{"id":3549424,"type":"buy","buyer":"pjansen","seller":"thatgermandude","symbol":"POB","quantity":"37.19951840","price":"0.02500000","timestamp":1653736221,"volume":"0.92998796","buyTxId":"7615ae5b35991c39de74ab55ca280b9563e61341","sellTxId":"9130ee4d105d72a91d300e7ff2b462db0ae61ceb"}
{"index": {"_index":"pob","_id":"3549426"}}
	{"id":3549426,"type":"buy","buyer":"pjansen","seller":"thatgermandude","symbol":"POB","quantity":"12.80048160","price":"0.02500000","timestamp":1653736254,"volume":"0.32001204","buyTxId":"e50c117fdf298ca1d0f8b52fe965fc8ec8d34b84","sellTxId":"9130ee4d105d72a91d300e7ff2b462db0ae61ceb"}
{"index": {"_index":"pob","_id":"3549427"}}
	{"id":3549427,"type":"buy","buyer":"pjansen","seller":"greengineer","symbol":"POB","quantity":"68.77865512","price":"0.02589300","timestamp":1653736254,"volume":"1.78088572","buyTxId":"e50c117fdf298ca1d0f8b52fe965fc8ec8d34b84","sellTxId":"6d9b944dbb66d2831ad1280a8ecd7dbac3a9e36f"}
{"index": {"_index":"pob","_id":"3549428"}}
	{"id":3549428,"type":"buy","buyer":"pjansen","seller":"meesterbrain","symbol":"POB","quantity":"91.96674930","price":"0.02609750","timestamp":1653736254,"volume":"2.40010224","buyTxId":"e50c117fdf298ca1d0f8b52fe965fc8ec8d34b84","sellTxId":"df6b875ccab397dd9afa2e54f69ff4cb65347d38"}
{"index": {"_index":"pob","_id":"3549430"}}
	{"id":3549430,"type":"buy","buyer":"pjansen","seller":"meesterbrain","symbol":"POB","quantity":"172.46862726","price":"0.02609750","timestamp":1653736290,"volume":"4.501","buyTxId":"fa56e8f044233955d93921aa7f1feb37cfac8265","sellTxId":"df6b875ccab397dd9afa2e54f69ff4cb65347d38"}
{"index": {"_index":"pob","_id":"3549432"}}
	{"id":3549432,"type":"buy","buyer":"pjansen","seller":"meesterbrain","symbol":"POB","quantity":"80.93077991","price":"0.02609750","timestamp":1653736323,"volume":"2.11209103","buyTxId":"d044d1f22253fce187707a31baf4bdc2c937d8ae","sellTxId":"df6b875ccab397dd9afa2e54f69ff4cb65347d38"}
{"index": {"_index":"pob","_id":"3549433"}}
	{"id":3549433,"type":"buy","buyer":"pjansen","seller":"master-lamps","symbol":"POB","quantity":"18.15760572","price":"0.02609975","timestamp":1653736323,"volume":"0.47390897","buyTxId":"d044d1f22253fce187707a31baf4bdc2c937d8ae","sellTxId":"168fbb5260aa438ea651235ed63936ef50495b56"}
{"index": {"_index":"pob","_id":"3549571"}}
	{"id":3549571,"type":"sell","buyer":"onlydoge","seller":"nazatpt","symbol":"POB","quantity":"11.72813074","price":"0.02320000","timestamp":1653738252,"volume":"0.27209263","buyTxId":"56b03640779994da51f3f9531ce2b628185bf99f","sellTxId":"50bb371dbfdfddbb63e0288912759f4aeec95301"}
{"index": {"_index":"pob","_id":"3549677"}}
	{"id":3549677,"type":"sell","buyer":"onlydoge","seller":"fiberfrau","symbol":"POB","quantity":"0.44423793","price":"0.02320000","timestamp":1653739380,"volume":"0.01030632","buyTxId":"56b03640779994da51f3f9531ce2b628185bf99f","sellTxId":"cdd2d9e95ab431d5f99f42b312cd048d202eabd4"}
{"index": {"_index":"pob","_id":"3550095"}}
	{"id":3550095,"type":"sell","buyer":"onlydoge","seller":"edskymiguel","symbol":"POB","quantity":"22.49317782","price":"0.02320000","timestamp":1653744048,"volume":"0.52184173","buyTxId":"56b03640779994da51f3f9531ce2b628185bf99f","sellTxId":"642d15116740b6ba305f8dd1b5b16fab61fe8c78"}
{"index": {"_index":"pob","_id":"3550217"}}
	{"id":3550217,"type":"buy","buyer":"pjansen","seller":"stayoutoftherz","symbol":"POB","quantity":"10.66000000","price":"0.02500000","timestamp":1653745620,"volume":"0.26650000","buyTxId":"2e1185f400d45a08fa9c00d7e04da6fa4ae5ce26","sellTxId":"6321ea2c99ab9703287999d62891e88dce739381"}
{"index": {"_index":"pob","_id":"3550218"}}
	{"id":3550218,"type":"buy","buyer":"pjansen","seller":"onlydoge","symbol":"POB","quantity":"0.05769230","price":"0.02600000","timestamp":1653745620,"volume":"0.00150000","buyTxId":"2e1185f400d45a08fa9c00d7e04da6fa4ae5ce26","sellTxId":"edf70ab1c5a5aab987d8a501641ef870e427150d"}
{"index": {"_index":"pob","_id":"3550322"}}
	{"id":3550322,"type":"sell","buyer":"onlydoge","seller":"anggreklestari","symbol":"POB","quantity":"28.45790911","price":"0.02320000","timestamp":1653746913,"volume":"0.66022349","buyTxId":"56b03640779994da51f3f9531ce2b628185bf99f","sellTxId":"b43a76c5598480a6070cc11a99396c106eaa169a"}
{"index": {"_index":"pob","_id":"3550528"}}
	{"id":3550528,"type":"sell","buyer":"onlydoge","seller":"dsc-r2cornell","symbol":"POB","quantity":"0.51836817","price":"0.02320000","timestamp":1653748623,"volume":"0.01202614","buyTxId":"56b03640779994da51f3f9531ce2b628185bf99f","sellTxId":"2a459a8fb793bae0f37a26530b2f4ade5e81e937"}
{"index": {"_index":"pob","_id":"3550642"}}
	{"id":3550642,"type":"sell","buyer":"onlydoge","seller":"uveee","symbol":"POB","quantity":"0.33264919","price":"0.02320000","timestamp":1653749664,"volume":"0.00771746","buyTxId":"56b03640779994da51f3f9531ce2b628185bf99f","sellTxId":"07549c2c1b4b477d6578a07f1ab9a21a6ad2c062"}
{"index": {"_index":"pob","_id":"3550666"}}
	{"id":3550666,"type":"sell","buyer":"onlydoge","seller":"metapiziks","symbol":"POB","quantity":"0.34909316","price":"0.02320000","timestamp":1653750096,"volume":"0.00809896","buyTxId":"56b03640779994da51f3f9531ce2b628185bf99f","sellTxId":"fa3fbbf07f06c470b04497aa599f89daa544ccea"}
{"index": {"_index":"pob","_id":"3550714"}}
	{"id":3550714,"type":"sell","buyer":"onlydoge","seller":"kevmcc","symbol":"POB","quantity":"1.12833272","price":"0.02320000","timestamp":1653750708,"volume":"0.02617732","buyTxId":"56b03640779994da51f3f9531ce2b628185bf99f","sellTxId":"2ebccc1c14bb2af0b5f51e1fc6e9b8bf02efa18b"}
{"index": {"_index":"pob","_id":"3550864"}}
	{"id":3550864,"type":"buy","buyer":"chesatochi","seller":"onlydoge","symbol":"POB","quantity":"1.50459922","price":"0.02590000","timestamp":1653752064,"volume":"0.03896912","buyTxId":"81678d1dcbefd805482ad7356cd497096f330b2d","sellTxId":"9dd8cbe6d6440f74dbeadbedce208638d0ea0c46"}
{"index": {"_index":"pob","_id":"3550983"}}
	{"id":3550983,"type":"buy","buyer":"he-index","seller":"richardcrill","symbol":"POB","quantity":"0.30900000","price":"0.02580000","timestamp":1653753495,"volume":"0.00797220","buyTxId":"838e057fc3e99822ee6321f65bd9dfa24abb75ac","sellTxId":"MM-P-17782602-64773100-3-12-0"}
{"index": {"_index":"pob","_id":"3551114"}}
	{"id":3551114,"type":"sell","buyer":"onlydoge","seller":"denmarkguy","symbol":"POB","quantity":"0.50840057","price":"0.02320000","timestamp":1653755322,"volume":"0.01179489","buyTxId":"56b03640779994da51f3f9531ce2b628185bf99f","sellTxId":"79986956b1d929d6ded1002af267487982b8b63b"}
{"index": {"_index":"pob","_id":"3551185"}}
	{"id":3551185,"type":"sell","buyer":"onlydoge","seller":"lordneroo","symbol":"POB","quantity":"46.00000000","price":"0.02320000","timestamp":1653755841,"volume":"1.06720000","buyTxId":"56b03640779994da51f3f9531ce2b628185bf99f","sellTxId":"fdbb8b832e202a225ffcdf9ba31b201966c266db"}
{"index": {"_index":"pob","_id":"3551245"}}
	{"id":3551245,"type":"sell","buyer":"onlydoge","seller":"lordneroo","symbol":"POB","quantity":"189.76370059","price":"0.02320000","timestamp":1653756387,"volume":"4.40251785","buyTxId":"56b03640779994da51f3f9531ce2b628185bf99f","sellTxId":"881f61df4dd76611ac385626d8eefc5f3569cc31"}
{"index": {"_index":"pob","_id":"3551246"}}
	{"id":3551246,"type":"sell","buyer":"maarnio","seller":"lordneroo","symbol":"POB","quantity":"60.23629941","price":"0.02320000","timestamp":1653756387,"volume":"1.39748215","buyTxId":"4ac21652766db480bc926367a52349b74bfa6433","sellTxId":"881f61df4dd76611ac385626d8eefc5f3569cc31"}
{"index": {"_index":"pob","_id":"3551289"}}
	{"id":3551289,"type":"sell","buyer":"maarnio","seller":"cflclosers","symbol":"POB","quantity":"18.60135139","price":"0.02320000","timestamp":1653756654,"volume":"0.43155135","buyTxId":"4ac21652766db480bc926367a52349b74bfa6433","sellTxId":"fd5192564b347c2056ac8063d55e99ecc26a7e5f"}
{"index": {"_index":"pob","_id":"3551426"}}
	{"id":3551426,"type":"sell","buyer":"maarnio","seller":"hive-189742","symbol":"POB","quantity":"0.50749276","price":"0.02320000","timestamp":1653757941,"volume":"0.01177383","buyTxId":"4ac21652766db480bc926367a52349b74bfa6433","sellTxId":"3269af18fd4e7f56eb33f9eeec12f50ed73625be"}
{"index": {"_index":"pob","_id":"3551443"}}
	{"id":3551443,"type":"sell","buyer":"maarnio","seller":"curatorcat.pal","symbol":"POB","quantity":"0.54426239","price":"0.02320000","timestamp":1653758184,"volume":"0.01262689","buyTxId":"4ac21652766db480bc926367a52349b74bfa6433","sellTxId":"f38adffcde953dfa577b0586361f98b1c6dcbe05"}
{"index": {"_index":"pob","_id":"3551563"}}
	{"id":3551563,"type":"sell","buyer":"maarnio","seller":"dswap","symbol":"POB","quantity":"2.12704448","price":"0.02320000","timestamp":1653759522,"volume":"0.04934743","buyTxId":"4ac21652766db480bc926367a52349b74bfa6433","sellTxId":"1a795db2bbc8258445ab068981c78fec7349bc52"}
{"index": {"_index":"pob","_id":"3551778"}}
	{"id":3551778,"type":"sell","buyer":"maarnio","seller":"assassyn","symbol":"POB","quantity":"0.48116596","price":"0.02320000","timestamp":1653761952,"volume":"0.01116305","buyTxId":"4ac21652766db480bc926367a52349b74bfa6433","sellTxId":"cbf2a5cc3cc4fc0026e8e0fc1cdef2e32f593acc"}
{"index": {"_index":"pob","_id":"3552033"}}
	{"id":3552033,"type":"sell","buyer":"master-lamps","seller":"beemd","symbol":"POB","quantity":"25.76938279","price":"0.02320001","timestamp":1653764916,"volume":"0.59784994","buyTxId":"aac54afaf587a65ae6024dcdaa59b32e3f5dc7eb","sellTxId":"5bcabb14297b14a46672936c022b99bf9864f641"}
{"index": {"_index":"pob","_id":"3552102"}}
	{"id":3552102,"type":"buy","buyer":"hiveinvest","seller":"an-man","symbol":"POB","quantity":"7.00000000","price":"0.02550000","timestamp":1653765756,"volume":"0.17850000","buyTxId":"2ebb46eb8ace552367433788ec776597d9c59004","sellTxId":"a1d05756537e2b40de0a2bb5fb96fe610899f5c5"}
{"index": {"_index":"pob","_id":"3552103"}}
	{"id":3552103,"type":"buy","buyer":"hiveinvest","seller":"tokutaro22","symbol":"POB","quantity":"3.00000000","price":"0.02550000","timestamp":1653765756,"volume":"0.07650000","buyTxId":"2ebb46eb8ace552367433788ec776597d9c59004","sellTxId":"fe7de49625b388cfab72cc7959b9ff93c4d49134"}
{"index": {"_index":"pob","_id":"3552210"}}
	{"id":3552210,"type":"sell","buyer":"master-lamps","seller":"lordneroo","symbol":"POB","quantity":"254.30759857","price":"0.02320001","timestamp":1653766965,"volume":"5.89993883","buyTxId":"aac54afaf587a65ae6024dcdaa59b32e3f5dc7eb","sellTxId":"ef204bffa03c2bc0eeca059ea7c0fa58650c8995"}
{"index": {"_index":"pob","_id":"3552212"}}
	{"id":3552212,"type":"sell","buyer":"master-lamps","seller":"quinnertronics","symbol":"POB","quantity":"4.79929038","price":"0.02320001","timestamp":1653766995,"volume":"0.11134358","buyTxId":"aac54afaf587a65ae6024dcdaa59b32e3f5dc7eb","sellTxId":"f7f54e7136d74c96fb01aa5a876fc88fe825cc9d"}
{"index": {"_index":"pob","_id":"3552323"}}
	{"id":3552323,"type":"sell","buyer":"master-lamps","seller":"gubbatv","symbol":"POB","quantity":"2.22161025","price":"0.02320001","timestamp":1653768174,"volume":"0.05154138","buyTxId":"aac54afaf587a65ae6024dcdaa59b32e3f5dc7eb","sellTxId":"09e0bb9d5059ac867d9f3e83dab762377131683c"}
{"index": {"_index":"pob","_id":"3552415"}}
	{"id":3552415,"type":"sell","buyer":"master-lamps","seller":"mypathtofire","symbol":"POB","quantity":"1.22410547","price":"0.02320001","timestamp":1653769626,"volume":"0.02839926","buyTxId":"aac54afaf587a65ae6024dcdaa59b32e3f5dc7eb","sellTxId":"18ab69b643f289e69f5f3ac7d48f124458e07d01"}
{"index": {"_index":"pob","_id":"3552585"}}
	{"id":3552585,"type":"sell","buyer":"master-lamps","seller":"deathwing","symbol":"POB","quantity":"0.026","price":"0.02320001","timestamp":1653771306,"volume":"0.00060320","buyTxId":"aac54afaf587a65ae6024dcdaa59b32e3f5dc7eb","sellTxId":"282e16ee1db8aff052104a128ea8d0cdf4b31218-1"}
{"index": {"_index":"pob","_id":"3552680"}}
	{"id":3552680,"type":"sell","buyer":"yintercept","seller":"laritheghost","symbol":"POB","quantity":"0.82314545","price":"0.02330000","timestamp":1653772377,"volume":"0.01917929","buyTxId":"b273602c850939792015a60c81732e03a91f87d3","sellTxId":"317835ac5deac148885d8696a1b9af6fcd055294"}
{"index": {"_index":"pob","_id":"3552693"}}
	{"id":3552693,"type":"buy","buyer":"pjansen","seller":"richardcrill","symbol":"POB","quantity":"126.20000000","price":"0.02500000","timestamp":1653772536,"volume":"3.155","buyTxId":"6dab631eb09809fb0c480db02495b339e82ebef6","sellTxId":"MM-P-17789275-64779792-3-12-0"}
{"index": {"_index":"pob","_id":"3552844"}}
	{"id":3552844,"type":"sell","buyer":"opidia","seller":"beemd","symbol":"POB","quantity":"3.69078978","price":"0.02340000","timestamp":1653774768,"volume":"0.08636448","buyTxId":"1a792f621686705053ed282c38acd682449cc750","sellTxId":"ba596f349d9878ee2762de1b3dab4dfd334215a0"}
{"index": {"_index":"pob","_id":"3552912"}}
	{"id":3552912,"type":"sell","buyer":"opidia","seller":"he-index","symbol":"POB","quantity":"0.06700000","price":"0.02340000","timestamp":1653775446,"volume":"0.00156780","buyTxId":"1a792f621686705053ed282c38acd682449cc750","sellTxId":"c17719550f87d84577fc84e8f6d4d3e314cb198f"}
{"index": {"_index":"pob","_id":"3552914"}}
	{"id":3552914,"type":"sell","buyer":"opidia","seller":"taskmaster4450le","symbol":"POB","quantity":"771.42983890","price":"0.02340000","timestamp":1653775464,"volume":"18.05145823","buyTxId":"1a792f621686705053ed282c38acd682449cc750","sellTxId":"0af7426e9ebe9fcdd87268deccc8fa08fdec0189"}
{"index": {"_index":"pob","_id":"3552994"}}
	{"id":3552994,"type":"buy","buyer":"pjansen","seller":"richardcrill","symbol":"POB","quantity":"117.64000000","price":"0.02500000","timestamp":1653776319,"volume":"2.941","buyTxId":"74260fa6d7d2a459c1004802040a9d874b6087f1","sellTxId":"MM-P-17789275-64779792-3-12-0"}
{"index": {"_index":"pob","_id":"3553161"}}
	{"id":3553161,"type":"buy","buyer":"pjansen","seller":"richardcrill","symbol":"POB","quantity":"197.94354838","price":"0.02480000","timestamp":1653778005,"volume":"4.909","buyTxId":"79f2ef798f9738702767b113a34db2658572cec9","sellTxId":"MM-P-17791071-64781588-3-12-0"}
{"index": {"_index":"pob","_id":"3553339"}}
	{"id":3553339,"type":"sell","buyer":"opidia","seller":"josediccus","symbol":"POB","quantity":"54.00000000","price":"0.02340000","timestamp":1653778971,"volume":"1.26360000","buyTxId":"1a792f621686705053ed282c38acd682449cc750","sellTxId":"5c47eb76a674ab928a3a48ca69657f497db6da58"}
{"index": {"_index":"pob","_id":"3553378"}}
	{"id":3553378,"type":"sell","buyer":"opidia","seller":"andy4475","symbol":"POB","quantity":"5.98585069","price":"0.02340000","timestamp":1653779223,"volume":"0.14006891","buyTxId":"1a792f621686705053ed282c38acd682449cc750","sellTxId":"9638d9f492e14821ec2ddba5ae7dff3b9851dcb9"}
{"index": {"_index":"pob","_id":"3554052"}}
	{"id":3554052,"type":"sell","buyer":"yintercept","seller":"steem82868","symbol":"POB","quantity":"1.31617771","price":"0.02345000","timestamp":1653785406,"volume":"0.03086437","buyTxId":"2f8d87544e94983d722056af4fc633d60f7cbd58","sellTxId":"b4e25d435a662e443d5834a4b1b3e618de40f0e0"}
{"index": {"_index":"pob","_id":"3554175"}}
	{"id":3554175,"type":"buy","buyer":"holovision","seller":"richardcrill","symbol":"POB","quantity":"135.00000000","price":"0.02480000","timestamp":1653786372,"volume":"3.34800000","buyTxId":"6bd20c8a516b81010b7e74544a02b99da47b11d1","sellTxId":"MM-P-17791071-64781588-3-12-0"}
{"index": {"_index":"pob","_id":"3554187"}}
	{"id":3554187,"type":"buy","buyer":"holovision","seller":"richardcrill","symbol":"POB","quantity":"0.05645162","price":"0.02480000","timestamp":1653786405,"volume":"0.00140000","buyTxId":"827cb94c4595d7734670abe17746e53a982e3bde","sellTxId":"MM-P-17791071-64781588-3-12-0"}
{"index": {"_index":"pob","_id":"3554188"}}
	{"id":3554188,"type":"buy","buyer":"holovision","seller":"onlydoge","symbol":"POB","quantity":"300.16170848","price":"0.02520000","timestamp":1653786405,"volume":"7.56407505","buyTxId":"827cb94c4595d7734670abe17746e53a982e3bde","sellTxId":"07e1d71d4697c815aae499c5f4c536e85558d3fd"}
{"index": {"_index":"pob","_id":"3554193"}}
	{"id":3554193,"type":"buy","buyer":"holovision","seller":"hansvonkatte","symbol":"POB","quantity":"15.68204603","price":"0.02529740","timestamp":1653786444,"volume":"0.39671499","buyTxId":"8a4c7a5ed4947bca73114832869bfa5fea9ba21b","sellTxId":"4f2dfd7a4134e73bb8e6dc57a83211e0ad71b652"}
{"index": {"_index":"pob","_id":"3554194"}}
	{"id":3554194,"type":"buy","buyer":"holovision","seller":"master-lamps","symbol":"POB","quantity":"0.31795397","price":"0.02529740","timestamp":1653786444,"volume":"0.00804341","buyTxId":"8a4c7a5ed4947bca73114832869bfa5fea9ba21b","sellTxId":"aa692ce7770d418a6001c6f9302140c3ffdf4023"}
{"index": {"_index":"pob","_id":"3554196"}}
	{"id":3554196,"type":"buy","buyer":"holovision","seller":"master-lamps","symbol":"POB","quantity":"286.88008923","price":"0.02529740","timestamp":1653786480,"volume":"7.25732037","buyTxId":"02a3bd4a11e02d3daf84a9b1e4977e5c5708b10d","sellTxId":"aa692ce7770d418a6001c6f9302140c3ffdf4023"}
{"index": {"_index":"pob","_id":"3554201"}}
	{"id":3554201,"type":"sell","buyer":"holovision","seller":"boeltermc","symbol":"POB","quantity":"0.11991077","price":"0.02529740","timestamp":1653786495,"volume":"0.00303343","buyTxId":"02a3bd4a11e02d3daf84a9b1e4977e5c5708b10d","sellTxId":"1df063bd052b8675e6a211493d9b01e44a0aa16f"}
{"index": {"_index":"pob","_id":"3554202"}}
	{"id":3554202,"type":"sell","buyer":"holovision","seller":"boeltermc","symbol":"POB","quantity":"0.78183990","price":"0.02520000","timestamp":1653786495,"volume":"0.01970237","buyTxId":"827cb94c4595d7734670abe17746e53a982e3bde","sellTxId":"1df063bd052b8675e6a211493d9b01e44a0aa16f"}
{"index": {"_index":"pob","_id":"3554205"}}
	{"id":3554205,"type":"buy","buyer":"holovision","seller":"boeltermc","symbol":"POB","quantity":"7.00000000","price":"0.02480000","timestamp":1653786510,"volume":"0.17360000","buyTxId":"b3d6bbe62032b63408448a507a3d073a1fc19c65","sellTxId":"1df063bd052b8675e6a211493d9b01e44a0aa16f"}
{"index": {"_index":"pob","_id":"3554208"}}
	{"id":3554208,"type":"buy","buyer":"holovision","seller":"boeltermc","symbol":"POB","quantity":"132.09824933","price":"0.02480000","timestamp":1653786546,"volume":"3.27603658","buyTxId":"89b68ed85d486552124527ad83f08a934dac5957","sellTxId":"1df063bd052b8675e6a211493d9b01e44a0aa16f"}
{"index": {"_index":"pob","_id":"3554220"}}
	{"id":3554220,"type":"buy","buyer":"holovision","seller":"tokutaro22","symbol":"POB","quantity":"6.17552051","price":"0.02550000","timestamp":1653786603,"volume":"0.15747577","buyTxId":"e451f8a726face1c2d1a531f230a58e61b4646f7","sellTxId":"fe7de49625b388cfab72cc7959b9ff93c4d49134"}
{"index": {"_index":"pob","_id":"3554224"}}
	{"id":3554224,"type":"buy","buyer":"holovision","seller":"yintercept","symbol":"POB","quantity":"6.44781993","price":"0.02555000","timestamp":1653786630,"volume":"0.16474180","buyTxId":"07382c5168f407011d2122959e8fc276b88f9300","sellTxId":"cacd3006122be1a4857b30a273607ac0714f3475"}
{"index": {"_index":"pob","_id":"3554236"}}
	{"id":3554236,"type":"buy","buyer":"holovision","seller":"indiebandguru","symbol":"POB","quantity":"3.00000000","price":"0.02599000","timestamp":1653786669,"volume":"0.07797000","buyTxId":"0d3690cff053d096659560eb12807623d8696151","sellTxId":"11dcda2e030f49d8a0e2f66dae94fc9fb8243546"}
{"index": {"_index":"pob","_id":"3554238"}}
	{"id":3554238,"type":"sell","buyer":"holovision","seller":"pjansen","symbol":"POB","quantity":"0.55218007","price":"0.02555000","timestamp":1653786699,"volume":"0.01410820","buyTxId":"07382c5168f407011d2122959e8fc276b88f9300","sellTxId":"59ff8c09548bd37d4216a0a0a314c9556ccde099"}
{"index": {"_index":"pob","_id":"3554239"}}
	{"id":3554239,"type":"sell","buyer":"holovision","seller":"pjansen","symbol":"POB","quantity":"0.82447949","price":"0.02550000","timestamp":1653786699,"volume":"0.02102423","buyTxId":"e451f8a726face1c2d1a531f230a58e61b4646f7","sellTxId":"59ff8c09548bd37d4216a0a0a314c9556ccde099"}
{"index": {"_index":"pob","_id":"3554240"}}
	{"id":3554240,"type":"sell","buyer":"holovision","seller":"pjansen","symbol":"POB","quantity":"0.06347015","price":"0.02480000","timestamp":1653786699,"volume":"0.00157406","buyTxId":"89b68ed85d486552124527ad83f08a934dac5957","sellTxId":"59ff8c09548bd37d4216a0a0a314c9556ccde099"}
{"index": {"_index":"pob","_id":"3554241"}}
	{"id":3554241,"type":"buy","buyer":"holovision","seller":"happyfrog420-new","symbol":"POB","quantity":"43.07009198","price":"0.02609100","timestamp":1653786702,"volume":"1.12374177","buyTxId":"357cb56452c1e9f0d61518e7542ac3f2f21d7d75","sellTxId":"b148b1679c13b8d05c0f90de670192e6c519340e"}
{"index": {"_index":"pob","_id":"3554242"}}
	{"id":3554242,"type":"buy","buyer":"holovision","seller":"chrisparis","symbol":"POB","quantity":"6.69161590","price":"0.02609800","timestamp":1653786702,"volume":"0.17463779","buyTxId":"357cb56452c1e9f0d61518e7542ac3f2f21d7d75","sellTxId":"6692b80375961dd94424d5d6e1ff24cb9caad516"}
{"index": {"_index":"pob","_id":"3554269"}}
	{"id":3554269,"type":"buy","buyer":"holovision","seller":"master-lamps","symbol":"POB","quantity":"0.60682045","price":"0.02609975","timestamp":1653786861,"volume":"0.01583786","buyTxId":"00b7ecc9dccf85cbfdaa255294ac91fffac32531","sellTxId":"168fbb5260aa438ea651235ed63936ef50495b56"}
{"index": {"_index":"pob","_id":"3554270"}}
	{"id":3554270,"type":"buy","buyer":"holovision","seller":"coffeebuds","symbol":"POB","quantity":"27.97947185","price":"0.02700000","timestamp":1653786861,"volume":"0.75544574","buyTxId":"00b7ecc9dccf85cbfdaa255294ac91fffac32531","sellTxId":"MM-P-17614717-64605014-3-23-0"}
{"index": {"_index":"pob","_id":"3554311"}}
	{"id":3554311,"type":"buy","buyer":"holovision","seller":"dwinblood","symbol":"POB","quantity":"14.10413215","price":"0.02829795","timestamp":1653787305,"volume":"0.39911803","buyTxId":"4b424cdb75db107d51fb0bdc8e847d66f3c70755","sellTxId":"7f99e478d8fce40908e995f14aaa584e586f9e95"}
{"index": {"_index":"pob","_id":"3554312"}}
	{"id":3554312,"type":"buy","buyer":"holovision","seller":"gbuchynska","symbol":"POB","quantity":"0.89586785","price":"0.02829795","timestamp":1653787305,"volume":"0.02535122","buyTxId":"4b424cdb75db107d51fb0bdc8e847d66f3c70755","sellTxId":"02126a5a993b3e3a3609fd75783dea5f5a3b2f57"}
{"index": {"_index":"pob","_id":"3554322"}}
	{"id":3554322,"type":"buy","buyer":"holovision","seller":"gbuchynska","symbol":"POB","quantity":"0.32074014","price":"0.02829795","timestamp":1653787395,"volume":"0.00907629","buyTxId":"80ad8888fcc82c90259c805d66663d519c8b1aea","sellTxId":"02126a5a993b3e3a3609fd75783dea5f5a3b2f57"}
{"index": {"_index":"pob","_id":"3554323"}}
	{"id":3554323,"type":"buy","buyer":"holovision","seller":"quicktrades","symbol":"POB","quantity":"0.58815890","price":"0.02889998","timestamp":1653787395,"volume":"0.01699778","buyTxId":"80ad8888fcc82c90259c805d66663d519c8b1aea","sellTxId":"f1e75c7d3ce0c0fb99dc1ee89dcaf398924a1cb8"}
{"index": {"_index":"pob","_id":"3554324"}}
	{"id":3554324,"type":"buy","buyer":"holovision","seller":"droida","symbol":"POB","quantity":"0.68858008","price":"0.02889999","timestamp":1653787395,"volume":"0.01989996","buyTxId":"80ad8888fcc82c90259c805d66663d519c8b1aea","sellTxId":"b254b791d754ac29849de78e85b3f09ddff69233"}
{"index": {"_index":"pob","_id":"3554325"}}
	{"id":3554325,"type":"buy","buyer":"holovision","seller":"dhedge-drips","symbol":"POB","quantity":"0.29504102","price":"0.02960000","timestamp":1653787395,"volume":"0.00873321","buyTxId":"80ad8888fcc82c90259c805d66663d519c8b1aea","sellTxId":"c93dfe24b23c6802f41c9e9bc19caccd4b92c876"}
{"index": {"_index":"pob","_id":"3554326"}}
	{"id":3554326,"type":"sell","buyer":"holovision","seller":"pjansen","symbol":"POB","quantity":"0.10747986","price":"0.02960000","timestamp":1653787416,"volume":"0.00318140","buyTxId":"80ad8888fcc82c90259c805d66663d519c8b1aea","sellTxId":"28e3ce4d1cbb0dedc623f5fb1b91d248f3f1dab3"}
{"index": {"_index":"pob","_id":"3554327"}}
	{"id":3554327,"type":"sell","buyer":"holovision","seller":"pjansen","symbol":"POB","quantity":"1.41370770","price":"0.02700000","timestamp":1653787416,"volume":"0.03817011","buyTxId":"00b7ecc9dccf85cbfdaa255294ac91fffac32531","sellTxId":"28e3ce4d1cbb0dedc623f5fb1b91d248f3f1dab3"}
{"index": {"_index":"pob","_id":"3554328"}}
	{"id":3554328,"type":"sell","buyer":"holovision","seller":"pjansen","symbol":"POB","quantity":"0.19882994","price":"0.02609800","timestamp":1653787416,"volume":"0.00518906","buyTxId":"357cb56452c1e9f0d61518e7542ac3f2f21d7d75","sellTxId":"28e3ce4d1cbb0dedc623f5fb1b91d248f3f1dab3"}
{"index": {"_index":"pob","_id":"3554331"}}
	{"id":3554331,"type":"buy","buyer":"holovision","seller":"coffeebuds","symbol":"POB","quantity":"360.00000000","price":"0.02978000","timestamp":1653787425,"volume":"10.72080000","buyTxId":"aa36755a399c7811826b2bef55c419df233cef5c","sellTxId":"MM-P-17794262-64784782-3-23-0"}
{"index": {"_index":"pob","_id":"3554340"}}
	{"id":3554340,"type":"buy","buyer":"holovision","seller":"richardcrill","symbol":"POB","quantity":"333.00000000","price":"0.02979000","timestamp":1653787452,"volume":"9.92007000","buyTxId":"96b1f889dc1d9968a633d72a57db87781b0ead39","sellTxId":"MM-P-17794262-64784782-3-12-0"}
{"index": {"_index":"pob","_id":"3554346"}}
	{"id":3554346,"type":"buy","buyer":"holovision","seller":"trumpman","symbol":"POB","quantity":"64.00000000","price":"0.03000000","timestamp":1653787551,"volume":"1.92000000","buyTxId":"954b9b7ded87aa2e8c8f3dc7f770babd7aa02228","sellTxId":"4f386dba341297cfbc3b5496d55ce5daa8294a47"}
{"index": {"_index":"pob","_id":"3554825"}}
	{"id":3554825,"type":"sell","buyer":"holovision","seller":"funshee","symbol":"POB","quantity":"0.03946218","price":"0.02609800","timestamp":1653792654,"volume":"0.00102988","buyTxId":"357cb56452c1e9f0d61518e7542ac3f2f21d7d75","sellTxId":"41206b68972d5d35c798eb09800455118932b4e2"}
{"index": {"_index":"pob","_id":"3554826"}}
	{"id":3554826,"type":"sell","buyer":"holovision","seller":"funshee","symbol":"POB","quantity":"0.83828052","price":"0.02480000","timestamp":1653792654,"volume":"0.02078936","buyTxId":"89b68ed85d486552124527ad83f08a934dac5957","sellTxId":"41206b68972d5d35c798eb09800455118932b4e2"}
{"index": {"_index":"pob","_id":"3554827"}}
	{"id":3554827,"type":"sell","buyer":"onlydoge","seller":"funshee","symbol":"POB","quantity":"16.12225730","price":"0.02350000","timestamp":1653792654,"volume":"0.37887305","buyTxId":"974bc87a4c284abae144f221abfd4b085204c1ab","sellTxId":"41206b68972d5d35c798eb09800455118932b4e2"}
