{"index": {"_index":"pob","_id":"1112756"}}
	{"id":1112756,"type":"buy","buyer":"georgeknowsall","seller":"ctime","symbol":"POB","quantity":"0.20000000","price":"1.67070997","timestamp":1622774412,"volume":"0.33414199","buyTxId":"f4cf93718acd942e32ceecfd331f4d4763294af2","sellTxId":"MM-P-7499208-54474411-3-22-0"}
{"index": {"_index":"pob","_id":"1112761"}}
	{"id":1112761,"type":"sell","buyer":"solovey6o2","seller":"tlundy47","symbol":"POB","quantity":"0.00001634","price":"1.62435032","timestamp":1622774637,"volume":"0.00002654","buyTxId":"b9e1d08ef4f3fd977935b37a9bb2b1974ad34253","sellTxId":"cd2fc81a806a4d8748c300dd1a9b7f43034dd561"}
{"index": {"_index":"pob","_id":"1112767"}}
	{"id":1112767,"type":"sell","buyer":"solovey6o2","seller":"crismanto","symbol":"POB","quantity":"1.00000000","price":"1.62445033","timestamp":1622774817,"volume":"1.62445033","buyTxId":"1148759ad3e329f390bd246cc9952a2b14485c60","sellTxId":"794a5c4f7eb0e885c28ffaf8314d7db4a9cbb71b"}
{"index": {"_index":"pob","_id":"1112774"}}
	{"id":1112774,"type":"buy","buyer":"lionsuit","seller":"freebornsociety","symbol":"POB","quantity":"0.15000000","price":"1.67038996","timestamp":1622775114,"volume":"0.25055849","buyTxId":"b9e1c41b7433d4471e370a05be6618ab4dda6175","sellTxId":"MM-P-7499466-54474674-3-2-1"}
{"index": {"_index":"pob","_id":"1112830"}}
	{"id":1112830,"type":"sell","buyer":"freebornsociety","seller":"pablodare","symbol":"POB","quantity":"0.36316531","price":"1.62535041","timestamp":1622777439,"volume":"0.59027089","buyTxId":"MM-P-7500257-54475471-3-2-0","sellTxId":"904dad8baf733aec06e79c7cef66c9e98f1394f2"}
{"index": {"_index":"pob","_id":"1112844"}}
	{"id":1112844,"type":"sell","buyer":"solovey6o2","seller":"allcapsonezero","symbol":"POB","quantity":"11.46853713","price":"1.62545043","timestamp":1622777802,"volume":"18.64153861","buyTxId":"0f6102faeaacc4469f32965ee0ff666b16e4325f","sellTxId":"2e5a86dc0ecfbb92b9bf0f1bb76d6df8e289c40e"}
{"index": {"_index":"pob","_id":"1112854"}}
	{"id":1112854,"type":"sell","buyer":"solovey6o2","seller":"taseli","symbol":"POB","quantity":"0.15271092","price":"1.62545043","timestamp":1622777892,"volume":"0.24822403","buyTxId":"0f6102faeaacc4469f32965ee0ff666b16e4325f","sellTxId":"0ad1d2a4a7209d8145c78761b21e7221fa64749d"}
{"index": {"_index":"pob","_id":"1112882"}}
	{"id":1112882,"type":"sell","buyer":"solovey6o2","seller":"ahmetay","symbol":"POB","quantity":"0.03106706","price":"1.62565045","timestamp":1622778624,"volume":"0.05050418","buyTxId":"b066afc784a762e1df5c9273c72e0eaac7ec68a0","sellTxId":"53656b04826f7fe61d824fd3b14f57bf084245a3"}
{"index": {"_index":"pob","_id":"1112891"}}
	{"id":1112891,"type":"sell","buyer":"solovey6o2","seller":"logicforce","symbol":"POB","quantity":"1.97858404","price":"1.62465035","timestamp":1622778993,"volume":"3.21450725","buyTxId":"3c4ce796a75b13c78bce508d0dad9a2d93646565","sellTxId":"9b6af1efc6021b82ac6c600511c89498df339233"}
{"index": {"_index":"pob","_id":"1112897"}}
	{"id":1112897,"type":"sell","buyer":"freebornsociety","seller":"trumpman","symbol":"POB","quantity":"24.61916688","price":"1.62475035","timestamp":1622779290,"volume":"40.00000000","buyTxId":"MM-P-7500854-54476069-3-2-0","sellTxId":"cdd78a373fef5b5cb99db58b1696bf2de232bbb1"}
{"index": {"_index":"pob","_id":"1112898"}}
	{"id":1112898,"type":"sell","buyer":"anadolu","seller":"trumpman","symbol":"POB","quantity":"0.89628313","price":"1.62465034","timestamp":1622779290,"volume":"1.45614669","buyTxId":"9aecb76a180ac1a41837f91487bf690e6b59950e","sellTxId":"cdd78a373fef5b5cb99db58b1696bf2de232bbb1"}
{"index": {"_index":"pob","_id":"1112914"}}
	{"id":1112914,"type":"sell","buyer":"freebornsociety","seller":"hadi18","symbol":"POB","quantity":"5.38624651","price":"1.62475035","timestamp":1622779734,"volume":"8.75130590","buyTxId":"MM-P-7500952-54476168-3-2-0","sellTxId":"afa95e916a7eab4674de17223e2d04b60f6103b3"}
{"index": {"_index":"pob","_id":"1112915"}}
	{"id":1112915,"type":"sell","buyer":"solovey6o2","seller":"hadi18","symbol":"POB","quantity":"15.61375349","price":"1.62465035","timestamp":1622779734,"volume":"25.36689007","buyTxId":"deb147c132ae43e438960ade7fb87e5e204f83e0","sellTxId":"afa95e916a7eab4674de17223e2d04b60f6103b3"}
{"index": {"_index":"pob","_id":"1112945"}}
	{"id":1112945,"type":"buy","buyer":"shralve","seller":"ctime","symbol":"POB","quantity":"5.00000000","price":"1.66840984","timestamp":1622780592,"volume":"8.34204920","buyTxId":"dcd8b3722bfd4b37d3d35bdd29888d1f64338a71","sellTxId":"MM-P-7501286-54476504-3-22-0"}
{"index": {"_index":"pob","_id":"1112946"}}
	{"id":1112946,"type":"buy","buyer":"shralve","seller":"solovey6o2","symbol":"POB","quantity":"35.00000000","price":"1.66841984","timestamp":1622780592,"volume":"58.39469440","buyTxId":"dcd8b3722bfd4b37d3d35bdd29888d1f64338a71","sellTxId":"cc74a37f3b726a769804395237f58a3419c2995c"}
{"index": {"_index":"pob","_id":"1112954"}}
	{"id":1112954,"type":"sell","buyer":"solovey6o2","seller":"finguru","symbol":"POB","quantity":"6.00000000","price":"1.62505039","timestamp":1622780823,"volume":"9.75030234","buyTxId":"dc8d3383f94371274ad881019b453e273d5aa0da","sellTxId":"daf455142aa3d14fcae16bab9083d8224c7bda30"}
{"index": {"_index":"pob","_id":"1112960"}}
	{"id":1112960,"type":"buy","buyer":"nerdtopiade","seller":"ctime","symbol":"POB","quantity":"4.00000000","price":"1.66819983","timestamp":1622781258,"volume":"6.67279932","buyTxId":"80a37d92cdc09ec9871d194494887267283e93db","sellTxId":"MM-P-7501485-54476704-3-22-0"}
{"index": {"_index":"pob","_id":"1112961"}}
	{"id":1112961,"type":"sell","buyer":"solovey6o2","seller":"sugandhaseth","symbol":"POB","quantity":"2.40000000","price":"1.62515040","timestamp":1622781327,"volume":"3.90036096","buyTxId":"502439a4a84b811b0af5c18419cc2fdb427d0e97","sellTxId":"dd9d7ba885a03c57279c03da919df0c071594162"}
{"index": {"_index":"pob","_id":"1112975"}}
	{"id":1112975,"type":"sell","buyer":"solovey6o2","seller":"coininstant","symbol":"POB","quantity":"6.95254989","price":"1.62535042","timestamp":1622781762,"volume":"11.30032988","buyTxId":"2e8059a5b31db813ea638f86344020b02a717d04","sellTxId":"deb684d81b3da888d855c27080b40bc2936c8389"}
{"index": {"_index":"pob","_id":"1112976"}}
	{"id":1112976,"type":"sell","buyer":"solovey6o2","seller":"melbourneswest","symbol":"POB","quantity":"1.09998669","price":"1.62535042","timestamp":1622781777,"volume":"1.78786383","buyTxId":"2e8059a5b31db813ea638f86344020b02a717d04","sellTxId":"b1a7bac76c071f35502a264cf412695215bac61f"}
{"index": {"_index":"pob","_id":"1113016"}}
	{"id":1113016,"type":"buy","buyer":"eythorphoto","seller":"ctime","symbol":"POB","quantity":"5.00000000","price":"1.66754980","timestamp":1622783064,"volume":"8.33774900","buyTxId":"2e7d9797688475e820d70709f7b552d409921e02","sellTxId":"MM-P-7502080-54477303-3-22-0"}
{"index": {"_index":"pob","_id":"1113018"}}
	{"id":1113018,"type":"sell","buyer":"solovey6o2","seller":"tlundy47","symbol":"POB","quantity":"0.00007435","price":"1.62585047","timestamp":1622783256,"volume":"0.00012088","buyTxId":"51b88c8c064d164d197be3da11a202f5d1089182","sellTxId":"686596da0235bd01c373dd6773af9631da720f48"}
{"index": {"_index":"pob","_id":"1113020"}}
	{"id":1113020,"type":"sell","buyer":"solovey6o2","seller":"thegoliath","symbol":"POB","quantity":"7.31061937","price":"1.62585047","timestamp":1622783358,"volume":"11.88597394","buyTxId":"51b88c8c064d164d197be3da11a202f5d1089182","sellTxId":"a6d1237c1ee7482e47b7e2690f94fca844765788"}
{"index": {"_index":"pob","_id":"1113026"}}
	{"id":1113026,"type":"sell","buyer":"solovey6o2","seller":"leedsunited","symbol":"POB","quantity":"3.05884402","price":"1.62595048","timestamp":1622783694,"volume":"4.97352890","buyTxId":"3641d6a1ab450c3099421cfe7cce08e4339b0937","sellTxId":"ad639f67d6c49f1c5aeff490fa40b626d9c6ef3f"}
{"index": {"_index":"pob","_id":"1113028"}}
	{"id":1113028,"type":"sell","buyer":"freebornsociety","seller":"fullcoverbetting","symbol":"POB","quantity":"0.19128538","price":"1.62605048","timestamp":1622783799,"volume":"0.31103968","buyTxId":"MM-P-7502343-54477566-3-2-0","sellTxId":"1ae736a2c388843bc09e363da53a5c59f2b9477c"}
{"index": {"_index":"pob","_id":"1113033"}}
	{"id":1113033,"type":"sell","buyer":"freebornsociety","seller":"corporateay","symbol":"POB","quantity":"24.40679727","price":"1.62615049","timestamp":1622784066,"volume":"39.68912534","buyTxId":"MM-P-7502443-54477666-3-2-0","sellTxId":"2bf0be46d331f53e87e53fe36568e7579a78e3f9"}
{"index": {"_index":"pob","_id":"1113034"}}
	{"id":1113034,"type":"sell","buyer":"solovey6o2","seller":"corporateay","symbol":"POB","quantity":"0.59320273","price":"1.62605049","timestamp":1622784066,"volume":"0.96457759","buyTxId":"f053c5b87d0b598dc9415257cc5bb47be737b1bc","sellTxId":"2bf0be46d331f53e87e53fe36568e7579a78e3f9"}
{"index": {"_index":"pob","_id":"1113036"}}
	{"id":1113036,"type":"sell","buyer":"solovey6o2","seller":"victoriabsb","symbol":"POB","quantity":"1.86646248","price":"1.62465035","timestamp":1622784246,"volume":"3.03234892","buyTxId":"e04320d02053c664d1db34619752bea4a7aa2459","sellTxId":"e95ccae510fd69beed0da79aa6b66d29a3afbc15"}
{"index": {"_index":"pob","_id":"1113053"}}
	{"id":1113053,"type":"sell","buyer":"freebornsociety","seller":"anggreklestari","symbol":"POB","quantity":"3.31280247","price":"1.62475035","timestamp":1622784885,"volume":"5.38247697","buyTxId":"MM-P-7502541-54477766-3-2-0","sellTxId":"945d725dd9a0ffc9ea0ebfb91272b109d47e4091"}
{"index": {"_index":"pob","_id":"1113074"}}
	{"id":1113074,"type":"sell","buyer":"freebornsociety","seller":"anggreklestari","symbol":"POB","quantity":"15.76752311","price":"1.62495037","timestamp":1622785902,"volume":"25.62144251","buyTxId":"MM-P-7503040-54478265-3-2-0","sellTxId":"651adc7afa9340752e3a61ba835896ed7344c3a2"}
{"index": {"_index":"pob","_id":"1113093"}}
	{"id":1113093,"type":"sell","buyer":"freebornsociety","seller":"new-world-guide","symbol":"POB","quantity":"1.63973089","price":"1.62495037","timestamp":1622786451,"volume":"2.66448132","buyTxId":"MM-P-7503040-54478265-3-2-0","sellTxId":"ee6381d6a44d19cf52844d9ffeb5f76f486a24ed"}
{"index": {"_index":"pob","_id":"1113095"}}
	{"id":1113095,"type":"sell","buyer":"freebornsociety","seller":"clicmaster","symbol":"POB","quantity":"7.20888243","price":"1.62495037","timestamp":1622786505,"volume":"11.71407617","buyTxId":"MM-P-7503040-54478265-3-2-0","sellTxId":"6eab83805fe8a58d9aaced4fca1b8cb26906d5a0"}
{"index": {"_index":"pob","_id":"1113097"}}
	{"id":1113097,"type":"sell","buyer":"solovey6o2","seller":"clicmaster","symbol":"POB","quantity":"26.62349361","price":"1.62465035","timestamp":1622786529,"volume":"43.25386821","buyTxId":"750e4cb733c0121552c67c0b080b5e39a74724d9","sellTxId":"ac4954f0f6aa20487ab68d4bd09654294dd5524b"}
{"index": {"_index":"pob","_id":"1113101"}}
	{"id":1113101,"type":"sell","buyer":"solovey6o2","seller":"profeyris7","symbol":"POB","quantity":"52.81296957","price":"1.62465035","timestamp":1622786655,"volume":"85.80260950","buyTxId":"750e4cb733c0121552c67c0b080b5e39a74724d9","sellTxId":"3ae3e8228acab0c327591d6b7746cacae503fc2f"}
{"index": {"_index":"pob","_id":"1113120"}}
	{"id":1113120,"type":"sell","buyer":"freebornsociety","seller":"knowhow92","symbol":"POB","quantity":"1.40000000","price":"1.62475035","timestamp":1622787915,"volume":"2.27465049","buyTxId":"MM-P-7503537-54478764-3-2-0","sellTxId":"29fb3e973609a9b60cdb524a1448fec0d0adda15"}
{"index": {"_index":"pob","_id":"1113129"}}
	{"id":1113129,"type":"sell","buyer":"freebornsociety","seller":"toofasteddie","symbol":"POB","quantity":"1.25000000","price":"1.62475035","timestamp":1622788845,"volume":"2.03093794","buyTxId":"MM-P-7503537-54478764-3-2-0","sellTxId":"fa41e6fafcc75078a209a17a732c8d6df254a358"}
{"index": {"_index":"pob","_id":"1113136"}}
	{"id":1113136,"type":"sell","buyer":"freebornsociety","seller":"risingstargame","symbol":"POB","quantity":"0.03484206","price":"1.62475035","timestamp":1622789190,"volume":"0.05660965","buyTxId":"MM-P-7503537-54478764-3-2-0","sellTxId":"290bcd8f87d1036b56f6b0c61a27b8578246cba9"}
{"index": {"_index":"pob","_id":"1113137"}}
	{"id":1113137,"type":"buy","buyer":"cookaiss","seller":"risingstargame","symbol":"POB","quantity":"0.96515794","price":"1.62475000","timestamp":1622789235,"volume":"1.56814036","buyTxId":"519c1eb6abf1d9af51264865864c8ac0e1e5bba6","sellTxId":"290bcd8f87d1036b56f6b0c61a27b8578246cba9"}
{"index": {"_index":"pob","_id":"1113145"}}
	{"id":1113145,"type":"sell","buyer":"solovey6o2","seller":"gracefieldhub","symbol":"POB","quantity":"5.67082802","price":"1.62465035","timestamp":1622789652,"volume":"9.21311273","buyTxId":"750e4cb733c0121552c67c0b080b5e39a74724d9","sellTxId":"b2f2cc088c6bf5ee8a3325eefafbfb35a4622154"}
{"index": {"_index":"pob","_id":"1113146"}}
	{"id":1113146,"type":"sell","buyer":"anadolu","seller":"gracefieldhub","symbol":"POB","quantity":"3.99917198","price":"1.62465034","timestamp":1622789652,"volume":"6.49725612","buyTxId":"9aecb76a180ac1a41837f91487bf690e6b59950e","sellTxId":"b2f2cc088c6bf5ee8a3325eefafbfb35a4622154"}
{"index": {"_index":"pob","_id":"1113147"}}
	{"id":1113147,"type":"sell","buyer":"anadolu","seller":"revisesociology","symbol":"POB","quantity":"8.00000000","price":"1.62465034","timestamp":1622789760,"volume":"12.99720272","buyTxId":"9aecb76a180ac1a41837f91487bf690e6b59950e","sellTxId":"f49ac754c0c0584989191804ddb6babed724cc56"}
{"index": {"_index":"pob","_id":"1113151"}}
	{"id":1113151,"type":"sell","buyer":"anadolu","seller":"freeztag","symbol":"POB","quantity":"2.59461895","price":"1.62465034","timestamp":1622790183,"volume":"4.21534856","buyTxId":"9aecb76a180ac1a41837f91487bf690e6b59950e","sellTxId":"a83838f0dd0605a433afdb6354654715397bbafd"}
{"index": {"_index":"pob","_id":"1113162"}}
	{"id":1113162,"type":"sell","buyer":"anadolu","seller":"gubbatv","symbol":"POB","quantity":"4.50992594","price":"1.62465034","timestamp":1622790561,"volume":"7.32705271","buyTxId":"9aecb76a180ac1a41837f91487bf690e6b59950e","sellTxId":"d7aeabbbfcac14d09dc2399a88bd6ed164df4c52"}
{"index": {"_index":"pob","_id":"1113163"}}
	{"id":1113163,"type":"sell","buyer":"freebornsociety","seller":"gubbatv","symbol":"POB","quantity":"24.66927750","price":"1.62145000","timestamp":1622790561,"volume":"40.00000000","buyTxId":"MM-P-7504517-54479761-3-2-0","sellTxId":"d7aeabbbfcac14d09dc2399a88bd6ed164df4c52"}
{"index": {"_index":"pob","_id":"1113164"}}
	{"id":1113164,"type":"sell","buyer":"pandaparker","seller":"gubbatv","symbol":"POB","quantity":"10.00000000","price":"1.62125000","timestamp":1622790561,"volume":"16.21250000","buyTxId":"9e85354f8ad2ec4d08fd4dec20ea1ca6e7499092","sellTxId":"d7aeabbbfcac14d09dc2399a88bd6ed164df4c52"}
{"index": {"_index":"pob","_id":"1113165"}}
	{"id":1113165,"type":"sell","buyer":"pandaparker","seller":"gubbatv","symbol":"POB","quantity":"9.99912982","price":"1.62120000","timestamp":1622790561,"volume":"16.21058926","buyTxId":"49cc8c9594c07d0db6acdeb19c9cc54b7e07188a","sellTxId":"d7aeabbbfcac14d09dc2399a88bd6ed164df4c52"}
{"index": {"_index":"pob","_id":"1113219"}}
	{"id":1113219,"type":"sell","buyer":"miriannalis","seller":"tlundy47","symbol":"POB","quantity":"0.00010431","price":"1.63000000","timestamp":1622791431,"volume":"0.00017003","buyTxId":"a60e416aa4b90e5b8cabc848aa6c317aca5e7fcd","sellTxId":"ea6135c4418994ac3fe35e6a3ae2f1dad1fd25ce"}
{"index": {"_index":"pob","_id":"1113232"}}
	{"id":1113232,"type":"sell","buyer":"miriannalis","seller":"amberyooper","symbol":"POB","quantity":"5.00000000","price":"1.63000000","timestamp":1622791665,"volume":"8.15000000","buyTxId":"a60e416aa4b90e5b8cabc848aa6c317aca5e7fcd","sellTxId":"8637df4ac5955e1f45a1fc2ca88a58f8442e81e5"}
{"index": {"_index":"pob","_id":"1113290"}}
	{"id":1113290,"type":"sell","buyer":"miriannalis","seller":"jlordc","symbol":"POB","quantity":"3.23858231","price":"1.63000000","timestamp":1622793768,"volume":"5.27888917","buyTxId":"a60e416aa4b90e5b8cabc848aa6c317aca5e7fcd","sellTxId":"b9920e8fda5ec4d3b3d4e1c8c6a14f9adfe2d1fd"}
{"index": {"_index":"pob","_id":"1113343"}}
	{"id":1113343,"type":"sell","buyer":"gimme-your-coinz","seller":"tlundy47","symbol":"POB","quantity":"0.00006563","price":"1.63000002","timestamp":1622796639,"volume":"0.00010698","buyTxId":"6789a1e6f41b90a52358f1ff837794a2707d9857","sellTxId":"a0a59dfbebf5fafbaa6ee98d64b336241a753504"}
{"index": {"_index":"pob","_id":"1113374"}}
	{"id":1113374,"type":"sell","buyer":"gimme-your-coinz","seller":"chireerocks","symbol":"POB","quantity":"2.19386121","price":"1.63000002","timestamp":1622798361,"volume":"3.57599382","buyTxId":"6789a1e6f41b90a52358f1ff837794a2707d9857","sellTxId":"7167aaa67629dbe8acc9f22f35804c6557b5f687"}
{"index": {"_index":"pob","_id":"1113383"}}
	{"id":1113383,"type":"sell","buyer":"gimme-your-coinz","seller":"tlundy47","symbol":"POB","quantity":"0.00001928","price":"1.63072001","timestamp":1622798733,"volume":"0.00003144","buyTxId":"fbd3124c4986140f204dd3803eec1fa205aabcad","sellTxId":"b12a2ad405fe77def616b46d47f9c083a29c1ce5"}
{"index": {"_index":"pob","_id":"1113392"}}
	{"id":1113392,"type":"sell","buyer":"gimme-your-coinz","seller":"ahmetay","symbol":"POB","quantity":"0.06326355","price":"1.63072001","timestamp":1622799156,"volume":"0.10316514","buyTxId":"fbd3124c4986140f204dd3803eec1fa205aabcad","sellTxId":"3aa9c7234dfb380d61adc5c21ae44f6cc3255c44"}
{"index": {"_index":"pob","_id":"1113397"}}
	{"id":1113397,"type":"sell","buyer":"gimme-your-coinz","seller":"melbourneswest","symbol":"POB","quantity":"3.13414259","price":"1.63072001","timestamp":1622799528,"volume":"5.11090904","buyTxId":"fbd3124c4986140f204dd3803eec1fa205aabcad","sellTxId":"bd054ddaaab6316e5b7f46ad5ff8608eb652a848"}
{"index": {"_index":"pob","_id":"1113419"}}
	{"id":1113419,"type":"sell","buyer":"gimme-your-coinz","seller":"fullcoverbetting","symbol":"POB","quantity":"1.00576542","price":"1.63072001","timestamp":1622800605,"volume":"1.64012180","buyTxId":"fbd3124c4986140f204dd3803eec1fa205aabcad","sellTxId":"8226df0390e1eae3ee6d6c9b7f10032333b555e4"}
{"index": {"_index":"pob","_id":"1113431"}}
	{"id":1113431,"type":"sell","buyer":"gimme-your-coinz","seller":"ahmetay","symbol":"POB","quantity":"0.01370546","price":"1.63072001","timestamp":1622801631,"volume":"0.02234977","buyTxId":"fbd3124c4986140f204dd3803eec1fa205aabcad","sellTxId":"ec4bdf9aa32df25ab7c33db362c7d873f910170b"}
{"index": {"_index":"pob","_id":"1113499"}}
	{"id":1113499,"type":"sell","buyer":"gimme-your-coinz","seller":"finguru","symbol":"POB","quantity":"1.50000000","price":"1.63072001","timestamp":1622803038,"volume":"2.44608002","buyTxId":"fbd3124c4986140f204dd3803eec1fa205aabcad","sellTxId":"94e739efe682d13cd50e5443b0e4ce77a82efa5e"}
{"index": {"_index":"pob","_id":"1113515"}}
	{"id":1113515,"type":"sell","buyer":"gimme-your-coinz","seller":"knowhow92","symbol":"POB","quantity":"1.70336774","price":"1.63072001","timestamp":1622803356,"volume":"2.77771586","buyTxId":"fbd3124c4986140f204dd3803eec1fa205aabcad","sellTxId":"b5d8487509bde0c193606dd900ef8523fa8491f0"}
{"index": {"_index":"pob","_id":"1113519"}}
	{"id":1113519,"type":"sell","buyer":"gimme-your-coinz","seller":"knowhow92","symbol":"POB","quantity":"6.98002064","price":"1.63072001","timestamp":1622803401,"volume":"11.38245933","buyTxId":"fbd3124c4986140f204dd3803eec1fa205aabcad","sellTxId":"721216a84e6c408faac117f6a1be8203a2c897a3"}
{"index": {"_index":"pob","_id":"1113537"}}
	{"id":1113537,"type":"sell","buyer":"gimme-your-coinz","seller":"urun","symbol":"POB","quantity":"3.69481451","price":"1.63072001","timestamp":1622803827,"volume":"6.02520795","buyTxId":"fbd3124c4986140f204dd3803eec1fa205aabcad","sellTxId":"d98c04d576ba06d4e946bbc802467d1a514e7f76"}
{"index": {"_index":"pob","_id":"1113553"}}
	{"id":1113553,"type":"sell","buyer":"gimme-your-coinz","seller":"tonytrillions","symbol":"POB","quantity":"0.00320045","price":"1.63072001","timestamp":1622804745,"volume":"0.00521904","buyTxId":"fbd3124c4986140f204dd3803eec1fa205aabcad","sellTxId":"c6ec4d2de260c0af3dfbb0a912f6430ea5971ce4"}
{"index": {"_index":"pob","_id":"1113562"}}
	{"id":1113562,"type":"sell","buyer":"gimme-your-coinz","seller":"marvinix","symbol":"POB","quantity":"47.90170036","price":"1.63072001","timestamp":1622805276,"volume":"78.11426129","buyTxId":"fbd3124c4986140f204dd3803eec1fa205aabcad","sellTxId":"b65c450c3a4df51bdf41aacd83cdbce98262e092"}
{"index": {"_index":"pob","_id":"1113563"}}
	{"id":1113563,"type":"sell","buyer":"mamolya","seller":"marvinix","symbol":"POB","quantity":"0.43829964","price":"1.63072000","timestamp":1622805276,"volume":"0.71474399","buyTxId":"84cf60f00a4f9f1bf3eaf738218bb6461d54bbf9","sellTxId":"b65c450c3a4df51bdf41aacd83cdbce98262e092"}
{"index": {"_index":"pob","_id":"1113565"}}
	{"id":1113565,"type":"sell","buyer":"gimme-your-coinz","seller":"juanvegetarian","symbol":"POB","quantity":"0.19757619","price":"1.63072001","timestamp":1622805336,"volume":"0.32219145","buyTxId":"341221139450bfbeb8e8c41a173b92cd9aca576c","sellTxId":"357d5bf01c0f788877cf4dcb41bf0eea86e2b302"}
{"index": {"_index":"pob","_id":"1113568"}}
	{"id":1113568,"type":"sell","buyer":"gimme-your-coinz","seller":"pablodare","symbol":"POB","quantity":"1.56165669","price":"1.63072001","timestamp":1622805402,"volume":"2.54662481","buyTxId":"341221139450bfbeb8e8c41a173b92cd9aca576c","sellTxId":"4565d7af78436ddb864f358de62f894011019756"}
{"index": {"_index":"pob","_id":"1113579"}}
	{"id":1113579,"type":"sell","buyer":"gimme-your-coinz","seller":"alexvan","symbol":"POB","quantity":"17.83138523","price":"1.63072001","timestamp":1622805771,"volume":"29.07799670","buyTxId":"341221139450bfbeb8e8c41a173b92cd9aca576c","sellTxId":"f0237b560486b11f06f0880c611a625e585cbe50"}
{"index": {"_index":"pob","_id":"1113583"}}
	{"id":1113583,"type":"buy","buyer":"gimme-your-coinz","seller":"solovey6o2","symbol":"POB","quantity":"8.43851368","price":"1.65905994","timestamp":1622806017,"volume":"14","buyTxId":"86c9aa332000bb60355693224fde8758c1a07f5a","sellTxId":"889b25f86490942a9df7d1e63a970a997e54fe25"}
{"index": {"_index":"pob","_id":"1113592"}}
	{"id":1113592,"type":"buy","buyer":"shaidon","seller":"ctime","symbol":"POB","quantity":"1.00000000","price":"1.65893993","timestamp":1622806509,"volume":"1.65893993","buyTxId":"5ac1b0081fc7543f5e35526b35a091c041d91432","sellTxId":"MM-P-7509808-54485093-3-22-0"}
{"index": {"_index":"pob","_id":"1113593"}}
	{"id":1113593,"type":"sell","buyer":"gimme-your-coinz","seller":"romirspc.tribe","symbol":"POB","quantity":"13.97","price":"1.63072015","timestamp":1622806593,"volume":"22.78116050","buyTxId":"362d8e8eb22f5d4ce8544bb8afa46001ed4383f3","sellTxId":"4d98f9d38d33651f5fa40f0fb5f97f748753518f"}
{"index": {"_index":"pob","_id":"1113600"}}
	{"id":1113600,"type":"sell","buyer":"gimme-your-coinz","seller":"khazrakh","symbol":"POB","quantity":"3.50142327","price":"1.63072021","timestamp":1622806866,"volume":"5.70984169","buyTxId":"1cdd2ad6fcfaa42b89df079264bff61377a5c63e","sellTxId":"86c7ffb8b2c51f6870ec698077a1b0909e3190b7"}
{"index": {"_index":"pob","_id":"1113611"}}
	{"id":1113611,"type":"sell","buyer":"gimme-your-coinz","seller":"brutalmonkey","symbol":"POB","quantity":"0.20000000","price":"1.63072029","timestamp":1622807208,"volume":"0.32614406","buyTxId":"8d6844873359f465d1e5bffce4dda1184ec9a603","sellTxId":"c0b79e8419e9a61f1672a39a21ba6bb075e75c0b"}
{"index": {"_index":"pob","_id":"1113619"}}
	{"id":1113619,"type":"sell","buyer":"gimme-your-coinz","seller":"charcoalbuffet","symbol":"POB","quantity":"6.89361986","price":"1.63072035","timestamp":1622807433,"volume":"11.24156619","buyTxId":"64fb531b34a1982263b7a0205392b3f843ec7d1f","sellTxId":"baec9286c94c48e128ce0de0c0b55a89db590ac9"}
{"index": {"_index":"pob","_id":"1113623"}}
	{"id":1113623,"type":"sell","buyer":"gimme-your-coinz","seller":"stayten","symbol":"POB","quantity":"0.77653992","price":"1.63072037","timestamp":1622807556,"volume":"1.26631947","buyTxId":"888f43906bc55b3956293f333bb182e961cdd4e5","sellTxId":"e6024166934eb13414a0ca5dea9530ef4b0e36c0"}
{"index": {"_index":"pob","_id":"1113626"}}
	{"id":1113626,"type":"sell","buyer":"solovey6o2","seller":"scooter77","symbol":"POB","quantity":"8.54289945","price":"1.63072040","timestamp":1622807673,"volume":"13.93108041","buyTxId":"01615870f7d5a6901f1e14de89d8436aed7677f4","sellTxId":"3f3edd00fbd5689d0c28430c2472bb3fbc6634cf"}
{"index": {"_index":"pob","_id":"1113627"}}
	{"id":1113627,"type":"sell","buyer":"gimme-your-coinz","seller":"scooter77","symbol":"POB","quantity":"11.45710055","price":"1.63072039","timestamp":1622807673,"volume":"18.68332748","buyTxId":"9a0410dafd8d0669997167ab7563df3abfb983a3","sellTxId":"3f3edd00fbd5689d0c28430c2472bb3fbc6634cf"}
{"index": {"_index":"pob","_id":"1113650"}}
	{"id":1113650,"type":"buy","buyer":"scholaris","seller":"kemmyb","symbol":"POB","quantity":"4.30000000","price":"1.65000000","timestamp":1622808576,"volume":"7.09500000","buyTxId":"acd18254b527f30063e6edad089db2bedb275a8d","sellTxId":"93edea7e6adc4c2adb635bbfaa63e5145d8787b1"}
{"index": {"_index":"pob","_id":"1113651"}}
	{"id":1113651,"type":"buy","buyer":"scholaris","seller":"ctime","symbol":"POB","quantity":"5.00000000","price":"1.65816986","timestamp":1622808576,"volume":"8.29084930","buyTxId":"acd18254b527f30063e6edad089db2bedb275a8d","sellTxId":"MM-P-7510507-54485792-3-22-0"}
{"index": {"_index":"pob","_id":"1113652"}}
	{"id":1113652,"type":"buy","buyer":"scholaris","seller":"solovey6o2","symbol":"POB","quantity":"162.55538980","price":"1.65817986","timestamp":1622808576,"volume":"269.54607350","buyTxId":"acd18254b527f30063e6edad089db2bedb275a8d","sellTxId":"bf255fc82709d358518094948c355583e8574618"}
{"index": {"_index":"pob","_id":"1113653"}}
	{"id":1113653,"type":"buy","buyer":"scholaris","seller":"freebornsociety","symbol":"POB","quantity":"35.00000000","price":"1.65817987","timestamp":1622808576,"volume":"58.03629545","buyTxId":"acd18254b527f30063e6edad089db2bedb275a8d","sellTxId":"MM-P-7510468-54485753-3-2-1"}
{"index": {"_index":"pob","_id":"1113654"}}
	{"id":1113654,"type":"buy","buyer":"scholaris","seller":"anadolu","symbol":"POB","quantity":"21.00000000","price":"1.65960000","timestamp":1622808576,"volume":"34.85160000","buyTxId":"acd18254b527f30063e6edad089db2bedb275a8d","sellTxId":"a7fee025705480aaf185202b07fa4596a7c3d89f"}
{"index": {"_index":"pob","_id":"1113655"}}
	{"id":1113655,"type":"buy","buyer":"scholaris","seller":"coininstant","symbol":"POB","quantity":"3.00000000","price":"1.66799000","timestamp":1622808576,"volume":"5.00397000","buyTxId":"acd18254b527f30063e6edad089db2bedb275a8d","sellTxId":"73cb7d3ae9e956821b60eb2748b7421441f0ae6c"}
{"index": {"_index":"pob","_id":"1113656"}}
	{"id":1113656,"type":"buy","buyer":"scholaris","seller":"anadolu","symbol":"POB","quantity":"17.00000000","price":"1.67026995","timestamp":1622808576,"volume":"28.39458915","buyTxId":"acd18254b527f30063e6edad089db2bedb275a8d","sellTxId":"0043b655ec863da14222a28520e37a81c9a9d9a3"}
{"index": {"_index":"pob","_id":"1113657"}}
	{"id":1113657,"type":"buy","buyer":"scholaris","seller":"failingforwards","symbol":"POB","quantity":"13.32827877","price":"1.67155004","timestamp":1622808576,"volume":"22.27888491","buyTxId":"acd18254b527f30063e6edad089db2bedb275a8d","sellTxId":"6f7e242b515388c549468cffceb878aeb1b4f342"}
{"index": {"_index":"pob","_id":"1113658"}}
	{"id":1113658,"type":"buy","buyer":"scholaris","seller":"mlrequena78","symbol":"POB","quantity":"0.12000143","price":"1.68502000","timestamp":1622808576,"volume":"0.20220481","buyTxId":"acd18254b527f30063e6edad089db2bedb275a8d","sellTxId":"3fccf536fb59340e36a52ece9946f10eb6f4e49a"}
{"index": {"_index":"pob","_id":"1113659"}}
	{"id":1113659,"type":"buy","buyer":"scholaris","seller":"jlordc","symbol":"POB","quantity":"2.49868753","price":"1.68700000","timestamp":1622808576,"volume":"4.21528586","buyTxId":"acd18254b527f30063e6edad089db2bedb275a8d","sellTxId":"3e88e931f34f5ac6eec92d884066182867c34a16"}
{"index": {"_index":"pob","_id":"1113660"}}
	{"id":1113660,"type":"buy","buyer":"scholaris","seller":"bashadow","symbol":"POB","quantity":"3.61129305","price":"1.68850000","timestamp":1622808576,"volume":"6.09766831","buyTxId":"acd18254b527f30063e6edad089db2bedb275a8d","sellTxId":"8bcee69c0128235a471b01d4972381689e82a04b"}
{"index": {"_index":"pob","_id":"1113661"}}
	{"id":1113661,"type":"buy","buyer":"scholaris","seller":"oivas","symbol":"POB","quantity":"1.58307791","price":"1.69999000","timestamp":1622808576,"volume":"2.69121662","buyTxId":"acd18254b527f30063e6edad089db2bedb275a8d","sellTxId":"903200312367db9dbee71a7f047e4f6170ae6c76"}
{"index": {"_index":"pob","_id":"1113662"}}
	{"id":1113662,"type":"buy","buyer":"scholaris","seller":"charcoalbuffet","symbol":"POB","quantity":"14.94648150","price":"1.70000000","timestamp":1622808576,"volume":"25.40901855","buyTxId":"acd18254b527f30063e6edad089db2bedb275a8d","sellTxId":"f24761a87925078593f0d13c238e1ad8b1458417"}
{"index": {"_index":"pob","_id":"1113663"}}
	{"id":1113663,"type":"buy","buyer":"scholaris","seller":"anadolu","symbol":"POB","quantity":"25.00000000","price":"1.70000000","timestamp":1622808576,"volume":"42.50000000","buyTxId":"acd18254b527f30063e6edad089db2bedb275a8d","sellTxId":"19a920b66b9dcdc5c3ea33d37ec49d8de116f027"}
{"index": {"_index":"pob","_id":"1113664"}}
	{"id":1113664,"type":"buy","buyer":"scholaris","seller":"amigareaction","symbol":"POB","quantity":"0.50000000","price":"1.70000000","timestamp":1622808576,"volume":"0.85000000","buyTxId":"acd18254b527f30063e6edad089db2bedb275a8d","sellTxId":"3eeabe2e31030d239e6f493817afde24935c64d4"}
{"index": {"_index":"pob","_id":"1113665"}}
	{"id":1113665,"type":"buy","buyer":"scholaris","seller":"mineopoly","symbol":"POB","quantity":"70.00000000","price":"1.76000000","timestamp":1622808576,"volume":"123.20000000","buyTxId":"acd18254b527f30063e6edad089db2bedb275a8d","sellTxId":"4397b61818700ce40b8b864902fd3ddb0f3121aa"}
{"index": {"_index":"pob","_id":"1113666"}}
	{"id":1113666,"type":"buy","buyer":"scholaris","seller":"liotes.voter","symbol":"POB","quantity":"5.94700423","price":"1.77998501","timestamp":1622808576,"volume":"10.58557838","buyTxId":"acd18254b527f30063e6edad089db2bedb275a8d","sellTxId":"e46cd53f1ddcda9b95f0a01b50ec334147ef92f9"}
{"index": {"_index":"pob","_id":"1113667"}}
	{"id":1113667,"type":"buy","buyer":"scholaris","seller":"chekohler","symbol":"POB","quantity":"2.00000000","price":"1.78890000","timestamp":1622808576,"volume":"3.57780000","buyTxId":"acd18254b527f30063e6edad089db2bedb275a8d","sellTxId":"ddef2a8e075c3db3bb64c247f3a24a1e2e00f9e5"}
{"index": {"_index":"pob","_id":"1113668"}}
	{"id":1113668,"type":"buy","buyer":"scholaris","seller":"thisismylife","symbol":"POB","quantity":"1.70994950","price":"1.78900000","timestamp":1622808576,"volume":"3.05909966","buyTxId":"acd18254b527f30063e6edad089db2bedb275a8d","sellTxId":"5c71212d32e6120a4809f680ef2210cdf919451c"}
{"index": {"_index":"pob","_id":"1113669"}}
	{"id":1113669,"type":"buy","buyer":"scholaris","seller":"nickyhavey","symbol":"POB","quantity":"2.00000000","price":"1.79000000","timestamp":1622808576,"volume":"3.58000000","buyTxId":"acd18254b527f30063e6edad089db2bedb275a8d","sellTxId":"caef0d1a382f5767bfb4051d6689c907e66ef084"}
{"index": {"_index":"pob","_id":"1113670"}}
	{"id":1113670,"type":"buy","buyer":"scholaris","seller":"rital75","symbol":"POB","quantity":"10.00000000","price":"1.79760000","timestamp":1622808576,"volume":"17.97600000","buyTxId":"acd18254b527f30063e6edad089db2bedb275a8d","sellTxId":"41f26d9ae7bbd0645170c343a618b608c9a3e0cd"}
{"index": {"_index":"pob","_id":"1113671"}}
	{"id":1113671,"type":"buy","buyer":"scholaris","seller":"camerarules","symbol":"POB","quantity":"9.66177367","price":"1.80000000","timestamp":1622808576,"volume":"17.39119261","buyTxId":"acd18254b527f30063e6edad089db2bedb275a8d","sellTxId":"acb09ceea39d952097a5111dce9d09809da67f3d"}
{"index": {"_index":"pob","_id":"1113672"}}
	{"id":1113672,"type":"buy","buyer":"scholaris","seller":"nickyhavey","symbol":"POB","quantity":"5.00000000","price":"1.80000000","timestamp":1622808576,"volume":"9.00000000","buyTxId":"acd18254b527f30063e6edad089db2bedb275a8d","sellTxId":"8d5554b795109e6ca3068238fe63e6d86b0d8c7f"}
{"index": {"_index":"pob","_id":"1113673"}}
	{"id":1113673,"type":"buy","buyer":"scholaris","seller":"eirik","symbol":"POB","quantity":"1.95000000","price":"1.80000000","timestamp":1622808576,"volume":"3.51000000","buyTxId":"acd18254b527f30063e6edad089db2bedb275a8d","sellTxId":"dcc6faf7cecfa3801ee4037334db82b8ea419fdd"}
{"index": {"_index":"pob","_id":"1113674"}}
	{"id":1113674,"type":"buy","buyer":"scholaris","seller":"faireye","symbol":"POB","quantity":"84.41539380","price":"1.80000000","timestamp":1622808576,"volume":"151.94770884","buyTxId":"acd18254b527f30063e6edad089db2bedb275a8d","sellTxId":"f8d350f70bfd80d7179fd23111de4206a7d4b75b"}
{"index": {"_index":"pob","_id":"1113675"}}
	{"id":1113675,"type":"buy","buyer":"scholaris","seller":"thatgermandude","symbol":"POB","quantity":"10.00000000","price":"1.80000000","timestamp":1622808576,"volume":"18.00000000","buyTxId":"acd18254b527f30063e6edad089db2bedb275a8d","sellTxId":"7078add15caac6af94a9ff3a9f55dfd0281e5de9"}
{"index": {"_index":"pob","_id":"1113676"}}
	{"id":1113676,"type":"buy","buyer":"scholaris","seller":"nickyhavey","symbol":"POB","quantity":"5.00000000","price":"1.81000000","timestamp":1622808576,"volume":"9.05000000","buyTxId":"acd18254b527f30063e6edad089db2bedb275a8d","sellTxId":"6e1dafd9c0ceb47acf0c3178e291094ef0b1674f"}
{"index": {"_index":"pob","_id":"1113677"}}
	{"id":1113677,"type":"buy","buyer":"scholaris","seller":"nickyhavey","symbol":"POB","quantity":"5.00000000","price":"1.82000000","timestamp":1622808576,"volume":"9.10000000","buyTxId":"acd18254b527f30063e6edad089db2bedb275a8d","sellTxId":"0209d614cfe79e8661a00ca4f712e9b89625e694"}
{"index": {"_index":"pob","_id":"1113678"}}
	{"id":1113678,"type":"buy","buyer":"scholaris","seller":"nickyhavey","symbol":"POB","quantity":"5.00000000","price":"1.83000000","timestamp":1622808576,"volume":"9.15000000","buyTxId":"acd18254b527f30063e6edad089db2bedb275a8d","sellTxId":"577493320b7a4358c2fb3f6e72f4a3ea83c242a7"}
{"index": {"_index":"pob","_id":"1113679"}}
	{"id":1113679,"type":"buy","buyer":"scholaris","seller":"amigareaction","symbol":"POB","quantity":"0.50000000","price":"1.83955000","timestamp":1622808576,"volume":"0.91977500","buyTxId":"acd18254b527f30063e6edad089db2bedb275a8d","sellTxId":"591deb3593bbabd1827e72791cefc63d3fa1f6cd"}
{"index": {"_index":"pob","_id":"1113680"}}
	{"id":1113680,"type":"buy","buyer":"scholaris","seller":"nickyhavey","symbol":"POB","quantity":"10.46350879","price":"1.84000000","timestamp":1622808576,"volume":"19.25285617","buyTxId":"acd18254b527f30063e6edad089db2bedb275a8d","sellTxId":"bfd2d0c9567f2935b066a79c9ff22c1b589ce32c"}
{"index": {"_index":"pob","_id":"1113681"}}
	{"id":1113681,"type":"buy","buyer":"scholaris","seller":"kemmyb","symbol":"POB","quantity":"2.00000000","price":"1.85000000","timestamp":1622808576,"volume":"3.70000000","buyTxId":"acd18254b527f30063e6edad089db2bedb275a8d","sellTxId":"3428972dcb5850148819ebb2948131668fa27c56"}
{"index": {"_index":"pob","_id":"1113682"}}
	{"id":1113682,"type":"buy","buyer":"scholaris","seller":"nickyhavey","symbol":"POB","quantity":"5.00000000","price":"1.86000000","timestamp":1622808576,"volume":"9.30000000","buyTxId":"acd18254b527f30063e6edad089db2bedb275a8d","sellTxId":"077b0b1c2a4262c338993544e9a7a3d60760147a"}
{"index": {"_index":"pob","_id":"1113683"}}
	{"id":1113683,"type":"buy","buyer":"scholaris","seller":"nickyhavey","symbol":"POB","quantity":"5.00000000","price":"1.87000000","timestamp":1622808576,"volume":"9.35000000","buyTxId":"acd18254b527f30063e6edad089db2bedb275a8d","sellTxId":"1e2ca583bd70106d8bcc0feed1fb9450feeb7628"}
{"index": {"_index":"pob","_id":"1113684"}}
	{"id":1113684,"type":"buy","buyer":"scholaris","seller":"kemmyb","symbol":"POB","quantity":"3.00000000","price":"1.90000000","timestamp":1622808576,"volume":"5.70000000","buyTxId":"acd18254b527f30063e6edad089db2bedb275a8d","sellTxId":"726295ec9b09076eebaac7c62f9be1cca4062784"}
{"index": {"_index":"pob","_id":"1113685"}}
	{"id":1113685,"type":"buy","buyer":"scholaris","seller":"nickyhavey","symbol":"POB","quantity":"5.00000000","price":"1.90000000","timestamp":1622808576,"volume":"9.50000000","buyTxId":"acd18254b527f30063e6edad089db2bedb275a8d","sellTxId":"b075ed15a4414188fdb12ba61552cbc55133fa06"}
{"index": {"_index":"pob","_id":"1113686"}}
	{"id":1113686,"type":"buy","buyer":"scholaris","seller":"fredrikaa","symbol":"POB","quantity":"5.96164924","price":"1.94000000","timestamp":1622808576,"volume":"11.56559953","buyTxId":"acd18254b527f30063e6edad089db2bedb275a8d","sellTxId":"8c9a05a5d6cbbe94dd32c672e0cc105b105c15fd"}
{"index": {"_index":"pob","_id":"1113687"}}
	{"id":1113687,"type":"buy","buyer":"scholaris","seller":"schindmaehre","symbol":"POB","quantity":"2.14589247","price":"1.94000000","timestamp":1622808576,"volume":"4.16303139","buyTxId":"acd18254b527f30063e6edad089db2bedb275a8d","sellTxId":"5ab2956fdf2e48a5975825842f462387bce881f9"}
{"index": {"_index":"pob","_id":"1113688"}}
	{"id":1113688,"type":"buy","buyer":"scholaris","seller":"risingstargame","symbol":"POB","quantity":"1.50000000","price":"1.95000000","timestamp":1622808576,"volume":"2.92500000","buyTxId":"acd18254b527f30063e6edad089db2bedb275a8d","sellTxId":"25bd30b41a5b1147abc4a7ade1111eb25db3878d"}
{"index": {"_index":"pob","_id":"1113689"}}
	{"id":1113689,"type":"buy","buyer":"scholaris","seller":"nickyhavey","symbol":"POB","quantity":"9.45606120","price":"1.95000000","timestamp":1622808576,"volume":"18.43931934","buyTxId":"acd18254b527f30063e6edad089db2bedb275a8d","sellTxId":"382a1f2b06ad4b6537fdf3b3d0c8d98b0083dced"}
{"index": {"_index":"pob","_id":"1113690"}}
	{"id":1113690,"type":"buy","buyer":"scholaris","seller":"chekohler","symbol":"POB","quantity":"2.00000000","price":"1.98310000","timestamp":1622808576,"volume":"3.96620000","buyTxId":"acd18254b527f30063e6edad089db2bedb275a8d","sellTxId":"b4c2f3f22e382684b71b9b9cddae8583af934e71"}
{"index": {"_index":"pob","_id":"1113691"}}
	{"id":1113691,"type":"buy","buyer":"scholaris","seller":"no-advice","symbol":"POB","quantity":"40.00000000","price":"1.99000000","timestamp":1622808576,"volume":"79.60000000","buyTxId":"acd18254b527f30063e6edad089db2bedb275a8d","sellTxId":"2c1f74bb0e7cd065ed06e2179888f195fd132d8a"}
{"index": {"_index":"pob","_id":"1113692"}}
	{"id":1113692,"type":"buy","buyer":"scholaris","seller":"algotraderx","symbol":"POB","quantity":"1.00000000","price":"1.99989000","timestamp":1622808576,"volume":"1.99989000","buyTxId":"acd18254b527f30063e6edad089db2bedb275a8d","sellTxId":"30099448c68165c7a7a56d2acde6a483050aa3e4"}
{"index": {"_index":"pob","_id":"1113693"}}
	{"id":1113693,"type":"buy","buyer":"scholaris","seller":"kemmyb","symbol":"POB","quantity":"5.00000000","price":"2.00000000","timestamp":1622808576,"volume":"10.00000000","buyTxId":"acd18254b527f30063e6edad089db2bedb275a8d","sellTxId":"41c93cbfb37c8ff6131eb88501b6bdbda4235e2b"}
{"index": {"_index":"pob","_id":"1113694"}}
	{"id":1113694,"type":"buy","buyer":"scholaris","seller":"marvinix","symbol":"POB","quantity":"6.15397118","price":"2.00000000","timestamp":1622808576,"volume":"12.30794236","buyTxId":"acd18254b527f30063e6edad089db2bedb275a8d","sellTxId":"74bff017a84746d592e194b417434860793eb09d"}
{"index": {"_index":"pob","_id":"1113695"}}
	{"id":1113695,"type":"buy","buyer":"scholaris","seller":"antonym","symbol":"POB","quantity":"10.00000000","price":"2.00000000","timestamp":1622808576,"volume":"20.00000000","buyTxId":"acd18254b527f30063e6edad089db2bedb275a8d","sellTxId":"00947ac520f4debeafd4bd47301e76c1b6880b24"}
{"index": {"_index":"pob","_id":"1113696"}}
	{"id":1113696,"type":"buy","buyer":"scholaris","seller":"tgd-links","symbol":"POB","quantity":"10.00000000","price":"2.00000000","timestamp":1622808576,"volume":"20.00000000","buyTxId":"acd18254b527f30063e6edad089db2bedb275a8d","sellTxId":"17b7013b2fdd7b66dd07e3d9f72320ad8c442e82"}
{"index": {"_index":"pob","_id":"1113697"}}
	{"id":1113697,"type":"buy","buyer":"scholaris","seller":"eirik","symbol":"POB","quantity":"1.80000000","price":"2.00000000","timestamp":1622808576,"volume":"3.60000000","buyTxId":"acd18254b527f30063e6edad089db2bedb275a8d","sellTxId":"9a1ede17b79e86d58213b6d8b30d136cb793337e"}
{"index": {"_index":"pob","_id":"1113698"}}
	{"id":1113698,"type":"buy","buyer":"scholaris","seller":"revisesociology","symbol":"POB","quantity":"15.00000000","price":"2.05000000","timestamp":1622808576,"volume":"30.75000000","buyTxId":"acd18254b527f30063e6edad089db2bedb275a8d","sellTxId":"f3340e268997edad606558707ce96603cd3eea1a"}
{"index": {"_index":"pob","_id":"1113699"}}
	{"id":1113699,"type":"buy","buyer":"scholaris","seller":"cryptofiloz","symbol":"POB","quantity":"1.36755856","price":"2.19999501","timestamp":1622808576,"volume":"3.00862201","buyTxId":"acd18254b527f30063e6edad089db2bedb275a8d","sellTxId":"2ab69d2e4c87933d8a93b7e9001771e71600436e"}
{"index": {"_index":"pob","_id":"1113700"}}
	{"id":1113700,"type":"buy","buyer":"scholaris","seller":"charcoalbuffet","symbol":"POB","quantity":"5.60294591","price":"2.20000000","timestamp":1622808576,"volume":"12.32648100","buyTxId":"acd18254b527f30063e6edad089db2bedb275a8d","sellTxId":"17b8bb27c09624ae986afba7bae28ef03798eaf2"}
{"index": {"_index":"pob","_id":"1113701"}}
	{"id":1113701,"type":"buy","buyer":"scholaris","seller":"antonym","symbol":"POB","quantity":"1.99738511","price":"2.20000000","timestamp":1622808576,"volume":"4.39424725","buyTxId":"acd18254b527f30063e6edad089db2bedb275a8d","sellTxId":"d355355f7708ad6d7fec9f01e9fd7157ce454020"}
{"index": {"_index":"pob","_id":"1113713"}}
	{"id":1113713,"type":"sell","buyer":"gimme-your-coinz","seller":"ykretz","symbol":"POB","quantity":"1.80693394","price":"1.63122057","timestamp":1622809053,"volume":"2.94750781","buyTxId":"106741f21cd6aac52bbc1f095e226466951fc0db","sellTxId":"84d0341bb73cfa9a358dc456f4e8741c0d440f28"}
{"index": {"_index":"pob","_id":"1113727"}}
	{"id":1113727,"type":"sell","buyer":"freebornsociety","seller":"toofasteddie","symbol":"POB","quantity":"0.80491791","price":"1.63142068","timestamp":1622809551,"volume":"1.31315972","buyTxId":"MM-P-7510868-54486153-3-2-0","sellTxId":"ac5dc844e4a710d359ff0456229f78da670415c8"}
{"index": {"_index":"pob","_id":"1113736"}}
	{"id":1113736,"type":"sell","buyer":"gimme-your-coinz","seller":"stayten","symbol":"POB","quantity":"0.77054693","price":"1.63162085","timestamp":1622810280,"volume":"1.25724044","buyTxId":"7dfd461be9a851be9947c918a94b1788442c8c85","sellTxId":"0078c145b85bb7b40abc95fc2da07ab0adc30f50"}
{"index": {"_index":"pob","_id":"1113744"}}
	{"id":1113744,"type":"sell","buyer":"gimme-your-coinz","seller":"ftfund","symbol":"POB","quantity":"3.56019609","price":"1.63172092","timestamp":1622810532,"volume":"5.80924644","buyTxId":"ac848aeed91424b00bf93eb771e7919c25e99224","sellTxId":"159fad7ca63864fb7e540a8316f049ac3885b5a7"}
{"index": {"_index":"pob","_id":"1113761"}}
	{"id":1113761,"type":"sell","buyer":"gimme-your-coinz","seller":"acesontop","symbol":"POB","quantity":"16.68196270","price":"1.63172112","timestamp":1622811315,"volume":"27.22031086","buyTxId":"67fb9253ec6902bf7ce89ddba0346e8220e1c17f","sellTxId":"8c79cf1c602ee4a9dfe4843bd1827eae71c06145"}
{"index": {"_index":"pob","_id":"1113768"}}
	{"id":1113768,"type":"sell","buyer":"gimme-your-coinz","seller":"andy4475","symbol":"POB","quantity":"3.12687242","price":"1.63192130","timestamp":1622811924,"volume":"5.10280970","buyTxId":"4475bd154f4819b6fb4c788b8cadf69e56a7193d","sellTxId":"2855ae07abea36c4fe4857b0ff0afe8db3baade2"}
{"index": {"_index":"pob","_id":"1113824"}}
	{"id":1113824,"type":"sell","buyer":"gimme-your-coinz","seller":"matheusggr","symbol":"POB","quantity":"31.38391118","price":"1.63295004","timestamp":1622814705,"volume":"51.24835902","buyTxId":"dbd5fb8d00d29dfe97f915c0aaf2ac78184ca8d4","sellTxId":"b3c504bc7032987a510b96ff0e320836d876a588"}
{"index": {"_index":"pob","_id":"1113873"}}
	{"id":1113873,"type":"sell","buyer":"gimme-your-coinz","seller":"ironshield","symbol":"POB","quantity":"0.05800100","price":"1.63350041","timestamp":1622816424,"volume":"0.09474466","buyTxId":"51b41fd489ad8f35e5ad37cf6b2755971f719493","sellTxId":"97ce07390f93abc8f6724aa9aca4162cec303f2a"}
{"index": {"_index":"pob","_id":"1113880"}}
	{"id":1113880,"type":"sell","buyer":"solovey6o2","seller":"aliveprojects","symbol":"POB","quantity":"0.00026406","price":"1.63360045","timestamp":1622816571,"volume":"0.00043137","buyTxId":"93c3ed3c1f63f83c56f7adb1155795f2a210f8da","sellTxId":"9d411c1eb88033fd79f517b28f834ca58beb7cc6"}
{"index": {"_index":"pob","_id":"1113891"}}
	{"id":1113891,"type":"sell","buyer":"freebornsociety","seller":"rubenmedina182","symbol":"POB","quantity":"10.54864412","price":"1.63370048","timestamp":1622816742,"volume":"17.23332496","buyTxId":"MM-P-7513262-54488551-3-2-0","sellTxId":"243d57de66dd8c3a95f3dd9a3846e6961cfc6de0"}
{"index": {"_index":"pob","_id":"1113892"}}
	{"id":1113892,"type":"sell","buyer":"solovey6o2","seller":"rubenmedina182","symbol":"POB","quantity":"27.81066078","price":"1.63360049","timestamp":1622816742,"volume":"45.43150908","buyTxId":"67b6c755efc25b1f233e51f4dd606fd57fa696ee","sellTxId":"243d57de66dd8c3a95f3dd9a3846e6961cfc6de0"}
{"index": {"_index":"pob","_id":"1113899"}}
	{"id":1113899,"type":"sell","buyer":"gimme-your-coinz","seller":"esecholo","symbol":"POB","quantity":"0.00200000","price":"1.63370053","timestamp":1622816970,"volume":"0.00326740","buyTxId":"93ed5588967e0c835420454a0ec5f50d0c793d86","sellTxId":"8706ed087969fe9cab13c094259fd5ee92b05928"}
{"index": {"_index":"pob","_id":"1113901"}}
	{"id":1113901,"type":"sell","buyer":"gimme-your-coinz","seller":"flaxz","symbol":"POB","quantity":"1.8805775","price":"1.63370053","timestamp":1622817060,"volume":"3.07230046","buyTxId":"93ed5588967e0c835420454a0ec5f50d0c793d86","sellTxId":"ba69e8f38bdf55d68460768afe6f3e254521e11e"}
{"index": {"_index":"pob","_id":"1113907"}}
	{"id":1113907,"type":"sell","buyer":"gimme-your-coinz","seller":"patronpass","symbol":"POB","quantity":"13.00000000","price":"1.63370059","timestamp":1622817246,"volume":"21.23810767","buyTxId":"072e19d17bca6b05c942e6bd42904c7716f6ae27","sellTxId":"9f4e62a6449bc2f62092b84d94172ce33f71e9c1"}
{"index": {"_index":"pob","_id":"1113941"}}
	{"id":1113941,"type":"sell","buyer":"gimme-your-coinz","seller":"thelogicaldude","symbol":"POB","quantity":"66.00000000","price":"1.63370073","timestamp":1622817867,"volume":"107.82424818","buyTxId":"28bfcdc6b6df6aa1718edab2b1c1cc1a17b49576","sellTxId":"a51797f385978c426165780203754fc63cccb3cc"}
{"index": {"_index":"pob","_id":"1113942"}}
	{"id":1113942,"type":"sell","buyer":"anadolu","seller":"thelogicaldude","symbol":"POB","quantity":"20.00000000","price":"1.63340034","timestamp":1622817867,"volume":"32.66800680","buyTxId":"2eecbfafaf20b5516b144db7f2e56ac2a7894077","sellTxId":"a51797f385978c426165780203754fc63cccb3cc"}
{"index": {"_index":"pob","_id":"1113943"}}
	{"id":1113943,"type":"sell","buyer":"lallo","seller":"thelogicaldude","symbol":"POB","quantity":"1.25000000","price":"1.63300000","timestamp":1622817867,"volume":"2.04125000","buyTxId":"6946a230ebad02e6e5aaffbe60488674aa6fc2bf","sellTxId":"a51797f385978c426165780203754fc63cccb3cc"}
{"index": {"_index":"pob","_id":"1113944"}}
	{"id":1113944,"type":"sell","buyer":"rital75","seller":"thelogicaldude","symbol":"POB","quantity":"11.00000000","price":"1.63285000","timestamp":1622817867,"volume":"17.96135000","buyTxId":"15db84d6335243bdd250b22cf7cb0fee71cb6757","sellTxId":"a51797f385978c426165780203754fc63cccb3cc"}
{"index": {"_index":"pob","_id":"1113945"}}
	{"id":1113945,"type":"sell","buyer":"oivas","seller":"thelogicaldude","symbol":"POB","quantity":"1.64800000","price":"1.63253000","timestamp":1622817867,"volume":"2.69040944","buyTxId":"dfd5eb027df89185cccc51596e96f3d6fd21621c","sellTxId":"a51797f385978c426165780203754fc63cccb3cc"}
{"index": {"_index":"pob","_id":"1113946"}}
	{"id":1113946,"type":"sell","buyer":"mamolya","seller":"thelogicaldude","symbol":"POB","quantity":"2.02070036","price":"1.63072000","timestamp":1622817867,"volume":"3.29519649","buyTxId":"84cf60f00a4f9f1bf3eaf738218bb6461d54bbf9","sellTxId":"a51797f385978c426165780203754fc63cccb3cc"}
{"index": {"_index":"pob","_id":"1113947"}}
	{"id":1113947,"type":"sell","buyer":"miriannalis","seller":"thelogicaldude","symbol":"POB","quantity":"1.76131338","price":"1.63000000","timestamp":1622817867,"volume":"2.87094080","buyTxId":"a60e416aa4b90e5b8cabc848aa6c317aca5e7fcd","sellTxId":"a51797f385978c426165780203754fc63cccb3cc"}
{"index": {"_index":"pob","_id":"1113948"}}
	{"id":1113948,"type":"sell","buyer":"pandaparker","seller":"thelogicaldude","symbol":"POB","quantity":"0.00087018","price":"1.62120000","timestamp":1622817867,"volume":"0.00141074","buyTxId":"49cc8c9594c07d0db6acdeb19c9cc54b7e07188a","sellTxId":"a51797f385978c426165780203754fc63cccb3cc"}
{"index": {"_index":"pob","_id":"1113949"}}
	{"id":1113949,"type":"sell","buyer":"oivas","seller":"thelogicaldude","symbol":"POB","quantity":"3.00000000","price":"1.62119000","timestamp":1622817867,"volume":"4.86357000","buyTxId":"e0129646bb100435b08c3d6c61748bc49bab585a","sellTxId":"a51797f385978c426165780203754fc63cccb3cc"}
{"index": {"_index":"pob","_id":"1113950"}}
	{"id":1113950,"type":"sell","buyer":"pandaparker","seller":"thelogicaldude","symbol":"POB","quantity":"5.00000000","price":"1.62115000","timestamp":1622817867,"volume":"8.10575000","buyTxId":"e7a25e7289e35637bffb11377cb26b3f8007dc68","sellTxId":"a51797f385978c426165780203754fc63cccb3cc"}
{"index": {"_index":"pob","_id":"1113951"}}
	{"id":1113951,"type":"sell","buyer":"fenngen","seller":"thelogicaldude","symbol":"POB","quantity":"6.30000000","price":"1.62110048","timestamp":1622817867,"volume":"10.21293302","buyTxId":"c0968155ea6e54888ba486964a63d8ca8fb180f9","sellTxId":"a51797f385978c426165780203754fc63cccb3cc"}
{"index": {"_index":"pob","_id":"1113952"}}
	{"id":1113952,"type":"sell","buyer":"pandaparker","seller":"thelogicaldude","symbol":"POB","quantity":"5.00000000","price":"1.62105000","timestamp":1622817867,"volume":"8.10525000","buyTxId":"9ceef456ebb50e6083dcf7e938adedb337a8119c","sellTxId":"a51797f385978c426165780203754fc63cccb3cc"}
{"index": {"_index":"pob","_id":"1113953"}}
	{"id":1113953,"type":"sell","buyer":"pandaparker","seller":"thelogicaldude","symbol":"POB","quantity":"7.13922948","price":"1.62100000","timestamp":1622817867,"volume":"11.57269099","buyTxId":"40bb1c995f4e02de5f8720ae0ef13f39d33a8649","sellTxId":"a51797f385978c426165780203754fc63cccb3cc"}
{"index": {"_index":"pob","_id":"1114026"}}
	{"id":1114026,"type":"sell","buyer":"gimme-your-coinz","seller":"toofasteddie","symbol":"POB","quantity":"3.00000000","price":"1.63400120","timestamp":1622819538,"volume":"4.90200360","buyTxId":"e41cb5ab6b94340d8af6cb5aea18297a8be78cc7","sellTxId":"045ece1c93462d1dd0c6341719a74188b3c515d0"}
{"index": {"_index":"pob","_id":"1114037"}}
	{"id":1114037,"type":"sell","buyer":"gimme-your-coinz","seller":"darkflame","symbol":"POB","quantity":"10.97828736","price":"1.63410123","timestamp":1622819871,"volume":"17.93963288","buyTxId":"6e11c76e87efc9fd5cb15ca7e956d74d7644d2f1","sellTxId":"6af757d9c68b11bfa258c00729d4c4874c3674cd"}
{"index": {"_index":"pob","_id":"1114048"}}
	{"id":1114048,"type":"sell","buyer":"gimme-your-coinz","seller":"liaminit1","symbol":"POB","quantity":"8.96008112","price":"1.63420124","timestamp":1622820102,"volume":"14.64257568","buyTxId":"af9f6ba78c72871a8d44495543f3d8a7f3fdcb7d","sellTxId":"5f2a74ff48f565892f4ec1a37cf82ea7d2f8ae88"}
{"index": {"_index":"pob","_id":"1114051"}}
	{"id":1114051,"type":"sell","buyer":"solovey6o2","seller":"stayten","symbol":"POB","quantity":"0.74006251","price":"1.63420125","timestamp":1622820129,"volume":"1.20941108","buyTxId":"35a8de7b49bca489b6c69025a32bd6783dfdb74e","sellTxId":"5186c8c189f5515e7cdf2f31150c8fa9f3791cd6"}
{"index": {"_index":"pob","_id":"1114053"}}
	{"id":1114053,"type":"sell","buyer":"gimme-your-coinz","seller":"malgarise","symbol":"POB","quantity":"40.91551684","price":"1.63420130","timestamp":1622820336,"volume":"66.86419081","buyTxId":"6b0d04d7d8e86cf925277f79fbaed38cb5a11383","sellTxId":"0f62006dfe39516007e99cee4c5adbc9509ad1cc"}
{"index": {"_index":"pob","_id":"1114072"}}
	{"id":1114072,"type":"sell","buyer":"solovey6o2","seller":"sheila23","symbol":"POB","quantity":"77.08905015","price":"1.63420137","timestamp":1622820768,"volume":"125.97903137","buyTxId":"745528456b5d12dd1d386d2df4d23b61f0e932fd","sellTxId":"c94a89d1fd3535ba4d604c9ba97dccd0322ed5cd"}
{"index": {"_index":"pob","_id":"1114083"}}
	{"id":1114083,"type":"sell","buyer":"solovey6o2","seller":"hivecoffee","symbol":"POB","quantity":"21.41398026","price":"1.63430138","timestamp":1622821179,"volume":"34.99689749","buyTxId":"d1dad3606ed50a3cb73404ae0fd625c253f34ffc","sellTxId":"6e94a36ca216076c3ed0c76e08d217c9ac70f430"}
{"index": {"_index":"pob","_id":"1114088"}}
	{"id":1114088,"type":"sell","buyer":"solovey6o2","seller":"bitcoinflood","symbol":"POB","quantity":"28.12632396","price":"1.63430138","timestamp":1622821266,"volume":"45.96689006","buyTxId":"d1dad3606ed50a3cb73404ae0fd625c253f34ffc","sellTxId":"237fa6e796f059f99b0e5565c7d7a843d0eeb85a"}
{"index": {"_index":"pob","_id":"1114089"}}
	{"id":1114089,"type":"sell","buyer":"gimme-your-coinz","seller":"bitcoinflood","symbol":"POB","quantity":"7.58420162","price":"1.63420136","timestamp":1622821266,"volume":"12.39411260","buyTxId":"d0130f99b12e32cc1eaee4f69100c0cdc6e81bc2","sellTxId":"237fa6e796f059f99b0e5565c7d7a843d0eeb85a"}
{"index": {"_index":"pob","_id":"1114097"}}
	{"id":1114097,"type":"buy","buyer":"terminado","seller":"ctime","symbol":"POB","quantity":"5.00000000","price":"1.85944995","timestamp":1622821410,"volume":"9.29724975","buyTxId":"10e4a1b2af8aa69bb1df7d76c08d9f3da52bb7b4","sellTxId":"MM-P-7514796-54490090-3-22-0"}
{"index": {"_index":"pob","_id":"1114098"}}
	{"id":1114098,"type":"buy","buyer":"terminado","seller":"solovey6o2","symbol":"POB","quantity":"155.18034172","price":"1.85945995","timestamp":1622821410,"volume":"288.55163046","buyTxId":"10e4a1b2af8aa69bb1df7d76c08d9f3da52bb7b4","sellTxId":"2782d56f9b466a4a6b60ec15400042f161afb207"}
{"index": {"_index":"pob","_id":"1114099"}}
	{"id":1114099,"type":"buy","buyer":"terminado","seller":"freebornsociety","symbol":"POB","quantity":"35.00000000","price":"1.85945996","timestamp":1622821410,"volume":"65.08109860","buyTxId":"10e4a1b2af8aa69bb1df7d76c08d9f3da52bb7b4","sellTxId":"MM-P-7514757-54490051-3-2-1"}
{"index": {"_index":"pob","_id":"1114101"}}
	{"id":1114101,"type":"sell","buyer":"terminado","seller":"elgringoviejo","symbol":"POB","quantity":"1.58874660","price":"1.85946000","timestamp":1622821422,"volume":"2.95421075","buyTxId":"10e4a1b2af8aa69bb1df7d76c08d9f3da52bb7b4","sellTxId":"31e52beb3abc8e59a2d09c07285df65ae1a85d66"}
{"index": {"_index":"pob","_id":"1114106"}}
	{"id":1114106,"type":"sell","buyer":"terminado","seller":"pialejoana","symbol":"POB","quantity":"3.23091168","price":"1.85946000","timestamp":1622821608,"volume":"6.00775103","buyTxId":"10e4a1b2af8aa69bb1df7d76c08d9f3da52bb7b4","sellTxId":"c0992ff73a03db9c9bc7db23bed91affb99ac52b"}
{"index": {"_index":"pob","_id":"1114112"}}
	{"id":1114112,"type":"sell","buyer":"solovey6o2","seller":"nahueldare3627","symbol":"POB","quantity":"0.05313430","price":"1.63420137","timestamp":1622821788,"volume":"0.08683215","buyTxId":"a861bfca5423094d9086281945162417d0dc22c7","sellTxId":"e3c36bb1d20e280866fcaf9cbad257eac91a9ca1"}
{"index": {"_index":"pob","_id":"1114116"}}
	{"id":1114116,"type":"sell","buyer":"solovey6o2","seller":"pialejoana","symbol":"POB","quantity":"4.5","price":"1.63420137","timestamp":1622821833,"volume":"7.35390617","buyTxId":"a861bfca5423094d9086281945162417d0dc22c7","sellTxId":"4c961058bb2c254fcf6f708bbcdbd6cf2454c5eb"}
{"index": {"_index":"pob","_id":"1114144"}}
	{"id":1114144,"type":"sell","buyer":"solovey6o2","seller":"lunaticpandora","symbol":"POB","quantity":"109.36859294","price":"1.63440139","timestamp":1622822421,"volume":"178.75218032","buyTxId":"f2b629329e58f870a4ca9063e27b48d02bb28f8f","sellTxId":"00e81b68e5718f3533270bd8ea57ae7d843fe36d"}
{"index": {"_index":"pob","_id":"1114157"}}
	{"id":1114157,"type":"sell","buyer":"gimme-your-coinz","seller":"sayee","symbol":"POB","quantity":"1.08770575","price":"1.63460145","timestamp":1622822769,"volume":"1.77796540","buyTxId":"4a89f0e47f183a7f97e18263a9e14144977dca42","sellTxId":"f3ddf59f2a34890e087dbd900e31372c57171544"}
{"index": {"_index":"pob","_id":"1114165"}}
	{"id":1114165,"type":"sell","buyer":"solovey6o2","seller":"melbourneswest","symbol":"POB","quantity":"2.25556221","price":"1.63470155","timestamp":1622823204,"volume":"3.68717104","buyTxId":"c68edd99246b18534d457488b99533dd8cc7d913","sellTxId":"9b042ed37e877b6df5511c86909d611e068fdeb1"}
{"index": {"_index":"pob","_id":"1114189"}}
	{"id":1114189,"type":"sell","buyer":"freebornsociety","seller":"dwinblood","symbol":"POB","quantity":"24.46330790","price":"1.63510185","timestamp":1622824251,"volume":"40.00000000","buyTxId":"MM-P-7515753-54491049-3-2-0","sellTxId":"5089b393e574418ce281cf69e1ca2277c19c7341"}
{"index": {"_index":"pob","_id":"1114190"}}
	{"id":1114190,"type":"sell","buyer":"solovey6o2","seller":"dwinblood","symbol":"POB","quantity":"40.97838243","price":"1.63500185","timestamp":1622824251,"volume":"66.99973108","buyTxId":"4c866c19cab74fc9fb764ed9d968def2b006ebc7","sellTxId":"5089b393e574418ce281cf69e1ca2277c19c7341"}
{"index": {"_index":"pob","_id":"1114191"}}
	{"id":1114191,"type":"sell","buyer":"gimme-your-coinz","seller":"dwinblood","symbol":"POB","quantity":"0.55830967","price":"1.63500184","timestamp":1622824251,"volume":"0.91283734","buyTxId":"6d74d3cbe70322297911b074b1e4b1294a158952","sellTxId":"5089b393e574418ce281cf69e1ca2277c19c7341"}
{"index": {"_index":"pob","_id":"1114235"}}
	{"id":1114235,"type":"sell","buyer":"gimme-your-coinz","seller":"andr3apat1no","symbol":"POB","quantity":"0.84735474","price":"1.65900036","timestamp":1622826627,"volume":"1.40576182","buyTxId":"7adc4d8d7f40aee0560ac0f0d7461ccc32059c17","sellTxId":"ff816d96148eea8d987892ea2202cf05e87029ea"}
{"index": {"_index":"pob","_id":"1114238"}}
	{"id":1114238,"type":"sell","buyer":"gimme-your-coinz","seller":"deanlogic","symbol":"POB","quantity":"1.50000000","price":"1.65900038","timestamp":1622826693,"volume":"2.48850057","buyTxId":"7993d1e1f50c0e6ae7fefff7d4fbfde59f24e598","sellTxId":"fd226f6af23443db8b04fec1cd134aff3ba570b0"}
{"index": {"_index":"pob","_id":"1114239"}}
	{"id":1114239,"type":"sell","buyer":"gimme-your-coinz","seller":"definethedollar","symbol":"POB","quantity":"3.00000000","price":"1.65900038","timestamp":1622826702,"volume":"4.97700114","buyTxId":"7993d1e1f50c0e6ae7fefff7d4fbfde59f24e598","sellTxId":"aa6aa42a5c1bcdc9c87d5ae6cd72ebbfaefd3d96"}
{"index": {"_index":"pob","_id":"1114240"}}
	{"id":1114240,"type":"sell","buyer":"gimme-your-coinz","seller":"zaraell","symbol":"POB","quantity":"2.33019997","price":"1.65900040","timestamp":1622826792,"volume":"3.86580268","buyTxId":"569e8bb5381a6b7b2c60b2dab6b7073af6f37dde","sellTxId":"08ce0a1dece5323cd28fe486f2fca7a27ee7a81d"}
{"index": {"_index":"pob","_id":"1114262"}}
	{"id":1114262,"type":"sell","buyer":"solovey6o2","seller":"liaminit1","symbol":"POB","quantity":"2.45617190","price":"1.65900053","timestamp":1622827266,"volume":"4.07479048","buyTxId":"5c5318e224889c095d8be7300e78e7329bc13c8a","sellTxId":"57aa362617b4c14da85ec98edb68b3ca80bfb315"}
{"index": {"_index":"pob","_id":"1114278"}}
	{"id":1114278,"type":"buy","buyer":"pandaparker","seller":"ctime","symbol":"POB","quantity":"0.20054700","price":"1.74867988","timestamp":1622828040,"volume":"0.35069250","buyTxId":"454b08708c9b9143c9135dbaf228c080a3381147","sellTxId":"MM-P-7516990-54492287-3-22-0"}
{"index": {"_index":"pob","_id":"1114288"}}
	{"id":1114288,"type":"sell","buyer":"gimme-your-coinz","seller":"brofi-market","symbol":"POB","quantity":"10.53149338","price":"1.65921002","timestamp":1622828208,"volume":"17.47395934","buyTxId":"629902b052041b5b732a9d5e366f284cf8fe17d1","sellTxId":"c1a12028a62ccb1d37c76324e44bbd050eac8283"}
{"index": {"_index":"pob","_id":"1114298"}}
	{"id":1114298,"type":"sell","buyer":"gimme-your-coinz","seller":"ironshield","symbol":"POB","quantity":"12.85726571","price":"1.65921002","timestamp":1622828376,"volume":"21.33290410","buyTxId":"629902b052041b5b732a9d5e366f284cf8fe17d1","sellTxId":"b27773c117c1c43d94e5a104be86c7377fddc92e"}
{"index": {"_index":"pob","_id":"1114302"}}
	{"id":1114302,"type":"sell","buyer":"gimme-your-coinz","seller":"stayten","symbol":"POB","quantity":"2.25033779","price":"1.65931003","timestamp":1622828652,"volume":"3.73400807","buyTxId":"ffd442aa0e9aba998826664622eec77010b1c676","sellTxId":"f707774e51a1179a79ff8c30626c713266da51d4"}
{"index": {"_index":"pob","_id":"1114326"}}
	{"id":1114326,"type":"buy","buyer":"pandaparker","seller":"solovey6o2","symbol":"POB","quantity":"2.86019947","price":"1.74812982","timestamp":1622829627,"volume":"5","buyTxId":"55bb40fb2d3f5ab6eb9626191861cef73a017ca8","sellTxId":"0188669eec37d6ffca54c1c9c2a44cfa6ec84d0a"}
{"index": {"_index":"pob","_id":"1114327"}}
	{"id":1114327,"type":"buy","buyer":"pandaparker","seller":"freebornsociety","symbol":"POB","quantity":"5.00000000","price":"1.74802982","timestamp":1622829684,"volume":"8.74014910","buyTxId":"8b9e654b94a2251da97c178787b3437e7e97b599","sellTxId":"MM-P-7517550-54492847-3-2-1"}
{"index": {"_index":"pob","_id":"1114333"}}
	{"id":1114333,"type":"buy","buyer":"kabasakal","seller":"solovey6o2","symbol":"POB","quantity":"0.25390670","price":"1.74802981","timestamp":1622829744,"volume":"0.44383648","buyTxId":"eacace5491ba49179c530515c550be492a525291","sellTxId":"8e8bd851354d3ed53e4664b0affe7757deb46e64"}
{"index": {"_index":"pob","_id":"1114343"}}
	{"id":1114343,"type":"buy","buyer":"pandaparker","seller":"ctime","symbol":"POB","quantity":"2.50000000","price":"1.74801981","timestamp":1622829921,"volume":"4.37004953","buyTxId":"235e8b20eda4c5eb687ac59a3fa56c43a38ebdf4","sellTxId":"MM-P-7517589-54492886-3-22-0"}
{"index": {"_index":"pob","_id":"1114344"}}
	{"id":1114344,"type":"sell","buyer":"gimme-your-coinz","seller":"bearbear613","symbol":"POB","quantity":"0.67441986","price":"1.66021005","timestamp":1622829996,"volume":"1.11967863","buyTxId":"a434e33f9781ab78e5dc05688f4d5105483994c6","sellTxId":"addd7fd2fc628a80a83fd308703d7f981e2cca3b"}
{"index": {"_index":"pob","_id":"1114345"}}
	{"id":1114345,"type":"buy","buyer":"pandaparker","seller":"freebornsociety","symbol":"POB","quantity":"3.00000000","price":"1.74791981","timestamp":1622830011,"volume":"5.24375943","buyTxId":"0f6cc0a06ba41ab725aa22ccae277492c007fbe5","sellTxId":"MM-P-7517650-54492947-3-2-1"}
{"index": {"_index":"pob","_id":"1114359"}}
	{"id":1114359,"type":"sell","buyer":"gimme-your-coinz","seller":"themarkymark","symbol":"POB","quantity":"0.83534918","price":"1.66033001","timestamp":1622830266,"volume":"1.38695531","buyTxId":"fc11f756ea65e8b58f1ad6ff762d6ee14cd3c775","sellTxId":"46f6dee5c7ce08b303594ec20461e4fa84f0c0df"}
{"index": {"_index":"pob","_id":"1114361"}}
	{"id":1114361,"type":"buy","buyer":"cookaiss","seller":"freebornsociety","symbol":"POB","quantity":"10.00000000","price":"1.74780980","timestamp":1622830284,"volume":"17.47809800","buyTxId":"8b0359c4962a4ed576cf2784f4351f82e8d70b53","sellTxId":"MM-P-7517748-54493047-3-2-1"}
{"index": {"_index":"pob","_id":"1114373"}}
	{"id":1114373,"type":"buy","buyer":"pandaparker","seller":"ctime","symbol":"POB","quantity":"0.10359500","price":"1.74779979","timestamp":1622830494,"volume":"0.18106332","buyTxId":"154e65349beeeb536f7ccea34868883beba46e9f","sellTxId":"MM-P-7517787-54493086-3-22-0"}
{"index": {"_index":"pob","_id":"1114379"}}
	{"id":1114379,"type":"sell","buyer":"gimme-your-coinz","seller":"stayten","symbol":"POB","quantity":"0.73691474","price":"1.66046006","timestamp":1622830680,"volume":"1.22361749","buyTxId":"5888a068a089b72e8026fd8382a20dd68beac7ea","sellTxId":"b9999e6bd9787ed5731045cb8b0ef174c190c45b"}
{"index": {"_index":"pob","_id":"1114418"}}
	{"id":1114418,"type":"sell","buyer":"gimme-your-coinz","seller":"ahmetay","symbol":"POB","quantity":"0.03881395","price":"1.66106050","timestamp":1622832351,"volume":"0.06447232","buyTxId":"f878d64376080983ea088df8ff58a73998b17cdc","sellTxId":"6c8b80a2e5e7c6b5b4e98cd238da98d3c18d5ca0"}
{"index": {"_index":"pob","_id":"1114421"}}
	{"id":1114421,"type":"sell","buyer":"solovey6o2","seller":"yintercept","symbol":"POB","quantity":"0.83428922","price":"1.66106051","timestamp":1622832420,"volume":"1.38580488","buyTxId":"da366406463a66be0176da75c6fcbfbdd9ce49ec","sellTxId":"dfe980209563286e58c8850002e8bc1a6cac0203"}
{"index": {"_index":"pob","_id":"1114424"}}
	{"id":1114424,"type":"sell","buyer":"gimme-your-coinz","seller":"costanza","symbol":"POB","quantity":"2.79504740","price":"1.66106054","timestamp":1622832588,"volume":"4.64274294","buyTxId":"b5b38360faf89cb8a476f388f168c7c48eb71c3b","sellTxId":"3c5fe723c2bcbc53a21b79d586621e25da31ed9c"}
{"index": {"_index":"pob","_id":"1114459"}}
	{"id":1114459,"type":"sell","buyer":"gimme-your-coinz","seller":"gank","symbol":"POB","quantity":"8.92121153","price":"1.66136073","timestamp":1622833497,"volume":"14.82135050","buyTxId":"f0b3cd38989584e637e344694fbde4a1782ffb03","sellTxId":"cfc4a09aba6b4d8fc480d59d9133e67fb8e6509e"}
{"index": {"_index":"pob","_id":"1114460"}}
	{"id":1114460,"type":"sell","buyer":"solovey6o2","seller":"preddor95","symbol":"POB","quantity":"0.13878860","price":"1.66136074","timestamp":1622833533,"volume":"0.23057793","buyTxId":"d549d30b09231f5b5aa8786bfe5edafb3d2de729","sellTxId":"83e2d976742e4078fffbda03db3354bb405dfac5"}
{"index": {"_index":"pob","_id":"1114472"}}
	{"id":1114472,"type":"sell","buyer":"gimme-your-coinz","seller":"drunksamurai","symbol":"POB","quantity":"2.00000000","price":"1.66146079","timestamp":1622833791,"volume":"3.32292158","buyTxId":"a53667282466d13d558f1f7f8b439b227f67f908","sellTxId":"d64e1b092321bae77fe2931a5970461d3d19c561"}
{"index": {"_index":"pob","_id":"1114477"}}
	{"id":1114477,"type":"sell","buyer":"gimme-your-coinz","seller":"drunksamurai","symbol":"POB","quantity":"1.83967045","price":"1.66156084","timestamp":1622833941,"volume":"3.05672438","buyTxId":"464f965e7e929e1141214fea548023b5d13c844c","sellTxId":"0e807c7cb963f6432b8e671ef291e7a201499a03"}
{"index": {"_index":"pob","_id":"1114489"}}
	{"id":1114489,"type":"sell","buyer":"gimme-your-coinz","seller":"tfranzini","symbol":"POB","quantity":"6.442","price":"1.66176097","timestamp":1622834490,"volume":"10.70506417","buyTxId":"9e1e16e0ab85f9ef0b387a3ed18fae5426557f03","sellTxId":"1fe6c4aa3f80198a757a29a01617a2874ea737b9"}
{"index": {"_index":"pob","_id":"1114498"}}
	{"id":1114498,"type":"sell","buyer":"solovey6o2","seller":"coininstant","symbol":"POB","quantity":"1.20841913","price":"1.66186105","timestamp":1622834826,"volume":"2.00822468","buyTxId":"df4183750086d4f42d3c2d97f4bb614a5a312686","sellTxId":"5d5059c0bd8fd90dd4ad13c5c991fb6d448349ea"}
{"index": {"_index":"pob","_id":"1114506"}}
	{"id":1114506,"type":"sell","buyer":"gimme-your-coinz","seller":"valor2s","symbol":"POB","quantity":"3.50959236","price":"1.66206108","timestamp":1622835363,"volume":"5.83315687","buyTxId":"71baa4f9f1f4aafee3e24254dab697f9f4302a4e","sellTxId":"ee90e0a9d6a3b4f7f6019ed2b9c6900e55832475"}
{"index": {"_index":"pob","_id":"1114518"}}
	{"id":1114518,"type":"buy","buyer":"terminado","seller":"solovey6o2","symbol":"POB","quantity":"87.56300000","price":"1.73912992","timestamp":1622835711,"volume":"152.28343318","buyTxId":"f9fa788b5eef0d0e6015474bf51c4382a13b1ed3","sellTxId":"6347d7a2557145a2884726007a0a9463eea36854"}
{"index": {"_index":"pob","_id":"1114532"}}
	{"id":1114532,"type":"sell","buyer":"gimme-your-coinz","seller":"almor69","symbol":"POB","quantity":"0.59110666","price":"1.66236117","timestamp":1622836059,"volume":"0.98263276","buyTxId":"660a340cefe12c5ae1235aaf5633667789e5872a","sellTxId":"c334be7e0ff1de095d06501136d99f1c524faf66"}
{"index": {"_index":"pob","_id":"1114533"}}
	{"id":1114533,"type":"sell","buyer":"gimme-your-coinz","seller":"zartisht","symbol":"POB","quantity":"17.43978649","price":"1.66236117","timestamp":1622836062,"volume":"28.99122387","buyTxId":"660a340cefe12c5ae1235aaf5633667789e5872a","sellTxId":"ebea6637570da7ac076f57eb422910f8914a83e4"}
{"index": {"_index":"pob","_id":"1114551"}}
	{"id":1114551,"type":"sell","buyer":"gimme-your-coinz","seller":"junior182","symbol":"POB","quantity":"15.00000000","price":"1.66296138","timestamp":1622836956,"volume":"24.94442070","buyTxId":"48c28c042915b48e905282384385edc43ec5bbd4","sellTxId":"2cf0b71acc5af8428473c74377b6de0f515f60be"}
{"index": {"_index":"pob","_id":"1114566"}}
	{"id":1114566,"type":"sell","buyer":"gimme-your-coinz","seller":"tlundy47","symbol":"POB","quantity":"0.00017137","price":"1.66336148","timestamp":1622837559,"volume":"0.00028505","buyTxId":"2260dde4b68b9e8d44958dc8c92753e33895ded4","sellTxId":"e925458c1065363593f264f6701be15a1abcd8a2"}
{"index": {"_index":"pob","_id":"1114574"}}
	{"id":1114574,"type":"sell","buyer":"richardcrill","seller":"romirspc.tribe","symbol":"POB","quantity":"3.7","price":"1.66420008","timestamp":1622837892,"volume":"6.15754030","buyTxId":"MM-P-7520294-54495596-3-10-0","sellTxId":"7cc98706734c85879a70031207fcadf4de4cf4be"}
{"index": {"_index":"pob","_id":"1114581"}}
	{"id":1114581,"type":"sell","buyer":"gimme-your-coinz","seller":"stayten","symbol":"POB","quantity":"1.41810094","price":"1.66450023","timestamp":1622838381,"volume":"2.36042934","buyTxId":"d705f949cda556c5cf62de2662e5ff65b471aada","sellTxId":"092c3cd566aa05c04f9eb58295114bc7d5fe9a11"}
{"index": {"_index":"pob","_id":"1114591"}}
	{"id":1114591,"type":"sell","buyer":"gimme-your-coinz","seller":"paulmoon410","symbol":"POB","quantity":"0.17629704","price":"1.66510047","timestamp":1622839284,"volume":"0.29355228","buyTxId":"3f6e27cdeb70960f036418021a31c6fd8c029251","sellTxId":"fc480b710c1ad69866c535752c0feb80eb2be0c3"}
{"index": {"_index":"pob","_id":"1114620"}}
	{"id":1114620,"type":"sell","buyer":"gimme-your-coinz","seller":"x9ed1732b","symbol":"POB","quantity":"0.167","price":"1.66560068","timestamp":1622840016,"volume":"0.27815531","buyTxId":"072962d30ec7f158fc3f0ad582eb6922f436c95e","sellTxId":"2a67227b574228554bb9040806ae04d6433d76bf"}
{"index": {"_index":"pob","_id":"1114647"}}
	{"id":1114647,"type":"sell","buyer":"gimme-your-coinz","seller":"babytarazkp","symbol":"POB","quantity":"1.79770732","price":"1.66620091","timestamp":1622841012,"volume":"2.99534157","buyTxId":"ecaa5427048610e5667f9208c8c1a894d1a845cd","sellTxId":"6bfeac739222c0df46b385b5838d44528587bbe4"}
{"index": {"_index":"pob","_id":"1114650"}}
	{"id":1114650,"type":"sell","buyer":"gimme-your-coinz","seller":"tarazkp","symbol":"POB","quantity":"6.26421349","price":"1.66630092","timestamp":1622841099,"volume":"10.43806470","buyTxId":"cd666a2015d7a65e59d8672855f1de327c4083bd","sellTxId":"ccf333f24c0a91456a07ddd54571018c5c47a981"}
{"index": {"_index":"pob","_id":"1114655"}}
	{"id":1114655,"type":"sell","buyer":"gimme-your-coinz","seller":"derangedvisions","symbol":"POB","quantity":"17.76926469","price":"1.66640098","timestamp":1622841279,"volume":"29.61072009","buyTxId":"b3a698d50bb45d770d3176d9559c316715cdb730","sellTxId":"2f736d3422e80e3bd55e50d2920279d45d5dff7c"}
{"index": {"_index":"pob","_id":"1114656"}}
	{"id":1114656,"type":"sell","buyer":"solovey6o2","seller":"andy4475","symbol":"POB","quantity":"1.68312954","price":"1.66640099","timestamp":1622841300,"volume":"2.80476873","buyTxId":"8ff351a5acfae60541d4d2c172e30bb3cf06f65c","sellTxId":"3dd1fc0df98303b08efdece377689cc2afea6c6d"}
{"index": {"_index":"pob","_id":"1114657"}}
	{"id":1114657,"type":"sell","buyer":"freebornsociety","seller":"handtalk5","symbol":"POB","quantity":"0.80668327","price":"1.66650100","timestamp":1622841336,"volume":"1.34433848","buyTxId":"MM-P-7521442-54496745-3-2-0","sellTxId":"db0fbf36f5c1cab46d57a642e43a30347c104997"}
{"index": {"_index":"pob","_id":"1114670"}}
	{"id":1114670,"type":"sell","buyer":"gimme-your-coinz","seller":"slobberchops","symbol":"POB","quantity":"11.94517676","price":"1.66670110","timestamp":1622841732,"volume":"19.90903925","buyTxId":"f0e7c9a4f5d38ed7af4a7b58b73e525f528385ca","sellTxId":"1a46600baca0e2b9ddf08721390ac112c7e0e4fa"}
{"index": {"_index":"pob","_id":"1114689"}}
	{"id":1114689,"type":"sell","buyer":"freebornsociety","seller":"phoenixwren","symbol":"POB","quantity":"0.18652696","price":"1.66710125","timestamp":1622842236,"volume":"0.31095933","buyTxId":"MM-P-7521741-54497044-3-2-0","sellTxId":"34d6ffaf1795a42e92b13ad4faf48750cd22cdfd"}
{"index": {"_index":"pob","_id":"1114737"}}
	{"id":1114737,"type":"sell","buyer":"freebornsociety","seller":"vaketo","symbol":"POB","quantity":"3","price":"1.66770148","timestamp":1622843139,"volume":"5.00310444","buyTxId":"MM-P-7522038-54497343-3-2-0","sellTxId":"ff6d797ee77ba4da9da68b5953633d6092cc6217"}
{"index": {"_index":"pob","_id":"1114767"}}
	{"id":1114767,"type":"sell","buyer":"gimme-your-coinz","seller":"jonyoudyer","symbol":"POB","quantity":"13.63568597","price":"1.66870190","timestamp":1622844669,"volume":"22.75389509","buyTxId":"102982450714e31f81a452cfc82549977bade90d","sellTxId":"3f39149280137e430a16b1ab3efe6a877de00381"}
{"index": {"_index":"pob","_id":"1114779"}}
	{"id":1114779,"type":"buy","buyer":"offgridlife","seller":"solovey6o2","symbol":"POB","quantity":"2.50000000","price":"1.72489951","timestamp":1622845041,"volume":"4.31224878","buyTxId":"a38f0b4d65367caee157a568dac87b8f713f1e9c","sellTxId":"cea50e07eaf721b3837b841f0e256cdd0524aecc"}
{"index": {"_index":"pob","_id":"1114787"}}
	{"id":1114787,"type":"sell","buyer":"gimme-your-coinz","seller":"traciyork","symbol":"POB","quantity":"0.43744520","price":"1.66900209","timestamp":1622845227,"volume":"0.73009695","buyTxId":"e847b2aaeda070583b8c8618d7ce31e1f4cd8be7","sellTxId":"0abb5307d85ca12182bc44fc131c396134fae2e1"}
{"index": {"_index":"pob","_id":"1114813"}}
	{"id":1114813,"type":"sell","buyer":"solovey6o2","seller":"stayten","symbol":"POB","quantity":"0.69614909","price":"1.66910211","timestamp":1622845365,"volume":"1.16194391","buyTxId":"c40b18a5c114a64b44e857eb63db27ad15556858","sellTxId":"9c42d618e15e7f9bd5c0bee5b9a4081fabb939f3"}
{"index": {"_index":"pob","_id":"1114815"}}
	{"id":1114815,"type":"sell","buyer":"gimme-your-coinz","seller":"jlordc","symbol":"POB","quantity":"3.07545907","price":"1.66950225","timestamp":1622845857,"volume":"5.13448584","buyTxId":"c917b6c8ba04141a48014aeec021d7e339829168","sellTxId":"b43749e11f4091937f04d57a0ae505e1c8790989"}
{"index": {"_index":"pob","_id":"1114841"}}
	{"id":1114841,"type":"sell","buyer":"gimme-your-coinz","seller":"mawit07","symbol":"POB","quantity":"5.39515612","price":"1.67040258","timestamp":1622847249,"volume":"9.01208270","buyTxId":"f376f6c3c713c52c6ac0f1cfbb70fe470283b041","sellTxId":"3f63cae2217d49c091b342d4fea2ed1213e34219"}
{"index": {"_index":"pob","_id":"1114842"}}
	{"id":1114842,"type":"sell","buyer":"gimme-your-coinz","seller":"thegoliath","symbol":"POB","quantity":"5.36944302","price":"1.67040258","timestamp":1622847255,"volume":"8.96913147","buyTxId":"f376f6c3c713c52c6ac0f1cfbb70fe470283b041","sellTxId":"9896b975939fa1e9b029efe5228ed9f6c412fa4c"}
{"index": {"_index":"pob","_id":"1114844"}}
	{"id":1114844,"type":"sell","buyer":"gimme-your-coinz","seller":"tlundy47","symbol":"POB","quantity":"0.11093199","price":"1.67060267","timestamp":1622847510,"volume":"0.18532328","buyTxId":"c30edd5166fe39007e800b67850398958b115e7b","sellTxId":"b377f463aab93e0eb577dd5ad7fdff8c9382deaf"}
{"index": {"_index":"pob","_id":"1114848"}}
	{"id":1114848,"type":"buy","buyer":"shralve","seller":"freebornsociety","symbol":"POB","quantity":"10.00000000","price":"1.72379942","timestamp":1622847948,"volume":"17.23799420","buyTxId":"2858589118bd6d114806065d3d00f726fa407a04","sellTxId":"MM-P-7523634-54498942-3-2-1"}
{"index": {"_index":"pob","_id":"1114859"}}
	{"id":1114859,"type":"sell","buyer":"gimme-your-coinz","seller":"andy4475","symbol":"POB","quantity":"1.89718789","price":"1.67130301","timestamp":1622848632,"volume":"3.17077583","buyTxId":"5e0574e9879cbaf09075a47f9b1fd46a723ba592","sellTxId":"69c10252c534d866a05abb07f040c6a993975801"}
{"index": {"_index":"pob","_id":"1114889"}}
	{"id":1114889,"type":"sell","buyer":"gimme-your-coinz","seller":"jlufer","symbol":"POB","quantity":"4.63518124","price":"1.67220341","timestamp":1622849916,"volume":"7.75096588","buyTxId":"a7a720eca684b6b47aafea2e7b57f288caca74c7","sellTxId":"f296fbed6cfeea93abe7012328f52b0b2581bb55"}
{"index": {"_index":"pob","_id":"1114896"}}
	{"id":1114896,"type":"sell","buyer":"gimme-your-coinz","seller":"ahmetay","symbol":"POB","quantity":"0.07348717","price":"1.67250356","timestamp":1622850360,"volume":"0.12290755","buyTxId":"61bb516a1e7eaf4d8db8d10a5caaf23e4b4cb2b3","sellTxId":"e1e422e794a8a606e376f2b1eee57b92e774de30"}
{"index": {"_index":"pob","_id":"1114963"}}
	{"id":1114963,"type":"sell","buyer":"solovey6o2","seller":"cliffagreen","symbol":"POB","quantity":"0.09489501","price":"1.67310384","timestamp":1622851311,"volume":"0.15876921","buyTxId":"20795a2f271fda31bb907e5d08a49a3d898bf8b9","sellTxId":"d6a61e3cbb5075122bfd694a9b6f349fb1adcd27"}
{"index": {"_index":"pob","_id":"1114982"}}
	{"id":1114982,"type":"sell","buyer":"gimme-your-coinz","seller":"stayten","symbol":"POB","quantity":"0.70248472","price":"1.67340403","timestamp":1622851821,"volume":"1.17554076","buyTxId":"e0bc719281aeac1ea79b21366e8f0186f9d40a0d","sellTxId":"b594c66cc9a4a98366c69db4de1beb2e1093719b"}
{"index": {"_index":"pob","_id":"1114984"}}
	{"id":1114984,"type":"sell","buyer":"freebornsociety","seller":"fsc69","symbol":"POB","quantity":"0.30633759","price":"1.67370413","timestamp":1622852139,"volume":"0.51271849","buyTxId":"MM-P-7525028-54500340-3-2-0","sellTxId":"72c2c60610e179b685fd6f88471d0f6909ada56e"}
{"index": {"_index":"pob","_id":"1115006"}}
	{"id":1115006,"type":"sell","buyer":"gimme-your-coinz","seller":"hallmann","symbol":"POB","quantity":"4.26126968","price":"1.67430436","timestamp":1622853099,"volume":"7.13466240","buyTxId":"f6519ea36c3521689bfe2e70fb77e34e89962b96","sellTxId":"c43dfeafb18d9849d5148d8bb30cc9177ae8b4ba"}
{"index": {"_index":"pob","_id":"1115039"}}
	{"id":1115039,"type":"sell","buyer":"gimme-your-coinz","seller":"he-index","symbol":"POB","quantity":"0.03000000","price":"1.67510461","timestamp":1622854266,"volume":"0.05025314","buyTxId":"a4cc470b986bb6e0e6c0bbf9caf6fac6959a5ec3","sellTxId":"5237aecf222cbc18f449b4bcdcbe03d9742d8045"}
{"index": {"_index":"pob","_id":"1115053"}}
	{"id":1115053,"type":"sell","buyer":"gimme-your-coinz","seller":"coininstant","symbol":"POB","quantity":"1.68120171","price":"1.67520464","timestamp":1622854404,"volume":"2.81635691","buyTxId":"ee8683afa810cde3919f61130389bc6599b96089","sellTxId":"19b3583982cb98adf2184938c26e88dab10ab53c"}
{"index": {"_index":"pob","_id":"1115102"}}
	{"id":1115102,"type":"sell","buyer":"richardcrill","seller":"felipejoys","symbol":"POB","quantity":"6.10000000","price":"1.67580488","timestamp":1622855289,"volume":"10.22240977","buyTxId":"MM-P-7526079-54501391-3-10-0","sellTxId":"2982ca5b34de15fa184236d1b48d37c2b40a5061"}
{"index": {"_index":"pob","_id":"1115151"}}
	{"id":1115151,"type":"buy","buyer":"richardcrill","seller":"gubbatv","symbol":"POB","quantity":"11.17277809","price":"1.67631000","timestamp":1622856186,"volume":"18.72903964","buyTxId":"MM-P-7526378-54501691-3-10-0","sellTxId":"635205f818c01d4172fb829aea27d00e1a9fd43a"}
{"index": {"_index":"pob","_id":"1115166"}}
	{"id":1115166,"type":"sell","buyer":"gimme-your-coinz","seller":"stayten","symbol":"POB","quantity":"0.70110330","price":"1.67660518","timestamp":1622856513,"volume":"1.17547342","buyTxId":"c6aa7b40af38632e2b453f3583e5b09d60ade560","sellTxId":"2ab57f842b4920d750e6b5110eca017d766936ec"}
{"index": {"_index":"pob","_id":"1115181"}}
	{"id":1115181,"type":"sell","buyer":"gimme-your-coinz","seller":"fabian98","symbol":"POB","quantity":"7.20000000","price":"1.67730555","timestamp":1622857611,"volume":"12.07659996","buyTxId":"ba8d58610071dc51b3657a26b4e80d652fb21242","sellTxId":"aeeab1b6414ae7943ee2c610c75bd7b53b610293"}
{"index": {"_index":"pob","_id":"1115195"}}
	{"id":1115195,"type":"sell","buyer":"solovey6o2","seller":"jlordc","symbol":"POB","quantity":"1.16151052","price":"1.67750567","timestamp":1622858079,"volume":"1.94844048","buyTxId":"67175bbb73ae1adde9d35fc86c57f95155043b24","sellTxId":"32875a6403d407926885ffe76631a408cb87dbcf"}
{"index": {"_index":"pob","_id":"1115243"}}
	{"id":1115243,"type":"sell","buyer":"gimme-your-coinz","seller":"tlundy47","symbol":"POB","quantity":"0.00001644","price":"1.67841597","timestamp":1622859720,"volume":"0.00002759","buyTxId":"2456166de3fb250ac0699e47b00e6f07f8e5d3da","sellTxId":"f5123df0e7cc5a100d59f26562a5b2591c36eaf4"}
{"index": {"_index":"pob","_id":"1115246"}}
	{"id":1115246,"type":"buy","buyer":"richardcrill","seller":"scooter77","symbol":"POB","quantity":"20.00000000","price":"1.67842000","timestamp":1622859786,"volume":"33.56840000","buyTxId":"MM-P-7527572-54502890-3-10-0","sellTxId":"0a559a9df878e73f538c00c8c6fbe87e1fec9774"}
{"index": {"_index":"pob","_id":"1115259"}}
	{"id":1115259,"type":"sell","buyer":"solovey6o2","seller":"hranhuk","symbol":"POB","quantity":"93.85549899","price":"1.67862607","timestamp":1622860161,"volume":"157.54828742","buyTxId":"7e910ca7cfe8333e6d8570e28b0027af47568657","sellTxId":"829ecc70a680495b5f4b468895a929a11d6da2f1"}
{"index": {"_index":"pob","_id":"1115260"}}
	{"id":1115260,"type":"sell","buyer":"gimme-your-coinz","seller":"hranhuk","symbol":"POB","quantity":"48.14450101","price":"1.67862606","timestamp":1622860161,"volume":"80.81661404","buyTxId":"f1cf98c4ecf72e8ebd07058b0ee5da7a0d468a2d","sellTxId":"829ecc70a680495b5f4b468895a929a11d6da2f1"}
