{"index": {"_index":"pob","_id":"3610041"}}
	{"id":3610041,"type":"sell","buyer":"holovision.cash","seller":"tanzil2024","symbol":"POB","quantity":"9.95414334","price":"0.02800000","timestamp":1654400445,"volume":"0.27871601","buyTxId":"99fcca9c55fd72e6d433e6e436e9cb8d69a6e11b","sellTxId":"abe81fec7babd678b7e3b0ede7344abb20543654"}
{"index": {"_index":"pob","_id":"3610084"}}
	{"id":3610084,"type":"sell","buyer":"holovision.cash","seller":"dswap","symbol":"POB","quantity":"147","price":"0.02800000","timestamp":1654400967,"volume":"4.11600000","buyTxId":"99fcca9c55fd72e6d433e6e436e9cb8d69a6e11b","sellTxId":"670fee5aa10da8584d271328bc06676354832048"}
{"index": {"_index":"pob","_id":"3610223"}}
	{"id":3610223,"type":"sell","buyer":"holovision.cash","seller":"hiveupme","symbol":"POB","quantity":"5.40247555","price":"0.02800000","timestamp":1654401960,"volume":"0.15126932","buyTxId":"99fcca9c55fd72e6d433e6e436e9cb8d69a6e11b","sellTxId":"c5b7a38dba1e50095ab749b90ea5227cca940f28"}
{"index": {"_index":"pob","_id":"3610352"}}
	{"id":3610352,"type":"sell","buyer":"holovision.cash","seller":"thatcryptodave","symbol":"POB","quantity":"6.28931690","price":"0.02800000","timestamp":1654403748,"volume":"0.17610087","buyTxId":"99fcca9c55fd72e6d433e6e436e9cb8d69a6e11b","sellTxId":"cc6493d043c0e4324616607888dc5d95d1e12595"}
{"index": {"_index":"pob","_id":"3610478"}}
	{"id":3610478,"type":"sell","buyer":"holovision.cash","seller":"beemd","symbol":"POB","quantity":"16.77267664","price":"0.02800000","timestamp":1654405788,"volume":"0.46963495","buyTxId":"99fcca9c55fd72e6d433e6e436e9cb8d69a6e11b","sellTxId":"d9f9dfe5fbf739f90f169938f64c87f477dfcdb2"}
{"index": {"_index":"pob","_id":"3610517"}}
	{"id":3610517,"type":"sell","buyer":"holovision.cash","seller":"chireerocks","symbol":"POB","quantity":"3.58138757","price":"0.02800000","timestamp":1654406571,"volume":"0.10027885","buyTxId":"99fcca9c55fd72e6d433e6e436e9cb8d69a6e11b","sellTxId":"29c7e3a691dd96718ea5ecb06fcbd1b8e03e6260"}
{"index": {"_index":"pob","_id":"3610681"}}
	{"id":3610681,"type":"sell","buyer":"maarnio","seller":"ugochill","symbol":"POB","quantity":"0.16981042","price":"0.02720000","timestamp":1654409106,"volume":"0.00461884","buyTxId":"53262877254750cdcdf3378cea0179fe695d7f4b","sellTxId":"c70e1d451ed32baea12deae88d4fdc949dca4957"}
{"index": {"_index":"pob","_id":"3610714"}}
	{"id":3610714,"type":"buy","buyer":"holovision","seller":"chireerocks","symbol":"POB","quantity":"0.46192902","price":"0.02800000","timestamp":1654409853,"volume":"0.01293401","buyTxId":"5bde52031e6d75fbe88bb6d9fc74397790741c5a","sellTxId":"29c7e3a691dd96718ea5ecb06fcbd1b8e03e6260"}
{"index": {"_index":"pob","_id":"3610715"}}
	{"id":3610715,"type":"buy","buyer":"holovision","seller":"richardcrill","symbol":"POB","quantity":"250.00000000","price":"0.02930000","timestamp":1654409853,"volume":"7.32500000","buyTxId":"5bde52031e6d75fbe88bb6d9fc74397790741c5a","sellTxId":"MM-P-18000132-64990905-3-12-0"}
{"index": {"_index":"pob","_id":"3610726"}}
	{"id":3610726,"type":"buy","buyer":"holovision","seller":"onlydoge","symbol":"POB","quantity":"182.11820584","price":"0.02940000","timestamp":1654409904,"volume":"5.35427525","buyTxId":"fab39db8c6307b871f3863d3743cd712776aaf7d","sellTxId":"ab2e0ea1d4526dafb059eee3e419386e339b4e21"}
{"index": {"_index":"pob","_id":"3610729"}}
	{"id":3610729,"type":"sell","buyer":"holovision","seller":"frawdielp","symbol":"POB","quantity":"0.88179416","price":"0.02940000","timestamp":1654409967,"volume":"0.02592475","buyTxId":"fab39db8c6307b871f3863d3743cd712776aaf7d","sellTxId":"0f4c942e98116c2c2f3a18cb97992475d7397ff0"}
{"index": {"_index":"pob","_id":"3610730"}}
	{"id":3610730,"type":"sell","buyer":"holovision","seller":"frawdielp","symbol":"POB","quantity":"0.53807097","price":"0.02930000","timestamp":1654409967,"volume":"0.01576548","buyTxId":"5bde52031e6d75fbe88bb6d9fc74397790741c5a","sellTxId":"0f4c942e98116c2c2f3a18cb97992475d7397ff0"}
{"index": {"_index":"pob","_id":"3610733"}}
	{"id":3610733,"type":"buy","buyer":"holovision","seller":"joseph23","symbol":"POB","quantity":"57.00000000","price":"0.02999990","timestamp":1654409988,"volume":"1.70999430","buyTxId":"ddbab75bccb075296247c2e03393e13f16871303","sellTxId":"1985300d49a0fbf13fc98cb7f078d70eacf9b22c"}
{"index": {"_index":"pob","_id":"3610739"}}
	{"id":3610739,"type":"sell","buyer":"maarnio","seller":"itharagaian","symbol":"POB","quantity":"1.61000000","price":"0.02720000","timestamp":1654410096,"volume":"0.04379200","buyTxId":"53262877254750cdcdf3378cea0179fe695d7f4b","sellTxId":"2f249e8c2096a411a95245a94315c161d0569f51"}
{"index": {"_index":"pob","_id":"3610990"}}
	{"id":3610990,"type":"sell","buyer":"onlydoge","seller":"ricestrela","symbol":"POB","quantity":"4.64037930","price":"0.02730000","timestamp":1654413816,"volume":"0.12668235","buyTxId":"58fd93ecf257e211b9207748935f6d03ddf210b1","sellTxId":"e841db2d7f76e0b081e63a5d60f52aa3f55b74b0"}
{"index": {"_index":"pob","_id":"3611123"}}
	{"id":3611123,"type":"sell","buyer":"onlydoge","seller":"flipflopcrypto","symbol":"POB","quantity":"13.91421080","price":"0.02730000","timestamp":1654414635,"volume":"0.37985795","buyTxId":"58fd93ecf257e211b9207748935f6d03ddf210b1","sellTxId":"fee7e8ee3bfd5ecf5622a461d2e13311292178ef"}
{"index": {"_index":"pob","_id":"3611668"}}
	{"id":3611668,"type":"sell","buyer":"onlydoge","seller":"lightpen","symbol":"POB","quantity":"90.00000000","price":"0.02730000","timestamp":1654422051,"volume":"2.45700000","buyTxId":"58fd93ecf257e211b9207748935f6d03ddf210b1","sellTxId":"1edcd611034cafa37d2c6dbe6227c0fa22ab36c3"}
{"index": {"_index":"pob","_id":"3611890"}}
	{"id":3611890,"type":"sell","buyer":"onlydoge","seller":"beemd","symbol":"POB","quantity":"5.35619992","price":"0.02730000","timestamp":1654424154,"volume":"0.14622426","buyTxId":"58fd93ecf257e211b9207748935f6d03ddf210b1","sellTxId":"11dc674d5a8256f60ae54524b5e1aec6720f84ef"}
{"index": {"_index":"pob","_id":"3612088"}}
	{"id":3612088,"type":"sell","buyer":"onlydoge","seller":"firstborn.pob","symbol":"POB","quantity":"0.70225494","price":"0.02730000","timestamp":1654427025,"volume":"0.01917156","buyTxId":"58fd93ecf257e211b9207748935f6d03ddf210b1","sellTxId":"2ee8f1395509f23940955eec33c92a283982690c"}
{"index": {"_index":"pob","_id":"3612098"}}
	{"id":3612098,"type":"sell","buyer":"onlydoge","seller":"damla","symbol":"POB","quantity":"0.45850485","price":"0.02730000","timestamp":1654427169,"volume":"0.01251718","buyTxId":"58fd93ecf257e211b9207748935f6d03ddf210b1","sellTxId":"fee5a18ea6ec42689139fa1e900fa680f47c02e5"}
{"index": {"_index":"pob","_id":"3612139"}}
	{"id":3612139,"type":"sell","buyer":"onlydoge","seller":"elricmoonslayer","symbol":"POB","quantity":"73.00260046","price":"0.02730000","timestamp":1654428126,"volume":"1.99297099","buyTxId":"58fd93ecf257e211b9207748935f6d03ddf210b1","sellTxId":"56c2d9f00dbfa660a61af9319ed423c9b5e0c02b"}
{"index": {"_index":"pob","_id":"3612181"}}
	{"id":3612181,"type":"sell","buyer":"onlydoge","seller":"twoitguys","symbol":"POB","quantity":"18.14494744","price":"0.02730000","timestamp":1654428885,"volume":"0.49535707","buyTxId":"58fd93ecf257e211b9207748935f6d03ddf210b1","sellTxId":"e088da3952095879731b0f099b5d3846dc39184c"}
{"index": {"_index":"pob","_id":"3612198"}}
	{"id":3612198,"type":"sell","buyer":"onlydoge","seller":"mypathtofire","symbol":"POB","quantity":"3.60279942","price":"0.02730000","timestamp":1654429095,"volume":"0.09835642","buyTxId":"58fd93ecf257e211b9207748935f6d03ddf210b1","sellTxId":"335725b1ae13559099f5c677c699ef264b354e88"}
{"index": {"_index":"pob","_id":"3612314"}}
	{"id":3612314,"type":"sell","buyer":"onlydoge","seller":"justinparke","symbol":"POB","quantity":"24.17048279","price":"0.02730000","timestamp":1654430886,"volume":"0.65985418","buyTxId":"58fd93ecf257e211b9207748935f6d03ddf210b1","sellTxId":"1ee0446c458e62bca64107e42848d3797912dccc"}
{"index": {"_index":"pob","_id":"3612368"}}
	{"id":3612368,"type":"buy","buyer":"frawdielp","seller":"erikah","symbol":"POB","quantity":"25.12466376","price":"0.03009800","timestamp":1654431423,"volume":"0.75620213","buyTxId":"f9696e31ab0fe59cc3cbd2a21dc1b04ecfe573fe","sellTxId":"7b889b8d2f1d27f9345d55481a7e9ad6f34f9da8"}
{"index": {"_index":"pob","_id":"3612369"}}
	{"id":3612369,"type":"buy","buyer":"frawdielp","seller":"liotes.voter","symbol":"POB","quantity":"11.54411721","price":"0.03009900","timestamp":1654431423,"volume":"0.34746638","buyTxId":"f9696e31ab0fe59cc3cbd2a21dc1b04ecfe573fe","sellTxId":"2f4ab0478fdb542ab86a28e02e90bda3da5a5c06"}
{"index": {"_index":"pob","_id":"3612370"}}
	{"id":3612370,"type":"buy","buyer":"frawdielp","seller":"onlydoge","symbol":"POB","quantity":"18.55459009","price":"0.03010000","timestamp":1654431423,"volume":"0.55849316","buyTxId":"f9696e31ab0fe59cc3cbd2a21dc1b04ecfe573fe","sellTxId":"198eb829cfcd400d8b531af80732dff71893f31f"}
{"index": {"_index":"pob","_id":"3612429"}}
	{"id":3612429,"type":"buy","buyer":"frawdielp","seller":"onlydoge","symbol":"POB","quantity":"215.43778983","price":"0.03010000","timestamp":1654432257,"volume":"6.48467747","buyTxId":"89d1f17c0497a9014aafd9000c1c41c7a173ff97","sellTxId":"050843661694cc2d24d6075fccb0770079cddb93"}
{"index": {"_index":"pob","_id":"3612521"}}
	{"id":3612521,"type":"sell","buyer":"onlydoge","seller":"yeckingo1","symbol":"POB","quantity":"7.24822522","price":"0.02730000","timestamp":1654433706,"volume":"0.19787655","buyTxId":"58fd93ecf257e211b9207748935f6d03ddf210b1","sellTxId":"b5b6d64ffef3e95312e7263c71e18be9eac83a24"}
{"index": {"_index":"pob","_id":"3612572"}}
	{"id":3612572,"type":"sell","buyer":"onlydoge","seller":"peerfinance","symbol":"POB","quantity":"0.81700000","price":"0.02730000","timestamp":1654434483,"volume":"0.02230410","buyTxId":"58fd93ecf257e211b9207748935f6d03ddf210b1","sellTxId":"7bed95b9d7708d693102baba2edf855e50e9867a"}
{"index": {"_index":"pob","_id":"3612625"}}
	{"id":3612625,"type":"buy","buyer":"pjansen","seller":"richardcrill","symbol":"POB","quantity":"115.81939799","price":"0.02990000","timestamp":1654435374,"volume":"3.4630","buyTxId":"c5a41ae3dd54848982cc001e1f3b1b8dcc353af8","sellTxId":"MM-P-18009510-65000286-3-12-0"}
{"index": {"_index":"pob","_id":"3612687"}}
	{"id":3612687,"type":"sell","buyer":"onlydoge","seller":"pixelfan","symbol":"POB","quantity":"307.39279485","price":"0.02730000","timestamp":1654436484,"volume":"8.39182330","buyTxId":"58fd93ecf257e211b9207748935f6d03ddf210b1","sellTxId":"674138209a926a5a2f33fc853ee1bd1f421cadfb"}
{"index": {"_index":"pob","_id":"3612692"}}
	{"id":3612692,"type":"sell","buyer":"maarnio","seller":"pixelfan","symbol":"POB","quantity":"17.28731442","price":"0.02720000","timestamp":1654436601,"volume":"0.47021495","buyTxId":"53262877254750cdcdf3378cea0179fe695d7f4b","sellTxId":"938f23c189bfdfc81ae06c059d6a1c9b78fe36cf"}
{"index": {"_index":"pob","_id":"3612772"}}
	{"id":3612772,"type":"buy","buyer":"bionicpainter","seller":"richardcrill","symbol":"POB","quantity":"152.09658700","price":"0.02970000","timestamp":1654438050,"volume":"4.51726863","buyTxId":"6b7470940c42d394a01080fce30b036ba9b51384","sellTxId":"MM-P-18010309-65001087-3-12-0"}
{"index": {"_index":"pob","_id":"3612830"}}
	{"id":3612830,"type":"sell","buyer":"maarnio","seller":"dsc-r2cornell","symbol":"POB","quantity":"0.26986926","price":"0.02720000","timestamp":1654438656,"volume":"0.00734044","buyTxId":"53262877254750cdcdf3378cea0179fe695d7f4b","sellTxId":"096fcf927d1deafea026628aa6d624432b0253ed"}
{"index": {"_index":"pob","_id":"3612836"}}
	{"id":3612836,"type":"sell","buyer":"maarnio","seller":"soulsdetour","symbol":"POB","quantity":"114.51115152","price":"0.02720000","timestamp":1654438761,"volume":"3.11470332","buyTxId":"53262877254750cdcdf3378cea0179fe695d7f4b","sellTxId":"67e9f188dde37b76c33543b9aa2041a009db4e91"}
{"index": {"_index":"pob","_id":"3612932"}}
	{"id":3612932,"type":"sell","buyer":"maarnio","seller":"hiroshige","symbol":"POB","quantity":"6.76433519","price":"0.02720000","timestamp":1654439883,"volume":"0.18398992","buyTxId":"53262877254750cdcdf3378cea0179fe695d7f4b","sellTxId":"067bdbb1843209bc8e31cc35fac9dd66eeb221d5"}
{"index": {"_index":"pob","_id":"3612943"}}
	{"id":3612943,"type":"sell","buyer":"maarnio","seller":"srleorio","symbol":"POB","quantity":"91.85861590","price":"0.02720000","timestamp":1654440072,"volume":"2.49855435","buyTxId":"53262877254750cdcdf3378cea0179fe695d7f4b","sellTxId":"72244d8e81211d6841784458b33898ed51e97d94"}
{"index": {"_index":"pob","_id":"3612966"}}
	{"id":3612966,"type":"sell","buyer":"maarnio","seller":"bilpcoinbpc","symbol":"POB","quantity":"0.46793286","price":"0.02720000","timestamp":1654440276,"volume":"0.01272777","buyTxId":"53262877254750cdcdf3378cea0179fe695d7f4b","sellTxId":"55af191f82f227fbc2566a91b388447a783fea50"}
{"index": {"_index":"pob","_id":"3613295"}}
	{"id":3613295,"type":"sell","buyer":"maarnio","seller":"underlock","symbol":"POB","quantity":"34.33234018","price":"0.02720000","timestamp":1654443324,"volume":"0.93383965","buyTxId":"53262877254750cdcdf3378cea0179fe695d7f4b","sellTxId":"170188f49896dfbb21f5ca87b2df59d8b673a3a5"}
{"index": {"_index":"pob","_id":"3613385"}}
	{"id":3613385,"type":"sell","buyer":"maarnio","seller":"ua-promoter","symbol":"POB","quantity":"8.05289214","price":"0.02720000","timestamp":1654444191,"volume":"0.21903867","buyTxId":"53262877254750cdcdf3378cea0179fe695d7f4b","sellTxId":"9143d16c52cf5d9f92bca363eee1df002356c4e7"}
{"index": {"_index":"pob","_id":"3613533"}}
	{"id":3613533,"type":"sell","buyer":"maarnio","seller":"jersteemit","symbol":"POB","quantity":"7.10836285","price":"0.02720000","timestamp":1654445970,"volume":"0.19334747","buyTxId":"53262877254750cdcdf3378cea0179fe695d7f4b","sellTxId":"7e466e46f25de9fa924eb33e84a4376fa172d47f"}
{"index": {"_index":"pob","_id":"3613565"}}
	{"id":3613565,"type":"sell","buyer":"maarnio","seller":"greengalletti","symbol":"POB","quantity":"8.99441751","price":"0.02720000","timestamp":1654446291,"volume":"0.24464816","buyTxId":"53262877254750cdcdf3378cea0179fe695d7f4b","sellTxId":"888012d1f295aacbf37b748ffd78f74d55c1b56a"}
{"index": {"_index":"pob","_id":"3613718"}}
	{"id":3613718,"type":"sell","buyer":"maarnio","seller":"lordneroo","symbol":"POB","quantity":"92.27116391","price":"0.02720000","timestamp":1654447596,"volume":"2.50977566","buyTxId":"53262877254750cdcdf3378cea0179fe695d7f4b","sellTxId":"7a2c15cdd6aa939c5a1ed73be710ba1dff69d125"}
{"index": {"_index":"pob","_id":"3613989"}}
	{"id":3613989,"type":"sell","buyer":"maarnio","seller":"beemd","symbol":"POB","quantity":"10.48769535","price":"0.02720000","timestamp":1654450503,"volume":"0.28526531","buyTxId":"53262877254750cdcdf3378cea0179fe695d7f4b","sellTxId":"2b5b4b37ae1d83744584b47ec5fb98ba6f1d7d52"}
{"index": {"_index":"pob","_id":"3613991"}}
	{"id":3613991,"type":"buy","buyer":"frawdielp","seller":"beemd","symbol":"POB","quantity":"9.40718986","price":"0.02720000","timestamp":1654450527,"volume":"0.25587556","buyTxId":"bb9423702b890b0e03e018e57f38cc6a4dcfaccb","sellTxId":"2b5b4b37ae1d83744584b47ec5fb98ba6f1d7d52"}
{"index": {"_index":"pob","_id":"3614203"}}
	{"id":3614203,"type":"sell","buyer":"maarnio","seller":"captainquack22","symbol":"POB","quantity":"6.44","price":"0.02544000","timestamp":1654452426,"volume":"0.16383360","buyTxId":"0b158cb49431ed8d33ca9f2d33cae2a43d151307","sellTxId":"1ddb4bf9ed7f3a37cbd1f175f21df14ad7d87842"}
{"index": {"_index":"pob","_id":"3614266"}}
	{"id":3614266,"type":"sell","buyer":"richardcrill","seller":"laritheghost","symbol":"POB","quantity":"0.43620924","price":"0.02554000","timestamp":1654453212,"volume":"0.01114078","buyTxId":"MM-P-18015493-65006273-3-12-0","sellTxId":"92e19e66db3ee8d77f47132eafd97fb4aad030e4"}
{"index": {"_index":"pob","_id":"3614284"}}
	{"id":3614284,"type":"sell","buyer":"richardcrill","seller":"theia7","symbol":"POB","quantity":"0.50377550","price":"0.02554000","timestamp":1654453338,"volume":"0.01286643","buyTxId":"MM-P-18015493-65006273-3-12-0","sellTxId":"ab7a780e8bff1997d37e02312e4fab8bfe1f3ce3"}
{"index": {"_index":"pob","_id":"3614302"}}
	{"id":3614302,"type":"sell","buyer":"richardcrill","seller":"denmarkguy","symbol":"POB","quantity":"1.96366573","price":"0.02554000","timestamp":1654453482,"volume":"0.05015202","buyTxId":"MM-P-18015493-65006273-3-12-0","sellTxId":"6862c7795cd416c32bb5586824e1f6dfa63fb7ae"}
{"index": {"_index":"pob","_id":"3614359"}}
	{"id":3614359,"type":"sell","buyer":"coffeebuds","seller":"reddragonfly","symbol":"POB","quantity":"2.49170145","price":"0.02566000","timestamp":1654454037,"volume":"0.06393706","buyTxId":"MM-P-18015793-65006573-3-25-0","sellTxId":"a6d2222fd36fd48c31f6c1e3aa319dc4839bd27c"}
{"index": {"_index":"pob","_id":"3614502"}}
	{"id":3614502,"type":"sell","buyer":"coffeebuds","seller":"whitelightxpress","symbol":"POB","quantity":"1.59289520","price":"0.02621000","timestamp":1654455570,"volume":"0.04174978","buyTxId":"MM-P-18016291-65007071-3-25-0","sellTxId":"9d22bc05bcc4d146f2fa0b988d8b7d2abfce7877"}
{"index": {"_index":"pob","_id":"3614780"}}
	{"id":3614780,"type":"sell","buyer":"opidia","seller":"meesterboom","symbol":"POB","quantity":"68.03444045","price":"0.02800000","timestamp":1654458486,"volume":"1.90496433","buyTxId":"b27a8ca800ce7622e12443d5490e0f9274a00041","sellTxId":"257013d397a1a140de4c8dd67608f003b15bda26"}
{"index": {"_index":"pob","_id":"3615117"}}
	{"id":3615117,"type":"sell","buyer":"opidia","seller":"deathwing","symbol":"POB","quantity":"0.026","price":"0.02800000","timestamp":1654462506,"volume":"0.00072800","buyTxId":"b27a8ca800ce7622e12443d5490e0f9274a00041","sellTxId":"58aba6905448aeb963ec2374416d1a716a635664-0"}
{"index": {"_index":"pob","_id":"3615157"}}
	{"id":3615157,"type":"sell","buyer":"opidia","seller":"thisismylife","symbol":"POB","quantity":"75.52358761","price":"0.02800000","timestamp":1654463007,"volume":"2.11466045","buyTxId":"b27a8ca800ce7622e12443d5490e0f9274a00041","sellTxId":"777ade9cf88e8f3a8abc31431c39fc0764f5648b"}
{"index": {"_index":"pob","_id":"3615398"}}
	{"id":3615398,"type":"sell","buyer":"opidia","seller":"andy4475","symbol":"POB","quantity":"21.47759177","price":"0.02800000","timestamp":1654465515,"volume":"0.60137257","buyTxId":"b27a8ca800ce7622e12443d5490e0f9274a00041","sellTxId":"79e997b7fc5b98c5f79fc9a46be86292765bc97b"}
{"index": {"_index":"pob","_id":"3615437"}}
	{"id":3615437,"type":"sell","buyer":"opidia","seller":"nrg","symbol":"POB","quantity":"116.64347227","price":"0.02800000","timestamp":1654465797,"volume":"3.26601722","buyTxId":"b27a8ca800ce7622e12443d5490e0f9274a00041","sellTxId":"d6778c92471cfdb6eb9da039af5e15ab1ff65a11-13"}
{"index": {"_index":"pob","_id":"3615523"}}
	{"id":3615523,"type":"sell","buyer":"opidia","seller":"elevator09","symbol":"POB","quantity":"1.34099339","price":"0.02800000","timestamp":1654466520,"volume":"0.03754781","buyTxId":"b27a8ca800ce7622e12443d5490e0f9274a00041","sellTxId":"fab08db8825640add3c6ae7820de07cb6c5901b1"}
{"index": {"_index":"pob","_id":"3615528"}}
	{"id":3615528,"type":"sell","buyer":"opidia","seller":"he-index","symbol":"POB","quantity":"0.11300000","price":"0.02800000","timestamp":1654466532,"volume":"0.00316400","buyTxId":"b27a8ca800ce7622e12443d5490e0f9274a00041","sellTxId":"24c98139645ce9f846d07e8bf3c91190535b1d26"}
{"index": {"_index":"pob","_id":"3616039"}}
	{"id":3616039,"type":"sell","buyer":"opidia","seller":"andy4475","symbol":"POB","quantity":"75.80178641","price":"0.02800000","timestamp":1654473510,"volume":"2.12245002","buyTxId":"b27a8ca800ce7622e12443d5490e0f9274a00041","sellTxId":"89c417f5404666589cb32cea7e953b26b959a294"}
{"index": {"_index":"pob","_id":"3616059"}}
	{"id":3616059,"type":"sell","buyer":"opidia","seller":"thranax","symbol":"POB","quantity":"4.92459809","price":"0.02800000","timestamp":1654473900,"volume":"0.13788875","buyTxId":"b27a8ca800ce7622e12443d5490e0f9274a00041","sellTxId":"18f0a53762d194b411986e1db6336dfc1ecae711"}
{"index": {"_index":"pob","_id":"3616110"}}
	{"id":3616110,"type":"sell","buyer":"opidia","seller":"hive-data","symbol":"POB","quantity":"11.87147863","price":"0.02800000","timestamp":1654474368,"volume":"0.33240140","buyTxId":"b27a8ca800ce7622e12443d5490e0f9274a00041","sellTxId":"45ab72f926969ca03806d902e742b4e8ea9bc698"}
{"index": {"_index":"pob","_id":"3616509"}}
	{"id":3616509,"type":"sell","buyer":"opidia","seller":"hivediver","symbol":"POB","quantity":"0.01274318","price":"0.02800000","timestamp":1654479138,"volume":"0.00035681","buyTxId":"b27a8ca800ce7622e12443d5490e0f9274a00041","sellTxId":"e4aced7dfb5dfc750f3a2cf546ea4eb079fd194e"}
{"index": {"_index":"pob","_id":"3616644"}}
	{"id":3616644,"type":"sell","buyer":"opidia","seller":"buezor","symbol":"POB","quantity":"1.55377328","price":"0.02800000","timestamp":1654480905,"volume":"0.04350565","buyTxId":"b27a8ca800ce7622e12443d5490e0f9274a00041","sellTxId":"ac7a2b85462d03969163e361364922c4bed71c6a"}
{"index": {"_index":"pob","_id":"3616662"}}
	{"id":3616662,"type":"sell","buyer":"opidia","seller":"chireerocks","symbol":"POB","quantity":"4.94538863","price":"0.02800000","timestamp":1654481121,"volume":"0.13847088","buyTxId":"b27a8ca800ce7622e12443d5490e0f9274a00041","sellTxId":"f48517126fddc05f87d8d7c50546e8bc07e5deb9"}
{"index": {"_index":"pob","_id":"3616774"}}
	{"id":3616774,"type":"sell","buyer":"opidia","seller":"pousinha","symbol":"POB","quantity":"0.445","price":"0.02800000","timestamp":1654483056,"volume":"0.01246000","buyTxId":"b27a8ca800ce7622e12443d5490e0f9274a00041","sellTxId":"57f40cda05922126bf2656d187c920b0c8c09171"}
