{"index": {"_index":"pob","_id":"1947147"}}
	{"id":1947147,"type":"sell","buyer":"roger.remix","seller":"josuemonterola","symbol":"POB","quantity":"2.30907199","price":"0.12500001","timestamp":1636603386,"volume":"0.28863402","buyTxId":"e2533da956f7680abd3f2b8657e9a203bd75af53","sellTxId":"8048c2d7becb2fc05ea174c3dfa4cb1f62855740"}
{"index": {"_index":"pob","_id":"1947181"}}
	{"id":1947181,"type":"buy","buyer":"roger.remix","seller":"josevillanueva","symbol":"POB","quantity":"44.55378328","price":"0.12590000","timestamp":1636603848,"volume":"5.60932131","buyTxId":"c008a423fbfaf48fd257d4006c7a100bacf5df13","sellTxId":"2e056978cc3355559610a20632e13c519d078d9e"}
{"index": {"_index":"pob","_id":"1947186"}}
	{"id":1947186,"type":"buy","buyer":"roger.remix","seller":"kemmyb","symbol":"POB","quantity":"10.00000000","price":"0.12600000","timestamp":1636604052,"volume":"1.26000000","buyTxId":"ef21b0f211d124ed1fca356eebf2cfd8a4fb24b5","sellTxId":"851ee4c3ada7ee9d91d043085323d6ee60ceb7a0"}
{"index": {"_index":"pob","_id":"1947187"}}
	{"id":1947187,"type":"buy","buyer":"roger.remix","seller":"kemmyb","symbol":"POB","quantity":"10.00000000","price":"0.12700000","timestamp":1636604052,"volume":"1.27000000","buyTxId":"ef21b0f211d124ed1fca356eebf2cfd8a4fb24b5","sellTxId":"4d110ca28557e4a4b44ef5e74cb5e9983b1aec6e"}
{"index": {"_index":"pob","_id":"1947188"}}
	{"id":1947188,"type":"buy","buyer":"roger.remix","seller":"kemmyb","symbol":"POB","quantity":"10.00000000","price":"0.13000000","timestamp":1636604052,"volume":"1.30000000","buyTxId":"ef21b0f211d124ed1fca356eebf2cfd8a4fb24b5","sellTxId":"77e9a6803eb0d7ea855d80f0b9fb18f0a3dffa07"}
{"index": {"_index":"pob","_id":"1947189"}}
	{"id":1947189,"type":"buy","buyer":"roger.remix","seller":"ctime","symbol":"POB","quantity":"10.17204225","price":"0.13600000","timestamp":1636604052,"volume":"1.38339775","buyTxId":"ef21b0f211d124ed1fca356eebf2cfd8a4fb24b5","sellTxId":"063c730fd95d02ffba602b12d689136b14efa376"}
{"index": {"_index":"pob","_id":"1947190"}}
	{"id":1947190,"type":"buy","buyer":"roger.remix","seller":"hallmann","symbol":"POB","quantity":"11.57304490","price":"0.13600001","timestamp":1636604052,"volume":"1.57393422","buyTxId":"ef21b0f211d124ed1fca356eebf2cfd8a4fb24b5","sellTxId":"2afe26231050fc6b6b5be5d906522660e9f280e8"}
{"index": {"_index":"pob","_id":"1947191"}}
	{"id":1947191,"type":"buy","buyer":"roger.remix","seller":"ganjafarmer","symbol":"POB","quantity":"14.33524123","price":"0.14000000","timestamp":1636604052,"volume":"2.00693377","buyTxId":"ef21b0f211d124ed1fca356eebf2cfd8a4fb24b5","sellTxId":"6f18645feff958c571286b028c73e4d3628e339c"}
{"index": {"_index":"pob","_id":"1947192"}}
	{"id":1947192,"type":"buy","buyer":"roger.remix","seller":"akumagai","symbol":"POB","quantity":"4.00000000","price":"0.14000000","timestamp":1636604052,"volume":"0.56000000","buyTxId":"ef21b0f211d124ed1fca356eebf2cfd8a4fb24b5","sellTxId":"129ca9872b19d0faf9a82d41194b81bebc086bfb"}
{"index": {"_index":"pob","_id":"1947193"}}
	{"id":1947193,"type":"buy","buyer":"roger.remix","seller":"tokutaro22","symbol":"POB","quantity":"0.35593949","price":"0.14980000","timestamp":1636604052,"volume":"0.05331974","buyTxId":"ef21b0f211d124ed1fca356eebf2cfd8a4fb24b5","sellTxId":"ec8bac98c599a62c091e9c24969cf7328e3ebadd"}
{"index": {"_index":"pob","_id":"1947194"}}
	{"id":1947194,"type":"buy","buyer":"roger.remix","seller":"liotes.voter","symbol":"POB","quantity":"5.83734873","price":"0.16797501","timestamp":1636604052,"volume":"0.98052871","buyTxId":"ef21b0f211d124ed1fca356eebf2cfd8a4fb24b5","sellTxId":"674b731b527758a969aa3adc11c8ca055b246301"}
{"index": {"_index":"pob","_id":"1947195"}}
	{"id":1947195,"type":"buy","buyer":"roger.remix","seller":"cloudblade","symbol":"POB","quantity":"15.54879039","price":"0.16798000","timestamp":1636604052,"volume":"2.61188581","buyTxId":"ef21b0f211d124ed1fca356eebf2cfd8a4fb24b5","sellTxId":"1da43c4a463d5d2a96d5b4cd34aeb4b9302df795"}
{"index": {"_index":"pob","_id":"1947204"}}
	{"id":1947204,"type":"sell","buyer":"roger.remix","seller":"roger.remix","symbol":"POB","quantity":"5.44621672","price":"0.12590000","timestamp":1636604139,"volume":"0.68567869","buyTxId":"c008a423fbfaf48fd257d4006c7a100bacf5df13","sellTxId":"b882b213bde604a23281d6d1f467a8bea8d1ce8b"}
{"index": {"_index":"pob","_id":"1947205"}}
	{"id":1947205,"type":"sell","buyer":"roger.remix","seller":"roger.remix","symbol":"POB","quantity":"4.55378328","price":"0.12500001","timestamp":1636604139,"volume":"0.56922296","buyTxId":"e2533da956f7680abd3f2b8657e9a203bd75af53","sellTxId":"b882b213bde604a23281d6d1f467a8bea8d1ce8b"}
{"index": {"_index":"pob","_id":"1947251"}}
	{"id":1947251,"type":"sell","buyer":"roger.remix","seller":"toneloccsicc","symbol":"POB","quantity":"0.01335067","price":"0.12500001","timestamp":1636604421,"volume":"0.00166883","buyTxId":"e2533da956f7680abd3f2b8657e9a203bd75af53","sellTxId":"b7ddf71a16384982ee8bd1c3f5bc8c0c0833da9a"}
{"index": {"_index":"pob","_id":"1947354"}}
	{"id":1947354,"type":"sell","buyer":"roger.remix","seller":"gimmetricks1","symbol":"POB","quantity":"10","price":"0.12500001","timestamp":1636605651,"volume":"1.25000010","buyTxId":"e2533da956f7680abd3f2b8657e9a203bd75af53","sellTxId":"62fa0a142dd23d19b0555d92d555c58864076b23"}
{"index": {"_index":"pob","_id":"1947496"}}
	{"id":1947496,"type":"sell","buyer":"roger.remix","seller":"karamyog","symbol":"POB","quantity":"0.29391916","price":"0.12500001","timestamp":1636607766,"volume":"0.03673990","buyTxId":"e2533da956f7680abd3f2b8657e9a203bd75af53","sellTxId":"96923ec133db670c5efed874d51821b0bc7167b3"}
{"index": {"_index":"pob","_id":"1947551"}}
	{"id":1947551,"type":"sell","buyer":"roger.remix","seller":"johnbenn","symbol":"POB","quantity":"20.54050000","price":"0.12500001","timestamp":1636608840,"volume":"2.56756271","buyTxId":"e2533da956f7680abd3f2b8657e9a203bd75af53","sellTxId":"c990565f2a61a747fa482abfc6fef4b1a01b6336"}
{"index": {"_index":"pob","_id":"1947557"}}
	{"id":1947557,"type":"sell","buyer":"roger.remix","seller":"skyple","symbol":"POB","quantity":"3.54709242","price":"0.12500001","timestamp":1636608921,"volume":"0.44338659","buyTxId":"e2533da956f7680abd3f2b8657e9a203bd75af53","sellTxId":"0a1f3f40bf1b3b4ee89f6f9d9c9cf8159bf014a7"}
{"index": {"_index":"pob","_id":"1947575"}}
	{"id":1947575,"type":"sell","buyer":"gimme-your-coinz","seller":"ezunjoshy","symbol":"POB","quantity":"16.42856000","price":"0.12500002","timestamp":1636609200,"volume":"2.05357033","buyTxId":"8c2e4e4f8a2c0bd8fb2f1c2600d12ee807d82e5e","sellTxId":"352eeefdeee550ff0e65a45c773329573dd672f2"}
{"index": {"_index":"pob","_id":"1947580"}}
	{"id":1947580,"type":"sell","buyer":"gimme-your-coinz","seller":"sugandhaseth","symbol":"POB","quantity":"16.59955878","price":"0.12500002","timestamp":1636609347,"volume":"2.07494518","buyTxId":"8c2e4e4f8a2c0bd8fb2f1c2600d12ee807d82e5e","sellTxId":"7bd732f540c662842d80cec2a1dab82b3345dfcd"}
{"index": {"_index":"pob","_id":"1947907"}}
	{"id":1947907,"type":"sell","buyer":"gimme-your-coinz","seller":"citywriter","symbol":"POB","quantity":"3.59589352","price":"0.12500002","timestamp":1636612494,"volume":"0.44948676","buyTxId":"8c2e4e4f8a2c0bd8fb2f1c2600d12ee807d82e5e","sellTxId":"5729865fc866b7d0504b91f9316ce9386d5cd8bd"}
{"index": {"_index":"pob","_id":"1948191"}}
	{"id":1948191,"type":"sell","buyer":"gimme-your-coinz","seller":"he-index","symbol":"POB","quantity":"0.03800000","price":"0.12500002","timestamp":1636614966,"volume":"0.00475000","buyTxId":"8c2e4e4f8a2c0bd8fb2f1c2600d12ee807d82e5e","sellTxId":"0b0fccc91b9ef0adb7757b2ed8b17e8011c9b8a2"}
{"index": {"_index":"pob","_id":"1948246"}}
	{"id":1948246,"type":"sell","buyer":"gimme-your-coinz","seller":"nuthman","symbol":"POB","quantity":"2.70412893","price":"0.12500002","timestamp":1636615620,"volume":"0.33801617","buyTxId":"8c2e4e4f8a2c0bd8fb2f1c2600d12ee807d82e5e","sellTxId":"fa2c83ced573f4c8d757e427d2aaf703296134c3"}
{"index": {"_index":"pob","_id":"1948340"}}
	{"id":1948340,"type":"buy","buyer":"tonytrillions","seller":"cookaiss","symbol":"POB","quantity":"0.09792157","price":"0.14000000","timestamp":1636616328,"volume":"0.01370902","buyTxId":"d76e90e1fa7c7ea39a34c38038cb821a9bdc9327","sellTxId":"1be7fee89daa83a89d4cb246daf663259c25194b"}
{"index": {"_index":"pob","_id":"1948363"}}
	{"id":1948363,"type":"sell","buyer":"gimme-your-coinz","seller":"chronocrypto","symbol":"POB","quantity":"5.03385877","price":"0.12500002","timestamp":1636616517,"volume":"0.62923245","buyTxId":"8c2e4e4f8a2c0bd8fb2f1c2600d12ee807d82e5e","sellTxId":"bff0792d97e1fab39df5f5abba581a2c5edb0a55"}
{"index": {"_index":"pob","_id":"1948364"}}
	{"id":1948364,"type":"sell","buyer":"gimme-your-coinz","seller":"chronocrypto","symbol":"POB","quantity":"44.40000000","price":"0.12500002","timestamp":1636616517,"volume":"5.55000089","buyTxId":"34d7878e7f19e77527a5f51b422f89ac817a5f40","sellTxId":"bff0792d97e1fab39df5f5abba581a2c5edb0a55"}
{"index": {"_index":"pob","_id":"1948365"}}
	{"id":1948365,"type":"sell","buyer":"roger.remix","seller":"chronocrypto","symbol":"POB","quantity":"64.49608515","price":"0.12500001","timestamp":1636616517,"volume":"8.06201129","buyTxId":"e2533da956f7680abd3f2b8657e9a203bd75af53","sellTxId":"bff0792d97e1fab39df5f5abba581a2c5edb0a55"}
{"index": {"_index":"pob","_id":"1948473"}}
	{"id":1948473,"type":"buy","buyer":"thatcryptodave","seller":"cookaiss","symbol":"POB","quantity":"0.20207843","price":"0.14000000","timestamp":1636617297,"volume":"0.02829098","buyTxId":"92a9a794ba95cc5da07ff6022744505e6562ffdb","sellTxId":"1be7fee89daa83a89d4cb246daf663259c25194b"}
{"index": {"_index":"pob","_id":"1948474"}}
	{"id":1948474,"type":"buy","buyer":"thatcryptodave","seller":"ctpsb","symbol":"POB","quantity":"0.51100000","price":"0.14000000","timestamp":1636617297,"volume":"0.07154000","buyTxId":"92a9a794ba95cc5da07ff6022744505e6562ffdb","sellTxId":"d898964597296ccfe95986bafc4cb07e7f32bb7b"}
{"index": {"_index":"pob","_id":"1948631"}}
	{"id":1948631,"type":"sell","buyer":"gimme-your-coinz","seller":"jongolson","symbol":"POB","quantity":"44.00000000","price":"0.14000001","timestamp":1636618761,"volume":"6.16000044","buyTxId":"8b2a965c6670761d20fef25ed1ca2cdaba763904","sellTxId":"aa766c7fa54b312dd46cd8d219c9ac7c855594b4"}
{"index": {"_index":"pob","_id":"1948662"}}
	{"id":1948662,"type":"sell","buyer":"gimme-your-coinz","seller":"drutter","symbol":"POB","quantity":"0.14192216","price":"0.14000001","timestamp":1636619031,"volume":"0.01986910","buyTxId":"8b2a965c6670761d20fef25ed1ca2cdaba763904","sellTxId":"d4dd5a9cae9c9172a857e9f5e93925c492438b44"}
{"index": {"_index":"pob","_id":"1948881"}}
	{"id":1948881,"type":"sell","buyer":"gimme-your-coinz","seller":"antonym","symbol":"POB","quantity":"0.25807784","price":"0.14000001","timestamp":1636620900,"volume":"0.03613090","buyTxId":"8b2a965c6670761d20fef25ed1ca2cdaba763904","sellTxId":"969eb5f52a80c8d1a1104d06d0373ec25cbaeaad"}
{"index": {"_index":"pob","_id":"1948882"}}
	{"id":1948882,"type":"sell","buyer":"gimme-your-coinz","seller":"antonym","symbol":"POB","quantity":"37.72318074","price":"0.14000001","timestamp":1636620900,"volume":"5.28124568","buyTxId":"fb81a38857dcbed6ec32a55d86b3549df7f73792","sellTxId":"969eb5f52a80c8d1a1104d06d0373ec25cbaeaad"}
{"index": {"_index":"pob","_id":"1948950"}}
	{"id":1948950,"type":"sell","buyer":"gimme-your-coinz","seller":"itharagaian","symbol":"POB","quantity":"0.27010000","price":"0.14000001","timestamp":1636621755,"volume":"0.03781400","buyTxId":"fb81a38857dcbed6ec32a55d86b3549df7f73792","sellTxId":"007818ba7571fe3c956dca6ac900d6acca6d3878"}
{"index": {"_index":"pob","_id":"1948957"}}
	{"id":1948957,"type":"sell","buyer":"gimme-your-coinz","seller":"roninrelax","symbol":"POB","quantity":"0.14480529","price":"0.14000001","timestamp":1636621815,"volume":"0.02027274","buyTxId":"fb81a38857dcbed6ec32a55d86b3549df7f73792","sellTxId":"2d7b96d28903f7c615611a020c51fc01f4493e31"}
{"index": {"_index":"pob","_id":"1949081"}}
	{"id":1949081,"type":"sell","buyer":"gimme-your-coinz","seller":"hive-143869","symbol":"POB","quantity":"0.31760000","price":"0.14000001","timestamp":1636623177,"volume":"0.04446400","buyTxId":"fb81a38857dcbed6ec32a55d86b3549df7f73792","sellTxId":"e950dc3cc135538e14d7027f9be214e68da74452"}
{"index": {"_index":"pob","_id":"1949148"}}
	{"id":1949148,"type":"sell","buyer":"gimme-your-coinz","seller":"interpretation","symbol":"POB","quantity":"5.94431397","price":"0.14000001","timestamp":1636624005,"volume":"0.83220402","buyTxId":"fb81a38857dcbed6ec32a55d86b3549df7f73792","sellTxId":"18df288875ef5c52bb318e0f6fb13a2635321184"}
{"index": {"_index":"pob","_id":"1949293"}}
	{"id":1949293,"type":"sell","buyer":"dalz","seller":"uyobong","symbol":"POB","quantity":"38.99621028","price":"0.13000000","timestamp":1636625139,"volume":"5.06950734","buyTxId":"a52192e033f4bc1dbca0b9bcdf1a770f6171d5c4","sellTxId":"ce8c63f688bd19579722b99d0d6cb46436e69268"}
{"index": {"_index":"pob","_id":"1949413"}}
	{"id":1949413,"type":"sell","buyer":"dalz","seller":"scooter77","symbol":"POB","quantity":"26.7","price":"0.13000000","timestamp":1636626165,"volume":"3.47100000","buyTxId":"a52192e033f4bc1dbca0b9bcdf1a770f6171d5c4","sellTxId":"93cddd10e0349c6a5c49d192391a102eb93dd7ab"}
{"index": {"_index":"pob","_id":"1949414"}}
	{"id":1949414,"type":"buy","buyer":"tonytrillions","seller":"gimmetricks1","symbol":"POB","quantity":"0.00564166","price":"0.15000000","timestamp":1636626180,"volume":"0.00084625","buyTxId":"ebc844f3556a2ce65ae52b6a90e03429c97dd71b","sellTxId":"aa0ee198c2ed8ebe80aed35923c26d0a5f0b462d"}
{"index": {"_index":"pob","_id":"1949439"}}
	{"id":1949439,"type":"sell","buyer":"dalz","seller":"tawadak24","symbol":"POB","quantity":"2.82053961","price":"0.13000000","timestamp":1636626366,"volume":"0.36667015","buyTxId":"a52192e033f4bc1dbca0b9bcdf1a770f6171d5c4","sellTxId":"8ee0c559232a69a74ad69cfd374cc04b2c0a7670"}
{"index": {"_index":"pob","_id":"1949486"}}
	{"id":1949486,"type":"sell","buyer":"dalz","seller":"dauerbrenner05","symbol":"POB","quantity":"0.00013896","price":"0.13000000","timestamp":1636626723,"volume":"0.00001806","buyTxId":"a52192e033f4bc1dbca0b9bcdf1a770f6171d5c4","sellTxId":"0f2ea0d93c1d0561c520a6b94cb2484274658607"}
{"index": {"_index":"pob","_id":"1949619"}}
	{"id":1949619,"type":"buy","buyer":"tonytrillions","seller":"gimmetricks1","symbol":"POB","quantity":"0.00704540","price":"0.15000000","timestamp":1636628601,"volume":"0.00105681","buyTxId":"7757c0c112cee6c93a79a6ed80b3042af02d96cd","sellTxId":"aa0ee198c2ed8ebe80aed35923c26d0a5f0b462d"}
{"index": {"_index":"pob","_id":"1949642"}}
	{"id":1949642,"type":"buy","buyer":"tonytrillions","seller":"gimmetricks1","symbol":"POB","quantity":"0.00108013","price":"0.15000000","timestamp":1636628874,"volume":"0.00016202","buyTxId":"459c3e01979e5ada2ff6a383c94921910775ab52","sellTxId":"aa0ee198c2ed8ebe80aed35923c26d0a5f0b462d"}
{"index": {"_index":"pob","_id":"1949686"}}
	{"id":1949686,"type":"sell","buyer":"gimme-your-coinz","seller":"tejimundo","symbol":"POB","quantity":"0.41622818","price":"0.13000001","timestamp":1636629450,"volume":"0.05410967","buyTxId":"86aa53076040b10f9deac00d9bbe44248a0a845f","sellTxId":"5dfc4b11e2427589b70f20d001daa565e3f57471"}
{"index": {"_index":"pob","_id":"1949701"}}
	{"id":1949701,"type":"sell","buyer":"gimme-your-coinz","seller":"alexanderfluke","symbol":"POB","quantity":"0.49611535","price":"0.13000001","timestamp":1636629714,"volume":"0.06449500","buyTxId":"86aa53076040b10f9deac00d9bbe44248a0a845f","sellTxId":"a238d165602823a2bf6013b215e3dcd2b77a2f45"}
{"index": {"_index":"pob","_id":"1949752"}}
	{"id":1949752,"type":"sell","buyer":"gimme-your-coinz","seller":"tejimundo","symbol":"POB","quantity":"0.32597172","price":"0.13000001","timestamp":1636630104,"volume":"0.04237633","buyTxId":"86aa53076040b10f9deac00d9bbe44248a0a845f","sellTxId":"03258eec2bfeb0904b9dc8ccd1f070bc37843cbf"}
{"index": {"_index":"pob","_id":"1949806"}}
	{"id":1949806,"type":"sell","buyer":"gimme-your-coinz","seller":"shebe","symbol":"POB","quantity":"4","price":"0.13000001","timestamp":1636630251,"volume":"0.52000004","buyTxId":"86aa53076040b10f9deac00d9bbe44248a0a845f","sellTxId":"97cfd3d0f74d0bfb09d9eca567eadd16b9a07994"}
{"index": {"_index":"pob","_id":"1949809"}}
	{"id":1949809,"type":"sell","buyer":"gimme-your-coinz","seller":"forexbrokr","symbol":"POB","quantity":"27.95756621","price":"0.13000001","timestamp":1636630278,"volume":"3.63448389","buyTxId":"86aa53076040b10f9deac00d9bbe44248a0a845f","sellTxId":"a23b0de317f665713af64fe3382e35500e30c369"}
{"index": {"_index":"pob","_id":"1949834"}}
	{"id":1949834,"type":"buy","buyer":"tonytrillions","seller":"vlemon","symbol":"POB","quantity":"0.00712288","price":"0.14990000","timestamp":1636630398,"volume":"0.00106772","buyTxId":"1d8431036db26047237c088c562f472ffadbd067","sellTxId":"41416ad7c659e9d48a25e49a03c4061079d8afa5"}
{"index": {"_index":"pob","_id":"1949876"}}
	{"id":1949876,"type":"sell","buyer":"gimme-your-coinz","seller":"digital-fortress","symbol":"POB","quantity":"1.75802938","price":"0.13000001","timestamp":1636630623,"volume":"0.22854384","buyTxId":"86aa53076040b10f9deac00d9bbe44248a0a845f","sellTxId":"134377fc9230c4b668baccb7c3d9959b9abc5cad"}
{"index": {"_index":"pob","_id":"1950108"}}
	{"id":1950108,"type":"sell","buyer":"gimme-your-coinz","seller":"alfarero","symbol":"POB","quantity":"0.06810804","price":"0.13000001","timestamp":1636632321,"volume":"0.00885405","buyTxId":"86aa53076040b10f9deac00d9bbe44248a0a845f","sellTxId":"dbe726a4c55ad9581d6d259dec87a783fc2d5564"}
{"index": {"_index":"pob","_id":"1950149"}}
	{"id":1950149,"type":"sell","buyer":"gimme-your-coinz","seller":"vanillavow","symbol":"POB","quantity":"9.37798112","price":"0.13000001","timestamp":1636632714,"volume":"1.21913763","buyTxId":"86aa53076040b10f9deac00d9bbe44248a0a845f","sellTxId":"81458049a5474ce8e8f3482016235610929fe00a"}
{"index": {"_index":"pob","_id":"1950150"}}
	{"id":1950150,"type":"sell","buyer":"gimme-your-coinz","seller":"vanillavow","symbol":"POB","quantity":"6.59789846","price":"0.13000001","timestamp":1636632714,"volume":"0.85772687","buyTxId":"a60111826b2c3fb565482aea461b721a6235d543","sellTxId":"81458049a5474ce8e8f3482016235610929fe00a"}
{"index": {"_index":"pob","_id":"1950228"}}
	{"id":1950228,"type":"sell","buyer":"gimme-your-coinz","seller":"kaminchan","symbol":"POB","quantity":"0.44472497","price":"0.13000001","timestamp":1636633122,"volume":"0.05781425","buyTxId":"a60111826b2c3fb565482aea461b721a6235d543","sellTxId":"6e48b3d13d8d44a8043375763ca70b93292cef08"}
{"index": {"_index":"pob","_id":"1950284"}}
	{"id":1950284,"type":"buy","buyer":"tonytrillions","seller":"vlemon","symbol":"POB","quantity":"0.00282855","price":"0.14990000","timestamp":1636633563,"volume":"0.00042400","buyTxId":"323b947c32180c6827696cd209f3f04a3ddf9fa7","sellTxId":"41416ad7c659e9d48a25e49a03c4061079d8afa5"}
{"index": {"_index":"pob","_id":"1950313"}}
	{"id":1950313,"type":"sell","buyer":"gimme-your-coinz","seller":"gillianpearce","symbol":"POB","quantity":"10.00000000","price":"0.13000001","timestamp":1636633842,"volume":"1.30000010","buyTxId":"a60111826b2c3fb565482aea461b721a6235d543","sellTxId":"1e761e0561be6ba23a8dbf4302e0b80711822d4a"}
{"index": {"_index":"pob","_id":"1950439"}}
	{"id":1950439,"type":"buy","buyer":"roger.remix","seller":"vlemon","symbol":"POB","quantity":"10.11004857","price":"0.14990000","timestamp":1636635273,"volume":"1.51549628","buyTxId":"3021c16ecf7b4231691a97aeebde344e216c56ad","sellTxId":"41416ad7c659e9d48a25e49a03c4061079d8afa5"}
{"index": {"_index":"pob","_id":"1950440"}}
	{"id":1950440,"type":"buy","buyer":"roger.remix","seller":"ddn688","symbol":"POB","quantity":"28.47249178","price":"0.14999000","timestamp":1636635273,"volume":"4.27058904","buyTxId":"3021c16ecf7b4231691a97aeebde344e216c56ad","sellTxId":"631fb4e00cb07ca47bb25313862af675a3bf9dbf"}
{"index": {"_index":"pob","_id":"1950441"}}
	{"id":1950441,"type":"buy","buyer":"roger.remix","seller":"gimmetricks1","symbol":"POB","quantity":"54.41745965","price":"0.15000000","timestamp":1636635273,"volume":"8.16261895","buyTxId":"3021c16ecf7b4231691a97aeebde344e216c56ad","sellTxId":"aa0ee198c2ed8ebe80aed35923c26d0a5f0b462d"}
{"index": {"_index":"pob","_id":"1950467"}}
	{"id":1950467,"type":"sell","buyer":"gimme-your-coinz","seller":"andy4475","symbol":"POB","quantity":"0.78085997","price":"0.13000005","timestamp":1636635540,"volume":"0.10151184","buyTxId":"bb96419978b359123571672698d72fd5d30f8a72","sellTxId":"9f327b430d6f3a328dd7e5d15376fb0f14bb7b8e"}
{"index": {"_index":"pob","_id":"1950482"}}
	{"id":1950482,"type":"sell","buyer":"gimme-your-coinz","seller":"jsantana","symbol":"POB","quantity":"15.23157978","price":"0.13000005","timestamp":1636635771,"volume":"1.98010613","buyTxId":"bb96419978b359123571672698d72fd5d30f8a72","sellTxId":"f6c563788bd11a9d9bbb6eccf3c69f4fd50803e2"}
{"index": {"_index":"pob","_id":"1950512"}}
	{"id":1950512,"type":"sell","buyer":"gimme-your-coinz","seller":"mad-runner","symbol":"POB","quantity":"3.71700453","price":"0.13000005","timestamp":1636636146,"volume":"0.48321077","buyTxId":"bb96419978b359123571672698d72fd5d30f8a72","sellTxId":"f743631574e35ff717085b14cc9cfc90e55b2bf5"}
{"index": {"_index":"pob","_id":"1950528"}}
	{"id":1950528,"type":"sell","buyer":"gimme-your-coinz","seller":"alexvan","symbol":"POB","quantity":"17.84504770","price":"0.13000005","timestamp":1636636389,"volume":"2.31985709","buyTxId":"bb96419978b359123571672698d72fd5d30f8a72","sellTxId":"f0c129e54e657689623cfbcf95fbc47e1144dcd8"}
{"index": {"_index":"pob","_id":"1950531"}}
	{"id":1950531,"type":"sell","buyer":"gimme-your-coinz","seller":"babytarazkp","symbol":"POB","quantity":"6.82550802","price":"0.13000005","timestamp":1636636455,"volume":"0.88731638","buyTxId":"bb96419978b359123571672698d72fd5d30f8a72","sellTxId":"ea08fd56c00f41c112d4b11ef1670e4da550250f"}
{"index": {"_index":"pob","_id":"1950532"}}
	{"id":1950532,"type":"sell","buyer":"gimme-your-coinz","seller":"babytarazkp","symbol":"POB","quantity":"18.14147160","price":"0.13000005","timestamp":1636636455,"volume":"2.35839222","buyTxId":"4b672e4b0035fce06353646aaabc9d4b2953b30e","sellTxId":"ea08fd56c00f41c112d4b11ef1670e4da550250f"}
{"index": {"_index":"pob","_id":"1950597"}}
	{"id":1950597,"type":"sell","buyer":"gimme-your-coinz","seller":"yintercept","symbol":"POB","quantity":"0.86165685","price":"0.13000005","timestamp":1636637079,"volume":"0.11201543","buyTxId":"4b672e4b0035fce06353646aaabc9d4b2953b30e","sellTxId":"1ee3d367ac664f24c7e1e52ade2a33bd1792a110"}
{"index": {"_index":"pob","_id":"1950669"}}
	{"id":1950669,"type":"buy","buyer":"tonytrillions","seller":"gimmetricks1","symbol":"POB","quantity":"0.01250013","price":"0.15000000","timestamp":1636637718,"volume":"0.00187502","buyTxId":"421d0d4697c2f531786f023824e24ebb05cdd363","sellTxId":"aa0ee198c2ed8ebe80aed35923c26d0a5f0b462d"}
{"index": {"_index":"pob","_id":"1950834"}}
	{"id":1950834,"type":"sell","buyer":"gimme-your-coinz","seller":"candy49","symbol":"POB","quantity":"2.60977417","price":"0.13000005","timestamp":1636638798,"volume":"0.33927077","buyTxId":"4b672e4b0035fce06353646aaabc9d4b2953b30e","sellTxId":"c1540e0662f95cc784785c4b09dbf3ccf56fc961"}
{"index": {"_index":"pob","_id":"1950840"}}
	{"id":1950840,"type":"sell","buyer":"gimme-your-coinz","seller":"brofi-market","symbol":"POB","quantity":"8.64908813","price":"0.13000005","timestamp":1636638828,"volume":"1.12438189","buyTxId":"4b672e4b0035fce06353646aaabc9d4b2953b30e","sellTxId":"65c7afc103c0e2785762feee45d635ef011fdbab"}
{"index": {"_index":"pob","_id":"1950883"}}
	{"id":1950883,"type":"sell","buyer":"gimme-your-coinz","seller":"offgridlife","symbol":"POB","quantity":"10.00000000","price":"0.13000005","timestamp":1636639152,"volume":"1.30000050","buyTxId":"4b672e4b0035fce06353646aaabc9d4b2953b30e","sellTxId":"6d2b97fd3bc637c395984492b17e69c432167d1c"}
{"index": {"_index":"pob","_id":"1950885"}}
	{"id":1950885,"type":"sell","buyer":"gimme-your-coinz","seller":"savagetobi","symbol":"POB","quantity":"4.13800925","price":"0.13000005","timestamp":1636639170,"volume":"0.53794141","buyTxId":"4b672e4b0035fce06353646aaabc9d4b2953b30e","sellTxId":"8802153296489cad1dfa431334cbc311059d3eca"}
{"index": {"_index":"pob","_id":"1950886"}}
	{"id":1950886,"type":"sell","buyer":"roger.remix","seller":"savagetobi","symbol":"POB","quantity":"44.86199075","price":"0.13000004","timestamp":1636639170,"volume":"5.83206059","buyTxId":"620f1b43a26441b20bd61f3dbd8a9311381feb67","sellTxId":"8802153296489cad1dfa431334cbc311059d3eca"}
{"index": {"_index":"pob","_id":"1950943"}}
	{"id":1950943,"type":"buy","buyer":"tonytrillions","seller":"gimmetricks1","symbol":"POB","quantity":"0.00509926","price":"0.15000000","timestamp":1636639494,"volume":"0.00076489","buyTxId":"ece899386bd054854c74593d87236735aac648d2","sellTxId":"aa0ee198c2ed8ebe80aed35923c26d0a5f0b462d"}
{"index": {"_index":"pob","_id":"1951010"}}
	{"id":1951010,"type":"sell","buyer":"gimme-your-coinz","seller":"zasktrader","symbol":"POB","quantity":"0.3229","price":"0.13000005","timestamp":1636640007,"volume":"0.04197702","buyTxId":"386a32a570578419a7349902c625e8c230f57feb","sellTxId":"3a8edaa18b1b4bed93c379b781063be8bc9359a9"}
{"index": {"_index":"pob","_id":"1951024"}}
	{"id":1951024,"type":"sell","buyer":"gimme-your-coinz","seller":"ravenmus1c","symbol":"POB","quantity":"0.19186042","price":"0.13000005","timestamp":1636640070,"volume":"0.02494186","buyTxId":"386a32a570578419a7349902c625e8c230f57feb","sellTxId":"d8a369b9ed6ee5081f0d934ea9087dbb0a55ecb7"}
{"index": {"_index":"pob","_id":"1951026"}}
	{"id":1951026,"type":"sell","buyer":"gimme-your-coinz","seller":"dswap","symbol":"POB","quantity":"0.20090517","price":"0.13000005","timestamp":1636640094,"volume":"0.02611768","buyTxId":"386a32a570578419a7349902c625e8c230f57feb","sellTxId":"9bb3c4ec96e209ca5994de3d51369ddf6b97c2d2"}
{"index": {"_index":"pob","_id":"1951081"}}
	{"id":1951081,"type":"sell","buyer":"gimme-your-coinz","seller":"mawit07","symbol":"POB","quantity":"3.90909384","price":"0.13000005","timestamp":1636640379,"volume":"0.50818239","buyTxId":"386a32a570578419a7349902c625e8c230f57feb","sellTxId":"0f7440dabb5155423e6f5457011f47a9c28a330c"}
{"index": {"_index":"pob","_id":"1951100"}}
	{"id":1951100,"type":"sell","buyer":"gimme-your-coinz","seller":"iyiade","symbol":"POB","quantity":"23.84000000","price":"0.13000005","timestamp":1636640544,"volume":"3.09920119","buyTxId":"386a32a570578419a7349902c625e8c230f57feb","sellTxId":"9bb2d9fe0d7eacc196a7b456379cfdda73394d20"}
{"index": {"_index":"pob","_id":"1951101"}}
	{"id":1951101,"type":"sell","buyer":"gimme-your-coinz","seller":"ugochill","symbol":"POB","quantity":"0.00280000","price":"0.13000005","timestamp":1636640556,"volume":"0.00036400","buyTxId":"386a32a570578419a7349902c625e8c230f57feb","sellTxId":"021811bf70ef57352f2960b680ed00fdec9acd90"}
{"index": {"_index":"pob","_id":"1951103"}}
	{"id":1951103,"type":"sell","buyer":"gimme-your-coinz","seller":"alfarero","symbol":"POB","quantity":"1.45379154","price":"0.13000005","timestamp":1636640568,"volume":"0.18899297","buyTxId":"386a32a570578419a7349902c625e8c230f57feb","sellTxId":"b35458768faa90e63ee4d660abec5d8293e5f845"}
{"index": {"_index":"pob","_id":"1951141"}}
	{"id":1951141,"type":"sell","buyer":"gimme-your-coinz","seller":"thisisawesome","symbol":"POB","quantity":"1.10218544","price":"0.13000005","timestamp":1636640784,"volume":"0.14328416","buyTxId":"386a32a570578419a7349902c625e8c230f57feb","sellTxId":"97ece2b33e8e67da2e0024619b767f17633e3d71"}
{"index": {"_index":"pob","_id":"1951152"}}
	{"id":1951152,"type":"sell","buyer":"gimme-your-coinz","seller":"dswap","symbol":"POB","quantity":"1","price":"0.13000005","timestamp":1636640901,"volume":"0.13000005","buyTxId":"386a32a570578419a7349902c625e8c230f57feb","sellTxId":"0c508dc8e535420e594897ea0c4523359abb5bbf"}
{"index": {"_index":"pob","_id":"1951258"}}
	{"id":1951258,"type":"sell","buyer":"gimme-your-coinz","seller":"emimoron","symbol":"POB","quantity":"3.27520543","price":"0.13000005","timestamp":1636641756,"volume":"0.42577687","buyTxId":"386a32a570578419a7349902c625e8c230f57feb","sellTxId":"852fcaa6ac75fe246db080fe3552d4edf3c02ecb"}
{"index": {"_index":"pob","_id":"1951281"}}
	{"id":1951281,"type":"buy","buyer":"tonytrillions","seller":"gimmetricks1","symbol":"POB","quantity":"0.00492553","price":"0.15000000","timestamp":1636641918,"volume":"0.00073883","buyTxId":"af593e1823a4e52bb0f113295eac174aabdb1a7c","sellTxId":"aa0ee198c2ed8ebe80aed35923c26d0a5f0b462d"}
{"index": {"_index":"pob","_id":"1951319"}}
	{"id":1951319,"type":"sell","buyer":"gimme-your-coinz","seller":"marilove22","symbol":"POB","quantity":"9.10125816","price":"0.13000005","timestamp":1636642290,"volume":"1.18316402","buyTxId":"386a32a570578419a7349902c625e8c230f57feb","sellTxId":"b0a88d530c8f88747ddc6d8fb83c670278263970"}
{"index": {"_index":"pob","_id":"1951320"}}
	{"id":1951320,"type":"sell","buyer":"gimme-your-coinz","seller":"marilove22","symbol":"POB","quantity":"22.15874184","price":"0.13000005","timestamp":1636642290,"volume":"2.88063755","buyTxId":"1f93bce42bf95a1dd63a8120f38769e624f092f4","sellTxId":"b0a88d530c8f88747ddc6d8fb83c670278263970"}
{"index": {"_index":"pob","_id":"1951366"}}
	{"id":1951366,"type":"sell","buyer":"gimme-your-coinz","seller":"erikah","symbol":"POB","quantity":"9.50000000","price":"0.13000005","timestamp":1636642575,"volume":"1.23500048","buyTxId":"1f93bce42bf95a1dd63a8120f38769e624f092f4","sellTxId":"6077cd3985fa88eb9cb7085444cb65bbc737b498"}
{"index": {"_index":"pob","_id":"1951444"}}
	{"id":1951444,"type":"sell","buyer":"gimme-your-coinz","seller":"pobtrader","symbol":"POB","quantity":"12.74125816","price":"0.13000005","timestamp":1636643067,"volume":"1.65636419","buyTxId":"1f93bce42bf95a1dd63a8120f38769e624f092f4","sellTxId":"9a7e70473b29b1df17487faa7b173641f89850a3"}
{"index": {"_index":"pob","_id":"1951445"}}
	{"id":1951445,"type":"sell","buyer":"roger.remix","seller":"pobtrader","symbol":"POB","quantity":"4.61874184","price":"0.13000004","timestamp":1636643067,"volume":"0.60043662","buyTxId":"620f1b43a26441b20bd61f3dbd8a9311381feb67","sellTxId":"9a7e70473b29b1df17487faa7b173641f89850a3"}
{"index": {"_index":"pob","_id":"1951484"}}
	{"id":1951484,"type":"sell","buyer":"roger.remix","seller":"clixy","symbol":"POB","quantity":"4.67195943","price":"0.13000004","timestamp":1636643412,"volume":"0.60735491","buyTxId":"620f1b43a26441b20bd61f3dbd8a9311381feb67","sellTxId":"68ad8c2fc5fa2eaafa3dd0a5e53300c5094cf174"}
{"index": {"_index":"pob","_id":"1951490"}}
	{"id":1951490,"type":"sell","buyer":"roger.remix","seller":"aliveprojects","symbol":"POB","quantity":"0.003","price":"0.13000004","timestamp":1636643454,"volume":"0.00039000","buyTxId":"620f1b43a26441b20bd61f3dbd8a9311381feb67","sellTxId":"cd9b8494c9faa54cc5f91b42325f3ec2d45c0900"}
{"index": {"_index":"pob","_id":"1951522"}}
	{"id":1951522,"type":"sell","buyer":"roger.remix","seller":"coffeelovers","symbol":"POB","quantity":"11.69590454","price":"0.13000004","timestamp":1636643709,"volume":"1.52046806","buyTxId":"620f1b43a26441b20bd61f3dbd8a9311381feb67","sellTxId":"c21fee077761c40ead486ddd824d750bb872b214"}
{"index": {"_index":"pob","_id":"1951610"}}
	{"id":1951610,"type":"sell","buyer":"roger.remix","seller":"coffeelovers","symbol":"POB","quantity":"22.94840344","price":"0.13000004","timestamp":1636644507,"volume":"2.98329337","buyTxId":"620f1b43a26441b20bd61f3dbd8a9311381feb67","sellTxId":"036f225a35cbd74bf0ec2de55692f7399ba8a88d"}
{"index": {"_index":"pob","_id":"1951620"}}
	{"id":1951620,"type":"sell","buyer":"roger.remix","seller":"iyiade","symbol":"POB","quantity":"10.00000000","price":"0.13000002","timestamp":1636644579,"volume":"1.30000020","buyTxId":"2fb50007a5f179c1e46946a4298fc91bf1c2c10e","sellTxId":"ba85c9a1adeffaa5abe730cf66d0ab87bfbe2cbc"}
{"index": {"_index":"pob","_id":"1951628"}}
	{"id":1951628,"type":"sell","buyer":"roger.remix","seller":"bear.oneup","symbol":"POB","quantity":"1.39201329","price":"0.13000002","timestamp":1636644642,"volume":"0.18096176","buyTxId":"2fb50007a5f179c1e46946a4298fc91bf1c2c10e","sellTxId":"b51a737d396daf01b7210047e5b01c2b6bc1a95c"}
{"index": {"_index":"pob","_id":"1951629"}}
	{"id":1951629,"type":"sell","buyer":"roger.remix","seller":"mein-senf-dazu","symbol":"POB","quantity":"0.49413500","price":"0.13000002","timestamp":1636644651,"volume":"0.06423756","buyTxId":"2fb50007a5f179c1e46946a4298fc91bf1c2c10e","sellTxId":"05b29a88a1d2e37dd2bff05b327d804b81b10c7b"}
{"index": {"_index":"pob","_id":"1951691"}}
	{"id":1951691,"type":"sell","buyer":"roger.remix","seller":"bitcoinflood","symbol":"POB","quantity":"8.98077600","price":"0.13000002","timestamp":1636645242,"volume":"1.16750106","buyTxId":"2fb50007a5f179c1e46946a4298fc91bf1c2c10e","sellTxId":"64db6ffd34e05be6cbd970b529df4e1c18f88a39"}
{"index": {"_index":"pob","_id":"1951697"}}
	{"id":1951697,"type":"sell","buyer":"roger.remix","seller":"elizabetamt","symbol":"POB","quantity":"0.03324608","price":"0.13000002","timestamp":1636645296,"volume":"0.00432199","buyTxId":"2fb50007a5f179c1e46946a4298fc91bf1c2c10e","sellTxId":"75f40ee2a86a7dd4a9b2ccaf605d6335c510f0ed"}
{"index": {"_index":"pob","_id":"1951757"}}
	{"id":1951757,"type":"sell","buyer":"roger.remix","seller":"knowledge23.pob","symbol":"POB","quantity":"21.03000000","price":"0.13000002","timestamp":1636645800,"volume":"2.73390042","buyTxId":"2fb50007a5f179c1e46946a4298fc91bf1c2c10e","sellTxId":"8379ed0c878050027c603c4f5e73b22f3148ee47"}
{"index": {"_index":"pob","_id":"1951812"}}
	{"id":1951812,"type":"sell","buyer":"roger.remix","seller":"insight.pob","symbol":"POB","quantity":"42.36000000","price":"0.13000002","timestamp":1636646310,"volume":"5.50680085","buyTxId":"2fb50007a5f179c1e46946a4298fc91bf1c2c10e","sellTxId":"c7d6d7a19d82eae2cc99b96f384005065dc4ef81"}
{"index": {"_index":"pob","_id":"1951881"}}
	{"id":1951881,"type":"sell","buyer":"roger.remix","seller":"corporateay","symbol":"POB","quantity":"82.47339187","price":"0.13000002","timestamp":1636647153,"volume":"10.72154259","buyTxId":"2fb50007a5f179c1e46946a4298fc91bf1c2c10e","sellTxId":"e9778a653be09e79b57796dad9bc9385f8cfd8ed"}
{"index": {"_index":"pob","_id":"1951892"}}
	{"id":1951892,"type":"sell","buyer":"roger.remix","seller":"kevmcc","symbol":"POB","quantity":"0.56261715","price":"0.13000002","timestamp":1636647255,"volume":"0.07314024","buyTxId":"2fb50007a5f179c1e46946a4298fc91bf1c2c10e","sellTxId":"85810f5517b07ba5a9e38a649d5a59f745f8c9fa"}
{"index": {"_index":"pob","_id":"1951955"}}
	{"id":1951955,"type":"sell","buyer":"roger.remix","seller":"der-prophet","symbol":"POB","quantity":"3.30684074","price":"0.13000002","timestamp":1636647912,"volume":"0.42988936","buyTxId":"2fb50007a5f179c1e46946a4298fc91bf1c2c10e","sellTxId":"afd5ba7ac6d2848fc28fe4b451d3312613b42ba5"}
{"index": {"_index":"pob","_id":"1951973"}}
	{"id":1951973,"type":"sell","buyer":"roger.remix","seller":"theguru.photos","symbol":"POB","quantity":"18.20423389","price":"0.13000002","timestamp":1636648119,"volume":"2.36655077","buyTxId":"2fb50007a5f179c1e46946a4298fc91bf1c2c10e","sellTxId":"c12ba5ebf16c0a42cff4e08b8216ab4eb4425e5d"}
{"index": {"_index":"pob","_id":"1952006"}}
	{"id":1952006,"type":"sell","buyer":"roger.remix","seller":"freevoluntarist","symbol":"POB","quantity":"0.06000000","price":"0.13000002","timestamp":1636648236,"volume":"0.00780000","buyTxId":"2fb50007a5f179c1e46946a4298fc91bf1c2c10e","sellTxId":"168bfcb58244af0a1baf2f41e8b362269ed959f7"}
{"index": {"_index":"pob","_id":"1952042"}}
	{"id":1952042,"type":"sell","buyer":"roger.remix","seller":"cowboyzlegend27","symbol":"POB","quantity":"1.69858562","price":"0.13000002","timestamp":1636648512,"volume":"0.22081616","buyTxId":"2fb50007a5f179c1e46946a4298fc91bf1c2c10e","sellTxId":"bc410bd46355b47ab9112d0c65091840d831b384"}
{"index": {"_index":"pob","_id":"1952277"}}
	{"id":1952277,"type":"buy","buyer":"dswap","seller":"coffeelovers","symbol":"POB","quantity":"0.17159656","price":"0.13000004","timestamp":1636651581,"volume":"0.02230756","buyTxId":"1b9f19c2bc4fab14d7d88c679568ba07ee19e24d","sellTxId":"036f225a35cbd74bf0ec2de55692f7399ba8a88d"}
{"index": {"_index":"pob","_id":"1952278"}}
	{"id":1952278,"type":"buy","buyer":"dswap","seller":"risingstargame","symbol":"POB","quantity":"11.42432810","price":"0.14000000","timestamp":1636651581,"volume":"1.59940593","buyTxId":"1b9f19c2bc4fab14d7d88c679568ba07ee19e24d","sellTxId":"7756db3a1965bab1c584b65afff694faf553943e"}
{"index": {"_index":"pob","_id":"1952279"}}
	{"id":1952279,"type":"buy","buyer":"dswap","seller":"gimmetricks1","symbol":"POB","quantity":"0.19116824","price":"0.15000000","timestamp":1636651581,"volume":"0.02867524","buyTxId":"1b9f19c2bc4fab14d7d88c679568ba07ee19e24d","sellTxId":"aa0ee198c2ed8ebe80aed35923c26d0a5f0b462d"}
{"index": {"_index":"pob","_id":"1952280"}}
	{"id":1952280,"type":"buy","buyer":"dswap","seller":"irivers","symbol":"POB","quantity":"0.15989978","price":"0.15000000","timestamp":1636651581,"volume":"0.02398497","buyTxId":"1b9f19c2bc4fab14d7d88c679568ba07ee19e24d","sellTxId":"5085952ba3bfc98005deb52432797d1f496dbbc8"}
{"index": {"_index":"pob","_id":"1952281"}}
	{"id":1952281,"type":"buy","buyer":"dswap","seller":"zenitsu12","symbol":"POB","quantity":"0.61495488","price":"0.15000000","timestamp":1636651581,"volume":"0.09224323","buyTxId":"1b9f19c2bc4fab14d7d88c679568ba07ee19e24d","sellTxId":"b576709036fc56395b94ac1f16b60269257a8a47"}
{"index": {"_index":"pob","_id":"1952282"}}
	{"id":1952282,"type":"buy","buyer":"dswap","seller":"brofi-market","symbol":"POB","quantity":"8.64908813","price":"0.15000000","timestamp":1636651581,"volume":"1.29736322","buyTxId":"1b9f19c2bc4fab14d7d88c679568ba07ee19e24d","sellTxId":"2c9e65c7b9fa1952c6a2cd3d0588c60f6afb00e7"}
{"index": {"_index":"pob","_id":"1952283"}}
	{"id":1952283,"type":"buy","buyer":"dswap","seller":"liotes.voter","symbol":"POB","quantity":"4.93748675","price":"0.16797501","timestamp":1636651581,"volume":"0.82937439","buyTxId":"1b9f19c2bc4fab14d7d88c679568ba07ee19e24d","sellTxId":"108c1df0de85f818b5d2b7ada2e28c678057a8f5"}
{"index": {"_index":"pob","_id":"1952284"}}
	{"id":1952284,"type":"buy","buyer":"dswap","seller":"cloudblade","symbol":"POB","quantity":"2.88492207","price":"0.16798000","timestamp":1636651581,"volume":"0.48460921","buyTxId":"1b9f19c2bc4fab14d7d88c679568ba07ee19e24d","sellTxId":"1da43c4a463d5d2a96d5b4cd34aeb4b9302df795"}
{"index": {"_index":"pob","_id":"1952285"}}
	{"id":1952285,"type":"buy","buyer":"dswap","seller":"skylinebuds","symbol":"POB","quantity":"12.00000000","price":"0.16800000","timestamp":1636651581,"volume":"2.01600000","buyTxId":"1b9f19c2bc4fab14d7d88c679568ba07ee19e24d","sellTxId":"80998241a8e64f60dc2e006a690782f09a5ac3de"}
{"index": {"_index":"pob","_id":"1952286"}}
	{"id":1952286,"type":"buy","buyer":"dswap","seller":"cethzalez","symbol":"POB","quantity":"11.31825147","price":"0.16900000","timestamp":1636651581,"volume":"1.91278450","buyTxId":"1b9f19c2bc4fab14d7d88c679568ba07ee19e24d","sellTxId":"515c62703ac33d26a53a373e30d6a1b242d8ba3a"}
{"index": {"_index":"pob","_id":"1952287"}}
	{"id":1952287,"type":"buy","buyer":"dswap","seller":"woelfchen","symbol":"POB","quantity":"5.52174100","price":"0.16900000","timestamp":1636651581,"volume":"0.93317423","buyTxId":"1b9f19c2bc4fab14d7d88c679568ba07ee19e24d","sellTxId":"429ddb340ca74c3989b85584697dd973ebb013a1"}
{"index": {"_index":"pob","_id":"1952288"}}
	{"id":1952288,"type":"buy","buyer":"dswap","seller":"skylinebuds","symbol":"POB","quantity":"6.00000000","price":"0.16990000","timestamp":1636651581,"volume":"1.01940000","buyTxId":"1b9f19c2bc4fab14d7d88c679568ba07ee19e24d","sellTxId":"54f475bf89bcfb689fe232c1099eecc2d8dd94e9"}
{"index": {"_index":"pob","_id":"1952289"}}
	{"id":1952289,"type":"buy","buyer":"dswap","seller":"ctime","symbol":"POB","quantity":"47.88634305","price":"0.17000000","timestamp":1636651581,"volume":"8.14067832","buyTxId":"1b9f19c2bc4fab14d7d88c679568ba07ee19e24d","sellTxId":"c4e4b0ec35648f7ef1c89d95cd12032e1eebd26c"}
{"index": {"_index":"pob","_id":"1952330"}}
	{"id":1952330,"type":"sell","buyer":"roger.remix","seller":"clixy","symbol":"POB","quantity":"0.33545116","price":"0.13000002","timestamp":1636651842,"volume":"0.04360866","buyTxId":"2fb50007a5f179c1e46946a4298fc91bf1c2c10e","sellTxId":"509f3418a43abb9194b7314121f5454fe35ad1bc"}
{"index": {"_index":"pob","_id":"1952357"}}
	{"id":1952357,"type":"sell","buyer":"roger.remix","seller":"silvertop","symbol":"POB","quantity":"0.30750777","price":"0.13000002","timestamp":1636652025,"volume":"0.03997602","buyTxId":"2fb50007a5f179c1e46946a4298fc91bf1c2c10e","sellTxId":"dd704dfb85858ddbf3ec6e2efdd62f8dd1585747"}
{"index": {"_index":"pob","_id":"1952453"}}
	{"id":1952453,"type":"sell","buyer":"roger.remix","seller":"tomhall","symbol":"POB","quantity":"2.23438175","price":"0.13000002","timestamp":1636652997,"volume":"0.29046967","buyTxId":"2fb50007a5f179c1e46946a4298fc91bf1c2c10e","sellTxId":"505d1d68bddf7ede1e14682cf2a14cd28c649e92"}
{"index": {"_index":"pob","_id":"1952550"}}
	{"id":1952550,"type":"sell","buyer":"roger.remix","seller":"loot.cine","symbol":"POB","quantity":"0.11585029","price":"0.13000002","timestamp":1636653414,"volume":"0.01506054","buyTxId":"2fb50007a5f179c1e46946a4298fc91bf1c2c10e","sellTxId":"4f702a10955a6ca59df9e4ef7828976429d68f41"}
{"index": {"_index":"pob","_id":"1952587"}}
	{"id":1952587,"type":"sell","buyer":"roger.remix","seller":"happyfrog420-new","symbol":"POB","quantity":"1.50000000","price":"0.13000002","timestamp":1636653600,"volume":"0.19500003","buyTxId":"2fb50007a5f179c1e46946a4298fc91bf1c2c10e","sellTxId":"972d8b9c068b5a87eb3c5c78dba67353cafc6a79"}
{"index": {"_index":"pob","_id":"1952684"}}
	{"id":1952684,"type":"buy","buyer":"dswap","seller":"jersteemit","symbol":"POB","quantity":"21.05000000","price":"0.16500000","timestamp":1636653954,"volume":"3.47325000","buyTxId":"6bbd2c4004e46c33b75729d8108efdbd0dcb9a82","sellTxId":"e12b728e21c5e3a00e0de87753de877b9e208b3f"}
{"index": {"_index":"pob","_id":"1952685"}}
	{"id":1952685,"type":"buy","buyer":"dswap","seller":"ctime","symbol":"POB","quantity":"48.99030235","price":"0.17000000","timestamp":1636653954,"volume":"8.32835140","buyTxId":"6bbd2c4004e46c33b75729d8108efdbd0dcb9a82","sellTxId":"c4e4b0ec35648f7ef1c89d95cd12032e1eebd26c"}
{"index": {"_index":"pob","_id":"1952716"}}
	{"id":1952716,"type":"sell","buyer":"roger.remix","seller":"acesontop","symbol":"POB","quantity":"4.91096939","price":"0.13000002","timestamp":1636654107,"volume":"0.63842612","buyTxId":"2fb50007a5f179c1e46946a4298fc91bf1c2c10e","sellTxId":"6163b353b9501c0f8005555876f3cc98b94a7cc3"}
{"index": {"_index":"pob","_id":"1952751"}}
	{"id":1952751,"type":"sell","buyer":"dalz","seller":"happyfrog420-new","symbol":"POB","quantity":"6.23884324","price":"0.13000000","timestamp":1636654272,"volume":"0.81104962","buyTxId":"a52192e033f4bc1dbca0b9bcdf1a770f6171d5c4","sellTxId":"fc71936cb539f5b54221feb94cfa3650064182cd"}
{"index": {"_index":"pob","_id":"1952813"}}
	{"id":1952813,"type":"sell","buyer":"dalz","seller":"ecoinstant","symbol":"POB","quantity":"2.74400000","price":"0.13000000","timestamp":1636654692,"volume":"0.35672000","buyTxId":"a52192e033f4bc1dbca0b9bcdf1a770f6171d5c4","sellTxId":"289c884e6b4425bcfb0bd8671aa3411027b2080f"}
{"index": {"_index":"pob","_id":"1952868"}}
	{"id":1952868,"type":"sell","buyer":"dalz","seller":"dudeontheweb","symbol":"POB","quantity":"2.85500000","price":"0.13000000","timestamp":1636655043,"volume":"0.37115000","buyTxId":"a52192e033f4bc1dbca0b9bcdf1a770f6171d5c4","sellTxId":"42a7eae15381fdcf3cbf0b8ce802afdd80f14f74"}
{"index": {"_index":"pob","_id":"1952940"}}
	{"id":1952940,"type":"sell","buyer":"dalz","seller":"jongolson","symbol":"POB","quantity":"100.00000000","price":"0.13000000","timestamp":1636655754,"volume":"13.00000000","buyTxId":"a52192e033f4bc1dbca0b9bcdf1a770f6171d5c4","sellTxId":"20b2d10c41ad302fc909b7768cbbbf66788a5860"}
{"index": {"_index":"pob","_id":"1952962"}}
	{"id":1952962,"type":"sell","buyer":"dalz","seller":"balbaabart","symbol":"POB","quantity":"0.60619081","price":"0.13000000","timestamp":1636655904,"volume":"0.07880481","buyTxId":"a52192e033f4bc1dbca0b9bcdf1a770f6171d5c4","sellTxId":"07ee07231368fcd9fd93b0550fc8347c43bad341"}
{"index": {"_index":"pob","_id":"1953048"}}
	{"id":1953048,"type":"sell","buyer":"gimme-your-coinz","seller":"zirochka","symbol":"POB","quantity":"1.44404205","price":"0.13000001","timestamp":1636656378,"volume":"0.18772548","buyTxId":"1666011e3b25a8d45363e96a4e650d6365355351","sellTxId":"31a8b6446fa6bbf1681371a041641a0b3ebe7f5e"}
{"index": {"_index":"pob","_id":"1953065"}}
	{"id":1953065,"type":"sell","buyer":"gimme-your-coinz","seller":"dhedge-drips","symbol":"POB","quantity":"0.92668600","price":"0.13000001","timestamp":1636656441,"volume":"0.12046919","buyTxId":"1666011e3b25a8d45363e96a4e650d6365355351","sellTxId":"14ba8b79950001d759b7d85470932fda05000c92"}
{"index": {"_index":"pob","_id":"1953173"}}
	{"id":1953173,"type":"sell","buyer":"gimme-your-coinz","seller":"automaton","symbol":"POB","quantity":"4.68570778","price":"0.13000001","timestamp":1636657221,"volume":"0.60914206","buyTxId":"1666011e3b25a8d45363e96a4e650d6365355351","sellTxId":"988cab6693314ad1fe6df12de816970a3046ebe9"}
{"index": {"_index":"pob","_id":"1953286"}}
	{"id":1953286,"type":"sell","buyer":"gimme-your-coinz","seller":"chireerocks","symbol":"POB","quantity":"11.86658294","price":"0.13000001","timestamp":1636658259,"volume":"1.54265590","buyTxId":"1666011e3b25a8d45363e96a4e650d6365355351","sellTxId":"4d31abc6d379cf5bd1862f29c532396bc6cbf628"}
{"index": {"_index":"pob","_id":"1953369"}}
	{"id":1953369,"type":"sell","buyer":"gimme-your-coinz","seller":"offgridlife","symbol":"POB","quantity":"4.00000000","price":"0.13000001","timestamp":1636659015,"volume":"0.52000004","buyTxId":"1666011e3b25a8d45363e96a4e650d6365355351","sellTxId":"03ad0bd5c7f6663b2ff73069ea49dfc64bf02ccf"}
{"index": {"_index":"pob","_id":"1953385"}}
	{"id":1953385,"type":"sell","buyer":"gimme-your-coinz","seller":"jk6276","symbol":"POB","quantity":"0.52113040","price":"0.13000001","timestamp":1636659123,"volume":"0.06774696","buyTxId":"1666011e3b25a8d45363e96a4e650d6365355351","sellTxId":"411832f9a0e8b716015be2649e0d8bd4f2a0b280"}
{"index": {"_index":"pob","_id":"1953459"}}
	{"id":1953459,"type":"sell","buyer":"gimme-your-coinz","seller":"gadrian","symbol":"POB","quantity":"2.41581987","price":"0.13000001","timestamp":1636659831,"volume":"0.31405661","buyTxId":"1666011e3b25a8d45363e96a4e650d6365355351","sellTxId":"23191dc8030a3327a9b355462430003908ea7c2f"}
{"index": {"_index":"pob","_id":"1953570"}}
	{"id":1953570,"type":"sell","buyer":"he-index","seller":"mightyrocklee","symbol":"POB","quantity":"0.47700000","price":"0.13000001","timestamp":1636660614,"volume":"0.06201000","buyTxId":"ebf0f71550b11a54d57cf64915020de80eebb386","sellTxId":"bbd2b62fb23222b404fa612854d977568174f4ce"}
{"index": {"_index":"pob","_id":"1953571"}}
	{"id":1953571,"type":"sell","buyer":"dalz","seller":"mightyrocklee","symbol":"POB","quantity":"1.46075819","price":"0.13000000","timestamp":1636660614,"volume":"0.18989856","buyTxId":"a52192e033f4bc1dbca0b9bcdf1a770f6171d5c4","sellTxId":"bbd2b62fb23222b404fa612854d977568174f4ce"}
{"index": {"_index":"pob","_id":"1953645"}}
	{"id":1953645,"type":"sell","buyer":"dalz","seller":"trumpman","symbol":"POB","quantity":"17.57831891","price":"0.13000000","timestamp":1636661112,"volume":"2.28518146","buyTxId":"a52192e033f4bc1dbca0b9bcdf1a770f6171d5c4","sellTxId":"70564839663d7874f1b4b5938588e2422c5f6204"}
{"index": {"_index":"pob","_id":"1953646"}}
	{"id":1953646,"type":"sell","buyer":"ganjafarmer","seller":"trumpman","symbol":"POB","quantity":"2.00000000","price":"0.13000000","timestamp":1636661112,"volume":"0.26000000","buyTxId":"96e6129cf0cca8c40bbc67575a83ba2af5a311c8","sellTxId":"70564839663d7874f1b4b5938588e2422c5f6204"}
{"index": {"_index":"pob","_id":"1954083"}}
	{"id":1954083,"type":"sell","buyer":"gimme-your-coinz","seller":"deathwing","symbol":"POB","quantity":"0.026","price":"0.12510000","timestamp":1636664106,"volume":"0.00325260","buyTxId":"9d72f00fe5b712d554e2f9d24b8dfa534cce8507","sellTxId":"8915284234f0c1dd61d8bf4a01d604e4ad8edc30-0"}
{"index": {"_index":"pob","_id":"1954169"}}
	{"id":1954169,"type":"sell","buyer":"gimme-your-coinz","seller":"edystringz","symbol":"POB","quantity":"26.00000000","price":"0.12510000","timestamp":1636664775,"volume":"3.25260000","buyTxId":"9d72f00fe5b712d554e2f9d24b8dfa534cce8507","sellTxId":"b1712c219e6f863cf52a29de06b38b93d9aa6218"}
{"index": {"_index":"pob","_id":"1954206"}}
	{"id":1954206,"type":"sell","buyer":"gimme-your-coinz","seller":"cookaiss","symbol":"POB","quantity":"0.23000000","price":"0.12510000","timestamp":1636665072,"volume":"0.02877300","buyTxId":"9d72f00fe5b712d554e2f9d24b8dfa534cce8507","sellTxId":"81c33dc76e99fad7b054e478f8061921521d3066"}
{"index": {"_index":"pob","_id":"1954452"}}
	{"id":1954452,"type":"sell","buyer":"gimme-your-coinz","seller":"eythorphoto","symbol":"POB","quantity":"0.01963264","price":"0.12510000","timestamp":1636666980,"volume":"0.00245604","buyTxId":"9d72f00fe5b712d554e2f9d24b8dfa534cce8507","sellTxId":"1907d5eb346b714dafec87aecac85e57466130e9"}
{"index": {"_index":"pob","_id":"1954701"}}
	{"id":1954701,"type":"sell","buyer":"gimme-your-coinz","seller":"dwarflordnoj","symbol":"POB","quantity":"44.44400000","price":"0.12510101","timestamp":1636668684,"volume":"5.55998929","buyTxId":"5ccc5c577196b368057126db64cf5fb31b66717b","sellTxId":"525656d79380dca8ab5beb807284c40044dee1db"}
{"index": {"_index":"pob","_id":"1954702"}}
	{"id":1954702,"type":"sell","buyer":"roger.remix","seller":"dwarflordnoj","symbol":"POB","quantity":"267.16716489","price":"0.12510100","timestamp":1636668684,"volume":"33.42287949","buyTxId":"d79c222bce7a0e94c6fc5011f87e240fa2cce0ee","sellTxId":"525656d79380dca8ab5beb807284c40044dee1db"}
{"index": {"_index":"pob","_id":"1954738"}}
	{"id":1954738,"type":"sell","buyer":"gimme-your-coinz","seller":"nervi","symbol":"POB","quantity":"44.44400000","price":"0.12510101","timestamp":1636669140,"volume":"5.55998929","buyTxId":"e202e7a697dc6d337b23041a19b05fd8b000d2f0","sellTxId":"0f3a2796cf71341e333a42655827330347705e87"}
{"index": {"_index":"pob","_id":"1954739"}}
	{"id":1954739,"type":"sell","buyer":"roger.remix","seller":"nervi","symbol":"POB","quantity":"9.28929555","price":"0.12510100","timestamp":1636669140,"volume":"1.16210016","buyTxId":"d79c222bce7a0e94c6fc5011f87e240fa2cce0ee","sellTxId":"0f3a2796cf71341e333a42655827330347705e87"}
{"index": {"_index":"pob","_id":"1955111"}}
	{"id":1955111,"type":"sell","buyer":"gimme-your-coinz","seller":"dibblers.dabs","symbol":"POB","quantity":"42.00000000","price":"0.12510101","timestamp":1636671927,"volume":"5.25424242","buyTxId":"2d2e4cb1bbef1177870954670718cb095cd5d13f","sellTxId":"eb0f5c33ab6d84411c77bb15122d56820b053f81"}
{"index": {"_index":"pob","_id":"1955122"}}
	{"id":1955122,"type":"sell","buyer":"gimme-your-coinz","seller":"pixelfan","symbol":"POB","quantity":"9.39629465","price":"0.12510102","timestamp":1636672008,"volume":"1.17548604","buyTxId":"0181db154695cbbcb687796b76c6a9fc5fe7df57","sellTxId":"457b5fa74849832efa5d3cf0b6a57d0dea57f82e"}
{"index": {"_index":"pob","_id":"1955269"}}
	{"id":1955269,"type":"sell","buyer":"gimme-your-coinz","seller":"derangedvisions","symbol":"POB","quantity":"35.04770535","price":"0.12510102","timestamp":1636673499,"volume":"4.38450369","buyTxId":"0181db154695cbbcb687796b76c6a9fc5fe7df57","sellTxId":"f0ee5eb45139afbf6083f916ccc70436b65bd31a"}
{"index": {"_index":"pob","_id":"1955270"}}
	{"id":1955270,"type":"sell","buyer":"roger.remix","seller":"derangedvisions","symbol":"POB","quantity":"6.68056773","price":"0.12510100","timestamp":1636673499,"volume":"0.83574570","buyTxId":"d79c222bce7a0e94c6fc5011f87e240fa2cce0ee","sellTxId":"f0ee5eb45139afbf6083f916ccc70436b65bd31a"}
{"index": {"_index":"pob","_id":"1955487"}}
	{"id":1955487,"type":"sell","buyer":"gimme-your-coinz","seller":"justinparke","symbol":"POB","quantity":"6.99476455","price":"0.12510101","timestamp":1636675713,"volume":"0.87505211","buyTxId":"2acf0285f40d3b3a5e921e58ed1c438ca7723692","sellTxId":"724bf4a0f579c1b64e20fc3f32d577ea77682129"}
{"index": {"_index":"pob","_id":"1955508"}}
	{"id":1955508,"type":"sell","buyer":"gimme-your-coinz","seller":"ftfund","symbol":"POB","quantity":"0.66283167","price":"0.12510101","timestamp":1636675857,"volume":"0.08292091","buyTxId":"2acf0285f40d3b3a5e921e58ed1c438ca7723692","sellTxId":"7b609cfbae3691de464709c4a1400b6d479ccbfd"}
{"index": {"_index":"pob","_id":"1955706"}}
	{"id":1955706,"type":"sell","buyer":"gimme-your-coinz","seller":"ecobanker","symbol":"POB","quantity":"21.38070000","price":"0.12510101","timestamp":1636677819,"volume":"2.67474716","buyTxId":"2acf0285f40d3b3a5e921e58ed1c438ca7723692","sellTxId":"6e575bb49676cc69b0904c04b7414c648f343124"}
{"index": {"_index":"pob","_id":"1955781"}}
	{"id":1955781,"type":"sell","buyer":"gimme-your-coinz","seller":"riansilva","symbol":"POB","quantity":"15.40570378","price":"0.12510101","timestamp":1636678461,"volume":"1.92726910","buyTxId":"2acf0285f40d3b3a5e921e58ed1c438ca7723692","sellTxId":"76d3f928405c6db9793784b16e8a7bd695210f54"}
{"index": {"_index":"pob","_id":"1955782"}}
	{"id":1955782,"type":"sell","buyer":"gimme-your-coinz","seller":"riansilva","symbol":"POB","quantity":"44.44400000","price":"0.12510101","timestamp":1636678461,"volume":"5.55998929","buyTxId":"ea3eb99534a00ab415a95c0d1bd5382fad7b1a79","sellTxId":"76d3f928405c6db9793784b16e8a7bd695210f54"}
{"index": {"_index":"pob","_id":"1955784"}}
	{"id":1955784,"type":"buy","buyer":"gimme-your-coinz","seller":"riansilva","symbol":"POB","quantity":"44.44400000","price":"0.12510101","timestamp":1636678473,"volume":"5.55998929","buyTxId":"bcf383f309d644df7a835ac763fbac79e286e223","sellTxId":"76d3f928405c6db9793784b16e8a7bd695210f54"}
{"index": {"_index":"pob","_id":"1955785"}}
	{"id":1955785,"type":"buy","buyer":"gimme-your-coinz","seller":"riansilva","symbol":"POB","quantity":"44.44400000","price":"0.12510101","timestamp":1636678482,"volume":"5.55998929","buyTxId":"7d76c4d18b2356670e162ed7b08645e53922b92a","sellTxId":"76d3f928405c6db9793784b16e8a7bd695210f54"}
{"index": {"_index":"pob","_id":"1955786"}}
	{"id":1955786,"type":"buy","buyer":"gimme-your-coinz","seller":"riansilva","symbol":"POB","quantity":"1.26229622","price":"0.12510101","timestamp":1636678491,"volume":"0.15791453","buyTxId":"e081a3712d79e57f10627c63742060c9abbf4e90","sellTxId":"76d3f928405c6db9793784b16e8a7bd695210f54"}
{"index": {"_index":"pob","_id":"1955799"}}
	{"id":1955799,"type":"sell","buyer":"gimme-your-coinz","seller":"andy4475","symbol":"POB","quantity":"2.86687561","price":"0.12510101","timestamp":1636678656,"volume":"0.35864903","buyTxId":"e081a3712d79e57f10627c63742060c9abbf4e90","sellTxId":"57dfa5a1c6225d171eb68616d8dbdfc1bb263dc6"}
{"index": {"_index":"pob","_id":"1955881"}}
	{"id":1955881,"type":"sell","buyer":"gimme-your-coinz","seller":"apeminingclub","symbol":"POB","quantity":"12.58154308","price":"0.12510101","timestamp":1636679334,"volume":"1.57396375","buyTxId":"e081a3712d79e57f10627c63742060c9abbf4e90","sellTxId":"d562248e26967509641bdd7ea062c184466d47d3"}
{"index": {"_index":"pob","_id":"1955995"}}
	{"id":1955995,"type":"sell","buyer":"gimme-your-coinz","seller":"irivers","symbol":"POB","quantity":"0.03217431","price":"0.12510101","timestamp":1636680420,"volume":"0.00402504","buyTxId":"e081a3712d79e57f10627c63742060c9abbf4e90","sellTxId":"53d8408b8bcd2548ca3a2ef34367cfcb73536813"}
{"index": {"_index":"pob","_id":"1956001"}}
	{"id":1956001,"type":"sell","buyer":"gimme-your-coinz","seller":"charcoalbuffet","symbol":"POB","quantity":"6.26906498","price":"0.12510101","timestamp":1636680447,"volume":"0.78426636","buyTxId":"e081a3712d79e57f10627c63742060c9abbf4e90","sellTxId":"f241ac1f53e0f0959d64c4fcac4a9e391348ada9"}
{"index": {"_index":"pob","_id":"1956008"}}
	{"id":1956008,"type":"buy","buyer":"holovision","seller":"preparedwombat","symbol":"POB","quantity":"7.31000000","price":"0.12790000","timestamp":1636680537,"volume":"0.93494900","buyTxId":"b3dcc91e44e9ecda37d5af002feaa1ab58e2a8b6","sellTxId":"cccb64300f886f4f8846bdc2e34466b56ef5a107"}
{"index": {"_index":"pob","_id":"1956015"}}
	{"id":1956015,"type":"buy","buyer":"holovision","seller":"preparedwombat","symbol":"POB","quantity":"0.01371767","price":"0.12790000","timestamp":1636680675,"volume":"0.00175449","buyTxId":"751448bd17e323594e57c5d3696c3cd148b485c1","sellTxId":"cccb64300f886f4f8846bdc2e34466b56ef5a107"}
{"index": {"_index":"pob","_id":"1956239"}}
	{"id":1956239,"type":"sell","buyer":"gimme-your-coinz","seller":"tejimundo","symbol":"POB","quantity":"0.23066182","price":"0.12600001","timestamp":1636682772,"volume":"0.02906339","buyTxId":"2668f65edc94db1e0d8166ca82314536a6c8b4a9","sellTxId":"6d09b099750aa4e2803ed7edaa5108e1769835e5"}
{"index": {"_index":"pob","_id":"1956353"}}
	{"id":1956353,"type":"sell","buyer":"gimme-your-coinz","seller":"magnacarta","symbol":"POB","quantity":"0.14552869","price":"0.12600001","timestamp":1636683990,"volume":"0.01833662","buyTxId":"2668f65edc94db1e0d8166ca82314536a6c8b4a9","sellTxId":"4e7194cfb92225d007272f3d1b9bb9357a37d209"}
{"index": {"_index":"pob","_id":"1956394"}}
	{"id":1956394,"type":"sell","buyer":"gimme-your-coinz","seller":"creativemary","symbol":"POB","quantity":"44.06780949","price":"0.12600001","timestamp":1636684614,"volume":"5.55254443","buyTxId":"2668f65edc94db1e0d8166ca82314536a6c8b4a9","sellTxId":"1f0b8192d9f17dc1f57367e06f0ebdad8bec2425"}
{"index": {"_index":"pob","_id":"1956395"}}
	{"id":1956395,"type":"sell","buyer":"gimme-your-coinz","seller":"creativemary","symbol":"POB","quantity":"21.81219051","price":"0.12600001","timestamp":1636684614,"volume":"2.74833622","buyTxId":"65a59fccd6982f7cfe5598d34ffcecb5bc08f95e","sellTxId":"1f0b8192d9f17dc1f57367e06f0ebdad8bec2425"}
{"index": {"_index":"pob","_id":"1956558"}}
	{"id":1956558,"type":"sell","buyer":"gimme-your-coinz","seller":"jongolson","symbol":"POB","quantity":"22.63180949","price":"0.12600001","timestamp":1636685814,"volume":"2.85160822","buyTxId":"65a59fccd6982f7cfe5598d34ffcecb5bc08f95e","sellTxId":"04286b41be3ede94a3072a3d97037bf6c35a319a"}
{"index": {"_index":"pob","_id":"1956559"}}
	{"id":1956559,"type":"sell","buyer":"he-index","seller":"jongolson","symbol":"POB","quantity":"0.17500000","price":"0.12600001","timestamp":1636685814,"volume":"0.02205000","buyTxId":"a355923bc5eb9fe5b8e59220127fbf299e8be8c2","sellTxId":"04286b41be3ede94a3072a3d97037bf6c35a319a"}
{"index": {"_index":"pob","_id":"1956560"}}
	{"id":1956560,"type":"sell","buyer":"sbi-tokens","seller":"jongolson","symbol":"POB","quantity":"27.00000000","price":"0.12600000","timestamp":1636685814,"volume":"3.40200000","buyTxId":"0b7d4217f5052302b72bcf2a24db50804acdef4e","sellTxId":"04286b41be3ede94a3072a3d97037bf6c35a319a"}
{"index": {"_index":"pob","_id":"1956561"}}
	{"id":1956561,"type":"sell","buyer":"he-index","seller":"jongolson","symbol":"POB","quantity":"0.17600000","price":"0.12510101","timestamp":1636685814,"volume":"0.02201778","buyTxId":"8a320d2aea79513e5f5956af1bab491ee989bcd1","sellTxId":"04286b41be3ede94a3072a3d97037bf6c35a319a"}
{"index": {"_index":"pob","_id":"1956562"}}
	{"id":1956562,"type":"sell","buyer":"roger.remix","seller":"jongolson","symbol":"POB","quantity":"59.26549591","price":"0.12510100","timestamp":1636685814,"volume":"7.41417280","buyTxId":"d79c222bce7a0e94c6fc5011f87e240fa2cce0ee","sellTxId":"04286b41be3ede94a3072a3d97037bf6c35a319a"}
{"index": {"_index":"pob","_id":"1956567"}}
	{"id":1956567,"type":"sell","buyer":"gimme-your-coinz","seller":"galenkp","symbol":"POB","quantity":"44.44400000","price":"0.12510101","timestamp":1636685856,"volume":"5.55998929","buyTxId":"00b727a8819d06ff2fe20d15827bacc6c6c73e84","sellTxId":"93931c83320eb26ef91a082873ee1c809e48f1e4"}
{"index": {"_index":"pob","_id":"1956568"}}
	{"id":1956568,"type":"sell","buyer":"gimme-your-coinz","seller":"galenkp","symbol":"POB","quantity":"4.05184285","price":"0.12510101","timestamp":1636685856,"volume":"0.50688963","buyTxId":"5e29868bdf899584bd5b1f7ca663700665b74629","sellTxId":"93931c83320eb26ef91a082873ee1c809e48f1e4"}
{"index": {"_index":"pob","_id":"1956729"}}
	{"id":1956729,"type":"sell","buyer":"gimme-your-coinz","seller":"ahmetay","symbol":"POB","quantity":"0.41969059","price":"0.12510101","timestamp":1636687380,"volume":"0.05250372","buyTxId":"5e29868bdf899584bd5b1f7ca663700665b74629","sellTxId":"a98b74aed1971e21f744b0df04ba8ffafd500c4f"}
{"index": {"_index":"pob","_id":"1956784"}}
	{"id":1956784,"type":"sell","buyer":"gimme-your-coinz","seller":"ironshield","symbol":"POB","quantity":"1.03616910","price":"0.12510101","timestamp":1636687983,"volume":"0.12962580","buyTxId":"5e29868bdf899584bd5b1f7ca663700665b74629","sellTxId":"0f6849c6271ebbac4b5c32c19dcea4e2503b1831"}
{"index": {"_index":"pob","_id":"1956882"}}
	{"id":1956882,"type":"sell","buyer":"gimme-your-coinz","seller":"yuza","symbol":"POB","quantity":"0.51143221","price":"0.12510101","timestamp":1636688811,"volume":"0.06398069","buyTxId":"5e29868bdf899584bd5b1f7ca663700665b74629","sellTxId":"d69b6246d7ad0b559bbf98ccbd1dc8350c79f3ce"}
