{"index": {"_index":"pob","_id":"3245810"}}
	{"id":3245810,"type":"sell","buyer":"trostparadox","seller":"thecrevolution","symbol":"POB","quantity":"134.37635014","price":"0.02000020","timestamp":1650509349,"volume":"2.68755388","buyTxId":"d1377aecb431ba5ec5571500da7b53a72203115b","sellTxId":"c85462f4061991247fc2d68941648c3b622197c2"}
{"index": {"_index":"pob","_id":"3245831"}}
	{"id":3245831,"type":"sell","buyer":"trostparadox","seller":"decentropia","symbol":"POB","quantity":"0.10586621","price":"0.02000020","timestamp":1650509796,"volume":"0.00211735","buyTxId":"d1377aecb431ba5ec5571500da7b53a72203115b","sellTxId":"35f5c0c725297fa5bd784d4ed955e3607d484756"}
{"index": {"_index":"pob","_id":"3245871"}}
	{"id":3245871,"type":"sell","buyer":"trostparadox","seller":"steem82868","symbol":"POB","quantity":"1.30447579","price":"0.02000020","timestamp":1650510663,"volume":"0.02608978","buyTxId":"d1377aecb431ba5ec5571500da7b53a72203115b","sellTxId":"be2b484e3a556d53ad3da101ea88694646448813"}
{"index": {"_index":"pob","_id":"3246107"}}
	{"id":3246107,"type":"sell","buyer":"trostparadox","seller":"brofi-market","symbol":"POB","quantity":"4.14961837","price":"0.02000020","timestamp":1650514602,"volume":"0.08299320","buyTxId":"d1377aecb431ba5ec5571500da7b53a72203115b","sellTxId":"df890e569fab8c78f4204d2e03a13c4d00718d69"}
{"index": {"_index":"pob","_id":"3246156"}}
	{"id":3246156,"type":"sell","buyer":"trostparadox","seller":"dera123","symbol":"POB","quantity":"190.64964823","price":"0.02000020","timestamp":1650515538,"volume":"3.81303109","buyTxId":"d1377aecb431ba5ec5571500da7b53a72203115b","sellTxId":"132072e03654cd7b13f896d872f71dd789cfc0d9"}
{"index": {"_index":"pob","_id":"3246348"}}
	{"id":3246348,"type":"sell","buyer":"trostparadox","seller":"alyssasanders","symbol":"POB","quantity":"0.30396348","price":"0.02000020","timestamp":1650518853,"volume":"0.00607933","buyTxId":"d1377aecb431ba5ec5571500da7b53a72203115b","sellTxId":"5f7fc40c036961120f42a2541cc5a9d2190ff0d0"}
{"index": {"_index":"pob","_id":"3246362"}}
	{"id":3246362,"type":"buy","buyer":"pjansen","seller":"droida","symbol":"POB","quantity":"0.37973118","price":"0.02019998","timestamp":1650519108,"volume":"0.00767056","buyTxId":"a575000f7b1876c9af61d8a1351f9ebf066beb22","sellTxId":"347ca0554371a381649754cc7d537f5478106290"}
{"index": {"_index":"pob","_id":"3246363"}}
	{"id":3246363,"type":"buy","buyer":"pjansen","seller":"torrecoin90","symbol":"POB","quantity":"34.22150983","price":"0.02019998","timestamp":1650519108,"volume":"0.69127381","buyTxId":"a575000f7b1876c9af61d8a1351f9ebf066beb22","sellTxId":"ef7fedf13690961c02a23fa4f3f4f109728fc5e8"}
{"index": {"_index":"pob","_id":"3246364"}}
	{"id":3246364,"type":"buy","buyer":"pjansen","seller":"brofi-market","symbol":"POB","quantity":"4.14961799","price":"0.02019998","timestamp":1650519108,"volume":"0.08382220","buyTxId":"a575000f7b1876c9af61d8a1351f9ebf066beb22","sellTxId":"7c05f330cca57a655f4db1a50e670f870b47e440"}
{"index": {"_index":"pob","_id":"3246366"}}
	{"id":3246366,"type":"buy","buyer":"pjansen","seller":"brofi-market","symbol":"POB","quantity":"0.00000038","price":"0.02019998","timestamp":1650519165,"volume":"0.00000001","buyTxId":"7a3730de69e444a97972750db7bc5438ac347a47","sellTxId":"7c05f330cca57a655f4db1a50e670f870b47e440"}
{"index": {"_index":"pob","_id":"3246367"}}
	{"id":3246367,"type":"buy","buyer":"pjansen","seller":"quicktrades","symbol":"POB","quantity":"0.93325462","price":"0.02019999","timestamp":1650519165,"volume":"0.01885173","buyTxId":"7a3730de69e444a97972750db7bc5438ac347a47","sellTxId":"f0d2d41fd097611b602a345a1d17cf85b7dee797"}
{"index": {"_index":"pob","_id":"3246368"}}
	{"id":3246368,"type":"sell","buyer":"trostparadox","seller":"ugochill","symbol":"POB","quantity":"0.05000000","price":"0.02000020","timestamp":1650519180,"volume":"0.00100001","buyTxId":"d1377aecb431ba5ec5571500da7b53a72203115b","sellTxId":"58ee89e20c6ede27e23897922caf76eef86d9785"}
{"index": {"_index":"pob","_id":"3246369"}}
	{"id":3246369,"type":"buy","buyer":"pjansen","seller":"quicktrades","symbol":"POB","quantity":"0.00000075","price":"0.02019999","timestamp":1650519201,"volume":"0.00000002","buyTxId":"a4fb2aed3898f763b5e9778f18f52993e898c7bb","sellTxId":"f0d2d41fd097611b602a345a1d17cf85b7dee797"}
{"index": {"_index":"pob","_id":"3246370"}}
	{"id":3246370,"type":"buy","buyer":"pjansen","seller":"mypathtofire","symbol":"POB","quantity":"3.29681025","price":"0.02020000","timestamp":1650519201,"volume":"0.06659556","buyTxId":"a4fb2aed3898f763b5e9778f18f52993e898c7bb","sellTxId":"efaf308837d7eb4b118363bea969a3a71debea88"}
{"index": {"_index":"pob","_id":"3246373"}}
	{"id":3246373,"type":"buy","buyer":"pjansen","seller":"mypathtofire","symbol":"POB","quantity":"0.00000150","price":"0.02020000","timestamp":1650519267,"volume":"0.00000003","buyTxId":"e10376f78344f9965069f8c244e40ed2e770edbc","sellTxId":"efaf308837d7eb4b118363bea969a3a71debea88"}
{"index": {"_index":"pob","_id":"3246374"}}
	{"id":3246374,"type":"buy","buyer":"pjansen","seller":"richardcrill","symbol":"POB","quantity":"199.99999850","price":"0.02049999","timestamp":1650519267,"volume":"4.09999797","buyTxId":"e10376f78344f9965069f8c244e40ed2e770edbc","sellTxId":"MM-P-16688588-63678034-3-12-0"}
{"index": {"_index":"pob","_id":"3246379"}}
	{"id":3246379,"type":"buy","buyer":"pjansen","seller":"richardcrill","symbol":"POB","quantity":"125.08959500","price":"0.02049999","timestamp":1650519321,"volume":"2.56433545","buyTxId":"a4ebd201495e1ef6c864b2e0efc4cd5b73b4838c","sellTxId":"MM-P-16688588-63678034-3-12-0"}
{"index": {"_index":"pob","_id":"3246396"}}
	{"id":3246396,"type":"sell","buyer":"trostparadox","seller":"anadolu","symbol":"POB","quantity":"21.00000000","price":"0.02000020","timestamp":1650519489,"volume":"0.42000420","buyTxId":"d1377aecb431ba5ec5571500da7b53a72203115b","sellTxId":"4a74ab8780f823383c59ce64a2d210b0404c8a4c"}
{"index": {"_index":"pob","_id":"3246447"}}
	{"id":3246447,"type":"sell","buyer":"trostparadox","seller":"oks2crypto","symbol":"POB","quantity":"0.49325170","price":"0.02000020","timestamp":1650520497,"volume":"0.00986513","buyTxId":"d1377aecb431ba5ec5571500da7b53a72203115b","sellTxId":"ec4766b76fbaacdeaf5d4cb413a8ff9b49677a73"}
{"index": {"_index":"pob","_id":"3246545"}}
	{"id":3246545,"type":"sell","buyer":"trostparadox","seller":"trumpman","symbol":"POB","quantity":"64.02505012","price":"0.02000020","timestamp":1650521601,"volume":"1.28051381","buyTxId":"d1377aecb431ba5ec5571500da7b53a72203115b","sellTxId":"0d16f4aef27a39690fe741f9710f65443ab713c0"}
{"index": {"_index":"pob","_id":"3246605"}}
	{"id":3246605,"type":"sell","buyer":"trostparadox","seller":"finguru","symbol":"POB","quantity":"12.87337234","price":"0.02000020","timestamp":1650522099,"volume":"0.25747002","buyTxId":"d1377aecb431ba5ec5571500da7b53a72203115b","sellTxId":"b86ae90996c6261418c2a9d33f3866f4471d9f7d"}
{"index": {"_index":"pob","_id":"3246630"}}
	{"id":3246630,"type":"sell","buyer":"trostparadox","seller":"sugandhaseth","symbol":"POB","quantity":"57.66795805","price":"0.02000020","timestamp":1650522450,"volume":"1.15337069","buyTxId":"d1377aecb431ba5ec5571500da7b53a72203115b","sellTxId":"60337e36ef31a0aba3f8966ec754e944318dbb49"}
{"index": {"_index":"pob","_id":"3246670"}}
	{"id":3246670,"type":"buy","buyer":"holovision","seller":"richardcrill","symbol":"POB","quantity":"0.00000070","price":"0.02049999","timestamp":1650523152,"volume":"0.00000001","buyTxId":"78a442c0f9a579e7ab7c6b70a45400542b8baa7a","sellTxId":"MM-P-16688588-63678034-3-12-0"}
{"index": {"_index":"pob","_id":"3246671"}}
	{"id":3246671,"type":"buy","buyer":"holovision","seller":"master-lamps","symbol":"POB","quantity":"10.23592710","price":"0.02059999","timestamp":1650523152,"volume":"0.21086000","buyTxId":"78a442c0f9a579e7ab7c6b70a45400542b8baa7a","sellTxId":"33c1fb9063f2cf0f6576db225888b2c674937c48"}
{"index": {"_index":"pob","_id":"3246672"}}
	{"id":3246672,"type":"buy","buyer":"holovision","seller":"master-lamps","symbol":"POB","quantity":"4.80369655","price":"0.02059999","timestamp":1650523152,"volume":"0.09895610","buyTxId":"78a442c0f9a579e7ab7c6b70a45400542b8baa7a","sellTxId":"77faed87645c055c13c4002396e6394aacb13784"}
{"index": {"_index":"pob","_id":"3246673"}}
	{"id":3246673,"type":"buy","buyer":"holovision","seller":"ifarmgirl","symbol":"POB","quantity":"34.96037565","price":"0.02059999","timestamp":1650523152,"volume":"0.72018339","buyTxId":"78a442c0f9a579e7ab7c6b70a45400542b8baa7a","sellTxId":"f96705b9eae0af80f8b2938fa583ed2d376ac930"}
{"index": {"_index":"pob","_id":"3246676"}}
	{"id":3246676,"type":"buy","buyer":"holovision","seller":"ifarmgirl","symbol":"POB","quantity":"63.55494833","price":"0.02059999","timestamp":1650523200,"volume":"1.30923130","buyTxId":"34f4b158d733f6d4830224ec3be01004f98eb0a7","sellTxId":"f96705b9eae0af80f8b2938fa583ed2d376ac930"}
{"index": {"_index":"pob","_id":"3246677"}}
	{"id":3246677,"type":"buy","buyer":"holovision","seller":"dhedge-drips","symbol":"POB","quantity":"0.48726755","price":"0.02070000","timestamp":1650523200,"volume":"0.01008644","buyTxId":"34f4b158d733f6d4830224ec3be01004f98eb0a7","sellTxId":"474f6fe6b231dfc3a5b0d47ded483f4568ce6f1a"}
{"index": {"_index":"pob","_id":"3246678"}}
	{"id":3246678,"type":"buy","buyer":"holovision","seller":"kemmyb","symbol":"POB","quantity":"5.00000000","price":"0.02075000","timestamp":1650523200,"volume":"0.10375000","buyTxId":"34f4b158d733f6d4830224ec3be01004f98eb0a7","sellTxId":"8d76d442c3109f7669aa0d6e453089b2e78c8d6c"}
{"index": {"_index":"pob","_id":"3246679"}}
	{"id":3246679,"type":"sell","buyer":"holovision","seller":"ourpick","symbol":"POB","quantity":"0.95778412","price":"0.02075000","timestamp":1650523209,"volume":"0.01987402","buyTxId":"34f4b158d733f6d4830224ec3be01004f98eb0a7","sellTxId":"2de20afcc7f57ff7c40b5fae8a95cd01bac2016d"}
{"index": {"_index":"pob","_id":"3246680"}}
	{"id":3246680,"type":"sell","buyer":"trostparadox","seller":"ourpick","symbol":"POB","quantity":"7.64923901","price":"0.02000020","timestamp":1650523209,"volume":"0.15298631","buyTxId":"d1377aecb431ba5ec5571500da7b53a72203115b","sellTxId":"2de20afcc7f57ff7c40b5fae8a95cd01bac2016d"}
{"index": {"_index":"pob","_id":"3246690"}}
	{"id":3246690,"type":"buy","buyer":"holovision","seller":"dhedge-drips","symbol":"POB","quantity":"0.61116329","price":"0.02080000","timestamp":1650523287,"volume":"0.01271220","buyTxId":"b5dfcebfc4579089fd8529ac14a2a2647a8a45c8","sellTxId":"f7c37c896072bec81bf59878ba5c3236790900b9"}
{"index": {"_index":"pob","_id":"3246691"}}
	{"id":3246691,"type":"buy","buyer":"holovision","seller":"brofi-market","symbol":"POB","quantity":"5.70419062","price":"0.02090000","timestamp":1650523287,"volume":"0.11921758","buyTxId":"b5dfcebfc4579089fd8529ac14a2a2647a8a45c8","sellTxId":"9b4dbf45910e61916c2f9420f044f1a7660d00a0"}
{"index": {"_index":"pob","_id":"3246692"}}
	{"id":3246692,"type":"buy","buyer":"holovision","seller":"onlydoge","symbol":"POB","quantity":"26.68464609","price":"0.02090000","timestamp":1650523287,"volume":"0.55770910","buyTxId":"b5dfcebfc4579089fd8529ac14a2a2647a8a45c8","sellTxId":"044e77ac5eeba34eae05c0f0ad87c066acd552e3"}
{"index": {"_index":"pob","_id":"3246725"}}
	{"id":3246725,"type":"sell","buyer":"trostparadox","seller":"dhedge-drips","symbol":"POB","quantity":"0.44460197","price":"0.02000020","timestamp":1650523650,"volume":"0.00889213","buyTxId":"d1377aecb431ba5ec5571500da7b53a72203115b","sellTxId":"b5286a9dec6fe6f43de522ffb433e03221665ac4"}
{"index": {"_index":"pob","_id":"3246732"}}
	{"id":3246732,"type":"sell","buyer":"trostparadox","seller":"liotes.voter","symbol":"POB","quantity":"18.68175038","price":"0.02000020","timestamp":1650523689,"volume":"0.37363874","buyTxId":"d1377aecb431ba5ec5571500da7b53a72203115b","sellTxId":"32cff65e7acaae0bf06d134a8b2b8bc873e8ed01"}
{"index": {"_index":"pob","_id":"3246839"}}
	{"id":3246839,"type":"sell","buyer":"trostparadox","seller":"beemd","symbol":"POB","quantity":"19.27402577","price":"0.02000020","timestamp":1650524010,"volume":"0.38548437","buyTxId":"d1377aecb431ba5ec5571500da7b53a72203115b","sellTxId":"606f441bf811dbf61a4309605ad7e39f33e0f677"}
{"index": {"_index":"pob","_id":"3246926"}}
	{"id":3246926,"type":"buy","buyer":"holovision","seller":"onlydoge","symbol":"POB","quantity":"23.06645391","price":"0.02090000","timestamp":1650524484,"volume":"0.48208889","buyTxId":"fd60c46da7999148ab43408cf8baaed6b200673e","sellTxId":"044e77ac5eeba34eae05c0f0ad87c066acd552e3"}
{"index": {"_index":"pob","_id":"3246927"}}
	{"id":3246927,"type":"buy","buyer":"holovision","seller":"dhedge-drips","symbol":"POB","quantity":"0.44460197","price":"0.02090000","timestamp":1650524484,"volume":"0.00929218","buyTxId":"fd60c46da7999148ab43408cf8baaed6b200673e","sellTxId":"d44b68703c781e710aa017e2634aac0e49b2286d"}
{"index": {"_index":"pob","_id":"3246928"}}
	{"id":3246928,"type":"buy","buyer":"holovision","seller":"ylich","symbol":"POB","quantity":"26.48894412","price":"0.02100000","timestamp":1650524484,"volume":"0.55626783","buyTxId":"fd60c46da7999148ab43408cf8baaed6b200673e","sellTxId":"b2338d6f48f5b594d2b86e73802244e57d7da03a"}
{"index": {"_index":"pob","_id":"3246969"}}
	{"id":3246969,"type":"sell","buyer":"trostparadox","seller":"lipe100dedos","symbol":"POB","quantity":"12.02416134","price":"0.02000020","timestamp":1650524820,"volume":"0.24048563","buyTxId":"d1377aecb431ba5ec5571500da7b53a72203115b","sellTxId":"14b0da854aa719988bfc7aff87a6ebfda1270b54"}
{"index": {"_index":"pob","_id":"3247088"}}
	{"id":3247088,"type":"buy","buyer":"holovision","seller":"ylich","symbol":"POB","quantity":"0.51105588","price":"0.02100000","timestamp":1650526575,"volume":"0.01073217","buyTxId":"bf2f1e4168c4e35935325f0f83f3068ab6c1610b","sellTxId":"b2338d6f48f5b594d2b86e73802244e57d7da03a"}
{"index": {"_index":"pob","_id":"3247089"}}
	{"id":3247089,"type":"buy","buyer":"holovision","seller":"thomashnblum","symbol":"POB","quantity":"333.38279523","price":"0.02100000","timestamp":1650526575,"volume":"7.00103870","buyTxId":"bf2f1e4168c4e35935325f0f83f3068ab6c1610b","sellTxId":"86e72e639afc97cc223dddfced4210f66373a6de"}
{"index": {"_index":"pob","_id":"3247111"}}
	{"id":3247111,"type":"sell","buyer":"holovision","seller":"pjansen","symbol":"POB","quantity":"302.51638970","price":"0.02200000","timestamp":1650526758,"volume":"6.65536057","buyTxId":"c4e6469c868e69642765db3e693c468695e0399b","sellTxId":"732f3aa5b851610414d7b3c5b6608fdf7914d3c6"}
{"index": {"_index":"pob","_id":"3247116"}}
	{"id":3247116,"type":"sell","buyer":"holovision","seller":"pjansen","symbol":"POB","quantity":"314.52262840","price":"0.02200000","timestamp":1650526818,"volume":"6.91949782","buyTxId":"c4e6469c868e69642765db3e693c468695e0399b","sellTxId":"270ce0aa09466da6331660df60a1dc30936c885d"}
{"index": {"_index":"pob","_id":"3247117"}}
	{"id":3247117,"type":"sell","buyer":"holovision","seller":"pjansen","symbol":"POB","quantity":"320.97571586","price":"0.02200000","timestamp":1650526878,"volume":"7.06146575","buyTxId":"c4e6469c868e69642765db3e693c468695e0399b","sellTxId":"77be09efee5951450a808f47a28123157bcbede7"}
{"index": {"_index":"pob","_id":"3247127"}}
	{"id":3247127,"type":"sell","buyer":"onlydoge","seller":"pjansen","symbol":"POB","quantity":"90.73846719","price":"0.02201000","timestamp":1650527088,"volume":"1.99715366","buyTxId":"0657facd8a1238275c9b0abeb7f97f5ec5d6dd35","sellTxId":"de087d076ce1d371d996904c47c80ed32c94fdde"}
{"index": {"_index":"pob","_id":"3247150"}}
	{"id":3247150,"type":"sell","buyer":"onlydoge","seller":"pjansen","symbol":"POB","quantity":"0.12931281","price":"0.02201000","timestamp":1650527499,"volume":"0.00284617","buyTxId":"0657facd8a1238275c9b0abeb7f97f5ec5d6dd35","sellTxId":"9ec1bace92aea91f9b2b6be53a9d6a42bbb1a9d1"}
{"index": {"_index":"pob","_id":"3247151"}}
	{"id":3247151,"type":"sell","buyer":"holovision","seller":"pjansen","symbol":"POB","quantity":"45.51339445","price":"0.02200000","timestamp":1650527499,"volume":"1.00129468","buyTxId":"c4e6469c868e69642765db3e693c468695e0399b","sellTxId":"9ec1bace92aea91f9b2b6be53a9d6a42bbb1a9d1"}
{"index": {"_index":"pob","_id":"3247153"}}
	{"id":3247153,"type":"sell","buyer":"holovision","seller":"florenceboens","symbol":"POB","quantity":"0.04952000","price":"0.02200000","timestamp":1650527553,"volume":"0.00108944","buyTxId":"c4e6469c868e69642765db3e693c468695e0399b","sellTxId":"ad7c98b433f42b53077f1c4a752571515ba42742"}
{"index": {"_index":"pob","_id":"3247203"}}
	{"id":3247203,"type":"sell","buyer":"holovision","seller":"cassillas5553","symbol":"POB","quantity":"4.18","price":"0.02200000","timestamp":1650528330,"volume":"0.09196000","buyTxId":"c4e6469c868e69642765db3e693c468695e0399b","sellTxId":"1f414b161b3c958d142e7cdd4f219b39cb24a2ea"}
{"index": {"_index":"pob","_id":"3247530"}}
	{"id":3247530,"type":"sell","buyer":"holovision","seller":"stayoutoftherz","symbol":"POB","quantity":"4.47000000","price":"0.02200000","timestamp":1650532449,"volume":"0.09834000","buyTxId":"c4e6469c868e69642765db3e693c468695e0399b","sellTxId":"de5488f1344a004ab5d5154eb2c461e9e52b79d5"}
{"index": {"_index":"pob","_id":"3247591"}}
	{"id":3247591,"type":"sell","buyer":"holovision","seller":"scooter77","symbol":"POB","quantity":"7.77235159","price":"0.02200000","timestamp":1650533037,"volume":"0.17099173","buyTxId":"c4e6469c868e69642765db3e693c468695e0399b","sellTxId":"5b02f7e768b90059ba5ffa8a8aea594e4b7fe29d"}
{"index": {"_index":"pob","_id":"3247912"}}
	{"id":3247912,"type":"sell","buyer":"holovision","seller":"steem82868","symbol":"POB","quantity":"0.12343271","price":"0.02100000","timestamp":1650535830,"volume":"0.00259209","buyTxId":"bf2f1e4168c4e35935325f0f83f3068ab6c1610b","sellTxId":"18e48cc04b3968721c5334750067766fe0edbe53"}
{"index": {"_index":"pob","_id":"3248072"}}
	{"id":3248072,"type":"sell","buyer":"holovision","seller":"andy4475","symbol":"POB","quantity":"35.64351116","price":"0.02100000","timestamp":1650537588,"volume":"0.74851373","buyTxId":"bf2f1e4168c4e35935325f0f83f3068ab6c1610b","sellTxId":"4de7787649ee01c13917c9522f3d42e7bac081d2"}
{"index": {"_index":"pob","_id":"3248189"}}
	{"id":3248189,"type":"buy","buyer":"holovision","seller":"scooter77","symbol":"POB","quantity":"15.01737949","price":"0.02200000","timestamp":1650538458,"volume":"0.33038235","buyTxId":"b60129fa7a76b0fa58603cb868e7aaa812cd1e36","sellTxId":"5b02f7e768b90059ba5ffa8a8aea594e4b7fe29d"}
{"index": {"_index":"pob","_id":"3248195"}}
	{"id":3248195,"type":"sell","buyer":"holovision","seller":"alekst7","symbol":"POB","quantity":"370.00000000","price":"0.02200000","timestamp":1650538542,"volume":"8.14000000","buyTxId":"b60129fa7a76b0fa58603cb868e7aaa812cd1e36","sellTxId":"204bfa25a21b23345876d9d22ac196222e450267"}
{"index": {"_index":"pob","_id":"3248269"}}
	{"id":3248269,"type":"sell","buyer":"holovision","seller":"fnvdesigns","symbol":"POB","quantity":"0.01092940","price":"0.02200000","timestamp":1650539178,"volume":"0.00024045","buyTxId":"b60129fa7a76b0fa58603cb868e7aaa812cd1e36","sellTxId":"61375803e05f755d0891f1ba465cdc48d0e12786"}
{"index": {"_index":"pob","_id":"3248396"}}
	{"id":3248396,"type":"sell","buyer":"holovision","seller":"fiberfrau","symbol":"POB","quantity":"1.54265785","price":"0.02200000","timestamp":1650540699,"volume":"0.03393847","buyTxId":"b60129fa7a76b0fa58603cb868e7aaa812cd1e36","sellTxId":"2abba70a8175c19446627a9bb2543677501dcf96"}
{"index": {"_index":"pob","_id":"3248418"}}
	{"id":3248418,"type":"buy","buyer":"chesatochi","seller":"kemmyb","symbol":"POB","quantity":"1.77723644","price":"0.02250000","timestamp":1650541083,"volume":"0.03998782","buyTxId":"b53619c70dcdaad09ef3b823199a7d270fc362de","sellTxId":"611ed650b362c73df6b6b5fb7ec21bb281d46d8a"}
{"index": {"_index":"pob","_id":"3248480"}}
	{"id":3248480,"type":"sell","buyer":"holovision","seller":"esther-emmanuel","symbol":"POB","quantity":"50.00000000","price":"0.02200000","timestamp":1650541809,"volume":"1.10000000","buyTxId":"b60129fa7a76b0fa58603cb868e7aaa812cd1e36","sellTxId":"9f6a86cd59e80b64576e6cc2e3ded08a1b9b5ff8"}
{"index": {"_index":"pob","_id":"3248528"}}
	{"id":3248528,"type":"sell","buyer":"holovision","seller":"jdike","symbol":"POB","quantity":"2.41081371","price":"0.02200000","timestamp":1650542640,"volume":"0.05303790","buyTxId":"b60129fa7a76b0fa58603cb868e7aaa812cd1e36","sellTxId":"56f56881c38e4db0612bc41da75e86bd091d2874"}
{"index": {"_index":"pob","_id":"3248538"}}
	{"id":3248538,"type":"sell","buyer":"holovision","seller":"beemd","symbol":"POB","quantity":"3.76650002","price":"0.02200000","timestamp":1650542739,"volume":"0.08286300","buyTxId":"b60129fa7a76b0fa58603cb868e7aaa812cd1e36","sellTxId":"d1fb8b3ba0b1b60c8bda48b6fdb016b51e3bb4be"}
{"index": {"_index":"pob","_id":"3248635"}}
	{"id":3248635,"type":"sell","buyer":"holovision","seller":"pjansen","symbol":"POB","quantity":"92.76793647","price":"0.02200000","timestamp":1650543834,"volume":"2.04089460","buyTxId":"b60129fa7a76b0fa58603cb868e7aaa812cd1e36","sellTxId":"70ce795597a56654bfe577e7aba0895ca1fe4f8b"}
{"index": {"_index":"pob","_id":"3248641"}}
	{"id":3248641,"type":"sell","buyer":"holovision","seller":"pjansen","symbol":"POB","quantity":"92.26385682","price":"0.02200000","timestamp":1650543924,"volume":"2.02980485","buyTxId":"b60129fa7a76b0fa58603cb868e7aaa812cd1e36","sellTxId":"2bd2f0201f4a439a2fa87b1232e9592c58eebf2a"}
{"index": {"_index":"pob","_id":"3248643"}}
	{"id":3248643,"type":"sell","buyer":"holovision","seller":"pjansen","symbol":"POB","quantity":"91.76387631","price":"0.02200000","timestamp":1650543984,"volume":"2.01880528","buyTxId":"b60129fa7a76b0fa58603cb868e7aaa812cd1e36","sellTxId":"5d256ec3d0413a1e4d3f0c0c55685c59e6068a72"}
{"index": {"_index":"pob","_id":"3248645"}}
	{"id":3248645,"type":"sell","buyer":"holovision","seller":"pjansen","symbol":"POB","quantity":"91.26795061","price":"0.02200000","timestamp":1650544044,"volume":"2.00789491","buyTxId":"b60129fa7a76b0fa58603cb868e7aaa812cd1e36","sellTxId":"05fd7ccc963e96fd0af9f6427872b7ff1972dec8"}
{"index": {"_index":"pob","_id":"3248668"}}
	{"id":3248668,"type":"sell","buyer":"holovision","seller":"pjansen","symbol":"POB","quantity":"189.18809900","price":"0.02200000","timestamp":1650544515,"volume":"4.16213818","buyTxId":"b60129fa7a76b0fa58603cb868e7aaa812cd1e36","sellTxId":"c2dc94406cbfe94451d8f0037c3dd5a77b5bd848"}
{"index": {"_index":"pob","_id":"3248704"}}
	{"id":3248704,"type":"sell","buyer":"holovision","seller":"dwinblood","symbol":"POB","quantity":"0.00000032","price":"0.02200000","timestamp":1650544992,"volume":"0.00000001","buyTxId":"b60129fa7a76b0fa58603cb868e7aaa812cd1e36","sellTxId":"fe8eee195556a0f62eff89bbaa6fa38081a7e891"}
{"index": {"_index":"pob","_id":"3248705"}}
	{"id":3248705,"type":"sell","buyer":"holovision","seller":"dwinblood","symbol":"POB","quantity":"17.13659349","price":"0.02100000","timestamp":1650544992,"volume":"0.35986846","buyTxId":"bf2f1e4168c4e35935325f0f83f3068ab6c1610b","sellTxId":"fe8eee195556a0f62eff89bbaa6fa38081a7e891"}
{"index": {"_index":"pob","_id":"3248959"}}
	{"id":3248959,"type":"sell","buyer":"holovision","seller":"yeckingo1","symbol":"POB","quantity":"8.82040003","price":"0.02100000","timestamp":1650547800,"volume":"0.18522840","buyTxId":"bf2f1e4168c4e35935325f0f83f3068ab6c1610b","sellTxId":"5d24a0d32f2a0ed5450eb04d6144aee24eef1674"}
{"index": {"_index":"pob","_id":"3249058"}}
	{"id":3249058,"type":"sell","buyer":"holovision","seller":"toofasteddie","symbol":"POB","quantity":"14.18056677","price":"0.02100000","timestamp":1650548733,"volume":"0.29779190","buyTxId":"bf2f1e4168c4e35935325f0f83f3068ab6c1610b","sellTxId":"f7e58278e246e691dd941c38bfe70062aed920e6"}
{"index": {"_index":"pob","_id":"3249140"}}
	{"id":3249140,"type":"sell","buyer":"holovision","seller":"darth-azrael","symbol":"POB","quantity":"2.00000000","price":"0.02100000","timestamp":1650549780,"volume":"0.04200000","buyTxId":"bf2f1e4168c4e35935325f0f83f3068ab6c1610b","sellTxId":"9dfbeb1ca17a9c86aefe97e92a5955b60650b144"}
{"index": {"_index":"pob","_id":"3249638"}}
	{"id":3249638,"type":"sell","buyer":"holovision","seller":"splinter100dedos","symbol":"POB","quantity":"3.89420528","price":"0.02100000","timestamp":1650552741,"volume":"0.08177831","buyTxId":"bf2f1e4168c4e35935325f0f83f3068ab6c1610b","sellTxId":"9e5fc7b61617d80e4461506a9144138b8216d787"}
{"index": {"_index":"pob","_id":"3249681"}}
	{"id":3249681,"type":"sell","buyer":"holovision","seller":"oks2crypto","symbol":"POB","quantity":"0.12402429","price":"0.02100000","timestamp":1650553251,"volume":"0.00260451","buyTxId":"bf2f1e4168c4e35935325f0f83f3068ab6c1610b","sellTxId":"fa289e0b4281923228ee3e490758d1ba67de92c0"}
{"index": {"_index":"pob","_id":"3249845"}}
	{"id":3249845,"type":"sell","buyer":"holovision","seller":"kevmcc","symbol":"POB","quantity":"0.99546567","price":"0.02100000","timestamp":1650554700,"volume":"0.02090478","buyTxId":"bf2f1e4168c4e35935325f0f83f3068ab6c1610b","sellTxId":"5f1731e43eeda794e3125e300879b84cc3a35ccf"}
{"index": {"_index":"pob","_id":"3250464"}}
	{"id":3250464,"type":"sell","buyer":"holovision","seller":"mango-juice","symbol":"POB","quantity":"6.84346136","price":"0.02100000","timestamp":1650560745,"volume":"0.14371269","buyTxId":"bf2f1e4168c4e35935325f0f83f3068ab6c1610b","sellTxId":"578cb6ecfe1a0b4a4b0d28879b9bf7b50b810a4f"}
{"index": {"_index":"pob","_id":"3250468"}}
	{"id":3250468,"type":"sell","buyer":"holovision","seller":"zakludick","symbol":"POB","quantity":"1.37982216","price":"0.02100000","timestamp":1650560790,"volume":"0.02897627","buyTxId":"bf2f1e4168c4e35935325f0f83f3068ab6c1610b","sellTxId":"b439d7a9a3a6f54b780d3882cf00c0c6a4d6be75"}
{"index": {"_index":"pob","_id":"3250761"}}
	{"id":3250761,"type":"sell","buyer":"holovision","seller":"daltono","symbol":"POB","quantity":"85.08438560","price":"0.02100000","timestamp":1650562848,"volume":"1.78677210","buyTxId":"bf2f1e4168c4e35935325f0f83f3068ab6c1610b","sellTxId":"0071e6c12150a7495785019ba259718e67bb14e9"}
{"index": {"_index":"pob","_id":"3250905"}}
	{"id":3250905,"type":"sell","buyer":"holovision","seller":"beemd","symbol":"POB","quantity":"26.10023891","price":"0.02100000","timestamp":1650564015,"volume":"0.54810502","buyTxId":"bf2f1e4168c4e35935325f0f83f3068ab6c1610b","sellTxId":"1a4603f6ee45d0d2ee59031a0d756a9249386cf4"}
{"index": {"_index":"pob","_id":"3251087"}}
	{"id":3251087,"type":"sell","buyer":"holovision","seller":"jlufer","symbol":"POB","quantity":"17.25601596","price":"0.02100000","timestamp":1650565770,"volume":"0.36237634","buyTxId":"bf2f1e4168c4e35935325f0f83f3068ab6c1610b","sellTxId":"c4611019969625cffe535d856f284d5ac216244f"}
{"index": {"_index":"pob","_id":"3251222"}}
	{"id":3251222,"type":"sell","buyer":"holovision","seller":"friendlymoose","symbol":"POB","quantity":"446.52402550","price":"0.02100000","timestamp":1650567204,"volume":"9.37700453","buyTxId":"bf2f1e4168c4e35935325f0f83f3068ab6c1610b","sellTxId":"fea34468cf0009c8d770ca9e7953ed78d60b0546"}
{"index": {"_index":"pob","_id":"3251247"}}
	{"id":3251247,"type":"sell","buyer":"trostparadox","seller":"andy4475","symbol":"POB","quantity":"3.37669351","price":"0.02000020","timestamp":1650567354,"volume":"0.06753455","buyTxId":"d1377aecb431ba5ec5571500da7b53a72203115b","sellTxId":"4b39f4a0350ddfcfec4e48e3fdfba7ecdc58fbcc"}
{"index": {"_index":"pob","_id":"3251259"}}
	{"id":3251259,"type":"buy","buyer":"pjansen","seller":"friendlymoose","symbol":"POB","quantity":"400.00000000","price":"0.02041855","timestamp":1650567510,"volume":"8.16742000","buyTxId":"29fd9381cf2d9be2f14f24bb19f5992e7836b558","sellTxId":"fea34468cf0009c8d770ca9e7953ed78d60b0546"}
{"index": {"_index":"pob","_id":"3251267"}}
	{"id":3251267,"type":"buy","buyer":"pjansen","seller":"friendlymoose","symbol":"POB","quantity":"220.57793600","price":"0.02041855","timestamp":1650567570,"volume":"4.50388162","buyTxId":"6375581b16fc567b78d8bad0b2ffe24e24a2d03a","sellTxId":"fea34468cf0009c8d770ca9e7953ed78d60b0546"}
{"index": {"_index":"pob","_id":"3251303"}}
	{"id":3251303,"type":"sell","buyer":"trostparadox","seller":"beemd","symbol":"POB","quantity":"9.54828058","price":"0.02000020","timestamp":1650567900,"volume":"0.19096752","buyTxId":"d1377aecb431ba5ec5571500da7b53a72203115b","sellTxId":"868ce2af56e1e4174cfd098ff5f105960316d547"}
{"index": {"_index":"pob","_id":"3251425"}}
	{"id":3251425,"type":"sell","buyer":"trostparadox","seller":"jsantana","symbol":"POB","quantity":"16.39343569","price":"0.02000020","timestamp":1650569004,"volume":"0.32787199","buyTxId":"d1377aecb431ba5ec5571500da7b53a72203115b","sellTxId":"4f703219892db1ac4b23b72ba3e7b237ff835d7a"}
{"index": {"_index":"pob","_id":"3251516"}}
	{"id":3251516,"type":"sell","buyer":"trostparadox","seller":"beemd","symbol":"POB","quantity":"3.22250838","price":"0.02000020","timestamp":1650569667,"volume":"0.06445081","buyTxId":"d1377aecb431ba5ec5571500da7b53a72203115b","sellTxId":"51bb16f4384e23e4a844d5ecc3e53eccea76f8e0"}
{"index": {"_index":"pob","_id":"3251684"}}
	{"id":3251684,"type":"sell","buyer":"trostparadox","seller":"clixmoney","symbol":"POB","quantity":"19.16949034","price":"0.02000020","timestamp":1650571170,"volume":"0.38339364","buyTxId":"d1377aecb431ba5ec5571500da7b53a72203115b","sellTxId":"09498878738bd05c4d5075dcf42dadf0db4cf05c"}
{"index": {"_index":"pob","_id":"3251942"}}
	{"id":3251942,"type":"sell","buyer":"trostparadox","seller":"dswap","symbol":"POB","quantity":"238","price":"0.02000020","timestamp":1650574101,"volume":"4.76004760","buyTxId":"d1377aecb431ba5ec5571500da7b53a72203115b","sellTxId":"c596daea095e0333193d3e9d55e3617ae4d502de"}
{"index": {"_index":"pob","_id":"3251986"}}
	{"id":3251986,"type":"sell","buyer":"trostparadox","seller":"deathwing","symbol":"POB","quantity":"0.026","price":"0.02000020","timestamp":1650574506,"volume":"0.00052001","buyTxId":"d1377aecb431ba5ec5571500da7b53a72203115b","sellTxId":"1db9cce50060b21389f0a67ed12cc65bd7f3c86b-0"}
{"index": {"_index":"pob","_id":"3252044"}}
	{"id":3252044,"type":"sell","buyer":"trostparadox","seller":"therealsnowjon","symbol":"POB","quantity":"44.76281903","price":"0.02000020","timestamp":1650575385,"volume":"0.89526533","buyTxId":"d1377aecb431ba5ec5571500da7b53a72203115b","sellTxId":"c59af89428f04f6ceca1d7be829957edc3062683"}
{"index": {"_index":"pob","_id":"3252110"}}
	{"id":3252110,"type":"sell","buyer":"trostparadox","seller":"cursephantom","symbol":"POB","quantity":"0.08304907","price":"0.02000020","timestamp":1650576417,"volume":"0.00166100","buyTxId":"d1377aecb431ba5ec5571500da7b53a72203115b","sellTxId":"2089a2f156f91dde92e41b7e3e4e91cf5cbba041"}
{"index": {"_index":"pob","_id":"3252163"}}
	{"id":3252163,"type":"sell","buyer":"trostparadox","seller":"andy4475","symbol":"POB","quantity":"7.18516132","price":"0.02000020","timestamp":1650577218,"volume":"0.14370466","buyTxId":"d1377aecb431ba5ec5571500da7b53a72203115b","sellTxId":"ee0498ef0adbf14be1e185c3b7ef925f33817b42"}
{"index": {"_index":"pob","_id":"3252217"}}
	{"id":3252217,"type":"buy","buyer":"holovision","seller":"quicktrades","symbol":"POB","quantity":"0.71068410","price":"0.02199998","timestamp":1650577776,"volume":"0.01563504","buyTxId":"9a00d8d5662c9172978c27e7831733d76c1ceedf","sellTxId":"370e7cce9838f75d51c74c4eb24250b27852702c"}
{"index": {"_index":"pob","_id":"3252218"}}
	{"id":3252218,"type":"buy","buyer":"holovision","seller":"droida","symbol":"POB","quantity":"0.32735866","price":"0.02199999","timestamp":1650577776,"volume":"0.00720189","buyTxId":"9a00d8d5662c9172978c27e7831733d76c1ceedf","sellTxId":"6ef3c960e3debddcab0b280b7068b1688c2f8713"}
{"index": {"_index":"pob","_id":"3252219"}}
	{"id":3252219,"type":"buy","buyer":"holovision","seller":"jos3lider","symbol":"POB","quantity":"8.02611117","price":"0.02200000","timestamp":1650577776,"volume":"0.17657445","buyTxId":"9a00d8d5662c9172978c27e7831733d76c1ceedf","sellTxId":"b60c3dd7070c3b4739c292400b8aef0e568e9e9c"}
{"index": {"_index":"pob","_id":"3252220"}}
	{"id":3252220,"type":"buy","buyer":"holovision","seller":"yintercept","symbol":"POB","quantity":"2.95375565","price":"0.02220000","timestamp":1650577776,"volume":"0.06557338","buyTxId":"9a00d8d5662c9172978c27e7831733d76c1ceedf","sellTxId":"1dd80075705204ded898d2d84373c9a09e24b825"}
{"index": {"_index":"pob","_id":"3252221"}}
	{"id":3252221,"type":"buy","buyer":"holovision","seller":"maggotmilk","symbol":"POB","quantity":"0.50544501","price":"0.02249990","timestamp":1650577776,"volume":"0.01137246","buyTxId":"9a00d8d5662c9172978c27e7831733d76c1ceedf","sellTxId":"cf9c46896d61831bf7bf0fb13576c9f57335175a"}
{"index": {"_index":"pob","_id":"3252296"}}
	{"id":3252296,"type":"sell","buyer":"holovision","seller":"he-index","symbol":"POB","quantity":"0.08300000","price":"0.02249990","timestamp":1650578589,"volume":"0.00186749","buyTxId":"9a00d8d5662c9172978c27e7831733d76c1ceedf","sellTxId":"1cb25076e8a4a6d347a33a22953dac0ea6c5ee9d"}
{"index": {"_index":"pob","_id":"3252304"}}
	{"id":3252304,"type":"sell","buyer":"holovision","seller":"jesustiano","symbol":"POB","quantity":"2.39364541","price":"0.02249990","timestamp":1650578709,"volume":"0.05385678","buyTxId":"9a00d8d5662c9172978c27e7831733d76c1ceedf","sellTxId":"e9856dd9144abfe7afd16491258c954a68fa9b02"}
{"index": {"_index":"pob","_id":"3252305"}}
	{"id":3252305,"type":"sell","buyer":"trostparadox","seller":"jesustiano","symbol":"POB","quantity":"47.62297581","price":"0.02000020","timestamp":1650578709,"volume":"0.95246904","buyTxId":"d1377aecb431ba5ec5571500da7b53a72203115b","sellTxId":"e9856dd9144abfe7afd16491258c954a68fa9b02"}
{"index": {"_index":"pob","_id":"3252307"}}
	{"id":3252307,"type":"sell","buyer":"trostparadox","seller":"jesustiano","symbol":"POB","quantity":"6.36928718","price":"0.02000020","timestamp":1650578739,"volume":"0.12738702","buyTxId":"d1377aecb431ba5ec5571500da7b53a72203115b","sellTxId":"02859d8cd00ea57249718c7c903b03cbd3059ac9"}
{"index": {"_index":"pob","_id":"3252355"}}
	{"id":3252355,"type":"sell","buyer":"trostparadox","seller":"felipejoys","symbol":"POB","quantity":"10.71920146","price":"0.02000020","timestamp":1650579375,"volume":"0.21438617","buyTxId":"d1377aecb431ba5ec5571500da7b53a72203115b","sellTxId":"f3566c33c1daaf31098e8728974e85980eb422ea"}
{"index": {"_index":"pob","_id":"3252677"}}
	{"id":3252677,"type":"sell","buyer":"trostparadox","seller":"zdigital222","symbol":"POB","quantity":"15","price":"0.02000020","timestamp":1650582846,"volume":"0.30000300","buyTxId":"d1377aecb431ba5ec5571500da7b53a72203115b","sellTxId":"44d76c5a182d3fba9fbb80a5387c5a221d7b4d32"}
{"index": {"_index":"pob","_id":"3252724"}}
	{"id":3252724,"type":"sell","buyer":"yintercept","seller":"dswap","symbol":"POB","quantity":"3.52058564","price":"0.02020000","timestamp":1650583209,"volume":"0.07111583","buyTxId":"a8e1250ede72c425b98ffa2f3ca9a9c5b5ebf72e","sellTxId":"ebed0c7ce59e0dacd7610a8357f0024f4d4f1d76"}
{"index": {"_index":"pob","_id":"3252725"}}
	{"id":3252725,"type":"sell","buyer":"trostparadox","seller":"dswap","symbol":"POB","quantity":"6.47941436","price":"0.02000020","timestamp":1650583209,"volume":"0.12958958","buyTxId":"d1377aecb431ba5ec5571500da7b53a72203115b","sellTxId":"ebed0c7ce59e0dacd7610a8357f0024f4d4f1d76"}
{"index": {"_index":"pob","_id":"3252737"}}
	{"id":3252737,"type":"sell","buyer":"trostparadox","seller":"andy4475","symbol":"POB","quantity":"45.01137648","price":"0.02000020","timestamp":1650583269,"volume":"0.90023653","buyTxId":"d1377aecb431ba5ec5571500da7b53a72203115b","sellTxId":"d45466f202853c926a730c6ccbaee44fc114eb3a"}
{"index": {"_index":"pob","_id":"3252790"}}
	{"id":3252790,"type":"sell","buyer":"trostparadox","seller":"dswap","symbol":"POB","quantity":"24.82012042","price":"0.02000020","timestamp":1650583893,"volume":"0.49640737","buyTxId":"d1377aecb431ba5ec5571500da7b53a72203115b","sellTxId":"e533e5f3c1e452b0894f985fde2b80c390c968fe"}
{"index": {"_index":"pob","_id":"3252837"}}
	{"id":3252837,"type":"buy","buyer":"holovision","seller":"yintercept","symbol":"POB","quantity":"4.62672082","price":"0.02220000","timestamp":1650584523,"volume":"0.10271320","buyTxId":"7738657d68261271a49530d4674e2877cfa77604","sellTxId":"110425a3c283b09aa31878850b4b54606695e18b"}
{"index": {"_index":"pob","_id":"3252838"}}
	{"id":3252838,"type":"buy","buyer":"holovision","seller":"harveyword","symbol":"POB","quantity":"15.18156003","price":"0.02240000","timestamp":1650584523,"volume":"0.34006694","buyTxId":"7738657d68261271a49530d4674e2877cfa77604","sellTxId":"e00cf4254ff7744d91ff79f627947236b3175689"}
{"index": {"_index":"pob","_id":"3252839"}}
	{"id":3252839,"type":"buy","buyer":"holovision","seller":"kemmyb","symbol":"POB","quantity":"0.19171915","price":"0.02250000","timestamp":1650584523,"volume":"0.00431368","buyTxId":"7738657d68261271a49530d4674e2877cfa77604","sellTxId":"611ed650b362c73df6b6b5fb7ec21bb281d46d8a"}
{"index": {"_index":"pob","_id":"3252843"}}
	{"id":3252843,"type":"buy","buyer":"holovision","seller":"kemmyb","symbol":"POB","quantity":"3.00000000","price":"0.02250000","timestamp":1650584556,"volume":"0.06750000","buyTxId":"980fb04e03ca6e19305f47853046e8faf7f23005","sellTxId":"611ed650b362c73df6b6b5fb7ec21bb281d46d8a"}
{"index": {"_index":"pob","_id":"3252921"}}
	{"id":3252921,"type":"sell","buyer":"yintercept","seller":"shiftrox","symbol":"POB","quantity":"5.08481188","price":"0.02020000","timestamp":1650585615,"volume":"0.10271320","buyTxId":"5fa5c5455aa2ccb16daccedb2a0f70fe43506af6","sellTxId":"e23aba48e93160de6b20cd8f4d24b544bf53ed32"}
{"index": {"_index":"pob","_id":"3253026"}}
	{"id":3253026,"type":"buy","buyer":"holovision","seller":"shiftrox","symbol":"POB","quantity":"13.66401289","price":"0.02020000","timestamp":1650586548,"volume":"0.27601306","buyTxId":"04690fd6cf86fe1b937c7af5bd3c864b49fc4075","sellTxId":"e23aba48e93160de6b20cd8f4d24b544bf53ed32"}
{"index": {"_index":"pob","_id":"3253148"}}
	{"id":3253148,"type":"sell","buyer":"holovision","seller":"laritheghost","symbol":"POB","quantity":"1.56313253","price":"0.02100000","timestamp":1650587664,"volume":"0.03282578","buyTxId":"04690fd6cf86fe1b937c7af5bd3c864b49fc4075","sellTxId":"aebcc7cec0b3fbbe3cb8772f46e66eecadb04adc"}
{"index": {"_index":"pob","_id":"3253153"}}
	{"id":3253153,"type":"buy","buyer":"oople","seller":"kemmyb","symbol":"POB","quantity":"0.03104441","price":"0.02250000","timestamp":1650587718,"volume":"0.00069850","buyTxId":"65f0b25406dbeea607f6e5b6093aaef1ff9f83aa","sellTxId":"611ed650b362c73df6b6b5fb7ec21bb281d46d8a"}
{"index": {"_index":"pob","_id":"3253520"}}
	{"id":3253520,"type":"sell","buyer":"holovision","seller":"zdigital222","symbol":"POB","quantity":"10","price":"0.02100000","timestamp":1650591522,"volume":"0.21000000","buyTxId":"04690fd6cf86fe1b937c7af5bd3c864b49fc4075","sellTxId":"5b47759000887acaf6e5a36e1cb86774d54fa24d"}
{"index": {"_index":"pob","_id":"3253628"}}
	{"id":3253628,"type":"sell","buyer":"holovision","seller":"melbourneswest","symbol":"POB","quantity":"5","price":"0.02100000","timestamp":1650591948,"volume":"0.10500000","buyTxId":"04690fd6cf86fe1b937c7af5bd3c864b49fc4075","sellTxId":"04a4a9965a1cfd138e3904d7c9cd554f8ab7012f"}
{"index": {"_index":"pob","_id":"3253670"}}
	{"id":3253670,"type":"sell","buyer":"holovision","seller":"finris","symbol":"POB","quantity":"10.34676316","price":"0.02100000","timestamp":1650592515,"volume":"0.21728203","buyTxId":"04690fd6cf86fe1b937c7af5bd3c864b49fc4075","sellTxId":"9a578636a23b8acefbbb6a36239df7ae54e82250"}
{"index": {"_index":"pob","_id":"3253715"}}
	{"id":3253715,"type":"sell","buyer":"holovision","seller":"rose98734","symbol":"POB","quantity":"0.12962183","price":"0.02100000","timestamp":1650593067,"volume":"0.00272206","buyTxId":"04690fd6cf86fe1b937c7af5bd3c864b49fc4075","sellTxId":"009dba74f26d3952fbfd8d1b244eabb78f018ebb"}
{"index": {"_index":"pob","_id":"3253767"}}
	{"id":3253767,"type":"sell","buyer":"holovision","seller":"steem82868","symbol":"POB","quantity":"1.12072457","price":"0.02100000","timestamp":1650593718,"volume":"0.02353522","buyTxId":"04690fd6cf86fe1b937c7af5bd3c864b49fc4075","sellTxId":"24fd1d5677940735b8258c73b3df9db635e81d7b"}
{"index": {"_index":"pob","_id":"3253808"}}
	{"id":3253808,"type":"sell","buyer":"holovision","seller":"kenechukwu97","symbol":"POB","quantity":"58.17574502","price":"0.02100000","timestamp":1650594318,"volume":"1.22169065","buyTxId":"04690fd6cf86fe1b937c7af5bd3c864b49fc4075","sellTxId":"c40904d3e9a02d959086d1a68c0500147e1a8745"}
{"index": {"_index":"pob","_id":"3253825"}}
	{"id":3253825,"type":"sell","buyer":"trostparadox","seller":"kenechukwu97","symbol":"POB","quantity":"76.62846961","price":"0.02000020","timestamp":1650594504,"volume":"1.53258472","buyTxId":"d1377aecb431ba5ec5571500da7b53a72203115b","sellTxId":"beb549aa8ad34ed7f6ff765545b0bbe834dd5d34"}
