{"index": {"_index":"pob","_id":"1752562"}}
	{"id":1752562,"type":"sell","buyer":"gimme-your-coinz","seller":"trumpman","symbol":"POB","quantity":"18.95746561","price":"0.19010001","timestamp":1634781396,"volume":"3.60381440","buyTxId":"deeaec1b1fbe813ac6cef828ff4726bfd16fa4a8","sellTxId":"6eb2cbf18d725b4f79f10e3104297d3899acb1f8"}
{"index": {"_index":"pob","_id":"1752563"}}
	{"id":1752563,"type":"sell","buyer":"gimme-your-coinz","seller":"trumpman","symbol":"POB","quantity":"8.49766248","price":"0.19010001","timestamp":1634781396,"volume":"1.61540572","buyTxId":"a0ff7bf3f9e968107ebed7f36e0cceaae0341abc","sellTxId":"6eb2cbf18d725b4f79f10e3104297d3899acb1f8"}
{"index": {"_index":"pob","_id":"1752709"}}
	{"id":1752709,"type":"sell","buyer":"gimme-your-coinz","seller":"sn0n","symbol":"POB","quantity":"2.70888735","price":"0.19010001","timestamp":1634782620,"volume":"0.51495951","buyTxId":"a0ff7bf3f9e968107ebed7f36e0cceaae0341abc","sellTxId":"1090cce668dca6fa3733951267337c113fea68ad"}
{"index": {"_index":"pob","_id":"1752740"}}
	{"id":1752740,"type":"sell","buyer":"gimme-your-coinz","seller":"leotof","symbol":"POB","quantity":"32.79345017","price":"0.19010001","timestamp":1634782869,"volume":"6.23403521","buyTxId":"a0ff7bf3f9e968107ebed7f36e0cceaae0341abc","sellTxId":"ccaa20f30ef937a52dc75c0a50742592480e0404"}
{"index": {"_index":"pob","_id":"1752741"}}
	{"id":1752741,"type":"sell","buyer":"barski","seller":"leotof","symbol":"POB","quantity":"9.59181062","price":"0.19010000","timestamp":1634782869,"volume":"1.82340320","buyTxId":"86c08e5470ac2cf65398a2c745d7540b90bd8c66","sellTxId":"ccaa20f30ef937a52dc75c0a50742592480e0404"}
{"index": {"_index":"pob","_id":"1752744"}}
	{"id":1752744,"type":"sell","buyer":"gimme-your-coinz","seller":"leotof","symbol":"POB","quantity":"26.00000000","price":"0.19010001","timestamp":1634782905,"volume":"4.94260026","buyTxId":"9070a80e8e3a8b9a0be030bbb036b900c2f08cc0","sellTxId":"5cacf5dabc5596adfd64839ecdd1cfdee9dd5b57"}
{"index": {"_index":"pob","_id":"1752747"}}
	{"id":1752747,"type":"sell","buyer":"gimme-your-coinz","seller":"leotof","symbol":"POB","quantity":"18.00000000","price":"0.19010001","timestamp":1634782977,"volume":"3.42180018","buyTxId":"9070a80e8e3a8b9a0be030bbb036b900c2f08cc0","sellTxId":"faeea06ef75c1021162beacab5a7d84257bcbf11"}
{"index": {"_index":"pob","_id":"1752749"}}
	{"id":1752749,"type":"sell","buyer":"gimme-your-coinz","seller":"leotof","symbol":"POB","quantity":"32.73449000","price":"0.19010001","timestamp":1634783019,"volume":"6.22282688","buyTxId":"936fa75db44d2b27310bc17f8a1114bd1e607b99","sellTxId":"377532badc70f288e05b2f4bf02b203b006feee7"}
{"index": {"_index":"pob","_id":"1752762"}}
	{"id":1752762,"type":"sell","buyer":"gimme-your-coinz","seller":"delight200","symbol":"POB","quantity":"11.26551000","price":"0.19010001","timestamp":1634783139,"volume":"2.14157356","buyTxId":"936fa75db44d2b27310bc17f8a1114bd1e607b99","sellTxId":"ef3ca8713d3efb7931060cff332097873ffb9fd4"}
{"index": {"_index":"pob","_id":"1752763"}}
	{"id":1752763,"type":"sell","buyer":"gimme-your-coinz","seller":"delight200","symbol":"POB","quantity":"20.73449000","price":"0.19010001","timestamp":1634783139,"volume":"3.94162676","buyTxId":"beb4afcd676731edb6a322e1316557833443399e","sellTxId":"ef3ca8713d3efb7931060cff332097873ffb9fd4"}
{"index": {"_index":"pob","_id":"1752766"}}
	{"id":1752766,"type":"sell","buyer":"gimme-your-coinz","seller":"delight200","symbol":"POB","quantity":"23.26551000","price":"0.19010001","timestamp":1634783178,"volume":"4.42277368","buyTxId":"beb4afcd676731edb6a322e1316557833443399e","sellTxId":"eb883f0e6f04689983e1b35eec538802c3e47c64"}
{"index": {"_index":"pob","_id":"1752767"}}
	{"id":1752767,"type":"sell","buyer":"barski","seller":"delight200","symbol":"POB","quantity":"8.73449000","price":"0.19010000","timestamp":1634783178,"volume":"1.66042655","buyTxId":"86c08e5470ac2cf65398a2c745d7540b90bd8c66","sellTxId":"eb883f0e6f04689983e1b35eec538802c3e47c64"}
{"index": {"_index":"pob","_id":"1752773"}}
	{"id":1752773,"type":"sell","buyer":"gimme-your-coinz","seller":"delight200","symbol":"POB","quantity":"15.59600000","price":"0.19010001","timestamp":1634783229,"volume":"2.96479976","buyTxId":"8a3971e8ccf9c7fd450fcb371160c4816df63cd4","sellTxId":"5d0413efd2d308c73ea4b0f7666590ee711ee5c3"}
{"index": {"_index":"pob","_id":"1752786"}}
	{"id":1752786,"type":"sell","buyer":"gimme-your-coinz","seller":"marilove22","symbol":"POB","quantity":"28.40400000","price":"0.19010001","timestamp":1634783370,"volume":"5.39960068","buyTxId":"8a3971e8ccf9c7fd450fcb371160c4816df63cd4","sellTxId":"47e8f4bb5ba4c13143b113b8152420ac8d63efee"}
{"index": {"_index":"pob","_id":"1752788"}}
	{"id":1752788,"type":"sell","buyer":"gimme-your-coinz","seller":"marilove22","symbol":"POB","quantity":"44.00000000","price":"0.19010001","timestamp":1634783409,"volume":"8.36440044","buyTxId":"d51f67558113c1a5ffa18cda8a8c3f442bcc7999","sellTxId":"900c656705ac5208531fce0108aac0942a7e3ad8"}
{"index": {"_index":"pob","_id":"1752792"}}
	{"id":1752792,"type":"sell","buyer":"gimme-your-coinz","seller":"marilove22","symbol":"POB","quantity":"1.12479502","price":"0.19010001","timestamp":1634783448,"volume":"0.21382354","buyTxId":"27c7800c10cbedb018608b41cac0e617e5ace1fc","sellTxId":"3296ea61da6584a7a69c3b6cfe36b0fabf159cdd"}
{"index": {"_index":"pob","_id":"1752802"}}
	{"id":1752802,"type":"sell","buyer":"gimme-your-coinz","seller":"hannahhive","symbol":"POB","quantity":"42.80000000","price":"0.19010001","timestamp":1634783580,"volume":"8.13628043","buyTxId":"27c7800c10cbedb018608b41cac0e617e5ace1fc","sellTxId":"b5f9b771487e30a0429f9b3d495a9d2365f43ac5"}
{"index": {"_index":"pob","_id":"1752804"}}
	{"id":1752804,"type":"sell","buyer":"gimme-your-coinz","seller":"hannahhive","symbol":"POB","quantity":"13.24900000","price":"0.19010002","timestamp":1634783622,"volume":"2.51863516","buyTxId":"51c765057d75a0ddf95c0c13a3f5966ae52fa7fb","sellTxId":"c8d24830a40dd1998b2e2f0645b7d70581fc3ef5"}
{"index": {"_index":"pob","_id":"1752823"}}
	{"id":1752823,"type":"sell","buyer":"gimme-your-coinz","seller":"hannahhive","symbol":"POB","quantity":"3.75100000","price":"0.19010002","timestamp":1634783766,"volume":"0.71306518","buyTxId":"51c765057d75a0ddf95c0c13a3f5966ae52fa7fb","sellTxId":"950d5d3cf33beed20f991f5ef07b38c72c09d8aa"}
{"index": {"_index":"pob","_id":"1752826"}}
	{"id":1752826,"type":"sell","buyer":"gimme-your-coinz","seller":"valor2s","symbol":"POB","quantity":"1.52216825","price":"0.19010002","timestamp":1634783778,"volume":"0.28936421","buyTxId":"51c765057d75a0ddf95c0c13a3f5966ae52fa7fb","sellTxId":"8fc679812c283691e9c99f8b65bf1998d390116f"}
{"index": {"_index":"pob","_id":"1752833"}}
	{"id":1752833,"type":"sell","buyer":"gimme-your-coinz","seller":"hannahhive","symbol":"POB","quantity":"25.47783175","price":"0.19010002","timestamp":1634783811,"volume":"4.84333633","buyTxId":"51c765057d75a0ddf95c0c13a3f5966ae52fa7fb","sellTxId":"ed3310062a8bc30fcb58b49387a81e21770995c5"}
{"index": {"_index":"pob","_id":"1752840"}}
	{"id":1752840,"type":"sell","buyer":"gimme-your-coinz","seller":"hannahhive","symbol":"POB","quantity":"32.24910570","price":"0.19010001","timestamp":1634783853,"volume":"6.13055532","buyTxId":"ef062af3961a59ec2b2f5cd1d2fca9beb510f122","sellTxId":"6dd1f4f7968ea1111b6d864867118809828e1086"}
{"index": {"_index":"pob","_id":"1752875"}}
	{"id":1752875,"type":"sell","buyer":"gimme-your-coinz","seller":"pobtrader","symbol":"POB","quantity":"6.52000000","price":"0.19010001","timestamp":1634784168,"volume":"1.23945207","buyTxId":"ef062af3961a59ec2b2f5cd1d2fca9beb510f122","sellTxId":"2303d431be62862c717e60be90db6a4624941f4a"}
{"index": {"_index":"pob","_id":"1752970"}}
	{"id":1752970,"type":"sell","buyer":"gimme-your-coinz","seller":"victoriabsb","symbol":"POB","quantity":"2.13757773","price":"0.19010001","timestamp":1634785872,"volume":"0.40635355","buyTxId":"ef062af3961a59ec2b2f5cd1d2fca9beb510f122","sellTxId":"8db04fb4534c8b2e30a039b67980f51848729c4f"}
{"index": {"_index":"pob","_id":"1753021"}}
	{"id":1753021,"type":"sell","buyer":"gimme-your-coinz","seller":"looking","symbol":"POB","quantity":"3.09331657","price":"0.19010001","timestamp":1634786712,"volume":"0.58803951","buyTxId":"ef062af3961a59ec2b2f5cd1d2fca9beb510f122","sellTxId":"15b41d5973c83245221719774b53bf390e4eb685"}
{"index": {"_index":"pob","_id":"1753022"}}
	{"id":1753022,"type":"sell","buyer":"barski","seller":"looking","symbol":"POB","quantity":"24.05896017","price":"0.19010000","timestamp":1634786712,"volume":"4.57360833","buyTxId":"86c08e5470ac2cf65398a2c745d7540b90bd8c66","sellTxId":"15b41d5973c83245221719774b53bf390e4eb685"}
{"index": {"_index":"pob","_id":"1753102"}}
	{"id":1753102,"type":"sell","buyer":"gimme-your-coinz","seller":"pobtrader","symbol":"POB","quantity":"44.00000000","price":"0.19009001","timestamp":1634787843,"volume":"8.36396044","buyTxId":"7e88ff385dc177921b2c9fdd1a813af2ffe10c04","sellTxId":"07463e9ae56d64677b855fb6145c73af2dfb119a"}
{"index": {"_index":"pob","_id":"1753103"}}
	{"id":1753103,"type":"sell","buyer":"barski","seller":"pobtrader","symbol":"POB","quantity":"56.00000000","price":"0.19009000","timestamp":1634787843,"volume":"10.64504000","buyTxId":"9e3de667aecf103858e9c3035faf15ab54e4fb6a","sellTxId":"07463e9ae56d64677b855fb6145c73af2dfb119a"}
{"index": {"_index":"pob","_id":"1753108"}}
	{"id":1753108,"type":"sell","buyer":"gimme-your-coinz","seller":"pobtrader","symbol":"POB","quantity":"16.00000000","price":"0.19009001","timestamp":1634787882,"volume":"3.04144016","buyTxId":"d7b10b0b1ec1f459f55543ca2b06236c5e1c1ea0","sellTxId":"bd3358b7e4a0fbfa4d55ea355e60d1059730f80c"}
{"index": {"_index":"pob","_id":"1753217"}}
	{"id":1753217,"type":"buy","buyer":"ahmetay","seller":"looking","symbol":"POB","quantity":"8.00000000","price":"0.19010000","timestamp":1634789565,"volume":"1.52080000","buyTxId":"386f28f44cc505e05a6ec1b694719c3505d30100","sellTxId":"15b41d5973c83245221719774b53bf390e4eb685"}
{"index": {"_index":"pob","_id":"1753236"}}
	{"id":1753236,"type":"sell","buyer":"gimme-your-coinz","seller":"risingstargame","symbol":"POB","quantity":"6.04878651","price":"0.19009001","timestamp":1634789940,"volume":"1.14981389","buyTxId":"d7b10b0b1ec1f459f55543ca2b06236c5e1c1ea0","sellTxId":"23d01500dd3beda3723ef45f72a5bf382bb8c209"}
{"index": {"_index":"pob","_id":"1753244"}}
	{"id":1753244,"type":"sell","buyer":"gimme-your-coinz","seller":"trentonlundy1","symbol":"POB","quantity":"0.00112851","price":"0.19009001","timestamp":1634790195,"volume":"0.00021452","buyTxId":"d7b10b0b1ec1f459f55543ca2b06236c5e1c1ea0","sellTxId":"bf8b0a155c2dbc88c61f2987a0e771dbd739aea8"}
{"index": {"_index":"pob","_id":"1753288"}}
	{"id":1753288,"type":"sell","buyer":"gimme-your-coinz","seller":"yemre","symbol":"POB","quantity":"0.69595121","price":"0.19009001","timestamp":1634790771,"volume":"0.13229337","buyTxId":"d7b10b0b1ec1f459f55543ca2b06236c5e1c1ea0","sellTxId":"323d9ffe93a2d20cf8de0bebef71f56160904b47"}
{"index": {"_index":"pob","_id":"1753309"}}
	{"id":1753309,"type":"sell","buyer":"gimme-your-coinz","seller":"cookaiss","symbol":"POB","quantity":"0.18000000","price":"0.19009001","timestamp":1634791131,"volume":"0.03421620","buyTxId":"d7b10b0b1ec1f459f55543ca2b06236c5e1c1ea0","sellTxId":"9791f18d720cd3dfa984173cd725018e1467f744"}
{"index": {"_index":"pob","_id":"1753316"}}
	{"id":1753316,"type":"sell","buyer":"gimme-your-coinz","seller":"preparedwombat","symbol":"POB","quantity":"2.79220534","price":"0.19009001","timestamp":1634791269,"volume":"0.53077034","buyTxId":"d7b10b0b1ec1f459f55543ca2b06236c5e1c1ea0","sellTxId":"66bfc6ec451bc263aa8053b4f55eb126842596ca"}
{"index": {"_index":"pob","_id":"1753376"}}
	{"id":1753376,"type":"sell","buyer":"gimme-your-coinz","seller":"dudeontheweb","symbol":"POB","quantity":"4.83964577","price":"0.19009001","timestamp":1634792235,"volume":"0.91996831","buyTxId":"d7b10b0b1ec1f459f55543ca2b06236c5e1c1ea0","sellTxId":"0d48af6628beff318d9dc6bf0b4f06f05007b047"}
{"index": {"_index":"pob","_id":"1753502"}}
	{"id":1753502,"type":"sell","buyer":"gimme-your-coinz","seller":"mightyrocklee","symbol":"POB","quantity":"0.67676179","price":"0.19009001","timestamp":1634794248,"volume":"0.12864566","buyTxId":"d7b10b0b1ec1f459f55543ca2b06236c5e1c1ea0","sellTxId":"ece8f5a37f6a95262ebf9e4731876b4df1e88bbd"}
{"index": {"_index":"pob","_id":"1753767"}}
	{"id":1753767,"type":"sell","buyer":"gimme-your-coinz","seller":"stickupboys","symbol":"POB","quantity":"8.90674827","price":"0.19009001","timestamp":1634796939,"volume":"1.69308387","buyTxId":"d7b10b0b1ec1f459f55543ca2b06236c5e1c1ea0","sellTxId":"5bfe47cf5001d3aec78418d3820c41234345d6b0"}
{"index": {"_index":"pob","_id":"1753824"}}
	{"id":1753824,"type":"buy","buyer":"thatcryptodave","seller":"looking","symbol":"POB","quantity":"2.49000000","price":"0.19010000","timestamp":1634797365,"volume":"0.47334900","buyTxId":"7e636f366d8dcf1156c3b3209f004103b8c61a33","sellTxId":"15b41d5973c83245221719774b53bf390e4eb685"}
{"index": {"_index":"pob","_id":"1753878"}}
	{"id":1753878,"type":"sell","buyer":"gimme-your-coinz","seller":"shebe","symbol":"POB","quantity":"1.46864267","price":"0.19009001","timestamp":1634797860,"volume":"0.27917430","buyTxId":"d7b10b0b1ec1f459f55543ca2b06236c5e1c1ea0","sellTxId":"f481696015618cae6d61d09414edbcac16a1c975"}
{"index": {"_index":"pob","_id":"1753907"}}
	{"id":1753907,"type":"sell","buyer":"gimme-your-coinz","seller":"jongolson","symbol":"POB","quantity":"17.07696810","price":"0.19009002","timestamp":1634798067,"volume":"3.24616121","buyTxId":"86a8e794b3b38eb038e8bd4e21cf93dd0f96d453","sellTxId":"3b7ca443c2b64cadd58c35234c99a9b60167ba06"}
{"index": {"_index":"pob","_id":"1753908"}}
	{"id":1753908,"type":"sell","buyer":"gimme-your-coinz","seller":"itharagaian","symbol":"POB","quantity":"0.01500000","price":"0.19009002","timestamp":1634798082,"volume":"0.00285135","buyTxId":"86a8e794b3b38eb038e8bd4e21cf93dd0f96d453","sellTxId":"b60c494fabeabfb4125339f8bbc2daa78bf0348e"}
{"index": {"_index":"pob","_id":"1753917"}}
	{"id":1753917,"type":"sell","buyer":"gimme-your-coinz","seller":"brunonacif","symbol":"POB","quantity":"6.90027032","price":"0.19009002","timestamp":1634798187,"volume":"1.31167252","buyTxId":"86a8e794b3b38eb038e8bd4e21cf93dd0f96d453","sellTxId":"42bc9f4ad071394bcc44e059e6145a14ed53ac3c"}
{"index": {"_index":"pob","_id":"1753972"}}
	{"id":1753972,"type":"sell","buyer":"gimme-your-coinz","seller":"precious008","symbol":"POB","quantity":"7.16000000","price":"0.19009002","timestamp":1634798520,"volume":"1.36104454","buyTxId":"86a8e794b3b38eb038e8bd4e21cf93dd0f96d453","sellTxId":"787eeb34692cfe5bc136dd724e70889380b3097d"}
{"index": {"_index":"pob","_id":"1753992"}}
	{"id":1753992,"type":"buy","buyer":"olympicdragon","seller":"looking","symbol":"POB","quantity":"7.89058390","price":"0.19010000","timestamp":1634798646,"volume":"1.5","buyTxId":"0172427ac951504fef77136c15ac75a1b48e4c84","sellTxId":"15b41d5973c83245221719774b53bf390e4eb685"}
{"index": {"_index":"pob","_id":"1754050"}}
	{"id":1754050,"type":"sell","buyer":"gimme-your-coinz","seller":"citywriter","symbol":"POB","quantity":"12.84776158","price":"0.19009002","timestamp":1634799054,"volume":"2.44223126","buyTxId":"86a8e794b3b38eb038e8bd4e21cf93dd0f96d453","sellTxId":"cfd43cadfa440a2006e70a76773bbc0a0715fdee"}
{"index": {"_index":"pob","_id":"1754056"}}
	{"id":1754056,"type":"sell","buyer":"gimme-your-coinz","seller":"citywriter","symbol":"POB","quantity":"4.77580174","price":"0.19009001","timestamp":1634799120,"volume":"0.90783220","buyTxId":"b3573f1e248b0b735b12331653e1ae431948af32","sellTxId":"a369bf94151da9c45a7af1cf2e2e08051b765c83"}
{"index": {"_index":"pob","_id":"1754090"}}
	{"id":1754090,"type":"sell","buyer":"gimme-your-coinz","seller":"hive-143869","symbol":"POB","quantity":"0.00150000","price":"0.19009001","timestamp":1634799420,"volume":"0.00028514","buyTxId":"b3573f1e248b0b735b12331653e1ae431948af32","sellTxId":"2b72d5673dad0a5375d47ac9872fcb2bebcdf96c"}
{"index": {"_index":"pob","_id":"1754140"}}
	{"id":1754140,"type":"sell","buyer":"gimme-your-coinz","seller":"ugochill","symbol":"POB","quantity":"0.00310000","price":"0.19009001","timestamp":1634799675,"volume":"0.00058928","buyTxId":"b3573f1e248b0b735b12331653e1ae431948af32","sellTxId":"18a4603626a7c0a01595d7d63bf323f7364b3056"}
{"index": {"_index":"pob","_id":"1754169"}}
	{"id":1754169,"type":"sell","buyer":"gimme-your-coinz","seller":"gillianpearce","symbol":"POB","quantity":"30.00000000","price":"0.19009001","timestamp":1634799756,"volume":"5.70270030","buyTxId":"b3573f1e248b0b735b12331653e1ae431948af32","sellTxId":"012e517d8492cc460ef6dd9ad39a7523fd3611cb"}
{"index": {"_index":"pob","_id":"1754252"}}
	{"id":1754252,"type":"buy","buyer":"ugochill","seller":"looking","symbol":"POB","quantity":"0.20000000","price":"0.19010000","timestamp":1634800416,"volume":"0.03802000","buyTxId":"43488094046cd5ba7acf7c61d2d953041e949814","sellTxId":"15b41d5973c83245221719774b53bf390e4eb685"}
{"index": {"_index":"pob","_id":"1754285"}}
	{"id":1754285,"type":"sell","buyer":"gimme-your-coinz","seller":"igwee","symbol":"POB","quantity":"9.21959826","price":"0.19009001","timestamp":1634800740,"volume":"1.75255352","buyTxId":"b3573f1e248b0b735b12331653e1ae431948af32","sellTxId":"dfae18b585f3d8fea587eb50634462f8d25b02b6"}
{"index": {"_index":"pob","_id":"1754286"}}
	{"id":1754286,"type":"sell","buyer":"barski","seller":"igwee","symbol":"POB","quantity":"11.98040174","price":"0.19009000","timestamp":1634800740,"volume":"2.27735457","buyTxId":"9e3de667aecf103858e9c3035faf15ab54e4fb6a","sellTxId":"dfae18b585f3d8fea587eb50634462f8d25b02b6"}
{"index": {"_index":"pob","_id":"1754313"}}
	{"id":1754313,"type":"buy","buyer":"barski","seller":"looking","symbol":"POB","quantity":"10.67609689","price":"0.19010000","timestamp":1634800998,"volume":"2.02952602","buyTxId":"ac95606ab2aaa9fc51a75ff3dcc653c2a3bce90d","sellTxId":"15b41d5973c83245221719774b53bf390e4eb685"}
{"index": {"_index":"pob","_id":"1754334"}}
	{"id":1754334,"type":"buy","buyer":"barski","seller":"hannahhive","symbol":"POB","quantity":"1.52216825","price":"0.19010002","timestamp":1634801202,"volume":"0.28936421","buyTxId":"dc7e7b39335c6ad3483df1fc5c340ff2884e410f","sellTxId":"ed3310062a8bc30fcb58b49387a81e21770995c5"}
{"index": {"_index":"pob","_id":"1754335"}}
	{"id":1754335,"type":"buy","buyer":"barski","seller":"shepz1","symbol":"POB","quantity":"1186.47783175","price":"0.19020000","timestamp":1634801202,"volume":"225.66808360","buyTxId":"dc7e7b39335c6ad3483df1fc5c340ff2884e410f","sellTxId":"9ff3465c5862700e186c1a5798fdddc87bc39101"}
{"index": {"_index":"pob","_id":"1754351"}}
	{"id":1754351,"type":"buy","buyer":"barski","seller":"shepz1","symbol":"POB","quantity":"142.00000000","price":"0.19020000","timestamp":1634801340,"volume":"27.00840000","buyTxId":"4e54d09970a38fbb856d8dbc6e10f2b236cd957f","sellTxId":"9ff3465c5862700e186c1a5798fdddc87bc39101"}
{"index": {"_index":"pob","_id":"1754359"}}
	{"id":1754359,"type":"buy","buyer":"barski","seller":"shepz1","symbol":"POB","quantity":"143.00000000","price":"0.19020000","timestamp":1634801445,"volume":"27.19860000","buyTxId":"d6275e792f85e3129462ca21b02bc9d3faa3ad27","sellTxId":"9ff3465c5862700e186c1a5798fdddc87bc39101"}
{"index": {"_index":"pob","_id":"1754363"}}
	{"id":1754363,"type":"buy","buyer":"barski","seller":"shepz1","symbol":"POB","quantity":"142.98413538","price":"0.19020000","timestamp":1634801517,"volume":"27.19558255","buyTxId":"251c5699bda515eae2f0e0d77860d3ce2fbe2a24","sellTxId":"9ff3465c5862700e186c1a5798fdddc87bc39101"}
{"index": {"_index":"pob","_id":"1754370"}}
	{"id":1754370,"type":"buy","buyer":"barski","seller":"shepz1","symbol":"POB","quantity":"142.58678233","price":"0.19020000","timestamp":1634801580,"volume":"27.12000600","buyTxId":"cc49c9125429039bb579a17adef71440c7969cc5","sellTxId":"9ff3465c5862700e186c1a5798fdddc87bc39101"}
{"index": {"_index":"pob","_id":"1754377"}}
	{"id":1754377,"type":"buy","buyer":"barski","seller":"shepz1","symbol":"POB","quantity":"142.58678233","price":"0.19020000","timestamp":1634801667,"volume":"27.12000600","buyTxId":"538b56d04741ffb2025c7ec268cbea34ee275b48","sellTxId":"9ff3465c5862700e186c1a5798fdddc87bc39101"}
{"index": {"_index":"pob","_id":"1754382"}}
	{"id":1754382,"type":"buy","buyer":"barski","seller":"shepz1","symbol":"POB","quantity":"142.58678233","price":"0.19020000","timestamp":1634801727,"volume":"27.12000600","buyTxId":"b32c64c6c29fd5b91ec63692fda1bb2f06a8391f","sellTxId":"9ff3465c5862700e186c1a5798fdddc87bc39101"}
{"index": {"_index":"pob","_id":"1754394"}}
	{"id":1754394,"type":"buy","buyer":"barski","seller":"shepz1","symbol":"POB","quantity":"132.86195809","price":"0.19020000","timestamp":1634801817,"volume":"25.27034443","buyTxId":"a6627eee5c791f36b5e9fd6d4d17901a99eded46","sellTxId":"9ff3465c5862700e186c1a5798fdddc87bc39101"}
{"index": {"_index":"pob","_id":"1754560"}}
	{"id":1754560,"type":"sell","buyer":"gimme-your-coinz","seller":"barbarabezina","symbol":"POB","quantity":"16.51399540","price":"0.19020001","timestamp":1634803800,"volume":"3.14096209","buyTxId":"6b30d1bf58b831853d1d450e6d2cc498edb01df2","sellTxId":"31b8e846088f9c0ecc5552e2af1054f0feaafdeb"}
{"index": {"_index":"pob","_id":"1754568"}}
	{"id":1754568,"type":"sell","buyer":"gimme-your-coinz","seller":"brofi-market","symbol":"POB","quantity":"8.80208222","price":"0.19020001","timestamp":1634803848,"volume":"1.67415613","buyTxId":"6b30d1bf58b831853d1d450e6d2cc498edb01df2","sellTxId":"b58510d84d59350251120c76c5515aee7766ebeb"}
{"index": {"_index":"pob","_id":"1754629"}}
	{"id":1754629,"type":"sell","buyer":"gimme-your-coinz","seller":"sztorm","symbol":"POB","quantity":"4.97040544","price":"0.19020001","timestamp":1634804814,"volume":"0.94537116","buyTxId":"6b30d1bf58b831853d1d450e6d2cc498edb01df2","sellTxId":"f5bca7d27bd7db27fe3f9cc9c8d905944ad3f71e"}
{"index": {"_index":"pob","_id":"1754665"}}
	{"id":1754665,"type":"sell","buyer":"gimme-your-coinz","seller":"barbarabezina","symbol":"POB","quantity":"0.87607893","price":"0.19020001","timestamp":1634805123,"volume":"0.16663022","buyTxId":"6b30d1bf58b831853d1d450e6d2cc498edb01df2","sellTxId":"05c95410903bffaee1ff3a2f414d83a4fe9a7cc4"}
{"index": {"_index":"pob","_id":"1754720"}}
	{"id":1754720,"type":"sell","buyer":"gimme-your-coinz","seller":"ugochill","symbol":"POB","quantity":"0.28000000","price":"0.19020001","timestamp":1634805960,"volume":"0.05325600","buyTxId":"6b30d1bf58b831853d1d450e6d2cc498edb01df2","sellTxId":"b207e814be72b5344a18f468f9948fee52865088"}
{"index": {"_index":"pob","_id":"1754880"}}
	{"id":1754880,"type":"buy","buyer":"darnm","seller":"ironshield","symbol":"POB","quantity":"6.20000000","price":"0.19909000","timestamp":1634808897,"volume":"1.23435800","buyTxId":"8033eaefd959709039c4eca98fe80a8c9ba9ad65","sellTxId":"e29f3ae4358487acb5cc8ad40005e32970cc402f"}
{"index": {"_index":"pob","_id":"1754889"}}
	{"id":1754889,"type":"buy","buyer":"darnm","seller":"ironshield","symbol":"POB","quantity":"0.06517252","price":"0.19909000","timestamp":1634809053,"volume":"0.01297520","buyTxId":"0854725429fd24b33228d35434add57228b6d62b","sellTxId":"e29f3ae4358487acb5cc8ad40005e32970cc402f"}
{"index": {"_index":"pob","_id":"1754890"}}
	{"id":1754890,"type":"buy","buyer":"darnm","seller":"brofi-market","symbol":"POB","quantity":"8.73482748","price":"0.19909000","timestamp":1634809053,"volume":"1.73901680","buyTxId":"0854725429fd24b33228d35434add57228b6d62b","sellTxId":"96fcd9b69408f435ec9733e77b92f95d9abf2c0e"}
{"index": {"_index":"pob","_id":"1754901"}}
	{"id":1754901,"type":"sell","buyer":"gimme-your-coinz","seller":"jdike","symbol":"POB","quantity":"0.85061970","price":"0.19100001","timestamp":1634809215,"volume":"0.16246837","buyTxId":"f6d12079a34493817ffac93f4dadc5cd618ba29f","sellTxId":"e80bf01d9869c9688e7a30b05511c33f7871e3ab"}
{"index": {"_index":"pob","_id":"1754902"}}
	{"id":1754902,"type":"buy","buyer":"darnm","seller":"brofi-market","symbol":"POB","quantity":"0.06725474","price":"0.19909000","timestamp":1634809227,"volume":"0.01338975","buyTxId":"9fd819bb89331e52c22b8d75fb4c3a3f6dcc672a","sellTxId":"96fcd9b69408f435ec9733e77b92f95d9abf2c0e"}
{"index": {"_index":"pob","_id":"1754903"}}
	{"id":1754903,"type":"buy","buyer":"darnm","seller":"take-my-coinz","symbol":"POB","quantity":"21.98392915","price":"0.19999998","timestamp":1634809227,"volume":"4.39678539","buyTxId":"9fd819bb89331e52c22b8d75fb4c3a3f6dcc672a","sellTxId":"40f431b1ef698f90a22f5a056b105e4b6c5de47e"}
{"index": {"_index":"pob","_id":"1754904"}}
	{"id":1754904,"type":"buy","buyer":"darnm","seller":"offgridlife","symbol":"POB","quantity":"1.84740394","price":"0.20000000","timestamp":1634809227,"volume":"0.36948079","buyTxId":"9fd819bb89331e52c22b8d75fb4c3a3f6dcc672a","sellTxId":"51b5113cdbae25b42455e715dd1124e0d6445899"}
{"index": {"_index":"pob","_id":"1754922"}}
	{"id":1754922,"type":"buy","buyer":"darnm","seller":"take-my-coinz","symbol":"POB","quantity":"22.00000000","price":"0.20009998","timestamp":1634809674,"volume":"4.40219956","buyTxId":"9c52170d86b102971ef8c31ca8eb550254270193","sellTxId":"39d04612a175d27e3fe7793ab1ef53ecdf1bfe0a"}
{"index": {"_index":"pob","_id":"1754923"}}
	{"id":1754923,"type":"buy","buyer":"darnm","seller":"thenakedtruth","symbol":"POB","quantity":"0.29907356","price":"0.20010000","timestamp":1634809674,"volume":"0.05984462","buyTxId":"9c52170d86b102971ef8c31ca8eb550254270193","sellTxId":"8d8eb32d7ff460a46c41f94004278335a013aba7"}
{"index": {"_index":"pob","_id":"1754924"}}
	{"id":1754924,"type":"buy","buyer":"darnm","seller":"ganjafarmer","symbol":"POB","quantity":"6.70092644","price":"0.20010000","timestamp":1634809674,"volume":"1.34085538","buyTxId":"9c52170d86b102971ef8c31ca8eb550254270193","sellTxId":"5b212fa525ebf3f74b46a43d82e6a928ebbb3b4e"}
{"index": {"_index":"pob","_id":"1754925"}}
	{"id":1754925,"type":"buy","buyer":"darnm","seller":"take-my-coinz","symbol":"POB","quantity":"22.00000000","price":"0.20009998","timestamp":1634809737,"volume":"4.40219956","buyTxId":"249f3847a5cc4337fcbc2ea34331b50b2fc8b6e6","sellTxId":"17a496dea17e0936153dc5c632bd884e1d17c438"}
{"index": {"_index":"pob","_id":"1754926"}}
	{"id":1754926,"type":"buy","buyer":"darnm","seller":"ganjafarmer","symbol":"POB","quantity":"1.18942919","price":"0.20010000","timestamp":1634809737,"volume":"0.23800478","buyTxId":"249f3847a5cc4337fcbc2ea34331b50b2fc8b6e6","sellTxId":"5b212fa525ebf3f74b46a43d82e6a928ebbb3b4e"}
{"index": {"_index":"pob","_id":"1754927"}}
	{"id":1754927,"type":"buy","buyer":"darnm","seller":"kemmyb","symbol":"POB","quantity":"1.01057081","price":"0.20100000","timestamp":1634809737,"volume":"0.20312473","buyTxId":"249f3847a5cc4337fcbc2ea34331b50b2fc8b6e6","sellTxId":"33cba137035f8bcd8b00998c6fc70a89ffc85505"}
{"index": {"_index":"pob","_id":"1754965"}}
	{"id":1754965,"type":"sell","buyer":"gimme-your-coinz","seller":"rytre","symbol":"POB","quantity":"2.50000000","price":"0.19100001","timestamp":1634810250,"volume":"0.47750003","buyTxId":"f6d12079a34493817ffac93f4dadc5cd618ba29f","sellTxId":"c8442fbac478b31bbf39ffaec6f1d1504baa7054"}
{"index": {"_index":"pob","_id":"1754971"}}
	{"id":1754971,"type":"sell","buyer":"gimme-your-coinz","seller":"vanidike","symbol":"POB","quantity":"1.12622964","price":"0.19100001","timestamp":1634810307,"volume":"0.21510987","buyTxId":"f6d12079a34493817ffac93f4dadc5cd618ba29f","sellTxId":"07eaf062e05d1d216d61c5e7d195e9cf24f5a528"}
{"index": {"_index":"pob","_id":"1755006"}}
	{"id":1755006,"type":"sell","buyer":"gimme-your-coinz","seller":"lanub","symbol":"POB","quantity":"39.52315066","price":"0.19100001","timestamp":1634810661,"volume":"7.54892217","buyTxId":"f6d12079a34493817ffac93f4dadc5cd618ba29f","sellTxId":"910c8800b37d2f83050ed99d965bb3a8c868f899"}
{"index": {"_index":"pob","_id":"1755007"}}
	{"id":1755007,"type":"sell","buyer":"interpretation","seller":"lanub","symbol":"POB","quantity":"241.47684934","price":"0.19100000","timestamp":1634810661,"volume":"46.12207822","buyTxId":"10fd429e8abcf8dc93eb608506cad28ffdfcc9f6","sellTxId":"910c8800b37d2f83050ed99d965bb3a8c868f899"}
{"index": {"_index":"pob","_id":"1755049"}}
	{"id":1755049,"type":"sell","buyer":"gimme-your-coinz","seller":"hamony","symbol":"POB","quantity":"44.00000000","price":"0.19100001","timestamp":1634811099,"volume":"8.40400044","buyTxId":"2cc787d5d59dcc07d016aaf3e76d809328ccc052","sellTxId":"60551ba94b95864197613c5735a090a9cd4b8e20"}
{"index": {"_index":"pob","_id":"1755050"}}
	{"id":1755050,"type":"sell","buyer":"gimme-your-coinz","seller":"hamony","symbol":"POB","quantity":"44.00000000","price":"0.19100001","timestamp":1634811099,"volume":"8.40400044","buyTxId":"bfd9d726eb34caf1da0f4c3a048e162a10405b7d","sellTxId":"60551ba94b95864197613c5735a090a9cd4b8e20"}
{"index": {"_index":"pob","_id":"1755051"}}
	{"id":1755051,"type":"sell","buyer":"interpretation","seller":"hamony","symbol":"POB","quantity":"102.00000000","price":"0.19100000","timestamp":1634811099,"volume":"19.48200000","buyTxId":"10fd429e8abcf8dc93eb608506cad28ffdfcc9f6","sellTxId":"60551ba94b95864197613c5735a090a9cd4b8e20"}
{"index": {"_index":"pob","_id":"1755073"}}
	{"id":1755073,"type":"buy","buyer":"uyobong","seller":"take-my-coinz","symbol":"POB","quantity":"22.00000000","price":"0.19999998","timestamp":1634811414,"volume":"4.39999956","buyTxId":"a4db66de3e6b466f221b4afeebb90f25fb79a43a","sellTxId":"214cc9895b71881c83adce57ee1e4a3121c1f922"}
{"index": {"_index":"pob","_id":"1755074"}}
	{"id":1755074,"type":"buy","buyer":"uyobong","seller":"jersteemit","symbol":"POB","quantity":"17.88656020","price":"0.20000000","timestamp":1634811414,"volume":"3.57731204","buyTxId":"a4db66de3e6b466f221b4afeebb90f25fb79a43a","sellTxId":"bd2a1586ba6c73e1fb8d9f0d6784b2c3a6d9358a"}
{"index": {"_index":"pob","_id":"1755075"}}
	{"id":1755075,"type":"buy","buyer":"uyobong","seller":"kemmyb","symbol":"POB","quantity":"8.98942919","price":"0.20100000","timestamp":1634811414,"volume":"1.80687527","buyTxId":"a4db66de3e6b466f221b4afeebb90f25fb79a43a","sellTxId":"33cba137035f8bcd8b00998c6fc70a89ffc85505"}
{"index": {"_index":"pob","_id":"1755076"}}
	{"id":1755076,"type":"buy","buyer":"uyobong","seller":"slobberchops","symbol":"POB","quantity":"24.26671543","price":"0.20499000","timestamp":1634811414,"volume":"4.97443400","buyTxId":"a4db66de3e6b466f221b4afeebb90f25fb79a43a","sellTxId":"87ed4760b1b5c3d1ce4c537e760d8c380782a54b"}
{"index": {"_index":"pob","_id":"1755077"}}
	{"id":1755077,"type":"buy","buyer":"uyobong","seller":"kemmyb","symbol":"POB","quantity":"10.00000000","price":"0.20600000","timestamp":1634811414,"volume":"2.06000000","buyTxId":"a4db66de3e6b466f221b4afeebb90f25fb79a43a","sellTxId":"95f79b0592dbe0daa9a4ae25ad6c9748d983b3ad"}
{"index": {"_index":"pob","_id":"1755078"}}
	{"id":1755078,"type":"buy","buyer":"uyobong","seller":"nonsowrites","symbol":"POB","quantity":"16.85729518","price":"0.20700000","timestamp":1634811414,"volume":"3.48946010","buyTxId":"a4db66de3e6b466f221b4afeebb90f25fb79a43a","sellTxId":"0170350d2680f06b9fdb583f235810dc1aed09fa"}
{"index": {"_index":"pob","_id":"1755086"}}
	{"id":1755086,"type":"buy","buyer":"uyobong","seller":"take-my-coinz","symbol":"POB","quantity":"22.00000000","price":"0.20699998","timestamp":1634811507,"volume":"4.55399956","buyTxId":"230e73e534f0da0d341a714020fd6e67dff5776b","sellTxId":"89b5f41b66480dc98c26f4845279bfa9a6c30622"}
{"index": {"_index":"pob","_id":"1755087"}}
	{"id":1755087,"type":"buy","buyer":"uyobong","seller":"nonsowrites","symbol":"POB","quantity":"3.14270482","price":"0.20700000","timestamp":1634811507,"volume":"0.65053990","buyTxId":"230e73e534f0da0d341a714020fd6e67dff5776b","sellTxId":"0170350d2680f06b9fdb583f235810dc1aed09fa"}
{"index": {"_index":"pob","_id":"1755088"}}
	{"id":1755088,"type":"buy","buyer":"uyobong","seller":"ganjafarmer","symbol":"POB","quantity":"7.21163534","price":"0.20990000","timestamp":1634811507,"volume":"1.51372226","buyTxId":"230e73e534f0da0d341a714020fd6e67dff5776b","sellTxId":"8e5a3b80e0a7f557ffbbfa5afc3315a87e3c0e3f"}
{"index": {"_index":"pob","_id":"1755089"}}
	{"id":1755089,"type":"buy","buyer":"uyobong","seller":"occidae","symbol":"POB","quantity":"3.25280389","price":"0.20999000","timestamp":1634811507,"volume":"0.68305629","buyTxId":"230e73e534f0da0d341a714020fd6e67dff5776b","sellTxId":"e62bf40127de7c1be1109971caab93521a28b51e"}
{"index": {"_index":"pob","_id":"1755090"}}
	{"id":1755090,"type":"buy","buyer":"uyobong","seller":"disonreign","symbol":"POB","quantity":"1.62955332","price":"0.20999995","timestamp":1634811507,"volume":"0.34220612","buyTxId":"230e73e534f0da0d341a714020fd6e67dff5776b","sellTxId":"bdea2c42c62beda43f5837d13134cce57d7ec489"}
{"index": {"_index":"pob","_id":"1755091"}}
	{"id":1755091,"type":"buy","buyer":"uyobong","seller":"toofasteddie","symbol":"POB","quantity":"3.09809487","price":"0.20999997","timestamp":1634811507,"volume":"0.65059983","buyTxId":"230e73e534f0da0d341a714020fd6e67dff5776b","sellTxId":"5e273f362269e54f95ddc7bc3cf6fdcc82085541"}
{"index": {"_index":"pob","_id":"1755092"}}
	{"id":1755092,"type":"buy","buyer":"uyobong","seller":"insight.pob","symbol":"POB","quantity":"59.66520776","price":"0.21000000","timestamp":1634811507,"volume":"12.52969363","buyTxId":"230e73e534f0da0d341a714020fd6e67dff5776b","sellTxId":"7bb6351fbd52b70b1824866b366027c1aed45ac1"}
{"index": {"_index":"pob","_id":"1755098"}}
	{"id":1755098,"type":"sell","buyer":"uyobong","seller":"hermansa","symbol":"POB","quantity":"1.29000000","price":"0.19500000","timestamp":1634811543,"volume":"0.25155000","buyTxId":"812a8974f4c5d8a6d0994f9f8f1a0482339e9a51","sellTxId":"ac6af507405b0603d2f71b76eb2d187cd4689e1e"}
{"index": {"_index":"pob","_id":"1755109"}}
	{"id":1755109,"type":"sell","buyer":"uyobong","seller":"offgridlife","symbol":"POB","quantity":"4.00000000","price":"0.19500000","timestamp":1634811681,"volume":"0.78000000","buyTxId":"812a8974f4c5d8a6d0994f9f8f1a0482339e9a51","sellTxId":"3e5b1acc448fe34fb39ecc9102312ff10276bc01"}
{"index": {"_index":"pob","_id":"1755165"}}
	{"id":1755165,"type":"buy","buyer":"salvadornkpara","seller":"schlees","symbol":"POB","quantity":"1.55586654","price":"0.20000000","timestamp":1634812446,"volume":"0.31117331","buyTxId":"61f6b9a0cf019bddb29aa17e5367e2ce8e22d91e","sellTxId":"ce1f0eaaddc7387941c71d2779311b84f268a5dd"}
{"index": {"_index":"pob","_id":"1755200"}}
	{"id":1755200,"type":"buy","buyer":"salvadornkpara","seller":"insight.pob","symbol":"POB","quantity":"17.00000000","price":"0.21000000","timestamp":1634813004,"volume":"3.57000000","buyTxId":"5310895d337c76a2178a24bbd440e3210b7dd6ee","sellTxId":"7bb6351fbd52b70b1824866b366027c1aed45ac1"}
{"index": {"_index":"pob","_id":"1755209"}}
	{"id":1755209,"type":"sell","buyer":"uyobong","seller":"corporateay","symbol":"POB","quantity":"48.07087793","price":"0.19500000","timestamp":1634813082,"volume":"9.37382120","buyTxId":"812a8974f4c5d8a6d0994f9f8f1a0482339e9a51","sellTxId":"937ca969e9352d93fa4957146bef4855e042e138"}
{"index": {"_index":"pob","_id":"1755231"}}
	{"id":1755231,"type":"sell","buyer":"uyobong","seller":"melbourneswest","symbol":"POB","quantity":"1.41186888","price":"0.19500000","timestamp":1634813298,"volume":"0.27531443","buyTxId":"812a8974f4c5d8a6d0994f9f8f1a0482339e9a51","sellTxId":"dc7e2205f8ed00c529beea64522f7f77c809944e"}
{"index": {"_index":"pob","_id":"1755270"}}
	{"id":1755270,"type":"sell","buyer":"uyobong","seller":"jacoalberts","symbol":"POB","quantity":"11.00000000","price":"0.19500000","timestamp":1634813940,"volume":"2.14500000","buyTxId":"812a8974f4c5d8a6d0994f9f8f1a0482339e9a51","sellTxId":"f2385859835e63dcab0c2372de1728d6ea98f288"}
{"index": {"_index":"pob","_id":"1755291"}}
	{"id":1755291,"type":"sell","buyer":"uyobong","seller":"oscarpower55","symbol":"POB","quantity":"9.71559965","price":"0.19500000","timestamp":1634814228,"volume":"1.89454193","buyTxId":"812a8974f4c5d8a6d0994f9f8f1a0482339e9a51","sellTxId":"61a9130b17b813a6b1ce5278a1808553db11988d"}
{"index": {"_index":"pob","_id":"1755394"}}
	{"id":1755394,"type":"sell","buyer":"uyobong","seller":"felixgarciap","symbol":"POB","quantity":"1.54089657","price":"0.19500000","timestamp":1634815452,"volume":"0.30047483","buyTxId":"812a8974f4c5d8a6d0994f9f8f1a0482339e9a51","sellTxId":"22d53e717610d1d51e5b0fa9f52186433c9eb444"}
{"index": {"_index":"pob","_id":"1755423"}}
	{"id":1755423,"type":"sell","buyer":"uyobong","seller":"gillianpearce","symbol":"POB","quantity":"100.00000000","price":"0.19500000","timestamp":1634815806,"volume":"19.50000000","buyTxId":"812a8974f4c5d8a6d0994f9f8f1a0482339e9a51","sellTxId":"30e50430013f97eea322a69a85e0a0494939e85f"}
{"index": {"_index":"pob","_id":"1755433"}}
	{"id":1755433,"type":"sell","buyer":"uyobong","seller":"zainalbakri","symbol":"POB","quantity":"9.21828121","price":"0.19500000","timestamp":1634815947,"volume":"1.79756484","buyTxId":"812a8974f4c5d8a6d0994f9f8f1a0482339e9a51","sellTxId":"b4668ef13d87db1f3432e635a6c0a55d55fdf9e1"}
{"index": {"_index":"pob","_id":"1755447"}}
	{"id":1755447,"type":"sell","buyer":"uyobong","seller":"krevasilis","symbol":"POB","quantity":"31.85258737","price":"0.19500000","timestamp":1634816061,"volume":"6.21125454","buyTxId":"812a8974f4c5d8a6d0994f9f8f1a0482339e9a51","sellTxId":"c507d57c77877726ded887aa555ddbff07e28920"}
{"index": {"_index":"pob","_id":"1755479"}}
	{"id":1755479,"type":"sell","buyer":"uyobong","seller":"elizabetamt","symbol":"POB","quantity":"0.05105071","price":"0.19500000","timestamp":1634816439,"volume":"0.00995489","buyTxId":"812a8974f4c5d8a6d0994f9f8f1a0482339e9a51","sellTxId":"6b0d312bf5f18527042f06a9f58e864549e9fd64"}
{"index": {"_index":"pob","_id":"1755584"}}
	{"id":1755584,"type":"sell","buyer":"uyobong","seller":"andy4475","symbol":"POB","quantity":"1.72144994","price":"0.19500000","timestamp":1634817774,"volume":"0.33568274","buyTxId":"812a8974f4c5d8a6d0994f9f8f1a0482339e9a51","sellTxId":"54224e525f230d0c90ebea6b038735ad53c817bd"}
{"index": {"_index":"pob","_id":"1755622"}}
	{"id":1755622,"type":"sell","buyer":"uyobong","seller":"mawit07","symbol":"POB","quantity":"5.26959484","price":"0.19500000","timestamp":1634818257,"volume":"1.02757099","buyTxId":"812a8974f4c5d8a6d0994f9f8f1a0482339e9a51","sellTxId":"4dd25fb7c6998d0e1dcd10367f7df9c65637e6af"}
{"index": {"_index":"pob","_id":"1755673"}}
	{"id":1755673,"type":"sell","buyer":"uyobong","seller":"numpypython","symbol":"POB","quantity":"0.51221412","price":"0.19500000","timestamp":1634818731,"volume":"0.09988175","buyTxId":"812a8974f4c5d8a6d0994f9f8f1a0482339e9a51","sellTxId":"434305e93525f0e69435ff55cb18a22f51ce6970"}
{"index": {"_index":"pob","_id":"1755949"}}
	{"id":1755949,"type":"sell","buyer":"uyobong","seller":"ugochill","symbol":"POB","quantity":"0.00140000","price":"0.19500000","timestamp":1634821749,"volume":"0.00027300","buyTxId":"812a8974f4c5d8a6d0994f9f8f1a0482339e9a51","sellTxId":"34cf1fea532f942f4a6ad0ea8d6ce532016d5277"}
{"index": {"_index":"pob","_id":"1755973"}}
	{"id":1755973,"type":"sell","buyer":"uyobong","seller":"chuchoafonso","symbol":"POB","quantity":"14.57230398","price":"0.19500000","timestamp":1634822115,"volume":"2.84159928","buyTxId":"812a8974f4c5d8a6d0994f9f8f1a0482339e9a51","sellTxId":"8e466085f64541fe9fe70a0a95d493d5de80c179"}
{"index": {"_index":"pob","_id":"1756038"}}
	{"id":1756038,"type":"sell","buyer":"uyobong","seller":"stayoutoftherz","symbol":"POB","quantity":"4.96000000","price":"0.19500000","timestamp":1634822910,"volume":"0.96720000","buyTxId":"812a8974f4c5d8a6d0994f9f8f1a0482339e9a51","sellTxId":"cc277f7fea0b6ca75580d064045973b009f94a4b"}
{"index": {"_index":"pob","_id":"1756053"}}
	{"id":1756053,"type":"sell","buyer":"uyobong","seller":"candy49","symbol":"POB","quantity":"1.21054413","price":"0.19500000","timestamp":1634822979,"volume":"0.23605611","buyTxId":"812a8974f4c5d8a6d0994f9f8f1a0482339e9a51","sellTxId":"56af6f4efe1dc1fd7aae7ee90ac9db3e7e9ac3ba"}
{"index": {"_index":"pob","_id":"1756119"}}
	{"id":1756119,"type":"sell","buyer":"uyobong","seller":"tykee","symbol":"POB","quantity":"1.83289339","price":"0.19500000","timestamp":1634823768,"volume":"0.35741421","buyTxId":"812a8974f4c5d8a6d0994f9f8f1a0482339e9a51","sellTxId":"1b6dbdfda0d6390839b42cbf4993830493eb5ff3"}
{"index": {"_index":"pob","_id":"1756192"}}
	{"id":1756192,"type":"sell","buyer":"uyobong","seller":"andy4475","symbol":"POB","quantity":"0.38241121","price":"0.19500000","timestamp":1634824494,"volume":"0.07457019","buyTxId":"812a8974f4c5d8a6d0994f9f8f1a0482339e9a51","sellTxId":"2d96a7c15a462f80b6dc4ae5a1448bc2baf7c48b"}
{"index": {"_index":"pob","_id":"1756225"}}
	{"id":1756225,"type":"sell","buyer":"uyobong","seller":"kevmcc","symbol":"POB","quantity":"0.34461336","price":"0.19500000","timestamp":1634824677,"volume":"0.06719961","buyTxId":"812a8974f4c5d8a6d0994f9f8f1a0482339e9a51","sellTxId":"c8f19d7b0375a13632bfb314b8ff05cfcf102097"}
{"index": {"_index":"pob","_id":"1756237"}}
	{"id":1756237,"type":"sell","buyer":"uyobong","seller":"vlemon","symbol":"POB","quantity":"25.48000000","price":"0.19500000","timestamp":1634824755,"volume":"4.96860000","buyTxId":"812a8974f4c5d8a6d0994f9f8f1a0482339e9a51","sellTxId":"733999124ff4dad23b357a66072f20896e56c150"}
{"index": {"_index":"pob","_id":"1756378"}}
	{"id":1756378,"type":"sell","buyer":"uyobong","seller":"chireerocks","symbol":"POB","quantity":"3.85618676","price":"0.19500000","timestamp":1634826102,"volume":"0.75195642","buyTxId":"812a8974f4c5d8a6d0994f9f8f1a0482339e9a51","sellTxId":"4963e5ee9e9ef313b2d5d0cd9897a3f3b9063b74"}
{"index": {"_index":"pob","_id":"1756481"}}
	{"id":1756481,"type":"sell","buyer":"uyobong","seller":"cookaiss","symbol":"POB","quantity":"0.13000000","price":"0.19500000","timestamp":1634827398,"volume":"0.02535000","buyTxId":"812a8974f4c5d8a6d0994f9f8f1a0482339e9a51","sellTxId":"bf33680a694ca4d8cc9015547f4b7b1ab005ff3e"}
{"index": {"_index":"pob","_id":"1756523"}}
	{"id":1756523,"type":"sell","buyer":"uyobong","seller":"thehockeyfan-at","symbol":"POB","quantity":"0.37000000","price":"0.19500000","timestamp":1634827755,"volume":"0.07215000","buyTxId":"812a8974f4c5d8a6d0994f9f8f1a0482339e9a51","sellTxId":"0e6d761defbc4096562709806f55b1871fdc7052"}
{"index": {"_index":"pob","_id":"1756607"}}
	{"id":1756607,"type":"sell","buyer":"uyobong","seller":"chubb149","symbol":"POB","quantity":"21.00000000","price":"0.19500000","timestamp":1634828715,"volume":"4.09500000","buyTxId":"812a8974f4c5d8a6d0994f9f8f1a0482339e9a51","sellTxId":"b885bb8783a5a8292ad5b613208e5d6ee0585139"}
{"index": {"_index":"pob","_id":"1756634"}}
	{"id":1756634,"type":"sell","buyer":"uyobong","seller":"rodqui95","symbol":"POB","quantity":"0.20522595","price":"0.19500000","timestamp":1634829015,"volume":"0.04001906","buyTxId":"812a8974f4c5d8a6d0994f9f8f1a0482339e9a51","sellTxId":"a4bda17ac43747377768a29a48128cdbafafc355"}
{"index": {"_index":"pob","_id":"1756728"}}
	{"id":1756728,"type":"sell","buyer":"gimme-your-coinz","seller":"gadrian","symbol":"POB","quantity":"2.00000000","price":"0.19100001","timestamp":1634830101,"volume":"0.38200002","buyTxId":"a1814050b539d3f9ee8ab952f54a420a622884e2","sellTxId":"860a5fd1f1fc21997d000d05bfc9429aabdb4d2a"}
{"index": {"_index":"pob","_id":"1756788"}}
	{"id":1756788,"type":"sell","buyer":"gimme-your-coinz","seller":"miketr","symbol":"POB","quantity":"8.31872321","price":"0.19100001","timestamp":1634830650,"volume":"1.58887622","buyTxId":"a1814050b539d3f9ee8ab952f54a420a622884e2","sellTxId":"8303e6970d10159373e4c89df1a3c32665050607"}
{"index": {"_index":"pob","_id":"1756791"}}
	{"id":1756791,"type":"sell","buyer":"gimme-your-coinz","seller":"rexmillerson","symbol":"POB","quantity":"7.02663944","price":"0.19100001","timestamp":1634830671,"volume":"1.34208820","buyTxId":"a1814050b539d3f9ee8ab952f54a420a622884e2","sellTxId":"99f1727048ed10e0d3e9d72a6a4a41dff8364c19"}
{"index": {"_index":"pob","_id":"1756850"}}
	{"id":1756850,"type":"sell","buyer":"gimme-your-coinz","seller":"flipflopcrypto","symbol":"POB","quantity":"0.32065433","price":"0.19100001","timestamp":1634831190,"volume":"0.06124498","buyTxId":"a1814050b539d3f9ee8ab952f54a420a622884e2","sellTxId":"5972144ed912c951e87a3683db5af4e739d54b4d"}
{"index": {"_index":"pob","_id":"1756884"}}
	{"id":1756884,"type":"sell","buyer":"gimme-your-coinz","seller":"offgridlife","symbol":"POB","quantity":"10.00000000","price":"0.19100001","timestamp":1634831352,"volume":"1.91000010","buyTxId":"a1814050b539d3f9ee8ab952f54a420a622884e2","sellTxId":"fd4df98396e76c6c050e2b3ad4d04adde60e0196"}
{"index": {"_index":"pob","_id":"1756971"}}
	{"id":1756971,"type":"sell","buyer":"gimme-your-coinz","seller":"aliveprojects","symbol":"POB","quantity":"0.003","price":"0.19100001","timestamp":1634832063,"volume":"0.00057300","buyTxId":"a1814050b539d3f9ee8ab952f54a420a622884e2","sellTxId":"cde57532423b047fa0e66357ecbf99b6e4f70a5f"}
{"index": {"_index":"pob","_id":"1756989"}}
	{"id":1756989,"type":"sell","buyer":"gimme-your-coinz","seller":"igwee","symbol":"POB","quantity":"4.50000000","price":"0.19100001","timestamp":1634832264,"volume":"0.85950005","buyTxId":"a1814050b539d3f9ee8ab952f54a420a622884e2","sellTxId":"d3141b33444739d90070f6e1001ecdf64c370bd2"}
{"index": {"_index":"pob","_id":"1757017"}}
	{"id":1757017,"type":"sell","buyer":"gimme-your-coinz","seller":"igwee","symbol":"POB","quantity":"11.83098302","price":"0.19100001","timestamp":1634832411,"volume":"2.25971787","buyTxId":"a1814050b539d3f9ee8ab952f54a420a622884e2","sellTxId":"2d128ee537ddb78bd3534005c2196858cba2476d"}
{"index": {"_index":"pob","_id":"1757018"}}
	{"id":1757018,"type":"sell","buyer":"gimme-your-coinz","seller":"igwee","symbol":"POB","quantity":"44.00000000","price":"0.19100001","timestamp":1634832411,"volume":"8.40400044","buyTxId":"8202c0004b0c9369304b97a0647a6380ea23173a","sellTxId":"2d128ee537ddb78bd3534005c2196858cba2476d"}
{"index": {"_index":"pob","_id":"1757019"}}
	{"id":1757019,"type":"sell","buyer":"interpretation","seller":"igwee","symbol":"POB","quantity":"136.52315066","price":"0.19100000","timestamp":1634832411,"volume":"26.07592178","buyTxId":"10fd429e8abcf8dc93eb608506cad28ffdfcc9f6","sellTxId":"2d128ee537ddb78bd3534005c2196858cba2476d"}
{"index": {"_index":"pob","_id":"1757020"}}
	{"id":1757020,"type":"sell","buyer":"coininstant","seller":"igwee","symbol":"POB","quantity":"2.58677240","price":"0.19011000","timestamp":1634832411,"volume":"0.49177130","buyTxId":"76a7e2396ff5a30c34dae1cf3fb92faec8552d5b","sellTxId":"2d128ee537ddb78bd3534005c2196858cba2476d"}
{"index": {"_index":"pob","_id":"1757021"}}
	{"id":1757021,"type":"sell","buyer":"coininstant","seller":"igwee","symbol":"POB","quantity":"0.22840087","price":"0.19008000","timestamp":1634832411,"volume":"0.04341444","buyTxId":"9142ce5678b5d458ecb1d61be54167c1ff18acc2","sellTxId":"2d128ee537ddb78bd3534005c2196858cba2476d"}
{"index": {"_index":"pob","_id":"1757022"}}
	{"id":1757022,"type":"sell","buyer":"barski","seller":"igwee","symbol":"POB","quantity":"129.83069305","price":"0.19001000","timestamp":1634832411,"volume":"24.66912999","buyTxId":"89d3f5d7a12b8438fb17d4265e89b95d98d850f8","sellTxId":"2d128ee537ddb78bd3534005c2196858cba2476d"}
{"index": {"_index":"pob","_id":"1757025"}}
	{"id":1757025,"type":"buy","buyer":"maarnio","seller":"rodqui95","symbol":"POB","quantity":"0.08114645","price":"0.19500000","timestamp":1634832426,"volume":"0.01582356","buyTxId":"33b3816bf1cc63d1638b35da5add815bf7e56fd4","sellTxId":"a4bda17ac43747377768a29a48128cdbafafc355"}
{"index": {"_index":"pob","_id":"1757026"}}
	{"id":1757026,"type":"buy","buyer":"maarnio","seller":"akukamaruzzaman","symbol":"POB","quantity":"9.91885355","price":"0.19500000","timestamp":1634832426,"volume":"1.93417644","buyTxId":"33b3816bf1cc63d1638b35da5add815bf7e56fd4","sellTxId":"085c7ed6371388f10f6100897ec44e35947fddfc"}
{"index": {"_index":"pob","_id":"1757064"}}
	{"id":1757064,"type":"sell","buyer":"gimme-your-coinz","seller":"anggreklestari","symbol":"POB","quantity":"8.92352461","price":"0.19001001","timestamp":1634832891,"volume":"1.69555900","buyTxId":"a4d77867da8f7203eead42add58bd22b04655789","sellTxId":"19fb9c640034ff265825c021dabc7bd448901774"}
{"index": {"_index":"pob","_id":"1757098"}}
	{"id":1757098,"type":"sell","buyer":"gimme-your-coinz","seller":"blockchainerx","symbol":"POB","quantity":"11.90745878","price":"0.19001001","timestamp":1634833149,"volume":"2.26253636","buyTxId":"a4d77867da8f7203eead42add58bd22b04655789","sellTxId":"603c6f8c01a392965be04ddbe8163db405680365"}
{"index": {"_index":"pob","_id":"1757236"}}
	{"id":1757236,"type":"sell","buyer":"gimme-your-coinz","seller":"automaton","symbol":"POB","quantity":"4.00000000","price":"0.19001001","timestamp":1634833983,"volume":"0.76004004","buyTxId":"a4d77867da8f7203eead42add58bd22b04655789","sellTxId":"77d593deb09d4dcd3da577945952f71d2cefc077"}
{"index": {"_index":"pob","_id":"1757258"}}
	{"id":1757258,"type":"sell","buyer":"gimme-your-coinz","seller":"captainquack22","symbol":"POB","quantity":"1.74673846","price":"0.19001001","timestamp":1634834088,"volume":"0.33189779","buyTxId":"a4d77867da8f7203eead42add58bd22b04655789","sellTxId":"f9ac9485d11cafd7f05f8455d0f319b62e61894a"}
{"index": {"_index":"pob","_id":"1757611"}}
	{"id":1757611,"type":"buy","buyer":"tipy","seller":"akukamaruzzaman","symbol":"POB","quantity":"0.00224610","price":"0.19500000","timestamp":1634836587,"volume":"0.00043799","buyTxId":"d9cafdd5438fcf09bf269cfe7144c64195fff4cf","sellTxId":"085c7ed6371388f10f6100897ec44e35947fddfc"}
{"index": {"_index":"pob","_id":"1757662"}}
	{"id":1757662,"type":"buy","buyer":"sharkthelion","seller":"akukamaruzzaman","symbol":"POB","quantity":"7.00000000","price":"0.19500000","timestamp":1634836959,"volume":"1.36500000","buyTxId":"b61ccfc7f9a5acdb9db3b55dbac62d3c0e7e4b81","sellTxId":"085c7ed6371388f10f6100897ec44e35947fddfc"}
{"index": {"_index":"pob","_id":"1757911"}}
	{"id":1757911,"type":"sell","buyer":"gimme-your-coinz","seller":"therealsnowjon","symbol":"POB","quantity":"4.22600000","price":"0.19001001","timestamp":1634839092,"volume":"0.80298230","buyTxId":"a4d77867da8f7203eead42add58bd22b04655789","sellTxId":"fee3078188880f1da8a2ba3d8714c2af57179568"}
{"index": {"_index":"pob","_id":"1757933"}}
	{"id":1757933,"type":"sell","buyer":"gimme-your-coinz","seller":"shepz1","symbol":"POB","quantity":"13.19627815","price":"0.19001001","timestamp":1634839254,"volume":"2.50742494","buyTxId":"a4d77867da8f7203eead42add58bd22b04655789","sellTxId":"842eb211608aa3fd4ca9e645646ee9e5be7df2f8"}
{"index": {"_index":"pob","_id":"1757934"}}
	{"id":1757934,"type":"sell","buyer":"gimme-your-coinz","seller":"shepz1","symbol":"POB","quantity":"17.94271565","price":"0.19001001","timestamp":1634839254,"volume":"3.40929558","buyTxId":"8f57a37bbb36253358266a0bdcc5fa554ed41dae","sellTxId":"842eb211608aa3fd4ca9e645646ee9e5be7df2f8"}
{"index": {"_index":"pob","_id":"1758067"}}
	{"id":1758067,"type":"buy","buyer":"razack-pulo","seller":"gimme-your-coinz","symbol":"POB","quantity":"0.20000000","price":"0.19222000","timestamp":1634840781,"volume":"0.03844400","buyTxId":"1c9ce452b697ff4f50b20275a76227dda7f47711","sellTxId":"8c78483c0d3d6ee6371bf1586e7e1daea10275dd"}
{"index": {"_index":"pob","_id":"1758068"}}
	{"id":1758068,"type":"buy","buyer":"razack-pulo","seller":"akukamaruzzaman","symbol":"POB","quantity":"2.85238090","price":"0.19500000","timestamp":1634840781,"volume":"0.55621428","buyTxId":"1c9ce452b697ff4f50b20275a76227dda7f47711","sellTxId":"085c7ed6371388f10f6100897ec44e35947fddfc"}
{"index": {"_index":"pob","_id":"1758069"}}
	{"id":1758069,"type":"buy","buyer":"razack-pulo","seller":"nyinyiwin","symbol":"POB","quantity":"0.65199174","price":"0.20000000","timestamp":1634840781,"volume":"0.13039835","buyTxId":"1c9ce452b697ff4f50b20275a76227dda7f47711","sellTxId":"bfe34841c33e49f3670095998d710bf2121c22b4"}
{"index": {"_index":"pob","_id":"1758070"}}
	{"id":1758070,"type":"buy","buyer":"razack-pulo","seller":"ganjafarmer","symbol":"POB","quantity":"4.00407671","price":"0.20000000","timestamp":1634840781,"volume":"0.80081534","buyTxId":"1c9ce452b697ff4f50b20275a76227dda7f47711","sellTxId":"055ee1d206a9397ba19dbce27463ac81c1f8cc5f"}
{"index": {"_index":"pob","_id":"1758071"}}
	{"id":1758071,"type":"buy","buyer":"razack-pulo","seller":"hranhuk","symbol":"POB","quantity":"392.29155065","price":"0.20999000","timestamp":1634840781,"volume":"82.37730272","buyTxId":"1c9ce452b697ff4f50b20275a76227dda7f47711","sellTxId":"7dc2857f58b582ab1e3496003d7e32639f28bbea"}
{"index": {"_index":"pob","_id":"1758072"}}
	{"id":1758072,"type":"sell","buyer":"gimme-your-coinz","seller":"zonadigital21","symbol":"POB","quantity":"0.36515534","price":"0.19001101","timestamp":1634840781,"volume":"0.06938353","buyTxId":"96c4d55c8e1a739f785aa029c84dfebb1b240ce6","sellTxId":"acf0d8f2f46eda063e7061e5a56ae42532e4f60d"}
{"index": {"_index":"pob","_id":"1758077"}}
	{"id":1758077,"type":"buy","buyer":"razack-pulo","seller":"hranhuk","symbol":"POB","quantity":"7.70844935","price":"0.20999000","timestamp":1634840853,"volume":"1.61869728","buyTxId":"d6bef847e33475f6e7df22cc917d8857642b459a","sellTxId":"7dc2857f58b582ab1e3496003d7e32639f28bbea"}
{"index": {"_index":"pob","_id":"1758078"}}
	{"id":1758078,"type":"buy","buyer":"razack-pulo","seller":"insight.pob","symbol":"POB","quantity":"23.33479224","price":"0.21000000","timestamp":1634840853,"volume":"4.90030637","buyTxId":"d6bef847e33475f6e7df22cc917d8857642b459a","sellTxId":"7bb6351fbd52b70b1824866b366027c1aed45ac1"}
{"index": {"_index":"pob","_id":"1758079"}}
	{"id":1758079,"type":"buy","buyer":"razack-pulo","seller":"kemmyb","symbol":"POB","quantity":"10.00000000","price":"0.21000000","timestamp":1634840853,"volume":"2.10000000","buyTxId":"d6bef847e33475f6e7df22cc917d8857642b459a","sellTxId":"2d2ddb88d98f141ffa16501504cffb383bfecde1"}
{"index": {"_index":"pob","_id":"1758080"}}
	{"id":1758080,"type":"buy","buyer":"razack-pulo","seller":"andy-plays","symbol":"POB","quantity":"0.06046401","price":"0.21000000","timestamp":1634840853,"volume":"0.01269744","buyTxId":"d6bef847e33475f6e7df22cc917d8857642b459a","sellTxId":"d17a9e96140a967556e248a331c5050687c14155"}
{"index": {"_index":"pob","_id":"1758081"}}
	{"id":1758081,"type":"buy","buyer":"razack-pulo","seller":"eirik","symbol":"POB","quantity":"13.00000000","price":"0.21500000","timestamp":1634840853,"volume":"2.79500000","buyTxId":"d6bef847e33475f6e7df22cc917d8857642b459a","sellTxId":"ea657e0e96ffa8acd1aafdd0017417a78714e360"}
{"index": {"_index":"pob","_id":"1758082"}}
	{"id":1758082,"type":"buy","buyer":"razack-pulo","seller":"kemmyb","symbol":"POB","quantity":"5.89629440","price":"0.21500000","timestamp":1634840853,"volume":"1.26770330","buyTxId":"d6bef847e33475f6e7df22cc917d8857642b459a","sellTxId":"194883f3d3e242e99b4226aca4f20e2276b160ce"}
{"index": {"_index":"pob","_id":"1758135"}}
	{"id":1758135,"type":"sell","buyer":"gimme-your-coinz","seller":"chinorf","symbol":"POB","quantity":"1.73331891","price":"0.19010001","timestamp":1634841315,"volume":"0.32950394","buyTxId":"dccf2bb907badf1f7e4054c6bbedab773602f536","sellTxId":"09abce57644dcff54dae59e81333a956107de093"}
{"index": {"_index":"pob","_id":"1758301"}}
	{"id":1758301,"type":"sell","buyer":"gimme-your-coinz","seller":"toofasteddie","symbol":"POB","quantity":"2.46916403","price":"0.19010001","timestamp":1634842590,"volume":"0.46938811","buyTxId":"dccf2bb907badf1f7e4054c6bbedab773602f536","sellTxId":"2bf7eab4d0ffc48500b6702913b40d435135719a"}
{"index": {"_index":"pob","_id":"1758325"}}
	{"id":1758325,"type":"sell","buyer":"gimme-your-coinz","seller":"blurtlink","symbol":"POB","quantity":"39.00000000","price":"0.19010001","timestamp":1634842812,"volume":"7.41390039","buyTxId":"dccf2bb907badf1f7e4054c6bbedab773602f536","sellTxId":"c9c9d75566000caa93b23fe285f27227a8403131"}
{"index": {"_index":"pob","_id":"1758327"}}
	{"id":1758327,"type":"sell","buyer":"gimme-your-coinz","seller":"alfarero","symbol":"POB","quantity":"0.75526500","price":"0.19010001","timestamp":1634842824,"volume":"0.14357588","buyTxId":"b199e6885f63d884cb47936b37e3075fd55b9bb1","sellTxId":"18b47228ec3c3ef6bd6abc45bc95b10b94befaea"}
{"index": {"_index":"pob","_id":"1758331"}}
	{"id":1758331,"type":"sell","buyer":"gimme-your-coinz","seller":"blurtlink","symbol":"POB","quantity":"6.00000000","price":"0.19010002","timestamp":1634842857,"volume":"1.14060012","buyTxId":"62ae91e88359231fce9e993c78824a21857971d0","sellTxId":"dd2cb89a85aed850e4e932b4d0b01532992ff6aa"}
{"index": {"_index":"pob","_id":"1758485"}}
	{"id":1758485,"type":"sell","buyer":"gimme-your-coinz","seller":"jeniffer23","symbol":"POB","quantity":"0.37920901","price":"0.19010002","timestamp":1634844264,"volume":"0.07208764","buyTxId":"62ae91e88359231fce9e993c78824a21857971d0","sellTxId":"ec282c50fa9008887e2af07671ecda73f4861616"}
{"index": {"_index":"pob","_id":"1758546"}}
	{"id":1758546,"type":"sell","buyer":"gimme-your-coinz","seller":"awesomeinfo","symbol":"POB","quantity":"7.80000000","price":"0.19010002","timestamp":1634844957,"volume":"1.48278016","buyTxId":"62ae91e88359231fce9e993c78824a21857971d0","sellTxId":"ecb89684b9231ecfe916edbe363712c7199c9b62"}
{"index": {"_index":"pob","_id":"1758561"}}
	{"id":1758561,"type":"sell","buyer":"gimme-your-coinz","seller":"jakiro12","symbol":"POB","quantity":"16.10038304","price":"0.19010002","timestamp":1634845197,"volume":"3.06068314","buyTxId":"62ae91e88359231fce9e993c78824a21857971d0","sellTxId":"d8c27c068812f23d3522b021be7d180c55b3570b"}
{"index": {"_index":"pob","_id":"1758581"}}
	{"id":1758581,"type":"sell","buyer":"gimme-your-coinz","seller":"offgridlife","symbol":"POB","quantity":"5.00000000","price":"0.19010002","timestamp":1634845464,"volume":"0.95050010","buyTxId":"62ae91e88359231fce9e993c78824a21857971d0","sellTxId":"c45b9a99216a173e39ac7b005bd7d0a22697b454"}
{"index": {"_index":"pob","_id":"1758591"}}
	{"id":1758591,"type":"sell","buyer":"gimme-your-coinz","seller":"acesontop","symbol":"POB","quantity":"8.72040795","price":"0.19010002","timestamp":1634845512,"volume":"1.65774972","buyTxId":"62ae91e88359231fce9e993c78824a21857971d0","sellTxId":"7714c9fb7e9b3c618906f07d10805186e6d68107"}
{"index": {"_index":"pob","_id":"1758677"}}
	{"id":1758677,"type":"sell","buyer":"gimme-your-coinz","seller":"offgridlife","symbol":"POB","quantity":"20.00000000","price":"0.19010001","timestamp":1634846460,"volume":"3.80200020","buyTxId":"b199e6885f63d884cb47936b37e3075fd55b9bb1","sellTxId":"c95a05150b4f5223a085e0a66bde1853809ace18"}
{"index": {"_index":"pob","_id":"1758684"}}
	{"id":1758684,"type":"buy","buyer":"peter-stone","seller":"acesontop","symbol":"POB","quantity":"2.63000000","price":"0.19010002","timestamp":1634846604,"volume":"0.49996305","buyTxId":"6b94264316a9651bf33d5b930f3b37ddbb923640","sellTxId":"7714c9fb7e9b3c618906f07d10805186e6d68107"}
{"index": {"_index":"pob","_id":"1758697"}}
	{"id":1758697,"type":"buy","buyer":"barski","seller":"acesontop","symbol":"POB","quantity":"21.93894380","price":"0.19010002","timestamp":1634846787,"volume":"4.17059366","buyTxId":"808842affe98936e9ffd7bdd04e8a14d8d8020c6","sellTxId":"7714c9fb7e9b3c618906f07d10805186e6d68107"}
{"index": {"_index":"pob","_id":"1758816"}}
	{"id":1758816,"type":"sell","buyer":"gimme-your-coinz","seller":"rob23","symbol":"POB","quantity":"2.90736845","price":"0.19010001","timestamp":1634848185,"volume":"0.55269077","buyTxId":"b199e6885f63d884cb47936b37e3075fd55b9bb1","sellTxId":"5aae07601e00d05e27c22e7f2602746bf442ae8d"}
{"index": {"_index":"pob","_id":"1759113"}}
	{"id":1759113,"type":"buy","buyer":"barski","seller":"pcyanide","symbol":"POB","quantity":"2.62180000","price":"0.19010010","timestamp":1634849067,"volume":"0.49840444","buyTxId":"61399c05e895add908cc60fca12d454594cbee4e","sellTxId":"3e30d698fd57a6bd8e272e232d67202ebc2f1d5f"}
{"index": {"_index":"pob","_id":"1759116"}}
	{"id":1759116,"type":"sell","buyer":"gimme-your-coinz","seller":"alexvan","symbol":"POB","quantity":"20.33736655","price":"0.19010001","timestamp":1634849085,"volume":"3.86613358","buyTxId":"b199e6885f63d884cb47936b37e3075fd55b9bb1","sellTxId":"7da012dba3a3b92fea797058a8b1c3aa04eb3d66"}
{"index": {"_index":"pob","_id":"1759119"}}
	{"id":1759119,"type":"buy","buyer":"gimme-your-coinz","seller":"alexvan","symbol":"POB","quantity":"8.58311173","price":"0.19010001","timestamp":1634849097,"volume":"1.63164963","buyTxId":"af44310756e286416a243372c76075202cd98dd1","sellTxId":"7da012dba3a3b92fea797058a8b1c3aa04eb3d66"}
{"index": {"_index":"pob","_id":"1759123"}}
	{"id":1759123,"type":"buy","buyer":"barski","seller":"pcyanide","symbol":"POB","quantity":"1.51173000","price":"0.19010010","timestamp":1634849157,"volume":"0.28738002","buyTxId":"2d7ac5e6a3e6bba87322b63dd9371f28f30c911b","sellTxId":"3e30d698fd57a6bd8e272e232d67202ebc2f1d5f"}
{"index": {"_index":"pob","_id":"1759196"}}
	{"id":1759196,"type":"sell","buyer":"gimme-your-coinz","seller":"deathwing","symbol":"POB","quantity":"0.026","price":"0.19010101","timestamp":1634849706,"volume":"0.00494263","buyTxId":"591dedf06413df6af2f0432810ed5b48d418674b","sellTxId":"49fa1e80ebb10c148d3740b274e06f6ff4154cdd-1"}
{"index": {"_index":"pob","_id":"1759250"}}
	{"id":1759250,"type":"buy","buyer":"tonytrillions","seller":"kemmyb","symbol":"POB","quantity":"0.12047955","price":"0.20000000","timestamp":1634849928,"volume":"0.02409591","buyTxId":"feb9cd89935e3bed385b7d365c5969d7da7f5d38","sellTxId":"553024f05c407563d53a3dbd53093eef786051cf"}
{"index": {"_index":"pob","_id":"1759308"}}
	{"id":1759308,"type":"buy","buyer":"he-index","seller":"kemmyb","symbol":"POB","quantity":"0.17000000","price":"0.20000000","timestamp":1634850261,"volume":"0.03400000","buyTxId":"410865f962152db1a80fa91b8a8f51031650bb31","sellTxId":"553024f05c407563d53a3dbd53093eef786051cf"}
{"index": {"_index":"pob","_id":"1759396"}}
	{"id":1759396,"type":"sell","buyer":"gimme-your-coinz","seller":"yonnathang","symbol":"POB","quantity":"35.00000000","price":"0.19010101","timestamp":1634851281,"volume":"6.65353535","buyTxId":"591dedf06413df6af2f0432810ed5b48d418674b","sellTxId":"4993d7695794e40f89bfaf4fa9d6f910eed7436a"}
{"index": {"_index":"pob","_id":"1759445"}}
	{"id":1759445,"type":"sell","buyer":"gimme-your-coinz","seller":"trentonlundy1","symbol":"POB","quantity":"0.00230519","price":"0.19010101","timestamp":1634851623,"volume":"0.00043822","buyTxId":"591dedf06413df6af2f0432810ed5b48d418674b","sellTxId":"61292e0600f723a156fa94a610316e25da151eb7"}
{"index": {"_index":"pob","_id":"1759568"}}
	{"id":1759568,"type":"sell","buyer":"gimme-your-coinz","seller":"theia7","symbol":"POB","quantity":"0.22116612","price":"0.19010101","timestamp":1634852946,"volume":"0.04204390","buyTxId":"591dedf06413df6af2f0432810ed5b48d418674b","sellTxId":"7f60c2df9edab02746b55f602b257f71ab171f60"}
{"index": {"_index":"pob","_id":"1759633"}}
	{"id":1759633,"type":"sell","buyer":"gimme-your-coinz","seller":"andy4475","symbol":"POB","quantity":"0.95404245","price":"0.19010101","timestamp":1634853975,"volume":"0.18136443","buyTxId":"591dedf06413df6af2f0432810ed5b48d418674b","sellTxId":"1ac60e9945468c5e656bbeb5707ca19c31c18d8c"}
{"index": {"_index":"pob","_id":"1759671"}}
	{"id":1759671,"type":"sell","buyer":"gimme-your-coinz","seller":"ileart","symbol":"POB","quantity":"7.79648624","price":"0.19010101","timestamp":1634854662,"volume":"1.48211991","buyTxId":"591dedf06413df6af2f0432810ed5b48d418674b","sellTxId":"f839f6a089be6bb434c35bf2340caa4c9aad88cd"}
{"index": {"_index":"pob","_id":"1759672"}}
	{"id":1759672,"type":"sell","buyer":"gimme-your-coinz","seller":"ileart","symbol":"POB","quantity":"3.59306067","price":"0.19010101","timestamp":1634854662,"volume":"0.68304446","buyTxId":"ed8d86c54c449312999c57052e208a55383fc2c5","sellTxId":"f839f6a089be6bb434c35bf2340caa4c9aad88cd"}
{"index": {"_index":"pob","_id":"1759683"}}
	{"id":1759683,"type":"sell","buyer":"gimme-your-coinz","seller":"bitcoinflood","symbol":"POB","quantity":"5.52853340","price":"0.19010101","timestamp":1634854887,"volume":"1.05097978","buyTxId":"ed8d86c54c449312999c57052e208a55383fc2c5","sellTxId":"e59a5557b0fb71cd7c41fd609dec1f6bbaf4206f"}
{"index": {"_index":"pob","_id":"1759735"}}
	{"id":1759735,"type":"buy","buyer":"thatcryptodave","seller":"kemmyb","symbol":"POB","quantity":"2.49900000","price":"0.20000000","timestamp":1634855319,"volume":"0.49980000","buyTxId":"b7b488b6994097222c5b40d014a8dcd5e25ccc10","sellTxId":"553024f05c407563d53a3dbd53093eef786051cf"}
{"index": {"_index":"pob","_id":"1759739"}}
	{"id":1759739,"type":"sell","buyer":"gimme-your-coinz","seller":"pixelfan","symbol":"POB","quantity":"3.25581353","price":"0.19010101","timestamp":1634855394,"volume":"0.61893344","buyTxId":"ed8d86c54c449312999c57052e208a55383fc2c5","sellTxId":"d7d5bcedc65f6139c8efb278136973a5212cc95f"}
{"index": {"_index":"pob","_id":"1759957"}}
	{"id":1759957,"type":"sell","buyer":"gimme-your-coinz","seller":"elricmoonslayer","symbol":"POB","quantity":"26.74132849","price":"0.19010101","timestamp":1634856612,"volume":"5.08355355","buyTxId":"ed8d86c54c449312999c57052e208a55383fc2c5","sellTxId":"f7301b1c8291e03ed117432d2c1eb6101143bb3d"}
{"index": {"_index":"pob","_id":"1759960"}}
	{"id":1759960,"type":"sell","buyer":"gimme-your-coinz","seller":"he-index","symbol":"POB","quantity":"0.05300000","price":"0.19010101","timestamp":1634856666,"volume":"0.01007535","buyTxId":"ed8d86c54c449312999c57052e208a55383fc2c5","sellTxId":"03fa4dfe5f2ae25601b35fb8ec4eeff30b2f292f"}
{"index": {"_index":"pob","_id":"1760020"}}
	{"id":1760020,"type":"sell","buyer":"gimme-your-coinz","seller":"dibblers.dabs","symbol":"POB","quantity":"4.82826391","price":"0.19010101","timestamp":1634857407,"volume":"0.91785785","buyTxId":"ed8d86c54c449312999c57052e208a55383fc2c5","sellTxId":"cfc267ffc41597cf2085a2cc21c419780d86c873"}
{"index": {"_index":"pob","_id":"1760021"}}
	{"id":1760021,"type":"sell","buyer":"he-index","seller":"dibblers.dabs","symbol":"POB","quantity":"0.42600000","price":"0.19010101","timestamp":1634857407,"volume":"0.08098303","buyTxId":"0264ca4b865cc7df4237ac36a5c382708b79d49d","sellTxId":"cfc267ffc41597cf2085a2cc21c419780d86c873"}
{"index": {"_index":"pob","_id":"1760022"}}
	{"id":1760022,"type":"buy","buyer":"gimme-your-coinz","seller":"dibblers.dabs","symbol":"POB","quantity":"29.74573609","price":"0.19010101","timestamp":1634857419,"volume":"5.65469447","buyTxId":"24e38b19a560bd2dca6b06ca9a1c671e63f8935c","sellTxId":"cfc267ffc41597cf2085a2cc21c419780d86c873"}
{"index": {"_index":"pob","_id":"1760085"}}
	{"id":1760085,"type":"sell","buyer":"gimme-your-coinz","seller":"specialfeelings","symbol":"POB","quantity":"0.76517037","price":"0.19010101","timestamp":1634858277,"volume":"0.14545966","buyTxId":"24e38b19a560bd2dca6b06ca9a1c671e63f8935c","sellTxId":"761f7b13f4024d83e63d843b0860ae379596835f"}
{"index": {"_index":"pob","_id":"1760173"}}
	{"id":1760173,"type":"sell","buyer":"gimme-your-coinz","seller":"melbourneswest","symbol":"POB","quantity":"2.50000000","price":"0.19010101","timestamp":1634859369,"volume":"0.47525253","buyTxId":"24e38b19a560bd2dca6b06ca9a1c671e63f8935c","sellTxId":"458d8353579d0d773a655ac7290908d4b5fb6f43"}
{"index": {"_index":"pob","_id":"1760217"}}
	{"id":1760217,"type":"sell","buyer":"gimme-your-coinz","seller":"dudeontheweb","symbol":"POB","quantity":"3.80000000","price":"0.19010101","timestamp":1634859984,"volume":"0.72238384","buyTxId":"24e38b19a560bd2dca6b06ca9a1c671e63f8935c","sellTxId":"97f25e98626e644950bd9f3ee32654fbf9d839c7"}
{"index": {"_index":"pob","_id":"1760358"}}
	{"id":1760358,"type":"sell","buyer":"gimme-your-coinz","seller":"mawit07","symbol":"POB","quantity":"7.18909354","price":"0.19010101","timestamp":1634861028,"volume":"1.36665394","buyTxId":"24e38b19a560bd2dca6b06ca9a1c671e63f8935c","sellTxId":"26baa9c0c25d7b66a4c04cf8e4dd8b8c8fec4f42"}
{"index": {"_index":"pob","_id":"1760362"}}
	{"id":1760362,"type":"buy","buyer":"gimme-your-coinz","seller":"mawit07","symbol":"POB","quantity":"1.27219946","price":"0.19010101","timestamp":1634861043,"volume":"0.24184640","buyTxId":"687f93becb1c1e263baf929f208f0d5fd1b1789e","sellTxId":"26baa9c0c25d7b66a4c04cf8e4dd8b8c8fec4f42"}
{"index": {"_index":"pob","_id":"1760404"}}
	{"id":1760404,"type":"sell","buyer":"gimme-your-coinz","seller":"nulledgh0st","symbol":"POB","quantity":"36.00546756","price":"0.19010101","timestamp":1634861274,"volume":"6.84467575","buyTxId":"687f93becb1c1e263baf929f208f0d5fd1b1789e","sellTxId":"286a7e43d65bc9591cf6df0a46b9b56dada82e1a"}
{"index": {"_index":"pob","_id":"1760412"}}
	{"id":1760412,"type":"sell","buyer":"gimme-your-coinz","seller":"mightyrocklee","symbol":"POB","quantity":"1.88123739","price":"0.19010101","timestamp":1634861439,"volume":"0.35762513","buyTxId":"687f93becb1c1e263baf929f208f0d5fd1b1789e","sellTxId":"70adf530116b0a4458c16e35d040dd3cbca45c7e"}
{"index": {"_index":"pob","_id":"1760470"}}
	{"id":1760470,"type":"sell","buyer":"gimme-your-coinz","seller":"danielcarrerag","symbol":"POB","quantity":"1.77000000","price":"0.19010101","timestamp":1634862384,"volume":"0.33647879","buyTxId":"687f93becb1c1e263baf929f208f0d5fd1b1789e","sellTxId":"eb340b19d43ba8c8d85cdb0a954cb3630ab552bf"}
{"index": {"_index":"pob","_id":"1760555"}}
	{"id":1760555,"type":"buy","buyer":"razack-pulo","seller":"kemmyb","symbol":"POB","quantity":"7.21052045","price":"0.20000000","timestamp":1634863227,"volume":"1.44210409","buyTxId":"0c36e746c9ce0189ccdf7fee8a6a25e8247edbbc","sellTxId":"553024f05c407563d53a3dbd53093eef786051cf"}
{"index": {"_index":"pob","_id":"1760556"}}
	{"id":1760556,"type":"buy","buyer":"razack-pulo","seller":"kemmyb","symbol":"POB","quantity":"6.08947955","price":"0.20800000","timestamp":1634863227,"volume":"1.26661175","buyTxId":"0c36e746c9ce0189ccdf7fee8a6a25e8247edbbc","sellTxId":"1a03b57f7f306855b017a2b3cc5e63afac0a15e0"}
{"index": {"_index":"pob","_id":"1760770"}}
	{"id":1760770,"type":"buy","buyer":"terminado","seller":"kemmyb","symbol":"POB","quantity":"3.91052045","price":"0.20800000","timestamp":1634865921,"volume":"0.81338825","buyTxId":"c2b6b1dec1b1478f54ea2f1aafb0dc2044d424f8","sellTxId":"1a03b57f7f306855b017a2b3cc5e63afac0a15e0"}
{"index": {"_index":"pob","_id":"1760771"}}
	{"id":1760771,"type":"buy","buyer":"terminado","seller":"khrom","symbol":"POB","quantity":"16.15246059","price":"0.20800000","timestamp":1634865921,"volume":"3.35971180","buyTxId":"c2b6b1dec1b1478f54ea2f1aafb0dc2044d424f8","sellTxId":"55defa753d67b7242381d58bb2dbccfecbe0a455"}
{"index": {"_index":"pob","_id":"1760772"}}
	{"id":1760772,"type":"buy","buyer":"terminado","seller":"iyiade","symbol":"POB","quantity":"7.80000000","price":"0.21000000","timestamp":1634865921,"volume":"1.63800000","buyTxId":"c2b6b1dec1b1478f54ea2f1aafb0dc2044d424f8","sellTxId":"95149d7aed8742d3ded2741ccb48c8b9c901090c"}
{"index": {"_index":"pob","_id":"1760773"}}
	{"id":1760773,"type":"buy","buyer":"terminado","seller":"kemmyb","symbol":"POB","quantity":"10.00000000","price":"0.21000000","timestamp":1634865921,"volume":"2.10000000","buyTxId":"c2b6b1dec1b1478f54ea2f1aafb0dc2044d424f8","sellTxId":"3996f312c66e8fdbbc0d940be2ef27ed3e74f838"}
{"index": {"_index":"pob","_id":"1760774"}}
	{"id":1760774,"type":"buy","buyer":"terminado","seller":"kemmyb","symbol":"POB","quantity":"4.10370560","price":"0.21500000","timestamp":1634865921,"volume":"0.88229670","buyTxId":"c2b6b1dec1b1478f54ea2f1aafb0dc2044d424f8","sellTxId":"194883f3d3e242e99b4226aca4f20e2276b160ce"}
{"index": {"_index":"pob","_id":"1760775"}}
	{"id":1760775,"type":"buy","buyer":"terminado","seller":"gadrian","symbol":"POB","quantity":"1.92286440","price":"0.22500000","timestamp":1634865921,"volume":"0.43264449","buyTxId":"c2b6b1dec1b1478f54ea2f1aafb0dc2044d424f8","sellTxId":"f284609fee1dae42024ba54eb7a6f3703c752c01"}
{"index": {"_index":"pob","_id":"1760776"}}
	{"id":1760776,"type":"buy","buyer":"terminado","seller":"dhedge-drips","symbol":"POB","quantity":"0.61619210","price":"0.22500000","timestamp":1634865921,"volume":"0.13864322","buyTxId":"c2b6b1dec1b1478f54ea2f1aafb0dc2044d424f8","sellTxId":"8b6be5b354dd1648348680a26a820379fcafb14f"}
{"index": {"_index":"pob","_id":"1760777"}}
	{"id":1760777,"type":"buy","buyer":"terminado","seller":"hernleon74","symbol":"POB","quantity":"7.83479996","price":"0.22500000","timestamp":1634865921,"volume":"1.76282999","buyTxId":"c2b6b1dec1b1478f54ea2f1aafb0dc2044d424f8","sellTxId":"80c1a789e9ba1faa91b0dbd40b8fee46c4247459"}
{"index": {"_index":"pob","_id":"1760778"}}
	{"id":1760778,"type":"buy","buyer":"terminado","seller":"kemmyb","symbol":"POB","quantity":"10.00000000","price":"0.22500000","timestamp":1634865921,"volume":"2.25000000","buyTxId":"c2b6b1dec1b1478f54ea2f1aafb0dc2044d424f8","sellTxId":"59230dda9efd75f9112765755880e02b77e4b433"}
{"index": {"_index":"pob","_id":"1760779"}}
	{"id":1760779,"type":"buy","buyer":"terminado","seller":"abbey877","symbol":"POB","quantity":"95.65945690","price":"0.23000000","timestamp":1634865921,"volume":"22.00167509","buyTxId":"c2b6b1dec1b1478f54ea2f1aafb0dc2044d424f8","sellTxId":"138b4edf53a7020700433c101ad219910e68fdbf"}
{"index": {"_index":"pob","_id":"1760836"}}
	{"id":1760836,"type":"sell","buyer":"gimme-your-coinz","seller":"itachi24","symbol":"POB","quantity":"0.54238278","price":"0.19010101","timestamp":1634866464,"volume":"0.10310751","buyTxId":"687f93becb1c1e263baf929f208f0d5fd1b1789e","sellTxId":"5e161daef9910d61ef2a4d4a3816d529c9b040be"}
