{"index": {"_index":"pob","_id":"3063951"}}
	{"id":3063951,"type":"sell","buyer":"richardcrill","seller":"faquan","symbol":"POB","quantity":"4.39178313","price":"0.02130000","timestamp":1648349166,"volume":"0.09354498","buyTxId":"MM-P-15986878-62975363-3-13-0","sellTxId":"4180e23d0c0632b122aa72df21d5b6572729cd81"}
{"index": {"_index":"pob","_id":"3064110"}}
	{"id":3064110,"type":"sell","buyer":"richardcrill","seller":"dswap","symbol":"POB","quantity":"9","price":"0.02130000","timestamp":1648351518,"volume":"0.19170000","buyTxId":"MM-P-15986878-62975363-3-13-0","sellTxId":"2e1d05ad421c322c51495e7782b1489ff92f26c7"}
{"index": {"_index":"pob","_id":"3064129"}}
	{"id":3064129,"type":"sell","buyer":"richardcrill","seller":"decentropia","symbol":"POB","quantity":"0.18982228","price":"0.02130000","timestamp":1648351947,"volume":"0.00404321","buyTxId":"MM-P-15986878-62975363-3-13-0","sellTxId":"3dd5d8d367b3953055ac8a0975254830211f93fd"}
{"index": {"_index":"pob","_id":"3064140"}}
	{"id":3064140,"type":"sell","buyer":"richardcrill","seller":"sunset.curator","symbol":"POB","quantity":"2.12960622","price":"0.02130000","timestamp":1648352232,"volume":"0.04536061","buyTxId":"MM-P-15986878-62975363-3-13-0","sellTxId":"784803ed0d3e83cee19f7e9a7378698def360d2e"}
{"index": {"_index":"pob","_id":"3064250"}}
	{"id":3064250,"type":"sell","buyer":"richardcrill","seller":"mairapanelo","symbol":"POB","quantity":"0.77997705","price":"0.02130000","timestamp":1648353702,"volume":"0.01661351","buyTxId":"MM-P-15986878-62975363-3-13-0","sellTxId":"30460f34b95e05277be0243240414e6612cc0705"}
{"index": {"_index":"pob","_id":"3064252"}}
	{"id":3064252,"type":"sell","buyer":"richardcrill","seller":"pablodare","symbol":"POB","quantity":"1.34767081","price":"0.02130000","timestamp":1648353756,"volume":"0.02870539","buyTxId":"MM-P-15986878-62975363-3-13-0","sellTxId":"34c122ac6403ea170ba44927888aaef0aeb9046a"}
{"index": {"_index":"pob","_id":"3064503"}}
	{"id":3064503,"type":"sell","buyer":"richardcrill","seller":"travelwritemoney","symbol":"POB","quantity":"14.96928441","price":"0.02130000","timestamp":1648357524,"volume":"0.31884576","buyTxId":"MM-P-15986878-62975363-3-13-0","sellTxId":"c8555c8b06e4de5a015af491a8796f4141ef40e0"}
{"index": {"_index":"pob","_id":"3064697"}}
	{"id":3064697,"type":"sell","buyer":"richardcrill","seller":"chireerocks","symbol":"POB","quantity":"7.47947153","price":"0.02130000","timestamp":1648360437,"volume":"0.15931274","buyTxId":"MM-P-15986878-62975363-3-13-0","sellTxId":"b3a8a57ffbe96c1c467cc7b65061a940a12684a5"}
{"index": {"_index":"pob","_id":"3064835"}}
	{"id":3064835,"type":"sell","buyer":"richardcrill","seller":"chekohler","symbol":"POB","quantity":"14.21586041","price":"0.02130000","timestamp":1648362273,"volume":"0.30279783","buyTxId":"MM-P-15986878-62975363-3-13-0","sellTxId":"ed7b70012702244155e88f4317fcd472999b77c9"}
{"index": {"_index":"pob","_id":"3064876"}}
	{"id":3064876,"type":"sell","buyer":"richardcrill","seller":"lebah","symbol":"POB","quantity":"20.00000000","price":"0.02130000","timestamp":1648362648,"volume":"0.42600000","buyTxId":"MM-P-15986878-62975363-3-13-0","sellTxId":"f12eab8c2402021c4e8ab4e3195d9e45e10b9a52"}
{"index": {"_index":"pob","_id":"3065358"}}
	{"id":3065358,"type":"buy","buyer":"thegoliath","seller":"anadolu","symbol":"POB","quantity":"140.00000000","price":"0.02150000","timestamp":1648368417,"volume":"3.01000000","buyTxId":"299b7102b3abb94445bc88961a924be9fe729d2b","sellTxId":"d781c21573b92b7f4f9427b0429d14698104fd53"}
{"index": {"_index":"pob","_id":"3065390"}}
	{"id":3065390,"type":"sell","buyer":"richardcrill","seller":"silviabeneforti","symbol":"POB","quantity":"90.00000000","price":"0.02130000","timestamp":1648368882,"volume":"1.91700000","buyTxId":"MM-P-15986878-62975363-3-13-0","sellTxId":"b26423555f011966d15c74fc612e16a4f04d0257"}
{"index": {"_index":"pob","_id":"3065409"}}
	{"id":3065409,"type":"sell","buyer":"richardcrill","seller":"brofi-market","symbol":"POB","quantity":"11.97431882","price":"0.02130000","timestamp":1648368999,"volume":"0.25505299","buyTxId":"MM-P-15986878-62975363-3-13-0","sellTxId":"dd259f65c081be4eef8876a35e92fe991f226eeb"}
{"index": {"_index":"pob","_id":"3065512"}}
	{"id":3065512,"type":"buy","buyer":"thegoliath","seller":"anadolu","symbol":"POB","quantity":"171.00000000","price":"0.02150000","timestamp":1648370154,"volume":"3.67650000","buyTxId":"a07f415cfbac76f5b8c1084f3bdc4c794f20d7b5","sellTxId":"d781c21573b92b7f4f9427b0429d14698104fd53"}
{"index": {"_index":"pob","_id":"3065513"}}
	{"id":3065513,"type":"buy","buyer":"thegoliath","seller":"brofi-market","symbol":"POB","quantity":"11.97431882","price":"0.02150000","timestamp":1648370154,"volume":"0.25744785","buyTxId":"a07f415cfbac76f5b8c1084f3bdc4c794f20d7b5","sellTxId":"51e8c8bc24d4122862af0799527ccef1053bf6ac"}
{"index": {"_index":"pob","_id":"3065514"}}
	{"id":3065514,"type":"buy","buyer":"thegoliath","seller":"invest-time","symbol":"POB","quantity":"0.00000042","price":"0.02180004","timestamp":1648370154,"volume":"0.00000001","buyTxId":"a07f415cfbac76f5b8c1084f3bdc4c794f20d7b5","sellTxId":"06d10319bc19ca729ad83208c769bdc1ad2d0c2c"}
{"index": {"_index":"pob","_id":"3065515"}}
	{"id":3065515,"type":"buy","buyer":"thegoliath","seller":"onlydoge","symbol":"POB","quantity":"69.74956080","price":"0.02449000","timestamp":1648370154,"volume":"1.70816674","buyTxId":"a07f415cfbac76f5b8c1084f3bdc4c794f20d7b5","sellTxId":"32d5a56eae9d9624cb382e1dc6e47dedc3ba9ef6"}
{"index": {"_index":"pob","_id":"3065516"}}
	{"id":3065516,"type":"buy","buyer":"thegoliath","seller":"coloneljethro","symbol":"POB","quantity":"77.27611996","price":"0.02450000","timestamp":1648370154,"volume":"1.89326494","buyTxId":"a07f415cfbac76f5b8c1084f3bdc4c794f20d7b5","sellTxId":"390800fba46fe5c0d0abd03d3560592aa4f758bc"}
{"index": {"_index":"pob","_id":"3065603"}}
	{"id":3065603,"type":"sell","buyer":"onlydoge","seller":"xabi","symbol":"POB","quantity":"1.80992592","price":"0.02131000","timestamp":1648371576,"volume":"0.03856952","buyTxId":"66adb0af1276510a2fbe560bcffa7fcc3e8c2d2a","sellTxId":"f4d04c49ebfea01f3f6ff8892449d2da7ee7a113"}
{"index": {"_index":"pob","_id":"3065611"}}
	{"id":3065611,"type":"sell","buyer":"onlydoge","seller":"gadrian","symbol":"POB","quantity":"13.08387591","price":"0.02131000","timestamp":1648371627,"volume":"0.27881740","buyTxId":"66adb0af1276510a2fbe560bcffa7fcc3e8c2d2a","sellTxId":"828e503040fb36c676620e586b70eb958ba3b59b"}
{"index": {"_index":"pob","_id":"3065672"}}
	{"id":3065672,"type":"sell","buyer":"onlydoge","seller":"thecuriousfool","symbol":"POB","quantity":"3.02930715","price":"0.02131000","timestamp":1648372410,"volume":"0.06455454","buyTxId":"66adb0af1276510a2fbe560bcffa7fcc3e8c2d2a","sellTxId":"c3b5f5da78e5e5dae26bf7152b78b94b606cc20b"}
{"index": {"_index":"pob","_id":"3065710"}}
	{"id":3065710,"type":"sell","buyer":"onlydoge","seller":"florenceboens","symbol":"POB","quantity":"5.04911400","price":"0.02131000","timestamp":1648372953,"volume":"0.10759662","buyTxId":"66adb0af1276510a2fbe560bcffa7fcc3e8c2d2a","sellTxId":"5563283d33e65c4e3dc7b983507994af999ced7e"}
{"index": {"_index":"pob","_id":"3065870"}}
	{"id":3065870,"type":"sell","buyer":"onlydoge","seller":"barbarabezina","symbol":"POB","quantity":"0.49092702","price":"0.02131000","timestamp":1648375167,"volume":"0.01046165","buyTxId":"66adb0af1276510a2fbe560bcffa7fcc3e8c2d2a","sellTxId":"bc84ae27f889988c52069ec48e701a02b14c3ce4"}
{"index": {"_index":"pob","_id":"3065875"}}
	{"id":3065875,"type":"buy","buyer":"onlydoge","seller":"barbarabezina","symbol":"POB","quantity":"13.93920126","price":"0.02130034","timestamp":1648375344,"volume":"0.29690973","buyTxId":"1efc7e5c3b000c9cfb9c5af29471bcb2cf7528cb","sellTxId":"bc84ae27f889988c52069ec48e701a02b14c3ce4"}
{"index": {"_index":"pob","_id":"3065878"}}
	{"id":3065878,"type":"buy","buyer":"chesatochi","seller":"liotes.voter","symbol":"POB","quantity":"0.76381628","price":"0.02444000","timestamp":1648375380,"volume":"0.01866767","buyTxId":"cc993fa888a45338ece995ae12c433008b8970ce","sellTxId":"51c1dc3159a4ef8768cd22523cba461ba7ec7ad9"}
{"index": {"_index":"pob","_id":"3065927"}}
	{"id":3065927,"type":"sell","buyer":"onlydoge","seller":"savagetobi","symbol":"POB","quantity":"1.40224571","price":"0.02131000","timestamp":1648375950,"volume":"0.02988186","buyTxId":"1efc7e5c3b000c9cfb9c5af29471bcb2cf7528cb","sellTxId":"cd67302b89e19b05bfd6d0a2c309acda574db275"}
{"index": {"_index":"pob","_id":"3066155"}}
	{"id":3066155,"type":"sell","buyer":"onlydoge","seller":"jnn10","symbol":"POB","quantity":"0.28193581","price":"0.02131000","timestamp":1648379136,"volume":"0.00600805","buyTxId":"1efc7e5c3b000c9cfb9c5af29471bcb2cf7528cb","sellTxId":"b95d96bc670eee4b2a798531155ebd5a53f72ab6"}
{"index": {"_index":"pob","_id":"3066559"}}
	{"id":3066559,"type":"sell","buyer":"onlydoge","seller":"jersteemit","symbol":"POB","quantity":"7.83976722","price":"0.02131000","timestamp":1648384749,"volume":"0.16706544","buyTxId":"1efc7e5c3b000c9cfb9c5af29471bcb2cf7528cb","sellTxId":"0a2fd9142a958ed4706bcf9a37d5725ede9078ac"}
{"index": {"_index":"pob","_id":"3066590"}}
	{"id":3066590,"type":"buy","buyer":"onlydoge","seller":"jersteemit","symbol":"POB","quantity":"0.60363278","price":"0.02131000","timestamp":1648384992,"volume":"0.01286341","buyTxId":"f395ad5be50c914d572b910421a374fbcec24270","sellTxId":"0a2fd9142a958ed4706bcf9a37d5725ede9078ac"}
{"index": {"_index":"pob","_id":"3066600"}}
	{"id":3066600,"type":"sell","buyer":"onlydoge","seller":"fragozar01","symbol":"POB","quantity":"7.00000000","price":"0.02131000","timestamp":1648385073,"volume":"0.14917000","buyTxId":"f395ad5be50c914d572b910421a374fbcec24270","sellTxId":"36b0af289db6f3967558dbb7396593c47da720f1"}
{"index": {"_index":"pob","_id":"3066616"}}
	{"id":3066616,"type":"sell","buyer":"onlydoge","seller":"dhedge-drips","symbol":"POB","quantity":"1.28296272","price":"0.02131000","timestamp":1648385253,"volume":"0.02733994","buyTxId":"f395ad5be50c914d572b910421a374fbcec24270","sellTxId":"33778a3e2b83066b2d150c8233aa6bef4543f5ec"}
{"index": {"_index":"pob","_id":"3067206"}}
	{"id":3067206,"type":"sell","buyer":"onlydoge","seller":"dsc-r2cornell","symbol":"POB","quantity":"14.57655450","price":"0.02131000","timestamp":1648391634,"volume":"0.31062638","buyTxId":"f395ad5be50c914d572b910421a374fbcec24270","sellTxId":"c65762671a234f8118ebb2639c68409b74030a65"}
{"index": {"_index":"pob","_id":"3067265"}}
	{"id":3067265,"type":"sell","buyer":"richardcrill","seller":"hiroshige","symbol":"POB","quantity":"16.67018117","price":"0.02130000","timestamp":1648392714,"volume":"0.35507486","buyTxId":"MM-P-15986878-62975363-3-13-0","sellTxId":"722651aa806fdada37524a443bb8a6ba56f9c216"}
{"index": {"_index":"pob","_id":"3067277"}}
	{"id":3067277,"type":"buy","buyer":"pjansen","seller":"dsc-r2cornell","symbol":"POB","quantity":"68.20464600","price":"0.02131000","timestamp":1648392888,"volume":"1.45344101","buyTxId":"c761ab99d0e8ebd3bdf09f0e75348be0069d0782","sellTxId":"c65762671a234f8118ebb2639c68409b74030a65"}
{"index": {"_index":"pob","_id":"3067517"}}
	{"id":3067517,"type":"sell","buyer":"master-lamps","seller":"slmtimah","symbol":"POB","quantity":"0.10726493","price":"0.02130001","timestamp":1648395165,"volume":"0.00228474","buyTxId":"21bd0c9db2da5ea415cb41f05d72e944fa6fa7e2","sellTxId":"c129a085237cf8f8ce87b35148d9f28e733650ad"}
{"index": {"_index":"pob","_id":"3067614"}}
	{"id":3067614,"type":"sell","buyer":"master-lamps","seller":"jakeart1","symbol":"POB","quantity":"0.22642502","price":"0.02130001","timestamp":1648395975,"volume":"0.00482286","buyTxId":"21bd0c9db2da5ea415cb41f05d72e944fa6fa7e2","sellTxId":"642c6c417be5facc32901b7264d106654c20c0ae"}
{"index": {"_index":"pob","_id":"3067629"}}
	{"id":3067629,"type":"sell","buyer":"master-lamps","seller":"kevmcc","symbol":"POB","quantity":"1.31005240","price":"0.02130001","timestamp":1648396143,"volume":"0.02790413","buyTxId":"21bd0c9db2da5ea415cb41f05d72e944fa6fa7e2","sellTxId":"877ce68f2efaf803417a3f3c6140cf8026a0940d"}
{"index": {"_index":"pob","_id":"3067755"}}
	{"id":3067755,"type":"sell","buyer":"master-lamps","seller":"femcy-willcy","symbol":"POB","quantity":"14.96691531","price":"0.02130001","timestamp":1648397577,"volume":"0.31879545","buyTxId":"21bd0c9db2da5ea415cb41f05d72e944fa6fa7e2","sellTxId":"8eb2a10f06ad87414a007b9574e07a790a34192b"}
{"index": {"_index":"pob","_id":"3067756"}}
	{"id":3067756,"type":"sell","buyer":"master-lamps","seller":"zakludick","symbol":"POB","quantity":"1.31140247","price":"0.02130001","timestamp":1648397583,"volume":"0.02793288","buyTxId":"21bd0c9db2da5ea415cb41f05d72e944fa6fa7e2","sellTxId":"e9a6016f17adf92523bbfef82897b9703c0eeb52"}
{"index": {"_index":"pob","_id":"3068223"}}
	{"id":3068223,"type":"sell","buyer":"richardcrill","seller":"gubbatv","symbol":"POB","quantity":"1.13697888","price":"0.02130000","timestamp":1648401147,"volume":"0.02421765","buyTxId":"MM-P-15986878-62975363-3-13-0","sellTxId":"b5a944df46ad283fa2c5ef802288698040fd6fd2"}
{"index": {"_index":"pob","_id":"3068272"}}
	{"id":3068272,"type":"sell","buyer":"richardcrill","seller":"elricmoonslayer","symbol":"POB","quantity":"3.96266424","price":"0.02130000","timestamp":1648401603,"volume":"0.08440475","buyTxId":"MM-P-15986878-62975363-3-13-0","sellTxId":"fd1d62dbbeaaa3a5dc49f73832801731481495d6"}
{"index": {"_index":"pob","_id":"3068318"}}
	{"id":3068318,"type":"sell","buyer":"richardcrill","seller":"eythorphoto","symbol":"POB","quantity":"0.00186126","price":"0.02130000","timestamp":1648401999,"volume":"0.00003964","buyTxId":"MM-P-15986878-62975363-3-13-0","sellTxId":"818f6a9a68943196a6a2b2fea05927eabd39e703"}
{"index": {"_index":"pob","_id":"3068359"}}
	{"id":3068359,"type":"sell","buyer":"richardcrill","seller":"maya7","symbol":"POB","quantity":"12.57733837","price":"0.02130000","timestamp":1648402266,"volume":"0.26789731","buyTxId":"MM-P-15986878-62975363-3-13-0","sellTxId":"0615f3f41829de69daca5c816e5885fdfb4837d5"}
{"index": {"_index":"pob","_id":"3068375"}}
	{"id":3068375,"type":"sell","buyer":"richardcrill","seller":"cannabot","symbol":"POB","quantity":"5.65056781","price":"0.02130000","timestamp":1648402362,"volume":"0.12035709","buyTxId":"MM-P-15986878-62975363-3-13-0","sellTxId":"8638baf4bfc64ee9c17fd520d07a60a25d3b9745"}
{"index": {"_index":"pob","_id":"3068376"}}
	{"id":3068376,"type":"sell","buyer":"master-lamps","seller":"cannabot","symbol":"POB","quantity":"1.79292700","price":"0.02120001","timestamp":1648402362,"volume":"0.03801007","buyTxId":"e0ea936f29ba26561c63f43d3a6038c0eb3c97de","sellTxId":"8638baf4bfc64ee9c17fd520d07a60a25d3b9745"}
{"index": {"_index":"pob","_id":"3068377"}}
	{"id":3068377,"type":"sell","buyer":"coininstant","seller":"cannabot","symbol":"POB","quantity":"7.13985700","price":"0.02120001","timestamp":1648402362,"volume":"0.15136504","buyTxId":"c880d8b25e291d8bf117b79bc6cbce6fed575c89","sellTxId":"8638baf4bfc64ee9c17fd520d07a60a25d3b9745"}
{"index": {"_index":"pob","_id":"3068378"}}
	{"id":3068378,"type":"sell","buyer":"sunset.curator","seller":"cannabot","symbol":"POB","quantity":"3.05043443","price":"0.02120000","timestamp":1648402362,"volume":"0.06466921","buyTxId":"d1461d0252625dc6ada19d34bdfdad6ce848889c","sellTxId":"8638baf4bfc64ee9c17fd520d07a60a25d3b9745"}
{"index": {"_index":"pob","_id":"3068379"}}
	{"id":3068379,"type":"sell","buyer":"helios.voter","seller":"cannabot","symbol":"POB","quantity":"8.39675896","price":"0.02120000","timestamp":1648402362,"volume":"0.17801129","buyTxId":"3a3cc0165342f25bc0d39b0bb558acaef7807623","sellTxId":"8638baf4bfc64ee9c17fd520d07a60a25d3b9745"}
{"index": {"_index":"pob","_id":"3068380"}}
	{"id":3068380,"type":"sell","buyer":"onlydoge","seller":"cannabot","symbol":"POB","quantity":"23.68545000","price":"0.02111000","timestamp":1648402362,"volume":"0.49999985","buyTxId":"e715f47f2078aca0efe8600a46f5bdb430f4bd20","sellTxId":"8638baf4bfc64ee9c17fd520d07a60a25d3b9745"}
{"index": {"_index":"pob","_id":"3068381"}}
	{"id":3068381,"type":"sell","buyer":"eirik","seller":"cannabot","symbol":"POB","quantity":"50.00000000","price":"0.02110000","timestamp":1648402362,"volume":"1.05500000","buyTxId":"4a38c8f5e87b7b3d563118155f62c00fb560e690","sellTxId":"8638baf4bfc64ee9c17fd520d07a60a25d3b9745"}
{"index": {"_index":"pob","_id":"3068382"}}
	{"id":3068382,"type":"sell","buyer":"yintercept","seller":"cannabot","symbol":"POB","quantity":"14.30000000","price":"0.02110000","timestamp":1648402362,"volume":"0.30173000","buyTxId":"426b5be11d4a8a6aa3c67fedd2a25d7ac038b2ca","sellTxId":"8638baf4bfc64ee9c17fd520d07a60a25d3b9745"}
{"index": {"_index":"pob","_id":"3068383"}}
	{"id":3068383,"type":"sell","buyer":"tunnelmotions","seller":"cannabot","symbol":"POB","quantity":"903.98400480","price":"0.02106000","timestamp":1648402362,"volume":"19.03790314","buyTxId":"9773bb2e8bad78d521176b0fe30ab8803db88021","sellTxId":"8638baf4bfc64ee9c17fd520d07a60a25d3b9745"}
{"index": {"_index":"pob","_id":"3068444"}}
	{"id":3068444,"type":"sell","buyer":"richardcrill","seller":"parung76","symbol":"POB","quantity":"10.37537733","price":"0.02116000","timestamp":1648402824,"volume":"0.21954298","buyTxId":"MM-P-16005888-62994399-3-14-0","sellTxId":"feb6f7070973bfeff51d3f415b7beb609d7f0cb3"}
{"index": {"_index":"pob","_id":"3068473"}}
	{"id":3068473,"type":"sell","buyer":"richardcrill","seller":"curatorcat.pal","symbol":"POB","quantity":"0.52710114","price":"0.02116000","timestamp":1648402974,"volume":"0.01115346","buyTxId":"MM-P-16005888-62994399-3-14-0","sellTxId":"7734d0fdda58433ec1e5f5bb15316cf43d64006d"}
{"index": {"_index":"pob","_id":"3068512"}}
	{"id":3068512,"type":"buy","buyer":"pjansen","seller":"zakludick","symbol":"POB","quantity":"5.34584700","price":"0.02130001","timestamp":1648403208,"volume":"0.11386659","buyTxId":"6cfddbfa0adbaef0926009a1deb150cf8ce20685","sellTxId":"e9a6016f17adf92523bbfef82897b9703c0eeb52"}
{"index": {"_index":"pob","_id":"3068558"}}
	{"id":3068558,"type":"sell","buyer":"richardcrill","seller":"pewsplosions","symbol":"POB","quantity":"0.60895608","price":"0.02116000","timestamp":1648403400,"volume":"0.01288551","buyTxId":"MM-P-16005888-62994399-3-14-0","sellTxId":"11f665fd4ac8ef9358364996100b69ead012e67c"}
{"index": {"_index":"pob","_id":"3068583"}}
	{"id":3068583,"type":"sell","buyer":"richardcrill","seller":"slobberchops","symbol":"POB","quantity":"68.21020879","price":"0.02116000","timestamp":1648403538,"volume":"1.44332802","buyTxId":"MM-P-16005888-62994399-3-14-0","sellTxId":"9fe39e8c217b39310b435b1c2a50ce1e704bcd0a"}
{"index": {"_index":"pob","_id":"3068632"}}
	{"id":3068632,"type":"sell","buyer":"richardcrill","seller":"teatree","symbol":"POB","quantity":"0.87268109","price":"0.02116000","timestamp":1648403823,"volume":"0.01846593","buyTxId":"MM-P-16005888-62994399-3-14-0","sellTxId":"e71251069b03d9104c7e8b503a5613ea015600d2"}
{"index": {"_index":"pob","_id":"3068760"}}
	{"id":3068760,"type":"buy","buyer":"phortun","seller":"zakludick","symbol":"POB","quantity":"0.00000043","price":"0.02130001","timestamp":1648404210,"volume":"0.00000001","buyTxId":"b85101a4babb4fe6714dfdd8da2a7ece688979c4","sellTxId":"e9a6016f17adf92523bbfef82897b9703c0eeb52"}
{"index": {"_index":"pob","_id":"3068761"}}
	{"id":3068761,"type":"buy","buyer":"phortun","seller":"onlydoge","symbol":"POB","quantity":"3.51033722","price":"0.02399000","timestamp":1648404210,"volume":"0.08421299","buyTxId":"b85101a4babb4fe6714dfdd8da2a7ece688979c4","sellTxId":"e296f52ab3de0248f533a10f23e87639cd5a0837"}
{"index": {"_index":"pob","_id":"3068794"}}
	{"id":3068794,"type":"sell","buyer":"richardcrill","seller":"toofasteddie","symbol":"POB","quantity":"8.17326380","price":"0.02116000","timestamp":1648404318,"volume":"0.17294626","buyTxId":"MM-P-16005888-62994399-3-14-0","sellTxId":"38cac93168400acb4a8a0756b2947ae48c9f2edc"}
{"index": {"_index":"pob","_id":"3068799"}}
	{"id":3068799,"type":"buy","buyer":"saboin","seller":"onlydoge","symbol":"POB","quantity":"66.87911278","price":"0.02399000","timestamp":1648404372,"volume":"1.60442992","buyTxId":"c211a0093e41db9595bf173cf74a42e79335b8cc","sellTxId":"e296f52ab3de0248f533a10f23e87639cd5a0837"}
{"index": {"_index":"pob","_id":"3068800"}}
	{"id":3068800,"type":"buy","buyer":"saboin","seller":"quicktrades","symbol":"POB","quantity":"0.54409861","price":"0.02399998","timestamp":1648404372,"volume":"0.01305836","buyTxId":"c211a0093e41db9595bf173cf74a42e79335b8cc","sellTxId":"ee0a764837d48f8b6b2df85adeab86984d50404d"}
{"index": {"_index":"pob","_id":"3068801"}}
	{"id":3068801,"type":"buy","buyer":"saboin","seller":"droida","symbol":"POB","quantity":"0.34150181","price":"0.02399999","timestamp":1648404372,"volume":"0.00819604","buyTxId":"c211a0093e41db9595bf173cf74a42e79335b8cc","sellTxId":"dcec176a0b99f405f72f0933ef704a821f60ea58"}
{"index": {"_index":"pob","_id":"3068802"}}
	{"id":3068802,"type":"buy","buyer":"saboin","seller":"jfang003","symbol":"POB","quantity":"400.00000000","price":"0.02400000","timestamp":1648404372,"volume":"9.60000000","buyTxId":"c211a0093e41db9595bf173cf74a42e79335b8cc","sellTxId":"43f8059087fffca9a6e13732244fc4f55391b685"}
{"index": {"_index":"pob","_id":"3068803"}}
	{"id":3068803,"type":"buy","buyer":"saboin","seller":"coloneljethro","symbol":"POB","quantity":"100.00000000","price":"0.02400000","timestamp":1648404372,"volume":"2.40000000","buyTxId":"c211a0093e41db9595bf173cf74a42e79335b8cc","sellTxId":"7b5eb1e79d20c0b83ff4a50750598ea508fcbb96"}
{"index": {"_index":"pob","_id":"3068804"}}
	{"id":3068804,"type":"buy","buyer":"saboin","seller":"master-lamps","symbol":"POB","quantity":"1.35520156","price":"0.02430000","timestamp":1648404372,"volume":"0.03293140","buyTxId":"c211a0093e41db9595bf173cf74a42e79335b8cc","sellTxId":"fa706bad2940b18888d306a2dae9a6e0f8f09dc9"}
{"index": {"_index":"pob","_id":"3068805"}}
	{"id":3068805,"type":"buy","buyer":"saboin","seller":"liotes.voter","symbol":"POB","quantity":"17.18340037","price":"0.02444000","timestamp":1648404372,"volume":"0.41996231","buyTxId":"c211a0093e41db9595bf173cf74a42e79335b8cc","sellTxId":"51c1dc3159a4ef8768cd22523cba461ba7ec7ad9"}
{"index": {"_index":"pob","_id":"3068806"}}
	{"id":3068806,"type":"buy","buyer":"saboin","seller":"dhedge-drips","symbol":"POB","quantity":"1.28296272","price":"0.02444000","timestamp":1648404372,"volume":"0.03135561","buyTxId":"c211a0093e41db9595bf173cf74a42e79335b8cc","sellTxId":"3724fb657266051ebff177f9cd0ee0f94076f5db"}
{"index": {"_index":"pob","_id":"3068807"}}
	{"id":3068807,"type":"buy","buyer":"saboin","seller":"kemmyb","symbol":"POB","quantity":"30.00000000","price":"0.02444000","timestamp":1648404372,"volume":"0.73320000","buyTxId":"c211a0093e41db9595bf173cf74a42e79335b8cc","sellTxId":"6455f7bc49a63c8204c5a17fa814f50479c29d4b"}
{"index": {"_index":"pob","_id":"3068808"}}
	{"id":3068808,"type":"buy","buyer":"saboin","seller":"coloneljethro","symbol":"POB","quantity":"74.72388004","price":"0.02450000","timestamp":1648404372,"volume":"1.83073506","buyTxId":"c211a0093e41db9595bf173cf74a42e79335b8cc","sellTxId":"390800fba46fe5c0d0abd03d3560592aa4f758bc"}
{"index": {"_index":"pob","_id":"3068809"}}
	{"id":3068809,"type":"buy","buyer":"saboin","seller":"quicktrades","symbol":"POB","quantity":"1.46497321","price":"0.02498998","timestamp":1648404372,"volume":"0.03660965","buyTxId":"c211a0093e41db9595bf173cf74a42e79335b8cc","sellTxId":"ff6579a0a60a6f334c79d7bb3e0ae18269675608"}
{"index": {"_index":"pob","_id":"3068810"}}
	{"id":3068810,"type":"buy","buyer":"saboin","seller":"droida","symbol":"POB","quantity":"0.29735614","price":"0.02498999","timestamp":1648404372,"volume":"0.00743093","buyTxId":"c211a0093e41db9595bf173cf74a42e79335b8cc","sellTxId":"846214e6e52aaae3d484ffedf3e73f4507d3f019"}
{"index": {"_index":"pob","_id":"3068811"}}
	{"id":3068811,"type":"buy","buyer":"saboin","seller":"beyondhorizonmm","symbol":"POB","quantity":"12.87997462","price":"0.02499000","timestamp":1648404372,"volume":"0.32187057","buyTxId":"c211a0093e41db9595bf173cf74a42e79335b8cc","sellTxId":"b22465dc81ed322d19d33b28ede5eb0fbcbf47b7"}
{"index": {"_index":"pob","_id":"3068812"}}
	{"id":3068812,"type":"buy","buyer":"saboin","seller":"dhedge-drips","symbol":"POB","quantity":"0.53000497","price":"0.02499000","timestamp":1648404372,"volume":"0.01324482","buyTxId":"c211a0093e41db9595bf173cf74a42e79335b8cc","sellTxId":"0a5c33c5dd27fbd018e5474286ea1a29bc800fe3"}
{"index": {"_index":"pob","_id":"3068813"}}
	{"id":3068813,"type":"buy","buyer":"saboin","seller":"leprechaun","symbol":"POB","quantity":"321.64679372","price":"0.02500000","timestamp":1648404372,"volume":"8.04116984","buyTxId":"c211a0093e41db9595bf173cf74a42e79335b8cc","sellTxId":"f0aefeed1fb4058255adeac624468d04a6646d7d"}
{"index": {"_index":"pob","_id":"3068814"}}
	{"id":3068814,"type":"buy","buyer":"saboin","seller":"he-index","symbol":"POB","quantity":"0.06200000","price":"0.02500000","timestamp":1648404372,"volume":"0.00155000","buyTxId":"c211a0093e41db9595bf173cf74a42e79335b8cc","sellTxId":"3a11fdb664e9c97494a337fab88bc418622022f6"}
{"index": {"_index":"pob","_id":"3068815"}}
	{"id":3068815,"type":"buy","buyer":"saboin","seller":"dhedge-drips","symbol":"POB","quantity":"1.32012744","price":"0.02500000","timestamp":1648404372,"volume":"0.03300319","buyTxId":"c211a0093e41db9595bf173cf74a42e79335b8cc","sellTxId":"587cbe535bf1f5d9edf2f95ed06d945affe170bd"}
{"index": {"_index":"pob","_id":"3068816"}}
	{"id":3068816,"type":"buy","buyer":"saboin","seller":"brofi-market","symbol":"POB","quantity":"4.94671295","price":"0.02500000","timestamp":1648404372,"volume":"0.12366782","buyTxId":"c211a0093e41db9595bf173cf74a42e79335b8cc","sellTxId":"44c346671b99696afe0e01c47d22020db4aa8915"}
{"index": {"_index":"pob","_id":"3068817"}}
	{"id":3068817,"type":"buy","buyer":"saboin","seller":"richardcrill","symbol":"POB","quantity":"28.10469026","price":"0.02659999","timestamp":1648404372,"volume":"0.74758448","buyTxId":"c211a0093e41db9595bf173cf74a42e79335b8cc","sellTxId":"MM-P-15942871-62931314-3-13-0"}
{"index": {"_index":"pob","_id":"3068895"}}
	{"id":3068895,"type":"sell","buyer":"richardcrill","seller":"shainemata","symbol":"POB","quantity":"3.67111803","price":"0.02116000","timestamp":1648405143,"volume":"0.07768086","buyTxId":"MM-P-16005888-62994399-3-14-0","sellTxId":"983d27317423d427f878698298e37087bac4c464"}
{"index": {"_index":"pob","_id":"3068970"}}
	{"id":3068970,"type":"sell","buyer":"richardcrill","seller":"victor-alexander","symbol":"POB","quantity":"4.42394333","price":"0.02116000","timestamp":1648406280,"volume":"0.09361064","buyTxId":"MM-P-16005888-62994399-3-14-0","sellTxId":"86fd4a78bdf85083c6d012f9f6aa5100245596e8"}
{"index": {"_index":"pob","_id":"3069248"}}
	{"id":3069248,"type":"sell","buyer":"master-lamps","seller":"tfranzini","symbol":"POB","quantity":"1.85999905","price":"0.02118000","timestamp":1648410183,"volume":"0.03939478","buyTxId":"2288cb0688c07e7caf3bf5f83ea3c806afc9fbca","sellTxId":"d7ab9e443e77495192a2edbb78aee5fbbea4c595"}
{"index": {"_index":"pob","_id":"3069249"}}
	{"id":3069249,"type":"sell","buyer":"richardcrill","seller":"tfranzini","symbol":"POB","quantity":"28.14000095","price":"0.02116000","timestamp":1648410183,"volume":"0.59544242","buyTxId":"MM-P-16005888-62994399-3-14-0","sellTxId":"d7ab9e443e77495192a2edbb78aee5fbbea4c595"}
{"index": {"_index":"pob","_id":"3069340"}}
	{"id":3069340,"type":"sell","buyer":"richardcrill","seller":"cronos0","symbol":"POB","quantity":"9.54610873","price":"0.02116000","timestamp":1648411311,"volume":"0.20199566","buyTxId":"MM-P-16005888-62994399-3-14-0","sellTxId":"999b2493f6d48cd9438e53c77f1fa8ce488043b4"}
{"index": {"_index":"pob","_id":"3069453"}}
	{"id":3069453,"type":"buy","buyer":"andy4475","seller":"master-lamps","symbol":"POB","quantity":"19.79886404","price":"0.02649900","timestamp":1648412229,"volume":"0.52465010","buyTxId":"b30b38e1c0b6d793e3b5f3378b971ca3b100cf81","sellTxId":"3217525d1226f7ed1050b7a746b5796ec9a7f1f8"}
{"index": {"_index":"pob","_id":"3069454"}}
	{"id":3069454,"type":"buy","buyer":"andy4475","seller":"onlydoge","symbol":"POB","quantity":"18.80406000","price":"0.02659000","timestamp":1648412229,"volume":"0.49999996","buyTxId":"b30b38e1c0b6d793e3b5f3378b971ca3b100cf81","sellTxId":"fc982caf5106df3a1f6b42ed7ada5fdee3c4ed9a"}
{"index": {"_index":"pob","_id":"3069455"}}
	{"id":3069455,"type":"buy","buyer":"andy4475","seller":"richardcrill","symbol":"POB","quantity":"48.39707596","price":"0.02659999","timestamp":1648412229,"volume":"1.28736174","buyTxId":"b30b38e1c0b6d793e3b5f3378b971ca3b100cf81","sellTxId":"MM-P-15942871-62931314-3-13-0"}
{"index": {"_index":"pob","_id":"3069565"}}
	{"id":3069565,"type":"sell","buyer":"richardcrill","seller":"taskmaster4450le","symbol":"POB","quantity":"277.14989946","price":"0.02116000","timestamp":1648413495,"volume":"5.86449187","buyTxId":"MM-P-16005888-62994399-3-14-0","sellTxId":"155adfeada602668b1b4e11992b67844430477af"}
{"index": {"_index":"pob","_id":"3069612"}}
	{"id":3069612,"type":"sell","buyer":"richardcrill","seller":"taskmaster4450","symbol":"POB","quantity":"103.89495169","price":"0.02116000","timestamp":1648413756,"volume":"2.19841718","buyTxId":"MM-P-16005888-62994399-3-14-0","sellTxId":"b563bfec7f2154afc1ed0ab277f2fd7ef286febd"}
{"index": {"_index":"pob","_id":"3069664"}}
	{"id":3069664,"type":"sell","buyer":"richardcrill","seller":"deathwing","symbol":"POB","quantity":"0.025","price":"0.02116000","timestamp":1648414506,"volume":"0.00052900","buyTxId":"MM-P-16005888-62994399-3-14-0","sellTxId":"aa817de8a9c0690924d4686b56d5679348784597-2"}
{"index": {"_index":"pob","_id":"3069860"}}
	{"id":3069860,"type":"sell","buyer":"master-lamps","seller":"oks2crypto","symbol":"POB","quantity":"0.13309361","price":"0.02118000","timestamp":1648417056,"volume":"0.00281892","buyTxId":"99c9bb6d15b6a323cbf6f9cf1d3364c72de6be3c","sellTxId":"ea3de78077f9bb3137af4c105693036b2bd776b9"}
{"index": {"_index":"pob","_id":"3069904"}}
	{"id":3069904,"type":"sell","buyer":"master-lamps","seller":"stickupcash","symbol":"POB","quantity":"24.63792149","price":"0.02118000","timestamp":1648417704,"volume":"0.52183118","buyTxId":"99c9bb6d15b6a323cbf6f9cf1d3364c72de6be3c","sellTxId":"79b373dabb7f542814f44c9377ed990be30586e4"}
{"index": {"_index":"pob","_id":"3069905"}}
	{"id":3069905,"type":"sell","buyer":"richardcrill","seller":"stickupcash","symbol":"POB","quantity":"7.82817362","price":"0.02116000","timestamp":1648417704,"volume":"0.16564415","buyTxId":"MM-P-16005888-62994399-3-14-0","sellTxId":"79b373dabb7f542814f44c9377ed990be30586e4"}
{"index": {"_index":"pob","_id":"3069927"}}
	{"id":3069927,"type":"sell","buyer":"richardcrill","seller":"beeber","symbol":"POB","quantity":"48.44405716","price":"0.02116000","timestamp":1648417905,"volume":"1.02507625","buyTxId":"MM-P-16005888-62994399-3-14-0","sellTxId":"c32a263d815fb0500bebc791db899caa493c9c2d"}
{"index": {"_index":"pob","_id":"3070011"}}
	{"id":3070011,"type":"sell","buyer":"richardcrill","seller":"he-index","symbol":"POB","quantity":"0.10100000","price":"0.02116000","timestamp":1648418655,"volume":"0.00213716","buyTxId":"MM-P-16005888-62994399-3-14-0","sellTxId":"82d22eb8d8237527eea45c089bc8d15ef4d43091"}
{"index": {"_index":"pob","_id":"3070017"}}
	{"id":3070017,"type":"sell","buyer":"richardcrill","seller":"valorbeats","symbol":"POB","quantity":"0.96895469","price":"0.02116000","timestamp":1648418748,"volume":"0.02050308","buyTxId":"MM-P-16005888-62994399-3-14-0","sellTxId":"79f657cb32b392dc1bc2098de2e5afbd57df5aa4"}
{"index": {"_index":"pob","_id":"3070212"}}
	{"id":3070212,"type":"sell","buyer":"richardcrill","seller":"melbourneswest","symbol":"POB","quantity":"20","price":"0.02116000","timestamp":1648421577,"volume":"0.42320000","buyTxId":"MM-P-16005888-62994399-3-14-0","sellTxId":"66c6d7957a2c9756f2023e6a89f24f600f6357f9"}
{"index": {"_index":"pob","_id":"3070392"}}
	{"id":3070392,"type":"sell","buyer":"richardcrill","seller":"vlemon","symbol":"POB","quantity":"11.00000000","price":"0.02130000","timestamp":1648423506,"volume":"0.23430000","buyTxId":"MM-P-16012459-63000975-3-14-0","sellTxId":"ec4f231618418f22cfc0974565e2bf06ab82e35b"}
{"index": {"_index":"pob","_id":"3070710"}}
	{"id":3070710,"type":"sell","buyer":"richardcrill","seller":"brofi-market","symbol":"POB","quantity":"11.17623307","price":"0.02130000","timestamp":1648426863,"volume":"0.23805376","buyTxId":"MM-P-16012459-63000975-3-14-0","sellTxId":"6bdf5e271df61acde7a317b2f2089d026a597038"}
{"index": {"_index":"pob","_id":"3070798"}}
	{"id":3070798,"type":"sell","buyer":"richardcrill","seller":"operahoser","symbol":"POB","quantity":"0.65607749","price":"0.02130000","timestamp":1648427985,"volume":"0.01397445","buyTxId":"MM-P-16012459-63000975-3-14-0","sellTxId":"09a99765d7d0e39e41ba7f5bc2d23852acc5eed0"}
{"index": {"_index":"pob","_id":"3070861"}}
	{"id":3070861,"type":"sell","buyer":"richardcrill","seller":"dhedge-drips","symbol":"POB","quantity":"1.19745355","price":"0.02130000","timestamp":1648428546,"volume":"0.02550576","buyTxId":"MM-P-16012459-63000975-3-14-0","sellTxId":"8ebc6c7e9111adee1415bf73d06efe2e736a1a73"}
{"index": {"_index":"pob","_id":"3070937"}}
	{"id":3070937,"type":"sell","buyer":"richardcrill","seller":"bitcoinflood","symbol":"POB","quantity":"11.22547367","price":"0.02130000","timestamp":1648429554,"volume":"0.23910259","buyTxId":"MM-P-16012459-63000975-3-14-0","sellTxId":"e245108e7463fc8b1d4ea9cfef087f16a24fc100"}
{"index": {"_index":"pob","_id":"3071279"}}
	{"id":3071279,"type":"sell","buyer":"richardcrill","seller":"ylich","symbol":"POB","quantity":"30.00000000","price":"0.02130000","timestamp":1648434846,"volume":"0.63900000","buyTxId":"MM-P-16012459-63000975-3-14-0","sellTxId":"2ca4e392bfba869859c062e123f36f8adef6c9f0"}
{"index": {"_index":"pob","_id":"3071322"}}
	{"id":3071322,"type":"sell","buyer":"richardcrill","seller":"gubbatv","symbol":"POB","quantity":"2.71943643","price":"0.02130000","timestamp":1648435464,"volume":"0.05792400","buyTxId":"MM-P-16012459-63000975-3-14-0","sellTxId":"e2a7362c65b8d1aade4f3899f0c51fcf8f985b85"}
