{"index": {"_index":"pob","_id":"3401038"}}
	{"id":3401038,"type":"sell","buyer":"coffeebuds","seller":"captainquack22","symbol":"POB","quantity":"12","price":"0.01878000","timestamp":1652246094,"volume":"0.22536000","buyTxId":"MM-P-17279350-64269183-3-24-0","sellTxId":"828bec9b3691dfac5a82a61b96ff7b39b36e6dca"}
{"index": {"_index":"pob","_id":"3401062"}}
	{"id":3401062,"type":"sell","buyer":"coffeebuds","seller":"coffeelovers","symbol":"POB","quantity":"11.47687407","price":"0.01878000","timestamp":1652246307,"volume":"0.21553570","buyTxId":"MM-P-17279350-64269183-3-24-0","sellTxId":"357b6fc5247bc61dafcc80fed6bcd78ea11eda46"}
{"index": {"_index":"pob","_id":"3401202"}}
	{"id":3401202,"type":"sell","buyer":"coffeebuds","seller":"oks2crypto","symbol":"POB","quantity":"0.03245228","price":"0.01878000","timestamp":1652248083,"volume":"0.00060945","buyTxId":"MM-P-17279350-64269183-3-24-0","sellTxId":"80781c2040bae917ff3f4b04afecf0d0d5ace318"}
{"index": {"_index":"pob","_id":"3401206"}}
	{"id":3401206,"type":"sell","buyer":"coffeebuds","seller":"achim03","symbol":"POB","quantity":"6.72000000","price":"0.01878000","timestamp":1652248122,"volume":"0.12620160","buyTxId":"MM-P-17279350-64269183-3-24-0","sellTxId":"4ea6859ffed37b7a106d026d4d38b1d2560a6df6"}
{"index": {"_index":"pob","_id":"3401256"}}
	{"id":3401256,"type":"sell","buyer":"coffeebuds","seller":"casimirio","symbol":"POB","quantity":"4.64194932","price":"0.01878000","timestamp":1652248749,"volume":"0.08717581","buyTxId":"MM-P-17279350-64269183-3-24-0","sellTxId":"eeac6e16ca636edf4ad402743d5e5383697b4a19"}
{"index": {"_index":"pob","_id":"3401390"}}
	{"id":3401390,"type":"sell","buyer":"coffeebuds","seller":"ugochill","symbol":"POB","quantity":"0.11902586","price":"0.01878000","timestamp":1652251311,"volume":"0.00223531","buyTxId":"MM-P-17279350-64269183-3-24-0","sellTxId":"29fd6efb585518008f7bc885cad53655c1fe8828"}
{"index": {"_index":"pob","_id":"3401626"}}
	{"id":3401626,"type":"buy","buyer":"ugochill","seller":"ianmcg","symbol":"POB","quantity":"5.00000000","price":"0.01999997","timestamp":1652253360,"volume":"0.09999985","buyTxId":"8f59ca7efba8839c1e9668190c61c33fa7b7af34","sellTxId":"e6d5f9ccfa4d883b9269b15002b00be70228b290"}
{"index": {"_index":"pob","_id":"3402126"}}
	{"id":3402126,"type":"sell","buyer":"coffeebuds","seller":"shebe","symbol":"POB","quantity":"28.91536695","price":"0.01878000","timestamp":1652259810,"volume":"0.54303059","buyTxId":"MM-P-17279350-64269183-3-24-0","sellTxId":"69da0b5cf4cfd756fd4fe2c3c1797977b6e36b2e"}
{"index": {"_index":"pob","_id":"3402245"}}
	{"id":3402245,"type":"sell","buyer":"coffeebuds","seller":"repayme4568","symbol":"POB","quantity":"26.21116000","price":"0.01878000","timestamp":1652261436,"volume":"0.49224558","buyTxId":"MM-P-17279350-64269183-3-24-0","sellTxId":"5864b6a573752a2bfb5166da0c68503adafe58d7"}
{"index": {"_index":"pob","_id":"3402344"}}
	{"id":3402344,"type":"sell","buyer":"coffeebuds","seller":"rzc24-nftbbg","symbol":"POB","quantity":"0.78590061","price":"0.01878000","timestamp":1652262324,"volume":"0.01475921","buyTxId":"MM-P-17279350-64269183-3-24-0","sellTxId":"b554063758fb38d515899db736dbdf7b9d295bad"}
{"index": {"_index":"pob","_id":"3402530"}}
	{"id":3402530,"type":"sell","buyer":"coffeebuds","seller":"beemd","symbol":"POB","quantity":"18.87116800","price":"0.01878000","timestamp":1652264385,"volume":"0.35440054","buyTxId":"MM-P-17279350-64269183-3-24-0","sellTxId":"ef7559756ecd9f76fe450ff78a3d70a07fda4085"}
{"index": {"_index":"pob","_id":"3402630"}}
	{"id":3402630,"type":"sell","buyer":"coffeebuds","seller":"justinparke","symbol":"POB","quantity":"5.06693882","price":"0.01878000","timestamp":1652265405,"volume":"0.09515711","buyTxId":"MM-P-17279350-64269183-3-24-0","sellTxId":"392d47fa1b7902fa991da3afa83a5ca1c62ec82c"}
{"index": {"_index":"pob","_id":"3402704"}}
	{"id":3402704,"type":"sell","buyer":"coffeebuds","seller":"gubbatv","symbol":"POB","quantity":"0.50192389","price":"0.01878000","timestamp":1652266164,"volume":"0.00942613","buyTxId":"MM-P-17279350-64269183-3-24-0","sellTxId":"cf80c09b21cedd1256b4c73696eed36f9028e994"}
{"index": {"_index":"pob","_id":"3402712"}}
	{"id":3402712,"type":"buy","buyer":"mizuosemla","seller":"networkallstar","symbol":"POB","quantity":"0.20661221","price":"0.01878001","timestamp":1652266260,"volume":"0.00388018","buyTxId":"d85155cab8798f1b906c3a5071b357f6d005a156","sellTxId":"0b85b7e75389375f689f42ae3e2457f4ed7017b1"}
{"index": {"_index":"pob","_id":"3402713"}}
	{"id":3402713,"type":"buy","buyer":"mizuosemla","seller":"ianmcg","symbol":"POB","quantity":"3.96694173","price":"0.01999997","timestamp":1652266260,"volume":"0.07933872","buyTxId":"d85155cab8798f1b906c3a5071b357f6d005a156","sellTxId":"e6d5f9ccfa4d883b9269b15002b00be70228b290"}
{"index": {"_index":"pob","_id":"3402714"}}
	{"id":3402714,"type":"buy","buyer":"mizuosemla","seller":"liotes.voter","symbol":"POB","quantity":"17.62000000","price":"0.01999997","timestamp":1652266260,"volume":"0.35239947","buyTxId":"d85155cab8798f1b906c3a5071b357f6d005a156","sellTxId":"e22cf33e98d678bb14f701701e0abcff3b9e8112"}
{"index": {"_index":"pob","_id":"3402715"}}
	{"id":3402715,"type":"buy","buyer":"mizuosemla","seller":"quicktrades","symbol":"POB","quantity":"0.54728881","price":"0.01999998","timestamp":1652266260,"volume":"0.01094577","buyTxId":"d85155cab8798f1b906c3a5071b357f6d005a156","sellTxId":"8ab09a9d3a385608fc9b3ad700481d24b1daec50"}
{"index": {"_index":"pob","_id":"3402716"}}
	{"id":3402716,"type":"buy","buyer":"mizuosemla","seller":"droida","symbol":"POB","quantity":"0.34398795","price":"0.01999999","timestamp":1652266260,"volume":"0.00687976","buyTxId":"d85155cab8798f1b906c3a5071b357f6d005a156","sellTxId":"3d0e28a73599f089ec12c3fdec5c1716a80efcf7"}
{"index": {"_index":"pob","_id":"3402717"}}
	{"id":3402717,"type":"buy","buyer":"mizuosemla","seller":"yintercept","symbol":"POB","quantity":"15.69446582","price":"0.02000000","timestamp":1652266260,"volume":"0.31388932","buyTxId":"d85155cab8798f1b906c3a5071b357f6d005a156","sellTxId":"1c4d1e6dcdbdf2dbfca2e85dbea4e3f114eb5bae"}
{"index": {"_index":"pob","_id":"3402718"}}
	{"id":3402718,"type":"buy","buyer":"mizuosemla","seller":"pero82","symbol":"POB","quantity":"0.33117828","price":"0.02000000","timestamp":1652266260,"volume":"0.00662357","buyTxId":"d85155cab8798f1b906c3a5071b357f6d005a156","sellTxId":"520e1af2e3ef1601ed4f692a564623e01b0f7136"}
{"index": {"_index":"pob","_id":"3402719"}}
	{"id":3402719,"type":"buy","buyer":"mizuosemla","seller":"onlydoge","symbol":"POB","quantity":"11.19580039","price":"0.02019000","timestamp":1652266260,"volume":"0.22604321","buyTxId":"d85155cab8798f1b906c3a5071b357f6d005a156","sellTxId":"25112b84e20cd31bfda4c0ce1e465890e7376509"}
{"index": {"_index":"pob","_id":"3402868"}}
	{"id":3402868,"type":"sell","buyer":"coffeebuds","seller":"scooter77","symbol":"POB","quantity":"2.97130203","price":"0.01878000","timestamp":1652268105,"volume":"0.05580105","buyTxId":"MM-P-17279350-64269183-3-24-0","sellTxId":"bc6a06f48590a9e580785ff8dd8dba29b0cb3d84"}
{"index": {"_index":"pob","_id":"3402869"}}
	{"id":3402869,"type":"sell","buyer":"opidia","seller":"scooter77","symbol":"POB","quantity":"12.02869797","price":"0.01875000","timestamp":1652268105,"volume":"0.22553809","buyTxId":"fca75c713dd721b3a45cb3f16a642c6766cb3969","sellTxId":"bc6a06f48590a9e580785ff8dd8dba29b0cb3d84"}
{"index": {"_index":"pob","_id":"3403957"}}
	{"id":3403957,"type":"sell","buyer":"onlydoge","seller":"steem82868","symbol":"POB","quantity":"0.02527910","price":"0.01876000","timestamp":1652276616,"volume":"0.00047424","buyTxId":"ff6c0474f1a6a9b25334134b63fcda995909e003","sellTxId":"3f831e03ccd3c129640c03fc207e99081e35ff60"}
{"index": {"_index":"pob","_id":"3404207"}}
	{"id":3404207,"type":"sell","buyer":"onlydoge","seller":"aiuna","symbol":"POB","quantity":"159.88942090","price":"0.01876000","timestamp":1652278917,"volume":"2.99952553","buyTxId":"ff6c0474f1a6a9b25334134b63fcda995909e003","sellTxId":"0a576f7a6781b228c682308f0e68cfd5a2816e48"}
{"index": {"_index":"pob","_id":"3404208"}}
	{"id":3404208,"type":"sell","buyer":"he-index","seller":"aiuna","symbol":"POB","quantity":"0.32000000","price":"0.01876000","timestamp":1652278917,"volume":"0.00600320","buyTxId":"d66b250fa9773f203f5b84860bd746e24dd77b79","sellTxId":"0a576f7a6781b228c682308f0e68cfd5a2816e48"}
{"index": {"_index":"pob","_id":"3404209"}}
	{"id":3404209,"type":"buy","buyer":"pjansen","seller":"aiuna","symbol":"POB","quantity":"26.65245202","price":"0.01876000","timestamp":1652278944,"volume":"0.5","buyTxId":"3e0164122444f14a394d7a8249c1e76701664556","sellTxId":"0a576f7a6781b228c682308f0e68cfd5a2816e48"}
{"index": {"_index":"pob","_id":"3404234"}}
	{"id":3404234,"type":"buy","buyer":"pjansen","seller":"aiuna","symbol":"POB","quantity":"26.65245202","price":"0.01876000","timestamp":1652279094,"volume":"0.5","buyTxId":"4c86e27e31c3d952b218428ac394634cc4f6f244","sellTxId":"0a576f7a6781b228c682308f0e68cfd5a2816e48"}
{"index": {"_index":"pob","_id":"3404242"}}
	{"id":3404242,"type":"buy","buyer":"pjansen","seller":"aiuna","symbol":"POB","quantity":"26.65245202","price":"0.01876000","timestamp":1652279223,"volume":"0.5","buyTxId":"36ec79b02c252128c99e9aa4d5c0ef397104e5d1","sellTxId":"0a576f7a6781b228c682308f0e68cfd5a2816e48"}
{"index": {"_index":"pob","_id":"3404422"}}
	{"id":3404422,"type":"sell","buyer":"opidia","seller":"chireerocks","symbol":"POB","quantity":"5.40896030","price":"0.01875000","timestamp":1652280429,"volume":"0.10141801","buyTxId":"fca75c713dd721b3a45cb3f16a642c6766cb3969","sellTxId":"03302e3d8e75504fe42c69e4fbd82676389fb001"}
{"index": {"_index":"pob","_id":"3404523"}}
	{"id":3404523,"type":"sell","buyer":"opidia","seller":"papacrusher","symbol":"POB","quantity":"19.86769077","price":"0.01875000","timestamp":1652281182,"volume":"0.37251920","buyTxId":"fca75c713dd721b3a45cb3f16a642c6766cb3969","sellTxId":"19d7a8f3969246ded81aa3613d9335e490294ca6"}
{"index": {"_index":"pob","_id":"3404633"}}
	{"id":3404633,"type":"buy","buyer":"yintercept","seller":"aiuna","symbol":"POB","quantity":"26.06718123","price":"0.01876000","timestamp":1652282187,"volume":"0.48902032","buyTxId":"bec6ba61c35714b5dfdc2e9988a57d24dfac1e70","sellTxId":"0a576f7a6781b228c682308f0e68cfd5a2816e48"}
{"index": {"_index":"pob","_id":"3404788"}}
	{"id":3404788,"type":"buy","buyer":"he-index","seller":"aiuna","symbol":"POB","quantity":"3.57100000","price":"0.01876000","timestamp":1652283252,"volume":"0.06699196","buyTxId":"5e7cb86168fbf74743c6fd5e2e49aaa35bc2370b","sellTxId":"0a576f7a6781b228c682308f0e68cfd5a2816e48"}
{"index": {"_index":"pob","_id":"3404819"}}
	{"id":3404819,"type":"sell","buyer":"opidia","seller":"irivers","symbol":"POB","quantity":"0.54758303","price":"0.01875000","timestamp":1652283363,"volume":"0.01026718","buyTxId":"fca75c713dd721b3a45cb3f16a642c6766cb3969","sellTxId":"ed427eb129cb5c1088d01a86c53aaa89e7b6a28f"}
{"index": {"_index":"pob","_id":"3405308"}}
	{"id":3405308,"type":"sell","buyer":"opidia","seller":"stayoutoftherz","symbol":"POB","quantity":"10.80000000","price":"0.01875000","timestamp":1652287338,"volume":"0.20250000","buyTxId":"fca75c713dd721b3a45cb3f16a642c6766cb3969","sellTxId":"c5918539824ed354b640edc01c7473d27ae00778"}
{"index": {"_index":"pob","_id":"3405408"}}
	{"id":3405408,"type":"sell","buyer":"opidia","seller":"uveee","symbol":"POB","quantity":"0.72307586","price":"0.01875000","timestamp":1652288442,"volume":"0.01355767","buyTxId":"fca75c713dd721b3a45cb3f16a642c6766cb3969","sellTxId":"f93f99eb217bcab868ae77ea420ec0101ee70830"}
{"index": {"_index":"pob","_id":"3405728"}}
	{"id":3405728,"type":"sell","buyer":"opidia","seller":"dwinblood","symbol":"POB","quantity":"5.52093058","price":"0.01875000","timestamp":1652291367,"volume":"0.10351745","buyTxId":"fca75c713dd721b3a45cb3f16a642c6766cb3969","sellTxId":"9b64aaa74799f4de8148ea8e22a296f0e27c6e22"}
{"index": {"_index":"pob","_id":"3405997"}}
	{"id":3405997,"type":"sell","buyer":"opidia","seller":"oks2crypto","symbol":"POB","quantity":"0.08338623","price":"0.01875000","timestamp":1652293710,"volume":"0.00156349","buyTxId":"fca75c713dd721b3a45cb3f16a642c6766cb3969","sellTxId":"32c8b177e7300503b0521dd4bfebefdf798fc49c"}
{"index": {"_index":"pob","_id":"3406079"}}
	{"id":3406079,"type":"sell","buyer":"opidia","seller":"beemd","symbol":"POB","quantity":"25.39372910","price":"0.01875000","timestamp":1652294313,"volume":"0.47613242","buyTxId":"fca75c713dd721b3a45cb3f16a642c6766cb3969","sellTxId":"3176c3b160eb4340aaae32114951be1e2efaa9da"}
{"index": {"_index":"pob","_id":"3406098"}}
	{"id":3406098,"type":"sell","buyer":"opidia","seller":"curatorcat.pal","symbol":"POB","quantity":"0.52013058","price":"0.01875000","timestamp":1652294460,"volume":"0.00975245","buyTxId":"fca75c713dd721b3a45cb3f16a642c6766cb3969","sellTxId":"6665ce71f29748c985dc87c299c02f22a28b9dc4"}
{"index": {"_index":"pob","_id":"3406161"}}
	{"id":3406161,"type":"sell","buyer":"opidia","seller":"revideogf","symbol":"POB","quantity":"0.49528869","price":"0.01875000","timestamp":1652294934,"volume":"0.00928666","buyTxId":"fca75c713dd721b3a45cb3f16a642c6766cb3969","sellTxId":"b15141cd47914f7910d86cf5807a329190706ea2"}
{"index": {"_index":"pob","_id":"3406170"}}
	{"id":3406170,"type":"sell","buyer":"opidia","seller":"cflclosers","symbol":"POB","quantity":"7.28345543","price":"0.01875000","timestamp":1652295015,"volume":"0.13656479","buyTxId":"fca75c713dd721b3a45cb3f16a642c6766cb3969","sellTxId":"18d2b79dd11a346087bcfce2313e527215e598c3"}
{"index": {"_index":"pob","_id":"3406205"}}
	{"id":3406205,"type":"buy","buyer":"master-lamps","seller":"aiuna","symbol":"POB","quantity":"75.00000000","price":"0.01876000","timestamp":1652295240,"volume":"1.40700000","buyTxId":"d793d9b46f3562702c1df9b5936380cfd178f66b","sellTxId":"0a576f7a6781b228c682308f0e68cfd5a2816e48"}
{"index": {"_index":"pob","_id":"3406648"}}
	{"id":3406648,"type":"sell","buyer":"opidia","seller":"corporateay","symbol":"POB","quantity":"440.24179291","price":"0.01875000","timestamp":1652299281,"volume":"8.25453362","buyTxId":"fca75c713dd721b3a45cb3f16a642c6766cb3969","sellTxId":"d1f8a60a2d7891b4ddda00a6d2f767570728f56b"}
{"index": {"_index":"pob","_id":"3406982"}}
	{"id":3406982,"type":"buy","buyer":"pjansen","seller":"aiuna","symbol":"POB","quantity":"26.65245202","price":"0.01876000","timestamp":1652301906,"volume":"0.5","buyTxId":"c9b56fac54ac74f7f267290be6d47f25c0e4b95a","sellTxId":"0a576f7a6781b228c682308f0e68cfd5a2816e48"}
{"index": {"_index":"pob","_id":"3407155"}}
	{"id":3407155,"type":"buy","buyer":"pjansen","seller":"aiuna","symbol":"POB","quantity":"26.65245202","price":"0.01876000","timestamp":1652303103,"volume":"0.5","buyTxId":"171e7fcea4066055cbe400e285c3bd8e3d62ede8","sellTxId":"0a576f7a6781b228c682308f0e68cfd5a2816e48"}
{"index": {"_index":"pob","_id":"3407368"}}
	{"id":3407368,"type":"sell","buyer":"opidia","seller":"xplosive","symbol":"POB","quantity":"0.51546768","price":"0.01875000","timestamp":1652305185,"volume":"0.00966502","buyTxId":"fca75c713dd721b3a45cb3f16a642c6766cb3969","sellTxId":"8ed0d6a19685814c5216b186c1c3062ba506e4b8"}
{"index": {"_index":"pob","_id":"3407516"}}
	{"id":3407516,"type":"sell","buyer":"opidia","seller":"funshee","symbol":"POB","quantity":"67.00000000","price":"0.01875000","timestamp":1652306433,"volume":"1.25625000","buyTxId":"fca75c713dd721b3a45cb3f16a642c6766cb3969","sellTxId":"d0574cfc6b82cbc2e090813a32e916d735a3e631"}
{"index": {"_index":"pob","_id":"3407522"}}
	{"id":3407522,"type":"sell","buyer":"opidia","seller":"he-index","symbol":"POB","quantity":"0.07400000","price":"0.01875000","timestamp":1652306469,"volume":"0.00138750","buyTxId":"fca75c713dd721b3a45cb3f16a642c6766cb3969","sellTxId":"f73de9424edfbf44e6b82c499efc7812c9a04128"}
{"index": {"_index":"pob","_id":"3407664"}}
	{"id":3407664,"type":"sell","buyer":"opidia","seller":"laritheghost","symbol":"POB","quantity":"0.88594460","price":"0.01875000","timestamp":1652308299,"volume":"0.01661146","buyTxId":"fca75c713dd721b3a45cb3f16a642c6766cb3969","sellTxId":"c23d8851e2bab419a89a197f452176e2ecab79ec"}
{"index": {"_index":"pob","_id":"3407761"}}
	{"id":3407761,"type":"sell","buyer":"opidia","seller":"uveee","symbol":"POB","quantity":"0.65629631","price":"0.01875000","timestamp":1652309250,"volume":"0.01230556","buyTxId":"fca75c713dd721b3a45cb3f16a642c6766cb3969","sellTxId":"66bfae8c564c203ece2d0124a754742765c1fd87"}
{"index": {"_index":"pob","_id":"3408306"}}
	{"id":3408306,"type":"sell","buyer":"opidia","seller":"andy4475","symbol":"POB","quantity":"186.48759700","price":"0.01875000","timestamp":1652314923,"volume":"3.49664244","buyTxId":"fca75c713dd721b3a45cb3f16a642c6766cb3969","sellTxId":"2d1730583da9843f2f14823d49815413004db2a3"}
{"index": {"_index":"pob","_id":"3408421"}}
	{"id":3408421,"type":"sell","buyer":"opidia","seller":"melbourneswest","symbol":"POB","quantity":"13","price":"0.01875000","timestamp":1652315850,"volume":"0.24375000","buyTxId":"fca75c713dd721b3a45cb3f16a642c6766cb3969","sellTxId":"7ae865f004ef96b1eaa93d632d0dffbbb6ce8b7f"}
{"index": {"_index":"pob","_id":"3408703"}}
	{"id":3408703,"type":"sell","buyer":"opidia","seller":"steem82868","symbol":"POB","quantity":"1.28199298","price":"0.01875000","timestamp":1652318829,"volume":"0.02403737","buyTxId":"fca75c713dd721b3a45cb3f16a642c6766cb3969","sellTxId":"f171177f4e99b2d82d8afb2c416098431d02bc87"}
{"index": {"_index":"pob","_id":"3408824"}}
	{"id":3408824,"type":"buy","buyer":"pjansen","seller":"aiuna","symbol":"POB","quantity":"26.65245202","price":"0.01876000","timestamp":1652320230,"volume":"0.5","buyTxId":"5e10318bcd2218e65533e170d16fd26a46fb52c2","sellTxId":"0a576f7a6781b228c682308f0e68cfd5a2816e48"}
{"index": {"_index":"pob","_id":"3408854"}}
	{"id":3408854,"type":"buy","buyer":"pjansen","seller":"aiuna","symbol":"POB","quantity":"26.65245202","price":"0.01876000","timestamp":1652320437,"volume":"0.5","buyTxId":"c219d7c23c35f214f0cf1843d05e57475684e05f","sellTxId":"0a576f7a6781b228c682308f0e68cfd5a2816e48"}
{"index": {"_index":"pob","_id":"3408875"}}
	{"id":3408875,"type":"buy","buyer":"pjansen","seller":"aiuna","symbol":"POB","quantity":"26.65245202","price":"0.01876000","timestamp":1652320644,"volume":"0.5","buyTxId":"efcdd8b309f97d4ff127e694799605b304106026","sellTxId":"0a576f7a6781b228c682308f0e68cfd5a2816e48"}
{"index": {"_index":"pob","_id":"3408911"}}
	{"id":3408911,"type":"buy","buyer":"pjansen","seller":"aiuna","symbol":"POB","quantity":"26.65245202","price":"0.01876000","timestamp":1652321046,"volume":"0.5","buyTxId":"59e2af337c60e4f36fc1001e4ac2ead24a3f9448","sellTxId":"0a576f7a6781b228c682308f0e68cfd5a2816e48"}
{"index": {"_index":"pob","_id":"3408923"}}
	{"id":3408923,"type":"buy","buyer":"pjansen","seller":"aiuna","symbol":"POB","quantity":"26.65245202","price":"0.01876000","timestamp":1652321208,"volume":"0.5","buyTxId":"a90372827a16b01493c942d3497f6d191571dda3","sellTxId":"0a576f7a6781b228c682308f0e68cfd5a2816e48"}
{"index": {"_index":"pob","_id":"3409210"}}
	{"id":3409210,"type":"sell","buyer":"opidia","seller":"maladroitest","symbol":"POB","quantity":"0.01353909","price":"0.01875000","timestamp":1652323929,"volume":"0.00025386","buyTxId":"fca75c713dd721b3a45cb3f16a642c6766cb3969","sellTxId":"914c154589f0cc7b2f021d59437077dac3690781"}
