{"index": {"_index":"pob","_id":"3717171"}}
	{"id":3717171,"type":"sell","buyer":"koussbar","seller":"decentropia","symbol":"POB","quantity":"0.06144624","price":"0.01930000","timestamp":1655522088,"volume":"0.00118591","buyTxId":"25e32cf9dbfa261a16a866556fbf02ed8c1d583e","sellTxId":"48ea9e4fde909b4379067e84b9a76bb5ac2fab09"}
{"index": {"_index":"pob","_id":"3717332"}}
	{"id":3717332,"type":"sell","buyer":"koussbar","seller":"gubbatv","symbol":"POB","quantity":"45.85290050","price":"0.01930000","timestamp":1655524629,"volume":"0.88496098","buyTxId":"25e32cf9dbfa261a16a866556fbf02ed8c1d583e","sellTxId":"eae1d90ff67cbadc51c5913ec0f75636514f5f03"}
{"index": {"_index":"pob","_id":"3717337"}}
	{"id":3717337,"type":"sell","buyer":"koussbar","seller":"clixmoney","symbol":"POB","quantity":"7.74442898","price":"0.01930000","timestamp":1655524710,"volume":"0.14946748","buyTxId":"25e32cf9dbfa261a16a866556fbf02ed8c1d583e","sellTxId":"538d5f8acd35c916c8bc8f80bf2567bbeb976ba4"}
{"index": {"_index":"pob","_id":"3717862"}}
	{"id":3717862,"type":"sell","buyer":"koussbar","seller":"lipe100dedos","symbol":"POB","quantity":"7.07152383","price":"0.01930000","timestamp":1655530125,"volume":"0.13648041","buyTxId":"25e32cf9dbfa261a16a866556fbf02ed8c1d583e","sellTxId":"738fe545ada677612eab205e6e83ad113dc6b74c"}
{"index": {"_index":"pob","_id":"3717933"}}
	{"id":3717933,"type":"buy","buyer":"irivers","seller":"oople","symbol":"POB","quantity":"0.00291652","price":"0.01930029","timestamp":1655531472,"volume":"0.00005629","buyTxId":"1aaeed6f099d640bb8ced8b89d1da788563f6097","sellTxId":"b23cac61d7cd99b104c407a98ac6e5edd4508f66"}
{"index": {"_index":"pob","_id":"3718007"}}
	{"id":3718007,"type":"sell","buyer":"irivers","seller":"laritheghost","symbol":"POB","quantity":"0.08004488","price":"0.01930030","timestamp":1655532402,"volume":"0.00154489","buyTxId":"1aaeed6f099d640bb8ced8b89d1da788563f6097","sellTxId":"3d6edb89893737706381d2ecf65e33a5296f5aff"}
{"index": {"_index":"pob","_id":"3718008"}}
	{"id":3718008,"type":"sell","buyer":"koussbar","seller":"laritheghost","symbol":"POB","quantity":"1.47059170","price":"0.01930000","timestamp":1655532402,"volume":"0.02838242","buyTxId":"25e32cf9dbfa261a16a866556fbf02ed8c1d583e","sellTxId":"3d6edb89893737706381d2ecf65e33a5296f5aff"}
{"index": {"_index":"pob","_id":"3718220"}}
	{"id":3718220,"type":"sell","buyer":"koussbar","seller":"ugochill","symbol":"POB","quantity":"0.14810465","price":"0.01930000","timestamp":1655534415,"volume":"0.00285842","buyTxId":"25e32cf9dbfa261a16a866556fbf02ed8c1d583e","sellTxId":"9937746d0d5582428ae55889f1818742a31c08a0"}
{"index": {"_index":"pob","_id":"3718690"}}
	{"id":3718690,"type":"sell","buyer":"koussbar","seller":"dswap","symbol":"POB","quantity":"21.327","price":"0.01930000","timestamp":1655538357,"volume":"0.41161110","buyTxId":"25e32cf9dbfa261a16a866556fbf02ed8c1d583e","sellTxId":"24e04e47e3bf14b4fd1bfb8c75170a1031c8bd47"}
{"index": {"_index":"pob","_id":"3719137"}}
	{"id":3719137,"type":"sell","buyer":"koussbar","seller":"thisismylife","symbol":"POB","quantity":"33.72140054","price":"0.01930000","timestamp":1655543958,"volume":"0.65082303","buyTxId":"25e32cf9dbfa261a16a866556fbf02ed8c1d583e","sellTxId":"62720a852b767c85698091b2c40bfaedffa624f6"}
{"index": {"_index":"pob","_id":"3719177"}}
	{"id":3719177,"type":"sell","buyer":"koussbar","seller":"xplosive","symbol":"POB","quantity":"0.67387643","price":"0.01930000","timestamp":1655544477,"volume":"0.01300582","buyTxId":"25e32cf9dbfa261a16a866556fbf02ed8c1d583e","sellTxId":"64b6e3b9ee1d8131ed1c1d5d92b1bdc73bebaacf"}
{"index": {"_index":"pob","_id":"3719234"}}
	{"id":3719234,"type":"sell","buyer":"koussbar","seller":"beemd","symbol":"POB","quantity":"19.81030219","price":"0.01930000","timestamp":1655545191,"volume":"0.38233883","buyTxId":"25e32cf9dbfa261a16a866556fbf02ed8c1d583e","sellTxId":"2ed46ad00f0f1419606fe91deda6c71881ff0e43"}
{"index": {"_index":"pob","_id":"3719405"}}
	{"id":3719405,"type":"sell","buyer":"koussbar","seller":"lordtimoty","symbol":"POB","quantity":"71.27148359","price":"0.01930000","timestamp":1655547384,"volume":"1.37553963","buyTxId":"25e32cf9dbfa261a16a866556fbf02ed8c1d583e","sellTxId":"d2c4cffcff5ff377d92c246a3c7fc0c8bd5d16b3"}
{"index": {"_index":"pob","_id":"3719485"}}
	{"id":3719485,"type":"sell","buyer":"koussbar","seller":"thecuriousfool","symbol":"POB","quantity":"1.03379379","price":"0.01930000","timestamp":1655548614,"volume":"0.01995222","buyTxId":"25e32cf9dbfa261a16a866556fbf02ed8c1d583e","sellTxId":"baeb3a4b6df4ed3bf1b91678923514552f6093c1"}
{"index": {"_index":"pob","_id":"3720057"}}
	{"id":3720057,"type":"sell","buyer":"koussbar","seller":"steem82868","symbol":"POB","quantity":"0.25424131","price":"0.01930000","timestamp":1655556570,"volume":"0.00490686","buyTxId":"25e32cf9dbfa261a16a866556fbf02ed8c1d583e","sellTxId":"bccb52118f7ff6ac406d20d171e7f3106532d268"}
{"index": {"_index":"pob","_id":"3720303"}}
	{"id":3720303,"type":"sell","buyer":"koussbar","seller":"finguru","symbol":"POB","quantity":"6.35418305","price":"0.01930000","timestamp":1655559621,"volume":"0.12263573","buyTxId":"25e32cf9dbfa261a16a866556fbf02ed8c1d583e","sellTxId":"195655cd269b63ba7e17ad1d8fc7c495b25c375a"}
{"index": {"_index":"pob","_id":"3720415"}}
	{"id":3720415,"type":"buy","buyer":"danielhuhservice","seller":"r1s2g3","symbol":"POB","quantity":"23.21706450","price":"0.02000000","timestamp":1655561130,"volume":"0.46434129","buyTxId":"3091246de0f343bd3a9d6fbf368950260782f1a5","sellTxId":"55506a2f0ab87012c257ce4da14fa8eadc620995"}
{"index": {"_index":"pob","_id":"3720610"}}
	{"id":3720610,"type":"sell","buyer":"koussbar","seller":"dubble.eth","symbol":"POB","quantity":"43.06172081","price":"0.01930000","timestamp":1655563044,"volume":"0.83109121","buyTxId":"25e32cf9dbfa261a16a866556fbf02ed8c1d583e","sellTxId":"e9d3a0c40a3e48b6a5da1e415e2445b76cfb7cfe"}
{"index": {"_index":"pob","_id":"3720628"}}
	{"id":3720628,"type":"sell","buyer":"koussbar","seller":"ugochill","symbol":"POB","quantity":"0.01680930","price":"0.01930000","timestamp":1655563527,"volume":"0.00032442","buyTxId":"25e32cf9dbfa261a16a866556fbf02ed8c1d583e","sellTxId":"1212b5dd8e9d5f94c98ff4c6173195739b7ddf47"}
{"index": {"_index":"pob","_id":"3720640"}}
	{"id":3720640,"type":"sell","buyer":"koussbar","seller":"kevmcc","symbol":"POB","quantity":"1.69300181","price":"0.01930000","timestamp":1655563701,"volume":"0.03267493","buyTxId":"25e32cf9dbfa261a16a866556fbf02ed8c1d583e","sellTxId":"633ab38e94a8599f91e373124282dfab8e900c52"}
{"index": {"_index":"pob","_id":"3720798"}}
	{"id":3720798,"type":"sell","buyer":"koussbar","seller":"cwow2","symbol":"POB","quantity":"1.77232986","price":"0.01930000","timestamp":1655564751,"volume":"0.03420597","buyTxId":"25e32cf9dbfa261a16a866556fbf02ed8c1d583e","sellTxId":"92f3e9a4acf8f3f97ae7420045e3b2bf38351b33"}
{"index": {"_index":"pob","_id":"3720869"}}
	{"id":3720869,"type":"sell","buyer":"koussbar","seller":"coquicoin","symbol":"POB","quantity":"92.00000000","price":"0.01930000","timestamp":1655565642,"volume":"1.77560000","buyTxId":"25e32cf9dbfa261a16a866556fbf02ed8c1d583e","sellTxId":"6147646e5a2c9bbaad2bf3d01d0048525d88e0dc"}
{"index": {"_index":"pob","_id":"3721036"}}
	{"id":3721036,"type":"sell","buyer":"koussbar","seller":"andy4475","symbol":"POB","quantity":"28.95631569","price":"0.01930000","timestamp":1655567445,"volume":"0.55885689","buyTxId":"25e32cf9dbfa261a16a866556fbf02ed8c1d583e","sellTxId":"3410116be1ec0e8614c77ad81d230195ec6cb955"}
{"index": {"_index":"pob","_id":"3721063"}}
	{"id":3721063,"type":"sell","buyer":"koussbar","seller":"zainalbakri","symbol":"POB","quantity":"6.45688698","price":"0.01930000","timestamp":1655567811,"volume":"0.12461792","buyTxId":"25e32cf9dbfa261a16a866556fbf02ed8c1d583e","sellTxId":"ec3669b3936cb7da33f2adaac82eef645bfe7b1e"}
{"index": {"_index":"pob","_id":"3721145"}}
	{"id":3721145,"type":"sell","buyer":"koussbar","seller":"sayago","symbol":"POB","quantity":"18.88245857","price":"0.01930000","timestamp":1655568588,"volume":"0.36443145","buyTxId":"25e32cf9dbfa261a16a866556fbf02ed8c1d583e","sellTxId":"889c8ee6603a9b9c03db172c88b4146a00aab812"}
{"index": {"_index":"pob","_id":"3721164"}}
	{"id":3721164,"type":"sell","buyer":"koussbar","seller":"zirochka","symbol":"POB","quantity":"2.61155128","price":"0.01930000","timestamp":1655568837,"volume":"0.05040294","buyTxId":"25e32cf9dbfa261a16a866556fbf02ed8c1d583e","sellTxId":"1ad923b4cc88335f6b29ef53633def954d9f1e1f"}
{"index": {"_index":"pob","_id":"3721710"}}
	{"id":3721710,"type":"sell","buyer":"koussbar","seller":"dswap","symbol":"POB","quantity":"11.73287193","price":"0.01930000","timestamp":1655574546,"volume":"0.22644443","buyTxId":"25e32cf9dbfa261a16a866556fbf02ed8c1d583e","sellTxId":"3aeee33602cb383732e7b6a09b0fab49d6ae4f9d"}
{"index": {"_index":"pob","_id":"3721806"}}
	{"id":3721806,"type":"sell","buyer":"koussbar","seller":"travelcontest","symbol":"POB","quantity":"3.05128488","price":"0.01930000","timestamp":1655575116,"volume":"0.05888980","buyTxId":"25e32cf9dbfa261a16a866556fbf02ed8c1d583e","sellTxId":"64b5b3c2fa72c40b0fedfb37e507b9d44884cdb4"}
{"index": {"_index":"pob","_id":"3721818"}}
	{"id":3721818,"type":"sell","buyer":"koussbar","seller":"andy4475","symbol":"POB","quantity":"55.50192138","price":"0.01930000","timestamp":1655575290,"volume":"1.07118708","buyTxId":"25e32cf9dbfa261a16a866556fbf02ed8c1d583e","sellTxId":"ccda89756f42e6f795a2111c9367404519505b85"}
{"index": {"_index":"pob","_id":"3722055"}}
	{"id":3722055,"type":"sell","buyer":"koussbar","seller":"beemd","symbol":"POB","quantity":"37.15810436","price":"0.01930000","timestamp":1655577561,"volume":"0.71715141","buyTxId":"25e32cf9dbfa261a16a866556fbf02ed8c1d583e","sellTxId":"42dfde3048d72e1cda25857f4aa798a4b595d863"}
{"index": {"_index":"pob","_id":"3722189"}}
	{"id":3722189,"type":"sell","buyer":"koussbar","seller":"elevator09","symbol":"POB","quantity":"3.17051325","price":"0.01930000","timestamp":1655579307,"volume":"0.06119091","buyTxId":"25e32cf9dbfa261a16a866556fbf02ed8c1d583e","sellTxId":"83037e3b1bcf6a2f58993582f5808d17458cb4a7"}
{"index": {"_index":"pob","_id":"3722334"}}
	{"id":3722334,"type":"sell","buyer":"koussbar","seller":"twicejoy","symbol":"POB","quantity":"123.88306770","price":"0.01930000","timestamp":1655581089,"volume":"2.39094321","buyTxId":"25e32cf9dbfa261a16a866556fbf02ed8c1d583e","sellTxId":"6b37118ea85a0207a2a4351638a818bb4f19281d"}
{"index": {"_index":"pob","_id":"3722335"}}
	{"id":3722335,"type":"sell","buyer":"koussbar","seller":"not-here","symbol":"POB","quantity":"10.35574617","price":"0.01930000","timestamp":1655581107,"volume":"0.19986590","buyTxId":"25e32cf9dbfa261a16a866556fbf02ed8c1d583e","sellTxId":"bd395cc4490e3be4ad0b5b553ad8a89031d41aef"}
{"index": {"_index":"pob","_id":"3722541"}}
	{"id":3722541,"type":"sell","buyer":"koussbar","seller":"ugochill","symbol":"POB","quantity":"0.06987909","price":"0.01930000","timestamp":1655581896,"volume":"0.00134867","buyTxId":"25e32cf9dbfa261a16a866556fbf02ed8c1d583e","sellTxId":"37697cb1a19ee4a973c2244dcb195fa0e87b0ef7"}
{"index": {"_index":"pob","_id":"3723091"}}
	{"id":3723091,"type":"sell","buyer":"koussbar","seller":"deathwing","symbol":"POB","quantity":"0.026","price":"0.01930000","timestamp":1655585706,"volume":"0.00050180","buyTxId":"25e32cf9dbfa261a16a866556fbf02ed8c1d583e","sellTxId":"c3440dcfee4287e0ece1c4a74603dec3adfa43d7-0"}
{"index": {"_index":"pob","_id":"3723188"}}
	{"id":3723188,"type":"sell","buyer":"koussbar","seller":"phoenixwren","symbol":"POB","quantity":"1.48886392","price":"0.01930000","timestamp":1655587209,"volume":"0.02873507","buyTxId":"25e32cf9dbfa261a16a866556fbf02ed8c1d583e","sellTxId":"2b388673bdec16b78b2465111a0e5b9f6638b24c"}
{"index": {"_index":"pob","_id":"3723238"}}
	{"id":3723238,"type":"buy","buyer":"dswap","seller":"droida","symbol":"POB","quantity":"1.27877783","price":"0.01999999","timestamp":1655587725,"volume":"0.02557554","buyTxId":"4afa99dafd736c1fbd49d12ea146d5497f9076b1","sellTxId":"114e8735cf4c9ea6e3a10a778ebc3408a5704fe6"}
{"index": {"_index":"pob","_id":"3723239"}}
	{"id":3723239,"type":"buy","buyer":"dswap","seller":"r1s2g3","symbol":"POB","quantity":"41.22122300","price":"0.02000000","timestamp":1655587725,"volume":"0.82442446","buyTxId":"4afa99dafd736c1fbd49d12ea146d5497f9076b1","sellTxId":"55506a2f0ab87012c257ce4da14fa8eadc620995"}
{"index": {"_index":"pob","_id":"3723348"}}
	{"id":3723348,"type":"sell","buyer":"koussbar","seller":"gubbatv","symbol":"POB","quantity":"0.59097465","price":"0.01930000","timestamp":1655588817,"volume":"0.01140581","buyTxId":"25e32cf9dbfa261a16a866556fbf02ed8c1d583e","sellTxId":"92e3b1b6cb70dc373dd2a082f5485ad8c5211c93"}
{"index": {"_index":"pob","_id":"3723385"}}
	{"id":3723385,"type":"sell","buyer":"koussbar","seller":"frawdielp","symbol":"POB","quantity":"54.92646883","price":"0.01930000","timestamp":1655589192,"volume":"1.06008085","buyTxId":"25e32cf9dbfa261a16a866556fbf02ed8c1d583e","sellTxId":"57346ed139bbbaab31acded03a3149fd6e6134e3"}
{"index": {"_index":"pob","_id":"3723424"}}
	{"id":3723424,"type":"sell","buyer":"koussbar","seller":"jk6276","symbol":"POB","quantity":"10.63596089","price":"0.01930000","timestamp":1655589567,"volume":"0.20527405","buyTxId":"25e32cf9dbfa261a16a866556fbf02ed8c1d583e","sellTxId":"9230911c1317647bea1d2468c6749bf4c794561a"}
{"index": {"_index":"pob","_id":"3723633"}}
	{"id":3723633,"type":"sell","buyer":"koussbar","seller":"ugochill","symbol":"POB","quantity":"0.02074889","price":"0.01930000","timestamp":1655592633,"volume":"0.00040045","buyTxId":"25e32cf9dbfa261a16a866556fbf02ed8c1d583e","sellTxId":"3722a30ba698330385cdbef51aadd95a744b6739"}
{"index": {"_index":"pob","_id":"3723721"}}
	{"id":3723721,"type":"sell","buyer":"koussbar","seller":"andy4475","symbol":"POB","quantity":"66.05148502","price":"0.01930000","timestamp":1655593659,"volume":"1.27479366","buyTxId":"25e32cf9dbfa261a16a866556fbf02ed8c1d583e","sellTxId":"18231cbb850a0d5e37b88853f75d7cdbcd635635"}
{"index": {"_index":"pob","_id":"3723766"}}
	{"id":3723766,"type":"sell","buyer":"koussbar","seller":"candy49","symbol":"POB","quantity":"0.43901882","price":"0.01930000","timestamp":1655594043,"volume":"0.00847306","buyTxId":"25e32cf9dbfa261a16a866556fbf02ed8c1d583e","sellTxId":"77de06f4550e4e60d6722a0c1ee97c8bcb791545"}
{"index": {"_index":"pob","_id":"3724259"}}
	{"id":3724259,"type":"sell","buyer":"irivers","seller":"pjansen","symbol":"POB","quantity":"15.66139278","price":"0.01940000","timestamp":1655600616,"volume":"0.30383102","buyTxId":"4c80d9f0487463840dba0b359d1e5a56902f9a28","sellTxId":"93681e7695fc8e5d17b8f997fdbe53a2631601d8"}
{"index": {"_index":"pob","_id":"3724260"}}
	{"id":3724260,"type":"sell","buyer":"koussbar","seller":"pjansen","symbol":"POB","quantity":"0.00093126","price":"0.01930000","timestamp":1655600616,"volume":"0.00001797","buyTxId":"25e32cf9dbfa261a16a866556fbf02ed8c1d583e","sellTxId":"93681e7695fc8e5d17b8f997fdbe53a2631601d8"}
{"index": {"_index":"pob","_id":"3724345"}}
	{"id":3724345,"type":"sell","buyer":"koussbar","seller":"theia7","symbol":"POB","quantity":"0.02196638","price":"0.01930000","timestamp":1655601684,"volume":"0.00042395","buyTxId":"25e32cf9dbfa261a16a866556fbf02ed8c1d583e","sellTxId":"98c27350006707184bb2f65c99ef188826d103bb"}
{"index": {"_index":"pob","_id":"3724361"}}
	{"id":3724361,"type":"sell","buyer":"koussbar","seller":"richardcrill","symbol":"POB","quantity":"346.57325638","price":"0.01930000","timestamp":1655601819,"volume":"6.68886385","buyTxId":"25e32cf9dbfa261a16a866556fbf02ed8c1d583e","sellTxId":"31a87329080991879035a649fe7d18fe55a61ee9"}
{"index": {"_index":"pob","_id":"3724362"}}
	{"id":3724362,"type":"sell","buyer":"maarnio","seller":"richardcrill","symbol":"POB","quantity":"174.93036058","price":"0.01910000","timestamp":1655601819,"volume":"3.34116988","buyTxId":"b71d71c0d31084b365f620f890660de81a55af59","sellTxId":"31a87329080991879035a649fe7d18fe55a61ee9"}
{"index": {"_index":"pob","_id":"3724363"}}
	{"id":3724363,"type":"sell","buyer":"shanhenry","seller":"richardcrill","symbol":"POB","quantity":"684.49638304","price":"0.01900000","timestamp":1655601819,"volume":"13.00543128","buyTxId":"987fc419ffb1eb58a16135d403b49947dde124ce","sellTxId":"31a87329080991879035a649fe7d18fe55a61ee9"}
{"index": {"_index":"pob","_id":"3724537"}}
	{"id":3724537,"type":"sell","buyer":"shanhenry","seller":"steem82868","symbol":"POB","quantity":"2.40125639","price":"0.01900000","timestamp":1655603826,"volume":"0.04562387","buyTxId":"987fc419ffb1eb58a16135d403b49947dde124ce","sellTxId":"8424e8914412572820117b9f2d66459e4375b784"}
{"index": {"_index":"pob","_id":"3724598"}}
	{"id":3724598,"type":"sell","buyer":"shanhenry","seller":"sketchygamerguy","symbol":"POB","quantity":"0.21017552","price":"0.01900000","timestamp":1655604885,"volume":"0.00399333","buyTxId":"987fc419ffb1eb58a16135d403b49947dde124ce","sellTxId":"a84d86b1679227d5d2428bd4da948161432b1fc4"}
