{"index": {"_index":"pob","_id":"1117958"}}
	{"id":1117958,"type":"sell","buyer":"solovey6o2","seller":"failingforwards","symbol":"POB","quantity":"38.73313240","price":"1.66390203","timestamp":1622948019,"volume":"64.44813763","buyTxId":"1a7d7b0782178ff3d22c0114b03214cadb6fdcf3","sellTxId":"3b1ccca1d5e6d3fea51ac13049fc2d21c5b6d9bd"}
{"index": {"_index":"pob","_id":"1118026"}}
	{"id":1118026,"type":"sell","buyer":"solovey6o2","seller":"ahmetay","symbol":"POB","quantity":"0.02264191","price":"1.66390506","timestamp":1622948916,"volume":"0.03767399","buyTxId":"18e23d558f2d9277a9a0a898c415fcf40804259b","sellTxId":"2d4794be4cb3fb0c7e9af79ccad5d75fd4e1a5ff"}
{"index": {"_index":"pob","_id":"1118045"}}
	{"id":1118045,"type":"buy","buyer":"teapassion","seller":"brofi-market","symbol":"POB","quantity":"0.11387726","price":"1.67987994","timestamp":1622949918,"volume":"0.19130012","buyTxId":"3f46104f63af6a9112e4a6957af576e2ad40ddcd","sellTxId":"4eac1122ec335c61e826c45e89fcbbcdad6dd6f9"}
{"index": {"_index":"pob","_id":"1118072"}}
	{"id":1118072,"type":"sell","buyer":"teapassion","seller":"elgringoviejo","symbol":"POB","quantity":"0.88921674","price":"1.67987994","timestamp":1622951529,"volume":"1.49377736","buyTxId":"3f46104f63af6a9112e4a6957af576e2ad40ddcd","sellTxId":"8a22637a8a26cd1ac168b5298b1337d7fa33207a"}
{"index": {"_index":"pob","_id":"1118073"}}
	{"id":1118073,"type":"sell","buyer":"solovey6o2","seller":"melbourneswest","symbol":"POB","quantity":"4.02085148","price":"1.66391415","timestamp":1622951574,"volume":"6.69035167","buyTxId":"5b094700d496647099dafc549e1db56ce85d61f1","sellTxId":"2aa5335fc5cb4891dc85c5818cb3232c6df76e7c"}
{"index": {"_index":"pob","_id":"1118115"}}
	{"id":1118115,"type":"sell","buyer":"freebornsociety","seller":"master-lamps","symbol":"POB","quantity":"0.95503156","price":"1.66390101","timestamp":1622952999,"volume":"1.58907798","buyTxId":"MM-P-7558271-54533698-3-2-0","sellTxId":"f352763f7b4596ceb4b0feafd93f3b3fdf25b7c3"}
{"index": {"_index":"pob","_id":"1118121"}}
	{"id":1118121,"type":"sell","buyer":"freebornsociety","seller":"master-lamps","symbol":"POB","quantity":"2.10161231","price":"1.66390101","timestamp":1622953167,"volume":"3.49687484","buyTxId":"MM-P-7558271-54533698-3-2-0","sellTxId":"4e07fc435787c44b01050f473c98b2c897c6dbce"}
{"index": {"_index":"pob","_id":"1118126"}}
	{"id":1118126,"type":"sell","buyer":"dwayne16","seller":"master-lamps","symbol":"POB","quantity":"14.82841255","price":"1.66390000","timestamp":1622953266,"volume":"24.67299564","buyTxId":"ad7b704486f787e2a69628a8ddab9925d7fc8285","sellTxId":"813c4651ca942c1476c787981848a3aeca25f05c"}
{"index": {"_index":"pob","_id":"1118128"}}
	{"id":1118128,"type":"sell","buyer":"solovey6o2","seller":"xsgreen-cook","symbol":"POB","quantity":"0.51535400","price":"1.66390001","timestamp":1622953371,"volume":"0.85749753","buyTxId":"ed64b8b51fcf14111a0287ecd79955b03e16f0cf","sellTxId":"48049b9d2051e07a948b0311970b71698f0d181d"}
{"index": {"_index":"pob","_id":"1118145"}}
	{"id":1118145,"type":"sell","buyer":"solovey6o2","seller":"gank","symbol":"POB","quantity":"9.87942477","price":"1.66390405","timestamp":1622954580,"volume":"16.43841489","buyTxId":"5dfcc4c5dfeb3e06eb25107e3f5bf631db74e894","sellTxId":"977c51f7fdd17ab4144c486b197ace000636155e"}
{"index": {"_index":"pob","_id":"1118146"}}
	{"id":1118146,"type":"sell","buyer":"solovey6o2","seller":"tlundy47","symbol":"POB","quantity":"0.00009121","price":"1.66390405","timestamp":1622954658,"volume":"0.00015176","buyTxId":"5dfcc4c5dfeb3e06eb25107e3f5bf631db74e894","sellTxId":"28c334c31304a9f95365a0cffe4bb5822311393a"}
{"index": {"_index":"pob","_id":"1118154"}}
	{"id":1118154,"type":"sell","buyer":"freebornsociety","seller":"coininstant","symbol":"POB","quantity":"11.83938691","price":"1.66390808","timestamp":1622955933,"volume":"19.69965154","buyTxId":"MM-P-7559363-54534796-3-2-0","sellTxId":"ded4ee0e9d99e9f4d62b48aa818d57d9c9b94a76"}
{"index": {"_index":"pob","_id":"1118168"}}
	{"id":1118168,"type":"sell","buyer":"solovey6o2","seller":"jlordc","symbol":"POB","quantity":"2.93698463","price":"1.66390203","timestamp":1622956704,"volume":"4.88685469","buyTxId":"8944adf7c09b32d1bb994f4e90d7e8e50fbaf585","sellTxId":"10c153a8ebbaab7348c94da14df9c35dc98c0aa4"}
{"index": {"_index":"pob","_id":"1118170"}}
	{"id":1118170,"type":"sell","buyer":"freebornsociety","seller":"logicforce","symbol":"POB","quantity":"3.63543930","price":"1.66390303","timestamp":1622956842,"volume":"6.04901847","buyTxId":"MM-P-7559758-54535194-3-2-0","sellTxId":"4d50284aa47dc1f2619bc619582aa3a865ed43c3"}
{"index": {"_index":"pob","_id":"1118180"}}
	{"id":1118180,"type":"sell","buyer":"gimme-your-coinz","seller":"ftfund","symbol":"POB","quantity":"1.92169412","price":"1.66390608","timestamp":1622957958,"volume":"3.19751853","buyTxId":"b3fe8923aecf7f91c79e6069065e72ac14e37c14","sellTxId":"209c7d9c650f975852a450aec1f42c829a356073"}
{"index": {"_index":"pob","_id":"1118184"}}
	{"id":1118184,"type":"sell","buyer":"gimme-your-coinz","seller":"melbourneswest","symbol":"POB","quantity":"2.35719583","price":"1.66390709","timestamp":1622958060,"volume":"3.92215485","buyTxId":"6e4c21b1e69d091193bab799386bcc314ed9ec8d","sellTxId":"74a12d90efbba7bae46bf551a927ffbc5ff865c6"}
{"index": {"_index":"pob","_id":"1118209"}}
	{"id":1118209,"type":"buy","buyer":"freebornsociety","seller":"airdropbounties","symbol":"POB","quantity":"1.73678531","price":"1.66391000","timestamp":1622958933,"volume":"2.88985445","buyTxId":"MM-P-7560450-54535894-3-2-0","sellTxId":"0f47d775029c4b01a1a2d4cb64d1497b800e3f4f"}
{"index": {"_index":"pob","_id":"1118210"}}
	{"id":1118210,"type":"buy","buyer":"freebornsociety","seller":"bitcoinflood","symbol":"POB","quantity":"22.30297414","price":"1.66391000","timestamp":1622958933,"volume":"37.11014170","buyTxId":"MM-P-7560450-54535894-3-2-0","sellTxId":"c018e3fb21d61a073721b55faabd5e684ec9a8e6"}
{"index": {"_index":"pob","_id":"1118246"}}
	{"id":1118246,"type":"sell","buyer":"solovey6o2","seller":"bitcoinflood","symbol":"POB","quantity":"20.36326661","price":"1.66390917","timestamp":1622960658,"volume":"33.88262604","buyTxId":"2db4112f7b3c99ed3c20204c6ae54f1b1e2bfd7a","sellTxId":"e7de02dc52e973364f4584633553be5290a8f32e"}
{"index": {"_index":"pob","_id":"1118266"}}
	{"id":1118266,"type":"sell","buyer":"solovey6o2","seller":"ctpsb","symbol":"POB","quantity":"5.60000000","price":"1.66391244","timestamp":1622961756,"volume":"9.31790966","buyTxId":"6373d3c842e73509f653426a3b43736a5afa8ac3","sellTxId":"d854896079f2e2699110799df661f19ae432f91c"}
{"index": {"_index":"pob","_id":"1118305"}}
	{"id":1118305,"type":"sell","buyer":"gimme-your-coinz","seller":"ctpsb","symbol":"POB","quantity":"6.05000000","price":"1.66391352","timestamp":1622962215,"volume":"10.06667680","buyTxId":"5c7f4970b23d520891d0ad788607d83eebe1e520","sellTxId":"5e75573482246fb78305e90dd75c170d0a2460db"}
{"index": {"_index":"pob","_id":"1118330"}}
	{"id":1118330,"type":"sell","buyer":"freebornsociety","seller":"stayten","symbol":"POB","quantity":"0.94492768","price":"1.66391774","timestamp":1622963142,"volume":"1.57228193","buyTxId":"MM-P-7561844-54537294-3-2-0","sellTxId":"2d252c64b96d4e62db45de40c2b422b0800de55a"}
{"index": {"_index":"pob","_id":"1118339"}}
	{"id":1118339,"type":"sell","buyer":"gimme-your-coinz","seller":"madstacks","symbol":"POB","quantity":"50.00000000","price":"1.66400108","timestamp":1622963814,"volume":"83.20005400","buyTxId":"b8c7712be9c607d52b6d2616e81baae1188e0bea","sellTxId":"1db5e358eedef059d23023662c37a5c8ee28c574"}
{"index": {"_index":"pob","_id":"1118341"}}
	{"id":1118341,"type":"sell","buyer":"gimme-your-coinz","seller":"madstacks","symbol":"POB","quantity":"20.00000000","price":"1.66400112","timestamp":1622963916,"volume":"33.28002240","buyTxId":"a419f8f9767c5ff59077c63f4a9aed0e4cb9d867","sellTxId":"e6bd629aa9f8c2d2eda53d2c589aa7275c5d7c58"}
{"index": {"_index":"pob","_id":"1118347"}}
	{"id":1118347,"type":"sell","buyer":"gimme-your-coinz","seller":"josediccus","symbol":"POB","quantity":"66.00000000","price":"1.66400122","timestamp":1622964405,"volume":"109.82408052","buyTxId":"6bc1fea88457a112605ae2b84ada200b66710c75","sellTxId":"6f25bbe687625dbd78c2b2d67b2363cb1884b8d3"}
{"index": {"_index":"pob","_id":"1118349"}}
	{"id":1118349,"type":"buy","buyer":"solovey6o2","seller":"josediccus","symbol":"POB","quantity":"4.00000000","price":"1.66400122","timestamp":1622964420,"volume":"6.65600488","buyTxId":"90780565e9cd4c70d8781129b67ebfc541fd67a4","sellTxId":"6f25bbe687625dbd78c2b2d67b2363cb1884b8d3"}
{"index": {"_index":"pob","_id":"1118368"}}
	{"id":1118368,"type":"sell","buyer":"gimme-your-coinz","seller":"brunonacif","symbol":"POB","quantity":"4.55369789","price":"1.66400231","timestamp":1622965776,"volume":"7.57736381","buyTxId":"7ee13358c8173a13e4e3510a2fb8f3de6c4cae87","sellTxId":"f3c44b87c28073e983d06486bbde29e5d8485699"}
{"index": {"_index":"pob","_id":"1118374"}}
	{"id":1118374,"type":"sell","buyer":"gimme-your-coinz","seller":"thisismylife","symbol":"POB","quantity":"1.78724686","price":"1.66400231","timestamp":1622966157,"volume":"2.97398290","buyTxId":"7ee13358c8173a13e4e3510a2fb8f3de6c4cae87","sellTxId":"b9855041801253daf6f2d250b72c5cfabf0073f7"}
{"index": {"_index":"pob","_id":"1118379"}}
	{"id":1118379,"type":"sell","buyer":"gimme-your-coinz","seller":"geo.trainer","symbol":"POB","quantity":"0.12767769","price":"1.66400231","timestamp":1622966409,"volume":"0.21245597","buyTxId":"7ee13358c8173a13e4e3510a2fb8f3de6c4cae87","sellTxId":"c9971b13b67b68ef7b630b27e831c9e491954a54"}
{"index": {"_index":"pob","_id":"1118385"}}
	{"id":1118385,"type":"buy","buyer":"johannpiber","seller":"freebornsociety","symbol":"POB","quantity":"0.35000000","price":"1.67968798","timestamp":1622966838,"volume":"0.58789079","buyTxId":"932b9cf59bc9ad96d7f119b28185592a13cabb7d","sellTxId":"MM-P-7563035-54538494-3-2-1"}
{"index": {"_index":"pob","_id":"1118388"}}
	{"id":1118388,"type":"buy","buyer":"mindone","seller":"ctime","symbol":"POB","quantity":"0.26605000","price":"1.67967798","timestamp":1622967417,"volume":"0.44687833","buyTxId":"c814c237747e11887cd44ca5a5315c250f2f93a4","sellTxId":"MM-P-7563074-54538534-3-22-0"}
{"index": {"_index":"pob","_id":"1118394"}}
	{"id":1118394,"type":"sell","buyer":"gimme-your-coinz","seller":"acesontop","symbol":"POB","quantity":"13.32494753","price":"1.66400231","timestamp":1622967591,"volume":"22.17274347","buyTxId":"7ee13358c8173a13e4e3510a2fb8f3de6c4cae87","sellTxId":"c87ab1e2012a8d8921cabd690ddddd45fd43ca33"}
{"index": {"_index":"pob","_id":"1118397"}}
	{"id":1118397,"type":"sell","buyer":"gimme-your-coinz","seller":"finguru","symbol":"POB","quantity":"2.21778584","price":"1.66400231","timestamp":1622967729,"volume":"3.69040076","buyTxId":"7ee13358c8173a13e4e3510a2fb8f3de6c4cae87","sellTxId":"abd8199e1301e2369a710182f6b503ca9426be34"}
{"index": {"_index":"pob","_id":"1118398"}}
	{"id":1118398,"type":"sell","buyer":"gimme-your-coinz","seller":"dwinblood","symbol":"POB","quantity":"43.98864419","price":"1.66400231","timestamp":1622967744,"volume":"73.19720555","buyTxId":"7ee13358c8173a13e4e3510a2fb8f3de6c4cae87","sellTxId":"7cf870aa0fc985aafc4868eac706a9dd8fa1e9f7"}
{"index": {"_index":"pob","_id":"1118400"}}
	{"id":1118400,"type":"sell","buyer":"gimme-your-coinz","seller":"dwinblood","symbol":"POB","quantity":"0.79548800","price":"1.66400230","timestamp":1622967768,"volume":"1.32369386","buyTxId":"9522dc8175edd7445b272e1697cfa490375ffa09","sellTxId":"766bc017a54cc93efbdc27783f4e01b8433741e9"}
{"index": {"_index":"pob","_id":"1118402"}}
	{"id":1118402,"type":"sell","buyer":"gimme-your-coinz","seller":"fullcoverbetting","symbol":"POB","quantity":"0.70067460","price":"1.66400230","timestamp":1622967849,"volume":"1.16592415","buyTxId":"9522dc8175edd7445b272e1697cfa490375ffa09","sellTxId":"ff7a7e6312c7c0c7ffde542ace50c86566e204f7"}
{"index": {"_index":"pob","_id":"1118429"}}
	{"id":1118429,"type":"sell","buyer":"gimme-your-coinz","seller":"thegoliath","symbol":"POB","quantity":"6.26689405","price":"1.66400230","timestamp":1622969625,"volume":"10.42812611","buyTxId":"9522dc8175edd7445b272e1697cfa490375ffa09","sellTxId":"00d83681b68c422727110379414688d851b1df81"}
{"index": {"_index":"pob","_id":"1118430"}}
	{"id":1118430,"type":"sell","buyer":"gimme-your-coinz","seller":"tonytrillions","symbol":"POB","quantity":"0.00544488","price":"1.66400230","timestamp":1622969808,"volume":"0.00906029","buyTxId":"9522dc8175edd7445b272e1697cfa490375ffa09","sellTxId":"8fd3436d7dcd076d9ff3280a542988ce766709b4"}
{"index": {"_index":"pob","_id":"1118443"}}
	{"id":1118443,"type":"buy","buyer":"freebornsociety","seller":"dwinblood","symbol":"POB","quantity":"2.21778581","price":"1.66400231","timestamp":1622970336,"volume":"3.69040071","buyTxId":"MM-P-7564222-54539694-3-2-0","sellTxId":"7cf870aa0fc985aafc4868eac706a9dd8fa1e9f7"}
{"index": {"_index":"pob","_id":"1118446"}}
	{"id":1118446,"type":"sell","buyer":"gimme-your-coinz","seller":"nathen007","symbol":"POB","quantity":"0.93005905","price":"1.66400331","timestamp":1622970429,"volume":"1.54762134","buyTxId":"142aee4e0cadf807c6f9b5ff8e087cfc108edd7b","sellTxId":"736936bea9c110d3905d23cb5453af768679a844"}
{"index": {"_index":"pob","_id":"1118447"}}
	{"id":1118447,"type":"sell","buyer":"gimme-your-coinz","seller":"chireerocks","symbol":"POB","quantity":"0.53279571","price":"1.66400331","timestamp":1622970450,"volume":"0.88657382","buyTxId":"142aee4e0cadf807c6f9b5ff8e087cfc108edd7b","sellTxId":"27a127cd5cf4c8020f0344b79984d0e509a23c28"}
{"index": {"_index":"pob","_id":"1118452"}}
	{"id":1118452,"type":"sell","buyer":"gimme-your-coinz","seller":"melbourneswest","symbol":"POB","quantity":"30.91611098","price":"1.66400432","timestamp":1622970807,"volume":"51.44454223","buyTxId":"dfec0d4bb489918601e5ce0140919b0029242bfe","sellTxId":"b193dd40d11f8a00b8e0f4722a3a2957ecb0d770"}
{"index": {"_index":"pob","_id":"1118478"}}
	{"id":1118478,"type":"sell","buyer":"solovey6o2","seller":"known.prince","symbol":"POB","quantity":"39.35396874","price":"1.66400129","timestamp":1622971845,"volume":"65.48505475","buyTxId":"8fb38609a9c262fe81b0af1159a912f64087cfb7","sellTxId":"28c7c9fb1ed40956248e9f1fcaf45de9e1c360e4"}
{"index": {"_index":"pob","_id":"1118479"}}
	{"id":1118479,"type":"sell","buyer":"solovey6o2","seller":"saachi","symbol":"POB","quantity":"12.00000000","price":"1.66400129","timestamp":1622971848,"volume":"19.96801548","buyTxId":"8fb38609a9c262fe81b0af1159a912f64087cfb7","sellTxId":"064bfa35a9e486ee44e355b2364d02424294ca45"}
{"index": {"_index":"pob","_id":"1118481"}}
	{"id":1118481,"type":"sell","buyer":"solovey6o2","seller":"dalz","symbol":"POB","quantity":"21","price":"1.66400129","timestamp":1622971881,"volume":"34.94402709","buyTxId":"8fb38609a9c262fe81b0af1159a912f64087cfb7","sellTxId":"197f5cdefe994c8741b6b3e8136b041b0a989ca7"}
{"index": {"_index":"pob","_id":"1118489"}}
	{"id":1118489,"type":"buy","buyer":"lionsuit","seller":"ctime","symbol":"POB","quantity":"0.00810624","price":"1.67957898","timestamp":1622972100,"volume":"0.01361507","buyTxId":"7a884fc44c3faff06d854ac368bd71b1dee6ff9b","sellTxId":"MM-P-7564262-54539734-3-22-0"}
{"index": {"_index":"pob","_id":"1118501"}}
	{"id":1118501,"type":"sell","buyer":"solovey6o2","seller":"risingstargame","symbol":"POB","quantity":"2.00000000","price":"1.66400129","timestamp":1622972394,"volume":"3.32800258","buyTxId":"8fb38609a9c262fe81b0af1159a912f64087cfb7","sellTxId":"d752411bd6d952fa639f65bbdfd16617f7aff646"}
{"index": {"_index":"pob","_id":"1118530"}}
	{"id":1118530,"type":"sell","buyer":"gimme-your-coinz","seller":"priyanarc","symbol":"POB","quantity":"3.00000000","price":"1.66400130","timestamp":1622974434,"volume":"4.99200390","buyTxId":"dd9c47bd2de4f722a9fa22fff130c5b9db428a39","sellTxId":"a03ea003272c0bcd3d5773352bdfe33991869b8e"}
{"index": {"_index":"pob","_id":"1118538"}}
	{"id":1118538,"type":"sell","buyer":"gimme-your-coinz","seller":"invest4free","symbol":"POB","quantity":"1.75000000","price":"1.66400130","timestamp":1622975085,"volume":"2.91200228","buyTxId":"dd9c47bd2de4f722a9fa22fff130c5b9db428a39","sellTxId":"8a53f1091368e68c37f8cb59604319a4fce51b28"}
{"index": {"_index":"pob","_id":"1118576"}}
	{"id":1118576,"type":"sell","buyer":"gimme-your-coinz","seller":"handtalk5","symbol":"POB","quantity":"0.25430710","price":"1.66400130","timestamp":1622977395,"volume":"0.42316734","buyTxId":"dd9c47bd2de4f722a9fa22fff130c5b9db428a39","sellTxId":"0a9da06e4065618b7bf532379cfdf9501b5acc01"}
{"index": {"_index":"pob","_id":"1118579"}}
	{"id":1118579,"type":"sell","buyer":"gimme-your-coinz","seller":"scooter77","symbol":"POB","quantity":"9.99569290","price":"1.66400130","timestamp":1622977533,"volume":"16.63284598","buyTxId":"dd9c47bd2de4f722a9fa22fff130c5b9db428a39","sellTxId":"ab78309f4a867af88cc9d74caf0bee208ff63621"}
{"index": {"_index":"pob","_id":"1118580"}}
	{"id":1118580,"type":"sell","buyer":"solovey6o2","seller":"scooter77","symbol":"POB","quantity":"10.00430710","price":"1.66400129","timestamp":1622977533,"volume":"16.64717992","buyTxId":"8fb38609a9c262fe81b0af1159a912f64087cfb7","sellTxId":"ab78309f4a867af88cc9d74caf0bee208ff63621"}
{"index": {"_index":"pob","_id":"1118582"}}
	{"id":1118582,"type":"buy","buyer":"offgridlife","seller":"ctime","symbol":"POB","quantity":"4.00000000","price":"1.67955698","timestamp":1622977884,"volume":"6.71822792","buyTxId":"afd12e47d8fe92707fad9f792823b5b714fad619","sellTxId":"MM-P-7566244-54541731-3-22-0"}
{"index": {"_index":"pob","_id":"1118604"}}
	{"id":1118604,"type":"sell","buyer":"gimme-your-coinz","seller":"ahmetay","symbol":"POB","quantity":"0.07565861","price":"1.66400130","timestamp":1622978817,"volume":"0.12589603","buyTxId":"2ca69b498e263c6379c33514db055c6780124780","sellTxId":"c360df2ba9e97d0804a7c01100f498b5254e0e06"}
{"index": {"_index":"pob","_id":"1118614"}}
	{"id":1118614,"type":"sell","buyer":"gimme-your-coinz","seller":"antonym","symbol":"POB","quantity":"0.70000000","price":"1.66400130","timestamp":1622979402,"volume":"1.16480091","buyTxId":"2ca69b498e263c6379c33514db055c6780124780","sellTxId":"f7080fa23d39f5c6c36f089d1a19103225fc7da9"}
{"index": {"_index":"pob","_id":"1118615"}}
	{"id":1118615,"type":"sell","buyer":"gimme-your-coinz","seller":"ftfund","symbol":"POB","quantity":"3.18828525","price":"1.66400130","timestamp":1622979477,"volume":"5.30531080","buyTxId":"2ca69b498e263c6379c33514db055c6780124780","sellTxId":"e6aa066183d65e5799027eb5f5d821841b546bdf"}
{"index": {"_index":"pob","_id":"1118617"}}
	{"id":1118617,"type":"sell","buyer":"gimme-your-coinz","seller":"urun","symbol":"POB","quantity":"1.75285283","price":"1.66400130","timestamp":1622979696,"volume":"2.91674939","buyTxId":"2ca69b498e263c6379c33514db055c6780124780","sellTxId":"d7aaca4da3598e6ce372780f3e5b064a4fee1578"}
{"index": {"_index":"pob","_id":"1118630"}}
	{"id":1118630,"type":"sell","buyer":"gimme-your-coinz","seller":"sugandhaseth","symbol":"POB","quantity":"31.00000000","price":"1.66400130","timestamp":1622980431,"volume":"51.58404030","buyTxId":"2ca69b498e263c6379c33514db055c6780124780","sellTxId":"f88551d1dfd4a4b3055a1a1aa75e0cc4809a2b8e"}
{"index": {"_index":"pob","_id":"1118631"}}
	{"id":1118631,"type":"sell","buyer":"gimme-your-coinz","seller":"dragosroua","symbol":"POB","quantity":"1.56624893","price":"1.66400130","timestamp":1622980755,"volume":"2.60624026","buyTxId":"2ca69b498e263c6379c33514db055c6780124780","sellTxId":"9d72f69e268204a713b685cd2939ecec627db725"}
{"index": {"_index":"pob","_id":"1118643"}}
	{"id":1118643,"type":"sell","buyer":"gimme-your-coinz","seller":"jocieprosza","symbol":"POB","quantity":"1.23027258","price":"1.66400130","timestamp":1622981475,"volume":"2.04717517","buyTxId":"2ca69b498e263c6379c33514db055c6780124780","sellTxId":"723d7fba356ead6d7d68be2e0f574d435a548981"}
{"index": {"_index":"pob","_id":"1118652"}}
	{"id":1118652,"type":"sell","buyer":"gimme-your-coinz","seller":"liaminit1","symbol":"POB","quantity":"2.70128341","price":"1.66400130","timestamp":1622981889,"volume":"4.49493911","buyTxId":"2ca69b498e263c6379c33514db055c6780124780","sellTxId":"4a98e6eee41374f9f5b0bd32ac2f58b9ecfedb2f"}
{"index": {"_index":"pob","_id":"1118660"}}
	{"id":1118660,"type":"buy","buyer":"cryptictruth","seller":"ctime","symbol":"POB","quantity":"0.20000000","price":"1.67955698","timestamp":1622982153,"volume":"0.33591140","buyTxId":"aa53e5fe7b9030c1545e5dcd1ef52921fa7da6eb","sellTxId":"MM-P-7566244-54541731-3-22-0"}
{"index": {"_index":"pob","_id":"1118720"}}
	{"id":1118720,"type":"sell","buyer":"gimme-your-coinz","seller":"knowhow92","symbol":"POB","quantity":"4.00000000","price":"1.66400130","timestamp":1622983083,"volume":"6.65600520","buyTxId":"2ca69b498e263c6379c33514db055c6780124780","sellTxId":"c976adf792aea1f24f06511de5a514b4210c483f"}
{"index": {"_index":"pob","_id":"1118722"}}
	{"id":1118722,"type":"sell","buyer":"gimme-your-coinz","seller":"invest4free","symbol":"POB","quantity":"1.50000000","price":"1.66400130","timestamp":1622983140,"volume":"2.49600195","buyTxId":"2ca69b498e263c6379c33514db055c6780124780","sellTxId":"f7bb8895e0260385bafe8a4f2203a9d13e60a637"}
{"index": {"_index":"pob","_id":"1118747"}}
	{"id":1118747,"type":"sell","buyer":"gimme-your-coinz","seller":"brofi-market","symbol":"POB","quantity":"12.78788444","price":"1.66400130","timestamp":1622983707,"volume":"21.27905633","buyTxId":"2ca69b498e263c6379c33514db055c6780124780","sellTxId":"37304eae73810478764bd5374bc635fdc3e26f38"}
{"index": {"_index":"pob","_id":"1118758"}}
	{"id":1118758,"type":"sell","buyer":"gimme-your-coinz","seller":"daniky","symbol":"POB","quantity":"5.49751395","price":"1.66400130","timestamp":1622983992,"volume":"9.14787035","buyTxId":"2ca69b498e263c6379c33514db055c6780124780","sellTxId":"70695d6d0f47b773737b9504fa223f1407ddd180"}
{"index": {"_index":"pob","_id":"1118759"}}
	{"id":1118759,"type":"sell","buyer":"solovey6o2","seller":"daniky","symbol":"POB","quantity":"4.50248605","price":"1.66400129","timestamp":1622983992,"volume":"7.49214260","buyTxId":"8fb38609a9c262fe81b0af1159a912f64087cfb7","sellTxId":"70695d6d0f47b773737b9504fa223f1407ddd180"}
{"index": {"_index":"pob","_id":"1118761"}}
	{"id":1118761,"type":"sell","buyer":"gimme-your-coinz","seller":"brutalmonkey","symbol":"POB","quantity":"0.51000000","price":"1.66400130","timestamp":1622984292,"volume":"0.84864066","buyTxId":"10044d590cd58be9d3ab88d3487d6dee2a4174a7","sellTxId":"ff4b5c1699e24fc4f47e19e82729994bfcb292c6"}
{"index": {"_index":"pob","_id":"1118766"}}
	{"id":1118766,"type":"sell","buyer":"gimme-your-coinz","seller":"thelogicaldude","symbol":"POB","quantity":"17.33248901","price":"1.66400130","timestamp":1622984520,"volume":"28.84128424","buyTxId":"10044d590cd58be9d3ab88d3487d6dee2a4174a7","sellTxId":"9417b726fecdb9aea2d086c216be0fef5c4e50aa"}
{"index": {"_index":"pob","_id":"1118777"}}
	{"id":1118777,"type":"sell","buyer":"gimme-your-coinz","seller":"liaminit1","symbol":"POB","quantity":"6.55027072","price":"1.66400130","timestamp":1622985129,"volume":"10.89965899","buyTxId":"10044d590cd58be9d3ab88d3487d6dee2a4174a7","sellTxId":"07f7592d393fa4dc2124bdc2938664fda854b3e3"}
{"index": {"_index":"pob","_id":"1118778"}}
	{"id":1118778,"type":"sell","buyer":"gimme-your-coinz","seller":"justinparke","symbol":"POB","quantity":"1.98477505","price":"1.66400130","timestamp":1622985348,"volume":"3.30266826","buyTxId":"10044d590cd58be9d3ab88d3487d6dee2a4174a7","sellTxId":"345db52d4b788675421e5560be3e047e58dedda2"}
{"index": {"_index":"pob","_id":"1118792"}}
	{"id":1118792,"type":"sell","buyer":"gimme-your-coinz","seller":"antonym","symbol":"POB","quantity":"1.26836058","price":"1.66400130","timestamp":1622986242,"volume":"2.11055365","buyTxId":"10044d590cd58be9d3ab88d3487d6dee2a4174a7","sellTxId":"7dcd40ccca37c3ed61981e68bf94faa88f19cf28"}
{"index": {"_index":"pob","_id":"1118794"}}
	{"id":1118794,"type":"sell","buyer":"gimme-your-coinz","seller":"pablodare","symbol":"POB","quantity":"1.53344579","price":"1.66400130","timestamp":1622986374,"volume":"2.55165579","buyTxId":"10044d590cd58be9d3ab88d3487d6dee2a4174a7","sellTxId":"1f0c0d50d35b3db5063e5123f8f5d68564aab0e9"}
{"index": {"_index":"pob","_id":"1118797"}}
	{"id":1118797,"type":"sell","buyer":"gimme-your-coinz","seller":"flaxz","symbol":"POB","quantity":"0.50872863","price":"1.66400130","timestamp":1622986452,"volume":"0.84652510","buyTxId":"10044d590cd58be9d3ab88d3487d6dee2a4174a7","sellTxId":"13c1f7c3873a9ee759ea1d515ac87568007fae51"}
{"index": {"_index":"pob","_id":"1118868"}}
	{"id":1118868,"type":"sell","buyer":"gimme-your-coinz","seller":"ahmetay","symbol":"POB","quantity":"0.37648136","price":"1.66410131","timestamp":1622988570,"volume":"0.62650312","buyTxId":"68ce6b6e1251c9143f846c7c45757b76bc002395","sellTxId":"29fcde2fff38ef5381c93071d568452e892e6baf"}
{"index": {"_index":"pob","_id":"1118916"}}
	{"id":1118916,"type":"sell","buyer":"gimme-your-coinz","seller":"liaminit1","symbol":"POB","quantity":"5.19051780","price":"1.66410131","timestamp":1622992278,"volume":"8.63754747","buyTxId":"68ce6b6e1251c9143f846c7c45757b76bc002395","sellTxId":"90ef7c28f6cbee83e3c2016c69ab5fc996ff0d3e"}
{"index": {"_index":"pob","_id":"1118919"}}
	{"id":1118919,"type":"sell","buyer":"gimme-your-coinz","seller":"bearbear613","symbol":"POB","quantity":"1.42933020","price":"1.66410131","timestamp":1622992440,"volume":"2.37855026","buyTxId":"68ce6b6e1251c9143f846c7c45757b76bc002395","sellTxId":"b840b7d4ae57e03e869de23813d908449cf19712"}
{"index": {"_index":"pob","_id":"1118936"}}
	{"id":1118936,"type":"sell","buyer":"freebornsociety","seller":"ftfund","symbol":"POB","quantity":"12.01856581","price":"1.66410231","timestamp":1622993448,"volume":"20.00012313","buyTxId":"MM-P-7571883-54547382-3-2-0","sellTxId":"dd958f1addf29ba164ac70a39bf9661333bd7240"}
{"index": {"_index":"pob","_id":"1118937"}}
	{"id":1118937,"type":"sell","buyer":"gimme-your-coinz","seller":"ftfund","symbol":"POB","quantity":"15.86358756","price":"1.66410131","timestamp":1622993448,"volume":"26.39861684","buyTxId":"68ce6b6e1251c9143f846c7c45757b76bc002395","sellTxId":"dd958f1addf29ba164ac70a39bf9661333bd7240"}
{"index": {"_index":"pob","_id":"1118959"}}
	{"id":1118959,"type":"sell","buyer":"gimme-your-coinz","seller":"tlundy47","symbol":"POB","quantity":"0.00030137","price":"1.66410232","timestamp":1622994519,"volume":"0.00050151","buyTxId":"03720d39e7e4ab548cc8dd4917c18cbca07a2ab9","sellTxId":"5d6ac6ad7dee5e7ec173765528545a41ee72aebd"}
{"index": {"_index":"pob","_id":"1118994"}}
	{"id":1118994,"type":"sell","buyer":"gimme-your-coinz","seller":"finguru","symbol":"POB","quantity":"5.00000000","price":"1.66410232","timestamp":1622994864,"volume":"8.32051160","buyTxId":"03720d39e7e4ab548cc8dd4917c18cbca07a2ab9","sellTxId":"7e63f62da9c49177e15fefee36df586700dac540"}
{"index": {"_index":"pob","_id":"1118995"}}
	{"id":1118995,"type":"sell","buyer":"gimme-your-coinz","seller":"damus-nostra","symbol":"POB","quantity":"0.62372779","price":"1.66410232","timestamp":1622994891,"volume":"1.03794686","buyTxId":"03720d39e7e4ab548cc8dd4917c18cbca07a2ab9","sellTxId":"c0b850ff8581f3e9e6ee58c34ca9905144c812b2"}
{"index": {"_index":"pob","_id":"1119004"}}
	{"id":1119004,"type":"sell","buyer":"gimme-your-coinz","seller":"oldmans","symbol":"POB","quantity":"60.00000000","price":"1.66420233","timestamp":1622995227,"volume":"99.85213980","buyTxId":"45d27b039367fcde4c5413f768b5f3b12badc5a4","sellTxId":"db0518025c3b82860250872b27d82272b5487162"}
{"index": {"_index":"pob","_id":"1119028"}}
	{"id":1119028,"type":"sell","buyer":"gimme-your-coinz","seller":"blezyn","symbol":"POB","quantity":"6.00000000","price":"1.66420233","timestamp":1622995890,"volume":"9.98521398","buyTxId":"45d27b039367fcde4c5413f768b5f3b12badc5a4","sellTxId":"ddd82fde77354c677a5b6fb336fca8e6b2c6d36d"}
{"index": {"_index":"pob","_id":"1119052"}}
	{"id":1119052,"type":"buy","buyer":"richardcrill","seller":"blezyn","symbol":"POB","quantity":"4.65490428","price":"1.66420233","timestamp":1622996292,"volume":"7.74670255","buyTxId":"MM-P-7572831-54548333-3-10-0","sellTxId":"ddd82fde77354c677a5b6fb336fca8e6b2c6d36d"}
{"index": {"_index":"pob","_id":"1119119"}}
	{"id":1119119,"type":"sell","buyer":"gimme-your-coinz","seller":"valor2s","symbol":"POB","quantity":"1.61346769","price":"1.66430003","timestamp":1622996313,"volume":"2.68529432","buyTxId":"715a902bbc609a12ff2bf71c7ef7daad924d5b1d","sellTxId":"2de91ad48164f8f3b407f88b7d59620ed37b3c44"}
{"index": {"_index":"pob","_id":"1119139"}}
	{"id":1119139,"type":"sell","buyer":"gimme-your-coinz","seller":"revisesociology","symbol":"POB","quantity":"2.00000000","price":"1.66450005","timestamp":1622997090,"volume":"3.32900010","buyTxId":"359ff1f077ca287976542db245bcaadcac95bc86","sellTxId":"99368e0b5db4561480c7b525db19439d96d36617"}
{"index": {"_index":"pob","_id":"1119146"}}
	{"id":1119146,"type":"sell","buyer":"gimme-your-coinz","seller":"ahmetay","symbol":"POB","quantity":"0.24103178","price":"1.66460006","timestamp":1622997291,"volume":"0.40122152","buyTxId":"031cd0fc4997376a1ba1dd7ed6ccd4991c9734e0","sellTxId":"0ce31f9939d74ce71d7895f4eca4f42bdffd8fdf"}
{"index": {"_index":"pob","_id":"1119148"}}
	{"id":1119148,"type":"sell","buyer":"gimme-your-coinz","seller":"mehmetfix","symbol":"POB","quantity":"11.95900000","price":"1.66460006","timestamp":1622997321,"volume":"19.90695212","buyTxId":"031cd0fc4997376a1ba1dd7ed6ccd4991c9734e0","sellTxId":"05ad12bd6bfb3f646a4578285a732e725e2b8f98"}
{"index": {"_index":"pob","_id":"1119150"}}
	{"id":1119150,"type":"sell","buyer":"gimme-your-coinz","seller":"coininstant","symbol":"POB","quantity":"3.33748365","price":"1.66460006","timestamp":1622997465,"volume":"5.55557548","buyTxId":"031cd0fc4997376a1ba1dd7ed6ccd4991c9734e0","sellTxId":"df95414b698734a60e1ca4ccec606cca2d7761ce"}
{"index": {"_index":"pob","_id":"1119160"}}
	{"id":1119160,"type":"sell","buyer":"gimme-your-coinz","seller":"yintercept","symbol":"POB","quantity":"0.50000000","price":"1.66460006","timestamp":1622997924,"volume":"0.83230003","buyTxId":"031cd0fc4997376a1ba1dd7ed6ccd4991c9734e0","sellTxId":"2fee226a203c65169d38310e5a52645b0c70eb54"}
{"index": {"_index":"pob","_id":"1119167"}}
	{"id":1119167,"type":"sell","buyer":"gimme-your-coinz","seller":"allcapsonezero","symbol":"POB","quantity":"10.00000000","price":"1.66460006","timestamp":1622998014,"volume":"16.64600060","buyTxId":"031cd0fc4997376a1ba1dd7ed6ccd4991c9734e0","sellTxId":"430589c3f535f7a057ce4210e9f14e7f4d508f68"}
{"index": {"_index":"pob","_id":"1119169"}}
	{"id":1119169,"type":"sell","buyer":"gimme-your-coinz","seller":"khan.dayyanz","symbol":"POB","quantity":"5.79200204","price":"1.66460006","timestamp":1622998083,"volume":"9.64136694","buyTxId":"031cd0fc4997376a1ba1dd7ed6ccd4991c9734e0","sellTxId":"8361caf26dc53e352df8952a5054a78abc3c76a2"}
{"index": {"_index":"pob","_id":"1119174"}}
	{"id":1119174,"type":"sell","buyer":"gimme-your-coinz","seller":"coininstant","symbol":"POB","quantity":"2.47762131","price":"1.66460006","timestamp":1622998191,"volume":"4.12424858","buyTxId":"031cd0fc4997376a1ba1dd7ed6ccd4991c9734e0","sellTxId":"bd950e1e565ae721097bff109e9e5a0537364677"}
{"index": {"_index":"pob","_id":"1119194"}}
	{"id":1119194,"type":"sell","buyer":"gimme-your-coinz","seller":"honusurf","symbol":"POB","quantity":"0.52029237","price":"1.66460006","timestamp":1622998830,"volume":"0.86607871","buyTxId":"031cd0fc4997376a1ba1dd7ed6ccd4991c9734e0","sellTxId":"0a280c1785190d38939313cf37ac6a03f74f1575"}
{"index": {"_index":"pob","_id":"1119206"}}
	{"id":1119206,"type":"sell","buyer":"gimme-your-coinz","seller":"unicorn-tamer","symbol":"POB","quantity":"31.17256885","price":"1.66460006","timestamp":1622998935,"volume":"51.88985998","buyTxId":"031cd0fc4997376a1ba1dd7ed6ccd4991c9734e0","sellTxId":"59c9c51b2f75fefcd0646a33cbefb8c3a8585cf2"}
{"index": {"_index":"pob","_id":"1119213"}}
	{"id":1119213,"type":"sell","buyer":"gimme-your-coinz","seller":"unicorn-tamer","symbol":"POB","quantity":"10.00000000","price":"1.66440001","timestamp":1622998974,"volume":"16.64400010","buyTxId":"7971437d805ffcadf7225c3dc603f91a6700b797","sellTxId":"4fc38731d873171fb1d15b3349d9f995d11cc5fd"}
{"index": {"_index":"pob","_id":"1119235"}}
	{"id":1119235,"type":"sell","buyer":"gimme-your-coinz","seller":"bitandi","symbol":"POB","quantity":"1.08834000","price":"1.66460007","timestamp":1622999259,"volume":"1.81165084","buyTxId":"c48528429ece2f8fb2065aa4bfcfd7ca5a74feaf","sellTxId":"41df889f1b045e92098e8369ecd76144c4361ad5"}
{"index": {"_index":"pob","_id":"1119246"}}
	{"id":1119246,"type":"sell","buyer":"gimme-your-coinz","seller":"jersteemit","symbol":"POB","quantity":"47.37105440","price":"1.66470008","timestamp":1622999394,"volume":"78.85859805","buyTxId":"c3c9bb5558cc99ad35eb13d95c6491edd0964fa8","sellTxId":"44a116d4beef81eb3cb67637a77dc0304acbefcf"}
{"index": {"_index":"pob","_id":"1119255"}}
	{"id":1119255,"type":"sell","buyer":"gimme-your-coinz","seller":"paulmoon410","symbol":"POB","quantity":"1.75706605","price":"1.66470008","timestamp":1622999529,"volume":"2.92498799","buyTxId":"c3c9bb5558cc99ad35eb13d95c6491edd0964fa8","sellTxId":"328b0bf789b5a05a71ea07d7ebde748bcd68d345"}
{"index": {"_index":"pob","_id":"1119259"}}
	{"id":1119259,"type":"sell","buyer":"richardcrill","seller":"coininstant","symbol":"POB","quantity":"13.53999286","price":"1.66480008","timestamp":1622999595,"volume":"22.54138120","buyTxId":"MM-P-7573926-54549432-3-10-0","sellTxId":"20ddb96bee68d6d2931836c5a184efa041331c93"}
{"index": {"_index":"pob","_id":"1119279"}}
	{"id":1119279,"type":"sell","buyer":"gimme-your-coinz","seller":"andy4475","symbol":"POB","quantity":"6.70033183","price":"1.66480009","timestamp":1623000018,"volume":"11.15471303","buyTxId":"352cf3869b4a957eb2b3da461f33c22110d73d72","sellTxId":"ce0ab233978dd13878de888fdd5a336e774d258f"}
{"index": {"_index":"pob","_id":"1119284"}}
	{"id":1119284,"type":"sell","buyer":"gimme-your-coinz","seller":"themarkymark","symbol":"POB","quantity":"59.29966800","price":"1.66480009","timestamp":1623000114,"volume":"98.72209262","buyTxId":"352cf3869b4a957eb2b3da461f33c22110d73d72","sellTxId":"ea0f76690a0adfc8cb46f55f93dcca9b7cbc22c9"}
{"index": {"_index":"pob","_id":"1119287"}}
	{"id":1119287,"type":"sell","buyer":"gimme-your-coinz","seller":"themarkymark","symbol":"POB","quantity":"23.11093341","price":"1.66480010","timestamp":1623000153,"volume":"38.47508425","buyTxId":"c9437ce97f29e881c08f5de4c8ccd751ccc23fc4","sellTxId":"b7ba93142c59e955f07c04f7485fc3cc0f9a726a"}
{"index": {"_index":"pob","_id":"1119302"}}
	{"id":1119302,"type":"sell","buyer":"gimme-your-coinz","seller":"thatcryptodave","symbol":"POB","quantity":"0.56242111","price":"1.66480010","timestamp":1623000699,"volume":"0.93631872","buyTxId":"c9437ce97f29e881c08f5de4c8ccd751ccc23fc4","sellTxId":"8d436ba76d90e11906355c6abdbbed796fda4494"}
{"index": {"_index":"pob","_id":"1119304"}}
	{"id":1119304,"type":"sell","buyer":"gimme-your-coinz","seller":"steevc","symbol":"POB","quantity":"1.00000000","price":"1.66480010","timestamp":1623000744,"volume":"1.66480010","buyTxId":"c9437ce97f29e881c08f5de4c8ccd751ccc23fc4","sellTxId":"2b893cf2761671b96e9111cbacf22eb852fb3b05"}
{"index": {"_index":"pob","_id":"1119318"}}
	{"id":1119318,"type":"sell","buyer":"gimme-your-coinz","seller":"phusionphil","symbol":"POB","quantity":"41.32664548","price":"1.66480010","timestamp":1623000840,"volume":"68.80060353","buyTxId":"c9437ce97f29e881c08f5de4c8ccd751ccc23fc4","sellTxId":"aee06a63e74a76dedcc1d74107a67f2223212a51"}
{"index": {"_index":"pob","_id":"1119319"}}
	{"id":1119319,"type":"sell","buyer":"he-index","seller":"phusionphil","symbol":"POB","quantity":"13.00300000","price":"1.66460006","timestamp":1623000840,"volume":"21.64479458","buyTxId":"6c3fe20ce153e527f0711119e5ab8f5cf876ef36","sellTxId":"aee06a63e74a76dedcc1d74107a67f2223212a51"}
{"index": {"_index":"pob","_id":"1119320"}}
	{"id":1119320,"type":"sell","buyer":"anadolu","seller":"phusionphil","symbol":"POB","quantity":"9.93817525","price":"1.66450002","timestamp":1623000840,"volume":"16.54209290","buyTxId":"7e07cc979da6415e4b687b5b065242e14b6e9617","sellTxId":"aee06a63e74a76dedcc1d74107a67f2223212a51"}
{"index": {"_index":"pob","_id":"1119336"}}
	{"id":1119336,"type":"sell","buyer":"gimme-your-coinz","seller":"madstacks","symbol":"POB","quantity":"24.28382760","price":"1.66460105","timestamp":1623001170,"volume":"40.42288492","buyTxId":"fe5e19e5e2251a12b1adedce8f90e1eadfe5c49b","sellTxId":"41794e8ef60fb600383a3e0808ebfd871cd12642"}
{"index": {"_index":"pob","_id":"1119341"}}
	{"id":1119341,"type":"sell","buyer":"gimme-your-coinz","seller":"tonytrillions","symbol":"POB","quantity":"0.00153768","price":"1.66460206","timestamp":1623001386,"volume":"0.00255963","buyTxId":"d838107282740fd8686c989827861f6c1935870f","sellTxId":"b37cf55be062cffc9ce1fc320cb7c22c2665e7ee"}
{"index": {"_index":"pob","_id":"1119379"}}
	{"id":1119379,"type":"sell","buyer":"gimme-your-coinz","seller":"toofasteddie","symbol":"POB","quantity":"0.60000000","price":"1.66510716","timestamp":1623002781,"volume":"0.99906430","buyTxId":"53d26165eee17c5ea8082b57dbdf35cc79b573a9","sellTxId":"937b7ef2e9babfcda4df8350ba7934c08e3751a9"}
{"index": {"_index":"pob","_id":"1119388"}}
	{"id":1119388,"type":"sell","buyer":"gimme-your-coinz","seller":"fullcoverbetting","symbol":"POB","quantity":"0.18313905","price":"1.66510716","timestamp":1623003540,"volume":"0.30494614","buyTxId":"53d26165eee17c5ea8082b57dbdf35cc79b573a9","sellTxId":"7c35bd55a494ff0833549a658ef7696be7fb71f1"}
{"index": {"_index":"pob","_id":"1119400"}}
	{"id":1119400,"type":"sell","buyer":"gimme-your-coinz","seller":"trumpman","symbol":"POB","quantity":"10.00000000","price":"1.66510716","timestamp":1623004122,"volume":"16.65107160","buyTxId":"53d26165eee17c5ea8082b57dbdf35cc79b573a9","sellTxId":"2b5c192e64feed33151bfe758c12393d00ec04b3"}
{"index": {"_index":"pob","_id":"1119423"}}
	{"id":1119423,"type":"sell","buyer":"gimme-your-coinz","seller":"automaton","symbol":"POB","quantity":"2.00000000","price":"1.66510716","timestamp":1623005034,"volume":"3.33021432","buyTxId":"53d26165eee17c5ea8082b57dbdf35cc79b573a9","sellTxId":"95689c230b3a174ed1ad2850f477098bdbcdab9f"}
{"index": {"_index":"pob","_id":"1119439"}}
	{"id":1119439,"type":"sell","buyer":"gimme-your-coinz","seller":"bashadow","symbol":"POB","quantity":"4.06561733","price":"1.66510716","timestamp":1623005448,"volume":"6.76968853","buyTxId":"53d26165eee17c5ea8082b57dbdf35cc79b573a9","sellTxId":"2de56145cb67661d371e770eb29311a80be28aeb"}
{"index": {"_index":"pob","_id":"1119457"}}
	{"id":1119457,"type":"sell","buyer":"gimme-your-coinz","seller":"mawit07","symbol":"POB","quantity":"5.88152111","price":"1.66510716","timestamp":1623005562,"volume":"9.79336291","buyTxId":"53d26165eee17c5ea8082b57dbdf35cc79b573a9","sellTxId":"b5307161858b7f0186f2d3c1e1ee5686734a9693"}
{"index": {"_index":"pob","_id":"1119573"}}
	{"id":1119573,"type":"sell","buyer":"gimme-your-coinz","seller":"juanmiguelsalas","symbol":"POB","quantity":"9.64135011","price":"1.66510716","timestamp":1623005796,"volume":"16.05388110","buyTxId":"53d26165eee17c5ea8082b57dbdf35cc79b573a9","sellTxId":"5d186955a317dfc8e785c9324351ba47b6872af3"}
{"index": {"_index":"pob","_id":"1119575"}}
	{"id":1119575,"type":"sell","buyer":"gimme-your-coinz","seller":"romirspc.tribe","symbol":"POB","quantity":"0.62837240","price":"1.66510716","timestamp":1623005808,"volume":"1.04630738","buyTxId":"53d26165eee17c5ea8082b57dbdf35cc79b573a9","sellTxId":"b6825d5aa908333993c9132eda5c561acb4e5b24"}
{"index": {"_index":"pob","_id":"1119576"}}
	{"id":1119576,"type":"sell","buyer":"freebornsociety","seller":"romirspc.tribe","symbol":"POB","quantity":"24.02249438","price":"1.66510602","timestamp":1623005808,"volume":"40.00000001","buyTxId":"MM-P-7575968-54551477-3-2-0","sellTxId":"b6825d5aa908333993c9132eda5c561acb4e5b24"}
{"index": {"_index":"pob","_id":"1119577"}}
	{"id":1119577,"type":"sell","buyer":"richardcrill","seller":"romirspc.tribe","symbol":"POB","quantity":"12.72913322","price":"1.66510502","timestamp":1623005808,"volume":"21.19534362","buyTxId":"MM-P-7575920-54551429-3-10-0","sellTxId":"b6825d5aa908333993c9132eda5c561acb4e5b24"}
{"index": {"_index":"pob","_id":"1119689"}}
	{"id":1119689,"type":"sell","buyer":"gimme-your-coinz","seller":"eythorphoto","symbol":"POB","quantity":"0.81320861","price":"1.66510503","timestamp":1623007095,"volume":"1.35407775","buyTxId":"753f8817ca837fe98841b5c845626776e8a63b37","sellTxId":"53a57b9b42527edd20b1a6fee773a34798707f9e"}
{"index": {"_index":"pob","_id":"1119727"}}
	{"id":1119727,"type":"sell","buyer":"gimme-your-coinz","seller":"rob23","symbol":"POB","quantity":"4.37181688","price":"1.66510503","timestamp":1623007809,"volume":"7.27953428","buyTxId":"753f8817ca837fe98841b5c845626776e8a63b37","sellTxId":"fa4af9333872ce38e3e91ba1862e072f125e7fdf"}
{"index": {"_index":"pob","_id":"1119755"}}
	{"id":1119755,"type":"buy","buyer":"anaclark","seller":"ctime","symbol":"POB","quantity":"1.00000000","price":"1.66843400","timestamp":1623008817,"volume":"1.66843400","buyTxId":"5665d7061596007bc19881b3ecd32ccb4b37966b","sellTxId":"MM-P-7576705-54552216-3-22-0"}
{"index": {"_index":"pob","_id":"1119790"}}
	{"id":1119790,"type":"sell","buyer":"gimme-your-coinz","seller":"dealhunter","symbol":"POB","quantity":"33.00000000","price":"1.66520504","timestamp":1623009537,"volume":"54.95176632","buyTxId":"875f29b68eb7f129242bff45e8c531dd9d7c18bf","sellTxId":"87589a04f88adf56be98b970a60af92fe332be8c"}
{"index": {"_index":"pob","_id":"1119791"}}
	{"id":1119791,"type":"sell","buyer":"richardcrill","seller":"dealhunter","symbol":"POB","quantity":"15.89234995","price":"1.66520503","timestamp":1623009537,"volume":"26.46402108","buyTxId":"MM-P-7577217-54552728-3-10-0","sellTxId":"87589a04f88adf56be98b970a60af92fe332be8c"}
{"index": {"_index":"pob","_id":"1119816"}}
	{"id":1119816,"type":"buy","buyer":"hivermasdebil","seller":"ctime","symbol":"POB","quantity":"0.12953650","price":"1.66841000","timestamp":1623010575,"volume":"0.21611999","buyTxId":"325e1b92920176dfe5b988c200786d462539e4c8","sellTxId":"MM-P-7577205-54552716-3-22-0"}
{"index": {"_index":"pob","_id":"1119821"}}
	{"id":1119821,"type":"buy","buyer":"eddiespino","seller":"ctime","symbol":"POB","quantity":"4.87046350","price":"1.66841000","timestamp":1623010917,"volume":"8.12593001","buyTxId":"2689460c30da22d9b6230f666c40a0c056faf795","sellTxId":"MM-P-7577205-54552716-3-22-0"}
{"index": {"_index":"pob","_id":"1119822"}}
	{"id":1119822,"type":"buy","buyer":"eddiespino","seller":"freebornsociety","symbol":"POB","quantity":"50.00000000","price":"1.66841500","timestamp":1623010917,"volume":"83.42075000","buyTxId":"2689460c30da22d9b6230f666c40a0c056faf795","sellTxId":"MM-P-7577663-54553176-3-2-0"}
{"index": {"_index":"pob","_id":"1119823"}}
	{"id":1119823,"type":"buy","buyer":"eddiespino","seller":"myothuzar","symbol":"POB","quantity":"19.81453650","price":"1.66842000","timestamp":1623010917,"volume":"33.05896899","buyTxId":"2689460c30da22d9b6230f666c40a0c056faf795","sellTxId":"ed6352af0989dafc42f0975b95dd93676a30c098"}
{"index": {"_index":"pob","_id":"1119825"}}
	{"id":1119825,"type":"sell","buyer":"richardcrill","seller":"gank","symbol":"POB","quantity":"3.91866448","price":"1.66580509","timestamp":1623011301,"volume":"6.52773124","buyTxId":"MM-P-7577815-54553328-3-10-0","sellTxId":"78be5b951f00a76a6db75027c1aed656a8e1728a"}
{"index": {"_index":"pob","_id":"1119826"}}
	{"id":1119826,"type":"buy","buyer":"pandaparker","seller":"ctime","symbol":"POB","quantity":"5.00000000","price":"1.66841000","timestamp":1623011343,"volume":"8.34205000","buyTxId":"00da8bfac2a02d0ed11adb681cfeb20c77956388","sellTxId":"MM-P-7577703-54553216-3-22-0"}
{"index": {"_index":"pob","_id":"1119828"}}
	{"id":1119828,"type":"buy","buyer":"pandaparker","seller":"freebornsociety","symbol":"POB","quantity":"6.18546350","price":"1.66841900","timestamp":1623011379,"volume":"10.31994483","buyTxId":"a42200e1196c6fd13a0da1d105c27a0dede0c86b","sellTxId":"MM-P-7577763-54553276-3-2-0"}
{"index": {"_index":"pob","_id":"1119829"}}
	{"id":1119829,"type":"sell","buyer":"gimme-your-coinz","seller":"elgringoviejo","symbol":"POB","quantity":"0.78810499","price":"1.66580510","timestamp":1623011427,"volume":"1.31282931","buyTxId":"85f04df0cace318563e9c665945eba2dd2fe7bfb","sellTxId":"598e724b3fafc6bd53ddab2b52d612e3a51cb1ac"}
{"index": {"_index":"pob","_id":"1119832"}}
	{"id":1119832,"type":"sell","buyer":"gimme-your-coinz","seller":"nahueldare3627","symbol":"POB","quantity":"0.85809657","price":"1.66580510","timestamp":1623011784,"volume":"1.42942164","buyTxId":"85f04df0cace318563e9c665945eba2dd2fe7bfb","sellTxId":"9f52da1838b762065c8ade80ddcf37bbc16b8892"}
{"index": {"_index":"pob","_id":"1119838"}}
	{"id":1119838,"type":"buy","buyer":"pandaparker","seller":"ctime","symbol":"POB","quantity":"5.00000000","price":"1.66840900","timestamp":1623011895,"volume":"8.342045","buyTxId":"e6ca57729c9395e383439f6fbce9f03481cfca86","sellTxId":"MM-P-7577901-54553415-3-22-0"}
{"index": {"_index":"pob","_id":"1119841"}}
	{"id":1119841,"type":"buy","buyer":"pandaparker","seller":"myothuzar","symbol":"POB","quantity":"6.18546300","price":"1.66842000","timestamp":1623012105,"volume":"10.31995018","buyTxId":"690b4798690d9a4119efdc49f52129a6f00d44ef","sellTxId":"ed6352af0989dafc42f0975b95dd93676a30c098"}
{"index": {"_index":"pob","_id":"1119842"}}
	{"id":1119842,"type":"sell","buyer":"gimme-your-coinz","seller":"liaminit1","symbol":"POB","quantity":"3.20066319","price":"1.66580510","timestamp":1623012138,"volume":"5.33168107","buyTxId":"85f04df0cace318563e9c665945eba2dd2fe7bfb","sellTxId":"1ab61c6ffcdd1a053af324fd4bc06f51623efd2f"}
{"index": {"_index":"pob","_id":"1119848"}}
	{"id":1119848,"type":"buy","buyer":"pandaparker","seller":"myothuzar","symbol":"POB","quantity":"0.00000050","price":"1.66842000","timestamp":1623012276,"volume":"0.00000083","buyTxId":"95b02708bacc5e0bafdccc0504888fced0273ff7","sellTxId":"ed6352af0989dafc42f0975b95dd93676a30c098"}
{"index": {"_index":"pob","_id":"1119849"}}
	{"id":1119849,"type":"buy","buyer":"pandaparker","seller":"alfarero","symbol":"POB","quantity":"9.99999950","price":"1.66850000","timestamp":1623012276,"volume":"16.68499917","buyTxId":"95b02708bacc5e0bafdccc0504888fced0273ff7","sellTxId":"64a50ff326644b6b5b2c8da69ca92cf69c48318e"}
{"index": {"_index":"pob","_id":"1119850"}}
	{"id":1119850,"type":"buy","buyer":"pandaparker","seller":"alfarero","symbol":"POB","quantity":"0.00000050","price":"1.66850000","timestamp":1623012291,"volume":"0.00000083","buyTxId":"c1d2a58878cba5fd182fd0db7b605901c41ed98c","sellTxId":"64a50ff326644b6b5b2c8da69ca92cf69c48318e"}
{"index": {"_index":"pob","_id":"1119851"}}
	{"id":1119851,"type":"buy","buyer":"pandaparker","seller":"ctime","symbol":"POB","quantity":"4.99999950","price":"1.66998999","timestamp":1623012291,"volume":"8.34994912","buyTxId":"c1d2a58878cba5fd182fd0db7b605901c41ed98c","sellTxId":"MM-P-7578100-54553614-3-22-0"}
{"index": {"_index":"pob","_id":"1119853"}}
	{"id":1119853,"type":"buy","buyer":"pandaparker","seller":"ctime","symbol":"POB","quantity":"0.00000050","price":"1.66998999","timestamp":1623012324,"volume":"0.00000083","buyTxId":"98222f07f22ff98ec2ca8b91cce302e192c32ccc","sellTxId":"MM-P-7578100-54553614-3-22-0"}
{"index": {"_index":"pob","_id":"1119854"}}
	{"id":1119854,"type":"buy","buyer":"pandaparker","seller":"yonnathang","symbol":"POB","quantity":"2.54599950","price":"1.66999999","timestamp":1623012324,"volume":"4.25181914","buyTxId":"98222f07f22ff98ec2ca8b91cce302e192c32ccc","sellTxId":"ada715fb969958801e56a48f6e62fce3f16d124c"}
{"index": {"_index":"pob","_id":"1119856"}}
	{"id":1119856,"type":"buy","buyer":"pandaparker","seller":"freebornsociety","symbol":"POB","quantity":"39.34600000","price":"1.66999899","timestamp":1623012390,"volume":"65.70778026","buyTxId":"96915f40648261623dde612b5af209bdce73f4a6","sellTxId":"MM-P-7578160-54553674-3-2-0"}
{"index": {"_index":"pob","_id":"1119857"}}
	{"id":1119857,"type":"buy","buyer":"pandaparker","seller":"freebornsociety","symbol":"POB","quantity":"10.00000000","price":"1.66999899","timestamp":1623012438,"volume":"16.69998990","buyTxId":"9d39768679de33726bd88b9627866c1130e8b8bc","sellTxId":"MM-P-7578160-54553674-3-2-0"}
{"index": {"_index":"pob","_id":"1119859"}}
	{"id":1119859,"type":"sell","buyer":"gimme-your-coinz","seller":"ctime","symbol":"POB","quantity":"5.00000000","price":"1.66999000","timestamp":1623012456,"volume":"8.34995000","buyTxId":"bec8e1669f2009d8fc33ca46ef890c7659e0093a","sellTxId":"MM-P-7578200-54553714-3-22-0"}
{"index": {"_index":"pob","_id":"1119861"}}
	{"id":1119861,"type":"sell","buyer":"gimme-your-coinz","seller":"ahmetay","symbol":"POB","quantity":"0.01382987","price":"1.66999000","timestamp":1623012573,"volume":"0.02309574","buyTxId":"bec8e1669f2009d8fc33ca46ef890c7659e0093a","sellTxId":"6d02b911f43a9270885c43596d03d3aa795485c2"}
{"index": {"_index":"pob","_id":"1119863"}}
	{"id":1119863,"type":"buy","buyer":"pandaparker","seller":"freebornsociety","symbol":"POB","quantity":"0.65400000","price":"1.66999899","timestamp":1623012633,"volume":"1.09217934","buyTxId":"9bcfd90136374683388d3a8c0f3d8871fd02ddcd","sellTxId":"MM-P-7578160-54553674-3-2-0"}
{"index": {"_index":"pob","_id":"1119864"}}
	{"id":1119864,"type":"buy","buyer":"pandaparker","seller":"yonnathang","symbol":"POB","quantity":"0.00000050","price":"1.66999999","timestamp":1623012633,"volume":"0.00000083","buyTxId":"9bcfd90136374683388d3a8c0f3d8871fd02ddcd","sellTxId":"ada715fb969958801e56a48f6e62fce3f16d124c"}
{"index": {"_index":"pob","_id":"1119865"}}
	{"id":1119865,"type":"buy","buyer":"pandaparker","seller":"anadolu","symbol":"POB","quantity":"2.68642950","price":"1.66999999","timestamp":1623012633,"volume":"4.48633724","buyTxId":"9bcfd90136374683388d3a8c0f3d8871fd02ddcd","sellTxId":"8e3a66b247d49e680ea3c4896b8059b93f0feb50"}
{"index": {"_index":"pob","_id":"1119886"}}
	{"id":1119886,"type":"sell","buyer":"gimme-your-coinz","seller":"ctime","symbol":"POB","quantity":"5.00000000","price":"1.66999000","timestamp":1623012756,"volume":"8.34995000","buyTxId":"bec8e1669f2009d8fc33ca46ef890c7659e0093a","sellTxId":"MM-P-7578300-54553814-3-22-0"}
{"index": {"_index":"pob","_id":"1119895"}}
	{"id":1119895,"type":"sell","buyer":"gimme-your-coinz","seller":"deathwing","symbol":"POB","quantity":"0.41911689","price":"1.66999000","timestamp":1623012906,"volume":"0.69992102","buyTxId":"bec8e1669f2009d8fc33ca46ef890c7659e0093a","sellTxId":"0ae3a392ca29558eba8aaabab89c8a9170d91712-6"}
{"index": {"_index":"pob","_id":"1119896"}}
	{"id":1119896,"type":"sell","buyer":"gimme-your-coinz","seller":"gribbles","symbol":"POB","quantity":"22.56705324","price":"1.66999000","timestamp":1623012990,"volume":"37.68675324","buyTxId":"bec8e1669f2009d8fc33ca46ef890c7659e0093a","sellTxId":"82a4fe27ed7724bf3708f65635d730286e3eb9b8"}
{"index": {"_index":"pob","_id":"1119897"}}
	{"id":1119897,"type":"buy","buyer":"gimme-your-coinz","seller":"gribbles","symbol":"POB","quantity":"2.04087362","price":"1.66999000","timestamp":1623013011,"volume":"3.40823854","buyTxId":"670ad4fb395e86b2dac8189d3910763522234009","sellTxId":"82a4fe27ed7724bf3708f65635d730286e3eb9b8"}
{"index": {"_index":"pob","_id":"1119899"}}
	{"id":1119899,"type":"sell","buyer":"gimme-your-coinz","seller":"ctime","symbol":"POB","quantity":"5.00000000","price":"1.66999000","timestamp":1623013056,"volume":"8.34995000","buyTxId":"670ad4fb395e86b2dac8189d3910763522234009","sellTxId":"MM-P-7578400-54553914-3-22-0"}
{"index": {"_index":"pob","_id":"1119907"}}
	{"id":1119907,"type":"buy","buyer":"anaclark","seller":"freebornsociety","symbol":"POB","quantity":"50.00000000","price":"1.66999899","timestamp":1623013284,"volume":"83.49994950","buyTxId":"c5300411198e6a5b31753348789fd331faaad73e","sellTxId":"MM-P-7578260-54553774-3-2-0"}
{"index": {"_index":"pob","_id":"1119908"}}
	{"id":1119908,"type":"buy","buyer":"anaclark","seller":"anadolu","symbol":"POB","quantity":"34.11357050","price":"1.66999999","timestamp":1623013284,"volume":"56.96966239","buyTxId":"c5300411198e6a5b31753348789fd331faaad73e","sellTxId":"8e3a66b247d49e680ea3c4896b8059b93f0feb50"}
{"index": {"_index":"pob","_id":"1119909"}}
	{"id":1119909,"type":"buy","buyer":"anaclark","seller":"skylinebuds","symbol":"POB","quantity":"21.09642950","price":"1.67000000","timestamp":1623013284,"volume":"35.23103727","buyTxId":"c5300411198e6a5b31753348789fd331faaad73e","sellTxId":"4a3f1bf1c54ce1b24217cd73acda9ccd01d306c5"}
{"index": {"_index":"pob","_id":"1119910"}}
	{"id":1119910,"type":"sell","buyer":"gimme-your-coinz","seller":"pialejoana","symbol":"POB","quantity":"5.00000000","price":"1.66999000","timestamp":1623013293,"volume":"8.34995000","buyTxId":"670ad4fb395e86b2dac8189d3910763522234009","sellTxId":"251892c216325ed0785bf216016b8c5e8eadd51a"}
{"index": {"_index":"pob","_id":"1119916"}}
	{"id":1119916,"type":"sell","buyer":"gimme-your-coinz","seller":"aeneas.blog","symbol":"POB","quantity":"0.00573126","price":"1.66999000","timestamp":1623013389,"volume":"0.00957115","buyTxId":"670ad4fb395e86b2dac8189d3910763522234009","sellTxId":"da422d0107a14227ac082e9e67dd06b0037462d6"}
{"index": {"_index":"pob","_id":"1119920"}}
	{"id":1119920,"type":"sell","buyer":"gimme-your-coinz","seller":"nonsowrites","symbol":"POB","quantity":"10.09700705","price":"1.66999000","timestamp":1623013494,"volume":"16.86190080","buyTxId":"670ad4fb395e86b2dac8189d3910763522234009","sellTxId":"c48177beb892bf2f247b5805990b8cbb9e759846"}
{"index": {"_index":"pob","_id":"1119921"}}
	{"id":1119921,"type":"sell","buyer":"gimme-your-coinz","seller":"dkid14","symbol":"POB","quantity":"10.85638807","price":"1.66999000","timestamp":1623013524,"volume":"18.13005951","buyTxId":"670ad4fb395e86b2dac8189d3910763522234009","sellTxId":"7fd1fbfe8c2decd07700021ac3ef473ead860706"}
{"index": {"_index":"pob","_id":"1119923"}}
	{"id":1119923,"type":"buy","buyer":"gimme-your-coinz","seller":"dkid14","symbol":"POB","quantity":"33.00000000","price":"1.66999000","timestamp":1623013545,"volume":"55.10967000","buyTxId":"2b948195936d4890273bfb1875b47c13dc85fd89","sellTxId":"7fd1fbfe8c2decd07700021ac3ef473ead860706"}
{"index": {"_index":"pob","_id":"1119925"}}
	{"id":1119925,"type":"buy","buyer":"gimme-your-coinz","seller":"dkid14","symbol":"POB","quantity":"33.00000000","price":"1.66999000","timestamp":1623013575,"volume":"55.10967000","buyTxId":"2307ee222efdbb98499835b361fd7394052ffb7f","sellTxId":"7fd1fbfe8c2decd07700021ac3ef473ead860706"}
{"index": {"_index":"pob","_id":"1119927"}}
	{"id":1119927,"type":"buy","buyer":"gimme-your-coinz","seller":"dkid14","symbol":"POB","quantity":"33.00000000","price":"1.66999000","timestamp":1623013596,"volume":"55.10967000","buyTxId":"ada6e676af86b68cd4b57b31e008b98d32ca4d72","sellTxId":"7fd1fbfe8c2decd07700021ac3ef473ead860706"}
{"index": {"_index":"pob","_id":"1119928"}}
	{"id":1119928,"type":"buy","buyer":"gimme-your-coinz","seller":"dkid14","symbol":"POB","quantity":"33.00000000","price":"1.66999000","timestamp":1623013614,"volume":"55.10967000","buyTxId":"3c081dc0bfcd57d685759f67140edcb0b330128d","sellTxId":"7fd1fbfe8c2decd07700021ac3ef473ead860706"}
{"index": {"_index":"pob","_id":"1119929"}}
	{"id":1119929,"type":"buy","buyer":"gimme-your-coinz","seller":"dkid14","symbol":"POB","quantity":"33.00000000","price":"1.66999000","timestamp":1623013632,"volume":"55.10967000","buyTxId":"0ee117c10c4826912ed102b61a3af11c715cc19c","sellTxId":"7fd1fbfe8c2decd07700021ac3ef473ead860706"}
{"index": {"_index":"pob","_id":"1119930"}}
	{"id":1119930,"type":"buy","buyer":"gimme-your-coinz","seller":"dkid14","symbol":"POB","quantity":"0.25358328","price":"1.66999000","timestamp":1623013650,"volume":"0.42348154","buyTxId":"ea002abaeafb7eb351d1ff1863c444109941c01a","sellTxId":"7fd1fbfe8c2decd07700021ac3ef473ead860706"}
{"index": {"_index":"pob","_id":"1119931"}}
	{"id":1119931,"type":"sell","buyer":"gimme-your-coinz","seller":"ctime","symbol":"POB","quantity":"5.00000000","price":"1.66999000","timestamp":1623013656,"volume":"8.34995000","buyTxId":"ea002abaeafb7eb351d1ff1863c444109941c01a","sellTxId":"MM-P-7578599-54554113-3-22-0"}
{"index": {"_index":"pob","_id":"1119942"}}
	{"id":1119942,"type":"sell","buyer":"gimme-your-coinz","seller":"ctime","symbol":"POB","quantity":"5.00000000","price":"1.66999000","timestamp":1623013956,"volume":"8.34995000","buyTxId":"ea002abaeafb7eb351d1ff1863c444109941c01a","sellTxId":"MM-P-7578699-54554213-3-22-0"}
{"index": {"_index":"pob","_id":"1119943"}}
	{"id":1119943,"type":"sell","buyer":"gimme-your-coinz","seller":"coininstant","symbol":"POB","quantity":"3.54838977","price":"1.66999000","timestamp":1623013989,"volume":"5.92577543","buyTxId":"ea002abaeafb7eb351d1ff1863c444109941c01a","sellTxId":"530098410abd24133f4a2dcc3143ecc1d0ee3bfa"}
{"index": {"_index":"pob","_id":"1119969"}}
	{"id":1119969,"type":"sell","buyer":"gimme-your-coinz","seller":"stayten","symbol":"POB","quantity":"0.71750131","price":"1.66999000","timestamp":1623014202,"volume":"1.19822001","buyTxId":"ea002abaeafb7eb351d1ff1863c444109941c01a","sellTxId":"b60aeca273a874e95893f82141d042f170ede2fe"}
{"index": {"_index":"pob","_id":"1119971"}}
	{"id":1119971,"type":"sell","buyer":"gimme-your-coinz","seller":"ctime","symbol":"POB","quantity":"5.00000000","price":"1.66999000","timestamp":1623014256,"volume":"8.34995000","buyTxId":"ea002abaeafb7eb351d1ff1863c444109941c01a","sellTxId":"MM-P-7578798-54554313-3-22-0"}
{"index": {"_index":"pob","_id":"1119981"}}
	{"id":1119981,"type":"sell","buyer":"gimme-your-coinz","seller":"ctime","symbol":"POB","quantity":"5.00000000","price":"1.66999000","timestamp":1623014556,"volume":"8.34995000","buyTxId":"ea002abaeafb7eb351d1ff1863c444109941c01a","sellTxId":"MM-P-7578898-54554413-3-22-0"}
{"index": {"_index":"pob","_id":"1119983"}}
	{"id":1119983,"type":"sell","buyer":"gimme-your-coinz","seller":"ctime","symbol":"POB","quantity":"5.00000000","price":"1.66999000","timestamp":1623014856,"volume":"8.34995000","buyTxId":"ea002abaeafb7eb351d1ff1863c444109941c01a","sellTxId":"MM-P-7578998-54554513-3-22-0"}
{"index": {"_index":"pob","_id":"1120011"}}
	{"id":1120011,"type":"sell","buyer":"gimme-your-coinz","seller":"eve66","symbol":"POB","quantity":"2.22382864","price":"1.66999000","timestamp":1623015132,"volume":"3.71377159","buyTxId":"ea002abaeafb7eb351d1ff1863c444109941c01a","sellTxId":"079517d833f23cb44d1dff1c4810a17eccebd415"}
{"index": {"_index":"pob","_id":"1120012"}}
	{"id":1120012,"type":"sell","buyer":"gimme-your-coinz","seller":"ctime","symbol":"POB","quantity":"5.00000000","price":"1.66999001","timestamp":1623015156,"volume":"8.34995005","buyTxId":"7fb89f8276851a0ab6a61bb5f05cceaba2381050","sellTxId":"MM-P-7579098-54554613-3-22-0"}
{"index": {"_index":"pob","_id":"1120024"}}
	{"id":1120024,"type":"sell","buyer":"gimme-your-coinz","seller":"ahmetay","symbol":"POB","quantity":"0.00468100","price":"1.66999001","timestamp":1623015423,"volume":"0.00781722","buyTxId":"7fb89f8276851a0ab6a61bb5f05cceaba2381050","sellTxId":"20d78da5948c6866286f1bb2dc18292abff536d4"}
{"index": {"_index":"pob","_id":"1120025"}}
	{"id":1120025,"type":"sell","buyer":"gimme-your-coinz","seller":"ctime","symbol":"POB","quantity":"5.00000000","price":"1.66999001","timestamp":1623015456,"volume":"8.34995005","buyTxId":"7fb89f8276851a0ab6a61bb5f05cceaba2381050","sellTxId":"MM-P-7579198-54554713-3-22-0"}
{"index": {"_index":"pob","_id":"1120029"}}
	{"id":1120029,"type":"sell","buyer":"gimme-your-coinz","seller":"ctime","symbol":"POB","quantity":"5.00000000","price":"1.66999001","timestamp":1623015756,"volume":"8.34995005","buyTxId":"7fb89f8276851a0ab6a61bb5f05cceaba2381050","sellTxId":"MM-P-7579298-54554813-3-22-0"}
{"index": {"_index":"pob","_id":"1120030"}}
	{"id":1120030,"type":"sell","buyer":"gimme-your-coinz","seller":"pixelfan","symbol":"POB","quantity":"5.19514201","price":"1.66999001","timestamp":1623015846,"volume":"8.67583526","buyTxId":"7fb89f8276851a0ab6a61bb5f05cceaba2381050","sellTxId":"fd6ece8f8324273859402ab32d977faba8c7b48d"}
{"index": {"_index":"pob","_id":"1120034"}}
	{"id":1120034,"type":"sell","buyer":"gimme-your-coinz","seller":"kolbjorn","symbol":"POB","quantity":"12.80017699","price":"1.66999001","timestamp":1623015969,"volume":"21.37616770","buyTxId":"7fb89f8276851a0ab6a61bb5f05cceaba2381050","sellTxId":"2b8ba1a7cecc41f92ac3466cf44f73befebc38d1"}
{"index": {"_index":"pob","_id":"1120035"}}
	{"id":1120035,"type":"sell","buyer":"pandaparker","seller":"kolbjorn","symbol":"POB","quantity":"5.00000000","price":"1.66998999","timestamp":1623015969,"volume":"8.34994995","buyTxId":"891b30691b89cafbf88b216fedd0145976c805dc","sellTxId":"2b8ba1a7cecc41f92ac3466cf44f73befebc38d1"}
{"index": {"_index":"pob","_id":"1120036"}}
	{"id":1120036,"type":"sell","buyer":"freebornsociety","seller":"kolbjorn","symbol":"POB","quantity":"24.03122589","price":"1.66450102","timestamp":1623015969,"volume":"40.00000001","buyTxId":"MM-P-7578560-54554074-3-2-0","sellTxId":"2b8ba1a7cecc41f92ac3466cf44f73befebc38d1"}
{"index": {"_index":"pob","_id":"1120037"}}
	{"id":1120037,"type":"sell","buyer":"anadolu","seller":"kolbjorn","symbol":"POB","quantity":"8.16859712","price":"1.66450002","timestamp":1623015969,"volume":"13.59663007","buyTxId":"7e07cc979da6415e4b687b5b065242e14b6e9617","sellTxId":"2b8ba1a7cecc41f92ac3466cf44f73befebc38d1"}
{"index": {"_index":"pob","_id":"1120045"}}
	{"id":1120045,"type":"sell","buyer":"gimme-your-coinz","seller":"valor2s","symbol":"POB","quantity":"3.35292695","price":"1.66450104","timestamp":1623016275,"volume":"5.58095040","buyTxId":"fc275b2ba372f4ba7f6b075f361d2b60404662f3","sellTxId":"20278a0f2015add4061c5ddd0c98795648a84b1e"}
{"index": {"_index":"pob","_id":"1120046"}}
	{"id":1120046,"type":"sell","buyer":"gimme-your-coinz","seller":"andy4475","symbol":"POB","quantity":"0.04173229","price":"1.66450104","timestamp":1623016524,"volume":"0.06946344","buyTxId":"fc275b2ba372f4ba7f6b075f361d2b60404662f3","sellTxId":"8f4206cd9918db5fa98499376c880c7e230c4685"}
{"index": {"_index":"pob","_id":"1120052"}}
	{"id":1120052,"type":"sell","buyer":"gimme-your-coinz","seller":"urun","symbol":"POB","quantity":"2.26592062","price":"1.66450205","timestamp":1623016716,"volume":"3.77162952","buyTxId":"89d016ed8a896ce6b752ca4d88d7fabde69c95b1","sellTxId":"bbe8a6bea16681c110d4af6f47bc23a44ae9554a"}
{"index": {"_index":"pob","_id":"1120064"}}
	{"id":1120064,"type":"sell","buyer":"gimme-your-coinz","seller":"mightyrocklee","symbol":"POB","quantity":"4.88466370","price":"1.66450306","timestamp":1623017034,"volume":"8.13053768","buyTxId":"6ad1ced6b25137e5eee5cdd588fdd4d8465815f8","sellTxId":"4ef9ba357942b856ab2b5b13d926523ee6effa21"}
{"index": {"_index":"pob","_id":"1120087"}}
	{"id":1120087,"type":"sell","buyer":"gimme-your-coinz","seller":"tarazkp","symbol":"POB","quantity":"15.09517582","price":"1.66450508","timestamp":1623017646,"volume":"25.12599684","buyTxId":"dd07310548765f4944b389ebfceec41d31c002e7","sellTxId":"db0e2ab3166f861d28a8885fa3dd576a1756032f"}
{"index": {"_index":"pob","_id":"1120124"}}
	{"id":1120124,"type":"sell","buyer":"gimme-your-coinz","seller":"maylenasland","symbol":"POB","quantity":"2.57865868","price":"1.66451013","timestamp":1623019218,"volume":"4.29220349","buyTxId":"b23d6d9c290365ac737ea2e43f6e2ab0e20ebd18","sellTxId":"278b9c6326e5116b518fab8a20ed34644711ba31"}
{"index": {"_index":"pob","_id":"1120148"}}
	{"id":1120148,"type":"sell","buyer":"freebornsociety","seller":"thomashnblum","symbol":"POB","quantity":"24.03102160","price":"1.66451517","timestamp":1623020451,"volume":"40.00000000","buyTxId":"MM-P-7580848-54556373-3-2-0","sellTxId":"aa33a0e2fbacca84c80f069dd9eb04e811c4c456"}
{"index": {"_index":"pob","_id":"1120149"}}
	{"id":1120149,"type":"sell","buyer":"gimme-your-coinz","seller":"thomashnblum","symbol":"POB","quantity":"7.26905719","price":"1.66451417","timestamp":1623020451,"volume":"12.09944870","buyTxId":"3acd8a128f2b55279067d444ded9ee5f4ac2410a","sellTxId":"aa33a0e2fbacca84c80f069dd9eb04e811c4c456"}
{"index": {"_index":"pob","_id":"1120159"}}
	{"id":1120159,"type":"sell","buyer":"gimme-your-coinz","seller":"crismanto","symbol":"POB","quantity":"1.16220843","price":"1.66451518","timestamp":1623021627,"volume":"1.93451357","buyTxId":"3c1944fedc39919bf1b8c2f96e66d581a9af8b87","sellTxId":"69c28783bf843f512ec28138ce24251f8cf725fc"}
{"index": {"_index":"pob","_id":"1120176"}}
	{"id":1120176,"type":"sell","buyer":"gimme-your-coinz","seller":"cliffagreen","symbol":"POB","quantity":"0.12268413","price":"1.66451518","timestamp":1623023343,"volume":"0.20420960","buyTxId":"3c1944fedc39919bf1b8c2f96e66d581a9af8b87","sellTxId":"6d38c83ac4a22905488cc01c6192706fd08405cb"}
{"index": {"_index":"pob","_id":"1120184"}}
	{"id":1120184,"type":"sell","buyer":"gimme-your-coinz","seller":"meesterbrain","symbol":"POB","quantity":"6.21611127","price":"1.66451518","timestamp":1623023760,"volume":"10.34681157","buyTxId":"3c1944fedc39919bf1b8c2f96e66d581a9af8b87","sellTxId":"8da8bdb6dd5cbbb081f595b4ea0db58b2561d90a"}
{"index": {"_index":"pob","_id":"1120206"}}
	{"id":1120206,"type":"buy","buyer":"ezrider","seller":"ctime","symbol":"POB","quantity":"5.00000000","price":"1.66997800","timestamp":1623025245,"volume":"8.34989000","buyTxId":"a78de96ff97d10fc2a7fd4a1ff4c360e98cf9a42","sellTxId":"MM-P-7580390-54555913-3-22-0"}
{"index": {"_index":"pob","_id":"1120207"}}
	{"id":1120207,"type":"buy","buyer":"ezrider","seller":"freebornsociety","symbol":"POB","quantity":"35.00000000","price":"1.66998000","timestamp":1623025245,"volume":"58.44930000","buyTxId":"a78de96ff97d10fc2a7fd4a1ff4c360e98cf9a42","sellTxId":"MM-P-7582435-54557971-3-2-1"}
{"index": {"_index":"pob","_id":"1120208"}}
	{"id":1120208,"type":"buy","buyer":"ezrider","seller":"skylinebuds","symbol":"POB","quantity":"10.31102850","price":"1.67000000","timestamp":1623025245,"volume":"17.21941760","buyTxId":"a78de96ff97d10fc2a7fd4a1ff4c360e98cf9a42","sellTxId":"4a3f1bf1c54ce1b24217cd73acda9ccd01d306c5"}
{"index": {"_index":"pob","_id":"1120209"}}
	{"id":1120209,"type":"buy","buyer":"ezrider","seller":"solovey6o2","symbol":"POB","quantity":"174.93250889","price":"1.67419999","timestamp":1623025245,"volume":"292.87200463","buyTxId":"a78de96ff97d10fc2a7fd4a1ff4c360e98cf9a42","sellTxId":"58e207ee1454eb752eb1f9e53df3fab94598176a"}
{"index": {"_index":"pob","_id":"1120210"}}
	{"id":1120210,"type":"buy","buyer":"ezrider","seller":"happyfrog420-new","symbol":"POB","quantity":"23.42314832","price":"1.67420000","timestamp":1623025245,"volume":"39.21503492","buyTxId":"a78de96ff97d10fc2a7fd4a1ff4c360e98cf9a42","sellTxId":"fe2c5cbf793a95cb66804f3988f8a728fd0982e3"}
{"index": {"_index":"pob","_id":"1120211"}}
	{"id":1120211,"type":"buy","buyer":"ezrider","seller":"nickyhavey","symbol":"POB","quantity":"29.33331429","price":"1.67500000","timestamp":1623025245,"volume":"49.13330144","buyTxId":"a78de96ff97d10fc2a7fd4a1ff4c360e98cf9a42","sellTxId":"0eda00a09105ab552c0a9fd52a106502f5915205"}
{"index": {"_index":"pob","_id":"1120228"}}
	{"id":1120228,"type":"sell","buyer":"gimme-your-coinz","seller":"gubbatv","symbol":"POB","quantity":"1.78048442","price":"1.66451821","timestamp":1623026118,"volume":"2.96364874","buyTxId":"224a825e2820c3c07bd6ed12c6f6017fc4c5854c","sellTxId":"96e79d5aa8b7569bc8029f74b2f5fffd146e4802"}
{"index": {"_index":"pob","_id":"1120229"}}
	{"id":1120229,"type":"sell","buyer":"gimme-your-coinz","seller":"master-lamps","symbol":"POB","quantity":"0.55845776","price":"1.66451922","timestamp":1623026295,"volume":"0.92956368","buyTxId":"d4edfb36da7bed6cea822f18147a0bcd15d80f80","sellTxId":"2b450757c66421d3e2aca8b7617d3b815a3ad64c"}
{"index": {"_index":"pob","_id":"1120233"}}
	{"id":1120233,"type":"sell","buyer":"gimme-your-coinz","seller":"hallmann","symbol":"POB","quantity":"13.05381476","price":"1.66452225","timestamp":1623027171,"volume":"21.72836512","buyTxId":"09332643717a92a8cdfc6a5130a44331fd364d16","sellTxId":"b41b15b41118f987737f298f2182d257bc68edb8"}
{"index": {"_index":"pob","_id":"1120236"}}
	{"id":1120236,"type":"sell","buyer":"gimme-your-coinz","seller":"flexyg","symbol":"POB","quantity":"31.15378","price":"1.66452429","timestamp":1623027675,"volume":"51.85622354","buyTxId":"43dfd7144d976d99b72f48c50e49586dae5fa2dc","sellTxId":"56aae4359eae52f8139560cd1b6b7ece143eb6d1"}
{"index": {"_index":"pob","_id":"1120241"}}
	{"id":1120241,"type":"sell","buyer":"gimme-your-coinz","seller":"nuthman","symbol":"POB","quantity":"0.59024765","price":"1.66452433","timestamp":1623027777,"volume":"0.98248157","buyTxId":"d2d3664e5baddddfd9565a659868c8af92dcfcff","sellTxId":"5e9347997cd4b65729b0258c0d8db46f2f64f2c9"}
{"index": {"_index":"pob","_id":"1120245"}}
	{"id":1120245,"type":"sell","buyer":"gimme-your-coinz","seller":"corporateay","symbol":"POB","quantity":"33.00000000","price":"1.66452536","timestamp":1623027987,"volume":"54.92933688","buyTxId":"bf7a84ec58904a4f003275e611b81c987ece8526","sellTxId":"5eddf2428311e9f61b711eda458bd6071a379b13"}
{"index": {"_index":"pob","_id":"1120246"}}
	{"id":1120246,"type":"sell","buyer":"freebornsociety","seller":"corporateay","symbol":"POB","quantity":"24.03087463","price":"1.66452535","timestamp":1623027987,"volume":"40.00000000","buyTxId":"MM-P-7583318-54558870-3-2-0","sellTxId":"5eddf2428311e9f61b711eda458bd6071a379b13"}
{"index": {"_index":"pob","_id":"1120247"}}
	{"id":1120247,"type":"sell","buyer":"gimme-your-coinz","seller":"corporateay","symbol":"POB","quantity":"33.00000000","price":"1.66452435","timestamp":1623027987,"volume":"54.92930355","buyTxId":"7608a20aacd96ffe86e0f1b2f5f8dec2de6f6e1f","sellTxId":"5eddf2428311e9f61b711eda458bd6071a379b13"}
{"index": {"_index":"pob","_id":"1120248"}}
	{"id":1120248,"type":"sell","buyer":"anadolu","seller":"corporateay","symbol":"POB","quantity":"18.43480130","price":"1.66450002","timestamp":1623027987,"volume":"30.68472713","buyTxId":"7e07cc979da6415e4b687b5b065242e14b6e9617","sellTxId":"5eddf2428311e9f61b711eda458bd6071a379b13"}
{"index": {"_index":"pob","_id":"1120253"}}
	{"id":1120253,"type":"sell","buyer":"gimme-your-coinz","seller":"savagetobi","symbol":"POB","quantity":"19.64447999","price":"1.66452640","timestamp":1623028266,"volume":"32.69875556","buyTxId":"ef51e3559d8118da2a99e7577be40e85c08bfb30","sellTxId":"7c34ec454ee673f1a82e377eb0d4679e3d53b34d"}
{"index": {"_index":"pob","_id":"1120260"}}
	{"id":1120260,"type":"sell","buyer":"freebornsociety","seller":"coffeelovers","symbol":"POB","quantity":"24.03082987","price":"1.66452845","timestamp":1623028839,"volume":"40.00000000","buyTxId":"MM-P-7583616-54559170-3-2-0","sellTxId":"75dc558faa0d6059d9363d95d033cfd0016387ed"}
{"index": {"_index":"pob","_id":"1120261"}}
	{"id":1120261,"type":"sell","buyer":"gimme-your-coinz","seller":"coffeelovers","symbol":"POB","quantity":"33.00000000","price":"1.66452745","timestamp":1623028839,"volume":"54.92940585","buyTxId":"0fb260c340738c0872e5bc24d893ea5d996d7bad","sellTxId":"75dc558faa0d6059d9363d95d033cfd0016387ed"}
{"index": {"_index":"pob","_id":"1120264"}}
	{"id":1120264,"type":"buy","buyer":"gimme-your-coinz","seller":"coffeelovers","symbol":"POB","quantity":"11.23381616","price":"1.66452745","timestamp":1623028851,"volume":"18.69899537","buyTxId":"ffd3f88103baff14957329ceb955c097b3dc11ae","sellTxId":"75dc558faa0d6059d9363d95d033cfd0016387ed"}
{"index": {"_index":"pob","_id":"1120302"}}
	{"id":1120302,"type":"sell","buyer":"gimme-your-coinz","seller":"sondershausen","symbol":"POB","quantity":"0.25000000","price":"1.66453052","timestamp":1623029907,"volume":"0.41613263","buyTxId":"7c3fb6ed64d664b469a69897e604f8f6c7ffc115","sellTxId":"b87ed3275a1954e9263fdb4669b69443d0e00c11"}
{"index": {"_index":"pob","_id":"1120304"}}
	{"id":1120304,"type":"sell","buyer":"freebornsociety","seller":"he-index","symbol":"POB","quantity":"0.03000000","price":"1.66453152","timestamp":1623030069,"volume":"0.04993595","buyTxId":"MM-P-7584007-54559570-3-2-0","sellTxId":"18404cf60889c63baff1be21a603db7baae631b1"}
{"index": {"_index":"pob","_id":"1120318"}}
	{"id":1120318,"type":"sell","buyer":"gimme-your-coinz","seller":"thegoliath","symbol":"POB","quantity":"33.00000000","price":"1.66453357","timestamp":1623030810,"volume":"54.92960781","buyTxId":"ed590bd65a118c7d01bef71e6545669cc75343a0","sellTxId":"91657cd9bcf655ce492b63be025480a4431ba4bf"}
{"index": {"_index":"pob","_id":"1120319"}}
	{"id":1120319,"type":"sell","buyer":"solovey6o2","seller":"thegoliath","symbol":"POB","quantity":"179.32551641","price":"1.66453357","timestamp":1623030810,"volume":"298.49334202","buyTxId":"195b9749d2053f82571f335c70a65df11c14a700","sellTxId":"91657cd9bcf655ce492b63be025480a4431ba4bf"}
{"index": {"_index":"pob","_id":"1120320"}}
	{"id":1120320,"type":"sell","buyer":"freebornsociety","seller":"thegoliath","symbol":"POB","quantity":"24.03075610","price":"1.66453356","timestamp":1623030810,"volume":"40.00000000","buyTxId":"MM-P-7584206-54559770-3-2-0","sellTxId":"91657cd9bcf655ce492b63be025480a4431ba4bf"}
{"index": {"_index":"pob","_id":"1120321"}}
	{"id":1120321,"type":"sell","buyer":"anadolu","seller":"thegoliath","symbol":"POB","quantity":"13.45842633","price":"1.66450002","timestamp":1623030810,"volume":"22.40155090","buyTxId":"7e07cc979da6415e4b687b5b065242e14b6e9617","sellTxId":"91657cd9bcf655ce492b63be025480a4431ba4bf"}
{"index": {"_index":"pob","_id":"1120322"}}
	{"id":1120322,"type":"sell","buyer":"anadolu","seller":"thegoliath","symbol":"POB","quantity":"20.00000000","price":"1.66400000","timestamp":1623030810,"volume":"33.28000000","buyTxId":"29931f693703bc51bb17797863cfa3d1d228577f","sellTxId":"91657cd9bcf655ce492b63be025480a4431ba4bf"}
{"index": {"_index":"pob","_id":"1120323"}}
	{"id":1120323,"type":"sell","buyer":"dwayne16","seller":"thegoliath","symbol":"POB","quantity":"4.50356919","price":"1.66390000","timestamp":1623030810,"volume":"7.49348878","buyTxId":"ad7b704486f787e2a69628a8ddab9925d7fc8285","sellTxId":"91657cd9bcf655ce492b63be025480a4431ba4bf"}
{"index": {"_index":"pob","_id":"1120330"}}
	{"id":1120330,"type":"sell","buyer":"gimme-your-coinz","seller":"felipejoys","symbol":"POB","quantity":"10.00000000","price":"1.66390001","timestamp":1623030897,"volume":"16.63900010","buyTxId":"465beb5faddf543b54dd300584297d902b69eaba","sellTxId":"e95e4da33febbb5f22982411686c50ee32281461"}
{"index": {"_index":"pob","_id":"1120355"}}
	{"id":1120355,"type":"sell","buyer":"gimme-your-coinz","seller":"zullyscott","symbol":"POB","quantity":"5.085","price":"1.66390607","timestamp":1623032691,"volume":"8.46096237","buyTxId":"fbe6397c54dcdedbf1ebec195a9d24a26718ad6e","sellTxId":"8e8f9dd44c0ec5b2b7ce4b18cc9bf405c2277c21"}
{"index": {"_index":"pob","_id":"1120357"}}
	{"id":1120357,"type":"sell","buyer":"gimme-your-coinz","seller":"dajohns1420","symbol":"POB","quantity":"30.00000000","price":"1.66390708","timestamp":1623032796,"volume":"49.91721240","buyTxId":"7c35c37e7e5a7f85cee246ffef90ebfe66776094","sellTxId":"43c860abe17ab5726eda6be2077d94d100728d1c"}
{"index": {"_index":"pob","_id":"1120362"}}
	{"id":1120362,"type":"sell","buyer":"gimme-your-coinz","seller":"thatcryptodave","symbol":"POB","quantity":"0.50100000","price":"1.66390809","timestamp":1623033150,"volume":"0.83361795","buyTxId":"d32ddbe47daa27e60c1aa9f2a712e361dd9e4f61","sellTxId":"e6355038b5e753992ece3644d8308a7ab4d143f3"}
{"index": {"_index":"pob","_id":"1120369"}}
	{"id":1120369,"type":"sell","buyer":"gimme-your-coinz","seller":"filoriologo","symbol":"POB","quantity":"1.59876756","price":"1.66391011","timestamp":1623033840,"volume":"2.66020551","buyTxId":"fcc42d7e15479916338dc7864587eef18bb33f6c","sellTxId":"afe20be5fceecfbf9918b3da47afdf73c3bc9c52"}
{"index": {"_index":"pob","_id":"1120371"}}
	{"id":1120371,"type":"sell","buyer":"gimme-your-coinz","seller":"bashadow","symbol":"POB","quantity":"2.57701864","price":"1.66391011","timestamp":1623033879,"volume":"4.28792737","buyTxId":"fcc42d7e15479916338dc7864587eef18bb33f6c","sellTxId":"20f5312322a823c2618ba4cd2f74f9ec351a5828"}
