{"index": {"_index":"pob","_id":"3849211"}}
	{"id":3849211,"type":"sell","buyer":"maarnio","seller":"ugochill","symbol":"POB","quantity":"0.29757688","price":"0.01131001","timestamp":1657068042,"volume":"0.00336560","buyTxId":"5332c5c247527c67e0e2eb7c1de9a3c1b83d9266","sellTxId":"2aae535afe7c211b030f3963640b51f7c8f30da2"}
{"index": {"_index":"pob","_id":"3849554"}}
	{"id":3849554,"type":"sell","buyer":"maarnio","seller":"rzc24-nftbbg","symbol":"POB","quantity":"99.38713340","price":"0.01131001","timestamp":1657072986,"volume":"1.12406947","buyTxId":"5332c5c247527c67e0e2eb7c1de9a3c1b83d9266","sellTxId":"27f357adf1278640d36dd6bf689e45779d2d19bc"}
{"index": {"_index":"pob","_id":"3849793"}}
	{"id":3849793,"type":"sell","buyer":"maarnio","seller":"bacon-dub","symbol":"POB","quantity":"11.30527938","price":"0.01131001","timestamp":1657075725,"volume":"0.12786282","buyTxId":"5332c5c247527c67e0e2eb7c1de9a3c1b83d9266","sellTxId":"facd9670e429954653cf86701137f2b4c4672aac"}
{"index": {"_index":"pob","_id":"3850546"}}
	{"id":3850546,"type":"sell","buyer":"maarnio","seller":"osomar357","symbol":"POB","quantity":"45.70705645","price":"0.01131001","timestamp":1657087941,"volume":"0.51694727","buyTxId":"5332c5c247527c67e0e2eb7c1de9a3c1b83d9266","sellTxId":"7096f548434a24f76c73e067454fa2f0e68f25e5"}
{"index": {"_index":"pob","_id":"3850554"}}
	{"id":3850554,"type":"sell","buyer":"maarnio","seller":"shebe","symbol":"POB","quantity":"3","price":"0.01131001","timestamp":1657087989,"volume":"0.03393003","buyTxId":"5332c5c247527c67e0e2eb7c1de9a3c1b83d9266","sellTxId":"6f62368d55d92566adfa33165c5ea96ddf76e821"}
{"index": {"_index":"pob","_id":"3850662"}}
	{"id":3850662,"type":"sell","buyer":"maarnio","seller":"besheda","symbol":"POB","quantity":"10","price":"0.01131001","timestamp":1657089699,"volume":"0.11310010","buyTxId":"5332c5c247527c67e0e2eb7c1de9a3c1b83d9266","sellTxId":"33fbc5a2e5458bc918ed3b2d0876c087e22350d5"}
{"index": {"_index":"pob","_id":"3851139"}}
	{"id":3851139,"type":"sell","buyer":"maarnio","seller":"zirochka","symbol":"POB","quantity":"15.24474208","price":"0.01131001","timestamp":1657097058,"volume":"0.17241819","buyTxId":"5332c5c247527c67e0e2eb7c1de9a3c1b83d9266","sellTxId":"468aebabbc75ebbbe15e7d2597bf92803529c95b"}
{"index": {"_index":"pob","_id":"3851177"}}
	{"id":3851177,"type":"sell","buyer":"maarnio","seller":"lightcaptured","symbol":"POB","quantity":"12.09453534","price":"0.01131001","timestamp":1657097607,"volume":"0.13678932","buyTxId":"5332c5c247527c67e0e2eb7c1de9a3c1b83d9266","sellTxId":"574d4a355feab49b9442fc8a5652a1168f9bfa79"}
{"index": {"_index":"pob","_id":"3851244"}}
	{"id":3851244,"type":"buy","buyer":"pjansen","seller":"master-lamps","symbol":"POB","quantity":"4.27952335","price":"0.01169997","timestamp":1657098552,"volume":"0.05007029","buyTxId":"57826d5b689d13e260b7f91f4227123f0c75a749-0","sellTxId":"fbfb29d081f4dabf14de7084e443657259ba84b3"}
{"index": {"_index":"pob","_id":"3851245"}}
	{"id":3851245,"type":"buy","buyer":"pjansen","seller":"coininstant","symbol":"POB","quantity":"8.51268823","price":"0.01169997","timestamp":1657098552,"volume":"0.09959820","buyTxId":"57826d5b689d13e260b7f91f4227123f0c75a749-0","sellTxId":"62bb3009a1056840661487ed02bba677170936ca"}
{"index": {"_index":"pob","_id":"3851246"}}
	{"id":3851246,"type":"buy","buyer":"pjansen","seller":"droida","symbol":"POB","quantity":"3.29369969","price":"0.01169998","timestamp":1657098552,"volume":"0.03853622","buyTxId":"57826d5b689d13e260b7f91f4227123f0c75a749-0","sellTxId":"f631f9805927e47e4ecce80bf7f9cf531fe7b2ec"}
{"index": {"_index":"pob","_id":"3851247"}}
	{"id":3851247,"type":"buy","buyer":"pjansen","seller":"quicktrades","symbol":"POB","quantity":"8.34363457","price":"0.01169999","timestamp":1657098552,"volume":"0.09762044","buyTxId":"57826d5b689d13e260b7f91f4227123f0c75a749-0","sellTxId":"485760844db09bdcb0761c3c6a03f982a5c1f169"}
{"index": {"_index":"pob","_id":"3851248"}}
	{"id":3851248,"type":"buy","buyer":"pjansen","seller":"richardcrill","symbol":"POB","quantity":"211.40822737","price":"0.01170000","timestamp":1657098552,"volume":"2.47347626","buyTxId":"57826d5b689d13e260b7f91f4227123f0c75a749-0","sellTxId":"MM-P-18836031-65828611-3-12-0"}
{"index": {"_index":"pob","_id":"3851249"}}
	{"id":3851249,"type":"buy","buyer":"pjansen","seller":"helios.voter","symbol":"POB","quantity":"16.38219736","price":"0.01180000","timestamp":1657098552,"volume":"0.19330993","buyTxId":"57826d5b689d13e260b7f91f4227123f0c75a749-0","sellTxId":"56807a29fba5d434fcf1c0cc061bc781f97863ed"}
{"index": {"_index":"pob","_id":"3851250"}}
	{"id":3851250,"type":"buy","buyer":"pjansen","seller":"amigareaction","symbol":"POB","quantity":"0.86217724","price":"0.01180000","timestamp":1657098552,"volume":"0.01017369","buyTxId":"57826d5b689d13e260b7f91f4227123f0c75a749-0","sellTxId":"2526354085de9b02ecdc89460519fd6c5bb36451"}
{"index": {"_index":"pob","_id":"3851251"}}
	{"id":3851251,"type":"buy","buyer":"pjansen","seller":"sunset.curator","symbol":"POB","quantity":"0.95031679","price":"0.01180000","timestamp":1657098552,"volume":"0.01121374","buyTxId":"57826d5b689d13e260b7f91f4227123f0c75a749-0","sellTxId":"d3909c23bbc839df553b7e7bdeaceca3f1902d22"}
{"index": {"_index":"pob","_id":"3851252"}}
	{"id":3851252,"type":"buy","buyer":"pjansen","seller":"pob.curator","symbol":"POB","quantity":"48.28823983","price":"0.01180000","timestamp":1657098552,"volume":"0.56980123","buyTxId":"57826d5b689d13e260b7f91f4227123f0c75a749-0","sellTxId":"25e40fff664338924b1e362d76ef0ec9e0f97884"}
{"index": {"_index":"pob","_id":"3851330"}}
	{"id":3851330,"type":"sell","buyer":"maarnio","seller":"astrocreator","symbol":"POB","quantity":"20.02864562","price":"0.01131001","timestamp":1657099896,"volume":"0.22652418","buyTxId":"5332c5c247527c67e0e2eb7c1de9a3c1b83d9266","sellTxId":"a0206663bc02b9ae9ea068653510379dd82ac593"}
{"index": {"_index":"pob","_id":"3851331"}}
	{"id":3851331,"type":"sell","buyer":"he-index","seller":"astrocreator","symbol":"POB","quantity":"4.33200000","price":"0.01131001","timestamp":1657099896,"volume":"0.04899496","buyTxId":"c97b5b64d7965da0a3a544e84f123a4d698942f6","sellTxId":"a0206663bc02b9ae9ea068653510379dd82ac593"}
{"index": {"_index":"pob","_id":"3851332"}}
	{"id":3851332,"type":"sell","buyer":"maarnio","seller":"astrocreator","symbol":"POB","quantity":"244.00000000","price":"0.01131001","timestamp":1657099896,"volume":"2.75964244","buyTxId":"7901d7923e07bb65626b325901b931189a68fd70","sellTxId":"a0206663bc02b9ae9ea068653510379dd82ac593"}
{"index": {"_index":"pob","_id":"3851333"}}
	{"id":3851333,"type":"sell","buyer":"maarnio","seller":"astrocreator","symbol":"POB","quantity":"16.04657869","price":"0.01131000","timestamp":1657099896,"volume":"0.18148680","buyTxId":"82c9ea46ae46b629fcf30e26f703341fd9df99a9","sellTxId":"a0206663bc02b9ae9ea068653510379dd82ac593"}
{"index": {"_index":"pob","_id":"3851334"}}
	{"id":3851334,"type":"sell","buyer":"tabs1250","seller":"astrocreator","symbol":"POB","quantity":"279.91016452","price":"0.01111111","timestamp":1657099896,"volume":"3.11011263","buyTxId":"c8bee2357e12a63c1661c3b9059cc438b62721bf","sellTxId":"a0206663bc02b9ae9ea068653510379dd82ac593"}
{"index": {"_index":"pob","_id":"3851484"}}
	{"id":3851484,"type":"buy","buyer":"chesatochi","seller":"pob.curator","symbol":"POB","quantity":"0.00549250","price":"0.01180000","timestamp":1657102983,"volume":"0.00006481","buyTxId":"ec493f1ff59459dd6a919ad324adffb19114f585","sellTxId":"25e40fff664338924b1e362d76ef0ec9e0f97884"}
{"index": {"_index":"pob","_id":"3851485"}}
	{"id":3851485,"type":"buy","buyer":"chesatochi","seller":"richardcrill","symbol":"POB","quantity":"2.52330975","price":"0.01230000","timestamp":1657102983,"volume":"0.03103671","buyTxId":"ec493f1ff59459dd6a919ad324adffb19114f585","sellTxId":"MM-P-18894115-65886829-3-12-0"}
{"index": {"_index":"pob","_id":"3851532"}}
	{"id":3851532,"type":"buy","buyer":"ugochill","seller":"richardcrill","symbol":"POB","quantity":"5.00000000","price":"0.01230000","timestamp":1657104093,"volume":"0.06150000","buyTxId":"6779443b1b760612e089459ee418d4ebfd62175b","sellTxId":"MM-P-18894115-65886829-3-12-0"}
{"index": {"_index":"pob","_id":"3851660"}}
	{"id":3851660,"type":"buy","buyer":"pjansen","seller":"richardcrill","symbol":"POB","quantity":"105.24793388","price":"0.01210000","timestamp":1657105956,"volume":"1.2735","buyTxId":"6a7f363c7eb41f662e16cc2dc99d40823135c32a-0","sellTxId":"MM-P-18895812-65888527-3-12-0"}
{"index": {"_index":"pob","_id":"3851691"}}
	{"id":3851691,"type":"buy","buyer":"pjansen","seller":"richardcrill","symbol":"POB","quantity":"105.42148760","price":"0.01210000","timestamp":1657106448,"volume":"1.2756","buyTxId":"7b8244da90066123252a2d079cbb6ddb927c8d4d-0","sellTxId":"MM-P-18895812-65888527-3-12-0"}
{"index": {"_index":"pob","_id":"3851716"}}
	{"id":3851716,"type":"buy","buyer":"pjansen","seller":"richardcrill","symbol":"POB","quantity":"55.78512396","price":"0.01210000","timestamp":1657106964,"volume":"0.6750","buyTxId":"0bb155a364a58e9c3136c4a1b3e534f810f1cc5b-0","sellTxId":"MM-P-18895812-65888527-3-12-0"}
{"index": {"_index":"pob","_id":"3851891"}}
	{"id":3851891,"type":"buy","buyer":"pjansen","seller":"onlydoge","symbol":"POB","quantity":"122.65833333","price":"0.01200000","timestamp":1657110174,"volume":"1.4719","buyTxId":"228096df7dc6f1bc9237b99d00d0634d653a96b2-0","sellTxId":"6270e1d050e67437aa0b48487c12f9921c53477e"}
{"index": {"_index":"pob","_id":"3851928"}}
	{"id":3851928,"type":"buy","buyer":"pjansen","seller":"richardcrill","symbol":"POB","quantity":"119.21008403","price":"0.01190000","timestamp":1657110651,"volume":"1.4186","buyTxId":"0b527b495abe85c8307f9888809ece3515befff6-0","sellTxId":"MM-P-18897307-65890023-3-12-0"}
{"index": {"_index":"pob","_id":"3851956"}}
	{"id":3851956,"type":"sell","buyer":"master-lamps","seller":"neiraurdaneta","symbol":"POB","quantity":"1.79475491","price":"0.01131001","timestamp":1657110966,"volume":"0.02029870","buyTxId":"45bbec58abccd3ea0b3faa89d209aa9d65b9074d","sellTxId":"a91fb87ccb4ee10c2dfea1970c29cdc2afb6e19e"}
{"index": {"_index":"pob","_id":"3851979"}}
	{"id":3851979,"type":"buy","buyer":"pjansen","seller":"richardcrill","symbol":"POB","quantity":"107.76470588","price":"0.01190000","timestamp":1657111191,"volume":"1.2824","buyTxId":"3707459d29e7c5c9541bc246e15839b397b06829-0","sellTxId":"MM-P-18897307-65890023-3-12-0"}
{"index": {"_index":"pob","_id":"3852016"}}
	{"id":3852016,"type":"buy","buyer":"pjansen","seller":"master-lamps","symbol":"POB","quantity":"1.79475491","price":"0.01189999","timestamp":1657111755,"volume":"0.02135757","buyTxId":"c0c0e2ce1d1cca5853b2f5533c59649a012d3d04-0","sellTxId":"0f60cc63a5d5538c1a385e38a723912b9e8806f6"}
{"index": {"_index":"pob","_id":"3852017"}}
	{"id":3852017,"type":"buy","buyer":"pjansen","seller":"richardcrill","symbol":"POB","quantity":"55.47415378","price":"0.01190000","timestamp":1657111755,"volume":"0.66014243","buyTxId":"c0c0e2ce1d1cca5853b2f5533c59649a012d3d04-0","sellTxId":"MM-P-18897307-65890023-3-12-0"}
{"index": {"_index":"pob","_id":"3852022"}}
	{"id":3852022,"type":"sell","buyer":"master-lamps","seller":"phortun","symbol":"POB","quantity":"2.63232294","price":"0.01131001","timestamp":1657111812,"volume":"0.02977159","buyTxId":"45bbec58abccd3ea0b3faa89d209aa9d65b9074d","sellTxId":"b50b379b8baa86bbb27790c546dc9ba572e50530"}
{"index": {"_index":"pob","_id":"3852023"}}
	{"id":3852023,"type":"sell","buyer":"maarnio","seller":"phortun","symbol":"POB","quantity":"2.19323364","price":"0.01131000","timestamp":1657111812,"volume":"0.02480547","buyTxId":"2e02ead449cc10e8c047cc63edeea760d6acdad2","sellTxId":"b50b379b8baa86bbb27790c546dc9ba572e50530"}
{"index": {"_index":"pob","_id":"3852060"}}
	{"id":3852060,"type":"buy","buyer":"pjansen","seller":"master-lamps","symbol":"POB","quantity":"2.63232294","price":"0.01189999","timestamp":1657112292,"volume":"0.03132462","buyTxId":"f7e601ef05457898d4b16e473f7d4b360c83763f-0","sellTxId":"1f192aa3c7fbd614638183d42993b0f627d6e585"}
{"index": {"_index":"pob","_id":"3852061"}}
	{"id":3852061,"type":"buy","buyer":"pjansen","seller":"richardcrill","symbol":"POB","quantity":"153.52734285","price":"0.01190000","timestamp":1657112292,"volume":"1.82697538","buyTxId":"f7e601ef05457898d4b16e473f7d4b360c83763f-0","sellTxId":"MM-P-18897307-65890023-3-12-0"}
{"index": {"_index":"pob","_id":"3852115"}}
	{"id":3852115,"type":"sell","buyer":"master-lamps","seller":"toofasteddie","symbol":"POB","quantity":"1.88837724","price":"0.01131001","timestamp":1657112394,"volume":"0.02135757","buyTxId":"348ccf59c22338746c3973393c0e060b2f080c49","sellTxId":"0a13a5640caef89a550c42d369541431b3d80388"}
{"index": {"_index":"pob","_id":"3852116"}}
	{"id":3852116,"type":"sell","buyer":"maarnio","seller":"toofasteddie","symbol":"POB","quantity":"76.11051035","price":"0.01131000","timestamp":1657112394,"volume":"0.86080987","buyTxId":"2e02ead449cc10e8c047cc63edeea760d6acdad2","sellTxId":"0a13a5640caef89a550c42d369541431b3d80388"}
{"index": {"_index":"pob","_id":"3852146"}}
	{"id":3852146,"type":"buy","buyer":"pjansen","seller":"richardcrill","symbol":"POB","quantity":"222.06722689","price":"0.01190000","timestamp":1657112832,"volume":"2.6426","buyTxId":"a17ecd684902cee0116f21cd704953035fa1ecdb-0","sellTxId":"MM-P-18897307-65890023-3-12-0"}
{"index": {"_index":"pob","_id":"3852204"}}
	{"id":3852204,"type":"buy","buyer":"pjansen","seller":"richardcrill","symbol":"POB","quantity":"118.35294117","price":"0.01190000","timestamp":1657113318,"volume":"1.4084","buyTxId":"4327b0a1342f1b9a84f49ebe84291a8ca7fa7b8f-0","sellTxId":"MM-P-18897307-65890023-3-12-0"}
{"index": {"_index":"pob","_id":"3852394"}}
	{"id":3852394,"type":"sell","buyer":"maarnio","seller":"trumpman","symbol":"POB","quantity":"28.69815975","price":"0.01131000","timestamp":1657115973,"volume":"0.32457619","buyTxId":"2e02ead449cc10e8c047cc63edeea760d6acdad2","sellTxId":"5b8044effa45f433d46e62dd59faa0610d262129"}
{"index": {"_index":"pob","_id":"3852471"}}
	{"id":3852471,"type":"sell","buyer":"maarnio","seller":"ugochill","symbol":"POB","quantity":"0.06059842","price":"0.01131000","timestamp":1657117098,"volume":"0.00068537","buyTxId":"2e02ead449cc10e8c047cc63edeea760d6acdad2","sellTxId":"0980a796c597a79d9fd65be5f968cb3c431c3ef3"}
{"index": {"_index":"pob","_id":"3852603"}}
	{"id":3852603,"type":"buy","buyer":"pjansen","seller":"richardcrill","symbol":"POB","quantity":"118.81512605","price":"0.01190000","timestamp":1657119852,"volume":"1.4139","buyTxId":"8dee9c3de53472048740e2af2351d25e6951bb84-0","sellTxId":"MM-P-18897307-65890023-3-12-0"}
{"index": {"_index":"pob","_id":"3852651"}}
	{"id":3852651,"type":"buy","buyer":"pjansen","seller":"richardcrill","symbol":"POB","quantity":"63.32773109","price":"0.01190000","timestamp":1657120344,"volume":"0.7536","buyTxId":"9be75efb33fb7a3dcd3fc5829652c5aba0602331-0","sellTxId":"MM-P-18897307-65890023-3-12-0"}
{"index": {"_index":"pob","_id":"3852727"}}
	{"id":3852727,"type":"buy","buyer":"he-index","seller":"richardcrill","symbol":"POB","quantity":"3.27700000","price":"0.01190000","timestamp":1657121289,"volume":"0.03899630","buyTxId":"2f107cadb926c04e4ca45762ee7b6ba9bf4005ab","sellTxId":"MM-P-18897307-65890023-3-12-0"}
{"index": {"_index":"pob","_id":"3853144"}}
	{"id":3853144,"type":"sell","buyer":"maarnio","seller":"saulos","symbol":"POB","quantity":"6.22503214","price":"0.01131000","timestamp":1657125219,"volume":"0.07040511","buyTxId":"2e02ead449cc10e8c047cc63edeea760d6acdad2","sellTxId":"3b3fa738d5b3ce5a8e0f2dfd7b76afaa6f49ea3f"}
{"index": {"_index":"pob","_id":"3853147"}}
	{"id":3853147,"type":"sell","buyer":"maarnio","seller":"andy4475","symbol":"POB","quantity":"27.69583865","price":"0.01131000","timestamp":1657125279,"volume":"0.31323994","buyTxId":"2e02ead449cc10e8c047cc63edeea760d6acdad2","sellTxId":"254995bd3b7c1f8bbaa6ea01c015ff02efc5f5ec"}
{"index": {"_index":"pob","_id":"3853189"}}
	{"id":3853189,"type":"sell","buyer":"maarnio","seller":"jesustiano","symbol":"POB","quantity":"49.84717069","price":"0.01131000","timestamp":1657125726,"volume":"0.56377150","buyTxId":"2e02ead449cc10e8c047cc63edeea760d6acdad2","sellTxId":"477cb47060bf87e27f8755604b02f7d910b2a518"}
{"index": {"_index":"pob","_id":"3853467"}}
	{"id":3853467,"type":"sell","buyer":"maarnio","seller":"denmarkguy","symbol":"POB","quantity":"0.97603407","price":"0.01131000","timestamp":1657128690,"volume":"0.01103895","buyTxId":"2e02ead449cc10e8c047cc63edeea760d6acdad2","sellTxId":"c0209c2605132b574cfe53f17a238970236d30fc"}
{"index": {"_index":"pob","_id":"3853790"}}
	{"id":3853790,"type":"sell","buyer":"maarnio","seller":"ugochill","symbol":"POB","quantity":"0.01755170","price":"0.01131000","timestamp":1657131918,"volume":"0.00019851","buyTxId":"2e02ead449cc10e8c047cc63edeea760d6acdad2","sellTxId":"650393131fc5e35d4abb6ca27b82a2537dc21a3e"}
{"index": {"_index":"pob","_id":"3853894"}}
	{"id":3853894,"type":"sell","buyer":"maarnio","seller":"curatorcat.pal","symbol":"POB","quantity":"0.56897142","price":"0.01131000","timestamp":1657132863,"volume":"0.00643507","buyTxId":"2e02ead449cc10e8c047cc63edeea760d6acdad2","sellTxId":"25bd32948ec7cd64d2e1381fbb301a78be257f71"}
{"index": {"_index":"pob","_id":"3853963"}}
	{"id":3853963,"type":"buy","buyer":"pjansen","seller":"richardcrill","symbol":"POB","quantity":"123.81355932","price":"0.01180000","timestamp":1657133916,"volume":"1.4610","buyTxId":"f7c1855efdb95ee05e97f50f165297c238df4c06-0","sellTxId":"MM-P-18905076-65897808-3-12-0"}
{"index": {"_index":"pob","_id":"3854103"}}
	{"id":3854103,"type":"sell","buyer":"maarnio","seller":"andy4475","symbol":"POB","quantity":"9.64893713","price":"0.01131000","timestamp":1657135569,"volume":"0.10912948","buyTxId":"2e02ead449cc10e8c047cc63edeea760d6acdad2","sellTxId":"88c58fc209e574b55f67c484258155c88ff5e83b"}
{"index": {"_index":"pob","_id":"3854143"}}
	{"id":3854143,"type":"sell","buyer":"maarnio","seller":"onealfa","symbol":"POB","quantity":"0.82145066","price":"0.01131000","timestamp":1657135713,"volume":"0.00929061","buyTxId":"2e02ead449cc10e8c047cc63edeea760d6acdad2","sellTxId":"bea8b6cb209d7732c72996bf5ba8035f6b9f9551"}
{"index": {"_index":"pob","_id":"3854216"}}
	{"id":3854216,"type":"sell","buyer":"maarnio","seller":"osomar357","symbol":"POB","quantity":"0.24658622","price":"0.01131000","timestamp":1657136880,"volume":"0.00278889","buyTxId":"2e02ead449cc10e8c047cc63edeea760d6acdad2","sellTxId":"f74c163b8bb691bed4592bee6b9230124e15871d"}
{"index": {"_index":"pob","_id":"3854220"}}
	{"id":3854220,"type":"sell","buyer":"maarnio","seller":"dwinblood","symbol":"POB","quantity":"11.54364934","price":"0.01131000","timestamp":1657136967,"volume":"0.13055867","buyTxId":"2e02ead449cc10e8c047cc63edeea760d6acdad2","sellTxId":"a9b91682186207c2c00c518d4b9ef5f0014fc114"}
{"index": {"_index":"pob","_id":"3854890"}}
	{"id":3854890,"type":"sell","buyer":"maarnio","seller":"he-index","symbol":"POB","quantity":"0.11100000","price":"0.01131000","timestamp":1657144863,"volume":"0.00125541","buyTxId":"2e02ead449cc10e8c047cc63edeea760d6acdad2","sellTxId":"a6172d697f8e2cc1cf42df92f49d79874319eb59"}
{"index": {"_index":"pob","_id":"3854947"}}
	{"id":3854947,"type":"sell","buyer":"maarnio","seller":"antoniojoseha","symbol":"POB","quantity":"40.16297234","price":"0.01131000","timestamp":1657145430,"volume":"0.45424322","buyTxId":"2e02ead449cc10e8c047cc63edeea760d6acdad2","sellTxId":"ab4a848c4ad96952e1df849654a9b795f4024159"}
{"index": {"_index":"pob","_id":"3854997"}}
	{"id":3854997,"type":"buy","buyer":"pjansen","seller":"onlydoge","symbol":"POB","quantity":"126.05982905","price":"0.01170000","timestamp":1657146099,"volume":"1.4749","buyTxId":"4045b7e2c47b6036b6881cffda81f6c4dd1e5199-0","sellTxId":"3be7c32c76a4ceb289b8823071ff20459a3f8ee6"}
{"index": {"_index":"pob","_id":"3855038"}}
	{"id":3855038,"type":"buy","buyer":"pjansen","seller":"richardcrill","symbol":"POB","quantity":"222.94827586","price":"0.01160000","timestamp":1657146648,"volume":"2.5862","buyTxId":"0317c87b2f19676207c40c2a3b10f980744ebcaf-0","sellTxId":"MM-P-18909256-65902002-3-12-0"}
{"index": {"_index":"pob","_id":"3855102"}}
	{"id":3855102,"type":"buy","buyer":"pjansen","seller":"richardcrill","symbol":"POB","quantity":"118.68103448","price":"0.01160000","timestamp":1657147269,"volume":"1.3767","buyTxId":"31eb7acedd56124ff38348767905ce7f13aadedd-0","sellTxId":"MM-P-18909256-65902002-3-12-0"}
{"index": {"_index":"pob","_id":"3855144"}}
	{"id":3855144,"type":"buy","buyer":"pjansen","seller":"richardcrill","symbol":"POB","quantity":"63.22413793","price":"0.01160000","timestamp":1657147800,"volume":"0.7334","buyTxId":"fa56bf456edf86c988b98fdd8b44884ef4984797-0","sellTxId":"MM-P-18909256-65902002-3-12-0"}
{"index": {"_index":"pob","_id":"3855278"}}
	{"id":3855278,"type":"sell","buyer":"maarnio","seller":"felipejoys","symbol":"POB","quantity":"77.07230348","price":"0.01131000","timestamp":1657149501,"volume":"0.87168775","buyTxId":"2e02ead449cc10e8c047cc63edeea760d6acdad2","sellTxId":"3f748f11a3dbde2cb1a06d41bf5cfb3e40313d38"}
{"index": {"_index":"pob","_id":"3855279"}}
	{"id":3855279,"type":"sell","buyer":"tabs1250","seller":"felipejoys","symbol":"POB","quantity":"30.25080355","price":"0.01111111","timestamp":1657149501,"volume":"0.33612001","buyTxId":"c8bee2357e12a63c1661c3b9059cc438b62721bf","sellTxId":"3f748f11a3dbde2cb1a06d41bf5cfb3e40313d38"}
{"index": {"_index":"pob","_id":"3855351"}}
	{"id":3855351,"type":"sell","buyer":"tabs1250","seller":"ugochill","symbol":"POB","quantity":"0.03501673","price":"0.01111111","timestamp":1657150461,"volume":"0.00038907","buyTxId":"c8bee2357e12a63c1661c3b9059cc438b62721bf","sellTxId":"152485df6b2230998ad7084a1bd7bf1b97a1001e"}
{"index": {"_index":"pob","_id":"3855419"}}
	{"id":3855419,"type":"sell","buyer":"tabs1250","seller":"cine.comps","symbol":"POB","quantity":"2.86144291","price":"0.01111111","timestamp":1657151277,"volume":"0.03179380","buyTxId":"c8bee2357e12a63c1661c3b9059cc438b62721bf","sellTxId":"4c524f1712cede51b5a19fc869208a129022cade"}
{"index": {"_index":"pob","_id":"3855420"}}
	{"id":3855420,"type":"sell","buyer":"maarnio","seller":"cine.comps","symbol":"POB","quantity":"26.43585717","price":"0.01111111","timestamp":1657151277,"volume":"0.29373172","buyTxId":"eb106836b5ea175192009c9fc66209a5ad787055","sellTxId":"4c524f1712cede51b5a19fc869208a129022cade"}
