{"index": {"_index":"pob","_id":"2868101"}}
	{"id":2868101,"type":"sell","buyer":"richardcrill","seller":"quinnertronics","symbol":"POB","quantity":"2.71232000","price":"0.03190702","timestamp":1645933491,"volume":"0.08654205","buyTxId":"MM-P-15179818-62167483-3-11-0","sellTxId":"30c5132a1b045fa7ebd387e87b91d65600f437f0"}
{"index": {"_index":"pob","_id":"2868210"}}
	{"id":2868210,"type":"sell","buyer":"richardcrill","seller":"firstborn.pob","symbol":"POB","quantity":"11.18891201","price":"0.03190702","timestamp":1645935294,"volume":"0.35700484","buyTxId":"MM-P-15179818-62167483-3-11-0","sellTxId":"f1a5ffede8c12955aca4dcd0467a1916635ea01a"}
{"index": {"_index":"pob","_id":"2868236"}}
	{"id":2868236,"type":"sell","buyer":"richardcrill","seller":"gubbatv","symbol":"POB","quantity":"1.01390869","price":"0.03190702","timestamp":1645935549,"volume":"0.03235080","buyTxId":"MM-P-15179818-62167483-3-11-0","sellTxId":"53d61630a9c48678f8e253ed2ce400646705d016"}
{"index": {"_index":"pob","_id":"2868263"}}
	{"id":2868263,"type":"buy","buyer":"ezunjoshy","seller":"richardcrill","symbol":"POB","quantity":"114.00000000","price":"0.03229498","timestamp":1645936218,"volume":"3.68162772","buyTxId":"b679b3cbb301feba54f40b8015f006425545c381","sellTxId":"MM-P-15181016-62168681-3-11-0"}
{"index": {"_index":"pob","_id":"2868264"}}
	{"id":2868264,"type":"buy","buyer":"ezunjoshy","seller":"balina","symbol":"POB","quantity":"155.00000000","price":"0.03233098","timestamp":1645936218,"volume":"5.01130190","buyTxId":"b679b3cbb301feba54f40b8015f006425545c381","sellTxId":"MM-P-15187312-62174981-3-1-1"}
{"index": {"_index":"pob","_id":"2868265"}}
	{"id":2868265,"type":"buy","buyer":"ezunjoshy","seller":"quicktrades","symbol":"POB","quantity":"0.10225916","price":"0.03239498","timestamp":1645936218,"volume":"0.00331268","buyTxId":"b679b3cbb301feba54f40b8015f006425545c381","sellTxId":"bd4487b95895125885f3ff1d1695307a4760a026"}
{"index": {"_index":"pob","_id":"2868266"}}
	{"id":2868266,"type":"buy","buyer":"ezunjoshy","seller":"droida","symbol":"POB","quantity":"0.40942883","price":"0.03239499","timestamp":1645936218,"volume":"0.01326344","buyTxId":"b679b3cbb301feba54f40b8015f006425545c381","sellTxId":"4b5c14549ae7f091591a36f2ac03445a3091e0ce"}
{"index": {"_index":"pob","_id":"2868267"}}
	{"id":2868267,"type":"buy","buyer":"ezunjoshy","seller":"hurtlocker","symbol":"POB","quantity":"0.19008097","price":"0.03239500","timestamp":1645936218,"volume":"0.00615767","buyTxId":"b679b3cbb301feba54f40b8015f006425545c381","sellTxId":"b28223e1a14b6316e60a444718df7f8bd3b89541"}
{"index": {"_index":"pob","_id":"2868268"}}
	{"id":2868268,"type":"buy","buyer":"ezunjoshy","seller":"master-lamps","symbol":"POB","quantity":"79.29823104","price":"0.03249598","timestamp":1645936218,"volume":"2.57687373","buyTxId":"b679b3cbb301feba54f40b8015f006425545c381","sellTxId":"ddf5cd9bf010ae5742f0d0c6c99d4fd0c2aed9aa"}
{"index": {"_index":"pob","_id":"2868272"}}
	{"id":2868272,"type":"sell","buyer":"richardcrill","seller":"thecrevolution","symbol":"POB","quantity":"503.98953724","price":"0.03190702","timestamp":1645936392,"volume":"16.08080424","buyTxId":"MM-P-15179818-62167483-3-11-0","sellTxId":"9a5712ee7e2d1af1f06c6bac7f3ff15319851773"}
{"index": {"_index":"pob","_id":"2868313"}}
	{"id":2868313,"type":"sell","buyer":"richardcrill","seller":"thecrevolution","symbol":"POB","quantity":"309.56817178","price":"0.03182002","timestamp":1645937001,"volume":"9.85046542","buyTxId":"MM-P-15187393-62175062-3-11-0","sellTxId":"be3a586dcbdf581dfbbd0dc7e49ac64a8a8aa07f"}
{"index": {"_index":"pob","_id":"2868493"}}
	{"id":2868493,"type":"sell","buyer":"richardcrill","seller":"mango-juice","symbol":"POB","quantity":"7.71280319","price":"0.03192003","timestamp":1645940754,"volume":"0.24619291","buyTxId":"MM-P-15188093-62175762-3-11-0","sellTxId":"8a4bbe890e90926ddfa368d405fa9b3c38f0725c"}
{"index": {"_index":"pob","_id":"2868670"}}
	{"id":2868670,"type":"sell","buyer":"richardcrill","seller":"nrg","symbol":"POB","quantity":"51.63396053","price":"0.03192003","timestamp":1645942461,"volume":"1.64815757","buyTxId":"MM-P-15188093-62175762-3-11-0","sellTxId":"8a69489a0282bfb23ec56b45ce1069ef45ac6e90-14"}
{"index": {"_index":"pob","_id":"2868763"}}
	{"id":2868763,"type":"sell","buyer":"richardcrill","seller":"dswap","symbol":"POB","quantity":"0.00975080","price":"0.03192003","timestamp":1645943514,"volume":"0.00031125","buyTxId":"MM-P-15188093-62175762-3-11-0","sellTxId":"84587d59e8a706209a740bd09b31c18e2ed70191"}
{"index": {"_index":"pob","_id":"2868964"}}
	{"id":2868964,"type":"sell","buyer":"richardcrill","seller":"oks2crypto","symbol":"POB","quantity":"0.31736074","price":"0.03192003","timestamp":1645947201,"volume":"0.01013016","buyTxId":"MM-P-15188093-62175762-3-11-0","sellTxId":"4c9df9ee20c4c99361f3aadfdb2181552cdc2511"}
{"index": {"_index":"pob","_id":"2869099"}}
	{"id":2869099,"type":"sell","buyer":"richardcrill","seller":"brofi-market","symbol":"POB","quantity":"9.27454701","price":"0.03192003","timestamp":1645949682,"volume":"0.29604382","buyTxId":"MM-P-15188093-62175762-3-11-0","sellTxId":"f4041c471ffb4c3654ab2d47ff2ae1c6a0bda489"}
{"index": {"_index":"pob","_id":"2869189"}}
	{"id":2869189,"type":"sell","buyer":"richardcrill","seller":"nata86","symbol":"POB","quantity":"1.24745112","price":"0.03192003","timestamp":1645951371,"volume":"0.03981868","buyTxId":"MM-P-15188093-62175762-3-11-0","sellTxId":"6df9cdb48a8dd3bb92be347a0dab4ddb1737ef5a"}
{"index": {"_index":"pob","_id":"2869212"}}
	{"id":2869212,"type":"sell","buyer":"richardcrill","seller":"gillianpearce","symbol":"POB","quantity":"40.00000000","price":"0.03192003","timestamp":1645951989,"volume":"1.27680120","buyTxId":"MM-P-15188093-62175762-3-11-0","sellTxId":"9f891a3e1cefe0b350203f3af0a34cc6ef8bd93e"}
{"index": {"_index":"pob","_id":"2869213"}}
	{"id":2869213,"type":"sell","buyer":"richardcrill","seller":"melbourneswest","symbol":"POB","quantity":"8.236","price":"0.03192003","timestamp":1645951998,"volume":"0.26289337","buyTxId":"MM-P-15188093-62175762-3-11-0","sellTxId":"9da4215a2b50b80b4b988d5b98ce1eb18c44453b"}
{"index": {"_index":"pob","_id":"2869364"}}
	{"id":2869364,"type":"sell","buyer":"richardcrill","seller":"adedayoolumide","symbol":"POB","quantity":"28.43331380","price":"0.03192003","timestamp":1645953699,"volume":"0.90759223","buyTxId":"MM-P-15188093-62175762-3-11-0","sellTxId":"c454ab50b616a90d111dabdfd79b0b1905284885"}
{"index": {"_index":"pob","_id":"2869390"}}
	{"id":2869390,"type":"sell","buyer":"richardcrill","seller":"liotes.voter","symbol":"POB","quantity":"8.38149407","price":"0.03192003","timestamp":1645953984,"volume":"0.26753754","buyTxId":"MM-P-15188093-62175762-3-11-0","sellTxId":"5bbc0b843d1a37908e1d2f3aa3025e256495cb15"}
{"index": {"_index":"pob","_id":"2869516"}}
	{"id":2869516,"type":"buy","buyer":"balina","seller":"richardcrill","symbol":"POB","quantity":"450.00000000","price":"0.03209398","timestamp":1645955997,"volume":"14.44229100","buyTxId":"a102674390fde266cad1afe6fd125fb82bb47c32","sellTxId":"MM-P-15191882-62179553-3-11-0"}
{"index": {"_index":"pob","_id":"2869609"}}
	{"id":2869609,"type":"buy","buyer":"lebah","seller":"brofi-market","symbol":"POB","quantity":"2.80000000","price":"0.03219398","timestamp":1645957014,"volume":"0.09014314","buyTxId":"ca614a176708341f1d41c02ef070d4e3380296ea","sellTxId":"ded88afbad04e88a9e95f41c06686748a0437e1b"}
{"index": {"_index":"pob","_id":"2869681"}}
	{"id":2869681,"type":"sell","buyer":"richardcrill","seller":"florenceboens","symbol":"POB","quantity":"0.05023916","price":"0.03192003","timestamp":1645958031,"volume":"0.00160364","buyTxId":"MM-P-15188093-62175762-3-11-0","sellTxId":"1918ffd522a0d2cb9a393b3c04577f69c36ff7f4"}
{"index": {"_index":"pob","_id":"2869824"}}
	{"id":2869824,"type":"sell","buyer":"elricmoonslayer","seller":"elricmoonslayer","symbol":"POB","quantity":"2.00000000","price":"0.03192003","timestamp":1645959912,"volume":"0.06384006","buyTxId":"d45e00a3b4ab9bc7ec864baaf9c1fa74b0b57fc6","sellTxId":"64f47f52893ffe6a93a6e2dd3d4bb64ad0919194"}
{"index": {"_index":"pob","_id":"2869873"}}
	{"id":2869873,"type":"sell","buyer":"richardcrill","seller":"elricmoonslayer","symbol":"POB","quantity":"2.01004283","price":"0.03192103","timestamp":1645960938,"volume":"0.06416264","buyTxId":"MM-P-15195374-62183048-3-11-0","sellTxId":"33ddddce65edcda039bf564383adb63adb20ebe9"}
{"index": {"_index":"pob","_id":"2869889"}}
	{"id":2869889,"type":"sell","buyer":"richardcrill","seller":"globetrottergcc","symbol":"POB","quantity":"3.86787029","price":"0.03192103","timestamp":1645961202,"volume":"0.12346640","buyTxId":"MM-P-15195374-62183048-3-11-0","sellTxId":"561941cd262f5766996e07b3c94b0eabe7537025"}
{"index": {"_index":"pob","_id":"2869922"}}
	{"id":2869922,"type":"buy","buyer":"chesatochi","seller":"brofi-market","symbol":"POB","quantity":"0.37384225","price":"0.03219398","timestamp":1645961670,"volume":"0.01203547","buyTxId":"dc23f2facd3a7d548d58ffeadc49cbc14191d56a","sellTxId":"ded88afbad04e88a9e95f41c06686748a0437e1b"}
{"index": {"_index":"pob","_id":"2869995"}}
	{"id":2869995,"type":"sell","buyer":"richardcrill","seller":"hiroshige","symbol":"POB","quantity":"18.71968136","price":"0.03192103","timestamp":1645962873,"volume":"0.59755151","buyTxId":"MM-P-15195374-62183048-3-11-0","sellTxId":"298dd0ffa0ec6b46e47d1f4cd7291f0f1c14b931"}
{"index": {"_index":"pob","_id":"2869999"}}
	{"id":2869999,"type":"buy","buyer":"balina","seller":"brofi-market","symbol":"POB","quantity":"6.10070400","price":"0.03219398","timestamp":1645962954,"volume":"0.19640594","buyTxId":"e8257eeafedb5a256476d7c1707bbcf9e06d4044","sellTxId":"ded88afbad04e88a9e95f41c06686748a0437e1b"}
{"index": {"_index":"pob","_id":"2870176"}}
	{"id":2870176,"type":"sell","buyer":"richardcrill","seller":"dhedge-drips","symbol":"POB","quantity":"0.99370146","price":"0.03192103","timestamp":1645966029,"volume":"0.03171997","buyTxId":"MM-P-15195374-62183048-3-11-0","sellTxId":"0584afe847342323a4e2f9da3869cf080f4e3bf8"}
{"index": {"_index":"pob","_id":"2870342"}}
	{"id":2870342,"type":"sell","buyer":"richardcrill","seller":"financeadviser","symbol":"POB","quantity":"33.30000000","price":"0.03192103","timestamp":1645969317,"volume":"1.06297030","buyTxId":"MM-P-15195374-62183048-3-11-0","sellTxId":"7d27f29fcfee55cd098e2ac951ccc3ff5a86f31f"}
{"index": {"_index":"pob","_id":"2870549"}}
	{"id":2870549,"type":"sell","buyer":"richardcrill","seller":"alfarero","symbol":"POB","quantity":"0.01167140","price":"0.03192103","timestamp":1645972179,"volume":"0.00037256","buyTxId":"MM-P-15195374-62183048-3-11-0","sellTxId":"a0f12822826a4711d2bc8a2f05c5051bf18cf686"}
{"index": {"_index":"pob","_id":"2870551"}}
	{"id":2870551,"type":"sell","buyer":"richardcrill","seller":"alfarero","symbol":"POB","quantity":"0.00029574","price":"0.03192103","timestamp":1645972248,"volume":"0.00000944","buyTxId":"MM-P-15195374-62183048-3-11-0","sellTxId":"e5f72c488dd2d1b0729602a41e26f67cb6e93744"}
{"index": {"_index":"pob","_id":"2870842"}}
	{"id":2870842,"type":"sell","buyer":"richardcrill","seller":"xabi","symbol":"POB","quantity":"4.57866981","price":"0.03211010","timestamp":1645977006,"volume":"0.14702155","buyTxId":"MM-P-15200361-62188038-3-11-0","sellTxId":"42483817f455786457b6a2a33ef7906d3b47676a"}
{"index": {"_index":"pob","_id":"2870853"}}
	{"id":2870853,"type":"sell","buyer":"richardcrill","seller":"mawit07","symbol":"POB","quantity":"15.51277863","price":"0.03211010","timestamp":1645977330,"volume":"0.49811687","buyTxId":"MM-P-15200361-62188038-3-11-0","sellTxId":"6533ad0fdabe4ac23bd74296813ac92efbba0c4b"}
{"index": {"_index":"pob","_id":"2870877"}}
	{"id":2870877,"type":"sell","buyer":"richardcrill","seller":"trumpman","symbol":"POB","quantity":"31.43900814","price":"0.03211010","timestamp":1645977843,"volume":"1.00950970","buyTxId":"MM-P-15200361-62188038-3-11-0","sellTxId":"b5fd9d8eca908b2ff22a72942e8802d964b34ea9"}
{"index": {"_index":"pob","_id":"2870941"}}
	{"id":2870941,"type":"sell","buyer":"richardcrill","seller":"ricestrela","symbol":"POB","quantity":"51.13451278","price":"0.03211010","timestamp":1645979367,"volume":"1.64193432","buyTxId":"MM-P-15200361-62188038-3-11-0","sellTxId":"28d1ed6e5920991faa666cb0ac26f34d67fa1ad3"}
{"index": {"_index":"pob","_id":"2870945"}}
	{"id":2870945,"type":"sell","buyer":"richardcrill","seller":"alexanderfluke","symbol":"POB","quantity":"0.25864200","price":"0.03211010","timestamp":1645979445,"volume":"0.00830502","buyTxId":"MM-P-15200361-62188038-3-11-0","sellTxId":"f31b39b0ceb9156fad85fc198abe0f28bbdc5c27"}
{"index": {"_index":"pob","_id":"2871011"}}
	{"id":2871011,"type":"sell","buyer":"richardcrill","seller":"gadrian","symbol":"POB","quantity":"4.03138269","price":"0.03211010","timestamp":1645980264,"volume":"0.12944810","buyTxId":"MM-P-15200361-62188038-3-11-0","sellTxId":"09c4d1c507a182faaa4f52c2d8242209e47d89cc"}
{"index": {"_index":"pob","_id":"2871072"}}
	{"id":2871072,"type":"sell","buyer":"richardcrill","seller":"alvonsohiver","symbol":"POB","quantity":"6.46856241","price":"0.03211010","timestamp":1645980792,"volume":"0.20770619","buyTxId":"MM-P-15200361-62188038-3-11-0","sellTxId":"e0a49cf7f42816406f8e38f840b1f46a733df144"}
{"index": {"_index":"pob","_id":"2871244"}}
	{"id":2871244,"type":"buy","buyer":"mamolya","seller":"brofi-market","symbol":"POB","quantity":"0.00000076","price":"0.03219398","timestamp":1645983051,"volume":"0.00000002","buyTxId":"05de15c0100100bdaafdc9fea63e6647efe9cff5","sellTxId":"ded88afbad04e88a9e95f41c06686748a0437e1b"}
{"index": {"_index":"pob","_id":"2871245"}}
	{"id":2871245,"type":"buy","buyer":"mamolya","seller":"dhedge-drips","symbol":"POB","quantity":"0.99370146","price":"0.03219398","timestamp":1645983051,"volume":"0.03199120","buyTxId":"05de15c0100100bdaafdc9fea63e6647efe9cff5","sellTxId":"82bb8ee941f2f0d92d03364d8828a62e588e42f7"}
{"index": {"_index":"pob","_id":"2871258"}}
	{"id":2871258,"type":"sell","buyer":"mamolya","seller":"theguru.photos","symbol":"POB","quantity":"38.74697627","price":"0.03219398","timestamp":1645983150,"volume":"1.24741938","buyTxId":"05de15c0100100bdaafdc9fea63e6647efe9cff5","sellTxId":"f3677b676011f5c649b4bdb1ddbf148740e75c99"}
{"index": {"_index":"pob","_id":"2871282"}}
	{"id":2871282,"type":"buy","buyer":"danielhuhservice","seller":"richardcrill","symbol":"POB","quantity":"450.00000000","price":"0.03229597","timestamp":1645983300,"volume":"14.53318650","buyTxId":"4c50d03ce2c36942d63778b12bb1ce4506bd4496","sellTxId":"MM-P-15196772-62184446-3-11-0"}
{"index": {"_index":"pob","_id":"2871284"}}
	{"id":2871284,"type":"sell","buyer":"danielhuhservice","seller":"arabisouri","symbol":"POB","quantity":"0.06474486","price":"0.03229597","timestamp":1645983309,"volume":"0.00209100","buyTxId":"4c50d03ce2c36942d63778b12bb1ce4506bd4496","sellTxId":"29ee09ba519978442646258b538eb52a8081f560"}
{"index": {"_index":"pob","_id":"2871295"}}
	{"id":2871295,"type":"sell","buyer":"danielhuhservice","seller":"beeber","symbol":"POB","quantity":"18.13608600","price":"0.03229597","timestamp":1645983384,"volume":"0.58572249","buyTxId":"4c50d03ce2c36942d63778b12bb1ce4506bd4496","sellTxId":"9872dfb12e2963bfe3da5af16f5eef01f96c62a8"}
{"index": {"_index":"pob","_id":"2871303"}}
	{"id":2871303,"type":"sell","buyer":"danielhuhservice","seller":"beeber","symbol":"POB","quantity":"0.00000034","price":"0.03229597","timestamp":1645983441,"volume":"0.00000001","buyTxId":"4c50d03ce2c36942d63778b12bb1ce4506bd4496","sellTxId":"804308cd09e3413fead5d22db980f852d77aa891"}
{"index": {"_index":"pob","_id":"2871304"}}
	{"id":2871304,"type":"sell","buyer":"richardcrill","seller":"beeber","symbol":"POB","quantity":"67.99999966","price":"0.03220398","timestamp":1645983441,"volume":"2.18987063","buyTxId":"MM-P-15202955-62190635-3-12-0","sellTxId":"804308cd09e3413fead5d22db980f852d77aa891"}
{"index": {"_index":"pob","_id":"2871355"}}
	{"id":2871355,"type":"sell","buyer":"richardcrill","seller":"nonsowrites","symbol":"POB","quantity":"322.33430876","price":"0.03220398","timestamp":1645983873,"volume":"10.38044763","buyTxId":"MM-P-15202955-62190635-3-12-0","sellTxId":"36d487a6d8cefa73615e646a57751683acd3a4ec"}
{"index": {"_index":"pob","_id":"2871470"}}
	{"id":2871470,"type":"sell","buyer":"richardcrill","seller":"pawelszymanski","symbol":"POB","quantity":"0.23031073","price":"0.03220398","timestamp":1645984746,"volume":"0.00741692","buyTxId":"MM-P-15202955-62190635-3-12-0","sellTxId":"35758e58caff8d1b03cf5b59bb162b7985accd39"}
{"index": {"_index":"pob","_id":"2871618"}}
	{"id":2871618,"type":"buy","buyer":"captainquack22","seller":"balina","symbol":"POB","quantity":"44.92300438","price":"0.03232197","timestamp":1645986528,"volume":"1.452","buyTxId":"082644f14d4d137d74f917931bc21efab5b630d8","sellTxId":"MM-P-15203971-62191651-3-1-1"}
{"index": {"_index":"pob","_id":"2871655"}}
	{"id":2871655,"type":"sell","buyer":"richardcrill","seller":"bingbongy","symbol":"POB","quantity":"0.50027226","price":"0.03221498","timestamp":1645987095,"volume":"0.01611626","buyTxId":"MM-P-15203953-62191633-3-12-0","sellTxId":"30d44521ebadbce62ca08b6ad1e69cd3ed8a3b6e"}
{"index": {"_index":"pob","_id":"2871656"}}
	{"id":2871656,"type":"sell","buyer":"richardcrill","seller":"drunksamurai","symbol":"POB","quantity":"0.76503785","price":"0.03221498","timestamp":1645987122,"volume":"0.02464568","buyTxId":"MM-P-15203953-62191633-3-12-0","sellTxId":"3c2ebe097b4682a48d14059f85d2ca68203e1cdb"}
{"index": {"_index":"pob","_id":"2871752"}}
	{"id":2871752,"type":"sell","buyer":"richardcrill","seller":"gillianpearce","symbol":"POB","quantity":"40.00000000","price":"0.03221498","timestamp":1645988049,"volume":"1.28859920","buyTxId":"MM-P-15203953-62191633-3-12-0","sellTxId":"a3fa14344a9286ffc2df578f5ebd0160ad549eb5"}
{"index": {"_index":"pob","_id":"2871828"}}
	{"id":2871828,"type":"sell","buyer":"richardcrill","seller":"savagetobi","symbol":"POB","quantity":"100.23792682","price":"0.03221498","timestamp":1645988778,"volume":"3.22916281","buyTxId":"MM-P-15203953-62191633-3-12-0","sellTxId":"ea2e7901abb7944b722a2566fcc7dd3f4084e387"}
{"index": {"_index":"pob","_id":"2871928"}}
	{"id":2871928,"type":"sell","buyer":"richardcrill","seller":"itachi24","symbol":"POB","quantity":"12.22768394","price":"0.03222598","timestamp":1645990059,"volume":"0.39404910","buyTxId":"MM-P-15204952-62192632-3-12-0","sellTxId":"f3cd1d754d85f5d627e8b779333aa79c09c97d1c"}
{"index": {"_index":"pob","_id":"2871950"}}
	{"id":2871950,"type":"buy","buyer":"yintercept","seller":"richardcrill","symbol":"POB","quantity":"100.00000000","price":"0.03230097","timestamp":1645990353,"volume":"3.23009700","buyTxId":"e4f19baa18b3140df5350b523aced311954e0b70","sellTxId":"MM-P-15205052-62192732-3-12-0"}
{"index": {"_index":"pob","_id":"2871996"}}
	{"id":2871996,"type":"sell","buyer":"richardcrill","seller":"candy49","symbol":"POB","quantity":"1.25201640","price":"0.03222598","timestamp":1645990872,"volume":"0.04034746","buyTxId":"MM-P-15204952-62192632-3-12-0","sellTxId":"be8644d90d691d9bc9a47e3f7d6f7922e09735bc"}
{"index": {"_index":"pob","_id":"2872030"}}
	{"id":2872030,"type":"sell","buyer":"richardcrill","seller":"mary-me","symbol":"POB","quantity":"20.13180152","price":"0.03222598","timestamp":1645991454,"volume":"0.64876703","buyTxId":"MM-P-15204952-62192632-3-12-0","sellTxId":"da7205d21e2822748f6d37a3f250a5951dacfd64"}
{"index": {"_index":"pob","_id":"2872125"}}
	{"id":2872125,"type":"buy","buyer":"richardcrill","seller":"clixmoney","symbol":"POB","quantity":"3.77245226","price":"0.03223000","timestamp":1645992243,"volume":"0.12158614","buyTxId":"MM-P-15205951-62193631-3-12-0","sellTxId":"ca8cdad79a3b641cdcd7071f2dd4063ba45c2430"}
{"index": {"_index":"pob","_id":"2872592"}}
	{"id":2872592,"type":"sell","buyer":"richardcrill","seller":"laritheghost","symbol":"POB","quantity":"0.65092663","price":"0.03224798","timestamp":1645996752,"volume":"0.02099107","buyTxId":"MM-P-15206949-62194629-3-12-0","sellTxId":"36b3a0012ba4666f05ebbb2b19c55ed74502f4fa"}
{"index": {"_index":"pob","_id":"2872621"}}
	{"id":2872621,"type":"sell","buyer":"richardcrill","seller":"oks2crypto","symbol":"POB","quantity":"0.03302791","price":"0.03224798","timestamp":1645997184,"volume":"0.00106508","buyTxId":"MM-P-15206949-62194629-3-12-0","sellTxId":"9d59e7efc35ca118c72147b16a22f4f58b7700d8"}
{"index": {"_index":"pob","_id":"2872690"}}
	{"id":2872690,"type":"sell","buyer":"richardcrill","seller":"curatorcat.pal","symbol":"POB","quantity":"2.84909405","price":"0.03224798","timestamp":1645997928,"volume":"0.09187753","buyTxId":"MM-P-15206949-62194629-3-12-0","sellTxId":"49fb98945a939ab498340d6b095eebe94eb82c03"}
{"index": {"_index":"pob","_id":"2872721"}}
	{"id":2872721,"type":"sell","buyer":"richardcrill","seller":"curatorcat.leo","symbol":"POB","quantity":"6.99363155","price":"0.03225898","timestamp":1645998504,"volume":"0.22560742","buyTxId":"MM-P-15207945-62195625-3-12-0","sellTxId":"65469426fa87dd50678d1914a9bc55d866a8d914"}
{"index": {"_index":"pob","_id":"2872766"}}
	{"id":2872766,"type":"sell","buyer":"richardcrill","seller":"cristina-zac","symbol":"POB","quantity":"31.26000000","price":"0.03225898","timestamp":1645998912,"volume":"1.00841571","buyTxId":"MM-P-15207945-62195625-3-12-0","sellTxId":"e5da10516373901175e63a1cc8d855f1720abe0a"}
{"index": {"_index":"pob","_id":"2872800"}}
	{"id":2872800,"type":"sell","buyer":"richardcrill","seller":"adam-lucas","symbol":"POB","quantity":"6.10000000","price":"0.03225898","timestamp":1645999434,"volume":"0.19677978","buyTxId":"MM-P-15207945-62195625-3-12-0","sellTxId":"fac8f4a71589d96ff3547dc200b16b67883c7047"}
{"index": {"_index":"pob","_id":"2872895"}}
	{"id":2872895,"type":"sell","buyer":"richardcrill","seller":"pjansen","symbol":"POB","quantity":"58.72210917","price":"0.03225898","timestamp":1646000451,"volume":"1.89431535","buyTxId":"MM-P-15207945-62195625-3-12-0","sellTxId":"008ffc278b80727473e053e780c21248683ce813"}
{"index": {"_index":"pob","_id":"2872944"}}
	{"id":2872944,"type":"buy","buyer":"richardcrill","seller":"balina","symbol":"POB","quantity":"155.00000000","price":"0.03227797","timestamp":1646000751,"volume":"5.00308535","buyTxId":"50e79cdd0ee130ac4b5c2ac74c87ccaca78caec3","sellTxId":"MM-P-15207963-62195643-3-1-1"}
{"index": {"_index":"pob","_id":"2872945"}}
	{"id":2872945,"type":"buy","buyer":"richardcrill","seller":"quicktrades","symbol":"POB","quantity":"0.87728265","price":"0.03227895","timestamp":1646000751,"volume":"0.02831776","buyTxId":"50e79cdd0ee130ac4b5c2ac74c87ccaca78caec3","sellTxId":"3decbcc4d223e4ba19c8cff873ad0deb06426213"}
{"index": {"_index":"pob","_id":"2872946"}}
	{"id":2872946,"type":"buy","buyer":"richardcrill","seller":"droida","symbol":"POB","quantity":"0.12271735","price":"0.03227896","timestamp":1646000751,"volume":"0.00396119","buyTxId":"50e79cdd0ee130ac4b5c2ac74c87ccaca78caec3","sellTxId":"2b1ff74d3b3ab264d15d3c16154db0c0aa83250e"}
{"index": {"_index":"pob","_id":"2872979"}}
	{"id":2872979,"type":"sell","buyer":"balina","seller":"brazilians","symbol":"POB","quantity":"38.47786902","price":"0.03225998","timestamp":1646001108,"volume":"1.24129529","buyTxId":"MM-P-15208858-62196540-3-1-0","sellTxId":"d8c3ae7f76495cd6e9ba3ea8f910e917eefccfaa"}
{"index": {"_index":"pob","_id":"2873090"}}
	{"id":2873090,"type":"sell","buyer":"richardcrill","seller":"melbourneswest","symbol":"POB","quantity":"16.367","price":"0.03226998","timestamp":1646002302,"volume":"0.52816276","buyTxId":"MM-P-15208940-62196622-3-12-0","sellTxId":"39f1087485fc08fce906fb7dbb4bd5f8d5bd7f95"}
{"index": {"_index":"pob","_id":"2873138"}}
	{"id":2873138,"type":"sell","buyer":"richardcrill","seller":"he-index","symbol":"POB","quantity":"0.05100000","price":"0.03226998","timestamp":1646002983,"volume":"0.00164577","buyTxId":"MM-P-15208940-62196622-3-12-0","sellTxId":"f84b9e77ad7d25a1c078851d4a12dc454139c621"}
{"index": {"_index":"pob","_id":"2873159"}}
	{"id":2873159,"type":"sell","buyer":"richardcrill","seller":"dwayne16","symbol":"POB","quantity":"71.00000000","price":"0.03226998","timestamp":1646003235,"volume":"2.29116858","buyTxId":"MM-P-15208940-62196622-3-12-0","sellTxId":"dc55f0c3f9b1839d236ca0655ec961198c863cd7"}
{"index": {"_index":"pob","_id":"2873170"}}
	{"id":2873170,"type":"sell","buyer":"richardcrill","seller":"alfarero","symbol":"POB","quantity":"10.84273116","price":"0.03226998","timestamp":1646003472,"volume":"0.34989472","buyTxId":"MM-P-15208940-62196622-3-12-0","sellTxId":"920862b2b0996f03796b067e1796ba34b9c5a448"}
{"index": {"_index":"pob","_id":"2873190"}}
	{"id":2873190,"type":"sell","buyer":"richardcrill","seller":"desro","symbol":"POB","quantity":"20.00000000","price":"0.03226998","timestamp":1646003733,"volume":"0.64539960","buyTxId":"MM-P-15208940-62196622-3-12-0","sellTxId":"fe993da517d3d62843de218a415e858df8534157"}
{"index": {"_index":"pob","_id":"2873218"}}
	{"id":2873218,"type":"sell","buyer":"balina","seller":"magnacarta.buzz","symbol":"POB","quantity":"0.72701472","price":"0.03227098","timestamp":1646004060,"volume":"0.02346148","buyTxId":"MM-P-15209855-62197537-3-1-0","sellTxId":"ff879d73d3c646a2207aec0ffc503098f3e4b44d"}
{"index": {"_index":"pob","_id":"2873234"}}
	{"id":2873234,"type":"buy","buyer":"richardcrill","seller":"droida","symbol":"POB","quantity":"0.29185853","price":"0.03227896","timestamp":1646004243,"volume":"0.00942089","buyTxId":"MM-P-15209937-62197619-3-12-0","sellTxId":"2b1ff74d3b3ab264d15d3c16154db0c0aa83250e"}
{"index": {"_index":"pob","_id":"2873237"}}
	{"id":2873237,"type":"sell","buyer":"richardcrill","seller":"badge-646464","symbol":"POB","quantity":"8.76000000","price":"0.03228098","timestamp":1646004273,"volume":"0.28278138","buyTxId":"MM-P-15209937-62197619-3-12-0","sellTxId":"ceb99afa8563a9ab4246104198cd3150836afb35"}
{"index": {"_index":"pob","_id":"2873261"}}
	{"id":2873261,"type":"sell","buyer":"richardcrill","seller":"fatherfaith","symbol":"POB","quantity":"0.53014453","price":"0.03228098","timestamp":1646004462,"volume":"0.01711358","buyTxId":"MM-P-15209937-62197619-3-12-0","sellTxId":"3234db38faa6162479c3034c5bb2f7f74354c3ac"}
{"index": {"_index":"pob","_id":"2873271"}}
	{"id":2873271,"type":"sell","buyer":"richardcrill","seller":"irivers","symbol":"POB","quantity":"0.50608703","price":"0.03228098","timestamp":1646004603,"volume":"0.01633699","buyTxId":"MM-P-15209937-62197619-3-12-0","sellTxId":"889dfb3bb822c36b29354ac43a5133458d92dcc5"}
{"index": {"_index":"pob","_id":"2873435"}}
	{"id":2873435,"type":"sell","buyer":"richardcrill","seller":"nrg","symbol":"POB","quantity":"15.73949007","price":"0.03228098","timestamp":1646006661,"volume":"0.50808616","buyTxId":"MM-P-15209937-62197619-3-12-0","sellTxId":"7c79cf8e292395e155950325c5eba72a2b03efe3-13"}
{"index": {"_index":"pob","_id":"2873508"}}
	{"id":2873508,"type":"sell","buyer":"richardcrill","seller":"failingforwards","symbol":"POB","quantity":"45.39244149","price":"0.03229198","timestamp":1646007435,"volume":"1.46581181","buyTxId":"MM-P-15210935-62198617-3-12-0","sellTxId":"69446288a0ec1f5dd94154d079eb2739b300b571"}
{"index": {"_index":"pob","_id":"2873511"}}
	{"id":2873511,"type":"buy","buyer":"andy4475","seller":"richardcrill","symbol":"POB","quantity":"320.00000000","price":"0.03237497","timestamp":1646007474,"volume":"10.35999040","buyTxId":"220ae771bbf12fa4706a4eb793fb995635478b26","sellTxId":"MM-P-15210935-62198617-3-12-1"}
{"index": {"_index":"pob","_id":"2873571"}}
	{"id":2873571,"type":"sell","buyer":"richardcrill","seller":"chireerocks","symbol":"POB","quantity":"2.80192563","price":"0.03229198","timestamp":1646008110,"volume":"0.09047973","buyTxId":"MM-P-15210935-62198617-3-12-0","sellTxId":"5702acd4daf6f79fae633a38059fe5509be89f86"}
{"index": {"_index":"pob","_id":"2873698"}}
	{"id":2873698,"type":"sell","buyer":"balina","seller":"decentropia","symbol":"POB","quantity":"0.09700258","price":"0.03229298","timestamp":1646010123,"volume":"0.00313250","buyTxId":"MM-P-15211852-62199534-3-1-0","sellTxId":"0bf1efadefbb3b218b1f1eafa2a682da29ef1644"}
{"index": {"_index":"pob","_id":"2873781"}}
	{"id":2873781,"type":"sell","buyer":"richardcrill","seller":"bearbear613","symbol":"POB","quantity":"3.38695078","price":"0.03230298","timestamp":1646011473,"volume":"0.10940860","buyTxId":"MM-P-15211934-62199616-3-12-0","sellTxId":"126214dba38ab1c72fcbf2c1bd9a100e6f1f45a3"}
{"index": {"_index":"pob","_id":"2873863"}}
	{"id":2873863,"type":"sell","buyer":"richardcrill","seller":"ugochill","symbol":"POB","quantity":"0.03300000","price":"0.03230298","timestamp":1646012631,"volume":"0.00106600","buyTxId":"MM-P-15211934-62199616-3-12-0","sellTxId":"acaa60eee3d0f59eaa8c51ab96825148f24c688d"}
{"index": {"_index":"pob","_id":"2873929"}}
	{"id":2873929,"type":"sell","buyer":"richardcrill","seller":"iyanpol12","symbol":"POB","quantity":"14.74325862","price":"0.03231398","timestamp":1646013522,"volume":"0.47641336","buyTxId":"MM-P-15212930-62200612-3-12-0","sellTxId":"3c5b3654c798c87e4237a427cd2e644f59ab5fe7"}
{"index": {"_index":"pob","_id":"2873942"}}
	{"id":2873942,"type":"sell","buyer":"richardcrill","seller":"nineclaws","symbol":"POB","quantity":"0.04126545","price":"0.03231398","timestamp":1646013783,"volume":"0.00133345","buyTxId":"MM-P-15212930-62200612-3-12-0","sellTxId":"481fa20c907b13fdef34d62ab26aae511ee40dcc"}
{"index": {"_index":"pob","_id":"2874159"}}
	{"id":2874159,"type":"buy","buyer":"dswap","seller":"richardcrill","symbol":"POB","quantity":"0.00130604","price":"0.03234197","timestamp":1646018334,"volume":"0.00004224","buyTxId":"f73c824de2685cb3b3cf405b5ddeca8b1e7e7d4c","sellTxId":"MM-P-15213927-62201609-3-12-1"}
{"index": {"_index":"pob","_id":"2874162"}}
	{"id":2874162,"type":"sell","buyer":"richardcrill","seller":"threesteps","symbol":"POB","quantity":"31.58594053","price":"0.03232498","timestamp":1646018385,"volume":"1.02101490","buyTxId":"MM-P-15213927-62201609-3-12-0","sellTxId":"8b1ab289f46230d1bcd416660c0f5a5ba52eae3b"}
{"index": {"_index":"pob","_id":"2874167"}}
	{"id":2874167,"type":"buy","buyer":"dswap","seller":"richardcrill","symbol":"POB","quantity":"0.00001267","price":"0.03234197","timestamp":1646018412,"volume":"0.00000041","buyTxId":"887de75326a145e56595bf376b9c574d6f940940","sellTxId":"MM-P-15213927-62201609-3-12-1"}
{"index": {"_index":"pob","_id":"2874215"}}
	{"id":2874215,"type":"buy","buyer":"balina","seller":"balina","symbol":"POB","quantity":"155.00000000","price":"0.03234097","timestamp":1646019306,"volume":"5.01285035","buyTxId":"032e595af229766f1d8e0987d454d30e55f5d731","sellTxId":"MM-P-15214842-62202524-3-1-1"}
