{"index": {"_index":"pob","_id":"2585042"}}
	{"id":2585042,"type":"sell","buyer":"gimme-your-coinz","seller":"johndieo","symbol":"POB","quantity":"0.06800000","price":"0.04160001","timestamp":1642561596,"volume":"0.00282880","buyTxId":"8dd8aea4295f9ac8910f3c64c2277795afc437e3","sellTxId":"72a2e843a210067be0f797f1ae845b59f4103aa3"}
{"index": {"_index":"pob","_id":"2585124"}}
	{"id":2585124,"type":"sell","buyer":"gimme-your-coinz","seller":"gubbatv","symbol":"POB","quantity":"0.64075705","price":"0.04160001","timestamp":1642562517,"volume":"0.02665550","buyTxId":"8dd8aea4295f9ac8910f3c64c2277795afc437e3","sellTxId":"58d03cbf5f8321e8cf54dd225d67b8ac35ec19e4"}
{"index": {"_index":"pob","_id":"2585310"}}
	{"id":2585310,"type":"sell","buyer":"gimme-your-coinz","seller":"hiveclick","symbol":"POB","quantity":"22.54222914","price":"0.04160001","timestamp":1642564599,"volume":"0.93775696","buyTxId":"8dd8aea4295f9ac8910f3c64c2277795afc437e3","sellTxId":"d90e4e0ed10c4849dd79cc2956b4c1c4fb97d122"}
{"index": {"_index":"pob","_id":"2585391"}}
	{"id":2585391,"type":"sell","buyer":"gimme-your-coinz","seller":"victoriabsb","symbol":"POB","quantity":"2.61063373","price":"0.04160001","timestamp":1642565535,"volume":"0.10860239","buyTxId":"8dd8aea4295f9ac8910f3c64c2277795afc437e3","sellTxId":"dcb0c7712e9f504ee74f7d4469003ceb2a541427"}
{"index": {"_index":"pob","_id":"2585550"}}
	{"id":2585550,"type":"sell","buyer":"gimme-your-coinz","seller":"mindone","symbol":"POB","quantity":"34.00000000","price":"0.04160001","timestamp":1642567428,"volume":"1.41440034","buyTxId":"8dd8aea4295f9ac8910f3c64c2277795afc437e3","sellTxId":"685618489e32238cf36b1f9ef82d3abf205ce42e"}
{"index": {"_index":"pob","_id":"2585771"}}
	{"id":2585771,"type":"sell","buyer":"gimme-your-coinz","seller":"charcoalbuffet","symbol":"POB","quantity":"4.66808950","price":"0.04160001","timestamp":1642572102,"volume":"0.19419257","buyTxId":"8dd8aea4295f9ac8910f3c64c2277795afc437e3","sellTxId":"21f8f6899d38501abd4daebc4edfd9260c0ecc02"}
{"index": {"_index":"pob","_id":"2585807"}}
	{"id":2585807,"type":"sell","buyer":"gimme-your-coinz","seller":"thoughts-in-time","symbol":"POB","quantity":"49.97982911","price":"0.04160001","timestamp":1642572597,"volume":"2.07916139","buyTxId":"8dd8aea4295f9ac8910f3c64c2277795afc437e3","sellTxId":"eb3dc7d90d167a8861419a9aa1ddd510cedaa770"}
{"index": {"_index":"pob","_id":"2585808"}}
	{"id":2585808,"type":"sell","buyer":"tdctunes","seller":"thoughts-in-time","symbol":"POB","quantity":"90.33063043","price":"0.04160000","timestamp":1642572597,"volume":"3.75775423","buyTxId":"0df00ec24e42c724ac95a15bf08c263edd591299","sellTxId":"eb3dc7d90d167a8861419a9aa1ddd510cedaa770"}
{"index": {"_index":"pob","_id":"2585809"}}
	{"id":2585809,"type":"sell","buyer":"yintercept","seller":"thoughts-in-time","symbol":"POB","quantity":"7.70000000","price":"0.04160000","timestamp":1642572597,"volume":"0.32032000","buyTxId":"91a17fc7f95a47f5eab8a98db67d2b611fc69704","sellTxId":"eb3dc7d90d167a8861419a9aa1ddd510cedaa770"}
{"index": {"_index":"pob","_id":"2585810"}}
	{"id":2585810,"type":"sell","buyer":"marketroll","seller":"thoughts-in-time","symbol":"POB","quantity":"191.76752752","price":"0.04131100","timestamp":1642572597,"volume":"7.92210833","buyTxId":"c54ecb581cf1c8a2b2df62831049cc8a64bef0f4","sellTxId":"eb3dc7d90d167a8861419a9aa1ddd510cedaa770"}
{"index": {"_index":"pob","_id":"2585946"}}
	{"id":2585946,"type":"sell","buyer":"gimme-your-coinz","seller":"thatcryptodave","symbol":"POB","quantity":"16.59088824","price":"0.04131606","timestamp":1642574640,"volume":"0.68547013","buyTxId":"6aa62364e71dbb4b000cb5d9e27b9f76799bba5e","sellTxId":"cd00b373bc2ede5bf9cbb799f54e53021ce09e02"}
{"index": {"_index":"pob","_id":"2585982"}}
	{"id":2585982,"type":"sell","buyer":"balina","seller":"dswap","symbol":"POB","quantity":"2.20","price":"0.04131706","timestamp":1642574916,"volume":"0.09089753","buyTxId":"MM-P-14070212-61057395-3-1-0","sellTxId":"c9fa00a9b06a9ba9c915ca6a9d8e35c106171796"}
{"index": {"_index":"pob","_id":"2585983"}}
	{"id":2585983,"type":"sell","buyer":"gimme-your-coinz","seller":"dunksocial","symbol":"POB","quantity":"15.88133551","price":"0.04131707","timestamp":1642574919,"volume":"0.65617025","buyTxId":"76c4b900f2ee3d5954f21c5a8d95e850839a9058","sellTxId":"08e9714017195b12afe54a4f7cb7c7902c5a45eb"}
{"index": {"_index":"pob","_id":"2586224"}}
	{"id":2586224,"type":"buy","buyer":"stayten","seller":"balina","symbol":"POB","quantity":"139.63870000","price":"0.05599390","timestamp":1642577622,"volume":"7.81891540","buyTxId":"5e98b7f6dfa789750665e2cd2ef294160ca1412b","sellTxId":"MM-P-14070511-61057694-3-1-1"}
{"index": {"_index":"pob","_id":"2586265"}}
	{"id":2586265,"type":"sell","buyer":"gimme-your-coinz","seller":"gillianpearce","symbol":"POB","quantity":"25.00000000","price":"0.04132717","timestamp":1642578033,"volume":"1.03317925","buyTxId":"929d48ba35bc99ab541b43780b5a88ead5503e90","sellTxId":"b2c0faddb9067deba9672d829b2d9b32ad67b5ba"}
{"index": {"_index":"pob","_id":"2586283"}}
	{"id":2586283,"type":"sell","buyer":"balina","seller":"zirochka","symbol":"POB","quantity":"0.02963983","price":"0.04132817","timestamp":1642578255,"volume":"0.00122496","buyTxId":"MM-P-14071310-61058493-3-1-0","sellTxId":"ee949488fa064b0d201aafffefaf087d0459ae59"}
{"index": {"_index":"pob","_id":"2586288"}}
	{"id":2586288,"type":"buy","buyer":"stayten","seller":"balina","symbol":"POB","quantity":"80.36130000","price":"0.05599390","timestamp":1642578309,"volume":"4.49974260","buyTxId":"9d7b85b2499dc4c38d8c6df09ac99e7ba8bf5cb5","sellTxId":"MM-P-14070511-61057694-3-1-1"}
{"index": {"_index":"pob","_id":"2586289"}}
	{"id":2586289,"type":"buy","buyer":"stayten","seller":"beemd","symbol":"POB","quantity":"60.45311061","price":"0.05599490","timestamp":1642578309,"volume":"3.38506588","buyTxId":"9d7b85b2499dc4c38d8c6df09ac99e7ba8bf5cb5","sellTxId":"5060f53346cf9dd3bfd7c3cd39521e550c03a5bb"}
{"index": {"_index":"pob","_id":"2586290"}}
	{"id":2586290,"type":"buy","buyer":"stayten","seller":"steem82868","symbol":"POB","quantity":"0.13897298","price":"0.05600000","timestamp":1642578309,"volume":"0.00778249","buyTxId":"9d7b85b2499dc4c38d8c6df09ac99e7ba8bf5cb5","sellTxId":"b59a4a0409bc750e154373546ed04df6943a13fa"}
{"index": {"_index":"pob","_id":"2586291"}}
	{"id":2586291,"type":"buy","buyer":"stayten","seller":"yintercept","symbol":"POB","quantity":"22.00000000","price":"0.05600000","timestamp":1642578309,"volume":"1.23200000","buyTxId":"9d7b85b2499dc4c38d8c6df09ac99e7ba8bf5cb5","sellTxId":"52b4412c6da4f66b43b8115f4be434e50086f8d4"}
{"index": {"_index":"pob","_id":"2586292"}}
	{"id":2586292,"type":"buy","buyer":"stayten","seller":"davedickeyyall","symbol":"POB","quantity":"41.99263700","price":"0.05790000","timestamp":1642578309,"volume":"2.43137368","buyTxId":"9d7b85b2499dc4c38d8c6df09ac99e7ba8bf5cb5","sellTxId":"f44a04b0d51be6a0b5b89147427f303c3a320f22"}
{"index": {"_index":"pob","_id":"2586293"}}
	{"id":2586293,"type":"buy","buyer":"stayten","seller":"razackpulo.pob","symbol":"POB","quantity":"20.23221481","price":"0.05800000","timestamp":1642578309,"volume":"1.17346846","buyTxId":"9d7b85b2499dc4c38d8c6df09ac99e7ba8bf5cb5","sellTxId":"f7a014d71bbb3e4b4a7c9147377743ffec26aca7"}
{"index": {"_index":"pob","_id":"2586294"}}
	{"id":2586294,"type":"buy","buyer":"stayten","seller":"yintercept","symbol":"POB","quantity":"50.00000000","price":"0.05800000","timestamp":1642578309,"volume":"2.90000000","buyTxId":"9d7b85b2499dc4c38d8c6df09ac99e7ba8bf5cb5","sellTxId":"35894656c538994558627aff1675620253053fac"}
{"index": {"_index":"pob","_id":"2586295"}}
	{"id":2586295,"type":"buy","buyer":"stayten","seller":"amigareaction","symbol":"POB","quantity":"0.25000000","price":"0.05800000","timestamp":1642578309,"volume":"0.01450000","buyTxId":"9d7b85b2499dc4c38d8c6df09ac99e7ba8bf5cb5","sellTxId":"17286abd7644aad1f7ec4921ddc869b3a6c821ad"}
{"index": {"_index":"pob","_id":"2586296"}}
	{"id":2586296,"type":"buy","buyer":"stayten","seller":"quicktrades","symbol":"POB","quantity":"1.15329908","price":"0.05999798","timestamp":1642578309,"volume":"0.06919562","buyTxId":"9d7b85b2499dc4c38d8c6df09ac99e7ba8bf5cb5","sellTxId":"6e53c9efa03056d10b20b15004105d26438e5290"}
{"index": {"_index":"pob","_id":"2586297"}}
	{"id":2586297,"type":"buy","buyer":"stayten","seller":"droida","symbol":"POB","quantity":"0.50949538","price":"0.05999799","timestamp":1642578309,"volume":"0.03056870","buyTxId":"9d7b85b2499dc4c38d8c6df09ac99e7ba8bf5cb5","sellTxId":"900a205a18c244636280840974366f5189592055"}
{"index": {"_index":"pob","_id":"2586298"}}
	{"id":2586298,"type":"buy","buyer":"stayten","seller":"harveyword","symbol":"POB","quantity":"2.00000000","price":"0.05999800","timestamp":1642578309,"volume":"0.11999600","buyTxId":"9d7b85b2499dc4c38d8c6df09ac99e7ba8bf5cb5","sellTxId":"8b74e21e74906a1598230852efd831da72cee083"}
{"index": {"_index":"pob","_id":"2586299"}}
	{"id":2586299,"type":"buy","buyer":"stayten","seller":"lebah","symbol":"POB","quantity":"2.50000000","price":"0.05999800","timestamp":1642578309,"volume":"0.14999500","buyTxId":"9d7b85b2499dc4c38d8c6df09ac99e7ba8bf5cb5","sellTxId":"8769144cf06470ae93c76040151968cc08870baf"}
{"index": {"_index":"pob","_id":"2586300"}}
	{"id":2586300,"type":"buy","buyer":"stayten","seller":"hannahhive","symbol":"POB","quantity":"41.00000000","price":"0.06000000","timestamp":1642578309,"volume":"2.46000000","buyTxId":"9d7b85b2499dc4c38d8c6df09ac99e7ba8bf5cb5","sellTxId":"631e395b7ff179bf8e7bc10b398b6d04e97bbb4d"}
{"index": {"_index":"pob","_id":"2586301"}}
	{"id":2586301,"type":"buy","buyer":"stayten","seller":"marilove22","symbol":"POB","quantity":"13.00000000","price":"0.06000000","timestamp":1642578309,"volume":"0.78000000","buyTxId":"9d7b85b2499dc4c38d8c6df09ac99e7ba8bf5cb5","sellTxId":"b04f280b86d9c13174319a28e3126702fd5153c0"}
{"index": {"_index":"pob","_id":"2586302"}}
	{"id":2586302,"type":"buy","buyer":"stayten","seller":"pobtrader","symbol":"POB","quantity":"30.00000000","price":"0.06000000","timestamp":1642578309,"volume":"1.80000000","buyTxId":"9d7b85b2499dc4c38d8c6df09ac99e7ba8bf5cb5","sellTxId":"5f611468a2d3fbce1ce35625f038d89d93ec8682"}
{"index": {"_index":"pob","_id":"2586303"}}
	{"id":2586303,"type":"buy","buyer":"stayten","seller":"precious008","symbol":"POB","quantity":"30.00000000","price":"0.06000000","timestamp":1642578309,"volume":"1.80000000","buyTxId":"9d7b85b2499dc4c38d8c6df09ac99e7ba8bf5cb5","sellTxId":"8ac49d07e499c4a0144d699b9080bc9b0b40f654"}
{"index": {"_index":"pob","_id":"2586312"}}
	{"id":2586312,"type":"buy","buyer":"stayten","seller":"skylinebuds","symbol":"POB","quantity":"15.00000000","price":"0.06500000","timestamp":1642578402,"volume":"0.97500000","buyTxId":"56b3d86245f02a53abc9046294f609fd6b9be41b","sellTxId":"605eb553c34a039f2e1edb2b08ba761e480bfd6e"}
{"index": {"_index":"pob","_id":"2586313"}}
	{"id":2586313,"type":"buy","buyer":"stayten","seller":"corporateay","symbol":"POB","quantity":"185.00000000","price":"0.07000000","timestamp":1642578402,"volume":"12.95000000","buyTxId":"56b3d86245f02a53abc9046294f609fd6b9be41b","sellTxId":"7ee8bd9b0e8df9e9dcb54188e2f3584c2c864f06"}
{"index": {"_index":"pob","_id":"2586430"}}
	{"id":2586430,"type":"sell","buyer":"marketroll","seller":"fullcoverbetting","symbol":"POB","quantity":"0.74141326","price":"0.04131100","timestamp":1642579767,"volume":"0.03062852","buyTxId":"c54ecb581cf1c8a2b2df62831049cc8a64bef0f4","sellTxId":"a944e9f9293ec7b64526125a3e15e72efc6d3835"}
{"index": {"_index":"pob","_id":"2586493"}}
	{"id":2586493,"type":"sell","buyer":"marketroll","seller":"brofi-market","symbol":"POB","quantity":"11.44829926","price":"0.04131100","timestamp":1642580127,"volume":"0.47294069","buyTxId":"c54ecb581cf1c8a2b2df62831049cc8a64bef0f4","sellTxId":"0bd913417b11ac5136fa096686928d400c0fb135"}
{"index": {"_index":"pob","_id":"2586589"}}
	{"id":2586589,"type":"sell","buyer":"marketroll","seller":"clixmoney","symbol":"POB","quantity":"15.55713742","price":"0.04131100","timestamp":1642581195,"volume":"0.64268090","buyTxId":"c54ecb581cf1c8a2b2df62831049cc8a64bef0f4","sellTxId":"979570b206ebdd80fac381c5dffc42eddb7ce2a1"}
{"index": {"_index":"pob","_id":"2586694"}}
	{"id":2586694,"type":"sell","buyer":"cloudblade","seller":"hive-143869","symbol":"POB","quantity":"0.10800000","price":"0.04132000","timestamp":1642582692,"volume":"0.00446256","buyTxId":"a61874dfa58d068bf42871ad56b0c2e59fc5ce5d","sellTxId":"dd456988a0ba8d319f224f4befff05c096e402b0"}
{"index": {"_index":"pob","_id":"2586825"}}
	{"id":2586825,"type":"sell","buyer":"balina","seller":"funshee","symbol":"POB","quantity":"60.00000000","price":"0.04132100","timestamp":1642584588,"volume":"2.47926000","buyTxId":"MM-P-14073203-61060387-3-1-0","sellTxId":"9d3a26211645b0a404e80dc5bd0d662296c7a19e"}
{"index": {"_index":"pob","_id":"2586874"}}
	{"id":2586874,"type":"sell","buyer":"balina","seller":"shebe","symbol":"POB","quantity":"1.2489141","price":"0.04132100","timestamp":1642585083,"volume":"0.05160638","buyTxId":"MM-P-14073203-61060387-3-1-0","sellTxId":"625c2dc58996881963cbe8ac94f6e193bf0070fa"}
{"index": {"_index":"pob","_id":"2586966"}}
	{"id":2586966,"type":"sell","buyer":"balina","seller":"freeztag","symbol":"POB","quantity":"3.37839580","price":"0.04132100","timestamp":1642586046,"volume":"0.13959869","buyTxId":"MM-P-14073203-61060387-3-1-0","sellTxId":"ed6f7ceaefcaba1e8d35cee8c9de18ef04cb57c1"}
{"index": {"_index":"pob","_id":"2586996"}}
	{"id":2586996,"type":"sell","buyer":"balina","seller":"zirochka","symbol":"POB","quantity":"0.86738277","price":"0.04132100","timestamp":1642586718,"volume":"0.03584112","buyTxId":"MM-P-14073203-61060387-3-1-0","sellTxId":"056c02c9b0911a400a2bed0a9e5ddef85b2a0089"}
{"index": {"_index":"pob","_id":"2587125"}}
	{"id":2587125,"type":"sell","buyer":"balina","seller":"michelmake","symbol":"POB","quantity":"1.42325788","price":"0.04132100","timestamp":1642588623,"volume":"0.05881044","buyTxId":"MM-P-14073203-61060387-3-1-0","sellTxId":"c140eec5130f3783ec482ee2e5c7837c096edb08"}
{"index": {"_index":"pob","_id":"2587361"}}
	{"id":2587361,"type":"sell","buyer":"balina","seller":"johndieo","symbol":"POB","quantity":"0.04844400","price":"0.04132100","timestamp":1642591317,"volume":"0.00200175","buyTxId":"MM-P-14073203-61060387-3-1-0","sellTxId":"82a7a90e8be25303c69b27b9b76246f9dfc46c78"}
{"index": {"_index":"pob","_id":"2587422"}}
	{"id":2587422,"type":"sell","buyer":"balina","seller":"esmeesmith","symbol":"POB","quantity":"16.61123701","price":"0.04132201","timestamp":1642592205,"volume":"0.68640970","buyTxId":"MM-P-14075802-61062986-3-1-0","sellTxId":"3122f766013311f7ce1498295341263263f040f8"}
{"index": {"_index":"pob","_id":"2587456"}}
	{"id":2587456,"type":"sell","buyer":"balina","seller":"elricmoonslayer","symbol":"POB","quantity":"1.04676680","price":"0.04132201","timestamp":1642592694,"volume":"0.04325451","buyTxId":"MM-P-14075802-61062986-3-1-0","sellTxId":"91615119bab41c1191874c348316b5c95f7e9b3d"}
{"index": {"_index":"pob","_id":"2587583"}}
	{"id":2587583,"type":"sell","buyer":"balina","seller":"fiberfrau","symbol":"POB","quantity":"0.55555574","price":"0.04132201","timestamp":1642594158,"volume":"0.02295668","buyTxId":"MM-P-14075802-61062986-3-1-0","sellTxId":"a8d41da0e3e1e5ee67dfeeb487dc4b0843052a6f"}
{"index": {"_index":"pob","_id":"2587608"}}
	{"id":2587608,"type":"sell","buyer":"balina","seller":"eythorphoto","symbol":"POB","quantity":"4.52331702","price":"0.04132201","timestamp":1642594296,"volume":"0.18691255","buyTxId":"MM-P-14075802-61062986-3-1-0","sellTxId":"9eee0cfb870061008195b9b7370508b4695e21e3"}
{"index": {"_index":"pob","_id":"2587787"}}
	{"id":2587787,"type":"sell","buyer":"erhan92","seller":"dhedge-drips","symbol":"POB","quantity":"1.22660349","price":"0.04132101","timestamp":1642596381,"volume":"0.05068450","buyTxId":"31b14b3c1373b17eb7fc616053c8d1dee933721d","sellTxId":"b49aaa5df5962e2b657dd3ca390760cc0c892bf6"}
{"index": {"_index":"pob","_id":"2587913"}}
	{"id":2587913,"type":"sell","buyer":"erhan92","seller":"gunnarheilmann","symbol":"POB","quantity":"2.46625087","price":"0.04132101","timestamp":1642597983,"volume":"0.10190798","buyTxId":"31b14b3c1373b17eb7fc616053c8d1dee933721d","sellTxId":"2cdb96c07b466b3635dd4da21efdea002ac47ea6"}
{"index": {"_index":"pob","_id":"2587920"}}
	{"id":2587920,"type":"sell","buyer":"erhan92","seller":"bearmol","symbol":"POB","quantity":"36.10243653","price":"0.04132101","timestamp":1642598118,"volume":"1.49178914","buyTxId":"31b14b3c1373b17eb7fc616053c8d1dee933721d","sellTxId":"cebe0e6ecf7eba4b7f1813abf75c38d0b6ebb8bc"}
{"index": {"_index":"pob","_id":"2588015"}}
	{"id":2588015,"type":"sell","buyer":"erhan92","seller":"gubbatv","symbol":"POB","quantity":"3.49735820","price":"0.04132101","timestamp":1642599255,"volume":"0.14451437","buyTxId":"31b14b3c1373b17eb7fc616053c8d1dee933721d","sellTxId":"bb5a71168720a47b89c29392c902882eb747676b"}
{"index": {"_index":"pob","_id":"2588256"}}
	{"id":2588256,"type":"buy","buyer":"uyobong","seller":"hiroshige","symbol":"POB","quantity":"0.10000000","price":"0.04990000","timestamp":1642599594,"volume":"0.00499000","buyTxId":"55134642fd7f371b065137df8bd64b8e625288d4","sellTxId":"c3375e0a0db0f16e90d6181b1ce47c4a66e5b20c"}
{"index": {"_index":"pob","_id":"2588271"}}
	{"id":2588271,"type":"sell","buyer":"erhan92","seller":"skylinebuds","symbol":"POB","quantity":"1.50000000","price":"0.04132101","timestamp":1642599774,"volume":"0.06198152","buyTxId":"31b14b3c1373b17eb7fc616053c8d1dee933721d","sellTxId":"6d60b8ea1d40164a22ff659d69f26dd7e4760d2b"}
{"index": {"_index":"pob","_id":"2588365"}}
	{"id":2588365,"type":"sell","buyer":"erhan92","seller":"corporateay","symbol":"POB","quantity":"40.20735091","price":"0.04132101","timestamp":1642600788,"volume":"1.66140834","buyTxId":"31b14b3c1373b17eb7fc616053c8d1dee933721d","sellTxId":"1f0df0dc85ede8b5d46cf2b158f9e87ae7d3f48b"}
{"index": {"_index":"pob","_id":"2588366"}}
	{"id":2588366,"type":"sell","buyer":"lebah","seller":"corporateay","symbol":"POB","quantity":"3.50000000","price":"0.04132101","timestamp":1642600788,"volume":"0.14462354","buyTxId":"5faaad04e0a11ec61f9e7eee0d1ddc6f9f79b567","sellTxId":"1f0df0dc85ede8b5d46cf2b158f9e87ae7d3f48b"}
{"index": {"_index":"pob","_id":"2588367"}}
	{"id":2588367,"type":"sell","buyer":"cloudblade","seller":"corporateay","symbol":"POB","quantity":"119.89200000","price":"0.04132000","timestamp":1642600788,"volume":"4.95393744","buyTxId":"a61874dfa58d068bf42871ad56b0c2e59fc5ce5d","sellTxId":"1f0df0dc85ede8b5d46cf2b158f9e87ae7d3f48b"}
{"index": {"_index":"pob","_id":"2588368"}}
	{"id":2588368,"type":"sell","buyer":"marketroll","seller":"corporateay","symbol":"POB","quantity":"162.71814261","price":"0.04131100","timestamp":1642600788,"volume":"6.72204919","buyTxId":"c54ecb581cf1c8a2b2df62831049cc8a64bef0f4","sellTxId":"1f0df0dc85ede8b5d46cf2b158f9e87ae7d3f48b"}
{"index": {"_index":"pob","_id":"2588369"}}
	{"id":2588369,"type":"sell","buyer":"soonlambo","seller":"corporateay","symbol":"POB","quantity":"0.51369180","price":"0.04121000","timestamp":1642600788,"volume":"0.02116924","buyTxId":"50dac31696074cbb55497845cde306213763fa9f","sellTxId":"1f0df0dc85ede8b5d46cf2b158f9e87ae7d3f48b"}
{"index": {"_index":"pob","_id":"2588370"}}
	{"id":2588370,"type":"sell","buyer":"lebah","seller":"corporateay","symbol":"POB","quantity":"66.16881468","price":"0.04121000","timestamp":1642600788,"volume":"2.72681685","buyTxId":"3357c52762362c854f8361fcac5d358584a71e31","sellTxId":"1f0df0dc85ede8b5d46cf2b158f9e87ae7d3f48b"}
{"index": {"_index":"pob","_id":"2588522"}}
	{"id":2588522,"type":"sell","buyer":"lebah","seller":"cesarsj5","symbol":"POB","quantity":"0.75545286","price":"0.04121000","timestamp":1642602048,"volume":"0.03113221","buyTxId":"3357c52762362c854f8361fcac5d358584a71e31","sellTxId":"2dcccdecb5b5456b9256a612881788c7975af2af"}
{"index": {"_index":"pob","_id":"2588700"}}
	{"id":2588700,"type":"sell","buyer":"lebah","seller":"theguru.photos","symbol":"POB","quantity":"25.11469865","price":"0.04121000","timestamp":1642603794,"volume":"1.03497673","buyTxId":"3357c52762362c854f8361fcac5d358584a71e31","sellTxId":"b34b2e1e207e4ab3e98fa087488138fab4f62770"}
{"index": {"_index":"pob","_id":"2588719"}}
	{"id":2588719,"type":"sell","buyer":"lebah","seller":"theguruasia","symbol":"POB","quantity":"1.19767290","price":"0.04121000","timestamp":1642604088,"volume":"0.04935610","buyTxId":"3357c52762362c854f8361fcac5d358584a71e31","sellTxId":"0729d8d8c93c235bc23e6f3df4b7a033d7fcda6b"}
{"index": {"_index":"pob","_id":"2588844"}}
	{"id":2588844,"type":"sell","buyer":"lebah","seller":"doudoer","symbol":"POB","quantity":"1.84117037","price":"0.04121000","timestamp":1642605507,"volume":"0.07587463","buyTxId":"3357c52762362c854f8361fcac5d358584a71e31","sellTxId":"a1f8afb41aecc2b5b69265c8c696499619894bb2"}
{"index": {"_index":"pob","_id":"2588923"}}
	{"id":2588923,"type":"sell","buyer":"lebah","seller":"balina","symbol":"POB","quantity":"384.92219000","price":"0.04121000","timestamp":1642606485,"volume":"15.86264345","buyTxId":"3357c52762362c854f8361fcac5d358584a71e31","sellTxId":"4d84eb155aec4a731a235aeec49f22761b286e5c"}
{"index": {"_index":"pob","_id":"2588926"}}
	{"id":2588926,"type":"sell","buyer":"lebah","seller":"balina","symbol":"POB","quantity":"0.00000054","price":"0.04121000","timestamp":1642606524,"volume":"0.00000002","buyTxId":"3357c52762362c854f8361fcac5d358584a71e31","sellTxId":"9768c3f54baa51b50104f91f9115e986cd3f1d4a"}
{"index": {"_index":"pob","_id":"2588927"}}
	{"id":2588927,"type":"sell","buyer":"edipascal","seller":"balina","symbol":"POB","quantity":"23.05539989","price":"0.04110000","timestamp":1642606524,"volume":"0.94757694","buyTxId":"d3d195779f333d298f41ad515bdd489a71f6784d","sellTxId":"9768c3f54baa51b50104f91f9115e986cd3f1d4a"}
{"index": {"_index":"pob","_id":"2589023"}}
	{"id":2589023,"type":"sell","buyer":"edipascal","seller":"skrep","symbol":"POB","quantity":"6.33115699","price":"0.04110000","timestamp":1642607790,"volume":"0.26021055","buyTxId":"d3d195779f333d298f41ad515bdd489a71f6784d","sellTxId":"5b25c6daba38f9689c7c8bc5f7726831f89ac760"}
{"index": {"_index":"pob","_id":"2589035"}}
	{"id":2589035,"type":"sell","buyer":"edipascal","seller":"savagetobi","symbol":"POB","quantity":"48.2344054","price":"0.04110000","timestamp":1642607844,"volume":"1.98243406","buyTxId":"d3d195779f333d298f41ad515bdd489a71f6784d","sellTxId":"c0cea8d4798c52882862c9b5cf49994f4cff5d38"}
{"index": {"_index":"pob","_id":"2589248"}}
	{"id":2589248,"type":"buy","buyer":"terminado","seller":"thehive","symbol":"POB","quantity":"3.37798796","price":"0.04890000","timestamp":1642609737,"volume":"0.16518361","buyTxId":"be5c1671659d0c133eeb482542b4fd117baa4461","sellTxId":"8d92a1583ef47e99e5c2a26a1a5337fd738335c0"}
{"index": {"_index":"pob","_id":"2589249"}}
	{"id":2589249,"type":"buy","buyer":"terminado","seller":"hiroshige","symbol":"POB","quantity":"5.62560631","price":"0.04990000","timestamp":1642609737,"volume":"0.28071775","buyTxId":"be5c1671659d0c133eeb482542b4fd117baa4461","sellTxId":"c3375e0a0db0f16e90d6181b1ce47c4a66e5b20c"}
{"index": {"_index":"pob","_id":"2589250"}}
	{"id":2589250,"type":"buy","buyer":"terminado","seller":"dhedge-drips","symbol":"POB","quantity":"1.22660349","price":"0.04990000","timestamp":1642609737,"volume":"0.06120751","buyTxId":"be5c1671659d0c133eeb482542b4fd117baa4461","sellTxId":"f55c80df44d3563d232c18772a70ba8f0db69abd"}
{"index": {"_index":"pob","_id":"2589251"}}
	{"id":2589251,"type":"buy","buyer":"terminado","seller":"lebah","symbol":"POB","quantity":"5.90000000","price":"0.04990000","timestamp":1642609737,"volume":"0.29441000","buyTxId":"be5c1671659d0c133eeb482542b4fd117baa4461","sellTxId":"0a5ef11950331c0c63fdb7d703ed28f2e41f12b0"}
{"index": {"_index":"pob","_id":"2589252"}}
	{"id":2589252,"type":"buy","buyer":"terminado","seller":"insight.pob","symbol":"POB","quantity":"31.00000000","price":"0.04990000","timestamp":1642609737,"volume":"1.54690000","buyTxId":"be5c1671659d0c133eeb482542b4fd117baa4461","sellTxId":"8a054160326bf04823b8e2631fc85b689d9a348d"}
{"index": {"_index":"pob","_id":"2589253"}}
	{"id":2589253,"type":"buy","buyer":"terminado","seller":"projectmamabg","symbol":"POB","quantity":"1.00086646","price":"0.04990000","timestamp":1642609737,"volume":"0.04994324","buyTxId":"be5c1671659d0c133eeb482542b4fd117baa4461","sellTxId":"dd95380fab53ef0777b1b0bc723404915efe2a00"}
{"index": {"_index":"pob","_id":"2589254"}}
	{"id":2589254,"type":"buy","buyer":"terminado","seller":"risingstargame","symbol":"POB","quantity":"18.86893578","price":"0.05000000","timestamp":1642609737,"volume":"0.94344679","buyTxId":"be5c1671659d0c133eeb482542b4fd117baa4461","sellTxId":"e72e615864ae17cece72a2f7c10d16e652e81a32"}
{"index": {"_index":"pob","_id":"2589299"}}
	{"id":2589299,"type":"buy","buyer":"terminado","seller":"risingstargame","symbol":"POB","quantity":"2.13106422","price":"0.05000000","timestamp":1642610358,"volume":"0.10655321","buyTxId":"a22fbd0bfe546ec8439ead79e4b09966f93fe069","sellTxId":"e72e615864ae17cece72a2f7c10d16e652e81a32"}
{"index": {"_index":"pob","_id":"2589300"}}
	{"id":2589300,"type":"buy","buyer":"terminado","seller":"lebah","symbol":"POB","quantity":"483.00000000","price":"0.05900000","timestamp":1642610358,"volume":"28.49700000","buyTxId":"a22fbd0bfe546ec8439ead79e4b09966f93fe069","sellTxId":"e3e2221a2d6122551f3a0e062093fd52f75f92f6"}
{"index": {"_index":"pob","_id":"2589301"}}
	{"id":2589301,"type":"buy","buyer":"terminado","seller":"erikah","symbol":"POB","quantity":"31.86893578","price":"0.05996601","timestamp":1642610358,"volume":"1.91105292","buyTxId":"a22fbd0bfe546ec8439ead79e4b09966f93fe069","sellTxId":"2789a2d66555e69ff1a438436c88bd171fac56bb"}
{"index": {"_index":"pob","_id":"2589314"}}
	{"id":2589314,"type":"sell","buyer":"yintercept","seller":"automaton","symbol":"POB","quantity":"5.23113233","price":"0.04200000","timestamp":1642610592,"volume":"0.21970756","buyTxId":"5c93c62fc97d15416f067b1a3a42d2bae91ea002","sellTxId":"98cf88804374e6dc50b442bdd2842a70496979e7"}
{"index": {"_index":"pob","_id":"2589385"}}
	{"id":2589385,"type":"sell","buyer":"yintercept","seller":"tex73110","symbol":"POB","quantity":"0.00036292","price":"0.04200000","timestamp":1642611378,"volume":"0.00001524","buyTxId":"5c93c62fc97d15416f067b1a3a42d2bae91ea002","sellTxId":"ff1c3603f250b7b4869b974d82fc735f8c1d4a49"}
{"index": {"_index":"pob","_id":"2589403"}}
	{"id":2589403,"type":"sell","buyer":"yintercept","seller":"oks2crypto","symbol":"POB","quantity":"0.20899456","price":"0.04200000","timestamp":1642611570,"volume":"0.00877777","buyTxId":"5c93c62fc97d15416f067b1a3a42d2bae91ea002","sellTxId":"ab07e16d8461a2e08c9ffac356b7ae6dbff978d3"}
{"index": {"_index":"pob","_id":"2589420"}}
	{"id":2589420,"type":"sell","buyer":"yintercept","seller":"kennysgaminglife","symbol":"POB","quantity":"44.55951019","price":"0.04200000","timestamp":1642611783,"volume":"1.87149943","buyTxId":"5c93c62fc97d15416f067b1a3a42d2bae91ea002","sellTxId":"04500c02d6f79c4efd6a1ceffe07fdac603a2883"}
{"index": {"_index":"pob","_id":"2589421"}}
	{"id":2589421,"type":"sell","buyer":"edipascal","seller":"kennysgaminglife","symbol":"POB","quantity":"7.37903772","price":"0.04110000","timestamp":1642611783,"volume":"0.30327845","buyTxId":"d3d195779f333d298f41ad515bdd489a71f6784d","sellTxId":"04500c02d6f79c4efd6a1ceffe07fdac603a2883"}
{"index": {"_index":"pob","_id":"2589422"}}
	{"id":2589422,"type":"sell","buyer":"ganjafarmer","seller":"kennysgaminglife","symbol":"POB","quantity":"25.00000000","price":"0.04021000","timestamp":1642611783,"volume":"1.00525000","buyTxId":"706ed8c6c6c843969401430ed5a67459bc033e75","sellTxId":"04500c02d6f79c4efd6a1ceffe07fdac603a2883"}
{"index": {"_index":"pob","_id":"2589423"}}
	{"id":2589423,"type":"sell","buyer":"gimme-your-coinz","seller":"kennysgaminglife","symbol":"POB","quantity":"66.00000000","price":"0.03910000","timestamp":1642611783,"volume":"2.58060000","buyTxId":"75d6dc486caaa470452b599ac558b15c79441415","sellTxId":"04500c02d6f79c4efd6a1ceffe07fdac603a2883"}
{"index": {"_index":"pob","_id":"2589424"}}
	{"id":2589424,"type":"sell","buyer":"gimme-your-coinz","seller":"kennysgaminglife","symbol":"POB","quantity":"66.00000000","price":"0.03910000","timestamp":1642611783,"volume":"2.58060000","buyTxId":"dbc0774bc65ad8fd4c7e3574237b63f83bd38531","sellTxId":"04500c02d6f79c4efd6a1ceffe07fdac603a2883"}
{"index": {"_index":"pob","_id":"2589425"}}
	{"id":2589425,"type":"sell","buyer":"zoe24","seller":"kennysgaminglife","symbol":"POB","quantity":"300.00000000","price":"0.03901000","timestamp":1642611783,"volume":"11.70300000","buyTxId":"b88c28e58372946c6260c2597a483f5571ed3adc","sellTxId":"04500c02d6f79c4efd6a1ceffe07fdac603a2883"}
{"index": {"_index":"pob","_id":"2589426"}}
	{"id":2589426,"type":"sell","buyer":"eirik","seller":"kennysgaminglife","symbol":"POB","quantity":"11.45278577","price":"0.03450000","timestamp":1642611783,"volume":"0.39512111","buyTxId":"949b68b8da5332bf8ed4d62818fa9e6300f774a6","sellTxId":"04500c02d6f79c4efd6a1ceffe07fdac603a2883"}
{"index": {"_index":"pob","_id":"2589482"}}
	{"id":2589482,"type":"sell","buyer":"gimme-your-coinz","seller":"ckole","symbol":"POB","quantity":"7.97044443","price":"0.03450001","timestamp":1642612503,"volume":"0.27498041","buyTxId":"ac47e1e63ed174c107e8131c5a169a67a6bfc566","sellTxId":"932de879da79c5747a46eb98b38dceeb4786e563"}
{"index": {"_index":"pob","_id":"2589601"}}
	{"id":2589601,"type":"buy","buyer":"senseiphil","seller":"yintercept","symbol":"POB","quantity":"12.55370370","price":"0.05400000","timestamp":1642614081,"volume":"0.6779","buyTxId":"11571e60701beaccf2235389946614ac7e5a3dde","sellTxId":"b187b276fcae88b61d7bd46cda14af2a7896cb31"}
{"index": {"_index":"pob","_id":"2589619"}}
	{"id":2589619,"type":"sell","buyer":"gimme-your-coinz","seller":"achim03","symbol":"POB","quantity":"13.67000000","price":"0.03610001","timestamp":1642614354,"volume":"0.49348714","buyTxId":"dcc8a2d6f9c4c72cc08ee46d0dc8f5483167b17d","sellTxId":"6a0a0008ecb3edefd6cd8f8af16c52354e097008"}
{"index": {"_index":"pob","_id":"2589652"}}
	{"id":2589652,"type":"sell","buyer":"gimme-your-coinz","seller":"wearechange-co","symbol":"POB","quantity":"52.33000000","price":"0.03610001","timestamp":1642614804,"volume":"1.88911352","buyTxId":"dcc8a2d6f9c4c72cc08ee46d0dc8f5483167b17d","sellTxId":"1106a57571843dffb6238f7383d33890ac927025"}
{"index": {"_index":"pob","_id":"2589653"}}
	{"id":2589653,"type":"sell","buyer":"gimme-your-coinz","seller":"wearechange-co","symbol":"POB","quantity":"66.00000000","price":"0.03610001","timestamp":1642614804,"volume":"2.38260066","buyTxId":"f3a2653da3fdbe5b6eded07aa4a807dcc4bfbdf6","sellTxId":"1106a57571843dffb6238f7383d33890ac927025"}
{"index": {"_index":"pob","_id":"2589654"}}
	{"id":2589654,"type":"sell","buyer":"yintercept","seller":"wearechange-co","symbol":"POB","quantity":"19.00000000","price":"0.03610000","timestamp":1642614804,"volume":"0.68590000","buyTxId":"18de4a5c552c32db1b77ffda9e14583225a87e23","sellTxId":"1106a57571843dffb6238f7383d33890ac927025"}
{"index": {"_index":"pob","_id":"2589655"}}
	{"id":2589655,"type":"sell","buyer":"yintercept","seller":"wearechange-co","symbol":"POB","quantity":"22.20400552","price":"0.03600000","timestamp":1642614804,"volume":"0.79934420","buyTxId":"8cb3b5a6b1fb347846a59ce03ee1b681ce9e2062","sellTxId":"1106a57571843dffb6238f7383d33890ac927025"}
{"index": {"_index":"pob","_id":"2589778"}}
	{"id":2589778,"type":"buy","buyer":"terminado","seller":"dera123","symbol":"POB","quantity":"64.38446699","price":"0.05000000","timestamp":1642616205,"volume":"3.21922335","buyTxId":"f7842ba3e88283e1279a4c7029587ef51ad5ba93","sellTxId":"4a2f66777a68076769490775d9671d3dcb926619"}
{"index": {"_index":"pob","_id":"2589779"}}
	{"id":2589779,"type":"buy","buyer":"terminado","seller":"yintercept","symbol":"POB","quantity":"7.44629630","price":"0.05400000","timestamp":1642616205,"volume":"0.40210000","buyTxId":"f7842ba3e88283e1279a4c7029587ef51ad5ba93","sellTxId":"b187b276fcae88b61d7bd46cda14af2a7896cb31"}
{"index": {"_index":"pob","_id":"2589780"}}
	{"id":2589780,"type":"buy","buyer":"terminado","seller":"zoe24","symbol":"POB","quantity":"180.01800000","price":"0.05549000","timestamp":1642616205,"volume":"9.98919882","buyTxId":"f7842ba3e88283e1279a4c7029587ef51ad5ba93","sellTxId":"0e659e7ce5cbe4f2f127647e62785ba458ef5b71"}
{"index": {"_index":"pob","_id":"2589781"}}
	{"id":2589781,"type":"buy","buyer":"terminado","seller":"yintercept","symbol":"POB","quantity":"4.15123671","price":"0.05550000","timestamp":1642616205,"volume":"0.23039364","buyTxId":"f7842ba3e88283e1279a4c7029587ef51ad5ba93","sellTxId":"bbaa9ad29fe3ce086f24d8220b547ca3da179808"}
{"index": {"_index":"pob","_id":"2589942"}}
	{"id":2589942,"type":"sell","buyer":"terminado","seller":"haseeb.asif.khan","symbol":"POB","quantity":"14.11827473","price":"0.03710000","timestamp":1642617651,"volume":"0.52378799","buyTxId":"5a6f7e0cc82618f2033c6b337a8e6ec58e5a0721","sellTxId":"c4de78f6311faf8400f95b4b5386177d5276bb42"}
{"index": {"_index":"pob","_id":"2590031"}}
	{"id":2590031,"type":"sell","buyer":"terminado","seller":"whitelightxpress","symbol":"POB","quantity":"1.02262750","price":"0.03710000","timestamp":1642618161,"volume":"0.03793948","buyTxId":"5a6f7e0cc82618f2033c6b337a8e6ec58e5a0721","sellTxId":"ef8ab112ae0522d54c4175888985eb117f0fed0c"}
{"index": {"_index":"pob","_id":"2590077"}}
	{"id":2590077,"type":"sell","buyer":"terminado","seller":"futuremind","symbol":"POB","quantity":"28.01425526","price":"0.03710000","timestamp":1642618425,"volume":"1.03932887","buyTxId":"5a6f7e0cc82618f2033c6b337a8e6ec58e5a0721","sellTxId":"191e7bcd9f723634c147ce7f4782a1af34b332be"}
{"index": {"_index":"pob","_id":"2590300"}}
	{"id":2590300,"type":"sell","buyer":"gimme-your-coinz","seller":"darmst5339","symbol":"POB","quantity":"0.21937532","price":"0.03710001","timestamp":1642620183,"volume":"0.00813883","buyTxId":"ffe40b2d5573677560a0523bfce966188c11065a","sellTxId":"c87618e83cbbfdd465bacf8c8dfef1aafc86583a"}
{"index": {"_index":"pob","_id":"2590347"}}
	{"id":2590347,"type":"sell","buyer":"gimme-your-coinz","seller":"flexyg","symbol":"POB","quantity":"29","price":"0.03800001","timestamp":1642620600,"volume":"1.10200029","buyTxId":"9bd81a4e56d20762aed9a0c308544757412f24b0","sellTxId":"83da445ee5c33e0daafecf1b0d174e8f029841c1"}
{"index": {"_index":"pob","_id":"2590356"}}
	{"id":2590356,"type":"sell","buyer":"shanhenry","seller":"curatorcat.pal","symbol":"POB","quantity":"0.44201881","price":"0.03850000","timestamp":1642620681,"volume":"0.01701772","buyTxId":"2046c3a63a745478b5358b37ba76aa4d634819d5","sellTxId":"57f7ae648c4c0bf5d68aee3bd53353a48713e7c1"}
{"index": {"_index":"pob","_id":"2590466"}}
	{"id":2590466,"type":"sell","buyer":"gimme-your-coinz","seller":"kevm","symbol":"POB","quantity":"0.13319590","price":"0.03900001","timestamp":1642621866,"volume":"0.00519464","buyTxId":"54939e77068a137388e7190fc52f826674a40725","sellTxId":"8e8aa3155bdeef3e6a8bb650db223a71c42a53e0"}
{"index": {"_index":"pob","_id":"2590756"}}
	{"id":2590756,"type":"sell","buyer":"gimme-your-coinz","seller":"steemstreems","symbol":"POB","quantity":"0.00055985","price":"0.03910001","timestamp":1642624704,"volume":"0.00002189","buyTxId":"3ba2844c545c8b31e1eed9b6e61668e3ecdb7f49","sellTxId":"fcb5fb8f43b75e46672805031906a298a51f153e"}
{"index": {"_index":"pob","_id":"2590777"}}
	{"id":2590777,"type":"buy","buyer":"terminado","seller":"ricestrela","symbol":"POB","quantity":"7.14951737","price":"0.05489999","timestamp":1642625049,"volume":"0.39250843","buyTxId":"2a72204c695f383c052c9cc6552c736253579379","sellTxId":"55a174c94f9fe86aa1ebc31ad2ea1fb7d60edde4"}
{"index": {"_index":"pob","_id":"2590778"}}
	{"id":2590778,"type":"buy","buyer":"terminado","seller":"zoe24","symbol":"POB","quantity":"120.00000000","price":"0.05490000","timestamp":1642625049,"volume":"6.58800000","buyTxId":"2a72204c695f383c052c9cc6552c736253579379","sellTxId":"c4762f637a543bd9665f64643bad020d03d5d532"}
{"index": {"_index":"pob","_id":"2590779"}}
	{"id":2590779,"type":"buy","buyer":"terminado","seller":"insight.pob","symbol":"POB","quantity":"72.10000000","price":"0.05500000","timestamp":1642625049,"volume":"3.96550000","buyTxId":"2a72204c695f383c052c9cc6552c736253579379","sellTxId":"d90aea58e7a7b257b1aa5611ed0f9b924af213b9"}
{"index": {"_index":"pob","_id":"2590780"}}
	{"id":2590780,"type":"buy","buyer":"terminado","seller":"quicktrades","symbol":"POB","quantity":"0.67663836","price":"0.05549998","timestamp":1642625049,"volume":"0.03755342","buyTxId":"2a72204c695f383c052c9cc6552c736253579379","sellTxId":"c67c42aff83f0d1d558bf465aa9c34a863261cc6"}
{"index": {"_index":"pob","_id":"2590781"}}
	{"id":2590781,"type":"buy","buyer":"terminado","seller":"droida","symbol":"POB","quantity":"0.29593288","price":"0.05549999","timestamp":1642625049,"volume":"0.01642427","buyTxId":"2a72204c695f383c052c9cc6552c736253579379","sellTxId":"e3c0eaa41f0af7a882f93d7bf5d75ae7b81a2b0f"}
{"index": {"_index":"pob","_id":"2590782"}}
	{"id":2590782,"type":"buy","buyer":"terminado","seller":"yintercept","symbol":"POB","quantity":"1.77989562","price":"0.05550000","timestamp":1642625049,"volume":"0.09878421","buyTxId":"2a72204c695f383c052c9cc6552c736253579379","sellTxId":"bbaa9ad29fe3ce086f24d8220b547ca3da179808"}
{"index": {"_index":"pob","_id":"2590783"}}
	{"id":2590783,"type":"buy","buyer":"terminado","seller":"gadrian","symbol":"POB","quantity":"5.99801577","price":"0.05550000","timestamp":1642625049,"volume":"0.33288988","buyTxId":"2a72204c695f383c052c9cc6552c736253579379","sellTxId":"4a1e1f63743d113b8ba96e9bb254a8f3483c3547"}
{"index": {"_index":"pob","_id":"2590837"}}
	{"id":2590837,"type":"sell","buyer":"gimme-your-coinz","seller":"deathwing","symbol":"POB","quantity":"3.82772628","price":"0.03910001","timestamp":1642625706,"volume":"0.14966414","buyTxId":"3ba2844c545c8b31e1eed9b6e61668e3ecdb7f49","sellTxId":"351446e1733d5263019016a95cf67594ab45bc3a-1"}
{"index": {"_index":"pob","_id":"2591214"}}
	{"id":2591214,"type":"sell","buyer":"harveyword","seller":"mad-runner","symbol":"POB","quantity":"7.18291642","price":"0.03920000","timestamp":1642630032,"volume":"0.28157032","buyTxId":"2cc8eaa5de65b20c07f4e0639c4f1f4b41e4a863","sellTxId":"c8d207e257406bed9a2511088dbe2ba1fd8e72aa"}
{"index": {"_index":"pob","_id":"2591246"}}
	{"id":2591246,"type":"sell","buyer":"harveyword","seller":"apoloo1","symbol":"POB","quantity":"2.63556098","price":"0.03920000","timestamp":1642630479,"volume":"0.10331399","buyTxId":"2cc8eaa5de65b20c07f4e0639c4f1f4b41e4a863","sellTxId":"b35a3368a9887ec27b0a6306c7e1a8d18b2d3f83"}
{"index": {"_index":"pob","_id":"2591521"}}
	{"id":2591521,"type":"sell","buyer":"harveyword","seller":"he-index","symbol":"POB","quantity":"0.08800000","price":"0.03920000","timestamp":1642633278,"volume":"0.00344960","buyTxId":"2cc8eaa5de65b20c07f4e0639c4f1f4b41e4a863","sellTxId":"88d998f9a7ada3298760f7b18829f6f9a7b42051"}
{"index": {"_index":"pob","_id":"2591530"}}
	{"id":2591530,"type":"sell","buyer":"harveyword","seller":"cybercity","symbol":"POB","quantity":"0.09352260","price":"0.03920000","timestamp":1642633452,"volume":"0.00366609","buyTxId":"2cc8eaa5de65b20c07f4e0639c4f1f4b41e4a863","sellTxId":"94ba7d3032240449d6225ef0976e2d8a91c9767c"}
{"index": {"_index":"pob","_id":"2591531"}}
	{"id":2591531,"type":"sell","buyer":"alberto0607","seller":"cybercity","symbol":"POB","quantity":"2.59000000","price":"0.03912000","timestamp":1642633452,"volume":"0.10132080","buyTxId":"b1fc612a03a04ab2f3bd0b371d64b82ac4f8c6e7","sellTxId":"94ba7d3032240449d6225ef0976e2d8a91c9767c"}
{"index": {"_index":"pob","_id":"2591553"}}
	{"id":2591553,"type":"buy","buyer":"lebah","seller":"cybercity","symbol":"POB","quantity":"0.71315700","price":"0.03912000","timestamp":1642633785,"volume":"0.02789870","buyTxId":"26a5c3e5930bdc04464430eef86429577f058643","sellTxId":"94ba7d3032240449d6225ef0976e2d8a91c9767c"}
{"index": {"_index":"pob","_id":"2591584"}}
	{"id":2591584,"type":"buy","buyer":"ahmetay","seller":"cryptofiloz","symbol":"POB","quantity":"3.84168921","price":"0.04997501","timestamp":1642634211,"volume":"0.19198846","buyTxId":"516cc96c843d46499b0decd85f1995661b236304","sellTxId":"575e13720a3ed523ebdf3e1962e5555270e87071"}
{"index": {"_index":"pob","_id":"2591585"}}
	{"id":2591585,"type":"buy","buyer":"ahmetay","seller":"lordneroo","symbol":"POB","quantity":"64.23002079","price":"0.04998000","timestamp":1642634211,"volume":"3.21021644","buyTxId":"516cc96c843d46499b0decd85f1995661b236304","sellTxId":"344d827c1444358e44ce0c68c03e51c0782e0b85"}
{"index": {"_index":"pob","_id":"2591613"}}
	{"id":2591613,"type":"sell","buyer":"yintercept","seller":"sketchygamerguy","symbol":"POB","quantity":"0.15578156","price":"0.03910000","timestamp":1642634529,"volume":"0.00609106","buyTxId":"ead64210cae8478fcdcd70cb5c7679c04daa1ba6","sellTxId":"b320702a0d8a99e0b5c18b85488b672474a7cc9d"}
{"index": {"_index":"pob","_id":"2591820"}}
	{"id":2591820,"type":"sell","buyer":"yintercept","seller":"candy49","symbol":"POB","quantity":"1.43407808","price":"0.03910000","timestamp":1642636833,"volume":"0.05607245","buyTxId":"ead64210cae8478fcdcd70cb5c7679c04daa1ba6","sellTxId":"c8c2943368795061997c7843d41bfb8b02916cc9"}
{"index": {"_index":"pob","_id":"2591945"}}
	{"id":2591945,"type":"sell","buyer":"yintercept","seller":"quantumg","symbol":"POB","quantity":"1.18477920","price":"0.03910000","timestamp":1642638510,"volume":"0.04632487","buyTxId":"ead64210cae8478fcdcd70cb5c7679c04daa1ba6","sellTxId":"98d1447f7d81392252e3f6a3fc167bdfa683ba59"}
{"index": {"_index":"pob","_id":"2592106"}}
	{"id":2592106,"type":"sell","buyer":"yintercept","seller":"antoniojoseha","symbol":"POB","quantity":"13.22536116","price":"0.03910000","timestamp":1642640655,"volume":"0.51711162","buyTxId":"ead64210cae8478fcdcd70cb5c7679c04daa1ba6","sellTxId":"4f42a92c2685d14c314789a2d93337231af3444e"}
{"index": {"_index":"pob","_id":"2592159"}}
	{"id":2592159,"type":"buy","buyer":"terminado","seller":"antoniojoseha","symbol":"POB","quantity":"21.25602256","price":"0.03910000","timestamp":1642641006,"volume":"0.83111048","buyTxId":"4fb579a89ebd2d926745f9379553b9176bbd2a3e","sellTxId":"4f42a92c2685d14c314789a2d93337231af3444e"}
{"index": {"_index":"pob","_id":"2592160"}}
	{"id":2592160,"type":"buy","buyer":"terminado","seller":"lordneroo","symbol":"POB","quantity":"3.84169014","price":"0.04998000","timestamp":1642641006,"volume":"0.19200767","buyTxId":"4fb579a89ebd2d926745f9379553b9176bbd2a3e","sellTxId":"344d827c1444358e44ce0c68c03e51c0782e0b85"}
{"index": {"_index":"pob","_id":"2592161"}}
	{"id":2592161,"type":"buy","buyer":"terminado","seller":"harveyword","symbol":"POB","quantity":"5.00000000","price":"0.04999000","timestamp":1642641006,"volume":"0.24995000","buyTxId":"4fb579a89ebd2d926745f9379553b9176bbd2a3e","sellTxId":"4b45a72382ac1d432588227635944e1191d4f18d"}
{"index": {"_index":"pob","_id":"2592162"}}
	{"id":2592162,"type":"buy","buyer":"terminado","seller":"forexbrokr","symbol":"POB","quantity":"16.90228730","price":"0.05000000","timestamp":1642641006,"volume":"0.84511437","buyTxId":"4fb579a89ebd2d926745f9379553b9176bbd2a3e","sellTxId":"28a66b4b17365e734c6430bfbf4136e7e27c1abe"}
{"index": {"_index":"pob","_id":"2592223"}}
	{"id":2592223,"type":"sell","buyer":"shanhenry","seller":"sketchygamerguy","symbol":"POB","quantity":"0.12282896","price":"0.03900000","timestamp":1642641924,"volume":"0.00479033","buyTxId":"2552831c14f3ad1f4d6297f1b5bc2e4695580c0e","sellTxId":"2d930e453cf8c60cc6c0e6edca6d844282fe7202"}
{"index": {"_index":"pob","_id":"2592226"}}
	{"id":2592226,"type":"sell","buyer":"shanhenry","seller":"enforcer48","symbol":"POB","quantity":"1.62717104","price":"0.03900000","timestamp":1642641981,"volume":"0.06345967","buyTxId":"2552831c14f3ad1f4d6297f1b5bc2e4695580c0e","sellTxId":"55ad30380d37ed219a22975289bd40466d4dbdc1"}
{"index": {"_index":"pob","_id":"2592227"}}
	{"id":2592227,"type":"sell","buyer":"lebah","seller":"enforcer48","symbol":"POB","quantity":"3.18182896","price":"0.03730000","timestamp":1642641981,"volume":"0.11868222","buyTxId":"a57aa699c6bf812c16fa7845761206a887db8830","sellTxId":"55ad30380d37ed219a22975289bd40466d4dbdc1"}
{"index": {"_index":"pob","_id":"2592517"}}
	{"id":2592517,"type":"sell","buyer":"lebah","seller":"mawit07","symbol":"POB","quantity":"7.15706692","price":"0.03730000","timestamp":1642646571,"volume":"0.26695860","buyTxId":"a57aa699c6bf812c16fa7845761206a887db8830","sellTxId":"a095d34569e27457050a2370f3d517041f9fecc5"}
{"index": {"_index":"pob","_id":"2592550"}}
	{"id":2592550,"type":"sell","buyer":"lebah","seller":"yahia-lababidi","symbol":"POB","quantity":"45.23193552","price":"0.03730000","timestamp":1642647042,"volume":"1.68715119","buyTxId":"a57aa699c6bf812c16fa7845761206a887db8830","sellTxId":"bef8c79d8923e904db3697735bad24b914eb51bd"}
