{"index": {"_index":"pob","_id":"1192984"}}
	{"id":1192984,"type":"sell","buyer":"richardcrill","seller":"melbourneswest","symbol":"POB","quantity":"5.40786450","price":"0.60105022","timestamp":1625370576,"volume":"3.25039815","buyTxId":"MM-P-8359079-55337973-3-10-0","sellTxId":"5080b58894b517133ac557f47d9017dc35a434c5"}
{"index": {"_index":"pob","_id":"1192996"}}
	{"id":1192996,"type":"buy","buyer":"scholaris.pob","seller":"take-my-coinz","symbol":"POB","quantity":"6.66000000","price":"0.86950434","timestamp":1625371191,"volume":"5.79089890","buyTxId":"b49b29c8f3f8029495bd46968e3d6649f2bc9c65","sellTxId":"3e97fc4bc58568c15c43ed0cc476e503b304a205"}
{"index": {"_index":"pob","_id":"1192997"}}
	{"id":1192997,"type":"buy","buyer":"scholaris.pob","seller":"bluesniper","symbol":"POB","quantity":"29.00000000","price":"0.86950436","timestamp":1625371191,"volume":"25.21562644","buyTxId":"b49b29c8f3f8029495bd46968e3d6649f2bc9c65","sellTxId":"MM-P-8359312-55338206-3-5-1"}
{"index": {"_index":"pob","_id":"1192998"}}
	{"id":1192998,"type":"buy","buyer":"scholaris.pob","seller":"freebornsociety","symbol":"POB","quantity":"50.00000000","price":"0.86951436","timestamp":1625371191,"volume":"43.47571800","buyTxId":"b49b29c8f3f8029495bd46968e3d6649f2bc9c65","sellTxId":"MM-P-8359312-55338206-3-3-1"}
{"index": {"_index":"pob","_id":"1192999"}}
	{"id":1192999,"type":"buy","buyer":"scholaris.pob","seller":"take-my-coinz","symbol":"POB","quantity":"6.66000000","price":"0.86951536","timestamp":1625371191,"volume":"5.79097230","buyTxId":"b49b29c8f3f8029495bd46968e3d6649f2bc9c65","sellTxId":"71dfd20c534db78a7cf319b2c2c6f221bcfcf317"}
{"index": {"_index":"pob","_id":"1193000"}}
	{"id":1193000,"type":"buy","buyer":"scholaris.pob","seller":"scooter77","symbol":"POB","quantity":"20.00000000","price":"0.87000000","timestamp":1625371191,"volume":"17.40000000","buyTxId":"b49b29c8f3f8029495bd46968e3d6649f2bc9c65","sellTxId":"0908cf2c520d000f02703f14638edff4046cee0b"}
{"index": {"_index":"pob","_id":"1193001"}}
	{"id":1193001,"type":"buy","buyer":"scholaris.pob","seller":"liotes.voter","symbol":"POB","quantity":"6.29052618","price":"0.89993501","timestamp":1625371191,"volume":"5.66106474","buyTxId":"b49b29c8f3f8029495bd46968e3d6649f2bc9c65","sellTxId":"acd9a842dcc394f86285373854e578b528c16880"}
{"index": {"_index":"pob","_id":"1193002"}}
	{"id":1193002,"type":"buy","buyer":"scholaris.pob","seller":"rentmoney","symbol":"POB","quantity":"12.00000000","price":"0.89998000","timestamp":1625371191,"volume":"10.79976000","buyTxId":"b49b29c8f3f8029495bd46968e3d6649f2bc9c65","sellTxId":"856a1a08a91cfeeac5fc60fc88a678fe7222d24a"}
{"index": {"_index":"pob","_id":"1193003"}}
	{"id":1193003,"type":"buy","buyer":"scholaris.pob","seller":"liaminit1","symbol":"POB","quantity":"5.76199554","price":"0.90000000","timestamp":1625371191,"volume":"5.18579599","buyTxId":"b49b29c8f3f8029495bd46968e3d6649f2bc9c65","sellTxId":"0e2eef3488a6514c244947a5bf211277cac62216"}
{"index": {"_index":"pob","_id":"1193004"}}
	{"id":1193004,"type":"buy","buyer":"scholaris.pob","seller":"scooter77","symbol":"POB","quantity":"13.49028854","price":"0.92000000","timestamp":1625371191,"volume":"12.41106546","buyTxId":"b49b29c8f3f8029495bd46968e3d6649f2bc9c65","sellTxId":"f2f06ef28c15e7783d64623586997e7df7a6a12b"}
{"index": {"_index":"pob","_id":"1193068"}}
	{"id":1193068,"type":"sell","buyer":"richardcrill","seller":"rilo","symbol":"POB","quantity":"4.38840921","price":"0.60259022","timestamp":1625374593,"volume":"2.64441247","buyTxId":"MM-P-8360471-55339365-3-10-0","sellTxId":"4c4ad0169a8e063a864d92bd87f586b5fe14c91d"}
{"index": {"_index":"pob","_id":"1193072"}}
	{"id":1193072,"type":"sell","buyer":"richardcrill","seller":"stevescoins","symbol":"POB","quantity":"1.18551218","price":"0.60259022","timestamp":1625374665,"volume":"0.71437805","buyTxId":"MM-P-8360471-55339365-3-10-0","sellTxId":"97391c160fbf35865079b0b7cdf33951bfb8fd86"}
{"index": {"_index":"pob","_id":"1193109"}}
	{"id":1193109,"type":"sell","buyer":"gerisn","seller":"finguru","symbol":"POB","quantity":"3.05000000","price":"0.64100000","timestamp":1625376339,"volume":"1.95505000","buyTxId":"17cef78f13f3f1e0e60a7d65573b65222be6f348","sellTxId":"7d9fbdd39f8964b3288be3d748871336b6ecf1a5"}
{"index": {"_index":"pob","_id":"1193134"}}
	{"id":1193134,"type":"buy","buyer":"beemd","seller":"saachi","symbol":"POB","quantity":"0.04535000","price":"0.75000000","timestamp":1625378256,"volume":"0.03401250","buyTxId":"5b89331393cc9e9b01f949f7a5284196280faa96","sellTxId":"44a6d1a94fd2be7fb9c05514ea9254f5b74570b1"}
{"index": {"_index":"pob","_id":"1193136"}}
	{"id":1193136,"type":"buy","buyer":"holovision","seller":"saachi","symbol":"POB","quantity":"4.45465000","price":"0.75000000","timestamp":1625378451,"volume":"3.34098750","buyTxId":"4da90d0bad67c8249ee032dd6595f2cc7b3ecd70","sellTxId":"44a6d1a94fd2be7fb9c05514ea9254f5b74570b1"}
{"index": {"_index":"pob","_id":"1193173"}}
	{"id":1193173,"type":"sell","buyer":"holovision","seller":"risingstargame","symbol":"POB","quantity":"1.00000000","price":"0.75000000","timestamp":1625380266,"volume":"0.75000000","buyTxId":"e662129c59091e7a9712ce5622d22b82077dd673","sellTxId":"6317cb5b45ef61a7f9ab430aaa73962a0484dabb"}
{"index": {"_index":"pob","_id":"1193174"}}
	{"id":1193174,"type":"sell","buyer":"holovision","seller":"risingstargame","symbol":"POB","quantity":"8.00000000","price":"0.70000000","timestamp":1625380266,"volume":"5.60000000","buyTxId":"eb0dc075d3c33486faa829aeaea762a010d39b67","sellTxId":"6317cb5b45ef61a7f9ab430aaa73962a0484dabb"}
{"index": {"_index":"pob","_id":"1193185"}}
	{"id":1193185,"type":"sell","buyer":"holovision","seller":"ahmetay","symbol":"POB","quantity":"0.10064712","price":"0.70000000","timestamp":1625380998,"volume":"0.07045298","buyTxId":"eb0dc075d3c33486faa829aeaea762a010d39b67","sellTxId":"422e8fc77e63a9116e7666d7f7ed87aa0fbba3c3"}
{"index": {"_index":"pob","_id":"1193188"}}
	{"id":1193188,"type":"sell","buyer":"holovision","seller":"vanillavow","symbol":"POB","quantity":"0.54727273","price":"0.70000000","timestamp":1625381202,"volume":"0.38309091","buyTxId":"eb0dc075d3c33486faa829aeaea762a010d39b67","sellTxId":"6425287d57f0c91c7aa54b79256fa40181a734dc"}
{"index": {"_index":"pob","_id":"1193191"}}
	{"id":1193191,"type":"sell","buyer":"holovision","seller":"tawadak24","symbol":"POB","quantity":"1.35208015","price":"0.70000000","timestamp":1625381322,"volume":"0.94645611","buyTxId":"eb0dc075d3c33486faa829aeaea762a010d39b67","sellTxId":"9d23d8ba94aab05459100d1e8c14d54a2dcc26ae"}
{"index": {"_index":"pob","_id":"1193209"}}
	{"id":1193209,"type":"sell","buyer":"richardcrill","seller":"coffeelovers","symbol":"POB","quantity":"0.96208007","price":"0.66144000","timestamp":1625382063,"volume":"0.63635824","buyTxId":"MM-P-8362954-55341848-3-10-0","sellTxId":"7a470ec097e3cc0b8ca0b71261698033a7e0823f"}
{"index": {"_index":"pob","_id":"1193223"}}
	{"id":1193223,"type":"sell","buyer":"richardcrill","seller":"ross92","symbol":"POB","quantity":"18.95119713","price":"0.66166000","timestamp":1625382882,"volume":"12.53924909","buyTxId":"MM-P-8363154-55342048-3-10-0","sellTxId":"ebb7bea3058eb26690d2a4b0160299193d63845e"}
{"index": {"_index":"pob","_id":"1193224"}}
	{"id":1193224,"type":"sell","buyer":"freebornsociety","seller":"ross92","symbol":"POB","quantity":"9.45663642","price":"0.66156100","timestamp":1625382882,"volume":"6.25614185","buyTxId":"MM-P-8363189-55342083-3-3-0","sellTxId":"ebb7bea3058eb26690d2a4b0160299193d63845e"}
{"index": {"_index":"pob","_id":"1193232"}}
	{"id":1193232,"type":"sell","buyer":"freebornsociety","seller":"knowhow92","symbol":"POB","quantity":"10.00000000","price":"0.66159400","timestamp":1625383653,"volume":"6.61594000","buyTxId":"MM-P-8363488-55342382-3-3-0","sellTxId":"d456a3c75d8b15b9baafcca406787719f4b32505"}
{"index": {"_index":"pob","_id":"1193233"}}
	{"id":1193233,"type":"sell","buyer":"ctime","seller":"stickupboys","symbol":"POB","quantity":"4.09303915","price":"0.66160400","timestamp":1625383875,"volume":"2.70797107","buyTxId":"MM-P-8363540-55342434-3-22-0","sellTxId":"9752d20f71d1e35e523d5bb4e42bd658a6571559"}
{"index": {"_index":"pob","_id":"1193259"}}
	{"id":1193259,"type":"sell","buyer":"ctime","seller":"priyanarc","symbol":"POB","quantity":"4.00000000","price":"0.66168100","timestamp":1625385933,"volume":"2.64672400","buyTxId":"MM-P-8364235-55343129-3-22-0","sellTxId":"3df16ed5ceaf43a43c29beb20eed289509ae091d"}
{"index": {"_index":"pob","_id":"1193270"}}
	{"id":1193270,"type":"sell","buyer":"anadolu","seller":"tonytrillions","symbol":"POB","quantity":"48.33579444","price":"0.66200000","timestamp":1625386254,"volume":"31.99829592","buyTxId":"0981ecff3d93e00f376e6fd9ff4a5d9c8b579a18","sellTxId":"1f7b33fe9eab4cb96169ebf7d664ce1bfe133020"}
{"index": {"_index":"pob","_id":"1193277"}}
	{"id":1193277,"type":"sell","buyer":"ctime","seller":"acesontop","symbol":"POB","quantity":"9.98103911","price":"0.66201101","timestamp":1625386599,"volume":"6.60755778","buyTxId":"MM-P-8364435-55343329-3-22-0","sellTxId":"7148052477f6f8d9a6b8be6a54cdd5cabd56384e"}
{"index": {"_index":"pob","_id":"1193283"}}
	{"id":1193283,"type":"sell","buyer":"freebornsociety","seller":"ykretz","symbol":"POB","quantity":"0.47869017","price":"0.66201201","timestamp":1625386686,"volume":"0.31689864","buyTxId":"MM-P-8364482-55343376-3-3-0","sellTxId":"db7195f9a1bed9b3418a37214055ac64eb823048"}
{"index": {"_index":"pob","_id":"1193329"}}
	{"id":1193329,"type":"sell","buyer":"ctime","seller":"ctpsb","symbol":"POB","quantity":"2.60000000","price":"0.66207701","timestamp":1625388429,"volume":"1.72140023","buyTxId":"MM-P-8365032-55343927-3-22-0","sellTxId":"ab6c8a3a7570da9b97171306da11886bce8e3eab"}
{"index": {"_index":"pob","_id":"1193335"}}
	{"id":1193335,"type":"sell","buyer":"freebornsociety","seller":"tikatarot","symbol":"POB","quantity":"3.82527457","price":"0.66207801","timestamp":1625388495,"volume":"2.53263018","buyTxId":"MM-P-8365079-55343974-3-3-0","sellTxId":"c3e504a8f6797af6c81c19520befb2ef986efb70"}
{"index": {"_index":"pob","_id":"1193342"}}
	{"id":1193342,"type":"sell","buyer":"ctime","seller":"ftfund","symbol":"POB","quantity":"1.17593885","price":"0.66208801","timestamp":1625388651,"volume":"0.77857501","buyTxId":"MM-P-8365131-55344026-3-22-0","sellTxId":"d1cd21d9dbeb1d7e942d8b47682dd88a2631fb30"}
{"index": {"_index":"pob","_id":"1193377"}}
	{"id":1193377,"type":"sell","buyer":"holovision","seller":"silvergoldhunter","symbol":"POB","quantity":"0.12261189","price":"0.70000000","timestamp":1625389227,"volume":"0.08582832","buyTxId":"a8e502141519e8dae658baf2bf126999dca84afd","sellTxId":"83e8a77abcdfc832500b06b13b39e1a4da89a95b"}
{"index": {"_index":"pob","_id":"1193391"}}
	{"id":1193391,"type":"buy","buyer":"hivediver","seller":"silvergoldhunter","symbol":"POB","quantity":"0.37849697","price":"0.70000000","timestamp":1625389986,"volume":"0.26494788","buyTxId":"d69084cbc404191d64570691e895069ba8c71c89","sellTxId":"83e8a77abcdfc832500b06b13b39e1a4da89a95b"}
{"index": {"_index":"pob","_id":"1193433"}}
	{"id":1193433,"type":"sell","buyer":"ctime","seller":"invest4free","symbol":"POB","quantity":"1.64000000","price":"0.66217601","timestamp":1625391039,"volume":"1.08596866","buyTxId":"MM-P-8365926-55344821-3-22-0","sellTxId":"1c94f65bc123b56825658ac81d2d4302e42fe0cb"}
{"index": {"_index":"pob","_id":"1193454"}}
	{"id":1193454,"type":"sell","buyer":"freebornsociety","seller":"dalz","symbol":"POB","quantity":"42","price":"0.66221001","timestamp":1625392146,"volume":"27.81282042","buyTxId":"MM-P-8366272-55345167-3-3-0","sellTxId":"0284d6d4824e3066812372297d2f205efce2e4dd"}
{"index": {"_index":"pob","_id":"1193466"}}
	{"id":1193466,"type":"sell","buyer":"ctime","seller":"ayhamyou","symbol":"POB","quantity":"0.50000000","price":"0.66223101","timestamp":1625392512,"volume":"0.33111551","buyTxId":"MM-P-8366424-55345319-3-22-0","sellTxId":"f4acf52a232f7c37f3e6d0391018a076920f0ab1"}
{"index": {"_index":"pob","_id":"1193501"}}
	{"id":1193501,"type":"buy","buyer":"elricmoonslayer","seller":"dalz","symbol":"POB","quantity":"5.50000000","price":"0.80000000","timestamp":1625393376,"volume":"4.40000000","buyTxId":"be63fcfe51a13762883e53d19810dbadf4aa3f7f","sellTxId":"5d715cdfe614292936ede7b4a74a1be993986590"}
{"index": {"_index":"pob","_id":"1193506"}}
	{"id":1193506,"type":"buy","buyer":"lionsuit","seller":"dalz","symbol":"POB","quantity":"0.80000000","price":"0.80000000","timestamp":1625393523,"volume":"0.64000000","buyTxId":"681fcac03f833e74637f4611783f21bd968cd1c7","sellTxId":"5d715cdfe614292936ede7b4a74a1be993986590"}
{"index": {"_index":"pob","_id":"1193521"}}
	{"id":1193521,"type":"sell","buyer":"ctime","seller":"hive-143869","symbol":"POB","quantity":"0.08400000","price":"0.66228601","timestamp":1625394150,"volume":"0.05563202","buyTxId":"MM-P-8366920-55345815-3-22-0","sellTxId":"0c7c26b7d24481c8d5137c6b829f479028d0afaa"}
{"index": {"_index":"pob","_id":"1193545"}}
	{"id":1193545,"type":"buy","buyer":"ctime","seller":"belemo","symbol":"POB","quantity":"5.55492144","price":"0.66231000","timestamp":1625394906,"volume":"3.67908002","buyTxId":"MM-P-8367219-55346114-3-22-0","sellTxId":"8fe2cef97ccacfc934f9a3ffb8c08c851aa4004c"}
{"index": {"_index":"pob","_id":"1193568"}}
	{"id":1193568,"type":"sell","buyer":"freebornsociety","seller":"dennys0antunez","symbol":"POB","quantity":"28.49127671","price":"0.66235301","timestamp":1625395953,"volume":"18.87128289","buyTxId":"MM-P-8367565-55346460-3-3-0","sellTxId":"3663171dd430f5214fadd8a5f4d039f3fc016b6d"}
{"index": {"_index":"pob","_id":"1193586"}}
	{"id":1193586,"type":"sell","buyer":"freebornsociety","seller":"jersteemit","symbol":"POB","quantity":"5.96661698","price":"0.66238601","timestamp":1625396979,"volume":"3.95220361","buyTxId":"MM-P-8367862-55346757-3-3-0","sellTxId":"a0bbf1790780954b10b677b58d2d1bcc0f1e54d5"}
{"index": {"_index":"pob","_id":"1193590"}}
	{"id":1193590,"type":"sell","buyer":"freebornsociety","seller":"cwow2","symbol":"POB","quantity":"0.00455580","price":"0.66239701","timestamp":1625397249,"volume":"0.00301775","buyTxId":"MM-P-8367962-55346857-3-3-0","sellTxId":"4740c73af845fbde69c6d9295d8ada6203ddebf2"}
{"index": {"_index":"pob","_id":"1193608"}}
	{"id":1193608,"type":"sell","buyer":"freebornsociety","seller":"sayago","symbol":"POB","quantity":"1.00000000","price":"0.66241901","timestamp":1625397876,"volume":"0.66241901","buyTxId":"MM-P-8368161-55347056-3-3-0","sellTxId":"ece6f951aed9244a17adc9fb5695526bc3d9bb73"}
{"index": {"_index":"pob","_id":"1193609"}}
	{"id":1193609,"type":"sell","buyer":"freebornsociety","seller":"trumpikas","symbol":"POB","quantity":"35.00000000","price":"0.66241901","timestamp":1625397879,"volume":"23.18466535","buyTxId":"MM-P-8368161-55347056-3-3-0","sellTxId":"35f7f125ae8642c0f683cea455cd00fe0b3b5cf7"}
{"index": {"_index":"pob","_id":"1193616"}}
	{"id":1193616,"type":"sell","buyer":"ctime","seller":"trumpikas","symbol":"POB","quantity":"84.53736046","price":"0.66242901","timestamp":1625397972,"volume":"56.00000000","buyTxId":"MM-P-8368213-55347108-3-22-0","sellTxId":"c3c1bd37b35ffa6cb7bbe2e19114b23524450052"}
{"index": {"_index":"pob","_id":"1193617"}}
	{"id":1193617,"type":"sell","buyer":"freebornsociety","seller":"trumpikas","symbol":"POB","quantity":"15.46263954","price":"0.66241901","timestamp":1625397972,"volume":"10.24274638","buyTxId":"MM-P-8368161-55347056-3-3-0","sellTxId":"c3c1bd37b35ffa6cb7bbe2e19114b23524450052"}
{"index": {"_index":"pob","_id":"1193666"}}
	{"id":1193666,"type":"sell","buyer":"gimme-your-coinz","seller":"ahmetay","symbol":"POB","quantity":"1.17643853","price":"0.66210102","timestamp":1625399622,"volume":"0.77892115","buyTxId":"9e1aeee5560a06b7622314e90ef954585d614d32","sellTxId":"dd10f2642d5bcce366f9ff2328d02950c08b704a"}
{"index": {"_index":"pob","_id":"1193670"}}
	{"id":1193670,"type":"sell","buyer":"gimme-your-coinz","seller":"tawadak24","symbol":"POB","quantity":"4.44400000","price":"0.66221203","timestamp":1625399886,"volume":"2.94287026","buyTxId":"59d9e7c238f79ca51cedd6f23e6046cd9125d65f","sellTxId":"08db9de1bd28c767dbc05c5e0de0dc8f68f6363f"}
{"index": {"_index":"pob","_id":"1193671"}}
	{"id":1193671,"type":"sell","buyer":"freebornsociety","seller":"tawadak24","symbol":"POB","quantity":"8.76374212","price":"0.66221202","timestamp":1625399886,"volume":"5.80345537","buyTxId":"MM-P-8368857-55347752-3-3-0","sellTxId":"08db9de1bd28c767dbc05c5e0de0dc8f68f6363f"}
{"index": {"_index":"pob","_id":"1193680"}}
	{"id":1193680,"type":"sell","buyer":"gimme-your-coinz","seller":"thoughts-in-time","symbol":"POB","quantity":"4.44400000","price":"0.66243304","timestamp":1625400381,"volume":"2.94385243","buyTxId":"b264f435cc421f6cf7b37379e82a559a68168277","sellTxId":"15c4dfcd3aa63ca233a895f7f9dd728171c98b86"}
{"index": {"_index":"pob","_id":"1193681"}}
	{"id":1193681,"type":"sell","buyer":"richardcrill","seller":"thoughts-in-time","symbol":"POB","quantity":"3.23804479","price":"0.66243303","timestamp":1625400381,"volume":"2.14498782","buyTxId":"MM-P-8369020-55347915-3-10-0","sellTxId":"15c4dfcd3aa63ca233a895f7f9dd728171c98b86"}
{"index": {"_index":"pob","_id":"1193706"}}
	{"id":1193706,"type":"sell","buyer":"gimme-your-coinz","seller":"chireerocks","symbol":"POB","quantity":"4.44400000","price":"0.66265607","timestamp":1625401107,"volume":"2.94484358","buyTxId":"0c7917e79d5fbfe41bba1553bf9301b9ecf2a574","sellTxId":"d6b2d65c0b64544e8a7586f33a0bd5cd1e0299e4"}
{"index": {"_index":"pob","_id":"1193707"}}
	{"id":1193707,"type":"buy","buyer":"gimme-your-coinz","seller":"chireerocks","symbol":"POB","quantity":"1.15194453","price":"0.66265607","timestamp":1625401122,"volume":"0.76334304","buyTxId":"2a30500aea208a6055330365785d963e7a92c0cb","sellTxId":"d6b2d65c0b64544e8a7586f33a0bd5cd1e0299e4"}
{"index": {"_index":"pob","_id":"1193756"}}
	{"id":1193756,"type":"sell","buyer":"gimme-your-coinz","seller":"madstacks","symbol":"POB","quantity":"6.66600000","price":"0.66322114","timestamp":1625402736,"volume":"4.42103212","buyTxId":"4273b8f5f9f74586331d6c0232cb8234edae6195","sellTxId":"71985f95282c2272cec16d59197edfc0e25d0fb7"}
{"index": {"_index":"pob","_id":"1193757"}}
	{"id":1193757,"type":"sell","buyer":"ctime","seller":"madstacks","symbol":"POB","quantity":"84.43639303","price":"0.66322113","timestamp":1625402736,"volume":"56.00000000","buyTxId":"MM-P-8369802-55348698-3-22-0","sellTxId":"71985f95282c2272cec16d59197edfc0e25d0fb7"}
{"index": {"_index":"pob","_id":"1193758"}}
	{"id":1193758,"type":"sell","buyer":"freebornsociety","seller":"madstacks","symbol":"POB","quantity":"52.77354216","price":"0.66321112","timestamp":1625402736,"volume":"35.00000000","buyTxId":"MM-P-8369750-55348646-3-3-0","sellTxId":"71985f95282c2272cec16d59197edfc0e25d0fb7"}
{"index": {"_index":"pob","_id":"1193759"}}
	{"id":1193759,"type":"sell","buyer":"richardcrill","seller":"madstacks","symbol":"POB","quantity":"63.32834703","price":"0.66321011","timestamp":1625402736,"volume":"42.00000000","buyTxId":"MM-P-8369715-55348611-3-10-0","sellTxId":"71985f95282c2272cec16d59197edfc0e25d0fb7"}
{"index": {"_index":"pob","_id":"1193760"}}
	{"id":1193760,"type":"sell","buyer":"bluesniper","seller":"madstacks","symbol":"POB","quantity":"105.70648773","price":"0.66221101","timestamp":1625402736,"volume":"70.00000000","buyTxId":"MM-P-8369750-55348646-3-5-0","sellTxId":"71985f95282c2272cec16d59197edfc0e25d0fb7"}
{"index": {"_index":"pob","_id":"1193761"}}
	{"id":1193761,"type":"sell","buyer":"anadolu","seller":"madstacks","symbol":"POB","quantity":"1.66420556","price":"0.66200000","timestamp":1625402736,"volume":"1.10170408","buyTxId":"0981ecff3d93e00f376e6fd9ff4a5d9c8b579a18","sellTxId":"71985f95282c2272cec16d59197edfc0e25d0fb7"}
{"index": {"_index":"pob","_id":"1193762"}}
	{"id":1193762,"type":"sell","buyer":"anadolu","seller":"madstacks","symbol":"POB","quantity":"50.00000000","price":"0.66200000","timestamp":1625402736,"volume":"33.10000000","buyTxId":"60848dc0e5042a5d68259a2a572b78562534c9c1","sellTxId":"71985f95282c2272cec16d59197edfc0e25d0fb7"}
{"index": {"_index":"pob","_id":"1193763"}}
	{"id":1193763,"type":"sell","buyer":"barski","seller":"madstacks","symbol":"POB","quantity":"0.09725409","price":"0.66166000","timestamp":1625402736,"volume":"0.06434914","buyTxId":"401a85435130d3d1353e367c13a70a870619bc7a","sellTxId":"71985f95282c2272cec16d59197edfc0e25d0fb7"}
{"index": {"_index":"pob","_id":"1193764"}}
	{"id":1193764,"type":"sell","buyer":"holovision","seller":"madstacks","symbol":"POB","quantity":"100.00000000","price":"0.66000000","timestamp":1625402736,"volume":"66.00000000","buyTxId":"32473cae6162bc08dde6efe67f35dc40df2ce731","sellTxId":"71985f95282c2272cec16d59197edfc0e25d0fb7"}
{"index": {"_index":"pob","_id":"1193765"}}
	{"id":1193765,"type":"sell","buyer":"holovision","seller":"madstacks","symbol":"POB","quantity":"75.00000000","price":"0.65500000","timestamp":1625402736,"volume":"49.12500000","buyTxId":"ce31e3e6365f504244be87163d487f611cafe6aa","sellTxId":"71985f95282c2272cec16d59197edfc0e25d0fb7"}
{"index": {"_index":"pob","_id":"1193766"}}
	{"id":1193766,"type":"sell","buyer":"holovision","seller":"madstacks","symbol":"POB","quantity":"100.00000000","price":"0.65000000","timestamp":1625402736,"volume":"65.00000000","buyTxId":"ea92fa5c851dbccce55286e0c5a7b755f06abcbf","sellTxId":"71985f95282c2272cec16d59197edfc0e25d0fb7"}
{"index": {"_index":"pob","_id":"1193843"}}
	{"id":1193843,"type":"buy","buyer":"scholaris.pob","seller":"cryptosneeze","symbol":"POB","quantity":"11.90000000","price":"0.70000000","timestamp":1625403624,"volume":"8.33000000","buyTxId":"5df7679c902cf2dc0970459165b73290334769ef","sellTxId":"2fa9c6abe7a91c062bbbe46440ed932fc868b715"}
{"index": {"_index":"pob","_id":"1193844"}}
	{"id":1193844,"type":"buy","buyer":"scholaris.pob","seller":"bluesniper","symbol":"POB","quantity":"29.00000000","price":"0.79973600","timestamp":1625403624,"volume":"23.19234400","buyTxId":"5df7679c902cf2dc0970459165b73290334769ef","sellTxId":"MM-P-8370050-55348946-3-5-1"}
{"index": {"_index":"pob","_id":"1193845"}}
	{"id":1193845,"type":"buy","buyer":"scholaris.pob","seller":"freebornsociety","symbol":"POB","quantity":"50.00000000","price":"0.79974600","timestamp":1625403624,"volume":"39.98730000","buyTxId":"5df7679c902cf2dc0970459165b73290334769ef","sellTxId":"MM-P-8370050-55348946-3-3-1"}
{"index": {"_index":"pob","_id":"1193846"}}
	{"id":1193846,"type":"buy","buyer":"scholaris.pob","seller":"dalz","symbol":"POB","quantity":"43.70000000","price":"0.80000000","timestamp":1625403624,"volume":"34.96000000","buyTxId":"5df7679c902cf2dc0970459165b73290334769ef","sellTxId":"5d715cdfe614292936ede7b4a74a1be993986590"}
{"index": {"_index":"pob","_id":"1193847"}}
	{"id":1193847,"type":"buy","buyer":"scholaris.pob","seller":"anadolu","symbol":"POB","quantity":"19.80353417","price":"0.80000000","timestamp":1625403624,"volume":"15.84282734","buyTxId":"5df7679c902cf2dc0970459165b73290334769ef","sellTxId":"bcc79069a670534026d1ce6fc11f09cd8e04d390"}
{"index": {"_index":"pob","_id":"1193867"}}
	{"id":1193867,"type":"sell","buyer":"gimme-your-coinz","seller":"kevinnag58","symbol":"POB","quantity":"6.66600000","price":"0.64144510","timestamp":1625404134,"volume":"4.27587304","buyTxId":"9d637c7b711ddb5e894714502ffa7df0121d18f5","sellTxId":"b4669a7b3324368919b583f30d6582790a0ac8ad"}
{"index": {"_index":"pob","_id":"1193868"}}
	{"id":1193868,"type":"sell","buyer":"freebornsociety","seller":"kevinnag58","symbol":"POB","quantity":"8.33400000","price":"0.64144509","timestamp":1625404134,"volume":"5.34580338","buyTxId":"MM-P-8370250-55349146-3-3-0","sellTxId":"b4669a7b3324368919b583f30d6582790a0ac8ad"}
{"index": {"_index":"pob","_id":"1193883"}}
	{"id":1193883,"type":"buy","buyer":"pdq","seller":"vlemon","symbol":"POB","quantity":"8.64000000","price":"0.79980000","timestamp":1625404584,"volume":"6.91027200","buyTxId":"46023452afeb92d80f29ee84f9668845bf6647ee","sellTxId":"b2e0e41925c5a9bbcd952044594572080c47d103"}
{"index": {"_index":"pob","_id":"1193884"}}
	{"id":1193884,"type":"buy","buyer":"pdq","seller":"bluesniper","symbol":"POB","quantity":"29.00000000","price":"0.79997900","timestamp":1625404584,"volume":"23.19939100","buyTxId":"46023452afeb92d80f29ee84f9668845bf6647ee","sellTxId":"MM-P-8370349-55349246-3-5-1"}
{"index": {"_index":"pob","_id":"1193885"}}
	{"id":1193885,"type":"buy","buyer":"pdq","seller":"freebornsociety","symbol":"POB","quantity":"50.00000000","price":"0.79998900","timestamp":1625404584,"volume":"39.99945000","buyTxId":"46023452afeb92d80f29ee84f9668845bf6647ee","sellTxId":"MM-P-8370349-55349246-3-3-1"}
{"index": {"_index":"pob","_id":"1193886"}}
	{"id":1193886,"type":"buy","buyer":"pdq","seller":"madstacks","symbol":"POB","quantity":"71.36000000","price":"0.79999000","timestamp":1625404584,"volume":"57.08728640","buyTxId":"46023452afeb92d80f29ee84f9668845bf6647ee","sellTxId":"419627f77a8803e823a13b7a93f67a5c63e8134c"}
{"index": {"_index":"pob","_id":"1193978"}}
	{"id":1193978,"type":"sell","buyer":"richardcrill","seller":"lebah","symbol":"POB","quantity":"3.30000000","price":"0.64278000","timestamp":1625407602,"volume":"2.12117400","buyTxId":"MM-P-8371405-55350304-3-10-0","sellTxId":"e3491a0b54592f7421499234fb4ef56ca79f5376"}
{"index": {"_index":"pob","_id":"1193990"}}
	{"id":1193990,"type":"sell","buyer":"ctime","seller":"chubb149","symbol":"POB","quantity":"12.00000000","price":"0.64290000","timestamp":1625408142,"volume":"7.71480000","buyTxId":"MM-P-8371593-55350492-3-22-0","sellTxId":"d9a39b58380d4c473dd7fea5b96cca7a146762d3"}
{"index": {"_index":"pob","_id":"1194021"}}
	{"id":1194021,"type":"sell","buyer":"ctime","seller":"javiss","symbol":"POB","quantity":"1.89155549","price":"0.64323000","timestamp":1625409027,"volume":"1.21670524","buyTxId":"MM-P-8371892-55350791-3-22-0","sellTxId":"41eb2d67a01db119c1652292512a05d215ee07f7"}
{"index": {"_index":"pob","_id":"1194025"}}
	{"id":1194025,"type":"sell","buyer":"holovision","seller":"igormuba","symbol":"POB","quantity":"1.00000000","price":"0.65000000","timestamp":1625409150,"volume":"0.65000000","buyTxId":"027f9a1cc11c177c0aede995432f3e514e80576d","sellTxId":"ad3d978f895d3c90d8d8bebc46a14162f0fde54d"}
{"index": {"_index":"pob","_id":"1194026"}}
	{"id":1194026,"type":"sell","buyer":"richardcrill","seller":"igormuba","symbol":"POB","quantity":"2.77008669","price":"0.64333000","timestamp":1625409150,"volume":"1.78207987","buyTxId":"MM-P-8371903-55350802-3-10-0","sellTxId":"ad3d978f895d3c90d8d8bebc46a14162f0fde54d"}
{"index": {"_index":"pob","_id":"1194092"}}
	{"id":1194092,"type":"sell","buyer":"richardcrill","seller":"whatsup","symbol":"POB","quantity":"6.07096048","price":"0.64399000","timestamp":1625410884,"volume":"3.90963784","buyTxId":"MM-P-8372492-55351395-3-10-0","sellTxId":"abb957abbf5a90255228ab09c576cc0b28dfa534"}
{"index": {"_index":"pob","_id":"1194108"}}
	{"id":1194108,"type":"sell","buyer":"ctime","seller":"elricmoonslayer","symbol":"POB","quantity":"14.66120432","price":"0.64400000","timestamp":1625411133,"volume":"9.44181558","buyTxId":"MM-P-8372580-55351483-3-22-0","sellTxId":"e520887182fbcf61eccf44dde4eb8bd38c2ce8e0"}
{"index": {"_index":"pob","_id":"1194110"}}
	{"id":1194110,"type":"sell","buyer":"richardcrill","seller":"felipejoys","symbol":"POB","quantity":"7.50000000","price":"0.64410000","timestamp":1625411346,"volume":"4.83075000","buyTxId":"MM-P-8372592-55351495-3-10-0","sellTxId":"46df021f14e345f4d2aca3c1b46f957a390199a7"}
{"index": {"_index":"pob","_id":"1194123"}}
	{"id":1194123,"type":"sell","buyer":"ctime","seller":"flaxz","symbol":"POB","quantity":"0.25","price":"0.64422000","timestamp":1625411736,"volume":"0.16105500","buyTxId":"MM-P-8372780-55351683-3-22-0","sellTxId":"766dca1f6e2a31045b2a709a07657918e3f887c4"}
{"index": {"_index":"pob","_id":"1194125"}}
	{"id":1194125,"type":"sell","buyer":"richardcrill","seller":"melbourneswest","symbol":"POB","quantity":"3.09901299","price":"0.64432000","timestamp":1625411793,"volume":"1.99675605","buyTxId":"MM-P-8372792-55351695-3-10-0","sellTxId":"e1a0010935475ee2cda6a5bdae7ada42ee20dfdb"}
{"index": {"_index":"pob","_id":"1194165"}}
	{"id":1194165,"type":"sell","buyer":"richardcrill","seller":"cibersk8","symbol":"POB","quantity":"0.18943897","price":"0.64480000","timestamp":1625412996,"volume":"0.12215025","buyTxId":"MM-P-8373188-55352094-3-10-0","sellTxId":"4d347b33c554d150201f51b4c42bb1f0177ae411"}
{"index": {"_index":"pob","_id":"1194175"}}
	{"id":1194175,"type":"buy","buyer":"interpretation","seller":"accelerator","symbol":"POB","quantity":"0.00045139","price":"0.77900000","timestamp":1625413305,"volume":"0.00035163","buyTxId":"3d5f0fafe2060c854cde6667363891cdac61d4bd","sellTxId":"4692f9c7ca7f3087e737aafca5057a7ab2e631f0"}
{"index": {"_index":"pob","_id":"1194254"}}
	{"id":1194254,"type":"sell","buyer":"interpretation","seller":"antonym","symbol":"POB","quantity":"2.00000000","price":"0.77900000","timestamp":1625415159,"volume":"1.55800000","buyTxId":"3d5f0fafe2060c854cde6667363891cdac61d4bd","sellTxId":"df74feb8d0fdc8ebf456736ca7e4483dfeb89b9d"}
{"index": {"_index":"pob","_id":"1194283"}}
	{"id":1194283,"type":"sell","buyer":"interpretation","seller":"toofasteddie","symbol":"POB","quantity":"0.33626188","price":"0.77900000","timestamp":1625415852,"volume":"0.26194800","buyTxId":"3d5f0fafe2060c854cde6667363891cdac61d4bd","sellTxId":"1733fdcf304db7624ed75cad266c811409b5f4e5"}
{"index": {"_index":"pob","_id":"1194294"}}
	{"id":1194294,"type":"sell","buyer":"richardcrill","seller":"stevescoins","symbol":"POB","quantity":"1.57358496","price":"0.64601700","timestamp":1625416332,"volume":"1.01656264","buyTxId":"MM-P-8374280-55353191-3-10-0","sellTxId":"e2ec1fbed556dd3f1d72313d07fdaacce060f8ce"}
{"index": {"_index":"pob","_id":"1194347"}}
	{"id":1194347,"type":"sell","buyer":"richardcrill","seller":"miketr","symbol":"POB","quantity":"1.00000000","price":"0.64667700","timestamp":1625418165,"volume":"0.64667700","buyTxId":"MM-P-8374877-55353788-3-10-0","sellTxId":"259f8169e1d1b69a55fa6260dc88f6298afcec85"}
{"index": {"_index":"pob","_id":"1194376"}}
	{"id":1194376,"type":"sell","buyer":"richardcrill","seller":"derangedvisions","symbol":"POB","quantity":"38.73743112","price":"0.64700700","timestamp":1625419107,"volume":"25.06338910","buyTxId":"MM-P-8375176-55354087-3-10-0","sellTxId":"d5ff5c8fc81ff27c0eed017ce764efcba482b501"}
{"index": {"_index":"pob","_id":"1194379"}}
	{"id":1194379,"type":"sell","buyer":"richardcrill","seller":"derangedvisions","symbol":"POB","quantity":"12.03947497","price":"0.64711700","timestamp":1625419434,"volume":"7.79094892","buyTxId":"MM-P-8375274-55354185-3-10-0","sellTxId":"ba8999a3db9aa63a9392231660562c5af0aa35a5"}
{"index": {"_index":"pob","_id":"1194455"}}
	{"id":1194455,"type":"buy","buyer":"offgridlife","seller":"bluesniper","symbol":"POB","quantity":"1.00000000","price":"0.77884700","timestamp":1625421489,"volume":"0.77884700","buyTxId":"8424e9a5ebb168624dd0e918dd84250ad3f29456","sellTxId":"MM-P-8376004-55354915-3-5-1"}
{"index": {"_index":"pob","_id":"1194456"}}
	{"id":1194456,"type":"buy","buyer":"offgridlife","seller":"bluesniper","symbol":"POB","quantity":"1.00000000","price":"0.77884700","timestamp":1625421498,"volume":"0.77884700","buyTxId":"c641ffeca6af0d40a60ddfd3c6bd6861de22b399","sellTxId":"MM-P-8376004-55354915-3-5-1"}
{"index": {"_index":"pob","_id":"1194458"}}
	{"id":1194458,"type":"buy","buyer":"offgridlife","seller":"bluesniper","symbol":"POB","quantity":"1.00000000","price":"0.77884700","timestamp":1625421507,"volume":"0.77884700","buyTxId":"a2489f004a63615adf9ff9fbbcaa31d46f03e2e4","sellTxId":"MM-P-8376004-55354915-3-5-1"}
{"index": {"_index":"pob","_id":"1194490"}}
	{"id":1194490,"type":"sell","buyer":"gimme-your-coinz","seller":"cesarsj5","symbol":"POB","quantity":"6.00000000","price":"0.65027002","timestamp":1625422260,"volume":"3.90162012","buyTxId":"fa9ff6692ae9a710e77265f2e15f025745ccc614","sellTxId":"578a9555c476dac90a59dcfe9b14c912ff2b6a07"}
{"index": {"_index":"pob","_id":"1194492"}}
	{"id":1194492,"type":"sell","buyer":"gimme-your-coinz","seller":"alexvan","symbol":"POB","quantity":"4.62496127","price":"0.65027003","timestamp":1625422305,"volume":"3.00747370","buyTxId":"2698e3bbcb381bc8e81ee9788ca67616d6f21a3f","sellTxId":"66009845d5fe6fdabaae67ee1e4ae15e3052f581"}
{"index": {"_index":"pob","_id":"1194506"}}
	{"id":1194506,"type":"sell","buyer":"gimme-your-coinz","seller":"revisesociology","symbol":"POB","quantity":"6.66000000","price":"0.65052004","timestamp":1625422872,"volume":"4.33246347","buyTxId":"0692da0072793e7093f5eb5ff104667916085d70","sellTxId":"11367e4113f44a8603531ebe27e825c3ee2e5c98"}
{"index": {"_index":"pob","_id":"1194507"}}
	{"id":1194507,"type":"sell","buyer":"richardcrill","seller":"revisesociology","symbol":"POB","quantity":"8.34000000","price":"0.65052003","timestamp":1625422872,"volume":"5.42533705","buyTxId":"MM-P-8376468-55355379-3-10-0","sellTxId":"11367e4113f44a8603531ebe27e825c3ee2e5c98"}
{"index": {"_index":"pob","_id":"1194517"}}
	{"id":1194517,"type":"sell","buyer":"gimme-your-coinz","seller":"meesterbrain","symbol":"POB","quantity":"6.66000000","price":"0.65065007","timestamp":1625423385,"volume":"4.33332947","buyTxId":"f80c8b2aa5a9deadde1aa05333041507c22eb6af","sellTxId":"8ffffaaa57f4f1ed905ae324287aa498670de9ed"}
{"index": {"_index":"pob","_id":"1194518"}}
	{"id":1194518,"type":"sell","buyer":"solovey6o2","seller":"meesterbrain","symbol":"POB","quantity":"28.14567322","price":"0.65065007","timestamp":1625423385,"volume":"18.31298425","buyTxId":"b71902a18ab8612766c79c872e0f455710bf57e4","sellTxId":"8ffffaaa57f4f1ed905ae324287aa498670de9ed"}
{"index": {"_index":"pob","_id":"1194588"}}
	{"id":1194588,"type":"sell","buyer":"gimme-your-coinz","seller":"ahmetay","symbol":"POB","quantity":"0.15504463","price":"0.65113018","timestamp":1625424519,"volume":"0.10095424","buyTxId":"9598d5cc2aa21e5cd15fdfa1ec73f3f5a333e2bc","sellTxId":"075cde5def3691775adaaf4e55433a86b1edb49c"}
{"index": {"_index":"pob","_id":"1194621"}}
	{"id":1194621,"type":"sell","buyer":"richardcrill","seller":"brofi-market","symbol":"POB","quantity":"18.62814034","price":"0.65148023","timestamp":1625425254,"volume":"12.13586515","buyTxId":"MM-P-8377260-55356172-3-10-0","sellTxId":"4a1dfc4f9b0cdaa0f52c14260e6721f10f365cba"}
{"index": {"_index":"pob","_id":"1194637"}}
	{"id":1194637,"type":"buy","buyer":"gamezine","seller":"revisesociology","symbol":"POB","quantity":"0.80410958","price":"0.73000000","timestamp":1625425560,"volume":"0.58699999","buyTxId":"b3e3dd40fe93af76106ebb10f481c2740a06305d","sellTxId":"f8270084cf6b43547b1350b5b4f80bc02abc5ed9"}
{"index": {"_index":"pob","_id":"1194638"}}
	{"id":1194638,"type":"buy","buyer":"razackpulo.sport","seller":"revisesociology","symbol":"POB","quantity":"29.19589042","price":"0.73000000","timestamp":1625425605,"volume":"21.31300001","buyTxId":"e6be9e7d9d66cb1362138b216b5539abfc436052","sellTxId":"f8270084cf6b43547b1350b5b4f80bc02abc5ed9"}
{"index": {"_index":"pob","_id":"1194639"}}
	{"id":1194639,"type":"buy","buyer":"razackpulo.sport","seller":"brofi-market","symbol":"POB","quantity":"18.62814034","price":"0.73000000","timestamp":1625425605,"volume":"13.59854245","buyTxId":"e6be9e7d9d66cb1362138b216b5539abfc436052","sellTxId":"c402c9640545f5e5d5a339e65156aafddc2f6f2e"}
{"index": {"_index":"pob","_id":"1194640"}}
	{"id":1194640,"type":"buy","buyer":"razackpulo.sport","seller":"bluesniper","symbol":"POB","quantity":"13.17596924","price":"0.74990098","timestamp":1625425605,"volume":"9.88067225","buyTxId":"e6be9e7d9d66cb1362138b216b5539abfc436052","sellTxId":"MM-P-8377295-55356207-3-5-1"}
{"index": {"_index":"pob","_id":"1194674"}}
	{"id":1194674,"type":"sell","buyer":"gimme-your-coinz","seller":"pouchon.tribes","symbol":"POB","quantity":"6.66000000","price":"0.65186032","timestamp":1625426445,"volume":"4.34138973","buyTxId":"f0404a67ea9e0df2d549cf577fd0ae20a2bc1e83","sellTxId":"0e28dc1667e8dccf93826843f88110d8097d56ce"}
{"index": {"_index":"pob","_id":"1194675"}}
	{"id":1194675,"type":"sell","buyer":"ctime","seller":"pouchon.tribes","symbol":"POB","quantity":"9.23210694","price":"0.65186031","timestamp":1625426445,"volume":"6.01804409","buyTxId":"MM-P-8377646-55356558-3-22-0","sellTxId":"0e28dc1667e8dccf93826843f88110d8097d56ce"}
{"index": {"_index":"pob","_id":"1194691"}}
	{"id":1194691,"type":"sell","buyer":"gimme-your-coinz","seller":"primersion","symbol":"POB","quantity":"1.85875062","price":"0.65209035","timestamp":1625426958,"volume":"1.21207334","buyTxId":"16f18a76d6e4cc8b400fe2fdb92667273a5b152c","sellTxId":"83d40347b36ae1927d728566dfdef53554dfd827"}
{"index": {"_index":"pob","_id":"1194696"}}
	{"id":1194696,"type":"buy","buyer":"droida","seller":"take-my-coinz","symbol":"POB","quantity":"0.91485850","price":"0.74984586","timestamp":1625427093,"volume":"0.68600286","buyTxId":"cb9378a5b76307b362f04755115de95e9467a4c4","sellTxId":"a703d166cb929583c76b3dfbbea62718bd86d5d3"}
{"index": {"_index":"pob","_id":"1194702"}}
	{"id":1194702,"type":"sell","buyer":"gimme-your-coinz","seller":"heruvim1978","symbol":"POB","quantity":"6.66000000","price":"0.65221038","timestamp":1625427297,"volume":"4.34372113","buyTxId":"1978d85b99665ae1fb327fed1fb78f0134a19f89","sellTxId":"914dc7450c5650f5bcde2b6eab35de57378bff26"}
{"index": {"_index":"pob","_id":"1194703"}}
	{"id":1194703,"type":"sell","buyer":"solovey6o2","seller":"heruvim1978","symbol":"POB","quantity":"3.14026613","price":"0.65221038","timestamp":1625427297,"volume":"2.04811417","buyTxId":"8d67967fc81f0de42b2a5b3c02f6b306da93234d","sellTxId":"914dc7450c5650f5bcde2b6eab35de57378bff26"}
{"index": {"_index":"pob","_id":"1194715"}}
	{"id":1194715,"type":"sell","buyer":"gimme-your-coinz","seller":"kevinnag58","symbol":"POB","quantity":"6.66000000","price":"0.65233041","timestamp":1625427552,"volume":"4.34452053","buyTxId":"b24e398f74e7bb7280921108b1daf0aaf9b0eacc","sellTxId":"6b50d846c3b6057fd4ec970001e5cf59dcc91fa2"}
{"index": {"_index":"pob","_id":"1194716"}}
	{"id":1194716,"type":"sell","buyer":"solovey6o2","seller":"kevinnag58","symbol":"POB","quantity":"9.27909919","price":"0.65233041","timestamp":1625427552,"volume":"6.05303858","buyTxId":"4b720ec1e0165f09953d9a9563fbf005db5f0abc","sellTxId":"6b50d846c3b6057fd4ec970001e5cf59dcc91fa2"}
{"index": {"_index":"pob","_id":"1194753"}}
	{"id":1194753,"type":"sell","buyer":"gimme-your-coinz","seller":"paulmoon410","symbol":"POB","quantity":"0.04046787","price":"0.65256045","timestamp":1625428035,"volume":"0.02640773","buyTxId":"dd94c5f9e7ce80f1fb4c249341f1abc6bfff8c1c","sellTxId":"6d69c6b580ec51154a50d662c892cd9b1181f892"}
{"index": {"_index":"pob","_id":"1194794"}}
	{"id":1194794,"type":"sell","buyer":"richardcrill","seller":"aiovo","symbol":"POB","quantity":"3.12500000","price":"0.65316056","timestamp":1625429481,"volume":"2.04112675","buyTxId":"MM-P-8378656-55357568-3-10-0","sellTxId":"f24f202f6478a9e04c2af048926f3d53b07fe042"}
{"index": {"_index":"pob","_id":"1194839"}}
	{"id":1194839,"type":"sell","buyer":"ctime","seller":"ahmetay","symbol":"POB","quantity":"0.01569924","price":"0.65342062","timestamp":1625430339,"volume":"0.01025821","buyTxId":"MM-P-8378939-55357851-3-22-0","sellTxId":"fd184636bedae2ba01a86fadd3597b31002b95cd"}
{"index": {"_index":"pob","_id":"1194876"}}
	{"id":1194876,"type":"sell","buyer":"richardcrill","seller":"pablodare","symbol":"POB","quantity":"0.68701208","price":"0.65412072","timestamp":1625431860,"volume":"0.44938884","buyTxId":"MM-P-8379451-55358363-3-10-0","sellTxId":"9f8fc14920acacd238beda4e369f4c7fd9220e87"}
{"index": {"_index":"pob","_id":"1194891"}}
	{"id":1194891,"type":"buy","buyer":"offgridlife","seller":"bluesniper","symbol":"POB","quantity":"0.01000000","price":"0.74965854","timestamp":1625432118,"volume":"0.00749659","buyTxId":"a1b3860e8f679574b9042c7b4a7815bbb46c56a7","sellTxId":"MM-P-8379485-55358397-3-5-1"}
{"index": {"_index":"pob","_id":"1194892"}}
	{"id":1194892,"type":"buy","buyer":"offgridlife","seller":"bluesniper","symbol":"POB","quantity":"0.01000000","price":"0.74965854","timestamp":1625432127,"volume":"0.00749659","buyTxId":"1e61fd305aa7276bd04df51a33e7503958d9b20c","sellTxId":"MM-P-8379485-55358397-3-5-1"}
{"index": {"_index":"pob","_id":"1194901"}}
	{"id":1194901,"type":"sell","buyer":"solovey6o2","seller":"pixelfan","symbol":"POB","quantity":"0.85000000","price":"0.65424075","timestamp":1625432250,"volume":"0.55610464","buyTxId":"fd20ff9f488ba29158fee3d4c3691f54d034f35f","sellTxId":"8dd41c58ddf24ba94e6a48a27f56440ba84da417"}
{"index": {"_index":"pob","_id":"1194911"}}
	{"id":1194911,"type":"buy","buyer":"offgridlife","seller":"bluesniper","symbol":"POB","quantity":"0.01000000","price":"0.74964754","timestamp":1625432337,"volume":"0.00749648","buyTxId":"a43b7fb87866ac695c4b2c7d54b70b95cdd0c7e9","sellTxId":"MM-P-8379585-55358497-3-5-1"}
{"index": {"_index":"pob","_id":"1194912"}}
	{"id":1194912,"type":"buy","buyer":"offgridlife","seller":"bluesniper","symbol":"POB","quantity":"0.01000000","price":"0.74964754","timestamp":1625432346,"volume":"0.00749648","buyTxId":"4e983efcc2ce29f0b0665c724db4095593bc221c","sellTxId":"MM-P-8379585-55358497-3-5-1"}
{"index": {"_index":"pob","_id":"1194913"}}
	{"id":1194913,"type":"buy","buyer":"offgridlife","seller":"bluesniper","symbol":"POB","quantity":"0.01000000","price":"0.74964754","timestamp":1625432355,"volume":"0.00749648","buyTxId":"006c316186e25f3afaf119ff8f4380b1f4c7e361","sellTxId":"MM-P-8379585-55358497-3-5-1"}
{"index": {"_index":"pob","_id":"1194915"}}
	{"id":1194915,"type":"buy","buyer":"offgridlife","seller":"bluesniper","symbol":"POB","quantity":"0.01000000","price":"0.74964754","timestamp":1625432370,"volume":"0.00749648","buyTxId":"4a2e75bb905000df30fd16a2b49954a6c6dfcb58","sellTxId":"MM-P-8379585-55358497-3-5-1"}
{"index": {"_index":"pob","_id":"1194924"}}
	{"id":1194924,"type":"sell","buyer":"solovey6o2","seller":"coolguy123","symbol":"POB","quantity":"5.70000000","price":"0.65436077","timestamp":1625432535,"volume":"3.72985639","buyTxId":"14a1a3aedec272814240907a6aff6dc430dd51fb","sellTxId":"4c7b1f03da9a1930324c5fe6a119674adc1a26e4"}
{"index": {"_index":"pob","_id":"1194981"}}
	{"id":1194981,"type":"sell","buyer":"solovey6o2","seller":"monsterjamgold","symbol":"POB","quantity":"0.02662608","price":"0.65545098","timestamp":1625435313,"volume":"0.01745209","buyTxId":"775f4644aa37520395ff795399d76e363bb2ea7d","sellTxId":"43bdc35803fe60070967ffbfa0ec8cae2e9b52a7"}
{"index": {"_index":"pob","_id":"1194998"}}
	{"id":1194998,"type":"sell","buyer":"solovey6o2","seller":"victoriabsb","symbol":"POB","quantity":"2.53147689","price":"0.65593106","timestamp":1625436507,"volume":"1.66047432","buyTxId":"099fde797701772fd14277c0cf686a4d269e7899","sellTxId":"6e75a79c797fcafc5c5f3b154ae88bc8e7c7a32c"}
{"index": {"_index":"pob","_id":"1195012"}}
	{"id":1195012,"type":"sell","buyer":"ctime","seller":"elgringoviejo","symbol":"POB","quantity":"0.36115371","price":"0.65594106","timestamp":1625436609,"volume":"0.23689555","buyTxId":"MM-P-8381028-55359944-3-22-0","sellTxId":"d84d8f5d6dba3ad69979f88964f755cee51f6d19"}
{"index": {"_index":"pob","_id":"1195016"}}
	{"id":1195016,"type":"sell","buyer":"bluesniper","seller":"taseli","symbol":"POB","quantity":"0.03031204","price":"0.65605107","timestamp":1625436768,"volume":"0.01988625","buyTxId":"MM-P-8381076-55359992-3-5-0","sellTxId":"55ed0e16660fd64d7f8c271bca9cb341bfaf6ce5"}
{"index": {"_index":"pob","_id":"1195035"}}
	{"id":1195035,"type":"sell","buyer":"ctime","seller":"rob23","symbol":"POB","quantity":"64.30276078","price":"0.65644006","timestamp":1625437836,"volume":"42.21090814","buyTxId":"MM-P-8381426-55360342-3-22-0","sellTxId":"f8c0b4f10851bbee1180019d9f5a5ba2898985f1"}
{"index": {"_index":"pob","_id":"1195041"}}
	{"id":1195041,"type":"buy","buyer":"andy4475","seller":"fireguardian","symbol":"POB","quantity":"4.88902171","price":"0.69000000","timestamp":1625438154,"volume":"3.37342498","buyTxId":"c36d9da23348d4e5e1b9ab90214709381e6fa66f","sellTxId":"26c952db81956965eb3c7714acef03eabad43fb9"}
{"index": {"_index":"pob","_id":"1195044"}}
	{"id":1195044,"type":"buy","buyer":"thranax","seller":"fireguardian","symbol":"POB","quantity":"0.43306601","price":"0.69000000","timestamp":1625438217,"volume":"0.29881555","buyTxId":"55476dd8dd43437fdd3749d76325621765bc9871","sellTxId":"26c952db81956965eb3c7714acef03eabad43fb9"}
{"index": {"_index":"pob","_id":"1195062"}}
	{"id":1195062,"type":"sell","buyer":"bluesniper","seller":"dunksocial","symbol":"POB","quantity":"8.92731110","price":"0.65691013","timestamp":1625438877,"volume":"5.86444110","buyTxId":"MM-P-8381773-55360689-3-5-0","sellTxId":"1441d89ef83ed96ce3a5e6059676d33e2ec23391"}
{"index": {"_index":"pob","_id":"1195070"}}
	{"id":1195070,"type":"sell","buyer":"solovey6o2","seller":"allcapsonezero","symbol":"POB","quantity":"12.00000000","price":"0.65703016","timestamp":1625439207,"volume":"7.88436192","buyTxId":"5eabfc55aabfe43688d644f498375eef22a6c28c","sellTxId":"c22c977c12f806206755e1bc67c24ed52a70d4b5"}
{"index": {"_index":"pob","_id":"1195122"}}
	{"id":1195122,"type":"sell","buyer":"ctime","seller":"allcapsonezero","symbol":"POB","quantity":"19.00000000","price":"0.65764026","timestamp":1625440833,"volume":"12.49516494","buyTxId":"MM-P-8382421-55361339-3-22-0","sellTxId":"bb551e6afc5dd0f5fc2dcf3182ad0a4c2e6500ab"}
{"index": {"_index":"pob","_id":"1195125"}}
	{"id":1195125,"type":"sell","buyer":"solovey6o2","seller":"cliffagreen","symbol":"POB","quantity":"0.02353576","price":"0.65775028","timestamp":1625441028,"volume":"0.01548065","buyTxId":"ea1184fad464032b8f4d357b21f6086d340ebe4a","sellTxId":"980705e4009f066a869c162d3d214fe0430aadfb"}
{"index": {"_index":"pob","_id":"1195138"}}
	{"id":1195138,"type":"sell","buyer":"solovey6o2","seller":"finguru","symbol":"POB","quantity":"9.69900000","price":"0.65822035","timestamp":1625442222,"volume":"6.38407917","buyTxId":"9b49606fbd22b3f71aa3f0011a59c28859706e71","sellTxId":"eeda6c80b156582d72837c68c5518766ca00b20a"}
{"index": {"_index":"pob","_id":"1195140"}}
	{"id":1195140,"type":"sell","buyer":"ctime","seller":"known.prince","symbol":"POB","quantity":"85.07659970","price":"0.65823035","timestamp":1625442309,"volume":"56.00000000","buyTxId":"MM-P-8382919-55361837-3-22-0","sellTxId":"44363845e5f0526a7eabbc3ec2b17f88a0166722"}
{"index": {"_index":"pob","_id":"1195141"}}
	{"id":1195141,"type":"sell","buyer":"solovey6o2","seller":"known.prince","symbol":"POB","quantity":"131.92340030","price":"0.65822035","timestamp":1625442309,"volume":"86.83466672","buyTxId":"9b49606fbd22b3f71aa3f0011a59c28859706e71","sellTxId":"44363845e5f0526a7eabbc3ec2b17f88a0166722"}
{"index": {"_index":"pob","_id":"1195148"}}
	{"id":1195148,"type":"sell","buyer":"rentmoney","seller":"matfilar","symbol":"POB","quantity":"4.19863997","price":"0.65849000","timestamp":1625442804,"volume":"2.76476243","buyTxId":"ec17ae3dad04a23541af68e19936863c4db8144c","sellTxId":"263b2b5f806d9136f97d6f7d429bd624a2feda11"}
{"index": {"_index":"pob","_id":"1195177"}}
	{"id":1195177,"type":"sell","buyer":"solovey6o2","seller":"sugandhaseth","symbol":"POB","quantity":"20.50000000","price":"0.65873005","timestamp":1625443440,"volume":"13.50396603","buyTxId":"2cffe8cd4e5ac04d44f15b855ecd8a91c349bd3a","sellTxId":"65097bd85576bd542976a4b78dc3feb85eccac50"}
{"index": {"_index":"pob","_id":"1195219"}}
	{"id":1195219,"type":"buy","buyer":"thranax","seller":"kraken99","symbol":"POB","quantity":"3.92699545","price":"0.66703015","timestamp":1625444727,"volume":"2.61942436","buyTxId":"fdf0b1dedd18c451726ab71d3977d3dfe7a3eff7","sellTxId":"f33e3fc61e66d21e9ccac61980e8f7485c5f61c0"}
{"index": {"_index":"pob","_id":"1195220"}}
	{"id":1195220,"type":"buy","buyer":"thranax","seller":"bluesniper","symbol":"POB","quantity":"11.42440242","price":"0.68980200","timestamp":1625444790,"volume":"7.88057564","buyTxId":"8582d8d74b2f3b6c76f395e54a51e49448853b8f","sellTxId":"MM-P-8383662-55362580-3-5-1"}
{"index": {"_index":"pob","_id":"1195264"}}
	{"id":1195264,"type":"sell","buyer":"solovey6o2","seller":"raymondspeaks","symbol":"POB","quantity":"21.66998567","price":"0.66005028","timestamp":1625446716,"volume":"14.30328011","buyTxId":"549cd2e4c1a33afa385f90975b2a3ba43248d1a5","sellTxId":"5c64bb6fb5730b404e5d27e01eedc406e09fbcb6"}
{"index": {"_index":"pob","_id":"1195277"}}
	{"id":1195277,"type":"sell","buyer":"solovey6o2","seller":"charcoalbuffet","symbol":"POB","quantity":"65.77700010","price":"0.66029032","timestamp":1625447301,"volume":"43.43191644","buyTxId":"463281abee5316e25c461410201446e12bd24ce3","sellTxId":"ad075ab51952ce6cc0b7075efa219fd130739d8f"}
{"index": {"_index":"pob","_id":"1195286"}}
	{"id":1195286,"type":"buy","buyer":"scholaris.pob","seller":"bluesniper","symbol":"POB","quantity":"29.00000000","price":"0.68970300","timestamp":1625447511,"volume":"20.00138700","buyTxId":"ba92ca706dfd4d2575b9e63efd0c0b9aed7fdea0","sellTxId":"MM-P-8384556-55363477-3-5-1"}
{"index": {"_index":"pob","_id":"1195287"}}
	{"id":1195287,"type":"buy","buyer":"scholaris.pob","seller":"solovey6o2","symbol":"POB","quantity":"147.26218688","price":"0.68971299","timestamp":1625447511,"volume":"101.56864323","buyTxId":"ba92ca706dfd4d2575b9e63efd0c0b9aed7fdea0","sellTxId":"8c248d042358c6939eee7ae2bac61abc313ffafe"}
{"index": {"_index":"pob","_id":"1195317"}}
	{"id":1195317,"type":"sell","buyer":"richardcrill","seller":"ahmetay","symbol":"POB","quantity":"0.06293916","price":"0.66088040","timestamp":1625448660,"volume":"0.04159526","buyTxId":"MM-P-8385017-55363939-3-10-0","sellTxId":"38a3b861da970a4218aea4191e432f024d0bd0cb"}
{"index": {"_index":"pob","_id":"1195319"}}
	{"id":1195319,"type":"buy","buyer":"andy4475","seller":"bluesniper","symbol":"POB","quantity":"4.16141662","price":"0.68965799","timestamp":1625448780,"volume":"2.86995422","buyTxId":"be077f2d3662b63681e6456eb78de6d8beef9bcb","sellTxId":"MM-P-8385052-55363974-3-5-1"}
{"index": {"_index":"pob","_id":"1195403"}}
	{"id":1195403,"type":"sell","buyer":"solovey6o2","seller":"melbourneswest","symbol":"POB","quantity":"2.43083296","price":"0.66245808","timestamp":1625452743,"volume":"1.61032494","buyTxId":"16ec2af38f4fce22c846e013b282b08ccf156c2e","sellTxId":"092ad3ecb7a7aae558853c35f2e703ac6a05f993"}
{"index": {"_index":"pob","_id":"1195407"}}
	{"id":1195407,"type":"sell","buyer":"solovey6o2","seller":"failingforwards","symbol":"POB","quantity":"20.68943102","price":"0.66257810","timestamp":1625453091,"volume":"13.70836390","buyTxId":"2f533fcc8077e1b47ad8bb860e8bd39da2edb5ca","sellTxId":"6b27820704f7ac1c22bd2ca563cf1647d05a8b00"}
{"index": {"_index":"pob","_id":"1195416"}}
	{"id":1195416,"type":"sell","buyer":"solovey6o2","seller":"ftfund","symbol":"POB","quantity":"6.36071223","price":"0.66280813","timestamp":1625453517,"volume":"4.21593178","buyTxId":"5c85bf7f325732dcabd28cead29bec42336e0a53","sellTxId":"f8a0c8daeb670296ea1557b648bd450e911089e3"}
