{"index": {"_index":"pob","_id":"1591684"}}
	{"id":1591684,"type":"sell","buyer":"gimme-your-coinz","seller":"cryptowingnut","symbol":"POB","quantity":"12.5","price":"0.28018028","timestamp":1632709425,"volume":"3.50225350","buyTxId":"0d1e0a908c7172888d00fd0015c95c1fa65f388c","sellTxId":"279956615152bddfa5c7c9e707fa8d1791c9f9d9"}
{"index": {"_index":"pob","_id":"1591703"}}
	{"id":1591703,"type":"sell","buyer":"gimme-your-coinz","seller":"bitcoinflood","symbol":"POB","quantity":"9.50000000","price":"0.28018028","timestamp":1632709665,"volume":"2.66171266","buyTxId":"0d1e0a908c7172888d00fd0015c95c1fa65f388c","sellTxId":"6e177ddcab02d9ca7c5448077cbbee23dae6ed93"}
{"index": {"_index":"pob","_id":"1591704"}}
	{"id":1591704,"type":"sell","buyer":"gimme-your-coinz","seller":"bitcoinflood","symbol":"POB","quantity":"4.77182489","price":"0.28018028","timestamp":1632709665,"volume":"1.33697123","buyTxId":"ee9bb633e9f8a175eca9ec17802504cf9c56b860","sellTxId":"6e177ddcab02d9ca7c5448077cbbee23dae6ed93"}
{"index": {"_index":"pob","_id":"1591721"}}
	{"id":1591721,"type":"sell","buyer":"gimme-your-coinz","seller":"theia7","symbol":"POB","quantity":"0.00151193","price":"0.28019029","timestamp":1632709863,"volume":"0.00042363","buyTxId":"237406d22b3a72aefcf5696dba5bc57940e42753","sellTxId":"340d37a01aac1d96e879e871e4f5df02f59cdf55"}
{"index": {"_index":"pob","_id":"1591722"}}
	{"id":1591722,"type":"buy","buyer":"anadolu","seller":"anadolu","symbol":"POB","quantity":"67.34434776","price":"0.29998999","timestamp":1632709971,"volume":"20.20263021","buyTxId":"e5c343eb4519668b90dbc5637a05cd0cffdd79ef","sellTxId":"MM-P-10785858-57770521-3-8-1"}
{"index": {"_index":"pob","_id":"1591723"}}
	{"id":1591723,"type":"buy","buyer":"anadolu","seller":"solovey6o2","symbol":"POB","quantity":"19.62456662","price":"0.29999999","timestamp":1632709971,"volume":"5.88736979","buyTxId":"e5c343eb4519668b90dbc5637a05cd0cffdd79ef","sellTxId":"a537b170f73452c7cc36afcad1b854291d352bb6"}
{"index": {"_index":"pob","_id":"1591760"}}
	{"id":1591760,"type":"sell","buyer":"gimme-your-coinz","seller":"nuthman","symbol":"POB","quantity":"1.19107210","price":"0.28022032","timestamp":1632710703,"volume":"0.33376261","buyTxId":"bb9ab65d5fcc002149693d608a0a421156692c8e","sellTxId":"b093b6237de8784f192a749dfd642f6cfcc0ad99"}
{"index": {"_index":"pob","_id":"1591782"}}
	{"id":1591782,"type":"sell","buyer":"gimme-your-coinz","seller":"lapacodo","symbol":"POB","quantity":"5.88000000","price":"0.28024034","timestamp":1632711267,"volume":"1.64781320","buyTxId":"6382e8a923e2995aeac194d7cf3c6ca50e5d523c","sellTxId":"3f3f77a97b7a36e148921ae520c688bbc5e7c38d"}
{"index": {"_index":"pob","_id":"1591815"}}
	{"id":1591815,"type":"sell","buyer":"gimme-your-coinz","seller":"hivetoday","symbol":"POB","quantity":"22.00000000","price":"0.28026036","timestamp":1632711936,"volume":"6.16572792","buyTxId":"5109d64dafba3eb621bb2b580a46d8991445ae67","sellTxId":"05c6e0352efde9bf95e10548d87929eda16f030f"}
{"index": {"_index":"pob","_id":"1591816"}}
	{"id":1591816,"type":"sell","buyer":"gimme-your-coinz","seller":"hivetoday","symbol":"POB","quantity":"22.00000000","price":"0.28026036","timestamp":1632711936,"volume":"6.16572792","buyTxId":"9a617ed2c10ca93ecffca27b65f26563e47c0961","sellTxId":"05c6e0352efde9bf95e10548d87929eda16f030f"}
{"index": {"_index":"pob","_id":"1591817"}}
	{"id":1591817,"type":"sell","buyer":"anadolu","seller":"hivetoday","symbol":"POB","quantity":"22.63200000","price":"0.28026035","timestamp":1632711936,"volume":"6.34285224","buyTxId":"MM-P-10793727-57778402-3-8-0","sellTxId":"05c6e0352efde9bf95e10548d87929eda16f030f"}
{"index": {"_index":"pob","_id":"1591819"}}
	{"id":1591819,"type":"sell","buyer":"gimme-your-coinz","seller":"kotenoke","symbol":"POB","quantity":"5.51206815","price":"0.28026036","timestamp":1632711981,"volume":"1.54481420","buyTxId":"689ddd633e3b9b769eafa1c7c7eeade084a1af60","sellTxId":"c3b098e08879873eea3c761de726f25d6f76838b"}
{"index": {"_index":"pob","_id":"1591878"}}
	{"id":1591878,"type":"sell","buyer":"gimme-your-coinz","seller":"rishi556","symbol":"POB","quantity":"0.00311886","price":"0.28031041","timestamp":1632713388,"volume":"0.00087425","buyTxId":"cb03b5a49c4f0724aa90895663fe04210db5c5b5","sellTxId":"ae31424b828c095f6e2d4b9d26e1c56eb6796c9c-8"}
{"index": {"_index":"pob","_id":"1591946"}}
	{"id":1591946,"type":"sell","buyer":"gimme-your-coinz","seller":"bokica80","symbol":"POB","quantity":"0.26766274","price":"0.28036046","timestamp":1632714984,"volume":"0.07504205","buyTxId":"3a6de3267fac978423977ffafb36cc4d2484bf11","sellTxId":"f4be74eff006a75f8c4189cd13039798bccaebc0"}
{"index": {"_index":"pob","_id":"1592189"}}
	{"id":1592189,"type":"sell","buyer":"gimme-your-coinz","seller":"beemd","symbol":"POB","quantity":"0.33073244","price":"0.28051061","timestamp":1632719487,"volume":"0.09277396","buyTxId":"942d9c4c773b5a559802d4f4a61ffed214ba0c37","sellTxId":"509b1cb1a9fe53e321cfd4a0a29928769954e824"}
{"index": {"_index":"pob","_id":"1592197"}}
	{"id":1592197,"type":"sell","buyer":"gimme-your-coinz","seller":"gimmetricks1","symbol":"POB","quantity":"8.19675303","price":"0.28052062","timestamp":1632719841,"volume":"2.29935824","buyTxId":"8fa4c419acbaddf840003fd8bf59a129085740bc","sellTxId":"2822fba52318f09d7cf77a419a77bf8fb3ebbd5a"}
{"index": {"_index":"pob","_id":"1592293"}}
	{"id":1592293,"type":"sell","buyer":"gimme-your-coinz","seller":"badbitch","symbol":"POB","quantity":"13.80324697","price":"0.28052062","timestamp":1632721692,"volume":"3.87209540","buyTxId":"8fa4c419acbaddf840003fd8bf59a129085740bc","sellTxId":"b5412e7e0f8f2f4adf5a351278edbf41782f81e6"}
{"index": {"_index":"pob","_id":"1592295"}}
	{"id":1592295,"type":"sell","buyer":"gimme-your-coinz","seller":"badbitch","symbol":"POB","quantity":"22.00000000","price":"0.28052062","timestamp":1632721719,"volume":"6.17145364","buyTxId":"5daaa8f9e21fc16713403f5ba2cb7c158234f58f","sellTxId":"105f8eb4be43884451ab29cbdfb67d708a34a175"}
{"index": {"_index":"pob","_id":"1592296"}}
	{"id":1592296,"type":"sell","buyer":"anadolu","seller":"badbitch","symbol":"POB","quantity":"17.00000000","price":"0.28052061","timestamp":1632721719,"volume":"4.76885037","buyTxId":"MM-P-10796320-57780997-3-8-0","sellTxId":"105f8eb4be43884451ab29cbdfb67d708a34a175"}
{"index": {"_index":"pob","_id":"1592342"}}
	{"id":1592342,"type":"sell","buyer":"gimme-your-coinz","seller":"knowhow92","symbol":"POB","quantity":"12.89468108","price":"0.28055065","timestamp":1632722790,"volume":"3.61761116","buyTxId":"5c06f00025cfb35d2c857e71080b2f4bdb74763c","sellTxId":"d863ca9b15b48bac93da75849023b79de8e94ee6"}
{"index": {"_index":"pob","_id":"1592347"}}
	{"id":1592347,"type":"sell","buyer":"gimme-your-coinz","seller":"beemd","symbol":"POB","quantity":"0.17556678","price":"0.28055065","timestamp":1632722853,"volume":"0.04925537","buyTxId":"5c06f00025cfb35d2c857e71080b2f4bdb74763c","sellTxId":"420d43451f600b003739ee27f10aec976c885a70"}
{"index": {"_index":"pob","_id":"1592452"}}
	{"id":1592452,"type":"sell","buyer":"gimme-your-coinz","seller":"candy49","symbol":"POB","quantity":"1.29578562","price":"0.28063073","timestamp":1632725142,"volume":"0.36363726","buyTxId":"a2e75ad7e6eafd35a92f5235cae0c1458e695290","sellTxId":"6636a6f3060c216745bf74d63cd6cf281b62d184"}
{"index": {"_index":"pob","_id":"1592524"}}
	{"id":1592524,"type":"sell","buyer":"gimme-your-coinz","seller":"torrecoin90","symbol":"POB","quantity":"0.40615607","price":"0.28067077","timestamp":1632726432,"volume":"0.11399614","buyTxId":"01b9715e04e487aa902cf37ba1f81ce1f82c4693","sellTxId":"7b4eef11f5656104b334c2b65053c298d5d8ac0a"}
{"index": {"_index":"pob","_id":"1592538"}}
	{"id":1592538,"type":"sell","buyer":"gimme-your-coinz","seller":"fullcoverbetting","symbol":"POB","quantity":"0.50000000","price":"0.28068078","timestamp":1632726759,"volume":"0.14034039","buyTxId":"947764d6db24f850a8f31d3dbb7541b719e225c2","sellTxId":"c613b3b53f06e26b7dc702e0d4fe3fc48fe37023"}
{"index": {"_index":"pob","_id":"1592673"}}
	{"id":1592673,"type":"sell","buyer":"gimme-your-coinz","seller":"clixy","symbol":"POB","quantity":"10.11866270","price":"0.28075085","timestamp":1632728709,"volume":"2.84082315","buyTxId":"cdad497b6586b23a64a4b8b626b985b3eb2a1669","sellTxId":"c54a2db69d897701695de205300b0bb6866b43c6"}
{"index": {"_index":"pob","_id":"1592681"}}
	{"id":1592681,"type":"sell","buyer":"gimme-your-coinz","seller":"beemd","symbol":"POB","quantity":"0.18062531","price":"0.28075085","timestamp":1632728880,"volume":"0.05071071","buyTxId":"cdad497b6586b23a64a4b8b626b985b3eb2a1669","sellTxId":"bfcd3cc2eb878d592554d65897f14a06d29ebcd8"}
{"index": {"_index":"pob","_id":"1592734"}}
	{"id":1592734,"type":"sell","buyer":"gimme-your-coinz","seller":"lebah","symbol":"POB","quantity":"11.70071199","price":"0.28075085","timestamp":1632729591,"volume":"3.28498484","buyTxId":"cdad497b6586b23a64a4b8b626b985b3eb2a1669","sellTxId":"8abda8a39856376a91aebb119452adc82feea66a"}
{"index": {"_index":"pob","_id":"1592735"}}
	{"id":1592735,"type":"buy","buyer":"gimme-your-coinz","seller":"lebah","symbol":"POB","quantity":"1.29928801","price":"0.28075085","timestamp":1632729609,"volume":"0.36477621","buyTxId":"beb5020c415043552142263b8b2565709c59ca9d","sellTxId":"8abda8a39856376a91aebb119452adc82feea66a"}
{"index": {"_index":"pob","_id":"1592801"}}
	{"id":1592801,"type":"sell","buyer":"gimme-your-coinz","seller":"hive-143869","symbol":"POB","quantity":"0.77000000","price":"0.28080090","timestamp":1632731220,"volume":"0.21621669","buyTxId":"b5c1f97a8333dca0a934f598d660481cc8fc99d4","sellTxId":"1e6dcca1043996f6927190261f62aec2660079a3"}
{"index": {"_index":"pob","_id":"1592828"}}
	{"id":1592828,"type":"sell","buyer":"gimme-your-coinz","seller":"alexvan","symbol":"POB","quantity":"8.71560075","price":"0.28083093","timestamp":1632732042,"volume":"2.44761026","buyTxId":"ccd0d5dceefd148b5fbbecc01105508068cd2b15","sellTxId":"a19cd2a6525c0c4fc0d401d0fc33ea4982fbf9e1"}
{"index": {"_index":"pob","_id":"1592859"}}
	{"id":1592859,"type":"sell","buyer":"gimme-your-coinz","seller":"priyanarc","symbol":"POB","quantity":"20.00000000","price":"0.28085095","timestamp":1632732642,"volume":"5.61701900","buyTxId":"e59b16ec9b5348641452bc6c564f16f07b1872d7","sellTxId":"b6bd2a828390fbabeff7baac01fbb6726abb006c"}
{"index": {"_index":"pob","_id":"1592880"}}
	{"id":1592880,"type":"sell","buyer":"anadolu","seller":"chireerocks","symbol":"POB","quantity":"3.76625386","price":"0.28086096","timestamp":1632733143,"volume":"1.05779367","buyTxId":"MM-P-10800697-57785386-3-8-0","sellTxId":"6e06cae5d55fed85638d122fa98a5a386af66265"}
{"index": {"_index":"pob","_id":"1592887"}}
	{"id":1592887,"type":"sell","buyer":"anadolu","seller":"babytarazkp","symbol":"POB","quantity":"38.53124745","price":"0.28086096","timestamp":1632733317,"volume":"10.82192315","buyTxId":"MM-P-10800697-57785386-3-8-0","sellTxId":"72907d3811a929c96d14884a598c2f674a871c2a"}
{"index": {"_index":"pob","_id":"1592919"}}
	{"id":1592919,"type":"sell","buyer":"anadolu","seller":"jesustiano","symbol":"POB","quantity":"0.81183749","price":"0.28086096","timestamp":1632733863,"volume":"0.22801346","buyTxId":"MM-P-10800697-57785386-3-8-0","sellTxId":"1c9854b065e4b8351d9cef5889703eab0521c55d"}
{"index": {"_index":"pob","_id":"1592935"}}
	{"id":1592935,"type":"sell","buyer":"gimme-your-coinz","seller":"beemd","symbol":"POB","quantity":"0.19988261","price":"0.28085096","timestamp":1632734106,"volume":"0.05613722","buyTxId":"bd686dd53f157cc44259a52dd8b6a484f300e184","sellTxId":"a36a330fa039e14af18bb3d6524ac3a55b51ab27"}
{"index": {"_index":"pob","_id":"1592962"}}
	{"id":1592962,"type":"sell","buyer":"gimme-your-coinz","seller":"achim03","symbol":"POB","quantity":"9.44800000","price":"0.28085096","timestamp":1632735060,"volume":"2.65347987","buyTxId":"bd686dd53f157cc44259a52dd8b6a484f300e184","sellTxId":"804f13fbead416509431694d221e24c3f3de9d76"}
{"index": {"_index":"pob","_id":"1593001"}}
	{"id":1593001,"type":"sell","buyer":"gimme-your-coinz","seller":"liaminit1","symbol":"POB","quantity":"2.57343464","price":"0.28085096","timestamp":1632735912,"volume":"0.72275159","buyTxId":"bd686dd53f157cc44259a52dd8b6a484f300e184","sellTxId":"42c280675f8095a763e01a46443b35d35ee227b5"}
{"index": {"_index":"pob","_id":"1593057"}}
	{"id":1593057,"type":"sell","buyer":"gimme-your-coinz","seller":"elricmoonslayer","symbol":"POB","quantity":"9.77868275","price":"0.28085096","timestamp":1632736863,"volume":"2.74635244","buyTxId":"bd686dd53f157cc44259a52dd8b6a484f300e184","sellTxId":"06a247851d5f75fecf9c2f2df4dca8c3e9329c47"}
{"index": {"_index":"pob","_id":"1593067"}}
	{"id":1593067,"type":"buy","buyer":"edipascal","seller":"elricmoonslayer","symbol":"POB","quantity":"14.25315818","price":"0.28085096","timestamp":1632736929,"volume":"4.00301316","buyTxId":"2aa2c0dc6342d90d748d8743aa2106d4f05da553","sellTxId":"06a247851d5f75fecf9c2f2df4dca8c3e9329c47"}
{"index": {"_index":"pob","_id":"1593068"}}
	{"id":1593068,"type":"buy","buyer":"edipascal","seller":"zahidkhanniai","symbol":"POB","quantity":"2.37700000","price":"0.28085096","timestamp":1632736929,"volume":"0.66758273","buyTxId":"2aa2c0dc6342d90d748d8743aa2106d4f05da553","sellTxId":"db038ff77f65926c58402ba8638713adf2bd765d"}
{"index": {"_index":"pob","_id":"1593069"}}
	{"id":1593069,"type":"buy","buyer":"edipascal","seller":"melbourneswest","symbol":"POB","quantity":"3.32186687","price":"0.29000000","timestamp":1632736929,"volume":"0.96334139","buyTxId":"2aa2c0dc6342d90d748d8743aa2106d4f05da553","sellTxId":"0b01581845d18e8f3c9c6e5ea8d9b8945a7bc2dc"}
{"index": {"_index":"pob","_id":"1593070"}}
	{"id":1593070,"type":"buy","buyer":"edipascal","seller":"ctpsb","symbol":"POB","quantity":"2.69700000","price":"0.29000000","timestamp":1632736929,"volume":"0.78213000","buyTxId":"2aa2c0dc6342d90d748d8743aa2106d4f05da553","sellTxId":"26005d4fa375cd3ec2fc55b0dc5c8a2b5363adcf"}
{"index": {"_index":"pob","_id":"1593071"}}
	{"id":1593071,"type":"buy","buyer":"edipascal","seller":"liotes.voter","symbol":"POB","quantity":"4.14600108","price":"0.29998501","timestamp":1632736929,"volume":"1.24373818","buyTxId":"2aa2c0dc6342d90d748d8743aa2106d4f05da553","sellTxId":"9ce976746976d4a333bf4543057033b029eab068"}
{"index": {"_index":"pob","_id":"1593072"}}
	{"id":1593072,"type":"buy","buyer":"edipascal","seller":"solovey6o2","symbol":"POB","quantity":"439.77064135","price":"0.29999999","timestamp":1632736929,"volume":"131.93118801","buyTxId":"2aa2c0dc6342d90d748d8743aa2106d4f05da553","sellTxId":"a537b170f73452c7cc36afcad1b854291d352bb6"}
{"index": {"_index":"pob","_id":"1593130"}}
	{"id":1593130,"type":"sell","buyer":"gimme-your-coinz","seller":"missrdx","symbol":"POB","quantity":"3.32570000","price":"0.28085095","timestamp":1632737310,"volume":"0.93402600","buyTxId":"101f920ab5709244ddef86b18707f384b1e33f8f","sellTxId":"26bbabe6aad65ccb391dbb41053192f0e450d373"}
{"index": {"_index":"pob","_id":"1593175"}}
	{"id":1593175,"type":"sell","buyer":"gimme-your-coinz","seller":"asadkhan-niazi","symbol":"POB","quantity":"3.20910000","price":"0.28085095","timestamp":1632738384,"volume":"0.90127878","buyTxId":"101f920ab5709244ddef86b18707f384b1e33f8f","sellTxId":"d5135fefbcff4a6a6c913c3a015e9c32fd9f66ff"}
{"index": {"_index":"pob","_id":"1593176"}}
	{"id":1593176,"type":"sell","buyer":"gimme-your-coinz","seller":"driplord","symbol":"POB","quantity":"15.46520000","price":"0.28085095","timestamp":1632738420,"volume":"4.34341611","buyTxId":"101f920ab5709244ddef86b18707f384b1e33f8f","sellTxId":"4c28753754655af73d55d4e37e886253e964640a"}
{"index": {"_index":"pob","_id":"1593177"}}
	{"id":1593177,"type":"sell","buyer":"solovey6o2","seller":"driplord","symbol":"POB","quantity":"121.43821348","price":"0.28000002","timestamp":1632738420,"volume":"34.00270220","buyTxId":"b8055e59ff4870db0c8ed961072208a10c49ceb7","sellTxId":"4c28753754655af73d55d4e37e886253e964640a"}
{"index": {"_index":"pob","_id":"1593227"}}
	{"id":1593227,"type":"sell","buyer":"solovey6o2","seller":"trippymane","symbol":"POB","quantity":"4.00000000","price":"0.28000002","timestamp":1632739398,"volume":"1.12000008","buyTxId":"b8055e59ff4870db0c8ed961072208a10c49ceb7","sellTxId":"ae6d479dfb3fd43126a18edd102ba73d661094c8"}
{"index": {"_index":"pob","_id":"1593243"}}
	{"id":1593243,"type":"sell","buyer":"solovey6o2","seller":"trippymane","symbol":"POB","quantity":"14.06479591","price":"0.28000002","timestamp":1632739941,"volume":"3.93814314","buyTxId":"b8055e59ff4870db0c8ed961072208a10c49ceb7","sellTxId":"c150afefcd7e62c1aa50cebc30d8d653cb13b954"}
{"index": {"_index":"pob","_id":"1593370"}}
	{"id":1593370,"type":"buy","buyer":"pdq","seller":"solovey6o2","symbol":"POB","quantity":"261.00000000","price":"0.29999999","timestamp":1632741771,"volume":"78.29999739","buyTxId":"ed7cc071e4eb839b36216b552727807fba319cd6","sellTxId":"a537b170f73452c7cc36afcad1b854291d352bb6"}
{"index": {"_index":"pob","_id":"1593389"}}
	{"id":1593389,"type":"sell","buyer":"solovey6o2","seller":"steevc","symbol":"POB","quantity":"3.00000000","price":"0.28000002","timestamp":1632742287,"volume":"0.84000006","buyTxId":"b8055e59ff4870db0c8ed961072208a10c49ceb7","sellTxId":"cca655cdcd453df73b02fad6f3c5a803ac7e8a9d"}
{"index": {"_index":"pob","_id":"1593400"}}
	{"id":1593400,"type":"sell","buyer":"solovey6o2","seller":"andy4475","symbol":"POB","quantity":"0.81868259","price":"0.28000002","timestamp":1632742575,"volume":"0.22923114","buyTxId":"b8055e59ff4870db0c8ed961072208a10c49ceb7","sellTxId":"3761b6c6c6fd69339a0dad2b9071ddf98602da18"}
{"index": {"_index":"pob","_id":"1593404"}}
	{"id":1593404,"type":"sell","buyer":"solovey6o2","seller":"brunonacif","symbol":"POB","quantity":"7.76493893","price":"0.28000002","timestamp":1632742644,"volume":"2.17418306","buyTxId":"b8055e59ff4870db0c8ed961072208a10c49ceb7","sellTxId":"7da10f4ef055deb8746a1657d2ad818925bb3a91"}
{"index": {"_index":"pob","_id":"1593467"}}
	{"id":1593467,"type":"sell","buyer":"solovey6o2","seller":"karinxxl","symbol":"POB","quantity":"3.01828971","price":"0.28000002","timestamp":1632743949,"volume":"0.84512118","buyTxId":"b8055e59ff4870db0c8ed961072208a10c49ceb7","sellTxId":"e3ad457d812352b4649e68dba678f1c016c5c860"}
{"index": {"_index":"pob","_id":"1593483"}}
	{"id":1593483,"type":"sell","buyer":"solovey6o2","seller":"captaincryptic","symbol":"POB","quantity":"1.59311622","price":"0.28000002","timestamp":1632744186,"volume":"0.44607257","buyTxId":"b8055e59ff4870db0c8ed961072208a10c49ceb7","sellTxId":"13a18d997977878c36519e006e49d3587007b7d6"}
{"index": {"_index":"pob","_id":"1593547"}}
	{"id":1593547,"type":"sell","buyer":"uyobong","seller":"successfull","symbol":"POB","quantity":"124.00000000","price":"0.28200000","timestamp":1632745107,"volume":"34.96800000","buyTxId":"660fad1c0d8db13271a1d971a86d5c9d95023b56","sellTxId":"72931573b3c7547a38d71d59a514d1bab74c5c72"}
{"index": {"_index":"pob","_id":"1593548"}}
	{"id":1593548,"type":"sell","buyer":"solovey6o2","seller":"successfull","symbol":"POB","quantity":"695.00000000","price":"0.28000002","timestamp":1632745107,"volume":"194.60001390","buyTxId":"b8055e59ff4870db0c8ed961072208a10c49ceb7","sellTxId":"72931573b3c7547a38d71d59a514d1bab74c5c72"}
{"index": {"_index":"pob","_id":"1593557"}}
	{"id":1593557,"type":"sell","buyer":"solovey6o2","seller":"successfull","symbol":"POB","quantity":"124.32081225","price":"0.28000002","timestamp":1632745218,"volume":"34.80982992","buyTxId":"b8055e59ff4870db0c8ed961072208a10c49ceb7","sellTxId":"a13fdc7ca34fc0ea28ed464f526b5ed1eee4956a"}
{"index": {"_index":"pob","_id":"1593558"}}
	{"id":1593558,"type":"sell","buyer":"solovey6o2","seller":"successfull","symbol":"POB","quantity":"100.18884004","price":"0.28000002","timestamp":1632745218,"volume":"28.05287721","buyTxId":"4f49ee05b21c0ea5d75eec50a541df58fe8b1411","sellTxId":"a13fdc7ca34fc0ea28ed464f526b5ed1eee4956a"}
{"index": {"_index":"pob","_id":"1593559"}}
	{"id":1593559,"type":"sell","buyer":"solovey6o2","seller":"successfull","symbol":"POB","quantity":"191.49034771","price":"0.28000002","timestamp":1632745218,"volume":"53.61730119","buyTxId":"6218e52a23ad71b7fc5269fac6a3b1bc8b02b0a4","sellTxId":"a13fdc7ca34fc0ea28ed464f526b5ed1eee4956a"}
{"index": {"_index":"pob","_id":"1593561"}}
	{"id":1593561,"type":"sell","buyer":"solovey6o2","seller":"scooter77","symbol":"POB","quantity":"39.60297391","price":"0.28000002","timestamp":1632745251,"volume":"11.08883349","buyTxId":"6218e52a23ad71b7fc5269fac6a3b1bc8b02b0a4","sellTxId":"1cd472712747eb0662d6339cb22706168358fba9"}
{"index": {"_index":"pob","_id":"1593563"}}
	{"id":1593563,"type":"sell","buyer":"solovey6o2","seller":"successfull","symbol":"POB","quantity":"184.93379599","price":"0.28000002","timestamp":1632745284,"volume":"51.78146657","buyTxId":"6218e52a23ad71b7fc5269fac6a3b1bc8b02b0a4","sellTxId":"5e58153e2b4023128cdb9b9648b52bf0bcdd33a6"}
{"index": {"_index":"pob","_id":"1593564"}}
	{"id":1593564,"type":"sell","buyer":"solovey6o2","seller":"successfull","symbol":"POB","quantity":"88.06620401","price":"0.28000002","timestamp":1632745284,"volume":"24.65853888","buyTxId":"5a7fc6f78ea132b517ae857858d1f083a63138a8","sellTxId":"5e58153e2b4023128cdb9b9648b52bf0bcdd33a6"}
{"index": {"_index":"pob","_id":"1593599"}}
	{"id":1593599,"type":"sell","buyer":"solovey6o2","seller":"successfull","symbol":"POB","quantity":"185.00000000","price":"0.28000002","timestamp":1632745389,"volume":"51.80000370","buyTxId":"5a7fc6f78ea132b517ae857858d1f083a63138a8","sellTxId":"879f016e5e6621ecb76c35d7afe3818109f9f47e"}
{"index": {"_index":"pob","_id":"1593605"}}
	{"id":1593605,"type":"sell","buyer":"solovey6o2","seller":"successfull","symbol":"POB","quantity":"0.30860161","price":"0.28000002","timestamp":1632745452,"volume":"0.08640846","buyTxId":"5a7fc6f78ea132b517ae857858d1f083a63138a8","sellTxId":"327f0f989330c21760e6fce8f58e391dd9a7faa8"}
{"index": {"_index":"pob","_id":"1593606"}}
	{"id":1593606,"type":"sell","buyer":"atma.love","seller":"successfull","symbol":"POB","quantity":"121.69139839","price":"0.28000001","timestamp":1632745452,"volume":"34.07359277","buyTxId":"a3186901ef9578a0d8c3d251eaae0be08df2060f","sellTxId":"327f0f989330c21760e6fce8f58e391dd9a7faa8"}
{"index": {"_index":"pob","_id":"1593612"}}
	{"id":1593612,"type":"sell","buyer":"atma.love","seller":"successfull","symbol":"POB","quantity":"21.00000000","price":"0.28000001","timestamp":1632745563,"volume":"5.88000021","buyTxId":"a3186901ef9578a0d8c3d251eaae0be08df2060f","sellTxId":"1196d5ed051927abbbba6f6487684657f66146e1"}
{"index": {"_index":"pob","_id":"1593641"}}
	{"id":1593641,"type":"sell","buyer":"atma.love","seller":"hive-142502","symbol":"POB","quantity":"0.02536399","price":"0.28000001","timestamp":1632745938,"volume":"0.00710192","buyTxId":"a3186901ef9578a0d8c3d251eaae0be08df2060f","sellTxId":"30a79d45c0e925a92f6c623fb8a747b308513513"}
{"index": {"_index":"pob","_id":"1593650"}}
	{"id":1593650,"type":"sell","buyer":"atma.love","seller":"bilpcoinbpc","symbol":"POB","quantity":"10.00100000","price":"0.28000001","timestamp":1632746187,"volume":"2.80028010","buyTxId":"a3186901ef9578a0d8c3d251eaae0be08df2060f","sellTxId":"8968bce1e36bb67a6f9efe7aa1ce46de5bc6f2ff"}
{"index": {"_index":"pob","_id":"1593671"}}
	{"id":1593671,"type":"sell","buyer":"atma.love","seller":"rubenmedina182","symbol":"POB","quantity":"74.15649307","price":"0.28000001","timestamp":1632746490,"volume":"20.76381880","buyTxId":"a3186901ef9578a0d8c3d251eaae0be08df2060f","sellTxId":"5932fe1620090a73eadb54b75707a58962b7e30f"}
{"index": {"_index":"pob","_id":"1593756"}}
	{"id":1593756,"type":"sell","buyer":"atma.love","seller":"coroneum","symbol":"POB","quantity":"0.95153237","price":"0.28000001","timestamp":1632747153,"volume":"0.26642907","buyTxId":"a3186901ef9578a0d8c3d251eaae0be08df2060f","sellTxId":"af6aacf05146cc21f6fa70ccbf4518610899535b"}
{"index": {"_index":"pob","_id":"1593891"}}
	{"id":1593891,"type":"sell","buyer":"atma.love","seller":"gubbatv","symbol":"POB","quantity":"2.61715941","price":"0.28000001","timestamp":1632749208,"volume":"0.73280466","buyTxId":"a3186901ef9578a0d8c3d251eaae0be08df2060f","sellTxId":"0afa31c318d619e819e0de9ea77f34f309679463"}
{"index": {"_index":"pob","_id":"1594147"}}
	{"id":1594147,"type":"sell","buyer":"atma.love","seller":"travelgirl","symbol":"POB","quantity":"6.52115050","price":"0.28000001","timestamp":1632750009,"volume":"1.82592221","buyTxId":"a3186901ef9578a0d8c3d251eaae0be08df2060f","sellTxId":"d20a1c863e3ab9c60842860fa630ff5a815e79ec"}
{"index": {"_index":"pob","_id":"1594217"}}
	{"id":1594217,"type":"sell","buyer":"atma.love","seller":"bilpcoinbpc","symbol":"POB","quantity":"0.49699464","price":"0.28000001","timestamp":1632750528,"volume":"0.13915850","buyTxId":"a3186901ef9578a0d8c3d251eaae0be08df2060f","sellTxId":"a48df3ed0fa06706724dd327bbe78acbcf7b7c26"}
{"index": {"_index":"pob","_id":"1594337"}}
	{"id":1594337,"type":"buy","buyer":"gracefieldhub","seller":"aiovo","symbol":"POB","quantity":"11.00000000","price":"0.29990000","timestamp":1632751539,"volume":"3.29890000","buyTxId":"36ba54dd3fbb157fb5bb34f754fc96a48820669d","sellTxId":"5bbaebc96c7c31e3aba00c80f50d9816260fbf2c"}
{"index": {"_index":"pob","_id":"1594374"}}
	{"id":1594374,"type":"sell","buyer":"gracefieldhub","seller":"damla","symbol":"POB","quantity":"0.41585777","price":"0.28300000","timestamp":1632751872,"volume":"0.11768775","buyTxId":"95760ecebc5878cca1db3480a9168c4fddcb377d","sellTxId":"fb8644c21144bcfd7d18d1e0a51ea65f3d905ad2"}
{"index": {"_index":"pob","_id":"1594466"}}
	{"id":1594466,"type":"sell","buyer":"gracefieldhub","seller":"fragozar01","symbol":"POB","quantity":"3.60000000","price":"0.28300000","timestamp":1632752601,"volume":"1.01880000","buyTxId":"95760ecebc5878cca1db3480a9168c4fddcb377d","sellTxId":"e5b643ae8bdbd3d4a5bce6a3f15bebdf8744dc28"}
{"index": {"_index":"pob","_id":"1594490"}}
	{"id":1594490,"type":"sell","buyer":"gracefieldhub","seller":"gadrian","symbol":"POB","quantity":"5.98414223","price":"0.28300000","timestamp":1632752790,"volume":"1.69351225","buyTxId":"95760ecebc5878cca1db3480a9168c4fddcb377d","sellTxId":"bfd0beb765071e428a0c7b432b6895a5d5e9b6eb"}
{"index": {"_index":"pob","_id":"1594638"}}
	{"id":1594638,"type":"sell","buyer":"uyobong","seller":"kevmcc","symbol":"POB","quantity":"2.00000000","price":"0.28200000","timestamp":1632753909,"volume":"0.56400000","buyTxId":"dbdca2f9fb3d45b6f728b4db6c5ac7e81bb1a5b6","sellTxId":"f64b253f6256566e9bb42107ffdaf6c3a1e4f58b"}
{"index": {"_index":"pob","_id":"1594645"}}
	{"id":1594645,"type":"sell","buyer":"uyobong","seller":"clixy","symbol":"POB","quantity":"17.44001584","price":"0.28200000","timestamp":1632754041,"volume":"4.91808447","buyTxId":"dbdca2f9fb3d45b6f728b4db6c5ac7e81bb1a5b6","sellTxId":"be439f9aeadb7cd7e417b3693a2daed11f619ee6"}
{"index": {"_index":"pob","_id":"1594736"}}
	{"id":1594736,"type":"sell","buyer":"uyobong","seller":"emeka4","symbol":"POB","quantity":"1.41893881","price":"0.28200000","timestamp":1632754644,"volume":"0.40014074","buyTxId":"dbdca2f9fb3d45b6f728b4db6c5ac7e81bb1a5b6","sellTxId":"af0ca51b0e27ecda2ab53faec851d90d09d6d560"}
{"index": {"_index":"pob","_id":"1594772"}}
	{"id":1594772,"type":"sell","buyer":"uyobong","seller":"ugochill","symbol":"POB","quantity":"0.00328059","price":"0.28200000","timestamp":1632755343,"volume":"0.00092513","buyTxId":"dbdca2f9fb3d45b6f728b4db6c5ac7e81bb1a5b6","sellTxId":"231d37839057dd44f0652185829a7fabad255e69"}
{"index": {"_index":"pob","_id":"1594818"}}
	{"id":1594818,"type":"sell","buyer":"uyobong","seller":"captainquack22","symbol":"POB","quantity":"1.366","price":"0.28200000","timestamp":1632755898,"volume":"0.38521200","buyTxId":"dbdca2f9fb3d45b6f728b4db6c5ac7e81bb1a5b6","sellTxId":"e034f6f7f95ca816b083dbdfff66bf1b215baa9e"}
{"index": {"_index":"pob","_id":"1594826"}}
	{"id":1594826,"type":"sell","buyer":"uyobong","seller":"apeminingclub","symbol":"POB","quantity":"32.77176476","price":"0.28200000","timestamp":1632755955,"volume":"9.24163766","buyTxId":"dbdca2f9fb3d45b6f728b4db6c5ac7e81bb1a5b6","sellTxId":"292eceff4f12a76124a0da850af2616f0a97a7df"}
{"index": {"_index":"pob","_id":"1594952"}}
	{"id":1594952,"type":"sell","buyer":"gimme-your-coinz","seller":"preparedwombat","symbol":"POB","quantity":"12.48714028","price":"0.28001000","timestamp":1632757767,"volume":"3.49652415","buyTxId":"25b639937c637af74b601210d6db911d3391aec9","sellTxId":"d63ee5643ec314e10834598c93107b7a8a20eb8b"}
{"index": {"_index":"pob","_id":"1594956"}}
	{"id":1594956,"type":"sell","buyer":"gimme-your-coinz","seller":"beemd","symbol":"POB","quantity":"0.89306044","price":"0.28001000","timestamp":1632757911,"volume":"0.25006585","buyTxId":"25b639937c637af74b601210d6db911d3391aec9","sellTxId":"b5b889f6bf7d69b5a9ddffc9a2881dc0ebf54ae4"}
{"index": {"_index":"pob","_id":"1594995"}}
	{"id":1594995,"type":"sell","buyer":"gimme-your-coinz","seller":"jakiro12","symbol":"POB","quantity":"1.21439323","price":"0.28001000","timestamp":1632758391,"volume":"0.34004225","buyTxId":"25b639937c637af74b601210d6db911d3391aec9","sellTxId":"411ac858f257e30a41b4c5c7d01b0588631efcad"}
{"index": {"_index":"pob","_id":"1595005"}}
	{"id":1595005,"type":"buy","buyer":"elricmoonslayer","seller":"apeminingclub","symbol":"POB","quantity":"1.64110911","price":"0.28200000","timestamp":1632758631,"volume":"0.46279277","buyTxId":"120cdeb413083c5b9791e4a2c45cb5433d0f6a23","sellTxId":"292eceff4f12a76124a0da850af2616f0a97a7df"}
{"index": {"_index":"pob","_id":"1595035"}}
	{"id":1595035,"type":"sell","buyer":"elricmoonslayer","seller":"ministickupboy","symbol":"POB","quantity":"0.77784762","price":"0.28200000","timestamp":1632758859,"volume":"0.21935303","buyTxId":"120cdeb413083c5b9791e4a2c45cb5433d0f6a23","sellTxId":"4586de78ab97e6d30fa45d3ea8d24a18e4f7d6c3"}
{"index": {"_index":"pob","_id":"1595068"}}
	{"id":1595068,"type":"sell","buyer":"elricmoonslayer","seller":"tawadak24","symbol":"POB","quantity":"1.83104327","price":"0.28200000","timestamp":1632759336,"volume":"0.51635420","buyTxId":"120cdeb413083c5b9791e4a2c45cb5433d0f6a23","sellTxId":"cfad0f02cb5c2d333409601faf5670ff8fef73f7"}
{"index": {"_index":"pob","_id":"1595130"}}
	{"id":1595130,"type":"sell","buyer":"gimme-your-coinz","seller":"revisesociology","symbol":"POB","quantity":"6.00000000","price":"0.28001000","timestamp":1632759780,"volume":"1.68006000","buyTxId":"25b639937c637af74b601210d6db911d3391aec9","sellTxId":"22318b31af1bec623995f821eadca39db9a875e1"}
{"index": {"_index":"pob","_id":"1595157"}}
	{"id":1595157,"type":"buy","buyer":"tipy","seller":"tawadak24","symbol":"POB","quantity":"0.00763507","price":"0.28200000","timestamp":1632759984,"volume":"0.00215309","buyTxId":"02defb9fed7d4c57a1478bfa5e72a02517315526","sellTxId":"cfad0f02cb5c2d333409601faf5670ff8fef73f7"}
{"index": {"_index":"pob","_id":"1595222"}}
	{"id":1595222,"type":"sell","buyer":"gimme-your-coinz","seller":"pablodare","symbol":"POB","quantity":"1.05760573","price":"0.28001000","timestamp":1632760659,"volume":"0.29614018","buyTxId":"25b639937c637af74b601210d6db911d3391aec9","sellTxId":"5e2d29d4c94653c382d4c4a8741b3f4455fe1a78"}
{"index": {"_index":"pob","_id":"1595261"}}
	{"id":1595261,"type":"sell","buyer":"gimme-your-coinz","seller":"josediccus","symbol":"POB","quantity":"27.00000000","price":"0.28001000","timestamp":1632761196,"volume":"7.56027000","buyTxId":"25b639937c637af74b601210d6db911d3391aec9","sellTxId":"d55e32cce3bc52c0ad30ee1a2620a1e73ca9e304"}
{"index": {"_index":"pob","_id":"1595331"}}
	{"id":1595331,"type":"sell","buyer":"gimme-your-coinz","seller":"dwinblood","symbol":"POB","quantity":"17.34780032","price":"0.28001000","timestamp":1632761832,"volume":"4.85755757","buyTxId":"25b639937c637af74b601210d6db911d3391aec9","sellTxId":"3544e3d588bd716d0143624f04938191ea8a474a"}
{"index": {"_index":"pob","_id":"1595341"}}
	{"id":1595341,"type":"sell","buyer":"gimme-your-coinz","seller":"dwinblood","symbol":"POB","quantity":"19.16494930","price":"0.28000002","timestamp":1632761877,"volume":"5.36618619","buyTxId":"c4a42d25d539f50ce84c452b9e637d7fcdd57f1b","sellTxId":"29ccf71040370798ae7a2744693fa7988ade61de"}
{"index": {"_index":"pob","_id":"1595475"}}
	{"id":1595475,"type":"sell","buyer":"gimme-your-coinz","seller":"diebitch","symbol":"POB","quantity":"3.05505070","price":"0.28000002","timestamp":1632763407,"volume":"0.85541425","buyTxId":"c4a42d25d539f50ce84c452b9e637d7fcdd57f1b","sellTxId":"a5d52d252f49996ed7c2fdde2c92cd31aedc8937"}
{"index": {"_index":"pob","_id":"1595476"}}
	{"id":1595476,"type":"sell","buyer":"atma.love","seller":"diebitch","symbol":"POB","quantity":"247.50880991","price":"0.28000001","timestamp":1632763407,"volume":"69.30246925","buyTxId":"a3186901ef9578a0d8c3d251eaae0be08df2060f","sellTxId":"a5d52d252f49996ed7c2fdde2c92cd31aedc8937"}
{"index": {"_index":"pob","_id":"1595600"}}
	{"id":1595600,"type":"sell","buyer":"gimme-your-coinz","seller":"funshee","symbol":"POB","quantity":"22.22000000","price":"0.28000002","timestamp":1632765027,"volume":"6.22160044","buyTxId":"5c23d52644e8a7fa7702895ab2a1d20e756606fe","sellTxId":"8dfcef5fdd0fdba12285ce52bb856d7d62b9323d"}
{"index": {"_index":"pob","_id":"1595601"}}
	{"id":1595601,"type":"sell","buyer":"gimme-your-coinz","seller":"funshee","symbol":"POB","quantity":"22.22000000","price":"0.28000002","timestamp":1632765027,"volume":"6.22160044","buyTxId":"5bcdae1d855998d937351c83e6d636f438d0f60d","sellTxId":"8dfcef5fdd0fdba12285ce52bb856d7d62b9323d"}
{"index": {"_index":"pob","_id":"1595602"}}
	{"id":1595602,"type":"sell","buyer":"atma.love","seller":"funshee","symbol":"POB","quantity":"25.56000000","price":"0.28000001","timestamp":1632765027,"volume":"7.15680026","buyTxId":"a3186901ef9578a0d8c3d251eaae0be08df2060f","sellTxId":"8dfcef5fdd0fdba12285ce52bb856d7d62b9323d"}
{"index": {"_index":"pob","_id":"1595617"}}
	{"id":1595617,"type":"sell","buyer":"gimme-your-coinz","seller":"thranax","symbol":"POB","quantity":"0.38605981","price":"0.28000002","timestamp":1632765240,"volume":"0.10809675","buyTxId":"a75c4525076d72df3af5dc59117639e98c256d14","sellTxId":"e909e3935e7fd58d31fd028c5691c383d044043e"}
{"index": {"_index":"pob","_id":"1595646"}}
	{"id":1595646,"type":"sell","buyer":"gimme-your-coinz","seller":"whitelightxpress","symbol":"POB","quantity":"0.85098908","price":"0.28000002","timestamp":1632765495,"volume":"0.23827696","buyTxId":"a75c4525076d72df3af5dc59117639e98c256d14","sellTxId":"6e7f3775323bbfe0ce71e4103ddf644aca2118db"}
{"index": {"_index":"pob","_id":"1595649"}}
	{"id":1595649,"type":"sell","buyer":"gimme-your-coinz","seller":"acolytesofhelio","symbol":"POB","quantity":"6","price":"0.28000002","timestamp":1632765513,"volume":"1.68000012","buyTxId":"a75c4525076d72df3af5dc59117639e98c256d14","sellTxId":"7a3e5ca33da5cb6d7e74d50dab0955c2dc6a704b"}
{"index": {"_index":"pob","_id":"1595688"}}
	{"id":1595688,"type":"sell","buyer":"gimme-your-coinz","seller":"jongolson","symbol":"POB","quantity":"4.79844740","price":"0.28000002","timestamp":1632765888,"volume":"1.34356537","buyTxId":"a75c4525076d72df3af5dc59117639e98c256d14","sellTxId":"c81bc0fc5d986d92f302b793f1ad350fdfaedbc7"}
{"index": {"_index":"pob","_id":"1595693"}}
	{"id":1595693,"type":"sell","buyer":"gimme-your-coinz","seller":"jamilderoj","symbol":"POB","quantity":"3.00910000","price":"0.28000002","timestamp":1632766086,"volume":"0.84254806","buyTxId":"a75c4525076d72df3af5dc59117639e98c256d14","sellTxId":"868925bf5c5b0bbf73d8505c4dfe0dedd195778b"}
{"index": {"_index":"pob","_id":"1595721"}}
	{"id":1595721,"type":"sell","buyer":"gimme-your-coinz","seller":"tykee","symbol":"POB","quantity":"1.53261884","price":"0.28000002","timestamp":1632766404,"volume":"0.42913331","buyTxId":"a75c4525076d72df3af5dc59117639e98c256d14","sellTxId":"83ace2edba216f71f8632099782ae75671cf7f71"}
{"index": {"_index":"pob","_id":"1595735"}}
	{"id":1595735,"type":"sell","buyer":"gimme-your-coinz","seller":"humairhyatkhan","symbol":"POB","quantity":"2.43049900","price":"0.28000002","timestamp":1632766578,"volume":"0.68053977","buyTxId":"a75c4525076d72df3af5dc59117639e98c256d14","sellTxId":"1f98541112aca77c027e63d98d5c197d8ccfdbcf"}
{"index": {"_index":"pob","_id":"1595746"}}
	{"id":1595746,"type":"sell","buyer":"gimme-your-coinz","seller":"ervin-lemark","symbol":"POB","quantity":"3.21228587","price":"0.28000002","timestamp":1632766767,"volume":"0.89944010","buyTxId":"a75c4525076d72df3af5dc59117639e98c256d14","sellTxId":"da9b188be2b4c8497990f8b4f62a3f55b6e5f762"}
{"index": {"_index":"pob","_id":"1595757"}}
	{"id":1595757,"type":"sell","buyer":"gimme-your-coinz","seller":"bokica80","symbol":"POB","quantity":"0.55509084","price":"0.28000002","timestamp":1632766818,"volume":"0.15542545","buyTxId":"ed6d9da2a1a1f60856af07e856d267ecf5c9560e","sellTxId":"527303cee5f9c5ef623bc18b03aef484d0b319d6"}
{"index": {"_index":"pob","_id":"1595765"}}
	{"id":1595765,"type":"sell","buyer":"gimme-your-coinz","seller":"stickupboys","symbol":"POB","quantity":"2.83411736","price":"0.28000002","timestamp":1632766857,"volume":"0.79355292","buyTxId":"ed6d9da2a1a1f60856af07e856d267ecf5c9560e","sellTxId":"b6df9df1f255c37541c7115c7c070e4a6ab6a0fa"}
{"index": {"_index":"pob","_id":"1595767"}}
	{"id":1595767,"type":"sell","buyer":"gimme-your-coinz","seller":"jahangirayaz1","symbol":"POB","quantity":"6.11800000","price":"0.28000002","timestamp":1632766890,"volume":"1.71304012","buyTxId":"ed6d9da2a1a1f60856af07e856d267ecf5c9560e","sellTxId":"514aba334bf3236bd7f6d1a93b2599e8f9368653"}
{"index": {"_index":"pob","_id":"1595911"}}
	{"id":1595911,"type":"sell","buyer":"gimme-your-coinz","seller":"clicktrackprofit","symbol":"POB","quantity":"1.50633849","price":"0.28000002","timestamp":1632768576,"volume":"0.42177481","buyTxId":"ed6d9da2a1a1f60856af07e856d267ecf5c9560e","sellTxId":"8fe535254185f512932e3373c67cb2586728c857"}
{"index": {"_index":"pob","_id":"1595912"}}
	{"id":1595912,"type":"sell","buyer":"gimme-your-coinz","seller":"thelogicaldude","symbol":"POB","quantity":"3.05135813","price":"0.28000002","timestamp":1632768582,"volume":"0.85438034","buyTxId":"ed6d9da2a1a1f60856af07e856d267ecf5c9560e","sellTxId":"d0adac1d4d3d4d087e30c9f4241aedca270c0349"}
{"index": {"_index":"pob","_id":"1595945"}}
	{"id":1595945,"type":"sell","buyer":"gimme-your-coinz","seller":"halukshananah","symbol":"POB","quantity":"0.63732077","price":"0.28000002","timestamp":1632768978,"volume":"0.17844983","buyTxId":"ed6d9da2a1a1f60856af07e856d267ecf5c9560e","sellTxId":"6526a0141499fcba25899c7b6ee42fa51959ffec"}
{"index": {"_index":"pob","_id":"1595965"}}
	{"id":1595965,"type":"sell","buyer":"gimme-your-coinz","seller":"hive-189742","symbol":"POB","quantity":"0.90962199","price":"0.28000002","timestamp":1632769212,"volume":"0.25469418","buyTxId":"ed6d9da2a1a1f60856af07e856d267ecf5c9560e","sellTxId":"e8560333df97b3dbcefebb0a75455797f62e33ad"}
{"index": {"_index":"pob","_id":"1596090"}}
	{"id":1596090,"type":"sell","buyer":"gimme-your-coinz","seller":"finguru","symbol":"POB","quantity":"6.60815242","price":"0.28000002","timestamp":1632771207,"volume":"1.85028280","buyTxId":"ed6d9da2a1a1f60856af07e856d267ecf5c9560e","sellTxId":"277edbf21fa1579d6f82d453519eed2ef0cdbdcd"}
{"index": {"_index":"pob","_id":"1596091"}}
	{"id":1596091,"type":"sell","buyer":"gimme-your-coinz","seller":"finguru","symbol":"POB","quantity":"6.39184758","price":"0.28000002","timestamp":1632771207,"volume":"1.78971745","buyTxId":"3483c752729385360234ecbaeea95f3ec1d33bb0","sellTxId":"277edbf21fa1579d6f82d453519eed2ef0cdbdcd"}
{"index": {"_index":"pob","_id":"1596213"}}
	{"id":1596213,"type":"sell","buyer":"gimme-your-coinz","seller":"offgridlife","symbol":"POB","quantity":"13.00000000","price":"0.28000002","timestamp":1632772332,"volume":"3.64000026","buyTxId":"3483c752729385360234ecbaeea95f3ec1d33bb0","sellTxId":"096904825ed798c49009b59f6f72033d3e840838"}
{"index": {"_index":"pob","_id":"1596265"}}
	{"id":1596265,"type":"buy","buyer":"shepz1","seller":"specialfeelings","symbol":"POB","quantity":"0.97049667","price":"0.28100000","timestamp":1632773076,"volume":"0.27270956","buyTxId":"4a1055ca5b4063a59a843d0d661b0ce43da2e6c2","sellTxId":"0b3f69b1cd086ffe6f554d0a0410a66e6e362e28"}
{"index": {"_index":"pob","_id":"1596266"}}
	{"id":1596266,"type":"buy","buyer":"shepz1","seller":"tawadak24","symbol":"POB","quantity":"2.96890417","price":"0.28200000","timestamp":1632773076,"volume":"0.83723098","buyTxId":"4a1055ca5b4063a59a843d0d661b0ce43da2e6c2","sellTxId":"cfad0f02cb5c2d333409601faf5670ff8fef73f7"}
{"index": {"_index":"pob","_id":"1596267"}}
	{"id":1596267,"type":"buy","buyer":"shepz1","seller":"gadrian","symbol":"POB","quantity":"6.81954610","price":"0.28300000","timestamp":1632773076,"volume":"1.92993155","buyTxId":"4a1055ca5b4063a59a843d0d661b0ce43da2e6c2","sellTxId":"bfd0beb765071e428a0c7b432b6895a5d5e9b6eb"}
{"index": {"_index":"pob","_id":"1596268"}}
	{"id":1596268,"type":"buy","buyer":"shepz1","seller":"solovey6o2","symbol":"POB","quantity":"0.78057236","price":"0.29999999","timestamp":1632773076,"volume":"0.23417170","buyTxId":"4a1055ca5b4063a59a843d0d661b0ce43da2e6c2","sellTxId":"a537b170f73452c7cc36afcad1b854291d352bb6"}
{"index": {"_index":"pob","_id":"1596269"}}
	{"id":1596269,"type":"buy","buyer":"shepz1","seller":"solovey6o2","symbol":"POB","quantity":"17.99287475","price":"0.29999999","timestamp":1632773076,"volume":"5.39786225","buyTxId":"4a1055ca5b4063a59a843d0d661b0ce43da2e6c2","sellTxId":"22faad7d4a9dce83771d0cb98b0dc80a2c38bc23"}
{"index": {"_index":"pob","_id":"1596270"}}
	{"id":1596270,"type":"buy","buyer":"shepz1","seller":"solovey6o2","symbol":"POB","quantity":"30.16086298","price":"0.29999999","timestamp":1632773076,"volume":"9.04825859","buyTxId":"4a1055ca5b4063a59a843d0d661b0ce43da2e6c2","sellTxId":"ed89c026a781a09cb87c21edf576224e7a0677e1"}
{"index": {"_index":"pob","_id":"1596271"}}
	{"id":1596271,"type":"buy","buyer":"shepz1","seller":"solovey6o2","symbol":"POB","quantity":"19.26873172","price":"0.29999999","timestamp":1632773076,"volume":"5.78061932","buyTxId":"4a1055ca5b4063a59a843d0d661b0ce43da2e6c2","sellTxId":"b369d0ab906ea9474fb77b5fa4a4c7a5651b3a59"}
{"index": {"_index":"pob","_id":"1596272"}}
	{"id":1596272,"type":"buy","buyer":"shepz1","seller":"solovey6o2","symbol":"POB","quantity":"29.51809232","price":"0.29999999","timestamp":1632773076,"volume":"8.85542740","buyTxId":"4a1055ca5b4063a59a843d0d661b0ce43da2e6c2","sellTxId":"8d9c42d4248c14ed037b58202eff423a37e17d7c"}
{"index": {"_index":"pob","_id":"1596273"}}
	{"id":1596273,"type":"buy","buyer":"shepz1","seller":"solovey6o2","symbol":"POB","quantity":"40.86125685","price":"0.29999999","timestamp":1632773076,"volume":"12.25837665","buyTxId":"4a1055ca5b4063a59a843d0d661b0ce43da2e6c2","sellTxId":"0e3d6cfc4064ad5ffaac130aec7d870bb812f452"}
{"index": {"_index":"pob","_id":"1596274"}}
	{"id":1596274,"type":"buy","buyer":"shepz1","seller":"solovey6o2","symbol":"POB","quantity":"18.00000001","price":"0.29999999","timestamp":1632773076,"volume":"5.39999982","buyTxId":"4a1055ca5b4063a59a843d0d661b0ce43da2e6c2","sellTxId":"2c5b1e89e5715d0da32110db0c27b5d414f16b5a"}
{"index": {"_index":"pob","_id":"1596275"}}
	{"id":1596275,"type":"buy","buyer":"shepz1","seller":"solovey6o2","symbol":"POB","quantity":"19.49665552","price":"0.29999999","timestamp":1632773076,"volume":"5.84899646","buyTxId":"4a1055ca5b4063a59a843d0d661b0ce43da2e6c2","sellTxId":"90f1e41687c0fe96c101c413c7add7ad64726196"}
{"index": {"_index":"pob","_id":"1596276"}}
	{"id":1596276,"type":"buy","buyer":"shepz1","seller":"solovey6o2","symbol":"POB","quantity":"24.67789876","price":"0.29999999","timestamp":1632773076,"volume":"7.40336938","buyTxId":"4a1055ca5b4063a59a843d0d661b0ce43da2e6c2","sellTxId":"5938a720a315926b49021ab3c17102f240f1bee9"}
{"index": {"_index":"pob","_id":"1596277"}}
	{"id":1596277,"type":"buy","buyer":"shepz1","seller":"solovey6o2","symbol":"POB","quantity":"19.38000000","price":"0.29999999","timestamp":1632773076,"volume":"5.81399981","buyTxId":"4a1055ca5b4063a59a843d0d661b0ce43da2e6c2","sellTxId":"2d34da94f881b9dc6e02f0dc94037c56456ce4db"}
{"index": {"_index":"pob","_id":"1596278"}}
	{"id":1596278,"type":"buy","buyer":"shepz1","seller":"solovey6o2","symbol":"POB","quantity":"31.95385982","price":"0.29999999","timestamp":1632773076,"volume":"9.58615763","buyTxId":"4a1055ca5b4063a59a843d0d661b0ce43da2e6c2","sellTxId":"a33f067e0464e2733f246a6e54154fa8e2adb8ee"}
{"index": {"_index":"pob","_id":"1596279"}}
	{"id":1596279,"type":"buy","buyer":"shepz1","seller":"solovey6o2","symbol":"POB","quantity":"21.70830399","price":"0.29999999","timestamp":1632773076,"volume":"6.51249098","buyTxId":"4a1055ca5b4063a59a843d0d661b0ce43da2e6c2","sellTxId":"e50f5d6728790468a13e0c11766212c75c45e01d"}
{"index": {"_index":"pob","_id":"1596280"}}
	{"id":1596280,"type":"buy","buyer":"shepz1","seller":"solovey6o2","symbol":"POB","quantity":"54.08879729","price":"0.29999999","timestamp":1632773076,"volume":"16.22663865","buyTxId":"4a1055ca5b4063a59a843d0d661b0ce43da2e6c2","sellTxId":"b22dd9a04137c01e400181910fbe27921365a31c"}
{"index": {"_index":"pob","_id":"1596281"}}
	{"id":1596281,"type":"buy","buyer":"shepz1","seller":"solovey6o2","symbol":"POB","quantity":"23.10972171","price":"0.29999999","timestamp":1632773076,"volume":"6.93291628","buyTxId":"4a1055ca5b4063a59a843d0d661b0ce43da2e6c2","sellTxId":"f6ae37084d6e0c0b90c5f39beda6c7b96cdec52c"}
{"index": {"_index":"pob","_id":"1596282"}}
	{"id":1596282,"type":"buy","buyer":"shepz1","seller":"solovey6o2","symbol":"POB","quantity":"17.24342498","price":"0.29999999","timestamp":1632773076,"volume":"5.17302732","buyTxId":"4a1055ca5b4063a59a843d0d661b0ce43da2e6c2","sellTxId":"78831661e8fc1d105028dc8a90bd89ec6b1134d6"}
{"index": {"_index":"pob","_id":"1596500"}}
	{"id":1596500,"type":"sell","buyer":"eirik","seller":"dudeontheweb","symbol":"POB","quantity":"3.73000000","price":"0.28250000","timestamp":1632775155,"volume":"1.05372500","buyTxId":"38e2978ddc6e7cb06762b89f67d0838fc92f6ccf","sellTxId":"c45312efa13935846ce92f6d28fab00e878451d8"}
{"index": {"_index":"pob","_id":"1596554"}}
	{"id":1596554,"type":"sell","buyer":"eirik","seller":"altor","symbol":"POB","quantity":"0.42552299","price":"0.28250000","timestamp":1632776064,"volume":"0.12021024","buyTxId":"38e2978ddc6e7cb06762b89f67d0838fc92f6ccf","sellTxId":"7e28933b81372c595d92b5b9fc9e296e5823b480"}
{"index": {"_index":"pob","_id":"1596616"}}
	{"id":1596616,"type":"sell","buyer":"eirik","seller":"beemd","symbol":"POB","quantity":"0.16951249","price":"0.28250000","timestamp":1632777003,"volume":"0.04788728","buyTxId":"38e2978ddc6e7cb06762b89f67d0838fc92f6ccf","sellTxId":"43797f46bad80f513e847ed1379a03a9dee49c78"}
{"index": {"_index":"pob","_id":"1596722"}}
	{"id":1596722,"type":"sell","buyer":"eirik","seller":"sergeyberkova","symbol":"POB","quantity":"0.00868142","price":"0.28250000","timestamp":1632778143,"volume":"0.00245250","buyTxId":"38e2978ddc6e7cb06762b89f67d0838fc92f6ccf","sellTxId":"28759fa73188ac49e3de8079d27794a2cfa53700"}
{"index": {"_index":"pob","_id":"1596772"}}
	{"id":1596772,"type":"sell","buyer":"eirik","seller":"thisisawesome","symbol":"POB","quantity":"2.75","price":"0.28250000","timestamp":1632778563,"volume":"0.77687500","buyTxId":"38e2978ddc6e7cb06762b89f67d0838fc92f6ccf","sellTxId":"e36506047d3604f1d9c3ab3c582227d19a319454"}
{"index": {"_index":"pob","_id":"1596777"}}
	{"id":1596777,"type":"sell","buyer":"eirik","seller":"liaminit1","symbol":"POB","quantity":"0.80119411","price":"0.28250000","timestamp":1632778704,"volume":"0.22633734","buyTxId":"38e2978ddc6e7cb06762b89f67d0838fc92f6ccf","sellTxId":"fde618de46abdf137f0710e3fc321799db1e36d4"}
{"index": {"_index":"pob","_id":"1596782"}}
	{"id":1596782,"type":"sell","buyer":"eirik","seller":"failingforwards","symbol":"POB","quantity":"2.11508899","price":"0.28250000","timestamp":1632778770,"volume":"0.59751264","buyTxId":"38e2978ddc6e7cb06762b89f67d0838fc92f6ccf","sellTxId":"0e3a3cd9f9152424b6525e42603646e8d084db76"}
{"index": {"_index":"pob","_id":"1596869"}}
	{"id":1596869,"type":"sell","buyer":"gimme-your-coinz","seller":"andy4475","symbol":"POB","quantity":"2.68640110","price":"0.28000002","timestamp":1632779943,"volume":"0.75219236","buyTxId":"3483c752729385360234ecbaeea95f3ec1d33bb0","sellTxId":"f4b28ac9f8cd8b57695ac5eb1f5557a329bd425f"}
{"index": {"_index":"pob","_id":"1596886"}}
	{"id":1596886,"type":"sell","buyer":"gimme-your-coinz","seller":"alexvan","symbol":"POB","quantity":"0.14175132","price":"0.28000002","timestamp":1632780123,"volume":"0.03969037","buyTxId":"3483c752729385360234ecbaeea95f3ec1d33bb0","sellTxId":"537c4c92ebbe3df64c789b758216799250b77f8e"}
{"index": {"_index":"pob","_id":"1596899"}}
	{"id":1596899,"type":"sell","buyer":"atma.love","seller":"darth-cryptic","symbol":"POB","quantity":"3.00000000","price":"0.28000001","timestamp":1632780198,"volume":"0.84000003","buyTxId":"a3186901ef9578a0d8c3d251eaae0be08df2060f","sellTxId":"bdc226fb06751041170236c4feadca760212b769"}
{"index": {"_index":"pob","_id":"1597050"}}
	{"id":1597050,"type":"sell","buyer":"atma.love","seller":"readthisplease","symbol":"POB","quantity":"29.00000000","price":"0.28000001","timestamp":1632782658,"volume":"8.12000029","buyTxId":"a3186901ef9578a0d8c3d251eaae0be08df2060f","sellTxId":"e17cccde73613f551a8fb253b75f0d665395fd35"}
{"index": {"_index":"pob","_id":"1597124"}}
	{"id":1597124,"type":"sell","buyer":"atma.love","seller":"damla","symbol":"POB","quantity":"1.50775890","price":"0.28000001","timestamp":1632783606,"volume":"0.42217251","buyTxId":"a3186901ef9578a0d8c3d251eaae0be08df2060f","sellTxId":"82495a28030d0b56be53afef6efe8bdc9af81ba0"}
{"index": {"_index":"pob","_id":"1597141"}}
	{"id":1597141,"type":"buy","buyer":"pixelfan","seller":"alexvan","symbol":"POB","quantity":"7.73700568","price":"0.28000002","timestamp":1632783828,"volume":"2.16636175","buyTxId":"393eec95d3e589897de4ffe82f84dc019831a13c","sellTxId":"537c4c92ebbe3df64c789b758216799250b77f8e"}
{"index": {"_index":"pob","_id":"1597150"}}
	{"id":1597150,"type":"buy","buyer":"pixelfan","seller":"alexvan","symbol":"POB","quantity":"0.57408866","price":"0.28000002","timestamp":1632783870,"volume":"0.16074484","buyTxId":"5e24c66805ff2d40f4a377bfb72e2808057ab074","sellTxId":"537c4c92ebbe3df64c789b758216799250b77f8e"}
{"index": {"_index":"pob","_id":"1597151"}}
	{"id":1597151,"type":"buy","buyer":"pixelfan","seller":"failingforwards","symbol":"POB","quantity":"11.42591134","price":"0.28250000","timestamp":1632783870,"volume":"3.22781995","buyTxId":"5e24c66805ff2d40f4a377bfb72e2808057ab074","sellTxId":"0e3a3cd9f9152424b6525e42603646e8d084db76"}
{"index": {"_index":"pob","_id":"1597189"}}
	{"id":1597189,"type":"sell","buyer":"atma.love","seller":"elricmoonslayer","symbol":"POB","quantity":"7.61863398","price":"0.28000001","timestamp":1632784830,"volume":"2.13321759","buyTxId":"a3186901ef9578a0d8c3d251eaae0be08df2060f","sellTxId":"23f59e0d6ddc32460d556faa3d02b7202adaf6d0"}
{"index": {"_index":"pob","_id":"1597192"}}
	{"id":1597192,"type":"sell","buyer":"atma.love","seller":"wilfredocav","symbol":"POB","quantity":"13.66","price":"0.28000001","timestamp":1632785025,"volume":"3.82480014","buyTxId":"a3186901ef9578a0d8c3d251eaae0be08df2060f","sellTxId":"e1d5328534db3497a8fbf1df5c2e3e250d877546"}
{"index": {"_index":"pob","_id":"1597235"}}
	{"id":1597235,"type":"sell","buyer":"atma.love","seller":"corporateay","symbol":"POB","quantity":"10.51644848","price":"0.28000001","timestamp":1632785559,"volume":"2.94460568","buyTxId":"a3186901ef9578a0d8c3d251eaae0be08df2060f","sellTxId":"96ec5ee8635612fc696283bb21cf6c7efcf96224"}
{"index": {"_index":"pob","_id":"1597278"}}
	{"id":1597278,"type":"sell","buyer":"atma.love","seller":"andy4475","symbol":"POB","quantity":"0.15007102","price":"0.28000001","timestamp":1632786519,"volume":"0.04201989","buyTxId":"a3186901ef9578a0d8c3d251eaae0be08df2060f","sellTxId":"83d7253478744973869597c12e12e6496d98b4de"}
{"index": {"_index":"pob","_id":"1597286"}}
	{"id":1597286,"type":"sell","buyer":"atma.love","seller":"paulmoon410","symbol":"POB","quantity":"0.13774901","price":"0.28000001","timestamp":1632786717,"volume":"0.03856972","buyTxId":"a3186901ef9578a0d8c3d251eaae0be08df2060f","sellTxId":"ecb1dc07be909ff783973ecf73e3c27ed93f6019"}
{"index": {"_index":"pob","_id":"1597339"}}
	{"id":1597339,"type":"sell","buyer":"atma.love","seller":"guiltyparties","symbol":"POB","quantity":"0.19492263","price":"0.28000001","timestamp":1632787407,"volume":"0.05457834","buyTxId":"a3186901ef9578a0d8c3d251eaae0be08df2060f","sellTxId":"d3fbdecd65007da4399d2fe3548c35b74498f2de"}
{"index": {"_index":"pob","_id":"1597382"}}
	{"id":1597382,"type":"sell","buyer":"atma.love","seller":"brofi-market","symbol":"POB","quantity":"4.95019385","price":"0.28000001","timestamp":1632787896,"volume":"1.38605433","buyTxId":"a3186901ef9578a0d8c3d251eaae0be08df2060f","sellTxId":"988856d42f874efcf16de829d82936992ef8e26a"}
{"index": {"_index":"pob","_id":"1597388"}}
	{"id":1597388,"type":"sell","buyer":"atma.love","seller":"failingforwards","symbol":"POB","quantity":"43.43641978","price":"0.28000001","timestamp":1632787941,"volume":"12.16219797","buyTxId":"a3186901ef9578a0d8c3d251eaae0be08df2060f","sellTxId":"f1a8ac7ad85ac5ea0d700a084d9e8a22cf1ed7b2"}
{"index": {"_index":"pob","_id":"1597456"}}
	{"id":1597456,"type":"sell","buyer":"atma.love","seller":"flipflopcrypto","symbol":"POB","quantity":"7.81784424","price":"0.28000001","timestamp":1632788517,"volume":"2.18899647","buyTxId":"a3186901ef9578a0d8c3d251eaae0be08df2060f","sellTxId":"4ce991eafcad53ba8303c9e62744bc1303a2cd24"}
{"index": {"_index":"pob","_id":"1597533"}}
	{"id":1597533,"type":"sell","buyer":"atma.love","seller":"gubbatv","symbol":"POB","quantity":"6.15450934","price":"0.28000001","timestamp":1632790023,"volume":"1.72326268","buyTxId":"a3186901ef9578a0d8c3d251eaae0be08df2060f","sellTxId":"3f1804b9a71a90863b0008956be2822832a68da2"}
{"index": {"_index":"pob","_id":"1597549"}}
	{"id":1597549,"type":"sell","buyer":"atma.love","seller":"andy4475","symbol":"POB","quantity":"0.47546890","price":"0.28000001","timestamp":1632790653,"volume":"0.13313130","buyTxId":"a3186901ef9578a0d8c3d251eaae0be08df2060f","sellTxId":"c712534475b76126b48d85bbfa1386eaf488c72e"}
{"index": {"_index":"pob","_id":"1597551"}}
	{"id":1597551,"type":"sell","buyer":"atma.love","seller":"bitcoinflood","symbol":"POB","quantity":"29.76358657","price":"0.28000001","timestamp":1632790677,"volume":"8.33380454","buyTxId":"a3186901ef9578a0d8c3d251eaae0be08df2060f","sellTxId":"6be6705e378e8278cc6a36bcd33764ff1593423f"}
{"index": {"_index":"pob","_id":"1597593"}}
	{"id":1597593,"type":"sell","buyer":"atma.love","seller":"ftfund","symbol":"POB","quantity":"0.66884037","price":"0.28000001","timestamp":1632791382,"volume":"0.18727531","buyTxId":"a3186901ef9578a0d8c3d251eaae0be08df2060f","sellTxId":"6ecd209e35c59aa457c1303f475e8c6a7b37231b"}
{"index": {"_index":"pob","_id":"1597609"}}
	{"id":1597609,"type":"sell","buyer":"atma.love","seller":"trentonlundy1","symbol":"POB","quantity":"0.03419314","price":"0.28000001","timestamp":1632791562,"volume":"0.00957408","buyTxId":"a3186901ef9578a0d8c3d251eaae0be08df2060f","sellTxId":"4a645f210236f3e442b76bd3ca841907e2d2e56a"}
{"index": {"_index":"pob","_id":"1597613"}}
	{"id":1597613,"type":"sell","buyer":"atma.love","seller":"jongolson","symbol":"POB","quantity":"203.77056961","price":"0.28000001","timestamp":1632791619,"volume":"57.05576153","buyTxId":"a3186901ef9578a0d8c3d251eaae0be08df2060f","sellTxId":"19a498d5f8c34483bc78d28c8747bc156339a9ac"}
{"index": {"_index":"pob","_id":"1597862"}}
	{"id":1597862,"type":"sell","buyer":"atma.love","seller":"kevinnag58","symbol":"POB","quantity":"20","price":"0.28000001","timestamp":1632795051,"volume":"5.60000020","buyTxId":"a3186901ef9578a0d8c3d251eaae0be08df2060f","sellTxId":"89b69201c5ed67cee944d8737dfdaadf71100fc0"}
{"index": {"_index":"pob","_id":"1597877"}}
	{"id":1597877,"type":"sell","buyer":"atma.love","seller":"felixgarciap","symbol":"POB","quantity":"8.64000000","price":"0.28000001","timestamp":1632795234,"volume":"2.41920009","buyTxId":"a3186901ef9578a0d8c3d251eaae0be08df2060f","sellTxId":"489d06810c058fe3b348a3e61df0b882def209d2"}
{"index": {"_index":"pob","_id":"1597930"}}
	{"id":1597930,"type":"buy","buyer":"interpretation","seller":"melbourneswest","symbol":"POB","quantity":"6.44991100","price":"0.29000000","timestamp":1632795708,"volume":"1.87047419","buyTxId":"c8ca646917206425fff0462202a1001831fba618","sellTxId":"a103ee7a4075635a50170e36e8fa14c0bae0f3df"}
