{"index": {"_index":"pob","_id":"3740026"}}
	{"id":3740026,"type":"buy","buyer":"pjansen","seller":"richardcrill","symbol":"POB","quantity":"0.72988505","price":"0.01740000","timestamp":1655785500,"volume":"0.0127","buyTxId":"48c27a11cf9afc4c7376784643148c79274497b0","sellTxId":"MM-P-18454430-65446037-3-12-0"}
{"index": {"_index":"pob","_id":"3740106"}}
	{"id":3740106,"type":"sell","buyer":"anech512","seller":"ugochill","symbol":"POB","quantity":"0.17654799","price":"0.01655050","timestamp":1655786313,"volume":"0.00292196","buyTxId":"d3623acbfe6515ca1e199fee94412543b9e3c00c","sellTxId":"85ebf17dc17065d7806926ccde693e8466e3e2e1"}
{"index": {"_index":"pob","_id":"3740536"}}
	{"id":3740536,"type":"sell","buyer":"anech512","seller":"penyaircyber","symbol":"POB","quantity":"8.95852358","price":"0.01655050","timestamp":1655795346,"volume":"0.14826804","buyTxId":"d3623acbfe6515ca1e199fee94412543b9e3c00c","sellTxId":"b51e8ac9e8ae4b08d86b4cc8f3bf4db49b735486"}
{"index": {"_index":"pob","_id":"3740551"}}
	{"id":3740551,"type":"sell","buyer":"anech512","seller":"zainalbakri","symbol":"POB","quantity":"0.27014170","price":"0.01655050","timestamp":1655795712,"volume":"0.00447098","buyTxId":"d3623acbfe6515ca1e199fee94412543b9e3c00c","sellTxId":"914a073ebb853744b1664f8315e507d5dacb8bcd"}
{"index": {"_index":"pob","_id":"3740585"}}
	{"id":3740585,"type":"sell","buyer":"anech512","seller":"zainalbakri","symbol":"POB","quantity":"0.74260462","price":"0.01655050","timestamp":1655796549,"volume":"0.01229048","buyTxId":"d3623acbfe6515ca1e199fee94412543b9e3c00c","sellTxId":"ea8e9d00ce01cafa3f420161ecdd0da64d4c40e7"}
{"index": {"_index":"pob","_id":"3740641"}}
	{"id":3740641,"type":"sell","buyer":"anech512","seller":"hykss","symbol":"POB","quantity":"14.93278317","price":"0.01655050","timestamp":1655797293,"volume":"0.24714503","buyTxId":"d3623acbfe6515ca1e199fee94412543b9e3c00c","sellTxId":"82565a748dba20718e0e1363fb780057d8220838"}
{"index": {"_index":"pob","_id":"3740695"}}
	{"id":3740695,"type":"sell","buyer":"anech512","seller":"sugandhaseth","symbol":"POB","quantity":"7.99685131","price":"0.01655050","timestamp":1655797743,"volume":"0.13235189","buyTxId":"d3623acbfe6515ca1e199fee94412543b9e3c00c","sellTxId":"50501f7e0ed5cf94e046ad6cf591ef394f0c0251"}
{"index": {"_index":"pob","_id":"3740714"}}
	{"id":3740714,"type":"sell","buyer":"anech512","seller":"teesart","symbol":"POB","quantity":"175.18616753","price":"0.01655050","timestamp":1655798130,"volume":"2.89941867","buyTxId":"d3623acbfe6515ca1e199fee94412543b9e3c00c","sellTxId":"bf8aba9170e007003472357e1fc593a59a76b123"}
{"index": {"_index":"pob","_id":"3740724"}}
	{"id":3740724,"type":"buy","buyer":"pjansen","seller":"damla","symbol":"POB","quantity":"0.15351915","price":"0.01689999","timestamp":1655798244,"volume":"0.00259447","buyTxId":"4f383650eae8fcf9bbafbece390f148549df7aad","sellTxId":"4b0fa1d5c7f0858b08a0d0aa6db80d90a804b4df"}
{"index": {"_index":"pob","_id":"3740725"}}
	{"id":3740725,"type":"buy","buyer":"pjansen","seller":"richardcrill","symbol":"POB","quantity":"333.00000000","price":"0.01690000","timestamp":1655798244,"volume":"5.62770000","buyTxId":"4f383650eae8fcf9bbafbece390f148549df7aad","sellTxId":"MM-P-18460098-65451725-3-12-0"}
{"index": {"_index":"pob","_id":"3740726"}}
	{"id":3740726,"type":"buy","buyer":"pjansen","seller":"bala41288","symbol":"POB","quantity":"0.00032529","price":"0.01700000","timestamp":1655798244,"volume":"0.00000553","buyTxId":"4f383650eae8fcf9bbafbece390f148549df7aad","sellTxId":"9b31d6dbb2fd7659bd20dac521ddbd1b6e714718"}
{"index": {"_index":"pob","_id":"3740895"}}
	{"id":3740895,"type":"sell","buyer":"anech512","seller":"shebe","symbol":"POB","quantity":"3.5","price":"0.01655050","timestamp":1655800002,"volume":"0.05792675","buyTxId":"d3623acbfe6515ca1e199fee94412543b9e3c00c","sellTxId":"165940f311537e6edb00babf181c9d81c9e5273f"}
{"index": {"_index":"pob","_id":"3741187"}}
	{"id":3741187,"type":"sell","buyer":"anech512","seller":"ugochill","symbol":"POB","quantity":"0.02053423","price":"0.01655050","timestamp":1655804691,"volume":"0.00033985","buyTxId":"d3623acbfe6515ca1e199fee94412543b9e3c00c","sellTxId":"8e43b6316639abe06099e1dcc60733d71767f680"}
{"index": {"_index":"pob","_id":"3741398"}}
	{"id":3741398,"type":"sell","buyer":"anech512","seller":"scooter77","symbol":"POB","quantity":"27.90000000","price":"0.01655050","timestamp":1655808867,"volume":"0.46175895","buyTxId":"d3623acbfe6515ca1e199fee94412543b9e3c00c","sellTxId":"762d99dcda1495ec5d58c16bef52bb9315247241"}
{"index": {"_index":"pob","_id":"3741551"}}
	{"id":3741551,"type":"sell","buyer":"anech512","seller":"pjansen","symbol":"POB","quantity":"454.02975898","price":"0.01655050","timestamp":1655811825,"volume":"7.51441952","buyTxId":"d3623acbfe6515ca1e199fee94412543b9e3c00c","sellTxId":"7db6cf278ca168c90be26c703ef69c12a0243b92"}
{"index": {"_index":"pob","_id":"3741552"}}
	{"id":3741552,"type":"sell","buyer":"maarnio","seller":"pjansen","symbol":"POB","quantity":"0.01159350","price":"0.01610000","timestamp":1655811825,"volume":"0.00018666","buyTxId":"35f36a670d6bdae760bd439d211c5a9fe96acd2f","sellTxId":"7db6cf278ca168c90be26c703ef69c12a0243b92"}
{"index": {"_index":"pob","_id":"3741589"}}
	{"id":3741589,"type":"sell","buyer":"maarnio","seller":"pjansen","symbol":"POB","quantity":"187.89869417","price":"0.01610000","timestamp":1655812755,"volume":"3.02516898","buyTxId":"35f36a670d6bdae760bd439d211c5a9fe96acd2f","sellTxId":"a42380c142360dcdda5f2cdd2cec04637d493769"}
{"index": {"_index":"pob","_id":"3741666"}}
	{"id":3741666,"type":"sell","buyer":"maarnio","seller":"ugochill","symbol":"POB","quantity":"0.01609112","price":"0.01610000","timestamp":1655813982,"volume":"0.00025907","buyTxId":"35f36a670d6bdae760bd439d211c5a9fe96acd2f","sellTxId":"225cb0116e743726db65ab2afb9022cd78ec0398"}
{"index": {"_index":"pob","_id":"3741708"}}
	{"id":3741708,"type":"sell","buyer":"maarnio","seller":"pjansen","symbol":"POB","quantity":"0.78883374","price":"0.01610000","timestamp":1655815062,"volume":"0.01270022","buyTxId":"35f36a670d6bdae760bd439d211c5a9fe96acd2f","sellTxId":"332a8ea6904799fb4217abac970f04c7a95c9c59"}
{"index": {"_index":"pob","_id":"3742046"}}
	{"id":3742046,"type":"sell","buyer":"maarnio","seller":"lightcaptured","symbol":"POB","quantity":"9.83927223","price":"0.01610000","timestamp":1655818869,"volume":"0.15841228","buyTxId":"35f36a670d6bdae760bd439d211c5a9fe96acd2f","sellTxId":"5d60aff604c59fda5f243fb872d223b8821d9f75"}
{"index": {"_index":"pob","_id":"3742102"}}
	{"id":3742102,"type":"sell","buyer":"maarnio","seller":"ricestrela","symbol":"POB","quantity":"22.17194903","price":"0.01610000","timestamp":1655819574,"volume":"0.35696838","buyTxId":"35f36a670d6bdae760bd439d211c5a9fe96acd2f","sellTxId":"ca5858699bf54ca6c1dd271ff6291e1453b8bd8c"}
{"index": {"_index":"pob","_id":"3742353"}}
	{"id":3742353,"type":"sell","buyer":"maarnio","seller":"toofasteddie","symbol":"POB","quantity":"30.94137529","price":"0.01610000","timestamp":1655822226,"volume":"0.49815614","buyTxId":"35f36a670d6bdae760bd439d211c5a9fe96acd2f","sellTxId":"f427d3e29e0ebcd1ddc686c36ab4a8877e7451fa"}
{"index": {"_index":"pob","_id":"3743110"}}
	{"id":3743110,"type":"sell","buyer":"maarnio","seller":"ugochill","symbol":"POB","quantity":"0.04937768","price":"0.01610000","timestamp":1655830902,"volume":"0.00079498","buyTxId":"35f36a670d6bdae760bd439d211c5a9fe96acd2f","sellTxId":"35a2c099a0b223799565996488f64a8f928a48aa"}
{"index": {"_index":"pob","_id":"3743279"}}
	{"id":3743279,"type":"sell","buyer":"maarnio","seller":"zakludick","symbol":"POB","quantity":"1.80395393","price":"0.01610000","timestamp":1655831823,"volume":"0.02904366","buyTxId":"35f36a670d6bdae760bd439d211c5a9fe96acd2f","sellTxId":"00dcbf3b3eefa03c891dd3d8bc0098935dce991a"}
{"index": {"_index":"pob","_id":"3743422"}}
	{"id":3743422,"type":"buy","buyer":"ugochill","seller":"damla","symbol":"POB","quantity":"1.49881576","price":"0.01689999","timestamp":1655832981,"volume":"0.02532997","buyTxId":"ef1bad696a999a5d1e6b43f107176c3943687916","sellTxId":"6408c33929c4ff75871718d9d19b6c0433168a97"}
{"index": {"_index":"pob","_id":"3743423"}}
	{"id":3743423,"type":"buy","buyer":"ugochill","seller":"churchoftheway","symbol":"POB","quantity":"3.50118424","price":"0.01689999","timestamp":1655832981,"volume":"0.05916998","buyTxId":"ef1bad696a999a5d1e6b43f107176c3943687916","sellTxId":"1d27c54a65a597252089895b86923c2c98308d1b"}
{"index": {"_index":"pob","_id":"3743565"}}
	{"id":3743565,"type":"sell","buyer":"maarnio","seller":"yocazo","symbol":"POB","quantity":"1.22503712","price":"0.01610000","timestamp":1655834187,"volume":"0.01972310","buyTxId":"35f36a670d6bdae760bd439d211c5a9fe96acd2f","sellTxId":"a8f3e4666cd0f3d62b794673497826f93e9fa7c5"}
{"index": {"_index":"pob","_id":"3743657"}}
	{"id":3743657,"type":"sell","buyer":"maarnio","seller":"laritheghost","symbol":"POB","quantity":"0.77248441","price":"0.01610000","timestamp":1655834892,"volume":"0.01243700","buyTxId":"35f36a670d6bdae760bd439d211c5a9fe96acd2f","sellTxId":"d31c0e6254853c4169eac1ee2e578781ccb7989d"}
{"index": {"_index":"pob","_id":"3743678"}}
	{"id":3743678,"type":"buy","buyer":"edgy-ed-morrison","seller":"churchoftheway","symbol":"POB","quantity":"1.49881576","price":"0.01689999","timestamp":1655835174,"volume":"0.02532997","buyTxId":"cd455dcc728e5ab4f649884632c89b0a8a123856","sellTxId":"1d27c54a65a597252089895b86923c2c98308d1b"}
{"index": {"_index":"pob","_id":"3743691"}}
	{"id":3743691,"type":"buy","buyer":"edgy-ed-morrison","seller":"onlydoge","symbol":"POB","quantity":"443.68483668","price":"0.01690000","timestamp":1655835303,"volume":"7.49827374","buyTxId":"295d377edf15f6ed67128deb49a6c78f1def95c6","sellTxId":"c13f972335c4ea4160db030b07756b18820ae054"}
{"index": {"_index":"pob","_id":"3743692"}}
	{"id":3743692,"type":"buy","buyer":"edgy-ed-morrison","seller":"richardcrill","symbol":"POB","quantity":"333.00000000","price":"0.01690000","timestamp":1655835303,"volume":"5.62770000","buyTxId":"295d377edf15f6ed67128deb49a6c78f1def95c6","sellTxId":"MM-P-18474017-65465702-3-12-0"}
{"index": {"_index":"pob","_id":"3743699"}}
	{"id":3743699,"type":"sell","buyer":"edgy-ed-morrison","seller":"pjansen","symbol":"POB","quantity":"117.31516332","price":"0.01690100","timestamp":1655835447,"volume":"1.98274358","buyTxId":"295d377edf15f6ed67128deb49a6c78f1def95c6","sellTxId":"afbe7b018fa96e82be4a556eced64568d3dca15b"}
{"index": {"_index":"pob","_id":"3743700"}}
	{"id":3743700,"type":"sell","buyer":"edgy-ed-morrison","seller":"pjansen","symbol":"POB","quantity":"8.50118424","price":"0.01689999","timestamp":1655835447,"volume":"0.14366993","buyTxId":"cd455dcc728e5ab4f649884632c89b0a8a123856","sellTxId":"afbe7b018fa96e82be4a556eced64568d3dca15b"}
{"index": {"_index":"pob","_id":"3743701"}}
	{"id":3743701,"type":"sell","buyer":"edgy-ed-morrison","seller":"pjansen","symbol":"POB","quantity":"478.15763549","price":"0.01689999","timestamp":1655835447,"volume":"8.08085926","buyTxId":"579b02440428252029e32489943d9cc422f63e62","sellTxId":"afbe7b018fa96e82be4a556eced64568d3dca15b"}
{"index": {"_index":"pob","_id":"3743703"}}
	{"id":3743703,"type":"sell","buyer":"edgy-ed-morrison","seller":"pjansen","symbol":"POB","quantity":"149.27265442","price":"0.01689999","timestamp":1655835486,"volume":"2.52270637","buyTxId":"579b02440428252029e32489943d9cc422f63e62","sellTxId":"b73164b2b77b0fc0ac5520aef0bf310f2d2df65f"}
{"index": {"_index":"pob","_id":"3743790"}}
	{"id":3743790,"type":"sell","buyer":"edgy-ed-morrison","seller":"gubbatv","symbol":"POB","quantity":"0.57149456","price":"0.01689999","timestamp":1655836815,"volume":"0.00965825","buyTxId":"579b02440428252029e32489943d9cc422f63e62","sellTxId":"552b01dadccbab1877fd60681c42f841b570d722"}
{"index": {"_index":"pob","_id":"3743826"}}
	{"id":3743826,"type":"sell","buyer":"edgy-ed-morrison","seller":"pjansen","symbol":"POB","quantity":"259.99821553","price":"0.01689999","timestamp":1655837151,"volume":"4.39396724","buyTxId":"579b02440428252029e32489943d9cc422f63e62","sellTxId":"a5a1ac0035c0544ac9637b7544249f6cdd1c3467"}
{"index": {"_index":"pob","_id":"3743827"}}
	{"id":3743827,"type":"sell","buyer":"onlydoge","seller":"pjansen","symbol":"POB","quantity":"0.00609116","price":"0.01620000","timestamp":1655837151,"volume":"0.00009868","buyTxId":"592ebf4ae51f6b9d67b6f539f57206239321784b","sellTxId":"a5a1ac0035c0544ac9637b7544249f6cdd1c3467"}
{"index": {"_index":"pob","_id":"3743920"}}
	{"id":3743920,"type":"sell","buyer":"onlydoge","seller":"andy4475","symbol":"POB","quantity":"46.40692669","price":"0.01620000","timestamp":1655838573,"volume":"0.75179221","buyTxId":"592ebf4ae51f6b9d67b6f539f57206239321784b","sellTxId":"0da148d36cf3f75a3efed883f308f26548777df2"}
{"index": {"_index":"pob","_id":"3744033"}}
	{"id":3744033,"type":"sell","buyer":"onlydoge","seller":"josediccus","symbol":"POB","quantity":"100.00000000","price":"0.01620000","timestamp":1655839716,"volume":"1.62000000","buyTxId":"592ebf4ae51f6b9d67b6f539f57206239321784b","sellTxId":"4b791e7d6c8591c229f040a478af75f829697803"}
{"index": {"_index":"pob","_id":"3744062"}}
	{"id":3744062,"type":"sell","buyer":"onlydoge","seller":"finguru","symbol":"POB","quantity":"6.41596224","price":"0.01620000","timestamp":1655840211,"volume":"0.10393859","buyTxId":"592ebf4ae51f6b9d67b6f539f57206239321784b","sellTxId":"90413881343f70e6cddea169d26e3d3a31291f3b"}
{"index": {"_index":"pob","_id":"3744468"}}
	{"id":3744468,"type":"sell","buyer":"maarnio","seller":"kraken99","symbol":"POB","quantity":"0.89222030","price":"0.01610000","timestamp":1655843967,"volume":"0.01436475","buyTxId":"35f36a670d6bdae760bd439d211c5a9fe96acd2f","sellTxId":"fd5bcdfe98c80064888c5204a5ce20ee89bd7e36"}
{"index": {"_index":"pob","_id":"3744654"}}
	{"id":3744654,"type":"sell","buyer":"maarnio","seller":"oople","symbol":"POB","quantity":"0.00091383","price":"0.01610000","timestamp":1655845629,"volume":"0.00001471","buyTxId":"35f36a670d6bdae760bd439d211c5a9fe96acd2f","sellTxId":"cbaae62526bbbf73193e05ffb21f2f0026c3e1f7"}
{"index": {"_index":"pob","_id":"3744868"}}
	{"id":3744868,"type":"sell","buyer":"maarnio","seller":"elricmoonslayer","symbol":"POB","quantity":"3.13845986","price":"0.01610000","timestamp":1655847513,"volume":"0.05052920","buyTxId":"35f36a670d6bdae760bd439d211c5a9fe96acd2f","sellTxId":"e7cb09c2fe6006a4990663b9c5b83e261ef79ed8"}
{"index": {"_index":"pob","_id":"3744899"}}
	{"id":3744899,"type":"sell","buyer":"maarnio","seller":"laritheghost","symbol":"POB","quantity":"0.37995784","price":"0.01610000","timestamp":1655848104,"volume":"0.00611732","buyTxId":"35f36a670d6bdae760bd439d211c5a9fe96acd2f","sellTxId":"c6c35be1a6a4609da42afa325ba1ebdacafee091"}
{"index": {"_index":"pob","_id":"3744956"}}
	{"id":3744956,"type":"sell","buyer":"maarnio","seller":"he-index","symbol":"POB","quantity":"0.11600000","price":"0.01610000","timestamp":1655848872,"volume":"0.00186760","buyTxId":"35f36a670d6bdae760bd439d211c5a9fe96acd2f","sellTxId":"6f98cb4cdbc34e518a85c596fc02b11dc29d1add"}
{"index": {"_index":"pob","_id":"3746090"}}
	{"id":3746090,"type":"sell","buyer":"maarnio","seller":"tanzil2024","symbol":"POB","quantity":"19.39305234","price":"0.01610000","timestamp":1655865210,"volume":"0.31222814","buyTxId":"35f36a670d6bdae760bd439d211c5a9fe96acd2f","sellTxId":"7a2c3d05c2d7cc4abeb23bf1cee69ed200a9a9ab"}
{"index": {"_index":"pob","_id":"3746106"}}
	{"id":3746106,"type":"sell","buyer":"maarnio","seller":"steem82868","symbol":"POB","quantity":"3.87740461","price":"0.01610000","timestamp":1655865543,"volume":"0.06242621","buyTxId":"35f36a670d6bdae760bd439d211c5a9fe96acd2f","sellTxId":"f092af66aa72ee599e46225ec4296ec384fa1e0d"}
