{"index": {"_index":"pob","_id":"3946267"}}
	{"id":3946267,"type":"sell","buyer":"pjansen","seller":"readthisplease","symbol":"POB","quantity":"161.00000000","price":"0.01560001","timestamp":1658287161,"volume":"2.51160161","buyTxId":"fc691fb371654e81c087722b0d8fbdbe4a4c0266","sellTxId":"541c31db51afbb4dc7516c585f285cf0de2d9b30"}
{"index": {"_index":"pob","_id":"3946372"}}
	{"id":3946372,"type":"sell","buyer":"pjansen","seller":"dswap","symbol":"POB","quantity":"0.61864454","price":"0.01560001","timestamp":1658288937,"volume":"0.00965086","buyTxId":"50761c93597d5d01f8bfce579aa3283ae5f5e321","sellTxId":"6ff10d078dba2aef01f1786835c6538d6d7c20ab"}
{"index": {"_index":"pob","_id":"3946473"}}
	{"id":3946473,"type":"sell","buyer":"pjansen","seller":"finguru","symbol":"POB","quantity":"2.71158227","price":"0.01560001","timestamp":1658290278,"volume":"0.04230071","buyTxId":"53d56144863497111a4bbbaacfb852de2ce7c56f","sellTxId":"79fe68649dcd512bdf402cfb2c1b9e8556bdfbf5"}
{"index": {"_index":"pob","_id":"3946581"}}
	{"id":3946581,"type":"sell","buyer":"pjansen","seller":"osomar357","symbol":"POB","quantity":"15.00000000","price":"0.01560002","timestamp":1658291739,"volume":"0.23400030","buyTxId":"cc5e917d7acacc1684cfd3b98487f3c53b3f91c0","sellTxId":"46aebb9a15966205b528105b861304342f792f5f"}
{"index": {"_index":"pob","_id":"3946860"}}
	{"id":3946860,"type":"sell","buyer":"he-index","seller":"cwow2","symbol":"POB","quantity":"1.98700000","price":"0.01560001","timestamp":1658295288,"volume":"0.03099722","buyTxId":"fb332595be1db7aad83580422dc0f075e4015bee","sellTxId":"4d199bc5db6dee7b4c782db32fb22ce9bc10c98f"}
{"index": {"_index":"pob","_id":"3946874"}}
	{"id":3946874,"type":"buy","buyer":"pjansen","seller":"cwow2","symbol":"POB","quantity":"10.26922418","price":"0.01560001","timestamp":1658295468,"volume":"0.1602","buyTxId":"b291faccc316fc387f95f7808c5af7625f21742b-0","sellTxId":"4d199bc5db6dee7b4c782db32fb22ce9bc10c98f"}
{"index": {"_index":"pob","_id":"3946901"}}
	{"id":3946901,"type":"sell","buyer":"thegoliath","seller":"chinito","symbol":"POB","quantity":"38.51424778","price":"0.01560000","timestamp":1658295663,"volume":"0.60082227","buyTxId":"c691b5e37049d69d1615ec72c4f774483d12a28e","sellTxId":"bd655b69267c169739cd7cb95cf8b183c08651bb"}
{"index": {"_index":"pob","_id":"3947035"}}
	{"id":3947035,"type":"sell","buyer":"thegoliath","seller":"ugochill","symbol":"POB","quantity":"0.04868936","price":"0.01560000","timestamp":1658297886,"volume":"0.00075955","buyTxId":"c691b5e37049d69d1615ec72c4f774483d12a28e","sellTxId":"32d41a4b36bd5646456a61684fd64156dae3886c"}
{"index": {"_index":"pob","_id":"3947106"}}
	{"id":3947106,"type":"sell","buyer":"thegoliath","seller":"itadori-yuji","symbol":"POB","quantity":"22.48809794","price":"0.01560000","timestamp":1658299212,"volume":"0.35081433","buyTxId":"c691b5e37049d69d1615ec72c4f774483d12a28e","sellTxId":"765f4a98f826f6f26d6fcb14c40007728d24cdd3"}
{"index": {"_index":"pob","_id":"3947145"}}
	{"id":3947145,"type":"sell","buyer":"thegoliath","seller":"zirochka","symbol":"POB","quantity":"0.16614045","price":"0.01560000","timestamp":1658299740,"volume":"0.00259179","buyTxId":"c691b5e37049d69d1615ec72c4f774483d12a28e","sellTxId":"36af4504cfe76c71402f84c9d6cb867f0ffa0959"}
{"index": {"_index":"pob","_id":"3947315"}}
	{"id":3947315,"type":"buy","buyer":"irivers","seller":"cwow2","symbol":"POB","quantity":"0.00378835","price":"0.01560001","timestamp":1658300070,"volume":"0.00005910","buyTxId":"e28a111b27a2126841102f0bfdaf1139d1340166","sellTxId":"4d199bc5db6dee7b4c782db32fb22ce9bc10c98f"}
{"index": {"_index":"pob","_id":"3947726"}}
	{"id":3947726,"type":"sell","buyer":"thegoliath","seller":"gbuchynska","symbol":"POB","quantity":"0.03523020","price":"0.01560000","timestamp":1658304198,"volume":"0.00054959","buyTxId":"c691b5e37049d69d1615ec72c4f774483d12a28e","sellTxId":"5f2633a31f4b6e1f075f22f440d149a774cc0fbf"}
{"index": {"_index":"pob","_id":"3947778"}}
	{"id":3947778,"type":"sell","buyer":"thegoliath","seller":"yaziris","symbol":"POB","quantity":"15.70006976","price":"0.01560000","timestamp":1658305206,"volume":"0.24492109","buyTxId":"c691b5e37049d69d1615ec72c4f774483d12a28e","sellTxId":"adccab8fefa2365ef9c6f7e0caf6371f9cfc7623"}
{"index": {"_index":"pob","_id":"3947797"}}
	{"id":3947797,"type":"sell","buyer":"thegoliath","seller":"pjansen","symbol":"POB","quantity":"147.14283116","price":"0.01560000","timestamp":1658305746,"volume":"2.29542817","buyTxId":"c691b5e37049d69d1615ec72c4f774483d12a28e","sellTxId":"cb173e6033facad03e10a4e02e773e4e2eb03caa-1"}
{"index": {"_index":"pob","_id":"3947798"}}
	{"id":3947798,"type":"sell","buyer":"thegoliath","seller":"pjansen","symbol":"POB","quantity":"36.96717419","price":"0.01560000","timestamp":1658305758,"volume":"0.57668792","buyTxId":"c691b5e37049d69d1615ec72c4f774483d12a28e","sellTxId":"7c849b106256361cbed23a1b6ef85f2ca437217b"}
{"index": {"_index":"pob","_id":"3947899"}}
	{"id":3947899,"type":"buy","buyer":"thegoliath","seller":"yintercept","symbol":"POB","quantity":"8.53700604","price":"0.01660000","timestamp":1658306898,"volume":"0.14171430","buyTxId":"35b816d89352b5fe2655c06356c49d3be7900541","sellTxId":"a7b089759ff54b8d2b97fae84f8810c8f49d0e87"}
{"index": {"_index":"pob","_id":"3947900"}}
	{"id":3947900,"type":"buy","buyer":"thegoliath","seller":"richardcrill","symbol":"POB","quantity":"450.00000000","price":"0.01670000","timestamp":1658306898,"volume":"7.51500000","buyTxId":"35b816d89352b5fe2655c06356c49d3be7900541","sellTxId":"MM-P-19290449-66284076-3-12-0"}
{"index": {"_index":"pob","_id":"3947901"}}
	{"id":3947901,"type":"buy","buyer":"thegoliath","seller":"pob.curator","symbol":"POB","quantity":"36.00463911","price":"0.01720000","timestamp":1658306898,"volume":"0.61927979","buyTxId":"35b816d89352b5fe2655c06356c49d3be7900541","sellTxId":"27a75a1866d1f5104bfdf03c6d06d289ae90b8b1"}
{"index": {"_index":"pob","_id":"3947908"}}
	{"id":3947908,"type":"sell","buyer":"thegoliath","seller":"cryptofiloz","symbol":"POB","quantity":"83.06302247","price":"0.01720000","timestamp":1658307042,"volume":"1.42868399","buyTxId":"35b816d89352b5fe2655c06356c49d3be7900541","sellTxId":"654030ccf9bc63cf6070e64095729066dec8bde0"}
{"index": {"_index":"pob","_id":"3947925"}}
	{"id":3947925,"type":"sell","buyer":"thegoliath","seller":"pjansen","symbol":"POB","quantity":"741.24007123","price":"0.01720000","timestamp":1658307417,"volume":"12.74932923","buyTxId":"35b816d89352b5fe2655c06356c49d3be7900541","sellTxId":"b842a5433d953ca7f8edf27b5e63d23ffc0e799f-1"}
{"index": {"_index":"pob","_id":"3947929"}}
	{"id":3947929,"type":"sell","buyer":"thegoliath","seller":"pjansen","symbol":"POB","quantity":"186.33023141","price":"0.01720000","timestamp":1658307450,"volume":"3.20487998","buyTxId":"35b816d89352b5fe2655c06356c49d3be7900541","sellTxId":"4f89e36b076dfc7b5dab9ef2c75fd0f3b53af80b"}
{"index": {"_index":"pob","_id":"3947935"}}
	{"id":3947935,"type":"sell","buyer":"thegoliath","seller":"pjansen","symbol":"POB","quantity":"427.03844476","price":"0.01720000","timestamp":1658307492,"volume":"7.34506125","buyTxId":"35b816d89352b5fe2655c06356c49d3be7900541","sellTxId":"2be5c16a29aa7008baef379689221e097d6d640b-1"}
{"index": {"_index":"pob","_id":"3947936"}}
	{"id":3947936,"type":"sell","buyer":"thegoliath","seller":"pjansen","symbol":"POB","quantity":"107.31826575","price":"0.01720000","timestamp":1658307528,"volume":"1.84587417","buyTxId":"35b816d89352b5fe2655c06356c49d3be7900541","sellTxId":"bdfb1d86011396b15e4b60a7f831e80ea728932e"}
{"index": {"_index":"pob","_id":"3948009"}}
	{"id":3948009,"type":"sell","buyer":"thegoliath","seller":"pjansen","symbol":"POB","quantity":"194.97796266","price":"0.01720000","timestamp":1658308455,"volume":"3.35362096","buyTxId":"35b816d89352b5fe2655c06356c49d3be7900541","sellTxId":"671fcee3e43141da2fe800ca903618620f0c285c-1"}
{"index": {"_index":"pob","_id":"3948011"}}
	{"id":3948011,"type":"sell","buyer":"thegoliath","seller":"pjansen","symbol":"POB","quantity":"48.98932827","price":"0.01720000","timestamp":1658308467,"volume":"0.84261645","buyTxId":"35b816d89352b5fe2655c06356c49d3be7900541","sellTxId":"30fee34f5c826391172c7f004bb89c1288587b9b"}
{"index": {"_index":"pob","_id":"3948082"}}
	{"id":3948082,"type":"sell","buyer":"thegoliath","seller":"pjansen","symbol":"POB","quantity":"95.88096015","price":"0.01720000","timestamp":1658309316,"volume":"1.64915251","buyTxId":"35b816d89352b5fe2655c06356c49d3be7900541","sellTxId":"4fc824b817c5e92151d7b9ae675999e29c326612-1"}
{"index": {"_index":"pob","_id":"3948085"}}
	{"id":3948085,"type":"sell","buyer":"thegoliath","seller":"pjansen","symbol":"POB","quantity":"24.08617171","price":"0.01720000","timestamp":1658309328,"volume":"0.41428215","buyTxId":"35b816d89352b5fe2655c06356c49d3be7900541","sellTxId":"255bee544bb5cd67d3742d5a72a88fae5ec144cc"}
{"index": {"_index":"pob","_id":"3948119"}}
	{"id":3948119,"type":"sell","buyer":"thegoliath","seller":"edgy-ed-morrison","symbol":"POB","quantity":"1.01154870","price":"0.01720000","timestamp":1658309673,"volume":"0.01739864","buyTxId":"35b816d89352b5fe2655c06356c49d3be7900541","sellTxId":"e7ae03fa8fd233cd894d104798e4d399928f546b"}
{"index": {"_index":"pob","_id":"3948182"}}
	{"id":3948182,"type":"sell","buyer":"thegoliath","seller":"barski","symbol":"POB","quantity":"177.21760407","price":"0.01720000","timestamp":1658310135,"volume":"3.04814279","buyTxId":"35b816d89352b5fe2655c06356c49d3be7900541","sellTxId":"3aa113ec975d0f7b115b05b026aafb601ec300db"}
{"index": {"_index":"pob","_id":"3948310"}}
	{"id":3948310,"type":"sell","buyer":"thegoliath","seller":"steem82868","symbol":"POB","quantity":"0.43159457","price":"0.01720000","timestamp":1658311677,"volume":"0.00742343","buyTxId":"35b816d89352b5fe2655c06356c49d3be7900541","sellTxId":"c4afa45ae3f6436b9f77c38da673de8f9cac579f"}
{"index": {"_index":"pob","_id":"3948478"}}
	{"id":3948478,"type":"sell","buyer":"thegoliath","seller":"amirhayat42","symbol":"POB","quantity":"27.35841284","price":"0.01720000","timestamp":1658313954,"volume":"0.47056470","buyTxId":"35b816d89352b5fe2655c06356c49d3be7900541","sellTxId":"57ce0e09b6b64c1027db5ca945681433f3753505"}
{"index": {"_index":"pob","_id":"3948525"}}
	{"id":3948525,"type":"sell","buyer":"thegoliath","seller":"steem82868","symbol":"POB","quantity":"2.63312474","price":"0.01720000","timestamp":1658314359,"volume":"0.04528975","buyTxId":"35b816d89352b5fe2655c06356c49d3be7900541","sellTxId":"e289001df5372dcb60c7c4201a8cf5cbba952746"}
{"index": {"_index":"pob","_id":"3948673"}}
	{"id":3948673,"type":"sell","buyer":"thegoliath","seller":"clixmoney","symbol":"POB","quantity":"1.72554151","price":"0.01720000","timestamp":1658316948,"volume":"0.02967931","buyTxId":"35b816d89352b5fe2655c06356c49d3be7900541","sellTxId":"c8793062087725aecb1af7dd4355a23aa856fba5"}
{"index": {"_index":"pob","_id":"3948782"}}
	{"id":3948782,"type":"sell","buyer":"thegoliath","seller":"phortun","symbol":"POB","quantity":"7.87888113","price":"0.01720000","timestamp":1658318352,"volume":"0.13551676","buyTxId":"35b816d89352b5fe2655c06356c49d3be7900541","sellTxId":"00d4f03c3e2d0c5469e66cedf66e199f14dd6e1a"}
{"index": {"_index":"pob","_id":"3948835"}}
	{"id":3948835,"type":"sell","buyer":"thegoliath","seller":"blurtpoem","symbol":"POB","quantity":"1045.76623114","price":"0.01720000","timestamp":1658319249,"volume":"17.98717918","buyTxId":"35b816d89352b5fe2655c06356c49d3be7900541","sellTxId":"02ed3ab6fc4a1e8e37c1942674ceb4bbaad188f7"}
{"index": {"_index":"pob","_id":"3948955"}}
	{"id":3948955,"type":"sell","buyer":"thegoliath","seller":"ugochill","symbol":"POB","quantity":"0.05139084","price":"0.01720000","timestamp":1658321187,"volume":"0.00088392","buyTxId":"35b816d89352b5fe2655c06356c49d3be7900541","sellTxId":"a9c73920e1807bc8819951eb2fa09dba242239e5"}
{"index": {"_index":"pob","_id":"3949063"}}
	{"id":3949063,"type":"sell","buyer":"thegoliath","seller":"pjansen","symbol":"POB","quantity":"94.97386623","price":"0.01720000","timestamp":1658322867,"volume":"1.63355050","buyTxId":"35b816d89352b5fe2655c06356c49d3be7900541","sellTxId":"2930c75021dd0962418a2079a5ab44b38d372417-1"}
{"index": {"_index":"pob","_id":"3949064"}}
	{"id":3949064,"type":"sell","buyer":"thegoliath","seller":"pjansen","symbol":"POB","quantity":"23.86160414","price":"0.01720000","timestamp":1658322879,"volume":"0.41041959","buyTxId":"35b816d89352b5fe2655c06356c49d3be7900541","sellTxId":"bf75f4aed24aa93ad40e3c933a333c945d97281a"}
{"index": {"_index":"pob","_id":"3949116"}}
	{"id":3949116,"type":"sell","buyer":"thegoliath","seller":"pjansen","symbol":"POB","quantity":"0.46977518","price":"0.01720000","timestamp":1658323674,"volume":"0.00808013","buyTxId":"35b816d89352b5fe2655c06356c49d3be7900541","sellTxId":"df40d261c12257bb47bbbf0979b154113ec7bb32-1"}
{"index": {"_index":"pob","_id":"3949117"}}
	{"id":3949117,"type":"sell","buyer":"thegoliath","seller":"pjansen","symbol":"POB","quantity":"0.11221338","price":"0.01720000","timestamp":1658323686,"volume":"0.00193007","buyTxId":"35b816d89352b5fe2655c06356c49d3be7900541","sellTxId":"0375ac8042b13d6effcbe9037386d0b9c841a478"}
{"index": {"_index":"pob","_id":"3949149"}}
	{"id":3949149,"type":"sell","buyer":"thegoliath","seller":"dsc-r2cornell","symbol":"POB","quantity":"1.15525145","price":"0.01720000","timestamp":1658324475,"volume":"0.01987032","buyTxId":"35b816d89352b5fe2655c06356c49d3be7900541","sellTxId":"6717cf2f996703c62ef0b7fde8a8f8fd81d8aa0f"}
{"index": {"_index":"pob","_id":"3949175"}}
	{"id":3949175,"type":"sell","buyer":"thegoliath","seller":"ugochill","symbol":"POB","quantity":"0.02292379","price":"0.01720000","timestamp":1658325159,"volume":"0.00039429","buyTxId":"35b816d89352b5fe2655c06356c49d3be7900541","sellTxId":"905e88b9c3333c68f8efcc7ae14e36f40b9e3c09"}
{"index": {"_index":"pob","_id":"3949271"}}
	{"id":3949271,"type":"sell","buyer":"thegoliath","seller":"anech512","symbol":"POB","quantity":"6.23566100","price":"0.01720000","timestamp":1658326842,"volume":"0.10725337","buyTxId":"35b816d89352b5fe2655c06356c49d3be7900541","sellTxId":"c25cb6e61ce2723a6361fd342896be48dc6ad4f5"}
{"index": {"_index":"pob","_id":"3949350"}}
	{"id":3949350,"type":"sell","buyer":"thegoliath","seller":"pjansen","symbol":"POB","quantity":"94.58403624","price":"0.01720000","timestamp":1658328066,"volume":"1.62684542","buyTxId":"35b816d89352b5fe2655c06356c49d3be7900541","sellTxId":"f3cbea56c13959b54cb804201934232090d944d9-1"}
{"index": {"_index":"pob","_id":"3949352"}}
	{"id":3949352,"type":"sell","buyer":"thegoliath","seller":"pjansen","symbol":"POB","quantity":"23.76027244","price":"0.01720000","timestamp":1658328078,"volume":"0.40867669","buyTxId":"35b816d89352b5fe2655c06356c49d3be7900541","sellTxId":"15afd3370f450c8646e862462061e0d342f9391d"}
{"index": {"_index":"pob","_id":"3949435"}}
	{"id":3949435,"type":"sell","buyer":"thegoliath","seller":"lightcaptured","symbol":"POB","quantity":"50.62725725","price":"0.01720000","timestamp":1658328930,"volume":"0.87078882","buyTxId":"35b816d89352b5fe2655c06356c49d3be7900541","sellTxId":"1a83a6eeea642f98f2785a7d99b3390d87ccdbc7"}
{"index": {"_index":"pob","_id":"3949498"}}
	{"id":3949498,"type":"sell","buyer":"thegoliath","seller":"kraken99","symbol":"POB","quantity":"14.24671584","price":"0.01720000","timestamp":1658329779,"volume":"0.24504351","buyTxId":"35b816d89352b5fe2655c06356c49d3be7900541","sellTxId":"80580db03697d1d0279cc231191e8d4fa7fef9ff"}
{"index": {"_index":"pob","_id":"3950270"}}
	{"id":3950270,"type":"sell","buyer":"thegoliath","seller":"ben.haase","symbol":"POB","quantity":"1.80935163","price":"0.01720000","timestamp":1658335455,"volume":"0.03112085","buyTxId":"35b816d89352b5fe2655c06356c49d3be7900541","sellTxId":"a239b02c4c9ce95201d985d1de79faa5791f8967"}
{"index": {"_index":"pob","_id":"3950288"}}
	{"id":3950288,"type":"sell","buyer":"thegoliath","seller":"quinnertronics","symbol":"POB","quantity":"2.33000081","price":"0.01720000","timestamp":1658335614,"volume":"0.04007601","buyTxId":"35b816d89352b5fe2655c06356c49d3be7900541","sellTxId":"f54db8bd9a4f56f7abf557c5466d1c952cde40ec"}
{"index": {"_index":"pob","_id":"3950547"}}
	{"id":3950547,"type":"sell","buyer":"thegoliath","seller":"denmarkguy","symbol":"POB","quantity":"0.84197891","price":"0.01720000","timestamp":1658338041,"volume":"0.01448204","buyTxId":"35b816d89352b5fe2655c06356c49d3be7900541","sellTxId":"019adc697cd8a10474be8cb3c9bfeacdd5c6dcc0"}
{"index": {"_index":"pob","_id":"3950659"}}
	{"id":3950659,"type":"sell","buyer":"thegoliath","seller":"pjansen","symbol":"POB","quantity":"53.25726418","price":"0.01720000","timestamp":1658339184,"volume":"0.91602494","buyTxId":"35b816d89352b5fe2655c06356c49d3be7900541","sellTxId":"5b05ab1e2cb13c3940efc45871bc983092b1191e-1"}
{"index": {"_index":"pob","_id":"3950663"}}
	{"id":3950663,"type":"sell","buyer":"thegoliath","seller":"pjansen","symbol":"POB","quantity":"13.37575938","price":"0.01720000","timestamp":1658339196,"volume":"0.23006306","buyTxId":"35b816d89352b5fe2655c06356c49d3be7900541","sellTxId":"c5bbb13aa72909b54615fe97cb5b4b63570b6e16"}
{"index": {"_index":"pob","_id":"3950782"}}
	{"id":3950782,"type":"sell","buyer":"thegoliath","seller":"hive-189742","symbol":"POB","quantity":"0.77239426","price":"0.01720000","timestamp":1658340273,"volume":"0.01328518","buyTxId":"35b816d89352b5fe2655c06356c49d3be7900541","sellTxId":"f057070b869a9b48aea7a7377c1decb1b7225332"}
{"index": {"_index":"pob","_id":"3950809"}}
	{"id":3950809,"type":"sell","buyer":"thegoliath","seller":"curatorcat.pal","symbol":"POB","quantity":"0.59997529","price":"0.01720000","timestamp":1658340768,"volume":"0.01031957","buyTxId":"35b816d89352b5fe2655c06356c49d3be7900541","sellTxId":"fc08058ece4830cc460e0b2aeb2aeb1a9ed05388"}
{"index": {"_index":"pob","_id":"3950883"}}
	{"id":3950883,"type":"sell","buyer":"thegoliath","seller":"jasperdick","symbol":"POB","quantity":"3.14992393","price":"0.01720000","timestamp":1658341314,"volume":"0.05417869","buyTxId":"35b816d89352b5fe2655c06356c49d3be7900541","sellTxId":"6b436c591a7cace4b2a7183426088065b1e76744"}
{"index": {"_index":"pob","_id":"3951141"}}
	{"id":3951141,"type":"sell","buyer":"thegoliath","seller":"ugochill","symbol":"POB","quantity":"0.34656178","price":"0.01720000","timestamp":1658344110,"volume":"0.00596086","buyTxId":"35b816d89352b5fe2655c06356c49d3be7900541","sellTxId":"c6d9fdef35f3394a8080ed3786176914bfc0b7c9"}
{"index": {"_index":"pob","_id":"3951186"}}
	{"id":3951186,"type":"sell","buyer":"thegoliath","seller":"kevinnag58","symbol":"POB","quantity":"0.77273608","price":"0.01720000","timestamp":1658344962,"volume":"0.01329106","buyTxId":"35b816d89352b5fe2655c06356c49d3be7900541","sellTxId":"3a0edf0fd1ce6e390de6d010ec8379f9856b98eb"}
{"index": {"_index":"pob","_id":"3951687"}}
	{"id":3951687,"type":"sell","buyer":"thegoliath","seller":"pjansen","symbol":"POB","quantity":"0.46977823","price":"0.01720000","timestamp":1658350047,"volume":"0.00808019","buyTxId":"35b816d89352b5fe2655c06356c49d3be7900541","sellTxId":"85b3a62db7b576d76e749af36458bddba8683613-1"}
{"index": {"_index":"pob","_id":"3951688"}}
	{"id":3951688,"type":"sell","buyer":"thegoliath","seller":"pjansen","symbol":"POB","quantity":"0.11221411","price":"0.01720000","timestamp":1658350059,"volume":"0.00193008","buyTxId":"35b816d89352b5fe2655c06356c49d3be7900541","sellTxId":"37ccfca4643dbfdea027bf884d70acba691d6abb"}
{"index": {"_index":"pob","_id":"3951801"}}
	{"id":3951801,"type":"sell","buyer":"thegoliath","seller":"lordneroo","symbol":"POB","quantity":"9.34327824","price":"0.01720000","timestamp":1658351595,"volume":"0.16070439","buyTxId":"35b816d89352b5fe2655c06356c49d3be7900541","sellTxId":"a305859bd910cf6e1f577a5637e38bef6398b6d9"}
{"index": {"_index":"pob","_id":"3951859"}}
	{"id":3951859,"type":"sell","buyer":"thegoliath","seller":"pixelfan","symbol":"POB","quantity":"22.59640956","price":"0.01720000","timestamp":1658352501,"volume":"0.38865824","buyTxId":"35b816d89352b5fe2655c06356c49d3be7900541","sellTxId":"8e6b3cbb0a40b7ae87db98fd62ae1ac8b77effd5"}
{"index": {"_index":"pob","_id":"3952017"}}
	{"id":3952017,"type":"sell","buyer":"thegoliath","seller":"he-index","symbol":"POB","quantity":"0.07900000","price":"0.01720000","timestamp":1658354586,"volume":"0.00135880","buyTxId":"35b816d89352b5fe2655c06356c49d3be7900541","sellTxId":"dd1a4f63bf7b655397a8409ac4ba79e4a8f40a77"}
{"index": {"_index":"pob","_id":"3952076"}}
	{"id":3952076,"type":"sell","buyer":"thegoliath","seller":"ugochill","symbol":"POB","quantity":"0.02583501","price":"0.01720000","timestamp":1658355783,"volume":"0.00044436","buyTxId":"35b816d89352b5fe2655c06356c49d3be7900541","sellTxId":"c4d5f8940b2478dfc40388dcb17d8749105983e5"}
{"index": {"_index":"pob","_id":"3952089"}}
	{"id":3952089,"type":"sell","buyer":"thegoliath","seller":"richardcrill","symbol":"POB","quantity":"362.78714641","price":"0.01720000","timestamp":1658356125,"volume":"6.23993892","buyTxId":"35b816d89352b5fe2655c06356c49d3be7900541","sellTxId":"MM-P-19310905-66304584-3-12-0"}
{"index": {"_index":"pob","_id":"3952260"}}
	{"id":3952260,"type":"sell","buyer":"thegoliath","seller":"myfreebtc","symbol":"POB","quantity":"20.01636534","price":"0.01720000","timestamp":1658358585,"volume":"0.34428148","buyTxId":"35b816d89352b5fe2655c06356c49d3be7900541","sellTxId":"71c45f2eb57cac6224938e018b7e11f2d3a2d012"}
{"index": {"_index":"pob","_id":"3952727"}}
	{"id":3952727,"type":"sell","buyer":"thegoliath","seller":"ugochill","symbol":"POB","quantity":"0.28442379","price":"0.01720000","timestamp":1658363298,"volume":"0.00489209","buyTxId":"35b816d89352b5fe2655c06356c49d3be7900541","sellTxId":"f5f82f5c45bd28ab9f260b0a6d3cc08bf30fa4c4"}
{"index": {"_index":"pob","_id":"3952772"}}
	{"id":3952772,"type":"sell","buyer":"thegoliath","seller":"teesart","symbol":"POB","quantity":"260.35823161","price":"0.01720000","timestamp":1658363883,"volume":"4.47816158","buyTxId":"35b816d89352b5fe2655c06356c49d3be7900541","sellTxId":"e3ac53fe57c56f6ba356ddd372aca3517fd8b1b0"}
{"index": {"_index":"pob","_id":"3952856"}}
	{"id":3952856,"type":"sell","buyer":"thegoliath","seller":"pjansen","symbol":"POB","quantity":"40.37178041","price":"0.01720000","timestamp":1658364795,"volume":"0.69439462","buyTxId":"35b816d89352b5fe2655c06356c49d3be7900541","sellTxId":"71a009956c812242af01730791276f17d53bee17-1"}
{"index": {"_index":"pob","_id":"3952857"}}
	{"id":3952857,"type":"sell","buyer":"thegoliath","seller":"pjansen","symbol":"POB","quantity":"10.13802981","price":"0.01720000","timestamp":1658364807,"volume":"0.17437411","buyTxId":"35b816d89352b5fe2655c06356c49d3be7900541","sellTxId":"370a58ceb7b9e1a1a713bba66a33f7e4aa180435"}
{"index": {"_index":"pob","_id":"3953180"}}
	{"id":3953180,"type":"sell","buyer":"thegoliath","seller":"steem82868","symbol":"POB","quantity":"2.12903350","price":"0.01720000","timestamp":1658369457,"volume":"0.03661938","buyTxId":"35b816d89352b5fe2655c06356c49d3be7900541","sellTxId":"29e1cac8a91e6fb184a436284f8ba34ef983ab92"}
{"index": {"_index":"pob","_id":"3953228"}}
	{"id":3953228,"type":"sell","buyer":"thegoliath","seller":"osomar357","symbol":"POB","quantity":"0.42536854","price":"0.01720000","timestamp":1658369838,"volume":"0.00731634","buyTxId":"35b816d89352b5fe2655c06356c49d3be7900541","sellTxId":"70c7baf67aba5cc2c9fb2d07bd78d2d21956514a"}
{"index": {"_index":"pob","_id":"3953250"}}
	{"id":3953250,"type":"sell","buyer":"thegoliath","seller":"oople","symbol":"POB","quantity":"0.01119832","price":"0.01720000","timestamp":1658370294,"volume":"0.00019261","buyTxId":"35b816d89352b5fe2655c06356c49d3be7900541","sellTxId":"ada1be89a3279e6c33121d4929edf035dbdf993f"}
