{"index": {"_index":"leo","_id":"2632784"}}
	{"id":2632784,"type":"sell","buyer":"leomaker","seller":"dswap","symbol":"LEO","quantity":"3.068","price":"0.19011200","timestamp":1643082738,"volume":"0.58326362","buyTxId":"739bfaf86391763a57677fac8dca82b715c031c2","sellTxId":"91ba87898be308907ba5909ec32738717c8ebda7"}
{"index": {"_index":"leo","_id":"2632785"}}
	{"id":2632785,"type":"sell","buyer":"lestrange","seller":"dswap","symbol":"LEO","quantity":"375.897","price":"0.19011001","timestamp":1643082738,"volume":"71.46178243","buyTxId":"814b844666a41667f8818d8951b34ad6584aa027","sellTxId":"91ba87898be308907ba5909ec32738717c8ebda7"}
{"index": {"_index":"leo","_id":"2632786"}}
	{"id":2632786,"type":"sell","buyer":"enginemaker","seller":"dswap","symbol":"LEO","quantity":"121.035","price":"0.19011000","timestamp":1643082738,"volume":"23.00996385","buyTxId":"MM-P-14184687-61171895-3-1-0","sellTxId":"91ba87898be308907ba5909ec32738717c8ebda7"}
{"index": {"_index":"leo","_id":"2632812"}}
	{"id":2632812,"type":"buy","buyer":"melbourneswest","seller":"pi-trader","symbol":"LEO","quantity":"5.178","price":"0.19309899","timestamp":1643082801,"volume":"1","buyTxId":"823b0cb2fa576074c548d9c85f9d0a44d0d1a5e1","sellTxId":"3ec32f460ef510a88bb34b6a811fb87aaa99b6a9-8"}
{"index": {"_index":"leo","_id":"2632838"}}
	{"id":2632838,"type":"buy","buyer":"quinnertronics","seller":"pi-trader","symbol":"LEO","quantity":"2.000","price":"0.19309799","timestamp":1643083431,"volume":"0.38619598","buyTxId":"2758d529fed8928167300916fce8d58134645eab","sellTxId":"0cb9d88eea0cc2ad1cfefe8ebb5b9d9bd178c74b-3"}
{"index": {"_index":"leo","_id":"2632902"}}
	{"id":2632902,"type":"buy","buyer":"jersteemit","seller":"pi-trader","symbol":"LEO","quantity":"15.850","price":"0.19309799","timestamp":1643083539,"volume":"3.06060314","buyTxId":"80424f5935ffed266d901f2f004a33ad437711af","sellTxId":"6a793f733f71bc4d5341eb36391c43b79c2889d7-4"}
{"index": {"_index":"leo","_id":"2633120"}}
	{"id":2633120,"type":"buy","buyer":"quinnertronics","seller":"pi-trader","symbol":"LEO","quantity":"2.500","price":"0.19309699","timestamp":1643087484,"volume":"0.48274248","buyTxId":"b37ab1e5b1dbd261dbf147919ed97c84eff11ddd","sellTxId":"b68ff452b3117d48386165613d4a10657a36e01f-7"}
{"index": {"_index":"leo","_id":"2633131"}}
	{"id":2633131,"type":"sell","buyer":"leomaker","seller":"iyiade","symbol":"LEO","quantity":"3.836","price":"0.19011200","timestamp":1643087679,"volume":"0.72926963","buyTxId":"b9704a5ebd1104443d005bc5588c30fc9258432f","sellTxId":"a913e6aaf75cca079f7a7ac6e27dc329b158f939"}
{"index": {"_index":"leo","_id":"2633135"}}
	{"id":2633135,"type":"buy","buyer":"quinnertronics","seller":"pi-trader","symbol":"LEO","quantity":"2.400","price":"0.19309599","timestamp":1643087712,"volume":"0.46343038","buyTxId":"617d54121c08f46b417cea76ed860c67f3bc5e3f","sellTxId":"0f25e430160e5ba70ab81c2d40a35b199337e6b6-3"}
{"index": {"_index":"leo","_id":"2633146"}}
	{"id":2633146,"type":"buy","buyer":"quinnertronics","seller":"pi-trader","symbol":"LEO","quantity":"2.500","price":"0.19309599","timestamp":1643087913,"volume":"0.48273998","buyTxId":"087c5cbb402cf3e8458cdf62754d60eb6cb3710e","sellTxId":"d120fe45913daf0167189458f925630099157449-7"}
{"index": {"_index":"leo","_id":"2633157"}}
	{"id":2633157,"type":"buy","buyer":"quinnertronics","seller":"pi-trader","symbol":"LEO","quantity":"5.000","price":"0.19309599","timestamp":1643088102,"volume":"0.96547995","buyTxId":"efd02025bc2267bc8a0ce0d2e6b518ae22e9bcb0","sellTxId":"8c42cd0661e2a9f9076a8af50b398ef4fb6a7179-6"}
{"index": {"_index":"leo","_id":"2633162"}}
	{"id":2633162,"type":"buy","buyer":"scaredycatguide","seller":"pi-trader","symbol":"LEO","quantity":"100.000","price":"0.19309599","timestamp":1643088147,"volume":"19.30959900","buyTxId":"99f8d614a4d97d95ca89f80f03c03052f56958ae","sellTxId":"a54a17e4bfeeafa480793c2d2d3acd1a60c31236-6"}
{"index": {"_index":"leo","_id":"2633163"}}
	{"id":2633163,"type":"sell","buyer":"scaredycatguide","seller":"svirus","symbol":"LEO","quantity":"66.000","price":"0.19309599","timestamp":1643088150,"volume":"12.74433534","buyTxId":"99f8d614a4d97d95ca89f80f03c03052f56958ae","sellTxId":"6d93c9ae0042e3a38f280c3edd4a2b2727f6c2a9-1"}
{"index": {"_index":"leo","_id":"2633193"}}
	{"id":2633193,"type":"buy","buyer":"ugochill","seller":"leomaker","symbol":"LEO","quantity":"0.100","price":"0.19309600","timestamp":1643088612,"volume":"0.01930960","buyTxId":"d7f07c23fa198fe6ee40b00527e56859aa29764e","sellTxId":"a2755d076c183eba2a87fd064e22d36916224b07"}
{"index": {"_index":"leo","_id":"2633218"}}
	{"id":2633218,"type":"sell","buyer":"leomaker","seller":"lifeskills-tv","symbol":"LEO","quantity":"1.521","price":"0.19011200","timestamp":1643088999,"volume":"0.28916035","buyTxId":"b9704a5ebd1104443d005bc5588c30fc9258432f","sellTxId":"725ff12091d72c80d82f06b7581ee8d35ecf4b51"}
{"index": {"_index":"leo","_id":"2633222"}}
	{"id":2633222,"type":"sell","buyer":"enginemaker","seller":"lifeskills-tv","symbol":"LEO","quantity":"7.149","price":"0.19011000","timestamp":1643089056,"volume":"1.35909639","buyTxId":"MM-P-14184687-61171895-3-1-0","sellTxId":"4445e1310c52ea685d49588ab67a56afc202110e"}
{"index": {"_index":"leo","_id":"2633281"}}
	{"id":2633281,"type":"sell","buyer":"leomaker","seller":"razam","symbol":"LEO","quantity":"0.118","price":"0.19011200","timestamp":1643089887,"volume":"0.02243322","buyTxId":"ca7d8bcb06d4a092b07cb4c90c446e44019ad3ee","sellTxId":"bda1e54f6a15d03e23c5b4b0274fdaf6b8a6a4a2"}
{"index": {"_index":"leo","_id":"2633283"}}
	{"id":2633283,"type":"buy","buyer":"marvinix","seller":"leomaker","symbol":"LEO","quantity":"4.959","price":"0.19309600","timestamp":1643089911,"volume":"0.95756306","buyTxId":"281193dbeb3e2a3cf5b30e36e0fbf19129292d8b","sellTxId":"a2755d076c183eba2a87fd064e22d36916224b07"}
{"index": {"_index":"leo","_id":"2633284"}}
	{"id":2633284,"type":"buy","buyer":"marvinix","seller":"leomaker","symbol":"LEO","quantity":"5.144","price":"0.19309700","timestamp":1643089911,"volume":"0.99329097","buyTxId":"281193dbeb3e2a3cf5b30e36e0fbf19129292d8b","sellTxId":"2691caee4df0578e4cc6f6f4dcb3604e50bc9a61"}
{"index": {"_index":"leo","_id":"2633285"}}
	{"id":2633285,"type":"buy","buyer":"marvinix","seller":"leomaker","symbol":"LEO","quantity":"5.232","price":"0.19309800","timestamp":1643089911,"volume":"1.01028874","buyTxId":"281193dbeb3e2a3cf5b30e36e0fbf19129292d8b","sellTxId":"50c2eb2092a7e7bea60cfd6ca834dcdfff7b75b9"}
{"index": {"_index":"leo","_id":"2633286"}}
	{"id":2633286,"type":"buy","buyer":"marvinix","seller":"leomaker","symbol":"LEO","quantity":"2.272","price":"0.19309900","timestamp":1643089911,"volume":"0.43885723","buyTxId":"281193dbeb3e2a3cf5b30e36e0fbf19129292d8b","sellTxId":"2716fa9a21f738532a9749601f3f8ba0b60281a5"}
{"index": {"_index":"leo","_id":"2633312"}}
	{"id":2633312,"type":"sell","buyer":"leomaker","seller":"knowledge23.pob","symbol":"LEO","quantity":"1.560","price":"0.19011200","timestamp":1643090307,"volume":"0.29657472","buyTxId":"ca7d8bcb06d4a092b07cb4c90c446e44019ad3ee","sellTxId":"90d3a5ba7939280be820285a5d828d6f5e2fadfe"}
{"index": {"_index":"leo","_id":"2633405"}}
	{"id":2633405,"type":"sell","buyer":"leomaker","seller":"chireerocks","symbol":"LEO","quantity":"3.554","price":"0.19011200","timestamp":1643091750,"volume":"0.67565804","buyTxId":"ca7d8bcb06d4a092b07cb4c90c446e44019ad3ee","sellTxId":"6daad7199bbdf42e461a748074b83bd14116b9b7"}
{"index": {"_index":"leo","_id":"2633407"}}
	{"id":2633407,"type":"sell","buyer":"enginemaker","seller":"chireerocks","symbol":"LEO","quantity":"20.367","price":"0.19011000","timestamp":1643091810,"volume":"3.87197037","buyTxId":"MM-P-14184687-61171895-3-1-0","sellTxId":"dfe9bd92b0f6d12aebbe075da390952c3c05cf3c"}
{"index": {"_index":"leo","_id":"2633776"}}
	{"id":2633776,"type":"sell","buyer":"darewealth","seller":"svirus","symbol":"LEO","quantity":"30.000","price":"0.19200000","timestamp":1643094927,"volume":"5.76000000","buyTxId":"ef6a5780487785669b914a53f401e0229bcc06c1","sellTxId":"97c28f85446368dd8128452c85591bd65456afa7-1"}
{"index": {"_index":"leo","_id":"2633861"}}
	{"id":2633861,"type":"sell","buyer":"leomaker","seller":"davidbolu34","symbol":"LEO","quantity":"3.670","price":"0.19011200","timestamp":1643096154,"volume":"0.69771104","buyTxId":"a9d06f8b23ac38df855e144b9e8e3c9eda65fde0","sellTxId":"e685a3f3dda106a87365e49b36593d0bcf85aad2"}
{"index": {"_index":"leo","_id":"2633893"}}
	{"id":2633893,"type":"sell","buyer":"leomaker","seller":"fieryfootprints","symbol":"LEO","quantity":"1.564","price":"0.19011200","timestamp":1643096712,"volume":"0.29733517","buyTxId":"a9d06f8b23ac38df855e144b9e8e3c9eda65fde0","sellTxId":"93bc7dfe4a649598bd375326e0769dc61eed549e"}
{"index": {"_index":"leo","_id":"2633915"}}
	{"id":2633915,"type":"sell","buyer":"leomaker","seller":"insight.pob","symbol":"LEO","quantity":"0.288","price":"0.19011200","timestamp":1643097153,"volume":"0.05475225","buyTxId":"a9d06f8b23ac38df855e144b9e8e3c9eda65fde0","sellTxId":"c4130df9db3c144501dd6c4a2fc52429fa89703c"}
{"index": {"_index":"leo","_id":"2633946"}}
	{"id":2633946,"type":"buy","buyer":"notak1","seller":"insight.pob","symbol":"LEO","quantity":"4.908","price":"0.19011200","timestamp":1643097510,"volume":"0.93306970","buyTxId":"743ab9e3fb86809ba2bba73223841233e5fe1248","sellTxId":"c4130df9db3c144501dd6c4a2fc52429fa89703c"}
{"index": {"_index":"leo","_id":"2633982"}}
	{"id":2633982,"type":"sell","buyer":"enginemaker","seller":"fullcoverbetting","symbol":"LEO","quantity":"1.356","price":"0.19011000","timestamp":1643097867,"volume":"0.25778916","buyTxId":"MM-P-14184687-61171895-3-1-0","sellTxId":"fc11638dde8bea5faf0976eb3bc4db6560dac9c8"}
{"index": {"_index":"leo","_id":"2633984"}}
	{"id":2633984,"type":"buy","buyer":"jersteemit","seller":"pi-trader","symbol":"LEO","quantity":"13.500","price":"0.19309599","timestamp":1643097936,"volume":"2.60679587","buyTxId":"965c31bb91c4238de8057a00b63d6101303d8786","sellTxId":"0aebae0000b4706e1355fbc08f3b04930fab2d23-3"}
{"index": {"_index":"leo","_id":"2634074"}}
	{"id":2634074,"type":"buy","buyer":"gogreenbuddy","seller":"pi-trader","symbol":"LEO","quantity":"100.000","price":"0.19309499","timestamp":1643098749,"volume":"19.30949900","buyTxId":"891beb92fc13419737e1ca7f10ca16e3713f4fca","sellTxId":"4e9b5ed2b55bfbf623f2acc413848e69fdea74ac-4"}
{"index": {"_index":"leo","_id":"2634075"}}
	{"id":2634075,"type":"buy","buyer":"gogreenbuddy","seller":"leomaker","symbol":"LEO","quantity":"4.993","price":"0.19309500","timestamp":1643098749,"volume":"0.96412334","buyTxId":"891beb92fc13419737e1ca7f10ca16e3713f4fca","sellTxId":"9169c8cbbf51327d2ce4d12eaf400bb9b56ad7ba"}
{"index": {"_index":"leo","_id":"2634076"}}
	{"id":2634076,"type":"buy","buyer":"gogreenbuddy","seller":"leomaker","symbol":"LEO","quantity":"4.983","price":"0.19309600","timestamp":1643098749,"volume":"0.96219737","buyTxId":"891beb92fc13419737e1ca7f10ca16e3713f4fca","sellTxId":"10ee30bd6e01245f68199c4105d71c85dacdc564"}
{"index": {"_index":"leo","_id":"2634077"}}
	{"id":2634077,"type":"buy","buyer":"gogreenbuddy","seller":"ctpsb","symbol":"LEO","quantity":"6.342","price":"0.19309699","timestamp":1643098749,"volume":"1.22462111","buyTxId":"891beb92fc13419737e1ca7f10ca16e3713f4fca","sellTxId":"aa3b4ea1791d3a66036d4028ea32ab768413a4d7"}
{"index": {"_index":"leo","_id":"2634078"}}
	{"id":2634078,"type":"buy","buyer":"gogreenbuddy","seller":"leomaker","symbol":"LEO","quantity":"5.068","price":"0.19309700","timestamp":1643098749,"volume":"0.97861560","buyTxId":"891beb92fc13419737e1ca7f10ca16e3713f4fca","sellTxId":"b1c6636e35f6b76ecee6a1ec9d4f15c5fe2b510f"}
{"index": {"_index":"leo","_id":"2634079"}}
	{"id":2634079,"type":"buy","buyer":"gogreenbuddy","seller":"leomaker","symbol":"LEO","quantity":"5.094","price":"0.19309800","timestamp":1643098749,"volume":"0.98364121","buyTxId":"891beb92fc13419737e1ca7f10ca16e3713f4fca","sellTxId":"859393fb99580349d357b3e4cfcf69e8120e6a94"}
{"index": {"_index":"leo","_id":"2634080"}}
	{"id":2634080,"type":"buy","buyer":"gogreenbuddy","seller":"leomaker","symbol":"LEO","quantity":"2.997","price":"0.19309900","timestamp":1643098749,"volume":"0.57871770","buyTxId":"891beb92fc13419737e1ca7f10ca16e3713f4fca","sellTxId":"2716fa9a21f738532a9749601f3f8ba0b60281a5"}
{"index": {"_index":"leo","_id":"2634081"}}
	{"id":2634081,"type":"buy","buyer":"gogreenbuddy","seller":"leomaker","symbol":"LEO","quantity":"5.240","price":"0.19310000","timestamp":1643098749,"volume":"1.01184400","buyTxId":"891beb92fc13419737e1ca7f10ca16e3713f4fca","sellTxId":"98b9f1ccc389dce3e1624d5cc38ce28d1a313f7e"}
{"index": {"_index":"leo","_id":"2634082"}}
	{"id":2634082,"type":"buy","buyer":"gogreenbuddy","seller":"leomaker","symbol":"LEO","quantity":"5.328","price":"0.19310100","timestamp":1643098749,"volume":"1.02884213","buyTxId":"891beb92fc13419737e1ca7f10ca16e3713f4fca","sellTxId":"561470472ef67596d05b30fa7578ec8ef3019f5d"}
{"index": {"_index":"leo","_id":"2634083"}}
	{"id":2634083,"type":"buy","buyer":"gogreenbuddy","seller":"leomaker","symbol":"LEO","quantity":"5.419","price":"0.19310200","timestamp":1643098749,"volume":"1.04641974","buyTxId":"891beb92fc13419737e1ca7f10ca16e3713f4fca","sellTxId":"1a84a34366c3f8fd3d9fad3a0d1abed6431619d1"}
{"index": {"_index":"leo","_id":"2634084"}}
	{"id":2634084,"type":"buy","buyer":"gogreenbuddy","seller":"leomaker","symbol":"LEO","quantity":"4.536","price":"0.19310300","timestamp":1643098749,"volume":"0.87591521","buyTxId":"891beb92fc13419737e1ca7f10ca16e3713f4fca","sellTxId":"6e8aee787a8fca1517e56cccaecbbc85450796b7"}
{"index": {"_index":"leo","_id":"2634203"}}
	{"id":2634203,"type":"buy","buyer":"oks2crypto","seller":"pi-trader","symbol":"LEO","quantity":"0.884","price":"0.19310199","timestamp":1643100540,"volume":"0.17070216","buyTxId":"9d8eb2e35d4052664622d4a6cf63c035d3b722db","sellTxId":"110f53866f30a074a507c5c259634e98021a22bd-1"}
{"index": {"_index":"leo","_id":"2634350"}}
	{"id":2634350,"type":"sell","buyer":"leomaker","seller":"steinreich","symbol":"LEO","quantity":"6.285","price":"0.19011500","timestamp":1643102922,"volume":"1.19487278","buyTxId":"f2ac858b49e5b0e12fdfb6658b39550b9d865bcb","sellTxId":"fcd731f5164a0f8a483b264d033b00adacb21781"}
{"index": {"_index":"leo","_id":"2634351"}}
	{"id":2634351,"type":"sell","buyer":"vancouverpics","seller":"steinreich","symbol":"LEO","quantity":"33.142","price":"0.19011300","timestamp":1643102922,"volume":"6.30072505","buyTxId":"daf7842dcf3a70db6888267814d2eaea6dc96124","sellTxId":"fcd731f5164a0f8a483b264d033b00adacb21781"}
{"index": {"_index":"leo","_id":"2634366"}}
	{"id":2634366,"type":"sell","buyer":"pi-trader","seller":"kolbjorn","symbol":"LEO","quantity":"18.540","price":"0.19011301","timestamp":1643103120,"volume":"3.52469521","buyTxId":"5f72bfcad5ec9e51d2bff0b9124d3118449eb4a3-1","sellTxId":"86d07dd8440d0279f518be9012a33026a0bf8da6"}
{"index": {"_index":"leo","_id":"2634425"}}
	{"id":2634425,"type":"sell","buyer":"pi-trader","seller":"lichtblick","symbol":"LEO","quantity":"226.748","price":"0.19011301","timestamp":1643104062,"volume":"43.10774479","buyTxId":"3456c418b0f733d8ad037f8b2d994dbfcc59d7ba-4","sellTxId":"f7e9a5496c530ab0dcfcfba46a780c83b4a08784"}
{"index": {"_index":"leo","_id":"2634487"}}
	{"id":2634487,"type":"sell","buyer":"pi-trader","seller":"beemd","symbol":"LEO","quantity":"1.082","price":"0.19020201","timestamp":1643104812,"volume":"0.20579857","buyTxId":"a45fd19c3e422b1a0fa059353b0a98316317b75e-1","sellTxId":"f6cb43a44bcdc7f07b7e4bab0a2d32f58bb13305"}
{"index": {"_index":"leo","_id":"2634689"}}
	{"id":2634689,"type":"sell","buyer":"pi-trader","seller":"mango-juice","symbol":"LEO","quantity":"7.726","price":"0.19020401","timestamp":1643108835,"volume":"1.46951618","buyTxId":"0b366417f3c499e339892f8064e3e57e076f698a-1","sellTxId":"956bbaddd37e9c22156cc3e8b4dcebdfbcb4c723"}
{"index": {"_index":"leo","_id":"2634748"}}
	{"id":2634748,"type":"buy","buyer":"hetty-rowan","seller":"russia-btc","symbol":"LEO","quantity":"19.267","price":"0.19150000","timestamp":1643109567,"volume":"3.68963050","buyTxId":"bd314a9ff93f860bcd0547a6459e42c10bd7352d","sellTxId":"c2639d243ae82ae6cff547aae1a16091cc265af9"}
{"index": {"_index":"leo","_id":"2634785"}}
	{"id":2634785,"type":"sell","buyer":"leomaker","seller":"firstborn.pob","symbol":"LEO","quantity":"4.439","price":"0.19020400","timestamp":1643110359,"volume":"0.84431556","buyTxId":"2204a836744891557a1b48995277793b39428065","sellTxId":"5d5284cbc413959c5f28d176456c160c1610abda"}
{"index": {"_index":"leo","_id":"2634847"}}
	{"id":2634847,"type":"sell","buyer":"leomaker","seller":"pobtrader","symbol":"LEO","quantity":"1.530","price":"0.19020400","timestamp":1643110974,"volume":"0.29101212","buyTxId":"2204a836744891557a1b48995277793b39428065","sellTxId":"007618fa48ebedec94e64226794ffddb9efafe1d"}
{"index": {"_index":"leo","_id":"2634848"}}
	{"id":2634848,"type":"sell","buyer":"leomaker","seller":"pobtrader","symbol":"LEO","quantity":"4.251","price":"0.19020200","timestamp":1643110974,"volume":"0.80854870","buyTxId":"5db06ff64b8487a2aa3fa8a8cee5360b2ecae5b9","sellTxId":"007618fa48ebedec94e64226794ffddb9efafe1d"}
{"index": {"_index":"leo","_id":"2634856"}}
	{"id":2634856,"type":"sell","buyer":"leomaker","seller":"marilove22","symbol":"LEO","quantity":"1.859","price":"0.19020200","timestamp":1643111175,"volume":"0.35358552","buyTxId":"5db06ff64b8487a2aa3fa8a8cee5360b2ecae5b9","sellTxId":"1589dd95d2c739b3630abf79963cf4fb13d09d4a"}
{"index": {"_index":"leo","_id":"2634857"}}
	{"id":2634857,"type":"sell","buyer":"claudio83","seller":"marilove22","symbol":"LEO","quantity":"0.035","price":"0.19020000","timestamp":1643111175,"volume":"0.00665700","buyTxId":"cda1fd1c6c99c51a8e1951962be2b1ea9c28c083","sellTxId":"1589dd95d2c739b3630abf79963cf4fb13d09d4a"}
{"index": {"_index":"leo","_id":"2634863"}}
	{"id":2634863,"type":"sell","buyer":"claudio83","seller":"firstborn.pob","symbol":"LEO","quantity":"2.287","price":"0.19020000","timestamp":1643111271,"volume":"0.43498740","buyTxId":"cda1fd1c6c99c51a8e1951962be2b1ea9c28c083","sellTxId":"81b87c52c964af03ad2689762833b5df35e3fa2e"}
{"index": {"_index":"leo","_id":"2634927"}}
	{"id":2634927,"type":"buy","buyer":"notak1","seller":"savagetobi","symbol":"LEO","quantity":"14.200","price":"0.19200000","timestamp":1643111976,"volume":"2.72640000","buyTxId":"d28172af6dfd0db173be2f6f65896e9f61ab1a65","sellTxId":"26758abeba2055bd19090a4d9b7aaf2472a1b0ad"}
{"index": {"_index":"leo","_id":"2634939"}}
	{"id":2634939,"type":"sell","buyer":"pi-trader","seller":"roman441","symbol":"LEO","quantity":"8.25","price":"0.19020001","timestamp":1643112399,"volume":"1.56915008","buyTxId":"6c1820eb529e0c8c39415a8efa6a4a5002b00b4d-2","sellTxId":"9926185bdcfa8b9e42595939feffba5bc1970d56"}
{"index": {"_index":"leo","_id":"2635224"}}
	{"id":2635224,"type":"sell","buyer":"pi-trader","seller":"acesontop","symbol":"LEO","quantity":"42","price":"0.19020201","timestamp":1643115120,"volume":"7.98848442","buyTxId":"9e69995a828db66badb405d67fc190f828cb494c-1","sellTxId":"e7757fc910dd796d967f5e857ffe61eea97c3829"}
{"index": {"_index":"leo","_id":"2635248"}}
	{"id":2635248,"type":"sell","buyer":"leomaker","seller":"hannahhive","symbol":"LEO","quantity":"5.697","price":"0.19020400","timestamp":1643115498,"volume":"1.08359219","buyTxId":"7abbddc39489f55128c1c2c8817c6384eef6d637","sellTxId":"f6abe089c849a56c0cf777c5cef367b91d88df3a"}
{"index": {"_index":"leo","_id":"2635249"}}
	{"id":2635249,"type":"sell","buyer":"leomaker","seller":"hannahhive","symbol":"LEO","quantity":"5.831","price":"0.19020200","timestamp":1643115498,"volume":"1.10906786","buyTxId":"1abc460c57751fdedc67c43eeffd9989583e69ef","sellTxId":"f6abe089c849a56c0cf777c5cef367b91d88df3a"}
{"index": {"_index":"leo","_id":"2635250"}}
	{"id":2635250,"type":"sell","buyer":"claudio83","seller":"hannahhive","symbol":"LEO","quantity":"0.352","price":"0.19020000","timestamp":1643115498,"volume":"0.06695040","buyTxId":"cda1fd1c6c99c51a8e1951962be2b1ea9c28c083","sellTxId":"f6abe089c849a56c0cf777c5cef367b91d88df3a"}
{"index": {"_index":"leo","_id":"2635353"}}
	{"id":2635353,"type":"sell","buyer":"claudio83","seller":"synergie","symbol":"LEO","quantity":"0.006","price":"0.19020000","timestamp":1643116851,"volume":"0.00114120","buyTxId":"cda1fd1c6c99c51a8e1951962be2b1ea9c28c083","sellTxId":"0de68fc316471afcca3996227e7ae18c7acb0975"}
{"index": {"_index":"leo","_id":"2635454"}}
	{"id":2635454,"type":"buy","buyer":"melbourneswest","seller":"pi-trader","symbol":"LEO","quantity":"12.915","price":"0.19309999","timestamp":1643118105,"volume":"2.494","buyTxId":"039c723be47b57beff952d276d7b51f02dabe0ba","sellTxId":"26a6517ac191f7f9f1ba0d210282610c084b64e7-4"}
{"index": {"_index":"leo","_id":"2635506"}}
	{"id":2635506,"type":"sell","buyer":"leomaker","seller":"fedesox","symbol":"LEO","quantity":"1.768","price":"0.19020200","timestamp":1643118882,"volume":"0.33627714","buyTxId":"29a263db8f4e207a99e8d358c0bb3ad4f44e845c","sellTxId":"c487ecdc5e0e3495b09c342bd3b5deb45bfca482"}
{"index": {"_index":"leo","_id":"2635571"}}
	{"id":2635571,"type":"sell","buyer":"leomaker","seller":"adhammer","symbol":"LEO","quantity":"0.136","price":"0.19020200","timestamp":1643119512,"volume":"0.02586747","buyTxId":"29a263db8f4e207a99e8d358c0bb3ad4f44e845c","sellTxId":"938ce340e7b191110d0826c1546a61b1d8675a75"}
{"index": {"_index":"leo","_id":"2635700"}}
	{"id":2635700,"type":"sell","buyer":"rollandthomas","seller":"konvik","symbol":"LEO","quantity":"601.307","price":"0.19200000","timestamp":1643121348,"volume":"115.45094400","buyTxId":"45838852b5a6c172d2eee34a81f898cdb3dd3961","sellTxId":"35eaab47ef42290fcd4786c61b8f5b3802f90ed6-1"}
{"index": {"_index":"leo","_id":"2635774"}}
	{"id":2635774,"type":"sell","buyer":"enginemaker","seller":"busted1","symbol":"LEO","quantity":"3.740","price":"0.19211000","timestamp":1643122470,"volume":"0.71849140","buyTxId":"MM-P-14251965-61239182-3-1-0","sellTxId":"bde6ee97fbb1db1d7351c943a5e295766db29e2a"}
{"index": {"_index":"leo","_id":"2635814"}}
	{"id":2635814,"type":"buy","buyer":"jersteemit","seller":"leomaker","symbol":"LEO","quantity":"5.235","price":"0.19309900","timestamp":1643123043,"volume":"1.01087327","buyTxId":"1ec9e05f108d7d727169a6ec56db4fb68f25115e","sellTxId":"1d48e3f3fd08ef5bea369c0b14fc7b77dabae027"}
{"index": {"_index":"leo","_id":"2635815"}}
	{"id":2635815,"type":"buy","buyer":"jersteemit","seller":"leomaker","symbol":"LEO","quantity":"5.293","price":"0.19310000","timestamp":1643123043,"volume":"1.02207830","buyTxId":"1ec9e05f108d7d727169a6ec56db4fb68f25115e","sellTxId":"53a02538c498e4a762f62ee7ccdd08b60ba194f0"}
{"index": {"_index":"leo","_id":"2635816"}}
	{"id":2635816,"type":"buy","buyer":"jersteemit","seller":"droida","symbol":"LEO","quantity":"0.229","price":"0.19310098","timestamp":1643123043,"volume":"0.04422012","buyTxId":"1ec9e05f108d7d727169a6ec56db4fb68f25115e","sellTxId":"56100851ae3461dc3ca8461a02aa1c323ee1bff1"}
{"index": {"_index":"leo","_id":"2635817"}}
	{"id":2635817,"type":"buy","buyer":"jersteemit","seller":"mein-senf-dazu","symbol":"LEO","quantity":"0.350","price":"0.19310099","timestamp":1643123043,"volume":"0.06758535","buyTxId":"1ec9e05f108d7d727169a6ec56db4fb68f25115e","sellTxId":"fd4f1a86e656eb0e6ce85624be557395fdda655d"}
{"index": {"_index":"leo","_id":"2635818"}}
	{"id":2635818,"type":"buy","buyer":"jersteemit","seller":"leomaker","symbol":"LEO","quantity":"4.828","price":"0.19310100","timestamp":1643123043,"volume":"0.93229163","buyTxId":"1ec9e05f108d7d727169a6ec56db4fb68f25115e","sellTxId":"37105b739116948b762a88d2a36563258ddcac55"}
{"index": {"_index":"leo","_id":"2635819"}}
	{"id":2635819,"type":"buy","buyer":"jersteemit","seller":"leomaker","symbol":"LEO","quantity":"4.910","price":"0.19310200","timestamp":1643123043,"volume":"0.94813082","buyTxId":"1ec9e05f108d7d727169a6ec56db4fb68f25115e","sellTxId":"6b9aab5fc408ca325d992ef183fb5c54d46b9054"}
{"index": {"_index":"leo","_id":"2635820"}}
	{"id":2635820,"type":"buy","buyer":"jersteemit","seller":"leomaker","symbol":"LEO","quantity":"1.087","price":"0.19310300","timestamp":1643123043,"volume":"0.20990296","buyTxId":"1ec9e05f108d7d727169a6ec56db4fb68f25115e","sellTxId":"6e8aee787a8fca1517e56cccaecbbc85450796b7"}
{"index": {"_index":"leo","_id":"2635821"}}
	{"id":2635821,"type":"buy","buyer":"jersteemit","seller":"leomaker","symbol":"LEO","quantity":"5.687","price":"0.19310400","timestamp":1643123043,"volume":"1.09818245","buyTxId":"1ec9e05f108d7d727169a6ec56db4fb68f25115e","sellTxId":"1a936d7d52d984e4b6d0dfd0851b94cf80a37e07"}
{"index": {"_index":"leo","_id":"2635822"}}
	{"id":2635822,"type":"buy","buyer":"jersteemit","seller":"leomaker","symbol":"LEO","quantity":"0.936","price":"0.19310500","timestamp":1643123043,"volume":"0.18074628","buyTxId":"1ec9e05f108d7d727169a6ec56db4fb68f25115e","sellTxId":"1ce8915b6e8aa2e2be805dfb4bf7dab034312713"}
{"index": {"_index":"leo","_id":"2635826"}}
	{"id":2635826,"type":"buy","buyer":"jersteemit","seller":"leomaker","symbol":"LEO","quantity":"4.847","price":"0.19310500","timestamp":1643123106,"volume":"0.93597994","buyTxId":"d683083f300c973ae2ba2320a5e3973c89417d27","sellTxId":"1ce8915b6e8aa2e2be805dfb4bf7dab034312713"}
{"index": {"_index":"leo","_id":"2635827"}}
	{"id":2635827,"type":"buy","buyer":"jersteemit","seller":"leomaker","symbol":"LEO","quantity":"4.918","price":"0.19310600","timestamp":1643123106,"volume":"0.94969531","buyTxId":"d683083f300c973ae2ba2320a5e3973c89417d27","sellTxId":"a110fc507f5a3430dea54b6b62b1b674bb36d62e"}
{"index": {"_index":"leo","_id":"2635828"}}
	{"id":2635828,"type":"buy","buyer":"jersteemit","seller":"leomaker","symbol":"LEO","quantity":"4.979","price":"0.19310700","timestamp":1643123106,"volume":"0.96147975","buyTxId":"d683083f300c973ae2ba2320a5e3973c89417d27","sellTxId":"57bb455f156dece8f454975a0f941667f0d0b565"}
{"index": {"_index":"leo","_id":"2635829"}}
	{"id":2635829,"type":"buy","buyer":"jersteemit","seller":"brofi-market","symbol":"LEO","quantity":"5.176","price":"0.19310800","timestamp":1643123106,"volume":"0.99952701","buyTxId":"d683083f300c973ae2ba2320a5e3973c89417d27","sellTxId":"705b972ca5c3f51e1f8cb751c34ffba3e587a82b"}
{"index": {"_index":"leo","_id":"2635830"}}
	{"id":2635830,"type":"buy","buyer":"jersteemit","seller":"brofi-market","symbol":"LEO","quantity":"8.635","price":"0.19311000","timestamp":1643123106,"volume":"1.66750485","buyTxId":"d683083f300c973ae2ba2320a5e3973c89417d27","sellTxId":"aa3bcc03dab1b0d13a47f3382cfcc220ce3adbf6"}
{"index": {"_index":"leo","_id":"2635845"}}
	{"id":2635845,"type":"buy","buyer":"jersteemit","seller":"brofi-market","symbol":"LEO","quantity":"2.010","price":"0.19311000","timestamp":1643123283,"volume":"0.38815110","buyTxId":"27ab091124cf5dc37d0e29ff2f38b7bda45472a1","sellTxId":"aa3bcc03dab1b0d13a47f3382cfcc220ce3adbf6"}
{"index": {"_index":"leo","_id":"2635846"}}
	{"id":2635846,"type":"buy","buyer":"jersteemit","seller":"vincentnijman","symbol":"LEO","quantity":"0.226","price":"0.19311600","timestamp":1643123283,"volume":"0.04364422","buyTxId":"27ab091124cf5dc37d0e29ff2f38b7bda45472a1","sellTxId":"c5d0f6f740fc5f2e2d7cd366d29183ea8d897728"}
{"index": {"_index":"leo","_id":"2635847"}}
	{"id":2635847,"type":"buy","buyer":"jersteemit","seller":"mistakili","symbol":"LEO","quantity":"2.224","price":"0.19311800","timestamp":1643123283,"volume":"0.42949443","buyTxId":"27ab091124cf5dc37d0e29ff2f38b7bda45472a1","sellTxId":"295ea9214e42a7531a18c261a28da348a051fa04"}
{"index": {"_index":"leo","_id":"2635867"}}
	{"id":2635867,"type":"sell","buyer":"enginemaker","seller":"lhp.app","symbol":"LEO","quantity":"155.015","price":"0.19211000","timestamp":1643123415,"volume":"29.77993165","buyTxId":"MM-P-14251965-61239182-3-1-0","sellTxId":"02310d661b30372a86e20d15b3f74d99f416aca6"}
{"index": {"_index":"leo","_id":"2635884"}}
	{"id":2635884,"type":"sell","buyer":"enginemaker","seller":"reward.app","symbol":"LEO","quantity":"85.474","price":"0.19211000","timestamp":1643123550,"volume":"16.42041014","buyTxId":"MM-P-14251965-61239182-3-1-0","sellTxId":"e8534319cf86f8741fe06c02054972840264088d"}
{"index": {"_index":"leo","_id":"2635913"}}
	{"id":2635913,"type":"sell","buyer":"enginemaker","seller":"notak1","symbol":"LEO","quantity":"16.039","price":"0.19211000","timestamp":1643123907,"volume":"3.08125229","buyTxId":"MM-P-14251965-61239182-3-1-0","sellTxId":"3886b71f3b43d34fbf82fec3de33d37d05f71ad2"}
{"index": {"_index":"leo","_id":"2635946"}}
	{"id":2635946,"type":"sell","buyer":"enginemaker","seller":"elricmoonslayer","symbol":"LEO","quantity":"0.587","price":"0.19211000","timestamp":1643124546,"volume":"0.11276857","buyTxId":"MM-P-14252760-61239977-3-1-0","sellTxId":"7dcb486aa9c75cf9d34b29c4da4192ba8003c51a"}
{"index": {"_index":"leo","_id":"2635975"}}
	{"id":2635975,"type":"sell","buyer":"enginemaker","seller":"notak1","symbol":"LEO","quantity":"259.681","price":"0.19211000","timestamp":1643125128,"volume":"49.88731691","buyTxId":"MM-P-14252760-61239977-3-1-0","sellTxId":"345385cfe0b286f3de940c393062ab0148c41f19"}
{"index": {"_index":"leo","_id":"2636185"}}
	{"id":2636185,"type":"buy","buyer":"der-prophet","seller":"mistakili","symbol":"LEO","quantity":"26.331","price":"0.19311800","timestamp":1643127738,"volume":"5.08499006","buyTxId":"ee2a4f16c1db0083d51e227ba65015d9be6f07a7","sellTxId":"295ea9214e42a7531a18c261a28da348a051fa04"}
{"index": {"_index":"leo","_id":"2636217"}}
	{"id":2636217,"type":"sell","buyer":"der-prophet","seller":"notak1","symbol":"LEO","quantity":"8.353","price":"0.19311800","timestamp":1643128032,"volume":"1.61311465","buyTxId":"ee2a4f16c1db0083d51e227ba65015d9be6f07a7","sellTxId":"418bd49243ee3e73dc983e0c1cffc16acf72d47f"}
{"index": {"_index":"leo","_id":"2636297"}}
	{"id":2636297,"type":"sell","buyer":"leomaker","seller":"specialfeelings","symbol":"LEO","quantity":"0.112","price":"0.19211200","timestamp":1643129019,"volume":"0.02151654","buyTxId":"8e2ee87192ea814da2ed00f52afbd80f61788371","sellTxId":"11794b1a3f6bde59911220e02e0770118f283db8"}
{"index": {"_index":"leo","_id":"2636344"}}
	{"id":2636344,"type":"buy","buyer":"jersteemit","seller":"jjprac","symbol":"LEO","quantity":"0.801","price":"0.19312000","timestamp":1643129370,"volume":"0.15468912","buyTxId":"73899338e8729595ee3b66c9c8eb7b353ae577fd","sellTxId":"4c2f442e9e04942fcd0dcc6f27b299aa756e4b0b"}
{"index": {"_index":"leo","_id":"2636345"}}
	{"id":2636345,"type":"buy","buyer":"jersteemit","seller":"hilbyguy","symbol":"LEO","quantity":"0.812","price":"0.20000000","timestamp":1643129370,"volume":"0.16240000","buyTxId":"73899338e8729595ee3b66c9c8eb7b353ae577fd","sellTxId":"4fb09f766dbf05297951ce0e600f8a5a03cd5645"}
{"index": {"_index":"leo","_id":"2636346"}}
	{"id":2636346,"type":"buy","buyer":"jersteemit","seller":"droida","symbol":"LEO","quantity":"0.553","price":"0.20993500","timestamp":1643129370,"volume":"0.11609406","buyTxId":"73899338e8729595ee3b66c9c8eb7b353ae577fd","sellTxId":"db03ef0a803f52679eadade9e3320b931aefc983"}
{"index": {"_index":"leo","_id":"2636347"}}
	{"id":2636347,"type":"buy","buyer":"jersteemit","seller":"leomaker","symbol":"LEO","quantity":"1.441","price":"0.20993600","timestamp":1643129370,"volume":"0.30251778","buyTxId":"73899338e8729595ee3b66c9c8eb7b353ae577fd","sellTxId":"1df2035873b361c6f2d38dac184d36a086254eb7"}
{"index": {"_index":"leo","_id":"2636348"}}
	{"id":2636348,"type":"buy","buyer":"jersteemit","seller":"leomaker","symbol":"LEO","quantity":"1.471","price":"0.20993700","timestamp":1643129370,"volume":"0.30881733","buyTxId":"73899338e8729595ee3b66c9c8eb7b353ae577fd","sellTxId":"881b35b3df6f6ff06eefc3b6175106d264df3d32"}
{"index": {"_index":"leo","_id":"2636349"}}
	{"id":2636349,"type":"buy","buyer":"jersteemit","seller":"magicbeans","symbol":"LEO","quantity":"3.000","price":"0.20993798","timestamp":1643129370,"volume":"0.62981394","buyTxId":"73899338e8729595ee3b66c9c8eb7b353ae577fd","sellTxId":"2d1fbe72ca61d107f82efe25e429eb7f0a5d872c"}
{"index": {"_index":"leo","_id":"2636350"}}
	{"id":2636350,"type":"buy","buyer":"jersteemit","seller":"leomaker","symbol":"LEO","quantity":"1.502","price":"0.20993800","timestamp":1643129370,"volume":"0.31532688","buyTxId":"73899338e8729595ee3b66c9c8eb7b353ae577fd","sellTxId":"c103cb50bc452692468993f0b3c7b590cad7f376"}
{"index": {"_index":"leo","_id":"2636351"}}
	{"id":2636351,"type":"buy","buyer":"jersteemit","seller":"leomaker","symbol":"LEO","quantity":"1.532","price":"0.20993900","timestamp":1643129370,"volume":"0.32162655","buyTxId":"73899338e8729595ee3b66c9c8eb7b353ae577fd","sellTxId":"8f0c0901765ef81909f933a79bc20d58e0065d24"}
{"index": {"_index":"leo","_id":"2636352"}}
	{"id":2636352,"type":"buy","buyer":"jersteemit","seller":"leomaker","symbol":"LEO","quantity":"1.564","price":"0.20994000","timestamp":1643129370,"volume":"0.32834616","buyTxId":"73899338e8729595ee3b66c9c8eb7b353ae577fd","sellTxId":"71b72814907cb31e3dc592211730cf443a90fd64"}
{"index": {"_index":"leo","_id":"2636353"}}
	{"id":2636353,"type":"buy","buyer":"jersteemit","seller":"archon-drips","symbol":"LEO","quantity":"0.003","price":"0.20994099","timestamp":1643129370,"volume":"0.00062982","buyTxId":"73899338e8729595ee3b66c9c8eb7b353ae577fd","sellTxId":"aa2777314e0f43ef071b2915410dc606179c852a"}
{"index": {"_index":"leo","_id":"2636354"}}
	{"id":2636354,"type":"buy","buyer":"jersteemit","seller":"leomaker","symbol":"LEO","quantity":"1.596","price":"0.20994100","timestamp":1643129370,"volume":"0.33506584","buyTxId":"73899338e8729595ee3b66c9c8eb7b353ae577fd","sellTxId":"abed58d1203cbb4fa9d7495eef9556c7b857ab51"}
{"index": {"_index":"leo","_id":"2636355"}}
	{"id":2636355,"type":"buy","buyer":"jersteemit","seller":"leomaker","symbol":"LEO","quantity":"1.629","price":"0.20994200","timestamp":1643129370,"volume":"0.34199552","buyTxId":"73899338e8729595ee3b66c9c8eb7b353ae577fd","sellTxId":"b7e2cbf36098bb19592c7dd264290f2a96ed7b1c"}
{"index": {"_index":"leo","_id":"2636356"}}
	{"id":2636356,"type":"buy","buyer":"jersteemit","seller":"leomaker","symbol":"LEO","quantity":"1.661","price":"0.20994300","timestamp":1643129370,"volume":"0.34871532","buyTxId":"73899338e8729595ee3b66c9c8eb7b353ae577fd","sellTxId":"72609d5e6270aa882413302702a5ad424e153f50"}
{"index": {"_index":"leo","_id":"2636357"}}
	{"id":2636357,"type":"buy","buyer":"jersteemit","seller":"leomaker","symbol":"LEO","quantity":"1.697","price":"0.20994400","timestamp":1643129370,"volume":"0.35627497","buyTxId":"73899338e8729595ee3b66c9c8eb7b353ae577fd","sellTxId":"d61b13ed6f603498673a09b19516c3ef58646934"}
{"index": {"_index":"leo","_id":"2636358"}}
	{"id":2636358,"type":"buy","buyer":"jersteemit","seller":"leomaker","symbol":"LEO","quantity":"1.731","price":"0.20994500","timestamp":1643129370,"volume":"0.36341480","buyTxId":"73899338e8729595ee3b66c9c8eb7b353ae577fd","sellTxId":"655c1982a669cc57b72fa389214724062fe93e51"}
{"index": {"_index":"leo","_id":"2636359"}}
	{"id":2636359,"type":"buy","buyer":"jersteemit","seller":"leomaker","symbol":"LEO","quantity":"1.766","price":"0.20994600","timestamp":1643129370,"volume":"0.37076464","buyTxId":"73899338e8729595ee3b66c9c8eb7b353ae577fd","sellTxId":"d6b295d814888f8b1f146df9da31055ffd058ebc"}
{"index": {"_index":"leo","_id":"2636360"}}
	{"id":2636360,"type":"buy","buyer":"jersteemit","seller":"leomaker","symbol":"LEO","quantity":"1.802","price":"0.20994700","timestamp":1643129370,"volume":"0.37832449","buyTxId":"73899338e8729595ee3b66c9c8eb7b353ae577fd","sellTxId":"22094a19099e2f5a369c32c41e7d59070bb92167"}
{"index": {"_index":"leo","_id":"2636361"}}
	{"id":2636361,"type":"buy","buyer":"jersteemit","seller":"leomaker","symbol":"LEO","quantity":"1.840","price":"0.20994800","timestamp":1643129370,"volume":"0.38630432","buyTxId":"73899338e8729595ee3b66c9c8eb7b353ae577fd","sellTxId":"80f9794e68a963397922d184eb52b4eda3039cac"}
{"index": {"_index":"leo","_id":"2636362"}}
	{"id":2636362,"type":"buy","buyer":"jersteemit","seller":"leomaker","symbol":"LEO","quantity":"1.877","price":"0.20994900","timestamp":1643129370,"volume":"0.39407427","buyTxId":"73899338e8729595ee3b66c9c8eb7b353ae577fd","sellTxId":"78107e51edf8b30d50c6bfcfb1aec67030834de0"}
{"index": {"_index":"leo","_id":"2636363"}}
	{"id":2636363,"type":"buy","buyer":"jersteemit","seller":"leomaker","symbol":"LEO","quantity":"1.915","price":"0.20995000","timestamp":1643129370,"volume":"0.40205425","buyTxId":"73899338e8729595ee3b66c9c8eb7b353ae577fd","sellTxId":"eb6a9c82f6824a16c07fe3dbb770822244a8a5e2"}
{"index": {"_index":"leo","_id":"2636364"}}
	{"id":2636364,"type":"buy","buyer":"jersteemit","seller":"leomaker","symbol":"LEO","quantity":"1.955","price":"0.20995100","timestamp":1643129370,"volume":"0.41045421","buyTxId":"73899338e8729595ee3b66c9c8eb7b353ae577fd","sellTxId":"0f25f247ddd496793061e8eb92b43f62a1971622"}
{"index": {"_index":"leo","_id":"2636365"}}
	{"id":2636365,"type":"buy","buyer":"jersteemit","seller":"leomaker","symbol":"LEO","quantity":"1.995","price":"0.20995200","timestamp":1643129370,"volume":"0.41885424","buyTxId":"73899338e8729595ee3b66c9c8eb7b353ae577fd","sellTxId":"e30693dffc829ffbbfeb9421633ab0f968b011d4"}
{"index": {"_index":"leo","_id":"2636366"}}
	{"id":2636366,"type":"buy","buyer":"jersteemit","seller":"leomaker","symbol":"LEO","quantity":"2.036","price":"0.20995300","timestamp":1643129370,"volume":"0.42746431","buyTxId":"73899338e8729595ee3b66c9c8eb7b353ae577fd","sellTxId":"797729945b141dc5686e86614250349cfb95f856"}
{"index": {"_index":"leo","_id":"2636367"}}
	{"id":2636367,"type":"buy","buyer":"jersteemit","seller":"leomaker","symbol":"LEO","quantity":"1.965","price":"0.20995400","timestamp":1643129370,"volume":"0.41255961","buyTxId":"73899338e8729595ee3b66c9c8eb7b353ae577fd","sellTxId":"eb5a32d4821d4058e0e2b848b58059f204fbeebb"}
{"index": {"_index":"leo","_id":"2636368"}}
	{"id":2636368,"type":"buy","buyer":"jersteemit","seller":"leomaker","symbol":"LEO","quantity":"2.004","price":"0.20995500","timestamp":1643129370,"volume":"0.42074982","buyTxId":"73899338e8729595ee3b66c9c8eb7b353ae577fd","sellTxId":"36e1038f6c7a08717d61837c95ba6ace44f31ce9"}
{"index": {"_index":"leo","_id":"2636369"}}
	{"id":2636369,"type":"buy","buyer":"jersteemit","seller":"leomaker","symbol":"LEO","quantity":"2.043","price":"0.20995600","timestamp":1643129370,"volume":"0.42894011","buyTxId":"73899338e8729595ee3b66c9c8eb7b353ae577fd","sellTxId":"19e0818da0fa09c5d2ba4c7b9e281274b95c706e"}
{"index": {"_index":"leo","_id":"2636370"}}
	{"id":2636370,"type":"buy","buyer":"jersteemit","seller":"leomaker","symbol":"LEO","quantity":"2.081","price":"0.20995700","timestamp":1643129370,"volume":"0.43692052","buyTxId":"73899338e8729595ee3b66c9c8eb7b353ae577fd","sellTxId":"ea2dc12c11be46b144fe5d59c22a4f4581717095"}
{"index": {"_index":"leo","_id":"2636371"}}
	{"id":2636371,"type":"buy","buyer":"jersteemit","seller":"leomaker","symbol":"LEO","quantity":"2.121","price":"0.20995800","timestamp":1643129370,"volume":"0.44532092","buyTxId":"73899338e8729595ee3b66c9c8eb7b353ae577fd","sellTxId":"ffdfc529645c318eb45f2580276dd56a8a2a1bdf"}
{"index": {"_index":"leo","_id":"2636372"}}
	{"id":2636372,"type":"buy","buyer":"jersteemit","seller":"droida","symbol":"LEO","quantity":"0.211","price":"0.20995899","timestamp":1643129370,"volume":"0.04430135","buyTxId":"73899338e8729595ee3b66c9c8eb7b353ae577fd","sellTxId":"558011cfb3a48449510184423c2f745974652cd3"}
{"index": {"_index":"leo","_id":"2636373"}}
	{"id":2636373,"type":"buy","buyer":"jersteemit","seller":"leomaker","symbol":"LEO","quantity":"0.427","price":"0.20995900","timestamp":1643129370,"volume":"0.08965249","buyTxId":"73899338e8729595ee3b66c9c8eb7b353ae577fd","sellTxId":"c0f192905f84e051694c06dd1cad09b8014be6ea"}
{"index": {"_index":"leo","_id":"2636374"}}
	{"id":2636374,"type":"buy","buyer":"jersteemit","seller":"trumpman","symbol":"LEO","quantity":"19.010","price":"0.20996000","timestamp":1643129370,"volume":"3.99133960","buyTxId":"73899338e8729595ee3b66c9c8eb7b353ae577fd","sellTxId":"18b5edd80375a6f4db37a76e2b1a81547a6a55e0"}
{"index": {"_index":"leo","_id":"2636375"}}
	{"id":2636375,"type":"buy","buyer":"jersteemit","seller":"leomaker","symbol":"LEO","quantity":"0.452","price":"0.20996300","timestamp":1643129370,"volume":"0.09490328","buyTxId":"73899338e8729595ee3b66c9c8eb7b353ae577fd","sellTxId":"0f7276dfd6d6027b87e4c229d24de8dd48d078ed"}
{"index": {"_index":"leo","_id":"2636376"}}
	{"id":2636376,"type":"buy","buyer":"jersteemit","seller":"leomaker","symbol":"LEO","quantity":"0.478","price":"0.20996400","timestamp":1643129370,"volume":"0.10036279","buyTxId":"73899338e8729595ee3b66c9c8eb7b353ae577fd","sellTxId":"8b1fd4ff837efc175767c98425de84cc6faccd4c"}
{"index": {"_index":"leo","_id":"2636377"}}
	{"id":2636377,"type":"buy","buyer":"jersteemit","seller":"leomaker","symbol":"LEO","quantity":"0.487","price":"0.20996500","timestamp":1643129370,"volume":"0.10225296","buyTxId":"73899338e8729595ee3b66c9c8eb7b353ae577fd","sellTxId":"ea5f341413feead35cefd2e52ebadffe681a360d"}
{"index": {"_index":"leo","_id":"2636378"}}
	{"id":2636378,"type":"buy","buyer":"jersteemit","seller":"leomaker","symbol":"LEO","quantity":"0.496","price":"0.20996600","timestamp":1643129370,"volume":"0.10414314","buyTxId":"73899338e8729595ee3b66c9c8eb7b353ae577fd","sellTxId":"7039c83ec93f101609d6ff878a1666a48bd15993"}
{"index": {"_index":"leo","_id":"2636379"}}
	{"id":2636379,"type":"buy","buyer":"jersteemit","seller":"leomaker","symbol":"LEO","quantity":"0.507","price":"0.20996700","timestamp":1643129370,"volume":"0.10645327","buyTxId":"73899338e8729595ee3b66c9c8eb7b353ae577fd","sellTxId":"70146d2d0082e2eafdc4911b6c0a42e1010a2ab5"}
{"index": {"_index":"leo","_id":"2636380"}}
	{"id":2636380,"type":"buy","buyer":"jersteemit","seller":"leomaker","symbol":"LEO","quantity":"0.517","price":"0.20996800","timestamp":1643129370,"volume":"0.10855346","buyTxId":"73899338e8729595ee3b66c9c8eb7b353ae577fd","sellTxId":"3a930e86008fc8eba4cbf50f21db2f66d452aba0"}
{"index": {"_index":"leo","_id":"2636381"}}
	{"id":2636381,"type":"buy","buyer":"jersteemit","seller":"leomaker","symbol":"LEO","quantity":"0.527","price":"0.20996900","timestamp":1643129370,"volume":"0.11065366","buyTxId":"73899338e8729595ee3b66c9c8eb7b353ae577fd","sellTxId":"3101917e72bbc054d283474b1e3fe8da5bf4b1ab"}
{"index": {"_index":"leo","_id":"2636382"}}
	{"id":2636382,"type":"buy","buyer":"jersteemit","seller":"leomaker","symbol":"LEO","quantity":"0.235","price":"0.20997000","timestamp":1643129370,"volume":"0.04934295","buyTxId":"73899338e8729595ee3b66c9c8eb7b353ae577fd","sellTxId":"1ece96f793839d2e581b3e20849ec32fe0c3acca"}
{"index": {"_index":"leo","_id":"2636443"}}
	{"id":2636443,"type":"sell","buyer":"leomaker","seller":"silvertop","symbol":"LEO","quantity":"5.687","price":"0.19211200","timestamp":1643129994,"volume":"1.09254094","buyTxId":"8e2ee87192ea814da2ed00f52afbd80f61788371","sellTxId":"361cd4626530f39faf5ace33027a63ee396c7c5d"}
{"index": {"_index":"leo","_id":"2636444"}}
	{"id":2636444,"type":"buy","buyer":"magicbeans","seller":"silvertop","symbol":"LEO","quantity":"3.000","price":"0.19211200","timestamp":1643130000,"volume":"0.57633600","buyTxId":"bf3ba93b3191ebf1ea6a2c875594e80835a922fc","sellTxId":"361cd4626530f39faf5ace33027a63ee396c7c5d"}
{"index": {"_index":"leo","_id":"2636484"}}
	{"id":2636484,"type":"sell","buyer":"enginemaker","seller":"bearbear613","symbol":"LEO","quantity":"8.347","price":"0.19211000","timestamp":1643130285,"volume":"1.60354217","buyTxId":"MM-P-14253160-61240377-3-1-0","sellTxId":"15227d7ffede2c0d6329cab0f85c22bfbdebb8b4"}
{"index": {"_index":"leo","_id":"2636501"}}
	{"id":2636501,"type":"buy","buyer":"oks2crypto","seller":"silvertop","symbol":"LEO","quantity":"0.451","price":"0.19211200","timestamp":1643130477,"volume":"0.08664251","buyTxId":"b8f47d53cebc4dd2175850bd8de737ab80168467","sellTxId":"361cd4626530f39faf5ace33027a63ee396c7c5d"}
{"index": {"_index":"leo","_id":"2636526"}}
	{"id":2636526,"type":"sell","buyer":"enginemaker","seller":"choof","symbol":"LEO","quantity":"4.317","price":"0.19211000","timestamp":1643130627,"volume":"0.82933887","buyTxId":"MM-P-14253160-61240377-3-1-0","sellTxId":"e0600040a0511582ed35f7312f141c6136411e04"}
{"index": {"_index":"leo","_id":"2636727"}}
	{"id":2636727,"type":"sell","buyer":"enginemaker","seller":"notak1","symbol":"LEO","quantity":"247.604","price":"0.19211000","timestamp":1643132673,"volume":"47.56720444","buyTxId":"MM-P-14253160-61240377-3-1-0","sellTxId":"d684f4d24370cb22545ec874db1f53b3d589247b"}
{"index": {"_index":"leo","_id":"2636811"}}
	{"id":2636811,"type":"buy","buyer":"notak1","seller":"silvertop","symbol":"LEO","quantity":"29.083","price":"0.19211200","timestamp":1643133606,"volume":"5.58719330","buyTxId":"ac03e1166276660c78c1d442da677c5d5248c39a","sellTxId":"361cd4626530f39faf5ace33027a63ee396c7c5d"}
{"index": {"_index":"leo","_id":"2636950"}}
	{"id":2636950,"type":"buy","buyer":"gimme-your-coinz","seller":"pi-trader","symbol":"LEO","quantity":"100.000","price":"0.20996998","timestamp":1643135094,"volume":"20.99699800","buyTxId":"13bde35bc07b7444b300d7ab96f1e4160d87e6e1","sellTxId":"fc76321b44fe8d5aae035e2012fa3b740e1b5a7a-2"}
{"index": {"_index":"leo","_id":"2636951"}}
	{"id":2636951,"type":"buy","buyer":"gimme-your-coinz","seller":"magicbeans","symbol":"LEO","quantity":"3.000","price":"0.20996999","timestamp":1643135094,"volume":"0.62990997","buyTxId":"13bde35bc07b7444b300d7ab96f1e4160d87e6e1","sellTxId":"29962e34c7edfaa49e1f9b01776edde1d0a92094"}
{"index": {"_index":"leo","_id":"2636952"}}
	{"id":2636952,"type":"buy","buyer":"gimme-your-coinz","seller":"leomaker","symbol":"LEO","quantity":"0.302","price":"0.20997000","timestamp":1643135094,"volume":"0.06341094","buyTxId":"13bde35bc07b7444b300d7ab96f1e4160d87e6e1","sellTxId":"1ece96f793839d2e581b3e20849ec32fe0c3acca"}
{"index": {"_index":"leo","_id":"2636953"}}
	{"id":2636953,"type":"buy","buyer":"gimme-your-coinz","seller":"leomaker","symbol":"LEO","quantity":"0.547","price":"0.20997100","timestamp":1643135094,"volume":"0.11485414","buyTxId":"13bde35bc07b7444b300d7ab96f1e4160d87e6e1","sellTxId":"9e8a25f8db2ba843c60b725ef40db54d108278cc"}
{"index": {"_index":"leo","_id":"2636954"}}
	{"id":2636954,"type":"buy","buyer":"gimme-your-coinz","seller":"leomaker","symbol":"LEO","quantity":"0.558","price":"0.20997200","timestamp":1643135094,"volume":"0.11716438","buyTxId":"13bde35bc07b7444b300d7ab96f1e4160d87e6e1","sellTxId":"8f251d3ff25da2469db81cc8a1626e319a1dd4db"}
{"index": {"_index":"leo","_id":"2636955"}}
	{"id":2636955,"type":"buy","buyer":"gimme-your-coinz","seller":"leomaker","symbol":"LEO","quantity":"0.567","price":"0.20997300","timestamp":1643135094,"volume":"0.11905469","buyTxId":"13bde35bc07b7444b300d7ab96f1e4160d87e6e1","sellTxId":"523a50a0fdb9f8590ddb69a00a4f634793f65f09"}
{"index": {"_index":"leo","_id":"2636956"}}
	{"id":2636956,"type":"buy","buyer":"gimme-your-coinz","seller":"leomaker","symbol":"LEO","quantity":"0.578","price":"0.20997400","timestamp":1643135094,"volume":"0.12136497","buyTxId":"13bde35bc07b7444b300d7ab96f1e4160d87e6e1","sellTxId":"93d9b648f9d63179e774682bf6b68abbbe09a108"}
{"index": {"_index":"leo","_id":"2636957"}}
	{"id":2636957,"type":"buy","buyer":"gimme-your-coinz","seller":"leomaker","symbol":"LEO","quantity":"0.589","price":"0.20997500","timestamp":1643135094,"volume":"0.12367528","buyTxId":"13bde35bc07b7444b300d7ab96f1e4160d87e6e1","sellTxId":"b461c2b0a11e28ee891f12e488d31ea77ceef731"}
{"index": {"_index":"leo","_id":"2636958"}}
	{"id":2636958,"type":"buy","buyer":"gimme-your-coinz","seller":"leomaker","symbol":"LEO","quantity":"0.601","price":"0.20997600","timestamp":1643135094,"volume":"0.12619558","buyTxId":"13bde35bc07b7444b300d7ab96f1e4160d87e6e1","sellTxId":"e069c3dfed2e44250960ed707c7b7ef12fb2259d"}
{"index": {"_index":"leo","_id":"2636959"}}
	{"id":2636959,"type":"buy","buyer":"gimme-your-coinz","seller":"leomaker","symbol":"LEO","quantity":"0.612","price":"0.20997700","timestamp":1643135094,"volume":"0.12850592","buyTxId":"13bde35bc07b7444b300d7ab96f1e4160d87e6e1","sellTxId":"52edb1934bb19f849a627c8b388233a6f714f5f6"}
{"index": {"_index":"leo","_id":"2636960"}}
	{"id":2636960,"type":"buy","buyer":"gimme-your-coinz","seller":"leomaker","symbol":"LEO","quantity":"0.625","price":"0.20997800","timestamp":1643135094,"volume":"0.13123625","buyTxId":"13bde35bc07b7444b300d7ab96f1e4160d87e6e1","sellTxId":"439e37acd728783eec3b625d7741bf2b59c78a40"}
{"index": {"_index":"leo","_id":"2636961"}}
	{"id":2636961,"type":"buy","buyer":"gimme-your-coinz","seller":"leomaker","symbol":"LEO","quantity":"0.637","price":"0.20997900","timestamp":1643135094,"volume":"0.13375662","buyTxId":"13bde35bc07b7444b300d7ab96f1e4160d87e6e1","sellTxId":"3d1323240b95bf2338392fd8e778fc6c91fa6aef"}
{"index": {"_index":"leo","_id":"2636962"}}
	{"id":2636962,"type":"buy","buyer":"gimme-your-coinz","seller":"enginemaker","symbol":"LEO","quantity":"121.035","price":"0.20998000","timestamp":1643135094,"volume":"25.41492930","buyTxId":"13bde35bc07b7444b300d7ab96f1e4160d87e6e1","sellTxId":"MM-P-14239097-61226312-3-1-0"}
{"index": {"_index":"leo","_id":"2636963"}}
	{"id":2636963,"type":"buy","buyer":"gimme-your-coinz","seller":"leomaker","symbol":"LEO","quantity":"0.649","price":"0.20999000","timestamp":1643135094,"volume":"0.13628351","buyTxId":"13bde35bc07b7444b300d7ab96f1e4160d87e6e1","sellTxId":"d6dd85d1cc76137f9c782e17bd63c6b5a5cd48d4"}
{"index": {"_index":"leo","_id":"2636964"}}
	{"id":2636964,"type":"buy","buyer":"gimme-your-coinz","seller":"leomaker","symbol":"LEO","quantity":"0.662","price":"0.20999100","timestamp":1643135094,"volume":"0.13901404","buyTxId":"13bde35bc07b7444b300d7ab96f1e4160d87e6e1","sellTxId":"6cbe9834fa11a8392d2f7802aa81630faf9b15d4"}
{"index": {"_index":"leo","_id":"2636965"}}
	{"id":2636965,"type":"buy","buyer":"gimme-your-coinz","seller":"leomaker","symbol":"LEO","quantity":"0.675","price":"0.20999200","timestamp":1643135094,"volume":"0.14174460","buyTxId":"13bde35bc07b7444b300d7ab96f1e4160d87e6e1","sellTxId":"39d280ec5215f4af70c443d3ed37c6bb2b9761bb"}
{"index": {"_index":"leo","_id":"2636966"}}
	{"id":2636966,"type":"buy","buyer":"gimme-your-coinz","seller":"leomaker","symbol":"LEO","quantity":"0.687","price":"0.20999300","timestamp":1643135094,"volume":"0.14426519","buyTxId":"13bde35bc07b7444b300d7ab96f1e4160d87e6e1","sellTxId":"09c6dcb2015a981a1eea950b990664e04c321899"}
{"index": {"_index":"leo","_id":"2636967"}}
	{"id":2636967,"type":"buy","buyer":"gimme-your-coinz","seller":"leomaker","symbol":"LEO","quantity":"0.700","price":"0.20999400","timestamp":1643135094,"volume":"0.14699580","buyTxId":"13bde35bc07b7444b300d7ab96f1e4160d87e6e1","sellTxId":"f99bd2340b2a5b4ced0de3497b68c57820e7419c"}
{"index": {"_index":"leo","_id":"2636968"}}
	{"id":2636968,"type":"buy","buyer":"gimme-your-coinz","seller":"leomaker","symbol":"LEO","quantity":"0.713","price":"0.20999500","timestamp":1643135094,"volume":"0.14972644","buyTxId":"13bde35bc07b7444b300d7ab96f1e4160d87e6e1","sellTxId":"30325989f0134f4ca250daa55142f67ec6e5b942"}
{"index": {"_index":"leo","_id":"2636969"}}
	{"id":2636969,"type":"buy","buyer":"gimme-your-coinz","seller":"leomaker","symbol":"LEO","quantity":"0.727","price":"0.20999600","timestamp":1643135094,"volume":"0.15266709","buyTxId":"13bde35bc07b7444b300d7ab96f1e4160d87e6e1","sellTxId":"db9facf5f250c4e54064d80b4940cd74a94d9c85"}
{"index": {"_index":"leo","_id":"2636970"}}
	{"id":2636970,"type":"buy","buyer":"gimme-your-coinz","seller":"leomaker","symbol":"LEO","quantity":"0.741","price":"0.20999700","timestamp":1643135094,"volume":"0.15560778","buyTxId":"13bde35bc07b7444b300d7ab96f1e4160d87e6e1","sellTxId":"dc162d9ff0be907003b908a420b73b2fb4336a31"}
{"index": {"_index":"leo","_id":"2636971"}}
	{"id":2636971,"type":"buy","buyer":"gimme-your-coinz","seller":"leomaker","symbol":"LEO","quantity":"0.756","price":"0.20999800","timestamp":1643135094,"volume":"0.15875849","buyTxId":"13bde35bc07b7444b300d7ab96f1e4160d87e6e1","sellTxId":"9d02c8daea4807ca46ad11fc1d5e2afc63a3f39d"}
{"index": {"_index":"leo","_id":"2636972"}}
	{"id":2636972,"type":"buy","buyer":"gimme-your-coinz","seller":"leomaker","symbol":"LEO","quantity":"0.771","price":"0.20999900","timestamp":1643135094,"volume":"0.16190923","buyTxId":"13bde35bc07b7444b300d7ab96f1e4160d87e6e1","sellTxId":"4156a0b033f25f89bb8cfab528172b294cf4d949"}
{"index": {"_index":"leo","_id":"2636973"}}
	{"id":2636973,"type":"buy","buyer":"gimme-your-coinz","seller":"kolbjorn","symbol":"LEO","quantity":"53.268","price":"0.21000000","timestamp":1643135094,"volume":"11.18628000","buyTxId":"13bde35bc07b7444b300d7ab96f1e4160d87e6e1","sellTxId":"218e64f20afa9f8a3b7a2319da913010957c8c1c"}
{"index": {"_index":"leo","_id":"2636975"}}
	{"id":2636975,"type":"sell","buyer":"pi-trader","seller":"archon-drips","symbol":"LEO","quantity":"0.004","price":"0.19211201","timestamp":1643135127,"volume":"0.00076845","buyTxId":"83f4f6201ea7bfeb4aacd2eabf392f4152344d2f-2","sellTxId":"688d8387ad0a8a47945fd3b82b9d9adfc47500bf"}
{"index": {"_index":"leo","_id":"2636996"}}
	{"id":2636996,"type":"buy","buyer":"gimme-your-coinz","seller":"pi-trader","symbol":"LEO","quantity":"100.000","price":"0.20996899","timestamp":1643135211,"volume":"20.99689900","buyTxId":"e9737de8c491e47d685c6b5361f8e3055e94a78c","sellTxId":"83f4f6201ea7bfeb4aacd2eabf392f4152344d2f-3"}
{"index": {"_index":"leo","_id":"2636997"}}
	{"id":2636997,"type":"buy","buyer":"gimme-your-coinz","seller":"leomaker","symbol":"LEO","quantity":"7.823","price":"0.20996900","timestamp":1643135211,"volume":"1.64258749","buyTxId":"e9737de8c491e47d685c6b5361f8e3055e94a78c","sellTxId":"8012ceef76181b360451f829636fa3821a240ab2"}
{"index": {"_index":"leo","_id":"2636998"}}
	{"id":2636998,"type":"buy","buyer":"gimme-your-coinz","seller":"archon-drips","symbol":"LEO","quantity":"0.004","price":"0.20996900","timestamp":1643135211,"volume":"0.00083988","buyTxId":"e9737de8c491e47d685c6b5361f8e3055e94a78c","sellTxId":"ddc81a88c63edb1fb3d5061274c6f8127743488f"}
{"index": {"_index":"leo","_id":"2636999"}}
	{"id":2636999,"type":"buy","buyer":"gimme-your-coinz","seller":"kolbjorn","symbol":"LEO","quantity":"0.173","price":"0.21000000","timestamp":1643135211,"volume":"0.03633000","buyTxId":"e9737de8c491e47d685c6b5361f8e3055e94a78c","sellTxId":"218e64f20afa9f8a3b7a2319da913010957c8c1c"}
{"index": {"_index":"leo","_id":"2637001"}}
	{"id":2637001,"type":"buy","buyer":"gimme-your-coinz","seller":"kolbjorn","symbol":"LEO","quantity":"0.085","price":"0.21000000","timestamp":1643135247,"volume":"0.01785000","buyTxId":"b8a52465cf1592a8e6fb5922d1f1b3e5bc1ebda5","sellTxId":"218e64f20afa9f8a3b7a2319da913010957c8c1c"}
{"index": {"_index":"leo","_id":"2637002"}}
	{"id":2637002,"type":"sell","buyer":"gimme-your-coinz","seller":"konvik","symbol":"LEO","quantity":"105.810","price":"0.21010000","timestamp":1643135250,"volume":"22.23068100","buyTxId":"b8a52465cf1592a8e6fb5922d1f1b3e5bc1ebda5","sellTxId":"2af069411d8eddb6e019293b77f9921e736abd12-1"}
{"index": {"_index":"leo","_id":"2637005"}}
	{"id":2637005,"type":"sell","buyer":"gimme-your-coinz","seller":"konvik","symbol":"LEO","quantity":"0.105","price":"0.21010000","timestamp":1643135256,"volume":"0.02206050","buyTxId":"b8a52465cf1592a8e6fb5922d1f1b3e5bc1ebda5","sellTxId":"c52673434331a628a9e5f21b11786f29f84a0154-1"}
{"index": {"_index":"leo","_id":"2637012"}}
	{"id":2637012,"type":"sell","buyer":"pi-trader","seller":"pele23","symbol":"LEO","quantity":"1.000","price":"0.19211201","timestamp":1643135334,"volume":"0.19211201","buyTxId":"9a372b7d0c7c45ec7338bb3651138e68ea25b14d-1","sellTxId":"df6cdb83a766361e03b904fe882fac88583018f6"}
{"index": {"_index":"leo","_id":"2637052"}}
	{"id":2637052,"type":"sell","buyer":"leomaker","seller":"reddragonfly","symbol":"LEO","quantity":"0.004","price":"0.19211800","timestamp":1643135826,"volume":"0.00076847","buyTxId":"310a1c6b872a39d98a30a30e59aa11f0c0fb5303","sellTxId":"7e3efb949f41e3af1adacc5d10f08e12f5c1af1e"}
{"index": {"_index":"leo","_id":"2637335"}}
	{"id":2637335,"type":"buy","buyer":"jocieprosza","seller":"pi-trader","symbol":"LEO","quantity":"48.921","price":"0.19999699","timestamp":1643138784,"volume":"9.78405275","buyTxId":"10fb96002a9ac6e1e47a77f769991937624418e6","sellTxId":"465e0419ec6e4f9eeeb06377f04085e4608369bb-5"}
{"index": {"_index":"leo","_id":"2637408"}}
	{"id":2637408,"type":"buy","buyer":"galberto","seller":"leomaker","symbol":"LEO","quantity":"6.330","price":"0.19999500","timestamp":1643139666,"volume":"1.26596835","buyTxId":"35f275aada874073bc8adc4a2283de0a7c42be1d","sellTxId":"25eaffa4fa37d18e0b5e1571a78e725da554ad59"}
{"index": {"_index":"leo","_id":"2637409"}}
	{"id":2637409,"type":"buy","buyer":"galberto","seller":"pi-trader","symbol":"LEO","quantity":"93.670","price":"0.19999599","timestamp":1643139666,"volume":"18.73362438","buyTxId":"35f275aada874073bc8adc4a2283de0a7c42be1d","sellTxId":"a25d6804be4e467e73ce438c816845b9728f3b92-5"}
{"index": {"_index":"leo","_id":"2637412"}}
	{"id":2637412,"type":"sell","buyer":"pi-trader","seller":"sovstar","symbol":"LEO","quantity":"34.488","price":"0.19213401","timestamp":1643139693,"volume":"6.62631774","buyTxId":"0e799e28947e9a0b7ffa9f8ad41591c27c2f40e7-2","sellTxId":"b85364b8554d7d59f9d599eaa3a7c0e3fe9f3e70"}
{"index": {"_index":"leo","_id":"2637423"}}
	{"id":2637423,"type":"buy","buyer":"galberto","seller":"pi-trader","symbol":"LEO","quantity":"100.000","price":"0.19999599","timestamp":1643139813,"volume":"19.99959900","buyTxId":"629488a6f145fb2544c07c29f57f4b41209007ac","sellTxId":"c9932c0e1909fe22e578b0c89f8b39641b88c49b-4"}
{"index": {"_index":"leo","_id":"2637448"}}
	{"id":2637448,"type":"buy","buyer":"galberto","seller":"khazrakh","symbol":"LEO","quantity":"4.418","price":"0.19500000","timestamp":1643140014,"volume":"0.86151000","buyTxId":"40b0284ec787b0e28179a4e702d161aa317afe2a","sellTxId":"8cf4c207ff5c84fdfc1f1b0f07abf4d069cdcc68"}
{"index": {"_index":"leo","_id":"2637449"}}
	{"id":2637449,"type":"sell","buyer":"galberto","seller":"konvik","symbol":"LEO","quantity":"95.582","price":"0.19999599","timestamp":1643140017,"volume":"19.11601672","buyTxId":"40b0284ec787b0e28179a4e702d161aa317afe2a","sellTxId":"5ccc455f027f1165900e02e3a5dcbad5ad203b4f-1"}
{"index": {"_index":"leo","_id":"2637450"}}
	{"id":2637450,"type":"buy","buyer":"galberto","seller":"konvik","symbol":"LEO","quantity":"0.015","price":"0.19999599","timestamp":1643140026,"volume":"0.00299994","buyTxId":"f54fa52df499ed99c5407e1965a0e0b5df21449c","sellTxId":"5ccc455f027f1165900e02e3a5dcbad5ad203b4f-1"}
{"index": {"_index":"leo","_id":"2637451"}}
	{"id":2637451,"type":"buy","buyer":"galberto","seller":"konvik","symbol":"LEO","quantity":"95.597","price":"0.19999599","timestamp":1643140026,"volume":"19.11901666","buyTxId":"f54fa52df499ed99c5407e1965a0e0b5df21449c","sellTxId":"115ab737b7bd4cc47bf6d29015c5e7252ca3363a-1"}
{"index": {"_index":"leo","_id":"2637452"}}
	{"id":2637452,"type":"sell","buyer":"galberto","seller":"konvik","symbol":"LEO","quantity":"4.388","price":"0.19999599","timestamp":1643140029,"volume":"0.87758240","buyTxId":"f54fa52df499ed99c5407e1965a0e0b5df21449c","sellTxId":"2f48fa3b48c2f3f4e657d50cb385baf76c4b2d14-1"}
{"index": {"_index":"leo","_id":"2637460"}}
	{"id":2637460,"type":"buy","buyer":"galberto","seller":"pi-trader","symbol":"LEO","quantity":"95.498","price":"0.19999598","timestamp":1643140113,"volume":"19.09921610","buyTxId":"335ca389e9df11f5690c97817dc9680858eb4773","sellTxId":"c3a0774cd4071add3152ee2355f2289df4a0c92d-1"}
{"index": {"_index":"leo","_id":"2637466"}}
	{"id":2637466,"type":"buy","buyer":"galberto","seller":"pi-trader","symbol":"LEO","quantity":"100.000","price":"0.19999599","timestamp":1643140152,"volume":"19.99959900","buyTxId":"3e553fefebf83776723ed8ceb67331d513cf56c7","sellTxId":"e45ccb398227fa6d122320b2545b19ac0fb81a09-5"}
{"index": {"_index":"leo","_id":"2637581"}}
	{"id":2637581,"type":"sell","buyer":"pi-trader","seller":"brofi-market","symbol":"LEO","quantity":"9.791","price":"0.19413801","timestamp":1643141712,"volume":"1.90080526","buyTxId":"c5876103222f10c8d4b0c42b2e4ba1c79bf5a5ea-1","sellTxId":"7819c6cb61240fd90d456485b8cff1137cb88812"}
{"index": {"_index":"leo","_id":"2637660"}}
	{"id":2637660,"type":"sell","buyer":"pi-trader","seller":"bearbear613","symbol":"LEO","quantity":"4.671","price":"0.19413801","timestamp":1643142492,"volume":"0.90681864","buyTxId":"4236f0cb8a3ff331a00e15facfa4ec6f60ffe12c-5","sellTxId":"4d3536d1d907c30114f6cd218106bfcaefbfce2e"}
{"index": {"_index":"leo","_id":"2637827"}}
	{"id":2637827,"type":"buy","buyer":"oks2crypto","seller":"khazrakh","symbol":"LEO","quantity":"3.709","price":"0.19800000","timestamp":1643144124,"volume":"0.73438200","buyTxId":"b907d658bafe4d152c9cdc627e66527249738fd4","sellTxId":"261933fc51e2eac1619cf384711c27a86cc75271"}
{"index": {"_index":"leo","_id":"2637828"}}
	{"id":2637828,"type":"buy","buyer":"oks2crypto","seller":"brofi-market","symbol":"LEO","quantity":"0.551","price":"0.19800000","timestamp":1643144124,"volume":"0.10909800","buyTxId":"b907d658bafe4d152c9cdc627e66527249738fd4","sellTxId":"29a3bad470a872e497c916101c8e7fe03e5683dd"}
{"index": {"_index":"leo","_id":"2637829"}}
	{"id":2637829,"type":"buy","buyer":"break-out-trader","seller":"brofi-market","symbol":"LEO","quantity":"9.240","price":"0.19800000","timestamp":1643144127,"volume":"1.82952000","buyTxId":"b82a72f833291a58c8e5cc73d19a47385e0d1c59","sellTxId":"29a3bad470a872e497c916101c8e7fe03e5683dd"}
{"index": {"_index":"leo","_id":"2637830"}}
	{"id":2637830,"type":"buy","buyer":"break-out-trader","seller":"leomaker","symbol":"LEO","quantity":"6.453","price":"0.19999600","timestamp":1643144127,"volume":"1.29057419","buyTxId":"b82a72f833291a58c8e5cc73d19a47385e0d1c59","sellTxId":"a5d2dcf4cfb8ea7a9636427a8e15859cc801f635"}
{"index": {"_index":"leo","_id":"2637831"}}
	{"id":2637831,"type":"buy","buyer":"break-out-trader","seller":"leomaker","symbol":"LEO","quantity":"6.578","price":"0.19999700","timestamp":1643144127,"volume":"1.31558027","buyTxId":"b82a72f833291a58c8e5cc73d19a47385e0d1c59","sellTxId":"615fa1e4750c7522c241d8abb7ea8a24c4f4bf13"}
{"index": {"_index":"leo","_id":"2637832"}}
	{"id":2637832,"type":"buy","buyer":"break-out-trader","seller":"leomaker","symbol":"LEO","quantity":"6.706","price":"0.19999800","timestamp":1643144127,"volume":"1.34118659","buyTxId":"b82a72f833291a58c8e5cc73d19a47385e0d1c59","sellTxId":"9a8694e881e321ea08bc6a8443cf0591e5e68ee2"}
{"index": {"_index":"leo","_id":"2637833"}}
	{"id":2637833,"type":"buy","buyer":"break-out-trader","seller":"leomaker","symbol":"LEO","quantity":"6.838","price":"0.19999900","timestamp":1643144127,"volume":"1.36759316","buyTxId":"b82a72f833291a58c8e5cc73d19a47385e0d1c59","sellTxId":"73a3508b5b9232b117a027d098382544f886b37e"}
{"index": {"_index":"leo","_id":"2637834"}}
	{"id":2637834,"type":"buy","buyer":"break-out-trader","seller":"mcoinz79","symbol":"LEO","quantity":"223.000","price":"0.20000000","timestamp":1643144127,"volume":"44.60000000","buyTxId":"b82a72f833291a58c8e5cc73d19a47385e0d1c59","sellTxId":"fa5127e9571958848173ae5e1d5627b3d75b92ec"}
{"index": {"_index":"leo","_id":"2637835"}}
	{"id":2637835,"type":"buy","buyer":"break-out-trader","seller":"leomaker","symbol":"LEO","quantity":"6.971","price":"0.23005100","timestamp":1643144127,"volume":"1.60368552","buyTxId":"b82a72f833291a58c8e5cc73d19a47385e0d1c59","sellTxId":"e0acfb64d6f4ff9a21c9c263f1ee2c955d0aa537"}
{"index": {"_index":"leo","_id":"2637836"}}
	{"id":2637836,"type":"buy","buyer":"break-out-trader","seller":"leomaker","symbol":"LEO","quantity":"7.105","price":"0.23005200","timestamp":1643144127,"volume":"1.63451946","buyTxId":"b82a72f833291a58c8e5cc73d19a47385e0d1c59","sellTxId":"4bf786b772d930bb666204ebf0ad51fa573db32c"}
{"index": {"_index":"leo","_id":"2637837"}}
	{"id":2637837,"type":"buy","buyer":"break-out-trader","seller":"leomaker","symbol":"LEO","quantity":"7.243","price":"0.23005300","timestamp":1643144127,"volume":"1.66627388","buyTxId":"b82a72f833291a58c8e5cc73d19a47385e0d1c59","sellTxId":"96f20388c25f8b4eeab35f8a82b328a568e0c721"}
{"index": {"_index":"leo","_id":"2637838"}}
	{"id":2637838,"type":"buy","buyer":"break-out-trader","seller":"leomaker","symbol":"LEO","quantity":"7.384","price":"0.23005400","timestamp":1643144127,"volume":"1.69871874","buyTxId":"b82a72f833291a58c8e5cc73d19a47385e0d1c59","sellTxId":"d7dfde611ca685e13212c994d70afb7ee6d95404"}
{"index": {"_index":"leo","_id":"2637839"}}
	{"id":2637839,"type":"buy","buyer":"break-out-trader","seller":"leomaker","symbol":"LEO","quantity":"7.528","price":"0.23005500","timestamp":1643144127,"volume":"1.73185404","buyTxId":"b82a72f833291a58c8e5cc73d19a47385e0d1c59","sellTxId":"dcc608089ef2c84f8de28303b23b0eb271cb12ae"}
{"index": {"_index":"leo","_id":"2637840"}}
	{"id":2637840,"type":"buy","buyer":"break-out-trader","seller":"leomaker","symbol":"LEO","quantity":"7.674","price":"0.23005600","timestamp":1643144127,"volume":"1.76544974","buyTxId":"b82a72f833291a58c8e5cc73d19a47385e0d1c59","sellTxId":"b9fa6fea8a64488e09b31b179c7aabdd32a2f5aa"}
{"index": {"_index":"leo","_id":"2637841"}}
	{"id":2637841,"type":"buy","buyer":"break-out-trader","seller":"leomaker","symbol":"LEO","quantity":"0.786","price":"0.23005700","timestamp":1643144127,"volume":"0.18082480","buyTxId":"b82a72f833291a58c8e5cc73d19a47385e0d1c59","sellTxId":"b050b4c2264eca2f47c9625f26362e249bd8f396"}
{"index": {"_index":"leo","_id":"2637842"}}
	{"id":2637842,"type":"buy","buyer":"break-out-trader","seller":"leomaker","symbol":"LEO","quantity":"0.801","price":"0.23005800","timestamp":1643144127,"volume":"0.18427646","buyTxId":"b82a72f833291a58c8e5cc73d19a47385e0d1c59","sellTxId":"60514f08b8680e24f853e9d204ae1b6fc656cd6c"}
{"index": {"_index":"leo","_id":"2637843"}}
	{"id":2637843,"type":"buy","buyer":"break-out-trader","seller":"leomaker","symbol":"LEO","quantity":"0.815","price":"0.23005900","timestamp":1643144127,"volume":"0.18749809","buyTxId":"b82a72f833291a58c8e5cc73d19a47385e0d1c59","sellTxId":"811932458fea929161f2be6b37ad14e0f9d6f471"}
{"index": {"_index":"leo","_id":"2637844"}}
	{"id":2637844,"type":"buy","buyer":"break-out-trader","seller":"leomaker","symbol":"LEO","quantity":"0.831","price":"0.23006000","timestamp":1643144127,"volume":"0.19117986","buyTxId":"b82a72f833291a58c8e5cc73d19a47385e0d1c59","sellTxId":"e0386036ea07b1b505c8207c083882ca434b35d8"}
{"index": {"_index":"leo","_id":"2637845"}}
	{"id":2637845,"type":"buy","buyer":"break-out-trader","seller":"leomaker","symbol":"LEO","quantity":"0.847","price":"0.23006100","timestamp":1643144127,"volume":"0.19486167","buyTxId":"b82a72f833291a58c8e5cc73d19a47385e0d1c59","sellTxId":"407332afd206a190da33f96721f556f1a7a6192c"}
{"index": {"_index":"leo","_id":"2637846"}}
	{"id":2637846,"type":"buy","buyer":"break-out-trader","seller":"leomaker","symbol":"LEO","quantity":"0.863","price":"0.23006200","timestamp":1643144127,"volume":"0.19854351","buyTxId":"b82a72f833291a58c8e5cc73d19a47385e0d1c59","sellTxId":"2b7697f55f88f724a94884ed85c55641af23ffad"}
{"index": {"_index":"leo","_id":"2637847"}}
	{"id":2637847,"type":"buy","buyer":"break-out-trader","seller":"leomaker","symbol":"LEO","quantity":"0.881","price":"0.23006300","timestamp":1643144127,"volume":"0.20268550","buyTxId":"b82a72f833291a58c8e5cc73d19a47385e0d1c59","sellTxId":"16636b5b00a3bb5f1b53a7fe277ddfc9685a6931"}
{"index": {"_index":"leo","_id":"2637848"}}
	{"id":2637848,"type":"buy","buyer":"break-out-trader","seller":"leomaker","symbol":"LEO","quantity":"0.897","price":"0.23006400","timestamp":1643144127,"volume":"0.20636741","buyTxId":"b82a72f833291a58c8e5cc73d19a47385e0d1c59","sellTxId":"711dda55f0a5b403ac0011b569e5e438034229ec"}
{"index": {"_index":"leo","_id":"2637849"}}
	{"id":2637849,"type":"buy","buyer":"break-out-trader","seller":"leomaker","symbol":"LEO","quantity":"0.915","price":"0.23006500","timestamp":1643144127,"volume":"0.21050948","buyTxId":"b82a72f833291a58c8e5cc73d19a47385e0d1c59","sellTxId":"c22f0563bb2d18c1824588413b10bbe401c29878"}
{"index": {"_index":"leo","_id":"2637850"}}
	{"id":2637850,"type":"buy","buyer":"break-out-trader","seller":"onealfa.leo","symbol":"LEO","quantity":"59.299","price":"0.23094900","timestamp":1643144127,"volume":"13.69504475","buyTxId":"b82a72f833291a58c8e5cc73d19a47385e0d1c59","sellTxId":"5bc828c84b6e58916bfaf37d5b76d4f7dad8092a"}
{"index": {"_index":"leo","_id":"2637851"}}
	{"id":2637851,"type":"buy","buyer":"break-out-trader","seller":"enginemaker","symbol":"LEO","quantity":"500.000","price":"0.23096300","timestamp":1643144127,"volume":"115.48150000","buyTxId":"b82a72f833291a58c8e5cc73d19a47385e0d1c59","sellTxId":"MM-P-14256451-61243669-3-1-0"}
{"index": {"_index":"leo","_id":"2637852"}}
	{"id":2637852,"type":"buy","buyer":"break-out-trader","seller":"globalcurrencies","symbol":"LEO","quantity":"1451.346","price":"0.23097300","timestamp":1643144127,"volume":"335.22175288","buyTxId":"b82a72f833291a58c8e5cc73d19a47385e0d1c59","sellTxId":"7a5dfdfa991f815e361a74268679bbb4e0dec6b2"}
{"index": {"_index":"leo","_id":"2637956"}}
	{"id":2637956,"type":"sell","buyer":"leomaker","seller":"monsterjamgold","symbol":"LEO","quantity":"0.329","price":"0.19414800","timestamp":1643145372,"volume":"0.06387469","buyTxId":"cfd706350b8de5f9a20feb0ce013244ae8790b65","sellTxId":"61764f92cdda5312a4d92b71a88d18bdec0738d8"}
{"index": {"_index":"leo","_id":"2638148"}}
	{"id":2638148,"type":"sell","buyer":"epic-fail","seller":"specialfeelings","symbol":"LEO","quantity":"0.054","price":"0.19414900","timestamp":1643147808,"volume":"0.01048405","buyTxId":"2772ca5171e308a5c911128fefc4869abbed27e6","sellTxId":"dfbe60ca93e5a513708b41b975aa7e4c5df840d2"}
{"index": {"_index":"leo","_id":"2638327"}}
	{"id":2638327,"type":"sell","buyer":"epic-fail","seller":"beth78","symbol":"LEO","quantity":"1.435","price":"0.19415300","timestamp":1643150706,"volume":"0.27860956","buyTxId":"60219816cdfe1b84829a29467e4bf3f1d464206e","sellTxId":"5ced3ab6a9f039f75e65a4116b6022ef2d9151bc"}
{"index": {"_index":"leo","_id":"2638472"}}
	{"id":2638472,"type":"sell","buyer":"epic-fail","seller":"readthisplease","symbol":"LEO","quantity":"3.565","price":"0.19415300","timestamp":1643153049,"volume":"0.69215544","buyTxId":"60219816cdfe1b84829a29467e4bf3f1d464206e","sellTxId":"d891599245ec8f3b1c6b59beffd99af58d10f95d"}
{"index": {"_index":"leo","_id":"2638473"}}
	{"id":2638473,"type":"sell","buyer":"epic-fail","seller":"readthisplease","symbol":"LEO","quantity":"5.000","price":"0.19415200","timestamp":1643153049,"volume":"0.97076000","buyTxId":"a03a393a9834e6a5dfc9b02eadaeeebb5babf82a","sellTxId":"d891599245ec8f3b1c6b59beffd99af58d10f95d"}
{"index": {"_index":"leo","_id":"2638474"}}
	{"id":2638474,"type":"sell","buyer":"leomaker","seller":"readthisplease","symbol":"LEO","quantity":"6.016","price":"0.19415100","timestamp":1643153049,"volume":"1.16801242","buyTxId":"272333ca22746a25adec36a8d312cf84333b687c","sellTxId":"d891599245ec8f3b1c6b59beffd99af58d10f95d"}
{"index": {"_index":"leo","_id":"2638475"}}
	{"id":2638475,"type":"sell","buyer":"epic-fail","seller":"readthisplease","symbol":"LEO","quantity":"97.419","price":"0.19414900","timestamp":1643153049,"volume":"18.91380143","buyTxId":"2772ca5171e308a5c911128fefc4869abbed27e6","sellTxId":"d891599245ec8f3b1c6b59beffd99af58d10f95d"}
{"index": {"_index":"leo","_id":"2638665"}}
	{"id":2638665,"type":"sell","buyer":"epic-fail","seller":"travelwritemoney","symbol":"LEO","quantity":"2.527","price":"0.19414900","timestamp":1643155863,"volume":"0.49061452","buyTxId":"2772ca5171e308a5c911128fefc4869abbed27e6","sellTxId":"2a06cba9a8dc1f4c2f5ad4e78bf1a860d3b6c8cf"}
{"index": {"_index":"leo","_id":"2638670"}}
	{"id":2638670,"type":"sell","buyer":"leomaker","seller":"pixelfan","symbol":"LEO","quantity":"0.369","price":"0.19414800","timestamp":1643155917,"volume":"0.07164061","buyTxId":"cfd706350b8de5f9a20feb0ce013244ae8790b65","sellTxId":"9720645c0fc539886bc9b532be1140b7d39a5ebb"}
{"index": {"_index":"leo","_id":"2638671"}}
	{"id":2638671,"type":"sell","buyer":"leomaker","seller":"travelwritemoney","symbol":"LEO","quantity":"5.425","price":"0.19414800","timestamp":1643155923,"volume":"1.05325290","buyTxId":"cfd706350b8de5f9a20feb0ce013244ae8790b65","sellTxId":"e64b0b58ccc7fd49c5d1796af00c52ce25eb884d"}
{"index": {"_index":"leo","_id":"2638673"}}
	{"id":2638673,"type":"sell","buyer":"enginemaker","seller":"travelwritemoney","symbol":"LEO","quantity":"41.774","price":"0.19414601","timestamp":1643155968,"volume":"8.11025542","buyTxId":"MM-P-14262941-61250160-3-1-0","sellTxId":"d0ded6befb4a379d4faace345f722f643b09abd0"}
{"index": {"_index":"leo","_id":"2638680"}}
	{"id":2638680,"type":"sell","buyer":"enginemaker","seller":"brofi-market","symbol":"LEO","quantity":"0.416","price":"0.19414601","timestamp":1643156040,"volume":"0.08076474","buyTxId":"MM-P-14262941-61250160-3-1-0","sellTxId":"75aaa22044e5ec45d3057450ed6f893403dc0482"}
{"index": {"_index":"leo","_id":"2638705"}}
	{"id":2638705,"type":"sell","buyer":"enginemaker","seller":"nrg","symbol":"LEO","quantity":"37.582","price":"0.19414601","timestamp":1643156220,"volume":"7.29639535","buyTxId":"MM-P-14262941-61250160-3-1-0","sellTxId":"7edcda893ba5237c6e5fc6c8ffb31a534b5280b4-1"}
{"index": {"_index":"leo","_id":"2638804"}}
	{"id":2638804,"type":"sell","buyer":"leomaker","seller":"globalcurrencies","symbol":"LEO","quantity":"5.919","price":"0.19414800","timestamp":1643157195,"volume":"1.14916201","buyTxId":"9d1eb9b4d6e1df9dafdb587cbe86fb1abad8c155","sellTxId":"7e1bf9cae86a3bf4f51f66a880cd9f31bafd9302"}
{"index": {"_index":"leo","_id":"2638805"}}
	{"id":2638805,"type":"sell","buyer":"enginemaker","seller":"globalcurrencies","symbol":"LEO","quantity":"177.766","price":"0.19414601","timestamp":1643157195,"volume":"34.51255961","buyTxId":"MM-P-14262941-61250160-3-1-0","sellTxId":"7e1bf9cae86a3bf4f51f66a880cd9f31bafd9302"}
{"index": {"_index":"leo","_id":"2638806"}}
	{"id":2638806,"type":"sell","buyer":"leomaker","seller":"globalcurrencies","symbol":"LEO","quantity":"6.240","price":"0.19414600","timestamp":1643157195,"volume":"1.21147104","buyTxId":"4e8a06ce4154cf103d0dfd66f0a989c66d44d97a","sellTxId":"7e1bf9cae86a3bf4f51f66a880cd9f31bafd9302"}
{"index": {"_index":"leo","_id":"2638807"}}
	{"id":2638807,"type":"sell","buyer":"leomaker","seller":"globalcurrencies","symbol":"LEO","quantity":"6.360","price":"0.19414400","timestamp":1643157195,"volume":"1.23475584","buyTxId":"9d0074ddd02895a9891e176b66ed766c62259d6f","sellTxId":"7e1bf9cae86a3bf4f51f66a880cd9f31bafd9302"}
{"index": {"_index":"leo","_id":"2638808"}}
	{"id":2638808,"type":"sell","buyer":"leomaker","seller":"globalcurrencies","symbol":"LEO","quantity":"4.798","price":"0.19414200","timestamp":1643157195,"volume":"0.93149332","buyTxId":"8fb1e3c22ebcb003c5f22a4a4cac11f808154dc1","sellTxId":"7e1bf9cae86a3bf4f51f66a880cd9f31bafd9302"}
{"index": {"_index":"leo","_id":"2638809"}}
	{"id":2638809,"type":"sell","buyer":"leomaker","seller":"globalcurrencies","symbol":"LEO","quantity":"4.889","price":"0.19414000","timestamp":1643157195,"volume":"0.94915046","buyTxId":"76ca64250aa5ccf24b5516644bc44cae407416c6","sellTxId":"7e1bf9cae86a3bf4f51f66a880cd9f31bafd9302"}
{"index": {"_index":"leo","_id":"2638810"}}
	{"id":2638810,"type":"sell","buyer":"leomaker","seller":"globalcurrencies","symbol":"LEO","quantity":"4.982","price":"0.19413800","timestamp":1643157195,"volume":"0.96719552","buyTxId":"1d1f5ae2583231d70b400654c623a317e12e83a9","sellTxId":"7e1bf9cae86a3bf4f51f66a880cd9f31bafd9302"}
{"index": {"_index":"leo","_id":"2638811"}}
	{"id":2638811,"type":"sell","buyer":"epic-fail","seller":"globalcurrencies","symbol":"LEO","quantity":"800.000","price":"0.19413700","timestamp":1643157195,"volume":"155.30960000","buyTxId":"584e63b4e11500919b352fc9ff6fda30bca5706d","sellTxId":"7e1bf9cae86a3bf4f51f66a880cd9f31bafd9302"}
{"index": {"_index":"leo","_id":"2638812"}}
	{"id":2638812,"type":"sell","buyer":"galberto","seller":"globalcurrencies","symbol":"LEO","quantity":"989.046","price":"0.19413601","timestamp":1643157195,"volume":"192.00944415","buyTxId":"f74e82e2c0a0390aee1d29bdcc459c704b9d7e07","sellTxId":"7e1bf9cae86a3bf4f51f66a880cd9f31bafd9302"}
{"index": {"_index":"leo","_id":"2638878"}}
	{"id":2638878,"type":"sell","buyer":"galberto","seller":"konvik","symbol":"LEO","quantity":"392.954","price":"0.19413601","timestamp":1643157315,"volume":"76.28652167","buyTxId":"f74e82e2c0a0390aee1d29bdcc459c704b9d7e07","sellTxId":"fbf462180c1e92befe34d6148da1884c378cf0d3-1"}
{"index": {"_index":"leo","_id":"2638879"}}
	{"id":2638879,"type":"sell","buyer":"epic-fail","seller":"konvik","symbol":"LEO","quantity":"99.787","price":"0.19400000","timestamp":1643157315,"volume":"19.35867800","buyTxId":"36f207a7b02b47583cfb558406042085e272ea6a","sellTxId":"fbf462180c1e92befe34d6148da1884c378cf0d3-1"}
{"index": {"_index":"leo","_id":"2639033"}}
	{"id":2639033,"type":"sell","buyer":"epic-fail","seller":"konvik","symbol":"LEO","quantity":"0.213","price":"0.19400000","timestamp":1643157798,"volume":"0.04132200","buyTxId":"36f207a7b02b47583cfb558406042085e272ea6a","sellTxId":"efffb3ffe823ea6317a9579141cffe84b7e264a3-1"}
{"index": {"_index":"leo","_id":"2639034"}}
	{"id":2639034,"type":"sell","buyer":"magicbeans","seller":"konvik","symbol":"LEO","quantity":"3.000","price":"0.19213602","timestamp":1643157798,"volume":"0.57640806","buyTxId":"8b4d705c51633b0268eebccd96ec2461cb56c758","sellTxId":"efffb3ffe823ea6317a9579141cffe84b7e264a3-1"}
{"index": {"_index":"leo","_id":"2639035"}}
	{"id":2639035,"type":"sell","buyer":"leomaker","seller":"konvik","symbol":"LEO","quantity":"5.711","price":"0.19213600","timestamp":1643157798,"volume":"1.09728870","buyTxId":"05eed89847aca6bfd6faadb9445670f8d324cb21","sellTxId":"efffb3ffe823ea6317a9579141cffe84b7e264a3-1"}
{"index": {"_index":"leo","_id":"2639036"}}
	{"id":2639036,"type":"sell","buyer":"leomaker","seller":"konvik","symbol":"LEO","quantity":"5.692","price":"0.19213400","timestamp":1643157798,"volume":"1.09362673","buyTxId":"3e914e01fae07c1eb88858c50137b31e4e942a9e","sellTxId":"efffb3ffe823ea6317a9579141cffe84b7e264a3-1"}
{"index": {"_index":"leo","_id":"2639037"}}
	{"id":2639037,"type":"sell","buyer":"leomaker","seller":"konvik","symbol":"LEO","quantity":"5.815","price":"0.19213200","timestamp":1643157798,"volume":"1.11724758","buyTxId":"9a1cbfad2ee41d7f27d968b066d2c5724b8bd980","sellTxId":"efffb3ffe823ea6317a9579141cffe84b7e264a3-1"}
{"index": {"_index":"leo","_id":"2639038"}}
	{"id":2639038,"type":"sell","buyer":"leomaker","seller":"konvik","symbol":"LEO","quantity":"5.939","price":"0.19213000","timestamp":1643157798,"volume":"1.14106007","buyTxId":"091da79cb0e296d7dc2439b5cd4522b550c73ce9","sellTxId":"efffb3ffe823ea6317a9579141cffe84b7e264a3-1"}
{"index": {"_index":"leo","_id":"2639039"}}
	{"id":2639039,"type":"sell","buyer":"leomaker","seller":"konvik","symbol":"LEO","quantity":"6.065","price":"0.19212800","timestamp":1643157798,"volume":"1.16525632","buyTxId":"bef71fa6da831cebce06e808c0ad15c686206df6","sellTxId":"efffb3ffe823ea6317a9579141cffe84b7e264a3-1"}
{"index": {"_index":"leo","_id":"2639040"}}
	{"id":2639040,"type":"sell","buyer":"leomaker","seller":"konvik","symbol":"LEO","quantity":"6.195","price":"0.19212600","timestamp":1643157798,"volume":"1.19022057","buyTxId":"ddd40caa571b2ec60731e85989954622cdad70c5","sellTxId":"efffb3ffe823ea6317a9579141cffe84b7e264a3-1"}
{"index": {"_index":"leo","_id":"2639041"}}
	{"id":2639041,"type":"sell","buyer":"leomaker","seller":"konvik","symbol":"LEO","quantity":"6.328","price":"0.19212400","timestamp":1643157798,"volume":"1.21576067","buyTxId":"46c6dabe1777dd15ba3452fddd7b3f4df29d3072","sellTxId":"efffb3ffe823ea6317a9579141cffe84b7e264a3-1"}
{"index": {"_index":"leo","_id":"2639042"}}
	{"id":2639042,"type":"sell","buyer":"leomaker","seller":"konvik","symbol":"LEO","quantity":"6.463","price":"0.19212200","timestamp":1643157798,"volume":"1.24168449","buyTxId":"3ddf35b2a2ac4ae1b0488fb952bf4d1306fab602","sellTxId":"efffb3ffe823ea6317a9579141cffe84b7e264a3-1"}
{"index": {"_index":"leo","_id":"2639043"}}
	{"id":2639043,"type":"sell","buyer":"leomaker","seller":"konvik","symbol":"LEO","quantity":"6.600","price":"0.19212000","timestamp":1643157798,"volume":"1.26799200","buyTxId":"b2ae28dccb689832ebda8892439d456229fc709c","sellTxId":"efffb3ffe823ea6317a9579141cffe84b7e264a3-1"}
{"index": {"_index":"leo","_id":"2639044"}}
	{"id":2639044,"type":"sell","buyer":"leomaker","seller":"konvik","symbol":"LEO","quantity":"6.737","price":"0.19211800","timestamp":1643157798,"volume":"1.29429897","buyTxId":"310a1c6b872a39d98a30a30e59aa11f0c0fb5303","sellTxId":"efffb3ffe823ea6317a9579141cffe84b7e264a3-1"}
{"index": {"_index":"leo","_id":"2639045"}}
	{"id":2639045,"type":"sell","buyer":"leomaker","seller":"konvik","symbol":"LEO","quantity":"6.886","price":"0.19211600","timestamp":1643157798,"volume":"1.32291078","buyTxId":"310ef0c7b01f2e7428c44615175e9d0e9bbf652c","sellTxId":"efffb3ffe823ea6317a9579141cffe84b7e264a3-1"}
{"index": {"_index":"leo","_id":"2639046"}}
	{"id":2639046,"type":"sell","buyer":"leomaker","seller":"konvik","symbol":"LEO","quantity":"7.033","price":"0.19211400","timestamp":1643157798,"volume":"1.35113776","buyTxId":"ba133b51d4fbdbe14e0c11f83ce07ac8a9a133b4","sellTxId":"efffb3ffe823ea6317a9579141cffe84b7e264a3-1"}
{"index": {"_index":"leo","_id":"2639047"}}
	{"id":2639047,"type":"sell","buyer":"leomaker","seller":"konvik","symbol":"LEO","quantity":"6.708","price":"0.19211200","timestamp":1643157798,"volume":"1.28868730","buyTxId":"fcfef3fd9ca803c60a4a4046545a2e0918a8765e","sellTxId":"efffb3ffe823ea6317a9579141cffe84b7e264a3-1"}
{"index": {"_index":"leo","_id":"2639048"}}
	{"id":2639048,"type":"sell","buyer":"rollandthomas","seller":"konvik","symbol":"LEO","quantity":"1404.436","price":"0.19210000","timestamp":1643157798,"volume":"269.79215560","buyTxId":"77e3261bb1170feb54536cdd3f982e457cf85522","sellTxId":"efffb3ffe823ea6317a9579141cffe84b7e264a3-1"}
{"index": {"_index":"leo","_id":"2639064"}}
	{"id":2639064,"type":"sell","buyer":"rollandthomas","seller":"mykos","symbol":"LEO","quantity":"1.880","price":"0.19210000","timestamp":1643157948,"volume":"0.36114800","buyTxId":"77e3261bb1170feb54536cdd3f982e457cf85522","sellTxId":"1416b87991d7c7d7c42c0dfb3e014f1bd62c01f2"}
{"index": {"_index":"leo","_id":"2639075"}}
	{"id":2639075,"type":"sell","buyer":"rollandthomas","seller":"konvik","symbol":"LEO","quantity":"1282.418","price":"0.19210000","timestamp":1643157978,"volume":"246.35249780","buyTxId":"77e3261bb1170feb54536cdd3f982e457cf85522","sellTxId":"cc799e5c33856fa0f021f082d5d437279d08fabe-1"}
{"index": {"_index":"leo","_id":"2639086"}}
	{"id":2639086,"type":"sell","buyer":"rollandthomas","seller":"globalcurrencies","symbol":"LEO","quantity":"2500.000","price":"0.19210000","timestamp":1643158110,"volume":"480.25000000","buyTxId":"77e3261bb1170feb54536cdd3f982e457cf85522","sellTxId":"7e050cee3449e650c27bf1a0b03cd4f28c00e687"}
{"index": {"_index":"leo","_id":"2639090"}}
	{"id":2639090,"type":"sell","buyer":"rollandthomas","seller":"konvik","symbol":"LEO","quantity":"1385.294","price":"0.19210000","timestamp":1643158158,"volume":"266.11497740","buyTxId":"77e3261bb1170feb54536cdd3f982e457cf85522","sellTxId":"70a1f91412808f306c6c7ac89797de9c0782f06b-1"}
{"index": {"_index":"leo","_id":"2639102"}}
	{"id":2639102,"type":"sell","buyer":"leomaker","seller":"globalcurrencies","symbol":"LEO","quantity":"6.533","price":"0.19210200","timestamp":1643158305,"volume":"1.25500237","buyTxId":"fdea12bc2915db0fffa39171bf41ff2712bc31eb","sellTxId":"eb7dac959626c9b33b3ce0a42a76ce2452ed50a8"}
{"index": {"_index":"leo","_id":"2639103"}}
	{"id":2639103,"type":"sell","buyer":"rollandthomas","seller":"globalcurrencies","symbol":"LEO","quantity":"2493.467","price":"0.19210000","timestamp":1643158305,"volume":"478.99501070","buyTxId":"77e3261bb1170feb54536cdd3f982e457cf85522","sellTxId":"eb7dac959626c9b33b3ce0a42a76ce2452ed50a8"}
{"index": {"_index":"leo","_id":"2639107"}}
	{"id":2639107,"type":"sell","buyer":"rollandthomas","seller":"konvik","symbol":"LEO","quantity":"932.505","price":"0.19210000","timestamp":1643158341,"volume":"179.13421050","buyTxId":"77e3261bb1170feb54536cdd3f982e457cf85522","sellTxId":"34373ae6349674c66983b8bb76fcbd0e66cf3118-1"}
{"index": {"_index":"leo","_id":"2639108"}}
	{"id":2639108,"type":"sell","buyer":"rollandthomas","seller":"konvik","symbol":"LEO","quantity":"236.706","price":"0.19200000","timestamp":1643158341,"volume":"45.44755200","buyTxId":"45838852b5a6c172d2eee34a81f898cdb3dd3961","sellTxId":"34373ae6349674c66983b8bb76fcbd0e66cf3118-1"}
{"index": {"_index":"leo","_id":"2639158"}}
	{"id":2639158,"type":"sell","buyer":"rollandthomas","seller":"konvik","symbol":"LEO","quantity":"1497.227","price":"0.19200000","timestamp":1643158521,"volume":"287.46758400","buyTxId":"45838852b5a6c172d2eee34a81f898cdb3dd3961","sellTxId":"0690573f66d3155e47113afe242eb64cce2d21b1-1"}
{"index": {"_index":"leo","_id":"2639161"}}
	{"id":2639161,"type":"sell","buyer":"rollandthomas","seller":"globalcurrencies","symbol":"LEO","quantity":"2700.000","price":"0.19200000","timestamp":1643158581,"volume":"518.40000000","buyTxId":"45838852b5a6c172d2eee34a81f898cdb3dd3961","sellTxId":"0ac4b94c6cac7bb0732ac67b6405af1ac93c27fe"}
{"index": {"_index":"leo","_id":"2639174"}}
	{"id":2639174,"type":"sell","buyer":"rollandthomas","seller":"konvik","symbol":"LEO","quantity":"1383.544","price":"0.19200000","timestamp":1643158698,"volume":"265.64044800","buyTxId":"45838852b5a6c172d2eee34a81f898cdb3dd3961","sellTxId":"f8a76649f453e07de09d2971fe0c3255da923b6a-1"}
{"index": {"_index":"leo","_id":"2639175"}}
	{"id":2639175,"type":"sell","buyer":"rollandthomas","seller":"globalcurrencies","symbol":"LEO","quantity":"2700.000","price":"0.19200000","timestamp":1643158716,"volume":"518.40000000","buyTxId":"45838852b5a6c172d2eee34a81f898cdb3dd3961","sellTxId":"ea6a64dc88d31017b4bcf023d0c38acfec7067e7"}
{"index": {"_index":"leo","_id":"2639181"}}
	{"id":2639181,"type":"sell","buyer":"rollandthomas","seller":"jesustiano","symbol":"LEO","quantity":"1.087","price":"0.19200000","timestamp":1643158818,"volume":"0.20870400","buyTxId":"45838852b5a6c172d2eee34a81f898cdb3dd3961","sellTxId":"81f23c46ed034bc47d78e524ed518e49601b546d"}
{"index": {"_index":"leo","_id":"2639188"}}
	{"id":2639188,"type":"sell","buyer":"rollandthomas","seller":"konvik","symbol":"LEO","quantity":"1623.265","price":"0.19200000","timestamp":1643158878,"volume":"311.66688000","buyTxId":"45838852b5a6c172d2eee34a81f898cdb3dd3961","sellTxId":"7382e3c676d8234c78348bfdceccddfcab638765-1"}
{"index": {"_index":"leo","_id":"2639218"}}
	{"id":2639218,"type":"sell","buyer":"rollandthomas","seller":"konvik","symbol":"LEO","quantity":"1443.004","price":"0.19200000","timestamp":1643159058,"volume":"277.05676800","buyTxId":"45838852b5a6c172d2eee34a81f898cdb3dd3961","sellTxId":"2b4c4bebf1579a570d0b5bf881754003857220b8-1"}
{"index": {"_index":"leo","_id":"2639239"}}
	{"id":2639239,"type":"sell","buyer":"rollandthomas","seller":"aljif7","symbol":"LEO","quantity":"402.725","price":"0.19200000","timestamp":1643159190,"volume":"77.32320000","buyTxId":"45838852b5a6c172d2eee34a81f898cdb3dd3961","sellTxId":"1f90d50925e1b61b0abf322b57f6ee7bf4a17207"}
{"index": {"_index":"leo","_id":"2639240"}}
	{"id":2639240,"type":"sell","buyer":"rollandthomas","seller":"globalcurrencies","symbol":"LEO","quantity":"2700.000","price":"0.19200000","timestamp":1643159202,"volume":"518.40000000","buyTxId":"45838852b5a6c172d2eee34a81f898cdb3dd3961","sellTxId":"5a27d5602afc39ac317c77c98a8658bcc85213d3"}
{"index": {"_index":"leo","_id":"2639242"}}
	{"id":2639242,"type":"sell","buyer":"enginemaker","seller":"konvik","symbol":"LEO","quantity":"260.403","price":"0.19201000","timestamp":1643159241,"volume":"49.99998003","buyTxId":"MM-P-14264435-61251654-3-1-0","sellTxId":"eb87e93a57b8d12cc712f6500b090b3b95bc58bd-1"}
{"index": {"_index":"leo","_id":"2639243"}}
	{"id":2639243,"type":"sell","buyer":"leomaker","seller":"konvik","symbol":"LEO","quantity":"6.432","price":"0.19200200","timestamp":1643159241,"volume":"1.23495686","buyTxId":"d2fdd9ed9ef5b00c2a61f692cb7ebae94d45256b","sellTxId":"eb87e93a57b8d12cc712f6500b090b3b95bc58bd-1"}
{"index": {"_index":"leo","_id":"2639244"}}
	{"id":2639244,"type":"sell","buyer":"rollandthomas","seller":"konvik","symbol":"LEO","quantity":"1345.685","price":"0.19200000","timestamp":1643159241,"volume":"258.37152000","buyTxId":"45838852b5a6c172d2eee34a81f898cdb3dd3961","sellTxId":"eb87e93a57b8d12cc712f6500b090b3b95bc58bd-1"}
{"index": {"_index":"leo","_id":"2639249"}}
	{"id":2639249,"type":"sell","buyer":"rollandthomas","seller":"dswap","symbol":"LEO","quantity":"1.304","price":"0.19200000","timestamp":1643159346,"volume":"0.25036800","buyTxId":"45838852b5a6c172d2eee34a81f898cdb3dd3961","sellTxId":"8f66475e03c51571a9e93aef9b3e22ac973e75cf"}
{"index": {"_index":"leo","_id":"2639252"}}
	{"id":2639252,"type":"sell","buyer":"rollandthomas","seller":"globalcurrencies","symbol":"LEO","quantity":"2700.000","price":"0.19200000","timestamp":1643159391,"volume":"518.40000000","buyTxId":"45838852b5a6c172d2eee34a81f898cdb3dd3961","sellTxId":"b0bd60eaa7775b02d658d8772ed1943d605d89c7"}
{"index": {"_index":"leo","_id":"2639430"}}
	{"id":2639430,"type":"sell","buyer":"leomaker","seller":"serjeant","symbol":"LEO","quantity":"0.315","price":"0.19200200","timestamp":1643163186,"volume":"0.06048063","buyTxId":"faae11d83e04f33b1ddfaf8e63c64d8ca863f921","sellTxId":"e55c93edc50e964420650c185b7e9bc501356aac"}
{"index": {"_index":"leo","_id":"2639491"}}
	{"id":2639491,"type":"sell","buyer":"leomaker","seller":"archon-drips","symbol":"LEO","quantity":"0.004","price":"0.19200200","timestamp":1643163930,"volume":"0.00076801","buyTxId":"faae11d83e04f33b1ddfaf8e63c64d8ca863f921","sellTxId":"7d351227101124d5bf0155e8c5c51508f4946543"}
{"index": {"_index":"leo","_id":"2639693"}}
	{"id":2639693,"type":"sell","buyer":"leomaker","seller":"saffisara","symbol":"LEO","quantity":"5.977","price":"0.19200200","timestamp":1643165730,"volume":"1.14759595","buyTxId":"faae11d83e04f33b1ddfaf8e63c64d8ca863f921","sellTxId":"901b9d7e3d7d744ffee84631d9129b66d2e4e7fd"}
{"index": {"_index":"leo","_id":"2639694"}}
	{"id":2639694,"type":"sell","buyer":"rollandthomas","seller":"saffisara","symbol":"LEO","quantity":"59.951","price":"0.19200000","timestamp":1643165730,"volume":"11.51059200","buyTxId":"45838852b5a6c172d2eee34a81f898cdb3dd3961","sellTxId":"901b9d7e3d7d744ffee84631d9129b66d2e4e7fd"}
{"index": {"_index":"leo","_id":"2639828"}}
	{"id":2639828,"type":"sell","buyer":"leomaker","seller":"genet","symbol":"LEO","quantity":"6.163","price":"0.19200200","timestamp":1643167320,"volume":"1.18330833","buyTxId":"6fafa6dc560d9eb900f17bc75c38c7f4a0719046","sellTxId":"5d775335c74be3366834fd2a658d1a77c7aaafe8-1"}
{"index": {"_index":"leo","_id":"2639829"}}
	{"id":2639829,"type":"sell","buyer":"rollandthomas","seller":"genet","symbol":"LEO","quantity":"604.195","price":"0.19200000","timestamp":1643167323,"volume":"116.00544000","buyTxId":"45838852b5a6c172d2eee34a81f898cdb3dd3961","sellTxId":"c7d53e4641becf24579ab5f98e79af3959205c4a-1"}
{"index": {"_index":"leo","_id":"2639967"}}
	{"id":2639967,"type":"sell","buyer":"leomaker","seller":"saverhope22","symbol":"LEO","quantity":"0.030","price":"0.19101200","timestamp":1643168688,"volume":"0.00573036","buyTxId":"10f4f9f91f22d1540616ab2dab019d0a260cad47","sellTxId":"790e9e9992b54d043150bc562ff65f3a27381304"}
