{"index": {"_index":"leo","_id":"1502139"}}
	{"id":1502139,"type":"buy","buyer":"richardcrill","seller":"koskl","symbol":"LEO","quantity":"0.651","price":"0.30528000","timestamp":1631155509,"volume":"0.19873728","buyTxId":"MM-P-10276992-57260967-3-8-0","sellTxId":"ad706e82c8df4820f99510c95243b4576fbbc13e"}
{"index": {"_index":"leo","_id":"1502156"}}
	{"id":1502156,"type":"sell","buyer":"pi-trader","seller":"hitmeasap","symbol":"LEO","quantity":"50.000","price":"0.30557531","timestamp":1631155926,"volume":"15.27876550","buyTxId":"786fa77d0678bd34775b05ed981ea17c110d8eb4-1","sellTxId":"a52b5c280291c3ae7fb1f96a44aec96313bfa2ae"}
{"index": {"_index":"leo","_id":"1502157"}}
	{"id":1502157,"type":"buy","buyer":"konvik","seller":"hitmeasap","symbol":"LEO","quantity":"27.836","price":"0.30557531","timestamp":1631155929,"volume":"8.50599433","buyTxId":"929793964bf3725d9046e558676c4d05c4a3ceb7-0","sellTxId":"a52b5c280291c3ae7fb1f96a44aec96313bfa2ae"}
{"index": {"_index":"leo","_id":"1502252"}}
	{"id":1502252,"type":"sell","buyer":"pi-trader","seller":"aweee","symbol":"LEO","quantity":"0.309","price":"0.30717547","timestamp":1631158368,"volume":"0.09491722","buyTxId":"52568ea936144c7928fef9128ee4bdcb3a7955ba-1","sellTxId":"6ec1545e7063ec6d05d598fa32e78e25f9e142d1"}
{"index": {"_index":"leo","_id":"1502253"}}
	{"id":1502253,"type":"buy","buyer":"justinparke","seller":"ironshield","symbol":"LEO","quantity":"0.144","price":"0.31982000","timestamp":1631158374,"volume":"0.04605408","buyTxId":"e955195766c4e3b35efe70aeb4a7c5d343fa7fa9","sellTxId":"dcbf0316d0a612c27405c1c946cbd8d796c93d50"}
{"index": {"_index":"leo","_id":"1502254"}}
	{"id":1502254,"type":"buy","buyer":"justinparke","seller":"enginemaker","symbol":"LEO","quantity":"58.472","price":"0.31982959","timestamp":1631158374,"volume":"18.70107579","buyTxId":"e955195766c4e3b35efe70aeb4a7c5d343fa7fa9","sellTxId":"MM-P-10276093-57260068-3-1-1"}
{"index": {"_index":"leo","_id":"1502255"}}
	{"id":1502255,"type":"buy","buyer":"justinparke","seller":"anonsteve","symbol":"LEO","quantity":"79.916","price":"0.32000000","timestamp":1631158374,"volume":"25.57312000","buyTxId":"e955195766c4e3b35efe70aeb4a7c5d343fa7fa9","sellTxId":"8ccd3b05110f76341d476fdf46df11619e4493a5"}
{"index": {"_index":"leo","_id":"1502256"}}
	{"id":1502256,"type":"buy","buyer":"justinparke","seller":"brofi-market","symbol":"LEO","quantity":"0.434","price":"0.32000000","timestamp":1631158374,"volume":"0.13888000","buyTxId":"e955195766c4e3b35efe70aeb4a7c5d343fa7fa9","sellTxId":"00cab32d3d86b57bdea5fd395aefae1bfcf80615"}
{"index": {"_index":"leo","_id":"1502257"}}
	{"id":1502257,"type":"buy","buyer":"justinparke","seller":"ripazha","symbol":"LEO","quantity":"126.735","price":"0.32283707","timestamp":1631158374,"volume":"40.91497495","buyTxId":"e955195766c4e3b35efe70aeb4a7c5d343fa7fa9","sellTxId":"4b859f1dba6add6ff0a3ee76f7f1a71e52e00f3d-2"}
{"index": {"_index":"leo","_id":"1502292"}}
	{"id":1502292,"type":"sell","buyer":"pi-trader","seller":"eddiespino","symbol":"LEO","quantity":"4.904","price":"0.30789566","timestamp":1631159487,"volume":"1.50992032","buyTxId":"62331ae9a022509be3a14a02a68215bc4c34b554-1","sellTxId":"190f309005ed17f86d4315e414611939dd6b4c04"}
{"index": {"_index":"leo","_id":"1502338"}}
	{"id":1502338,"type":"sell","buyer":"solovey6o2","seller":"amanda.yrr","symbol":"LEO","quantity":"0.440","price":"0.30850583","timestamp":1631160411,"volume":"0.13574257","buyTxId":"4f620641402388690e71af7697f2494fc6790961","sellTxId":"2cd7c69a8ab6a22915e3c8485c5759f90b9ecc95"}
{"index": {"_index":"leo","_id":"1502341"}}
	{"id":1502341,"type":"sell","buyer":"pi-trader","seller":"brofi-market","symbol":"LEO","quantity":"0.001","price":"0.30850584","timestamp":1631160447,"volume":"0.00030851","buyTxId":"55ed99b6f0e4902990f646be73c1f7e31768eec8-1","sellTxId":"0a86fbcd2f984095f04d60f1e6aeb1ede7b7059a"}
{"index": {"_index":"leo","_id":"1502342"}}
	{"id":1502342,"type":"buy","buyer":"sophiavictoria","seller":"accelerator","symbol":"LEO","quantity":"1.694","price":"0.32000000","timestamp":1631160450,"volume":"0.54208000","buyTxId":"8d03405c417119038b306582423ff409d191943f","sellTxId":"87130ac790d478b02f382d7531b9c243930f5f1c"}
{"index": {"_index":"leo","_id":"1502343"}}
	{"id":1502343,"type":"sell","buyer":"sophiavictoria","seller":"konvik","symbol":"LEO","quantity":"98.208","price":"0.32000000","timestamp":1631160453,"volume":"31.42656000","buyTxId":"8d03405c417119038b306582423ff409d191943f","sellTxId":"7bc999e0f34efe3ac76cf5db90d050b23018858f-1"}
{"index": {"_index":"leo","_id":"1502344"}}
	{"id":1502344,"type":"sell","buyer":"sophiavictoria","seller":"brofi-market","symbol":"LEO","quantity":"0.001","price":"0.32000000","timestamp":1631160453,"volume":"0.00032000","buyTxId":"8d03405c417119038b306582423ff409d191943f","sellTxId":"8642701167ce1c13ffabacd02908c0973489da52"}
{"index": {"_index":"leo","_id":"1502356"}}
	{"id":1502356,"type":"buy","buyer":"rituraz17","seller":"accelerator","symbol":"LEO","quantity":"4.006","price":"0.32099600","timestamp":1631160510,"volume":"1.2862","buyTxId":"536cedf5dc690dfdf7fdc602fdabf49ea24cbf3c","sellTxId":"56c99a24b2b44d5992d0e73113add535b1300af5"}
{"index": {"_index":"leo","_id":"1502362"}}
	{"id":1502362,"type":"buy","buyer":"sophiavictoria","seller":"accelerator","symbol":"LEO","quantity":"1.994","price":"0.32099600","timestamp":1631160561,"volume":"0.64006602","buyTxId":"fbb2c05b8b118ae848a6d1e33104694be88c8c0b","sellTxId":"56c99a24b2b44d5992d0e73113add535b1300af5"}
{"index": {"_index":"leo","_id":"1502363"}}
	{"id":1502363,"type":"sell","buyer":"sophiavictoria","seller":"konvik","symbol":"LEO","quantity":"25.980","price":"0.32099600","timestamp":1631160564,"volume":"8.33947608","buyTxId":"fbb2c05b8b118ae848a6d1e33104694be88c8c0b","sellTxId":"4b2610b4da90246dc8b506aa119a3f42b7c8bf5d-1"}
{"index": {"_index":"leo","_id":"1502368"}}
	{"id":1502368,"type":"buy","buyer":"sophiavictoria","seller":"enginemaker","symbol":"LEO","quantity":"62.000","price":"0.32991979","timestamp":1631160663,"volume":"20.45502698","buyTxId":"b39d5c859bf15d01692c7704a2dca5e63105e16d","sellTxId":"MM-P-10278687-57262662-3-1-1"}
{"index": {"_index":"leo","_id":"1502371"}}
	{"id":1502371,"type":"buy","buyer":"sophiavictoria","seller":"ripazha","symbol":"LEO","quantity":"26.606","price":"0.32991977","timestamp":1631160822,"volume":"8.77784540","buyTxId":"fbedada3c6de6a25aa4e2f9b17855f00580f4a57","sellTxId":"e8a360c2d17d45aced79bf2e39e0e5f713e42cc0-2"}
{"index": {"_index":"leo","_id":"1502422"}}
	{"id":1502422,"type":"buy","buyer":"konvik","seller":"jongolson","symbol":"LEO","quantity":"11.726","price":"0.30962000","timestamp":1631162238,"volume":"3.63060412","buyTxId":"f1b1be04728e70d1a65013b0f5e2abe4618e8d35-0","sellTxId":"d759221044f4038c0a4c465a138b5b0daa3af140"}
{"index": {"_index":"leo","_id":"1502512"}}
	{"id":1502512,"type":"sell","buyer":"freebornsociety","seller":"esmeesmith","symbol":"LEO","quantity":"12","price":"0.31032650","timestamp":1631164080,"volume":"3.72391800","buyTxId":"MM-P-10279829-57263806-3-4-0","sellTxId":"97c61ddecc86c88960cd26ac689ca367a5aabc38"}
{"index": {"_index":"leo","_id":"1502513"}}
	{"id":1502513,"type":"sell","buyer":"pi-trader","seller":"elyelma","symbol":"LEO","quantity":"1.689","price":"0.31032651","timestamp":1631164092,"volume":"0.52414148","buyTxId":"032ad63cc0b3b76e0b399f6060a776d5a3ca5836-1","sellTxId":"c5cfd395018330538baf69e0b557ec9786582f76"}
{"index": {"_index":"leo","_id":"1502558"}}
	{"id":1502558,"type":"sell","buyer":"pi-trader","seller":"kevinnag58","symbol":"LEO","quantity":"9.274","price":"0.31062670","timestamp":1631165223,"volume":"2.88075202","buyTxId":"45a008e3d3b506316d41162e107629e4809e3efc-1","sellTxId":"4307c28afa27e7de6e2d0bc8dc43ad0f559c5efb"}
{"index": {"_index":"leo","_id":"1502600"}}
	{"id":1502600,"type":"sell","buyer":"anadolu","seller":"kolbjorn","symbol":"LEO","quantity":"31.191","price":"0.31500000","timestamp":1631166915,"volume":"9.82516500","buyTxId":"e553ea26413a809738e898b012fcb70525edad16","sellTxId":"ded254dc59029642dd15e6efe4d58b5c40a271f6"}
{"index": {"_index":"leo","_id":"1502772"}}
	{"id":1502772,"type":"buy","buyer":"nyxlabs","seller":"enginemaker","symbol":"LEO","quantity":"12.000","price":"0.32971923","timestamp":1631171085,"volume":"3.95663076","buyTxId":"4589493f784172dd4f9c169744242120fc7e27cc","sellTxId":"MM-P-10280680-57264657-3-1-1"}
{"index": {"_index":"leo","_id":"1503026"}}
	{"id":1503026,"type":"sell","buyer":"yintercept","seller":"thegoliathv2","symbol":"LEO","quantity":"1.000","price":"0.31700000","timestamp":1631175858,"volume":"0.31700000","buyTxId":"efed329fa41cde0b3e88bf14ec8e3c0668c37674","sellTxId":"7bee648acae165dee86a193a672220572d913e44"}
{"index": {"_index":"leo","_id":"1503027"}}
	{"id":1503027,"type":"sell","buyer":"solovey6o2","seller":"thegoliathv2","symbol":"LEO","quantity":"1.664","price":"0.31247734","timestamp":1631175858,"volume":"0.51996229","buyTxId":"65d304835d1d8254225bdb40e80ddd9520b3fd9e","sellTxId":"7bee648acae165dee86a193a672220572d913e44"}
{"index": {"_index":"leo","_id":"1503074"}}
	{"id":1503074,"type":"sell","buyer":"pi-trader","seller":"itharagaian","symbol":"LEO","quantity":"0.287","price":"0.31247736","timestamp":1631176764,"volume":"0.08968100","buyTxId":"3ebd1d2e4e6abf1351ecf6210b0412f04efbbb29-1","sellTxId":"8dd81c5e85bb01ee825ad1e963488980cf39be76"}
{"index": {"_index":"leo","_id":"1503110"}}
	{"id":1503110,"type":"buy","buyer":"scooter77","seller":"enginemaker","symbol":"LEO","quantity":"16.000","price":"0.32956878","timestamp":1631177421,"volume":"5.27310048","buyTxId":"57e4d891f12092423c00e010dc48738bff98385b","sellTxId":"MM-P-10284256-57268249-3-1-0"}
{"index": {"_index":"leo","_id":"1503197"}}
	{"id":1503197,"type":"sell","buyer":"pi-trader","seller":"buildahouse","symbol":"LEO","quantity":"0.009","price":"0.31247734","timestamp":1631179470,"volume":"0.00281230","buyTxId":"de2f0abbf34598dff1f6af3d32b2e75feaed8c82-1","sellTxId":"6de93c9e96d1a646331827538c7b3e18351ded4d"}
{"index": {"_index":"leo","_id":"1503260"}}
	{"id":1503260,"type":"sell","buyer":"pi-trader","seller":"jjprac","symbol":"LEO","quantity":"6.537","price":"0.31247734","timestamp":1631180346,"volume":"2.04266437","buyTxId":"4ff1073fca4120bead89a23a4d04ff415bf901cb-1","sellTxId":"f7087ed7cd41f9f9301fb440599fa56ffebab3c5"}
{"index": {"_index":"leo","_id":"1503446"}}
	{"id":1503446,"type":"buy","buyer":"konvik","seller":"madstacks","symbol":"LEO","quantity":"361.014","price":"0.31368000","timestamp":1631184981,"volume":"113.24287152","buyTxId":"9304712e634c3eeb155a6fd35d4268950f2139ff-0","sellTxId":"ff4e7b3654c1ed0e3f1430d5caa224c006e166bf"}
{"index": {"_index":"leo","_id":"1503549"}}
	{"id":1503549,"type":"sell","buyer":"pi-trader","seller":"kevinnag58","symbol":"LEO","quantity":"10.319","price":"0.31269738","timestamp":1631187855,"volume":"3.22672426","buyTxId":"079b922df510b08a204d808cfe1fef01694be15b-1","sellTxId":"a54859eac7b6ef3d2d7185bff6b4a6b17a5649bf"}
{"index": {"_index":"leo","_id":"1503579"}}
	{"id":1503579,"type":"sell","buyer":"pi-trader","seller":"revisesociology","symbol":"LEO","quantity":"20.000","price":"0.31289742","timestamp":1631188539,"volume":"6.25794840","buyTxId":"7fb588ceedf54ed3c6683db52f57ba2e9e22417e-1","sellTxId":"bc09e655f378bda300953f134668f62553d20233"}
{"index": {"_index":"leo","_id":"1503586"}}
	{"id":1503586,"type":"buy","buyer":"rituraz17","seller":"enginemaker","symbol":"LEO","quantity":"4.564","price":"0.32754443","timestamp":1631188836,"volume":"1.49500999","buyTxId":"00b9c95aaf8f2bc0c52dc6f8f0d9f7acf995d851","sellTxId":"MM-P-10284952-57268946-3-1-0"}
{"index": {"_index":"leo","_id":"1503620"}}
	{"id":1503620,"type":"buy","buyer":"marshmellowman","seller":"enginemaker","symbol":"LEO","quantity":"31.000","price":"0.32754443","timestamp":1631189436,"volume":"10.15387733","buyTxId":"01e420c6c934f4ebf255b0e0b1491cd9225fe227","sellTxId":"MM-P-10284952-57268946-3-1-0"}
{"index": {"_index":"leo","_id":"1503646"}}
	{"id":1503646,"type":"buy","buyer":"gadrian","seller":"enginemaker","symbol":"LEO","quantity":"0.460","price":"0.32754443","timestamp":1631189928,"volume":"0.15067044","buyTxId":"0b012e8f7ba580d79a8c572b3986808ed75d510e","sellTxId":"MM-P-10284952-57268946-3-1-0"}
{"index": {"_index":"leo","_id":"1503647"}}
	{"id":1503647,"type":"sell","buyer":"pi-trader","seller":"silvergoldhunter","symbol":"LEO","quantity":"1.661","price":"0.31279741","timestamp":1631189985,"volume":"0.51955650","buyTxId":"732da2f13c8949ff563d4ef5bb339111e8de35c2-1","sellTxId":"15591a535362b36a3c2d96c653726be9b01ffc2c"}
{"index": {"_index":"leo","_id":"1503658"}}
	{"id":1503658,"type":"sell","buyer":"horstman5","seller":"konvik","symbol":"LEO","quantity":"20.979","price":"0.32000000","timestamp":1631190255,"volume":"6.71328000","buyTxId":"26642bb1fbd9b46344b716f8a66af18b4b0c211c","sellTxId":"c2585a58653daf6b94f5be5ba9cb19d177a7668f-1"}
{"index": {"_index":"leo","_id":"1503685"}}
	{"id":1503685,"type":"sell","buyer":"horstman5","seller":"atongis","symbol":"LEO","quantity":"0.021","price":"0.32000000","timestamp":1631190681,"volume":"0.00672000","buyTxId":"26642bb1fbd9b46344b716f8a66af18b4b0c211c","sellTxId":"cdd059283ee307a5940c3bd3168e0c6d307121f4"}
{"index": {"_index":"leo","_id":"1503689"}}
	{"id":1503689,"type":"sell","buyer":"edkarnie","seller":"atongis","symbol":"LEO","quantity":"0.965","price":"0.31300000","timestamp":1631190795,"volume":"0.30204500","buyTxId":"eb56a8feb2aabc8888576386f46b871c373cdec0","sellTxId":"328b5875e81e256282d5b277e8e66a49c4150c42"}
{"index": {"_index":"leo","_id":"1503708"}}
	{"id":1503708,"type":"sell","buyer":"edkarnie","seller":"grannabis","symbol":"LEO","quantity":"0.519","price":"0.31300000","timestamp":1631191185,"volume":"0.16244700","buyTxId":"eb56a8feb2aabc8888576386f46b871c373cdec0","sellTxId":"fedb5b68a9fb9b21202361238dcd184e6f95c7e2"}
{"index": {"_index":"leo","_id":"1503738"}}
	{"id":1503738,"type":"buy","buyer":"nyxlabs","seller":"enginemaker","symbol":"LEO","quantity":"20.000","price":"0.32754443","timestamp":1631191587,"volume":"6.55088860","buyTxId":"07f79f58342371ad194aa475607f8b792c500215","sellTxId":"MM-P-10284952-57268946-3-1-0"}
{"index": {"_index":"leo","_id":"1503783"}}
	{"id":1503783,"type":"buy","buyer":"abh12345","seller":"enginemaker","symbol":"LEO","quantity":"43.976","price":"0.32754443","timestamp":1631192229,"volume":"14.40409385","buyTxId":"6d6e4010b0b47f759d8036d192eebb5ecdeb048e","sellTxId":"MM-P-10284952-57268946-3-1-0"}
{"index": {"_index":"leo","_id":"1503784"}}
	{"id":1503784,"type":"buy","buyer":"abh12345","seller":"solovey6o2","symbol":"LEO","quantity":"406.024","price":"0.32971932","timestamp":1631192229,"volume":"133.87395718","buyTxId":"6d6e4010b0b47f759d8036d192eebb5ecdeb048e","sellTxId":"da2f09164d51fb4f15a82c0c3b5a464681fa85e8"}
{"index": {"_index":"leo","_id":"1503836"}}
	{"id":1503836,"type":"buy","buyer":"olympicdragon","seller":"enginemaker","symbol":"LEO","quantity":"2.972","price":"0.32968925","timestamp":1631193048,"volume":"0.98","buyTxId":"c10508fb74c7153449e20b3f21e704cd13ae9a5d","sellTxId":"MM-P-10289440-57273437-3-1-0"}
{"index": {"_index":"leo","_id":"1503858"}}
	{"id":1503858,"type":"sell","buyer":"edkarnie","seller":"davidfar","symbol":"LEO","quantity":"0.430","price":"0.31400000","timestamp":1631193723,"volume":"0.13502000","buyTxId":"217875ad5cf5268ca08d84f61244c76b0c4d65a9","sellTxId":"dd18d62a6f12b6497fd5cbd46ae43649193f63be"}
{"index": {"_index":"leo","_id":"1503859"}}
	{"id":1503859,"type":"buy","buyer":"edipascal","seller":"solovey6o2","symbol":"LEO","quantity":"685.000","price":"0.32966917","timestamp":1631193723,"volume":"225.82338145","buyTxId":"08706e34b1d8eb21ee0af854f48e13554b6cd255","sellTxId":"3a6f06730ccf77e64ef45938430a09ca92531dbb"}
{"index": {"_index":"leo","_id":"1503929"}}
	{"id":1503929,"type":"sell","buyer":"edkarnie","seller":"revisesociology","symbol":"LEO","quantity":"24.570","price":"0.31400000","timestamp":1631194827,"volume":"7.71498000","buyTxId":"217875ad5cf5268ca08d84f61244c76b0c4d65a9","sellTxId":"cd7a32d3cb99177df99f70fd5318d225dc3b506f"}
{"index": {"_index":"leo","_id":"1503983"}}
	{"id":1503983,"type":"sell","buyer":"solovey6o2","seller":"trumpman","symbol":"LEO","quantity":"24.240","price":"0.31338750","timestamp":1631195850,"volume":"7.59651300","buyTxId":"e17d6d41541e545e7df4f580c92daa65aa274b1f","sellTxId":"35fb27ec2dd6a9440cde331f8b9fbf3cc320b447"}
{"index": {"_index":"leo","_id":"1504005"}}
	{"id":1504005,"type":"sell","buyer":"solovey6o2","seller":"ikibaru-san","symbol":"LEO","quantity":"0.584","price":"0.31349752","timestamp":1631196291,"volume":"0.18308255","buyTxId":"00ec5119058354f5ceedfe61c56b3b9378651a03","sellTxId":"b96fa6898618b659730d87fbfaade7435bafa237"}
{"index": {"_index":"leo","_id":"1504008"}}
	{"id":1504008,"type":"buy","buyer":"steemstreems","seller":"revisesociology","symbol":"LEO","quantity":"4.847","price":"0.31400000","timestamp":1631196372,"volume":"1.522","buyTxId":"39fee869a29338f564f054db8a1d4c3543a89d0e","sellTxId":"cd7a32d3cb99177df99f70fd5318d225dc3b506f"}
{"index": {"_index":"leo","_id":"1504055"}}
	{"id":1504055,"type":"sell","buyer":"solovey6o2","seller":"aliveprojects","symbol":"LEO","quantity":"0.885","price":"0.31361755","timestamp":1631196792,"volume":"0.27755153","buyTxId":"64b3039d653e19bd12d492dbc9bccc0bc4241ebc","sellTxId":"b9c135c9b9ccbebdef12bd1bd24dc843a45ba4db"}
{"index": {"_index":"leo","_id":"1504106"}}
	{"id":1504106,"type":"buy","buyer":"steemstreems","seller":"thisismylife","symbol":"LEO","quantity":"1.060","price":"0.31362000","timestamp":1631197353,"volume":"0.33243720","buyTxId":"525cf05a169bd24d953ca9314b0433dccc0ff060","sellTxId":"bbd5d9126b8ae761b13fd13214b8b8e6e127a14b"}
{"index": {"_index":"leo","_id":"1504107"}}
	{"id":1504107,"type":"buy","buyer":"steemstreems","seller":"revisesociology","symbol":"LEO","quantity":"15.583","price":"0.31400000","timestamp":1631197353,"volume":"4.89306200","buyTxId":"525cf05a169bd24d953ca9314b0433dccc0ff060","sellTxId":"cd7a32d3cb99177df99f70fd5318d225dc3b506f"}
{"index": {"_index":"leo","_id":"1504108"}}
	{"id":1504108,"type":"buy","buyer":"steemstreems","seller":"ripazha","symbol":"LEO","quantity":"12.041","price":"0.31998998","timestamp":1631197353,"volume":"3.85309353","buyTxId":"525cf05a169bd24d953ca9314b0433dccc0ff060","sellTxId":"cc7c0466de22bf3c4bc431b0cce537c2722c36da-2"}
{"index": {"_index":"leo","_id":"1504147"}}
	{"id":1504147,"type":"sell","buyer":"freebornsociety","seller":"thatcryptodave","symbol":"LEO","quantity":"1.448","price":"0.31371900","timestamp":1631198010,"volume":"0.45426511","buyTxId":"MM-P-10291084-57275081-3-4-0","sellTxId":"02d5fbdabef54ddf6dd2e1e114906b000ace2d14"}
{"index": {"_index":"leo","_id":"1504214"}}
	{"id":1504214,"type":"sell","buyer":"freebornsociety","seller":"elyelma","symbol":"LEO","quantity":"4.528","price":"0.31371900","timestamp":1631198928,"volume":"1.42051963","buyTxId":"MM-P-10291084-57275081-3-4-0","sellTxId":"45549b7d830fddfb86ab6b1bef07474650fd1264"}
{"index": {"_index":"leo","_id":"1504215"}}
	{"id":1504215,"type":"sell","buyer":"alokkumar121","seller":"elyelma","symbol":"LEO","quantity":"80.471","price":"0.31361900","timestamp":1631198928,"volume":"25.23723455","buyTxId":"c90e5f0d2a5b0b712360481986ec44fa5bb7c577","sellTxId":"45549b7d830fddfb86ab6b1bef07474650fd1264"}
{"index": {"_index":"leo","_id":"1504304"}}
	{"id":1504304,"type":"sell","buyer":"alokkumar121","seller":"captainquack22","symbol":"LEO","quantity":"1.206","price":"0.31372000","timestamp":1631200317,"volume":"0.37834632","buyTxId":"b54b57e109dac8a312ab81b8c06e473842d88548","sellTxId":"59996df99cd73e96821754bf49ce07c070ba2ec3"}
{"index": {"_index":"leo","_id":"1504350"}}
	{"id":1504350,"type":"sell","buyer":"freebornsociety","seller":"sozdemir","symbol":"LEO","quantity":"93.805","price":"0.31382000","timestamp":1631201238,"volume":"29.43788510","buyTxId":"MM-P-10291883-57275880-3-4-0","sellTxId":"821451c02546c34c2260c62258c257ce11cb649e"}
{"index": {"_index":"leo","_id":"1504381"}}
	{"id":1504381,"type":"sell","buyer":"freebornsociety","seller":"brutalmonkey","symbol":"LEO","quantity":"1.180","price":"0.31382000","timestamp":1631201790,"volume":"0.37030760","buyTxId":"MM-P-10291883-57275880-3-4-0","sellTxId":"81e87bb66b8a31946301b2688df7d58486cc080c"}
{"index": {"_index":"leo","_id":"1504511"}}
	{"id":1504511,"type":"sell","buyer":"anadolu","seller":"brofi-market","symbol":"LEO","quantity":"8.137","price":"0.31400000","timestamp":1631203929,"volume":"2.55501800","buyTxId":"59d1d482078f4534fbed13ff6680ab8961c39aa4","sellTxId":"4d56e15c8959a1a8c7e4ea254a468f6b21d9d2d9"}
{"index": {"_index":"leo","_id":"1504528"}}
	{"id":1504528,"type":"buy","buyer":"bitcoinflood","seller":"enginemaker","symbol":"LEO","quantity":"20.164","price":"0.31998999","timestamp":1631204061,"volume":"6.45227816","buyTxId":"7e89033940d4b90e35a17edffd7b6d51ec9611f9","sellTxId":"MM-P-10290837-57274834-3-1-0"}
{"index": {"_index":"leo","_id":"1504604"}}
	{"id":1504604,"type":"sell","buyer":"anadolu","seller":"peerfinance","symbol":"LEO","quantity":"0.717","price":"0.31400000","timestamp":1631204970,"volume":"0.22513800","buyTxId":"59d1d482078f4534fbed13ff6680ab8961c39aa4","sellTxId":"6ad8fba3795b9c07317c7fbdf0e5b821db818f91"}
{"index": {"_index":"leo","_id":"1504624"}}
	{"id":1504624,"type":"buy","buyer":"edkarnie","seller":"enginemaker","symbol":"LEO","quantity":"8.137","price":"0.31998999","timestamp":1631205705,"volume":"2.60375855","buyTxId":"3a6c1d3b487edc01e52f614838311864fc93cac8","sellTxId":"MM-P-10290837-57274834-3-1-0"}
{"index": {"_index":"leo","_id":"1504625"}}
	{"id":1504625,"type":"sell","buyer":"edkarnie","seller":"silvertop","symbol":"LEO","quantity":"10.952","price":"0.31500000","timestamp":1631205717,"volume":"3.44988000","buyTxId":"f05315c34b17ca41bc7cfd4ae1dfff09328dc04b","sellTxId":"3d83ec39e8977941c55ff1ea61dc997b6f157faf"}
{"index": {"_index":"leo","_id":"1504632"}}
	{"id":1504632,"type":"buy","buyer":"edkarnie","seller":"enginemaker","symbol":"LEO","quantity":"8.137","price":"0.31998999","timestamp":1631205768,"volume":"2.60375855","buyTxId":"605f86c7e83338440cf7afe4303909462a751997","sellTxId":"MM-P-10290837-57274834-3-1-0"}
{"index": {"_index":"leo","_id":"1504648"}}
	{"id":1504648,"type":"sell","buyer":"edkarnie","seller":"rishi556","symbol":"LEO","quantity":"1.929","price":"0.31500000","timestamp":1631205936,"volume":"0.60763500","buyTxId":"f05315c34b17ca41bc7cfd4ae1dfff09328dc04b","sellTxId":"cb2a9cc6574e4beb1aa326a1d4b772cf78216b0f-1"}
{"index": {"_index":"leo","_id":"1504660"}}
	{"id":1504660,"type":"buy","buyer":"edkarnie","seller":"enginemaker","symbol":"LEO","quantity":"5.000","price":"0.31998999","timestamp":1631206044,"volume":"1.59994995","buyTxId":"ffb3a2af9d9cf3ac1cf0fa477af70dd362868452","sellTxId":"MM-P-10290837-57274834-3-1-0"}
{"index": {"_index":"leo","_id":"1504670"}}
	{"id":1504670,"type":"buy","buyer":"bitcoinflood","seller":"enginemaker","symbol":"LEO","quantity":"3.990","price":"0.31998999","timestamp":1631206158,"volume":"1.27676006","buyTxId":"34f29c1e773a5b6bf6bbf0f28150cdba282d3234","sellTxId":"MM-P-10290837-57274834-3-1-0"}
{"index": {"_index":"leo","_id":"1504701"}}
	{"id":1504701,"type":"sell","buyer":"edkarnie","seller":"whatamidoing","symbol":"LEO","quantity":"12.119","price":"0.31500000","timestamp":1631206833,"volume":"3.81748500","buyTxId":"f05315c34b17ca41bc7cfd4ae1dfff09328dc04b","sellTxId":"072e0ec4206ad7799b6307c551ee6676b1f11e8d"}
{"index": {"_index":"leo","_id":"1504708"}}
	{"id":1504708,"type":"sell","buyer":"anadolu","seller":"resiliencia","symbol":"LEO","quantity":"22.066","price":"0.31400000","timestamp":1631206995,"volume":"6.92872400","buyTxId":"59d1d482078f4534fbed13ff6680ab8961c39aa4","sellTxId":"8a14ec6c9699e187b4a81df91921b91845c73efb"}
{"index": {"_index":"leo","_id":"1504732"}}
	{"id":1504732,"type":"sell","buyer":"anadolu","seller":"lisamgentile1961","symbol":"LEO","quantity":"3.429","price":"0.31400000","timestamp":1631207727,"volume":"1.07670600","buyTxId":"59d1d482078f4534fbed13ff6680ab8961c39aa4","sellTxId":"3603d5ecd36220fcbadfba0c67ea79e80101a836"}
{"index": {"_index":"leo","_id":"1504747"}}
	{"id":1504747,"type":"buy","buyer":"alokkumar121","seller":"whatamidoing","symbol":"LEO","quantity":"36.530","price":"0.31500000","timestamp":1631208480,"volume":"11.50695000","buyTxId":"597ddf1a861cf86cb0531f9a148531efe94a3343","sellTxId":"072e0ec4206ad7799b6307c551ee6676b1f11e8d"}
{"index": {"_index":"leo","_id":"1504760"}}
	{"id":1504760,"type":"sell","buyer":"anadolu","seller":"kevinnag58","symbol":"LEO","quantity":"20","price":"0.31400000","timestamp":1631208654,"volume":"6.28000000","buyTxId":"59d1d482078f4534fbed13ff6680ab8961c39aa4","sellTxId":"7816bb56dc5219b2a6ddebb0ee5a17e69ee39609"}
{"index": {"_index":"leo","_id":"1504974"}}
	{"id":1504974,"type":"sell","buyer":"anadolu","seller":"talentclub","symbol":"LEO","quantity":"2.122","price":"0.31400000","timestamp":1631211540,"volume":"0.66630800","buyTxId":"59d1d482078f4534fbed13ff6680ab8961c39aa4","sellTxId":"a274de89df326d0e94da75d79867243c5ed49b1d"}
{"index": {"_index":"leo","_id":"1505121"}}
	{"id":1505121,"type":"sell","buyer":"enginemaker","seller":"chireerocks","symbol":"LEO","quantity":"6.712","price":"0.31375002","timestamp":1631214444,"volume":"2.10589013","buyTxId":"MM-P-10294826-57278824-3-1-0","sellTxId":"206228edb1ae373648303bb0df13e87380cc613d"}
{"index": {"_index":"leo","_id":"1505212"}}
	{"id":1505212,"type":"sell","buyer":"enginemaker","seller":"thatsweeneyguy","symbol":"LEO","quantity":"5.683","price":"0.31375002","timestamp":1631215842,"volume":"1.78304136","buyTxId":"MM-P-10294826-57278824-3-1-0","sellTxId":"fe91d025b97a7c684c4b5ca25e900df5ebb99118"}
{"index": {"_index":"leo","_id":"1505276"}}
	{"id":1505276,"type":"sell","buyer":"enginemaker","seller":"toofasteddie","symbol":"LEO","quantity":"10.698","price":"0.31375002","timestamp":1631216718,"volume":"3.35649771","buyTxId":"MM-P-10294826-57278824-3-1-0","sellTxId":"35bc1582917986a0c191dfadd4c3d50b1859df45"}
{"index": {"_index":"leo","_id":"1505286"}}
	{"id":1505286,"type":"buy","buyer":"bitcoinflood","seller":"whatamidoing","symbol":"LEO","quantity":"0.005","price":"0.31500000","timestamp":1631216940,"volume":"0.00157500","buyTxId":"16b69d0a2f40e50b5b554fea09b2c9c95dcf9471","sellTxId":"072e0ec4206ad7799b6307c551ee6676b1f11e8d"}
{"index": {"_index":"leo","_id":"1505303"}}
	{"id":1505303,"type":"buy","buyer":"mindtrap-leo","seller":"enginemaker","symbol":"LEO","quantity":"26.500","price":"0.31998999","timestamp":1631217372,"volume":"8.47973474","buyTxId":"639615b7581a418ac1abcbc594b8eb26f3685bed","sellTxId":"MM-P-10290837-57274834-3-1-0"}
{"index": {"_index":"leo","_id":"1505371"}}
	{"id":1505371,"type":"buy","buyer":"ugochill","seller":"enginemaker","symbol":"LEO","quantity":"0.200","price":"0.31998999","timestamp":1631219079,"volume":"0.06399800","buyTxId":"ba30af7df2c2f2d048e9cd4e62b4d55b2da1022f","sellTxId":"MM-P-10290837-57274834-3-1-0"}
{"index": {"_index":"leo","_id":"1505484"}}
	{"id":1505484,"type":"sell","buyer":"coininstant","seller":"nyxlabs","symbol":"LEO","quantity":"3.183","price":"0.31376000","timestamp":1631222844,"volume":"0.99869808","buyTxId":"42428dd928a01f0613e925bc7788329458a59b58","sellTxId":"1c2150ebf058631f4cf2657f1530d930d9d28f0f"}
{"index": {"_index":"leo","_id":"1505485"}}
	{"id":1505485,"type":"sell","buyer":"enginemaker","seller":"nyxlabs","symbol":"LEO","quantity":"131.372","price":"0.31375002","timestamp":1631222844,"volume":"41.21796763","buyTxId":"MM-P-10294826-57278824-3-1-0","sellTxId":"1c2150ebf058631f4cf2657f1530d930d9d28f0f"}
{"index": {"_index":"leo","_id":"1505530"}}
	{"id":1505530,"type":"sell","buyer":"enginemaker","seller":"harveyword","symbol":"LEO","quantity":"0.051","price":"0.31375002","timestamp":1631223657,"volume":"0.01600125","buyTxId":"MM-P-10294826-57278824-3-1-0","sellTxId":"7608e00161e531cc248fbb029e47b008a581b76e"}
{"index": {"_index":"leo","_id":"1505567"}}
	{"id":1505567,"type":"sell","buyer":"enginemaker","seller":"elevator09","symbol":"LEO","quantity":"0.263","price":"0.31375002","timestamp":1631224629,"volume":"0.08251626","buyTxId":"MM-P-10294826-57278824-3-1-0","sellTxId":"a93763db16a3e1fd09d54781ffcd8d2536221c3e"}
{"index": {"_index":"leo","_id":"1505590"}}
	{"id":1505590,"type":"sell","buyer":"enginemaker","seller":"droida","symbol":"LEO","quantity":"163.946","price":"0.31375002","timestamp":1631225232,"volume":"51.43806078","buyTxId":"MM-P-10294826-57278824-3-1-0","sellTxId":"66078fbecdc0be8a4d3a414f3c14f41f99b89a31"}
{"index": {"_index":"leo","_id":"1505642"}}
	{"id":1505642,"type":"sell","buyer":"pinkfloyd878","seller":"cccf","symbol":"LEO","quantity":"0.525","price":"0.31269739","timestamp":1631226345,"volume":"0.16416613","buyTxId":"6cde463467c1995f468e7996c25c287a6fc5399a","sellTxId":"2afba604190d3e64328fd51183414ed29dd2d7cd"}
{"index": {"_index":"leo","_id":"1505653"}}
	{"id":1505653,"type":"sell","buyer":"pinkfloyd878","seller":"valchiz","symbol":"LEO","quantity":"4.475","price":"0.31269739","timestamp":1631226576,"volume":"1.39932082","buyTxId":"6cde463467c1995f468e7996c25c287a6fc5399a","sellTxId":"61a16e273b2bea553ae1cbc0a59c47501723fe53"}
{"index": {"_index":"leo","_id":"1505654"}}
	{"id":1505654,"type":"sell","buyer":"edkarnie","seller":"valchiz","symbol":"LEO","quantity":"26.525","price":"0.31000000","timestamp":1631226576,"volume":"8.22275000","buyTxId":"b023747a22d31fa60e72247f0f0c4fdcc19e1630","sellTxId":"61a16e273b2bea553ae1cbc0a59c47501723fe53"}
{"index": {"_index":"leo","_id":"1505684"}}
	{"id":1505684,"type":"sell","buyer":"pi-trader","seller":"pixelfan","symbol":"LEO","quantity":"0.440","price":"0.31000001","timestamp":1631227059,"volume":"0.13640000","buyTxId":"c365a6b9071951f2d5e383a060a6ae8eb59bcd15","sellTxId":"d47e03548ce65af9ef717f4d2a9b8974a18cade8"}
{"index": {"_index":"leo","_id":"1505892"}}
	{"id":1505892,"type":"sell","buyer":"pi-trader","seller":"aotearoa","symbol":"LEO","quantity":"0.019","price":"0.31000001","timestamp":1631232786,"volume":"0.00589000","buyTxId":"156e2773076d31bad5d36eeab0d405c3dddf881c-1","sellTxId":"ac38660414dc69cd03311ad6c48d0abacffa13e6"}
{"index": {"_index":"leo","_id":"1505975"}}
	{"id":1505975,"type":"sell","buyer":"pi-trader","seller":"mvl2304","symbol":"LEO","quantity":"3.374","price":"0.31000001","timestamp":1631235621,"volume":"1.04594003","buyTxId":"a423a0236d930ada3c2b8eca4c7a3c0d487dbbb9-1","sellTxId":"fff68fe5be7893134e10ec0f0c2d3814988310bf"}
{"index": {"_index":"leo","_id":"1506014"}}
	{"id":1506014,"type":"sell","buyer":"pi-trader","seller":"blue.rabbit","symbol":"LEO","quantity":"1.247","price":"0.31000001","timestamp":1631236338,"volume":"0.38657001","buyTxId":"3b23fa7c6a4a10bddeeeb00ea34fd89acc43d281-1","sellTxId":"c6ac57c86d7a6d7463d2086f4fd78f49225c1f51"}
{"index": {"_index":"leo","_id":"1506062"}}
	{"id":1506062,"type":"sell","buyer":"pi-trader","seller":"michlo","symbol":"LEO","quantity":"0.008","price":"0.31000001","timestamp":1631238660,"volume":"0.00248000","buyTxId":"950c994a72e54607e3a5ae8ec7f5ac8711e92dee-1","sellTxId":"1b2e4ee0ab529e5b9a817ece081bf7ee6b27ff6c"}
{"index": {"_index":"leo","_id":"1506099"}}
	{"id":1506099,"type":"sell","buyer":"pi-trader","seller":"rob23","symbol":"LEO","quantity":"16.209","price":"0.31100001","timestamp":1631240166,"volume":"5.04099916","buyTxId":"3a7066055daa225768ef59d97703af25fce05151-1","sellTxId":"c29434609be22f64c2a3bc1f19318e02abd0337b"}
{"index": {"_index":"leo","_id":"1506138"}}
	{"id":1506138,"type":"sell","buyer":"pi-trader","seller":"archon-drips","symbol":"LEO","quantity":"0.001","price":"0.31100002","timestamp":1631240724,"volume":"0.00031100","buyTxId":"bd9d32a1e754515ee0d8f16ceec02a883418058a-1","sellTxId":"06c13d40b772022a3dd7e297a30b41f075e18fe2"}
{"index": {"_index":"leo","_id":"1506143"}}
	{"id":1506143,"type":"buy","buyer":"edkarnie","seller":"droida","symbol":"LEO","quantity":"23.000","price":"0.31800000","timestamp":1631240799,"volume":"7.31400000","buyTxId":"371c3c888ecd29004c47f72b34806efe585d3e36","sellTxId":"59490eabd825e87555427fb2dded53b541ece126"}
{"index": {"_index":"leo","_id":"1506148"}}
	{"id":1506148,"type":"sell","buyer":"pi-trader","seller":"cliffagreen","symbol":"LEO","quantity":"0.948","price":"0.31100002","timestamp":1631240862,"volume":"0.29482802","buyTxId":"3320928d9891334ab895d2854c42eeb051053c60-1","sellTxId":"d9ede4f02d447d716c9fdfbfe4a06e5a89e47516"}
{"index": {"_index":"leo","_id":"1506192"}}
	{"id":1506192,"type":"sell","buyer":"pi-trader","seller":"themightyvolcano","symbol":"LEO","quantity":"1.900","price":"0.31100002","timestamp":1631241663,"volume":"0.59090004","buyTxId":"7463755d592a7d38bce8d5607ae11cac8d384251-1","sellTxId":"0617318115907235886ef3efc3882d76125cc9f3"}
