{"index": {"_index":"leo","_id":"4102274"}}
	{"id":4102274,"type":"buy","buyer":"samsmith1971","seller":"leomaker","symbol":"LEO","quantity":"3.048","price":"0.14899900","timestamp":1660097934,"volume":"0.45414895","buyTxId":"6147052fb9fa88491111a6644c18e187712c2fd5","sellTxId":"ab73f8d2ca297b9a7f213e8efdc524e8622fae99"}
{"index": {"_index":"leo","_id":"4102278"}}
	{"id":4102278,"type":"buy","buyer":"samsmith1971","seller":"pi-trader","symbol":"LEO","quantity":"50.000","price":"0.14899999","timestamp":1660097982,"volume":"7.44999950","buyTxId":"403920e4415c45251d068904d0d08917e0a5dd8d","sellTxId":"0f2991a37575c6a7b4f2f34ee7722af677932df7-3"}
{"index": {"_index":"leo","_id":"4102386"}}
	{"id":4102386,"type":"sell","buyer":"naughtiusmaximus","seller":"steem82868","symbol":"LEO","quantity":"0.808","price":"0.13302210","timestamp":1660099356,"volume":"0.10748186","buyTxId":"502e44a1c64ece47f457a9ae8e768981cbf2398c","sellTxId":"4b781150b8d8d58efb80b6bdc4c50d58043f6e3e"}
{"index": {"_index":"leo","_id":"4102612"}}
	{"id":4102612,"type":"sell","buyer":"leomaker","seller":"finguru","symbol":"LEO","quantity":"2.895","price":"0.13304200","timestamp":1660102746,"volume":"0.38515659","buyTxId":"ef2473c3cbc4e255ec81ca9b28e17350c2e88bb9","sellTxId":"b00480809cf65479360c54718a9b8e94bd2e9e3f"}
{"index": {"_index":"leo","_id":"4102613"}}
	{"id":4102613,"type":"sell","buyer":"naughtiusmaximus","seller":"finguru","symbol":"LEO","quantity":"7.000","price":"0.13304010","timestamp":1660102746,"volume":"0.93128070","buyTxId":"c4a08a3c9453ace0c9d574cb5945e3ac920e8b6d","sellTxId":"b00480809cf65479360c54718a9b8e94bd2e9e3f"}
{"index": {"_index":"leo","_id":"4102614"}}
	{"id":4102614,"type":"sell","buyer":"pi-trader","seller":"finguru","symbol":"LEO","quantity":"240.105","price":"0.13304001","timestamp":1660102746,"volume":"31.94357160","buyTxId":"85dfb1cc0a809a4c91d4cb67c0a14549349d1dae-1","sellTxId":"b00480809cf65479360c54718a9b8e94bd2e9e3f"}
{"index": {"_index":"leo","_id":"4102694"}}
	{"id":4102694,"type":"sell","buyer":"leomaker","seller":"pob.curator","symbol":"LEO","quantity":"1.645","price":"0.13304200","timestamp":1660104057,"volume":"0.21885409","buyTxId":"7b73ef0eb75e33263c68392d876f79aee5cd35ac","sellTxId":"d878ee4fb9619dd4f1fffd5b35ef2c2beeacba6d"}
{"index": {"_index":"leo","_id":"4102699"}}
	{"id":4102699,"type":"sell","buyer":"leomaker","seller":"helios.voter","symbol":"LEO","quantity":"0.679","price":"0.13304200","timestamp":1660104225,"volume":"0.09033552","buyTxId":"7b73ef0eb75e33263c68392d876f79aee5cd35ac","sellTxId":"0667418982ecba76fe9127bbb5cb1c6b35b41258"}
{"index": {"_index":"leo","_id":"4102735"}}
	{"id":4102735,"type":"sell","buyer":"leomaker","seller":"amigareaction","symbol":"LEO","quantity":"0.248","price":"0.13305200","timestamp":1660104774,"volume":"0.03299690","buyTxId":"774c2d3fde2bd40a56cb4191cc5afda304db152a","sellTxId":"153be9aad42a4f9873839164ce46507a90540cfc"}
{"index": {"_index":"leo","_id":"4102802"}}
	{"id":4102802,"type":"sell","buyer":"leomaker","seller":"financeadviser","symbol":"LEO","quantity":"2.583","price":"0.13305200","timestamp":1660105791,"volume":"0.34367331","buyTxId":"774c2d3fde2bd40a56cb4191cc5afda304db152a","sellTxId":"6878d04c43c5cee37834538f16b6dc74a1d1f358"}
{"index": {"_index":"leo","_id":"4102803"}}
	{"id":4102803,"type":"buy","buyer":"god0","seller":"financeadviser","symbol":"LEO","quantity":"9.265","price":"0.13305200","timestamp":1660105794,"volume":"1.23272678","buyTxId":"1773d4afba93e66d3c139204b3ddda04c44e834f-0","sellTxId":"6878d04c43c5cee37834538f16b6dc74a1d1f358"}
{"index": {"_index":"leo","_id":"4102894"}}
	{"id":4102894,"type":"sell","buyer":"leomaker","seller":"mawit07","symbol":"LEO","quantity":"2.770","price":"0.13306200","timestamp":1660107186,"volume":"0.36858174","buyTxId":"73ad8bd5711fb184e7e3d6068437fe81e5532e74","sellTxId":"0fe1d51aedaaa4bf9873dcced17a22c0787f93fe"}
{"index": {"_index":"leo","_id":"4102895"}}
	{"id":4102895,"type":"buy","buyer":"god0","seller":"mawit07","symbol":"LEO","quantity":"1.247","price":"0.13306138","timestamp":1660107186,"volume":"0.16592754","buyTxId":"77137da704bf2e402076d71939df3cf9fdd3ae92-0","sellTxId":"0fe1d51aedaaa4bf9873dcced17a22c0787f93fe"}
{"index": {"_index":"leo","_id":"4102899"}}
	{"id":4102899,"type":"buy","buyer":"leomaker","seller":"mawit07","symbol":"LEO","quantity":"0.001","price":"0.13306138","timestamp":1660107387,"volume":"0.00013306","buyTxId":"f28cfdd08650e891290f0647697150c12d532bf7","sellTxId":"0fe1d51aedaaa4bf9873dcced17a22c0787f93fe"}
{"index": {"_index":"leo","_id":"4102966"}}
	{"id":4102966,"type":"sell","buyer":"leomaker","seller":"hive-homeland","symbol":"LEO","quantity":"2.740","price":"0.13306200","timestamp":1660108452,"volume":"0.36458988","buyTxId":"f28cfdd08650e891290f0647697150c12d532bf7","sellTxId":"757a06ca2e391b87f2c330091e832fa03b02f9ae"}
{"index": {"_index":"leo","_id":"4102967"}}
	{"id":4102967,"type":"sell","buyer":"pi-trader","seller":"hive-homeland","symbol":"LEO","quantity":"49.260","price":"0.13306001","timestamp":1660108452,"volume":"6.55453609","buyTxId":"03c41c5ddf5ea36ea050f23e50a83f0fce8319a5-1","sellTxId":"757a06ca2e391b87f2c330091e832fa03b02f9ae"}
{"index": {"_index":"leo","_id":"4103142"}}
	{"id":4103142,"type":"sell","buyer":"leomaker","seller":"aljif7","symbol":"LEO","quantity":"2.650","price":"0.13308200","timestamp":1660111272,"volume":"0.35266730","buyTxId":"144c985e4b9f2fd167cfada8df3269f3fd2ef487","sellTxId":"b16f702582e55f0334114b5cf3e8b9d55b705f8a"}
{"index": {"_index":"leo","_id":"4103143"}}
	{"id":4103143,"type":"sell","buyer":"pi-trader","seller":"aljif7","symbol":"LEO","quantity":"300.000","price":"0.13308001","timestamp":1660111272,"volume":"39.92400300","buyTxId":"64fbfe5ab11d592e382308f81c4f19ee3c8aa316-3","sellTxId":"b16f702582e55f0334114b5cf3e8b9d55b705f8a"}
{"index": {"_index":"leo","_id":"4103144"}}
	{"id":4103144,"type":"sell","buyer":"onlydoge","seller":"aljif7","symbol":"LEO","quantity":"138.438","price":"0.13308000","timestamp":1660111272,"volume":"18.42332904","buyTxId":"f7362cefe236b00641204954623adb7348a80bcf","sellTxId":"b16f702582e55f0334114b5cf3e8b9d55b705f8a"}
{"index": {"_index":"leo","_id":"4103262"}}
	{"id":4103262,"type":"sell","buyer":"leomaker","seller":"acesontop","symbol":"LEO","quantity":"2.623","price":"0.13308200","timestamp":1660112505,"volume":"0.34907409","buyTxId":"24f9278512b5be484293a8039068793c4144bb9f","sellTxId":"fb87017f4c6e032fc0a2bb5478a7859c48b0df49"}
{"index": {"_index":"leo","_id":"4103263"}}
	{"id":4103263,"type":"sell","buyer":"pi-trader","seller":"acesontop","symbol":"LEO","quantity":"27.377","price":"0.13308001","timestamp":1660112505,"volume":"3.64333143","buyTxId":"bb997b584ad054e9768848ce1f05c9d1fbd3e560-1","sellTxId":"fb87017f4c6e032fc0a2bb5478a7859c48b0df49"}
{"index": {"_index":"leo","_id":"4103446"}}
	{"id":4103446,"type":"sell","buyer":"leomaker","seller":"kolbjorn","symbol":"LEO","quantity":"2.596","price":"0.13308200","timestamp":1660116018,"volume":"0.34548087","buyTxId":"6696db5cd4b5f8ab62d6ef8c68109b939b88c9ca","sellTxId":"94fa96709d1f45e0e1d36fb2085757d8774b808c"}
{"index": {"_index":"leo","_id":"4103447"}}
	{"id":4103447,"type":"sell","buyer":"pi-trader","seller":"kolbjorn","symbol":"LEO","quantity":"67.423","price":"0.13307201","timestamp":1660116018,"volume":"8.97211413","buyTxId":"bc7ee09078cb58162ad47fc29ab8ba8ab6e80526-1","sellTxId":"94fa96709d1f45e0e1d36fb2085757d8774b808c"}
{"index": {"_index":"leo","_id":"4103633"}}
	{"id":4103633,"type":"sell","buyer":"leomaker","seller":"chekohler","symbol":"LEO","quantity":"1.943","price":"0.13307400","timestamp":1660118265,"volume":"0.25856278","buyTxId":"e3191a8fc3467046fa05762f50ca97b094642635","sellTxId":"21034d778177487ca81c39004ad82fd678f5817a"}
{"index": {"_index":"leo","_id":"4103660"}}
	{"id":4103660,"type":"sell","buyer":"leomaker","seller":"finguru","symbol":"LEO","quantity":"0.633","price":"0.13307400","timestamp":1660118733,"volume":"0.08423584","buyTxId":"e3191a8fc3467046fa05762f50ca97b094642635","sellTxId":"96b3f359e4ca2559ae44c6b0327a483ba7caa472"}
{"index": {"_index":"leo","_id":"4103661"}}
	{"id":4103661,"type":"sell","buyer":"pi-trader","seller":"finguru","symbol":"LEO","quantity":"246.038","price":"0.13307201","timestamp":1660118733,"volume":"32.74077120","buyTxId":"182c4043c802e6a56ee9c63e012036d189e72ff3-4","sellTxId":"96b3f359e4ca2559ae44c6b0327a483ba7caa472"}
{"index": {"_index":"leo","_id":"4103662"}}
	{"id":4103662,"type":"sell","buyer":"pi-trader","seller":"pieternijmeijer","symbol":"LEO","quantity":"0.922","price":"0.13307201","timestamp":1660118751,"volume":"0.12269239","buyTxId":"b26ca4a11832536461d68ce87529b4d362c891f7-4","sellTxId":"c4c3c19c0b9ea70aa12a9a3192bbe814a2bf5251"}
{"index": {"_index":"leo","_id":"4103719"}}
	{"id":4103719,"type":"buy","buyer":"uyobong","seller":"leomaker","symbol":"LEO","quantity":"3.133","price":"0.13899900","timestamp":1660119780,"volume":"0.43548387","buyTxId":"f7105635a159969c87ddf451eedb9033f00b4d9b","sellTxId":"d5dcf2f567b474da07eb76cc583fbc8013fce36d"}
{"index": {"_index":"leo","_id":"4103720"}}
	{"id":4103720,"type":"sell","buyer":"uyobong","seller":"god0","symbol":"LEO","quantity":"96.866","price":"0.13899900","timestamp":1660119780,"volume":"13.46427713","buyTxId":"f7105635a159969c87ddf451eedb9033f00b4d9b","sellTxId":"ba7e8178ca83ed941cb3930b7db92d7541bc8014-1"}
{"index": {"_index":"leo","_id":"4103721"}}
	{"id":4103721,"type":"sell","buyer":"uyobong","seller":"svirus","symbol":"LEO","quantity":"0.001","price":"0.13899900","timestamp":1660119783,"volume":"0.00013900","buyTxId":"f7105635a159969c87ddf451eedb9033f00b4d9b","sellTxId":"722e91df39941f46366b8d5d3cf2f69bf36203f2-1"}
{"index": {"_index":"leo","_id":"4103798"}}
	{"id":4103798,"type":"buy","buyer":"god0","seller":"damla","symbol":"LEO","quantity":"0.167","price":"0.13307401","timestamp":1660121442,"volume":"0.02222336","buyTxId":"6952f88875fe2387dde5adc95d06776cfc1e2bfc-0","sellTxId":"752ddaa4a911c2da2727868c03ba1e5a7e5be3b3"}
{"index": {"_index":"leo","_id":"4103808"}}
	{"id":4103808,"type":"buy","buyer":"karamyog","seller":"leomaker","symbol":"LEO","quantity":"1.579","price":"0.14795900","timestamp":1660121664,"volume":"0.23362726","buyTxId":"9d097e3c0719c6fcf21184fe9a71d6461610089b","sellTxId":"781b9faf945afbb75e0d906d1e767cf449787497"}
{"index": {"_index":"leo","_id":"4103923"}}
	{"id":4103923,"type":"sell","buyer":"leomaker","seller":"shortsegments","symbol":"LEO","quantity":"2.548","price":"0.13307400","timestamp":1660123344,"volume":"0.33907255","buyTxId":"90e3b1400faba75106c6fb08f1dc2def4fa71426","sellTxId":"1fc68000c186e676681842412bbf7d47672a0dcb"}
{"index": {"_index":"leo","_id":"4103924"}}
	{"id":4103924,"type":"buy","buyer":"god0","seller":"shortsegments","symbol":"LEO","quantity":"297.452","price":"0.13307369","timestamp":1660123344,"volume":"39.58303524","buyTxId":"7497aa3e1955474c03d6b30a7d490aa0868bfb2c-0","sellTxId":"1fc68000c186e676681842412bbf7d47672a0dcb"}
{"index": {"_index":"leo","_id":"4103925"}}
	{"id":4103925,"type":"sell","buyer":"pi-trader","seller":"shortsegments","symbol":"LEO","quantity":"300.000","price":"0.13307201","timestamp":1660123389,"volume":"39.92160300","buyTxId":"3fa7c36c868ea2b08ac05cfe74b39b9d33220714-2","sellTxId":"a5659d455e960f76e29d5caf61f3788e72049438"}
{"index": {"_index":"leo","_id":"4103929"}}
	{"id":4103929,"type":"sell","buyer":"leomaker","seller":"shortsegments","symbol":"LEO","quantity":"2.681","price":"0.13307200","timestamp":1660123458,"volume":"0.35676603","buyTxId":"fe2b68eb5f7de0ecda1506c6711d54c245f6276e","sellTxId":"a20502aa7922fa12361b3b01eacec707a2dfd176"}
{"index": {"_index":"leo","_id":"4103930"}}
	{"id":4103930,"type":"buy","buyer":"god0","seller":"shortsegments","symbol":"LEO","quantity":"127.319","price":"0.13307200","timestamp":1660123458,"volume":"16.94259397","buyTxId":"b1d8e45e24a8f4bb588bac9069c9683c1c1228ba-0","sellTxId":"a20502aa7922fa12361b3b01eacec707a2dfd176"}
{"index": {"_index":"leo","_id":"4103956"}}
	{"id":4103956,"type":"buy","buyer":"thegoliath","seller":"elon.curator","symbol":"LEO","quantity":"0.038","price":"0.14795800","timestamp":1660123590,"volume":"0.00562240","buyTxId":"c69e43ede98e6362008a3c12e627890f6b12ecad","sellTxId":"0cde6e663928af139d39a174fdb7484add01c4b8"}
{"index": {"_index":"leo","_id":"4103957"}}
	{"id":4103957,"type":"buy","buyer":"thegoliath","seller":"leomaker","symbol":"LEO","quantity":"1.610","price":"0.14795900","timestamp":1660123590,"volume":"0.23821399","buyTxId":"c69e43ede98e6362008a3c12e627890f6b12ecad","sellTxId":"781b9faf945afbb75e0d906d1e767cf449787497"}
{"index": {"_index":"leo","_id":"4103958"}}
	{"id":4103958,"type":"buy","buyer":"thegoliath","seller":"pi-trader","symbol":"LEO","quantity":"100.000","price":"0.14797899","timestamp":1660123590,"volume":"14.79789900","buyTxId":"c69e43ede98e6362008a3c12e627890f6b12ecad","sellTxId":"b24c8c0d75f93d18c91902d56f3af1f2e8cbef5f-5"}
{"index": {"_index":"leo","_id":"4103959"}}
	{"id":4103959,"type":"buy","buyer":"thegoliath","seller":"leomaker","symbol":"LEO","quantity":"3.228","price":"0.14797900","timestamp":1660123590,"volume":"0.47767621","buyTxId":"c69e43ede98e6362008a3c12e627890f6b12ecad","sellTxId":"4fcbb686c938592ff801bcc48920293415bc707b"}
{"index": {"_index":"leo","_id":"4103960"}}
	{"id":4103960,"type":"buy","buyer":"thegoliath","seller":"leomaker","symbol":"LEO","quantity":"3.326","price":"0.14798900","timestamp":1660123590,"volume":"0.49221141","buyTxId":"c69e43ede98e6362008a3c12e627890f6b12ecad","sellTxId":"39066477993f5fab2478d87a4e7039eea114fd57"}
{"index": {"_index":"leo","_id":"4103961"}}
	{"id":4103961,"type":"buy","buyer":"thegoliath","seller":"leomaker","symbol":"LEO","quantity":"3.269","price":"0.14799800","timestamp":1660123590,"volume":"0.48380546","buyTxId":"c69e43ede98e6362008a3c12e627890f6b12ecad","sellTxId":"b323a3af99fc7a4865a77c3e0957f765050e50fc"}
{"index": {"_index":"leo","_id":"4103962"}}
	{"id":4103962,"type":"buy","buyer":"thegoliath","seller":"marfonso","symbol":"LEO","quantity":"40.168","price":"0.14799879","timestamp":1660123590,"volume":"5.94481540","buyTxId":"c69e43ede98e6362008a3c12e627890f6b12ecad","sellTxId":"b36722311fdaad15f90902426c0d0e392656e597"}
{"index": {"_index":"leo","_id":"4103963"}}
	{"id":4103963,"type":"buy","buyer":"thegoliath","seller":"uyobong","symbol":"LEO","quantity":"100.000","price":"0.14800000","timestamp":1660123590,"volume":"14.80000000","buyTxId":"c69e43ede98e6362008a3c12e627890f6b12ecad","sellTxId":"c3f66fb359b78850da2fa9bba5a51338aa4a8046"}
{"index": {"_index":"leo","_id":"4103964"}}
	{"id":4103964,"type":"buy","buyer":"thegoliath","seller":"brianhuang","symbol":"LEO","quantity":"4.123","price":"0.14899879","timestamp":1660123590,"volume":"0.61432201","buyTxId":"c69e43ede98e6362008a3c12e627890f6b12ecad","sellTxId":"0c489ea72416cfffec20c93e19c45cb460a6b28e"}
{"index": {"_index":"leo","_id":"4103965"}}
	{"id":4103965,"type":"buy","buyer":"thegoliath","seller":"phaeton","symbol":"LEO","quantity":"0.469","price":"0.14899889","timestamp":1660123590,"volume":"0.06988048","buyTxId":"c69e43ede98e6362008a3c12e627890f6b12ecad","sellTxId":"ba45a2f8c98dbdebe567c0cb4d9632e4105ec01f"}
{"index": {"_index":"leo","_id":"4103966"}}
	{"id":4103966,"type":"buy","buyer":"thegoliath","seller":"naughtiusmaximus","symbol":"LEO","quantity":"3.000","price":"0.14899890","timestamp":1660123590,"volume":"0.44699670","buyTxId":"c69e43ede98e6362008a3c12e627890f6b12ecad","sellTxId":"a22243f29fb94c94e4a6cf23bd18501dbff0d6e7"}
{"index": {"_index":"leo","_id":"4103967"}}
	{"id":4103967,"type":"buy","buyer":"thegoliath","seller":"leomaker","symbol":"LEO","quantity":"2.960","price":"0.14899900","timestamp":1660123590,"volume":"0.44103704","buyTxId":"c69e43ede98e6362008a3c12e627890f6b12ecad","sellTxId":"45949647721ba18638096e28f878d2c08eb88ba6"}
{"index": {"_index":"leo","_id":"4103968"}}
	{"id":4103968,"type":"buy","buyer":"thegoliath","seller":"globalcurrencies","symbol":"LEO","quantity":"917.809","price":"0.14900000","timestamp":1660123590,"volume":"136.75354100","buyTxId":"c69e43ede98e6362008a3c12e627890f6b12ecad","sellTxId":"efaf9f42b712340625d60fb53636d10ff4d9a2ef"}
{"index": {"_index":"leo","_id":"4104003"}}
	{"id":4104003,"type":"sell","buyer":"leomaker","seller":"shortsegments","symbol":"LEO","quantity":"2.713","price":"0.13306200","timestamp":1660123821,"volume":"0.36099721","buyTxId":"e25f4a37937b27f254e1ada138e326e6e2b73b8a","sellTxId":"398311935091b070acffec5651f478abfea77aa4"}
{"index": {"_index":"leo","_id":"4104004"}}
	{"id":4104004,"type":"sell","buyer":"leomaker","seller":"shortsegments","symbol":"LEO","quantity":"2.803","price":"0.13305200","timestamp":1660123821,"volume":"0.37294476","buyTxId":"6dc7f314732211e9f80d357947998149beeb29d1","sellTxId":"398311935091b070acffec5651f478abfea77aa4"}
{"index": {"_index":"leo","_id":"4104005"}}
	{"id":4104005,"type":"sell","buyer":"leomaker","seller":"shortsegments","symbol":"LEO","quantity":"0.541","price":"0.13304200","timestamp":1660123821,"volume":"0.07197572","buyTxId":"7b73ef0eb75e33263c68392d876f79aee5cd35ac","sellTxId":"398311935091b070acffec5651f478abfea77aa4"}
{"index": {"_index":"leo","_id":"4104006"}}
	{"id":4104006,"type":"sell","buyer":"leomaker","seller":"shortsegments","symbol":"LEO","quantity":"2.927","price":"0.13303200","timestamp":1660123821,"volume":"0.38938466","buyTxId":"78f81098e9192d8f2a049d026db7849b03a47a20","sellTxId":"398311935091b070acffec5651f478abfea77aa4"}
{"index": {"_index":"leo","_id":"4104007"}}
	{"id":4104007,"type":"sell","buyer":"leomaker","seller":"shortsegments","symbol":"LEO","quantity":"2.959","price":"0.13302200","timestamp":1660123821,"volume":"0.39361210","buyTxId":"c3e0c83ff8011a7a2e3bee2c2e0269e33a8b0917","sellTxId":"398311935091b070acffec5651f478abfea77aa4"}
{"index": {"_index":"leo","_id":"4104008"}}
	{"id":4104008,"type":"sell","buyer":"leomaker","seller":"shortsegments","symbol":"LEO","quantity":"2.955","price":"0.13301200","timestamp":1660123821,"volume":"0.39305046","buyTxId":"501a139b4c61df18e14e46758a66c21b78169c33","sellTxId":"398311935091b070acffec5651f478abfea77aa4"}
{"index": {"_index":"leo","_id":"4104009"}}
	{"id":4104009,"type":"sell","buyer":"leomaker","seller":"shortsegments","symbol":"LEO","quantity":"2.948","price":"0.13300600","timestamp":1660123821,"volume":"0.39210169","buyTxId":"13b653d99e3083112a2e31d30eeb83d15040b04a","sellTxId":"398311935091b070acffec5651f478abfea77aa4"}
{"index": {"_index":"leo","_id":"4104010"}}
	{"id":4104010,"type":"sell","buyer":"pi-trader","seller":"shortsegments","symbol":"LEO","quantity":"282.154","price":"0.13300401","timestamp":1660123821,"volume":"37.52761344","buyTxId":"ad2232993c015f150ac70b444ac7cef8b223c42d-1","sellTxId":"398311935091b070acffec5651f478abfea77aa4"}
{"index": {"_index":"leo","_id":"4104019"}}
	{"id":4104019,"type":"sell","buyer":"pi-trader","seller":"shortsegments","symbol":"LEO","quantity":"300.000","price":"0.13300401","timestamp":1660123902,"volume":"39.90120300","buyTxId":"ed5a78476f8707d1caee4b6c7c1cbc1d913f201f-2","sellTxId":"10998f78ab723ca7e6473c157353a24f294090f4"}
{"index": {"_index":"leo","_id":"4104024"}}
	{"id":4104024,"type":"sell","buyer":"pi-trader","seller":"shortsegments","symbol":"LEO","quantity":"50.000","price":"0.13300401","timestamp":1660123995,"volume":"6.65020050","buyTxId":"e62a1569f1e90ed180e43416de96c08251815206-1","sellTxId":"4f72b87568a0486d6d3d0f19f8fc2a82dd27d477"}
{"index": {"_index":"leo","_id":"4104056"}}
	{"id":4104056,"type":"buy","buyer":"god0","seller":"shortsegments","symbol":"LEO","quantity":"55.000","price":"0.13500000","timestamp":1660124343,"volume":"7.42500000","buyTxId":"efe149c69a3fc752fd4d4397687e1073c44053f2-0","sellTxId":"8f8b0abdae3b4f38ee4b887bbfa2c9ac43989fb2"}
{"index": {"_index":"leo","_id":"4104059"}}
	{"id":4104059,"type":"buy","buyer":"svirus","seller":"shortsegments","symbol":"LEO","quantity":"60.000","price":"0.13500000","timestamp":1660124403,"volume":"8.10000000","buyTxId":"09048733e54f338572e371aea3aa42553073d665-0","sellTxId":"a76c964e44629cf0a9e1f103b9a2dbd92992cc51"}
{"index": {"_index":"leo","_id":"4104066"}}
	{"id":4104066,"type":"sell","buyer":"leomaker","seller":"shortsegments","symbol":"LEO","quantity":"2.785","price":"0.13300600","timestamp":1660124475,"volume":"0.37042171","buyTxId":"83e732579e10487fc13c85050e172e1f0bd574af","sellTxId":"1940ba24db8b4a3f010b07d667c516aec8c6d0be"}
{"index": {"_index":"leo","_id":"4104067"}}
	{"id":4104067,"type":"buy","buyer":"god0","seller":"shortsegments","symbol":"LEO","quantity":"72.215","price":"0.13300480","timestamp":1660124475,"volume":"9.60494163","buyTxId":"6b223f9b49017ff1ff0701949160c1b25951d638-0","sellTxId":"1940ba24db8b4a3f010b07d667c516aec8c6d0be"}
{"index": {"_index":"leo","_id":"4104070"}}
	{"id":4104070,"type":"buy","buyer":"god0","seller":"shortsegments","symbol":"LEO","quantity":"125.000","price":"0.13500000","timestamp":1660124556,"volume":"16.87500000","buyTxId":"c91e5d6651e7a04fa95305963e797e3dc529997f-0","sellTxId":"011d856bd9c68298aa47f595fa69961153085f8a"}
{"index": {"_index":"leo","_id":"4104097"}}
	{"id":4104097,"type":"buy","buyer":"god0","seller":"shortsegments","symbol":"LEO","quantity":"274.553","price":"0.13500000","timestamp":1660124967,"volume":"37.06465500","buyTxId":"649beeee57e379bcbfbc92890b5b2cc4a909802f-0","sellTxId":"69bd73aba506e97b5fd59fd28be04e5446c3004f"}
{"index": {"_index":"leo","_id":"4104140"}}
	{"id":4104140,"type":"sell","buyer":"leomaker","seller":"ugomarcel","symbol":"LEO","quantity":"2.755","price":"0.13300600","timestamp":1660125921,"volume":"0.36643153","buyTxId":"35f4e767da60349f5dc3877d30647d4f980e9d61","sellTxId":"0f3114193c925cfde6c9ca2005118ab48217b2b1"}
{"index": {"_index":"leo","_id":"4104141"}}
	{"id":4104141,"type":"sell","buyer":"pi-trader","seller":"ugomarcel","symbol":"LEO","quantity":"4.025","price":"0.13300401","timestamp":1660125921,"volume":"0.53534114","buyTxId":"ec5c8ce658134018a375e58c97906c5bdf9cd48d-1","sellTxId":"0f3114193c925cfde6c9ca2005118ab48217b2b1"}
{"index": {"_index":"leo","_id":"4104457"}}
	{"id":4104457,"type":"sell","buyer":"leomaker","seller":"felixgarciap","symbol":"LEO","quantity":"1.441","price":"0.13300600","timestamp":1660130814,"volume":"0.19166165","buyTxId":"857e0fabce5aa19163300c9815a1504653b8b1e6","sellTxId":"0166b45dfa9c6ae937cf90aa2445dee18067d785"}
{"index": {"_index":"leo","_id":"4104493"}}
	{"id":4104493,"type":"sell","buyer":"leomaker","seller":"firstborn.pob","symbol":"LEO","quantity":"1.284","price":"0.13300600","timestamp":1660131138,"volume":"0.17077970","buyTxId":"857e0fabce5aa19163300c9815a1504653b8b1e6","sellTxId":"25c2cef94060cfcd8e3d853b90fa03417e75f510"}
{"index": {"_index":"leo","_id":"4104494"}}
	{"id":4104494,"type":"sell","buyer":"pi-trader","seller":"firstborn.pob","symbol":"LEO","quantity":"8.858","price":"0.13300401","timestamp":1660131138,"volume":"1.17814952","buyTxId":"61d4143e51b7cf5cab8a96c72d3eb5e3a8ef51d7-4","sellTxId":"25c2cef94060cfcd8e3d853b90fa03417e75f510"}
{"index": {"_index":"leo","_id":"4104505"}}
	{"id":4104505,"type":"sell","buyer":"pi-trader","seller":"hivetrader","symbol":"LEO","quantity":"85.076","price":"0.13300401","timestamp":1660131222,"volume":"11.31544915","buyTxId":"567197dbc2b3d78a273d345d540ba4299e3e59f5-3","sellTxId":"d0da3e523d38d0c17417ddd25fed4f4bee6c84b1"}
{"index": {"_index":"leo","_id":"4104610"}}
	{"id":4104610,"type":"sell","buyer":"leomaker","seller":"tanzil2024","symbol":"LEO","quantity":"0.541","price":"0.13300600","timestamp":1660132218,"volume":"0.07195625","buyTxId":"ce60e845aff3b87e972d43a204514dd33b58550c","sellTxId":"06c049ab6697cb53e22742c033e03e9d04f00bbe"}
{"index": {"_index":"leo","_id":"4104614"}}
	{"id":4104614,"type":"sell","buyer":"leomaker","seller":"andrewmusic","symbol":"LEO","quantity":"2.156","price":"0.13300600","timestamp":1660132302,"volume":"0.28676093","buyTxId":"ce60e845aff3b87e972d43a204514dd33b58550c","sellTxId":"f7470fe99224230f96de6b1f8552c8c9f23942ce"}
{"index": {"_index":"leo","_id":"4104615"}}
	{"id":4104615,"type":"sell","buyer":"pi-trader","seller":"andrewmusic","symbol":"LEO","quantity":"300.000","price":"0.13300401","timestamp":1660132302,"volume":"39.90120300","buyTxId":"a843fc5181cfee554a29140b8247a5588ea8f33f-4","sellTxId":"f7470fe99224230f96de6b1f8552c8c9f23942ce"}
{"index": {"_index":"leo","_id":"4104616"}}
	{"id":4104616,"type":"sell","buyer":"leomaker","seller":"andrewmusic","symbol":"LEO","quantity":"0.835","price":"0.13300400","timestamp":1660132302,"volume":"0.11105834","buyTxId":"210996bae1eb2038ec2c03467e80a197a6125fda","sellTxId":"f7470fe99224230f96de6b1f8552c8c9f23942ce"}
{"index": {"_index":"leo","_id":"4104617"}}
	{"id":4104617,"type":"sell","buyer":"ammonite","seller":"andrewmusic","symbol":"LEO","quantity":"70.000","price":"0.13300400","timestamp":1660132302,"volume":"9.31028000","buyTxId":"58212f771db5571112866b1411ce4ab7d39cc9f7","sellTxId":"f7470fe99224230f96de6b1f8552c8c9f23942ce"}
{"index": {"_index":"leo","_id":"4104618"}}
	{"id":4104618,"type":"sell","buyer":"leomaker","seller":"andrewmusic","symbol":"LEO","quantity":"0.987","price":"0.13300200","timestamp":1660132302,"volume":"0.13127297","buyTxId":"994581fc025ecc9ffa51fc56796dfc7940cf64a5","sellTxId":"f7470fe99224230f96de6b1f8552c8c9f23942ce"}
{"index": {"_index":"leo","_id":"4104619"}}
	{"id":4104619,"type":"sell","buyer":"uyobong","seller":"andrewmusic","symbol":"LEO","quantity":"60.000","price":"0.13300200","timestamp":1660132302,"volume":"7.98012000","buyTxId":"a87dd36c15d3489ca541a09b954307eb4c027023","sellTxId":"f7470fe99224230f96de6b1f8552c8c9f23942ce"}
{"index": {"_index":"leo","_id":"4104620"}}
	{"id":4104620,"type":"sell","buyer":"akertxu","seller":"andrewmusic","symbol":"LEO","quantity":"12.585","price":"0.13300000","timestamp":1660132302,"volume":"1.67380500","buyTxId":"93e00d79df3c80e7ed4db5458c0bff1c65a0134d","sellTxId":"f7470fe99224230f96de6b1f8552c8c9f23942ce"}
{"index": {"_index":"leo","_id":"4104621"}}
	{"id":4104621,"type":"sell","buyer":"shortsegments","seller":"andrewmusic","symbol":"LEO","quantity":"553.518","price":"0.13100000","timestamp":1660132302,"volume":"72.51085800","buyTxId":"f70bba1e4380d3c7ba06f83a27f3c5fe6114278e","sellTxId":"f7470fe99224230f96de6b1f8552c8c9f23942ce"}
{"index": {"_index":"leo","_id":"4104640"}}
	{"id":4104640,"type":"sell","buyer":"pi-trader","seller":"contrabourdon","symbol":"LEO","quantity":"250","price":"0.13100001","timestamp":1660132542,"volume":"32.75000250","buyTxId":"635180b9d5e66d1e417592f731176f796b332389-1","sellTxId":"ac1f63dbf18b7d996de7b73e80037c5fdb167944"}
{"index": {"_index":"leo","_id":"4104679"}}
	{"id":4104679,"type":"sell","buyer":"leomaker","seller":"ugochill","symbol":"LEO","quantity":"0.024","price":"0.13100200","timestamp":1660133133,"volume":"0.00314405","buyTxId":"2b52eb9831e79502184bb495744020775be06629","sellTxId":"2d13693b4bfa74d5867d19b4831b9ac1764f5019"}
{"index": {"_index":"leo","_id":"4104747"}}
	{"id":4104747,"type":"sell","buyer":"leomaker","seller":"jasperdick","symbol":"LEO","quantity":"0.842","price":"0.13100200","timestamp":1660133937,"volume":"0.11030368","buyTxId":"2b52eb9831e79502184bb495744020775be06629","sellTxId":"d5b7e439a98c540d4e65f91353a8811fb51949ab"}
{"index": {"_index":"leo","_id":"4105030"}}
	{"id":4105030,"type":"buy","buyer":"r2cornell","seller":"leomaker","symbol":"LEO","quantity":"3.333","price":"0.13498900","timestamp":1660136574,"volume":"0.44991834","buyTxId":"7cd5154226b31d8c6d62fed6bd2dcf54cf864a72","sellTxId":"873463bc1e0e78332d67ca6c180e265ed2f6482b"}
{"index": {"_index":"leo","_id":"4105035"}}
	{"id":4105035,"type":"sell","buyer":"oople","seller":"god0","symbol":"LEO","quantity":"3.332","price":"0.13498900","timestamp":1660136589,"volume":"0.44978335","buyTxId":"b5765c7481954690edb5dcd5af761fec87446c37","sellTxId":"e643034f9394760664146f028aec580dff730d92-1"}
{"index": {"_index":"leo","_id":"4105044"}}
	{"id":4105044,"type":"buy","buyer":"r2cornell","seller":"onlydoge","symbol":"LEO","quantity":"138.438","price":"0.13499000","timestamp":1660136652,"volume":"18.68774562","buyTxId":"22136b9e8846afcc11451daebca235208bb52ae8","sellTxId":"c84960a6a00a1053716400e2719d5e85927e28d7"}
{"index": {"_index":"leo","_id":"4105089"}}
	{"id":4105089,"type":"sell","buyer":"oople","seller":"steem82868","symbol":"LEO","quantity":"0.001","price":"0.13498900","timestamp":1660137045,"volume":"0.00013499","buyTxId":"b5765c7481954690edb5dcd5af761fec87446c37","sellTxId":"058355aa6a80419b269d80748423fd6a5e0a73d8"}
{"index": {"_index":"leo","_id":"4105259"}}
	{"id":4105259,"type":"sell","buyer":"leomaker","seller":"bilpcoinbpc","symbol":"LEO","quantity":"0.124","price":"0.13100200","timestamp":1660138491,"volume":"0.01624425","buyTxId":"2b52eb9831e79502184bb495744020775be06629","sellTxId":"dc4b064936cd5882748e8d9c13a2c87fbb0efe6a"}
{"index": {"_index":"leo","_id":"4105298"}}
	{"id":4105298,"type":"sell","buyer":"leomaker","seller":"thedd","symbol":"LEO","quantity":"2.432","price":"0.13100200","timestamp":1660139154,"volume":"0.31859686","buyTxId":"2b52eb9831e79502184bb495744020775be06629","sellTxId":"18f4fcccb5625ededd440cfba13075b3dd924071"}
{"index": {"_index":"leo","_id":"4105300"}}
	{"id":4105300,"type":"buy","buyer":"god0","seller":"thedd","symbol":"LEO","quantity":"7.568","price":"0.13100200","timestamp":1660139154,"volume":"0.99142314","buyTxId":"62377b3ec9a3e589b43dd21bdb1fbb72d37ae325-0","sellTxId":"18f4fcccb5625ededd440cfba13075b3dd924071"}
{"index": {"_index":"leo","_id":"4105489"}}
	{"id":4105489,"type":"sell","buyer":"leomaker","seller":"miketr","symbol":"LEO","quantity":"3.423","price":"0.13100200","timestamp":1660140573,"volume":"0.44841985","buyTxId":"66915ad93c0fa0a1450f446421e1cc0c5dc46dad","sellTxId":"9521eaa834261bece102d64f750233af2cebb055"}
{"index": {"_index":"leo","_id":"4105559"}}
	{"id":4105559,"type":"buy","buyer":"dswap","seller":"steem82868","symbol":"LEO","quantity":"0.007","price":"0.13498900","timestamp":1660141263,"volume":"0.00094492","buyTxId":"b95334ef4dcb549e29dd7c5819659052578723a2","sellTxId":"058355aa6a80419b269d80748423fd6a5e0a73d8"}
{"index": {"_index":"leo","_id":"4105560"}}
	{"id":4105560,"type":"buy","buyer":"dswap","seller":"shortsegments","symbol":"LEO","quantity":"0.413","price":"0.13500000","timestamp":1660141263,"volume":"0.05580508","buyTxId":"b95334ef4dcb549e29dd7c5819659052578723a2","sellTxId":"69bd73aba506e97b5fd59fd28be04e5446c3004f"}
{"index": {"_index":"leo","_id":"4105565"}}
	{"id":4105565,"type":"buy","buyer":"dswap","seller":"shortsegments","symbol":"LEO","quantity":"0.253","price":"0.13500000","timestamp":1660141293,"volume":"0.03420018","buyTxId":"dd3cb128608498d14960572ff7be8ce7b5304825","sellTxId":"69bd73aba506e97b5fd59fd28be04e5446c3004f"}
{"index": {"_index":"leo","_id":"4105583"}}
	{"id":4105583,"type":"buy","buyer":"trumpikasleo","seller":"shortsegments","symbol":"LEO","quantity":"24.781","price":"0.13500000","timestamp":1660141557,"volume":"3.34543500","buyTxId":"8215004859034f6f98b9a71380d24908aa16a60f","sellTxId":"69bd73aba506e97b5fd59fd28be04e5446c3004f"}
{"index": {"_index":"leo","_id":"4105588"}}
	{"id":4105588,"type":"buy","buyer":"dswap","seller":"leomaker","symbol":"LEO","quantity":"1.032","price":"0.13698900","timestamp":1660141578,"volume":"0.14143327","buyTxId":"901244563cfc259a0f9cb972c527cd90a6faee0b","sellTxId":"6264df50c225f8b1e4da458346d0d2cc625e859e"}
{"index": {"_index":"leo","_id":"4105603"}}
	{"id":4105603,"type":"sell","buyer":"leomaker","seller":"investinthefutur","symbol":"LEO","quantity":"1.942","price":"0.13100200","timestamp":1660141689,"volume":"0.25440588","buyTxId":"7d55142c6f9157d3c3862107cdcfbaef2d87f43b","sellTxId":"f1583197c4f2d61bbde9ae5d3d47384a31d29616"}
{"index": {"_index":"leo","_id":"4105604"}}
	{"id":4105604,"type":"buy","buyer":"dswap","seller":"leomaker","symbol":"LEO","quantity":"0.073","price":"0.13698900","timestamp":1660141692,"volume":"0.01000100","buyTxId":"bc91ae72fecf2702f3abb940c3af7b0a9813c468","sellTxId":"6264df50c225f8b1e4da458346d0d2cc625e859e"}
{"index": {"_index":"leo","_id":"4105621"}}
	{"id":4105621,"type":"buy","buyer":"dswap","seller":"leomaker","symbol":"LEO","quantity":"0.023","price":"0.13698900","timestamp":1660141776,"volume":"0.00327970","buyTxId":"55fa2f969f9994d8457fb2b9964fbf8305212e90","sellTxId":"6264df50c225f8b1e4da458346d0d2cc625e859e"}
{"index": {"_index":"leo","_id":"4105641"}}
	{"id":4105641,"type":"buy","buyer":"dswap","seller":"leomaker","symbol":"LEO","quantity":"0.021","price":"0.13698900","timestamp":1660141884,"volume":"0.00293802","buyTxId":"bb31f67ae0400f13b0fbca539d532ec074e2f11e","sellTxId":"6264df50c225f8b1e4da458346d0d2cc625e859e"}
{"index": {"_index":"leo","_id":"4105656"}}
	{"id":4105656,"type":"buy","buyer":"dswap","seller":"leomaker","symbol":"LEO","quantity":"0.034","price":"0.13698900","timestamp":1660141956,"volume":"0.00477373","buyTxId":"09efcdfe6dc9e81d35c31d0d9d1bfefadb649f3e","sellTxId":"6264df50c225f8b1e4da458346d0d2cc625e859e"}
{"index": {"_index":"leo","_id":"4105675"}}
	{"id":4105675,"type":"buy","buyer":"dswap","seller":"leomaker","symbol":"LEO","quantity":"0.156","price":"0.13698900","timestamp":1660142073,"volume":"0.02150550","buyTxId":"c6b2073fb1be0b95cf5eed6e3d6d8e5d304e23fc","sellTxId":"6264df50c225f8b1e4da458346d0d2cc625e859e"}
{"index": {"_index":"leo","_id":"4105695"}}
	{"id":4105695,"type":"buy","buyer":"god0","seller":"russia-btc","symbol":"LEO","quantity":"6.694","price":"0.13300000","timestamp":1660142241,"volume":"0.89030200","buyTxId":"fa391be135d1f8cfae8b0b9cabe2cb2accbbe6f5-0","sellTxId":"3b722dd5b21582b512993992b9ed66ce7812db41"}
{"index": {"_index":"leo","_id":"4105708"}}
	{"id":4105708,"type":"sell","buyer":"leomaker","seller":"miketr","symbol":"LEO","quantity":"3.346","price":"0.13101200","timestamp":1660142388,"volume":"0.43836615","buyTxId":"a8df4348d9b96f7cccbbc1f5cc83db82334a46bc","sellTxId":"b316d65dff9c6269583223a0595f64139b1c1f80"}
{"index": {"_index":"leo","_id":"4105709"}}
	{"id":4105709,"type":"sell","buyer":"pi-trader","seller":"miketr","symbol":"LEO","quantity":"0.619","price":"0.13101001","timestamp":1660142388,"volume":"0.08109520","buyTxId":"212f44d3b5702fabeaf245072d57d04cb3d4615a-3","sellTxId":"b316d65dff9c6269583223a0595f64139b1c1f80"}
{"index": {"_index":"leo","_id":"4106204"}}
	{"id":4106204,"type":"sell","buyer":"leomaker","seller":"hitmeasap","symbol":"LEO","quantity":"3.153","price":"0.13104200","timestamp":1660148859,"volume":"0.41317543","buyTxId":"d57904f3e0c17d010078b584f993252ec2cc651b","sellTxId":"1c6f2f2ab67ebb6dc5d55c3816b507ae2a4a3835"}
{"index": {"_index":"leo","_id":"4106205"}}
	{"id":4106205,"type":"sell","buyer":"pi-trader","seller":"hitmeasap","symbol":"LEO","quantity":"300.000","price":"0.13104001","timestamp":1660148859,"volume":"39.31200300","buyTxId":"1a936cc36efc9b532c50d6f1e25f7215625cd393-1","sellTxId":"1c6f2f2ab67ebb6dc5d55c3816b507ae2a4a3835"}
{"index": {"_index":"leo","_id":"4106206"}}
	{"id":4106206,"type":"sell","buyer":"onlydoge","seller":"hitmeasap","symbol":"LEO","quantity":"610.500","price":"0.13104000","timestamp":1660148859,"volume":"79.99992000","buyTxId":"ec5d71ba91f94b5a2a42170c1442d80a70744e2f","sellTxId":"1c6f2f2ab67ebb6dc5d55c3816b507ae2a4a3835"}
{"index": {"_index":"leo","_id":"4106207"}}
	{"id":4106207,"type":"buy","buyer":"god0","seller":"hitmeasap","symbol":"LEO","quantity":"720.769","price":"0.13103999","timestamp":1660148859,"volume":"94.44956255","buyTxId":"78779e60952ab8f33292c9070c1c2c720a5c2749-0","sellTxId":"1c6f2f2ab67ebb6dc5d55c3816b507ae2a4a3835"}
{"index": {"_index":"leo","_id":"4106269"}}
	{"id":4106269,"type":"sell","buyer":"leomaker","seller":"renovatio","symbol":"LEO","quantity":"3.201","price":"0.13103200","timestamp":1660149420,"volume":"0.41943343","buyTxId":"a7fbc0a933dbfc9ecc49de217f04ee0e086aa71b","sellTxId":"5dd8fbc1e0f434277929a442f42d83ba30ee6f9c"}
{"index": {"_index":"leo","_id":"4106270"}}
	{"id":4106270,"type":"sell","buyer":"leomaker","seller":"renovatio","symbol":"LEO","quantity":"3.250","price":"0.13102200","timestamp":1660149420,"volume":"0.42582150","buyTxId":"71acb38daececb4a6fa6f74bfacd388039be505e","sellTxId":"5dd8fbc1e0f434277929a442f42d83ba30ee6f9c"}
{"index": {"_index":"leo","_id":"4106271"}}
	{"id":4106271,"type":"sell","buyer":"leomaker","seller":"renovatio","symbol":"LEO","quantity":"3.298","price":"0.13101200","timestamp":1660149420,"volume":"0.43207758","buyTxId":"1724e9bc86c0da71581f129ab0517683ab83f6bc","sellTxId":"5dd8fbc1e0f434277929a442f42d83ba30ee6f9c"}
{"index": {"_index":"leo","_id":"4106272"}}
	{"id":4106272,"type":"sell","buyer":"leomaker","seller":"renovatio","symbol":"LEO","quantity":"1.434","price":"0.13100200","timestamp":1660149420,"volume":"0.18785687","buyTxId":"7d55142c6f9157d3c3862107cdcfbaef2d87f43b","sellTxId":"5dd8fbc1e0f434277929a442f42d83ba30ee6f9c"}
{"index": {"_index":"leo","_id":"4106273"}}
	{"id":4106273,"type":"sell","buyer":"pi-trader","seller":"renovatio","symbol":"LEO","quantity":"47.624","price":"0.13100002","timestamp":1660149420,"volume":"6.23874495","buyTxId":"034fa3bf87a64734d0d44adb2e9347310b022d4d-3","sellTxId":"5dd8fbc1e0f434277929a442f42d83ba30ee6f9c"}
{"index": {"_index":"leo","_id":"4106316"}}
	{"id":4106316,"type":"sell","buyer":"leomaker","seller":"eturnerx","symbol":"LEO","quantity":"3.124","price":"0.13100200","timestamp":1660149831,"volume":"0.40925025","buyTxId":"b53fbd1dd22be775b1ea4a515c7a1e598befaebe","sellTxId":"19c798bb62072c9b28251aad8649fd428629664d"}
{"index": {"_index":"leo","_id":"4106317"}}
	{"id":4106317,"type":"sell","buyer":"pi-trader","seller":"eturnerx","symbol":"LEO","quantity":"0.562","price":"0.13100002","timestamp":1660149831,"volume":"0.07362201","buyTxId":"c71f18bda276774ff31cb06384e0ab936d9cba2e-4","sellTxId":"19c798bb62072c9b28251aad8649fd428629664d"}
{"index": {"_index":"leo","_id":"4106391"}}
	{"id":4106391,"type":"sell","buyer":"leomaker","seller":"itharagaian","symbol":"LEO","quantity":"0.708","price":"0.13100200","timestamp":1660150749,"volume":"0.09274942","buyTxId":"5bb02efb7f2a2e0b4c8de81572039fc6d4ad1ed7","sellTxId":"1f1aac08f8b87e22b04e0add9e71507ea5f396b5"}
{"index": {"_index":"leo","_id":"4106501"}}
	{"id":4106501,"type":"sell","buyer":"leomaker","seller":"cheftony","symbol":"LEO","quantity":"2.372","price":"0.13100200","timestamp":1660151811,"volume":"0.31073674","buyTxId":"5bb02efb7f2a2e0b4c8de81572039fc6d4ad1ed7","sellTxId":"fb038a22972e80a23c1d9a5177de42a4054bc32b"}
{"index": {"_index":"leo","_id":"4106502"}}
	{"id":4106502,"type":"sell","buyer":"pi-trader","seller":"cheftony","symbol":"LEO","quantity":"33.172","price":"0.13100002","timestamp":1660151811,"volume":"4.34553266","buyTxId":"fdbffecef1db9a48da9283cd4857fe8ef1e6a86a-6","sellTxId":"fb038a22972e80a23c1d9a5177de42a4054bc32b"}
{"index": {"_index":"leo","_id":"4106574"}}
	{"id":4106574,"type":"sell","buyer":"leomaker","seller":"der-prophet","symbol":"LEO","quantity":"2.357","price":"0.13100200","timestamp":1660152516,"volume":"0.30877171","buyTxId":"f7efd592c8f4f0b396cb9db1364dd0afce5f7d00","sellTxId":"a093d142c8befeebecf16b9c4ac37e19a2f3ca6a"}
{"index": {"_index":"leo","_id":"4106594"}}
	{"id":4106594,"type":"buy","buyer":"emaxisonline","seller":"leomaker","symbol":"LEO","quantity":"4.028","price":"0.13679900","timestamp":1660152753,"volume":"0.55102637","buyTxId":"746a25ff06a49257bb8883b1a35e1282e99ab43d","sellTxId":"d532596908adbb264eb113266b1d31ae1ba45a9e"}
{"index": {"_index":"leo","_id":"4106595"}}
	{"id":4106595,"type":"buy","buyer":"emaxisonline","seller":"pi-trader","symbol":"LEO","quantity":"7.972","price":"0.13679999","timestamp":1660152753,"volume":"1.09056952","buyTxId":"746a25ff06a49257bb8883b1a35e1282e99ab43d","sellTxId":"f89acc530fb6c22016c90222b3759954609748db-4"}
{"index": {"_index":"leo","_id":"4106673"}}
	{"id":4106673,"type":"sell","buyer":"leomaker","seller":"denmarkguy","symbol":"LEO","quantity":"0.680","price":"0.13100200","timestamp":1660153755,"volume":"0.08908136","buyTxId":"f7efd592c8f4f0b396cb9db1364dd0afce5f7d00","sellTxId":"b2a2da4059e8004251078b1a4554990e0916b533"}
{"index": {"_index":"leo","_id":"4106674"}}
	{"id":4106674,"type":"sell","buyer":"pi-trader","seller":"denmarkguy","symbol":"LEO","quantity":"6.320","price":"0.13100002","timestamp":1660153755,"volume":"0.82792013","buyTxId":"8734e5cd5632cbe37c6fc6f7676cc7e9c20c2f6b-2","sellTxId":"b2a2da4059e8004251078b1a4554990e0916b533"}
{"index": {"_index":"leo","_id":"4106757"}}
	{"id":4106757,"type":"sell","buyer":"leomaker","seller":"whitelightxpress","symbol":"LEO","quantity":"1.482","price":"0.13100200","timestamp":1660154574,"volume":"0.19414496","buyTxId":"283a3b54930f4095e1e3abce87bf86e3961fccac","sellTxId":"fcad7e4f3e52653dba9974833966fec52525ff65"}
{"index": {"_index":"leo","_id":"4106808"}}
	{"id":4106808,"type":"sell","buyer":"leomaker","seller":"hive-189742","symbol":"LEO","quantity":"0.820","price":"0.13100200","timestamp":1660155111,"volume":"0.10742164","buyTxId":"283a3b54930f4095e1e3abce87bf86e3961fccac","sellTxId":"8b4c9fae2c13e497cdede3078b144351e342b92b"}
{"index": {"_index":"leo","_id":"4106906"}}
	{"id":4106906,"type":"sell","buyer":"leomaker","seller":"bearbear613","symbol":"LEO","quantity":"0.753","price":"0.13100200","timestamp":1660156494,"volume":"0.09864451","buyTxId":"283a3b54930f4095e1e3abce87bf86e3961fccac","sellTxId":"ec8a0185860a126eaf5e57fa0458326de186148f"}
{"index": {"_index":"leo","_id":"4106907"}}
	{"id":4106907,"type":"buy","buyer":"god0","seller":"bearbear613","symbol":"LEO","quantity":"0.239","price":"0.13100012","timestamp":1660156494,"volume":"0.03130903","buyTxId":"dfabd57cf01788e28bbd7c7dbcd1942532e2621c-0","sellTxId":"ec8a0185860a126eaf5e57fa0458326de186148f"}
{"index": {"_index":"leo","_id":"4106946"}}
	{"id":4106946,"type":"sell","buyer":"pi-trader","seller":"felipejoys","symbol":"LEO","quantity":"6.936","price":"0.13100003","timestamp":1660156824,"volume":"0.90861621","buyTxId":"8d3a9115489a9ad424ea6e228aa4f5cefdf45135-2","sellTxId":"36ba42771b630256faabf2aef357ee2ab2f3d864"}
{"index": {"_index":"leo","_id":"4106987"}}
	{"id":4106987,"type":"buy","buyer":"vickoly","seller":"leomaker","symbol":"LEO","quantity":"3.915","price":"0.13677900","timestamp":1660157220,"volume":"0.53548979","buyTxId":"ed7568c597750b347919b218a625fcf9583d94a0","sellTxId":"ecca066573df62f9d4d6ab72103a99cd78da2134"}
{"index": {"_index":"leo","_id":"4106988"}}
	{"id":4106988,"type":"buy","buyer":"vickoly","seller":"pi-trader","symbol":"LEO","quantity":"3.396","price":"0.13677999","timestamp":1660157220,"volume":"0.46451021","buyTxId":"ed7568c597750b347919b218a625fcf9583d94a0","sellTxId":"85cb762c6f8bae618be600957bea684d15ec4289-1"}
{"index": {"_index":"leo","_id":"4107016"}}
	{"id":4107016,"type":"sell","buyer":"uyobong","seller":"investyourvote","symbol":"LEO","quantity":"2.266","price":"0.13300000","timestamp":1660157469,"volume":"0.30137800","buyTxId":"38291835b0c7f1a1f7a8184ccc54d43119b278c4","sellTxId":"69957196d92fd6398168c4ac963cd50583c890c0"}
{"index": {"_index":"leo","_id":"4107026"}}
	{"id":4107026,"type":"sell","buyer":"leomaker","seller":"berthold","symbol":"LEO","quantity":"2.363","price":"0.13300200","timestamp":1660157796,"volume":"0.31428373","buyTxId":"567f83d41bd130f463ad7e9b8b44c410be8acc1d","sellTxId":"c70a41a0a3e3e5b1ddfbd71bcf7b13bb699b9b92"}
{"index": {"_index":"leo","_id":"4107075"}}
	{"id":4107075,"type":"sell","buyer":"uyobong","seller":"jphamer1","symbol":"LEO","quantity":"47.734","price":"0.13300000","timestamp":1660158555,"volume":"6.34862200","buyTxId":"38291835b0c7f1a1f7a8184ccc54d43119b278c4","sellTxId":"8fcef57de0575aa9c313323eebf6a0fe99659e64"}
{"index": {"_index":"leo","_id":"4107076"}}
	{"id":4107076,"type":"sell","buyer":"leomaker","seller":"jphamer1","symbol":"LEO","quantity":"3.012","price":"0.13100200","timestamp":1660158555,"volume":"0.39457802","buyTxId":"34d7e5127d639a104f0c2f01f72bb1b04acf0466","sellTxId":"8fcef57de0575aa9c313323eebf6a0fe99659e64"}
{"index": {"_index":"leo","_id":"4107077"}}
	{"id":4107077,"type":"sell","buyer":"shortsegments","seller":"jphamer1","symbol":"LEO","quantity":"13.429","price":"0.13100002","timestamp":1660158555,"volume":"1.75919927","buyTxId":"2fc760ae46d567a160dae4c36ffde30ce4144bdc","sellTxId":"8fcef57de0575aa9c313323eebf6a0fe99659e64"}
{"index": {"_index":"leo","_id":"4107305"}}
	{"id":4107305,"type":"sell","buyer":"leomaker","seller":"offgridlife","symbol":"LEO","quantity":"2.950","price":"0.13101200","timestamp":1660161129,"volume":"0.38648540","buyTxId":"aef790c1706ec87c170276997a94111638d296c9","sellTxId":"562ac0798d870b8d0dfbfec7e0211974c7640a5f"}
{"index": {"_index":"leo","_id":"4107306"}}
	{"id":4107306,"type":"sell","buyer":"pi-trader","seller":"offgridlife","symbol":"LEO","quantity":"20.553","price":"0.13101001","timestamp":1660161129,"volume":"2.69264874","buyTxId":"d93287452614cdf9bdb3b500b25bdf8eb146ab97-1","sellTxId":"562ac0798d870b8d0dfbfec7e0211974c7640a5f"}
{"index": {"_index":"leo","_id":"4107355"}}
	{"id":4107355,"type":"sell","buyer":"leomaker","seller":"beemd","symbol":"LEO","quantity":"0.426","price":"0.13101200","timestamp":1660161456,"volume":"0.05581111","buyTxId":"328b2d20be2a02e717a0469ece19db38619a91d3","sellTxId":"e168b4bf4665d5fa7130cf4c6e487239943cbe37"}
{"index": {"_index":"leo","_id":"4107551"}}
	{"id":4107551,"type":"sell","buyer":"leomaker","seller":"buildahouse","symbol":"LEO","quantity":"0.018","price":"0.13101200","timestamp":1660163727,"volume":"0.00235822","buyTxId":"328b2d20be2a02e717a0469ece19db38619a91d3","sellTxId":"6f7612c1863b1cab9f63e72258a78c75aba7a8d3"}
{"index": {"_index":"leo","_id":"4107612"}}
	{"id":4107612,"type":"sell","buyer":"leomaker","seller":"zzz.accounting","symbol":"LEO","quantity":"0.078","price":"0.13101200","timestamp":1660164378,"volume":"0.01021894","buyTxId":"328b2d20be2a02e717a0469ece19db38619a91d3","sellTxId":"a6eb1bc37b7db64c2e30e6c7d67efcd6aae581cf"}
{"index": {"_index":"leo","_id":"4107649"}}
	{"id":4107649,"type":"sell","buyer":"leomaker","seller":"independance","symbol":"LEO","quantity":"0.037","price":"0.13101200","timestamp":1660164615,"volume":"0.00484744","buyTxId":"328b2d20be2a02e717a0469ece19db38619a91d3","sellTxId":"92587561b4af1851c26477343a6ff21b7939f08b"}
{"index": {"_index":"leo","_id":"4107730"}}
	{"id":4107730,"type":"buy","buyer":"god0","seller":"berthold","symbol":"LEO","quantity":"9.069","price":"0.13300200","timestamp":1660165428,"volume":"1.20619514","buyTxId":"221469fe9e782f0af921c7c94e9973e223bef56a-0","sellTxId":"c70a41a0a3e3e5b1ddfbd71bcf7b13bb699b9b92"}
{"index": {"_index":"leo","_id":"4107755"}}
	{"id":4107755,"type":"buy","buyer":"bcarolan639","seller":"leomaker","symbol":"LEO","quantity":"4.264","price":"0.13677900","timestamp":1660165812,"volume":"0.58322566","buyTxId":"33934e4323e8b296a06feb945ebac070cafe237c","sellTxId":"990434f3b42989dad5937d293f5ab179757e351c"}
{"index": {"_index":"leo","_id":"4107756"}}
	{"id":4107756,"type":"buy","buyer":"bcarolan639","seller":"onlydoge","symbol":"LEO","quantity":"606.279","price":"0.13678000","timestamp":1660165812,"volume":"82.92684162","buyTxId":"33934e4323e8b296a06feb945ebac070cafe237c","sellTxId":"a0187ded27987693d4692a0c55f25cc43f259617"}
{"index": {"_index":"leo","_id":"4107776"}}
	{"id":4107776,"type":"buy","buyer":"svirus","seller":"sbi-tokens","symbol":"LEO","quantity":"76.750","price":"0.13600000","timestamp":1660166112,"volume":"10.43800000","buyTxId":"d59002bb0f37d2a06a78eb73f26328686bee2f77-0","sellTxId":"92e3bda3d0cb0934eab5b8110f5ca07593f2f649"}
{"index": {"_index":"leo","_id":"4107814"}}
	{"id":4107814,"type":"sell","buyer":"leomaker","seller":"jmis101","symbol":"LEO","quantity":"2.608","price":"0.13200200","timestamp":1660166619,"volume":"0.34426122","buyTxId":"992a0e63ca4c271cabf27d48c2326c4ad6c402bf","sellTxId":"f593257faeca3d07389382b8f8de8fa6bc69ab0a"}
{"index": {"_index":"leo","_id":"4107815"}}
	{"id":4107815,"type":"sell","buyer":"pi-trader","seller":"jmis101","symbol":"LEO","quantity":"5.789","price":"0.13200001","timestamp":1660166619,"volume":"0.76414806","buyTxId":"579efd46848c7139af0ecd88daceff64e143d283-1","sellTxId":"f593257faeca3d07389382b8f8de8fa6bc69ab0a"}
{"index": {"_index":"leo","_id":"4107875"}}
	{"id":4107875,"type":"sell","buyer":"pi-trader","seller":"wlffreitas","symbol":"LEO","quantity":"2.656","price":"0.13200001","timestamp":1660167276,"volume":"0.35059203","buyTxId":"4485afcb0ef6dd0c2e4a80238bd1f85d63bb5a75-4","sellTxId":"25c983f081bd944cf1504cbcc6117ebecf98735f"}
{"index": {"_index":"leo","_id":"4107877"}}
	{"id":4107877,"type":"sell","buyer":"pi-trader","seller":"lorddiablo","symbol":"LEO","quantity":"16.906","price":"0.13200001","timestamp":1660167312,"volume":"2.23159217","buyTxId":"a0a50a9e551c4c28c790b3e6720aca29c21cf558-2","sellTxId":"16d3d6ddab1962e0e6e1547877d34db70d73ad28"}
{"index": {"_index":"leo","_id":"4107903"}}
	{"id":4107903,"type":"sell","buyer":"leomaker","seller":"jk6276","symbol":"LEO","quantity":"2.576","price":"0.13200200","timestamp":1660167825,"volume":"0.34003715","buyTxId":"4ed26fb0ea5e786975059f00fef7183edd5fcf61","sellTxId":"27ce61baf3f80bed8e589b6e4d41ae9c14ff44cf"}
{"index": {"_index":"leo","_id":"4107904"}}
	{"id":4107904,"type":"sell","buyer":"uyobong","seller":"jk6276","symbol":"LEO","quantity":"9.842","price":"0.13200200","timestamp":1660167825,"volume":"1.29916368","buyTxId":"0fc612efeec7207ef34d6065f12839bcf16be884","sellTxId":"27ce61baf3f80bed8e589b6e4d41ae9c14ff44cf"}
{"index": {"_index":"leo","_id":"4108168"}}
	{"id":4108168,"type":"sell","buyer":"leomaker","seller":"mintfinch","symbol":"LEO","quantity":"2.544","price":"0.13200400","timestamp":1660172133,"volume":"0.33581818","buyTxId":"403657aeac0bc8aff2ed40bf1074b4bdb6f2d51f","sellTxId":"4f6d0ea6a29c38c02b5c6d06c14f6b816caeed46"}
{"index": {"_index":"leo","_id":"4108169"}}
	{"id":4108169,"type":"buy","buyer":"god0","seller":"mintfinch","symbol":"LEO","quantity":"43.731","price":"0.13200211","timestamp":1660172136,"volume":"5.77258427","buyTxId":"7d6ac00bf0032c66526c4b65aafc62d59d50f796-0","sellTxId":"4f6d0ea6a29c38c02b5c6d06c14f6b816caeed46"}
{"index": {"_index":"leo","_id":"4108989"}}
	{"id":4108989,"type":"sell","buyer":"globalcurrencies","seller":"microbot","symbol":"LEO","quantity":"0.253","price":"0.13500000","timestamp":1660181745,"volume":"0.03415500","buyTxId":"d1f4b993fe3d8a2198c07fa7f06a6acbcbf01c75","sellTxId":"886bf90994dbf7ce589e23810c6483a5b5f56603"}
{"index": {"_index":"leo","_id":"4108990"}}
	{"id":4108990,"type":"sell","buyer":"globalcurrencies","seller":"isnochys","symbol":"LEO","quantity":"0.252","price":"0.13500000","timestamp":1660181748,"volume":"0.03402000","buyTxId":"d1f4b993fe3d8a2198c07fa7f06a6acbcbf01c75","sellTxId":"76d5f30404537495b1bb176df4873149f1cef3b5"}
{"index": {"_index":"leo","_id":"4108993"}}
	{"id":4108993,"type":"sell","buyer":"globalcurrencies","seller":"grand.strategy","symbol":"LEO","quantity":"0.253","price":"0.13500000","timestamp":1660181775,"volume":"0.03415500","buyTxId":"d1f4b993fe3d8a2198c07fa7f06a6acbcbf01c75","sellTxId":"4700ac3a8c3d016352e861c374577ccb19ae49ff"}
{"index": {"_index":"leo","_id":"4109007"}}
	{"id":4109007,"type":"sell","buyer":"globalcurrencies","seller":"jcchelme","symbol":"LEO","quantity":"1.194","price":"0.13500000","timestamp":1660181904,"volume":"0.16119000","buyTxId":"d1f4b993fe3d8a2198c07fa7f06a6acbcbf01c75","sellTxId":"d7fa94967adaaf5ba33675c28b0d8eb13f058b6b"}
{"index": {"_index":"leo","_id":"4109060"}}
	{"id":4109060,"type":"sell","buyer":"globalcurrencies","seller":"yisusth","symbol":"LEO","quantity":"0.194","price":"0.13500000","timestamp":1660182552,"volume":"0.02619000","buyTxId":"d1f4b993fe3d8a2198c07fa7f06a6acbcbf01c75","sellTxId":"b509c49816f554c6a517be92ac5a36d467d920ec"}
{"index": {"_index":"leo","_id":"4109078"}}
	{"id":4109078,"type":"sell","buyer":"globalcurrencies","seller":"amigareaction","symbol":"LEO","quantity":"0.262","price":"0.13500000","timestamp":1660182714,"volume":"0.03537000","buyTxId":"d1f4b993fe3d8a2198c07fa7f06a6acbcbf01c75","sellTxId":"be8c28b88f9810806841f6030959eb14b8d7c67e"}
{"index": {"_index":"leo","_id":"4109105"}}
	{"id":4109105,"type":"sell","buyer":"leomaker","seller":"martinni","symbol":"LEO","quantity":"1.572","price":"0.13500200","timestamp":1660183089,"volume":"0.21222314","buyTxId":"5f8974bda272ae7f2d361578f90bc8dd8d0503f8","sellTxId":"03c29c40eac7996a941e799413091184414ba917"}
{"index": {"_index":"leo","_id":"4109106"}}
	{"id":4109106,"type":"buy","buyer":"god0","seller":"martinni","symbol":"LEO","quantity":"4.463","price":"0.13500200","timestamp":1660183092,"volume":"0.60251393","buyTxId":"bc75225a8f063a9d8eaf149cf681fade5f5fd334-0","sellTxId":"03c29c40eac7996a941e799413091184414ba917"}
{"index": {"_index":"leo","_id":"4109139"}}
	{"id":4109139,"type":"sell","buyer":"globalcurrencies","seller":"steem82868","symbol":"LEO","quantity":"0.636","price":"0.13500000","timestamp":1660183947,"volume":"0.08586000","buyTxId":"d1f4b993fe3d8a2198c07fa7f06a6acbcbf01c75","sellTxId":"b9ab9300d79b8bc028b397d3d170dce3297d6a93"}
