{"index": {"_index":"leo","_id":"4076083"}}
	{"id":4076083,"type":"sell","buyer":"coquicoin","seller":"cheftony","symbol":"LEO","quantity":"6.000","price":"0.13520000","timestamp":1659751881,"volume":"0.81120000","buyTxId":"bad6cdda16978eaa55598448ecc9b9c19563a09a","sellTxId":"ec15806d222a19a6050f88a0b48c68a9d45dac75"}
{"index": {"_index":"leo","_id":"4076084"}}
	{"id":4076084,"type":"sell","buyer":"leomaker","seller":"cheftony","symbol":"LEO","quantity":"3.970","price":"0.13512400","timestamp":1659751881,"volume":"0.53644228","buyTxId":"3d71662216a6a7ee567fecfe948d17daa56189fd","sellTxId":"ec15806d222a19a6050f88a0b48c68a9d45dac75"}
{"index": {"_index":"leo","_id":"4076085"}}
	{"id":4076085,"type":"sell","buyer":"pi-trader","seller":"cheftony","symbol":"LEO","quantity":"61.184","price":"0.13512201","timestamp":1659751881,"volume":"8.26730506","buyTxId":"4235e819eb34e46c524bc668bdaaa32e3a3b0e28-2","sellTxId":"ec15806d222a19a6050f88a0b48c68a9d45dac75"}
{"index": {"_index":"leo","_id":"4076100"}}
	{"id":4076100,"type":"sell","buyer":"leomaker","seller":"dswap","symbol":"LEO","quantity":"4.849","price":"0.13512400","timestamp":1659752136,"volume":"0.65521628","buyTxId":"9fc4be50b9da323f67f6998fbcbc065dcad93e7b","sellTxId":"18a28e38bb0617a8d478afc0b70c2a526d9915af"}
{"index": {"_index":"leo","_id":"4076101"}}
	{"id":4076101,"type":"sell","buyer":"pi-trader","seller":"dswap","symbol":"LEO","quantity":"8.314","price":"0.13512201","timestamp":1659752136,"volume":"1.12340439","buyTxId":"8d998fff369bf1c4a9ecc17ef6b012df67c85df6-2","sellTxId":"18a28e38bb0617a8d478afc0b70c2a526d9915af"}
{"index": {"_index":"leo","_id":"4076158"}}
	{"id":4076158,"type":"buy","buyer":"aftersound","seller":"leomaker","symbol":"LEO","quantity":"0.268","price":"0.15441900","timestamp":1659753222,"volume":"0.04138429","buyTxId":"ed6bb4a24e39b54eb6e657cd2355b5fff0d29459","sellTxId":"6ddbef75e135d8c9a938f538f0f1cd4e742244f3"}
{"index": {"_index":"leo","_id":"4076241"}}
	{"id":4076241,"type":"sell","buyer":"leomaker","seller":"contrabourdon","symbol":"LEO","quantity":"4.804","price":"0.13512400","timestamp":1659754227,"volume":"0.64913570","buyTxId":"bd9fc1c9c99fb7f99525bd33a0962d39e013fbc1","sellTxId":"230d572a802a38871efcd4a0d5652ccf22d0d335"}
{"index": {"_index":"leo","_id":"4076242"}}
	{"id":4076242,"type":"sell","buyer":"pi-trader","seller":"contrabourdon","symbol":"LEO","quantity":"245.716","price":"0.13512201","timestamp":1659754227,"volume":"33.20163981","buyTxId":"793ca920766187ba614501421e1b2f36ddb95db9-2","sellTxId":"230d572a802a38871efcd4a0d5652ccf22d0d335"}
{"index": {"_index":"leo","_id":"4076396"}}
	{"id":4076396,"type":"buy","buyer":"beststart","seller":"leomaker","symbol":"LEO","quantity":"6.607","price":"0.15437900","timestamp":1659756507,"volume":"1.01998205","buyTxId":"d4448b48a196eba507fc309afbff2366c1da8763","sellTxId":"3d996068d29b5269c08fc921d314a2623f2b9f72"}
{"index": {"_index":"leo","_id":"4076397"}}
	{"id":4076397,"type":"buy","buyer":"beststart","seller":"pi-trader","symbol":"LEO","quantity":"100.000","price":"0.15437999","timestamp":1659756534,"volume":"15.43799900","buyTxId":"1bad5879e374597f33a53b6a8790960d5aba12a1","sellTxId":"1d9fec050d037ce1500cfa1570e0be258db1a4cb-6"}
{"index": {"_index":"leo","_id":"4076400"}}
	{"id":4076400,"type":"buy","buyer":"beststart","seller":"leomaker","symbol":"LEO","quantity":"6.405","price":"0.15437900","timestamp":1659756576,"volume":"0.98879750","buyTxId":"5fd129a41a8fca379e482812a8098f93f7fe6c42","sellTxId":"03b272a955c1515018ef51de296edd814b3ed52f"}
{"index": {"_index":"leo","_id":"4076401"}}
	{"id":4076401,"type":"buy","buyer":"beststart","seller":"pi-trader","symbol":"LEO","quantity":"93.595","price":"0.15437999","timestamp":1659756576,"volume":"14.44919516","buyTxId":"5fd129a41a8fca379e482812a8098f93f7fe6c42","sellTxId":"d517e518dcde1063aad38076698aca7e300a5505-3"}
{"index": {"_index":"leo","_id":"4076408"}}
	{"id":4076408,"type":"buy","buyer":"beststart","seller":"pi-trader","symbol":"LEO","quantity":"6.405","price":"0.15437999","timestamp":1659756621,"volume":"0.98880384","buyTxId":"750322dd0fb7b7ab906d0d5a8341a29d5259ebbd","sellTxId":"d517e518dcde1063aad38076698aca7e300a5505-3"}
{"index": {"_index":"leo","_id":"4076409"}}
	{"id":4076409,"type":"buy","buyer":"beststart","seller":"enginemaker","symbol":"LEO","quantity":"297.384","price":"0.15438000","timestamp":1659756621,"volume":"45.91014192","buyTxId":"750322dd0fb7b7ab906d0d5a8341a29d5259ebbd","sellTxId":"MM-P-19775813-66770103-3-1-0"}
{"index": {"_index":"leo","_id":"4076414"}}
	{"id":4076414,"type":"buy","buyer":"beststart","seller":"enginemaker","symbol":"LEO","quantity":"6.405","price":"0.15438000","timestamp":1659756657,"volume":"0.98880390","buyTxId":"1bb6313083f9f710374ba17d4524b6fbd11e000a","sellTxId":"MM-P-19775813-66770103-3-1-0"}
{"index": {"_index":"leo","_id":"4076415"}}
	{"id":4076415,"type":"buy","buyer":"beststart","seller":"pi-trader","symbol":"LEO","quantity":"100.000","price":"0.15438999","timestamp":1659756657,"volume":"15.43899900","buyTxId":"1bb6313083f9f710374ba17d4524b6fbd11e000a","sellTxId":"de521f24773eb88b8fb59a47ec4ef4f44173e1e5-1"}
{"index": {"_index":"leo","_id":"4076416"}}
	{"id":4076416,"type":"buy","buyer":"beststart","seller":"onlydoge","symbol":"LEO","quantity":"112.557","price":"0.15439000","timestamp":1659756657,"volume":"17.37767523","buyTxId":"1bb6313083f9f710374ba17d4524b6fbd11e000a","sellTxId":"dfabfda5d24d95bf0a893916311f3f942b93b24b"}
{"index": {"_index":"leo","_id":"4076425"}}
	{"id":4076425,"type":"buy","buyer":"beststart","seller":"pi-trader","symbol":"LEO","quantity":"100.000","price":"0.15438999","timestamp":1659756723,"volume":"15.43899900","buyTxId":"263c487141d118de2478fe98c9e5e5b0c5c26c2f","sellTxId":"f18d134ce29477d11231d7a35984e4750667c809-4"}
{"index": {"_index":"leo","_id":"4076438"}}
	{"id":4076438,"type":"buy","buyer":"beststart","seller":"leomaker","symbol":"LEO","quantity":"6.208","price":"0.15438900","timestamp":1659756876,"volume":"0.95844691","buyTxId":"9a8b9fab0d159e1ed8a939daebb2f91e695aa9a1","sellTxId":"82d2fec198bb51bd2126ff5ba66ba38bd6eae5d8"}
{"index": {"_index":"leo","_id":"4076439"}}
	{"id":4076439,"type":"buy","buyer":"beststart","seller":"pi-trader","symbol":"LEO","quantity":"93.792","price":"0.15438999","timestamp":1659756876,"volume":"14.48054594","buyTxId":"9a8b9fab0d159e1ed8a939daebb2f91e695aa9a1","sellTxId":"a21d071c0f10ac90dd124a7aac33d38ef3279338-1"}
{"index": {"_index":"leo","_id":"4076441"}}
	{"id":4076441,"type":"sell","buyer":"leomaker","seller":"antiosh","symbol":"LEO","quantity":"2.459","price":"0.13512400","timestamp":1659756903,"volume":"0.33226992","buyTxId":"2f248e65c984f4e3d984b54452df7338302940fd","sellTxId":"c029cc2bb8be2f18d984ee51fedd891c81b58fca"}
{"index": {"_index":"leo","_id":"4076442"}}
	{"id":4076442,"type":"buy","buyer":"beststart","seller":"pi-trader","symbol":"LEO","quantity":"6.208","price":"0.15438999","timestamp":1659756915,"volume":"0.95845306","buyTxId":"553284db97ee74b74a80dfad4ca46faaea3afa3d","sellTxId":"a21d071c0f10ac90dd124a7aac33d38ef3279338-1"}
{"index": {"_index":"leo","_id":"4076443"}}
	{"id":4076443,"type":"buy","buyer":"beststart","seller":"onlydoge","symbol":"LEO","quantity":"100.197","price":"0.15439000","timestamp":1659756915,"volume":"15.46941483","buyTxId":"553284db97ee74b74a80dfad4ca46faaea3afa3d","sellTxId":"dfabfda5d24d95bf0a893916311f3f942b93b24b"}
{"index": {"_index":"leo","_id":"4076448"}}
	{"id":4076448,"type":"buy","buyer":"beststart","seller":"onlydoge","symbol":"LEO","quantity":"6.208","price":"0.15439000","timestamp":1659756975,"volume":"0.95845312","buyTxId":"5792891a4a211f3cf3814e847b16b6d981d1d5cf","sellTxId":"dfabfda5d24d95bf0a893916311f3f942b93b24b"}
{"index": {"_index":"leo","_id":"4076455"}}
	{"id":4076455,"type":"buy","buyer":"beststart","seller":"leomaker","symbol":"LEO","quantity":"6.822","price":"0.15439900","timestamp":1659757029,"volume":"1.05330998","buyTxId":"56c9c405b604db8f385e8ae344d3b93f1e598020","sellTxId":"11a9a5cd50d3671e90cf2c6f8cf9d8132daa4bf9"}
{"index": {"_index":"leo","_id":"4076456"}}
	{"id":4076456,"type":"buy","buyer":"beststart","seller":"leomaker","symbol":"LEO","quantity":"6.472","price":"0.15441900","timestamp":1659757062,"volume":"0.99939977","buyTxId":"89266dbc837be805f65c7ee49c4fd749aa17a010","sellTxId":"6ddbef75e135d8c9a938f538f0f1cd4e742244f3"}
{"index": {"_index":"leo","_id":"4076458"}}
	{"id":4076458,"type":"buy","buyer":"beststart","seller":"amigareaction","symbol":"LEO","quantity":"0.239","price":"0.15443800","timestamp":1659757101,"volume":"0.03691068","buyTxId":"d4a77b45e51e6e2e03ef2052f57fb2c1417fa99c","sellTxId":"43278dfae911ff94c5433d62be701c07c9efaff6"}
{"index": {"_index":"leo","_id":"4076459"}}
	{"id":4076459,"type":"buy","buyer":"beststart","seller":"leomaker","symbol":"LEO","quantity":"6.793","price":"0.15443900","timestamp":1659757125,"volume":"1.04910413","buyTxId":"45520aa44cdccbf1394883cee16802ccfd1bd36f","sellTxId":"736f5e3efb65e589731bd5bcc99971f88fd07f71"}
{"index": {"_index":"leo","_id":"4076465"}}
	{"id":4076465,"type":"buy","buyer":"beststart","seller":"leomaker","symbol":"LEO","quantity":"7.006","price":"0.15444900","timestamp":1659757182,"volume":"1.08206969","buyTxId":"ee9c1ca064b8246fd863c8ce1fad2d2d271b06e0","sellTxId":"eeb66ad738850162b2d87922e62a928a3f157fd6"}
{"index": {"_index":"leo","_id":"4076466"}}
	{"id":4076466,"type":"buy","buyer":"beststart","seller":"leomaker","symbol":"LEO","quantity":"7.091","price":"0.15446200","timestamp":1659757209,"volume":"1.09529004","buyTxId":"b23c31a79b0d5558f86f74bef9532863d7e073ef","sellTxId":"35cd69091e630e3546ebd3f89464c714b3cd5a14"}
{"index": {"_index":"leo","_id":"4076468"}}
	{"id":4076468,"type":"buy","buyer":"beststart","seller":"pi-trader","symbol":"LEO","quantity":"100.000","price":"0.15446299","timestamp":1659757251,"volume":"15.44629900","buyTxId":"cf55ee3d3de43cb9299f3a65f7d7b4030e740599","sellTxId":"2a13b841b2170147896c0b8d16b4d16d154f15f4-3"}
{"index": {"_index":"leo","_id":"4076652"}}
	{"id":4076652,"type":"sell","buyer":"leomaker","seller":"pob.curator","symbol":"LEO","quantity":"0.010","price":"0.13512400","timestamp":1659759873,"volume":"0.00135124","buyTxId":"2f248e65c984f4e3d984b54452df7338302940fd","sellTxId":"696ed7c38a87b0e0290ef23715c0de09ae356720"}
{"index": {"_index":"leo","_id":"4076747"}}
	{"id":4076747,"type":"sell","buyer":"leomaker","seller":"steem82868","symbol":"LEO","quantity":"0.354","price":"0.13512400","timestamp":1659760800,"volume":"0.04783390","buyTxId":"2f248e65c984f4e3d984b54452df7338302940fd","sellTxId":"6bb2461a51fd957f904155438689059e513755c6"}
{"index": {"_index":"leo","_id":"4076769"}}
	{"id":4076769,"type":"sell","buyer":"oople","seller":"god0","symbol":"LEO","quantity":"1.999","price":"0.15445999","timestamp":1659760950,"volume":"0.30876552","buyTxId":"861346d05ecb08af70663ebbe2153acbc63632c9","sellTxId":"39333212cb95ab8cc50ab49b0087483424e76120-1"}
{"index": {"_index":"leo","_id":"4076837"}}
	{"id":4076837,"type":"sell","buyer":"oople","seller":"hjchilb","symbol":"LEO","quantity":"0.001","price":"0.15445999","timestamp":1659761661,"volume":"0.00015446","buyTxId":"861346d05ecb08af70663ebbe2153acbc63632c9","sellTxId":"9ad55a8b1d94f1b5e2697029a5d1b0aba33183f8"}
{"index": {"_index":"leo","_id":"4076838"}}
	{"id":4076838,"type":"buy","buyer":"god0","seller":"hjchilb","symbol":"LEO","quantity":"1.559","price":"0.13513639","timestamp":1659761661,"volume":"0.21067763","buyTxId":"26385444d57005728b724883d397807037e7d418-0","sellTxId":"9ad55a8b1d94f1b5e2697029a5d1b0aba33183f8"}
{"index": {"_index":"leo","_id":"4076876"}}
	{"id":4076876,"type":"sell","buyer":"leomaker","seller":"erking","symbol":"LEO","quantity":"0.021","price":"0.13512400","timestamp":1659762396,"volume":"0.00283760","buyTxId":"2f248e65c984f4e3d984b54452df7338302940fd","sellTxId":"40529ccfd656788d0f3d29ae4924c4e5c26e7cf0"}
{"index": {"_index":"leo","_id":"4076891"}}
	{"id":4076891,"type":"sell","buyer":"oople","seller":"god0","symbol":"LEO","quantity":"5.898","price":"0.15445999","timestamp":1659762495,"volume":"0.91100502","buyTxId":"4066907a0ad9461c8e80a14cc2388ed3c15ec32a","sellTxId":"83d73ec07dffc9b3eb8c68b38488f0691641dfed-1"}
{"index": {"_index":"leo","_id":"4076892"}}
	{"id":4076892,"type":"buy","buyer":"oople","seller":"leomaker","symbol":"LEO","quantity":"5.000","price":"0.15446000","timestamp":1659762534,"volume":"0.77230000","buyTxId":"20be77e7ede8dc5ccac8479017c9f59d147ac1f7","sellTxId":"42a71fd4b12904fc86719de0c6df0bd7693c3c30"}
{"index": {"_index":"leo","_id":"4076925"}}
	{"id":4076925,"type":"sell","buyer":"oople","seller":"ericaliu","symbol":"LEO","quantity":"0.001","price":"0.15445999","timestamp":1659763134,"volume":"0.00015446","buyTxId":"4066907a0ad9461c8e80a14cc2388ed3c15ec32a","sellTxId":"05bd5d5e8a68ef217f5cd03e4deb98fb75cf2676"}
{"index": {"_index":"leo","_id":"4076951"}}
	{"id":4076951,"type":"sell","buyer":"leomaker","seller":"mawit07","symbol":"LEO","quantity":"1.933","price":"0.13512400","timestamp":1659763992,"volume":"0.26119469","buyTxId":"2f248e65c984f4e3d984b54452df7338302940fd","sellTxId":"432c34b3a2981ab9e26b3779d9d42b7b9a65f493"}
{"index": {"_index":"leo","_id":"4076952"}}
	{"id":4076952,"type":"sell","buyer":"pi-trader","seller":"mawit07","symbol":"LEO","quantity":"6.936","price":"0.11045001","timestamp":1659763992,"volume":"0.76608127","buyTxId":"44711f7dfd5406eb324e69a21d700c1c7a9c6e42-3","sellTxId":"432c34b3a2981ab9e26b3779d9d42b7b9a65f493"}
{"index": {"_index":"leo","_id":"4077042"}}
	{"id":4077042,"type":"buy","buyer":"clicmaster","seller":"leomaker","symbol":"LEO","quantity":"4.975","price":"0.15445900","timestamp":1659765111,"volume":"0.76843353","buyTxId":"fb579ac041e8c6414bb07aa2ca644a6e7a337f41","sellTxId":"3b0160ff1c349008d2c74f753fb0926e6206f563"}
{"index": {"_index":"leo","_id":"4077048"}}
	{"id":4077048,"type":"sell","buyer":"leomaker","seller":"finguru","symbol":"LEO","quantity":"16.411","price":"0.11049600","timestamp":1659765357,"volume":"1.81334986","buyTxId":"d4071903cef16c665a7a0977fac6435385f54f0b","sellTxId":"88cb70fa66b5437a5335c542d02259fafbe045da"}
{"index": {"_index":"leo","_id":"4077049"}}
	{"id":4077049,"type":"sell","buyer":"pi-trader","seller":"finguru","symbol":"LEO","quantity":"58.589","price":"0.11049401","timestamp":1659765357,"volume":"6.47373355","buyTxId":"08186c8586a741ab422391ba24009b5e5503c4c7-1","sellTxId":"88cb70fa66b5437a5335c542d02259fafbe045da"}
{"index": {"_index":"leo","_id":"4077276"}}
	{"id":4077276,"type":"buy","buyer":"dswap","seller":"leomaker","symbol":"LEO","quantity":"2.411","price":"0.15445800","timestamp":1659769143,"volume":"0.37239824","buyTxId":"2384a4e73d46365b04b5e2bd26e56a44d90ff82d","sellTxId":"19623b859297c6ff7e55e6d9c8a37442fb78f27a"}
{"index": {"_index":"leo","_id":"4077277"}}
	{"id":4077277,"type":"buy","buyer":"dswap","seller":"pi-trader","symbol":"LEO","quantity":"8.285","price":"0.15445899","timestamp":1659769143,"volume":"1.27977296","buyTxId":"2384a4e73d46365b04b5e2bd26e56a44d90ff82d","sellTxId":"9467e9cff9ace86038b8271513960b9f3d611e8b-1"}
{"index": {"_index":"leo","_id":"4077291"}}
	{"id":4077291,"type":"sell","buyer":"pi-trader","seller":"acesontop","symbol":"LEO","quantity":"38","price":"0.11051801","timestamp":1659769320,"volume":"4.19968438","buyTxId":"d1057c42358bd01a5b1dbe2eb0dcc910eec52d1b-1","sellTxId":"d21afd0e2a95e81987e75282df3e1e49c7b43583"}
{"index": {"_index":"leo","_id":"4077365"}}
	{"id":4077365,"type":"buy","buyer":"holdeck","seller":"mypathtofire","symbol":"LEO","quantity":"1.095","price":"0.15400000","timestamp":1659770472,"volume":"0.16863000","buyTxId":"38e0aee121b923db5f090010964f384e1f6b63aa","sellTxId":"66254b7e95db21795a9dcfd36879352141db29f3"}
{"index": {"_index":"leo","_id":"4077473"}}
	{"id":4077473,"type":"sell","buyer":"leomaker","seller":"ryan313","symbol":"LEO","quantity":"0.170","price":"0.11054200","timestamp":1659772140,"volume":"0.01879214","buyTxId":"07987e4b683ca2e3eaa2fbdac531e814a87fd03e","sellTxId":"a7382d7ecd15cfe1d2c7f87a9f4ab0f31cbf52c3"}
{"index": {"_index":"leo","_id":"4077520"}}
	{"id":4077520,"type":"sell","buyer":"leomaker","seller":"firstborn.pob","symbol":"LEO","quantity":"9.012","price":"0.11054200","timestamp":1659772368,"volume":"0.99620450","buyTxId":"07987e4b683ca2e3eaa2fbdac531e814a87fd03e","sellTxId":"5f1c5084f753d0df1263de68f39f3c89ec0ae220"}
{"index": {"_index":"leo","_id":"4077521"}}
	{"id":4077521,"type":"sell","buyer":"pi-trader","seller":"firstborn.pob","symbol":"LEO","quantity":"10.770","price":"0.11054001","timestamp":1659772368,"volume":"1.19051591","buyTxId":"05995cdd8b0a5a29ccb0f3e5c945027f046151ec-1","sellTxId":"5f1c5084f753d0df1263de68f39f3c89ec0ae220"}
{"index": {"_index":"leo","_id":"4077752"}}
	{"id":4077752,"type":"buy","buyer":"god0","seller":"kolbjorn","symbol":"LEO","quantity":"67.551","price":"0.14000000","timestamp":1659776283,"volume":"9.45714000","buyTxId":"84dc898d8bde71a0a4ba064a878271a4beeac797-0","sellTxId":"6e733c27689270568dc20a17f9533ffff37fc7c5"}
{"index": {"_index":"leo","_id":"4077899"}}
	{"id":4077899,"type":"sell","buyer":"leomaker","seller":"investinthefutur","symbol":"LEO","quantity":"0.237","price":"0.14000200","timestamp":1659778326,"volume":"0.03318047","buyTxId":"1f0120a1585dbacf5aa2faa9cc9126691f64216b","sellTxId":"daf50fbf9d68d19269f373d7e6f2b627581ad6ec"}
{"index": {"_index":"leo","_id":"4077984"}}
	{"id":4077984,"type":"buy","buyer":"koleso","seller":"leomaker","symbol":"LEO","quantity":"0.004","price":"0.15299800","timestamp":1659779622,"volume":"0.00061199","buyTxId":"3fad248bbee38a60e54dec378529cff173456218","sellTxId":"497a0b5f979a6926f5a7bf9df35534e1b517f57f"}
{"index": {"_index":"leo","_id":"4078063"}}
	{"id":4078063,"type":"sell","buyer":"leomaker","seller":"steliosfan","symbol":"LEO","quantity":"7.330","price":"0.11058200","timestamp":1659780816,"volume":"0.81056606","buyTxId":"acf2f58b3f9aed924e3cdae8bc6ba227049f948a","sellTxId":"57531181b96207c8d1dcb6e7c61a114fef52ed16"}
{"index": {"_index":"leo","_id":"4078064"}}
	{"id":4078064,"type":"buy","buyer":"konvik","seller":"steliosfan","symbol":"LEO","quantity":"46.670","price":"0.11058200","timestamp":1659780819,"volume":"5.16086194","buyTxId":"0af6c83243792c174c661aa84a1aace0584045eb-0","sellTxId":"57531181b96207c8d1dcb6e7c61a114fef52ed16"}
{"index": {"_index":"leo","_id":"4078174"}}
	{"id":4078174,"type":"sell","buyer":"leomaker","seller":"steem82868","symbol":"LEO","quantity":"0.121","price":"0.11200200","timestamp":1659782298,"volume":"0.01355224","buyTxId":"a9b19a73756deecf168b3298a4ba877cac2fd704","sellTxId":"3f28303bf1a77daccdfbda557ecd3f1e746bfe59"}
{"index": {"_index":"leo","_id":"4078219"}}
	{"id":4078219,"type":"buy","buyer":"finguru","seller":"leomaker","symbol":"LEO","quantity":"2.467","price":"0.14999900","timestamp":1659782838,"volume":"0.37004753","buyTxId":"7d514022438166bf842775d30a7668a66db4f2b3","sellTxId":"ee2c4a839f1fddd80ef7e40d402a40dab130c6f5"}
{"index": {"_index":"leo","_id":"4078220"}}
	{"id":4078220,"type":"buy","buyer":"finguru","seller":"pi-trader","symbol":"LEO","quantity":"21.729","price":"0.14999999","timestamp":1659782838,"volume":"3.25934978","buyTxId":"7d514022438166bf842775d30a7668a66db4f2b3","sellTxId":"f84cca1a300bf69b9a27eb801f97aeb0b6c71bbc-2"}
{"index": {"_index":"leo","_id":"4078312"}}
	{"id":4078312,"type":"sell","buyer":"leomaker","seller":"jphamer1","symbol":"LEO","quantity":"4.429","price":"0.11501200","timestamp":1659784587,"volume":"0.50938815","buyTxId":"fa5f4c251ba72b2b8d778d661a174ad577d3a83e","sellTxId":"875bb6d5f8912e81979535f83943f4f010cbb3f7"}
{"index": {"_index":"leo","_id":"4078313"}}
	{"id":4078313,"type":"sell","buyer":"pi-trader","seller":"jphamer1","symbol":"LEO","quantity":"58.297","price":"0.11501001","timestamp":1659784587,"volume":"6.70473855","buyTxId":"cc8f47b3c6a35b7bc54927b177aac9207ccfe53a-3","sellTxId":"875bb6d5f8912e81979535f83943f4f010cbb3f7"}
{"index": {"_index":"leo","_id":"4078421"}}
	{"id":4078421,"type":"sell","buyer":"leomaker","seller":"samostically","symbol":"LEO","quantity":"4.059","price":"0.11502200","timestamp":1659786720,"volume":"0.46687430","buyTxId":"1b4d4bce582cf82c940156ebea56730543dab9fe","sellTxId":"10fd083414fba23d597734f2225fe31db72b7dc3"}
{"index": {"_index":"leo","_id":"4078422"}}
	{"id":4078422,"type":"sell","buyer":"pi-trader","seller":"samostically","symbol":"LEO","quantity":"25.241","price":"0.11502001","timestamp":1659786720,"volume":"2.90322007","buyTxId":"3900a2cbc160efc59939c1b2541743186ffb63da-1","sellTxId":"10fd083414fba23d597734f2225fe31db72b7dc3"}
{"index": {"_index":"leo","_id":"4078942"}}
	{"id":4078942,"type":"sell","buyer":"leomaker","seller":"shanibeer","symbol":"LEO","quantity":"3.119","price":"0.11510200","timestamp":1659793668,"volume":"0.35900314","buyTxId":"67b0c6c08567df1291e71f278c78014ad51120ab","sellTxId":"1589dd2f015b926562346e392e41c774efb373ec"}
{"index": {"_index":"leo","_id":"4078943"}}
	{"id":4078943,"type":"buy","buyer":"svirus","seller":"shanibeer","symbol":"LEO","quantity":"23.400","price":"0.11510200","timestamp":1659793671,"volume":"2.69338680","buyTxId":"c598564b6bff80fefb435e1163bd1f78d1f1cde1-0","sellTxId":"1589dd2f015b926562346e392e41c774efb373ec"}
{"index": {"_index":"leo","_id":"4078949"}}
	{"id":4078949,"type":"buy","buyer":"coquicoin","seller":"shanibeer","symbol":"LEO","quantity":"0.008","price":"0.11510200","timestamp":1659793758,"volume":"0.00092082","buyTxId":"33efaf3fe7e3d7a2a15725c25a19b0b06166be8c","sellTxId":"1589dd2f015b926562346e392e41c774efb373ec"}
{"index": {"_index":"leo","_id":"4079046"}}
	{"id":4079046,"type":"sell","buyer":"leomaker","seller":"solominer.leo","symbol":"LEO","quantity":"2.689","price":"0.11551200","timestamp":1659794988,"volume":"0.31061177","buyTxId":"9a4e1d80bcf73c0c8207302a5877672477fe39f2","sellTxId":"bcce59ed04ebc36ae686401218bbbf731db004e4"}
{"index": {"_index":"leo","_id":"4079053"}}
	{"id":4079053,"type":"buy","buyer":"leomaker","seller":"solominer.leo","symbol":"LEO","quantity":"2.581","price":"0.11551200","timestamp":1659795030,"volume":"0.29813647","buyTxId":"5d9cc755fffe0ff4038057d33969dd09780556c9","sellTxId":"bcce59ed04ebc36ae686401218bbbf731db004e4"}
{"index": {"_index":"leo","_id":"4079056"}}
	{"id":4079056,"type":"buy","buyer":"pjansen","seller":"solominer.leo","symbol":"LEO","quantity":"11.280","price":"0.11551200","timestamp":1659795084,"volume":"1.3030","buyTxId":"5c35d767090aaced5a310c2e3a7a4371e1c9b995-0","sellTxId":"bcce59ed04ebc36ae686401218bbbf731db004e4"}
{"index": {"_index":"leo","_id":"4079129"}}
	{"id":4079129,"type":"sell","buyer":"leomaker","seller":"mba2020","symbol":"LEO","quantity":"2.479","price":"0.11551200","timestamp":1659795972,"volume":"0.28635425","buyTxId":"68ca6309087bb6c85ad2c21288d4d88ae0ea5122","sellTxId":"bc96b47b4955d6312667b76b9a4f3b7570ea3011"}
{"index": {"_index":"leo","_id":"4079130"}}
	{"id":4079130,"type":"sell","buyer":"pi-trader","seller":"mba2020","symbol":"LEO","quantity":"67.378","price":"0.11551001","timestamp":1659795972,"volume":"7.78283345","buyTxId":"7467f56b8f1af2c7c0e083096edf4ff9d94f6080-2","sellTxId":"bc96b47b4955d6312667b76b9a4f3b7570ea3011"}
{"index": {"_index":"leo","_id":"4079263"}}
	{"id":4079263,"type":"sell","buyer":"leomaker","seller":"boycharlieplays","symbol":"LEO","quantity":"0.046","price":"0.11851200","timestamp":1659797310,"volume":"0.00545155","buyTxId":"3ea32afaca5fda84afbb122dd00285b24eda56b4","sellTxId":"23c8ef6538e28f22922eed0c4514f58fe801a3be"}
{"index": {"_index":"leo","_id":"4079526"}}
	{"id":4079526,"type":"buy","buyer":"coquicoin","seller":"leomaker","symbol":"LEO","quantity":"2.482","price":"0.14696800","timestamp":1659800844,"volume":"0.36477458","buyTxId":"08f0ae7a8f83cb20d50169af53d868d6e4724702","sellTxId":"a77f058fa838fc9cfcdcb9bdba8b59211e07fdd0"}
{"index": {"_index":"leo","_id":"4079527"}}
	{"id":4079527,"type":"sell","buyer":"coquicoin","seller":"god0","symbol":"LEO","quantity":"10.318","price":"0.14696800","timestamp":1659800844,"volume":"1.51641582","buyTxId":"08f0ae7a8f83cb20d50169af53d868d6e4724702","sellTxId":"02ced68e67769699442151e9f43aa9b093e1f4ad-1"}
{"index": {"_index":"leo","_id":"4079685"}}
	{"id":4079685,"type":"sell","buyer":"leomaker","seller":"gestion.alive","symbol":"LEO","quantity":"0.229","price":"0.12002200","timestamp":1659803100,"volume":"0.02748504","buyTxId":"6ccb4bbfd0959f1e50dd64f9f80ee2c395d6d835","sellTxId":"2bd87b651e1750cd2603201d9252515805ac01af"}
{"index": {"_index":"leo","_id":"4080110"}}
	{"id":4080110,"type":"sell","buyer":"leomaker","seller":"damla","symbol":"LEO","quantity":"0.187","price":"0.13104500","timestamp":1659808227,"volume":"0.02450542","buyTxId":"56510d8689d404c689c29824b825d7a98ea9bf8f","sellTxId":"2fe403cdc3ca0e207e283f45a80b537c1ef16673"}
{"index": {"_index":"leo","_id":"4080467"}}
	{"id":4080467,"type":"sell","buyer":"leomaker","seller":"kuhnchun","symbol":"LEO","quantity":"0.547","price":"0.13105200","timestamp":1659810657,"volume":"0.07168544","buyTxId":"30dbb7ac7a21560c157f48dcae67f4d45918faca","sellTxId":"4fadc9aa7fac6fd26bfea264a0a1562852b033bb"}
{"index": {"_index":"leo","_id":"4080468"}}
	{"id":4080468,"type":"buy","buyer":"god0","seller":"kuhnchun","symbol":"LEO","quantity":"0.189","price":"0.13105200","timestamp":1659810657,"volume":"0.02476883","buyTxId":"ecd579f251e9bebb6fabde05ec48010df74d2369-0","sellTxId":"4fadc9aa7fac6fd26bfea264a0a1562852b033bb"}
{"index": {"_index":"leo","_id":"4080488"}}
	{"id":4080488,"type":"buy","buyer":"leomaker","seller":"kuhnchun","symbol":"LEO","quantity":"0.001","price":"0.13105200","timestamp":1659810849,"volume":"0.00013105","buyTxId":"76d3765b949157178900a86c42e2d8c768531539","sellTxId":"4fadc9aa7fac6fd26bfea264a0a1562852b033bb"}
{"index": {"_index":"leo","_id":"4080560"}}
	{"id":4080560,"type":"sell","buyer":"leomaker","seller":"marketroll","symbol":"LEO","quantity":"0.539","price":"0.13105200","timestamp":1659811578,"volume":"0.07063703","buyTxId":"76d3765b949157178900a86c42e2d8c768531539","sellTxId":"d35e84eb79109d9245a5bade1090d445f574bb1a"}
{"index": {"_index":"leo","_id":"4080561"}}
	{"id":4080561,"type":"sell","buyer":"pi-trader","seller":"marketroll","symbol":"LEO","quantity":"54.221","price":"0.13105001","timestamp":1659811578,"volume":"7.10566259","buyTxId":"218776fe82d42ff5f2daa616cf9298aa62046d57-1","sellTxId":"d35e84eb79109d9245a5bade1090d445f574bb1a"}
{"index": {"_index":"leo","_id":"4080722"}}
	{"id":4080722,"type":"buy","buyer":"offgridlife","seller":"beemd","symbol":"LEO","quantity":"0.752","price":"0.14696698","timestamp":1659813888,"volume":"0.11051917","buyTxId":"c0deb3f2abefb3cfa99314e5a45d8e01cea7ac5f","sellTxId":"68672dc758da9ddb5193ac65a2add13f238b0a5a"}
{"index": {"_index":"leo","_id":"4080723"}}
	{"id":4080723,"type":"buy","buyer":"offgridlife","seller":"speedtuning","symbol":"LEO","quantity":"5.718","price":"0.14696699","timestamp":1659813888,"volume":"0.84035725","buyTxId":"c0deb3f2abefb3cfa99314e5a45d8e01cea7ac5f","sellTxId":"401c5c6dff5d83bb4f44bd1b17f1308b231290fb"}
{"index": {"_index":"leo","_id":"4080724"}}
	{"id":4080724,"type":"buy","buyer":"offgridlife","seller":"leomaker","symbol":"LEO","quantity":"1.911","price":"0.14696800","timestamp":1659813888,"volume":"0.28085585","buyTxId":"c0deb3f2abefb3cfa99314e5a45d8e01cea7ac5f","sellTxId":"e22cab70add5229f54d47b33cbb5bef53ef762f7"}
{"index": {"_index":"leo","_id":"4080725"}}
	{"id":4080725,"type":"buy","buyer":"offgridlife","seller":"pi-trader","symbol":"LEO","quantity":"91.619","price":"0.14696898","timestamp":1659813888,"volume":"13.46515098","buyTxId":"c0deb3f2abefb3cfa99314e5a45d8e01cea7ac5f","sellTxId":"a737fbadb718d0317dbe35045dfbd5ee77cc4acd-3"}
{"index": {"_index":"leo","_id":"4080750"}}
	{"id":4080750,"type":"buy","buyer":"offgridlife","seller":"pi-trader","symbol":"LEO","quantity":"100.000","price":"0.14696898","timestamp":1659813993,"volume":"14.69689800","buyTxId":"f1dfc327868b2eaa26ef02db914c3cf253f16df4","sellTxId":"09753ef1f156f95171d76482b160126e43c5c042-2"}
{"index": {"_index":"leo","_id":"4080751"}}
	{"id":4080751,"type":"buy","buyer":"offgridlife","seller":"mapac","symbol":"LEO","quantity":"12.000","price":"0.14696899","timestamp":1659813993,"volume":"1.76362788","buyTxId":"f1dfc327868b2eaa26ef02db914c3cf253f16df4","sellTxId":"0d1cce325b6bab2432a9ee3b5b46a1a0cfb6b41a"}
{"index": {"_index":"leo","_id":"4080752"}}
	{"id":4080752,"type":"buy","buyer":"offgridlife","seller":"leomaker","symbol":"LEO","quantity":"2.512","price":"0.14699900","timestamp":1659813993,"volume":"0.36926149","buyTxId":"f1dfc327868b2eaa26ef02db914c3cf253f16df4","sellTxId":"1e9e7b2611fd1dd01b5d7bd51062aa486a8427df"}
{"index": {"_index":"leo","_id":"4080753"}}
	{"id":4080753,"type":"buy","buyer":"offgridlife","seller":"mapac","symbol":"LEO","quantity":"5.488","price":"0.14700000","timestamp":1659813993,"volume":"0.80673600","buyTxId":"f1dfc327868b2eaa26ef02db914c3cf253f16df4","sellTxId":"5943a1288732e3644e044e2d722af0ddad686e86"}
{"index": {"_index":"leo","_id":"4080869"}}
	{"id":4080869,"type":"sell","buyer":"leomaker","seller":"kevinnag58","symbol":"LEO","quantity":"0.583","price":"0.13107200","timestamp":1659814959,"volume":"0.07641498","buyTxId":"860f5b5efacfa43052aebeab2d418cf547d825e5","sellTxId":"4e552be49f2971cd2089a4c7efe691ddbc5a9007"}
{"index": {"_index":"leo","_id":"4080870"}}
	{"id":4080870,"type":"sell","buyer":"pi-trader","seller":"kevinnag58","symbol":"LEO","quantity":"2.612","price":"0.13107001","timestamp":1659814959,"volume":"0.34235487","buyTxId":"3d0975063a0a48fb1414252ee69464a765ea9f11-1","sellTxId":"4e552be49f2971cd2089a4c7efe691ddbc5a9007"}
{"index": {"_index":"leo","_id":"4081184"}}
	{"id":4081184,"type":"sell","buyer":"leomaker","seller":"engilhramn","symbol":"LEO","quantity":"0.568","price":"0.13108200","timestamp":1659818811,"volume":"0.07445458","buyTxId":"2df53392d838cd55c09be2780f9ea8cf70851c0b","sellTxId":"50643f5e787298d4a9c7921a51a8def53dd5b07c"}
{"index": {"_index":"leo","_id":"4081185"}}
	{"id":4081185,"type":"sell","buyer":"pi-trader","seller":"engilhramn","symbol":"LEO","quantity":"0.258","price":"0.13108001","timestamp":1659818811,"volume":"0.03381864","buyTxId":"2a6053ed9f1dc3a4f34c783072fe644bf59067c7-3","sellTxId":"50643f5e787298d4a9c7921a51a8def53dd5b07c"}
{"index": {"_index":"leo","_id":"4081399"}}
	{"id":4081399,"type":"sell","buyer":"leomaker","seller":"mein-senf-dazu","symbol":"LEO","quantity":"0.517","price":"0.13110200","timestamp":1659822885,"volume":"0.06777973","buyTxId":"f4afd21ec0ce6ad62fcc317ea769d905ef631e6b","sellTxId":"8ffbd568669d7062643afc3b20ff218bcd39d348"}
{"index": {"_index":"leo","_id":"4081707"}}
	{"id":4081707,"type":"sell","buyer":"leomaker","seller":"leqclibre","symbol":"LEO","quantity":"0.132","price":"0.13112200","timestamp":1659826848,"volume":"0.01730810","buyTxId":"148b5ce702fd45977b81ac8056a66012d8511343","sellTxId":"f083362e6a1566fe87e675eca29224894fce14cf"}
{"index": {"_index":"leo","_id":"4081777"}}
	{"id":4081777,"type":"buy","buyer":"generikat","seller":"droida","symbol":"LEO","quantity":"5.242","price":"0.14599999","timestamp":1659827817,"volume":"0.76533195","buyTxId":"18c0d14e7d81ab639a29858ffcf092574ec53877","sellTxId":"f6396dc8f50150086f79ab110fdddfe4a8dcc469"}
{"index": {"_index":"leo","_id":"4081778"}}
	{"id":4081778,"type":"buy","buyer":"generikat","seller":"avidez","symbol":"LEO","quantity":"5.000","price":"0.14600000","timestamp":1659827817,"volume":"0.73000000","buyTxId":"18c0d14e7d81ab639a29858ffcf092574ec53877","sellTxId":"ead1fc2e6cc5178c56363f4d7db7c3594fb489bf"}
{"index": {"_index":"leo","_id":"4081779"}}
	{"id":4081779,"type":"buy","buyer":"generikat","seller":"mapac","symbol":"LEO","quantity":"5.512","price":"0.14700000","timestamp":1659827817,"volume":"0.81026400","buyTxId":"18c0d14e7d81ab639a29858ffcf092574ec53877","sellTxId":"5943a1288732e3644e044e2d722af0ddad686e86"}
{"index": {"_index":"leo","_id":"4081780"}}
	{"id":4081780,"type":"buy","buyer":"generikat","seller":"leomaker","symbol":"LEO","quantity":"2.439","price":"0.14999900","timestamp":1659827817,"volume":"0.36584756","buyTxId":"18c0d14e7d81ab639a29858ffcf092574ec53877","sellTxId":"81f1e1ce01d02b99dd815e7ace68906276f95e72"}
{"index": {"_index":"leo","_id":"4081781"}}
	{"id":4081781,"type":"buy","buyer":"generikat","seller":"pi-trader","symbol":"LEO","quantity":"95.523","price":"0.14999998","timestamp":1659827817,"volume":"14.32855649","buyTxId":"18c0d14e7d81ab639a29858ffcf092574ec53877","sellTxId":"4bb08d0d412f1ab30483a225f843a0ef7addad48-2"}
{"index": {"_index":"leo","_id":"4081809"}}
	{"id":4081809,"type":"buy","buyer":"dswap","seller":"leomaker","symbol":"LEO","quantity":"6.893","price":"0.14999900","timestamp":1659828150,"volume":"1.03408133","buyTxId":"b6fba6e1fecb66ea4bc4ed753441423358b4fead","sellTxId":"2c9e24e1a4cc164e29a7dd3f03a25b8bdfc05c77"}
{"index": {"_index":"leo","_id":"4081988"}}
	{"id":4081988,"type":"sell","buyer":"ugochill","seller":"nyxlabs","symbol":"LEO","quantity":"1.000","price":"0.14000000","timestamp":1659830379,"volume":"0.14000000","buyTxId":"76a7311f74bc59af1a35b0b16064383ac0697c3c","sellTxId":"62eef6af0323645bf0c2d693f0fff72852cb1150"}
{"index": {"_index":"leo","_id":"4081989"}}
	{"id":4081989,"type":"buy","buyer":"svirus","seller":"nyxlabs","symbol":"LEO","quantity":"29.780","price":"0.14000000","timestamp":1659830382,"volume":"4.16920000","buyTxId":"b781982d60df7a8c463f33454b4e00e80d0bbc4c-0","sellTxId":"62eef6af0323645bf0c2d693f0fff72852cb1150"}
{"index": {"_index":"leo","_id":"4081990"}}
	{"id":4081990,"type":"buy","buyer":"konvik","seller":"nyxlabs","symbol":"LEO","quantity":"0.006","price":"0.14000000","timestamp":1659830382,"volume":"0.00084000","buyTxId":"6c26dfc0bec7a3125c1014c956a8840b6b5232c2-0","sellTxId":"62eef6af0323645bf0c2d693f0fff72852cb1150"}
{"index": {"_index":"leo","_id":"4082057"}}
	{"id":4082057,"type":"sell","buyer":"leomaker","seller":"whitelightxpress","symbol":"LEO","quantity":"0.376","price":"0.13502200","timestamp":1659831396,"volume":"0.05076827","buyTxId":"2b0adfee3567d755c7781a697902570831d99a9e","sellTxId":"29222804f42257702fe924526b3ec2759bf97c70"}
{"index": {"_index":"leo","_id":"4082061"}}
	{"id":4082061,"type":"sell","buyer":"pi-trader","seller":"whitelightxpress","symbol":"LEO","quantity":"0.070","price":"0.13502001","timestamp":1659831423,"volume":"0.00945140","buyTxId":"0e97e7b04b48654871a874c6d0cd8527f4d53b85-1","sellTxId":"8a812ae22955b98d435172b63abb1d45c6b02227"}
{"index": {"_index":"leo","_id":"4082075"}}
	{"id":4082075,"type":"sell","buyer":"leomaker","seller":"curatorcat.pal","symbol":"LEO","quantity":"0.070","price":"0.13502200","timestamp":1659831708,"volume":"0.00945154","buyTxId":"a73167befcd06d2f5352c58129fb568b6aa0dbb0","sellTxId":"4f41a4ff35cb852766824a80eb3ff0f24092c8f3"}
{"index": {"_index":"leo","_id":"4082135"}}
	{"id":4082135,"type":"sell","buyer":"leomaker","seller":"eturnerx","symbol":"LEO","quantity":"0.370","price":"0.13503200","timestamp":1659833049,"volume":"0.04996184","buyTxId":"285754947cd308011878e048e325a7157c6e0e0d","sellTxId":"b6931e4641e603cdc526f18b269c6dbe556e1a63"}
{"index": {"_index":"leo","_id":"4082136"}}
	{"id":4082136,"type":"sell","buyer":"pi-trader","seller":"eturnerx","symbol":"LEO","quantity":"1.869","price":"0.13503001","timestamp":1659833049,"volume":"0.25237109","buyTxId":"59e068256c42fb4b547ae54c34e85e29fe74eb9a-1","sellTxId":"b6931e4641e603cdc526f18b269c6dbe556e1a63"}
{"index": {"_index":"leo","_id":"4082356"}}
	{"id":4082356,"type":"sell","buyer":"leomaker","seller":"jphamer1","symbol":"LEO","quantity":"0.367","price":"0.13503200","timestamp":1659834726,"volume":"0.04955674","buyTxId":"fad636e6d490df651dc113c6b82dfb19ff6e6bc5","sellTxId":"80f4d4445561cdf0ef84217fe28a649597df4363"}
{"index": {"_index":"leo","_id":"4082357"}}
	{"id":4082357,"type":"sell","buyer":"pi-trader","seller":"jphamer1","symbol":"LEO","quantity":"67.477","price":"0.13503001","timestamp":1659834726,"volume":"9.11141998","buyTxId":"769c0263a7c71f3972603d7aab6ecc2f07537847-2","sellTxId":"80f4d4445561cdf0ef84217fe28a649597df4363"}
{"index": {"_index":"leo","_id":"4082466"}}
	{"id":4082466,"type":"sell","buyer":"leomaker","seller":"steem82868","symbol":"LEO","quantity":"0.362","price":"0.13504200","timestamp":1659835887,"volume":"0.04888520","buyTxId":"92ba46d08f1a1517b3445dd1e3c26627b77fa2cc","sellTxId":"04e33174ffcd221031304199b04fc759ca9184bf"}
{"index": {"_index":"leo","_id":"4082467"}}
	{"id":4082467,"type":"buy","buyer":"god0","seller":"steem82868","symbol":"LEO","quantity":"5.896","price":"0.13504200","timestamp":1659835887,"volume":"0.79620763","buyTxId":"5cde9ac7565f86489aa22099928cb6089eb75dc2-0","sellTxId":"04e33174ffcd221031304199b04fc759ca9184bf"}
{"index": {"_index":"leo","_id":"4082484"}}
	{"id":4082484,"type":"sell","buyer":"leomaker","seller":"microbot","symbol":"LEO","quantity":"0.238","price":"0.13504200","timestamp":1659836109,"volume":"0.03214000","buyTxId":"ec441b2ab15ca47189c9d396f6adf177ca5c10ff","sellTxId":"d889ea92a281ecc06cfa843376a8de8b7aa17328"}
{"index": {"_index":"leo","_id":"4082485"}}
	{"id":4082485,"type":"sell","buyer":"leomaker","seller":"isnochys","symbol":"LEO","quantity":"0.121","price":"0.13504200","timestamp":1659836112,"volume":"0.01634008","buyTxId":"ec441b2ab15ca47189c9d396f6adf177ca5c10ff","sellTxId":"0a9db630cf4325f673414361b084fd8905a5b2e7"}
{"index": {"_index":"leo","_id":"4082487"}}
	{"id":4082487,"type":"buy","buyer":"god0","seller":"isnochys","symbol":"LEO","quantity":"0.117","price":"0.13504200","timestamp":1659836139,"volume":"0.01579991","buyTxId":"91fce232168e0723480526f0e4099fd6d07bbfcd-0","sellTxId":"0a9db630cf4325f673414361b084fd8905a5b2e7"}
{"index": {"_index":"leo","_id":"4082488"}}
	{"id":4082488,"type":"buy","buyer":"god0","seller":"grand.strategy","symbol":"LEO","quantity":"0.121","price":"0.13504200","timestamp":1659836139,"volume":"0.01634008","buyTxId":"91fce232168e0723480526f0e4099fd6d07bbfcd-0","sellTxId":"e5002bba467e610dc2e20810955b8d09acc99c0f"}
{"index": {"_index":"leo","_id":"4082489"}}
	{"id":4082489,"type":"buy","buyer":"leomaker","seller":"grand.strategy","symbol":"LEO","quantity":"0.117","price":"0.13504200","timestamp":1659836190,"volume":"0.01579991","buyTxId":"d7279d12b61d7ab9f93f0e2342db818041063d7f","sellTxId":"e5002bba467e610dc2e20810955b8d09acc99c0f"}
{"index": {"_index":"leo","_id":"4082665"}}
	{"id":4082665,"type":"sell","buyer":"leomaker","seller":"curatorcat.leo","symbol":"LEO","quantity":"0.354","price":"0.13505200","timestamp":1659838140,"volume":"0.04780841","buyTxId":"2fe380887e75fc0fe97495e3c419ca77d62644f4","sellTxId":"660358546ab7c4d2b296931e992eff0005e65493"}
{"index": {"_index":"leo","_id":"4082669"}}
	{"id":4082669,"type":"sell","buyer":"pi-trader","seller":"curatorcat.leo","symbol":"LEO","quantity":"0.435","price":"0.13505001","timestamp":1659838158,"volume":"0.05874675","buyTxId":"d9674528a6a79bd733cd1394d4dbf6de66021dbf-4","sellTxId":"e4ffd3147d95a68afd56d6cddbef7b7f3eb8be41"}
{"index": {"_index":"leo","_id":"4082680"}}
	{"id":4082680,"type":"sell","buyer":"leomaker","seller":"underground","symbol":"LEO","quantity":"0.351","price":"0.13505200","timestamp":1659838272,"volume":"0.04740325","buyTxId":"afa2b9ec465b887a89b465d6ede12f2ad0090dff","sellTxId":"01e0f51e556ba762011785cb509eb4a47764e6ea"}
{"index": {"_index":"leo","_id":"4082681"}}
	{"id":4082681,"type":"sell","buyer":"pi-trader","seller":"underground","symbol":"LEO","quantity":"176.543","price":"0.13505001","timestamp":1659838272,"volume":"23.84213392","buyTxId":"e348a8e019e660e256c3a1a4fa580effbbb8b0f4-2","sellTxId":"01e0f51e556ba762011785cb509eb4a47764e6ea"}
