{"index": {"_index":"leo","_id":"4063640"}}
	{"id":4063640,"type":"sell","buyer":"leomaker","seller":"filoriologo","symbol":"LEO","quantity":"0.647","price":"0.12661200","timestamp":1659581688,"volume":"0.08191796","buyTxId":"cf65754be8b2dd0dfa34a9a3a4a8e9a945aec101","sellTxId":"d610b2447faf1d3a8ba7923acfa958dbf5427425"}
{"index": {"_index":"leo","_id":"4063944"}}
	{"id":4063944,"type":"sell","buyer":"leomaker","seller":"successchar","symbol":"LEO","quantity":"6.353","price":"0.12661200","timestamp":1659585375,"volume":"0.80436604","buyTxId":"cf65754be8b2dd0dfa34a9a3a4a8e9a945aec101","sellTxId":"2cfbf7631e8dba4019214c57950b88bcdf08fb1e"}
{"index": {"_index":"leo","_id":"4063949"}}
	{"id":4063949,"type":"sell","buyer":"leomaker","seller":"rose98734","symbol":"LEO","quantity":"0.031","price":"0.12661200","timestamp":1659585399,"volume":"0.00392497","buyTxId":"cf65754be8b2dd0dfa34a9a3a4a8e9a945aec101","sellTxId":"59691aef80c251615d0cda30ac28e0a5363154d9"}
{"index": {"_index":"leo","_id":"4064088"}}
	{"id":4064088,"type":"sell","buyer":"leomaker","seller":"xplosive","symbol":"LEO","quantity":"0.224","price":"0.12661200","timestamp":1659587838,"volume":"0.02836109","buyTxId":"cf65754be8b2dd0dfa34a9a3a4a8e9a945aec101","sellTxId":"3ec7ca0f2aca0265033099451744894a1b1b20f4"}
{"index": {"_index":"leo","_id":"4064089"}}
	{"id":4064089,"type":"sell","buyer":"onlydoge","seller":"xplosive","symbol":"LEO","quantity":"1.136","price":"0.12661000","timestamp":1659587865,"volume":"0.14382896","buyTxId":"5167a9ebc8c6a3bcae31311fef562bf52a47874c","sellTxId":"e10b77d032c0d77a2776ebc53f27bef30a0210a0"}
{"index": {"_index":"leo","_id":"4064169"}}
	{"id":4064169,"type":"sell","buyer":"leomaker","seller":"metzli","symbol":"LEO","quantity":"3.145","price":"0.12661200","timestamp":1659589521,"volume":"0.39819474","buyTxId":"989dae3772cf8824001631dbaad6f0ced7ff856b","sellTxId":"736652b32f3bcd767d30a4c298d78906843d79e1"}
{"index": {"_index":"leo","_id":"4064649"}}
	{"id":4064649,"type":"buy","buyer":"onealfa.leo","seller":"pfwaus","symbol":"LEO","quantity":"6.458","price":"0.13500000","timestamp":1659598467,"volume":"0.87183000","buyTxId":"0d47d8e1014e59fb9985735539cc48750c018bae","sellTxId":"2337e4cdf40a06e3d20f1e058a6a81a36af7aefc"}
{"index": {"_index":"leo","_id":"4064650"}}
	{"id":4064650,"type":"buy","buyer":"onealfa.leo","seller":"ruralio","symbol":"LEO","quantity":"0.058","price":"0.13891800","timestamp":1659598467,"volume":"0.00817000","buyTxId":"0d47d8e1014e59fb9985735539cc48750c018bae","sellTxId":"cfc0dbba9415c35e84dfb54e88415defd01e32d4"}
{"index": {"_index":"leo","_id":"4064685"}}
	{"id":4064685,"type":"buy","buyer":"holdeck","seller":"ruralio","symbol":"LEO","quantity":"0.214","price":"0.13891800","timestamp":1659599175,"volume":"0.02972845","buyTxId":"ae7d0a498cc1c6b36bd6d688e709a63f5977a7bd","sellTxId":"cfc0dbba9415c35e84dfb54e88415defd01e32d4"}
{"index": {"_index":"leo","_id":"4064686"}}
	{"id":4064686,"type":"sell","buyer":"holdeck","seller":"god0","symbol":"LEO","quantity":"12.266","price":"0.13891800","timestamp":1659599175,"volume":"1.70396819","buyTxId":"ae7d0a498cc1c6b36bd6d688e709a63f5977a7bd","sellTxId":"98974ff4a6f0c8e3f75512bf33d5d70fcc0be5c3-1"}
{"index": {"_index":"leo","_id":"4064834"}}
	{"id":4064834,"type":"sell","buyer":"holdeck","seller":"steem82868","symbol":"LEO","quantity":"0.001","price":"0.13891800","timestamp":1659602031,"volume":"0.00013892","buyTxId":"ae7d0a498cc1c6b36bd6d688e709a63f5977a7bd","sellTxId":"1fb4461e3044dae98b0af7a9e38e9e61f2016bd7"}
{"index": {"_index":"leo","_id":"4064835"}}
	{"id":4064835,"type":"sell","buyer":"leomaker","seller":"steem82868","symbol":"LEO","quantity":"0.346","price":"0.12700200","timestamp":1659602031,"volume":"0.04394269","buyTxId":"f773ebcec95738ee2aad9ffb8660da8830032bb8","sellTxId":"1fb4461e3044dae98b0af7a9e38e9e61f2016bd7"}
{"index": {"_index":"leo","_id":"4064866"}}
	{"id":4064866,"type":"sell","buyer":"leomaker","seller":"abdex9","symbol":"LEO","quantity":"6.844","price":"0.12700200","timestamp":1659602577,"volume":"0.86920169","buyTxId":"f773ebcec95738ee2aad9ffb8660da8830032bb8","sellTxId":"6071d85b50e0f2daded3f2646f8c086262270f03"}
{"index": {"_index":"leo","_id":"4064867"}}
	{"id":4064867,"type":"sell","buyer":"coquicoin","seller":"abdex9","symbol":"LEO","quantity":"8.156","price":"0.12700000","timestamp":1659602577,"volume":"1.03581200","buyTxId":"73af7e04e119651f3262a08d27bb197e36b519c0","sellTxId":"6071d85b50e0f2daded3f2646f8c086262270f03"}
{"index": {"_index":"leo","_id":"4064916"}}
	{"id":4064916,"type":"buy","buyer":"god0","seller":"kolbjorn","symbol":"LEO","quantity":"73.560","price":"0.13000000","timestamp":1659603663,"volume":"9.56280000","buyTxId":"44146f2e918a6a2d5e902f8383d2944e6e176987-0","sellTxId":"73a4b5a4c6f4d3f43592dd920bdc885670569500"}
{"index": {"_index":"leo","_id":"4064946"}}
	{"id":4064946,"type":"sell","buyer":"leomaker","seller":"helios.voter","symbol":"LEO","quantity":"0.354","price":"0.12700200","timestamp":1659604107,"volume":"0.04495871","buyTxId":"a4a10f95acbfc8fff08c66070c66e777532241c8","sellTxId":"7b2abef6c7a3d134dba9814c5aa28f35435419b6"}
{"index": {"_index":"leo","_id":"4064968"}}
	{"id":4064968,"type":"sell","buyer":"leomaker","seller":"goldrooster","symbol":"LEO","quantity":"6.689","price":"0.12700200","timestamp":1659604281,"volume":"0.84951638","buyTxId":"a4a10f95acbfc8fff08c66070c66e777532241c8","sellTxId":"967201e7fb996b1a00d8720d499eaacd6c9551b8"}
{"index": {"_index":"leo","_id":"4064969"}}
	{"id":4064969,"type":"sell","buyer":"abdex9","seller":"goldrooster","symbol":"LEO","quantity":"24.350","price":"0.12700200","timestamp":1659604281,"volume":"3.09249870","buyTxId":"5bd0b5cec286d47caa0b56700df1de1873dd9634","sellTxId":"967201e7fb996b1a00d8720d499eaacd6c9551b8"}
{"index": {"_index":"leo","_id":"4064970"}}
	{"id":4064970,"type":"buy","buyer":"god0","seller":"goldrooster","symbol":"LEO","quantity":"68.961","price":"0.12700200","timestamp":1659604281,"volume":"8.75818492","buyTxId":"8540a258dc15c6fe42b9180b842932f975e1d779-0","sellTxId":"967201e7fb996b1a00d8720d499eaacd6c9551b8"}
{"index": {"_index":"leo","_id":"4064972"}}
	{"id":4064972,"type":"sell","buyer":"cryptosimplify","seller":"god0","symbol":"LEO","quantity":"2.858","price":"0.13891899","timestamp":1659604308,"volume":"0.39703047","buyTxId":"386ff603635bce62437ccb0ba2666a3cccb5f411","sellTxId":"28ad3b1d3e6fc0350857934cd1fb6184dc909a25-1"}
{"index": {"_index":"leo","_id":"4065015"}}
	{"id":4065015,"type":"sell","buyer":"leomaker","seller":"acesontop","symbol":"LEO","quantity":"6.899","price":"0.12700200","timestamp":1659604995,"volume":"0.87618680","buyTxId":"874605607efeb0cd0766df2c282d84844fc3889a","sellTxId":"d5a0e191cb3a1a9db3654e8669f956155a699990"}
{"index": {"_index":"leo","_id":"4065016"}}
	{"id":4065016,"type":"sell","buyer":"coquicoin","seller":"acesontop","symbol":"LEO","quantity":"9.844","price":"0.12700000","timestamp":1659604995,"volume":"1.25018800","buyTxId":"73af7e04e119651f3262a08d27bb197e36b519c0","sellTxId":"d5a0e191cb3a1a9db3654e8669f956155a699990"}
{"index": {"_index":"leo","_id":"4065017"}}
	{"id":4065017,"type":"sell","buyer":"trumpikasleo","seller":"acesontop","symbol":"LEO","quantity":"39.257","price":"0.12700000","timestamp":1659604995,"volume":"4.98563900","buyTxId":"22872fbc89d0157766286ec8806abb2f23be20bd","sellTxId":"d5a0e191cb3a1a9db3654e8669f956155a699990"}
{"index": {"_index":"leo","_id":"4065075"}}
	{"id":4065075,"type":"sell","buyer":"lionsuit","seller":"god0","symbol":"LEO","quantity":"1.425","price":"0.13891899","timestamp":1659605952,"volume":"0.19795956","buyTxId":"e28bf0c4c23fc092e9d83a38ce8faa8d411bc62c","sellTxId":"a33eceab2c1f88cd46a3513b748379b3be917917-1"}
{"index": {"_index":"leo","_id":"4065457"}}
	{"id":4065457,"type":"sell","buyer":"leomaker","seller":"steem82868","symbol":"LEO","quantity":"0.018","price":"0.12700700","timestamp":1659610863,"volume":"0.00228613","buyTxId":"3f1e802aff77e1c02e1fdce143b606bbd6c33cc8","sellTxId":"941160da9cc6fe48b50c379461138b5c91b323ca"}
{"index": {"_index":"leo","_id":"4065842"}}
	{"id":4065842,"type":"sell","buyer":"marvinix","seller":"rubencress","symbol":"LEO","quantity":"16.500","price":"0.12700800","timestamp":1659617379,"volume":"2.09563200","buyTxId":"223d07953b57247ecafd45e80c87e8a12573407c","sellTxId":"df1c6cf9566f544f161554ab0e2b0c993f7351aa"}
{"index": {"_index":"leo","_id":"4065843"}}
	{"id":4065843,"type":"sell","buyer":"leomaker","seller":"rubencress","symbol":"LEO","quantity":"6.597","price":"0.12700700","timestamp":1659617379,"volume":"0.83786518","buyTxId":"3f1e802aff77e1c02e1fdce143b606bbd6c33cc8","sellTxId":"df1c6cf9566f544f161554ab0e2b0c993f7351aa"}
{"index": {"_index":"leo","_id":"4065844"}}
	{"id":4065844,"type":"sell","buyer":"trumpikasleo","seller":"rubencress","symbol":"LEO","quantity":"0.473","price":"0.12700500","timestamp":1659617379,"volume":"0.06007337","buyTxId":"2c4864c558813c94e9d9ae2809bb6c31fba86ae9","sellTxId":"df1c6cf9566f544f161554ab0e2b0c993f7351aa"}
{"index": {"_index":"leo","_id":"4065875"}}
	{"id":4065875,"type":"sell","buyer":"leomaker","seller":"jphamer1","symbol":"LEO","quantity":"6.479","price":"0.12700700","timestamp":1659617895,"volume":"0.82287835","buyTxId":"58aaa0b4bbaaeb9d88ce200749312471b7458cef","sellTxId":"e3704225cfbd4d44b3ffb8f4bcfce7c843d8395c"}
{"index": {"_index":"leo","_id":"4065876"}}
	{"id":4065876,"type":"sell","buyer":"trumpikasleo","seller":"jphamer1","symbol":"LEO","quantity":"53.121","price":"0.12700500","timestamp":1659617895,"volume":"6.74663261","buyTxId":"2c4864c558813c94e9d9ae2809bb6c31fba86ae9","sellTxId":"e3704225cfbd4d44b3ffb8f4bcfce7c843d8395c"}
{"index": {"_index":"leo","_id":"4066093"}}
	{"id":4066093,"type":"sell","buyer":"leomaker","seller":"felixgarciap","symbol":"LEO","quantity":"1.490","price":"0.13000200","timestamp":1659620976,"volume":"0.19370298","buyTxId":"acc55fa94696608cec610e5ee84dd2ec8a3ed774","sellTxId":"58d056bced85e29f1f32970037b99df968f2b5fe"}
{"index": {"_index":"leo","_id":"4066237"}}
	{"id":4066237,"type":"buy","buyer":"gogreenbuddy","seller":"leomaker","symbol":"LEO","quantity":"8.733","price":"0.13891900","timestamp":1659622890,"volume":"1.21317963","buyTxId":"17c6410268e884223d49e816dbb390265c05bf67","sellTxId":"77a074a98b0a02347dfffa7c5447d793db759d3f"}
{"index": {"_index":"leo","_id":"4066238"}}
	{"id":4066238,"type":"buy","buyer":"gogreenbuddy","seller":"onlydoge","symbol":"LEO","quantity":"61.872","price":"0.13892000","timestamp":1659622890,"volume":"8.59525824","buyTxId":"17c6410268e884223d49e816dbb390265c05bf67","sellTxId":"eb431f81b758be7c6769e3a1b4da508cc0630672"}
{"index": {"_index":"leo","_id":"4066239"}}
	{"id":4066239,"type":"buy","buyer":"gogreenbuddy","seller":"leomaker","symbol":"LEO","quantity":"5.406","price":"0.13893300","timestamp":1659622890,"volume":"0.75107180","buyTxId":"17c6410268e884223d49e816dbb390265c05bf67","sellTxId":"78e6ddc10cd0c140030fc9f244337d08a9fb667e"}
{"index": {"_index":"leo","_id":"4066240"}}
	{"id":4066240,"type":"buy","buyer":"gogreenbuddy","seller":"microbot","symbol":"LEO","quantity":"0.250","price":"0.13893300","timestamp":1659622890,"volume":"0.03473325","buyTxId":"17c6410268e884223d49e816dbb390265c05bf67","sellTxId":"c262fd4f14b259a0322b139babc33c7f5df5336a"}
{"index": {"_index":"leo","_id":"4066241"}}
	{"id":4066241,"type":"buy","buyer":"gogreenbuddy","seller":"grand.strategy","symbol":"LEO","quantity":"0.250","price":"0.13893300","timestamp":1659622890,"volume":"0.03473325","buyTxId":"17c6410268e884223d49e816dbb390265c05bf67","sellTxId":"c591c43935dc2f0e692d18d55897a57563e52ee8"}
{"index": {"_index":"leo","_id":"4066242"}}
	{"id":4066242,"type":"buy","buyer":"gogreenbuddy","seller":"isnochys","symbol":"LEO","quantity":"0.248","price":"0.13893300","timestamp":1659622890,"volume":"0.03445538","buyTxId":"17c6410268e884223d49e816dbb390265c05bf67","sellTxId":"4d0cc0fc48c3f555ea79cb706bec1662ca145acf"}
{"index": {"_index":"leo","_id":"4066243"}}
	{"id":4066243,"type":"buy","buyer":"gogreenbuddy","seller":"caladan","symbol":"LEO","quantity":"395.902","price":"0.13893400","timestamp":1659622890,"volume":"55.00424847","buyTxId":"17c6410268e884223d49e816dbb390265c05bf67","sellTxId":"7081cffd76ef81ecf54978fba3e83767f5b02db9"}
{"index": {"_index":"leo","_id":"4066244"}}
	{"id":4066244,"type":"buy","buyer":"gogreenbuddy","seller":"leomaker","symbol":"LEO","quantity":"7.947","price":"0.13893500","timestamp":1659622890,"volume":"1.10411645","buyTxId":"17c6410268e884223d49e816dbb390265c05bf67","sellTxId":"b42879b204136b68dac62fdd5394b81652afee81"}
{"index": {"_index":"leo","_id":"4066245"}}
	{"id":4066245,"type":"buy","buyer":"gogreenbuddy","seller":"leomaker","symbol":"LEO","quantity":"8.044","price":"0.13893600","timestamp":1659622890,"volume":"1.11760118","buyTxId":"17c6410268e884223d49e816dbb390265c05bf67","sellTxId":"e86b4efc5881f64e63b397baf68fd74396466bd2"}
{"index": {"_index":"leo","_id":"4066246"}}
	{"id":4066246,"type":"buy","buyer":"gogreenbuddy","seller":"leomaker","symbol":"LEO","quantity":"8.141","price":"0.13893700","timestamp":1659622890,"volume":"1.13108612","buyTxId":"17c6410268e884223d49e816dbb390265c05bf67","sellTxId":"0e4b66a272b4148b1aab5928f39208986c314967"}
{"index": {"_index":"leo","_id":"4066247"}}
	{"id":4066247,"type":"buy","buyer":"gogreenbuddy","seller":"leomaker","symbol":"LEO","quantity":"8.240","price":"0.13893800","timestamp":1659622890,"volume":"1.14484912","buyTxId":"17c6410268e884223d49e816dbb390265c05bf67","sellTxId":"4df488f5e00848862d339aad18e6a4f6eff25cab"}
{"index": {"_index":"leo","_id":"4066248"}}
	{"id":4066248,"type":"buy","buyer":"gogreenbuddy","seller":"leomaker","symbol":"LEO","quantity":"8.340","price":"0.13893900","timestamp":1659622890,"volume":"1.15875126","buyTxId":"17c6410268e884223d49e816dbb390265c05bf67","sellTxId":"e0c2e4caad85a1d850276a559db915d33426d220"}
{"index": {"_index":"leo","_id":"4066249"}}
	{"id":4066249,"type":"buy","buyer":"gogreenbuddy","seller":"leomaker","symbol":"LEO","quantity":"8.442","price":"0.13894000","timestamp":1659622890,"volume":"1.17293148","buyTxId":"17c6410268e884223d49e816dbb390265c05bf67","sellTxId":"4ac56d527db6957ad74fd2c10ea8cc14f052a9fd"}
{"index": {"_index":"leo","_id":"4066250"}}
	{"id":4066250,"type":"buy","buyer":"gogreenbuddy","seller":"leomaker","symbol":"LEO","quantity":"8.544","price":"0.13894100","timestamp":1659622890,"volume":"1.18711190","buyTxId":"17c6410268e884223d49e816dbb390265c05bf67","sellTxId":"51211c844297d9fa0fb674dd72486ef066d53907"}
{"index": {"_index":"leo","_id":"4066251"}}
	{"id":4066251,"type":"buy","buyer":"gogreenbuddy","seller":"leomaker","symbol":"LEO","quantity":"8.647","price":"0.13894200","timestamp":1659622890,"volume":"1.20143147","buyTxId":"17c6410268e884223d49e816dbb390265c05bf67","sellTxId":"0a107ab2a26528c0ce10569e163cdf67d9f2f556"}
{"index": {"_index":"leo","_id":"4066252"}}
	{"id":4066252,"type":"buy","buyer":"gogreenbuddy","seller":"leomaker","symbol":"LEO","quantity":"8.753","price":"0.13894300","timestamp":1659622890,"volume":"1.21616808","buyTxId":"17c6410268e884223d49e816dbb390265c05bf67","sellTxId":"c8810caa6bf04836b4fca49fac68276c18a233a9"}
{"index": {"_index":"leo","_id":"4066253"}}
	{"id":4066253,"type":"buy","buyer":"gogreenbuddy","seller":"leomaker","symbol":"LEO","quantity":"2.241","price":"0.13894400","timestamp":1659622890,"volume":"0.31137350","buyTxId":"17c6410268e884223d49e816dbb390265c05bf67","sellTxId":"f8b917b30b1e52b15b6cc2a79659bcd0fae27df3"}
{"index": {"_index":"leo","_id":"4066255"}}
	{"id":4066255,"type":"buy","buyer":"gogreenbuddy","seller":"leomaker","symbol":"LEO","quantity":"6.617","price":"0.13894400","timestamp":1659622929,"volume":"0.91939245","buyTxId":"edadd54b14e463e83685485ec191d66d4b5be1df","sellTxId":"f8b917b30b1e52b15b6cc2a79659bcd0fae27df3"}
{"index": {"_index":"leo","_id":"4066256"}}
	{"id":4066256,"type":"buy","buyer":"gogreenbuddy","seller":"leomaker","symbol":"LEO","quantity":"8.967","price":"0.13894500","timestamp":1659622929,"volume":"1.24591982","buyTxId":"edadd54b14e463e83685485ec191d66d4b5be1df","sellTxId":"3129b94443c6d59a08abe829ec58c98e9fa151af"}
{"index": {"_index":"leo","_id":"4066257"}}
	{"id":4066257,"type":"buy","buyer":"gogreenbuddy","seller":"leomaker","symbol":"LEO","quantity":"9.076","price":"0.13894600","timestamp":1659622929,"volume":"1.26107390","buyTxId":"edadd54b14e463e83685485ec191d66d4b5be1df","sellTxId":"3895fc67fbfceae8f0645f0441753038a28c7442"}
{"index": {"_index":"leo","_id":"4066258"}}
	{"id":4066258,"type":"buy","buyer":"gogreenbuddy","seller":"leomaker","symbol":"LEO","quantity":"9.185","price":"0.13894700","timestamp":1659622929,"volume":"1.27622820","buyTxId":"edadd54b14e463e83685485ec191d66d4b5be1df","sellTxId":"427d31f982cf896c3244e6208299eb88ec008d20"}
{"index": {"_index":"leo","_id":"4066259"}}
	{"id":4066259,"type":"buy","buyer":"gogreenbuddy","seller":"leomaker","symbol":"LEO","quantity":"9.298","price":"0.13894800","timestamp":1659622929,"volume":"1.29193850","buyTxId":"edadd54b14e463e83685485ec191d66d4b5be1df","sellTxId":"3ae17a3d573ec905787ec0b8f90fd2d3fae3c294"}
{"index": {"_index":"leo","_id":"4066260"}}
	{"id":4066260,"type":"buy","buyer":"gogreenbuddy","seller":"leomaker","symbol":"LEO","quantity":"9.410","price":"0.13894900","timestamp":1659622929,"volume":"1.30751009","buyTxId":"edadd54b14e463e83685485ec191d66d4b5be1df","sellTxId":"dd779b188f7cec07083ba5816a25246094f83d50"}
{"index": {"_index":"leo","_id":"4066261"}}
	{"id":4066261,"type":"buy","buyer":"gogreenbuddy","seller":"leomaker","symbol":"LEO","quantity":"9.525","price":"0.13895000","timestamp":1659622929,"volume":"1.32349875","buyTxId":"edadd54b14e463e83685485ec191d66d4b5be1df","sellTxId":"4fcd9379817696b2c6d9ef066e42974f0bb24680"}
{"index": {"_index":"leo","_id":"4066262"}}
	{"id":4066262,"type":"buy","buyer":"gogreenbuddy","seller":"leomaker","symbol":"LEO","quantity":"9.641","price":"0.13895100","timestamp":1659622929,"volume":"1.33962659","buyTxId":"edadd54b14e463e83685485ec191d66d4b5be1df","sellTxId":"b21015eec7fdf11da7940f5c6015c4c07f08216d"}
{"index": {"_index":"leo","_id":"4066263"}}
	{"id":4066263,"type":"buy","buyer":"gogreenbuddy","seller":"leomaker","symbol":"LEO","quantity":"9.757","price":"0.13895200","timestamp":1659622929,"volume":"1.35575466","buyTxId":"edadd54b14e463e83685485ec191d66d4b5be1df","sellTxId":"60ce0ed76ea84c400a49f8b980f975975a89b509"}
{"index": {"_index":"leo","_id":"4066264"}}
	{"id":4066264,"type":"buy","buyer":"gogreenbuddy","seller":"leomaker","symbol":"LEO","quantity":"9.875","price":"0.13895300","timestamp":1659622929,"volume":"1.37216088","buyTxId":"edadd54b14e463e83685485ec191d66d4b5be1df","sellTxId":"3fd7224839532fca45ac15febd4be002c17139e2"}
{"index": {"_index":"leo","_id":"4066265"}}
	{"id":4066265,"type":"buy","buyer":"gogreenbuddy","seller":"leomaker","symbol":"LEO","quantity":"9.996","price":"0.13895400","timestamp":1659622929,"volume":"1.38898418","buyTxId":"edadd54b14e463e83685485ec191d66d4b5be1df","sellTxId":"e14208f64ad9f259dd0dd80d10e2d95655973914"}
{"index": {"_index":"leo","_id":"4066266"}}
	{"id":4066266,"type":"buy","buyer":"gogreenbuddy","seller":"leomaker","symbol":"LEO","quantity":"10.118","price":"0.13895500","timestamp":1659622929,"volume":"1.40594669","buyTxId":"edadd54b14e463e83685485ec191d66d4b5be1df","sellTxId":"b1ad55b49d4e87216c75d0a45722ab3937a48fcf"}
{"index": {"_index":"leo","_id":"4066267"}}
	{"id":4066267,"type":"buy","buyer":"gogreenbuddy","seller":"leomaker","symbol":"LEO","quantity":"10.240","price":"0.13895600","timestamp":1659622929,"volume":"1.42290944","buyTxId":"edadd54b14e463e83685485ec191d66d4b5be1df","sellTxId":"4d96511affc63bb9e80e3f9fd6b60eeef118dbef"}
{"index": {"_index":"leo","_id":"4066268"}}
	{"id":4066268,"type":"buy","buyer":"gogreenbuddy","seller":"leomaker","symbol":"LEO","quantity":"10.365","price":"0.13895700","timestamp":1659622929,"volume":"1.44028931","buyTxId":"edadd54b14e463e83685485ec191d66d4b5be1df","sellTxId":"7dc002545426e2fd9d06d6fbce14a028a622f3a7"}
{"index": {"_index":"leo","_id":"4066269"}}
	{"id":4066269,"type":"buy","buyer":"gogreenbuddy","seller":"leomaker","symbol":"LEO","quantity":"10.490","price":"0.13895800","timestamp":1659622929,"volume":"1.45766942","buyTxId":"edadd54b14e463e83685485ec191d66d4b5be1df","sellTxId":"ac3e28538a1651aca0b6fdda3a0b658599201ed7"}
{"index": {"_index":"leo","_id":"4066270"}}
	{"id":4066270,"type":"buy","buyer":"gogreenbuddy","seller":"shinoxl","symbol":"LEO","quantity":"2.413","price":"0.13895800","timestamp":1659622929,"volume":"0.33530565","buyTxId":"edadd54b14e463e83685485ec191d66d4b5be1df","sellTxId":"31f2a9034486d53f1894eb20e6bba3d368b6dc8d"}
{"index": {"_index":"leo","_id":"4066271"}}
	{"id":4066271,"type":"buy","buyer":"gogreenbuddy","seller":"leomaker","symbol":"LEO","quantity":"10.618","price":"0.13895900","timestamp":1659622929,"volume":"1.47546666","buyTxId":"edadd54b14e463e83685485ec191d66d4b5be1df","sellTxId":"53d0e638bdddb1d00101ffe4cac95b7bdf8ac16e"}
{"index": {"_index":"leo","_id":"4066272"}}
	{"id":4066272,"type":"buy","buyer":"gogreenbuddy","seller":"leomaker","symbol":"LEO","quantity":"10.746","price":"0.13896000","timestamp":1659622929,"volume":"1.49326416","buyTxId":"edadd54b14e463e83685485ec191d66d4b5be1df","sellTxId":"b6bdcf6b146b140048060c2040166b33ae084ed7"}
{"index": {"_index":"leo","_id":"4066273"}}
	{"id":4066273,"type":"buy","buyer":"gogreenbuddy","seller":"leomaker","symbol":"LEO","quantity":"10.878","price":"0.13896100","timestamp":1659622929,"volume":"1.51161776","buyTxId":"edadd54b14e463e83685485ec191d66d4b5be1df","sellTxId":"ca9a83606bbc6361450102458f06f53264aeefb0"}
{"index": {"_index":"leo","_id":"4066274"}}
	{"id":4066274,"type":"buy","buyer":"gogreenbuddy","seller":"leomaker","symbol":"LEO","quantity":"11.009","price":"0.13896200","timestamp":1659622929,"volume":"1.52983266","buyTxId":"edadd54b14e463e83685485ec191d66d4b5be1df","sellTxId":"0a1100dc94262cf5856878859f99ae5f22b6d49f"}
{"index": {"_index":"leo","_id":"4066275"}}
	{"id":4066275,"type":"buy","buyer":"gogreenbuddy","seller":"leomaker","symbol":"LEO","quantity":"11.144","price":"0.13896300","timestamp":1659622929,"volume":"1.54860367","buyTxId":"edadd54b14e463e83685485ec191d66d4b5be1df","sellTxId":"351d1cb4f395a2834f91296ede703866546dfe4c"}
{"index": {"_index":"leo","_id":"4066276"}}
	{"id":4066276,"type":"buy","buyer":"gogreenbuddy","seller":"leomaker","symbol":"LEO","quantity":"11.278","price":"0.13896400","timestamp":1659622929,"volume":"1.56723599","buyTxId":"edadd54b14e463e83685485ec191d66d4b5be1df","sellTxId":"d0dfe581ce8dff0e9274eee19f047c547ff42131"}
{"index": {"_index":"leo","_id":"4066277"}}
	{"id":4066277,"type":"buy","buyer":"gogreenbuddy","seller":"leomaker","symbol":"LEO","quantity":"11.416","price":"0.13896500","timestamp":1659622929,"volume":"1.58642444","buyTxId":"edadd54b14e463e83685485ec191d66d4b5be1df","sellTxId":"6941fae3f5f488a59d5de3b4b1c84e1bee2ba32c"}
{"index": {"_index":"leo","_id":"4066278"}}
	{"id":4066278,"type":"buy","buyer":"gogreenbuddy","seller":"leomaker","symbol":"LEO","quantity":"11.554","price":"0.13896600","timestamp":1659622929,"volume":"1.60561316","buyTxId":"edadd54b14e463e83685485ec191d66d4b5be1df","sellTxId":"0528a3222e0435c38061f063d23c86aeff7343d9"}
{"index": {"_index":"leo","_id":"4066279"}}
	{"id":4066279,"type":"buy","buyer":"gogreenbuddy","seller":"leomaker","symbol":"LEO","quantity":"17.308","price":"0.13896700","timestamp":1659622929,"volume":"2.40524084","buyTxId":"edadd54b14e463e83685485ec191d66d4b5be1df","sellTxId":"544abaaed134eec70de3f885fcec8d051cc459fa"}
{"index": {"_index":"leo","_id":"4066280"}}
	{"id":4066280,"type":"buy","buyer":"gogreenbuddy","seller":"leomaker","symbol":"LEO","quantity":"18.060","price":"0.13896800","timestamp":1659622929,"volume":"2.50976208","buyTxId":"edadd54b14e463e83685485ec191d66d4b5be1df","sellTxId":"3ed426521d594366ed2592a8e937f4b2cb3b6a9b"}
{"index": {"_index":"leo","_id":"4066281"}}
	{"id":4066281,"type":"buy","buyer":"gogreenbuddy","seller":"leomaker","symbol":"LEO","quantity":"18.280","price":"0.13896900","timestamp":1659622929,"volume":"2.54035332","buyTxId":"edadd54b14e463e83685485ec191d66d4b5be1df","sellTxId":"3d1d78cc8c8bd6c3150024a605acb6ec18f322e9"}
{"index": {"_index":"leo","_id":"4066282"}}
	{"id":4066282,"type":"buy","buyer":"gogreenbuddy","seller":"leomaker","symbol":"LEO","quantity":"17.518","price":"0.13897000","timestamp":1659622929,"volume":"2.43447646","buyTxId":"edadd54b14e463e83685485ec191d66d4b5be1df","sellTxId":"403af29e5e7c541e857c28b49ef1ed8dc6d12bc2"}
{"index": {"_index":"leo","_id":"4066283"}}
	{"id":4066283,"type":"buy","buyer":"gogreenbuddy","seller":"leomaker","symbol":"LEO","quantity":"17.731","price":"0.13897100","timestamp":1659622929,"volume":"2.46409480","buyTxId":"edadd54b14e463e83685485ec191d66d4b5be1df","sellTxId":"3d72f3dd05c59c953e8bf811f24e7d61293634a4"}
{"index": {"_index":"leo","_id":"4066284"}}
	{"id":4066284,"type":"buy","buyer":"gogreenbuddy","seller":"leomaker","symbol":"LEO","quantity":"17.946","price":"0.13897200","timestamp":1659622929,"volume":"2.49399151","buyTxId":"edadd54b14e463e83685485ec191d66d4b5be1df","sellTxId":"84c1138b07996a246fb7c902d97123c54634b75a"}
{"index": {"_index":"leo","_id":"4066285"}}
	{"id":4066285,"type":"buy","buyer":"gogreenbuddy","seller":"leomaker","symbol":"LEO","quantity":"18.164","price":"0.13897300","timestamp":1659622929,"volume":"2.52430557","buyTxId":"edadd54b14e463e83685485ec191d66d4b5be1df","sellTxId":"a1c7a1953bcaa12e51b8c26d3f55f54b8c39a968"}
{"index": {"_index":"leo","_id":"4066286"}}
	{"id":4066286,"type":"buy","buyer":"gogreenbuddy","seller":"leomaker","symbol":"LEO","quantity":"18.385","price":"0.13897400","timestamp":1659622929,"volume":"2.55503699","buyTxId":"edadd54b14e463e83685485ec191d66d4b5be1df","sellTxId":"c4bd834af266f7d0423e8babfe4a3cb56778078e"}
{"index": {"_index":"leo","_id":"4066287"}}
	{"id":4066287,"type":"buy","buyer":"gogreenbuddy","seller":"leomaker","symbol":"LEO","quantity":"18.608","price":"0.13897500","timestamp":1659622929,"volume":"2.58604680","buyTxId":"edadd54b14e463e83685485ec191d66d4b5be1df","sellTxId":"054da7229fdc9e86076c294deb0d7dfb91a24c64"}
{"index": {"_index":"leo","_id":"4066288"}}
	{"id":4066288,"type":"buy","buyer":"gogreenbuddy","seller":"leomaker","symbol":"LEO","quantity":"18.833","price":"0.13897600","timestamp":1659622929,"volume":"2.61733501","buyTxId":"edadd54b14e463e83685485ec191d66d4b5be1df","sellTxId":"2db5e281ce0697ccabbde8d595b69efaf3a49391"}
{"index": {"_index":"leo","_id":"4066289"}}
	{"id":4066289,"type":"buy","buyer":"gogreenbuddy","seller":"leomaker","symbol":"LEO","quantity":"19.062","price":"0.13897700","timestamp":1659622929,"volume":"2.64917957","buyTxId":"edadd54b14e463e83685485ec191d66d4b5be1df","sellTxId":"d3e46d019db56ff948b821964131bdf00acf3433"}
{"index": {"_index":"leo","_id":"4066290"}}
	{"id":4066290,"type":"buy","buyer":"gogreenbuddy","seller":"leomaker","symbol":"LEO","quantity":"566.489","price":"0.13897800","timestamp":1659622929,"volume":"78.72950824","buyTxId":"edadd54b14e463e83685485ec191d66d4b5be1df","sellTxId":"19867072252dc7db18db48642db38b60d56ecd46"}
{"index": {"_index":"leo","_id":"4066299"}}
	{"id":4066299,"type":"buy","buyer":"gogreenbuddy","seller":"leomaker","symbol":"LEO","quantity":"135.617","price":"0.13897800","timestamp":1659622980,"volume":"18.84777943","buyTxId":"f07a02220285eaf9771a9e7b70581cf09a728997","sellTxId":"19867072252dc7db18db48642db38b60d56ecd46"}
{"index": {"_index":"leo","_id":"4066300"}}
	{"id":4066300,"type":"buy","buyer":"gogreenbuddy","seller":"leomaker","symbol":"LEO","quantity":"582.261","price":"0.13898900","timestamp":1659622980,"volume":"80.92787413","buyTxId":"f07a02220285eaf9771a9e7b70581cf09a728997","sellTxId":"6e8e4fca674d555075389d050c7495543dc7996c"}
{"index": {"_index":"leo","_id":"4066301"}}
	{"id":4066301,"type":"buy","buyer":"gogreenbuddy","seller":"leomaker","symbol":"LEO","quantity":"382.122","price":"0.13998800","timestamp":1659622980,"volume":"53.49249454","buyTxId":"f07a02220285eaf9771a9e7b70581cf09a728997","sellTxId":"b35b9d4ea5e474216d428908f14c419077980a58"}
{"index": {"_index":"leo","_id":"4066343"}}
	{"id":4066343,"type":"buy","buyer":"swelker101","seller":"hivetrader","symbol":"LEO","quantity":"30.135","price":"0.13900000","timestamp":1659623358,"volume":"4.18876500","buyTxId":"7b01ef602d8175f0254c190cedac10f644836810","sellTxId":"9e862c3f224dfac30e57254c75f055323eb67fb8"}
{"index": {"_index":"leo","_id":"4066344"}}
	{"id":4066344,"type":"buy","buyer":"swelker101","seller":"leomaker","symbol":"LEO","quantity":"207.211","price":"0.13998800","timestamp":1659623358,"volume":"29.00705347","buyTxId":"7b01ef602d8175f0254c190cedac10f644836810","sellTxId":"b35b9d4ea5e474216d428908f14c419077980a58"}
{"index": {"_index":"leo","_id":"4066345"}}
	{"id":4066345,"type":"buy","buyer":"swelker101","seller":"leomaker","symbol":"LEO","quantity":"566.312","price":"0.13998900","timestamp":1659623358,"volume":"79.27745057","buyTxId":"7b01ef602d8175f0254c190cedac10f644836810","sellTxId":"649a0f4f0bdb1b75587cdd981197d47d186d13b2"}
{"index": {"_index":"leo","_id":"4066399"}}
	{"id":4066399,"type":"sell","buyer":"leomaker","seller":"lotto-de","symbol":"LEO","quantity":"3.883","price":"0.13001200","timestamp":1659623973,"volume":"0.50483660","buyTxId":"370e0d5f72dcae3d7623dcf52e0a2510fb38698a","sellTxId":"9c7c987db3bb8271e7631f8b0ed38d4286d1be25"}
{"index": {"_index":"leo","_id":"4066670"}}
	{"id":4066670,"type":"sell","buyer":"leomaker","seller":"beemd","symbol":"LEO","quantity":"1.103","price":"0.13011200","timestamp":1659626049,"volume":"0.14351354","buyTxId":"aee5f7c990696c37a0916fe0dd4a8397af629036","sellTxId":"1caebe9f6e4e0afd5472fd8e83e1f57e6e1230e5"}
{"index": {"_index":"leo","_id":"4066677"}}
	{"id":4066677,"type":"buy","buyer":"apineda","seller":"leomaker","symbol":"LEO","quantity":"3.822","price":"0.13998900","timestamp":1659626145,"volume":"0.53503796","buyTxId":"2dbd804202a099d580d3b25f7e2df6d1d7251ace","sellTxId":"649a0f4f0bdb1b75587cdd981197d47d186d13b2"}
{"index": {"_index":"leo","_id":"4066744"}}
	{"id":4066744,"type":"buy","buyer":"blackdaisyft","seller":"leomaker","symbol":"LEO","quantity":"59.290","price":"0.13998900","timestamp":1659626973,"volume":"8.3","buyTxId":"947c52d5b99d1e87b418e27a37f4249e6f24b099","sellTxId":"649a0f4f0bdb1b75587cdd981197d47d186d13b2"}
{"index": {"_index":"leo","_id":"4066780"}}
	{"id":4066780,"type":"sell","buyer":"leomaker","seller":"investinthefutur","symbol":"LEO","quantity":"9.042","price":"0.13012200","timestamp":1659627534,"volume":"1.17656312","buyTxId":"99ca2ca76c863efd5b0c972c88500b36c6b311e7","sellTxId":"77ba7628da2e2b74286c335e8bf1cbeab0a15c56"}
{"index": {"_index":"leo","_id":"4066935"}}
	{"id":4066935,"type":"sell","buyer":"mmrx","seller":"investyourvote","symbol":"LEO","quantity":"4.866","price":"0.13012201","timestamp":1659629262,"volume":"0.63317370","buyTxId":"MM-P-19733514-66727786-3-37-0","sellTxId":"3d37de9f9f1325f94eb1f321a4a7fdf00e3f65a3"}
{"index": {"_index":"leo","_id":"4067095"}}
	{"id":4067095,"type":"sell","buyer":"leomaker","seller":"olympicdragon","symbol":"LEO","quantity":"3","price":"0.13013200","timestamp":1659630579,"volume":"0.39039600","buyTxId":"28e1261f20f4af4dc4e4f7ea8a459b50288dd76a","sellTxId":"97f89eb7a21afd443e46e70184274ae310ad7064"}
{"index": {"_index":"leo","_id":"4067125"}}
	{"id":4067125,"type":"buy","buyer":"quinnertronics","seller":"pi-trader","symbol":"LEO","quantity":"0.489","price":"0.13998199","timestamp":1659631107,"volume":"0.06845119","buyTxId":"512f6fdde07fe154122428d870110d7b8a3b491f","sellTxId":"7539d97e73972ae42808fc36fc1655ea9ef986f2-5"}
{"index": {"_index":"leo","_id":"4067147"}}
	{"id":4067147,"type":"buy","buyer":"web3sean","seller":"mmrx","symbol":"LEO","quantity":"4.866","price":"0.13998098","timestamp":1659631581,"volume":"0.68114745","buyTxId":"631e3053140704140516f928bde4befaf4460576","sellTxId":"MM-P-19734312-66728585-3-37-0"}
{"index": {"_index":"leo","_id":"4067148"}}
	{"id":4067148,"type":"buy","buyer":"web3sean","seller":"pi-trader","symbol":"LEO","quantity":"62.285","price":"0.13998099","timestamp":1659631581,"volume":"8.71885255","buyTxId":"631e3053140704140516f928bde4befaf4460576","sellTxId":"90f3d514c1aded005f8a712b715b20a59ccb6602-3"}
{"index": {"_index":"leo","_id":"4067158"}}
	{"id":4067158,"type":"buy","buyer":"holdeck","seller":"pi-trader","symbol":"LEO","quantity":"2.288","price":"0.13998099","timestamp":1659631701,"volume":"0.32027651","buyTxId":"2006d4b2133e920a9e808bc2761ab620a2e0b688","sellTxId":"2accd85415f6b47f47584f6e047f35702eab4b33-8"}
{"index": {"_index":"leo","_id":"4067213"}}
	{"id":4067213,"type":"sell","buyer":"leomaker","seller":"madstacks","symbol":"LEO","quantity":"12.366","price":"0.13014200","timestamp":1659632373,"volume":"1.60933597","buyTxId":"6927e69e1a4ce12eb7a3f596dab8dda11017c996","sellTxId":"b66c83245dbc8212211aa3498ee7598a68ec4b9f"}
{"index": {"_index":"leo","_id":"4067319"}}
	{"id":4067319,"type":"sell","buyer":"leomaker","seller":"ugochill","symbol":"LEO","quantity":"0.095","price":"0.13014200","timestamp":1659633567,"volume":"0.01236349","buyTxId":"6927e69e1a4ce12eb7a3f596dab8dda11017c996","sellTxId":"503cb48aa6fe4ba24302465b02ebb29e76eed15a"}
{"index": {"_index":"leo","_id":"4067442"}}
	{"id":4067442,"type":"buy","buyer":"jersteemit","seller":"pi-trader","symbol":"LEO","quantity":"17.780","price":"0.13997199","timestamp":1659635511,"volume":"2.48870198","buyTxId":"a16b5eac02a2cb1857ad639447c1fdabf88d168b","sellTxId":"ad318bedd3eeb4604c7777c99b5d1f7fc4843045-3"}
{"index": {"_index":"leo","_id":"4067452"}}
	{"id":4067452,"type":"sell","buyer":"pi-trader","seller":"mephistophenes","symbol":"LEO","quantity":"49.931","price":"0.13016001","timestamp":1659635715,"volume":"6.49901946","buyTxId":"fc7e1173eaa9116d06b76b7a3ad479fb32b51a1a-1","sellTxId":"b8fb9afed8d8d5f7fa2f5ec62326f178b631658a"}
{"index": {"_index":"leo","_id":"4067475"}}
	{"id":4067475,"type":"sell","buyer":"pi-trader","seller":"curatorcat.leo","symbol":"LEO","quantity":"0.602","price":"0.13017001","timestamp":1659635955,"volume":"0.07836235","buyTxId":"ef7b7b5ab00c85bce63a03e8012f6ed06680c595-2","sellTxId":"e20fd5a6bbd0dab60ee5419be90c3f777cc61647"}
{"index": {"_index":"leo","_id":"4067597"}}
	{"id":4067597,"type":"sell","buyer":"pi-trader","seller":"broncnutz","symbol":"LEO","quantity":"17.616","price":"0.13017401","timestamp":1659637722,"volume":"2.29314536","buyTxId":"12a5c87fd0083b36c93e537a7dfe184f7ee8179b-2","sellTxId":"dd66924406c952a2b1e6bb72661a4fe32cbe5f9e"}
{"index": {"_index":"leo","_id":"4067750"}}
	{"id":4067750,"type":"buy","buyer":"god0","seller":"mypathtofire","symbol":"LEO","quantity":"1.799","price":"0.13500000","timestamp":1659639903,"volume":"0.24286500","buyTxId":"525dd6f0ea4817255f9aa9c420d25691d15fae9c-0","sellTxId":"fca634b5dfcf8b0c6727c7b89812978c2f508c45"}
{"index": {"_index":"leo","_id":"4067755"}}
	{"id":4067755,"type":"sell","buyer":"god0","seller":"mypathtofire","symbol":"LEO","quantity":"2.155","price":"0.13500000","timestamp":1659639945,"volume":"0.29092500","buyTxId":"527a978825032ca33f9a848937f31fef73daf0f1-0","sellTxId":"6c0ce9b6a91358d94b70e6af09bdaa037ed68bfe"}
{"index": {"_index":"leo","_id":"4067762"}}
	{"id":4067762,"type":"sell","buyer":"pi-trader","seller":"metzli","symbol":"LEO","quantity":"2.149","price":"0.13020001","timestamp":1659640011,"volume":"0.27979982","buyTxId":"ed7f1cf196265dd72a3a5b8d48c861fe9a25f7cb-2","sellTxId":"1ff5e4eeb84026bf090bb1d62b412af155ed5499"}
{"index": {"_index":"leo","_id":"4067901"}}
	{"id":4067901,"type":"buy","buyer":"hhayweaver","seller":"leomaker","symbol":"LEO","quantity":"7.751","price":"0.13996700","timestamp":1659641958,"volume":"1.08488422","buyTxId":"a23a53e828928951f5248d2e6310962cfa76c131","sellTxId":"3c93c59eb9916b9f0dd90ed9770f45debe2ea9ae"}
{"index": {"_index":"leo","_id":"4067902"}}
	{"id":4067902,"type":"buy","buyer":"hhayweaver","seller":"pi-trader","symbol":"LEO","quantity":"92.249","price":"0.13996799","timestamp":1659641958,"volume":"12.91190711","buyTxId":"a23a53e828928951f5248d2e6310962cfa76c131","sellTxId":"73d06c435c61c86a2386595f9085669b7d76adc7-4"}
{"index": {"_index":"leo","_id":"4067961"}}
	{"id":4067961,"type":"sell","buyer":"pi-trader","seller":"beemd","symbol":"LEO","quantity":"0.379","price":"0.13021401","timestamp":1659642762,"volume":"0.04935111","buyTxId":"8545a4130bac8e343625f06c8e23537b931b400c-1","sellTxId":"83839e26493f0665708009ec1a55aaef5ce9954e"}
{"index": {"_index":"leo","_id":"4068210"}}
	{"id":4068210,"type":"sell","buyer":"pi-trader","seller":"thatcryptodave","symbol":"LEO","quantity":"3.113","price":"0.13023001","timestamp":1659646020,"volume":"0.40540602","buyTxId":"611273e275b958bad0e33d76e64f751b4b254f95-1","sellTxId":"985d72fd137ae5d00fe6817b8d5a80524f7179aa"}
{"index": {"_index":"leo","_id":"4068266"}}
	{"id":4068266,"type":"buy","buyer":"dswap","seller":"pi-trader","symbol":"LEO","quantity":"7.751","price":"0.13996799","timestamp":1659647007,"volume":"1.08489189","buyTxId":"4d5fc060619fc11ddca25571d68644ccf2b9f648","sellTxId":"73d06c435c61c86a2386595f9085669b7d76adc7-4"}
{"index": {"_index":"leo","_id":"4068267"}}
	{"id":4068267,"type":"buy","buyer":"dswap","seller":"leomaker","symbol":"LEO","quantity":"7.945","price":"0.13996800","timestamp":1659647007,"volume":"1.11204576","buyTxId":"4d5fc060619fc11ddca25571d68644ccf2b9f648","sellTxId":"4c19b3c28b57579cef3a465e4774fd9d40a76d7d"}
{"index": {"_index":"leo","_id":"4068268"}}
	{"id":4068268,"type":"buy","buyer":"dswap","seller":"leomaker","symbol":"LEO","quantity":"8.144","price":"0.13996900","timestamp":1659647007,"volume":"1.13990754","buyTxId":"4d5fc060619fc11ddca25571d68644ccf2b9f648","sellTxId":"1f5eccb22ce79757d7f261594d3a37ae5bb8bca7"}
{"index": {"_index":"leo","_id":"4068269"}}
	{"id":4068269,"type":"buy","buyer":"dswap","seller":"leomaker","symbol":"LEO","quantity":"8.346","price":"0.13997000","timestamp":1659647007,"volume":"1.16818962","buyTxId":"4d5fc060619fc11ddca25571d68644ccf2b9f648","sellTxId":"4a6f8c4401912a9d60b7191a3bb16ad20e4c44f8"}
{"index": {"_index":"leo","_id":"4068270"}}
	{"id":4068270,"type":"buy","buyer":"dswap","seller":"leomaker","symbol":"LEO","quantity":"8.548","price":"0.13997100","timestamp":1659647007,"volume":"1.19647211","buyTxId":"4d5fc060619fc11ddca25571d68644ccf2b9f648","sellTxId":"6c12e58e7ea7c86d7a0955d4b8fa8be99e660f48"}
{"index": {"_index":"leo","_id":"4068271"}}
	{"id":4068271,"type":"buy","buyer":"dswap","seller":"leomaker","symbol":"LEO","quantity":"8.762","price":"0.13997200","timestamp":1659647007,"volume":"1.22643466","buyTxId":"4d5fc060619fc11ddca25571d68644ccf2b9f648","sellTxId":"88fdffc539137dbb3e18f1b4326538b4f6137e70"}
{"index": {"_index":"leo","_id":"4068272"}}
	{"id":4068272,"type":"buy","buyer":"dswap","seller":"leomaker","symbol":"LEO","quantity":"8.980","price":"0.13997300","timestamp":1659647007,"volume":"1.25695754","buyTxId":"4d5fc060619fc11ddca25571d68644ccf2b9f648","sellTxId":"99b8b84c8fff710f59fc1760ab164f8476ed1d0d"}
{"index": {"_index":"leo","_id":"4068273"}}
	{"id":4068273,"type":"buy","buyer":"dswap","seller":"leomaker","symbol":"LEO","quantity":"9.204","price":"0.13997400","timestamp":1659647007,"volume":"1.28832070","buyTxId":"4d5fc060619fc11ddca25571d68644ccf2b9f648","sellTxId":"f66c3b248533e4360e6b3884577ed746118ba54b"}
{"index": {"_index":"leo","_id":"4068274"}}
	{"id":4068274,"type":"buy","buyer":"dswap","seller":"leomaker","symbol":"LEO","quantity":"9.432","price":"0.13997500","timestamp":1659647007,"volume":"1.32024420","buyTxId":"4d5fc060619fc11ddca25571d68644ccf2b9f648","sellTxId":"9329f1856f29c6a937ba9967ea59caa585ae0b27"}
{"index": {"_index":"leo","_id":"4068275"}}
	{"id":4068275,"type":"buy","buyer":"dswap","seller":"leomaker","symbol":"LEO","quantity":"9.660","price":"0.13997600","timestamp":1659647007,"volume":"1.35216816","buyTxId":"4d5fc060619fc11ddca25571d68644ccf2b9f648","sellTxId":"bd77d9135c66c473350041242cbde5cfc6c7b98f"}
{"index": {"_index":"leo","_id":"4068276"}}
	{"id":4068276,"type":"buy","buyer":"dswap","seller":"leomaker","symbol":"LEO","quantity":"9.903","price":"0.13997700","timestamp":1659647007,"volume":"1.38619223","buyTxId":"4d5fc060619fc11ddca25571d68644ccf2b9f648","sellTxId":"b367193f895ae2aa3f45881b5fdb3110b4d95da7"}
{"index": {"_index":"leo","_id":"4068277"}}
	{"id":4068277,"type":"buy","buyer":"dswap","seller":"leomaker","symbol":"LEO","quantity":"10.150","price":"0.13997800","timestamp":1659647007,"volume":"1.42077670","buyTxId":"4d5fc060619fc11ddca25571d68644ccf2b9f648","sellTxId":"e96c1286c142d888d632aa57afca63d2833adfca"}
{"index": {"_index":"leo","_id":"4068278"}}
	{"id":4068278,"type":"buy","buyer":"dswap","seller":"leomaker","symbol":"LEO","quantity":"10.096","price":"0.13997900","timestamp":1659647007,"volume":"1.41322798","buyTxId":"4d5fc060619fc11ddca25571d68644ccf2b9f648","sellTxId":"48697e5b9479d25773b0fbf07a82da5e0fe7ae2a"}
{"index": {"_index":"leo","_id":"4068279"}}
	{"id":4068279,"type":"buy","buyer":"dswap","seller":"leomaker","symbol":"LEO","quantity":"10.348","price":"0.13998000","timestamp":1659647007,"volume":"1.44851304","buyTxId":"4d5fc060619fc11ddca25571d68644ccf2b9f648","sellTxId":"bc8ec5b8e7fe25c25a5e1bbdac118d35adbcaa0e"}
{"index": {"_index":"leo","_id":"4068280"}}
	{"id":4068280,"type":"buy","buyer":"dswap","seller":"leomaker","symbol":"LEO","quantity":"10.599","price":"0.13998100","timestamp":1659647007,"volume":"1.48365862","buyTxId":"4d5fc060619fc11ddca25571d68644ccf2b9f648","sellTxId":"12cc0fd71df1ee0206bf4a49fc6509100a350ffd"}
{"index": {"_index":"leo","_id":"4068281"}}
	{"id":4068281,"type":"buy","buyer":"dswap","seller":"leomaker","symbol":"LEO","quantity":"10.865","price":"0.13998200","timestamp":1659647007,"volume":"1.52090443","buyTxId":"4d5fc060619fc11ddca25571d68644ccf2b9f648","sellTxId":"6d648e14e8d268f02a55cca013a0a6ebf60f4d94"}
{"index": {"_index":"leo","_id":"4068282"}}
	{"id":4068282,"type":"buy","buyer":"dswap","seller":"leomaker","symbol":"LEO","quantity":"11.061","price":"0.13998300","timestamp":1659647007,"volume":"1.54835196","buyTxId":"4d5fc060619fc11ddca25571d68644ccf2b9f648","sellTxId":"35ebf2448c9f251928ea982439a0a04ff6e17d0a"}
{"index": {"_index":"leo","_id":"4068283"}}
	{"id":4068283,"type":"buy","buyer":"dswap","seller":"leomaker","symbol":"LEO","quantity":"11.339","price":"0.13998400","timestamp":1659647007,"volume":"1.58727858","buyTxId":"4d5fc060619fc11ddca25571d68644ccf2b9f648","sellTxId":"63f967fdc7de53fe35bf1d88af09ee297493ca2d"}
{"index": {"_index":"leo","_id":"4068284"}}
	{"id":4068284,"type":"buy","buyer":"dswap","seller":"leomaker","symbol":"LEO","quantity":"11.621","price":"0.13998500","timestamp":1659647007,"volume":"1.62676569","buyTxId":"4d5fc060619fc11ddca25571d68644ccf2b9f648","sellTxId":"5c0063707e3159fe55de4c90fb1eb4353e32301c"}
{"index": {"_index":"leo","_id":"4068285"}}
	{"id":4068285,"type":"buy","buyer":"dswap","seller":"leomaker","symbol":"LEO","quantity":"11.904","price":"0.13998600","timestamp":1659647007,"volume":"1.66639334","buyTxId":"4d5fc060619fc11ddca25571d68644ccf2b9f648","sellTxId":"66bbfb624809987527ea7fbd8930f48d4d5fd549"}
{"index": {"_index":"leo","_id":"4068286"}}
	{"id":4068286,"type":"buy","buyer":"dswap","seller":"leomaker","symbol":"LEO","quantity":"12.202","price":"0.13998700","timestamp":1659647007,"volume":"1.70812137","buyTxId":"4d5fc060619fc11ddca25571d68644ccf2b9f648","sellTxId":"f265890073ceb5ede523ac0ba8de8d4aae43d730"}
{"index": {"_index":"leo","_id":"4068287"}}
	{"id":4068287,"type":"buy","buyer":"dswap","seller":"leomaker","symbol":"LEO","quantity":"12.507","price":"0.13998800","timestamp":1659647007,"volume":"1.75082992","buyTxId":"4d5fc060619fc11ddca25571d68644ccf2b9f648","sellTxId":"dd9a90c1ac074a9d82bd6e81b5d577d806a8a6e1"}
{"index": {"_index":"leo","_id":"4068288"}}
	{"id":4068288,"type":"buy","buyer":"dswap","seller":"leomaker","symbol":"LEO","quantity":"107.181","price":"0.13998900","timestamp":1659647007,"volume":"15.00419896","buyTxId":"4d5fc060619fc11ddca25571d68644ccf2b9f648","sellTxId":"649a0f4f0bdb1b75587cdd981197d47d186d13b2"}
{"index": {"_index":"leo","_id":"4068352"}}
	{"id":4068352,"type":"sell","buyer":"pi-trader","seller":"eturnerx","symbol":"LEO","quantity":"2.207","price":"0.13024801","timestamp":1659648012,"volume":"0.28745736","buyTxId":"d42b33aea355bb06e60aa95b6ee7dee7a970b823-2","sellTxId":"582cd3161cdaa515fb89c9bb1fd8e8774c00c63d"}
{"index": {"_index":"leo","_id":"4068513"}}
	{"id":4068513,"type":"buy","buyer":"dswap","seller":"leomaker","symbol":"LEO","quantity":"3.628","price":"0.13998800","timestamp":1659650475,"volume":"0.508","buyTxId":"9917e4398a7e812a0a895a9077ff3aacedf31172","sellTxId":"f099d26dc5174724e472f600a378ce3641cc6899"}
{"index": {"_index":"leo","_id":"4068823"}}
	{"id":4068823,"type":"buy","buyer":"dswap","seller":"leomaker","symbol":"LEO","quantity":"3.955","price":"0.13998800","timestamp":1659655011,"volume":"0.55365254","buyTxId":"36d894234e3a4829bd4f26b1d1bdca4ea62d0630","sellTxId":"f099d26dc5174724e472f600a378ce3641cc6899"}
{"index": {"_index":"leo","_id":"4068824"}}
	{"id":4068824,"type":"buy","buyer":"dswap","seller":"pi-trader","symbol":"LEO","quantity":"2.657","price":"0.13998899","timestamp":1659655011,"volume":"0.37207618","buyTxId":"36d894234e3a4829bd4f26b1d1bdca4ea62d0630","sellTxId":"5e1bdbf6f4207aa8de64ddacf63d520fbfa2ac6f-3"}
{"index": {"_index":"leo","_id":"4068998"}}
	{"id":4068998,"type":"sell","buyer":"pi-trader","seller":"pinkhub","symbol":"LEO","quantity":"1.177","price":"0.13032601","timestamp":1659657798,"volume":"0.15339371","buyTxId":"67fe19d4326e0f83a11ec28f6406f5d4cb69ae04-1","sellTxId":"94fd91764404d1b636e4c3d59ec2382319d5ea19"}
{"index": {"_index":"leo","_id":"4069057"}}
	{"id":4069057,"type":"sell","buyer":"pi-trader","seller":"panconcajeta","symbol":"LEO","quantity":"2.873","price":"0.13034201","timestamp":1659658698,"volume":"0.37447259","buyTxId":"f02a56952dd1532d2ba676a9bf793738608f7914-1","sellTxId":"7c2a8c17f2fb5a29d39fcacf78e5ca94b6b9ac56"}
{"index": {"_index":"leo","_id":"4069136"}}
	{"id":4069136,"type":"sell","buyer":"pi-trader","seller":"razam","symbol":"LEO","quantity":"8.290","price":"0.13034601","timestamp":1659659766,"volume":"1.08056842","buyTxId":"c16f1835985da504914ecb2be690b8aa52a21537-1","sellTxId":"199308f260a79f5dd73b76e6b37e463307f9b797"}
{"index": {"_index":"leo","_id":"4069255"}}
	{"id":4069255,"type":"sell","buyer":"pi-trader","seller":"hooiyewlim","symbol":"LEO","quantity":"10.338","price":"0.13036601","timestamp":1659661518,"volume":"1.34772381","buyTxId":"b7fb9a39072950fcda2871ce872fa1a98eaab7a0-1","sellTxId":"115b2deabfc67bff6f850075fef7514092d78121"}
{"index": {"_index":"leo","_id":"4069279"}}
	{"id":4069279,"type":"sell","buyer":"pi-trader","seller":"newshive","symbol":"LEO","quantity":"0.538","price":"0.13036601","timestamp":1659661707,"volume":"0.07013691","buyTxId":"02b068d1de849ab1ae0b479d9b84565b4686ab5b-3","sellTxId":"48a4f248b91b043aca91e7b94c91eaa2ee6eb3e1"}
{"index": {"_index":"leo","_id":"4069386"}}
	{"id":4069386,"type":"sell","buyer":"pi-trader","seller":"microbot","symbol":"LEO","quantity":"0.245","price":"0.13038201","timestamp":1659663378,"volume":"0.03194359","buyTxId":"7cf560c9f9de263b5df4d4f9e25f49c5edc8078c-1","sellTxId":"e0456fd431f927617180a84d3e40825504eeaec8"}
{"index": {"_index":"leo","_id":"4069387"}}
	{"id":4069387,"type":"sell","buyer":"pi-trader","seller":"isnochys","symbol":"LEO","quantity":"0.246","price":"0.13038201","timestamp":1659663387,"volume":"0.03207397","buyTxId":"7cf560c9f9de263b5df4d4f9e25f49c5edc8078c-1","sellTxId":"4ad0713b303c692d56b79bf9395dbe4a1d304786"}
{"index": {"_index":"leo","_id":"4069389"}}
	{"id":4069389,"type":"sell","buyer":"pi-trader","seller":"grand.strategy","symbol":"LEO","quantity":"0.245","price":"0.13038201","timestamp":1659663411,"volume":"0.03194359","buyTxId":"f9ce424c70ab057306d82d8bb0e3d90469cc9453-4","sellTxId":"9835e2355e15b16948f7ce075ac7d0ba7c288584"}
{"index": {"_index":"leo","_id":"4069477"}}
	{"id":4069477,"type":"sell","buyer":"pi-trader","seller":"yisusth","symbol":"LEO","quantity":"0.298","price":"0.13040001","timestamp":1659664890,"volume":"0.03885920","buyTxId":"cdcabd27df72d5873090c032fc02778817399d02-1","sellTxId":"1ce10ad0b766547c383d8a659e79ce050a32c152"}
{"index": {"_index":"leo","_id":"4069522"}}
	{"id":4069522,"type":"sell","buyer":"pi-trader","seller":"metzli","symbol":"LEO","quantity":"2.548","price":"0.13040201","timestamp":1659665526,"volume":"0.33226432","buyTxId":"825a8e789f345e7c370776949cd573e7a79a1194-3","sellTxId":"57d1687306ac0c57990dc8b798a156cad0ce9783"}
{"index": {"_index":"leo","_id":"4069625"}}
	{"id":4069625,"type":"sell","buyer":"pi-trader","seller":"steem82868","symbol":"LEO","quantity":"0.648","price":"0.13040601","timestamp":1659666597,"volume":"0.08450309","buyTxId":"5b3f8a816020454909ce04a97f5b3c6ba70c2fc0-1","sellTxId":"1a83e57e0cc6c5c544dffb48d90631dc7a307a93"}
