{"index": {"_index":"leo","_id":"2263289"}}
	{"id":2263289,"type":"sell","buyer":"leomaker","seller":"brofi-market","symbol":"LEO","quantity":"0.001","price":"0.15000400","timestamp":1639368789,"volume":"0.00015000","buyTxId":"4f6dd28d5a1adfa6ea60cf328681a33b1a913f23","sellTxId":"0c3c6cbda9b17e66be4847152f3ffeb0cf9c616b"}
{"index": {"_index":"leo","_id":"2264324"}}
	{"id":2264324,"type":"buy","buyer":"marvinix","seller":"magicbeans","symbol":"LEO","quantity":"2.105","price":"0.18995999","timestamp":1639377978,"volume":"0.4","buyTxId":"46d65c9b161bd347b552e8d7b6b6bede46abd496","sellTxId":"9c47e20d205ad7a342bbc9399e629daea4d588de"}
{"index": {"_index":"leo","_id":"2264505"}}
	{"id":2264505,"type":"sell","buyer":"leomaker","seller":"holbein81","symbol":"LEO","quantity":"20.000","price":"0.15000600","timestamp":1639379280,"volume":"3.00012000","buyTxId":"4500049dd132db9ba233d24b9f4b960a470878aa","sellTxId":"f6efce6c0d8ebaee7ed1bc0e217e994c2850ce49"}
{"index": {"_index":"leo","_id":"2264509"}}
	{"id":2264509,"type":"sell","buyer":"leomaker","seller":"beemd","symbol":"LEO","quantity":"0.338","price":"0.15000600","timestamp":1639379331,"volume":"0.05070203","buyTxId":"4500049dd132db9ba233d24b9f4b960a470878aa","sellTxId":"96097f71122e478a3e4957a0b37bea42e0c75a7a"}
{"index": {"_index":"leo","_id":"2264551"}}
	{"id":2264551,"type":"sell","buyer":"leomaker","seller":"mistakili","symbol":"LEO","quantity":"13.214","price":"0.15000600","timestamp":1639379703,"volume":"1.98217928","buyTxId":"4500049dd132db9ba233d24b9f4b960a470878aa","sellTxId":"9d2481baebc15e3327a46203a49ee13955e1a6ee"}
{"index": {"_index":"leo","_id":"2264553"}}
	{"id":2264553,"type":"buy","buyer":"svirus","seller":"mistakili","symbol":"LEO","quantity":"33.780","price":"0.15000600","timestamp":1639379706,"volume":"5.06720268","buyTxId":"853e8cb80d36a307f56e1ad625a2c9b89c8abd71-0","sellTxId":"9d2481baebc15e3327a46203a49ee13955e1a6ee"}
{"index": {"_index":"leo","_id":"2264555"}}
	{"id":2264555,"type":"buy","buyer":"konvik","seller":"mistakili","symbol":"LEO","quantity":"0.006","price":"0.15000600","timestamp":1639379706,"volume":"0.00090004","buyTxId":"b661a8a1b8e40e2a3f216b662a700e9ae44dd357-0","sellTxId":"9d2481baebc15e3327a46203a49ee13955e1a6ee"}
{"index": {"_index":"leo","_id":"2264715"}}
	{"id":2264715,"type":"sell","buyer":"leomaker","seller":"uyobong","symbol":"LEO","quantity":"14.146","price":"0.15000800","timestamp":1639380768,"volume":"2.12201317","buyTxId":"8002b39c9bac3f5477f1996257d7e19f8fb3e925","sellTxId":"d6325a5e8fd51fb62678dc91a1c06bfbcb24bc5c"}
{"index": {"_index":"leo","_id":"2264764"}}
	{"id":2264764,"type":"sell","buyer":"leomaker","seller":"buildahouse","symbol":"LEO","quantity":"0.002","price":"0.15000800","timestamp":1639381419,"volume":"0.00030002","buyTxId":"8002b39c9bac3f5477f1996257d7e19f8fb3e925","sellTxId":"23e4ee2105637fbcb084737995178e500c642b5e"}
{"index": {"_index":"leo","_id":"2265048"}}
	{"id":2265048,"type":"buy","buyer":"leomaker","seller":"barski","symbol":"LEO","quantity":"0.149","price":"0.15001000","timestamp":1639383987,"volume":"0.02235149","buyTxId":"adf1a0bb7b5d7e2d3c06fc84ae8b3dabaf30174b","sellTxId":"dd39c90a0865468a479348123ba65b9b0fab92ed"}
{"index": {"_index":"leo","_id":"2265050"}}
	{"id":2265050,"type":"sell","buyer":"leomaker","seller":"johnwege","symbol":"LEO","quantity":"18.415","price":"0.15001000","timestamp":1639383999,"volume":"2.76243415","buyTxId":"adf1a0bb7b5d7e2d3c06fc84ae8b3dabaf30174b","sellTxId":"1d3fbc2362f731d4806c44a481314e18e3e506cf"}
{"index": {"_index":"leo","_id":"2265121"}}
	{"id":2265121,"type":"sell","buyer":"leomaker","seller":"aweee","symbol":"LEO","quantity":"0.348","price":"0.15001000","timestamp":1639384497,"volume":"0.05220348","buyTxId":"adf1a0bb7b5d7e2d3c06fc84ae8b3dabaf30174b","sellTxId":"5e8d0003bd76702f0e9752eef661bc73f2786a10"}
{"index": {"_index":"leo","_id":"2265146"}}
	{"id":2265146,"type":"sell","buyer":"leomaker","seller":"mephistophenes","symbol":"LEO","quantity":"15.012","price":"0.15001000","timestamp":1639384683,"volume":"2.25195012","buyTxId":"adf1a0bb7b5d7e2d3c06fc84ae8b3dabaf30174b","sellTxId":"4ce28a67ae0a6a2da1996e528b771440802f5319"}
{"index": {"_index":"leo","_id":"2265147"}}
	{"id":2265147,"type":"sell","buyer":"master-lamps","seller":"mephistophenes","symbol":"LEO","quantity":"30.000","price":"0.15000850","timestamp":1639384683,"volume":"4.50025500","buyTxId":"50eb7727b604fc984979f24a9c1ddad35d1b9906","sellTxId":"4ce28a67ae0a6a2da1996e528b771440802f5319"}
{"index": {"_index":"leo","_id":"2265148"}}
	{"id":2265148,"type":"sell","buyer":"leomaker","seller":"mephistophenes","symbol":"LEO","quantity":"19.809","price":"0.15000800","timestamp":1639384683,"volume":"2.97150847","buyTxId":"8002b39c9bac3f5477f1996257d7e19f8fb3e925","sellTxId":"4ce28a67ae0a6a2da1996e528b771440802f5319"}
{"index": {"_index":"leo","_id":"2265149"}}
	{"id":2265149,"type":"sell","buyer":"muhammadwaseem00","seller":"mephistophenes","symbol":"LEO","quantity":"7.779","price":"0.15000800","timestamp":1639384683,"volume":"1.16691223","buyTxId":"573f9bbf560818ff5223ee5f9d7f5bdbed25c44e","sellTxId":"4ce28a67ae0a6a2da1996e528b771440802f5319"}
{"index": {"_index":"leo","_id":"2265198"}}
	{"id":2265198,"type":"buy","buyer":"svirus","seller":"shaka","symbol":"LEO","quantity":"1000.000","price":"0.15892000","timestamp":1639385091,"volume":"158.92000000","buyTxId":"329e03d67d2ecc4140881ff0038097d75902202c-0","sellTxId":"ce48bd5193532dab0d450a426525d5b1823dbf99"}
{"index": {"_index":"leo","_id":"2265420"}}
	{"id":2265420,"type":"sell","buyer":"muhammadwaseem00","seller":"felipejoys","symbol":"LEO","quantity":"4.333","price":"0.15000800","timestamp":1639387107,"volume":"0.64998466","buyTxId":"573f9bbf560818ff5223ee5f9d7f5bdbed25c44e","sellTxId":"0c2068272bf037fe5bd5a3f7c6868dce3831a074"}
{"index": {"_index":"leo","_id":"2265563"}}
	{"id":2265563,"type":"buy","buyer":"svirus","seller":"eddie-earner","symbol":"LEO","quantity":"804.000","price":"0.15500000","timestamp":1639388397,"volume":"124.62000000","buyTxId":"e03b0f63ca60679cd9c3cf9155892490fca4dfd1-0","sellTxId":"e96754656cd95df3dabfe434a4fb8ddf39677417"}
{"index": {"_index":"leo","_id":"2265690"}}
	{"id":2265690,"type":"buy","buyer":"momijiscrypto","seller":"magicbeans","symbol":"LEO","quantity":"0.895","price":"0.16889199","timestamp":1639389363,"volume":"0.15115833","buyTxId":"dfd3d44d35e49ea5f642a28385b933329bdea616","sellTxId":"5a22c946afc3cc2b43f370108adeeee52f367f54"}
{"index": {"_index":"leo","_id":"2265691"}}
	{"id":2265691,"type":"sell","buyer":"momijiscrypto","seller":"svirus","symbol":"LEO","quantity":"85.100","price":"0.16889199","timestamp":1639389366,"volume":"14.37270835","buyTxId":"dfd3d44d35e49ea5f642a28385b933329bdea616","sellTxId":"eedc2f67d515bcb6b91653ad6addbce299120a14-1"}
{"index": {"_index":"leo","_id":"2265692"}}
	{"id":2265692,"type":"sell","buyer":"momijiscrypto","seller":"konvik","symbol":"LEO","quantity":"0.005","price":"0.16889199","timestamp":1639389366,"volume":"0.00084446","buyTxId":"dfd3d44d35e49ea5f642a28385b933329bdea616","sellTxId":"5272989ffcafb7b07ba340d4b04c44516d84addb-1"}
{"index": {"_index":"leo","_id":"2265765"}}
	{"id":2265765,"type":"sell","buyer":"muhammadwaseem00","seller":"liotes.fund","symbol":"LEO","quantity":"17.888","price":"0.15000800","timestamp":1639389741,"volume":"2.68334310","buyTxId":"573f9bbf560818ff5223ee5f9d7f5bdbed25c44e","sellTxId":"4a8662c27b37a5b381459ebe8307e4e7c8a2cd29"}
{"index": {"_index":"leo","_id":"2265766"}}
	{"id":2265766,"type":"sell","buyer":"leomaker","seller":"liotes.fund","symbol":"LEO","quantity":"11.619","price":"0.15000800","timestamp":1639389741,"volume":"1.74294295","buyTxId":"df5253a264d2e95b13e32842b7dc987f4d4a6c5e","sellTxId":"4a8662c27b37a5b381459ebe8307e4e7c8a2cd29"}
{"index": {"_index":"leo","_id":"2265893"}}
	{"id":2265893,"type":"sell","buyer":"magicbeans","seller":"liotes.fund","symbol":"LEO","quantity":"0.500","price":"0.15000801","timestamp":1639390971,"volume":"0.07500401","buyTxId":"569204ba6d458316980bc6ea6b4df72d45506034","sellTxId":"a7a9da9597168876195bf44217b3950e79226df6"}
{"index": {"_index":"leo","_id":"2266068"}}
	{"id":2266068,"type":"sell","buyer":"magicbeans","seller":"lionsuit","symbol":"LEO","quantity":"0.225","price":"0.15000801","timestamp":1639392552,"volume":"0.03375180","buyTxId":"569204ba6d458316980bc6ea6b4df72d45506034","sellTxId":"52bb00ed66c4ec9be1b13439ccbd93eaaa2339c9"}
{"index": {"_index":"leo","_id":"2266094"}}
	{"id":2266094,"type":"sell","buyer":"magicbeans","seller":"fedesox","symbol":"LEO","quantity":"1.198","price":"0.15000801","timestamp":1639392720,"volume":"0.17970960","buyTxId":"569204ba6d458316980bc6ea6b4df72d45506034","sellTxId":"537244c8fadc8dbf89237bf3217c8e02f47e1794"}
{"index": {"_index":"leo","_id":"2266340"}}
	{"id":2266340,"type":"buy","buyer":"tonytrillions","seller":"leomaker","symbol":"LEO","quantity":"0.006","price":"0.16888400","timestamp":1639394670,"volume":"0.00101330","buyTxId":"1ed8c5d069e500e120211cdea33f42a74f249d38","sellTxId":"79682c4a92fb8ce7b7d8d332db477ef32648b254"}
{"index": {"_index":"leo","_id":"2266341"}}
	{"id":2266341,"type":"sell","buyer":"magicbeans","seller":"invest-time","symbol":"LEO","quantity":"1.077","price":"0.15000801","timestamp":1639394685,"volume":"0.16155862","buyTxId":"569204ba6d458316980bc6ea6b4df72d45506034","sellTxId":"225446219f36152f3dcb828bdaa78819e024d55b"}
{"index": {"_index":"leo","_id":"2266349"}}
	{"id":2266349,"type":"sell","buyer":"leomaker","seller":"invest-time","symbol":"LEO","quantity":"1.690","price":"0.15000800","timestamp":1639394748,"volume":"0.25351352","buyTxId":"df5253a264d2e95b13e32842b7dc987f4d4a6c5e","sellTxId":"fcf30e49f0b5bda9eb9f171334a1ed1154a1484c"}
{"index": {"_index":"leo","_id":"2266429"}}
	{"id":2266429,"type":"buy","buyer":"svirus","seller":"bala41288","symbol":"LEO","quantity":"64.030","price":"0.16000000","timestamp":1639395435,"volume":"10.24480000","buyTxId":"1c57216b810afbe6bab7a9c7b2e3b700bc22bed6-0","sellTxId":"54abcbdd69ff891ca63c23718065b701bc5f52e5"}
{"index": {"_index":"leo","_id":"2266430"}}
	{"id":2266430,"type":"buy","buyer":"konvik","seller":"bala41288","symbol":"LEO","quantity":"0.004","price":"0.16000000","timestamp":1639395435,"volume":"0.00064000","buyTxId":"a0c8783b4109034927df1ef5825a29a7dae17f80-0","sellTxId":"54abcbdd69ff891ca63c23718065b701bc5f52e5"}
{"index": {"_index":"leo","_id":"2266504"}}
	{"id":2266504,"type":"buy","buyer":"bitrocker2020","seller":"magicbeans","symbol":"LEO","quantity":"3.000","price":"0.16888399","timestamp":1639396119,"volume":"0.50665197","buyTxId":"f6545584cf090bc3b93a185f4000a634a7f50ea8","sellTxId":"3a178ebe0ff22bd91065f64282bb88301d090a78"}
{"index": {"_index":"leo","_id":"2266505"}}
	{"id":2266505,"type":"buy","buyer":"bitrocker2020","seller":"leomaker","symbol":"LEO","quantity":"69.081","price":"0.16888400","timestamp":1639396119,"volume":"11.66667560","buyTxId":"f6545584cf090bc3b93a185f4000a634a7f50ea8","sellTxId":"79682c4a92fb8ce7b7d8d332db477ef32648b254"}
{"index": {"_index":"leo","_id":"2266506"}}
	{"id":2266506,"type":"buy","buyer":"bitrocker2020","seller":"leomaker","symbol":"LEO","quantity":"71.066","price":"0.16889200","timestamp":1639396119,"volume":"12.00247887","buyTxId":"f6545584cf090bc3b93a185f4000a634a7f50ea8","sellTxId":"df69fd6f3848c6b72b47d501d2dc3b557fa3d052"}
{"index": {"_index":"leo","_id":"2266507"}}
	{"id":2266507,"type":"buy","buyer":"bitrocker2020","seller":"leomaker","symbol":"LEO","quantity":"17.716","price":"0.16889300","timestamp":1639396119,"volume":"2.99219356","buyTxId":"f6545584cf090bc3b93a185f4000a634a7f50ea8","sellTxId":"406adb6bfe2aa046f771ce0c27b7b208511c4dda"}
{"index": {"_index":"leo","_id":"2266515"}}
	{"id":2266515,"type":"sell","buyer":"leomaker","seller":"chel-koby","symbol":"LEO","quantity":"0.700","price":"0.15000800","timestamp":1639396200,"volume":"0.10500560","buyTxId":"df5253a264d2e95b13e32842b7dc987f4d4a6c5e","sellTxId":"f9d369b8beaef48f069870c7b7505f0c11e504c2"}
{"index": {"_index":"leo","_id":"2266693"}}
	{"id":2266693,"type":"sell","buyer":"magicbeans","seller":"brofi-market","symbol":"LEO","quantity":"3.000","price":"0.15000801","timestamp":1639397589,"volume":"0.45002403","buyTxId":"eee540618740d6e36dca9504f440f331c3e22faf","sellTxId":"2cfbda8179b7bb6c59f2bef087f57851d0183fa8"}
{"index": {"_index":"leo","_id":"2266694"}}
	{"id":2266694,"type":"buy","buyer":"svirus","seller":"brofi-market","symbol":"LEO","quantity":"17.860","price":"0.15000801","timestamp":1639397592,"volume":"2.67914306","buyTxId":"ebf11406be3745026fc3267151c16493addef879-0","sellTxId":"2cfbda8179b7bb6c59f2bef087f57851d0183fa8"}
{"index": {"_index":"leo","_id":"2266713"}}
	{"id":2266713,"type":"sell","buyer":"leomaker","seller":"bilpcoinbpc","symbol":"LEO","quantity":"0.156","price":"0.15000800","timestamp":1639397691,"volume":"0.02340125","buyTxId":"df5253a264d2e95b13e32842b7dc987f4d4a6c5e","sellTxId":"3ad4b321395a43e9f09d585b9914105727650ab9"}
{"index": {"_index":"leo","_id":"2267201"}}
	{"id":2267201,"type":"sell","buyer":"leomaker","seller":"tonytrillions","symbol":"LEO","quantity":"0.028","price":"0.15000800","timestamp":1639401216,"volume":"0.00420022","buyTxId":"df5253a264d2e95b13e32842b7dc987f4d4a6c5e","sellTxId":"f3302fbcde6307ab7ef90b505a7a271c69e7f32a"}
{"index": {"_index":"leo","_id":"2267358"}}
	{"id":2267358,"type":"sell","buyer":"leomaker","seller":"victoriabsb","symbol":"LEO","quantity":"6.095","price":"0.15000800","timestamp":1639402224,"volume":"0.91429876","buyTxId":"df5253a264d2e95b13e32842b7dc987f4d4a6c5e","sellTxId":"78292b0cf9ec93c2fbd230e1cc667231f895af6c"}
{"index": {"_index":"leo","_id":"2267447"}}
	{"id":2267447,"type":"buy","buyer":"burnbot9000","seller":"brofi-market","symbol":"LEO","quantity":"0.004","price":"0.15000801","timestamp":1639402956,"volume":"0.00060003","buyTxId":"f3e48c9638f6198ca230f621fd08dc3de4fa2f95","sellTxId":"2cfbda8179b7bb6c59f2bef087f57851d0183fa8"}
{"index": {"_index":"leo","_id":"2267448"}}
	{"id":2267448,"type":"buy","buyer":"burnbot9000","seller":"leomaker","symbol":"LEO","quantity":"28.299","price":"0.16888700","timestamp":1639402956,"volume":"4.77939997","buyTxId":"f3e48c9638f6198ca230f621fd08dc3de4fa2f95","sellTxId":"c241fa910680f89770b40ebdc1b44bca3ce74472"}
{"index": {"_index":"leo","_id":"2267453"}}
	{"id":2267453,"type":"sell","buyer":"leomaker","seller":"specialfeelings","symbol":"LEO","quantity":"0.025","price":"0.15000800","timestamp":1639402998,"volume":"0.00375020","buyTxId":"df5253a264d2e95b13e32842b7dc987f4d4a6c5e","sellTxId":"904108c3ca02237224f80c3eba11155c05a275cb"}
{"index": {"_index":"leo","_id":"2267458"}}
	{"id":2267458,"type":"sell","buyer":"leomaker","seller":"bilpcoinbpc","symbol":"LEO","quantity":"0.035","price":"0.15000800","timestamp":1639403028,"volume":"0.00525028","buyTxId":"df5253a264d2e95b13e32842b7dc987f4d4a6c5e","sellTxId":"8fce7500905a6cce351c702b2f6b25726416366f"}
{"index": {"_index":"leo","_id":"2267686"}}
	{"id":2267686,"type":"sell","buyer":"leomaker","seller":"captainquack22","symbol":"LEO","quantity":"1.107","price":"0.15000800","timestamp":1639404846,"volume":"0.16605886","buyTxId":"df5253a264d2e95b13e32842b7dc987f4d4a6c5e","sellTxId":"ea59a97855cc71dee3066ecee4d3b5724316b1a5"}
{"index": {"_index":"leo","_id":"2267810"}}
	{"id":2267810,"type":"sell","buyer":"leomaker","seller":"aweee","symbol":"LEO","quantity":"0.372","price":"0.15000800","timestamp":1639405623,"volume":"0.05580298","buyTxId":"df5253a264d2e95b13e32842b7dc987f4d4a6c5e","sellTxId":"70f43a34659194e368a577d33c7e094625ab422a"}
{"index": {"_index":"leo","_id":"2267905"}}
	{"id":2267905,"type":"sell","buyer":"leomaker","seller":"travelwritemoney","symbol":"LEO","quantity":"10.389","price":"0.15000800","timestamp":1639406184,"volume":"1.55843311","buyTxId":"df5253a264d2e95b13e32842b7dc987f4d4a6c5e","sellTxId":"37b65103829c09ef4ae3f173a04a2cabba2bb2fe"}
{"index": {"_index":"leo","_id":"2267962"}}
	{"id":2267962,"type":"buy","buyer":"bartosz546","seller":"leomaker","symbol":"LEO","quantity":"36.312","price":"0.16888700","timestamp":1639406730,"volume":"6.13262474","buyTxId":"4927dbb92af0b06f1c83f47112276cfed5d35c4d","sellTxId":"c241fa910680f89770b40ebdc1b44bca3ce74472"}
{"index": {"_index":"leo","_id":"2267963"}}
	{"id":2267963,"type":"sell","buyer":"bartosz546","seller":"svirus","symbol":"LEO","quantity":"63.680","price":"0.16888700","timestamp":1639406733,"volume":"10.75472416","buyTxId":"4927dbb92af0b06f1c83f47112276cfed5d35c4d","sellTxId":"c7f7185c3ff1e7e11e4ce29c5e04c3c8f72a3cd1-1"}
{"index": {"_index":"leo","_id":"2267964"}}
	{"id":2267964,"type":"sell","buyer":"bartosz546","seller":"konvik","symbol":"LEO","quantity":"0.008","price":"0.16888700","timestamp":1639406733,"volume":"0.00135110","buyTxId":"4927dbb92af0b06f1c83f47112276cfed5d35c4d","sellTxId":"ff0f484efed9b227bd47392b0357027aa4674b33-1"}
{"index": {"_index":"leo","_id":"2268006"}}
	{"id":2268006,"type":"sell","buyer":"leomaker","seller":"acesontop","symbol":"LEO","quantity":"1.496","price":"0.15000800","timestamp":1639407000,"volume":"0.22441197","buyTxId":"df5253a264d2e95b13e32842b7dc987f4d4a6c5e","sellTxId":"a2a94d5af8e99e3f2110ae906ebec8fed78b723f"}
{"index": {"_index":"leo","_id":"2268007"}}
	{"id":2268007,"type":"sell","buyer":"muhammadwaseem00","seller":"acesontop","symbol":"LEO","quantity":"30.000","price":"0.15000800","timestamp":1639407000,"volume":"4.50024000","buyTxId":"ff87742daae1bb21c022a02573c87d9ce4d2cb08","sellTxId":"a2a94d5af8e99e3f2110ae906ebec8fed78b723f"}
{"index": {"_index":"leo","_id":"2268008"}}
	{"id":2268008,"type":"sell","buyer":"arbys","seller":"acesontop","symbol":"LEO","quantity":"19.504","price":"0.15000600","timestamp":1639407000,"volume":"2.92571702","buyTxId":"13b58df7a1986aefdcf8a74b1f646a2d33ed67c3","sellTxId":"a2a94d5af8e99e3f2110ae906ebec8fed78b723f"}
{"index": {"_index":"leo","_id":"2268010"}}
	{"id":2268010,"type":"sell","buyer":"arbys","seller":"pele23","symbol":"LEO","quantity":"2.000","price":"0.15000600","timestamp":1639407039,"volume":"0.30001200","buyTxId":"13b58df7a1986aefdcf8a74b1f646a2d33ed67c3","sellTxId":"fd6721f4711a5a83382d8bd51adc96e3b494532a"}
{"index": {"_index":"leo","_id":"2268067"}}
	{"id":2268067,"type":"sell","buyer":"leomaker","seller":"aiuna","symbol":"LEO","quantity":"24.896","price":"0.15000800","timestamp":1639407399,"volume":"3.73459917","buyTxId":"94dd3f644d0ec656e85d88e8222826a3620cd645","sellTxId":"a70fd42a8bdf42683d377d2199e99fbbbf671b12"}
{"index": {"_index":"leo","_id":"2268202"}}
	{"id":2268202,"type":"sell","buyer":"leomaker","seller":"jjb777","symbol":"LEO","quantity":"7.022","price":"0.15000800","timestamp":1639408293,"volume":"1.05335618","buyTxId":"94dd3f644d0ec656e85d88e8222826a3620cd645","sellTxId":"094ec85deaaf379f8ec7aa2c0ba80215088e9ae3"}
{"index": {"_index":"leo","_id":"2268224"}}
	{"id":2268224,"type":"sell","buyer":"leomaker","seller":"insight.pob","symbol":"LEO","quantity":"4.737","price":"0.15000800","timestamp":1639408491,"volume":"0.71058789","buyTxId":"94dd3f644d0ec656e85d88e8222826a3620cd645","sellTxId":"d678acceb22b3b83488949728d4f1619e272dbdd"}
{"index": {"_index":"leo","_id":"2268225"}}
	{"id":2268225,"type":"sell","buyer":"muhammadwaseem00","seller":"insight.pob","symbol":"LEO","quantity":"12.033","price":"0.15000800","timestamp":1639408491,"volume":"1.80504626","buyTxId":"27d7a7830581857962fd3d714a0ab3c68057f1b7","sellTxId":"d678acceb22b3b83488949728d4f1619e272dbdd"}
{"index": {"_index":"leo","_id":"2268634"}}
	{"id":2268634,"type":"sell","buyer":"leomaker","seller":"jphamer1","symbol":"LEO","quantity":"36.174","price":"0.15001000","timestamp":1639410603,"volume":"5.42646174","buyTxId":"64fc382e1907abd2830e666871dedfb0763e46b4","sellTxId":"87e90c52b1878ed50ec7a12ff0cb60abacdd7dbb"}
{"index": {"_index":"leo","_id":"2268635"}}
	{"id":2268635,"type":"sell","buyer":"muhammadwaseem00","seller":"jphamer1","symbol":"LEO","quantity":"31.862","price":"0.15001000","timestamp":1639410603,"volume":"4.77961862","buyTxId":"e37be21a65df606ed38e4ffa49369025fde15922","sellTxId":"87e90c52b1878ed50ec7a12ff0cb60abacdd7dbb"}
{"index": {"_index":"leo","_id":"2268644"}}
	{"id":2268644,"type":"sell","buyer":"muhammadwaseem00","seller":"josediccus","symbol":"LEO","quantity":"0.138","price":"0.15001000","timestamp":1639410672,"volume":"0.02070138","buyTxId":"e37be21a65df606ed38e4ffa49369025fde15922","sellTxId":"98ce6755fbb8810228ffc63bb96e3eee0adf6677"}
{"index": {"_index":"leo","_id":"2268665"}}
	{"id":2268665,"type":"buy","buyer":"muhammadwaseem00","seller":"josediccus","symbol":"LEO","quantity":"9.064","price":"0.15001000","timestamp":1639410795,"volume":"1.35969064","buyTxId":"b5ae789a8f61ad74e052b15ad7c5d9423b977367","sellTxId":"98ce6755fbb8810228ffc63bb96e3eee0adf6677"}
{"index": {"_index":"leo","_id":"2268762"}}
	{"id":2268762,"type":"sell","buyer":"muhammadwaseem00","seller":"namiks","symbol":"LEO","quantity":"0.715","price":"0.15000800","timestamp":1639411293,"volume":"0.10725572","buyTxId":"27d7a7830581857962fd3d714a0ab3c68057f1b7","sellTxId":"a78ad8d18f2fc7c852f2cd196fae5d315f7e6103"}
{"index": {"_index":"leo","_id":"2268789"}}
	{"id":2268789,"type":"sell","buyer":"muhammadwaseem00","seller":"mcoinz79","symbol":"LEO","quantity":"19.252","price":"0.15000800","timestamp":1639411350,"volume":"2.88795402","buyTxId":"27d7a7830581857962fd3d714a0ab3c68057f1b7","sellTxId":"ca534f34bba98dc940d5ed27e271e74b46197839"}
{"index": {"_index":"leo","_id":"2268790"}}
	{"id":2268790,"type":"sell","buyer":"leomaker","seller":"mcoinz79","symbol":"LEO","quantity":"36.427","price":"0.15000800","timestamp":1639411350,"volume":"5.46434142","buyTxId":"ae36f689146fb61dd5040b47b3f60c60eb2aaeb4","sellTxId":"ca534f34bba98dc940d5ed27e271e74b46197839"}
{"index": {"_index":"leo","_id":"2268791"}}
	{"id":2268791,"type":"sell","buyer":"arbys","seller":"mcoinz79","symbol":"LEO","quantity":"12.282","price":"0.15000600","timestamp":1639411350,"volume":"1.84237369","buyTxId":"13b58df7a1986aefdcf8a74b1f646a2d33ed67c3","sellTxId":"ca534f34bba98dc940d5ed27e271e74b46197839"}
{"index": {"_index":"leo","_id":"2268792"}}
	{"id":2268792,"type":"sell","buyer":"muhammadwaseem00","seller":"mcoinz79","symbol":"LEO","quantity":"30.000","price":"0.15000600","timestamp":1639411350,"volume":"4.50018000","buyTxId":"3048136461f7f8930c668f42b049d8900a4d972b","sellTxId":"ca534f34bba98dc940d5ed27e271e74b46197839"}
{"index": {"_index":"leo","_id":"2268793"}}
	{"id":2268793,"type":"sell","buyer":"leomaker","seller":"mcoinz79","symbol":"LEO","quantity":"14.289","price":"0.15000400","timestamp":1639411350,"volume":"2.14340716","buyTxId":"4f6dd28d5a1adfa6ea60cf328681a33b1a913f23","sellTxId":"ca534f34bba98dc940d5ed27e271e74b46197839"}
{"index": {"_index":"leo","_id":"2268794"}}
	{"id":2268794,"type":"buy","buyer":"konvik","seller":"mcoinz79","symbol":"LEO","quantity":"287.750","price":"0.15000000","timestamp":1639411353,"volume":"43.16250000","buyTxId":"0b075be7afa551f72ffd2c380fe0a8cd03612501-0","sellTxId":"ca534f34bba98dc940d5ed27e271e74b46197839"}
{"index": {"_index":"leo","_id":"2268795"}}
	{"id":2268795,"type":"buy","buyer":"konvik","seller":"droida","symbol":"LEO","quantity":"0.617","price":"0.15999999","timestamp":1639411353,"volume":"0.09871999","buyTxId":"0b075be7afa551f72ffd2c380fe0a8cd03612501-0","sellTxId":"7f50ef50c57e8c00b2e3f9af54eda166d48fba14"}
{"index": {"_index":"leo","_id":"2268796"}}
	{"id":2268796,"type":"buy","buyer":"konvik","seller":"pixelfan","symbol":"LEO","quantity":"0.496","price":"0.16000000","timestamp":1639411353,"volume":"0.07936000","buyTxId":"0b075be7afa551f72ffd2c380fe0a8cd03612501-0","sellTxId":"11fab53225ccc57f57e1e01378bd11efa8776c50"}
{"index": {"_index":"leo","_id":"2268836"}}
	{"id":2268836,"type":"sell","buyer":"muhammadwaseem00","seller":"lrekt01","symbol":"LEO","quantity":"0.003","price":"0.14900000","timestamp":1639411584,"volume":"0.00044700","buyTxId":"04df9a872562e04dbd764ee69b1ae6c0e873bd4a","sellTxId":"01aaa2c6ecc649f432b239bd5bf192ea79059c5b"}
{"index": {"_index":"leo","_id":"2268951"}}
	{"id":2268951,"type":"sell","buyer":"leomaker","seller":"brofi-market","symbol":"LEO","quantity":"0.001","price":"0.14900200","timestamp":1639411947,"volume":"0.00014900","buyTxId":"015fa0eb8f8bd1a51ebb1a67d87cbc9fe39d7665","sellTxId":"9fd0dd1d543bee9966703eea66d2e1ab6a8b468b"}
{"index": {"_index":"leo","_id":"2269757"}}
	{"id":2269757,"type":"sell","buyer":"dubble","seller":"andy-plays","symbol":"LEO","quantity":"0.040","price":"0.15000000","timestamp":1639415421,"volume":"0.00600000","buyTxId":"e56aea4a1ce6adf64a9fc07bd81d9cc67cb2cbfe","sellTxId":"5b555668b59c7adc43f71243d50491646f3d4ea3"}
{"index": {"_index":"leo","_id":"2269818"}}
	{"id":2269818,"type":"sell","buyer":"dubble","seller":"snackaholic","symbol":"LEO","quantity":"1.910","price":"0.15000000","timestamp":1639415580,"volume":"0.28650000","buyTxId":"e56aea4a1ce6adf64a9fc07bd81d9cc67cb2cbfe","sellTxId":"5d72baec711e7af8bee4b1b362f2fd044758a3de"}
{"index": {"_index":"leo","_id":"2269819"}}
	{"id":2269819,"type":"sell","buyer":"leomaker","seller":"snackaholic","symbol":"LEO","quantity":"3.016","price":"0.14900200","timestamp":1639415580,"volume":"0.44939003","buyTxId":"015fa0eb8f8bd1a51ebb1a67d87cbc9fe39d7665","sellTxId":"5d72baec711e7af8bee4b1b362f2fd044758a3de"}
{"index": {"_index":"leo","_id":"2269823"}}
	{"id":2269823,"type":"sell","buyer":"leomaker","seller":"cryptopoints","symbol":"LEO","quantity":"12.200","price":"0.14900200","timestamp":1639415583,"volume":"1.81782440","buyTxId":"015fa0eb8f8bd1a51ebb1a67d87cbc9fe39d7665","sellTxId":"3667a64e92d220a21aa1a6ee5a450950498c47b5"}
{"index": {"_index":"leo","_id":"2270131"}}
	{"id":2270131,"type":"sell","buyer":"leomaker","seller":"financeadviser","symbol":"LEO","quantity":"18.540","price":"0.14900200","timestamp":1639417296,"volume":"2.76249708","buyTxId":"015fa0eb8f8bd1a51ebb1a67d87cbc9fe39d7665","sellTxId":"4e43504f7e12038a76b1ada33aeb901b189f7811"}
{"index": {"_index":"leo","_id":"2270206"}}
	{"id":2270206,"type":"sell","buyer":"leomaker","seller":"fw206","symbol":"LEO","quantity":"7.663","price":"0.14900200","timestamp":1639417725,"volume":"1.14180233","buyTxId":"015fa0eb8f8bd1a51ebb1a67d87cbc9fe39d7665","sellTxId":"e120a605278b6dfe559caf11a077780850bc8fb1"}
{"index": {"_index":"leo","_id":"2270207"}}
	{"id":2270207,"type":"sell","buyer":"muhammadwaseem00","seller":"fw206","symbol":"LEO","quantity":"30.000","price":"0.14900200","timestamp":1639417725,"volume":"4.47006000","buyTxId":"df2b12fc46f6a29ff84b526ef70f4aa7a6b1b1fe","sellTxId":"e120a605278b6dfe559caf11a077780850bc8fb1"}
{"index": {"_index":"leo","_id":"2270208"}}
	{"id":2270208,"type":"sell","buyer":"muhammadwaseem00","seller":"fw206","symbol":"LEO","quantity":"62.337","price":"0.14900000","timestamp":1639417725,"volume":"9.28821300","buyTxId":"04df9a872562e04dbd764ee69b1ae6c0e873bd4a","sellTxId":"e120a605278b6dfe559caf11a077780850bc8fb1"}
{"index": {"_index":"leo","_id":"2270215"}}
	{"id":2270215,"type":"sell","buyer":"muhammadwaseem00","seller":"ervin-lemark","symbol":"LEO","quantity":"15.125","price":"0.14900000","timestamp":1639417809,"volume":"2.25362500","buyTxId":"04df9a872562e04dbd764ee69b1ae6c0e873bd4a","sellTxId":"5295b08d6757b93a9688f0e021a0f5b3c780bef3"}
{"index": {"_index":"leo","_id":"2270293"}}
	{"id":2270293,"type":"sell","buyer":"leomaker","seller":"agr8buzz","symbol":"LEO","quantity":"41.325","price":"0.14900200","timestamp":1639418484,"volume":"6.15750765","buyTxId":"0127461e5ba51678082feb53269f55d28cce02af","sellTxId":"9b56b5cdcc95ead67c57483670e1ca5f79200685"}
{"index": {"_index":"leo","_id":"2270294"}}
	{"id":2270294,"type":"sell","buyer":"shishiz","seller":"agr8buzz","symbol":"LEO","quantity":"2.509","price":"0.14900001","timestamp":1639418484,"volume":"0.37384103","buyTxId":"6efe853429091fd8d61fb9371de291146d98cace","sellTxId":"9b56b5cdcc95ead67c57483670e1ca5f79200685"}
{"index": {"_index":"leo","_id":"2270373"}}
	{"id":2270373,"type":"sell","buyer":"leomaker","seller":"silvertop","symbol":"LEO","quantity":"23.199","price":"0.14900200","timestamp":1639419045,"volume":"3.45669740","buyTxId":"38360dcc1f56d21c4c0848a5ac66791f9000b1c4","sellTxId":"9b414a510ac5560a36682050409c59ad8d075f75"}
{"index": {"_index":"leo","_id":"2270477"}}
	{"id":2270477,"type":"sell","buyer":"leomaker","seller":"archon-drips","symbol":"LEO","quantity":"0.004","price":"0.14900200","timestamp":1639419927,"volume":"0.00059601","buyTxId":"38360dcc1f56d21c4c0848a5ac66791f9000b1c4","sellTxId":"2b10e6e65adbc3a43c8893cb26e46b0e527783e7"}
{"index": {"_index":"leo","_id":"2270546"}}
	{"id":2270546,"type":"sell","buyer":"leomaker","seller":"dswap","symbol":"LEO","quantity":"0.002","price":"0.14900200","timestamp":1639420335,"volume":"0.00029800","buyTxId":"38360dcc1f56d21c4c0848a5ac66791f9000b1c4","sellTxId":"557a287e4c24e860ba10fc3e3f9d5455f9b0402d"}
{"index": {"_index":"leo","_id":"2270961"}}
	{"id":2270961,"type":"sell","buyer":"leomaker","seller":"chireerocks","symbol":"LEO","quantity":"14.388","price":"0.14900200","timestamp":1639423551,"volume":"2.14384078","buyTxId":"38360dcc1f56d21c4c0848a5ac66791f9000b1c4","sellTxId":"f75a7bfe8bbad8e01e314697a0839fa055bd02b2"}
{"index": {"_index":"leo","_id":"2271139"}}
	{"id":2271139,"type":"sell","buyer":"leomaker","seller":"jjprac","symbol":"LEO","quantity":"3.375","price":"0.14900200","timestamp":1639424337,"volume":"0.50288175","buyTxId":"38360dcc1f56d21c4c0848a5ac66791f9000b1c4","sellTxId":"8a27e2df3a490a9e8f36fb0ee260c3a6aa2cf02a"}
{"index": {"_index":"leo","_id":"2271140"}}
	{"id":2271140,"type":"sell","buyer":"muhammadwaseem00","seller":"jjprac","symbol":"LEO","quantity":"10.058","price":"0.14900200","timestamp":1639424337,"volume":"1.49866212","buyTxId":"cb94c5d6180eba81d09dcd8bd597b77742b24d99","sellTxId":"8a27e2df3a490a9e8f36fb0ee260c3a6aa2cf02a"}
{"index": {"_index":"leo","_id":"2271425"}}
	{"id":2271425,"type":"buy","buyer":"valentin86","seller":"magicbeans","symbol":"LEO","quantity":"3.000","price":"0.16888699","timestamp":1639426425,"volume":"0.50666097","buyTxId":"ba135c521cb4c3c9c4b29cbefeb0cbae35460a04","sellTxId":"e40e9c8632ede144f5e63dcd2e9b28a95ef6f506"}
{"index": {"_index":"leo","_id":"2271426"}}
	{"id":2271426,"type":"buy","buyer":"valentin86","seller":"brofi-market","symbol":"LEO","quantity":"0.001","price":"0.16888699","timestamp":1639426425,"volume":"0.00016889","buyTxId":"ba135c521cb4c3c9c4b29cbefeb0cbae35460a04","sellTxId":"70c53de665b18bd4475f02a1e4ee0a4b00a0db51"}
{"index": {"_index":"leo","_id":"2271427"}}
	{"id":2271427,"type":"buy","buyer":"valentin86","seller":"archon-drips","symbol":"LEO","quantity":"0.004","price":"0.16888699","timestamp":1639426425,"volume":"0.00067555","buyTxId":"ba135c521cb4c3c9c4b29cbefeb0cbae35460a04","sellTxId":"872f639e8003f8e654608885f5c00a3a21b0759e"}
{"index": {"_index":"leo","_id":"2271428"}}
	{"id":2271428,"type":"buy","buyer":"valentin86","seller":"leomaker","symbol":"LEO","quantity":"56.995","price":"0.16888700","timestamp":1639426425,"volume":"9.62571457","buyTxId":"ba135c521cb4c3c9c4b29cbefeb0cbae35460a04","sellTxId":"28f21ddea5f389fe904c5e0488144d7a4ba57368"}
{"index": {"_index":"leo","_id":"2271489"}}
	{"id":2271489,"type":"sell","buyer":"leomaker","seller":"marketinggeek","symbol":"LEO","quantity":"11.477","price":"0.14900400","timestamp":1639426974,"volume":"1.71011891","buyTxId":"1fbe37fd0d28f37b98afbed61167ad0e564d141c","sellTxId":"c96034978dc723420f17a4c25a227f7be75ead73"}
{"index": {"_index":"leo","_id":"2271580"}}
	{"id":2271580,"type":"sell","buyer":"leomaker","seller":"beemd","symbol":"LEO","quantity":"0.177","price":"0.14960200","timestamp":1639427637,"volume":"0.02647955","buyTxId":"4525e7dac25e81c7ae8c0d56426d80726ae11777","sellTxId":"6752c08aadabd659a72cb499b8aa10ebb41f2efd"}
{"index": {"_index":"leo","_id":"2271620"}}
	{"id":2271620,"type":"sell","buyer":"leomaker","seller":"barski","symbol":"LEO","quantity":"0.198","price":"0.14960200","timestamp":1639427940,"volume":"0.02962120","buyTxId":"4525e7dac25e81c7ae8c0d56426d80726ae11777","sellTxId":"b8c4d32715cdd0831066babc4ae2236fd1a37a4b"}
{"index": {"_index":"leo","_id":"2271809"}}
	{"id":2271809,"type":"sell","buyer":"leomaker","seller":"victoriabsb","symbol":"LEO","quantity":"2.946","price":"0.14960200","timestamp":1639429746,"volume":"0.44072749","buyTxId":"4525e7dac25e81c7ae8c0d56426d80726ae11777","sellTxId":"97028646a9028dbc721f5b4f0a1182bd0076df26"}
{"index": {"_index":"leo","_id":"2271997"}}
	{"id":2271997,"type":"sell","buyer":"magicbeans","seller":"elricmoonslayer","symbol":"LEO","quantity":"0.722","price":"0.14960201","timestamp":1639431411,"volume":"0.10801265","buyTxId":"18cec98d4a957c89c6b06d07452c3b618ef35959","sellTxId":"234b353fa830e2fa1c7ef29216c2f4857d6098fa"}
{"index": {"_index":"leo","_id":"2272211"}}
	{"id":2272211,"type":"sell","buyer":"magicbeans","seller":"beemd","symbol":"LEO","quantity":"0.158","price":"0.14960201","timestamp":1639433718,"volume":"0.02363712","buyTxId":"18cec98d4a957c89c6b06d07452c3b618ef35959","sellTxId":"7c0fe5eb4add02c3d90abb8ad0d56f2d7506a755"}
{"index": {"_index":"leo","_id":"2272277"}}
	{"id":2272277,"type":"sell","buyer":"magicbeans","seller":"ketcom","symbol":"LEO","quantity":"2.120","price":"0.14960201","timestamp":1639434381,"volume":"0.31715626","buyTxId":"18cec98d4a957c89c6b06d07452c3b618ef35959","sellTxId":"398a3d5b7294373c18659306a30c1fb623c520f9"}
{"index": {"_index":"leo","_id":"2272278"}}
	{"id":2272278,"type":"sell","buyer":"leomaker","seller":"ketcom","symbol":"LEO","quantity":"14.091","price":"0.14960200","timestamp":1639434381,"volume":"2.10804178","buyTxId":"4525e7dac25e81c7ae8c0d56426d80726ae11777","sellTxId":"398a3d5b7294373c18659306a30c1fb623c520f9"}
{"index": {"_index":"leo","_id":"2272295"}}
	{"id":2272295,"type":"sell","buyer":"leomaker","seller":"thisisawesome","symbol":"LEO","quantity":"0.360","price":"0.14960200","timestamp":1639434549,"volume":"0.05385672","buyTxId":"4525e7dac25e81c7ae8c0d56426d80726ae11777","sellTxId":"566a885cfad6d9fae6b8d428799fb580505c12c3"}
{"index": {"_index":"leo","_id":"2272495"}}
	{"id":2272495,"type":"sell","buyer":"leomaker","seller":"lasseehlers","symbol":"LEO","quantity":"20.030","price":"0.14960200","timestamp":1639436019,"volume":"2.99652806","buyTxId":"4525e7dac25e81c7ae8c0d56426d80726ae11777","sellTxId":"ef55d25657ffd9db887c7e780b271e7562ed7b7e"}
{"index": {"_index":"leo","_id":"2272496"}}
	{"id":2272496,"type":"sell","buyer":"tokensonline","seller":"lasseehlers","symbol":"LEO","quantity":"74.368","price":"0.14900600","timestamp":1639436019,"volume":"11.08127821","buyTxId":"11cad228f5dcd564c2f8ef8cb502d85c5bc87628","sellTxId":"ef55d25657ffd9db887c7e780b271e7562ed7b7e"}
{"index": {"_index":"leo","_id":"2272826"}}
	{"id":2272826,"type":"buy","buyer":"magnacarta","seller":"magicbeans","symbol":"LEO","quantity":"3.000","price":"0.16888699","timestamp":1639439298,"volume":"0.50666097","buyTxId":"9761bd2a9cf71c9a64c7f2667a36b41753d60749","sellTxId":"2d908a21f6ca6757ef343d5073beffbd1d855f50"}
{"index": {"_index":"leo","_id":"2272827"}}
	{"id":2272827,"type":"buy","buyer":"magnacarta","seller":"leomaker","symbol":"LEO","quantity":"5.934","price":"0.16888700","timestamp":1639439298,"volume":"1.00217546","buyTxId":"9761bd2a9cf71c9a64c7f2667a36b41753d60749","sellTxId":"28f21ddea5f389fe904c5e0488144d7a4ba57368"}
{"index": {"_index":"leo","_id":"2272828"}}
	{"id":2272828,"type":"buy","buyer":"magnacarta","seller":"master-lamps","symbol":"LEO","quantity":"33.948","price":"0.16888800","timestamp":1639439298,"volume":"5.73340982","buyTxId":"9761bd2a9cf71c9a64c7f2667a36b41753d60749","sellTxId":"28ad0b2f9f0c6aa5d3f4cf1c918eae941c91c723"}
{"index": {"_index":"leo","_id":"2272829"}}
	{"id":2272829,"type":"buy","buyer":"magnacarta","seller":"leomaker","symbol":"LEO","quantity":"57.776","price":"0.16888900","timestamp":1639439298,"volume":"9.75775375","buyTxId":"9761bd2a9cf71c9a64c7f2667a36b41753d60749","sellTxId":"c4d81f787ee394a390cfe72145afb17f35b661c4"}
{"index": {"_index":"leo","_id":"2272935"}}
	{"id":2272935,"type":"sell","buyer":"magicbeans","seller":"hitmeasap","symbol":"LEO","quantity":"3.000","price":"0.14901201","timestamp":1639440447,"volume":"0.44703603","buyTxId":"2c679ae4ace79b77a5d6da04bc0e9f8cc75eb2ab","sellTxId":"4b962f1840cc8fd453285a350ae327f2ea59e00e"}
{"index": {"_index":"leo","_id":"2272936"}}
	{"id":2272936,"type":"buy","buyer":"svirus","seller":"hitmeasap","symbol":"LEO","quantity":"42.490","price":"0.14901201","timestamp":1639440450,"volume":"6.33152030","buyTxId":"bb8fccbcfde970c388c6c4199b429e8aca814993-0","sellTxId":"4b962f1840cc8fd453285a350ae327f2ea59e00e"}
{"index": {"_index":"leo","_id":"2272937"}}
	{"id":2272937,"type":"buy","buyer":"konvik","seller":"hitmeasap","symbol":"LEO","quantity":"0.008","price":"0.14901201","timestamp":1639440450,"volume":"0.00119210","buyTxId":"ce118cbf2d2be7aca2387ad8cee38ee7c37b4270-0","sellTxId":"4b962f1840cc8fd453285a350ae327f2ea59e00e"}
{"index": {"_index":"leo","_id":"2272993"}}
	{"id":2272993,"type":"sell","buyer":"leomaker","seller":"brofi-market","symbol":"LEO","quantity":"0.335","price":"0.14901200","timestamp":1639440855,"volume":"0.04991902","buyTxId":"c1b72840e9dba630eee5bbdbe13d1fb7fd5faca8","sellTxId":"972a91d103e02c8efbb0babf6239e57eeddcd4bc"}
{"index": {"_index":"leo","_id":"2272996"}}
	{"id":2272996,"type":"sell","buyer":"leomaker","seller":"pain25","symbol":"LEO","quantity":"7.431","price":"0.14901200","timestamp":1639440873,"volume":"1.10730817","buyTxId":"c1b72840e9dba630eee5bbdbe13d1fb7fd5faca8","sellTxId":"d7fddfaff141b40a8ec3705a244904165640a47e"}
{"index": {"_index":"leo","_id":"2273043"}}
	{"id":2273043,"type":"sell","buyer":"leomaker","seller":"andy-plays","symbol":"LEO","quantity":"0.100","price":"0.14901200","timestamp":1639441161,"volume":"0.01490120","buyTxId":"c1b72840e9dba630eee5bbdbe13d1fb7fd5faca8","sellTxId":"a8f9c134c930000a4d25b7a5c444cb34e2116df1"}
{"index": {"_index":"leo","_id":"2273430"}}
	{"id":2273430,"type":"sell","buyer":"leomaker","seller":"travelwritemoney","symbol":"LEO","quantity":"0.592","price":"0.15000200","timestamp":1639444389,"volume":"0.08880118","buyTxId":"9f0466ae7d8e86a4ba84429dfede8c9dcffefe61","sellTxId":"7ad880ea554753e33f68e65193ed1a0cf9f15b6b"}
{"index": {"_index":"leo","_id":"2273433"}}
	{"id":2273433,"type":"sell","buyer":"leomaker","seller":"chris.topher","symbol":"LEO","quantity":"0.750","price":"0.15000200","timestamp":1639444440,"volume":"0.11250150","buyTxId":"9f0466ae7d8e86a4ba84429dfede8c9dcffefe61","sellTxId":"37bdb52fa869094d014ad279ef40b9c8c3f01f28"}
{"index": {"_index":"leo","_id":"2273456"}}
	{"id":2273456,"type":"sell","buyer":"leomaker","seller":"danielcarrerag","symbol":"LEO","quantity":"7.364","price":"0.15000200","timestamp":1639444653,"volume":"1.10461473","buyTxId":"9f0466ae7d8e86a4ba84429dfede8c9dcffefe61","sellTxId":"64417f1bab282af9725342428dbe017dbdfb7f9d"}
{"index": {"_index":"leo","_id":"2273467"}}
	{"id":2273467,"type":"sell","buyer":"leomaker","seller":"dswap","symbol":"LEO","quantity":"0.689","price":"0.15000200","timestamp":1639444779,"volume":"0.10335138","buyTxId":"9f0466ae7d8e86a4ba84429dfede8c9dcffefe61","sellTxId":"0261de9b3437955d548f8480bf69b5aa2f8dc19d"}
{"index": {"_index":"leo","_id":"2273477"}}
	{"id":2273477,"type":"sell","buyer":"leomaker","seller":"steem82868","symbol":"LEO","quantity":"1.565","price":"0.15000200","timestamp":1639444854,"volume":"0.23475313","buyTxId":"9f0466ae7d8e86a4ba84429dfede8c9dcffefe61","sellTxId":"0ea8b95dcec52265cda74409ee41c89450a3bffb"}
{"index": {"_index":"leo","_id":"2273499"}}
	{"id":2273499,"type":"sell","buyer":"leomaker","seller":"quinnertronics","symbol":"LEO","quantity":"1.410","price":"0.15000200","timestamp":1639445190,"volume":"0.21150282","buyTxId":"9f0466ae7d8e86a4ba84429dfede8c9dcffefe61","sellTxId":"20642a9fcff35066d5da3df6425c7634b0365edf"}
{"index": {"_index":"leo","_id":"2273573"}}
	{"id":2273573,"type":"sell","buyer":"leomaker","seller":"unorgmilitia","symbol":"LEO","quantity":"4.350","price":"0.15000200","timestamp":1639446138,"volume":"0.65250870","buyTxId":"9f0466ae7d8e86a4ba84429dfede8c9dcffefe61","sellTxId":"29213f9f3bffe7bc625a8a0360d3ff8e001a99b7"}
{"index": {"_index":"leo","_id":"2273828"}}
	{"id":2273828,"type":"sell","buyer":"leomaker","seller":"chireerocks","symbol":"LEO","quantity":"14.300","price":"0.15000200","timestamp":1639447782,"volume":"2.14502860","buyTxId":"9f0466ae7d8e86a4ba84429dfede8c9dcffefe61","sellTxId":"e9acb0c2972812fc751a5798df692755b7928dcd"}
{"index": {"_index":"leo","_id":"2273861"}}
	{"id":2273861,"type":"sell","buyer":"leomaker","seller":"mr-dingleberry","symbol":"LEO","quantity":"4.483","price":"0.15000200","timestamp":1639448010,"volume":"0.67245897","buyTxId":"9f0466ae7d8e86a4ba84429dfede8c9dcffefe61","sellTxId":"afbeb76eebdbe7ec2a39c166f796d482bd632378"}
{"index": {"_index":"leo","_id":"2273878"}}
	{"id":2273878,"type":"sell","buyer":"davedickeyyall","seller":"mr-dingleberry","symbol":"LEO","quantity":"3.000","price":"0.15000000","timestamp":1639448229,"volume":"0.45000000","buyTxId":"d6fe062448c0473f9a6c5e15532fbf96f614223d","sellTxId":"eccd3fc7286c176262b62daebf85d21bd0fb0d0d"}
{"index": {"_index":"leo","_id":"2273882"}}
	{"id":2273882,"type":"sell","buyer":"leomaker","seller":"mr-dingleberry","symbol":"LEO","quantity":"0.263","price":"0.15000200","timestamp":1639448277,"volume":"0.03945053","buyTxId":"736b3c1acd5ca71b31328527220806c2f59f46fc","sellTxId":"140f52a218980d0d474fd72ee2378474b574eb89"}
{"index": {"_index":"leo","_id":"2274226"}}
	{"id":2274226,"type":"sell","buyer":"muhammadwaseem00","seller":"shishiz","symbol":"LEO","quantity":"2.509","price":"0.15000300","timestamp":1639451529,"volume":"0.37635753","buyTxId":"ee327e1781a1a78313b4a256df712f69c12aa0d7","sellTxId":"9b0287d1f17b94db89038f947763500df9e6eb0b"}
{"index": {"_index":"leo","_id":"2274232"}}
	{"id":2274232,"type":"sell","buyer":"muhammadwaseem00","seller":"insight.pob","symbol":"LEO","quantity":"2.491","price":"0.15000300","timestamp":1639451586,"volume":"0.37365747","buyTxId":"ee327e1781a1a78313b4a256df712f69c12aa0d7","sellTxId":"f25dc49d490a91270d291e41e47a3efee37b4bed"}
{"index": {"_index":"leo","_id":"2274233"}}
	{"id":2274233,"type":"sell","buyer":"leomaker","seller":"insight.pob","symbol":"LEO","quantity":"19.419","price":"0.15000200","timestamp":1639451586,"volume":"2.91288884","buyTxId":"736b3c1acd5ca71b31328527220806c2f59f46fc","sellTxId":"f25dc49d490a91270d291e41e47a3efee37b4bed"}
{"index": {"_index":"leo","_id":"2274312"}}
	{"id":2274312,"type":"buy","buyer":"jeremycrow","seller":"magicbeans","symbol":"LEO","quantity":"3.000","price":"0.16888799","timestamp":1639452543,"volume":"0.50666397","buyTxId":"f0763caff79900f17b05bd24db2a54eea201f0ab","sellTxId":"2a10cb88be9858e71b577843c442b9ffe3d82ba8"}
{"index": {"_index":"leo","_id":"2274313"}}
	{"id":2274313,"type":"buy","buyer":"jeremycrow","seller":"leomaker","symbol":"LEO","quantity":"14.763","price":"0.16888800","timestamp":1639452543,"volume":"2.49333603","buyTxId":"f0763caff79900f17b05bd24db2a54eea201f0ab","sellTxId":"244f928961d17bb485e9e434aa3af8a488b02cae"}
{"index": {"_index":"leo","_id":"2274401"}}
	{"id":2274401,"type":"buy","buyer":"muhammadwaseem00","seller":"rbalzan79","symbol":"LEO","quantity":"2.314","price":"0.15001000","timestamp":1639453416,"volume":"0.34712314","buyTxId":"df48efcdcdca7280b5182469636c82f3eea41c3d","sellTxId":"6f5533e6dc16b5e6505e8cde9d956afd1ef82470"}
