{"index": {"_index":"leo","_id":"4148172"}}
	{"id":4148172,"type":"sell","buyer":"sbi-tokens","seller":"dswap","symbol":"LEO","quantity":"11.822","price":"0.13600000","timestamp":1660704270,"volume":"1.60779200","buyTxId":"739309ece6a4d2c235632047ff2858a0c5eb5bb8","sellTxId":"365c7de78d6f1f546617957ac7d7e2bd8dbff37f"}
{"index": {"_index":"leo","_id":"4148173"}}
	{"id":4148173,"type":"sell","buyer":"leomaker","seller":"dswap","symbol":"LEO","quantity":"10.626","price":"0.13500200","timestamp":1660704270,"volume":"1.43453125","buyTxId":"33704ed03b7b80290cab655dfda3a0fa93c413cf","sellTxId":"365c7de78d6f1f546617957ac7d7e2bd8dbff37f"}
{"index": {"_index":"leo","_id":"4148174"}}
	{"id":4148174,"type":"sell","buyer":"leogrowth","seller":"dswap","symbol":"LEO","quantity":"0.984","price":"0.13500000","timestamp":1660704270,"volume":"0.13284000","buyTxId":"1d254f04d312d85bec0c010fa1974e55da640f1a","sellTxId":"365c7de78d6f1f546617957ac7d7e2bd8dbff37f"}
{"index": {"_index":"leo","_id":"4148258"}}
	{"id":4148258,"type":"sell","buyer":"leomaker","seller":"kevinnag58","symbol":"LEO","quantity":"14.009","price":"0.13500200","timestamp":1660705200,"volume":"1.89124302","buyTxId":"1660cf4c03643c1d5801e4f488319395abf26988","sellTxId":"3722b385190b82c90771aa04655f757d1cebac7e"}
{"index": {"_index":"leo","_id":"4148259"}}
	{"id":4148259,"type":"sell","buyer":"leogrowth","seller":"kevinnag58","symbol":"LEO","quantity":"4.665","price":"0.13500000","timestamp":1660705200,"volume":"0.62977500","buyTxId":"1d254f04d312d85bec0c010fa1974e55da640f1a","sellTxId":"3722b385190b82c90771aa04655f757d1cebac7e"}
{"index": {"_index":"leo","_id":"4148363"}}
	{"id":4148363,"type":"sell","buyer":"leomaker","seller":"underlock","symbol":"LEO","quantity":"1.764","price":"0.13500200","timestamp":1660706118,"volume":"0.23814353","buyTxId":"f626352c6982e1f43322021c9e57ad9b070afed3","sellTxId":"893e88f92f70457a131e6e082b6540d663637029"}
{"index": {"_index":"leo","_id":"4148387"}}
	{"id":4148387,"type":"sell","buyer":"leomaker","seller":"clixmoney","symbol":"LEO","quantity":"4.607","price":"0.13500200","timestamp":1660706241,"volume":"0.62195421","buyTxId":"f626352c6982e1f43322021c9e57ad9b070afed3","sellTxId":"3b46cb75d5d04133dfe8b00ca27660183d2ceaa3"}
{"index": {"_index":"leo","_id":"4148564"}}
	{"id":4148564,"type":"sell","buyer":"dkid14","seller":"god0","symbol":"LEO","quantity":"8.820","price":"0.14199999","timestamp":1660708512,"volume":"1.25243991","buyTxId":"bae4cd1ec20e3d1b097daa3324efbeb008e9934a","sellTxId":"928614cff74ea106776aa4ffd269cf8fce95a78c-1"}
{"index": {"_index":"leo","_id":"4148646"}}
	{"id":4148646,"type":"sell","buyer":"leomaker","seller":"pob.curator","symbol":"LEO","quantity":"2.420","price":"0.13500200","timestamp":1660709475,"volume":"0.32670484","buyTxId":"f626352c6982e1f43322021c9e57ad9b070afed3","sellTxId":"4b16130a501b32c073897e50d2da1d63c5666423"}
{"index": {"_index":"leo","_id":"4148751"}}
	{"id":4148751,"type":"sell","buyer":"leomaker","seller":"mawit07","symbol":"LEO","quantity":"4.640","price":"0.13500200","timestamp":1660710609,"volume":"0.62640928","buyTxId":"f626352c6982e1f43322021c9e57ad9b070afed3","sellTxId":"84265648806c3cae7f2c63b1876ffcf61a359e7c"}
{"index": {"_index":"leo","_id":"4148863"}}
	{"id":4148863,"type":"buy","buyer":"god0","seller":"logicforce","symbol":"LEO","quantity":"0.086","price":"0.13500302","timestamp":1660712649,"volume":"0.01161026","buyTxId":"fa0d8b1a7d8bc10e50a4e5d6c3ec7a8a918ca855-0","sellTxId":"039a46eb4e1dab84f7cbcfb1db423d6e1a379ca0"}
{"index": {"_index":"leo","_id":"4148940"}}
	{"id":4148940,"type":"sell","buyer":"beebop","seller":"josediccus","symbol":"LEO","quantity":"1.020","price":"0.13500300","timestamp":1660713957,"volume":"0.13770306","buyTxId":"fd3c5bd61940ef6b679b4bb923ea70d764779423","sellTxId":"ac5bc3b78b09bcf25fb58b1a50867d885854ff44"}
{"index": {"_index":"leo","_id":"4148941"}}
	{"id":4148941,"type":"sell","buyer":"beebop","seller":"josediccus","symbol":"LEO","quantity":"1.020","price":"0.13500300","timestamp":1660713957,"volume":"0.13770306","buyTxId":"75a220f400846341a39db8b358b55702fca0ad5a","sellTxId":"ac5bc3b78b09bcf25fb58b1a50867d885854ff44"}
{"index": {"_index":"leo","_id":"4148942"}}
	{"id":4148942,"type":"sell","buyer":"beyondhorizonmm","seller":"josediccus","symbol":"LEO","quantity":"0.912","price":"0.13500300","timestamp":1660713957,"volume":"0.12312274","buyTxId":"ecdba8d115038854b3ffe39c9029ca1f0d6d7dca","sellTxId":"ac5bc3b78b09bcf25fb58b1a50867d885854ff44"}
{"index": {"_index":"leo","_id":"4148943"}}
	{"id":4148943,"type":"sell","buyer":"leomaker","seller":"josediccus","symbol":"LEO","quantity":"0.438","price":"0.13500200","timestamp":1660713957,"volume":"0.05913088","buyTxId":"f626352c6982e1f43322021c9e57ad9b070afed3","sellTxId":"ac5bc3b78b09bcf25fb58b1a50867d885854ff44"}
{"index": {"_index":"leo","_id":"4148944"}}
	{"id":4148944,"type":"buy","buyer":"god0","seller":"josediccus","symbol":"LEO","quantity":"20.610","price":"0.13500040","timestamp":1660713957,"volume":"2.78235824","buyTxId":"49b210e45342fef03e6ab9d17b8ff5b42132f7ef-0","sellTxId":"ac5bc3b78b09bcf25fb58b1a50867d885854ff44"}
{"index": {"_index":"leo","_id":"4148949"}}
	{"id":4148949,"type":"sell","buyer":"leogrowth","seller":"marfonso","symbol":"LEO","quantity":"39.905","price":"0.13500000","timestamp":1660714020,"volume":"5.38717500","buyTxId":"1d254f04d312d85bec0c010fa1974e55da640f1a","sellTxId":"2a1679b10797d744dae5f2cf3593d787b04c7e9e"}
{"index": {"_index":"leo","_id":"4148977"}}
	{"id":4148977,"type":"sell","buyer":"leogrowth","seller":"xplosive","symbol":"LEO","quantity":"1.228","price":"0.13500000","timestamp":1660714563,"volume":"0.16578000","buyTxId":"1d254f04d312d85bec0c010fa1974e55da640f1a","sellTxId":"e91f96e0ba3eb12e90b808c4f8630651222a575b"}
{"index": {"_index":"leo","_id":"4148983"}}
	{"id":4148983,"type":"sell","buyer":"leogrowth","seller":"contrabourdon","symbol":"LEO","quantity":"11.848","price":"0.13500000","timestamp":1660714599,"volume":"1.59948000","buyTxId":"1d254f04d312d85bec0c010fa1974e55da640f1a","sellTxId":"0d08bf8680a79e68e42e8cbb699ec77f63e0ae16"}
{"index": {"_index":"leo","_id":"4148984"}}
	{"id":4148984,"type":"sell","buyer":"leogrowth","seller":"contrabourdon","symbol":"LEO","quantity":"27.500","price":"0.13500000","timestamp":1660714599,"volume":"3.71250000","buyTxId":"d24179ba6954d467ba8b9c32055072795001bff0","sellTxId":"0d08bf8680a79e68e42e8cbb699ec77f63e0ae16"}
{"index": {"_index":"leo","_id":"4148985"}}
	{"id":4148985,"type":"sell","buyer":"hariton","seller":"contrabourdon","symbol":"LEO","quantity":"11.193","price":"0.13500000","timestamp":1660714599,"volume":"1.51105500","buyTxId":"cfbf53c243026139f054e064f0865815fb17769b","sellTxId":"0d08bf8680a79e68e42e8cbb699ec77f63e0ae16"}
{"index": {"_index":"leo","_id":"4148986"}}
	{"id":4148986,"type":"sell","buyer":"leomaker","seller":"contrabourdon","symbol":"LEO","quantity":"1.866","price":"0.13400200","timestamp":1660714599,"volume":"0.25004773","buyTxId":"5b0a3f9d8abd95a1e06df1c40e3ae19852714688","sellTxId":"0d08bf8680a79e68e42e8cbb699ec77f63e0ae16"}
{"index": {"_index":"leo","_id":"4148987"}}
	{"id":4148987,"type":"sell","buyer":"leomaker","seller":"contrabourdon","symbol":"LEO","quantity":"2.451","price":"0.13210200","timestamp":1660714599,"volume":"0.32378200","buyTxId":"e7aaed2ddaf2c9147bc4c665a7018f2a280fb50e","sellTxId":"0d08bf8680a79e68e42e8cbb699ec77f63e0ae16"}
{"index": {"_index":"leo","_id":"4148988"}}
	{"id":4148988,"type":"sell","buyer":"leomaker","seller":"contrabourdon","symbol":"LEO","quantity":"2.513","price":"0.13200400","timestamp":1660714599,"volume":"0.33172605","buyTxId":"e0837a39c81e91089ea160b6554983c0393ad45b","sellTxId":"0d08bf8680a79e68e42e8cbb699ec77f63e0ae16"}
{"index": {"_index":"leo","_id":"4148989"}}
	{"id":4148989,"type":"sell","buyer":"uyobong","seller":"contrabourdon","symbol":"LEO","quantity":"60.158","price":"0.13200200","timestamp":1660714599,"volume":"7.94097632","buyTxId":"0fc612efeec7207ef34d6065f12839bcf16be884","sellTxId":"0d08bf8680a79e68e42e8cbb699ec77f63e0ae16"}
{"index": {"_index":"leo","_id":"4148990"}}
	{"id":4148990,"type":"sell","buyer":"niallon11","seller":"contrabourdon","symbol":"LEO","quantity":"50.262","price":"0.13200200","timestamp":1660714599,"volume":"6.63468452","buyTxId":"ff1dcf5a0501d5cb666e507a04ed82f03b47a23a","sellTxId":"0d08bf8680a79e68e42e8cbb699ec77f63e0ae16"}
{"index": {"_index":"leo","_id":"4148991"}}
	{"id":4148991,"type":"sell","buyer":"leomaker","seller":"contrabourdon","symbol":"LEO","quantity":"2.349","price":"0.13101200","timestamp":1660714599,"volume":"0.30774719","buyTxId":"328b2d20be2a02e717a0469ece19db38619a91d3","sellTxId":"0d08bf8680a79e68e42e8cbb699ec77f63e0ae16"}
{"index": {"_index":"leo","_id":"4148992"}}
	{"id":4148992,"type":"sell","buyer":"leomaker","seller":"contrabourdon","symbol":"LEO","quantity":"2.995","price":"0.13100200","timestamp":1660714599,"volume":"0.39235099","buyTxId":"f8f81c5967196559458a62f487ebfdf1eedf1b15","sellTxId":"0d08bf8680a79e68e42e8cbb699ec77f63e0ae16"}
{"index": {"_index":"leo","_id":"4148993"}}
	{"id":4148993,"type":"sell","buyer":"leomaker","seller":"contrabourdon","symbol":"LEO","quantity":"1.443","price":"0.13001400","timestamp":1660714599,"volume":"0.18761020","buyTxId":"bf3344f8c0799e824beb9d7fc33df30a56db06f9","sellTxId":"0d08bf8680a79e68e42e8cbb699ec77f63e0ae16"}
{"index": {"_index":"leo","_id":"4148994"}}
	{"id":4148994,"type":"sell","buyer":"leomaker","seller":"contrabourdon","symbol":"LEO","quantity":"1.411","price":"0.13001200","timestamp":1660714599,"volume":"0.18344693","buyTxId":"da1ec01c33ff47130aa440c8969032c5da48367f","sellTxId":"0d08bf8680a79e68e42e8cbb699ec77f63e0ae16"}
{"index": {"_index":"leo","_id":"4148995"}}
	{"id":4148995,"type":"sell","buyer":"leomaker","seller":"contrabourdon","symbol":"LEO","quantity":"1.435","price":"0.13000200","timestamp":1660714599,"volume":"0.18655287","buyTxId":"2c8407aa7137b922b3435a86c2051d06bc2d9245","sellTxId":"0d08bf8680a79e68e42e8cbb699ec77f63e0ae16"}
{"index": {"_index":"leo","_id":"4148996"}}
	{"id":4148996,"type":"sell","buyer":"leomaker","seller":"contrabourdon","symbol":"LEO","quantity":"2.504","price":"0.12401200","timestamp":1660714599,"volume":"0.31052605","buyTxId":"1897556e7d3672e8471c262b852f3aefc36c49c6","sellTxId":"0d08bf8680a79e68e42e8cbb699ec77f63e0ae16"}
{"index": {"_index":"leo","_id":"4148997"}}
	{"id":4148997,"type":"sell","buyer":"leomaker","seller":"contrabourdon","symbol":"LEO","quantity":"2.569","price":"0.12400200","timestamp":1660714599,"volume":"0.31856114","buyTxId":"09a428a339adbed367fa74d3f8653b989883fa49","sellTxId":"0d08bf8680a79e68e42e8cbb699ec77f63e0ae16"}
{"index": {"_index":"leo","_id":"4148998"}}
	{"id":4148998,"type":"sell","buyer":"uyobong","seller":"contrabourdon","symbol":"LEO","quantity":"50.000","price":"0.12000000","timestamp":1660714599,"volume":"6.00000000","buyTxId":"dae750993638bc138d7572683b9050e7e37e5e4e","sellTxId":"0d08bf8680a79e68e42e8cbb699ec77f63e0ae16"}
{"index": {"_index":"leo","_id":"4148999"}}
	{"id":4148999,"type":"sell","buyer":"leomaker","seller":"contrabourdon","symbol":"LEO","quantity":"3.596","price":"0.11960200","timestamp":1660714599,"volume":"0.43008879","buyTxId":"a085ddc20186a075c5dce665e215052ad148a36a","sellTxId":"0d08bf8680a79e68e42e8cbb699ec77f63e0ae16"}
{"index": {"_index":"leo","_id":"4149000"}}
	{"id":4149000,"type":"sell","buyer":"leomaker","seller":"contrabourdon","symbol":"LEO","quantity":"3.851","price":"0.11905200","timestamp":1660714599,"volume":"0.45846925","buyTxId":"25be0825cadcae93d987695528e4658f3c9f23d0","sellTxId":"0d08bf8680a79e68e42e8cbb699ec77f63e0ae16"}
{"index": {"_index":"leo","_id":"4149001"}}
	{"id":4149001,"type":"sell","buyer":"leomaker","seller":"contrabourdon","symbol":"LEO","quantity":"3.986","price":"0.11904400","timestamp":1660714599,"volume":"0.47450938","buyTxId":"41cc73459e852c2da3a8d539dc08f8a0b661f3ba","sellTxId":"0d08bf8680a79e68e42e8cbb699ec77f63e0ae16"}
{"index": {"_index":"leo","_id":"4149002"}}
	{"id":4149002,"type":"sell","buyer":"leomaker","seller":"contrabourdon","symbol":"LEO","quantity":"4.128","price":"0.11904200","timestamp":1660714599,"volume":"0.49140538","buyTxId":"30d9ad6968503a0eb234ca49c126262787075aea","sellTxId":"0d08bf8680a79e68e42e8cbb699ec77f63e0ae16"}
{"index": {"_index":"leo","_id":"4149003"}}
	{"id":4149003,"type":"sell","buyer":"leomaker","seller":"contrabourdon","symbol":"LEO","quantity":"2.454","price":"0.11903400","timestamp":1660714599,"volume":"0.29210944","buyTxId":"abe97faaac3ac28132ac15c515e5f1df21ba6629","sellTxId":"0d08bf8680a79e68e42e8cbb699ec77f63e0ae16"}
{"index": {"_index":"leo","_id":"4149025"}}
	{"id":4149025,"type":"sell","buyer":"leomaker","seller":"xplosive","symbol":"LEO","quantity":"0.511","price":"0.11903400","timestamp":1660714824,"volume":"0.06082637","buyTxId":"abe97faaac3ac28132ac15c515e5f1df21ba6629","sellTxId":"d023d551e123ac10f488074b770e9bfef1322446"}
{"index": {"_index":"leo","_id":"4149171"}}
	{"id":4149171,"type":"buy","buyer":"god0","seller":"damla","symbol":"LEO","quantity":"0.089","price":"0.12000202","timestamp":1660716672,"volume":"0.01068018","buyTxId":"44051fa6e913cf5559d9a0b2b7c784a1e2b186ba-0","sellTxId":"160d3ca88395f8a8cf40e9b1b6c3dbf1a68cc851"}
{"index": {"_index":"leo","_id":"4149279"}}
	{"id":4149279,"type":"sell","buyer":"leomaker","seller":"ugochill","symbol":"LEO","quantity":"0.030","price":"0.12000200","timestamp":1660717977,"volume":"0.00360006","buyTxId":"953e492eb733aff6f1076d894a8e8b48cad31f45","sellTxId":"5a3fc1f57ce49f1297c08d6bac1ee43502ca8830"}
{"index": {"_index":"leo","_id":"4149475"}}
	{"id":4149475,"type":"buy","buyer":"god0","seller":"beebop","symbol":"LEO","quantity":"0.456","price":"0.13000000","timestamp":1660720476,"volume":"0.05928000","buyTxId":"558d56144dbd3c1160b8990bd1aac7a799083c80-0","sellTxId":"7df3abc29f27244de592484e1fb761f38dc2fd6d"}
{"index": {"_index":"leo","_id":"4149836"}}
	{"id":4149836,"type":"buy","buyer":"god0","seller":"kolbjorn","symbol":"LEO","quantity":"69.580","price":"0.13000000","timestamp":1660724772,"volume":"9.04540000","buyTxId":"5f0e44cf04fd4a76e6f791f58cc0fd0a6da2a489-0","sellTxId":"c0357271a4d212822e913d7f1346caae0da7d662"}
{"index": {"_index":"leo","_id":"4149895"}}
	{"id":4149895,"type":"sell","buyer":"beebop","seller":"jphamer1","symbol":"LEO","quantity":"0.456","price":"0.12000600","timestamp":1660725621,"volume":"0.05472274","buyTxId":"818a271c2ac99be301fb44c2fd7aa0023ecbd39a","sellTxId":"6a19ef5edc7d40f9e54c7675b269c90f5cd096a9"}
{"index": {"_index":"leo","_id":"4149896"}}
	{"id":4149896,"type":"sell","buyer":"leomaker","seller":"jphamer1","symbol":"LEO","quantity":"46.300","price":"0.12000500","timestamp":1660725621,"volume":"5.55623150","buyTxId":"c22a7be790945e08e302adcadd8c93dd2937a1de","sellTxId":"6a19ef5edc7d40f9e54c7675b269c90f5cd096a9"}
{"index": {"_index":"leo","_id":"4149933"}}
	{"id":4149933,"type":"sell","buyer":"leomaker","seller":"holycowz","symbol":"LEO","quantity":"2.248","price":"0.12000500","timestamp":1660726143,"volume":"0.26977124","buyTxId":"c22a7be790945e08e302adcadd8c93dd2937a1de","sellTxId":"d7576c664d083fd03f2ec480cb91128f7572650e"}
{"index": {"_index":"leo","_id":"4149934"}}
	{"id":4149934,"type":"buy","buyer":"god0","seller":"holycowz","symbol":"LEO","quantity":"3.226","price":"0.12000500","timestamp":1660726143,"volume":"0.38713613","buyTxId":"a31e12e8ebb5f95b3843e7a3d3465db82ea48c7f-0","sellTxId":"d7576c664d083fd03f2ec480cb91128f7572650e"}
{"index": {"_index":"leo","_id":"4149941"}}
	{"id":4149941,"type":"buy","buyer":"leomaker","seller":"holycowz","symbol":"LEO","quantity":"0.001","price":"0.12000500","timestamp":1660726191,"volume":"0.00012001","buyTxId":"8206f3ae80e1187b2f9300577064abb832219e15","sellTxId":"d7576c664d083fd03f2ec480cb91128f7572650e"}
{"index": {"_index":"leo","_id":"4150009"}}
	{"id":4150009,"type":"buy","buyer":"cryptosimplify","seller":"beebop","symbol":"LEO","quantity":"0.456","price":"0.13999998","timestamp":1660727229,"volume":"0.06383999","buyTxId":"b703a0fb3a548b0e29f0ec4af7a2198a20b39874","sellTxId":"19a730e24a8771d5e540baf095d776f1f55f983c"}
{"index": {"_index":"leo","_id":"4150010"}}
	{"id":4150010,"type":"buy","buyer":"cryptosimplify","seller":"master-lamps","symbol":"LEO","quantity":"2.019","price":"0.13999999","timestamp":1660727229,"volume":"0.28265998","buyTxId":"b703a0fb3a548b0e29f0ec4af7a2198a20b39874","sellTxId":"c8fe2b675283e748c70119b636d8ac57231aaecf"}
{"index": {"_index":"leo","_id":"4150011"}}
	{"id":4150011,"type":"buy","buyer":"cryptosimplify","seller":"ctpsb","symbol":"LEO","quantity":"2.756","price":"0.13999999","timestamp":1660727229,"volume":"0.38583997","buyTxId":"b703a0fb3a548b0e29f0ec4af7a2198a20b39874","sellTxId":"8ee15c1104f56abe2f886df4bc64b45ddbaf34e6"}
{"index": {"_index":"leo","_id":"4150012"}}
	{"id":4150012,"type":"buy","buyer":"cryptosimplify","seller":"beebop","symbol":"LEO","quantity":"1.000","price":"0.14000000","timestamp":1660727229,"volume":"0.14000000","buyTxId":"b703a0fb3a548b0e29f0ec4af7a2198a20b39874","sellTxId":"4c74e9b480eed3477d7fa749f80ebb540d86a215"}
{"index": {"_index":"leo","_id":"4150013"}}
	{"id":4150013,"type":"buy","buyer":"cryptosimplify","seller":"helios.voter","symbol":"LEO","quantity":"0.670","price":"0.14099999","timestamp":1660727229,"volume":"0.09446999","buyTxId":"b703a0fb3a548b0e29f0ec4af7a2198a20b39874","sellTxId":"60fcb25deb6eba3ff7434d03b50126c47be39afb"}
{"index": {"_index":"leo","_id":"4150014"}}
	{"id":4150014,"type":"buy","buyer":"cryptosimplify","seller":"sbi-tokens","symbol":"LEO","quantity":"3.099","price":"0.14200000","timestamp":1660727229,"volume":"0.44005800","buyTxId":"b703a0fb3a548b0e29f0ec4af7a2198a20b39874","sellTxId":"13427bb44972bdca446eb46296cf09e9481426d3"}
{"index": {"_index":"leo","_id":"4150312"}}
	{"id":4150312,"type":"sell","buyer":"master-lamps","seller":"tferris","symbol":"LEO","quantity":"2.355","price":"0.12001000","timestamp":1660729848,"volume":"0.28262355","buyTxId":"78e7f65907edaa95c36ef79cebdaf932b82cd87e","sellTxId":"6a6c34e63709628c5bfa5ce256da993bd30b8193"}
{"index": {"_index":"leo","_id":"4150313"}}
	{"id":4150313,"type":"sell","buyer":"mmunited","seller":"tferris","symbol":"LEO","quantity":"4.541","price":"0.12001000","timestamp":1660729848,"volume":"0.54496541","buyTxId":"15575af18ffda8fef813fa28f010bc3b1ff19faf","sellTxId":"6a6c34e63709628c5bfa5ce256da993bd30b8193"}
{"index": {"_index":"leo","_id":"4150314"}}
	{"id":4150314,"type":"sell","buyer":"leomaker","seller":"tferris","symbol":"LEO","quantity":"46.748","price":"0.12000500","timestamp":1660729848,"volume":"5.60999374","buyTxId":"8206f3ae80e1187b2f9300577064abb832219e15","sellTxId":"6a6c34e63709628c5bfa5ce256da993bd30b8193"}
{"index": {"_index":"leo","_id":"4150315"}}
	{"id":4150315,"type":"buy","buyer":"god0","seller":"tferris","symbol":"LEO","quantity":"57.528","price":"0.12000427","timestamp":1660729848,"volume":"6.90360564","buyTxId":"97cd0defba5433b01616c515974de7c855a11d64-0","sellTxId":"6a6c34e63709628c5bfa5ce256da993bd30b8193"}
{"index": {"_index":"leo","_id":"4150316"}}
	{"id":4150316,"type":"buy","buyer":"god0","seller":"ryan313","symbol":"LEO","quantity":"24.489","price":"0.12001000","timestamp":1660729851,"volume":"2.93892489","buyTxId":"9cc249d19b8c4e311b0c4737a762d2d86adde2fb-0","sellTxId":"12001998e181804b2ddb4bc43098da7edce2312d"}
{"index": {"_index":"leo","_id":"4150317"}}
	{"id":4150317,"type":"buy","buyer":"svirus","seller":"ryan313","symbol":"LEO","quantity":"6.896","price":"0.12001000","timestamp":1660729854,"volume":"0.82758896","buyTxId":"7ec49f0a34dbe9e6890dbd692c49a8e6ca5eba19-0","sellTxId":"12001998e181804b2ddb4bc43098da7edce2312d"}
{"index": {"_index":"leo","_id":"4150512"}}
	{"id":4150512,"type":"sell","buyer":"leomaker","seller":"bilpcoinbpc","symbol":"LEO","quantity":"0.128","price":"0.12000500","timestamp":1660732257,"volume":"0.01536064","buyTxId":"faf5836e328092436964e071679ce821c725f06a","sellTxId":"e517dd6959643d4f17ec54e9d7fd9b7c378af482"}
{"index": {"_index":"leo","_id":"4150524"}}
	{"id":4150524,"type":"sell","buyer":"leomaker","seller":"toofasteddie","symbol":"LEO","quantity":"16.700","price":"0.12000500","timestamp":1660732383,"volume":"2.00408350","buyTxId":"faf5836e328092436964e071679ce821c725f06a","sellTxId":"e36300db087ee605f0445ae3226fdc70d1ae50c9"}
{"index": {"_index":"leo","_id":"4150622"}}
	{"id":4150622,"type":"sell","buyer":"leomaker","seller":"thx.leo","symbol":"LEO","quantity":"17.637","price":"0.12000500","timestamp":1660733604,"volume":"2.11652819","buyTxId":"faf5836e328092436964e071679ce821c725f06a","sellTxId":"43b38a7546f5c9f7ff25616c376181c585f886df"}
{"index": {"_index":"leo","_id":"4150743"}}
	{"id":4150743,"type":"buy","buyer":"headsink","seller":"master-lamps","symbol":"LEO","quantity":"2.355","price":"0.14199999","timestamp":1660735119,"volume":"0.33440998","buyTxId":"a8185e0d8d19fbaae96cea254c1355a0bf58c385","sellTxId":"7aa4ce2c247aa87bcae0ac673abaa9ee0b2e427e"}
{"index": {"_index":"leo","_id":"4150744"}}
	{"id":4150744,"type":"sell","buyer":"headsink","seller":"god0","symbol":"LEO","quantity":"3.601","price":"0.14199999","timestamp":1660735119,"volume":"0.51134196","buyTxId":"a8185e0d8d19fbaae96cea254c1355a0bf58c385","sellTxId":"feafcd82d3b889993c3f577bab05fff9effb1cb2-1"}
{"index": {"_index":"leo","_id":"4150783"}}
	{"id":4150783,"type":"sell","buyer":"headsink","seller":"vaporent","symbol":"LEO","quantity":"0.001","price":"0.14199999","timestamp":1660735548,"volume":"0.00014200","buyTxId":"a8185e0d8d19fbaae96cea254c1355a0bf58c385","sellTxId":"9449b34bf017ecc0ace99bf46208de4f478631be"}
{"index": {"_index":"leo","_id":"4151107"}}
	{"id":4151107,"type":"sell","buyer":"naughtiusmaximus","seller":"felixgarciap","symbol":"LEO","quantity":"1.670","price":"0.12000710","timestamp":1660738713,"volume":"0.20041186","buyTxId":"d2740c85a63d4a9f9f4f808e52bbf65db904b058","sellTxId":"221be3417d9df9f30bdb01e7bda5f3d5bb2c9cad"}
{"index": {"_index":"leo","_id":"4151114"}}
	{"id":4151114,"type":"sell","buyer":"naughtiusmaximus","seller":"rubencress","symbol":"LEO","quantity":"6.330","price":"0.12000710","timestamp":1660738848,"volume":"0.75964494","buyTxId":"d2740c85a63d4a9f9f4f808e52bbf65db904b058","sellTxId":"6c999e6fbc841860b788d07e40f22697d349d62a"}
{"index": {"_index":"leo","_id":"4151115"}}
	{"id":4151115,"type":"sell","buyer":"master-lamps","seller":"rubencress","symbol":"LEO","quantity":"2.786","price":"0.12000700","timestamp":1660738848,"volume":"0.33433950","buyTxId":"b2cdb447c1b1737bad8d0a3abf090cb9585f1d04","sellTxId":"6c999e6fbc841860b788d07e40f22697d349d62a"}
{"index": {"_index":"leo","_id":"4151116"}}
	{"id":4151116,"type":"buy","buyer":"god0","seller":"rubencress","symbol":"LEO","quantity":"6.071","price":"0.12000624","timestamp":1660738848,"volume":"0.72855788","buyTxId":"fc201f4f91ff87c36711237e5c1496d22ba45dd3-0","sellTxId":"6c999e6fbc841860b788d07e40f22697d349d62a"}
{"index": {"_index":"leo","_id":"4151719"}}
	{"id":4151719,"type":"sell","buyer":"leomaker","seller":"davidlionfish","symbol":"LEO","quantity":"10.605","price":"0.12000500","timestamp":1660743936,"volume":"1.27265302","buyTxId":"faf5836e328092436964e071679ce821c725f06a","sellTxId":"88ebc0f01a4e230dcf0eef781aea88e62db0f5c3"}
{"index": {"_index":"leo","_id":"4151720"}}
	{"id":4151720,"type":"sell","buyer":"beebop","seller":"davidlionfish","symbol":"LEO","quantity":"1.100","price":"0.12000300","timestamp":1660743936,"volume":"0.13200330","buyTxId":"17b0d2aaf931dab566053c8a00b755553138dd1a","sellTxId":"88ebc0f01a4e230dcf0eef781aea88e62db0f5c3"}
{"index": {"_index":"leo","_id":"4151721"}}
	{"id":4151721,"type":"sell","buyer":"caladan","seller":"davidlionfish","symbol":"LEO","quantity":"200.000","price":"0.12000300","timestamp":1660743936,"volume":"24.00060000","buyTxId":"f2babfc572d3147db67b675996dcc227935ae4ca","sellTxId":"88ebc0f01a4e230dcf0eef781aea88e62db0f5c3"}
{"index": {"_index":"leo","_id":"4151722"}}
	{"id":4151722,"type":"sell","buyer":"ifarmgirl","seller":"davidlionfish","symbol":"LEO","quantity":"4.174","price":"0.12000300","timestamp":1660743936,"volume":"0.50089252","buyTxId":"b45b4c898ef68f783afd6cd21c13b2acfa25133b","sellTxId":"88ebc0f01a4e230dcf0eef781aea88e62db0f5c3"}
{"index": {"_index":"leo","_id":"4151723"}}
	{"id":4151723,"type":"sell","buyer":"leomaker","seller":"davidlionfish","symbol":"LEO","quantity":"50.348","price":"0.12000200","timestamp":1660743936,"volume":"6.04186070","buyTxId":"953e492eb733aff6f1076d894a8e8b48cad31f45","sellTxId":"88ebc0f01a4e230dcf0eef781aea88e62db0f5c3"}
{"index": {"_index":"leo","_id":"4151724"}}
	{"id":4151724,"type":"sell","buyer":"investing-dude","seller":"davidlionfish","symbol":"LEO","quantity":"187.000","price":"0.12000000","timestamp":1660743936,"volume":"22.44000000","buyTxId":"a4650451d883d3c7bd05a2320eb5394d7ae311a3","sellTxId":"88ebc0f01a4e230dcf0eef781aea88e62db0f5c3"}
{"index": {"_index":"leo","_id":"4151725"}}
	{"id":4151725,"type":"sell","buyer":"beebop","seller":"davidlionfish","symbol":"LEO","quantity":"1.100","price":"0.11903410","timestamp":1660743936,"volume":"0.13093751","buyTxId":"0673710144d506d98c9c96808dc5f37ec6cc203d","sellTxId":"88ebc0f01a4e230dcf0eef781aea88e62db0f5c3"}
{"index": {"_index":"leo","_id":"4151726"}}
	{"id":4151726,"type":"sell","buyer":"beebop","seller":"davidlionfish","symbol":"LEO","quantity":"1.100","price":"0.11903410","timestamp":1660743936,"volume":"0.13093751","buyTxId":"0b33abae0b3726c2e25a8e10e0725d63499e06e1","sellTxId":"88ebc0f01a4e230dcf0eef781aea88e62db0f5c3"}
{"index": {"_index":"leo","_id":"4151727"}}
	{"id":4151727,"type":"sell","buyer":"beebop","seller":"davidlionfish","symbol":"LEO","quantity":"1.160","price":"0.11903410","timestamp":1660743936,"volume":"0.13807956","buyTxId":"0079d07a31a049faaea6c2ea711f3f7f26e09de3","sellTxId":"88ebc0f01a4e230dcf0eef781aea88e62db0f5c3"}
{"index": {"_index":"leo","_id":"4151728"}}
	{"id":4151728,"type":"sell","buyer":"beebop","seller":"davidlionfish","symbol":"LEO","quantity":"1.160","price":"0.11903410","timestamp":1660743936,"volume":"0.13807956","buyTxId":"a77b33b71699e443627943c7a3f392192369477a","sellTxId":"88ebc0f01a4e230dcf0eef781aea88e62db0f5c3"}
{"index": {"_index":"leo","_id":"4151729"}}
	{"id":4151729,"type":"sell","buyer":"beebop","seller":"davidlionfish","symbol":"LEO","quantity":"1.160","price":"0.11903410","timestamp":1660743936,"volume":"0.13807956","buyTxId":"2e0bb47bf40f626699015445a42952a1b1a54f3c","sellTxId":"88ebc0f01a4e230dcf0eef781aea88e62db0f5c3"}
{"index": {"_index":"leo","_id":"4151730"}}
	{"id":4151730,"type":"sell","buyer":"leomaker","seller":"davidlionfish","symbol":"LEO","quantity":"1.307","price":"0.11903400","timestamp":1660743936,"volume":"0.15557744","buyTxId":"abe97faaac3ac28132ac15c515e5f1df21ba6629","sellTxId":"88ebc0f01a4e230dcf0eef781aea88e62db0f5c3"}
{"index": {"_index":"leo","_id":"4151731"}}
	{"id":4151731,"type":"sell","buyer":"leomaker","seller":"davidlionfish","symbol":"LEO","quantity":"4.426","price":"0.11903200","timestamp":1660743936,"volume":"0.52683563","buyTxId":"e6f925b559f14b5d1406374be78e080d2ccf83ed","sellTxId":"88ebc0f01a4e230dcf0eef781aea88e62db0f5c3"}
{"index": {"_index":"leo","_id":"4151732"}}
	{"id":4151732,"type":"sell","buyer":"leomaker","seller":"davidlionfish","symbol":"LEO","quantity":"4.588","price":"0.11902200","timestamp":1660743936,"volume":"0.54607294","buyTxId":"121211caee829e597f7f685b2eb368c6dbe1a16b","sellTxId":"88ebc0f01a4e230dcf0eef781aea88e62db0f5c3"}
{"index": {"_index":"leo","_id":"4151733"}}
	{"id":4151733,"type":"sell","buyer":"leomaker","seller":"davidlionfish","symbol":"LEO","quantity":"4.748","price":"0.11901500","timestamp":1660743936,"volume":"0.56508322","buyTxId":"23f31d9db87b3e897717cdd2d8acb5886f9e6b75","sellTxId":"88ebc0f01a4e230dcf0eef781aea88e62db0f5c3"}
{"index": {"_index":"leo","_id":"4151734"}}
	{"id":4151734,"type":"sell","buyer":"leomaker","seller":"davidlionfish","symbol":"LEO","quantity":"4.918","price":"0.11901200","timestamp":1660743936,"volume":"0.58530102","buyTxId":"619f8134003eceaccad9021687a51864e6390957","sellTxId":"88ebc0f01a4e230dcf0eef781aea88e62db0f5c3"}
{"index": {"_index":"leo","_id":"4151735"}}
	{"id":4151735,"type":"sell","buyer":"leomaker","seller":"davidlionfish","symbol":"LEO","quantity":"1.753","price":"0.11900200","timestamp":1660743936,"volume":"0.20861051","buyTxId":"c0e08674b60984feb03634716bfe82e4483d1c27","sellTxId":"88ebc0f01a4e230dcf0eef781aea88e62db0f5c3"}
{"index": {"_index":"leo","_id":"4151736"}}
	{"id":4151736,"type":"sell","buyer":"enginemaker","seller":"davidlionfish","symbol":"LEO","quantity":"334.050","price":"0.11511000","timestamp":1660743936,"volume":"38.45249550","buyTxId":"MM-P-20049394-67043801-3-1-0","sellTxId":"88ebc0f01a4e230dcf0eef781aea88e62db0f5c3"}
{"index": {"_index":"leo","_id":"4152182"}}
	{"id":4152182,"type":"sell","buyer":"coquicoin","seller":"kalib","symbol":"LEO","quantity":"2.379","price":"0.11700000","timestamp":1660747998,"volume":"0.27834300","buyTxId":"6ea6c2a937ec676c51a9154a28fdccee4dd60a07","sellTxId":"c52fe3bdd3a485ddd0ab9c550791660d6bb6c45e"}
{"index": {"_index":"leo","_id":"4152377"}}
	{"id":4152377,"type":"sell","buyer":"beebop","seller":"acesontop","symbol":"LEO","quantity":"1.100","price":"0.11700100","timestamp":1660749573,"volume":"0.12870110","buyTxId":"ae1e629125df7bbb05cb87fddda1ea207db7e375","sellTxId":"56e61bdd429633c5668a0ee026a8a1c5f7d0959a"}
{"index": {"_index":"leo","_id":"4152378"}}
	{"id":4152378,"type":"sell","buyer":"beebop","seller":"acesontop","symbol":"LEO","quantity":"1.100","price":"0.11700100","timestamp":1660749573,"volume":"0.12870110","buyTxId":"6c4a16922bdfb2d93d4a18cd7a70607c9ea0e773","sellTxId":"56e61bdd429633c5668a0ee026a8a1c5f7d0959a"}
{"index": {"_index":"leo","_id":"4152379"}}
	{"id":4152379,"type":"sell","buyer":"coquicoin","seller":"acesontop","symbol":"LEO","quantity":"1.021","price":"0.11700000","timestamp":1660749573,"volume":"0.11945700","buyTxId":"6ea6c2a937ec676c51a9154a28fdccee4dd60a07","sellTxId":"56e61bdd429633c5668a0ee026a8a1c5f7d0959a"}
{"index": {"_index":"leo","_id":"4152380"}}
	{"id":4152380,"type":"sell","buyer":"leomaker","seller":"acesontop","symbol":"LEO","quantity":"37.779","price":"0.11603200","timestamp":1660749573,"volume":"4.38357293","buyTxId":"82fa17cf11d2dc9f5338843248de0ee31c2123ba","sellTxId":"56e61bdd429633c5668a0ee026a8a1c5f7d0959a"}
{"index": {"_index":"leo","_id":"4153065"}}
	{"id":4153065,"type":"sell","buyer":"untzuntzuntz","seller":"osomar357","symbol":"LEO","quantity":"0.122","price":"0.11603300","timestamp":1660755087,"volume":"0.01415603","buyTxId":"0095377cc3d43eec147f24cbe080ab54afb9578f","sellTxId":"60feb0baf2fbfdcdc49e22541dee96af4d0f19bb"}
{"index": {"_index":"leo","_id":"4153220"}}
	{"id":4153220,"type":"sell","buyer":"untzuntzuntz","seller":"bearbear613","symbol":"LEO","quantity":"2.548","price":"0.11603300","timestamp":1660756512,"volume":"0.29565208","buyTxId":"0095377cc3d43eec147f24cbe080ab54afb9578f","sellTxId":"ca898b20040af9241db6e6b94e95a0788aed101d"}
{"index": {"_index":"leo","_id":"4153385"}}
	{"id":4153385,"type":"sell","buyer":"untzuntzuntz","seller":"curatorcat.leo","symbol":"LEO","quantity":"1.048","price":"0.11603400","timestamp":1660758441,"volume":"0.12160363","buyTxId":"f1e71171f1b7910933e6cad7acd2c4b9c8ed0cd3","sellTxId":"51f2e8f6f4054aefc7515dde299cc3547db6203d"}
{"index": {"_index":"leo","_id":"4153468"}}
	{"id":4153468,"type":"sell","buyer":"untzuntzuntz","seller":"soyuntito","symbol":"LEO","quantity":"1.136","price":"0.11603300","timestamp":1660759533,"volume":"0.13181349","buyTxId":"0095377cc3d43eec147f24cbe080ab54afb9578f","sellTxId":"9eed19a83bfdfdfafab364106b303e1c9a51f2d3"}
{"index": {"_index":"leo","_id":"4153469"}}
	{"id":4153469,"type":"sell","buyer":"leomaker","seller":"soyuntito","symbol":"LEO","quantity":"5.286","price":"0.11603200","timestamp":1660759533,"volume":"0.61334515","buyTxId":"82fa17cf11d2dc9f5338843248de0ee31c2123ba","sellTxId":"9eed19a83bfdfdfafab364106b303e1c9a51f2d3"}
{"index": {"_index":"leo","_id":"4153474"}}
	{"id":4153474,"type":"buy","buyer":"synergized","seller":"master-lamps","symbol":"LEO","quantity":"0.010","price":"0.14199559","timestamp":1660759638,"volume":"0.00141996","buyTxId":"e6304f56dfe00ddbe43703f936e13de2b197ebfc","sellTxId":"ab74a93255ce474b8cceb300b89fe871ba3994c0"}
{"index": {"_index":"leo","_id":"4153534"}}
	{"id":4153534,"type":"buy","buyer":"synergized","seller":"naughtiusmaximus","symbol":"LEO","quantity":"1.000","price":"0.14199550","timestamp":1660760304,"volume":"0.14199550","buyTxId":"81dd145f750adb88d96af1fdc5dea5c46ceae6f9","sellTxId":"e1dcb33012977b3cf2b046b9461eb7eb46f6214b"}
{"index": {"_index":"leo","_id":"4153767"}}
	{"id":4153767,"type":"sell","buyer":"master-lamps","seller":"solaiman","symbol":"LEO","quantity":"0.012","price":"0.11603301","timestamp":1660762623,"volume":"0.00139240","buyTxId":"6442deba46f31a2a856717c2bbd6e5e1ad73d934","sellTxId":"595de678ff3262f8fa876d5a0ff6451fb0d22f16"}
{"index": {"_index":"leo","_id":"4153768"}}
	{"id":4153768,"type":"sell","buyer":"untzuntzuntz","seller":"solaiman","symbol":"LEO","quantity":"1.167","price":"0.11603300","timestamp":1660762623,"volume":"0.13541051","buyTxId":"7f66cb02d69af9d65ff0788d0a78b2b911c15d71","sellTxId":"595de678ff3262f8fa876d5a0ff6451fb0d22f16"}
{"index": {"_index":"leo","_id":"4153814"}}
	{"id":4153814,"type":"sell","buyer":"untzuntzuntz","seller":"jjprac","symbol":"LEO","quantity":"9.449","price":"0.11603300","timestamp":1660763268,"volume":"1.09639582","buyTxId":"7f66cb02d69af9d65ff0788d0a78b2b911c15d71","sellTxId":"8e5e20aacc13c38142a9086b79c4ac667c3246a7"}
{"index": {"_index":"leo","_id":"4153815"}}
	{"id":4153815,"type":"sell","buyer":"leomaker","seller":"jjprac","symbol":"LEO","quantity":"4.714","price":"0.11603200","timestamp":1660763268,"volume":"0.54697485","buyTxId":"82fa17cf11d2dc9f5338843248de0ee31c2123ba","sellTxId":"8e5e20aacc13c38142a9086b79c4ac667c3246a7"}
{"index": {"_index":"leo","_id":"4153816"}}
	{"id":4153816,"type":"sell","buyer":"caladan","seller":"jjprac","symbol":"LEO","quantity":"0.118","price":"0.11603200","timestamp":1660763268,"volume":"0.01369178","buyTxId":"970cdc9ab66a5470b2fcf825cfa20d1403ffab29","sellTxId":"8e5e20aacc13c38142a9086b79c4ac667c3246a7"}
{"index": {"_index":"leo","_id":"4153919"}}
	{"id":4153919,"type":"buy","buyer":"onealfa.leo","seller":"naughtiusmaximus","symbol":"LEO","quantity":"3.169","price":"0.14199550","timestamp":1660764336,"volume":"0.45","buyTxId":"85b66f45c8b7e0d2d3657aa3cbdec02975a77b1f","sellTxId":"e1dcb33012977b3cf2b046b9461eb7eb46f6214b"}
{"index": {"_index":"leo","_id":"4154389"}}
	{"id":4154389,"type":"sell","buyer":"leomaker","seller":"matthew1","symbol":"LEO","quantity":"0.259","price":"0.11606200","timestamp":1660769961,"volume":"0.03006006","buyTxId":"5c0203317bd936a2faeada0926227b59d664ad7b","sellTxId":"2eaf9606aab9c1893aa962559f7a14c9ce736170"}
{"index": {"_index":"leo","_id":"4154443"}}
	{"id":4154443,"type":"buy","buyer":"samsmith1971","seller":"master-lamps","symbol":"LEO","quantity":"2.825","price":"0.14198399","timestamp":1660770534,"volume":"0.40110477","buyTxId":"83ec0e58cd6a193e8af9da8859aef8211856a7c3","sellTxId":"e31486715721c7f91ad8fb4c27437edeca42a759"}
{"index": {"_index":"leo","_id":"4154471"}}
	{"id":4154471,"type":"sell","buyer":"samsmith1971","seller":"dswap","symbol":"LEO","quantity":"7","price":"0.11700000","timestamp":1660770810,"volume":"0.81900000","buyTxId":"864f4f75e666f8971c75bd36e11305ef20d63211","sellTxId":"12b887eeb43b5d7a1448e0967c0b730a9d4a4819"}
{"index": {"_index":"leo","_id":"4154726"}}
	{"id":4154726,"type":"buy","buyer":"synergized","seller":"leomaker","symbol":"LEO","quantity":"0.084","price":"0.14198400","timestamp":1660774410,"volume":"0.01192666","buyTxId":"f458a20831031640838ce3d85f7fcacd2b8c6abd","sellTxId":"cbe811fcd5c13b16c4266c4dba0a9bcc32661286"}
{"index": {"_index":"leo","_id":"4154784"}}
	{"id":4154784,"type":"sell","buyer":"samsmith1971","seller":"cheftony","symbol":"LEO","quantity":"7.233","price":"0.11700000","timestamp":1660775220,"volume":"0.84626100","buyTxId":"864f4f75e666f8971c75bd36e11305ef20d63211","sellTxId":"c602f8ab63d0d63a0ee684a2d66b6ccfb1fc58d4"}
{"index": {"_index":"leo","_id":"4154785"}}
	{"id":4154785,"type":"sell","buyer":"untzuntzuntz","seller":"cheftony","symbol":"LEO","quantity":"8.270","price":"0.11606300","timestamp":1660775220,"volume":"0.95984101","buyTxId":"496c7e42b2ddef4e5cccf4a022226726555b1d94","sellTxId":"c602f8ab63d0d63a0ee684a2d66b6ccfb1fc58d4"}
{"index": {"_index":"leo","_id":"4154786"}}
	{"id":4154786,"type":"sell","buyer":"leomaker","seller":"cheftony","symbol":"LEO","quantity":"19.808","price":"0.11606200","timestamp":1660775220,"volume":"2.29895610","buyTxId":"5c0203317bd936a2faeada0926227b59d664ad7b","sellTxId":"c602f8ab63d0d63a0ee684a2d66b6ccfb1fc58d4"}
{"index": {"_index":"leo","_id":"4155029"}}
	{"id":4155029,"type":"sell","buyer":"leomaker","seller":"lolzbot","symbol":"LEO","quantity":"4.872","price":"0.11810200","timestamp":1660777974,"volume":"0.57539294","buyTxId":"46406dd88316aecf0e6d2ae3a49ebaeb06d1d9e4","sellTxId":"09ffb5dc8a7e3ad9c127038b694dc1639649f336"}
{"index": {"_index":"leo","_id":"4155154"}}
	{"id":4155154,"type":"sell","buyer":"leomaker","seller":"kevinnag58","symbol":"LEO","quantity":"8.845","price":"0.11810200","timestamp":1660779387,"volume":"1.04461219","buyTxId":"46406dd88316aecf0e6d2ae3a49ebaeb06d1d9e4","sellTxId":"8ccb6f0240c22228ee5d58cb2c5422380a63966e"}
{"index": {"_index":"leo","_id":"4155247"}}
	{"id":4155247,"type":"sell","buyer":"leomaker","seller":"nyxlabs","symbol":"LEO","quantity":"30.786","price":"0.11810500","timestamp":1660780383,"volume":"3.63598053","buyTxId":"1a0cb316e0f62815c388359f2c2d95e213bc6c13","sellTxId":"a7d6410e70d8ffd80914b2e66386f4280bbd32b9"}
{"index": {"_index":"leo","_id":"4155555"}}
	{"id":4155555,"type":"buy","buyer":"dswap","seller":"leomaker","symbol":"LEO","quantity":"25.416","price":"0.14098900","timestamp":1660784409,"volume":"3.58337642","buyTxId":"6653dd457ad9b6ce37c6d5fdb1b80b7176a23aba","sellTxId":"7d3c0d56e3f0b36f6de515440f8b1b17a9ac19ec"}
{"index": {"_index":"leo","_id":"4155556"}}
	{"id":4155556,"type":"buy","buyer":"dswap","seller":"enginemaker","symbol":"LEO","quantity":"39.624","price":"0.14098999","timestamp":1660784409,"volume":"5.58661707","buyTxId":"6653dd457ad9b6ce37c6d5fdb1b80b7176a23aba","sellTxId":"MM-P-20115190-67109610-3-1-0"}
{"index": {"_index":"leo","_id":"4155612"}}
	{"id":4155612,"type":"sell","buyer":"leomaker","seller":"melinda010100","symbol":"LEO","quantity":"1.763","price":"0.11810500","timestamp":1660785096,"volume":"0.20821912","buyTxId":"1a0cb316e0f62815c388359f2c2d95e213bc6c13","sellTxId":"9dc7dc6a83a4f365369e9295952bfb4082db9113"}
{"index": {"_index":"leo","_id":"4155652"}}
	{"id":4155652,"type":"sell","buyer":"l337m45732","seller":"jphamer1","symbol":"LEO","quantity":"52.488","price":"0.11900000","timestamp":1660785396,"volume":"6.24607200","buyTxId":"eccffca9ada296c572244546af19ba8b82235905","sellTxId":"7ca6be1ba751273d257e3975b38ace96255e6eb2"}
{"index": {"_index":"leo","_id":"4155774"}}
	{"id":4155774,"type":"sell","buyer":"leomaker","seller":"steem82868","symbol":"LEO","quantity":"0.573","price":"0.11900700","timestamp":1660786431,"volume":"0.06819101","buyTxId":"2307b1990aca5e9636a2083413675e5e3013887f","sellTxId":"7063077beb44fe953f6e7a09ef47c8d6d07abd17"}
{"index": {"_index":"leo","_id":"4155826"}}
	{"id":4155826,"type":"sell","buyer":"leomaker","seller":"microbot","symbol":"LEO","quantity":"0.257","price":"0.11900700","timestamp":1660786887,"volume":"0.03058480","buyTxId":"2307b1990aca5e9636a2083413675e5e3013887f","sellTxId":"e6bb7a669b5e9f5627b522df7f3cf9bfbc8112ca"}
{"index": {"_index":"leo","_id":"4155829"}}
	{"id":4155829,"type":"sell","buyer":"leomaker","seller":"isnochys","symbol":"LEO","quantity":"0.256","price":"0.11900700","timestamp":1660786905,"volume":"0.03046579","buyTxId":"2307b1990aca5e9636a2083413675e5e3013887f","sellTxId":"c5441d9f381bb2fb04248e02145e41f9e07cd6f6"}
{"index": {"_index":"leo","_id":"4155830"}}
	{"id":4155830,"type":"sell","buyer":"leomaker","seller":"grand.strategy","symbol":"LEO","quantity":"0.257","price":"0.11900700","timestamp":1660786935,"volume":"0.03058480","buyTxId":"2307b1990aca5e9636a2083413675e5e3013887f","sellTxId":"72e8f29c8535f397ea0599515b03598efbeab800"}
{"index": {"_index":"leo","_id":"4155942"}}
	{"id":4155942,"type":"sell","buyer":"leomaker","seller":"ironshield","symbol":"LEO","quantity":"9.251","price":"0.11900700","timestamp":1660788639,"volume":"1.10093376","buyTxId":"2307b1990aca5e9636a2083413675e5e3013887f","sellTxId":"85d27ed827bc8b20aa448a7a7a077f074b620606"}
{"index": {"_index":"leo","_id":"4155968"}}
	{"id":4155968,"type":"sell","buyer":"leomaker","seller":"underlock","symbol":"LEO","quantity":"4.312","price":"0.11900700","timestamp":1660788828,"volume":"0.51315818","buyTxId":"2307b1990aca5e9636a2083413675e5e3013887f","sellTxId":"33eb6ed3e6959f5cda07d7d8dc1de772fed0abbe"}
{"index": {"_index":"leo","_id":"4156036"}}
	{"id":4156036,"type":"sell","buyer":"shortsegments","seller":"amigareaction","symbol":"LEO","quantity":"0.722","price":"0.13000000","timestamp":1660789836,"volume":"0.09386000","buyTxId":"301fce5b3662def81c2508ec03c9a15e5c160350","sellTxId":"b3a46cf00b8fb91d4c986dc1cababebe03ea6e86"}
