{"index": {"_index":"leo","_id":"2738578"}}
	{"id":2738578,"type":"sell","buyer":"edkarnie","seller":"kachinhenry","symbol":"LEO","quantity":"26.000","price":"0.17200000","timestamp":1644379551,"volume":"4.47200000","buyTxId":"25c979c5e7cec3e3ed8eb6f5eb042f0304646a75","sellTxId":"6919add3fdb49ce7c2da836ca8c4c0d3e4bcca04"}
{"index": {"_index":"leo","_id":"2738604"}}
	{"id":2738604,"type":"sell","buyer":"edkarnie","seller":"brofi-market","symbol":"LEO","quantity":"0.001","price":"0.17200000","timestamp":1644379833,"volume":"0.00017200","buyTxId":"25c979c5e7cec3e3ed8eb6f5eb042f0304646a75","sellTxId":"79eb6514120c9aa1bca16bc338fdfbe9102ac8c1"}
{"index": {"_index":"leo","_id":"2738613"}}
	{"id":2738613,"type":"sell","buyer":"edkarnie","seller":"aljif7","symbol":"LEO","quantity":"13.623","price":"0.17200000","timestamp":1644379884,"volume":"2.34315600","buyTxId":"25c979c5e7cec3e3ed8eb6f5eb042f0304646a75","sellTxId":"901a32a71aad197ab6295eca946bd0e9831c3d0f"}
{"index": {"_index":"leo","_id":"2738631"}}
	{"id":2738631,"type":"sell","buyer":"edkarnie","seller":"dswap","symbol":"LEO","quantity":"3.198","price":"0.17200000","timestamp":1644380184,"volume":"0.55005600","buyTxId":"25c979c5e7cec3e3ed8eb6f5eb042f0304646a75","sellTxId":"f2b8af19e786e2709f4b8d2c71a5b3221a829c96"}
{"index": {"_index":"leo","_id":"2738666"}}
	{"id":2738666,"type":"buy","buyer":"holovision","seller":"pi-trader","symbol":"LEO","quantity":"100.000","price":"0.17499199","timestamp":1644380715,"volume":"17.49919900","buyTxId":"0d5993d7d551ee1f8fc4d3574b1d86c04a574f20","sellTxId":"d09703f9f033f136fa0b84d2d96d5029d8e53079-3"}
{"index": {"_index":"leo","_id":"2738748"}}
	{"id":2738748,"type":"sell","buyer":"leomaker","seller":"konvik","symbol":"LEO","quantity":"2.426","price":"0.17200200","timestamp":1644382320,"volume":"0.41727685","buyTxId":"357771dbf03e5f853cf8746835f8f2d7bd355557","sellTxId":"105fe76dc2578eecc7bfb10b6b3f5f4319e6f0d3-1"}
{"index": {"_index":"leo","_id":"2738749"}}
	{"id":2738749,"type":"sell","buyer":"edkarnie","seller":"konvik","symbol":"LEO","quantity":"57.178","price":"0.17200000","timestamp":1644382320,"volume":"9.83461600","buyTxId":"25c979c5e7cec3e3ed8eb6f5eb042f0304646a75","sellTxId":"105fe76dc2578eecc7bfb10b6b3f5f4319e6f0d3-1"}
{"index": {"_index":"leo","_id":"2738750"}}
	{"id":2738750,"type":"sell","buyer":"leomaker","seller":"konvik","symbol":"LEO","quantity":"0.097","price":"0.17103200","timestamp":1644382320,"volume":"0.01659010","buyTxId":"463ceff50158a056f16ddf52e69603b3b4ccce66","sellTxId":"105fe76dc2578eecc7bfb10b6b3f5f4319e6f0d3-1"}
{"index": {"_index":"leo","_id":"2738751"}}
	{"id":2738751,"type":"sell","buyer":"epic-fail","seller":"konvik","symbol":"LEO","quantity":"142.488","price":"0.17103000","timestamp":1644382320,"volume":"24.36972264","buyTxId":"3a769091dc97da8e4dfd1f3464fdad8aec4a4a0e","sellTxId":"105fe76dc2578eecc7bfb10b6b3f5f4319e6f0d3-1"}
{"index": {"_index":"leo","_id":"2738752"}}
	{"id":2738752,"type":"sell","buyer":"leomaker","seller":"konvik","symbol":"LEO","quantity":"2.928","price":"0.17102800","timestamp":1644382320,"volume":"0.50076998","buyTxId":"e55408011dfbbe3a316829d283f082d8d26bb298","sellTxId":"105fe76dc2578eecc7bfb10b6b3f5f4319e6f0d3-1"}
{"index": {"_index":"leo","_id":"2738753"}}
	{"id":2738753,"type":"sell","buyer":"leomaker","seller":"konvik","symbol":"LEO","quantity":"2.978","price":"0.17102600","timestamp":1644382320,"volume":"0.50931543","buyTxId":"80661f272971c8d5c73266767d1910535f90f026","sellTxId":"105fe76dc2578eecc7bfb10b6b3f5f4319e6f0d3-1"}
{"index": {"_index":"leo","_id":"2738754"}}
	{"id":2738754,"type":"sell","buyer":"leomaker","seller":"konvik","symbol":"LEO","quantity":"3.028","price":"0.17102400","timestamp":1644382320,"volume":"0.51786067","buyTxId":"3ed57013cafb6c544ca6868109e990405904e899","sellTxId":"105fe76dc2578eecc7bfb10b6b3f5f4319e6f0d3-1"}
{"index": {"_index":"leo","_id":"2738755"}}
	{"id":2738755,"type":"sell","buyer":"leomaker","seller":"konvik","symbol":"LEO","quantity":"3.079","price":"0.17102200","timestamp":1644382320,"volume":"0.52657674","buyTxId":"49a2201994c294659bb11a357778738b6c25a5f9","sellTxId":"105fe76dc2578eecc7bfb10b6b3f5f4319e6f0d3-1"}
{"index": {"_index":"leo","_id":"2738756"}}
	{"id":2738756,"type":"sell","buyer":"leomaker","seller":"konvik","symbol":"LEO","quantity":"3.130","price":"0.17102000","timestamp":1644382320,"volume":"0.53529260","buyTxId":"b418b8af5471a88e2f239d0d83b52e67e6aa5424","sellTxId":"105fe76dc2578eecc7bfb10b6b3f5f4319e6f0d3-1"}
{"index": {"_index":"leo","_id":"2738757"}}
	{"id":2738757,"type":"sell","buyer":"leomaker","seller":"konvik","symbol":"LEO","quantity":"3.184","price":"0.17101800","timestamp":1644382320,"volume":"0.54452131","buyTxId":"a33f8a0aaed13ee51523eea9f6163b8340813aa6","sellTxId":"105fe76dc2578eecc7bfb10b6b3f5f4319e6f0d3-1"}
{"index": {"_index":"leo","_id":"2738758"}}
	{"id":2738758,"type":"sell","buyer":"leomaker","seller":"konvik","symbol":"LEO","quantity":"3.237","price":"0.17101600","timestamp":1644382320,"volume":"0.55357879","buyTxId":"cd877c63310cda1e8e99e41019f22546fd1aef7f","sellTxId":"105fe76dc2578eecc7bfb10b6b3f5f4319e6f0d3-1"}
{"index": {"_index":"leo","_id":"2738759"}}
	{"id":2738759,"type":"sell","buyer":"leomaker","seller":"konvik","symbol":"LEO","quantity":"3.291","price":"0.17101400","timestamp":1644382320,"volume":"0.56280707","buyTxId":"1df3a4341c239b0a8abb0826e0e808f3e5ba46d4","sellTxId":"105fe76dc2578eecc7bfb10b6b3f5f4319e6f0d3-1"}
{"index": {"_index":"leo","_id":"2738760"}}
	{"id":2738760,"type":"sell","buyer":"leomaker","seller":"konvik","symbol":"LEO","quantity":"3.347","price":"0.17101200","timestamp":1644382320,"volume":"0.57237716","buyTxId":"cbfb781d6f707e33b5a47e16fdf6a1c5eb38b1f8","sellTxId":"105fe76dc2578eecc7bfb10b6b3f5f4319e6f0d3-1"}
{"index": {"_index":"leo","_id":"2738761"}}
	{"id":2738761,"type":"sell","buyer":"leomaker","seller":"konvik","symbol":"LEO","quantity":"3.404","price":"0.17101000","timestamp":1644382320,"volume":"0.58211804","buyTxId":"2ecfbb1a35479144983805994fb4335be252d076","sellTxId":"105fe76dc2578eecc7bfb10b6b3f5f4319e6f0d3-1"}
{"index": {"_index":"leo","_id":"2738762"}}
	{"id":2738762,"type":"sell","buyer":"leomaker","seller":"konvik","symbol":"LEO","quantity":"3.462","price":"0.17100800","timestamp":1644382320,"volume":"0.59202970","buyTxId":"fd09a4679261c6de9065de4b0a290b72a8b0cacf","sellTxId":"105fe76dc2578eecc7bfb10b6b3f5f4319e6f0d3-1"}
{"index": {"_index":"leo","_id":"2738763"}}
	{"id":2738763,"type":"sell","buyer":"leomaker","seller":"konvik","symbol":"LEO","quantity":"3.520","price":"0.17100600","timestamp":1644382320,"volume":"0.60194112","buyTxId":"770ebd836d10fe9af10ab37e8518d57015141190","sellTxId":"105fe76dc2578eecc7bfb10b6b3f5f4319e6f0d3-1"}
{"index": {"_index":"leo","_id":"2738764"}}
	{"id":2738764,"type":"sell","buyer":"leomaker","seller":"konvik","symbol":"LEO","quantity":"3.580","price":"0.17100400","timestamp":1644382320,"volume":"0.61219432","buyTxId":"3af9e396f1d72f859ab5679574bbd33383071a44","sellTxId":"105fe76dc2578eecc7bfb10b6b3f5f4319e6f0d3-1"}
{"index": {"_index":"leo","_id":"2738765"}}
	{"id":2738765,"type":"sell","buyer":"leomaker","seller":"konvik","symbol":"LEO","quantity":"3.813","price":"0.17100200","timestamp":1644382320,"volume":"0.65203063","buyTxId":"736163870332594f14e6e055fcb9f11e6ef37b5e","sellTxId":"105fe76dc2578eecc7bfb10b6b3f5f4319e6f0d3-1"}
{"index": {"_index":"leo","_id":"2738873"}}
	{"id":2738873,"type":"sell","buyer":"leomaker","seller":"matrixspinor","symbol":"LEO","quantity":"3.569","price":"0.16800200","timestamp":1644384384,"volume":"0.59959914","buyTxId":"5a34b6939cff2bf3a001eb5251d72357342a9783","sellTxId":"6048b810aa75fdcd73f46b7712ce78ce41871694"}
{"index": {"_index":"leo","_id":"2738906"}}
	{"id":2738906,"type":"sell","buyer":"leomaker","seller":"johnwege","symbol":"LEO","quantity":"0.58","price":"0.16800200","timestamp":1644385011,"volume":"0.09744116","buyTxId":"5a34b6939cff2bf3a001eb5251d72357342a9783","sellTxId":"4e914f64b321fb7eb9ee1444044ec9c3db157a3a"}
{"index": {"_index":"leo","_id":"2738956"}}
	{"id":2738956,"type":"sell","buyer":"leomaker","seller":"marvinix","symbol":"LEO","quantity":"0.650","price":"0.16800200","timestamp":1644385611,"volume":"0.10920130","buyTxId":"5a34b6939cff2bf3a001eb5251d72357342a9783","sellTxId":"a674a0a193895e6fc1003976fe5dd98eed3dbdfb"}
{"index": {"_index":"leo","_id":"2738957"}}
	{"id":2738957,"type":"sell","buyer":"leomaker","seller":"marvinix","symbol":"LEO","quantity":"3.285","price":"0.16700200","timestamp":1644385611,"volume":"0.54860157","buyTxId":"dbf6472b22502fc044ac49bb9abf3bcfd9d93105","sellTxId":"a674a0a193895e6fc1003976fe5dd98eed3dbdfb"}
{"index": {"_index":"leo","_id":"2739032"}}
	{"id":2739032,"type":"buy","buyer":"melbourneswest","seller":"pi-trader","symbol":"LEO","quantity":"1.714","price":"0.17498699","timestamp":1644386847,"volume":"0.3","buyTxId":"1774ec95cb2ae45386d5d2b6ea42c9cc68ee5a19","sellTxId":"ab641d2d46d67013604078e7517d7fbcba6f7bdd-3"}
{"index": {"_index":"leo","_id":"2739054"}}
	{"id":2739054,"type":"sell","buyer":"leomaker","seller":"myanmarkoko","symbol":"LEO","quantity":"2.067","price":"0.16700200","timestamp":1644387069,"volume":"0.34519313","buyTxId":"dbf6472b22502fc044ac49bb9abf3bcfd9d93105","sellTxId":"1ec2ece7f9f7970373e9c845ac8b7a0a93dbebb9"}
{"index": {"_index":"leo","_id":"2739055"}}
	{"id":2739055,"type":"sell","buyer":"leomaker","seller":"myanmarkoko","symbol":"LEO","quantity":"3.633","price":"0.16610600","timestamp":1644387069,"volume":"0.60346310","buyTxId":"7f3d2b7dffb6492590ebbd59f947b099c5f3e895","sellTxId":"1ec2ece7f9f7970373e9c845ac8b7a0a93dbebb9"}
{"index": {"_index":"leo","_id":"2739127"}}
	{"id":2739127,"type":"sell","buyer":"pi-trader","seller":"razam","symbol":"LEO","quantity":"0.257","price":"0.16610801","timestamp":1644387678,"volume":"0.04268976","buyTxId":"82fc4f87ac9202d73469eb73fbdc7219f108959a-2","sellTxId":"638b09c69a21a2a5de169ed75ae9138e28df0db6"}
{"index": {"_index":"leo","_id":"2739161"}}
	{"id":2739161,"type":"sell","buyer":"pi-trader","seller":"cdm.ano","symbol":"LEO","quantity":"1.7","price":"0.16611001","timestamp":1644388119,"volume":"0.28238702","buyTxId":"4d64bc2cb3321315edd37f76d6caa4488f464c6e-1","sellTxId":"f1631fc53af72c7b3262dc93564a311d593b22e0"}
{"index": {"_index":"leo","_id":"2739179"}}
	{"id":2739179,"type":"sell","buyer":"pi-trader","seller":"readthisplease","symbol":"LEO","quantity":"33.290","price":"0.16611201","timestamp":1644388635,"volume":"5.52986881","buyTxId":"af8e16ba470da5e1bee69ccd64600bb88a6f0e3f-1","sellTxId":"b88e47a55af1bedcfd230afbf1d3ce0dc45c739e"}
{"index": {"_index":"leo","_id":"2739197"}}
	{"id":2739197,"type":"sell","buyer":"pi-trader","seller":"oks2crypto","symbol":"LEO","quantity":"0.122","price":"0.16611201","timestamp":1644389103,"volume":"0.02026567","buyTxId":"5bc2fc66c46576149d761a4e53cb96fda412e7db-2","sellTxId":"0de5497c7648df77a7834996bd9f6ab27c782c28"}
{"index": {"_index":"leo","_id":"2739303"}}
	{"id":2739303,"type":"sell","buyer":"whatsup","seller":"svirus","symbol":"LEO","quantity":"12.000","price":"0.17498000","timestamp":1644390906,"volume":"2.09976000","buyTxId":"c0884ed3319954dbec4673444aff485e76c869be","sellTxId":"db8658c0d3a815a1b35f49a5a403aa9ff10caf89-1"}
{"index": {"_index":"leo","_id":"2739376"}}
	{"id":2739376,"type":"sell","buyer":"pi-trader","seller":"steinreich","symbol":"LEO","quantity":"44.553","price":"0.16612401","timestamp":1644392637,"volume":"7.40132302","buyTxId":"d76caa39abf002b5c65437c5dbc9a2414f5205e3-1","sellTxId":"6b4e6de607c6ba2a46b90fda5120f4e19d9c1bcd"}
{"index": {"_index":"leo","_id":"2739385"}}
	{"id":2739385,"type":"sell","buyer":"pi-trader","seller":"kolbjorn","symbol":"LEO","quantity":"21.463","price":"0.16612401","timestamp":1644392871,"volume":"3.56551963","buyTxId":"31da4fb249017af6330dae6321ea0965ad5834fe-2","sellTxId":"bc93eb7872b6420f7ce35279c11df43e0831e235"}
{"index": {"_index":"leo","_id":"2739420"}}
	{"id":2739420,"type":"sell","buyer":"pi-trader","seller":"gungunkrishu","symbol":"LEO","quantity":"83.000","price":"0.16612601","timestamp":1644393489,"volume":"13.78845883","buyTxId":"85b264a1c4bbdf70891574843d1a2c030760ef5f-2","sellTxId":"7d4e8eea08c73a64bfec963376fdd396f23773e6"}
{"index": {"_index":"leo","_id":"2739446"}}
	{"id":2739446,"type":"sell","buyer":"pi-trader","seller":"savvyplayer","symbol":"LEO","quantity":"0.551","price":"0.16612801","timestamp":1644393837,"volume":"0.09153653","buyTxId":"da2d31bbe97c5cf220a160ce90b048f057bfcc93-1","sellTxId":"cd4edb78c684c5f952695b4c5055ebdf025ca679"}
{"index": {"_index":"leo","_id":"2739484"}}
	{"id":2739484,"type":"sell","buyer":"pi-trader","seller":"mawit07","symbol":"LEO","quantity":"0.754","price":"0.16612801","timestamp":1644394248,"volume":"0.12526052","buyTxId":"da2d66b619c161b1225aac44c8749e4b8f1352c8-2","sellTxId":"23fd0a8784ed514ae487d67d284ea9d56b8e1b2e"}
{"index": {"_index":"leo","_id":"2739517"}}
	{"id":2739517,"type":"sell","buyer":"pi-trader","seller":"sirdemian","symbol":"LEO","quantity":"7.8","price":"0.16613001","timestamp":1644394581,"volume":"1.29581408","buyTxId":"5b59edf1f91e475b726e760db8c69b537564922b-3","sellTxId":"05f15b4b0d854d2c21be58fded0fe711adfe6abf"}
{"index": {"_index":"leo","_id":"2739601"}}
	{"id":2739601,"type":"sell","buyer":"pi-trader","seller":"lightcaptured","symbol":"LEO","quantity":"0.376","price":"0.16613201","timestamp":1644395721,"volume":"0.06246564","buyTxId":"75eee1eca4aae251da696ec4a3675dcea846ecb1-3","sellTxId":"141b690482a470dc1048b84e1c867cf87cdc57c8"}
{"index": {"_index":"leo","_id":"2739633"}}
	{"id":2739633,"type":"sell","buyer":"pi-trader","seller":"pele23","symbol":"LEO","quantity":"1.000","price":"0.16613401","timestamp":1644396288,"volume":"0.16613401","buyTxId":"1063d4c8f1156538e0b6bde329f6edd90a13f207-1","sellTxId":"f20f68564c640400f4e3b1316a0393ba348d7ce9"}
{"index": {"_index":"leo","_id":"2739654"}}
	{"id":2739654,"type":"sell","buyer":"pi-trader","seller":"abaraxtras","symbol":"LEO","quantity":"0.088","price":"0.16613601","timestamp":1644396834,"volume":"0.01461997","buyTxId":"9aebdaffec253bc902a133701acff9c7cc66d7d3-3","sellTxId":"0e38599f9e6fc37ea4181c89e024f8d06fcf7559"}
{"index": {"_index":"leo","_id":"2739834"}}
	{"id":2739834,"type":"sell","buyer":"pi-trader","seller":"elricmoonslayer","symbol":"LEO","quantity":"0.294","price":"0.16614201","timestamp":1644399567,"volume":"0.04884575","buyTxId":"3b4ee28a6c4369528d92b56acd80a09f63ace9e8-1","sellTxId":"6fa2f8e5a96ae187f1090b2d139c549b1e05af7a"}
{"index": {"_index":"leo","_id":"2739854"}}
	{"id":2739854,"type":"sell","buyer":"pi-trader","seller":"sentipl","symbol":"LEO","quantity":"0.088","price":"0.16614201","timestamp":1644399840,"volume":"0.01462050","buyTxId":"abd5096b3c29feb07431201ac96219bb50574afc-4","sellTxId":"1ceada26b66bf58ace7383f0211e23ee57f3f59c"}
{"index": {"_index":"leo","_id":"2739991"}}
	{"id":2739991,"type":"sell","buyer":"pi-trader","seller":"adrianus","symbol":"LEO","quantity":"0.032","price":"0.16614201","timestamp":1644402354,"volume":"0.00531654","buyTxId":"42e9586dde24a11f28fc30e29796465d1b602c32-3","sellTxId":"62af0131cce4803a4294ecb93d8d031fc9bdd052"}
{"index": {"_index":"leo","_id":"2740119"}}
	{"id":2740119,"type":"sell","buyer":"pi-trader","seller":"fun2learn","symbol":"LEO","quantity":"0.643","price":"0.16614201","timestamp":1644404232,"volume":"0.10682931","buyTxId":"d2ceb80be251492061e3d5c8c832ac2c69972318-3","sellTxId":"aab34c995d39294ab1046c5ceb509522ee480fa8"}
{"index": {"_index":"leo","_id":"2740224"}}
	{"id":2740224,"type":"sell","buyer":"pi-trader","seller":"eturnerx","symbol":"LEO","quantity":"2.678","price":"0.16614201","timestamp":1644405681,"volume":"0.44492830","buyTxId":"3d7e1c32a96199d72539d4b389ac151236de64e2-4","sellTxId":"96fa3c724a736191e7f6e53b0de35fe6e33f1eb6"}
{"index": {"_index":"leo","_id":"2740420"}}
	{"id":2740420,"type":"sell","buyer":"pi-trader","seller":"jjb777","symbol":"LEO","quantity":"42.613","price":"0.16614201","timestamp":1644408840,"volume":"7.07980947","buyTxId":"41e5679e921cbaaa0e86d0bc1de18b2052a9db52-2","sellTxId":"f97fca2eeef18003c532a7d4c2d29419cdd5ced0"}
{"index": {"_index":"leo","_id":"2740425"}}
	{"id":2740425,"type":"sell","buyer":"pi-trader","seller":"steem82868","symbol":"LEO","quantity":"2.022","price":"0.16614201","timestamp":1644408891,"volume":"0.33593914","buyTxId":"1f95322fbb1fb217c64dbc382532f53cceab5739-4","sellTxId":"08181eb3f46df6103ba235f635019b8c78a29363"}
{"index": {"_index":"leo","_id":"2740565"}}
	{"id":2740565,"type":"sell","buyer":"pi-trader","seller":"matthew1","symbol":"LEO","quantity":"4.668","price":"0.16614201","timestamp":1644411336,"volume":"0.77555090","buyTxId":"26a5652be52de8a260e2522a1bbac3e7b15d363f-2","sellTxId":"8ddba596e6d8f85cb4031543bb08cb82a62ff68e"}
{"index": {"_index":"leo","_id":"2740830"}}
	{"id":2740830,"type":"sell","buyer":"pi-trader","seller":"lichtblick","symbol":"LEO","quantity":"133.283","price":"0.16614201","timestamp":1644414219,"volume":"22.14390552","buyTxId":"8d41c5aa36d9dd5ed1129b1e9021c3f4646f740a-3","sellTxId":"30a293ae50aa5e6fb24fb19135e03214531e3976"}
{"index": {"_index":"leo","_id":"2741027"}}
	{"id":2741027,"type":"sell","buyer":"pi-trader","seller":"insight.pob","symbol":"LEO","quantity":"11.836","price":"0.16614201","timestamp":1644416616,"volume":"1.96645683","buyTxId":"5a3153da7295e40c3e1a60f010f37f88296c31c5-4","sellTxId":"f7c1678070769c889415fa3c1b2392e44f33cf00"}
{"index": {"_index":"leo","_id":"2741117"}}
	{"id":2741117,"type":"sell","buyer":"pi-trader","seller":"emeka4","symbol":"LEO","quantity":"2.183","price":"0.16614201","timestamp":1644418074,"volume":"0.36268801","buyTxId":"edf1621505d8ce655099c4fb118bcf0cfefdb284-2","sellTxId":"7debd944ba4078c987d083e22f9ef6b8880d9c06"}
{"index": {"_index":"leo","_id":"2741290"}}
	{"id":2741290,"type":"sell","buyer":"pi-trader","seller":"precious008","symbol":"LEO","quantity":"9.364","price":"0.16614201","timestamp":1644420225,"volume":"1.55575378","buyTxId":"a3a6c0a1fb701a428f6ba91519bbf10c8e31871d-4","sellTxId":"9a3b87a74efe3870c134d4c39799deb0dbd999ad"}
{"index": {"_index":"leo","_id":"2741354"}}
	{"id":2741354,"type":"sell","buyer":"pi-trader","seller":"knowledge23.pob","symbol":"LEO","quantity":"12.160","price":"0.16614201","timestamp":1644420567,"volume":"2.02028684","buyTxId":"049f689aae98224c18dc6c1c3b516c1eb41e0d09-3","sellTxId":"6ee3ad38feddf2317f53faf9761d76bf17249dd9"}
{"index": {"_index":"leo","_id":"2741359"}}
	{"id":2741359,"type":"sell","buyer":"pi-trader","seller":"jphamer1","symbol":"LEO","quantity":"60.367","price":"0.16614201","timestamp":1644420579,"volume":"10.02949472","buyTxId":"049f689aae98224c18dc6c1c3b516c1eb41e0d09-3","sellTxId":"9fa421e2513ca62617b4cf38a87e264fd269fa4f"}
{"index": {"_index":"leo","_id":"2741365"}}
	{"id":2741365,"type":"sell","buyer":"pi-trader","seller":"aweee","symbol":"LEO","quantity":"8.425","price":"0.16614201","timestamp":1644420630,"volume":"1.39974643","buyTxId":"a246c9eeb5a9b1c29bdf9327e2ba848adc6f24d7-4","sellTxId":"e2a8cf7b8b6661e7791b4626e1aabb950295b83d"}
{"index": {"_index":"leo","_id":"2741390"}}
	{"id":2741390,"type":"sell","buyer":"pi-trader","seller":"cryptomajika","symbol":"LEO","quantity":"0.001","price":"0.16614201","timestamp":1644420897,"volume":"0.00016614","buyTxId":"3525b6cbf4effafdfbccf2462c1f92e3429b8f68-2","sellTxId":"8a0acbe0d81b72f5fb926bed59f76a0970fe9fce"}
{"index": {"_index":"leo","_id":"2741415"}}
	{"id":2741415,"type":"sell","buyer":"pi-trader","seller":"pobtrader","symbol":"LEO","quantity":"7.570","price":"0.16614201","timestamp":1644421092,"volume":"1.25769502","buyTxId":"24ac012c8199272089a5981cf1d3375d90435140-1","sellTxId":"e7e5f3ba0fa893ff090cf1236299160845a6c84b"}
{"index": {"_index":"leo","_id":"2741435"}}
	{"id":2741435,"type":"sell","buyer":"pi-trader","seller":"joshsticks28","symbol":"LEO","quantity":"7.606","price":"0.16614201","timestamp":1644421323,"volume":"1.26367613","buyTxId":"adeccf3c13c51de731ac2af27ea87e20e682b0f3-4","sellTxId":"0b3bda6d4ecea446bb52e5287879caf3114b2122"}
{"index": {"_index":"leo","_id":"2741780"}}
	{"id":2741780,"type":"sell","buyer":"pi-trader","seller":"toofasteddie","symbol":"LEO","quantity":"10.500","price":"0.16614201","timestamp":1644424503,"volume":"1.74449111","buyTxId":"b03c6d2e55270ce373e055f6acd810b621686d47-3","sellTxId":"07ee48bdcd7ca13138701f147d0fec047dc50b01"}
{"index": {"_index":"leo","_id":"2741801"}}
	{"id":2741801,"type":"sell","buyer":"pi-trader","seller":"bearbear613","symbol":"LEO","quantity":"1.048","price":"0.16800001","timestamp":1644424692,"volume":"0.17606401","buyTxId":"03360badb8c1202c6e3aa36a1440dd0b98ddc319-1","sellTxId":"238f54b11fb31fb1248e2c74b35bfbfb10e53480"}
{"index": {"_index":"leo","_id":"2741932"}}
	{"id":2741932,"type":"sell","buyer":"darewealth","seller":"dswap","symbol":"LEO","quantity":"0.156","price":"0.17100000","timestamp":1644425550,"volume":"0.02667600","buyTxId":"4b3659483b72511027f4c036b31b103ca45362b9","sellTxId":"20ed0832f19cced83d13f4aba46ffb8d6875e2c1"}
{"index": {"_index":"leo","_id":"2742103"}}
	{"id":2742103,"type":"sell","buyer":"leomaker","seller":"willsaldeno","symbol":"LEO","quantity":"1.671","price":"0.17100200","timestamp":1644427512,"volume":"0.28574434","buyTxId":"11a15e42c15796fe932bfbe95765dfef56c22136","sellTxId":"7d2a968240c2882d10e470d39d7c6da54990ff1a"}
{"index": {"_index":"leo","_id":"2742104"}}
	{"id":2742104,"type":"sell","buyer":"darewealth","seller":"willsaldeno","symbol":"LEO","quantity":"0.539","price":"0.17100000","timestamp":1644427512,"volume":"0.09216900","buyTxId":"4b3659483b72511027f4c036b31b103ca45362b9","sellTxId":"7d2a968240c2882d10e470d39d7c6da54990ff1a"}
{"index": {"_index":"leo","_id":"2742112"}}
	{"id":2742112,"type":"sell","buyer":"darewealth","seller":"abh12345","symbol":"LEO","quantity":"39.305","price":"0.17100000","timestamp":1644427650,"volume":"6.72115500","buyTxId":"4b3659483b72511027f4c036b31b103ca45362b9","sellTxId":"96a315667336fafd32056daa0dc608828bf06696"}
{"index": {"_index":"leo","_id":"2742113"}}
	{"id":2742113,"type":"sell","buyer":"leomaker","seller":"abh12345","symbol":"LEO","quantity":"2.104","price":"0.16800200","timestamp":1644427650,"volume":"0.35347621","buyTxId":"b83424afee7ed568af0e959d21cd3e3473c7425d","sellTxId":"96a315667336fafd32056daa0dc608828bf06696"}
{"index": {"_index":"leo","_id":"2742114"}}
	{"id":2742114,"type":"sell","buyer":"leomaker","seller":"abh12345","symbol":"LEO","quantity":"2.426","price":"0.16614200","timestamp":1644427650,"volume":"0.40306049","buyTxId":"22e5c90641559477349adbe1ebfaf1dc53efc811","sellTxId":"96a315667336fafd32056daa0dc608828bf06696"}
{"index": {"_index":"leo","_id":"2742115"}}
	{"id":2742115,"type":"sell","buyer":"leomaker","seller":"abh12345","symbol":"LEO","quantity":"2.482","price":"0.16614000","timestamp":1644427650,"volume":"0.41235948","buyTxId":"13341fd0f259938108fe7fd21b6f1ac6807e842b","sellTxId":"96a315667336fafd32056daa0dc608828bf06696"}
{"index": {"_index":"leo","_id":"2742116"}}
	{"id":2742116,"type":"sell","buyer":"leomaker","seller":"abh12345","symbol":"LEO","quantity":"2.539","price":"0.16613800","timestamp":1644427650,"volume":"0.42182438","buyTxId":"0af802e9d81cf0edd4d99697b4318bbee50921d7","sellTxId":"96a315667336fafd32056daa0dc608828bf06696"}
{"index": {"_index":"leo","_id":"2742117"}}
	{"id":2742117,"type":"sell","buyer":"leomaker","seller":"abh12345","symbol":"LEO","quantity":"2.597","price":"0.16613600","timestamp":1644427650,"volume":"0.43145519","buyTxId":"1ee4e82771522c16d4a9274d2e8d454584dc2733","sellTxId":"96a315667336fafd32056daa0dc608828bf06696"}
{"index": {"_index":"leo","_id":"2742118"}}
	{"id":2742118,"type":"sell","buyer":"leomaker","seller":"abh12345","symbol":"LEO","quantity":"2.657","price":"0.16613400","timestamp":1644427650,"volume":"0.44141804","buyTxId":"901b8f1b05c43fdc2175cf75fbfc12f3b1451e6e","sellTxId":"96a315667336fafd32056daa0dc608828bf06696"}
{"index": {"_index":"leo","_id":"2742119"}}
	{"id":2742119,"type":"sell","buyer":"leomaker","seller":"abh12345","symbol":"LEO","quantity":"2.718","price":"0.16613200","timestamp":1644427650,"volume":"0.45154678","buyTxId":"7b86eadac40fe9959b4e5ed6aaada8da8377e34d","sellTxId":"96a315667336fafd32056daa0dc608828bf06696"}
{"index": {"_index":"leo","_id":"2742120"}}
	{"id":2742120,"type":"sell","buyer":"leomaker","seller":"abh12345","symbol":"LEO","quantity":"2.782","price":"0.16613000","timestamp":1644427650,"volume":"0.46217366","buyTxId":"d9206aa078c25db9dac9e36822f1ece1f77122f3","sellTxId":"96a315667336fafd32056daa0dc608828bf06696"}
{"index": {"_index":"leo","_id":"2742121"}}
	{"id":2742121,"type":"sell","buyer":"leomaker","seller":"abh12345","symbol":"LEO","quantity":"2.846","price":"0.16612800","timestamp":1644427650,"volume":"0.47280029","buyTxId":"ec7028ac3dbbe4e7159ac17ca7d108e9e2b8e996","sellTxId":"96a315667336fafd32056daa0dc608828bf06696"}
{"index": {"_index":"leo","_id":"2742122"}}
	{"id":2742122,"type":"sell","buyer":"leomaker","seller":"abh12345","symbol":"LEO","quantity":"2.911","price":"0.16612600","timestamp":1644427650,"volume":"0.48359279","buyTxId":"e0eb2917cd0b3095170d4dc41a7daa9c8fd27cc4","sellTxId":"96a315667336fafd32056daa0dc608828bf06696"}
{"index": {"_index":"leo","_id":"2742123"}}
	{"id":2742123,"type":"sell","buyer":"leomaker","seller":"abh12345","symbol":"LEO","quantity":"2.979","price":"0.16612400","timestamp":1644427650,"volume":"0.49488340","buyTxId":"f1b7ce038df48847540187a1ecdc85c5db6e2a39","sellTxId":"96a315667336fafd32056daa0dc608828bf06696"}
{"index": {"_index":"leo","_id":"2742124"}}
	{"id":2742124,"type":"sell","buyer":"leomaker","seller":"abh12345","symbol":"LEO","quantity":"3.048","price":"0.16612200","timestamp":1644427650,"volume":"0.50633986","buyTxId":"27c40874d1261392b2575493019534db2aa3d0b0","sellTxId":"96a315667336fafd32056daa0dc608828bf06696"}
{"index": {"_index":"leo","_id":"2742125"}}
	{"id":2742125,"type":"sell","buyer":"leomaker","seller":"abh12345","symbol":"LEO","quantity":"3.119","price":"0.16612000","timestamp":1644427650,"volume":"0.51812828","buyTxId":"272c21e30d366a9861134572ca6a2c6986b495af","sellTxId":"96a315667336fafd32056daa0dc608828bf06696"}
{"index": {"_index":"leo","_id":"2742126"}}
	{"id":2742126,"type":"buy","buyer":"konvik","seller":"abh12345","symbol":"LEO","quantity":"51.802","price":"0.16612000","timestamp":1644427653,"volume":"8.60534824","buyTxId":"c79cfa1145a3361ca5248a61a35270646d792515-0","sellTxId":"96a315667336fafd32056daa0dc608828bf06696"}
{"index": {"_index":"leo","_id":"2742494"}}
	{"id":2742494,"type":"sell","buyer":"pi-trader","seller":"archon-drips","symbol":"LEO","quantity":"0.003","price":"0.16612401","timestamp":1644431130,"volume":"0.00049837","buyTxId":"8766eb2b62273d273af9881bef56bc3cf5b38d2e-1","sellTxId":"7b9c32cf3d884ad979d7fc55efb9d82ab8e81e22"}
{"index": {"_index":"leo","_id":"2742606"}}
	{"id":2742606,"type":"buy","buyer":"genet","seller":"uwelang","symbol":"LEO","quantity":"6.803","price":"0.16613000","timestamp":1644432396,"volume":"1.13018239","buyTxId":"b2c17f24cab349455fbb25824e803f0d6e81eb75-0","sellTxId":"68abde86bff956379a4b1ea5dbe854cfdd81a73a"}
{"index": {"_index":"leo","_id":"2742618"}}
	{"id":2742618,"type":"buy","buyer":"svirus","seller":"realsort","symbol":"LEO","quantity":"11.880","price":"0.16613000","timestamp":1644432555,"volume":"1.97362440","buyTxId":"591458e632a7764fe9d8d5129af2d0028b0c0af3-0","sellTxId":"7b6dcdd05d32127facdb4038e84326cdfeaff82c"}
{"index": {"_index":"leo","_id":"2742619"}}
	{"id":2742619,"type":"buy","buyer":"genet","seller":"realsort","symbol":"LEO","quantity":"0.009","price":"0.16613000","timestamp":1644432555,"volume":"0.00149517","buyTxId":"c4402628457acca70f7c31cf43d4c2ef6c56c40f-0","sellTxId":"7b6dcdd05d32127facdb4038e84326cdfeaff82c"}
{"index": {"_index":"leo","_id":"2742694"}}
	{"id":2742694,"type":"sell","buyer":"pi-trader","seller":"jjprac","symbol":"LEO","quantity":"12.904","price":"0.16613001","timestamp":1644433230,"volume":"2.14374165","buyTxId":"4f31ccba59b2b89884e0e22286f3aceeb0066926-1","sellTxId":"81e5fd95bcfc2f7058c5bd7b1337c3502003ef96"}
{"index": {"_index":"leo","_id":"2742898"}}
	{"id":2742898,"type":"sell","buyer":"pi-trader","seller":"reward.app","symbol":"LEO","quantity":"60.249","price":"0.16613401","timestamp":1644434829,"volume":"10.00940797","buyTxId":"ba7afe77005731e8b13e5d5c089a33bd46dc8cc6-3","sellTxId":"4c627ed162e53b54b65e4fad223dba0d2c9a9f54"}
{"index": {"_index":"leo","_id":"2742997"}}
	{"id":2742997,"type":"sell","buyer":"pi-trader","seller":"lammbock","symbol":"LEO","quantity":"0.246","price":"0.16613801","timestamp":1644436242,"volume":"0.04086995","buyTxId":"fe16b05dbe50bf8ed3e5b63f06cd2e73b291c985-1","sellTxId":"7b08a0f84869f99a8a77201e06a396805932bccb"}
{"index": {"_index":"leo","_id":"2743380"}}
	{"id":2743380,"type":"buy","buyer":"stevieboyes","seller":"pi-trader","symbol":"LEO","quantity":"0.500","price":"0.17394599","timestamp":1644440640,"volume":"0.08697300","buyTxId":"9a986a24355c4d9d357931995069d56c93c1daa8","sellTxId":"57611bb1f9cbb4ea530c36e40dd880493eccbfdf-3"}
{"index": {"_index":"leo","_id":"2743734"}}
	{"id":2743734,"type":"sell","buyer":"pi-trader","seller":"freeztag","symbol":"LEO","quantity":"1.202","price":"0.16614201","timestamp":1644442269,"volume":"0.19970270","buyTxId":"6f4beb8cbc3aa76696f9680eb3f1cfb32a2af46b-3","sellTxId":"0ff9e0d102657bf0ad5b9bcfff72acf808fd11c7"}
{"index": {"_index":"leo","_id":"2743755"}}
	{"id":2743755,"type":"sell","buyer":"pi-trader","seller":"freeztag","symbol":"LEO","quantity":"0.174","price":"0.16614201","timestamp":1644442356,"volume":"0.02890871","buyTxId":"014a9b40dd184e189e8a1e222a6882145a1c96f8-2","sellTxId":"c009420ac84fa473454773d4f686ad038e7616a8"}
{"index": {"_index":"leo","_id":"2743896"}}
	{"id":2743896,"type":"sell","buyer":"pi-trader","seller":"firstborn.pob","symbol":"LEO","quantity":"6.888","price":"0.16614203","timestamp":1644443610,"volume":"1.14438630","buyTxId":"691ad893df73be897ce5a27660dbdceddabc47e6-4","sellTxId":"8e1b1db9e8132ce7a5ff628d87a89adf35026fa3"}
{"index": {"_index":"leo","_id":"2743912"}}
	{"id":2743912,"type":"sell","buyer":"pi-trader","seller":"invest-time","symbol":"LEO","quantity":"3.695","price":"0.16614201","timestamp":1644443772,"volume":"0.61389473","buyTxId":"cec8a7667aba1dc7ad57b5a42b34d61e6822dde7-2","sellTxId":"7fbf5b59a0f75fdb75b35ffa253d86ef3582a9af"}
{"index": {"_index":"leo","_id":"2744019"}}
	{"id":2744019,"type":"sell","buyer":"leomaker","seller":"stickupcash","symbol":"LEO","quantity":"1.776","price":"0.16614200","timestamp":1644444957,"volume":"0.29506819","buyTxId":"eb33ee73f027c3df4b41ae8a01d6577a41267c78","sellTxId":"f185c1ab4b55ead9a1bc6dda717b0f9c20d30d2b"}
{"index": {"_index":"leo","_id":"2744067"}}
	{"id":2744067,"type":"buy","buyer":"vancouverpics","seller":"droida","symbol":"LEO","quantity":"7.362","price":"0.16614199","timestamp":1644445596,"volume":"1.22313733","buyTxId":"2b773135ed9d0018c8270d1d453b57210c118fce","sellTxId":"1ac341143ee4cab451fb09d94b1436936557d64e"}
{"index": {"_index":"leo","_id":"2744068"}}
	{"id":2744068,"type":"buy","buyer":"vancouverpics","seller":"stickupcash","symbol":"LEO","quantity":"0.138","price":"0.16614200","timestamp":1644445596,"volume":"0.02292760","buyTxId":"2b773135ed9d0018c8270d1d453b57210c118fce","sellTxId":"f185c1ab4b55ead9a1bc6dda717b0f9c20d30d2b"}
{"index": {"_index":"leo","_id":"2744079"}}
	{"id":2744079,"type":"buy","buyer":"vancouverpics","seller":"stickupcash","symbol":"LEO","quantity":"0.004","price":"0.16614200","timestamp":1644445740,"volume":"0.00066457","buyTxId":"d1b822e5fd4621ac84292b220f4e618a8bcb9d48","sellTxId":"f185c1ab4b55ead9a1bc6dda717b0f9c20d30d2b"}
{"index": {"_index":"leo","_id":"2744097"}}
	{"id":2744097,"type":"buy","buyer":"melbourneswest","seller":"pi-trader","symbol":"LEO","quantity":"3.795","price":"0.17389799","timestamp":1644446058,"volume":"0.66","buyTxId":"b5ef2bac4f70c760ce8c60d776fb5db0abac8095","sellTxId":"9b9089a5472be3fcb87d9c52b103b1ebc9282556-3"}
{"index": {"_index":"leo","_id":"2744193"}}
	{"id":2744193,"type":"sell","buyer":"vancouverpics","seller":"reppilc","symbol":"LEO","quantity":"0.996","price":"0.16614200","timestamp":1644447489,"volume":"0.16547743","buyTxId":"d1b822e5fd4621ac84292b220f4e618a8bcb9d48","sellTxId":"75e249fe9e385e56df831e7ff7b115586c61fc89"}
{"index": {"_index":"leo","_id":"2744200"}}
	{"id":2744200,"type":"buy","buyer":"evernoticethat","seller":"reppilc","symbol":"LEO","quantity":"0.078","price":"0.16614200","timestamp":1644447570,"volume":"0.01295908","buyTxId":"ad5efb994a36319c5f46aaceef67bfd3952fdd1a","sellTxId":"75e249fe9e385e56df831e7ff7b115586c61fc89"}
{"index": {"_index":"leo","_id":"2744201"}}
	{"id":2744201,"type":"buy","buyer":"evernoticethat","seller":"pi-trader","symbol":"LEO","quantity":"4.022","price":"0.17389599","timestamp":1644447570,"volume":"0.69940967","buyTxId":"ad5efb994a36319c5f46aaceef67bfd3952fdd1a","sellTxId":"1439adb5e255dca71575d1ed2c826e8bfe0ac248-5"}
{"index": {"_index":"leo","_id":"2744243"}}
	{"id":2744243,"type":"sell","buyer":"leomaker","seller":"mawit07","symbol":"LEO","quantity":"1.818","price":"0.16614000","timestamp":1644447966,"volume":"0.30204252","buyTxId":"7b438c45371c284f069213e3f20ece0e2a953054","sellTxId":"f73c4245b486852e5ba3adcc756c3c3a9ffeda76"}
{"index": {"_index":"leo","_id":"2744244"}}
	{"id":2744244,"type":"sell","buyer":"ammonite","seller":"mawit07","symbol":"LEO","quantity":"4.265","price":"0.16614000","timestamp":1644447966,"volume":"0.70858710","buyTxId":"1c6fa753abb4b7d59db8e3246f138c091781678f","sellTxId":"f73c4245b486852e5ba3adcc756c3c3a9ffeda76"}
{"index": {"_index":"leo","_id":"2744323"}}
	{"id":2744323,"type":"sell","buyer":"ammonite","seller":"svetlanaaa","symbol":"LEO","quantity":"0.146","price":"0.16614000","timestamp":1644448893,"volume":"0.02425644","buyTxId":"1c6fa753abb4b7d59db8e3246f138c091781678f","sellTxId":"cc8b637f7bbe3aea0ad0af7ed69c7d306a51fec4"}
{"index": {"_index":"leo","_id":"2744357"}}
	{"id":2744357,"type":"buy","buyer":"melbourneswest","seller":"pi-trader","symbol":"LEO","quantity":"6.268","price":"0.17389299","timestamp":1644449622,"volume":"1.09","buyTxId":"06a76e8782fbba847b0c470f2b6db8038a1e5611","sellTxId":"6eb5533c3565835858d67e84a04d1fcc68161bc8-3"}
{"index": {"_index":"leo","_id":"2744462"}}
	{"id":2744462,"type":"sell","buyer":"ammonite","seller":"bearbear613","symbol":"LEO","quantity":"10.589","price":"0.16614000","timestamp":1644451497,"volume":"1.75925646","buyTxId":"1c6fa753abb4b7d59db8e3246f138c091781678f","sellTxId":"52dcb69dd0fb6fb7c0eedec3d08f31165c1ac7a4"}
{"index": {"_index":"leo","_id":"2744475"}}
	{"id":2744475,"type":"sell","buyer":"leomaker","seller":"themightyvolcano","symbol":"LEO","quantity":"1.858","price":"0.16613800","timestamp":1644451773,"volume":"0.30868440","buyTxId":"242b1cf5f70525d930893b79c6d8502ecd6a20cc","sellTxId":"56306156f532be610625d7455a6aa5b33266392f"}
{"index": {"_index":"leo","_id":"2744476"}}
	{"id":2744476,"type":"sell","buyer":"leomaker","seller":"themightyvolcano","symbol":"LEO","quantity":"1.901","price":"0.16613600","timestamp":1644451773,"volume":"0.31582454","buyTxId":"4512cd3a6b3c7d0e18559fba090f156ae6808130","sellTxId":"56306156f532be610625d7455a6aa5b33266392f"}
{"index": {"_index":"leo","_id":"2744477"}}
	{"id":2744477,"type":"sell","buyer":"leomaker","seller":"themightyvolcano","symbol":"LEO","quantity":"1.945","price":"0.16613400","timestamp":1644451773,"volume":"0.32313063","buyTxId":"49e704b9f3a1c741e6b2e852ff413ce06844a011","sellTxId":"56306156f532be610625d7455a6aa5b33266392f"}
{"index": {"_index":"leo","_id":"2744478"}}
	{"id":2744478,"type":"sell","buyer":"leomaker","seller":"themightyvolcano","symbol":"LEO","quantity":"1.991","price":"0.16613200","timestamp":1644451773,"volume":"0.33076881","buyTxId":"8d07f044dad6c59b7f8090db00830c5dcc3e424b","sellTxId":"56306156f532be610625d7455a6aa5b33266392f"}
{"index": {"_index":"leo","_id":"2744479"}}
	{"id":2744479,"type":"sell","buyer":"leomaker","seller":"themightyvolcano","symbol":"LEO","quantity":"2.036","price":"0.16613000","timestamp":1644451773,"volume":"0.33824068","buyTxId":"f6f5b13106e8e6123bffa856fa274884a1f247cc","sellTxId":"56306156f532be610625d7455a6aa5b33266392f"}
{"index": {"_index":"leo","_id":"2744480"}}
	{"id":2744480,"type":"sell","buyer":"leomaker","seller":"themightyvolcano","symbol":"LEO","quantity":"2.084","price":"0.16612800","timestamp":1644451773,"volume":"0.34621075","buyTxId":"0c222cf4d4ff4024d4921e1a93c54ecb4d39325f","sellTxId":"56306156f532be610625d7455a6aa5b33266392f"}
{"index": {"_index":"leo","_id":"2744481"}}
	{"id":2744481,"type":"sell","buyer":"leomaker","seller":"themightyvolcano","symbol":"LEO","quantity":"2.132","price":"0.16612600","timestamp":1644451773,"volume":"0.35418063","buyTxId":"a687010a292f275d072279f8114ddd8fa7a864b5","sellTxId":"56306156f532be610625d7455a6aa5b33266392f"}
{"index": {"_index":"leo","_id":"2744482"}}
	{"id":2744482,"type":"sell","buyer":"leomaker","seller":"themightyvolcano","symbol":"LEO","quantity":"2.181","price":"0.16612400","timestamp":1644451773,"volume":"0.36231644","buyTxId":"670eae3b9e2460733ef8e7b84d65169bd41ffbb0","sellTxId":"56306156f532be610625d7455a6aa5b33266392f"}
{"index": {"_index":"leo","_id":"2744483"}}
	{"id":2744483,"type":"sell","buyer":"leomaker","seller":"themightyvolcano","symbol":"LEO","quantity":"2.230","price":"0.16612200","timestamp":1644451773,"volume":"0.37045206","buyTxId":"c9134dff6e03fc63cd9aad5bab22029443c128d6","sellTxId":"56306156f532be610625d7455a6aa5b33266392f"}
{"index": {"_index":"leo","_id":"2744484"}}
	{"id":2744484,"type":"sell","buyer":"leomaker","seller":"themightyvolcano","symbol":"LEO","quantity":"2.282","price":"0.16612000","timestamp":1644451773,"volume":"0.37908584","buyTxId":"02bcb9f9132c4d827a17c1fa7437190a0d8f7ed1","sellTxId":"56306156f532be610625d7455a6aa5b33266392f"}
{"index": {"_index":"leo","_id":"2744485"}}
	{"id":2744485,"type":"sell","buyer":"leomaker","seller":"themightyvolcano","symbol":"LEO","quantity":"3.190","price":"0.16611800","timestamp":1644451773,"volume":"0.52991642","buyTxId":"a5f2632ccc6f5c079ef057be888d8a085287e9bc","sellTxId":"56306156f532be610625d7455a6aa5b33266392f"}
{"index": {"_index":"leo","_id":"2744486"}}
	{"id":2744486,"type":"sell","buyer":"leomaker","seller":"themightyvolcano","symbol":"LEO","quantity":"3.265","price":"0.16611600","timestamp":1644451773,"volume":"0.54236874","buyTxId":"a70a9bc069910708186914c20588ca02262cc4e1","sellTxId":"56306156f532be610625d7455a6aa5b33266392f"}
{"index": {"_index":"leo","_id":"2744487"}}
	{"id":2744487,"type":"sell","buyer":"leomaker","seller":"themightyvolcano","symbol":"LEO","quantity":"3.341","price":"0.16611400","timestamp":1644451773,"volume":"0.55498687","buyTxId":"93fd3c929b8d8d019a81173671f8b941560c4ee4","sellTxId":"56306156f532be610625d7455a6aa5b33266392f"}
{"index": {"_index":"leo","_id":"2744488"}}
	{"id":2744488,"type":"sell","buyer":"leomaker","seller":"themightyvolcano","symbol":"LEO","quantity":"0.309","price":"0.16611200","timestamp":1644451773,"volume":"0.05132861","buyTxId":"1baccadf5674bf39c0152bcca73ac980ab9b3dcb","sellTxId":"56306156f532be610625d7455a6aa5b33266392f"}
{"index": {"_index":"leo","_id":"2744513"}}
	{"id":2744513,"type":"sell","buyer":"leomaker","seller":"pixelfan","symbol":"LEO","quantity":"0.412","price":"0.16611200","timestamp":1644452070,"volume":"0.06843814","buyTxId":"1baccadf5674bf39c0152bcca73ac980ab9b3dcb","sellTxId":"6c752e0bcf6b3867d2ddc79bc36d83499427385d"}
{"index": {"_index":"leo","_id":"2744518"}}
	{"id":2744518,"type":"sell","buyer":"leomaker","seller":"brofi-market","symbol":"LEO","quantity":"2.697","price":"0.16611200","timestamp":1644452100,"volume":"0.44800406","buyTxId":"1baccadf5674bf39c0152bcca73ac980ab9b3dcb","sellTxId":"4813f592c274554338a1471ea92c3b7c20d16c42"}
{"index": {"_index":"leo","_id":"2744593"}}
	{"id":2744593,"type":"buy","buyer":"edkarnie","seller":"brofi-market","symbol":"LEO","quantity":"8.711","price":"0.16611200","timestamp":1644452769,"volume":"1.44700163","buyTxId":"af2a739a2e771a64d44f875868f646be09d58c4e","sellTxId":"4813f592c274554338a1471ea92c3b7c20d16c42"}
{"index": {"_index":"leo","_id":"2744595"}}
	{"id":2744595,"type":"buy","buyer":"edkarnie","seller":"bearbear613","symbol":"LEO","quantity":"8.694","price":"0.16614000","timestamp":1644452814,"volume":"1.44442116","buyTxId":"246ec26dbef9cae8c97fe368946acd4983ed23f8","sellTxId":"52dcb69dd0fb6fb7c0eedec3d08f31165c1ac7a4"}
{"index": {"_index":"leo","_id":"2744596"}}
	{"id":2744596,"type":"buy","buyer":"edkarnie","seller":"brofi-market","symbol":"LEO","quantity":"10.306","price":"0.16614000","timestamp":1644452814,"volume":"1.71223884","buyTxId":"246ec26dbef9cae8c97fe368946acd4983ed23f8","sellTxId":"444de185bece24255d2d95a93395295c0481c3a2"}
{"index": {"_index":"leo","_id":"2744634"}}
	{"id":2744634,"type":"sell","buyer":"leomaker","seller":"chireerocks","symbol":"LEO","quantity":"1.737","price":"0.16611300","timestamp":1644453432,"volume":"0.28853828","buyTxId":"d2aded98ac7c5aaecae31c1689e92884cf6adb61","sellTxId":"745780a595a5bea7ee1603546f4e2d4e54b08469"}
{"index": {"_index":"leo","_id":"2744640"}}
	{"id":2744640,"type":"sell","buyer":"edkarnie","seller":"chireerocks","symbol":"LEO","quantity":"25.481","price":"0.16611100","timestamp":1644453498,"volume":"4.23267439","buyTxId":"630e1f5778e97ad81330370ee6938f8ff13f5e51","sellTxId":"2ee63b3b01d906a86f3d1bd36074b7d83b73c12b"}
{"index": {"_index":"leo","_id":"2744751"}}
	{"id":2744751,"type":"buy","buyer":"stayoutoftherz","seller":"brofi-market","symbol":"LEO","quantity":"1.102","price":"0.16614000","timestamp":1644455019,"volume":"0.18308628","buyTxId":"8faaadf25747f54e968ece37d268c91e47add421","sellTxId":"444de185bece24255d2d95a93395295c0481c3a2"}
{"index": {"_index":"leo","_id":"2745155"}}
	{"id":2745155,"type":"sell","buyer":"stayoutoftherz","seller":"hawks21","symbol":"LEO","quantity":"5.147","price":"0.16620000","timestamp":1644457755,"volume":"0.85543140","buyTxId":"8faaadf25747f54e968ece37d268c91e47add421","sellTxId":"640bdc133f5fb3088f98998284b8a610c3a242ea"}
{"index": {"_index":"leo","_id":"2745381"}}
	{"id":2745381,"type":"sell","buyer":"stayoutoftherz","seller":"sipahikara","symbol":"LEO","quantity":"0.112","price":"0.16620000","timestamp":1644459666,"volume":"0.01861440","buyTxId":"8faaadf25747f54e968ece37d268c91e47add421","sellTxId":"8fc571ddd31e503fec0ed6f78c1e79e6260910bb"}
{"index": {"_index":"leo","_id":"2745715"}}
	{"id":2745715,"type":"sell","buyer":"stayoutoftherz","seller":"mango-juice","symbol":"LEO","quantity":"2.639","price":"0.16620000","timestamp":1644463812,"volume":"0.43860180","buyTxId":"8faaadf25747f54e968ece37d268c91e47add421","sellTxId":"c2a0ee5e5ce9cba27ed06071c119f83f3083669f"}
{"index": {"_index":"leo","_id":"2745723"}}
	{"id":2745723,"type":"sell","buyer":"leomaker","seller":"mango-juice","symbol":"LEO","quantity":"1.699","price":"0.16611300","timestamp":1644463845,"volume":"0.28222599","buyTxId":"60fe1b2fee8b8617fd84d0dd1795d515ce93fee0","sellTxId":"3beb98c65f7e25c39cb95130489fe25406e8225c"}
{"index": {"_index":"leo","_id":"2745732"}}
	{"id":2745732,"type":"sell","buyer":"edkarnie","seller":"mango-juice","symbol":"LEO","quantity":"1.857","price":"0.16611100","timestamp":1644463878,"volume":"0.30846813","buyTxId":"630e1f5778e97ad81330370ee6938f8ff13f5e51","sellTxId":"53cf921be2c5de4d07504e8aa98b110c10e3ee9a"}
