{"index": {"_index":"leo","_id":"3254039"}}
	{"id":3254039,"type":"sell","buyer":"pi-trader","seller":"kolbjorn","symbol":"LEO","quantity":"66.198","price":"0.16816801","timestamp":1650599028,"volume":"11.13238593","buyTxId":"15f00c5596a020f6c4d441944c0e6764f998057e-0","sellTxId":"96e2191a10b17c7bba93df27354135ce111c93c7"}
{"index": {"_index":"leo","_id":"3254042"}}
	{"id":3254042,"type":"sell","buyer":"pi-trader","seller":"grand.strategy","symbol":"LEO","quantity":"0.232","price":"0.16816801","timestamp":1650599043,"volume":"0.03901498","buyTxId":"15f00c5596a020f6c4d441944c0e6764f998057e-0","sellTxId":"9af2eac73f01a3d175970ccc8249bbbaf99029aa"}
{"index": {"_index":"leo","_id":"3254244"}}
	{"id":3254244,"type":"sell","buyer":"pi-trader","seller":"thatcryptodave","symbol":"LEO","quantity":"22.161","price":"0.16816801","timestamp":1650601881,"volume":"3.72677127","buyTxId":"3ea00f4472a599ceb863692c54a51b342fe2ba3c-3","sellTxId":"6c44c8ec69825ce16427c5eac3433ca330fdc193"}
{"index": {"_index":"leo","_id":"3254281"}}
	{"id":3254281,"type":"sell","buyer":"pi-trader","seller":"xplosive","symbol":"LEO","quantity":"1.267","price":"0.16816801","timestamp":1650602688,"volume":"0.21306887","buyTxId":"05a68d8e6fe56bdfc4db22cd8a127f2990c62433-2","sellTxId":"5dbbcd1bcd42f192b2c4b5dbeb330fdb17d903e4"}
{"index": {"_index":"leo","_id":"3254390"}}
	{"id":3254390,"type":"sell","buyer":"pi-trader","seller":"lichtblick","symbol":"LEO","quantity":"127.485","price":"0.16816801","timestamp":1650604266,"volume":"21.43889875","buyTxId":"24930350944fbd390315d4eaf6ee606d7a49fd42-2","sellTxId":"212bc7042320942872f63e586188c018224f7071"}
{"index": {"_index":"leo","_id":"3254593"}}
	{"id":3254593,"type":"buy","buyer":"captainquack22","seller":"leomaker","symbol":"LEO","quantity":"5.592","price":"0.17879800","timestamp":1650607707,"volume":"1","buyTxId":"c6ff69ed05e88bf1cde384bc5faf33a3579f333f","sellTxId":"4859f706870fbbc2da6d42062e0e9774ef449674"}
{"index": {"_index":"leo","_id":"3254618"}}
	{"id":3254618,"type":"buy","buyer":"marvinix","seller":"pi-trader","symbol":"LEO","quantity":"1.062","price":"0.17878899","timestamp":1650608064,"volume":"0.19","buyTxId":"6e6858020af37e862e86f0abe01e5654cc8065e2","sellTxId":"5fbb480dc099c6e35c2803cae2a36f86e9f56898-3"}
{"index": {"_index":"leo","_id":"3254739"}}
	{"id":3254739,"type":"sell","buyer":"irivers","seller":"fedesox","symbol":"LEO","quantity":"0.348","price":"0.16900000","timestamp":1650609411,"volume":"0.05881200","buyTxId":"8da85303f0e9627f171cec3702e86bcb40caaaf4","sellTxId":"51b0c63de32bee90f29f93c69405aa7a37fee609"}
{"index": {"_index":"leo","_id":"3254740"}}
	{"id":3254740,"type":"sell","buyer":"pi-trader","seller":"fedesox","symbol":"LEO","quantity":"300.000","price":"0.16816801","timestamp":1650609411,"volume":"50.45040300","buyTxId":"2f42aa288681f870015c2c5fdbfe46854fd8c8c0-2","sellTxId":"51b0c63de32bee90f29f93c69405aa7a37fee609"}
{"index": {"_index":"leo","_id":"3254741"}}
	{"id":3254741,"type":"sell","buyer":"leomaker","seller":"fedesox","symbol":"LEO","quantity":"8.054","price":"0.16816800","timestamp":1650609411,"volume":"1.35442507","buyTxId":"ff11dcf935d9b810e1fcb72ed0ebcd5abf3331c4","sellTxId":"51b0c63de32bee90f29f93c69405aa7a37fee609"}
{"index": {"_index":"leo","_id":"3254742"}}
	{"id":3254742,"type":"sell","buyer":"leomaker","seller":"fedesox","symbol":"LEO","quantity":"8.337","price":"0.16816600","timestamp":1650609411,"volume":"1.40199994","buyTxId":"cd460010440891e86175e20d250811381dc3b59a","sellTxId":"51b0c63de32bee90f29f93c69405aa7a37fee609"}
{"index": {"_index":"leo","_id":"3254743"}}
	{"id":3254743,"type":"sell","buyer":"leomaker","seller":"fedesox","symbol":"LEO","quantity":"8.637","price":"0.16816400","timestamp":1650609411,"volume":"1.45243247","buyTxId":"fc6722afb01417b84517f601f407442cc06c5269","sellTxId":"51b0c63de32bee90f29f93c69405aa7a37fee609"}
{"index": {"_index":"leo","_id":"3254744"}}
	{"id":3254744,"type":"sell","buyer":"ifarmgirl","seller":"fedesox","symbol":"LEO","quantity":"15.494","price":"0.16816400","timestamp":1650609411,"volume":"2.60553302","buyTxId":"2a5540cd403e87faeaeb8889aa06667b03954e60","sellTxId":"51b0c63de32bee90f29f93c69405aa7a37fee609"}
{"index": {"_index":"leo","_id":"3254745"}}
	{"id":3254745,"type":"sell","buyer":"leomaker","seller":"fedesox","symbol":"LEO","quantity":"8.949","price":"0.16816200","timestamp":1650609411,"volume":"1.50488174","buyTxId":"ed2315680e82085de5bf0688aabb493fedc08aa1","sellTxId":"51b0c63de32bee90f29f93c69405aa7a37fee609"}
{"index": {"_index":"leo","_id":"3254746"}}
	{"id":3254746,"type":"sell","buyer":"leomaker","seller":"fedesox","symbol":"LEO","quantity":"9.266","price":"0.16816000","timestamp":1650609411,"volume":"1.55817056","buyTxId":"3a679361463d0c503efeda192747d1e6c56dbe19","sellTxId":"51b0c63de32bee90f29f93c69405aa7a37fee609"}
{"index": {"_index":"leo","_id":"3254747"}}
	{"id":3254747,"type":"sell","buyer":"leomaker","seller":"fedesox","symbol":"LEO","quantity":"9.596","price":"0.16815800","timestamp":1650609411,"volume":"1.61364417","buyTxId":"1f6bd98501dedc7322ad6ec55ba34034b6e6caf6","sellTxId":"51b0c63de32bee90f29f93c69405aa7a37fee609"}
{"index": {"_index":"leo","_id":"3254748"}}
	{"id":3254748,"type":"sell","buyer":"leomaker","seller":"fedesox","symbol":"LEO","quantity":"9.935","price":"0.16815600","timestamp":1650609411,"volume":"1.67062986","buyTxId":"c77463774d0a426d585b4cfc6d60941cb009103e","sellTxId":"51b0c63de32bee90f29f93c69405aa7a37fee609"}
{"index": {"_index":"leo","_id":"3254749"}}
	{"id":3254749,"type":"sell","buyer":"leomaker","seller":"fedesox","symbol":"LEO","quantity":"1.893","price":"0.16815400","timestamp":1650609411,"volume":"0.31831552","buyTxId":"053672298d51d6a40d72aab616b7fb8c51297f60","sellTxId":"51b0c63de32bee90f29f93c69405aa7a37fee609"}
{"index": {"_index":"leo","_id":"3254750"}}
	{"id":3254750,"type":"sell","buyer":"leomaker","seller":"fedesox","symbol":"LEO","quantity":"1.945","price":"0.16815200","timestamp":1650609411,"volume":"0.32705564","buyTxId":"0ac4958b9b168a39f9d5da23197d913e39261618","sellTxId":"51b0c63de32bee90f29f93c69405aa7a37fee609"}
{"index": {"_index":"leo","_id":"3254751"}}
	{"id":3254751,"type":"sell","buyer":"leomaker","seller":"fedesox","symbol":"LEO","quantity":"1.997","price":"0.16815000","timestamp":1650609411,"volume":"0.33579555","buyTxId":"d52022fb73f30c951bad7fd7149d05dd6ab7eb16","sellTxId":"51b0c63de32bee90f29f93c69405aa7a37fee609"}
{"index": {"_index":"leo","_id":"3254752"}}
	{"id":3254752,"type":"sell","buyer":"leomaker","seller":"fedesox","symbol":"LEO","quantity":"2.052","price":"0.16814800","timestamp":1650609411,"volume":"0.34503970","buyTxId":"64727b1ce80899ae7d874c63817cd6ae297249e5","sellTxId":"51b0c63de32bee90f29f93c69405aa7a37fee609"}
{"index": {"_index":"leo","_id":"3254753"}}
	{"id":3254753,"type":"sell","buyer":"leomaker","seller":"fedesox","symbol":"LEO","quantity":"2.108","price":"0.16814600","timestamp":1650609411,"volume":"0.35445177","buyTxId":"043bec53f180939886b4e35c19fb37d245ed172c","sellTxId":"51b0c63de32bee90f29f93c69405aa7a37fee609"}
{"index": {"_index":"leo","_id":"3254754"}}
	{"id":3254754,"type":"sell","buyer":"leomaker","seller":"fedesox","symbol":"LEO","quantity":"2.165","price":"0.16814400","timestamp":1650609411,"volume":"0.36403176","buyTxId":"e8be29836ff32fe90beeba3d7ca276bc2e2935ad","sellTxId":"51b0c63de32bee90f29f93c69405aa7a37fee609"}
{"index": {"_index":"leo","_id":"3254756"}}
	{"id":3254756,"type":"buy","buyer":"konvik","seller":"fedesox","symbol":"LEO","quantity":"189.065","price":"0.16814400","timestamp":1650609414,"volume":"31.79014536","buyTxId":"0e657eb62c9bfa7bd1fd2a5fc33969e04605aaaf-0","sellTxId":"51b0c63de32bee90f29f93c69405aa7a37fee609"}
{"index": {"_index":"leo","_id":"3254799"}}
	{"id":3254799,"type":"sell","buyer":"marvinix","seller":"leveragetrading","symbol":"LEO","quantity":"2.000","price":"0.16814500","timestamp":1650610092,"volume":"0.33629000","buyTxId":"1c9e8c71dd1b7f0e829410abf1ced0961fc7298f","sellTxId":"91dc2b15462041afd801a207a9d0786e9e6b1c85"}
{"index": {"_index":"leo","_id":"3254800"}}
	{"id":3254800,"type":"sell","buyer":"leomaker","seller":"leveragetrading","symbol":"LEO","quantity":"2.224","price":"0.16814200","timestamp":1650610092,"volume":"0.37394781","buyTxId":"e09c33b8be97f8ef6435c14c1b17cca2dc64732b","sellTxId":"91dc2b15462041afd801a207a9d0786e9e6b1c85"}
{"index": {"_index":"leo","_id":"3254801"}}
	{"id":3254801,"type":"sell","buyer":"leomaker","seller":"leveragetrading","symbol":"LEO","quantity":"2.283","price":"0.16814000","timestamp":1650610092,"volume":"0.38386362","buyTxId":"8ee45cfe8f65b33120db9f15efd15c961ad51ba8","sellTxId":"91dc2b15462041afd801a207a9d0786e9e6b1c85"}
{"index": {"_index":"leo","_id":"3254802"}}
	{"id":3254802,"type":"sell","buyer":"leomaker","seller":"leveragetrading","symbol":"LEO","quantity":"2.346","price":"0.16813800","timestamp":1650610092,"volume":"0.39445175","buyTxId":"045ec932bca2a3d405f6220352de9b4b17729d6c","sellTxId":"91dc2b15462041afd801a207a9d0786e9e6b1c85"}
{"index": {"_index":"leo","_id":"3254803"}}
	{"id":3254803,"type":"sell","buyer":"leomaker","seller":"leveragetrading","symbol":"LEO","quantity":"2.410","price":"0.16813600","timestamp":1650610092,"volume":"0.40520776","buyTxId":"f4cf6235f9a253d938bcfec2d9e6400440625d34","sellTxId":"91dc2b15462041afd801a207a9d0786e9e6b1c85"}
{"index": {"_index":"leo","_id":"3254804"}}
	{"id":3254804,"type":"sell","buyer":"leomaker","seller":"leveragetrading","symbol":"LEO","quantity":"2.475","price":"0.16813400","timestamp":1650610092,"volume":"0.41613165","buyTxId":"d763f9e373c2f3b7874ca79d809f1a30cb625760","sellTxId":"91dc2b15462041afd801a207a9d0786e9e6b1c85"}
{"index": {"_index":"leo","_id":"3254805"}}
	{"id":3254805,"type":"sell","buyer":"leomaker","seller":"leveragetrading","symbol":"LEO","quantity":"2.543","price":"0.16813200","timestamp":1650610092,"volume":"0.42755968","buyTxId":"8e88ad63a86b73d5864335469e64f30ed325b361","sellTxId":"91dc2b15462041afd801a207a9d0786e9e6b1c85"}
{"index": {"_index":"leo","_id":"3254806"}}
	{"id":3254806,"type":"sell","buyer":"leomaker","seller":"leveragetrading","symbol":"LEO","quantity":"2.612","price":"0.16813000","timestamp":1650610092,"volume":"0.43915556","buyTxId":"9f8de9c6868b91e9ce35d830b430700901486877","sellTxId":"91dc2b15462041afd801a207a9d0786e9e6b1c85"}
{"index": {"_index":"leo","_id":"3254807"}}
	{"id":3254807,"type":"sell","buyer":"leomaker","seller":"leveragetrading","symbol":"LEO","quantity":"2.684","price":"0.16812800","timestamp":1650610092,"volume":"0.45125555","buyTxId":"10ac3500e3f8e87a9dfe602a1004cbcd67c92a57","sellTxId":"91dc2b15462041afd801a207a9d0786e9e6b1c85"}
{"index": {"_index":"leo","_id":"3254808"}}
	{"id":3254808,"type":"sell","buyer":"leomaker","seller":"leveragetrading","symbol":"LEO","quantity":"2.757","price":"0.16812600","timestamp":1650610092,"volume":"0.46352338","buyTxId":"a7201eb5a6343d59761009dc815ef267f401ca1d","sellTxId":"91dc2b15462041afd801a207a9d0786e9e6b1c85"}
{"index": {"_index":"leo","_id":"3254809"}}
	{"id":3254809,"type":"sell","buyer":"leomaker","seller":"leveragetrading","symbol":"LEO","quantity":"2.831","price":"0.16812400","timestamp":1650610092,"volume":"0.47595904","buyTxId":"a0600583cce782c644112269933f94941c31f020","sellTxId":"91dc2b15462041afd801a207a9d0786e9e6b1c85"}
{"index": {"_index":"leo","_id":"3254810"}}
	{"id":3254810,"type":"sell","buyer":"leomaker","seller":"leveragetrading","symbol":"LEO","quantity":"2.910","price":"0.16812200","timestamp":1650610092,"volume":"0.48923502","buyTxId":"e472ee942c226d5a5c621d62235348c55dda597b","sellTxId":"91dc2b15462041afd801a207a9d0786e9e6b1c85"}
{"index": {"_index":"leo","_id":"3254811"}}
	{"id":3254811,"type":"sell","buyer":"leomaker","seller":"leveragetrading","symbol":"LEO","quantity":"2.988","price":"0.16812000","timestamp":1650610092,"volume":"0.50234256","buyTxId":"bdf218eb44c08f1e12a79c08464975c156647fd6","sellTxId":"91dc2b15462041afd801a207a9d0786e9e6b1c85"}
{"index": {"_index":"leo","_id":"3254812"}}
	{"id":3254812,"type":"sell","buyer":"leomaker","seller":"leveragetrading","symbol":"LEO","quantity":"1.949","price":"0.16811800","timestamp":1650610092,"volume":"0.32766198","buyTxId":"aec31f212f1c2eddfe8e399f7c9460919a6988a8","sellTxId":"91dc2b15462041afd801a207a9d0786e9e6b1c85"}
{"index": {"_index":"leo","_id":"3254861"}}
	{"id":3254861,"type":"sell","buyer":"akertxu","seller":"pjansen","symbol":"LEO","quantity":"5.888","price":"0.17330000","timestamp":1650610911,"volume":"1.02039040","buyTxId":"453733a6fc2d77925c4210736e55655d975f1849","sellTxId":"040833230018afd566a0fe5311bdc941118f97ff"}
{"index": {"_index":"leo","_id":"3254866"}}
	{"id":3254866,"type":"sell","buyer":"akertxu","seller":"pjansen","symbol":"LEO","quantity":"4.651","price":"0.17330000","timestamp":1650610995,"volume":"0.80601830","buyTxId":"453733a6fc2d77925c4210736e55655d975f1849","sellTxId":"e8218da22d8252d8eb9a41fcb9b6702bb60e779c"}
{"index": {"_index":"leo","_id":"3254902"}}
	{"id":3254902,"type":"buy","buyer":"opinizeunltd","seller":"pi-trader","symbol":"LEO","quantity":"10.000","price":"0.17847499","timestamp":1650611223,"volume":"1.78474990","buyTxId":"3db2391cb51a84c59f313fa99b86a4d9558f0460","sellTxId":"e735b0069b8f36a61683ab27d7f3014b22c9deae-1"}
{"index": {"_index":"leo","_id":"3254949"}}
	{"id":3254949,"type":"buy","buyer":"anderssinho","seller":"pi-trader","symbol":"LEO","quantity":"0.916","price":"0.17846499","timestamp":1650611883,"volume":"0.16347393","buyTxId":"82a3d22f932cf0fbc9dc6ae1d6cd9da617df0040","sellTxId":"c245b3ce12b4fa0b785b9794510990da4f4b0bf8-1"}
{"index": {"_index":"leo","_id":"3255069"}}
	{"id":3255069,"type":"sell","buyer":"akertxu","seller":"lammbock","symbol":"LEO","quantity":"0.021","price":"0.17330000","timestamp":1650613926,"volume":"0.00363930","buyTxId":"453733a6fc2d77925c4210736e55655d975f1849","sellTxId":"210657f7e7e7af2cbc4269727814aa897065e453"}
{"index": {"_index":"leo","_id":"3255127"}}
	{"id":3255127,"type":"sell","buyer":"leomaker","seller":"steem82868","symbol":"LEO","quantity":"1.122","price":"0.16811800","timestamp":1650615165,"volume":"0.18862840","buyTxId":"aec31f212f1c2eddfe8e399f7c9460919a6988a8","sellTxId":"556e40228c2ff08c218a554b41a9c05d9434a991"}
{"index": {"_index":"leo","_id":"3255129"}}
	{"id":3255129,"type":"buy","buyer":"konvik","seller":"steem82868","symbol":"LEO","quantity":"3.223","price":"0.16811800","timestamp":1650615180,"volume":"0.54184431","buyTxId":"0a95322d84b7c0c875c48c43b41e575439b54317-0","sellTxId":"556e40228c2ff08c218a554b41a9c05d9434a991"}
{"index": {"_index":"leo","_id":"3255130"}}
	{"id":3255130,"type":"buy","buyer":"konvik","seller":"lammbock","symbol":"LEO","quantity":"2.674","price":"0.16815722","timestamp":1650615180,"volume":"0.44965241","buyTxId":"0a95322d84b7c0c875c48c43b41e575439b54317-0","sellTxId":"210657f7e7e7af2cbc4269727814aa897065e453"}
{"index": {"_index":"leo","_id":"3255131"}}
	{"id":3255131,"type":"buy","buyer":"konvik","seller":"holbein81","symbol":"LEO","quantity":"189.729","price":"0.16850000","timestamp":1650615180,"volume":"31.96933650","buyTxId":"0a95322d84b7c0c875c48c43b41e575439b54317-0","sellTxId":"98d5d0f82e987c1913d500048be167dcfd831b6c"}
{"index": {"_index":"leo","_id":"3255137"}}
	{"id":3255137,"type":"sell","buyer":"leomaker","seller":"tothebatpoles","symbol":"LEO","quantity":"3.156","price":"0.16811600","timestamp":1650615240,"volume":"0.53057410","buyTxId":"0c9eda1f869fc87280e50e8af9c803b18fb3f723","sellTxId":"882b1d8eeefe751621bdde2023350a4fe1e60f8a"}
{"index": {"_index":"leo","_id":"3255138"}}
	{"id":3255138,"type":"sell","buyer":"leomaker","seller":"tothebatpoles","symbol":"LEO","quantity":"3.241","price":"0.16811400","timestamp":1650615240,"volume":"0.54485747","buyTxId":"4f8eae94cf80dd192ff823bf1fa6b9f1d888bcff","sellTxId":"882b1d8eeefe751621bdde2023350a4fe1e60f8a"}
{"index": {"_index":"leo","_id":"3255139"}}
	{"id":3255139,"type":"sell","buyer":"leomaker","seller":"tothebatpoles","symbol":"LEO","quantity":"3.330","price":"0.16811200","timestamp":1650615240,"volume":"0.55981296","buyTxId":"91da44afd2a6e9af82c540faff0fa854a4415cfb","sellTxId":"882b1d8eeefe751621bdde2023350a4fe1e60f8a"}
{"index": {"_index":"leo","_id":"3255140"}}
	{"id":3255140,"type":"sell","buyer":"leomaker","seller":"tothebatpoles","symbol":"LEO","quantity":"3.423","price":"0.16811000","timestamp":1650615240,"volume":"0.57544053","buyTxId":"9da34411828bc50ab7a2fcf2a1067b004dda9419","sellTxId":"882b1d8eeefe751621bdde2023350a4fe1e60f8a"}
{"index": {"_index":"leo","_id":"3255141"}}
	{"id":3255141,"type":"sell","buyer":"leomaker","seller":"tothebatpoles","symbol":"LEO","quantity":"3.516","price":"0.16810800","timestamp":1650615240,"volume":"0.59106773","buyTxId":"e3fc038c6488a6c28b0ac3e3f491ff6fd55533b6","sellTxId":"882b1d8eeefe751621bdde2023350a4fe1e60f8a"}
{"index": {"_index":"leo","_id":"3255142"}}
	{"id":3255142,"type":"sell","buyer":"leomaker","seller":"tothebatpoles","symbol":"LEO","quantity":"0.706","price":"0.16810600","timestamp":1650615240,"volume":"0.11868284","buyTxId":"0dd5816e5e10121afbaba248b82f794ee26d5557","sellTxId":"882b1d8eeefe751621bdde2023350a4fe1e60f8a"}
{"index": {"_index":"leo","_id":"3255143"}}
	{"id":3255143,"type":"sell","buyer":"leomaker","seller":"tothebatpoles","symbol":"LEO","quantity":"0.725","price":"0.16810400","timestamp":1650615240,"volume":"0.12187540","buyTxId":"d559967bf77ffc798cd6afd7effd225e5814035b","sellTxId":"882b1d8eeefe751621bdde2023350a4fe1e60f8a"}
{"index": {"_index":"leo","_id":"3255144"}}
	{"id":3255144,"type":"sell","buyer":"leomaker","seller":"tothebatpoles","symbol":"LEO","quantity":"0.745","price":"0.16810200","timestamp":1650615240,"volume":"0.12523599","buyTxId":"6e006f384b4c14311ca1b971ed0083a478daccf2","sellTxId":"882b1d8eeefe751621bdde2023350a4fe1e60f8a"}
{"index": {"_index":"leo","_id":"3255145"}}
	{"id":3255145,"type":"sell","buyer":"codingdefined","seller":"tothebatpoles","symbol":"LEO","quantity":"13.874","price":"0.16800210","timestamp":1650615240,"volume":"2.33086114","buyTxId":"4e3b606eb923c53a7c24dab738dd284359bdfdcc","sellTxId":"882b1d8eeefe751621bdde2023350a4fe1e60f8a"}
{"index": {"_index":"leo","_id":"3255146"}}
	{"id":3255146,"type":"sell","buyer":"leomaker","seller":"tothebatpoles","symbol":"LEO","quantity":"0.864","price":"0.16800200","timestamp":1650615240,"volume":"0.14515373","buyTxId":"38a8b0790882c52bc9f52a5752c677141617950b","sellTxId":"882b1d8eeefe751621bdde2023350a4fe1e60f8a"}
{"index": {"_index":"leo","_id":"3255147"}}
	{"id":3255147,"type":"sell","buyer":"leomaker","seller":"tothebatpoles","symbol":"LEO","quantity":"0.935","price":"0.16705600","timestamp":1650615240,"volume":"0.15619736","buyTxId":"3042d3974fc902a2b156cee183b0734e49d606c6","sellTxId":"882b1d8eeefe751621bdde2023350a4fe1e60f8a"}
{"index": {"_index":"leo","_id":"3255148"}}
	{"id":3255148,"type":"sell","buyer":"leomaker","seller":"tothebatpoles","symbol":"LEO","quantity":"0.962","price":"0.16705400","timestamp":1650615240,"volume":"0.16070595","buyTxId":"45d524e75093c43034cb323f0b11b7a90e49ae5c","sellTxId":"882b1d8eeefe751621bdde2023350a4fe1e60f8a"}
{"index": {"_index":"leo","_id":"3255149"}}
	{"id":3255149,"type":"sell","buyer":"leomaker","seller":"tothebatpoles","symbol":"LEO","quantity":"0.991","price":"0.16705200","timestamp":1650615240,"volume":"0.16554853","buyTxId":"c01b3f7ae61b57956d39e23aa1ee395f82a192c6","sellTxId":"882b1d8eeefe751621bdde2023350a4fe1e60f8a"}
{"index": {"_index":"leo","_id":"3255150"}}
	{"id":3255150,"type":"sell","buyer":"leomaker","seller":"tothebatpoles","symbol":"LEO","quantity":"1.022","price":"0.16705000","timestamp":1650615240,"volume":"0.17072510","buyTxId":"2619b37182973b526a2b51f59a0be58834218b4f","sellTxId":"882b1d8eeefe751621bdde2023350a4fe1e60f8a"}
{"index": {"_index":"leo","_id":"3255151"}}
	{"id":3255151,"type":"sell","buyer":"leomaker","seller":"tothebatpoles","symbol":"LEO","quantity":"1.054","price":"0.16704800","timestamp":1650615240,"volume":"0.17606859","buyTxId":"7ad7d92287033a70f701b5c0836fbb74443e72c5","sellTxId":"882b1d8eeefe751621bdde2023350a4fe1e60f8a"}
{"index": {"_index":"leo","_id":"3255152"}}
	{"id":3255152,"type":"sell","buyer":"leomaker","seller":"tothebatpoles","symbol":"LEO","quantity":"1.086","price":"0.16704600","timestamp":1650615240,"volume":"0.18141196","buyTxId":"7e589f460397813cf816ccccdc675f5662e94d10","sellTxId":"882b1d8eeefe751621bdde2023350a4fe1e60f8a"}
{"index": {"_index":"leo","_id":"3255153"}}
	{"id":3255153,"type":"sell","buyer":"leomaker","seller":"tothebatpoles","symbol":"LEO","quantity":"1.118","price":"0.16704400","timestamp":1650615240,"volume":"0.18675519","buyTxId":"cd82305761984f246192654fa830c10c0e1570df","sellTxId":"882b1d8eeefe751621bdde2023350a4fe1e60f8a"}
{"index": {"_index":"leo","_id":"3255154"}}
	{"id":3255154,"type":"sell","buyer":"leomaker","seller":"tothebatpoles","symbol":"LEO","quantity":"1.153","price":"0.16704200","timestamp":1650615240,"volume":"0.19259943","buyTxId":"5b72a3b9c178136a997cff599bf0860954a6a4ad","sellTxId":"882b1d8eeefe751621bdde2023350a4fe1e60f8a"}
{"index": {"_index":"leo","_id":"3255155"}}
	{"id":3255155,"type":"sell","buyer":"leomaker","seller":"tothebatpoles","symbol":"LEO","quantity":"1.189","price":"0.16704000","timestamp":1650615240,"volume":"0.19861056","buyTxId":"4f025dd89d88cad2a8da7a75760fb865167211f4","sellTxId":"882b1d8eeefe751621bdde2023350a4fe1e60f8a"}
{"index": {"_index":"leo","_id":"3255156"}}
	{"id":3255156,"type":"sell","buyer":"leomaker","seller":"tothebatpoles","symbol":"LEO","quantity":"1.225","price":"0.16703800","timestamp":1650615240,"volume":"0.20462155","buyTxId":"b71614ac57ac6d5e572c7fc8fff23882aef0a458","sellTxId":"882b1d8eeefe751621bdde2023350a4fe1e60f8a"}
{"index": {"_index":"leo","_id":"3255157"}}
	{"id":3255157,"type":"sell","buyer":"leomaker","seller":"tothebatpoles","symbol":"LEO","quantity":"1.262","price":"0.16703600","timestamp":1650615240,"volume":"0.21079943","buyTxId":"b2de3ff23f5e693933e19bdeb6c0c5194cc2367d","sellTxId":"882b1d8eeefe751621bdde2023350a4fe1e60f8a"}
{"index": {"_index":"leo","_id":"3255158"}}
	{"id":3255158,"type":"sell","buyer":"leomaker","seller":"tothebatpoles","symbol":"LEO","quantity":"1.300","price":"0.16703400","timestamp":1650615240,"volume":"0.21714420","buyTxId":"3eae4089a533d42d27e9d752af3281b1f75b9c90","sellTxId":"882b1d8eeefe751621bdde2023350a4fe1e60f8a"}
{"index": {"_index":"leo","_id":"3255159"}}
	{"id":3255159,"type":"sell","buyer":"leomaker","seller":"tothebatpoles","symbol":"LEO","quantity":"1.340","price":"0.16703200","timestamp":1650615240,"volume":"0.22382288","buyTxId":"9341458da42b5fd011a76988a302d547ae173c52","sellTxId":"882b1d8eeefe751621bdde2023350a4fe1e60f8a"}
{"index": {"_index":"leo","_id":"3255160"}}
	{"id":3255160,"type":"sell","buyer":"leomaker","seller":"tothebatpoles","symbol":"LEO","quantity":"1.383","price":"0.16703000","timestamp":1650615240,"volume":"0.23100249","buyTxId":"291985a8287d9e00a7131c2d04a6313e39f91083","sellTxId":"882b1d8eeefe751621bdde2023350a4fe1e60f8a"}
{"index": {"_index":"leo","_id":"3255161"}}
	{"id":3255161,"type":"sell","buyer":"leomaker","seller":"tothebatpoles","symbol":"LEO","quantity":"1.425","price":"0.16702800","timestamp":1650615240,"volume":"0.23801490","buyTxId":"48a1f785b76385ce82b523378ce2da7556df6012","sellTxId":"882b1d8eeefe751621bdde2023350a4fe1e60f8a"}
{"index": {"_index":"leo","_id":"3255162"}}
	{"id":3255162,"type":"sell","buyer":"leomaker","seller":"tothebatpoles","symbol":"LEO","quantity":"1.469","price":"0.16702600","timestamp":1650615240,"volume":"0.24536119","buyTxId":"e8aef505a5b3bc8f23b7c1527f3881ff285abc86","sellTxId":"882b1d8eeefe751621bdde2023350a4fe1e60f8a"}
{"index": {"_index":"leo","_id":"3255163"}}
	{"id":3255163,"type":"sell","buyer":"leomaker","seller":"tothebatpoles","symbol":"LEO","quantity":"1.514","price":"0.16702400","timestamp":1650615240,"volume":"0.25287434","buyTxId":"e85402b6f78d287efd169c8d2590dc35ef933863","sellTxId":"882b1d8eeefe751621bdde2023350a4fe1e60f8a"}
{"index": {"_index":"leo","_id":"3255164"}}
	{"id":3255164,"type":"sell","buyer":"leomaker","seller":"tothebatpoles","symbol":"LEO","quantity":"1.562","price":"0.16702200","timestamp":1650615240,"volume":"0.26088836","buyTxId":"57ed887ca83393be7fadfa2036fa06f2665ae0e1","sellTxId":"882b1d8eeefe751621bdde2023350a4fe1e60f8a"}
{"index": {"_index":"leo","_id":"3255165"}}
	{"id":3255165,"type":"sell","buyer":"leomaker","seller":"tothebatpoles","symbol":"LEO","quantity":"1.610","price":"0.16701400","timestamp":1650615240,"volume":"0.26889254","buyTxId":"58b5dc080e2723cf36b8c9c6b14559afc6208a27","sellTxId":"882b1d8eeefe751621bdde2023350a4fe1e60f8a"}
{"index": {"_index":"leo","_id":"3255166"}}
	{"id":3255166,"type":"sell","buyer":"leomaker","seller":"tothebatpoles","symbol":"LEO","quantity":"1.659","price":"0.16701200","timestamp":1650615240,"volume":"0.27707291","buyTxId":"85c952256204ec92e7416c64ffd90e2e368993dc","sellTxId":"882b1d8eeefe751621bdde2023350a4fe1e60f8a"}
{"index": {"_index":"leo","_id":"3255167"}}
	{"id":3255167,"type":"sell","buyer":"leomaker","seller":"tothebatpoles","symbol":"LEO","quantity":"1.711","price":"0.16701000","timestamp":1650615240,"volume":"0.28575411","buyTxId":"78c010cd30deb018382b374e7bc8aaea6a7f8491","sellTxId":"882b1d8eeefe751621bdde2023350a4fe1e60f8a"}
{"index": {"_index":"leo","_id":"3255168"}}
	{"id":3255168,"type":"sell","buyer":"leomaker","seller":"tothebatpoles","symbol":"LEO","quantity":"1.764","price":"0.16700800","timestamp":1650615240,"volume":"0.29460211","buyTxId":"e361d2eac3c65779d5c288e8eff5a7ebb5975c89","sellTxId":"882b1d8eeefe751621bdde2023350a4fe1e60f8a"}
{"index": {"_index":"leo","_id":"3255169"}}
	{"id":3255169,"type":"sell","buyer":"leomaker","seller":"tothebatpoles","symbol":"LEO","quantity":"1.820","price":"0.16700600","timestamp":1650615240,"volume":"0.30395092","buyTxId":"310a9cd8e92d9c8e512709c8a3645b0b8268ef2a","sellTxId":"882b1d8eeefe751621bdde2023350a4fe1e60f8a"}
{"index": {"_index":"leo","_id":"3255170"}}
	{"id":3255170,"type":"sell","buyer":"leomaker","seller":"tothebatpoles","symbol":"LEO","quantity":"1.780","price":"0.16700400","timestamp":1650615240,"volume":"0.29726712","buyTxId":"fc49da0cea462f988f048e00677c6e50cd92015d","sellTxId":"882b1d8eeefe751621bdde2023350a4fe1e60f8a"}
{"index": {"_index":"leo","_id":"3255171"}}
	{"id":3255171,"type":"sell","buyer":"leomaker","seller":"tothebatpoles","symbol":"LEO","quantity":"1.364","price":"0.16700200","timestamp":1650615240,"volume":"0.22779073","buyTxId":"b44f23110518ab4921692a38e40ce7245a79ad3a","sellTxId":"882b1d8eeefe751621bdde2023350a4fe1e60f8a"}
{"index": {"_index":"leo","_id":"3255172"}}
	{"id":3255172,"type":"sell","buyer":"leomaker","seller":"tothebatpoles","symbol":"LEO","quantity":"1.548","price":"0.16600200","timestamp":1650615240,"volume":"0.25697110","buyTxId":"83f5a4912f60b867035d5081fca10e1242cf26e9","sellTxId":"882b1d8eeefe751621bdde2023350a4fe1e60f8a"}
{"index": {"_index":"leo","_id":"3255173"}}
	{"id":3255173,"type":"sell","buyer":"leomaker","seller":"tothebatpoles","symbol":"LEO","quantity":"1.758","price":"0.16400200","timestamp":1650615240,"volume":"0.28831552","buyTxId":"cd7ab67e2294fe8e797920f2c745fb1bf04dd3d6","sellTxId":"882b1d8eeefe751621bdde2023350a4fe1e60f8a"}
{"index": {"_index":"leo","_id":"3255174"}}
	{"id":3255174,"type":"sell","buyer":"leomaker","seller":"tothebatpoles","symbol":"LEO","quantity":"1.909","price":"0.16300200","timestamp":1650615240,"volume":"0.31117082","buyTxId":"3ff8b3691c1804c71c2af15de1269b44c385a5f7","sellTxId":"882b1d8eeefe751621bdde2023350a4fe1e60f8a"}
{"index": {"_index":"leo","_id":"3255175"}}
	{"id":3255175,"type":"sell","buyer":"leomaker","seller":"tothebatpoles","symbol":"LEO","quantity":"1.539","price":"0.16200200","timestamp":1650615240,"volume":"0.24932108","buyTxId":"e3b1dcdfddf1e582c1a6222bc988eaa70b8e0097","sellTxId":"882b1d8eeefe751621bdde2023350a4fe1e60f8a"}
{"index": {"_index":"leo","_id":"3255269"}}
	{"id":3255269,"type":"sell","buyer":"leomaker","seller":"insight.pob","symbol":"LEO","quantity":"0.533","price":"0.16200200","timestamp":1650616860,"volume":"0.08634706","buyTxId":"e3b1dcdfddf1e582c1a6222bc988eaa70b8e0097","sellTxId":"f415fa73cd2743df6659d9c81a8581f90143fee8"}
{"index": {"_index":"leo","_id":"3255333"}}
	{"id":3255333,"type":"sell","buyer":"pi-trader","seller":"kobusu","symbol":"LEO","quantity":"300.000","price":"0.16100801","timestamp":1650618072,"volume":"48.30240300","buyTxId":"d99447431aab8eb1a3693325a98efca743dc0858-5","sellTxId":"2a6952e23a923995d70115411910bf0731da9b83"}
{"index": {"_index":"leo","_id":"3255346"}}
	{"id":3255346,"type":"sell","buyer":"pi-trader","seller":"dswap","symbol":"LEO","quantity":"0.85","price":"0.16100801","timestamp":1650618258,"volume":"0.13685681","buyTxId":"62ce6bc5649e9bf57b1bf5da463dd21d3e0ceca6-1","sellTxId":"150370b3e62954567e8fdd6abdf2037df4021a74"}
{"index": {"_index":"leo","_id":"3255412"}}
	{"id":3255412,"type":"sell","buyer":"pi-trader","seller":"toofasteddie","symbol":"LEO","quantity":"2.586","price":"0.16100801","timestamp":1650619260,"volume":"0.41636671","buyTxId":"979d9810748c985cfc925e890cc5bd4e813e399d-2","sellTxId":"638f7cd93e60c1970934354197b623de5765cf8f"}
{"index": {"_index":"leo","_id":"3255472"}}
	{"id":3255472,"type":"buy","buyer":"forexbrokr","seller":"insight.pob","symbol":"LEO","quantity":"0.121","price":"0.16200200","timestamp":1650620985,"volume":"0.01960224","buyTxId":"5de505b4c85fe5a6e8767eeeeb94308389c5ab29","sellTxId":"f415fa73cd2743df6659d9c81a8581f90143fee8"}
{"index": {"_index":"leo","_id":"3255532"}}
	{"id":3255532,"type":"sell","buyer":"pi-trader","seller":"beco132","symbol":"LEO","quantity":"12.000","price":"0.16102101","timestamp":1650621846,"volume":"1.93225212","buyTxId":"8e154282ddda1e437dd1fce07b3613abefcd90f4-1","sellTxId":"51dfdbfea9a7310264df016ebb87a9c003177d93"}
{"index": {"_index":"leo","_id":"3255598"}}
	{"id":3255598,"type":"sell","buyer":"pi-trader","seller":"russia-btc","symbol":"LEO","quantity":"87.583","price":"0.16102901","timestamp":1650623145,"volume":"14.10340378","buyTxId":"e795381b3a66966654e9eddf5dcce133441d020d-1","sellTxId":"f2522ce3b12c45bbd8fe2691bf5d90e91086973f"}
{"index": {"_index":"leo","_id":"3255710"}}
	{"id":3255710,"type":"sell","buyer":"leomaker","seller":"miketr","symbol":"LEO","quantity":"0.928","price":"0.16103300","timestamp":1650624966,"volume":"0.14943862","buyTxId":"77368073fa23f8d4a8a610380f0f17b287150742","sellTxId":"065aa1bac7a9bf9b2e3bb3a2023f017b4a5f68d9"}
{"index": {"_index":"leo","_id":"3255759"}}
	{"id":3255759,"type":"buy","buyer":"barski","seller":"pi-trader","symbol":"LEO","quantity":"33.210","price":"0.17838299","timestamp":1650625515,"volume":"5.92409910","buyTxId":"07d8e9073dc822becbd5490668b52665dceca056","sellTxId":"78167285d777f3d6fcf5918c2bb46ee1bba4a8ff-10"}
{"index": {"_index":"leo","_id":"3255790"}}
	{"id":3255790,"type":"sell","buyer":"leomaker","seller":"investyourvote","symbol":"LEO","quantity":"1.018","price":"0.16103300","timestamp":1650625797,"volume":"0.16393159","buyTxId":"77368073fa23f8d4a8a610380f0f17b287150742","sellTxId":"9a9709579d4db53d7c99642023a3b9e7a7508b95"}
{"index": {"_index":"leo","_id":"3255811"}}
	{"id":3255811,"type":"sell","buyer":"leomaker","seller":"berthold","symbol":"LEO","quantity":"1.157","price":"0.16103300","timestamp":1650626046,"volume":"0.18631518","buyTxId":"77368073fa23f8d4a8a610380f0f17b287150742","sellTxId":"053d14238ab9b0dbae58d2686fee500618034a08"}
{"index": {"_index":"leo","_id":"3255899"}}
	{"id":3255899,"type":"sell","buyer":"leomaker","seller":"lotto-de","symbol":"LEO","quantity":"0.695","price":"0.16103300","timestamp":1650626883,"volume":"0.11191794","buyTxId":"77368073fa23f8d4a8a610380f0f17b287150742","sellTxId":"7cc9662732bfd1d5cbf07fcd42d7670a005aee88"}
{"index": {"_index":"leo","_id":"3255997"}}
	{"id":3255997,"type":"buy","buyer":"whatsup","seller":"pi-trader","symbol":"LEO","quantity":"100.000","price":"0.17836299","timestamp":1650627939,"volume":"17.83629900","buyTxId":"42237a221510354808c64f4c274ca0ede14b30be","sellTxId":"da035724bc29e3ce7d624758c1c46c3a4d93aa67-1"}
{"index": {"_index":"leo","_id":"3256023"}}
	{"id":3256023,"type":"sell","buyer":"leomaker","seller":"bilpcoinbpc","symbol":"LEO","quantity":"0.131","price":"0.16103300","timestamp":1650628236,"volume":"0.02109532","buyTxId":"77368073fa23f8d4a8a610380f0f17b287150742","sellTxId":"a020ab092954887298a10a237a6a1f9a74579445"}
{"index": {"_index":"leo","_id":"3256028"}}
	{"id":3256028,"type":"sell","buyer":"leomaker","seller":"captaincryptic","symbol":"LEO","quantity":"1.139","price":"0.16103300","timestamp":1650628293,"volume":"0.18341659","buyTxId":"77368073fa23f8d4a8a610380f0f17b287150742","sellTxId":"5bd1c730403801a85ee02edecb1f9b5f96dcba98"}
{"index": {"_index":"leo","_id":"3256070"}}
	{"id":3256070,"type":"sell","buyer":"leomaker","seller":"toar","symbol":"LEO","quantity":"0.04","price":"0.16103300","timestamp":1650628902,"volume":"0.00644132","buyTxId":"77368073fa23f8d4a8a610380f0f17b287150742","sellTxId":"e23d92a54690e105864611ea97c28ca1acd4c22b"}
{"index": {"_index":"leo","_id":"3256184"}}
	{"id":3256184,"type":"buy","buyer":"thedd","seller":"pi-trader","symbol":"LEO","quantity":"100.000","price":"0.17834099","timestamp":1650630600,"volume":"17.83409900","buyTxId":"ed4d379ee352d12f73cbbe49d2bfdc696803ec73","sellTxId":"9b7f75ff020717859e561b1c0af4c250d1889209-4"}
{"index": {"_index":"leo","_id":"3256185"}}
	{"id":3256185,"type":"buy","buyer":"thedd","seller":"leomaker","symbol":"LEO","quantity":"27.126","price":"0.17834100","timestamp":1650630600,"volume":"4.83767797","buyTxId":"ed4d379ee352d12f73cbbe49d2bfdc696803ec73","sellTxId":"d12bcbbfcb998656954ca49920042524ffd30b09"}
{"index": {"_index":"leo","_id":"3256186"}}
	{"id":3256186,"type":"buy","buyer":"thedd","seller":"leomaker","symbol":"LEO","quantity":"27.000","price":"0.17834200","timestamp":1650630600,"volume":"4.81523400","buyTxId":"ed4d379ee352d12f73cbbe49d2bfdc696803ec73","sellTxId":"08213e4af576c09558f808498be782a7762d5788"}
{"index": {"_index":"leo","_id":"3256187"}}
	{"id":3256187,"type":"buy","buyer":"thedd","seller":"leomaker","symbol":"LEO","quantity":"26.862","price":"0.17834300","timestamp":1650630600,"volume":"4.79064967","buyTxId":"ed4d379ee352d12f73cbbe49d2bfdc696803ec73","sellTxId":"892e0ce70efe31528f603f08d9cb63ef1984c141"}
{"index": {"_index":"leo","_id":"3256188"}}
	{"id":3256188,"type":"buy","buyer":"thedd","seller":"enginemaker","symbol":"LEO","quantity":"149.835","price":"0.17834400","timestamp":1650630600,"volume":"26.72233936","buyTxId":"ed4d379ee352d12f73cbbe49d2bfdc696803ec73","sellTxId":"MM-P-16745127-63734604-3-1-0"}
{"index": {"_index":"leo","_id":"3256368"}}
	{"id":3256368,"type":"sell","buyer":"leomaker","seller":"mango-juice","symbol":"LEO","quantity":"0.350","price":"0.16103300","timestamp":1650632865,"volume":"0.05636155","buyTxId":"77368073fa23f8d4a8a610380f0f17b287150742","sellTxId":"4504859a649247383c4e8acd4f2328272094ddb6"}
{"index": {"_index":"leo","_id":"3256369"}}
	{"id":3256369,"type":"sell","buyer":"maarnio","seller":"mango-juice","symbol":"LEO","quantity":"9.502","price":"0.16103300","timestamp":1650632865,"volume":"1.53013557","buyTxId":"c88252a25e98729f8322cb66921fe5bf828c5817","sellTxId":"4504859a649247383c4e8acd4f2328272094ddb6"}
{"index": {"_index":"leo","_id":"3256499"}}
	{"id":3256499,"type":"sell","buyer":"globalcurrencies","seller":"konvik","symbol":"LEO","quantity":"1997.965","price":"0.17800000","timestamp":1650634194,"volume":"355.63777000","buyTxId":"38312c7f47df77895c8ebf3b1469e83d6c27a323","sellTxId":"cd6c59429ea9901f8114e25a336b141c9549ac27-1"}
{"index": {"_index":"leo","_id":"3256504"}}
	{"id":3256504,"type":"sell","buyer":"globalcurrencies","seller":"frawdielp","symbol":"LEO","quantity":"2.035","price":"0.17800000","timestamp":1650634260,"volume":"0.36223000","buyTxId":"38312c7f47df77895c8ebf3b1469e83d6c27a323","sellTxId":"506974b2ce3b8f32c20ac8a4d3c343cc3768ccce"}
{"index": {"_index":"leo","_id":"3256516"}}
	{"id":3256516,"type":"sell","buyer":"pi-trader","seller":"investinthefutur","symbol":"LEO","quantity":"4.629","price":"0.16103601","timestamp":1650634449,"volume":"0.74543569","buyTxId":"00894ee5dcff113123218e72d7c1cc748b31c54d-0","sellTxId":"27fa463ed5eda77023247c8991ee6b4274553f0f"}
{"index": {"_index":"leo","_id":"3256540"}}
	{"id":3256540,"type":"buy","buyer":"abh12345","seller":"leomaker","symbol":"LEO","quantity":"0.370","price":"0.17830900","timestamp":1650634656,"volume":"0.06597433","buyTxId":"ed5d1547815b44ec31e189ad69d3d84f020b879f","sellTxId":"ac0b254dc6d39c76ac99614d2d333d5539779601"}
{"index": {"_index":"leo","_id":"3256541"}}
	{"id":3256541,"type":"buy","buyer":"abh12345","seller":"pi-trader","symbol":"LEO","quantity":"4.630","price":"0.17830999","timestamp":1650634656,"volume":"0.82557525","buyTxId":"ed5d1547815b44ec31e189ad69d3d84f020b879f","sellTxId":"39e6df76d70c88e9c2af308d19b8b6843e98aa66-7"}
{"index": {"_index":"leo","_id":"3256819"}}
	{"id":3256819,"type":"sell","buyer":"marvinix","seller":"chireerocks","symbol":"LEO","quantity":"2.000","price":"0.16500500","timestamp":1650637215,"volume":"0.33001000","buyTxId":"e35e9c438c7d216949ca865f9b45e211764be6d7","sellTxId":"91dbfdb77e24134730d807c425b35b4f49e1ccb0"}
{"index": {"_index":"leo","_id":"3256820"}}
	{"id":3256820,"type":"sell","buyer":"leomaker","seller":"chireerocks","symbol":"LEO","quantity":"7.105","price":"0.16500200","timestamp":1650637215,"volume":"1.17233921","buyTxId":"4323a1888c7322bb9fbb441f0da062a2a0694f61","sellTxId":"91dbfdb77e24134730d807c425b35b4f49e1ccb0"}
{"index": {"_index":"leo","_id":"3256848"}}
	{"id":3256848,"type":"buy","buyer":"leomaker","seller":"chireerocks","symbol":"LEO","quantity":"6.738","price":"0.16500092","timestamp":1650637476,"volume":"1.11177620","buyTxId":"f25aa411abc55798ded359a7ed4d51bf9ced5681","sellTxId":"91dbfdb77e24134730d807c425b35b4f49e1ccb0"}
{"index": {"_index":"leo","_id":"3256909"}}
	{"id":3256909,"type":"sell","buyer":"codingdefined","seller":"chireerocks","symbol":"LEO","quantity":"10.355","price":"0.16500000","timestamp":1650637797,"volume":"1.70857500","buyTxId":"328dc66d970298b7d10a9f2980f50a9082df57a2","sellTxId":"1289527cdeceed619bcc75e5d17c9cb4e8d59e7f"}
{"index": {"_index":"leo","_id":"3256947"}}
	{"id":3256947,"type":"sell","buyer":"leomaker","seller":"jphamer1","symbol":"LEO","quantity":"6.490","price":"0.16500200","timestamp":1650638391,"volume":"1.07086298","buyTxId":"44e7740723f2ff6365eaea777d1391af6399409a","sellTxId":"0da1dc7eb71749bdddd1943df48e48ef4570e7a8"}
{"index": {"_index":"leo","_id":"3256948"}}
	{"id":3256948,"type":"sell","buyer":"codingdefined","seller":"jphamer1","symbol":"LEO","quantity":"39.645","price":"0.16500000","timestamp":1650638391,"volume":"6.54142500","buyTxId":"328dc66d970298b7d10a9f2980f50a9082df57a2","sellTxId":"0da1dc7eb71749bdddd1943df48e48ef4570e7a8"}
{"index": {"_index":"leo","_id":"3256949"}}
	{"id":3256949,"type":"sell","buyer":"leomaker","seller":"jphamer1","symbol":"LEO","quantity":"7.724","price":"0.16400200","timestamp":1650638391,"volume":"1.26675145","buyTxId":"31f4e5f50b6970f9ca13de26bd95320e42972ef5","sellTxId":"0da1dc7eb71749bdddd1943df48e48ef4570e7a8"}
{"index": {"_index":"leo","_id":"3256950"}}
	{"id":3256950,"type":"sell","buyer":"codingdefined","seller":"jphamer1","symbol":"LEO","quantity":"25.977","price":"0.16400000","timestamp":1650638391,"volume":"4.26022800","buyTxId":"ed15c74524520d11edd179ed693c1d17eb126401","sellTxId":"0da1dc7eb71749bdddd1943df48e48ef4570e7a8"}
{"index": {"_index":"leo","_id":"3257062"}}
	{"id":3257062,"type":"sell","buyer":"codingdefined","seller":"dswap","symbol":"LEO","quantity":"1.068","price":"0.16400000","timestamp":1650639261,"volume":"0.17515200","buyTxId":"ed15c74524520d11edd179ed693c1d17eb126401","sellTxId":"57cbdf6668e4b17ba29d07c6b3a5eb4a1e2ada25"}
{"index": {"_index":"leo","_id":"3257121"}}
	{"id":3257121,"type":"buy","buyer":"phortun","seller":"pi-trader","symbol":"LEO","quantity":"0.438","price":"0.16999699","timestamp":1650639828,"volume":"0.07451191","buyTxId":"89781ad56a4ebb8cc71e0dca6f3abf34d9316bfc","sellTxId":"152f48e300f89ff01192a1229e3e65917c9afda3-3"}
{"index": {"_index":"leo","_id":"3257163"}}
	{"id":3257163,"type":"sell","buyer":"codingdefined","seller":"nozzy","symbol":"LEO","quantity":"6.919","price":"0.16400000","timestamp":1650640407,"volume":"1.13471600","buyTxId":"ed15c74524520d11edd179ed693c1d17eb126401","sellTxId":"feb5268e86755024bd30fd6453af52d37e00a600"}
{"index": {"_index":"leo","_id":"3257194"}}
	{"id":3257194,"type":"sell","buyer":"codingdefined","seller":"shebe","symbol":"LEO","quantity":"0.31","price":"0.16400000","timestamp":1650640704,"volume":"0.05084000","buyTxId":"ed15c74524520d11edd179ed693c1d17eb126401","sellTxId":"44dcf1e88e6f92d9502ab42557339731066ff1a2"}
{"index": {"_index":"leo","_id":"3257200"}}
	{"id":3257200,"type":"buy","buyer":"idiosyncratic1","seller":"pi-trader","symbol":"LEO","quantity":"17.866","price":"0.16999499","timestamp":1650640833,"volume":"3.03713049","buyTxId":"ff066fd456a49a9e606f39786f9a2888d5c0469f","sellTxId":"5a82b585c944c97a7a192c5ae2157ed2765654a1-1"}
{"index": {"_index":"leo","_id":"3257312"}}
	{"id":3257312,"type":"buy","buyer":"frawdielp","seller":"pi-trader","symbol":"LEO","quantity":"99.999","price":"0.16999299","timestamp":1650642492,"volume":"16.99912901","buyTxId":"50693ad792441620e1e56acd01963ed7a1e4521f","sellTxId":"81c5200c98fae3c8cdc546a83bd7b57fc4f645c8-1"}
{"index": {"_index":"leo","_id":"3257317"}}
	{"id":3257317,"type":"sell","buyer":"pi-trader","seller":"jakkal","symbol":"LEO","quantity":"98.128","price":"0.16400001","timestamp":1650642555,"volume":"16.09299298","buyTxId":"4b0ef71aa78c39b7f3affa4a02050507f361d03b-0","sellTxId":"621a75ee887da2463f653726f57f733b8afc8c01"}
{"index": {"_index":"leo","_id":"3257318"}}
	{"id":3257318,"type":"sell","buyer":"pi-trader","seller":"realitavshaluan","symbol":"LEO","quantity":"0.402","price":"0.16400001","timestamp":1650642564,"volume":"0.06592800","buyTxId":"4b0ef71aa78c39b7f3affa4a02050507f361d03b-0","sellTxId":"84b6199c15b3e3c86987faade851cbaff178ac3e"}
{"index": {"_index":"leo","_id":"3257327"}}
	{"id":3257327,"type":"buy","buyer":"svirus","seller":"leomaker","symbol":"LEO","quantity":"12.010","price":"0.16999300","timestamp":1650642906,"volume":"2.04161593","buyTxId":"6f9ebe1a87786505e27c7acd90870dc10db6208d-0","sellTxId":"abd4199a2bdd8f6b552e2c2be44c377017181fa3"}
{"index": {"_index":"leo","_id":"3257328"}}
	{"id":3257328,"type":"buy","buyer":"konvik","seller":"leomaker","symbol":"LEO","quantity":"0.006","price":"0.16999300","timestamp":1650642906,"volume":"0.00101996","buyTxId":"20c332801705c8bae52e3386f7a6216c0c41ec3a-0","sellTxId":"abd4199a2bdd8f6b552e2c2be44c377017181fa3"}
{"index": {"_index":"leo","_id":"3257329"}}
	{"id":3257329,"type":"buy","buyer":"konvik","seller":"leomaker","symbol":"LEO","quantity":"11.576","price":"0.16999400","timestamp":1650642906,"volume":"1.96785054","buyTxId":"20c332801705c8bae52e3386f7a6216c0c41ec3a-0","sellTxId":"cc19f1777df4d607dd7b2a539a89b2d07d0213ed"}
{"index": {"_index":"leo","_id":"3257330"}}
	{"id":3257330,"type":"buy","buyer":"konvik","seller":"leomaker","symbol":"LEO","quantity":"11.122","price":"0.16999500","timestamp":1650642906,"volume":"1.89068439","buyTxId":"20c332801705c8bae52e3386f7a6216c0c41ec3a-0","sellTxId":"c74c76796817922bf2119fdfb5270b258e52bdf9"}
{"index": {"_index":"leo","_id":"3257331"}}
	{"id":3257331,"type":"buy","buyer":"konvik","seller":"leomaker","symbol":"LEO","quantity":"10.656","price":"0.16999600","timestamp":1650642906,"volume":"1.81147738","buyTxId":"20c332801705c8bae52e3386f7a6216c0c41ec3a-0","sellTxId":"17e211bb73b8773fb49a3f2bdda1a5755691ca68"}
{"index": {"_index":"leo","_id":"3257332"}}
	{"id":3257332,"type":"buy","buyer":"konvik","seller":"leomaker","symbol":"LEO","quantity":"10.176","price":"0.16999700","timestamp":1650642906,"volume":"1.72988947","buyTxId":"20c332801705c8bae52e3386f7a6216c0c41ec3a-0","sellTxId":"bab785ac1a407587699e5f671ca9cea4b4c6622b"}
{"index": {"_index":"leo","_id":"3257333"}}
	{"id":3257333,"type":"buy","buyer":"konvik","seller":"demotruk","symbol":"LEO","quantity":"0.591","price":"0.16999899","timestamp":1650642906,"volume":"0.10046940","buyTxId":"20c332801705c8bae52e3386f7a6216c0c41ec3a-0","sellTxId":"b02bc28435751fd7a345a1b232dfcf7d61671d26"}
{"index": {"_index":"leo","_id":"3257334"}}
	{"id":3257334,"type":"buy","buyer":"konvik","seller":"leomaker","symbol":"LEO","quantity":"23.722","price":"0.16999900","timestamp":1650642906,"volume":"4.03271628","buyTxId":"20c332801705c8bae52e3386f7a6216c0c41ec3a-0","sellTxId":"5f57b1b20a1111d9057abc105a70fcb61ae67acd"}
{"index": {"_index":"leo","_id":"3257953"}}
	{"id":3257953,"type":"sell","buyer":"pi-trader","seller":"offgridlife","symbol":"LEO","quantity":"23.189","price":"0.16402601","timestamp":1650648405,"volume":"3.80359915","buyTxId":"00b79fe05380732f921dd5766d99e364e6e375d3-1","sellTxId":"be5150e5efb363b287f1942d6ada694ee77618ac"}
{"index": {"_index":"leo","_id":"3257980"}}
	{"id":3257980,"type":"buy","buyer":"cassillas5553","seller":"amigareaction","symbol":"LEO","quantity":"0.241","price":"0.16999200","timestamp":1650648537,"volume":"0.04096807","buyTxId":"a84a127a7fa9ceca0709dcb63905481429d03a47","sellTxId":"60854b223a139158b0b3e95e749c33394313c7b9"}
{"index": {"_index":"leo","_id":"3257981"}}
	{"id":3257981,"type":"buy","buyer":"cassillas5553","seller":"pi-trader","symbol":"LEO","quantity":"100.000","price":"0.17826399","timestamp":1650648537,"volume":"17.82639900","buyTxId":"a84a127a7fa9ceca0709dcb63905481429d03a47","sellTxId":"9ab4fcd64538160688a38038b8faf9e1dad617b8-5"}
{"index": {"_index":"leo","_id":"3257982"}}
	{"id":3257982,"type":"buy","buyer":"cassillas5553","seller":"leomaker","symbol":"LEO","quantity":"24.207","price":"0.17826400","timestamp":1650648537,"volume":"4.31523665","buyTxId":"a84a127a7fa9ceca0709dcb63905481429d03a47","sellTxId":"26ac8ee50ba5f58d9d5401e94516114a4f4bf233"}
{"index": {"_index":"leo","_id":"3257983"}}
	{"id":3257983,"type":"buy","buyer":"cassillas5553","seller":"leomaker","symbol":"LEO","quantity":"24.082","price":"0.17826500","timestamp":1650648537,"volume":"4.29297773","buyTxId":"a84a127a7fa9ceca0709dcb63905481429d03a47","sellTxId":"115ff27a0873558d29c0a8119227f072e488a072"}
{"index": {"_index":"leo","_id":"3257984"}}
	{"id":3257984,"type":"buy","buyer":"cassillas5553","seller":"leomaker","symbol":"LEO","quantity":"23.946","price":"0.17826600","timestamp":1650648537,"volume":"4.26875764","buyTxId":"a84a127a7fa9ceca0709dcb63905481429d03a47","sellTxId":"4e36dd06b30240590b0525b70c580e85e06904b0"}
{"index": {"_index":"leo","_id":"3257985"}}
	{"id":3257985,"type":"buy","buyer":"cassillas5553","seller":"enginemaker","symbol":"LEO","quantity":"131.323","price":"0.17826700","timestamp":1650648537,"volume":"23.41055724","buyTxId":"a84a127a7fa9ceca0709dcb63905481429d03a47","sellTxId":"MM-P-16751111-63740592-3-1-0"}
{"index": {"_index":"leo","_id":"3257986"}}
	{"id":3257986,"type":"buy","buyer":"cassillas5553","seller":"leomaker","symbol":"LEO","quantity":"23.800","price":"0.17827300","timestamp":1650648537,"volume":"4.24289740","buyTxId":"a84a127a7fa9ceca0709dcb63905481429d03a47","sellTxId":"6a64e877666d198fb06e390fd06bb5ea840c78a4"}
{"index": {"_index":"leo","_id":"3257987"}}
	{"id":3257987,"type":"buy","buyer":"cassillas5553","seller":"leomaker","symbol":"LEO","quantity":"23.643","price":"0.17827400","timestamp":1650648537,"volume":"4.21493218","buyTxId":"a84a127a7fa9ceca0709dcb63905481429d03a47","sellTxId":"ef2e771f21b237db7fdd69366b4d0d0b65df2704"}
{"index": {"_index":"leo","_id":"3257988"}}
	{"id":3257988,"type":"buy","buyer":"cassillas5553","seller":"leomaker","symbol":"LEO","quantity":"23.475","price":"0.17827500","timestamp":1650648537,"volume":"4.18500563","buyTxId":"a84a127a7fa9ceca0709dcb63905481429d03a47","sellTxId":"e47dce4ce559a7faa4c632cebb526974658a2b11"}
{"index": {"_index":"leo","_id":"3257989"}}
	{"id":3257989,"type":"buy","buyer":"cassillas5553","seller":"leomaker","symbol":"LEO","quantity":"23.297","price":"0.17827600","timestamp":1650648537,"volume":"4.15329597","buyTxId":"a84a127a7fa9ceca0709dcb63905481429d03a47","sellTxId":"2aea74cac19fd99467793cd5f1c73422b5ea1676"}
{"index": {"_index":"leo","_id":"3257990"}}
	{"id":3257990,"type":"buy","buyer":"cassillas5553","seller":"leomaker","symbol":"LEO","quantity":"23.106","price":"0.17827700","timestamp":1650648537,"volume":"4.11926836","buyTxId":"a84a127a7fa9ceca0709dcb63905481429d03a47","sellTxId":"37c3c1b5f9633fc8bf2272c18353267bd69661ab"}
{"index": {"_index":"leo","_id":"3257991"}}
	{"id":3257991,"type":"buy","buyer":"cassillas5553","seller":"leomaker","symbol":"LEO","quantity":"22.905","price":"0.17828400","timestamp":1650648537,"volume":"4.08359502","buyTxId":"a84a127a7fa9ceca0709dcb63905481429d03a47","sellTxId":"0c999f285bfe160e7124aeb994597f87b97522be"}
{"index": {"_index":"leo","_id":"3257992"}}
	{"id":3257992,"type":"buy","buyer":"cassillas5553","seller":"leomaker","symbol":"LEO","quantity":"22.693","price":"0.17828500","timestamp":1650648537,"volume":"4.04582151","buyTxId":"a84a127a7fa9ceca0709dcb63905481429d03a47","sellTxId":"2e6d27aafcd54fc078844ee44268f18f4b6be60b"}
{"index": {"_index":"leo","_id":"3257993"}}
	{"id":3257993,"type":"buy","buyer":"cassillas5553","seller":"leomaker","symbol":"LEO","quantity":"22.466","price":"0.17828600","timestamp":1650648537,"volume":"4.00537328","buyTxId":"a84a127a7fa9ceca0709dcb63905481429d03a47","sellTxId":"8c0889e0891a671a5d2eb51e1d1db953c30f8d29"}
{"index": {"_index":"leo","_id":"3257994"}}
	{"id":3257994,"type":"buy","buyer":"cassillas5553","seller":"leomaker","symbol":"LEO","quantity":"22.228","price":"0.17828700","timestamp":1650648537,"volume":"3.96296344","buyTxId":"a84a127a7fa9ceca0709dcb63905481429d03a47","sellTxId":"f57ca2b22c44d56fd24fdf1470f9f304e5efde75"}
{"index": {"_index":"leo","_id":"3257995"}}
	{"id":3257995,"type":"buy","buyer":"cassillas5553","seller":"leomaker","symbol":"LEO","quantity":"21.978","price":"0.17828800","timestamp":1650648537,"volume":"3.91841366","buyTxId":"a84a127a7fa9ceca0709dcb63905481429d03a47","sellTxId":"3d9f41af34961fe924fdbbaafcefbc834452d484"}
{"index": {"_index":"leo","_id":"3257996"}}
	{"id":3257996,"type":"buy","buyer":"cassillas5553","seller":"leomaker","symbol":"LEO","quantity":"23.463","price":"0.17829600","timestamp":1650648537,"volume":"4.18335905","buyTxId":"a84a127a7fa9ceca0709dcb63905481429d03a47","sellTxId":"a8f5b7dc2ea1892a2eda7fc1cc3b12f6304f10b8"}
{"index": {"_index":"leo","_id":"3257997"}}
	{"id":3257997,"type":"buy","buyer":"cassillas5553","seller":"leomaker","symbol":"LEO","quantity":"12.087","price":"0.17829700","timestamp":1650648537,"volume":"2.15517817","buyTxId":"a84a127a7fa9ceca0709dcb63905481429d03a47","sellTxId":"15faff83ab0e7a31b2f1d47d89c48fd0f375b7ea"}
{"index": {"_index":"leo","_id":"3257999"}}
	{"id":3257999,"type":"sell","buyer":"pi-trader","seller":"dlmmqb","symbol":"LEO","quantity":"1.150","price":"0.16402801","timestamp":1650648558,"volume":"0.18863221","buyTxId":"9ab4fcd64538160688a38038b8faf9e1dad617b8-1","sellTxId":"34950524625e017931facd4f13d41eb30111e6ea"}
{"index": {"_index":"leo","_id":"3258240"}}
	{"id":3258240,"type":"sell","buyer":"leomaker","seller":"romiferns","symbol":"LEO","quantity":"2.261","price":"0.16404200","timestamp":1650651156,"volume":"0.37089896","buyTxId":"68382f1143c8e334ad354d8fc832e623705c85ae","sellTxId":"48faec82e71aa3308606a1dca1adbd2a8b83d0be"}
{"index": {"_index":"leo","_id":"3258372"}}
	{"id":3258372,"type":"buy","buyer":"barski","seller":"pi-trader","symbol":"LEO","quantity":"0.917","price":"0.17828699","timestamp":1650652434,"volume":"0.16348917","buyTxId":"5a65236d908616e9d91dc14def58bd4f92569733","sellTxId":"57f1ffc9f1e15213ac08fd898825b4246cbda651-5"}
{"index": {"_index":"leo","_id":"3258644"}}
	{"id":3258644,"type":"sell","buyer":"pi-trader","seller":"acesontop","symbol":"LEO","quantity":"55","price":"0.16406201","timestamp":1650655344,"volume":"9.02341055","buyTxId":"e650b2f186c2c45050086b3a483965ab3c4c3710-2","sellTxId":"d338cdbab20006cae1c48c713bc477f1f78a9bba"}
{"index": {"_index":"leo","_id":"3258788"}}
	{"id":3258788,"type":"buy","buyer":"beemd","seller":"pi-trader","symbol":"LEO","quantity":"5.839","price":"0.17827599","timestamp":1650656760,"volume":"1.04095351","buyTxId":"78e8a432f2b7970d9ee5062e4b5c3b7d5b356eb4","sellTxId":"af4520677465b0d5722be280b218c445999d9913-7"}
{"index": {"_index":"leo","_id":"3258880"}}
	{"id":3258880,"type":"sell","buyer":"pi-trader","seller":"der-prophet","symbol":"LEO","quantity":"1.784","price":"0.16407601","timestamp":1650657810,"volume":"0.29271160","buyTxId":"3d2b6a064d65fa1a7aabac80da8ac099ec093810-4","sellTxId":"81a015d22bbcfeb85ca91453087d6fb30620691b"}
{"index": {"_index":"leo","_id":"3258964"}}
	{"id":3258964,"type":"sell","buyer":"pi-trader","seller":"nuthman","symbol":"LEO","quantity":"8.403","price":"0.16408201","timestamp":1650659148,"volume":"1.37878113","buyTxId":"154082c926f369da2b409a203bb97c27372aa1ee-2","sellTxId":"5296bd9e2f6ff5ede711105d9c52a28cdf754f50"}
{"index": {"_index":"leo","_id":"3259086"}}
	{"id":3259086,"type":"buy","buyer":"beemd","seller":"pi-trader","symbol":"LEO","quantity":"0.438","price":"0.17826499","timestamp":1650661161,"volume":"0.07808007","buyTxId":"682dfee86378bfbc37db339a1de014c786faaef3","sellTxId":"2ae30360c3c6cb163d993dcde99e8f520bfa45a7-3"}
{"index": {"_index":"leo","_id":"3259116"}}
	{"id":3259116,"type":"buy","buyer":"twicejoy","seller":"pi-trader","symbol":"LEO","quantity":"16.662","price":"0.17826299","timestamp":1650661617,"volume":"2.97021794","buyTxId":"95ffa3c3352f1b3785b2b67ce06922ee4946749f","sellTxId":"693a189dd33cc74ca1738b805917bb1ec3487c74-3"}
{"index": {"_index":"leo","_id":"3259376"}}
	{"id":3259376,"type":"sell","buyer":"pi-trader","seller":"samostically","symbol":"LEO","quantity":"120.000","price":"0.16411401","timestamp":1650665337,"volume":"19.69368120","buyTxId":"6c7caedae17d997424822f0f33b383a01d2428aa-1","sellTxId":"41c3b375f5eb0bca114f2adf44f4746de3dd88a3"}
{"index": {"_index":"leo","_id":"3259505"}}
	{"id":3259505,"type":"sell","buyer":"pi-trader","seller":"ostleo","symbol":"LEO","quantity":"54.049","price":"0.16412001","timestamp":1650666588,"volume":"8.87052242","buyTxId":"11579362df0956dc62b28ac56831320e4f68e549-1","sellTxId":"ea4d2c8f389881f1e1c4eae0ec506d041c1d544a"}
{"index": {"_index":"leo","_id":"3259804"}}
	{"id":3259804,"type":"sell","buyer":"pi-trader","seller":"dswap","symbol":"LEO","quantity":"0.063","price":"0.16414001","timestamp":1650670365,"volume":"0.01034082","buyTxId":"2f933779d0e7624d0b5f1050ee588fb07c9e9f28-4","sellTxId":"5e016a886e2247b97457c0676a18f6af1c8eab85"}
{"index": {"_index":"leo","_id":"3259887"}}
	{"id":3259887,"type":"buy","buyer":"jk6276","seller":"pi-trader","symbol":"LEO","quantity":"7.272","price":"0.17499599","timestamp":1650671826,"volume":"1.27262061","buyTxId":"c0141ca09ae4c6a3ff120f674ad984a23a21f4b1","sellTxId":"e2897d6d27be60e93eb7360538e9c3c6baa68aa6-3"}
{"index": {"_index":"leo","_id":"3260013"}}
	{"id":3260013,"type":"buy","buyer":"akertxu","seller":"pi-trader","symbol":"LEO","quantity":"10.440","price":"0.17499299","timestamp":1650673146,"volume":"1.82692682","buyTxId":"abdfc3b4f28b24f998a1464b86cb00a893b7c23c","sellTxId":"d369cb943cd2abfd8e227e6a96edfe2d19a13a40-1"}
{"index": {"_index":"leo","_id":"3260043"}}
	{"id":3260043,"type":"sell","buyer":"pi-trader","seller":"teenagecrypto","symbol":"LEO","quantity":"0.736","price":"0.16414201","timestamp":1650673458,"volume":"0.12080852","buyTxId":"1e44ae6443b05c40c0b19c42ca1428b6df0e0c8e-2","sellTxId":"24cb5f0bdc8df2fb5372275e600bb045b8c110aa"}
{"index": {"_index":"leo","_id":"3260196"}}
	{"id":3260196,"type":"sell","buyer":"pi-trader","seller":"teatree","symbol":"LEO","quantity":"0.481","price":"0.16414401","timestamp":1650676206,"volume":"0.07895327","buyTxId":"bb08bfc14061c63b804c47ac1e86cce091543320-1","sellTxId":"a5512ec60dbf6789a524b708bea0323a64c721dc"}
{"index": {"_index":"leo","_id":"3260226"}}
	{"id":3260226,"type":"sell","buyer":"pi-trader","seller":"elfino28","symbol":"LEO","quantity":"0.497","price":"0.16414401","timestamp":1650676602,"volume":"0.08157957","buyTxId":"0b0a0f3e78afd5b8b79c1b8ae4f9005278ab9afb-2","sellTxId":"355ee190b57f2692ebf3fb11d5910a276947f537"}
{"index": {"_index":"leo","_id":"3260264"}}
	{"id":3260264,"type":"sell","buyer":"pi-trader","seller":"dswap","symbol":"LEO","quantity":"0.026","price":"0.16414401","timestamp":1650677250,"volume":"0.00426774","buyTxId":"0c21c95fb2745b21d3e8127408c210a0a5bcce31-2","sellTxId":"aeb353ff7c4c3b856ebf6ba4f2e2d20a2be35a00"}
{"index": {"_index":"leo","_id":"3260308"}}
	{"id":3260308,"type":"sell","buyer":"pi-trader","seller":"chireerocks","symbol":"LEO","quantity":"27.206","price":"0.16414401","timestamp":1650677952,"volume":"4.46570194","buyTxId":"a118fd841e1b15d627c5502be40375d5fcb111f0-1","sellTxId":"7f341ee5e850935a781c45e2237c4f932d6fd563"}
{"index": {"_index":"leo","_id":"3260386"}}
	{"id":3260386,"type":"sell","buyer":"pi-trader","seller":"phoenixonhive","symbol":"LEO","quantity":"253.656","price":"0.16414401","timestamp":1650678924,"volume":"41.63611300","buyTxId":"984dda7b9de2bd6bd721057573e532e16d32f345-2","sellTxId":"cf6a1a9ae9a56fe90956072b4671b108ea11e8a9"}
{"index": {"_index":"leo","_id":"3260388"}}
	{"id":3260388,"type":"sell","buyer":"pi-trader","seller":"dswap","symbol":"LEO","quantity":"0.006","price":"0.16414401","timestamp":1650678942,"volume":"0.00098486","buyTxId":"984dda7b9de2bd6bd721057573e532e16d32f345-2","sellTxId":"553cfee4514a7f719be0b7c9a39aa5b74bcfe6bd"}
{"index": {"_index":"leo","_id":"3260588"}}
	{"id":3260588,"type":"sell","buyer":"pi-trader","seller":"kinashi100","symbol":"LEO","quantity":"0.559","price":"0.16414401","timestamp":1650682005,"volume":"0.09175650","buyTxId":"b264c55e7a8132fd763986c8afaf385913b626a5-2","sellTxId":"22dc7e453918d13f5a45908275df616e00a38bfa"}
