{"index": {"_index":"leo","_id":"2320811"}}
	{"id":2320811,"type":"sell","buyer":"pi-trader","seller":"captainquack22","symbol":"LEO","quantity":"0.834","price":"0.15622801","timestamp":1639887309,"volume":"0.13029416","buyTxId":"331aee1124f827dafa98833d4ab14582ee99a2dd-1","sellTxId":"306dc0855f930b9ffa5fc05d12fa8bed99915f4f"}
{"index": {"_index":"leo","_id":"2320825"}}
	{"id":2320825,"type":"sell","buyer":"pi-trader","seller":"chireerocks","symbol":"LEO","quantity":"14.317","price":"0.15623001","timestamp":1639887528,"volume":"2.23674505","buyTxId":"f4d134384c4ecf180d86083767343e601c482b2d-1","sellTxId":"af0256770776e9c47dc8100629dd6251947b2c9c"}
{"index": {"_index":"leo","_id":"2321199"}}
	{"id":2321199,"type":"sell","buyer":"pi-trader","seller":"chireerocks","symbol":"LEO","quantity":"0.549","price":"0.15624401","timestamp":1639890399,"volume":"0.08577796","buyTxId":"98eb998791b645710c9dee62bc3cdd44473ce5f3-1","sellTxId":"2fdf83ec64c15f0979eb79d44a525802f0b92ff3"}
{"index": {"_index":"leo","_id":"2321314"}}
	{"id":2321314,"type":"sell","buyer":"pi-trader","seller":"svirus","symbol":"LEO","quantity":"300.000","price":"0.15625001","timestamp":1639891410,"volume":"46.87500300","buyTxId":"6a4b95613cc541fb62aa5cb17789b075858029c2-1","sellTxId":"3230d26d2c3c6d2677bcafa9b4ea5cd1e0c1c06f-1"}
{"index": {"_index":"leo","_id":"2321315"}}
	{"id":2321315,"type":"sell","buyer":"leomaker","seller":"konvik","symbol":"LEO","quantity":"51.828","price":"0.15625000","timestamp":1639891410,"volume":"8.09812500","buyTxId":"db87a38d2e1f188d7f0cdd714b4bf5433cf8d776","sellTxId":"1ec185a6e10f344a6ed82f45ee116b0d3a186fdf-1"}
{"index": {"_index":"leo","_id":"2321316"}}
	{"id":2321316,"type":"sell","buyer":"leomaker","seller":"konvik","symbol":"LEO","quantity":"53.091","price":"0.15624800","timestamp":1639891410,"volume":"8.29536257","buyTxId":"08e32235a648aac80cd68db117dd0c1be47cc302","sellTxId":"1ec185a6e10f344a6ed82f45ee116b0d3a186fdf-1"}
{"index": {"_index":"leo","_id":"2321317"}}
	{"id":2321317,"type":"sell","buyer":"magicbeans","seller":"konvik","symbol":"LEO","quantity":"3.000","price":"0.15624602","timestamp":1639891410,"volume":"0.46873806","buyTxId":"797c8a7c7b9c418ca92d6b5cf92be6b40edef19b","sellTxId":"1ec185a6e10f344a6ed82f45ee116b0d3a186fdf-1"}
{"index": {"_index":"leo","_id":"2321318"}}
	{"id":2321318,"type":"sell","buyer":"leomaker","seller":"konvik","symbol":"LEO","quantity":"54.386","price":"0.15624600","timestamp":1639891410,"volume":"8.49759496","buyTxId":"8b298f34d5a1512e8ce2e2299bd1a969f2f38780","sellTxId":"1ec185a6e10f344a6ed82f45ee116b0d3a186fdf-1"}
{"index": {"_index":"leo","_id":"2321319"}}
	{"id":2321319,"type":"sell","buyer":"nuthman","seller":"konvik","symbol":"LEO","quantity":"317.000","price":"0.15624401","timestamp":1639891410,"volume":"49.52935117","buyTxId":"e5f94591c99b8123f0bbbabe7e65a934042ab307","sellTxId":"1ec185a6e10f344a6ed82f45ee116b0d3a186fdf-1"}
{"index": {"_index":"leo","_id":"2321320"}}
	{"id":2321320,"type":"sell","buyer":"leomaker","seller":"konvik","symbol":"LEO","quantity":"55.713","price":"0.15624400","timestamp":1639891410,"volume":"8.70482197","buyTxId":"33a9eda2c5d914c503f02c02b2020187389fcf4f","sellTxId":"1ec185a6e10f344a6ed82f45ee116b0d3a186fdf-1"}
{"index": {"_index":"leo","_id":"2321321"}}
	{"id":2321321,"type":"sell","buyer":"leomaker","seller":"konvik","symbol":"LEO","quantity":"57.073","price":"0.15624200","timestamp":1639891410,"volume":"8.91719967","buyTxId":"6f402defd5e2005b8e70fe6a8646927ddadc6da0","sellTxId":"1ec185a6e10f344a6ed82f45ee116b0d3a186fdf-1"}
{"index": {"_index":"leo","_id":"2321322"}}
	{"id":2321322,"type":"sell","buyer":"leomaker","seller":"konvik","symbol":"LEO","quantity":"58.466","price":"0.15624000","timestamp":1639891410,"volume":"9.13472784","buyTxId":"80894ce9735e5fd677b60379f1d3bf428e976090","sellTxId":"1ec185a6e10f344a6ed82f45ee116b0d3a186fdf-1"}
{"index": {"_index":"leo","_id":"2321323"}}
	{"id":2321323,"type":"sell","buyer":"leomaker","seller":"konvik","symbol":"LEO","quantity":"59.895","price":"0.15623800","timestamp":1639891410,"volume":"9.35787501","buyTxId":"e612b46ac6851fa73f50d7431a84f43744d49a64","sellTxId":"1ec185a6e10f344a6ed82f45ee116b0d3a186fdf-1"}
{"index": {"_index":"leo","_id":"2321324"}}
	{"id":2321324,"type":"sell","buyer":"leomaker","seller":"konvik","symbol":"LEO","quantity":"61.359","price":"0.15623600","timestamp":1639891410,"volume":"9.58648472","buyTxId":"5647d8cb243881e9b7d5ebe2c15ca81abe684984","sellTxId":"1ec185a6e10f344a6ed82f45ee116b0d3a186fdf-1"}
{"index": {"_index":"leo","_id":"2321325"}}
	{"id":2321325,"type":"sell","buyer":"leomaker","seller":"konvik","symbol":"LEO","quantity":"62.859","price":"0.15623400","timestamp":1639891410,"volume":"9.82071301","buyTxId":"fbd521fec0760b95e5670e574a8dfcca7f012a66","sellTxId":"1ec185a6e10f344a6ed82f45ee116b0d3a186fdf-1"}
{"index": {"_index":"leo","_id":"2321326"}}
	{"id":2321326,"type":"sell","buyer":"leomaker","seller":"konvik","symbol":"LEO","quantity":"64.396","price":"0.15623200","timestamp":1639891410,"volume":"10.06071587","buyTxId":"8393915d6aa160b5e32d0f51418b4b48441d2553","sellTxId":"1ec185a6e10f344a6ed82f45ee116b0d3a186fdf-1"}
{"index": {"_index":"leo","_id":"2321327"}}
	{"id":2321327,"type":"sell","buyer":"he-index","seller":"konvik","symbol":"LEO","quantity":"0.442","price":"0.15623001","timestamp":1639891410,"volume":"0.06905366","buyTxId":"a2d02f6cc9f67e2338dd7dc2b8b9c363577b039c","sellTxId":"1ec185a6e10f344a6ed82f45ee116b0d3a186fdf-1"}
{"index": {"_index":"leo","_id":"2321328"}}
	{"id":2321328,"type":"sell","buyer":"he-index","seller":"konvik","symbol":"LEO","quantity":"1.568","price":"0.15623001","timestamp":1639891410,"volume":"0.24496866","buyTxId":"869f697aab896d2cd5abc2b6004e8288601f5bed","sellTxId":"1ec185a6e10f344a6ed82f45ee116b0d3a186fdf-1"}
{"index": {"_index":"leo","_id":"2321329"}}
	{"id":2321329,"type":"sell","buyer":"leomaker","seller":"konvik","symbol":"LEO","quantity":"65.971","price":"0.15623000","timestamp":1639891410,"volume":"10.30664933","buyTxId":"e58c048b5e963962eb6eb81d9d70a257c8719c14","sellTxId":"1ec185a6e10f344a6ed82f45ee116b0d3a186fdf-1"}
{"index": {"_index":"leo","_id":"2321330"}}
	{"id":2321330,"type":"sell","buyer":"leomaker","seller":"konvik","symbol":"LEO","quantity":"67.585","price":"0.15622800","timestamp":1639891410,"volume":"10.55866938","buyTxId":"8cd327e697882d0b05c6d79bfd6f5103262a55b3","sellTxId":"1ec185a6e10f344a6ed82f45ee116b0d3a186fdf-1"}
{"index": {"_index":"leo","_id":"2321331"}}
	{"id":2321331,"type":"sell","buyer":"leomaker","seller":"konvik","symbol":"LEO","quantity":"69.242","price":"0.15622600","timestamp":1639891410,"volume":"10.81740069","buyTxId":"8f32bf31b4e42a5e0b8d2340f39cb944ef71429c","sellTxId":"1ec185a6e10f344a6ed82f45ee116b0d3a186fdf-1"}
{"index": {"_index":"leo","_id":"2321332"}}
	{"id":2321332,"type":"sell","buyer":"leomaker","seller":"konvik","symbol":"LEO","quantity":"70.938","price":"0.15622400","timestamp":1639891410,"volume":"11.08221811","buyTxId":"fdfcaa9d9bb746e3670eaff8f7d8e54b25021aeb","sellTxId":"1ec185a6e10f344a6ed82f45ee116b0d3a186fdf-1"}
{"index": {"_index":"leo","_id":"2321333"}}
	{"id":2321333,"type":"sell","buyer":"leomaker","seller":"konvik","symbol":"LEO","quantity":"72.676","price":"0.15622200","timestamp":1639891410,"volume":"11.35359007","buyTxId":"7b8b1b2981be7511740596fe32061bffd87ea6e4","sellTxId":"1ec185a6e10f344a6ed82f45ee116b0d3a186fdf-1"}
{"index": {"_index":"leo","_id":"2321334"}}
	{"id":2321334,"type":"sell","buyer":"leomaker","seller":"konvik","symbol":"LEO","quantity":"74.456","price":"0.15622000","timestamp":1639891410,"volume":"11.63151632","buyTxId":"362c1e603ddb2dda4f3ea0e7cc341d63de0bf0d3","sellTxId":"1ec185a6e10f344a6ed82f45ee116b0d3a186fdf-1"}
{"index": {"_index":"leo","_id":"2321335"}}
	{"id":2321335,"type":"sell","buyer":"leomaker","seller":"konvik","symbol":"LEO","quantity":"76.284","price":"0.15621800","timestamp":1639891410,"volume":"11.91693391","buyTxId":"98a511f6cf6081f40ec2dc551da488812e811d16","sellTxId":"1ec185a6e10f344a6ed82f45ee116b0d3a186fdf-1"}
{"index": {"_index":"leo","_id":"2321336"}}
	{"id":2321336,"type":"sell","buyer":"leomaker","seller":"konvik","symbol":"LEO","quantity":"78.155","price":"0.15621600","timestamp":1639891410,"volume":"12.20906148","buyTxId":"e3ba83fb88fbc95dfc1a6530b3162ca673e2c688","sellTxId":"1ec185a6e10f344a6ed82f45ee116b0d3a186fdf-1"}
{"index": {"_index":"leo","_id":"2321337"}}
	{"id":2321337,"type":"sell","buyer":"leomaker","seller":"konvik","symbol":"LEO","quantity":"80.072","price":"0.15621400","timestamp":1639891410,"volume":"12.50836741","buyTxId":"d885d5348b7d74766b059c29c11fa9f7d09a0133","sellTxId":"1ec185a6e10f344a6ed82f45ee116b0d3a186fdf-1"}
{"index": {"_index":"leo","_id":"2321338"}}
	{"id":2321338,"type":"sell","buyer":"vlemon","seller":"konvik","symbol":"LEO","quantity":"129.934","price":"0.15620700","timestamp":1639891410,"volume":"20.29660034","buyTxId":"a06baab24740a8c870dbed42275f162fab2e81e5","sellTxId":"1ec185a6e10f344a6ed82f45ee116b0d3a186fdf-1"}
{"index": {"_index":"leo","_id":"2321339"}}
	{"id":2321339,"type":"sell","buyer":"leomaker","seller":"konvik","symbol":"LEO","quantity":"5.593","price":"0.15620600","timestamp":1639891410,"volume":"0.87366016","buyTxId":"c34341ff8e895a30449725b216353bebed2c0847","sellTxId":"1ec185a6e10f344a6ed82f45ee116b0d3a186fdf-1"}
{"index": {"_index":"leo","_id":"2321340"}}
	{"id":2321340,"type":"sell","buyer":"leomaker","seller":"konvik","symbol":"LEO","quantity":"6.267","price":"0.15620400","timestamp":1639891410,"volume":"0.97893047","buyTxId":"fa09a3ba4a2bc097c45a7aeb6046dd24c5ee1957","sellTxId":"1ec185a6e10f344a6ed82f45ee116b0d3a186fdf-1"}
{"index": {"_index":"leo","_id":"2321341"}}
	{"id":2321341,"type":"sell","buyer":"leomaker","seller":"konvik","symbol":"LEO","quantity":"6.431","price":"0.15620200","timestamp":1639891410,"volume":"1.00453506","buyTxId":"66307f60d8f9c74cd50cfa9d94886f25ab3f1669","sellTxId":"1ec185a6e10f344a6ed82f45ee116b0d3a186fdf-1"}
{"index": {"_index":"leo","_id":"2321342"}}
	{"id":2321342,"type":"sell","buyer":"leomaker","seller":"konvik","symbol":"LEO","quantity":"6.597","price":"0.15620000","timestamp":1639891410,"volume":"1.03045140","buyTxId":"ec783809ac8569b66067aab6e4701349025cc6a0","sellTxId":"1ec185a6e10f344a6ed82f45ee116b0d3a186fdf-1"}
{"index": {"_index":"leo","_id":"2321343"}}
	{"id":2321343,"type":"sell","buyer":"leomaker","seller":"konvik","symbol":"LEO","quantity":"6.769","price":"0.15619800","timestamp":1639891410,"volume":"1.05730426","buyTxId":"999982264780db7f5035c2776e9837ef9883232e","sellTxId":"1ec185a6e10f344a6ed82f45ee116b0d3a186fdf-1"}
{"index": {"_index":"leo","_id":"2321344"}}
	{"id":2321344,"type":"sell","buyer":"leomaker","seller":"konvik","symbol":"LEO","quantity":"6.945","price":"0.15619600","timestamp":1639891410,"volume":"1.08478122","buyTxId":"c6804127cb46463d1d18367d5b84aefb8817ff26","sellTxId":"1ec185a6e10f344a6ed82f45ee116b0d3a186fdf-1"}
{"index": {"_index":"leo","_id":"2321345"}}
	{"id":2321345,"type":"sell","buyer":"leomaker","seller":"konvik","symbol":"LEO","quantity":"7.126","price":"0.15619400","timestamp":1639891410,"volume":"1.11303844","buyTxId":"8d3b1afec4e8d0b180dfe2926153e7132000e3f9","sellTxId":"1ec185a6e10f344a6ed82f45ee116b0d3a186fdf-1"}
{"index": {"_index":"leo","_id":"2321346"}}
	{"id":2321346,"type":"sell","buyer":"leomaker","seller":"konvik","symbol":"LEO","quantity":"7.312","price":"0.15619200","timestamp":1639891410,"volume":"1.14207590","buyTxId":"bff58807bca00bb2b277673559f08854557b0b76","sellTxId":"1ec185a6e10f344a6ed82f45ee116b0d3a186fdf-1"}
{"index": {"_index":"leo","_id":"2321347"}}
	{"id":2321347,"type":"sell","buyer":"leomaker","seller":"konvik","symbol":"LEO","quantity":"7.503","price":"0.15619000","timestamp":1639891410,"volume":"1.17189357","buyTxId":"f87a2688cf0e1999f915ff2a83644947568dc271","sellTxId":"1ec185a6e10f344a6ed82f45ee116b0d3a186fdf-1"}
{"index": {"_index":"leo","_id":"2321348"}}
	{"id":2321348,"type":"sell","buyer":"leomaker","seller":"konvik","symbol":"LEO","quantity":"7.698","price":"0.15618800","timestamp":1639891410,"volume":"1.20233522","buyTxId":"b1db2756d66bb09ade6b443402dbf82fe705ca10","sellTxId":"1ec185a6e10f344a6ed82f45ee116b0d3a186fdf-1"}
{"index": {"_index":"leo","_id":"2321349"}}
	{"id":2321349,"type":"sell","buyer":"leomaker","seller":"konvik","symbol":"LEO","quantity":"7.899","price":"0.15618600","timestamp":1639891410,"volume":"1.23371321","buyTxId":"f3dff09dd6f4b6d844412e86c916f35f30ea314b","sellTxId":"1ec185a6e10f344a6ed82f45ee116b0d3a186fdf-1"}
{"index": {"_index":"leo","_id":"2321350"}}
	{"id":2321350,"type":"sell","buyer":"leomaker","seller":"konvik","symbol":"LEO","quantity":"8.105","price":"0.15618400","timestamp":1639891410,"volume":"1.26587132","buyTxId":"6f767278d645c33dc718854a2829c84ed17550ce","sellTxId":"1ec185a6e10f344a6ed82f45ee116b0d3a186fdf-1"}
{"index": {"_index":"leo","_id":"2321351"}}
	{"id":2321351,"type":"sell","buyer":"enginemaker","seller":"konvik","symbol":"LEO","quantity":"320.135","price":"0.15618400","timestamp":1639891410,"volume":"49.99996484","buyTxId":"MM-P-13178090-60165021-3-1-0","sellTxId":"1ec185a6e10f344a6ed82f45ee116b0d3a186fdf-1"}
{"index": {"_index":"leo","_id":"2321352"}}
	{"id":2321352,"type":"sell","buyer":"leomaker","seller":"konvik","symbol":"LEO","quantity":"8.317","price":"0.15618200","timestamp":1639891410,"volume":"1.29896569","buyTxId":"9e8cf59fa6416fbc6c52407f3a11e23bfbb715af","sellTxId":"1ec185a6e10f344a6ed82f45ee116b0d3a186fdf-1"}
{"index": {"_index":"leo","_id":"2321353"}}
	{"id":2321353,"type":"sell","buyer":"leomaker","seller":"konvik","symbol":"LEO","quantity":"8.535","price":"0.15618000","timestamp":1639891410,"volume":"1.33299630","buyTxId":"dc0f2f9bbce05dab45c937fcbb85cf6b639dfe14","sellTxId":"1ec185a6e10f344a6ed82f45ee116b0d3a186fdf-1"}
{"index": {"_index":"leo","_id":"2321354"}}
	{"id":2321354,"type":"sell","buyer":"leomaker","seller":"konvik","symbol":"LEO","quantity":"8.757","price":"0.15617800","timestamp":1639891410,"volume":"1.36765075","buyTxId":"6f648b9d639349ddc5a85c9a2889bfd7b77dc4b8","sellTxId":"1ec185a6e10f344a6ed82f45ee116b0d3a186fdf-1"}
{"index": {"_index":"leo","_id":"2321355"}}
	{"id":2321355,"type":"sell","buyer":"leomaker","seller":"konvik","symbol":"LEO","quantity":"8.987","price":"0.15617600","timestamp":1639891410,"volume":"1.40355371","buyTxId":"772dd28d72df3d370f2ea7f4ac32e31376b6cee7","sellTxId":"1ec185a6e10f344a6ed82f45ee116b0d3a186fdf-1"}
{"index": {"_index":"leo","_id":"2321356"}}
	{"id":2321356,"type":"sell","buyer":"leomaker","seller":"konvik","symbol":"LEO","quantity":"9.223","price":"0.15617400","timestamp":1639891410,"volume":"1.44039280","buyTxId":"41c4c74cec3b2e3bfa014afec38565767b3c973a","sellTxId":"1ec185a6e10f344a6ed82f45ee116b0d3a186fdf-1"}
{"index": {"_index":"leo","_id":"2321357"}}
	{"id":2321357,"type":"sell","buyer":"leomaker","seller":"konvik","symbol":"LEO","quantity":"9.464","price":"0.15617200","timestamp":1639891410,"volume":"1.47801181","buyTxId":"ecedacd963561176ef0227d7ac0f1f613dbebd9c","sellTxId":"1ec185a6e10f344a6ed82f45ee116b0d3a186fdf-1"}
{"index": {"_index":"leo","_id":"2321358"}}
	{"id":2321358,"type":"sell","buyer":"leomaker","seller":"konvik","symbol":"LEO","quantity":"9.712","price":"0.15617000","timestamp":1639891410,"volume":"1.51672304","buyTxId":"69aa9f389bfde5e0785024e43d72fb0d03628d18","sellTxId":"1ec185a6e10f344a6ed82f45ee116b0d3a186fdf-1"}
{"index": {"_index":"leo","_id":"2321359"}}
	{"id":2321359,"type":"sell","buyer":"leomaker","seller":"konvik","symbol":"LEO","quantity":"9.967","price":"0.15616800","timestamp":1639891410,"volume":"1.55652646","buyTxId":"259edea7cbc22eda0b6a61db05d61398e7037237","sellTxId":"1ec185a6e10f344a6ed82f45ee116b0d3a186fdf-1"}
{"index": {"_index":"leo","_id":"2321360"}}
	{"id":2321360,"type":"sell","buyer":"leomaker","seller":"konvik","symbol":"LEO","quantity":"10.230","price":"0.15616600","timestamp":1639891410,"volume":"1.59757818","buyTxId":"02adef5150ec64a4a537089d9c77d1e75c53333f","sellTxId":"1ec185a6e10f344a6ed82f45ee116b0d3a186fdf-1"}
{"index": {"_index":"leo","_id":"2321361"}}
	{"id":2321361,"type":"sell","buyer":"leomaker","seller":"konvik","symbol":"LEO","quantity":"10.497","price":"0.15616400","timestamp":1639891410,"volume":"1.63925351","buyTxId":"7a0b6028781c209f782a6b8d2dc66460a101e62c","sellTxId":"1ec185a6e10f344a6ed82f45ee116b0d3a186fdf-1"}
{"index": {"_index":"leo","_id":"2321362"}}
	{"id":2321362,"type":"sell","buyer":"leomaker","seller":"konvik","symbol":"LEO","quantity":"10.773","price":"0.15616200","timestamp":1639891410,"volume":"1.68233323","buyTxId":"9871c06e019ff5bcf3545f744c8cf3dc47dee353","sellTxId":"1ec185a6e10f344a6ed82f45ee116b0d3a186fdf-1"}
{"index": {"_index":"leo","_id":"2321363"}}
	{"id":2321363,"type":"sell","buyer":"leomaker","seller":"konvik","symbol":"LEO","quantity":"11.057","price":"0.15616000","timestamp":1639891410,"volume":"1.72666112","buyTxId":"a4273d59b8eaf330829048541cf40c18f5defcb9","sellTxId":"1ec185a6e10f344a6ed82f45ee116b0d3a186fdf-1"}
{"index": {"_index":"leo","_id":"2321364"}}
	{"id":2321364,"type":"sell","buyer":"leomaker","seller":"konvik","symbol":"LEO","quantity":"16.056","price":"0.15615800","timestamp":1639891410,"volume":"2.50727285","buyTxId":"bef9ab4e1ef6ed71e0f210adc18da3d99fa276fb","sellTxId":"1ec185a6e10f344a6ed82f45ee116b0d3a186fdf-1"}
{"index": {"_index":"leo","_id":"2321365"}}
	{"id":2321365,"type":"sell","buyer":"leomaker","seller":"konvik","symbol":"LEO","quantity":"16.483","price":"0.15615600","timestamp":1639891410,"volume":"2.57391935","buyTxId":"20ed5c0561f416f3927bb0adbb93c1106b686f38","sellTxId":"1ec185a6e10f344a6ed82f45ee116b0d3a186fdf-1"}
{"index": {"_index":"leo","_id":"2321366"}}
	{"id":2321366,"type":"sell","buyer":"leomaker","seller":"konvik","symbol":"LEO","quantity":"16.920","price":"0.15615400","timestamp":1639891410,"volume":"2.64212568","buyTxId":"62e00404755fbb85f2cd812c9d98ab91c00d1d56","sellTxId":"1ec185a6e10f344a6ed82f45ee116b0d3a186fdf-1"}
{"index": {"_index":"leo","_id":"2321367"}}
	{"id":2321367,"type":"sell","buyer":"leomaker","seller":"konvik","symbol":"LEO","quantity":"17.368","price":"0.15615200","timestamp":1639891410,"volume":"2.71204794","buyTxId":"18bee5a03fb3bf3744d7a7c76d84723c42b9a1f1","sellTxId":"1ec185a6e10f344a6ed82f45ee116b0d3a186fdf-1"}
{"index": {"_index":"leo","_id":"2321368"}}
	{"id":2321368,"type":"sell","buyer":"leomaker","seller":"konvik","symbol":"LEO","quantity":"17.829","price":"0.15615000","timestamp":1639891410,"volume":"2.78399835","buyTxId":"2b2f5d673de548b4539b3c29e120bcb089a921dd","sellTxId":"1ec185a6e10f344a6ed82f45ee116b0d3a186fdf-1"}
{"index": {"_index":"leo","_id":"2321369"}}
	{"id":2321369,"type":"sell","buyer":"leomaker","seller":"konvik","symbol":"LEO","quantity":"18.304","price":"0.15614800","timestamp":1639891410,"volume":"2.85813299","buyTxId":"672916447201928f72ba6220712a0e85de223b34","sellTxId":"1ec185a6e10f344a6ed82f45ee116b0d3a186fdf-1"}
{"index": {"_index":"leo","_id":"2321370"}}
	{"id":2321370,"type":"sell","buyer":"leomaker","seller":"konvik","symbol":"LEO","quantity":"18.792","price":"0.15614600","timestamp":1639891410,"volume":"2.93429563","buyTxId":"668ef700443dfebcdc37768b02f8ed7ed2d45216","sellTxId":"1ec185a6e10f344a6ed82f45ee116b0d3a186fdf-1"}
{"index": {"_index":"leo","_id":"2321371"}}
	{"id":2321371,"type":"sell","buyer":"leomaker","seller":"konvik","symbol":"LEO","quantity":"19.292","price":"0.15614400","timestamp":1639891410,"volume":"3.01233005","buyTxId":"bcc9d758a5fbfb6fafcc0d82e2551c733babda20","sellTxId":"1ec185a6e10f344a6ed82f45ee116b0d3a186fdf-1"}
{"index": {"_index":"leo","_id":"2321372"}}
	{"id":2321372,"type":"sell","buyer":"leomaker","seller":"konvik","symbol":"LEO","quantity":"6.844","price":"0.15614200","timestamp":1639891410,"volume":"1.06863585","buyTxId":"920fa098b63dbaa6eaea3d411a2276fcbc0187c8","sellTxId":"1ec185a6e10f344a6ed82f45ee116b0d3a186fdf-1"}
{"index": {"_index":"leo","_id":"2321373"}}
	{"id":2321373,"type":"sell","buyer":"leomaker","seller":"konvik","symbol":"LEO","quantity":"7.663","price":"0.15614000","timestamp":1639891410,"volume":"1.19650082","buyTxId":"e506facf68113b493d9ef128e37189ff0e1c11ee","sellTxId":"1ec185a6e10f344a6ed82f45ee116b0d3a186fdf-1"}
{"index": {"_index":"leo","_id":"2321374"}}
	{"id":2321374,"type":"sell","buyer":"leomaker","seller":"konvik","symbol":"LEO","quantity":"7.674","price":"0.15613800","timestamp":1639891410,"volume":"1.19820301","buyTxId":"33ba06be5834d50a34871d0f96e949879727cf81","sellTxId":"1ec185a6e10f344a6ed82f45ee116b0d3a186fdf-1"}
{"index": {"_index":"leo","_id":"2321375"}}
	{"id":2321375,"type":"sell","buyer":"leomaker","seller":"konvik","symbol":"LEO","quantity":"7.687","price":"0.15613600","timestamp":1639891410,"volume":"1.20021743","buyTxId":"a33a000b2306a69305e99c97a610ccaefd4048db","sellTxId":"1ec185a6e10f344a6ed82f45ee116b0d3a186fdf-1"}
{"index": {"_index":"leo","_id":"2321376"}}
	{"id":2321376,"type":"sell","buyer":"leomaker","seller":"konvik","symbol":"LEO","quantity":"11.746","price":"0.15512400","timestamp":1639891410,"volume":"1.82208650","buyTxId":"db0aedb4487a616eab03924063ce9d55701e5bdd","sellTxId":"1ec185a6e10f344a6ed82f45ee116b0d3a186fdf-1"}
{"index": {"_index":"leo","_id":"2321377"}}
	{"id":2321377,"type":"sell","buyer":"leomaker","seller":"konvik","symbol":"LEO","quantity":"11.781","price":"0.15512200","timestamp":1639891410,"volume":"1.82749228","buyTxId":"b2c9fa54b2598150449ab49164d18088f256bfad","sellTxId":"1ec185a6e10f344a6ed82f45ee116b0d3a186fdf-1"}
{"index": {"_index":"leo","_id":"2321378"}}
	{"id":2321378,"type":"sell","buyer":"leomaker","seller":"konvik","symbol":"LEO","quantity":"11.817","price":"0.15512000","timestamp":1639891410,"volume":"1.83305304","buyTxId":"012085e6d4b192e5f740bc1a36772175facb8f84","sellTxId":"1ec185a6e10f344a6ed82f45ee116b0d3a186fdf-1"}
{"index": {"_index":"leo","_id":"2321379"}}
	{"id":2321379,"type":"sell","buyer":"leomaker","seller":"konvik","symbol":"LEO","quantity":"11.852","price":"0.15511800","timestamp":1639891410,"volume":"1.83845854","buyTxId":"1ef151238be9574768bcaf8b2fdc51b258c11400","sellTxId":"1ec185a6e10f344a6ed82f45ee116b0d3a186fdf-1"}
{"index": {"_index":"leo","_id":"2321380"}}
	{"id":2321380,"type":"sell","buyer":"leomaker","seller":"konvik","symbol":"LEO","quantity":"11.837","price":"0.15511600","timestamp":1639891410,"volume":"1.83610809","buyTxId":"4e9ae139d98037d4545df5e9412b3a675319a579","sellTxId":"1ec185a6e10f344a6ed82f45ee116b0d3a186fdf-1"}
{"index": {"_index":"leo","_id":"2321381"}}
	{"id":2321381,"type":"sell","buyer":"leomaker","seller":"konvik","symbol":"LEO","quantity":"11.875","price":"0.15511400","timestamp":1639891410,"volume":"1.84197875","buyTxId":"fef8b7eca63a53148a0bbbcf2b097e7503252f8d","sellTxId":"1ec185a6e10f344a6ed82f45ee116b0d3a186fdf-1"}
{"index": {"_index":"leo","_id":"2321382"}}
	{"id":2321382,"type":"sell","buyer":"leomaker","seller":"konvik","symbol":"LEO","quantity":"11.744","price":"0.15511200","timestamp":1639891410,"volume":"1.82163533","buyTxId":"403c9256ba47b6d9c89411b949990a408af4126f","sellTxId":"1ec185a6e10f344a6ed82f45ee116b0d3a186fdf-1"}
{"index": {"_index":"leo","_id":"2321383"}}
	{"id":2321383,"type":"sell","buyer":"leomaker","seller":"konvik","symbol":"LEO","quantity":"11.778","price":"0.15511000","timestamp":1639891410,"volume":"1.82688558","buyTxId":"61eb536bec014e4f510e319c694648f96451f175","sellTxId":"1ec185a6e10f344a6ed82f45ee116b0d3a186fdf-1"}
{"index": {"_index":"leo","_id":"2321384"}}
	{"id":2321384,"type":"sell","buyer":"leomaker","seller":"konvik","symbol":"LEO","quantity":"11.816","price":"0.15510800","timestamp":1639891410,"volume":"1.83275613","buyTxId":"90ea518059efa1bcc268cf04797193708c8b0e1b","sellTxId":"1ec185a6e10f344a6ed82f45ee116b0d3a186fdf-1"}
{"index": {"_index":"leo","_id":"2321385"}}
	{"id":2321385,"type":"sell","buyer":"leomaker","seller":"konvik","symbol":"LEO","quantity":"11.849","price":"0.15510600","timestamp":1639891410,"volume":"1.83785099","buyTxId":"82ecfbbd23579f9db291d8f5053446a98cd960a5","sellTxId":"1ec185a6e10f344a6ed82f45ee116b0d3a186fdf-1"}
{"index": {"_index":"leo","_id":"2321386"}}
	{"id":2321386,"type":"sell","buyer":"leomaker","seller":"konvik","symbol":"LEO","quantity":"11.884","price":"0.15510400","timestamp":1639891410,"volume":"1.84325594","buyTxId":"dfacf5983502036f49dc0c6b469e2e8cbc51e956","sellTxId":"1ec185a6e10f344a6ed82f45ee116b0d3a186fdf-1"}
{"index": {"_index":"leo","_id":"2321387"}}
	{"id":2321387,"type":"sell","buyer":"leomaker","seller":"konvik","symbol":"LEO","quantity":"11.922","price":"0.15510200","timestamp":1639891410,"volume":"1.84912604","buyTxId":"260797c5ed2f2a997a72ba0cf56a217fd81d1ab0","sellTxId":"1ec185a6e10f344a6ed82f45ee116b0d3a186fdf-1"}
{"index": {"_index":"leo","_id":"2321388"}}
	{"id":2321388,"type":"sell","buyer":"leomaker","seller":"konvik","symbol":"LEO","quantity":"11.957","price":"0.15510000","timestamp":1639891410,"volume":"1.85453070","buyTxId":"b21fc08b7deddf9740e4f15588d85bf035454c14","sellTxId":"1ec185a6e10f344a6ed82f45ee116b0d3a186fdf-1"}
{"index": {"_index":"leo","_id":"2321389"}}
	{"id":2321389,"type":"sell","buyer":"leomaker","seller":"konvik","symbol":"LEO","quantity":"11.992","price":"0.15509800","timestamp":1639891410,"volume":"1.85993522","buyTxId":"bce5c634d9e8968fabdb7447e1c5dc6904d6dc91","sellTxId":"1ec185a6e10f344a6ed82f45ee116b0d3a186fdf-1"}
{"index": {"_index":"leo","_id":"2321390"}}
	{"id":2321390,"type":"sell","buyer":"leomaker","seller":"konvik","symbol":"LEO","quantity":"12.028","price":"0.15509600","timestamp":1639891410,"volume":"1.86549469","buyTxId":"f266130cb0ef836c9d46fb9fbc11e150b0e63023","sellTxId":"1ec185a6e10f344a6ed82f45ee116b0d3a186fdf-1"}
{"index": {"_index":"leo","_id":"2321391"}}
	{"id":2321391,"type":"sell","buyer":"leomaker","seller":"konvik","symbol":"LEO","quantity":"12.064","price":"0.15509400","timestamp":1639891410,"volume":"1.87105402","buyTxId":"ea6e61845d511a5f02c7a2be53eb8807e7af7a8e","sellTxId":"1ec185a6e10f344a6ed82f45ee116b0d3a186fdf-1"}
{"index": {"_index":"leo","_id":"2321392"}}
	{"id":2321392,"type":"sell","buyer":"leomaker","seller":"konvik","symbol":"LEO","quantity":"12.099","price":"0.15509200","timestamp":1639891410,"volume":"1.87645811","buyTxId":"aac9bbd2c62232b2b82ff78432d54ac9140872fb","sellTxId":"1ec185a6e10f344a6ed82f45ee116b0d3a186fdf-1"}
{"index": {"_index":"leo","_id":"2321393"}}
	{"id":2321393,"type":"sell","buyer":"leomaker","seller":"konvik","symbol":"LEO","quantity":"12.135","price":"0.15509000","timestamp":1639891410,"volume":"1.88201715","buyTxId":"f4fae423ceb064b38cc24e600e3deb44e4042af9","sellTxId":"1ec185a6e10f344a6ed82f45ee116b0d3a186fdf-1"}
{"index": {"_index":"leo","_id":"2321394"}}
	{"id":2321394,"type":"sell","buyer":"leomaker","seller":"konvik","symbol":"LEO","quantity":"12.173","price":"0.15508800","timestamp":1639891410,"volume":"1.88788622","buyTxId":"7d3c0fecab55c8ead1b190069d5fadee6ee0948e","sellTxId":"1ec185a6e10f344a6ed82f45ee116b0d3a186fdf-1"}
{"index": {"_index":"leo","_id":"2321395"}}
	{"id":2321395,"type":"sell","buyer":"leomaker","seller":"konvik","symbol":"LEO","quantity":"12.208","price":"0.15508600","timestamp":1639891410,"volume":"1.89328989","buyTxId":"130a4c9df24c42989b6e18fb004dd006c89793f4","sellTxId":"1ec185a6e10f344a6ed82f45ee116b0d3a186fdf-1"}
{"index": {"_index":"leo","_id":"2321396"}}
	{"id":2321396,"type":"sell","buyer":"leomaker","seller":"konvik","symbol":"LEO","quantity":"12.243","price":"0.15508400","timestamp":1639891410,"volume":"1.89869341","buyTxId":"1bef4a841dc838d4d61b047b69ccd99126533828","sellTxId":"1ec185a6e10f344a6ed82f45ee116b0d3a186fdf-1"}
{"index": {"_index":"leo","_id":"2321397"}}
	{"id":2321397,"type":"sell","buyer":"leomaker","seller":"konvik","symbol":"LEO","quantity":"12.279","price":"0.15508200","timestamp":1639891410,"volume":"1.90425188","buyTxId":"151149a892d3d5e79efbc9b2b455278c28502b70","sellTxId":"1ec185a6e10f344a6ed82f45ee116b0d3a186fdf-1"}
{"index": {"_index":"leo","_id":"2321398"}}
	{"id":2321398,"type":"sell","buyer":"leomaker","seller":"konvik","symbol":"LEO","quantity":"12.317","price":"0.15508000","timestamp":1639891410,"volume":"1.91012036","buyTxId":"9726e9717271cd6db177482a210016225e0b2a99","sellTxId":"1ec185a6e10f344a6ed82f45ee116b0d3a186fdf-1"}
{"index": {"_index":"leo","_id":"2321399"}}
	{"id":2321399,"type":"sell","buyer":"leomaker","seller":"konvik","symbol":"LEO","quantity":"12.353","price":"0.15507800","timestamp":1639891410,"volume":"1.91567853","buyTxId":"27247b1797eaa3dc6f5c181e27df9028b1b0c38b","sellTxId":"1ec185a6e10f344a6ed82f45ee116b0d3a186fdf-1"}
{"index": {"_index":"leo","_id":"2321400"}}
	{"id":2321400,"type":"sell","buyer":"leomaker","seller":"konvik","symbol":"LEO","quantity":"12.390","price":"0.15507600","timestamp":1639891410,"volume":"1.92139164","buyTxId":"11b59ca97fdd1fefc8b55dc4358ea5002ca30516","sellTxId":"1ec185a6e10f344a6ed82f45ee116b0d3a186fdf-1"}
{"index": {"_index":"leo","_id":"2321401"}}
	{"id":2321401,"type":"sell","buyer":"leomaker","seller":"konvik","symbol":"LEO","quantity":"12.428","price":"0.15507400","timestamp":1639891410,"volume":"1.92725967","buyTxId":"f0a7a8bbe69eb1b61280b66373ed0dba5e61ecfc","sellTxId":"1ec185a6e10f344a6ed82f45ee116b0d3a186fdf-1"}
{"index": {"_index":"leo","_id":"2321402"}}
	{"id":2321402,"type":"sell","buyer":"leomaker","seller":"konvik","symbol":"LEO","quantity":"12.464","price":"0.15507200","timestamp":1639891410,"volume":"1.93281741","buyTxId":"11debd37bbb4ec30ca81a9820c1ccf8153f85581","sellTxId":"1ec185a6e10f344a6ed82f45ee116b0d3a186fdf-1"}
{"index": {"_index":"leo","_id":"2321403"}}
	{"id":2321403,"type":"sell","buyer":"leomaker","seller":"konvik","symbol":"LEO","quantity":"17.012","price":"0.15407000","timestamp":1639891410,"volume":"2.62103884","buyTxId":"8da0def3b5bd888dfd6277793fa4db895d4c84be","sellTxId":"1ec185a6e10f344a6ed82f45ee116b0d3a186fdf-1"}
{"index": {"_index":"leo","_id":"2321404"}}
	{"id":2321404,"type":"sell","buyer":"leomaker","seller":"konvik","symbol":"LEO","quantity":"17.085","price":"0.15406800","timestamp":1639891410,"volume":"2.63225178","buyTxId":"909855a1010d121a4a1299373a9548f72f145dc1","sellTxId":"1ec185a6e10f344a6ed82f45ee116b0d3a186fdf-1"}
{"index": {"_index":"leo","_id":"2321405"}}
	{"id":2321405,"type":"sell","buyer":"leomaker","seller":"konvik","symbol":"LEO","quantity":"17.160","price":"0.15406600","timestamp":1639891410,"volume":"2.64377256","buyTxId":"c008a176a5e7f5c162bf8421edb9f33b0504390c","sellTxId":"1ec185a6e10f344a6ed82f45ee116b0d3a186fdf-1"}
{"index": {"_index":"leo","_id":"2321862"}}
	{"id":2321862,"type":"sell","buyer":"dmwh","seller":"svirus","symbol":"LEO","quantity":"247.590","price":"0.15510000","timestamp":1639895241,"volume":"38.40120900","buyTxId":"51044f845769f94a4ff27cf18b40c918d74ce200","sellTxId":"d4e48ce2515bfe9c7d7be6989416266e61aa7077-1"}
{"index": {"_index":"leo","_id":"2322033"}}
	{"id":2322033,"type":"sell","buyer":"leomaker","seller":"quinnertronics","symbol":"LEO","quantity":"1.433","price":"0.15306400","timestamp":1639896762,"volume":"0.21934071","buyTxId":"b768093cd1e8bf84a5ce225dbd9bf9882a206fd1","sellTxId":"735465d85ea945b85555363a2fabf6b96759b64d"}
{"index": {"_index":"leo","_id":"2322227"}}
	{"id":2322227,"type":"sell","buyer":"master-lamps","seller":"entraide.rewards","symbol":"LEO","quantity":"0.061","price":"0.15306410","timestamp":1639898670,"volume":"0.00933691","buyTxId":"6effb7c21c0ffc53548d83c53b97bb81362fdce5","sellTxId":"00af23c1c9a14fa166149e6edb3e9809cf14e3f9"}
{"index": {"_index":"leo","_id":"2322443"}}
	{"id":2322443,"type":"sell","buyer":"leomaker","seller":"ultm8x","symbol":"LEO","quantity":"0.888","price":"0.15306600","timestamp":1639900716,"volume":"0.13592261","buyTxId":"e9373ac7e270667429a848b92120458dc3363a44","sellTxId":"411afcf864950e0a0d41fdd71ff7922f10550d24"}
{"index": {"_index":"leo","_id":"2322512"}}
	{"id":2322512,"type":"sell","buyer":"leomaker","seller":"brofi-market","symbol":"LEO","quantity":"6.087","price":"0.15306600","timestamp":1639901532,"volume":"0.93171274","buyTxId":"e9373ac7e270667429a848b92120458dc3363a44","sellTxId":"33b75a894e7717bedd60d0948e6ca8097ebdd1cb"}
{"index": {"_index":"leo","_id":"2322597"}}
	{"id":2322597,"type":"sell","buyer":"leomaker","seller":"trumpman","symbol":"LEO","quantity":"7.233","price":"0.15306600","timestamp":1639902246,"volume":"1.10712638","buyTxId":"e9373ac7e270667429a848b92120458dc3363a44","sellTxId":"f5abe0b7aa9853b7e77875c846cdb48d0e5204b0"}
{"index": {"_index":"leo","_id":"2322640"}}
	{"id":2322640,"type":"sell","buyer":"leomaker","seller":"captainquack22","symbol":"LEO","quantity":"0.885","price":"0.15306600","timestamp":1639902684,"volume":"0.13546341","buyTxId":"e9373ac7e270667429a848b92120458dc3363a44","sellTxId":"79768c2b4d03b391829fb883aeb0fe4b8e3abe80"}
{"index": {"_index":"leo","_id":"2322654"}}
	{"id":2322654,"type":"sell","buyer":"leomaker","seller":"nrg","symbol":"LEO","quantity":"8.202","price":"0.15306600","timestamp":1639902855,"volume":"1.25544733","buyTxId":"e9373ac7e270667429a848b92120458dc3363a44","sellTxId":"c38b020a2b832634e6d039591db698dd7b8d646f-1"}
{"index": {"_index":"leo","_id":"2322824"}}
	{"id":2322824,"type":"buy","buyer":"leomaker","seller":"zzz.accounting","symbol":"LEO","quantity":"0.001","price":"0.15307000","timestamp":1639904049,"volume":"0.00015307","buyTxId":"270e57e437e357069968157c0131d57709bafea5","sellTxId":"29145fe47bfc098ce97049dc761995b15f5de67a"}
{"index": {"_index":"leo","_id":"2322871"}}
	{"id":2322871,"type":"sell","buyer":"leomaker","seller":"girlsofgreen","symbol":"LEO","quantity":"0.024","price":"0.15307000","timestamp":1639904358,"volume":"0.00367368","buyTxId":"270e57e437e357069968157c0131d57709bafea5","sellTxId":"f9099bd1eb29d13eed122a3c86c579642a7ca1c1"}
{"index": {"_index":"leo","_id":"2322883"}}
	{"id":2322883,"type":"sell","buyer":"leomaker","seller":"abh12345","symbol":"LEO","quantity":"21.166","price":"0.15307000","timestamp":1639904478,"volume":"3.23987962","buyTxId":"270e57e437e357069968157c0131d57709bafea5","sellTxId":"405684e7991e3b72e3d8c56962e8cd1140479c51"}
{"index": {"_index":"leo","_id":"2322929"}}
	{"id":2322929,"type":"sell","buyer":"leomaker","seller":"bashadow","symbol":"LEO","quantity":"0.749","price":"0.15307000","timestamp":1639904964,"volume":"0.11464943","buyTxId":"270e57e437e357069968157c0131d57709bafea5","sellTxId":"faf61281e95366810e167428e5cac38b98ca838e"}
{"index": {"_index":"leo","_id":"2323226"}}
	{"id":2323226,"type":"sell","buyer":"leomaker","seller":"kolbjorn","symbol":"LEO","quantity":"34.746","price":"0.15307000","timestamp":1639907805,"volume":"5.31857022","buyTxId":"270e57e437e357069968157c0131d57709bafea5","sellTxId":"e0da2837f3c85c4059e5c35810479bb65f635bb9"}
{"index": {"_index":"leo","_id":"2323227"}}
	{"id":2323227,"type":"sell","buyer":"master-lamps","seller":"kolbjorn","symbol":"LEO","quantity":"35.444","price":"0.15306810","timestamp":1639907805,"volume":"5.42534574","buyTxId":"069091ec5b43f71433ad58a98daaf5f748b92d12","sellTxId":"e0da2837f3c85c4059e5c35810479bb65f635bb9"}
{"index": {"_index":"leo","_id":"2323324"}}
	{"id":2323324,"type":"sell","buyer":"leomaker","seller":"razam","symbol":"LEO","quantity":"0.316","price":"0.15307000","timestamp":1639908798,"volume":"0.04837012","buyTxId":"8b0e514008a51a7b97cb9d60ec99745aa7172957","sellTxId":"66412cfa9513f7a86ca520555287d8604e3baec4"}
{"index": {"_index":"leo","_id":"2323445"}}
	{"id":2323445,"type":"sell","buyer":"pi-trader","seller":"anderssinho","symbol":"LEO","quantity":"10.000","price":"0.15307601","timestamp":1639909920,"volume":"1.53076010","buyTxId":"cea4deacf2f2842554cef85aa1b3edc9f17ff1f4-5","sellTxId":"288ca7863ac9106a80dc074c718e6e568c820de9"}
{"index": {"_index":"leo","_id":"2323557"}}
	{"id":2323557,"type":"sell","buyer":"pi-trader","seller":"madstacks","symbol":"LEO","quantity":"26.334","price":"0.15308401","timestamp":1639911345,"volume":"4.03131432","buyTxId":"20c14c176a5ff6fdabd057930a7d5e9a02b4fd38-2","sellTxId":"b1666f4942ebcf7dd3928c0c8e9d7994668f22ea"}
{"index": {"_index":"leo","_id":"2323626"}}
	{"id":2323626,"type":"buy","buyer":"erikah","seller":"pi-trader","symbol":"LEO","quantity":"18.940","price":"0.16988099","timestamp":1639911912,"volume":"3.21754595","buyTxId":"1562402123cfe6286a81aa6a93b553b1b80583a8","sellTxId":"a40de10fe4dd3566730e79f2c344ed74deb5606d-5"}
{"index": {"_index":"leo","_id":"2323719"}}
	{"id":2323719,"type":"sell","buyer":"pi-trader","seller":"barski","symbol":"LEO","quantity":"0.213","price":"0.15309401","timestamp":1639912797,"volume":"0.03260902","buyTxId":"9fa58c194bcb808afda5b2215443a509846eedb5-3","sellTxId":"f54ea5faad35cbc6a0aaa131aca130f92b4192d9"}
{"index": {"_index":"leo","_id":"2323766"}}
	{"id":2323766,"type":"sell","buyer":"pi-trader","seller":"jokinmenipieleen","symbol":"LEO","quantity":"0.010","price":"0.15309801","timestamp":1639913394,"volume":"0.00153098","buyTxId":"43f7097daeedeececb980b55786f6359f0cdd5a8-3","sellTxId":"071f5ed617157ffc5ef8f88cee91924f37f51fc5"}
{"index": {"_index":"leo","_id":"2323886"}}
	{"id":2323886,"type":"buy","buyer":"audiohive-me","seller":"pi-trader","symbol":"LEO","quantity":"20.000","price":"0.16986699","timestamp":1639914180,"volume":"3.39733980","buyTxId":"1f87e5c6ca64999a160d0d5ca1bb0871edb7be74","sellTxId":"cb3d49c36951055ae1ff52634837dda5724ed677-6"}
{"index": {"_index":"leo","_id":"2324026"}}
	{"id":2324026,"type":"sell","buyer":"pi-trader","seller":"brofi-market","symbol":"LEO","quantity":"0.001","price":"0.15311401","timestamp":1639915731,"volume":"0.00015311","buyTxId":"8cb24b6d65674a1013e6c007ac4d6d0373c30e2b-1","sellTxId":"adb14213b7569f7d616b299cbbc4784e9050692c"}
{"index": {"_index":"leo","_id":"2324188"}}
	{"id":2324188,"type":"sell","buyer":"pi-trader","seller":"celi130","symbol":"LEO","quantity":"77.000","price":"0.15312401","timestamp":1639917474,"volume":"11.79054877","buyTxId":"baadfb3e8759a56d4a32113694132a210ac27f6e-3","sellTxId":"ee9a97979a3a8f4d70da60c54e2f44138e6ad8ca"}
{"index": {"_index":"leo","_id":"2324247"}}
	{"id":2324247,"type":"sell","buyer":"pi-trader","seller":"sipahikara","symbol":"LEO","quantity":"0.080","price":"0.15312601","timestamp":1639917762,"volume":"0.01225008","buyTxId":"c2682a426b24a6968dabfbdec926406c061b365b-2","sellTxId":"1ead5b50fbe86677b2fdb11704bc4cd7ca76a1a3"}
{"index": {"_index":"leo","_id":"2324391"}}
	{"id":2324391,"type":"sell","buyer":"pi-trader","seller":"snackaholic","symbol":"LEO","quantity":"4.929","price":"0.15312601","timestamp":1639919145,"volume":"0.75475810","buyTxId":"966a1a94c07c6710f7a7c92e6f19cd5c725f219e-5","sellTxId":"ffdc469ed26f334a247c423f76e380c2f4123e23"}
{"index": {"_index":"leo","_id":"2324393"}}
	{"id":2324393,"type":"sell","buyer":"pi-trader","seller":"dynamichivers","symbol":"LEO","quantity":"0.912","price":"0.15312601","timestamp":1639919154,"volume":"0.13965092","buyTxId":"966a1a94c07c6710f7a7c92e6f19cd5c725f219e-5","sellTxId":"78e0cb4c3aeb8818cebe0368265738db0440488a"}
{"index": {"_index":"leo","_id":"2325036"}}
	{"id":2325036,"type":"sell","buyer":"pi-trader","seller":"toofasteddie","symbol":"LEO","quantity":"27.000","price":"0.15312601","timestamp":1639925130,"volume":"4.13440227","buyTxId":"9f56e3f48d8953b0d98489067c06c56730133772-2","sellTxId":"7336c1835e13358e4d9d2cee3380d2d79e96f4c2"}
{"index": {"_index":"leo","_id":"2325082"}}
	{"id":2325082,"type":"sell","buyer":"pi-trader","seller":"fiberfrau","symbol":"LEO","quantity":"0.108","price":"0.15312601","timestamp":1639925718,"volume":"0.01653761","buyTxId":"a9d0cd564bbdc2954804ec675a5862568c53b4ea-4","sellTxId":"89e9aa4fc329ac7e15dab088f94a915b2baf62f0"}
{"index": {"_index":"leo","_id":"2325361"}}
	{"id":2325361,"type":"sell","buyer":"pi-trader","seller":"atongis","symbol":"LEO","quantity":"1.971","price":"0.15312610","timestamp":1639928430,"volume":"0.30181154","buyTxId":"938b7c5e57a6d1a5ef41f1f90997ea11af8aaaa7-2","sellTxId":"8ae499a609e0ccb4b5a702f2a29a794299474ae9"}
{"index": {"_index":"leo","_id":"2325376"}}
	{"id":2325376,"type":"sell","buyer":"pi-trader","seller":"pantera1","symbol":"LEO","quantity":"21.660","price":"0.15312610","timestamp":1639928613,"volume":"3.31671133","buyTxId":"ab951a4181979174b38fe12638c538bd22ddc212-4","sellTxId":"6ddd9b0afe8874da3ebda89aae4c730bf8d8ece0"}
{"index": {"_index":"leo","_id":"2325547"}}
	{"id":2325547,"type":"sell","buyer":"pi-trader","seller":"kampi","symbol":"LEO","quantity":"203.345","price":"0.15312610","timestamp":1639929936,"volume":"31.13742680","buyTxId":"2070429ea124a9d7c6bc934f6cfe827f41816278-2","sellTxId":"209df04fe1ee9c2858b29165f336b11b8d603ee4"}
{"index": {"_index":"leo","_id":"2325603"}}
	{"id":2325603,"type":"sell","buyer":"pi-trader","seller":"silvertop","symbol":"LEO","quantity":"23.253","price":"0.15312610","timestamp":1639930344,"volume":"3.56064120","buyTxId":"dd4377f6adee9b9db05c7a0f4ebefa09ff57332a-2","sellTxId":"54d385eb42d711876c6503f3efec1476c5d30f9c"}
{"index": {"_index":"leo","_id":"2325724"}}
	{"id":2325724,"type":"sell","buyer":"pi-trader","seller":"pele23","symbol":"LEO","quantity":"1.000","price":"0.15312610","timestamp":1639931505,"volume":"0.15312610","buyTxId":"2c0b95056e2c5bdd1c064b9fae32a3d94762091d-2","sellTxId":"07142aebd9aaf3e165970e562bd37ef85b8b52e2"}
{"index": {"_index":"leo","_id":"2325791"}}
	{"id":2325791,"type":"sell","buyer":"pi-trader","seller":"reward.app","symbol":"LEO","quantity":"50.116","price":"0.15312610","timestamp":1639931904,"volume":"7.67406763","buyTxId":"2f6bda116b0e7599af45a03301105ed19097e35d-2","sellTxId":"23e15719f4b1af3997e005e4cc4990ecbcdd36d7"}
{"index": {"_index":"leo","_id":"2326006"}}
	{"id":2326006,"type":"buy","buyer":"svirus","seller":"steliosfan","symbol":"LEO","quantity":"198.000","price":"0.15313000","timestamp":1639932942,"volume":"30.31974000","buyTxId":"491efd979e444be2967d56402ae7e851eb309874-0","sellTxId":"fd01224ce655aee951693b47932e0fed71ee7d57"}
{"index": {"_index":"leo","_id":"2326023"}}
	{"id":2326023,"type":"sell","buyer":"pi-trader","seller":"nyxlabs","symbol":"LEO","quantity":"0.795","price":"0.15312610","timestamp":1639932987,"volume":"0.12173525","buyTxId":"a03772e47e3dbd1d77fb26676d9a2238461aa4d3-2","sellTxId":"3629df5863d98f7f74839343b1c58e5f376b4a8e"}
{"index": {"_index":"leo","_id":"2326027"}}
	{"id":2326027,"type":"sell","buyer":"pi-trader","seller":"lisamgentile1961","symbol":"LEO","quantity":"0.037","price":"0.15312610","timestamp":1639933023,"volume":"0.00566567","buyTxId":"178bbf1fb727782a866fd6f2efd076b48b3fdbc3-2","sellTxId":"4e6de19656396a89a942c0be5d155cc5ccc81abd"}
{"index": {"_index":"leo","_id":"2326173"}}
	{"id":2326173,"type":"sell","buyer":"pi-trader","seller":"hienco","symbol":"LEO","quantity":"0.112","price":"0.15312610","timestamp":1639933764,"volume":"0.01715012","buyTxId":"ed7d120b16321b5e4e85f10adb2dab3634e61fa4-1","sellTxId":"584eaf897e1de3a8a3f0d98cf261ee2594cb7586"}
{"index": {"_index":"leo","_id":"2326370"}}
	{"id":2326370,"type":"sell","buyer":"pi-trader","seller":"ervin-lemark","symbol":"LEO","quantity":"5.623","price":"0.15312610","timestamp":1639935384,"volume":"0.86102806","buyTxId":"240111bf93bc6d1093ea06a6d8ec7d6fe81ce6db-5","sellTxId":"4fff8d2b37f37c2d7e41879ed09f1bfea03e0296"}
{"index": {"_index":"leo","_id":"2326499"}}
	{"id":2326499,"type":"sell","buyer":"pi-trader","seller":"tawadak24","symbol":"LEO","quantity":"4.538","price":"0.15312610","timestamp":1639936551,"volume":"0.69488624","buyTxId":"b50fcd9199560da05652e5626dd5ce6a899bb050-4","sellTxId":"6c19527d0ea9830f214d290a9abc49318386e573"}
{"index": {"_index":"leo","_id":"2326703"}}
	{"id":2326703,"type":"sell","buyer":"pi-trader","seller":"archon-drips","symbol":"LEO","quantity":"0.003","price":"0.15412801","timestamp":1639938327,"volume":"0.00046238","buyTxId":"befc7dc51e207a2dbdbcd8e048526797ccfff01b-1","sellTxId":"272e9ff2a7d90444d663947beb2935573ed0076b"}
{"index": {"_index":"leo","_id":"2326745"}}
	{"id":2326745,"type":"sell","buyer":"pi-trader","seller":"barski","symbol":"LEO","quantity":"0.186","price":"0.15412801","timestamp":1639938789,"volume":"0.02866781","buyTxId":"fa0fe8e8a4556a7e9ed5a1203fa219833550b056-3","sellTxId":"26cf8e83cb7ede7e1948b893dbffa3834633623a"}
{"index": {"_index":"leo","_id":"2327130"}}
	{"id":2327130,"type":"sell","buyer":"leomaker","seller":"riandeuk","symbol":"LEO","quantity":"1.385","price":"0.15413600","timestamp":1639941621,"volume":"0.21347836","buyTxId":"65b090d5df366970dab14601dbd8bdc74bfd9b18","sellTxId":"0b71ee03ab31a543131b00aa0dfe6c74f687e40e"}
{"index": {"_index":"leo","_id":"2327208"}}
	{"id":2327208,"type":"sell","buyer":"pi-trader","seller":"ourfadedglory","symbol":"LEO","quantity":"0.127","price":"0.15413801","timestamp":1639942503,"volume":"0.01957553","buyTxId":"c9b7e9d8469a46f8ea439d2513592889886a4145-1","sellTxId":"92ae4842266112ad1fd34d69432ed4eb4a2bd81e"}
{"index": {"_index":"leo","_id":"2327413"}}
	{"id":2327413,"type":"sell","buyer":"jocieprosza","seller":"jjprac","symbol":"LEO","quantity":"0.719","price":"0.15996000","timestamp":1639944291,"volume":"0.11501124","buyTxId":"76c55a4d266232a7e3982d42d6210d49aca1c9aa","sellTxId":"a4295559873526f0b869b3d964e0c0f1cec0695e"}
{"index": {"_index":"leo","_id":"2327420"}}
	{"id":2327420,"type":"sell","buyer":"pi-trader","seller":"jjprac","symbol":"LEO","quantity":"12.637","price":"0.15414201","timestamp":1639944396,"volume":"1.94789258","buyTxId":"2567e2a50f996a7a6ab0c6c2ea1377c2dcaacd7a-0","sellTxId":"694dfcfcbbfa4c0907d9fe7241583d22d9b6cd40"}
{"index": {"_index":"leo","_id":"2327587"}}
	{"id":2327587,"type":"sell","buyer":"pi-trader","seller":"archon-drips","symbol":"LEO","quantity":"0.001","price":"0.15414401","timestamp":1639945515,"volume":"0.00015414","buyTxId":"677201e0e434ffcfb9b19da58328b95b9f4d64ef-7","sellTxId":"bd18713dc7226d27f462c24b0b748082328dd1ea"}
{"index": {"_index":"leo","_id":"2327598"}}
	{"id":2327598,"type":"sell","buyer":"pi-trader","seller":"reddragonfly","symbol":"LEO","quantity":"0.004","price":"0.15414401","timestamp":1639945647,"volume":"0.00061658","buyTxId":"cd0706d20e6c73ae592a228f8a36062d9475ee54-1","sellTxId":"26f78f4a4e2cd9fd093706c73de194f6ee556ccf"}
{"index": {"_index":"leo","_id":"2327778"}}
	{"id":2327778,"type":"sell","buyer":"pi-trader","seller":"acesontop","symbol":"LEO","quantity":"65","price":"0.15414801","timestamp":1639947198,"volume":"10.01962065","buyTxId":"f50ac13320c7d7be86149c966d8039ff3bf1c46a-1","sellTxId":"4669de14fb2e6f96597344b23ef0f1fc14d78221"}
{"index": {"_index":"leo","_id":"2327889"}}
	{"id":2327889,"type":"sell","buyer":"pi-trader","seller":"beemd","symbol":"LEO","quantity":"0.295","price":"0.15415001","timestamp":1639948071,"volume":"0.04547425","buyTxId":"c15466fc6a1e9640d865a70e5b14867fa1c22e64-1","sellTxId":"724b932db4b8218eb42332730e289af26ac60472"}
{"index": {"_index":"leo","_id":"2327898"}}
	{"id":2327898,"type":"sell","buyer":"pi-trader","seller":"luckyolddaddy","symbol":"LEO","quantity":"44.000","price":"0.15415001","timestamp":1639948197,"volume":"6.78260044","buyTxId":"84d2afc32a1f9c06be0e7cb9fec54b52c83175dd-1","sellTxId":"4788af22f59ad7d39062a88a8f8fa73e81f9dd1f"}
{"index": {"_index":"leo","_id":"2327973"}}
	{"id":2327973,"type":"buy","buyer":"hive-124542","seller":"pi-trader","symbol":"LEO","quantity":"50.000","price":"0.15995699","timestamp":1639948911,"volume":"7.99784950","buyTxId":"771110f2ca8be47909c1f5cf453dfac370989aa6","sellTxId":"f2e22166638fc4e94cf5b0998b9310203b4c3d7e-3"}
{"index": {"_index":"leo","_id":"2328045"}}
	{"id":2328045,"type":"sell","buyer":"pi-trader","seller":"davidcrosscr","symbol":"LEO","quantity":"0.623","price":"0.15415401","timestamp":1639949736,"volume":"0.09603795","buyTxId":"f62a30f34ae489c7ca596aa26878714e71e6da48-1","sellTxId":"aae24c6f02b70aedb6c859eabd20afba50e9f1ea"}
{"index": {"_index":"leo","_id":"2328195"}}
	{"id":2328195,"type":"sell","buyer":"pi-trader","seller":"trumpman","symbol":"LEO","quantity":"65.151","price":"0.15415601","timestamp":1639951260,"volume":"10.04341821","buyTxId":"b7b93d62ef30d2d088260fedcd9ae8c0b57e1b70-1","sellTxId":"974ef303d9779f1ac38cd0c4846d5b6e26e1adeb"}
{"index": {"_index":"leo","_id":"2328311"}}
	{"id":2328311,"type":"buy","buyer":"leomaker","seller":"deivyb","symbol":"LEO","quantity":"0.266","price":"0.15416000","timestamp":1639952292,"volume":"0.04100656","buyTxId":"54536a7f339ec56cc0e6861d5eb199cf9968fdc9","sellTxId":"e2fff0a4a02eb53a0ed60bd316015f0026da72df"}
{"index": {"_index":"leo","_id":"2328315"}}
	{"id":2328315,"type":"sell","buyer":"pi-trader","seller":"luisestaba23","symbol":"LEO","quantity":"2.945","price":"0.15416001","timestamp":1639952562,"volume":"0.45400123","buyTxId":"05a340e29643aa62cae252b8774cd249b426ea8e-1","sellTxId":"57719ab39d103783f59eb878da5bb0e58208ed9b"}
{"index": {"_index":"leo","_id":"2328504"}}
	{"id":2328504,"type":"buy","buyer":"luckyolddaddy","seller":"leomaker","symbol":"LEO","quantity":"8.461","price":"0.15995000","timestamp":1639954980,"volume":"1.35333695","buyTxId":"430ae7b379034f850b4192309bec24f04fd1ecdc","sellTxId":"a6ac5b796759bf84d21990c7f41c84b4f698d10f"}
{"index": {"_index":"leo","_id":"2328505"}}
	{"id":2328505,"type":"buy","buyer":"luckyolddaddy","seller":"pi-trader","symbol":"LEO","quantity":"33.927","price":"0.15995099","timestamp":1639954980,"volume":"5.42666305","buyTxId":"430ae7b379034f850b4192309bec24f04fd1ecdc","sellTxId":"d5d0188dc48552329b0977f6d682e2b503c26c1d-3"}
{"index": {"_index":"leo","_id":"2328523"}}
	{"id":2328523,"type":"sell","buyer":"pi-trader","seller":"luckyolddaddy","symbol":"LEO","quantity":"43","price":"0.15416601","timestamp":1639955274,"volume":"6.62913843","buyTxId":"8e00a82735945f0e7b1938e9dc5575aff316ea5f-4","sellTxId":"faf8cd7e9f22b92aaf7951e8b06b36640221fc40"}
{"index": {"_index":"leo","_id":"2328542"}}
	{"id":2328542,"type":"buy","buyer":"egistar","seller":"pi-trader","symbol":"LEO","quantity":"3.125","price":"0.15995099","timestamp":1639955517,"volume":"0.5","buyTxId":"cfd8274f2d7fc0ec30b20042d516bab7f5f2a165","sellTxId":"8e00a82735945f0e7b1938e9dc5575aff316ea5f-6"}
{"index": {"_index":"leo","_id":"2328641"}}
	{"id":2328641,"type":"buy","buyer":"svirus","seller":"jphamer1","symbol":"LEO","quantity":"73.910","price":"0.15417000","timestamp":1639956651,"volume":"11.39470470","buyTxId":"c51327459f3488cb8e0954a71c0135fdfd59e4eb-0","sellTxId":"c2c0563883cfe1d877514490cdaab6965c274532"}
{"index": {"_index":"leo","_id":"2328642"}}
	{"id":2328642,"type":"buy","buyer":"konvik","seller":"jphamer1","symbol":"LEO","quantity":"0.009","price":"0.15417000","timestamp":1639956651,"volume":"0.00138753","buyTxId":"cc9576fad27667cdb30670c92e0aeaf042687439-0","sellTxId":"c2c0563883cfe1d877514490cdaab6965c274532"}
{"index": {"_index":"leo","_id":"2328836"}}
	{"id":2328836,"type":"sell","buyer":"pi-trader","seller":"brofi-market","symbol":"LEO","quantity":"0.316","price":"0.15417401","timestamp":1639959174,"volume":"0.04871899","buyTxId":"c91768bc08ad388a3440011bb0136c54a2271dd3-1","sellTxId":"d931cc57f6fecaadf97d7d1b28ee7182292b8c1f"}
{"index": {"_index":"leo","_id":"2329064"}}
	{"id":2329064,"type":"sell","buyer":"pi-trader","seller":"dswap","symbol":"LEO","quantity":"0.790","price":"0.15418201","timestamp":1639961982,"volume":"0.12180379","buyTxId":"efc7532470c486971a0453b9ef8906fd6080dac1-1","sellTxId":"5103470f704c0cecc86b39cfd3afc51a7be5ae81"}
{"index": {"_index":"leo","_id":"2329163"}}
	{"id":2329163,"type":"sell","buyer":"pi-trader","seller":"yonnathang","symbol":"LEO","quantity":"15.000","price":"0.15418401","timestamp":1639963575,"volume":"2.31276015","buyTxId":"3f4da3d4a33c1e3f4063daafab1715e84af2567d-2","sellTxId":"abb9d608665f0850c7f002fd74703895ea7a384b"}
{"index": {"_index":"leo","_id":"2329393"}}
	{"id":2329393,"type":"sell","buyer":"pi-trader","seller":"melbourneswest","symbol":"LEO","quantity":"37","price":"0.15419001","timestamp":1639965906,"volume":"5.70503037","buyTxId":"7679b93f7f331391dbca9e13075380c48aef4a9b-3","sellTxId":"d367c29ab26ccd8f1ba9acbd033cafcc5dd92dc9"}
{"index": {"_index":"leo","_id":"2329708"}}
	{"id":2329708,"type":"sell","buyer":"pi-trader","seller":"kauffdiggity","symbol":"LEO","quantity":"30.000","price":"0.15419801","timestamp":1639969215,"volume":"4.62594030","buyTxId":"69ba7be8dfabd5bea1271c44d501f0cb59791606-1","sellTxId":"89fa358a7c8c1dfad23d0737d54625364afb8e88"}
{"index": {"_index":"leo","_id":"2329911"}}
	{"id":2329911,"type":"sell","buyer":"pi-trader","seller":"aweee","symbol":"LEO","quantity":"0.857","price":"0.15420401","timestamp":1639971645,"volume":"0.13215284","buyTxId":"d1e90530c32dcf09bfc33025ec2cab4fd80cac9a-1","sellTxId":"d2882947071b3fa13b53aba5840597daf9082def"}
