{"index": {"_index":"leo","_id":"1247127"}}
	{"id":1247127,"type":"buy","buyer":"themightyvolcano","seller":"solovey6o2","symbol":"LEO","quantity":"705.614","price":"0.71668144","timestamp":1627096905,"volume":"505.70045760","buyTxId":"c82a1e222b70c9c031e8192dfc61da03493bb568","sellTxId":"f500578164b9a4ad54b5fea9f42bab9bee76ff7b"}
{"index": {"_index":"leo","_id":"1247128"}}
	{"id":1247128,"type":"buy","buyer":"themightyvolcano","seller":"enginemaker","symbol":"LEO","quantity":"99.386","price":"0.71668145","timestamp":1627096905,"volume":"71.22810259","buyTxId":"c82a1e222b70c9c031e8192dfc61da03493bb568","sellTxId":"MM-P-8930364-55911193-3-1-0"}
{"index": {"_index":"leo","_id":"1247139"}}
	{"id":1247139,"type":"sell","buyer":"edkarnie","seller":"nuthman","symbol":"LEO","quantity":"10.000","price":"0.69500000","timestamp":1627097625,"volume":"6.95000000","buyTxId":"1ec66c69752393699d9132dd8d7ee9ad0fda6890","sellTxId":"094cc84703995086f9a3fd8e4207bc6ea6b8298e"}
{"index": {"_index":"leo","_id":"1247140"}}
	{"id":1247140,"type":"sell","buyer":"ripazha","seller":"nuthman","symbol":"LEO","quantity":"5.131","price":"0.67505605","timestamp":1627097625,"volume":"3.46371259","buyTxId":"237c790e82b388b2e967b1217c210d569d4bd2bd-3","sellTxId":"094cc84703995086f9a3fd8e4207bc6ea6b8298e"}
{"index": {"_index":"leo","_id":"1247187"}}
	{"id":1247187,"type":"sell","buyer":"edkarnie","seller":"marvinix","symbol":"LEO","quantity":"0.949","price":"0.69000000","timestamp":1627100397,"volume":"0.65481000","buyTxId":"eec09e5d85f5004933b7d94db76ee964779b211d","sellTxId":"77e870fadb34cc81b8e02b1b64f26539991c3b5c"}
{"index": {"_index":"leo","_id":"1247228"}}
	{"id":1247228,"type":"sell","buyer":"edkarnie","seller":"karmadorje","symbol":"LEO","quantity":"3.275","price":"0.69000000","timestamp":1627101984,"volume":"2.25975000","buyTxId":"eec09e5d85f5004933b7d94db76ee964779b211d","sellTxId":"620b0c20e0e75c88e9dacdcd493b09d0041af50a"}
{"index": {"_index":"leo","_id":"1247230"}}
	{"id":1247230,"type":"sell","buyer":"edkarnie","seller":"engrsayful","symbol":"LEO","quantity":"12.776","price":"0.69000000","timestamp":1627102062,"volume":"8.81544000","buyTxId":"eec09e5d85f5004933b7d94db76ee964779b211d","sellTxId":"30a87b71fa523bde9994120e1e8f25e29cf50763"}
{"index": {"_index":"leo","_id":"1247231"}}
	{"id":1247231,"type":"sell","buyer":"ripazha","seller":"engrsayful","symbol":"LEO","quantity":"37.224","price":"0.68217797","timestamp":1627102062,"volume":"25.39339276","buyTxId":"ebc2d2839c3a527558f67a76d03ccb24b0e82818-3","sellTxId":"30a87b71fa523bde9994120e1e8f25e29cf50763"}
{"index": {"_index":"leo","_id":"1247296"}}
	{"id":1247296,"type":"buy","buyer":"juanmiguelsalas","seller":"enginemaker","symbol":"LEO","quantity":"0.614","price":"0.71668145","timestamp":1627104351,"volume":"0.44004241","buyTxId":"d6d3a981c824fd13c92126c27b8b7eb0edabcd37","sellTxId":"MM-P-8930364-55911193-3-1-0"}
{"index": {"_index":"leo","_id":"1247298"}}
	{"id":1247298,"type":"sell","buyer":"juanmiguelsalas","seller":"konvik","symbol":"LEO","quantity":"125.261","price":"0.71668145","timestamp":1627104354,"volume":"89.77223511","buyTxId":"d6d3a981c824fd13c92126c27b8b7eb0edabcd37","sellTxId":"923139ce430c63bd847e979c3a876f21a1e615c6-1"}
{"index": {"_index":"leo","_id":"1247374"}}
	{"id":1247374,"type":"sell","buyer":"juanmiguelsalas","seller":"buildahouse","symbol":"LEO","quantity":"0.016","price":"0.71668145","timestamp":1627105785,"volume":"0.01146690","buyTxId":"d6d3a981c824fd13c92126c27b8b7eb0edabcd37","sellTxId":"3d622e8edb5ead2248caaef8cc8c73ce46e749ed"}
{"index": {"_index":"leo","_id":"1247383"}}
	{"id":1247383,"type":"buy","buyer":"juanmiguelsalas","seller":"onealfa.leo","symbol":"LEO","quantity":"66.000","price":"0.71759507","timestamp":1627105908,"volume":"47.36127462","buyTxId":"7ffb06a472d69c748ece40bec3b60fa8ccf4afa1","sellTxId":"8d70d10718e1fb17aca9bea9d7234eed0b3789ea"}
{"index": {"_index":"leo","_id":"1247395"}}
	{"id":1247395,"type":"buy","buyer":"juanmiguelsalas","seller":"tomhall","symbol":"LEO","quantity":"25.500","price":"0.71798000","timestamp":1627105938,"volume":"18.30849000","buyTxId":"1433f6b26fb13b0fb77d41d70c46415ca45fdfdc","sellTxId":"6f514e0c89802e8e4728109e64e7fd1a37913cb7"}
{"index": {"_index":"leo","_id":"1247398"}}
	{"id":1247398,"type":"buy","buyer":"juanmiguelsalas","seller":"tomhall","symbol":"LEO","quantity":"0.086","price":"0.71798000","timestamp":1627105980,"volume":"0.06174628","buyTxId":"dc854b0f7566c46d277a6202a8ca5beb67f36d68","sellTxId":"6f514e0c89802e8e4728109e64e7fd1a37913cb7"}
{"index": {"_index":"leo","_id":"1247399"}}
	{"id":1247399,"type":"buy","buyer":"juanmiguelsalas","seller":"enginemaker","symbol":"LEO","quantity":"39.914","price":"0.71799000","timestamp":1627105980,"volume":"28.65785286","buyTxId":"dc854b0f7566c46d277a6202a8ca5beb67f36d68","sellTxId":"MM-P-8932952-55913787-3-1-0"}
{"index": {"_index":"leo","_id":"1247558"}}
	{"id":1247558,"type":"buy","buyer":"looftee","seller":"enginemaker","symbol":"LEO","quantity":"0.831","price":"0.71799000","timestamp":1627108056,"volume":"0.59664969","buyTxId":"b76f6f96779217471225d4e9ea56ad6739ea2e91","sellTxId":"MM-P-8932952-55913787-3-1-0"}
{"index": {"_index":"leo","_id":"1247568"}}
	{"id":1247568,"type":"sell","buyer":"juanmiguelsalas","seller":"siutcase","symbol":"LEO","quantity":"0.084","price":"0.71668145","timestamp":1627108236,"volume":"0.06020124","buyTxId":"d6d3a981c824fd13c92126c27b8b7eb0edabcd37","sellTxId":"5574a8d1b9a2e646fbecd860dff6f45e046fe36b"}
{"index": {"_index":"leo","_id":"1247577"}}
	{"id":1247577,"type":"buy","buyer":"invest4free","seller":"enginemaker","symbol":"LEO","quantity":"13.000","price":"0.71799000","timestamp":1627108482,"volume":"9.33387000","buyTxId":"accfd3a65743045614839662999156a7bfdffe20","sellTxId":"MM-P-8932952-55913787-3-1-0"}
{"index": {"_index":"leo","_id":"1247631"}}
	{"id":1247631,"type":"sell","buyer":"juanmiguelsalas","seller":"thatcryptodave","symbol":"LEO","quantity":"0.025","price":"0.71668145","timestamp":1627108785,"volume":"0.01791704","buyTxId":"d6d3a981c824fd13c92126c27b8b7eb0edabcd37","sellTxId":"3da4aec63ae928b26a33576fdd1c8fe5d3ded345"}
{"index": {"_index":"leo","_id":"1247639"}}
	{"id":1247639,"type":"sell","buyer":"solovey6o2","seller":"thatcryptodave","symbol":"LEO","quantity":"0.529","price":"0.68001001","timestamp":1627108857,"volume":"0.35972530","buyTxId":"6d11c87bf15f4755202710150b3a59acee1fef58","sellTxId":"217ba1c09bdd5a5840d79a61446291700d35de38"}
{"index": {"_index":"leo","_id":"1247650"}}
	{"id":1247650,"type":"sell","buyer":"enginemaker","seller":"vipservice","symbol":"LEO","quantity":"6.899","price":"0.68002001","timestamp":1627108944,"volume":"4.69145805","buyTxId":"MM-P-8934447-55915283-3-1-0","sellTxId":"e23e63d09efc9e6899066e7253a5c04f6febd0ec"}
{"index": {"_index":"leo","_id":"1247661"}}
	{"id":1247661,"type":"buy","buyer":"cwow2","seller":"enginemaker","symbol":"LEO","quantity":"6.126","price":"0.71799000","timestamp":1627109061,"volume":"4.39840674","buyTxId":"0f1d7b56418fb4591f565f4e998107e1254c171b","sellTxId":"MM-P-8932952-55913787-3-1-0"}
{"index": {"_index":"leo","_id":"1247716"}}
	{"id":1247716,"type":"sell","buyer":"solovey6o2","seller":"oks2crypto","symbol":"LEO","quantity":"0.061","price":"0.68198937","timestamp":1627109427,"volume":"0.04160135","buyTxId":"6a97369ac76c8150c4c4e6df12f41a76947316ce","sellTxId":"f9a7dd768adf696037f289516fd4f0c3f527c3ce"}
{"index": {"_index":"leo","_id":"1247719"}}
	{"id":1247719,"type":"sell","buyer":"ripazha","seller":"egistar","symbol":"LEO","quantity":"30","price":"0.68198940","timestamp":1627109508,"volume":"20.45968200","buyTxId":"d9a149ee0699f6a2e21070ceb9f1b236dc47f646-3","sellTxId":"0055e8de352b9fa7e2e919315a90673602fc1605"}
{"index": {"_index":"leo","_id":"1247746"}}
	{"id":1247746,"type":"sell","buyer":"ripazha","seller":"joseph230","symbol":"LEO","quantity":"0.526","price":"0.68330393","timestamp":1627110072,"volume":"0.35941787","buyTxId":"cff4418659bb697f177a3633c73753a038460ce8-3","sellTxId":"21a22a1a92eec4afac41f9a6e2ef8762c83faa05"}
{"index": {"_index":"leo","_id":"1247776"}}
	{"id":1247776,"type":"sell","buyer":"ripazha","seller":"bashadow","symbol":"LEO","quantity":"3.000","price":"0.68212069","timestamp":1627111008,"volume":"2.04636207","buyTxId":"f0f83dd3fc219742b99cb2a76903ac8e158faca7-3","sellTxId":"86afd00b2c73d5cbdda6ac385926a3976496b8ab"}
{"index": {"_index":"leo","_id":"1247825"}}
	{"id":1247825,"type":"sell","buyer":"ripazha","seller":"linco","symbol":"LEO","quantity":"4.928","price":"0.68212083","timestamp":1627111503,"volume":"3.36149145","buyTxId":"565c01f9cfff92673b41efd60d32f5e44019e17d-3","sellTxId":"42925f2f7fd0940d3275e9c0cff5f33c5227db3e"}
{"index": {"_index":"leo","_id":"1247864"}}
	{"id":1247864,"type":"sell","buyer":"ripazha","seller":"egistar","symbol":"LEO","quantity":"91.8","price":"0.68213130","timestamp":1627113102,"volume":"62.61965334","buyTxId":"a26b54824a72c3fa6e8e261953a66a13ae8804dc-3","sellTxId":"9377bacef71b86caafb3a12ba13623bf1e8553ab"}
{"index": {"_index":"leo","_id":"1247890"}}
	{"id":1247890,"type":"sell","buyer":"solovey6o2","seller":"aiovo","symbol":"LEO","quantity":"1.100","price":"0.68213147","timestamp":1627113693,"volume":"0.75034462","buyTxId":"1369fd32d4b49afd9ea7d351cbeebc427b9f51b4","sellTxId":"888e46e560d8b94f78280dfe3567803e4f9d2e28"}
{"index": {"_index":"leo","_id":"1247895"}}
	{"id":1247895,"type":"buy","buyer":"mephistophenes","seller":"enginemaker","symbol":"LEO","quantity":"40.129","price":"0.71799000","timestamp":1627113786,"volume":"28.81222071","buyTxId":"83a9171b22b669207381d6a09bd0c429813c715a","sellTxId":"MM-P-8932952-55913787-3-1-0"}
{"index": {"_index":"leo","_id":"1247896"}}
	{"id":1247896,"type":"buy","buyer":"mephistophenes","seller":"auleo","symbol":"LEO","quantity":"270.918","price":"0.71800000","timestamp":1627113786,"volume":"194.51912400","buyTxId":"83a9171b22b669207381d6a09bd0c429813c715a","sellTxId":"483f829354ddf3f064b3a6c3caad2ebc34ef871a"}
{"index": {"_index":"leo","_id":"1247897"}}
	{"id":1247897,"type":"buy","buyer":"mephistophenes","seller":"brofi-market","symbol":"LEO","quantity":"2.098","price":"0.72599995","timestamp":1627113786,"volume":"1.52314790","buyTxId":"83a9171b22b669207381d6a09bd0c429813c715a","sellTxId":"eefb1d4bc3d0028f5678c845b5de4a90f876e6f6"}
{"index": {"_index":"leo","_id":"1247898"}}
	{"id":1247898,"type":"buy","buyer":"mephistophenes","seller":"chekohler","symbol":"LEO","quantity":"1.000","price":"0.72682000","timestamp":1627113786,"volume":"0.72682000","buyTxId":"83a9171b22b669207381d6a09bd0c429813c715a","sellTxId":"96fc718b167cc7c1999fa519d079bf089366e416"}
{"index": {"_index":"leo","_id":"1247899"}}
	{"id":1247899,"type":"buy","buyer":"mephistophenes","seller":"ripazha","symbol":"LEO","quantity":"10.461","price":"0.72775031","timestamp":1627113786,"volume":"7.61368738","buyTxId":"83a9171b22b669207381d6a09bd0c429813c715a","sellTxId":"db5ef9cfccaf051e008f0a2f339e456aed5e3213-2"}
{"index": {"_index":"leo","_id":"1247904"}}
	{"id":1247904,"type":"sell","buyer":"solovey6o2","seller":"ash","symbol":"LEO","quantity":"2","price":"0.68213155","timestamp":1627113927,"volume":"1.36426310","buyTxId":"933c59a729def6ce9528115efa86fc7c789556db","sellTxId":"a2fffab1ae2182b9f52d527dd78437001430db16"}
{"index": {"_index":"leo","_id":"1247989"}}
	{"id":1247989,"type":"buy","buyer":"fjcalduch","seller":"accelerator","symbol":"LEO","quantity":"1.000","price":"0.73698200","timestamp":1627116129,"volume":"0.73698200","buyTxId":"7f72053eb5fc167af3412a5cf8e09af2b899ac16","sellTxId":"dcde92124089a3b56cb5bde796dbe6e90c074c21"}
{"index": {"_index":"leo","_id":"1247990"}}
	{"id":1247990,"type":"buy","buyer":"fjcalduch","seller":"accelerator","symbol":"LEO","quantity":"0.290","price":"0.73958100","timestamp":1627116129,"volume":"0.21505869","buyTxId":"7f72053eb5fc167af3412a5cf8e09af2b899ac16","sellTxId":"3a954d6a1dc8bd6e4e1c6c80b7357eec08ae8e0f"}
{"index": {"_index":"leo","_id":"1248036"}}
	{"id":1248036,"type":"sell","buyer":"pi-trader","seller":"stickupboys","symbol":"LEO","quantity":"5.553","price":"0.68214260","timestamp":1627118016,"volume":"3.78793786","buyTxId":"6a990a18de1b92df172fd107b2620ca6d84a4515-1","sellTxId":"a007d17f7c09febe22f0dee5d49e2821d2021b90"}
{"index": {"_index":"leo","_id":"1248063"}}
	{"id":1248063,"type":"sell","buyer":"enginemaker","seller":"fullcoverbetting","symbol":"LEO","quantity":"0.329","price":"0.68215268","timestamp":1627118562,"volume":"0.22442823","buyTxId":"MM-P-8937636-55918476-3-1-0","sellTxId":"ecd1fdbb17b412b21a9f0d499747fa01f41d5f0b"}
{"index": {"_index":"leo","_id":"1248126"}}
	{"id":1248126,"type":"sell","buyer":"ripazha","seller":"iamalivechalleng","symbol":"LEO","quantity":"0.304","price":"0.68215324","timestamp":1627120395,"volume":"0.20737458","buyTxId":"2420941ae542b664fc4b6e965a10e0b1624966cf-3","sellTxId":"de04205b45ace3ecf8d6847cc3ae51a54e8a763d"}
{"index": {"_index":"leo","_id":"1248189"}}
	{"id":1248189,"type":"buy","buyer":"melbourneswest","seller":"eforucom","symbol":"LEO","quantity":"12.169","price":"0.73957000","timestamp":1627121829,"volume":"9","buyTxId":"28e85642b9f046d986f62b9f8de720d0a55c4c2d","sellTxId":"38b5b3f8d1303bef72395673c22dbdfac6c4cbd6"}
{"index": {"_index":"leo","_id":"1248248"}}
	{"id":1248248,"type":"buy","buyer":"uwelang","seller":"enginemaker","symbol":"LEO","quantity":"100.000","price":"0.73956971","timestamp":1627123194,"volume":"73.95697100","buyTxId":"047ca1b7f6c3ff4883f0e7acbffcdb48cd859022","sellTxId":"MM-P-8938931-55919773-3-1-0"}
{"index": {"_index":"leo","_id":"1248373"}}
	{"id":1248373,"type":"sell","buyer":"pi-trader","seller":"legendarycanary","symbol":"LEO","quantity":"10.000","price":"0.68215335","timestamp":1627126320,"volume":"6.82153350","buyTxId":"024b5c673f81c641dbe376969de7641139979394-1","sellTxId":"7696fc51b363996390368ad0aa95fdda4351d55d"}
{"index": {"_index":"leo","_id":"1248374"}}
	{"id":1248374,"type":"sell","buyer":"ripazha","seller":"legendarycanary","symbol":"LEO","quantity":"3.157","price":"0.68215334","timestamp":1627126320,"volume":"2.15355809","buyTxId":"94153767d29de60bd563176e99e14ce6c72e32cf-3","sellTxId":"7696fc51b363996390368ad0aa95fdda4351d55d"}
{"index": {"_index":"leo","_id":"1248462"}}
	{"id":1248462,"type":"sell","buyer":"pi-trader","seller":"willsaldeno","symbol":"LEO","quantity":"0.981","price":"0.68215362","timestamp":1627128348,"volume":"0.66919270","buyTxId":"cd45715d43303ad890d25fb1eab2e6dce4812938-1","sellTxId":"30fccbe3c8be90d12c202a2d75d3a7ecf557667a"}
{"index": {"_index":"leo","_id":"1248490"}}
	{"id":1248490,"type":"buy","buyer":"juanmiguelsalas","seller":"atomcollector","symbol":"LEO","quantity":"2.956","price":"0.73956000","timestamp":1627129092,"volume":"2.18613936","buyTxId":"7b04f121db8f29a8540f24e2c899f1cfd37002b8","sellTxId":"d39474f83e9e6271b5430ad1d8fea1dd484f61a5"}
{"index": {"_index":"leo","_id":"1248491"}}
	{"id":1248491,"type":"buy","buyer":"juanmiguelsalas","seller":"eforucom","symbol":"LEO","quantity":"12.888","price":"0.73957000","timestamp":1627129092,"volume":"9.53157816","buyTxId":"7b04f121db8f29a8540f24e2c899f1cfd37002b8","sellTxId":"38b5b3f8d1303bef72395673c22dbdfac6c4cbd6"}
{"index": {"_index":"leo","_id":"1248492"}}
	{"id":1248492,"type":"buy","buyer":"juanmiguelsalas","seller":"accelerator","symbol":"LEO","quantity":"0.710","price":"0.73958100","timestamp":1627129092,"volume":"0.52510251","buyTxId":"7b04f121db8f29a8540f24e2c899f1cfd37002b8","sellTxId":"3a954d6a1dc8bd6e4e1c6c80b7357eec08ae8e0f"}
{"index": {"_index":"leo","_id":"1248493"}}
	{"id":1248493,"type":"buy","buyer":"juanmiguelsalas","seller":"ripazha","symbol":"LEO","quantity":"153.446","price":"0.73965979","timestamp":1627129092,"volume":"113.49783614","buyTxId":"7b04f121db8f29a8540f24e2c899f1cfd37002b8","sellTxId":"16ff377f1263e5a58e2f01453227745542ef2a86-2"}
{"index": {"_index":"leo","_id":"1248539"}}
	{"id":1248539,"type":"buy","buyer":"manuelramos","seller":"enginemaker","symbol":"LEO","quantity":"8.665","price":"0.73965980","timestamp":1627130346,"volume":"6.40915217","buyTxId":"ca2319e6711cd64f5d16ee7380bf5c99942e42a0","sellTxId":"MM-P-8941125-55921968-3-1-0"}
{"index": {"_index":"leo","_id":"1248650"}}
	{"id":1248650,"type":"sell","buyer":"ripazha","seller":"chireerocks","symbol":"LEO","quantity":"3.248","price":"0.68217434","timestamp":1627133166,"volume":"2.21570226","buyTxId":"7b00f861d94af4f59f2a7ff6b2aa482a94d4e8fb-3","sellTxId":"8cca7fa2a3f6964f88f6a79d29e73d37254ad272"}
{"index": {"_index":"leo","_id":"1248713"}}
	{"id":1248713,"type":"sell","buyer":"ripazha","seller":"demotruk","symbol":"LEO","quantity":"0.799","price":"0.68218469","timestamp":1627134375,"volume":"0.54506557","buyTxId":"79a83e53c4b67515f11aefb3b4f8674af337278f-3","sellTxId":"01ee4607e62ba4bb53d6735ecec279cfcab3d6d5"}
{"index": {"_index":"leo","_id":"1248834"}}
	{"id":1248834,"type":"buy","buyer":"sreypov","seller":"onealfa.leo","symbol":"LEO","quantity":"33.000","price":"0.73799998","timestamp":1627137093,"volume":"24.35399934","buyTxId":"a10333e45722011ca97132679cd7e4c261f8095e","sellTxId":"87580c871b83b91c40e499a8399165fca98c0641"}
{"index": {"_index":"leo","_id":"1248835"}}
	{"id":1248835,"type":"buy","buyer":"sreypov","seller":"lallo","symbol":"LEO","quantity":"4.900","price":"0.73800000","timestamp":1627137093,"volume":"3.61620000","buyTxId":"a10333e45722011ca97132679cd7e4c261f8095e","sellTxId":"27f197c835ffba4cb0d818c69a28380446ca6e8f"}
{"index": {"_index":"leo","_id":"1248836"}}
	{"id":1248836,"type":"buy","buyer":"sreypov","seller":"preparedwombat","symbol":"LEO","quantity":"14.542","price":"0.73900000","timestamp":1627137093,"volume":"10.74653800","buyTxId":"a10333e45722011ca97132679cd7e4c261f8095e","sellTxId":"52fe51ecc2dff926068e2aa5869ce189a4cc7509"}
{"index": {"_index":"leo","_id":"1248837"}}
	{"id":1248837,"type":"buy","buyer":"sreypov","seller":"ripazha","symbol":"LEO","quantity":"1636.376","price":"0.73952966","timestamp":1627137093,"volume":"1210.14926265","buyTxId":"a10333e45722011ca97132679cd7e4c261f8095e","sellTxId":"b9c16db864cdb4821c0b5a1baed70fc81c05cd15-2"}
{"index": {"_index":"leo","_id":"1248856"}}
	{"id":1248856,"type":"sell","buyer":"pi-trader","seller":"savagetobi","symbol":"LEO","quantity":"10","price":"0.68219557","timestamp":1627137678,"volume":"6.82195570","buyTxId":"fb70cdae04939fb3a48716910256a9f2bfa2cc95-1","sellTxId":"0a016f67c19673ad1ccaca460875c1f4f175eef7"}
{"index": {"_index":"leo","_id":"1248858"}}
	{"id":1248858,"type":"buy","buyer":"konvik","seller":"twoitguys","symbol":"LEO","quantity":"4.865","price":"0.68220000","timestamp":1627137744,"volume":"3.31890300","buyTxId":"8fb5fd78a499bb8cd63bcbe3834a05524edf39d6-0","sellTxId":"c03fa4cbe7241662da5c62cac5ce36b493372b07"}
{"index": {"_index":"leo","_id":"1248929"}}
	{"id":1248929,"type":"buy","buyer":"konvik","seller":"automaton","symbol":"LEO","quantity":"7.993","price":"0.68224000","timestamp":1627139475,"volume":"5.45314432","buyTxId":"6de8a4648f9249eede60b66bca787c7e3246fe88-0","sellTxId":"192f495ef01f2272fbaf852bdd4f8741e7e111cf"}
{"index": {"_index":"leo","_id":"1248979"}}
	{"id":1248979,"type":"sell","buyer":"enginemaker","seller":"lifeskills-tv","symbol":"LEO","quantity":"3.676","price":"0.68227607","timestamp":1627140441,"volume":"2.50804683","buyTxId":"MM-P-8944910-55925754-3-1-0","sellTxId":"bc66a008b473ba077ce3e601049cc6bc792716e4"}
{"index": {"_index":"leo","_id":"1248995"}}
	{"id":1248995,"type":"buy","buyer":"konvik","seller":"barski","symbol":"LEO","quantity":"36.339","price":"0.68229000","timestamp":1627140891,"volume":"24.79373631","buyTxId":"41cebe8031aa9c1b342cfd584da2047fda8d752c-0","sellTxId":"bd7a45e76aa745ce97bda019757d88cd87dc3677"}
{"index": {"_index":"leo","_id":"1249006"}}
	{"id":1249006,"type":"buy","buyer":"konvik","seller":"solominer.stake","symbol":"LEO","quantity":"34.020","price":"0.68230000","timestamp":1627141170,"volume":"23.21184600","buyTxId":"a5eee5eb5831186abfadf3e4dd1abf3c60a80a76-0","sellTxId":"66acf832570a936828e8e2afcd77c547ad07c598"}
{"index": {"_index":"leo","_id":"1249017"}}
	{"id":1249017,"type":"sell","buyer":"ripazha","seller":"toofasteddie","symbol":"LEO","quantity":"2.934","price":"0.68229630","timestamp":1627141305,"volume":"2.00185734","buyTxId":"6f985f64e8da73bf34a1688b93a2dbe2d93da40b-3","sellTxId":"4962ff724951f941689a8c4e53fff28e0b6a4c72"}
{"index": {"_index":"leo","_id":"1249067"}}
	{"id":1249067,"type":"sell","buyer":"pi-trader","seller":"karinxxl","symbol":"LEO","quantity":"4.172","price":"0.68230656","timestamp":1627142349,"volume":"2.84658297","buyTxId":"981410b862bf028b25bab4204687f224aab5f201-1","sellTxId":"f3f93809a8237fae6c8b39e88ed1b60710008c98"}
{"index": {"_index":"leo","_id":"1249085"}}
	{"id":1249085,"type":"sell","buyer":"pi-trader","seller":"elevator09","symbol":"LEO","quantity":"0.062","price":"0.68231658","timestamp":1627142637,"volume":"0.04230363","buyTxId":"b64ad03c8091474bcdaaae1c9886f7abedb53264-1","sellTxId":"026084480a94bb340697012d49ac01110b33acb0"}
{"index": {"_index":"leo","_id":"1249180"}}
	{"id":1249180,"type":"buy","buyer":"otherbrandt","seller":"onealfa.leo","symbol":"LEO","quantity":"33.000","price":"0.73928941","timestamp":1627144356,"volume":"24.39655053","buyTxId":"e3dc5687b2c74c4d37e9e403675218b3659899d4","sellTxId":"8459e40770de16acae5fbe505a5c64c5ff6bec41"}
{"index": {"_index":"leo","_id":"1249181"}}
	{"id":1249181,"type":"buy","buyer":"otherbrandt","seller":"enginemaker","symbol":"LEO","quantity":"100.000","price":"0.73928943","timestamp":1627144356,"volume":"73.92894300","buyTxId":"e3dc5687b2c74c4d37e9e403675218b3659899d4","sellTxId":"MM-P-8946204-55927048-3-1-1"}
{"index": {"_index":"leo","_id":"1249182"}}
	{"id":1249182,"type":"buy","buyer":"otherbrandt","seller":"ripazha","symbol":"LEO","quantity":"57.000","price":"0.73929943","timestamp":1627144356,"volume":"42.14006751","buyTxId":"e3dc5687b2c74c4d37e9e403675218b3659899d4","sellTxId":"9b4e47409542a06b23a9421f24f4d24f56e16ead-2"}
{"index": {"_index":"leo","_id":"1249224"}}
	{"id":1249224,"type":"sell","buyer":"pi-trader","seller":"silvertop","symbol":"LEO","quantity":"4.766","price":"0.68236687","timestamp":1627144836,"volume":"3.25216050","buyTxId":"b1516d174f1479a380952eb295bdc36c34ec2988-1","sellTxId":"76080c7cf02e4a50a5df5165397fe93d004f2170"}
{"index": {"_index":"leo","_id":"1249310"}}
	{"id":1249310,"type":"sell","buyer":"pi-trader","seller":"rutacambios","symbol":"LEO","quantity":"10.000","price":"0.68240713","timestamp":1627146414,"volume":"6.82407130","buyTxId":"c96ebb1146c5589a5eff28e252169e2ea7ed8e06-1","sellTxId":"66dd4c54cdf61a25f90d82d5fb3f230dd670754c"}
{"index": {"_index":"leo","_id":"1249311"}}
	{"id":1249311,"type":"sell","buyer":"ripazha","seller":"rutacambios","symbol":"LEO","quantity":"1.850","price":"0.68240712","timestamp":1627146414,"volume":"1.26245317","buyTxId":"3b8d76a6721777262bbfcaee74de28c211456840-3","sellTxId":"66dd4c54cdf61a25f90d82d5fb3f230dd670754c"}
{"index": {"_index":"leo","_id":"1249409"}}
	{"id":1249409,"type":"sell","buyer":"pi-trader","seller":"oadissin","symbol":"LEO","quantity":"0.628","price":"0.68244748","timestamp":1627149000,"volume":"0.42857702","buyTxId":"2f5cfb9f83cc2e4765bd9eb8d562e0a1c8465dd8-1","sellTxId":"63286835ac71492b6b819ad5ea8947c39a3767e6"}
{"index": {"_index":"leo","_id":"1249415"}}
	{"id":1249415,"type":"sell","buyer":"pi-trader","seller":"paulmoon410","symbol":"LEO","quantity":"0.157","price":"0.68244749","timestamp":1627149042,"volume":"0.10714426","buyTxId":"877a6a9aa6dad9d3b911a75635b810a9401561f3-1","sellTxId":"7d39b1bf2ee901b5bfc208ec0a49964ecc1ec12d"}
{"index": {"_index":"leo","_id":"1249459"}}
	{"id":1249459,"type":"buy","buyer":"belemo","seller":"onealfa.leo","symbol":"LEO","quantity":"33.000","price":"0.73929941","timestamp":1627149687,"volume":"24.39688053","buyTxId":"84b6dd1d1f0bca3d9cf52e1db9982161ba0e5632","sellTxId":"52b8dbeada253b7ec95167d1a24719666db6d4bf"}
{"index": {"_index":"leo","_id":"1249461"}}
	{"id":1249461,"type":"buy","buyer":"belemo","seller":"onealfa.leo","symbol":"LEO","quantity":"6.500","price":"0.73935946","timestamp":1627149714,"volume":"4.80583649","buyTxId":"23d3fab1c700ae47a3bcaa6c2a313d5d305d6d8e","sellTxId":"9dbd7696cb3cc9c0b8148a2291a95be7928bfddc"}
{"index": {"_index":"leo","_id":"1249464"}}
	{"id":1249464,"type":"buy","buyer":"belemo","seller":"onealfa.leo","symbol":"LEO","quantity":"22.000","price":"0.73935946","timestamp":1627149858,"volume":"16.26590812","buyTxId":"2c56efc1d13b9c2563ab14dd1eaaacd9a27ed62a","sellTxId":"9dbd7696cb3cc9c0b8148a2291a95be7928bfddc"}
{"index": {"_index":"leo","_id":"1249486"}}
	{"id":1249486,"type":"buy","buyer":"belemo","seller":"onealfa.leo","symbol":"LEO","quantity":"4.500","price":"0.73935946","timestamp":1627150194,"volume":"3.32711757","buyTxId":"62894030d23b5dc1316e282d8cea80a6aa71bf0b","sellTxId":"9dbd7696cb3cc9c0b8148a2291a95be7928bfddc"}
{"index": {"_index":"leo","_id":"1249487"}}
	{"id":1249487,"type":"buy","buyer":"belemo","seller":"anadolu","symbol":"LEO","quantity":"6.500","price":"0.73935948","timestamp":1627150194,"volume":"4.80583662","buyTxId":"62894030d23b5dc1316e282d8cea80a6aa71bf0b","sellTxId":"7bba7f6294964f9f9436fdeb526d9223c23dbea4"}
{"index": {"_index":"leo","_id":"1249495"}}
	{"id":1249495,"type":"sell","buyer":"belemo","seller":"konvik","symbol":"LEO","quantity":"2.000","price":"0.73965000","timestamp":1627150314,"volume":"1.47930000","buyTxId":"c0073f172d53a221541406af0c877720c7a6929d","sellTxId":"8a97d536fab0843a42fb5ac6f9443f3b1196bcdf-1"}
{"index": {"_index":"leo","_id":"1249496"}}
	{"id":1249496,"type":"sell","buyer":"belemo","seller":"konvik","symbol":"LEO","quantity":"19.978","price":"0.73965000","timestamp":1627150314,"volume":"14.77672770","buyTxId":"da7817446be954216d70ccba7086c77b9ecf2d93","sellTxId":"8a97d536fab0843a42fb5ac6f9443f3b1196bcdf-1"}
{"index": {"_index":"leo","_id":"1249501"}}
	{"id":1249501,"type":"sell","buyer":"belemo","seller":"konvik","symbol":"LEO","quantity":"14.985","price":"0.73965000","timestamp":1627150437,"volume":"11.08365525","buyTxId":"7e9a8e14882762ed471c48729b51e63133a0f137","sellTxId":"ad0c7f963df3c973a730f602e348f142ee01a274-1"}
{"index": {"_index":"leo","_id":"1249543"}}
	{"id":1249543,"type":"sell","buyer":"belemo","seller":"archon-drips","symbol":"LEO","quantity":"0.002","price":"0.73965000","timestamp":1627151130,"volume":"0.00147930","buyTxId":"7e9a8e14882762ed471c48729b51e63133a0f137","sellTxId":"b809bdd02720f62446e7ea0c73e5ec1780cb8abc"}
{"index": {"_index":"leo","_id":"1249546"}}
	{"id":1249546,"type":"sell","buyer":"belemo","seller":"enginemaker","symbol":"LEO","quantity":"0.013","price":"0.73965000","timestamp":1627151226,"volume":"0.00961545","buyTxId":"7e9a8e14882762ed471c48729b51e63133a0f137","sellTxId":"MM-P-8948498-55929343-3-1-1"}
{"index": {"_index":"leo","_id":"1249609"}}
	{"id":1249609,"type":"sell","buyer":"pi-trader","seller":"pouchon","symbol":"LEO","quantity":"10.000","price":"0.68300001","timestamp":1627152084,"volume":"6.83000010","buyTxId":"bd6d2cddc3648cf92659aa9f12dd21a1020ade85-1","sellTxId":"ce45467aa1a55f3c1d8421be4b176210fe6d943e"}
{"index": {"_index":"leo","_id":"1249610"}}
	{"id":1249610,"type":"sell","buyer":"half-fast","seller":"pouchon","symbol":"LEO","quantity":"10.704","price":"0.68300000","timestamp":1627152084,"volume":"7.31083200","buyTxId":"114f2aa59ee0423ba1d884ee8ae1580413ea9250","sellTxId":"ce45467aa1a55f3c1d8421be4b176210fe6d943e"}
{"index": {"_index":"leo","_id":"1249611"}}
	{"id":1249611,"type":"sell","buyer":"solovey6o2","seller":"pouchon","symbol":"LEO","quantity":"15.370","price":"0.68253794","timestamp":1627152084,"volume":"10.49060814","buyTxId":"a72f55cb05a2b742b9dcf1d5c58c7e236aa215bf","sellTxId":"ce45467aa1a55f3c1d8421be4b176210fe6d943e"}
{"index": {"_index":"leo","_id":"1249616"}}
	{"id":1249616,"type":"buy","buyer":"kevinnag58","seller":"onealfa.leo","symbol":"LEO","quantity":"8.169","price":"0.73961974","timestamp":1627152168,"volume":"6.0425","buyTxId":"9319263a2a76b56fe545406c4bf82a2a62909bde","sellTxId":"cc108174781d3b87095e551ce9c758d5797fb752"}
{"index": {"_index":"leo","_id":"1249687"}}
	{"id":1249687,"type":"sell","buyer":"pi-trader","seller":"lestrange","symbol":"LEO","quantity":"0.226","price":"0.69000001","timestamp":1627153524,"volume":"0.15594000","buyTxId":"b3466be1ac827b0e83d6282261d7928151a7d670-1","sellTxId":"c21b511e2b195cc3ce993daf59f6b590cc838ef1"}
{"index": {"_index":"leo","_id":"1249698"}}
	{"id":1249698,"type":"sell","buyer":"pi-trader","seller":"mykos","symbol":"LEO","quantity":"0.581","price":"0.69000001","timestamp":1627153701,"volume":"0.40089001","buyTxId":"2b245b0af0f545c402c0aaf6baa852f829e2a540-1","sellTxId":"1aa5458db0f0e744e440bb5b09dbf24ec8281913"}
{"index": {"_index":"leo","_id":"1249797"}}
	{"id":1249797,"type":"buy","buyer":"otherbrandt","seller":"onealfa.leo","symbol":"LEO","quantity":"33.000","price":"0.71999998","timestamp":1627156062,"volume":"23.75999934","buyTxId":"a577fd8b9a3fe1f5e89d304cfe21ea7e86608200","sellTxId":"141ade8ec301665e2a2507af84eb80087a85cb97"}
{"index": {"_index":"leo","_id":"1249798"}}
	{"id":1249798,"type":"buy","buyer":"otherbrandt","seller":"half-fast","symbol":"LEO","quantity":"10.742","price":"0.73900000","timestamp":1627156062,"volume":"7.93833800","buyTxId":"a577fd8b9a3fe1f5e89d304cfe21ea7e86608200","sellTxId":"3a352ea5d15ff838882160b3248572499889220a"}
{"index": {"_index":"leo","_id":"1249799"}}
	{"id":1249799,"type":"buy","buyer":"otherbrandt","seller":"ripazha","symbol":"LEO","quantity":"240.258","price":"0.73948962","timestamp":1627156062,"volume":"177.66829712","buyTxId":"a577fd8b9a3fe1f5e89d304cfe21ea7e86608200","sellTxId":"2d1f42c763bbb96f5d9c54e07d55248715d792d9-2"}
{"index": {"_index":"leo","_id":"1249822"}}
	{"id":1249822,"type":"buy","buyer":"diverse","seller":"onealfa.leo","symbol":"LEO","quantity":"1.000","price":"0.73947960","timestamp":1627156536,"volume":"0.73947960","buyTxId":"1cf3e7c19eb9f6c33f456a4a14535271d0ee6a60","sellTxId":"596bb56d096f8a2459e1cc8816da9e3407a8f8a0"}
{"index": {"_index":"leo","_id":"1249858"}}
	{"id":1249858,"type":"buy","buyer":"revisesociology","seller":"onealfa.leo","symbol":"LEO","quantity":"33.000","price":"0.73945958","timestamp":1627157043,"volume":"24.40216614","buyTxId":"f377688b06aed56fb72b11ebefc13dff40b809c6","sellTxId":"1c106c86d3a394bdbf99809e338721a13ae55df3"}
{"index": {"_index":"leo","_id":"1249859"}}
	{"id":1249859,"type":"buy","buyer":"revisesociology","seller":"solovey6o2","symbol":"LEO","quantity":"19.059","price":"0.73945958","timestamp":1627157043,"volume":"14.09336014","buyTxId":"f377688b06aed56fb72b11ebefc13dff40b809c6","sellTxId":"7ebfcb804eec156a249162411229ed28d8f3888c"}
{"index": {"_index":"leo","_id":"1249860"}}
	{"id":1249860,"type":"buy","buyer":"revisesociology","seller":"ripazha","symbol":"LEO","quantity":"197.941","price":"0.73945959","timestamp":1627157043,"volume":"146.36937070","buyTxId":"f377688b06aed56fb72b11ebefc13dff40b809c6","sellTxId":"2e2cb8a6acb9d33a8352032138f6b04e4ab283f5-2"}
{"index": {"_index":"leo","_id":"1249883"}}
	{"id":1249883,"type":"sell","buyer":"pi-trader","seller":"sipahikara","symbol":"LEO","quantity":"0.188","price":"0.68270930","timestamp":1627157643,"volume":"0.12834935","buyTxId":"4d99d2a2df2a2cc78633db19c326a4b357e41816-1","sellTxId":"27baef18561f5edf6f4744a580446681d7d3f501"}
{"index": {"_index":"leo","_id":"1249964"}}
	{"id":1249964,"type":"sell","buyer":"pi-trader","seller":"pieternijmeijer","symbol":"LEO","quantity":"0.039","price":"0.69000001","timestamp":1627159317,"volume":"0.02691000","buyTxId":"e3cccb90bfdd60ee0c206aff4776ec827006dd0b-1","sellTxId":"aa3fc0fbdc2767d993db27b89c8d586d6f93fa80"}
{"index": {"_index":"leo","_id":"1250276"}}
	{"id":1250276,"type":"sell","buyer":"solovey6o2","seller":"kevinnag58","symbol":"LEO","quantity":"18.759","price":"0.69404036","timestamp":1627164300,"volume":"13.01950311","buyTxId":"27683159349d7bf8a7d615e97f998700e2f5b724","sellTxId":"1fa49eb09e8c6cac02586c876ea1c45efa22efec"}
{"index": {"_index":"leo","_id":"1250404"}}
	{"id":1250404,"type":"sell","buyer":"solovey6o2","seller":"lebah","symbol":"LEO","quantity":"0.600","price":"0.69408063","timestamp":1627166529,"volume":"0.41644838","buyTxId":"da681476fb147e2446a1bfe85cea10d82116b8cc","sellTxId":"d3708cc81604d3cdcfb2224d52c2edaf31955936"}
{"index": {"_index":"leo","_id":"1250411"}}
	{"id":1250411,"type":"sell","buyer":"solovey6o2","seller":"kolbjorn","symbol":"LEO","quantity":"15.653","price":"0.69408063","timestamp":1627166631,"volume":"10.86444410","buyTxId":"da681476fb147e2446a1bfe85cea10d82116b8cc","sellTxId":"5b9b9785fb2ec1d90d15bddd3f1b795d8d685fec"}
{"index": {"_index":"leo","_id":"1250462"}}
	{"id":1250462,"type":"sell","buyer":"solovey6o2","seller":"cccf","symbol":"LEO","quantity":"1.125","price":"0.69408063","timestamp":1627167759,"volume":"0.78084071","buyTxId":"da681476fb147e2446a1bfe85cea10d82116b8cc","sellTxId":"4560ef31ae16275d53632fa5af6a946d1ef7cc09"}
{"index": {"_index":"leo","_id":"1250466"}}
	{"id":1250466,"type":"sell","buyer":"solovey6o2","seller":"holovision","symbol":"LEO","quantity":"0.063","price":"0.69408063","timestamp":1627167882,"volume":"0.04372708","buyTxId":"da681476fb147e2446a1bfe85cea10d82116b8cc","sellTxId":"4f334fad15a693089f5137fbdfe34bf893214ea2"}
{"index": {"_index":"leo","_id":"1250498"}}
	{"id":1250498,"type":"sell","buyer":"solovey6o2","seller":"cliffagreen","symbol":"LEO","quantity":"0.349","price":"0.69408063","timestamp":1627168641,"volume":"0.24223414","buyTxId":"da681476fb147e2446a1bfe85cea10d82116b8cc","sellTxId":"de3dedef32781666e4bc541c1494fb02defb9e0a"}
{"index": {"_index":"leo","_id":"1250579"}}
	{"id":1250579,"type":"buy","buyer":"evernoticethat","seller":"anicom","symbol":"LEO","quantity":"18.000","price":"0.73000000","timestamp":1627171536,"volume":"13.14000000","buyTxId":"f91f1f94399943a7318f678d9b522a5d6918ee44","sellTxId":"3c01a38a3acd2ae8c34486a6e1a554a0990935e3"}
{"index": {"_index":"leo","_id":"1250580"}}
	{"id":1250580,"type":"buy","buyer":"evernoticethat","seller":"solovey6o2","symbol":"LEO","quantity":"36.549","price":"0.73201726","timestamp":1627171536,"volume":"26.75449884","buyTxId":"f91f1f94399943a7318f678d9b522a5d6918ee44","sellTxId":"ae69e5122d49e56bf739adcf4c5c3d49e17a5f79"}
{"index": {"_index":"leo","_id":"1250581"}}
	{"id":1250581,"type":"buy","buyer":"evernoticethat","seller":"ripazha","symbol":"LEO","quantity":"33.958","price":"0.73201727","timestamp":1627171536,"volume":"24.85784245","buyTxId":"f91f1f94399943a7318f678d9b522a5d6918ee44","sellTxId":"0859d3a85e394d27694704f49461c1778d102c46-2"}
{"index": {"_index":"leo","_id":"1250583"}}
	{"id":1250583,"type":"sell","buyer":"solovey6o2","seller":"jphamer1","symbol":"LEO","quantity":"73.805","price":"0.69408063","timestamp":1627171557,"volume":"51.22662090","buyTxId":"da681476fb147e2446a1bfe85cea10d82116b8cc","sellTxId":"32bd82bc9dcc1c914eb5d599c60ec39764d67051"}
{"index": {"_index":"leo","_id":"1250586"}}
	{"id":1250586,"type":"sell","buyer":"solovey6o2","seller":"mistakili","symbol":"LEO","quantity":"16.000","price":"0.69408063","timestamp":1627171632,"volume":"11.10529008","buyTxId":"da681476fb147e2446a1bfe85cea10d82116b8cc","sellTxId":"fedd6906befb7e661e41d1d7a992a2be9da31d93"}
{"index": {"_index":"leo","_id":"1250717"}}
	{"id":1250717,"type":"sell","buyer":"edkarnie","seller":"eddiespino","symbol":"LEO","quantity":"4.726","price":"0.70000000","timestamp":1627174968,"volume":"3.30820000","buyTxId":"138f82fff432cb84b9c26f73069cb15e93f3ee7e","sellTxId":"5487cc2a25c47ea26eccc04d929a0bb51166f3d3"}
{"index": {"_index":"leo","_id":"1250813"}}
	{"id":1250813,"type":"buy","buyer":"marlenyaragua","seller":"enginemaker","symbol":"LEO","quantity":"100.000","price":"0.73177704","timestamp":1627178544,"volume":"73.17770400","buyTxId":"f93144cf2acf249ce0329989f150e3ee64ff4608","sellTxId":"MM-P-8957574-55938423-3-1-1"}
{"index": {"_index":"leo","_id":"1250814"}}
	{"id":1250814,"type":"buy","buyer":"marlenyaragua","seller":"solovey6o2","symbol":"LEO","quantity":"36.653","price":"0.73178703","timestamp":1627178544,"volume":"26.82229600","buyTxId":"f93144cf2acf249ce0329989f150e3ee64ff4608","sellTxId":"bb16392826c316bbedd3395a9b81e281e678725c"}
{"index": {"_index":"leo","_id":"1250884"}}
	{"id":1250884,"type":"sell","buyer":"edkarnie","seller":"ironshield","symbol":"LEO","quantity":"1.130","price":"0.70000000","timestamp":1627180392,"volume":"0.79100000","buyTxId":"138f82fff432cb84b9c26f73069cb15e93f3ee7e","sellTxId":"632d615ae091b60ace6f38d9537ff973199fafd6"}
