{"index": {"_index":"lolz","_id":"3897200"}}
	{"id":3897200,"type":"sell","buyer":"magicbeans","seller":"sidekickmatt","symbol":"LOLZ","quantity":"4.00000000","price":"0.04500001","timestamp":1657679961,"volume":"0.18000004","buyTxId":"a37d66ef2b6117981cc37a0318cdaa5876e647ee","sellTxId":"817e9bf963c347e07b7d2ef62197dd1c1d2896ad"}
{"index": {"_index":"lolz","_id":"3897340"}}
	{"id":3897340,"type":"sell","buyer":"magicbeans","seller":"dswap","symbol":"LOLZ","quantity":"1","price":"0.04500001","timestamp":1657682838,"volume":"0.04500001","buyTxId":"a37d66ef2b6117981cc37a0318cdaa5876e647ee","sellTxId":"e6942b65298ac4360e2133bad7325845737b0252"}
{"index": {"_index":"lolz","_id":"3898135"}}
	{"id":3898135,"type":"sell","buyer":"magicbeans","seller":"hive-143869","symbol":"LOLZ","quantity":"1.00001502","price":"0.04500003","timestamp":1657696608,"volume":"0.04500071","buyTxId":"d034b1e487ffd063c7118eb9e7b80226c3fa8cd3","sellTxId":"bab5f58af637f2335e7b02a1d264b488e4426f7d"}
{"index": {"_index":"lolz","_id":"3898178"}}
	{"id":3898178,"type":"sell","buyer":"magicbeans","seller":"entraide.rewards","symbol":"LOLZ","quantity":"0.00001939","price":"0.04500003","timestamp":1657697325,"volume":"0.00000087","buyTxId":"d034b1e487ffd063c7118eb9e7b80226c3fa8cd3","sellTxId":"03b664044425f30ee7af6c4cc67b6936649a62b2"}
{"index": {"_index":"lolz","_id":"3898227"}}
	{"id":3898227,"type":"sell","buyer":"magicbeans","seller":"dswap","symbol":"LOLZ","quantity":"1","price":"0.04500003","timestamp":1657697958,"volume":"0.04500003","buyTxId":"d034b1e487ffd063c7118eb9e7b80226c3fa8cd3","sellTxId":"ef173bdab331f364deae09155a22f6f13931b7d0"}
{"index": {"_index":"lolz","_id":"3898238"}}
	{"id":3898238,"type":"sell","buyer":"magicbeans","seller":"synergie","symbol":"LOLZ","quantity":"0.00004309","price":"0.04500003","timestamp":1657698099,"volume":"0.00000194","buyTxId":"d034b1e487ffd063c7118eb9e7b80226c3fa8cd3","sellTxId":"c94cd58ca5efd461a26aaa442a7124b6470a37cf"}
{"index": {"_index":"lolz","_id":"3898260"}}
	{"id":3898260,"type":"sell","buyer":"magicbeans","seller":"quotidien","symbol":"LOLZ","quantity":"2.00000000","price":"0.04500003","timestamp":1657698531,"volume":"0.09000006","buyTxId":"d034b1e487ffd063c7118eb9e7b80226c3fa8cd3","sellTxId":"337f8ea99cf507cf134bc833e154f6f2d3b368b8"}
{"index": {"_index":"lolz","_id":"3898519"}}
	{"id":3898519,"type":"buy","buyer":"dswap","seller":"szmobacsi","symbol":"LOLZ","quantity":"0.18903061","price":"0.07840000","timestamp":1657702941,"volume":"0.01482000","buyTxId":"5b555ceafb8aa9a67bfb6d5e7817fe7a7673dfb8","sellTxId":"0d87ec9bfd495cc822031bfeda4c9fbc9efda476"}
{"index": {"_index":"lolz","_id":"3898536"}}
	{"id":3898536,"type":"sell","buyer":"magicbeans","seller":"bpcvoter","symbol":"LOLZ","quantity":"7.00000000","price":"0.04500005","timestamp":1657703100,"volume":"0.31500035","buyTxId":"ea95311db1dd5df84503d14e49b74e0ef922adf1","sellTxId":"2b98122098e4bcf6d7ad4d7f49c294c65e8e6115"}
{"index": {"_index":"lolz","_id":"3898800"}}
	{"id":3898800,"type":"sell","buyer":"magicbeans","seller":"jogaila","symbol":"LOLZ","quantity":"2.20348390","price":"0.04500005","timestamp":1657706817,"volume":"0.09915689","buyTxId":"ea95311db1dd5df84503d14e49b74e0ef922adf1","sellTxId":"b510860c2e26ea2847187a733fe4252d91e87927"}
{"index": {"_index":"lolz","_id":"3898947"}}
	{"id":3898947,"type":"buy","buyer":"roscar9","seller":"jogaila","symbol":"LOLZ","quantity":"1.79651610","price":"0.04500005","timestamp":1657710102,"volume":"0.08084331","buyTxId":"f397c2ca3ce41bf24deeeb7a33e1d97fb4e4351b","sellTxId":"b510860c2e26ea2847187a733fe4252d91e87927"}
{"index": {"_index":"lolz","_id":"3900272"}}
	{"id":3900272,"type":"sell","buyer":"blitzzzz","seller":"dswap","symbol":"LOLZ","quantity":"2.49303475","price":"0.04500004","timestamp":1657722483,"volume":"0.11218666","buyTxId":"31c62150e5d862b0754d49e87bfece3196a810ff","sellTxId":"7afc4cfb05c86d9a203fef6d607ecbfbc559a7ed"}
{"index": {"_index":"lolz","_id":"3901209"}}
	{"id":3901209,"type":"sell","buyer":"blitzzzz","seller":"myothuzar","symbol":"LOLZ","quantity":"7.50696525","price":"0.04500004","timestamp":1657728453,"volume":"0.33781374","buyTxId":"31c62150e5d862b0754d49e87bfece3196a810ff","sellTxId":"b846a66da93b4aac9d58ba9779097e9516c801a7"}
{"index": {"_index":"lolz","_id":"3901210"}}
	{"id":3901210,"type":"sell","buyer":"roscar9","seller":"myothuzar","symbol":"LOLZ","quantity":"4.00000000","price":"0.04500004","timestamp":1657728453,"volume":"0.18000016","buyTxId":"62a85ba61b9c6fa946846e4399ec723933164449","sellTxId":"b846a66da93b4aac9d58ba9779097e9516c801a7"}
{"index": {"_index":"lolz","_id":"3901211"}}
	{"id":3901211,"type":"sell","buyer":"steem82868","seller":"myothuzar","symbol":"LOLZ","quantity":"18.49303475","price":"0.04500000","timestamp":1657728453,"volume":"0.83218656","buyTxId":"5bd63d5704ad0fa44fd71de8fcfcb4d00eb6c23f","sellTxId":"b846a66da93b4aac9d58ba9779097e9516c801a7"}
{"index": {"_index":"lolz","_id":"3901262"}}
	{"id":3901262,"type":"sell","buyer":"steem82868","seller":"kaunglay2","symbol":"LOLZ","quantity":"1.50696525","price":"0.04500000","timestamp":1657728795,"volume":"0.06781344","buyTxId":"5bd63d5704ad0fa44fd71de8fcfcb4d00eb6c23f","sellTxId":"f56f967782fae3b7b3446e92bbb64349491ff31a"}
{"index": {"_index":"lolz","_id":"3901268"}}
	{"id":3901268,"type":"sell","buyer":"onlydoge","seller":"hitmeasap","symbol":"LOLZ","quantity":"3.00000000","price":"0.04446000","timestamp":1657728840,"volume":"0.13338000","buyTxId":"80a27c0b0e79831bb7dc42787803b17d8ced6141","sellTxId":"d2e6db3beda1ad02d4693494a58c3d7a79505e58"}
{"index": {"_index":"lolz","_id":"3901622"}}
	{"id":3901622,"type":"sell","buyer":"onlydoge","seller":"denmarkguy","symbol":"LOLZ","quantity":"0.01250903","price":"0.04446000","timestamp":1657730793,"volume":"0.00055615","buyTxId":"80a27c0b0e79831bb7dc42787803b17d8ced6141","sellTxId":"99d7b4808487f9e84d1e335d1ccdf625a1a68ed5"}
{"index": {"_index":"lolz","_id":"3902300"}}
	{"id":3902300,"type":"buy","buyer":"master-lamps","seller":"kaunglay2","symbol":"LOLZ","quantity":"3.49303400","price":"0.04500000","timestamp":1657736238,"volume":"0.15718653","buyTxId":"cb4e364e72cf37e5b84743c18b58fe8b02ef5026","sellTxId":"f56f967782fae3b7b3446e92bbb64349491ff31a"}
{"index": {"_index":"lolz","_id":"3902314"}}
	{"id":3902314,"type":"buy","buyer":"master-lamps","seller":"kaunglay2","symbol":"LOLZ","quantity":"0.00000075","price":"0.04500000","timestamp":1657736286,"volume":"0.00000003","buyTxId":"fc0621109f0fcd356dad7097670415f8f14ab6f6","sellTxId":"f56f967782fae3b7b3446e92bbb64349491ff31a"}
{"index": {"_index":"lolz","_id":"3902943"}}
	{"id":3902943,"type":"sell","buyer":"onlydoge","seller":"dswap","symbol":"LOLZ","quantity":"20.15402715","price":"0.04446000","timestamp":1657742652,"volume":"0.89604805","buyTxId":"80a27c0b0e79831bb7dc42787803b17d8ced6141","sellTxId":"806a73b024b71d13532b01e265c73e9ed95198f9"}
{"index": {"_index":"lolz","_id":"3903253"}}
	{"id":3903253,"type":"sell","buyer":"onlydoge","seller":"gestion.alive","symbol":"LOLZ","quantity":"25.05557933","price":"0.04446000","timestamp":1657744728,"volume":"1.11397106","buyTxId":"80a27c0b0e79831bb7dc42787803b17d8ced6141","sellTxId":"c9f3a45b1bd89139c9f9f6fcdf50e70baabdfdcd"}
{"index": {"_index":"lolz","_id":"3903259"}}
	{"id":3903259,"type":"sell","buyer":"onlydoge","seller":"lisamgentile1961","symbol":"LOLZ","quantity":"0.39683858","price":"0.04446000","timestamp":1657744752,"volume":"0.01764344","buyTxId":"80a27c0b0e79831bb7dc42787803b17d8ced6141","sellTxId":"d07985bb6d096fbe9a52c495d09e94dcd753d660"}
{"index": {"_index":"lolz","_id":"3904771"}}
	{"id":3904771,"type":"sell","buyer":"onlydoge","seller":"newshive","symbol":"LOLZ","quantity":"1.00000000","price":"0.04446000","timestamp":1657759731,"volume":"0.04446000","buyTxId":"80a27c0b0e79831bb7dc42787803b17d8ced6141","sellTxId":"ae86d4548ff54dbf09c8e135c88cb1c289f4a955"}
