{"index": {"_index":"lolz","_id":"3931581"}}
	{"id":3931581,"type":"sell","buyer":"arpuch","seller":"golden.future","symbol":"LOLZ","quantity":"30.00000000","price":"0.04300002","timestamp":1658109522,"volume":"1.29000060","buyTxId":"cffdcb4edf0b8457eabf29baca42f53c7cf4adbe","sellTxId":"5e31b72c835d1e7884d6367918a9b621c7294928"}
{"index": {"_index":"lolz","_id":"3933301"}}
	{"id":3933301,"type":"sell","buyer":"alex2alex","seller":"degagneiv","symbol":"LOLZ","quantity":"0.00002232","price":"0.04310000","timestamp":1658133714,"volume":"0.00000096","buyTxId":"5541b499b5c60dd6f1be76f71139b68f6e454268","sellTxId":"b64e772b649ae9925924bb562a3fa6769d34d923"}
{"index": {"_index":"lolz","_id":"3933327"}}
	{"id":3933327,"type":"sell","buyer":"alex2alex","seller":"hadley4","symbol":"LOLZ","quantity":"1.00000000","price":"0.04310000","timestamp":1658134023,"volume":"0.04310000","buyTxId":"5541b499b5c60dd6f1be76f71139b68f6e454268","sellTxId":"a158e59ededd44f51c2bfc97f12ad464a356a32c"}
{"index": {"_index":"lolz","_id":"3934044"}}
	{"id":3934044,"type":"sell","buyer":"alex2alex","seller":"ydaiznfts","symbol":"LOLZ","quantity":"4.03341099","price":"0.04310000","timestamp":1658143395,"volume":"0.17384001","buyTxId":"5541b499b5c60dd6f1be76f71139b68f6e454268","sellTxId":"671f8587bd38161f1bef166fef1bf9bf41c7879b"}
{"index": {"_index":"lolz","_id":"3934149"}}
	{"id":3934149,"type":"sell","buyer":"alex2alex","seller":"jdike","symbol":"LOLZ","quantity":"8.00033191","price":"0.04310000","timestamp":1658145015,"volume":"0.34481431","buyTxId":"5541b499b5c60dd6f1be76f71139b68f6e454268","sellTxId":"57a4e0d4eeb0a659ce08c4e53324f3f9c6676c39"}
{"index": {"_index":"lolz","_id":"3934314"}}
	{"id":3934314,"type":"sell","buyer":"alex2alex","seller":"degagneiv","symbol":"LOLZ","quantity":"0.00072335","price":"0.04310000","timestamp":1658148051,"volume":"0.00003118","buyTxId":"5541b499b5c60dd6f1be76f71139b68f6e454268","sellTxId":"bc4e83f6166ed191fd72265f8af16498a95ffdbb"}
{"index": {"_index":"lolz","_id":"3934557"}}
	{"id":3934557,"type":"sell","buyer":"alex2alex","seller":"dwinblood","symbol":"LOLZ","quantity":"2.00000000","price":"0.04310000","timestamp":1658151510,"volume":"0.08620000","buyTxId":"5541b499b5c60dd6f1be76f71139b68f6e454268","sellTxId":"ab15bbfd31105bb8a75e16ad0542cfc5fd5aed87"}
{"index": {"_index":"lolz","_id":"3934637"}}
	{"id":3934637,"type":"sell","buyer":"blitzzzz","seller":"ladymisa","symbol":"LOLZ","quantity":"10.00000000","price":"0.04310001","timestamp":1658152500,"volume":"0.43100010","buyTxId":"e7cd7a26df20a4f33d3017f00397cf1e21a88e13","sellTxId":"e6bd4aa177ca571dd75dcded0ba923b9ae6ba0c8"}
{"index": {"_index":"lolz","_id":"3935078"}}
	{"id":3935078,"type":"sell","buyer":"alex2alex","seller":"floki-skarsgaard","symbol":"LOLZ","quantity":"0.00561502","price":"0.04310000","timestamp":1658157696,"volume":"0.00024201","buyTxId":"5541b499b5c60dd6f1be76f71139b68f6e454268","sellTxId":"07bd0b8d0c4f5bf598b6310ac5c66ebb65320f79"}
{"index": {"_index":"lolz","_id":"3935978"}}
	{"id":3935978,"type":"sell","buyer":"alex2alex","seller":"captainquack22","symbol":"LOLZ","quantity":"9","price":"0.04310000","timestamp":1658165220,"volume":"0.38790000","buyTxId":"5541b499b5c60dd6f1be76f71139b68f6e454268","sellTxId":"f585aee0d429732055d99ba07e14900d688f28b1"}
{"index": {"_index":"lolz","_id":"3936173"}}
	{"id":3936173,"type":"sell","buyer":"alex2alex","seller":"laritheghost","symbol":"LOLZ","quantity":"0.1689992","price":"0.04310000","timestamp":1658166828,"volume":"0.00728387","buyTxId":"5541b499b5c60dd6f1be76f71139b68f6e454268","sellTxId":"bab6bde6eb2f24b2f75464d317b13a13dbb24b31"}
{"index": {"_index":"lolz","_id":"3937549"}}
	{"id":3937549,"type":"sell","buyer":"alex2alex","seller":"hotwing","symbol":"LOLZ","quantity":"0.39586010","price":"0.04310000","timestamp":1658181351,"volume":"0.01706157","buyTxId":"5541b499b5c60dd6f1be76f71139b68f6e454268","sellTxId":"66e8a19bde7e40a5ffecd5c34d170e62f513dc8f"}
{"index": {"_index":"lolz","_id":"3938500"}}
	{"id":3938500,"type":"sell","buyer":"alex2alex","seller":"urun","symbol":"LOLZ","quantity":"14.00000000","price":"0.04310000","timestamp":1658191989,"volume":"0.60340000","buyTxId":"5541b499b5c60dd6f1be76f71139b68f6e454268","sellTxId":"94d5c5634e0ac9a69934651af84c9cf016e0a164"}
{"index": {"_index":"lolz","_id":"3939201"}}
	{"id":3939201,"type":"sell","buyer":"alex2alex","seller":"elkingplayer","symbol":"LOLZ","quantity":"24.48329164","price":"0.04310000","timestamp":1658195265,"volume":"1.05522987","buyTxId":"5541b499b5c60dd6f1be76f71139b68f6e454268","sellTxId":"195d7b54ad6c28f16dfa62aae28b1a4b6f5e8c81"}
{"index": {"_index":"lolz","_id":"3939215"}}
	{"id":3939215,"type":"sell","buyer":"alex2alex","seller":"floki-skarsgaard","symbol":"LOLZ","quantity":"0.00560147","price":"0.04310000","timestamp":1658195361,"volume":"0.00024142","buyTxId":"5541b499b5c60dd6f1be76f71139b68f6e454268","sellTxId":"fc49246a8d45794eb817b41bb839d106f6f0495a"}
{"index": {"_index":"lolz","_id":"3939242"}}
	{"id":3939242,"type":"sell","buyer":"alex2alex","seller":"steem82868","symbol":"LOLZ","quantity":"0.93066548","price":"0.04310000","timestamp":1658195622,"volume":"0.04011168","buyTxId":"5541b499b5c60dd6f1be76f71139b68f6e454268","sellTxId":"3874d4680ea9fbf1c62ebdb40a17efbceb375cf1"}
{"index": {"_index":"lolz","_id":"3939248"}}
	{"id":3939248,"type":"sell","buyer":"alex2alex","seller":"dswap","symbol":"LOLZ","quantity":"1.34515994","price":"0.04310000","timestamp":1658195673,"volume":"0.05797639","buyTxId":"5541b499b5c60dd6f1be76f71139b68f6e454268","sellTxId":"51fafdb5615abaa8f884a120cb9275909b44c154"}
