{"index": {"_index":"lolz","_id":"3602665"}}
	{"id":3602665,"type":"sell","buyer":"magicbeans","seller":"doudoer","symbol":"LOLZ","quantity":"1","price":"0.08000001","timestamp":1654313232,"volume":"0.08000001","buyTxId":"c1a8cbae5b6cfa47832537cbce4e7ef3f4b61834","sellTxId":"f5bcce2925729d147d19440ac5644180e9e7422b"}
{"index": {"_index":"lolz","_id":"3602940"}}
	{"id":3602940,"type":"sell","buyer":"magicbeans","seller":"lipe100dedos","symbol":"LOLZ","quantity":"3.00000000","price":"0.08000001","timestamp":1654317588,"volume":"0.24000003","buyTxId":"c1a8cbae5b6cfa47832537cbce4e7ef3f4b61834","sellTxId":"2fae51409d7a5b57f4c02213de44d830ac1dcbbe"}
{"index": {"_index":"lolz","_id":"3603128"}}
	{"id":3603128,"type":"sell","buyer":"magicbeans","seller":"uthantzin","symbol":"LOLZ","quantity":"96.00000000","price":"0.08000001","timestamp":1654319844,"volume":"7.68000096","buyTxId":"c1a8cbae5b6cfa47832537cbce4e7ef3f4b61834","sellTxId":"cea3be1d1d9dfe13d0a9b182da253fd30fbe9077"}
{"index": {"_index":"lolz","_id":"3603129"}}
	{"id":3603129,"type":"sell","buyer":"ironshield","seller":"uthantzin","symbol":"LOLZ","quantity":"4.00000000","price":"0.08000000","timestamp":1654319844,"volume":"0.32000000","buyTxId":"d1801c0f8b006c84072fba9db387b9ec187ae04e","sellTxId":"cea3be1d1d9dfe13d0a9b182da253fd30fbe9077"}
{"index": {"_index":"lolz","_id":"3603231"}}
	{"id":3603231,"type":"sell","buyer":"ironshield","seller":"dswap","symbol":"LOLZ","quantity":"0.35470225","price":"0.08000000","timestamp":1654321386,"volume":"0.02837618","buyTxId":"d1801c0f8b006c84072fba9db387b9ec187ae04e","sellTxId":"101e0e9507b75fcf0fa4f838ae4e45e533a45304"}
{"index": {"_index":"lolz","_id":"3603659"}}
	{"id":3603659,"type":"sell","buyer":"ironshield","seller":"decentropia","symbol":"LOLZ","quantity":"0.00002383","price":"0.08000000","timestamp":1654327599,"volume":"0.00000191","buyTxId":"d1801c0f8b006c84072fba9db387b9ec187ae04e","sellTxId":"e4ce9990793da9c4c65a833c7137c467e5e62c05"}
{"index": {"_index":"lolz","_id":"3603810"}}
	{"id":3603810,"type":"sell","buyer":"jim-crypto","seller":"horusisback","symbol":"LOLZ","quantity":"5","price":"0.08500000","timestamp":1654330107,"volume":"0.42500000","buyTxId":"b3a838b0a40aef53c6193dd94238d308f406e4f1","sellTxId":"0fdaeb31d255e1c64a0bc6788621c9ddc08711d6"}
{"index": {"_index":"lolz","_id":"3603821"}}
	{"id":3603821,"type":"sell","buyer":"jim-crypto","seller":"mann0000","symbol":"LOLZ","quantity":"5.34649624","price":"0.08500000","timestamp":1654330221,"volume":"0.45445218","buyTxId":"b3a838b0a40aef53c6193dd94238d308f406e4f1","sellTxId":"1de41562a6ec3f79c64fe9301270c134396e4135"}
{"index": {"_index":"lolz","_id":"3603916"}}
	{"id":3603916,"type":"sell","buyer":"jim-crypto","seller":"itharagaian","symbol":"LOLZ","quantity":"2.00029630","price":"0.08500000","timestamp":1654331859,"volume":"0.17002519","buyTxId":"b3a838b0a40aef53c6193dd94238d308f406e4f1","sellTxId":"d6605a27ba7567cde1ef318783db9ee414545561"}
{"index": {"_index":"lolz","_id":"3604136"}}
	{"id":3604136,"type":"sell","buyer":"jim-crypto","seller":"entraide.rewards","symbol":"LOLZ","quantity":"0.00002775","price":"0.08500000","timestamp":1654334487,"volume":"0.00000236","buyTxId":"b3a838b0a40aef53c6193dd94238d308f406e4f1","sellTxId":"7576e20cc64d9b5718137616f08021a1a39f1c2b"}
{"index": {"_index":"lolz","_id":"3604193"}}
	{"id":3604193,"type":"buy","buyer":"lightcaptured","seller":"magicbeans","symbol":"LOLZ","quantity":"5.99329682","price":"0.10537999","timestamp":1654335108,"volume":"0.63157356","buyTxId":"6f774522b8f448099f4f8aed5de4e78a0f52a207","sellTxId":"2eb0e6145edae6ae459f2d298c3e580501e5bb8a"}
{"index": {"_index":"lolz","_id":"3604496"}}
	{"id":3604496,"type":"sell","buyer":"jim-crypto","seller":"ivanslait","symbol":"LOLZ","quantity":"15.00000000","price":"0.08500000","timestamp":1654338486,"volume":"1.27500000","buyTxId":"b3a838b0a40aef53c6193dd94238d308f406e4f1","sellTxId":"c8a35f4d77c6756e97e0c49ab650e2563d2c2e49"}
{"index": {"_index":"lolz","_id":"3604662"}}
	{"id":3604662,"type":"sell","buyer":"jim-crypto","seller":"galaxikiller","symbol":"LOLZ","quantity":"1.00000682","price":"0.08500000","timestamp":1654340739,"volume":"0.08500058","buyTxId":"b3a838b0a40aef53c6193dd94238d308f406e4f1","sellTxId":"8da16b9b712f4d444aaaaaa633040702a09969ed"}
{"index": {"_index":"lolz","_id":"3605098"}}
	{"id":3605098,"type":"sell","buyer":"jim-crypto","seller":"tampilyne","symbol":"LOLZ","quantity":"7.00000000","price":"0.08500000","timestamp":1654346040,"volume":"0.59500000","buyTxId":"b3a838b0a40aef53c6193dd94238d308f406e4f1","sellTxId":"595d869ac2b87e3fe4efa49f80264b1a61b30c7b"}
{"index": {"_index":"lolz","_id":"3605390"}}
	{"id":3605390,"type":"sell","buyer":"jim-crypto","seller":"jlufer","symbol":"LOLZ","quantity":"12.71678450","price":"0.08500000","timestamp":1654349184,"volume":"1.08092668","buyTxId":"b3a838b0a40aef53c6193dd94238d308f406e4f1","sellTxId":"ef1d4beb4d3166f020f8e2f5e7bb1eb9b7bb52a3"}
{"index": {"_index":"lolz","_id":"3605411"}}
	{"id":3605411,"type":"sell","buyer":"jim-crypto","seller":"steem82868","symbol":"LOLZ","quantity":"0.38734387","price":"0.08500000","timestamp":1654349355,"volume":"0.03292423","buyTxId":"b3a838b0a40aef53c6193dd94238d308f406e4f1","sellTxId":"248cbd0de56ca28c6d5895d471ae41e550adbde2"}
{"index": {"_index":"lolz","_id":"3605458"}}
	{"id":3605458,"type":"sell","buyer":"jim-crypto","seller":"suhlaing","symbol":"LOLZ","quantity":"6.54904452","price":"0.08500000","timestamp":1654349934,"volume":"0.55666878","buyTxId":"b3a838b0a40aef53c6193dd94238d308f406e4f1","sellTxId":"71bef49b8c05d2c4a911d037589d16c57c876d9f"}
{"index": {"_index":"lolz","_id":"3605478"}}
	{"id":3605478,"type":"sell","buyer":"brianhuang","seller":"suhlaing","symbol":"LOLZ","quantity":"13.45095548","price":"0.08000100","timestamp":1654350222,"volume":"1.07608989","buyTxId":"ed7c4065ca1f966b5ee8a71a5fef32c8015d39c4","sellTxId":"ce78533d2dd02b6d4aa6ddba346493fbb63fcfb3"}
{"index": {"_index":"lolz","_id":"3605555"}}
	{"id":3605555,"type":"sell","buyer":"brianhuang","seller":"xplosive","symbol":"LOLZ","quantity":"80.00058751","price":"0.08000100","timestamp":1654350594,"volume":"6.40012700","buyTxId":"ed7c4065ca1f966b5ee8a71a5fef32c8015d39c4","sellTxId":"3ad3cf090554453bde3094477bffafce67547432"}
{"index": {"_index":"lolz","_id":"3606818"}}
	{"id":3606818,"type":"sell","buyer":"brianhuang","seller":"luthien12","symbol":"LOLZ","quantity":"9.00000000","price":"0.08000100","timestamp":1654361640,"volume":"0.72000900","buyTxId":"ed7c4065ca1f966b5ee8a71a5fef32c8015d39c4","sellTxId":"35d4054feb1debb95b56c6814ab8111b8d5f223f"}
{"index": {"_index":"lolz","_id":"3607291"}}
	{"id":3607291,"type":"sell","buyer":"brianhuang","seller":"weldmaster","symbol":"LOLZ","quantity":"6.81284043","price":"0.08000100","timestamp":1654366257,"volume":"0.54503405","buyTxId":"ed7c4065ca1f966b5ee8a71a5fef32c8015d39c4","sellTxId":"8a5afec9edce68a5da9dca81cf95f8737dd6aa91"}
{"index": {"_index":"lolz","_id":"3607411"}}
	{"id":3607411,"type":"sell","buyer":"brianhuang","seller":"splinter100dedos","symbol":"LOLZ","quantity":"3.00000000","price":"0.08000100","timestamp":1654367601,"volume":"0.24000300","buyTxId":"ed7c4065ca1f966b5ee8a71a5fef32c8015d39c4","sellTxId":"505a80215233257f4892dc73c84eab8d9f1f8009"}
{"index": {"_index":"lolz","_id":"3607719"}}
	{"id":3607719,"type":"buy","buyer":"aliveprojects","seller":"onlydoge","symbol":"LOLZ","quantity":"20.99203081","price":"0.09899000","timestamp":1654371627,"volume":"2.07800113","buyTxId":"ae703b8608eae29509c52b490690aae41d166350","sellTxId":"a385ac20b6917977b071f6d635c90dff08b9f0af"}
{"index": {"_index":"lolz","_id":"3607895"}}
	{"id":3607895,"type":"sell","buyer":"brianhuang","seller":"captainquack22","symbol":"LOLZ","quantity":"6","price":"0.08000100","timestamp":1654373751,"volume":"0.48000600","buyTxId":"ed7c4065ca1f966b5ee8a71a5fef32c8015d39c4","sellTxId":"d9e7112770bef78a089fa40ae2038206b97af850"}
{"index": {"_index":"lolz","_id":"3608715"}}
	{"id":3608715,"type":"buy","buyer":"txracer","seller":"onlydoge","symbol":"LOLZ","quantity":"0.00400000","price":"0.09899000","timestamp":1654380771,"volume":"0.00039596","buyTxId":"d090e14ac91acea9e91dda59d21a8130f3c83c42","sellTxId":"a385ac20b6917977b071f6d635c90dff08b9f0af"}
{"index": {"_index":"lolz","_id":"3609067"}}
	{"id":3609067,"type":"sell","buyer":"brianhuang","seller":"alexandrzombi","symbol":"LOLZ","quantity":"0.00001524","price":"0.08000100","timestamp":1654384875,"volume":"0.00000122","buyTxId":"ed7c4065ca1f966b5ee8a71a5fef32c8015d39c4","sellTxId":"90efdbb2035b190576c8a0c2b7cfc798ce151a4f"}
{"index": {"_index":"lolz","_id":"3609235"}}
	{"id":3609235,"type":"sell","buyer":"ruralio","seller":"gabrielrr17","symbol":"LOLZ","quantity":"7.00000000","price":"0.08001100","timestamp":1654387323,"volume":"0.56007700","buyTxId":"52184e0d579d2006d691f3e207bcb086e896714d","sellTxId":"b956b23336b3318c8496763a774aebb1f2402d8e"}
{"index": {"_index":"lolz","_id":"3609236"}}
	{"id":3609236,"type":"buy","buyer":"ruralio","seller":"txracer","symbol":"LOLZ","quantity":"0.00087189","price":"0.09898990","timestamp":1654387323,"volume":"0.00008631","buyTxId":"f250e34c9528c1a0a78d5b36569d9efda8d2ead0","sellTxId":"eb04281d95238b774718fe663fe1acf557cd86f5"}
{"index": {"_index":"lolz","_id":"3609237"}}
	{"id":3609237,"type":"buy","buyer":"ruralio","seller":"onlydoge","symbol":"LOLZ","quantity":"6.99912811","price":"0.09899000","timestamp":1654387323,"volume":"0.69284369","buyTxId":"f250e34c9528c1a0a78d5b36569d9efda8d2ead0","sellTxId":"a385ac20b6917977b071f6d635c90dff08b9f0af"}
{"index": {"_index":"lolz","_id":"3609263"}}
	{"id":3609263,"type":"sell","buyer":"brianhuang","seller":"steem82868","symbol":"LOLZ","quantity":"0.55057786","price":"0.08000100","timestamp":1654387680,"volume":"0.04404678","buyTxId":"ed7c4065ca1f966b5ee8a71a5fef32c8015d39c4","sellTxId":"849a550336a14db7f68d3fc6d00ddbeaee7821fc"}
{"index": {"_index":"lolz","_id":"3609488"}}
	{"id":3609488,"type":"buy","buyer":"nahueldare3627","seller":"magicbeans","symbol":"LOLZ","quantity":"29.74155463","price":"0.09897999","timestamp":1654391391,"volume":"2.94381878","buyTxId":"6c20ffd4d4baa46031c23c5e09f98d17f23135fb","sellTxId":"77c97b462292f269b0e8d9e9bc64a50468fa9574"}
{"index": {"_index":"lolz","_id":"3609513"}}
	{"id":3609513,"type":"buy","buyer":"blue.rabbit","seller":"magicbeans","symbol":"LOLZ","quantity":"70.25844537","price":"0.09897999","timestamp":1654392036,"volume":"6.95418022","buyTxId":"0e4fa2c26f275356052f88347cf06eb4391b8d34","sellTxId":"77c97b462292f269b0e8d9e9bc64a50468fa9574"}
{"index": {"_index":"lolz","_id":"3609518"}}
	{"id":3609518,"type":"buy","buyer":"blue.rabbit","seller":"onlydoge","symbol":"LOLZ","quantity":"66.88144108","price":"0.09898000","timestamp":1654392084,"volume":"6.61992504","buyTxId":"98bdf61c363a70101fd1977ae56a018c6d5d27cc","sellTxId":"ca0f9e5c9307e19908537743e818c2e0d369501d"}
{"index": {"_index":"lolz","_id":"3609537"}}
	{"id":3609537,"type":"buy","buyer":"blue.rabbit","seller":"ruralio","symbol":"LOLZ","quantity":"7.00000000","price":"0.09898900","timestamp":1654392339,"volume":"0.69292300","buyTxId":"fbf9ec2c6c3863a96245aea0369cd188d868acf6","sellTxId":"421767daffe530180bdcace660aabb3409734687"}
{"index": {"_index":"lolz","_id":"3609538"}}
	{"id":3609538,"type":"buy","buyer":"blue.rabbit","seller":"albiro2050","symbol":"LOLZ","quantity":"20.35347555","price":"0.09900000","timestamp":1654392339,"volume":"2.01499408","buyTxId":"fbf9ec2c6c3863a96245aea0369cd188d868acf6","sellTxId":"8629898e70d5aeffa9253769d41bac36a7ff539a"}
{"index": {"_index":"lolz","_id":"3609586"}}
	{"id":3609586,"type":"sell","buyer":"magicbeans","seller":"laritheghost","symbol":"LOLZ","quantity":"0.40270711","price":"0.08001001","timestamp":1654393389,"volume":"0.03222060","buyTxId":"c363eace827727903c5ed150b228692950fdd1b6","sellTxId":"62f474922b03219430aeef012196933d1cf65a33"}
{"index": {"_index":"lolz","_id":"3609654"}}
	{"id":3609654,"type":"sell","buyer":"magicbeans","seller":"tyshiea","symbol":"LOLZ","quantity":"1.00000000","price":"0.08001001","timestamp":1654394661,"volume":"0.08001001","buyTxId":"c363eace827727903c5ed150b228692950fdd1b6","sellTxId":"cc735ac1c2f07958dc2845a29ff9abf5d4bb34c3"}
{"index": {"_index":"lolz","_id":"3609710"}}
	{"id":3609710,"type":"sell","buyer":"magicbeans","seller":"wazock","symbol":"LOLZ","quantity":"13.15285695","price":"0.08001001","timestamp":1654395423,"volume":"1.05236022","buyTxId":"c363eace827727903c5ed150b228692950fdd1b6","sellTxId":"21942c63f5ba473325fcd13cc092fdd7bc0c3271"}
{"index": {"_index":"lolz","_id":"3609836"}}
	{"id":3609836,"type":"sell","buyer":"magicbeans","seller":"simplegame","symbol":"LOLZ","quantity":"12.00000000","price":"0.08001001","timestamp":1654397142,"volume":"0.96012012","buyTxId":"c363eace827727903c5ed150b228692950fdd1b6","sellTxId":"aaaab92abd1699f970308eec3829432ed87838e0"}
