{"index": {"_index":"lolz","_id":"3223364"}}
	{"id":3223364,"type":"sell","buyer":"achimmertens","seller":"laritheghost","symbol":"LOLZ","quantity":"2.17576154","price":"0.03700000","timestamp":1650248172,"volume":"0.08050318","buyTxId":"b9faca027b1793f76d906fdbe3650c644c8335dd","sellTxId":"b6a7396e308a2095c16f91f27c8d284f3636aef7"}
{"index": {"_index":"lolz","_id":"3223500"}}
	{"id":3223500,"type":"buy","buyer":"rinxrinxrinx","seller":"forsakensushi","symbol":"LOLZ","quantity":"11.00000000","price":"0.03735001","timestamp":1650249486,"volume":"0.41085011","buyTxId":"e0d05f6b519e347fb5bd88ba2b44cc10ec4537c3","sellTxId":"859c91433acc48fb0289eb5dbe445495f56eca12"}
{"index": {"_index":"lolz","_id":"3223502"}}
	{"id":3223502,"type":"buy","buyer":"rinxrinxrinx","seller":"forsakensushi","symbol":"LOLZ","quantity":"0.11309283","price":"0.03735001","timestamp":1650249510,"volume":"0.00422402","buyTxId":"0f11461875500fab32fc8ad56be6e64d39bd7503","sellTxId":"859c91433acc48fb0289eb5dbe445495f56eca12"}
{"index": {"_index":"lolz","_id":"3223503"}}
	{"id":3223503,"type":"buy","buyer":"rinxrinxrinx","seller":"magicbeans","symbol":"LOLZ","quantity":"4.88690717","price":"0.04449999","timestamp":1650249510,"volume":"0.21746732","buyTxId":"0f11461875500fab32fc8ad56be6e64d39bd7503","sellTxId":"6878e5ba4cdbd9445b269171720eda64b0bda45c"}
{"index": {"_index":"lolz","_id":"3223506"}}
	{"id":3223506,"type":"buy","buyer":"rinxrinxrinx","seller":"magicbeans","symbol":"LOLZ","quantity":"0.10000000","price":"0.04449999","timestamp":1650249564,"volume":"0.00445000","buyTxId":"2c220ab12ae0a54c6453c6323f9a09b4d17ea971","sellTxId":"6878e5ba4cdbd9445b269171720eda64b0bda45c"}
{"index": {"_index":"lolz","_id":"3223585"}}
	{"id":3223585,"type":"sell","buyer":"achimmertens","seller":"steem82868","symbol":"LOLZ","quantity":"0.67527658","price":"0.03700000","timestamp":1650250920,"volume":"0.02498523","buyTxId":"b9faca027b1793f76d906fdbe3650c644c8335dd","sellTxId":"cabbaab795ca63a35fcc8c0569850601b519e7cc"}
{"index": {"_index":"lolz","_id":"3224135"}}
	{"id":3224135,"type":"sell","buyer":"achimmertens","seller":"rzc24-nftbbg","symbol":"LOLZ","quantity":"2.00000000","price":"0.03700000","timestamp":1650257790,"volume":"0.07400000","buyTxId":"b9faca027b1793f76d906fdbe3650c644c8335dd","sellTxId":"431d7624597eb8875d2c76c14d76cfd8982b3105"}
{"index": {"_index":"lolz","_id":"3224146"}}
	{"id":3224146,"type":"sell","buyer":"achimmertens","seller":"mvl2304","symbol":"LOLZ","quantity":"8.00000000","price":"0.03700000","timestamp":1650257934,"volume":"0.29600000","buyTxId":"b9faca027b1793f76d906fdbe3650c644c8335dd","sellTxId":"2a229bdf1035b0a0d68f2e8c8af905130375015b"}
{"index": {"_index":"lolz","_id":"3224173"}}
	{"id":3224173,"type":"sell","buyer":"achimmertens","seller":"sidekickmatt","symbol":"LOLZ","quantity":"4.00000000","price":"0.03700000","timestamp":1650258321,"volume":"0.14800000","buyTxId":"b9faca027b1793f76d906fdbe3650c644c8335dd","sellTxId":"0bfe0c9b2862ca83f70c9a79e7307a6b4114a5fa"}
{"index": {"_index":"lolz","_id":"3224735"}}
	{"id":3224735,"type":"buy","buyer":"horusisback","seller":"magicbeans","symbol":"LOLZ","quantity":"72.09352788","price":"0.04449999","timestamp":1650265536,"volume":"3.20816127","buyTxId":"e0ea436cb2227e44abffc33bb6b8adcd29331a7a","sellTxId":"6878e5ba4cdbd9445b269171720eda64b0bda45c"}
{"index": {"_index":"lolz","_id":"3224933"}}
	{"id":3224933,"type":"sell","buyer":"achimmertens","seller":"duke77","symbol":"LOLZ","quantity":"7.66000000","price":"0.03700000","timestamp":1650267567,"volume":"0.28342000","buyTxId":"b9faca027b1793f76d906fdbe3650c644c8335dd","sellTxId":"f9f42da0f958977d721a927b3798faffcb8ef920"}
{"index": {"_index":"lolz","_id":"3225002"}}
	{"id":3225002,"type":"sell","buyer":"achimmertens","seller":"fnvdesigns","symbol":"LOLZ","quantity":"0.18421233","price":"0.03700000","timestamp":1650268533,"volume":"0.00681586","buyTxId":"b9faca027b1793f76d906fdbe3650c644c8335dd","sellTxId":"6f749ca8df3fd48b6055a4a76bd344626965a4ea"}
{"index": {"_index":"lolz","_id":"3225413"}}
	{"id":3225413,"type":"sell","buyer":"achimmertens","seller":"pompe72","symbol":"LOLZ","quantity":"1.00000000","price":"0.03700000","timestamp":1650273228,"volume":"0.03700000","buyTxId":"b9faca027b1793f76d906fdbe3650c644c8335dd","sellTxId":"0d99112ae55944f2abe8aba31932be6938f35f78"}
{"index": {"_index":"lolz","_id":"3225564"}}
	{"id":3225564,"type":"sell","buyer":"achimmertens","seller":"cynano","symbol":"LOLZ","quantity":"3.00000000","price":"0.03700000","timestamp":1650275325,"volume":"0.11100000","buyTxId":"b9faca027b1793f76d906fdbe3650c644c8335dd","sellTxId":"8ca68250483ff9e0058cf80b903f204388b96a67"}
{"index": {"_index":"lolz","_id":"3225802"}}
	{"id":3225802,"type":"sell","buyer":"achimmertens","seller":"andy4475","symbol":"LOLZ","quantity":"2.00000000","price":"0.03700000","timestamp":1650278700,"volume":"0.07400000","buyTxId":"b9faca027b1793f76d906fdbe3650c644c8335dd","sellTxId":"ee9da080e16c07bb4e365960f1b0f22721d669f4"}
{"index": {"_index":"lolz","_id":"3226191"}}
	{"id":3226191,"type":"sell","buyer":"achimmertens","seller":"gestion.alive","symbol":"LOLZ","quantity":"6.02154157","price":"0.03700000","timestamp":1650283995,"volume":"0.22279704","buyTxId":"b9faca027b1793f76d906fdbe3650c644c8335dd","sellTxId":"83927d9ec8108c991f936079a27f3bc2e83e9ab1"}
{"index": {"_index":"lolz","_id":"3226400"}}
	{"id":3226400,"type":"sell","buyer":"achimmertens","seller":"steem82868","symbol":"LOLZ","quantity":"0.58401719","price":"0.03700000","timestamp":1650286380,"volume":"0.02160864","buyTxId":"b9faca027b1793f76d906fdbe3650c644c8335dd","sellTxId":"c4d2331f5c49a5a1ddcb90262bc366248396a044"}
{"index": {"_index":"lolz","_id":"3227157"}}
	{"id":3227157,"type":"buy","buyer":"thanatos25","seller":"magicbeans","symbol":"LOLZ","quantity":"13.91956495","price":"0.04449999","timestamp":1650294207,"volume":"0.61942050","buyTxId":"4f0de8605b87e21089e8b8ae5b26b9bfaa6c09d3","sellTxId":"6878e5ba4cdbd9445b269171720eda64b0bda45c"}
{"index": {"_index":"lolz","_id":"3227158"}}
	{"id":3227158,"type":"buy","buyer":"thanatos25","seller":"szmobacsi","symbol":"LOLZ","quantity":"8.29438203","price":"0.04450000","timestamp":1650294207,"volume":"0.36910000","buyTxId":"4f0de8605b87e21089e8b8ae5b26b9bfaa6c09d3","sellTxId":"c97664e5a04b51a7576703f48c6c6809f178703f"}
{"index": {"_index":"lolz","_id":"3227159"}}
	{"id":3227159,"type":"buy","buyer":"thanatos25","seller":"zottone444","symbol":"LOLZ","quantity":"15.01291888","price":"0.04500000","timestamp":1650294207,"volume":"0.67558135","buyTxId":"4f0de8605b87e21089e8b8ae5b26b9bfaa6c09d3","sellTxId":"6e57a36d9168d6952265fb5dbdb75df381f88880"}
{"index": {"_index":"lolz","_id":"3227514"}}
	{"id":3227514,"type":"sell","buyer":"magicbeans","seller":"andy4475","symbol":"LOLZ","quantity":"1.03737984","price":"0.03700001","timestamp":1650298086,"volume":"0.03838306","buyTxId":"87283f3971ebe191ce402947fb2031fc692077f4","sellTxId":"25b2951263d64301f6afc0eb552d8b627feaed25"}
{"index": {"_index":"lolz","_id":"3227660"}}
	{"id":3227660,"type":"sell","buyer":"magicbeans","seller":"stayoutoftherz","symbol":"LOLZ","quantity":"3.00000000","price":"0.03700001","timestamp":1650299319,"volume":"0.11100003","buyTxId":"87283f3971ebe191ce402947fb2031fc692077f4","sellTxId":"d95192d89cdb9356dd63a58fcbef80894b4e67e9"}
{"index": {"_index":"lolz","_id":"3227763"}}
	{"id":3227763,"type":"sell","buyer":"magicbeans","seller":"unlikelysurvivor","symbol":"LOLZ","quantity":"0.02025757","price":"0.03700001","timestamp":1650300546,"volume":"0.00074953","buyTxId":"87283f3971ebe191ce402947fb2031fc692077f4","sellTxId":"58e55e8bcf882b8d8eed906ef0890f62dadd3614"}
{"index": {"_index":"lolz","_id":"3228980"}}
	{"id":3228980,"type":"sell","buyer":"magicbeans","seller":"simplegame","symbol":"LOLZ","quantity":"3.00000000","price":"0.03700001","timestamp":1650310872,"volume":"0.11100003","buyTxId":"87283f3971ebe191ce402947fb2031fc692077f4","sellTxId":"696c3ec339a587690c3c95e95761e2745ebe9306"}
{"index": {"_index":"lolz","_id":"3229244"}}
	{"id":3229244,"type":"sell","buyer":"magicbeans","seller":"holybread","symbol":"LOLZ","quantity":"2.00000000","price":"0.03700001","timestamp":1650313674,"volume":"0.07400002","buyTxId":"87283f3971ebe191ce402947fb2031fc692077f4","sellTxId":"a9ae6c1f44f9c4b3c9f48ec1223b6819feb2c47d"}
{"index": {"_index":"lolz","_id":"3229841"}}
	{"id":3229841,"type":"buy","buyer":"holovision","seller":"forsakensushi","symbol":"LOLZ","quantity":"14.47895008","price":"0.04400000","timestamp":1650319557,"volume":"0.63707380","buyTxId":"e5f5aff74c5ed664babde6f5cdc03405926a978f","sellTxId":"ac782ad7be22a521d7a68db58eb59da731e39839"}
{"index": {"_index":"lolz","_id":"3229842"}}
	{"id":3229842,"type":"buy","buyer":"holovision","seller":"zottone444","symbol":"LOLZ","quantity":"34.98708112","price":"0.04500000","timestamp":1650319557,"volume":"1.57441865","buyTxId":"e5f5aff74c5ed664babde6f5cdc03405926a978f","sellTxId":"6e57a36d9168d6952265fb5dbdb75df381f88880"}
{"index": {"_index":"lolz","_id":"3229843"}}
	{"id":3229843,"type":"buy","buyer":"holovision","seller":"szmobacsi","symbol":"LOLZ","quantity":"10.00000000","price":"0.04899900","timestamp":1650319557,"volume":"0.48999000","buyTxId":"e5f5aff74c5ed664babde6f5cdc03405926a978f","sellTxId":"4ed38128267d0c69ea06508dc0e084396910f063"}
{"index": {"_index":"lolz","_id":"3229844"}}
	{"id":3229844,"type":"buy","buyer":"holovision","seller":"bokica80","symbol":"LOLZ","quantity":"1.00000000","price":"0.04899970","timestamp":1650319557,"volume":"0.04899970","buyTxId":"e5f5aff74c5ed664babde6f5cdc03405926a978f","sellTxId":"7642713cb1a968b38c8e47d518e44bce8a108868"}
{"index": {"_index":"lolz","_id":"3229845"}}
	{"id":3229845,"type":"buy","buyer":"holovision","seller":"arpuch","symbol":"LOLZ","quantity":"39.53396880","price":"0.04899980","timestamp":1650319557,"volume":"1.93715656","buyTxId":"e5f5aff74c5ed664babde6f5cdc03405926a978f","sellTxId":"1618e8f91a2e24bf10618154740af44b6d203657"}
{"index": {"_index":"lolz","_id":"3230001"}}
	{"id":3230001,"type":"sell","buyer":"magicbeans","seller":"simplegame","symbol":"LOLZ","quantity":"1.00000000","price":"0.03700001","timestamp":1650320982,"volume":"0.03700001","buyTxId":"87283f3971ebe191ce402947fb2031fc692077f4","sellTxId":"892d7988e2134ca87446e5bfff5ebf50a1877a02"}
{"index": {"_index":"lolz","_id":"3230269"}}
	{"id":3230269,"type":"sell","buyer":"magicbeans","seller":"alexandrzombi","symbol":"LOLZ","quantity":"0.00027947","price":"0.03700001","timestamp":1650324330,"volume":"0.00001034","buyTxId":"87283f3971ebe191ce402947fb2031fc692077f4","sellTxId":"0288555f67f9b626d87749f679a8f440b7a52f96"}
{"index": {"_index":"lolz","_id":"3230300"}}
	{"id":3230300,"type":"sell","buyer":"magicbeans","seller":"powerpaul","symbol":"LOLZ","quantity":"1.86443221","price":"0.03700001","timestamp":1650324606,"volume":"0.06898401","buyTxId":"87283f3971ebe191ce402947fb2031fc692077f4","sellTxId":"40189702b65cca462be8057d1aeed409c69837e0"}
{"index": {"_index":"lolz","_id":"3230577"}}
	{"id":3230577,"type":"buy","buyer":"edgerik","seller":"arpuch","symbol":"LOLZ","quantity":"0.46603120","price":"0.04899980","timestamp":1650327633,"volume":"0.02283544","buyTxId":"74f2b9f94cbdde12d680b9ff4da43b1fb2029af3","sellTxId":"1618e8f91a2e24bf10618154740af44b6d203657"}
{"index": {"_index":"lolz","_id":"3230578"}}
	{"id":3230578,"type":"buy","buyer":"edgerik","seller":"woodathegsd","symbol":"LOLZ","quantity":"1.00000428","price":"0.04900000","timestamp":1650327633,"volume":"0.04900021","buyTxId":"74f2b9f94cbdde12d680b9ff4da43b1fb2029af3","sellTxId":"808dc40024eb6c96778b66c2f7bbec18310ec723"}
{"index": {"_index":"lolz","_id":"3230579"}}
	{"id":3230579,"type":"buy","buyer":"edgerik","seller":"bokica80","symbol":"LOLZ","quantity":"0.53396452","price":"0.04970000","timestamp":1650327633,"volume":"0.02653804","buyTxId":"74f2b9f94cbdde12d680b9ff4da43b1fb2029af3","sellTxId":"ba430009a28c2b0ba0b201747502ed44d03f7421"}
{"index": {"_index":"lolz","_id":"3230680"}}
	{"id":3230680,"type":"sell","buyer":"magicbeans","seller":"laritheghost","symbol":"LOLZ","quantity":"0.69391919","price":"0.03700001","timestamp":1650328917,"volume":"0.02567502","buyTxId":"87283f3971ebe191ce402947fb2031fc692077f4","sellTxId":"f827ee8265d393b6e477bcde2e89c0ea37f62681"}
