{"index": {"_index":"lolz","_id":"3319952"}}
	{"id":3319952,"type":"sell","buyer":"magicbeans","seller":"dswap","symbol":"LOLZ","quantity":"5","price":"0.04242421","timestamp":1651375890,"volume":"0.21212105","buyTxId":"e452873d8314a95b14a02f73ec53a87a3e6f34e1","sellTxId":"d530b9a49551c6dee93630fc6a5302e7bf3c9133"}
{"index": {"_index":"lolz","_id":"3320232"}}
	{"id":3320232,"type":"sell","buyer":"magicbeans","seller":"steem82868","symbol":"LOLZ","quantity":"21.00000000","price":"0.04242421","timestamp":1651379361,"volume":"0.89090841","buyTxId":"e452873d8314a95b14a02f73ec53a87a3e6f34e1","sellTxId":"f74f48a8d04ebe6f7876a998963757e14b82a8dd"}
{"index": {"_index":"lolz","_id":"3320723"}}
	{"id":3320723,"type":"sell","buyer":"magicbeans","seller":"itharagaian","symbol":"LOLZ","quantity":"1.00000000","price":"0.04242421","timestamp":1651387545,"volume":"0.04242421","buyTxId":"e452873d8314a95b14a02f73ec53a87a3e6f34e1","sellTxId":"677577f81b71adb7ffde2b55df3119b0bdbab567"}
{"index": {"_index":"lolz","_id":"3320786"}}
	{"id":3320786,"type":"sell","buyer":"magicbeans","seller":"hive-143869","symbol":"LOLZ","quantity":"3.00000000","price":"0.04242421","timestamp":1651388796,"volume":"0.12727263","buyTxId":"e452873d8314a95b14a02f73ec53a87a3e6f34e1","sellTxId":"5e04df196f565c1604809d59d43814316c881b11"}
{"index": {"_index":"lolz","_id":"3320998"}}
	{"id":3320998,"type":"sell","buyer":"magicbeans","seller":"laritheghost","symbol":"LOLZ","quantity":"0.66923418","price":"0.04242421","timestamp":1651392060,"volume":"0.02839173","buyTxId":"e452873d8314a95b14a02f73ec53a87a3e6f34e1","sellTxId":"62cf51b6cd7aa4d4fbe961f551a51344e9b9d730"}
{"index": {"_index":"lolz","_id":"3321041"}}
	{"id":3321041,"type":"sell","buyer":"magicbeans","seller":"frawdielp2","symbol":"LOLZ","quantity":"0.00171587","price":"0.04242421","timestamp":1651392516,"volume":"0.00007279","buyTxId":"e452873d8314a95b14a02f73ec53a87a3e6f34e1","sellTxId":"a06d059b0f91df8b5898bea951f1cec83664d80d"}
{"index": {"_index":"lolz","_id":"3321431"}}
	{"id":3321431,"type":"sell","buyer":"magicbeans","seller":"xplosive","symbol":"LOLZ","quantity":"10.00000000","price":"0.04242421","timestamp":1651396116,"volume":"0.42424210","buyTxId":"e452873d8314a95b14a02f73ec53a87a3e6f34e1","sellTxId":"738fc439b29cfeb406edb1d062a9f896797f53c0"}
{"index": {"_index":"lolz","_id":"3321568"}}
	{"id":3321568,"type":"buy","buyer":"hoosie","seller":"alexandrzombi","symbol":"LOLZ","quantity":"0.00002400","price":"0.04250000","timestamp":1651397856,"volume":"0.00000102","buyTxId":"ff4c82bb8e9913fe1f5afb161bb3feae5b6666b7","sellTxId":"8fe22dec7f1ff088d3f56c9553196dea8a458c39"}
{"index": {"_index":"lolz","_id":"3321650"}}
	{"id":3321650,"type":"sell","buyer":"hoosie","seller":"cursephantom","symbol":"LOLZ","quantity":"1.00000000","price":"0.04300000","timestamp":1651398876,"volume":"0.04300000","buyTxId":"ff4c82bb8e9913fe1f5afb161bb3feae5b6666b7","sellTxId":"cbe1e453d10fd96a29c0a31bacbdf13e28809659"}
{"index": {"_index":"lolz","_id":"3321737"}}
	{"id":3321737,"type":"sell","buyer":"hoosie","seller":"funnyvideostv","symbol":"LOLZ","quantity":"2.00000000","price":"0.04300000","timestamp":1651399848,"volume":"0.08600000","buyTxId":"ff4c82bb8e9913fe1f5afb161bb3feae5b6666b7","sellTxId":"0cb081883478d2a4c2761f14a0f82a4c84079878"}
{"index": {"_index":"lolz","_id":"3321943"}}
	{"id":3321943,"type":"sell","buyer":"hoosie","seller":"frawdielp2","symbol":"LOLZ","quantity":"0.00460502","price":"0.04300000","timestamp":1651402149,"volume":"0.00019802","buyTxId":"ff4c82bb8e9913fe1f5afb161bb3feae5b6666b7","sellTxId":"2b9b3b3634e6437ac66851bcbc7e2de063c6e671"}
{"index": {"_index":"lolz","_id":"3322157"}}
	{"id":3322157,"type":"sell","buyer":"hoosie","seller":"marbrym","symbol":"LOLZ","quantity":"6.00000000","price":"0.04300000","timestamp":1651404495,"volume":"0.25800000","buyTxId":"ff4c82bb8e9913fe1f5afb161bb3feae5b6666b7","sellTxId":"091135849f5d8eef02a6217f7b9a9b0801fd7068"}
{"index": {"_index":"lolz","_id":"3323195"}}
	{"id":3323195,"type":"sell","buyer":"hoosie","seller":"groentje","symbol":"LOLZ","quantity":"5","price":"0.04300000","timestamp":1651416732,"volume":"0.21500000","buyTxId":"ff4c82bb8e9913fe1f5afb161bb3feae5b6666b7","sellTxId":"a2ea5b20c6349162068b66726e48c0e76ae08301"}
{"index": {"_index":"lolz","_id":"3323421"}}
	{"id":3323421,"type":"sell","buyer":"ana-maria","seller":"jurusakhir","symbol":"LOLZ","quantity":"1.00000000","price":"0.04300001","timestamp":1651418889,"volume":"0.04300001","buyTxId":"4ca1cdba04e9293495a80ad046f64dde0aee09b8","sellTxId":"80da2df9ea734407002e18647a6a0a737998d245"}
{"index": {"_index":"lolz","_id":"3324263"}}
	{"id":3324263,"type":"sell","buyer":"ana-maria","seller":"invest-time","symbol":"LOLZ","quantity":"1.96375822","price":"0.04300001","timestamp":1651427562,"volume":"0.08444162","buyTxId":"4ca1cdba04e9293495a80ad046f64dde0aee09b8","sellTxId":"5310e9a170eae6b399910f4e19a392a5800f3740"}
{"index": {"_index":"lolz","_id":"3324389"}}
	{"id":3324389,"type":"sell","buyer":"ana-maria","seller":"simplegame","symbol":"LOLZ","quantity":"2.00000000","price":"0.04300001","timestamp":1651429128,"volume":"0.08600002","buyTxId":"4ca1cdba04e9293495a80ad046f64dde0aee09b8","sellTxId":"de2bfbe8f7b8f60bd4d685d213ad4e4763100d8c"}
{"index": {"_index":"lolz","_id":"3324472"}}
	{"id":3324472,"type":"sell","buyer":"ana-maria","seller":"valentin86","symbol":"LOLZ","quantity":"7.73995937","price":"0.04300001","timestamp":1651430289,"volume":"0.33281833","buyTxId":"4ca1cdba04e9293495a80ad046f64dde0aee09b8","sellTxId":"17e93c0a4fe194d9159aac20bcdfd73f50b393c5"}
{"index": {"_index":"lolz","_id":"3324473"}}
	{"id":3324473,"type":"sell","buyer":"hoosie","seller":"valentin86","symbol":"LOLZ","quantity":"5.99537098","price":"0.04300000","timestamp":1651430289,"volume":"0.25780095","buyTxId":"ff4c82bb8e9913fe1f5afb161bb3feae5b6666b7","sellTxId":"17e93c0a4fe194d9159aac20bcdfd73f50b393c5"}
{"index": {"_index":"lolz","_id":"3324474"}}
	{"id":3324474,"type":"sell","buyer":"brianhuang","seller":"valentin86","symbol":"LOLZ","quantity":"50.47696275","price":"0.04300000","timestamp":1651430289,"volume":"2.17050940","buyTxId":"c9412862cb1b8ccf37d469d2e7387f8379cb2899","sellTxId":"17e93c0a4fe194d9159aac20bcdfd73f50b393c5"}
{"index": {"_index":"lolz","_id":"3325561"}}
	{"id":3325561,"type":"buy","buyer":"quekery","seller":"mypathtofire","symbol":"LOLZ","quantity":"1.12835755","price":"0.06100000","timestamp":1651439097,"volume":"0.06882981","buyTxId":"18114779e5d937aae6a773eb660f7919be5b88e2","sellTxId":"3aede1a99c7f9103f6d85260df96c5135da5983a"}
{"index": {"_index":"lolz","_id":"3325562"}}
	{"id":3325562,"type":"buy","buyer":"quekery","seller":"onlydoge","symbol":"LOLZ","quantity":"13.90666282","price":"0.06199000","timestamp":1651439127,"volume":"0.86207403","buyTxId":"1e53f473b4dfbaf1856bdceb112e779c34a5f949","sellTxId":"de5b97a02f7277f3ae4f93152de23dfa456f5164"}
{"index": {"_index":"lolz","_id":"3326167"}}
	{"id":3326167,"type":"sell","buyer":"magicbeans","seller":"pjansen","symbol":"LOLZ","quantity":"1","price":"0.04300001","timestamp":1651444485,"volume":"0.04300001","buyTxId":"2e49cb141a6065e3a7125a89dec81b1f46da0821","sellTxId":"f39e54ee665f5a1ffc0315d13d1931ea20c4d660"}
{"index": {"_index":"lolz","_id":"3326268"}}
	{"id":3326268,"type":"sell","buyer":"magicbeans","seller":"awah","symbol":"LOLZ","quantity":"1.00000000","price":"0.04300001","timestamp":1651446048,"volume":"0.04300001","buyTxId":"2e49cb141a6065e3a7125a89dec81b1f46da0821","sellTxId":"096462375382a68784feef2efbf360898154ba92"}
{"index": {"_index":"lolz","_id":"3326382"}}
	{"id":3326382,"type":"buy","buyer":"brianhuang","seller":"alexandrzombi","symbol":"LOLZ","quantity":"0.00002413","price":"0.04309987","timestamp":1651447440,"volume":"0.00000104","buyTxId":"6660222d7c3862595a1b40456de7577de72c1d3d","sellTxId":"d284209c565142f9345c6134718712e523b86c60"}
{"index": {"_index":"lolz","_id":"3327130"}}
	{"id":3327130,"type":"buy","buyer":"samsmith1971","seller":"onlydoge","symbol":"LOLZ","quantity":"10.00000000","price":"0.06198000","timestamp":1651454973,"volume":"0.61980000","buyTxId":"f903b320e6b86ea43368ba46d1b66f035bb8a4c7","sellTxId":"21f9620482af5e64d22709e189e0c99639215255"}
{"index": {"_index":"lolz","_id":"3327139"}}
	{"id":3327139,"type":"buy","buyer":"samsmith1971","seller":"brianhuang","symbol":"LOLZ","quantity":"40.00000000","price":"0.06198999","timestamp":1651455015,"volume":"2.47959960","buyTxId":"c65950f9b8cab12ce696932cc9624a86e9e43f0d","sellTxId":"e4b385973de573f0923c06d33d187fba922cc46b"}
{"index": {"_index":"lolz","_id":"3327171"}}
	{"id":3327171,"type":"buy","buyer":"samsmith1971","seller":"brianhuang","symbol":"LOLZ","quantity":"44.51855752","price":"0.06200000","timestamp":1651455147,"volume":"2.76015057","buyTxId":"fc8a8cd8f8021bf19317f9864308fde9b375520d","sellTxId":"fadd91f1b9db91102d7d2655f5aa5c3f7c7d7abe"}
{"index": {"_index":"lolz","_id":"3327172"}}
	{"id":3327172,"type":"buy","buyer":"samsmith1971","seller":"steem82868","symbol":"LOLZ","quantity":"9.16227291","price":"0.06200000","timestamp":1651455147,"volume":"0.56806092","buyTxId":"fc8a8cd8f8021bf19317f9864308fde9b375520d","sellTxId":"f82221640e0c83afe418cff24ba27e2d3a6e82e9"}
{"index": {"_index":"lolz","_id":"3327407"}}
	{"id":3327407,"type":"sell","buyer":"magicbeans","seller":"theycallmemarky","symbol":"LOLZ","quantity":"1.00000000","price":"0.04324001","timestamp":1651456974,"volume":"0.04324001","buyTxId":"23004f5c7592e5ecb1495198c4dca9e4a1609075","sellTxId":"568d723743a3049ea57bff1a50728d36d990456e"}
{"index": {"_index":"lolz","_id":"3327566"}}
	{"id":3327566,"type":"sell","buyer":"magicbeans","seller":"atyh","symbol":"LOLZ","quantity":"4.00000000","price":"0.04324001","timestamp":1651458201,"volume":"0.17296004","buyTxId":"23004f5c7592e5ecb1495198c4dca9e4a1609075","sellTxId":"e60f5a7ac5c890cc771b1081dff8ad9f3fe2a68e"}
