{"index": {"_index":"lolz","_id":"3960759"}}
	{"id":3960759,"type":"sell","buyer":"onlydoge","seller":"nineclaws","symbol":"LOLZ","quantity":"13.00000000","price":"0.02403000","timestamp":1658458338,"volume":"0.31239000","buyTxId":"cc2ff79a88f4fb9f8fe7967aa139af9f804aff66","sellTxId":"673aadc6b20284f036de7ef969c5fff9943cfc43"}
{"index": {"_index":"lolz","_id":"3961139"}}
	{"id":3961139,"type":"sell","buyer":"onlydoge","seller":"osomar357","symbol":"LOLZ","quantity":"1.00000000","price":"0.02403000","timestamp":1658464359,"volume":"0.02403000","buyTxId":"cc2ff79a88f4fb9f8fe7967aa139af9f804aff66","sellTxId":"9c36d532af0b661b71f7466ac4ab6b558a8dad14"}
{"index": {"_index":"lolz","_id":"3961529"}}
	{"id":3961529,"type":"sell","buyer":"onlydoge","seller":"floki-skarsgaard","symbol":"LOLZ","quantity":"0.00557662","price":"0.02403000","timestamp":1658469567,"volume":"0.00013401","buyTxId":"cc2ff79a88f4fb9f8fe7967aa139af9f804aff66","sellTxId":"16981ca29b38641f79e97ea8a45aab972ac5e2d0"}
{"index": {"_index":"lolz","_id":"3961543"}}
	{"id":3961543,"type":"sell","buyer":"onlydoge","seller":"leveragetrading","symbol":"LOLZ","quantity":"1.00000000","price":"0.02403000","timestamp":1658469660,"volume":"0.02403000","buyTxId":"cc2ff79a88f4fb9f8fe7967aa139af9f804aff66","sellTxId":"929ab51cfe96589e907e5ca8249235259f5bd1d9"}
{"index": {"_index":"lolz","_id":"3962265"}}
	{"id":3962265,"type":"sell","buyer":"onlydoge","seller":"chekohler","symbol":"LOLZ","quantity":"1","price":"0.02403000","timestamp":1658477457,"volume":"0.02403000","buyTxId":"cc2ff79a88f4fb9f8fe7967aa139af9f804aff66","sellTxId":"9a48a717cd5f49839e13fbcd8b5bee15a000a51c"}
{"index": {"_index":"lolz","_id":"3962479"}}
	{"id":3962479,"type":"sell","buyer":"onlydoge","seller":"barski","symbol":"LOLZ","quantity":"0.00340177","price":"0.02403000","timestamp":1658478213,"volume":"0.00008174","buyTxId":"cc2ff79a88f4fb9f8fe7967aa139af9f804aff66","sellTxId":"c458c428648ece4c2a3962c44d21fce5c5486218"}
{"index": {"_index":"lolz","_id":"3963038"}}
	{"id":3963038,"type":"sell","buyer":"onlydoge","seller":"bpcvoter","symbol":"LOLZ","quantity":"4.00000000","price":"0.02403000","timestamp":1658484777,"volume":"0.09612000","buyTxId":"cc2ff79a88f4fb9f8fe7967aa139af9f804aff66","sellTxId":"4e2f6f7855f7217cfaaf1a5672b6951ef0a6b56b"}
{"index": {"_index":"lolz","_id":"3963042"}}
	{"id":3963042,"type":"sell","buyer":"onlydoge","seller":"pele23","symbol":"LOLZ","quantity":"0.00003067","price":"0.02403000","timestamp":1658484795,"volume":"0.00000074","buyTxId":"cc2ff79a88f4fb9f8fe7967aa139af9f804aff66","sellTxId":"96f768d24188108ce5b33fb6d816de9af93a4f44"}
{"index": {"_index":"lolz","_id":"3963363"}}
	{"id":3963363,"type":"sell","buyer":"brianhuang","seller":"gestion.alive","symbol":"LOLZ","quantity":"2.02276835","price":"0.02410000","timestamp":1658489175,"volume":"0.04874872","buyTxId":"7bfcb301355ea4187991254a70195bd2e9db901a","sellTxId":"baae5001cdf3c7357fab5dd34ad855806400ccbf"}
{"index": {"_index":"lolz","_id":"3964346"}}
	{"id":3964346,"type":"sell","buyer":"onlydoge","seller":"projectmama","symbol":"LOLZ","quantity":"3.00000000","price":"0.02412000","timestamp":1658499627,"volume":"0.07236000","buyTxId":"c819f012dd0734e16d68dee1f3ffb25655308c7e","sellTxId":"23789dc2f45510f0afede9993dd33cb489eafc35"}
{"index": {"_index":"lolz","_id":"3964387"}}
	{"id":3964387,"type":"sell","buyer":"onlydoge","seller":"mishoni","symbol":"LOLZ","quantity":"2.00000000","price":"0.02412000","timestamp":1658500077,"volume":"0.04824000","buyTxId":"c819f012dd0734e16d68dee1f3ffb25655308c7e","sellTxId":"65eee7f42fdbf2b4fb0d44c58b956fe9a0dd15be"}
{"index": {"_index":"lolz","_id":"3964402"}}
	{"id":3964402,"type":"sell","buyer":"onlydoge","seller":"projectmamabg","symbol":"LOLZ","quantity":"1.00146617","price":"0.02412000","timestamp":1658500155,"volume":"0.02415536","buyTxId":"c819f012dd0734e16d68dee1f3ffb25655308c7e","sellTxId":"fc5b6d4d607af3cce67194caa4f659ef4a09e103"}
{"index": {"_index":"lolz","_id":"3965086"}}
	{"id":3965086,"type":"sell","buyer":"onlydoge","seller":"phortun","symbol":"LOLZ","quantity":"1","price":"0.02412000","timestamp":1658506914,"volume":"0.02412000","buyTxId":"c819f012dd0734e16d68dee1f3ffb25655308c7e","sellTxId":"9ba6f9a0c3140774db52374e62da7509c32ee276"}
{"index": {"_index":"lolz","_id":"3966032"}}
	{"id":3966032,"type":"sell","buyer":"onlydoge","seller":"lisamgentile1961","symbol":"LOLZ","quantity":"1.14849288","price":"0.02412000","timestamp":1658517426,"volume":"0.02770165","buyTxId":"c819f012dd0734e16d68dee1f3ffb25655308c7e","sellTxId":"2fd4a87060984f6810956aa8e28028325994d7a0"}
{"index": {"_index":"lolz","_id":"3966599"}}
	{"id":3966599,"type":"sell","buyer":"onlydoge","seller":"floki-skarsgaard","symbol":"LOLZ","quantity":"0.00555819","price":"0.02412000","timestamp":1658523477,"volume":"0.00013406","buyTxId":"c819f012dd0734e16d68dee1f3ffb25655308c7e","sellTxId":"b27a9b63740e22bf9c967f43bcec71b5894d1a4e"}
{"index": {"_index":"lolz","_id":"3966957"}}
	{"id":3966957,"type":"sell","buyer":"onlydoge","seller":"dswap","symbol":"LOLZ","quantity":"2.55072929","price":"0.02412000","timestamp":1658528046,"volume":"0.06152359","buyTxId":"c819f012dd0734e16d68dee1f3ffb25655308c7e","sellTxId":"08ca043c551d3d399783ff62c47bd3dba46154d2"}
{"index": {"_index":"lolz","_id":"3967060"}}
	{"id":3967060,"type":"sell","buyer":"onlydoge","seller":"gestion.alive","symbol":"LOLZ","quantity":"2.05827223","price":"0.02412000","timestamp":1658529555,"volume":"0.04964553","buyTxId":"c819f012dd0734e16d68dee1f3ffb25655308c7e","sellTxId":"235fe1bfdb40e44572fe14f117cd78c7f67a41c8"}
{"index": {"_index":"lolz","_id":"3967155"}}
	{"id":3967155,"type":"sell","buyer":"onlydoge","seller":"funnylol","symbol":"LOLZ","quantity":"4.00000000","price":"0.02412000","timestamp":1658531559,"volume":"0.09648000","buyTxId":"c819f012dd0734e16d68dee1f3ffb25655308c7e","sellTxId":"9d6d074b29c50756c61c60ef2a282efd703fe729"}
