{"index": {"_index":"lolz","_id":"3945184"}}
	{"id":3945184,"type":"sell","buyer":"achimmertens","seller":"dragonslayer3263","symbol":"LOLZ","quantity":"10.15385103","price":"0.04300000","timestamp":1658269392,"volume":"0.43661559","buyTxId":"de6fd0a20ae0a34c1c0e3b634e52513766f9e7bb","sellTxId":"b7b059d65f0f8f7a7f0b28aa7a451fac81ed9b6f"}
{"index": {"_index":"lolz","_id":"3945296"}}
	{"id":3945296,"type":"sell","buyer":"achimmertens","seller":"teenagecrypto","symbol":"LOLZ","quantity":"1.00000000","price":"0.04300000","timestamp":1658270949,"volume":"0.04300000","buyTxId":"de6fd0a20ae0a34c1c0e3b634e52513766f9e7bb","sellTxId":"6d0c36804d88fdf66c3178c568ed8fac0d728553"}
{"index": {"_index":"lolz","_id":"3945755"}}
	{"id":3945755,"type":"sell","buyer":"achimmertens","seller":"dswap","symbol":"LOLZ","quantity":"1","price":"0.04300000","timestamp":1658278722,"volume":"0.04300000","buyTxId":"de6fd0a20ae0a34c1c0e3b634e52513766f9e7bb","sellTxId":"1f44a56d8a6f99160203a356ad474e702d34cc98"}
{"index": {"_index":"lolz","_id":"3945833"}}
	{"id":3945833,"type":"sell","buyer":"achimmertens","seller":"todopoderoso","symbol":"LOLZ","quantity":"3.63546360","price":"0.04300000","timestamp":1658280702,"volume":"0.15632493","buyTxId":"de6fd0a20ae0a34c1c0e3b634e52513766f9e7bb","sellTxId":"65973532245b2753d14542e5804fffc0011eac19"}
{"index": {"_index":"lolz","_id":"3945862"}}
	{"id":3945862,"type":"sell","buyer":"achimmertens","seller":"steem82868","symbol":"LOLZ","quantity":"0.00054898","price":"0.04300000","timestamp":1658281224,"volume":"0.00002361","buyTxId":"de6fd0a20ae0a34c1c0e3b634e52513766f9e7bb","sellTxId":"ddc2795c16fb15a4f546f7177aeb6177a403053f"}
{"index": {"_index":"lolz","_id":"3946229"}}
	{"id":3946229,"type":"sell","buyer":"achimmertens","seller":"princekham","symbol":"LOLZ","quantity":"50.00000000","price":"0.04300000","timestamp":1658286546,"volume":"2.15000000","buyTxId":"de6fd0a20ae0a34c1c0e3b634e52513766f9e7bb","sellTxId":"b623da11853152a940ce49087d08d73a8b305be9"}
{"index": {"_index":"lolz","_id":"3946237"}}
	{"id":3946237,"type":"sell","buyer":"achimmertens","seller":"princekham","symbol":"LOLZ","quantity":"25.00000000","price":"0.04300000","timestamp":1658286615,"volume":"1.07500000","buyTxId":"de6fd0a20ae0a34c1c0e3b634e52513766f9e7bb","sellTxId":"5709f7a135b211ae29b77341db4b58a025dca73e"}
{"index": {"_index":"lolz","_id":"3946635"}}
	{"id":3946635,"type":"sell","buyer":"achimmertens","seller":"chinito","symbol":"LOLZ","quantity":"14.00000000","price":"0.04300000","timestamp":1658292804,"volume":"0.60200000","buyTxId":"de6fd0a20ae0a34c1c0e3b634e52513766f9e7bb","sellTxId":"956f34f8de2a7fd5a8413a6b8385a1e055438773"}
{"index": {"_index":"lolz","_id":"3946722"}}
	{"id":3946722,"type":"sell","buyer":"achimmertens","seller":"hive-103505","symbol":"LOLZ","quantity":"1.00424822","price":"0.04300000","timestamp":1658293632,"volume":"0.04318267","buyTxId":"de6fd0a20ae0a34c1c0e3b634e52513766f9e7bb","sellTxId":"3cd9487e1d068a7619b195716d2367f96c07ed7b"}
{"index": {"_index":"lolz","_id":"3946927"}}
	{"id":3946927,"type":"sell","buyer":"achimmertens","seller":"itharagaian","symbol":"LOLZ","quantity":"0.00044467","price":"0.04300000","timestamp":1658295903,"volume":"0.00001912","buyTxId":"de6fd0a20ae0a34c1c0e3b634e52513766f9e7bb","sellTxId":"feee925c803e82e2e217f912a90ed0021ea57bf5"}
{"index": {"_index":"lolz","_id":"3946951"}}
	{"id":3946951,"type":"sell","buyer":"achimmertens","seller":"hive-143869","symbol":"LOLZ","quantity":"1.00001472","price":"0.04300000","timestamp":1658296473,"volume":"0.04300063","buyTxId":"de6fd0a20ae0a34c1c0e3b634e52513766f9e7bb","sellTxId":"8c64c57a54131a4f99a65b9c71baa5971f343163"}
{"index": {"_index":"lolz","_id":"3947081"}}
	{"id":3947081,"type":"sell","buyer":"achimmertens","seller":"synergie","symbol":"LOLZ","quantity":"0.00001409","price":"0.04300000","timestamp":1658298711,"volume":"0.00000061","buyTxId":"de6fd0a20ae0a34c1c0e3b634e52513766f9e7bb","sellTxId":"4254cb234f29fd9069ab021f4864678f2a343c7a"}
{"index": {"_index":"lolz","_id":"3947558"}}
	{"id":3947558,"type":"sell","buyer":"achimmertens","seller":"jim-crypto","symbol":"LOLZ","quantity":"50.00000000","price":"0.04300000","timestamp":1658302683,"volume":"2.15000000","buyTxId":"de6fd0a20ae0a34c1c0e3b634e52513766f9e7bb","sellTxId":"e7c6ca9e3d44bba96c439a314377c17f70871c0d"}
{"index": {"_index":"lolz","_id":"3948235"}}
	{"id":3948235,"type":"buy","buyer":"dswap","seller":"szmobacsi","symbol":"LOLZ","quantity":"0.23618317","price":"0.04433000","timestamp":1658310915,"volume":"0.01047000","buyTxId":"2be8f91a5aa5038ec99e97182d20bc2231dd3d9c","sellTxId":"9ba7178a9c388af389befc4c5b6bf2a239d28ab6"}
{"index": {"_index":"lolz","_id":"3948304"}}
	{"id":3948304,"type":"buy","buyer":"dadspardan","seller":"szmobacsi","symbol":"LOLZ","quantity":"24.76381683","price":"0.04433000","timestamp":1658311656,"volume":"1.09778000","buyTxId":"734e669ab486f4d2455f2fefd471906915ba92de","sellTxId":"9ba7178a9c388af389befc4c5b6bf2a239d28ab6"}
{"index": {"_index":"lolz","_id":"3948373"}}
	{"id":3948373,"type":"buy","buyer":"dechuck","seller":"vagabondspirit","symbol":"LOLZ","quantity":"1.00000000","price":"0.04440000","timestamp":1658312649,"volume":"0.04440000","buyTxId":"e65a9844233940dd577ec819fc8b1a7287b7aef0","sellTxId":"1bb3e6d204ec1f82b9347d111788e06069874b27"}
{"index": {"_index":"lolz","_id":"3948374"}}
	{"id":3948374,"type":"buy","buyer":"dechuck","seller":"swearingradio","symbol":"LOLZ","quantity":"4.00000000","price":"0.04440000","timestamp":1658312649,"volume":"0.17760000","buyTxId":"e65a9844233940dd577ec819fc8b1a7287b7aef0","sellTxId":"e29c8ffc9b134d17aaabbd62035d0476039173ee"}
{"index": {"_index":"lolz","_id":"3948622"}}
	{"id":3948622,"type":"sell","buyer":"achimmertens","seller":"ydaiznfts","symbol":"LOLZ","quantity":"3.03188814","price":"0.04300000","timestamp":1658316000,"volume":"0.13037119","buyTxId":"de6fd0a20ae0a34c1c0e3b634e52513766f9e7bb","sellTxId":"ff41ddf00f33ef2bde4f78aebedac6fd39ddf144"}
{"index": {"_index":"lolz","_id":"3948754"}}
	{"id":3948754,"type":"sell","buyer":"achimmertens","seller":"tyshiea","symbol":"LOLZ","quantity":"1.00000000","price":"0.04300000","timestamp":1658317866,"volume":"0.04300000","buyTxId":"de6fd0a20ae0a34c1c0e3b634e52513766f9e7bb","sellTxId":"58e958b2da8a078046c6f4d8fdbb4e67ad010e5c"}
{"index": {"_index":"lolz","_id":"3948834"}}
	{"id":3948834,"type":"sell","buyer":"achimmertens","seller":"ravenmus1c","symbol":"LOLZ","quantity":"30.62701860","price":"0.04300000","timestamp":1658319240,"volume":"1.31696180","buyTxId":"de6fd0a20ae0a34c1c0e3b634e52513766f9e7bb","sellTxId":"4dc2e0a1b47e46cbd54e86c4bda121be8f235754"}
{"index": {"_index":"lolz","_id":"3948988"}}
	{"id":3948988,"type":"sell","buyer":"achimmertens","seller":"arthursiq5","symbol":"LOLZ","quantity":"0.05791725","price":"0.04300000","timestamp":1658321622,"volume":"0.00249044","buyTxId":"de6fd0a20ae0a34c1c0e3b634e52513766f9e7bb","sellTxId":"17cfa63ae6aa546672c9ce06f4f114fad508ea7e"}
{"index": {"_index":"lolz","_id":"3949049"}}
	{"id":3949049,"type":"sell","buyer":"achimmertens","seller":"isiksenpalvoja","symbol":"LOLZ","quantity":"0.00022942","price":"0.04300000","timestamp":1658322660,"volume":"0.00000987","buyTxId":"de6fd0a20ae0a34c1c0e3b634e52513766f9e7bb","sellTxId":"6ff50a0b387592149e56f170776e11a2509e836c"}
{"index": {"_index":"lolz","_id":"3949100"}}
	{"id":3949100,"type":"sell","buyer":"achimmertens","seller":"weldmaster","symbol":"LOLZ","quantity":"10.93888422","price":"0.04300000","timestamp":1658323440,"volume":"0.47037202","buyTxId":"de6fd0a20ae0a34c1c0e3b634e52513766f9e7bb","sellTxId":"fe087aec1f37752ca33d421d15e3130b5ee9bfdc"}
{"index": {"_index":"lolz","_id":"3949191"}}
	{"id":3949191,"type":"sell","buyer":"achimmertens","seller":"cliffagreen","symbol":"LOLZ","quantity":"0.82800000","price":"0.04300000","timestamp":1658325534,"volume":"0.03560400","buyTxId":"de6fd0a20ae0a34c1c0e3b634e52513766f9e7bb","sellTxId":"8b166e70ce523f7fc550e37ff3751a5aa56286b2"}
{"index": {"_index":"lolz","_id":"3951336"}}
	{"id":3951336,"type":"sell","buyer":"achimmertens","seller":"ben.haase","symbol":"LOLZ","quantity":"0.05748519","price":"0.04300000","timestamp":1658346585,"volume":"0.00247186","buyTxId":"de6fd0a20ae0a34c1c0e3b634e52513766f9e7bb","sellTxId":"5a77ed1c62765e06afdc9cfdb2ae82729dde6e57"}
{"index": {"_index":"lolz","_id":"3951676"}}
	{"id":3951676,"type":"sell","buyer":"achimmertens","seller":"floki-skarsgaard","symbol":"LOLZ","quantity":"0.00559283","price":"0.04300000","timestamp":1658349963,"volume":"0.00024049","buyTxId":"de6fd0a20ae0a34c1c0e3b634e52513766f9e7bb","sellTxId":"595d368751fc2cf85d2db1fae4f1c2924756eea0"}
{"index": {"_index":"lolz","_id":"3951888"}}
	{"id":3951888,"type":"sell","buyer":"achimmertens","seller":"pablodare","symbol":"LOLZ","quantity":"51.64202910","price":"0.04300000","timestamp":1658352750,"volume":"2.22060725","buyTxId":"de6fd0a20ae0a34c1c0e3b634e52513766f9e7bb","sellTxId":"64f98b3cb1ff85d70d57c84d77175413acb0e673"}
