{"index": {"_index":"luv","_id":"4096446"}}
	{"id":4096446,"type":"sell","buyer":"imagenius.dac","seller":"bitcoinflood","symbol":"LUV","quantity":"1.00028036","price":"0.00555000","timestamp":1660012710,"volume":"0.00555156","buyTxId":"c22f01facabffb887f8c220eac44941b5b90ca08","sellTxId":"d92b712b6ab949916bb11d2453636ac28634661a"}
{"index": {"_index":"luv","_id":"4096628"}}
	{"id":4096628,"type":"sell","buyer":"imagenius.dac","seller":"ydaiznfts","symbol":"LUV","quantity":"13.00000000","price":"0.00555000","timestamp":1660015386,"volume":"0.07215000","buyTxId":"c22f01facabffb887f8c220eac44941b5b90ca08","sellTxId":"4dd4a568bc1642ec2d355fc20b175df3d8b89ee4"}
{"index": {"_index":"luv","_id":"4097442"}}
	{"id":4097442,"type":"sell","buyer":"imagenius.dac","seller":"hive-143869","symbol":"LUV","quantity":"1.00000000","price":"0.00555000","timestamp":1660028679,"volume":"0.00555000","buyTxId":"c22f01facabffb887f8c220eac44941b5b90ca08","sellTxId":"a7343b8308b696fcd485fc481fdd21a238cbc41e"}
{"index": {"_index":"luv","_id":"4097504"}}
	{"id":4097504,"type":"sell","buyer":"imagenius.dac","seller":"siberian12","symbol":"LUV","quantity":"28.00000000","price":"0.00555000","timestamp":1660029672,"volume":"0.15540000","buyTxId":"c22f01facabffb887f8c220eac44941b5b90ca08","sellTxId":"79b6d7f73d9908ac2b68d9f0815347a22463ae5a"}
{"index": {"_index":"luv","_id":"4097826"}}
	{"id":4097826,"type":"sell","buyer":"imagenius.dac","seller":"quotidien","symbol":"LUV","quantity":"5.00000000","price":"0.00555000","timestamp":1660034721,"volume":"0.02775000","buyTxId":"c22f01facabffb887f8c220eac44941b5b90ca08","sellTxId":"2309babc8869c17fd955d0311908794dd1608475"}
{"index": {"_index":"luv","_id":"4098118"}}
	{"id":4098118,"type":"sell","buyer":"imagenius.dac","seller":"dotwin1981","symbol":"LUV","quantity":"1","price":"0.00555000","timestamp":1660040295,"volume":"0.00555000","buyTxId":"c22f01facabffb887f8c220eac44941b5b90ca08","sellTxId":"ebafe20d68dd453c5000e7b32b756d86d1069d85"}
{"index": {"_index":"luv","_id":"4098762"}}
	{"id":4098762,"type":"buy","buyer":"dswap","seller":"steem82868","symbol":"LUV","quantity":"0.02344390","price":"0.00820000","timestamp":1660050927,"volume":"0.00019224","buyTxId":"cf72d6b7c8497275f3fecefc0a10afb039c42d1b","sellTxId":"652cb62569770d01577db26adeaf2c38d20060e2"}
{"index": {"_index":"luv","_id":"4098767"}}
	{"id":4098767,"type":"buy","buyer":"dswap","seller":"steem82868","symbol":"LUV","quantity":"6.97655610","price":"0.00820000","timestamp":1660051062,"volume":"0.05720776","buyTxId":"9ac94e671e0844bbfbd2017d56357c198916dc31","sellTxId":"652cb62569770d01577db26adeaf2c38d20060e2"}
{"index": {"_index":"luv","_id":"4098768"}}
	{"id":4098768,"type":"buy","buyer":"dswap","seller":"ruralio","symbol":"LUV","quantity":"3.34454878","price":"0.00820000","timestamp":1660051062,"volume":"0.02742530","buyTxId":"9ac94e671e0844bbfbd2017d56357c198916dc31","sellTxId":"590d8c0ff4813f6811381e4ec219ab1d0ebbfd7d"}
{"index": {"_index":"luv","_id":"4099040"}}
	{"id":4099040,"type":"buy","buyer":"dswap","seller":"ruralio","symbol":"LUV","quantity":"8.65545122","price":"0.00820000","timestamp":1660055166,"volume":"0.07097470","buyTxId":"607c6afec299910c94ba2b189c4ab246b6fd4968","sellTxId":"590d8c0ff4813f6811381e4ec219ab1d0ebbfd7d"}
{"index": {"_index":"luv","_id":"4099041"}}
	{"id":4099041,"type":"buy","buyer":"dswap","seller":"pablodare","symbol":"LUV","quantity":"1.53738624","price":"0.00945000","timestamp":1660055166,"volume":"0.01452830","buyTxId":"607c6afec299910c94ba2b189c4ab246b6fd4968","sellTxId":"87c55cc60d9df7e1231f5aa0c125748efc42d993"}
{"index": {"_index":"luv","_id":"4099236"}}
	{"id":4099236,"type":"sell","buyer":"imagenius.dac","seller":"eforucom","symbol":"LUV","quantity":"0.00000290","price":"0.00555000","timestamp":1660057629,"volume":"0.00000002","buyTxId":"c22f01facabffb887f8c220eac44941b5b90ca08","sellTxId":"d973b5f8f82b12f3245e2ef5f3b64c5cfdf469f2"}
{"index": {"_index":"luv","_id":"4101199"}}
	{"id":4101199,"type":"buy","buyer":"thatcryptodave","seller":"pablodare","symbol":"LUV","quantity":"3.96938396","price":"0.00945000","timestamp":1660082625,"volume":"0.03751068","buyTxId":"aa4697a9f0eaaabec47044664b07362b2db9ea65","sellTxId":"87c55cc60d9df7e1231f5aa0c125748efc42d993"}
{"index": {"_index":"luv","_id":"4101342"}}
	{"id":4101342,"type":"sell","buyer":"imagenius.dac","seller":"hirohurl","symbol":"LUV","quantity":"2.01500000","price":"0.00555000","timestamp":1660084776,"volume":"0.01118325","buyTxId":"c22f01facabffb887f8c220eac44941b5b90ca08","sellTxId":"444d5a4ebcf2dc362142a0d678f713487b2f0499"}
{"index": {"_index":"luv","_id":"4102054"}}
	{"id":4102054,"type":"buy","buyer":"samsmith1971","seller":"pablodare","symbol":"LUV","quantity":"94.49322980","price":"0.00945000","timestamp":1660094727,"volume":"0.89296102","buyTxId":"14c2e6129a6ce6b602ad305feda79ad318fefdee","sellTxId":"87c55cc60d9df7e1231f5aa0c125748efc42d993"}
{"index": {"_index":"luv","_id":"4102056"}}
	{"id":4102056,"type":"buy","buyer":"samsmith1971","seller":"onlydoge","symbol":"LUV","quantity":"486.67478871","price":"0.00950000","timestamp":1660094763,"volume":"4.62341049","buyTxId":"20c88b7976496786994affeb9897e1d0eecd9c72","sellTxId":"64d4c018575b9882020c4f6544814bd83e7ad920"}
{"index": {"_index":"luv","_id":"4102061"}}
	{"id":4102061,"type":"buy","buyer":"samsmith1971","seller":"brianhuang","symbol":"LUV","quantity":"70.00000000","price":"0.00957680","timestamp":1660094835,"volume":"0.67037600","buyTxId":"06a95046cff620b44247c96a2374c8d944a35e44","sellTxId":"9ba268a433f8e784a17c985dbeff5069385173d5"}
