{"index": {"_index":"luv","_id":"3457869"}}
	{"id":3457869,"type":"sell","buyer":"steem82868","seller":"sayago","symbol":"LUV","quantity":"2.00000000","price":"0.01620000","timestamp":1652840001,"volume":"0.03240000","buyTxId":"be133dca069f39ef39ce6d997fac8cd873a5415e","sellTxId":"66610943f713b5bbac567f354821d1d05e04e867"}
{"index": {"_index":"luv","_id":"3459397"}}
	{"id":3459397,"type":"sell","buyer":"gaboamc2393","seller":"itharagaian","symbol":"LUV","quantity":"1.00000000","price":"0.01770000","timestamp":1652857908,"volume":"0.01770000","buyTxId":"b4ac4eff9f2f486f85b49f71c0e8f993bf233eb2","sellTxId":"bfdaf1ca934c81ba5e4f444b6ac5fe78cb504401"}
{"index": {"_index":"luv","_id":"3459460"}}
	{"id":3459460,"type":"sell","buyer":"gaboamc2393","seller":"hive-143869","symbol":"LUV","quantity":"1.00000000","price":"0.01770000","timestamp":1652858583,"volume":"0.01770000","buyTxId":"b4ac4eff9f2f486f85b49f71c0e8f993bf233eb2","sellTxId":"ee59a570d522ac50f9bfd48b89037bf126a4e703"}
{"index": {"_index":"luv","_id":"3459560"}}
	{"id":3459560,"type":"sell","buyer":"steem82868","seller":"bastionpm","symbol":"LUV","quantity":"1.00000000","price":"0.02000000","timestamp":1652860122,"volume":"0.02000000","buyTxId":"f1e09e5b38fde831de53ec28f89af441da9e8d27","sellTxId":"a1268eaa2f6e2e49f1eca14db055b65cf203ff53"}
{"index": {"_index":"luv","_id":"3460313"}}
	{"id":3460313,"type":"sell","buyer":"steem82868","seller":"criptosectadepit","symbol":"LUV","quantity":"3.00000000","price":"0.02000000","timestamp":1652867214,"volume":"0.06000000","buyTxId":"f1e09e5b38fde831de53ec28f89af441da9e8d27","sellTxId":"174941183b2ed499ad41eec78676663386b270d0"}
{"index": {"_index":"luv","_id":"3460327"}}
	{"id":3460327,"type":"sell","buyer":"steem82868","seller":"cursephantom","symbol":"LUV","quantity":"1.00000000","price":"0.02000000","timestamp":1652867322,"volume":"0.02000000","buyTxId":"f1e09e5b38fde831de53ec28f89af441da9e8d27","sellTxId":"7c6fddc2ae47919565c1dd360095e66179b1835d"}
{"index": {"_index":"luv","_id":"3460480"}}
	{"id":3460480,"type":"buy","buyer":"assassyn","seller":"bokica80","symbol":"LUV","quantity":"1.00000000","price":"0.04490000","timestamp":1652869650,"volume":"0.04490000","buyTxId":"d2915429482e2e0afd26586662f05d9899bbf729","sellTxId":"2d96dfde4c444a857ede35d268930df8cb43fc12"}
{"index": {"_index":"luv","_id":"3460558"}}
	{"id":3460558,"type":"sell","buyer":"steem82868","seller":"chekohler","symbol":"LUV","quantity":"0.00007214","price":"0.02000000","timestamp":1652870502,"volume":"0.00000144","buyTxId":"f1e09e5b38fde831de53ec28f89af441da9e8d27","sellTxId":"45ae7bb5af3206d827afdf6250fa690aca5a4772"}
{"index": {"_index":"luv","_id":"3460625"}}
	{"id":3460625,"type":"buy","buyer":"assassyn","seller":"metronet","symbol":"LUV","quantity":"1.00000000","price":"0.04498000","timestamp":1652871246,"volume":"0.04498000","buyTxId":"2e1d8e005100639faaeb12bfe42291ff6b363d5b","sellTxId":"1f1e7059181e3dc56ad10d8f4150ae5efe5c07e6"}
{"index": {"_index":"luv","_id":"3460781"}}
	{"id":3460781,"type":"sell","buyer":"steem82868","seller":"javivisan","symbol":"LUV","quantity":"5.00000000","price":"0.02000000","timestamp":1652872761,"volume":"0.10000000","buyTxId":"f1e09e5b38fde831de53ec28f89af441da9e8d27","sellTxId":"43061ee86fb8cde3f829ebf6e17926895c63ded5"}
{"index": {"_index":"luv","_id":"3461158"}}
	{"id":3461158,"type":"sell","buyer":"steem82868","seller":"phortun","symbol":"LUV","quantity":"2","price":"0.02000000","timestamp":1652876850,"volume":"0.04000000","buyTxId":"f1e09e5b38fde831de53ec28f89af441da9e8d27","sellTxId":"a9478e40cd2c7ef56e90afa749d4918c3f85aebe"}
{"index": {"_index":"luv","_id":"3461903"}}
	{"id":3461903,"type":"buy","buyer":"steem82868","seller":"stayoutoftherz","symbol":"LUV","quantity":"6.00000000","price":"0.04000000","timestamp":1652883531,"volume":"0.24000000","buyTxId":"14d4ad016669feeb98b28c822bf53c932635a360","sellTxId":"146a20382af286620701b918591fa6980de86605"}
{"index": {"_index":"luv","_id":"3461906"}}
	{"id":3461906,"type":"buy","buyer":"steem82868","seller":"tokutaro22","symbol":"LUV","quantity":"3.00000000","price":"0.04000000","timestamp":1652883612,"volume":"0.12000000","buyTxId":"8e6d1cb42c0805fcafaaaddec0a690bf509b5771","sellTxId":"17bf1f84f3e88e99ad3bb9c54c576639182065fc"}
{"index": {"_index":"luv","_id":"3461912"}}
	{"id":3461912,"type":"buy","buyer":"steem82868","seller":"onlydoge","symbol":"LUV","quantity":"0.69083133","price":"0.04499000","timestamp":1652883660,"volume":"0.03108050","buyTxId":"34512f11e2f3a0b33d3e5996352d45629fbae064","sellTxId":"ba313904d8dbeac2e6d79afd30e383669527ff76"}
{"index": {"_index":"luv","_id":"3462035"}}
	{"id":3462035,"type":"sell","buyer":"steem82868","seller":"lotto-de","symbol":"LUV","quantity":"14.19356057","price":"0.03000000","timestamp":1652884521,"volume":"0.42580682","buyTxId":"14e48cdc8adac60221694d9396179291b23d392d","sellTxId":"2b96d0f4d0c8e8d0575d396c6529b2572f3cdb60"}
{"index": {"_index":"luv","_id":"3462201"}}
	{"id":3462201,"type":"sell","buyer":"brianhuang","seller":"kevmcc","symbol":"LUV","quantity":"6.00000000","price":"0.01771000","timestamp":1652885574,"volume":"0.10626000","buyTxId":"74dbccde2e1c79b20d43a601727e5b1438797156","sellTxId":"a9b37adce2f6afac8a77e5febf80a65e3d9ff2cd"}
{"index": {"_index":"luv","_id":"3462252"}}
	{"id":3462252,"type":"buy","buyer":"steem82868","seller":"bokica80","symbol":"LUV","quantity":"0.80643943","price":"0.04498000","timestamp":1652885859,"volume":"0.03627365","buyTxId":"9f3fb899bd7c16289b723f51d8b8e287704eb52e","sellTxId":"dc6420025e7790e0d6fc645d07503acd81441d5e"}
{"index": {"_index":"luv","_id":"3462509"}}
	{"id":3462509,"type":"sell","buyer":"brianhuang","seller":"deepsafe","symbol":"LUV","quantity":"4.00000000","price":"0.01771000","timestamp":1652888004,"volume":"0.07084000","buyTxId":"74dbccde2e1c79b20d43a601727e5b1438797156","sellTxId":"3e11f6be5fb23431a3fd6a2f416c45e0cb0e615e"}
{"index": {"_index":"luv","_id":"3463040"}}
	{"id":3463040,"type":"sell","buyer":"brianhuang","seller":"madmanmusic","symbol":"LUV","quantity":"3","price":"0.01771000","timestamp":1652892381,"volume":"0.05313000","buyTxId":"74dbccde2e1c79b20d43a601727e5b1438797156","sellTxId":"5f35b72c6d8447ad973967bad307b97be5e49175"}
{"index": {"_index":"luv","_id":"3463487"}}
	{"id":3463487,"type":"sell","buyer":"brianhuang","seller":"fighter58","symbol":"LUV","quantity":"1","price":"0.01771000","timestamp":1652895711,"volume":"0.01771000","buyTxId":"74dbccde2e1c79b20d43a601727e5b1438797156","sellTxId":"01e442d792427faf940b660d10ab26d107744427"}
{"index": {"_index":"luv","_id":"3465656"}}
	{"id":3465656,"type":"buy","buyer":"ydaiznfts","seller":"yeckingo1","symbol":"LUV","quantity":"3.00000000","price":"0.04400000","timestamp":1652920707,"volume":"0.13200000","buyTxId":"23bea95be862d8374818c9a01d3fea0dc31c631d","sellTxId":"3303ccf3fe883655dad1a76b27f563e16d4259ac"}
{"index": {"_index":"luv","_id":"3465750"}}
	{"id":3465750,"type":"sell","buyer":"noblebright","seller":"sidekickmatt","symbol":"LUV","quantity":"15.00000000","price":"0.01771002","timestamp":1652921607,"volume":"0.26565030","buyTxId":"1914af238bfd5e5bd4225588488887eb50df8fce","sellTxId":"f160f8f90777bff45974fa279eeb20fa21d680f2"}
{"index": {"_index":"luv","_id":"3466096"}}
	{"id":3466096,"type":"sell","buyer":"brianhuang","seller":"rzc24-nftbbg","symbol":"LUV","quantity":"9.00000000","price":"0.01771000","timestamp":1652926248,"volume":"0.15939000","buyTxId":"74dbccde2e1c79b20d43a601727e5b1438797156","sellTxId":"260e8b0addb21dd93bc2044b88e9a45fe65a6f08"}
