{"index": {"_index":"luv","_id":"3674616"}}
	{"id":3674616,"type":"sell","buyer":"droida","seller":"itharagaian","symbol":"LUV","quantity":"1.00000000","price":"0.01526811","timestamp":1655096322,"volume":"0.01526811","buyTxId":"0ad0dd311666be22ff016f0dd8568ab5b2b2c5c7","sellTxId":"57ec84324d184d23c37d12bb665a22b1c00b72a9"}
{"index": {"_index":"luv","_id":"3674783"}}
	{"id":3674783,"type":"sell","buyer":"droida","seller":"lipe100dedos","symbol":"LUV","quantity":"2.00000108","price":"0.01526811","timestamp":1655098125,"volume":"0.03053624","buyTxId":"0ad0dd311666be22ff016f0dd8568ab5b2b2c5c7","sellTxId":"2f641050f2ade808caf64e113d677d0ab7bcc383"}
{"index": {"_index":"luv","_id":"3674800"}}
	{"id":3674800,"type":"sell","buyer":"droida","seller":"suhlaing","symbol":"LUV","quantity":"34.00000000","price":"0.01526811","timestamp":1655098191,"volume":"0.51911574","buyTxId":"0ad0dd311666be22ff016f0dd8568ab5b2b2c5c7","sellTxId":"a4c7b1663074e0e9dfeab07f9e91aa4175e26130"}
{"index": {"_index":"luv","_id":"3675670"}}
	{"id":3675670,"type":"sell","buyer":"droida","seller":"cursephantom","symbol":"LUV","quantity":"2.00000000","price":"0.01526811","timestamp":1655106816,"volume":"0.03053622","buyTxId":"0ad0dd311666be22ff016f0dd8568ab5b2b2c5c7","sellTxId":"2bf87a6cd699b50422e49c7bbf2906f87d33878d"}
{"index": {"_index":"luv","_id":"3675831"}}
	{"id":3675831,"type":"sell","buyer":"droida","seller":"fnvdesigns","symbol":"LUV","quantity":"2.01535515","price":"0.01526811","timestamp":1655109672,"volume":"0.03077066","buyTxId":"0ad0dd311666be22ff016f0dd8568ab5b2b2c5c7","sellTxId":"b43a42167a913361143c2804cede38f790ffb085"}
{"index": {"_index":"luv","_id":"3675834"}}
	{"id":3675834,"type":"sell","buyer":"droida","seller":"kevm","symbol":"LUV","quantity":"6","price":"0.01526811","timestamp":1655109834,"volume":"0.09160866","buyTxId":"0ad0dd311666be22ff016f0dd8568ab5b2b2c5c7","sellTxId":"65939dc8e4669b0e6caab84c1b1cea50d8ef256e"}
{"index": {"_index":"luv","_id":"3676221"}}
	{"id":3676221,"type":"sell","buyer":"droida","seller":"barski","symbol":"LUV","quantity":"6.00000000","price":"0.01526811","timestamp":1655114928,"volume":"0.09160866","buyTxId":"0ad0dd311666be22ff016f0dd8568ab5b2b2c5c7","sellTxId":"df4f9ec575faa25d99bbcb5b2627c7c8b4bf927a"}
{"index": {"_index":"luv","_id":"3678607"}}
	{"id":3678607,"type":"sell","buyer":"droida","seller":"rzc24-nftbbg","symbol":"LUV","quantity":"11.00000000","price":"0.01526811","timestamp":1655132388,"volume":"0.16794921","buyTxId":"0ad0dd311666be22ff016f0dd8568ab5b2b2c5c7","sellTxId":"dc8a47384d455cbc02edd9e7c0527f6fff04cac5"}
{"index": {"_index":"luv","_id":"3680469"}}
	{"id":3680469,"type":"sell","buyer":"dubble","seller":"nineclaws","symbol":"LUV","quantity":"2.00000000","price":"0.01526820","timestamp":1655148921,"volume":"0.03053640","buyTxId":"05de6fdd2c1ef77e5c1c1464715587f0b64f2acf","sellTxId":"c98e0b87789a078aa61439e284a1538b500607ab"}
{"index": {"_index":"luv","_id":"3680513"}}
	{"id":3680513,"type":"sell","buyer":"dubble","seller":"thisisawesome","symbol":"LUV","quantity":"7","price":"0.01526820","timestamp":1655149140,"volume":"0.10687740","buyTxId":"05de6fdd2c1ef77e5c1c1464715587f0b64f2acf","sellTxId":"6ef0291b05147af2839bbbc3d9e7317edcc17033"}
{"index": {"_index":"luv","_id":"3681586"}}
	{"id":3681586,"type":"sell","buyer":"dubble","seller":"ham222mer","symbol":"LUV","quantity":"1.00000000","price":"0.01526820","timestamp":1655159007,"volume":"0.01526820","buyTxId":"05de6fdd2c1ef77e5c1c1464715587f0b64f2acf","sellTxId":"7fb079ae818153e4f002ed6a07fd38c084baf19c"}
{"index": {"_index":"luv","_id":"3681802"}}
	{"id":3681802,"type":"sell","buyer":"dubble","seller":"laritheghost","symbol":"LUV","quantity":"1.08525676","price":"0.01526820","timestamp":1655160258,"volume":"0.01656992","buyTxId":"05de6fdd2c1ef77e5c1c1464715587f0b64f2acf","sellTxId":"1ce9196d9d2c4e018282eecc90f07499a7e27cd5"}
{"index": {"_index":"luv","_id":"3682468"}}
	{"id":3682468,"type":"sell","buyer":"dubble","seller":"andy4475","symbol":"LUV","quantity":"1.00000000","price":"0.01526820","timestamp":1655163480,"volume":"0.01526820","buyTxId":"05de6fdd2c1ef77e5c1c1464715587f0b64f2acf","sellTxId":"501ecb82e43be89097d6d773bf16b7cd356ca5c9"}
{"index": {"_index":"luv","_id":"3684072"}}
	{"id":3684072,"type":"sell","buyer":"dubble","seller":"onewolfe","symbol":"LUV","quantity":"1.00000000","price":"0.01526820","timestamp":1655175417,"volume":"0.01526820","buyTxId":"05de6fdd2c1ef77e5c1c1464715587f0b64f2acf","sellTxId":"248239369d6155a3896051329225a1965a7e194c"}
{"index": {"_index":"luv","_id":"3684558"}}
	{"id":3684558,"type":"buy","buyer":"shufunk","seller":"kojiri","symbol":"LUV","quantity":"7.00000000","price":"0.01600000","timestamp":1655178885,"volume":"0.11200000","buyTxId":"e019ba7e9dcd95e911f34bcd05bc2e447348dd0e","sellTxId":"d11b98f0a6f3131fa7982dbe23ad3de9ecea3aa9"}
{"index": {"_index":"luv","_id":"3684561"}}
	{"id":3684561,"type":"buy","buyer":"shufunk","seller":"kheldar1982","symbol":"LUV","quantity":"6.00000000","price":"0.02000000","timestamp":1655178903,"volume":"0.12000000","buyTxId":"05b7b71d7cf17ad8486279122e91b230defc138f","sellTxId":"e00ada64b3d5e79138798f325cab63a459581218"}
{"index": {"_index":"luv","_id":"3684562"}}
	{"id":3684562,"type":"buy","buyer":"shufunk","seller":"damla","symbol":"LUV","quantity":"1.00000072","price":"0.02000000","timestamp":1655178903,"volume":"0.02000001","buyTxId":"05b7b71d7cf17ad8486279122e91b230defc138f","sellTxId":"3299b94d1f1bab48c115443bfe7e9dbd857e6239"}
{"index": {"_index":"luv","_id":"3684565"}}
	{"id":3684565,"type":"buy","buyer":"shufunk","seller":"onlydoge","symbol":"LUV","quantity":"65.72902101","price":"0.02409000","timestamp":1655178942,"volume":"1.58341212","buyTxId":"fdaf2434878b91ba948d42f5d45a65430b289362","sellTxId":"a1d0026d7cc57a2a19fd940d7bde630f49e6e707"}
