{"index": {"_index":"luv","_id":"3842269"}}
	{"id":3842269,"type":"sell","buyer":"onlydoge","seller":"pousinha","symbol":"LUV","quantity":"2","price":"0.00401000","timestamp":1656974205,"volume":"0.00802000","buyTxId":"a529d8378f5bfd4421b46a126371d8f6510387aa","sellTxId":"96396cf07cc48732e65fe5916634c71b975f3169"}
{"index": {"_index":"luv","_id":"3843741"}}
	{"id":3843741,"type":"buy","buyer":"dracozauberer","seller":"steem82868","symbol":"LUV","quantity":"4.57317073","price":"0.03280000","timestamp":1656992178,"volume":"0.15","buyTxId":"c214d8c36b0d1d824e47ccd4f4637b36aca98ff9","sellTxId":"442728304e62b1b923f3b639f5df906d8adfa985"}
{"index": {"_index":"luv","_id":"3843886"}}
	{"id":3843886,"type":"sell","buyer":"crazyphantombr","seller":"ydaiznfts","symbol":"LUV","quantity":"2.00000000","price":"0.00402000","timestamp":1656994128,"volume":"0.00804000","buyTxId":"a40c683cae96bc430fdcbf581b669381632e64bc","sellTxId":"9d2cc0816b15af1a7b72ed9242ad167c14f7af9d"}
{"index": {"_index":"luv","_id":"3844432"}}
	{"id":3844432,"type":"sell","buyer":"crazyphantombr","seller":"itharagaian","symbol":"LUV","quantity":"4.00000000","price":"0.00402000","timestamp":1657004316,"volume":"0.01608000","buyTxId":"a40c683cae96bc430fdcbf581b669381632e64bc","sellTxId":"906f207c38e48999afa136e8d0adb548b7137da4"}
{"index": {"_index":"luv","_id":"3845654"}}
	{"id":3845654,"type":"sell","buyer":"h3m4n7","seller":"robibasa","symbol":"LUV","quantity":"3.00000098","price":"0.00413100","timestamp":1657024956,"volume":"0.01239300","buyTxId":"cf8b221dff2c0e2f72f5821e976ec27ccef7c294","sellTxId":"7dfd0f666a8bc7447d7bfcf338c76fb420eacced"}
{"index": {"_index":"luv","_id":"3846578"}}
	{"id":3846578,"type":"buy","buyer":"ironshield","seller":"floki-skarsgaard","symbol":"LUV","quantity":"2.00000000","price":"0.03277998","timestamp":1657037028,"volume":"0.06555996","buyTxId":"15bb65558171aa7cd3adf320e1e4066014f3fc23","sellTxId":"66f583f3f08a333b312f4e0e436c78b01a93b685"}
{"index": {"_index":"luv","_id":"3846579"}}
	{"id":3846579,"type":"buy","buyer":"ironshield","seller":"krakonos","symbol":"LUV","quantity":"7.10223808","price":"0.03277999","timestamp":1657037028,"volume":"0.23281129","buyTxId":"15bb65558171aa7cd3adf320e1e4066014f3fc23","sellTxId":"3f7d122b719f0977bb663a4c69e3ea6e1855e48f"}
{"index": {"_index":"luv","_id":"3846580"}}
	{"id":3846580,"type":"buy","buyer":"ironshield","seller":"crazyphantombr","symbol":"LUV","quantity":"8.00000000","price":"0.03279000","timestamp":1657037028,"volume":"0.26232000","buyTxId":"15bb65558171aa7cd3adf320e1e4066014f3fc23","sellTxId":"6c2a63458d69eb09c3dedcb49e69fb7bdac91ef5"}
{"index": {"_index":"luv","_id":"3846581"}}
	{"id":3846581,"type":"buy","buyer":"ironshield","seller":"steem82868","symbol":"LUV","quantity":"0.46973356","price":"0.03280000","timestamp":1657037028,"volume":"0.01540726","buyTxId":"15bb65558171aa7cd3adf320e1e4066014f3fc23","sellTxId":"442728304e62b1b923f3b639f5df906d8adfa985"}
{"index": {"_index":"luv","_id":"3846714"}}
	{"id":3846714,"type":"sell","buyer":"ironshield","seller":"ydaiznfts","symbol":"LUV","quantity":"2.42802836","price":"0.03549999","timestamp":1657038501,"volume":"0.08619498","buyTxId":"15bb65558171aa7cd3adf320e1e4066014f3fc23","sellTxId":"04755f740814685952181adb7f371c1b2b8c95d7"}
{"index": {"_index":"luv","_id":"3847290"}}
	{"id":3847290,"type":"sell","buyer":"crazyphantombr","seller":"lisamgentile1961","symbol":"LUV","quantity":"2.00000000","price":"0.00500100","timestamp":1657045080,"volume":"0.01000200","buyTxId":"e5407400fbebfa132bede29ee20972a78c2c9b87","sellTxId":"82da0f2012a3bcdd4f70092f14854510717c00ec"}
{"index": {"_index":"luv","_id":"3848161"}}
	{"id":3848161,"type":"buy","buyer":"wesphilbin","seller":"yintercept","symbol":"LUV","quantity":"5.00000000","price":"0.02220000","timestamp":1657052808,"volume":"0.11100000","buyTxId":"9d6b0785aace34fb34f3cb82459fc13f3253217a","sellTxId":"f2d7e49a9184fb66b5f7048c01b1cd18613187ae"}
{"index": {"_index":"luv","_id":"3848162"}}
	{"id":3848162,"type":"buy","buyer":"wesphilbin","seller":"gaboamc2393","symbol":"LUV","quantity":"7.00000000","price":"0.02220000","timestamp":1657052808,"volume":"0.15540000","buyTxId":"9d6b0785aace34fb34f3cb82459fc13f3253217a","sellTxId":"14e1cb331c31690cf295c84bf59a6bed808f1531"}
{"index": {"_index":"luv","_id":"3848163"}}
	{"id":3848163,"type":"buy","buyer":"wesphilbin","seller":"ydaiznfts","symbol":"LUV","quantity":"1.57197164","price":"0.02351371","timestamp":1657052808,"volume":"0.03696289","buyTxId":"9d6b0785aace34fb34f3cb82459fc13f3253217a","sellTxId":"04755f740814685952181adb7f371c1b2b8c95d7"}
{"index": {"_index":"luv","_id":"3848164"}}
	{"id":3848164,"type":"buy","buyer":"wesphilbin","seller":"kaunglay2","symbol":"LUV","quantity":"8.00000000","price":"0.03540000","timestamp":1657052808,"volume":"0.28320000","buyTxId":"9d6b0785aace34fb34f3cb82459fc13f3253217a","sellTxId":"fc806ef7e043f5a82af375c7e4be6fd2cd1fd2cd"}
{"index": {"_index":"luv","_id":"3848165"}}
	{"id":3848165,"type":"buy","buyer":"wesphilbin","seller":"dubble","symbol":"LUV","quantity":"11.67901977","price":"0.03540000","timestamp":1657052808,"volume":"0.41343730","buyTxId":"9d6b0785aace34fb34f3cb82459fc13f3253217a","sellTxId":"74f7cf863ecbe3d443766158599eac859230358b"}
{"index": {"_index":"luv","_id":"3848486"}}
	{"id":3848486,"type":"sell","buyer":"metzli","seller":"doncustom","symbol":"LUV","quantity":"10.00000000","price":"0.00550000","timestamp":1657057689,"volume":"0.05500000","buyTxId":"33d05428dbd965c8c9015aec69fbda62103824ef","sellTxId":"b08ef28ec7d6d234b6e10c16b83fc74fa96e3b10"}
{"index": {"_index":"luv","_id":"3848787"}}
	{"id":3848787,"type":"sell","buyer":"crazyphantombr","seller":"cursephantom","symbol":"LUV","quantity":"2.00000000","price":"0.00500100","timestamp":1657060455,"volume":"0.01000200","buyTxId":"e5407400fbebfa132bede29ee20972a78c2c9b87","sellTxId":"15bf66e3a6b9eadc0b15e4302a191f6adbd2b8f8"}
