{"index": {"_index":"luv","_id":"3684072"}}
	{"id":3684072,"type":"sell","buyer":"dubble","seller":"onewolfe","symbol":"LUV","quantity":"1.00000000","price":"0.01526820","timestamp":1655175417,"volume":"0.01526820","buyTxId":"05de6fdd2c1ef77e5c1c1464715587f0b64f2acf","sellTxId":"248239369d6155a3896051329225a1965a7e194c"}
{"index": {"_index":"luv","_id":"3684558"}}
	{"id":3684558,"type":"buy","buyer":"shufunk","seller":"kojiri","symbol":"LUV","quantity":"7.00000000","price":"0.01600000","timestamp":1655178885,"volume":"0.11200000","buyTxId":"e019ba7e9dcd95e911f34bcd05bc2e447348dd0e","sellTxId":"d11b98f0a6f3131fa7982dbe23ad3de9ecea3aa9"}
{"index": {"_index":"luv","_id":"3684561"}}
	{"id":3684561,"type":"buy","buyer":"shufunk","seller":"kheldar1982","symbol":"LUV","quantity":"6.00000000","price":"0.02000000","timestamp":1655178903,"volume":"0.12000000","buyTxId":"05b7b71d7cf17ad8486279122e91b230defc138f","sellTxId":"e00ada64b3d5e79138798f325cab63a459581218"}
{"index": {"_index":"luv","_id":"3684562"}}
	{"id":3684562,"type":"buy","buyer":"shufunk","seller":"damla","symbol":"LUV","quantity":"1.00000072","price":"0.02000000","timestamp":1655178903,"volume":"0.02000001","buyTxId":"05b7b71d7cf17ad8486279122e91b230defc138f","sellTxId":"3299b94d1f1bab48c115443bfe7e9dbd857e6239"}
{"index": {"_index":"luv","_id":"3684565"}}
	{"id":3684565,"type":"buy","buyer":"shufunk","seller":"onlydoge","symbol":"LUV","quantity":"65.72902101","price":"0.02409000","timestamp":1655178942,"volume":"1.58341212","buyTxId":"fdaf2434878b91ba948d42f5d45a65430b289362","sellTxId":"a1d0026d7cc57a2a19fd940d7bde630f49e6e707"}
{"index": {"_index":"luv","_id":"3685136"}}
	{"id":3685136,"type":"sell","buyer":"onlydoge","seller":"jesustiano","symbol":"LUV","quantity":"1.00000000","price":"0.01528000","timestamp":1655185473,"volume":"0.01528000","buyTxId":"014f4992aadfb38e7633153dc9869dbde644d895","sellTxId":"8b5dfe5483d199e828d3ac944def0d6e457c0493"}
{"index": {"_index":"luv","_id":"3685574"}}
	{"id":3685574,"type":"sell","buyer":"onlydoge","seller":"itharagaian","symbol":"LUV","quantity":"1.00000000","price":"0.01528000","timestamp":1655190738,"volume":"0.01528000","buyTxId":"014f4992aadfb38e7633153dc9869dbde644d895","sellTxId":"5b95f3e0766c4723aa61d2407c0f7edc0f7f329d"}
{"index": {"_index":"luv","_id":"3686278"}}
	{"id":3686278,"type":"sell","buyer":"onlydoge","seller":"steem82868","symbol":"LUV","quantity":"1.00000000","price":"0.01528000","timestamp":1655201157,"volume":"0.01528000","buyTxId":"014f4992aadfb38e7633153dc9869dbde644d895","sellTxId":"f62b731165715559a327f6f9ed5be78124e9d987"}
{"index": {"_index":"luv","_id":"3686823"}}
	{"id":3686823,"type":"sell","buyer":"onlydoge","seller":"khamsky33","symbol":"LUV","quantity":"15.00000000","price":"0.01536000","timestamp":1655207265,"volume":"0.23040000","buyTxId":"35bcc5c62a423c9c145c8a6acd7241574f400c52","sellTxId":"4ffaf35abc21510885d049ad0348dc834672433a"}
{"index": {"_index":"luv","_id":"3686835"}}
	{"id":3686835,"type":"sell","buyer":"onlydoge","seller":"antor2024","symbol":"LUV","quantity":"12.00000000","price":"0.01536000","timestamp":1655207400,"volume":"0.18432000","buyTxId":"35bcc5c62a423c9c145c8a6acd7241574f400c52","sellTxId":"3286600a3a8e7b21275b6894c02e52ebca8757e6"}
{"index": {"_index":"luv","_id":"3686860"}}
	{"id":3686860,"type":"sell","buyer":"onlydoge","seller":"myvest","symbol":"LUV","quantity":"1.00499999","price":"0.01536000","timestamp":1655207616,"volume":"0.01543680","buyTxId":"35bcc5c62a423c9c145c8a6acd7241574f400c52","sellTxId":"9524a7a7e3698b75aed4540929d0a015c4cb29f8"}
{"index": {"_index":"luv","_id":"3686962"}}
	{"id":3686962,"type":"sell","buyer":"onlydoge","seller":"skuration","symbol":"LUV","quantity":"59.00000000","price":"0.01536000","timestamp":1655208915,"volume":"0.90624000","buyTxId":"35bcc5c62a423c9c145c8a6acd7241574f400c52","sellTxId":"d83968f3de6e377fbd857b4bedd26b9e8f078d26"}
{"index": {"_index":"luv","_id":"3687318"}}
	{"id":3687318,"type":"sell","buyer":"onlydoge","seller":"cursephantom","symbol":"LUV","quantity":"1.00000000","price":"0.01536000","timestamp":1655212497,"volume":"0.01536000","buyTxId":"35bcc5c62a423c9c145c8a6acd7241574f400c52","sellTxId":"81887841ac21cd98ba2c4a86c6ec7e7891dc42d5"}
{"index": {"_index":"luv","_id":"3688793"}}
	{"id":3688793,"type":"sell","buyer":"onlydoge","seller":"fnvdesigns","symbol":"LUV","quantity":"1.00256883","price":"0.01536000","timestamp":1655224602,"volume":"0.01539946","buyTxId":"35bcc5c62a423c9c145c8a6acd7241574f400c52","sellTxId":"1517a5bfe24e2b6f2acfead681ddadae187fed1d"}
{"index": {"_index":"luv","_id":"3689216"}}
	{"id":3689216,"type":"sell","buyer":"onlydoge","seller":"cliffagreen","symbol":"LUV","quantity":"1.34645164","price":"0.01536000","timestamp":1655227305,"volume":"0.02068150","buyTxId":"35bcc5c62a423c9c145c8a6acd7241574f400c52","sellTxId":"a5f842e68ea7f76730186d8e006a0d49a60ae738"}
{"index": {"_index":"luv","_id":"3690098"}}
	{"id":3690098,"type":"sell","buyer":"onlydoge","seller":"silvertop","symbol":"LUV","quantity":"5.00000000","price":"0.01536000","timestamp":1655233668,"volume":"0.07680000","buyTxId":"35bcc5c62a423c9c145c8a6acd7241574f400c52","sellTxId":"f3557673d462ac3a7ba07b0a4837a86e7edf1558"}
{"index": {"_index":"luv","_id":"3690180"}}
	{"id":3690180,"type":"sell","buyer":"onlydoge","seller":"bashadow","symbol":"LUV","quantity":"15.00000000","price":"0.01536000","timestamp":1655234406,"volume":"0.23040000","buyTxId":"35bcc5c62a423c9c145c8a6acd7241574f400c52","sellTxId":"e22ee2cf722a9e15f4ef9f5067b3ada8443ad644"}
{"index": {"_index":"luv","_id":"3690214"}}
	{"id":3690214,"type":"sell","buyer":"onlydoge","seller":"kevm","symbol":"LUV","quantity":"2","price":"0.01536000","timestamp":1655234763,"volume":"0.03072000","buyTxId":"35bcc5c62a423c9c145c8a6acd7241574f400c52","sellTxId":"cb4037b4407feab4d808cb96a8d0359431998905"}
{"index": {"_index":"luv","_id":"3690482"}}
	{"id":3690482,"type":"sell","buyer":"gaboamc2393","seller":"itharagaian","symbol":"LUV","quantity":"3.00000000","price":"0.01550000","timestamp":1655237823,"volume":"0.04650000","buyTxId":"46356c5513ef5f2c76996cd8a28a4a862d09b45a","sellTxId":"82407c7a8b6a63bfa9415a8c783ac910724ea439"}
{"index": {"_index":"luv","_id":"3691724"}}
	{"id":3691724,"type":"sell","buyer":"gaboamc2393","seller":"steem82868","symbol":"LUV","quantity":"2.00000000","price":"0.01550000","timestamp":1655250198,"volume":"0.03100000","buyTxId":"46356c5513ef5f2c76996cd8a28a4a862d09b45a","sellTxId":"b104dc1c638ea5c55f34655212cf8c4875b606ec"}
