{"index": {"_index":"spt","_id":"3393009"}}
	{"id":3393009,"type":"buy","buyer":"thewycher","seller":"bji1203","symbol":"SPT","quantity":"750.140787","price":"0.00180826","timestamp":1652151585,"volume":"1.35644958","buyTxId":"8d7ca67e80ea2c84724443822e7298322abd9b02","sellTxId":"d2544c495a710dd8cb779ef27fb8ad9e9c3c0888"}
{"index": {"_index":"spt","_id":"3393353"}}
	{"id":3393353,"type":"sell","buyer":"thewycher","seller":"mango-juice","symbol":"SPT","quantity":"2648.884481","price":"0.00182795","timestamp":1652155560,"volume":"4.84202839","buyTxId":"fab6107a37d625f2f20cad816cd6647d6320e288","sellTxId":"b0dcd404ed48be7da213c4c1d73776eedf53f3f6"}
{"index": {"_index":"spt","_id":"3393409"}}
	{"id":3393409,"type":"sell","buyer":"thewycher","seller":"teesart","symbol":"SPT","quantity":"2496.239816","price":"0.00182795","timestamp":1652156319,"volume":"4.56300157","buyTxId":"fab6107a37d625f2f20cad816cd6647d6320e288","sellTxId":"9e1ad84ea8fc5ccded3145b8f24d54950d89dbe9"}
{"index": {"_index":"spt","_id":"3393910"}}
	{"id":3393910,"type":"sell","buyer":"thewycher","seller":"bananofarmer","symbol":"SPT","quantity":"1326.960751","price":"0.00182453","timestamp":1652162859,"volume":"2.42107970","buyTxId":"e2e7a12a0c7814f2decfef3ddb89c57d481247e9","sellTxId":"ee3c51391159f73efe79247a8a0c7bc4f59e9f9d"}
{"index": {"_index":"spt","_id":"3393995"}}
	{"id":3393995,"type":"sell","buyer":"thewycher","seller":"reseller","symbol":"SPT","quantity":"21365.908771","price":"0.00182453","timestamp":1652163534,"volume":"38.98274153","buyTxId":"e2e7a12a0c7814f2decfef3ddb89c57d481247e9","sellTxId":"878f6e2556c40364bc81ad6d8180fd5f0328a865"}
{"index": {"_index":"spt","_id":"3393998"}}
	{"id":3393998,"type":"sell","buyer":"multifurcate","seller":"reseller","symbol":"SPT","quantity":"17413.417035","price":"0.00178489","timestamp":1652163564,"volume":"31.08103393","buyTxId":"1b49dbbd892c8eff6808068aa115cf801773c88c","sellTxId":"8a937d0b8fa458703afbef83cbb1c4b306f1b1d5"}
{"index": {"_index":"spt","_id":"3394162"}}
	{"id":3394162,"type":"sell","buyer":"thewycher","seller":"fnvdesigns","symbol":"SPT","quantity":"0.031415","price":"0.00178689","timestamp":1652166285,"volume":"0.00005614","buyTxId":"662e15334860c51a2ae5d5693f674824c116e3c3","sellTxId":"0a1d4753d1fe3de7e4b26bbeca0e6c796815b8d8"}
{"index": {"_index":"spt","_id":"3394251"}}
	{"id":3394251,"type":"sell","buyer":"thewycher","seller":"mikezillo","symbol":"SPT","quantity":"19.000000","price":"0.00178689","timestamp":1652166810,"volume":"0.03395091","buyTxId":"662e15334860c51a2ae5d5693f674824c116e3c3","sellTxId":"e5dce9f177c400ae744ec1afff4f816fb9def1ca"}
{"index": {"_index":"spt","_id":"3394399"}}
	{"id":3394399,"type":"sell","buyer":"multifurcate","seller":"captainquack22","symbol":"SPT","quantity":"136","price":"0.00178789","timestamp":1652168262,"volume":"0.24315304","buyTxId":"dd3686211fb322c6c83961a85c66146c1ee0d15a","sellTxId":"7cc8688321d189ed992af2bff828fca6a0e8fc71"}
{"index": {"_index":"spt","_id":"3395059"}}
	{"id":3395059,"type":"sell","buyer":"thewycher","seller":"monggoman","symbol":"SPT","quantity":"944.977672","price":"0.00182053","timestamp":1652176911,"volume":"1.72036020","buyTxId":"d1fe583b67509e318154e813f2b9758390f4f8b8","sellTxId":"0ecf0e8bee5553cf439c60804df4799d0b0186c8"}
{"index": {"_index":"spt","_id":"3395287"}}
	{"id":3395287,"type":"sell","buyer":"multifurcate","seller":"cynano","symbol":"SPT","quantity":"996.510680","price":"0.00181759","timestamp":1652180613,"volume":"1.81124785","buyTxId":"ef6fa3d339ce11a9e3b83af852eff8470d4b8e72","sellTxId":"9fda79908d68a7065699b86f9436dbe5af21bd3f"}
{"index": {"_index":"spt","_id":"3395309"}}
	{"id":3395309,"type":"sell","buyer":"thewycher","seller":"sentipl","symbol":"SPT","quantity":"37.300198","price":"0.00181659","timestamp":1652180880,"volume":"0.06775917","buyTxId":"dc6c3838060d7b37da765926affac82bfcb53f2d","sellTxId":"7629620369c3962e711394f90f6e767280b758ad"}
{"index": {"_index":"spt","_id":"3395371"}}
	{"id":3395371,"type":"sell","buyer":"multifurcate","seller":"jnn10","symbol":"SPT","quantity":"0.134034","price":"0.00181759","timestamp":1652181855,"volume":"0.00024362","buyTxId":"19696e5dc0c72fa37ae9580897932efd68131a7b","sellTxId":"08a0f42a1dfb4b6dc85931db611ad58bce8f23d4"}
{"index": {"_index":"spt","_id":"3395532"}}
	{"id":3395532,"type":"sell","buyer":"thewycher","seller":"robibasa","symbol":"SPT","quantity":"9.907053","price":"0.00181886","timestamp":1652183730,"volume":"0.01801954","buyTxId":"cbaec9a57864d0298149bb006a8842c8e076c2e0","sellTxId":"a07f3987a0d71d7d09b45ac2635db76724f51e16"}
{"index": {"_index":"spt","_id":"3395549"}}
	{"id":3395549,"type":"sell","buyer":"multifurcate","seller":"bilpcoinbpc","symbol":"SPT","quantity":"0.961479","price":"0.00181986","timestamp":1652184000,"volume":"0.00174976","buyTxId":"7e2dbc47986331e2d816f793a903a3e7892088b3","sellTxId":"da30b8ccb779e826592b0bc8ddd3854c5bb84854"}
{"index": {"_index":"spt","_id":"3395567"}}
	{"id":3395567,"type":"sell","buyer":"thewycher","seller":"jdike","symbol":"SPT","quantity":"2096.159471","price":"0.00183520","timestamp":1652184276,"volume":"3.84687186","buyTxId":"ea379eed240f3a5bff510fe6f7e9ac9c276fcb37","sellTxId":"3ff5e2edb81711c3d7a5a8438c8893ca2007a29e"}
{"index": {"_index":"spt","_id":"3395850"}}
	{"id":3395850,"type":"sell","buyer":"he-index","seller":"ultm8x","symbol":"SPT","quantity":"33.018000","price":"0.00178689","timestamp":1652187039,"volume":"0.05899953","buyTxId":"c1131028b0e371156e5a54ea9cc88b514c45a1c2","sellTxId":"7b3f282df648bd4a25615516f9ff2ffaeb52aa51"}
{"index": {"_index":"spt","_id":"3396131"}}
	{"id":3396131,"type":"sell","buyer":"multifurcate","seller":"valchiz","symbol":"SPT","quantity":"3634.315170","price":"0.00178489","timestamp":1652190204,"volume":"6.48685280","buyTxId":"64486ff20f449882c1877a08b2995033296242a3","sellTxId":"717e31ffb5a81abb1f770a2bd8f0a5b26bfb8d50"}
{"index": {"_index":"spt","_id":"3396338"}}
	{"id":3396338,"type":"buy","buyer":"oadissin","seller":"ultm8x","symbol":"SPT","quantity":"3567.251209","price":"0.00178689","timestamp":1652192319,"volume":"6.37428551","buyTxId":"6c9f3845dc71fd2714ad5628d6a0202f635a9ddb","sellTxId":"7b3f282df648bd4a25615516f9ff2ffaeb52aa51"}
{"index": {"_index":"spt","_id":"3397118"}}
	{"id":3397118,"type":"sell","buyer":"multifurcate","seller":"blackleg","symbol":"SPT","quantity":"2391.891613","price":"0.00178489","timestamp":1652198739,"volume":"4.26926342","buyTxId":"64486ff20f449882c1877a08b2995033296242a3","sellTxId":"2c4e3380a2596d0e0065fdfbb25ba3e334345fb4"}
{"index": {"_index":"spt","_id":"3397193"}}
	{"id":3397193,"type":"sell","buyer":"multifurcate","seller":"felipejoys","symbol":"SPT","quantity":"2855.726829","price":"0.00178489","timestamp":1652199636,"volume":"5.09715826","buyTxId":"64486ff20f449882c1877a08b2995033296242a3","sellTxId":"998cf14c5f85449c3afb1dc20bce3e2a3568ed70"}
{"index": {"_index":"spt","_id":"3397246"}}
	{"id":3397246,"type":"buy","buyer":"ahmetay","seller":"ultm8x","symbol":"SPT","quantity":"3462.000000","price":"0.00178689","timestamp":1652199951,"volume":"6.18621318","buyTxId":"c8485b6705d0b5b3fb26cbfaf18dd1057c0f86ee","sellTxId":"7b3f282df648bd4a25615516f9ff2ffaeb52aa51"}
{"index": {"_index":"spt","_id":"3397247"}}
	{"id":3397247,"type":"sell","buyer":"multifurcate","seller":"theia7","symbol":"SPT","quantity":"18.523060","price":"0.00178489","timestamp":1652199954,"volume":"0.03306162","buyTxId":"64486ff20f449882c1877a08b2995033296242a3","sellTxId":"ecb9704274cdeb86c45ecabb132bf932cbd1ada7"}
{"index": {"_index":"spt","_id":"3397309"}}
	{"id":3397309,"type":"sell","buyer":"multifurcate","seller":"chireerocks","symbol":"SPT","quantity":"128.644320","price":"0.00178489","timestamp":1652200878,"volume":"0.22961596","buyTxId":"64486ff20f449882c1877a08b2995033296242a3","sellTxId":"afadd72d331e37cc8fa5c880d6da4b6d07fd4b9d"}
{"index": {"_index":"spt","_id":"3397538"}}
	{"id":3397538,"type":"sell","buyer":"multifurcate","seller":"nrg","symbol":"SPT","quantity":"11274.366301","price":"0.00178489","timestamp":1652203017,"volume":"20.12350367","buyTxId":"64486ff20f449882c1877a08b2995033296242a3","sellTxId":"d018ff7f19b806d99ee90015ab89469b28244a68-14"}
{"index": {"_index":"spt","_id":"3397912"}}
	{"id":3397912,"type":"buy","buyer":"jongolson","seller":"onlydoge","symbol":"SPT","quantity":"1000.000000","price":"0.00189000","timestamp":1652206695,"volume":"1.89000000","buyTxId":"a4ba2fa63f0fc14da0c3b4f56e1f02b7933ac242","sellTxId":"b5f40e0369a16f2e0978cd8f5bd1f82a9e422b16"}
{"index": {"_index":"spt","_id":"3398120"}}
	{"id":3398120,"type":"buy","buyer":"axelx12","seller":"onlydoge","symbol":"SPT","quantity":"29.385343","price":"0.00189000","timestamp":1652209452,"volume":"0.0555383","buyTxId":"f3651594a9e0fd234896419dd1e32b937c0d1f1a","sellTxId":"b5f40e0369a16f2e0978cd8f5bd1f82a9e422b16"}
{"index": {"_index":"spt","_id":"3398135"}}
	{"id":3398135,"type":"sell","buyer":"he-index","seller":"gsauce1989","symbol":"SPT","quantity":"36.977000","price":"0.00178489","timestamp":1652209623,"volume":"0.06599988","buyTxId":"0ef1b90a7198dc28d1c17742d2fc12ca5092169a","sellTxId":"4b8f5cb79c189ec6973f565b01352b7a1d8ac125"}
{"index": {"_index":"spt","_id":"3398136"}}
	{"id":3398136,"type":"sell","buyer":"he-index","seller":"gsauce1989","symbol":"SPT","quantity":"42.019000","price":"0.00178489","timestamp":1652209623,"volume":"0.07499929","buyTxId":"8e096053dfb1c04357902ff5a8fef4644b5952d6","sellTxId":"4b8f5cb79c189ec6973f565b01352b7a1d8ac125"}
{"index": {"_index":"spt","_id":"3398137"}}
	{"id":3398137,"type":"sell","buyer":"multifurcate","seller":"gsauce1989","symbol":"SPT","quantity":"117.394460","price":"0.00178489","timestamp":1652209623,"volume":"0.20953620","buyTxId":"f7b39dea57a11406a0be250e6eeccadaaac70b28","sellTxId":"4b8f5cb79c189ec6973f565b01352b7a1d8ac125"}
{"index": {"_index":"spt","_id":"3398297"}}
	{"id":3398297,"type":"sell","buyer":"thewycher","seller":"bearbear613","symbol":"SPT","quantity":"21.193001","price":"0.00179405","timestamp":1652211795,"volume":"0.03802130","buyTxId":"1c620aa9880fee4bb8af18729e4bb4c2ff88f1b7","sellTxId":"b93912e296368ea89f42fdcbf4e632ff82d84cf4"}
{"index": {"_index":"spt","_id":"3398406"}}
	{"id":3398406,"type":"buy","buyer":"borgito","seller":"underlock","symbol":"SPT","quantity":"43.000000","price":"0.00182650","timestamp":1652213091,"volume":"0.07853950","buyTxId":"494411d079996c2b5eac85ac3a4642ac0b139aa7","sellTxId":"3aa348ee2e9606b5a31c155eb56328502f69216c"}
{"index": {"_index":"spt","_id":"3398424"}}
	{"id":3398424,"type":"sell","buyer":"thewycher","seller":"bitcoinflood","symbol":"SPT","quantity":"104.247802","price":"0.00179405","timestamp":1652213262,"volume":"0.18702577","buyTxId":"1c620aa9880fee4bb8af18729e4bb4c2ff88f1b7","sellTxId":"7e831f9fe7a5957ac09404c112d6d122e39b5482"}
{"index": {"_index":"spt","_id":"3398570"}}
	{"id":3398570,"type":"sell","buyer":"thewycher","seller":"mistakili","symbol":"SPT","quantity":"4530.858015","price":"0.00179405","timestamp":1652214804,"volume":"8.12858582","buyTxId":"1c620aa9880fee4bb8af18729e4bb4c2ff88f1b7","sellTxId":"b7883921302e98e8885f5a912729251e2769e63a"}
{"index": {"_index":"spt","_id":"3398792"}}
	{"id":3398792,"type":"buy","buyer":"salviani","seller":"abcor","symbol":"SPT","quantity":"1533.406352","price":"0.00182600","timestamp":1652217933,"volume":"2.8","buyTxId":"5533490525e70a982d3ca0b0c61b56c0f7808778","sellTxId":"d09ce44ddd06ee1c24610501b06ef5cd00d32fe2"}
{"index": {"_index":"spt","_id":"3398945"}}
	{"id":3398945,"type":"sell","buyer":"multifurcate","seller":"liuke96player","symbol":"SPT","quantity":"662.946015","price":"0.00180098","timestamp":1652219928,"volume":"1.19395251","buyTxId":"4b4df1bda97ad6a36684e2bda83b2ba3cda281ed","sellTxId":"865778221820fd6491fe185638716c4ccd56b5cd"}
{"index": {"_index":"spt","_id":"3398957"}}
	{"id":3398957,"type":"sell","buyer":"multifurcate","seller":"operahoser","symbol":"SPT","quantity":"0.004569","price":"0.00180098","timestamp":1652220069,"volume":"0.00000823","buyTxId":"4b4df1bda97ad6a36684e2bda83b2ba3cda281ed","sellTxId":"266b196cf6daef1e0e99ad079ca50ac2bf1768b1"}
{"index": {"_index":"spt","_id":"3398993"}}
	{"id":3398993,"type":"sell","buyer":"multifurcate","seller":"he-index","symbol":"SPT","quantity":"0.035000","price":"0.00180098","timestamp":1652220198,"volume":"0.00006303","buyTxId":"4b4df1bda97ad6a36684e2bda83b2ba3cda281ed","sellTxId":"bd4a2cfd4845224a9db9811a84a3ac7d4eb3fb8b"}
{"index": {"_index":"spt","_id":"3399381"}}
	{"id":3399381,"type":"sell","buyer":"multifurcate","seller":"alexandrzombi","symbol":"SPT","quantity":"0.593194","price":"0.00181391","timestamp":1652224584,"volume":"0.00107600","buyTxId":"7f950d7d8a54695ca85da22ed4501eb03be100f0","sellTxId":"1f617d01e749572b4565b1c4d0b9d5a32992c9f9"}
{"index": {"_index":"spt","_id":"3400042"}}
	{"id":3400042,"type":"sell","buyer":"he-index","seller":"gank","symbol":"SPT","quantity":"7.774000","price":"0.00180098","timestamp":1652232450,"volume":"0.01400082","buyTxId":"f318ec97ee4e69ba0d9ef11d5a6be63085666802","sellTxId":"d02c0319add64da21eaeccb641997908a7192f52"}
{"index": {"_index":"spt","_id":"3400043"}}
	{"id":3400043,"type":"sell","buyer":"thewycher","seller":"gank","symbol":"SPT","quantity":"3996.226000","price":"0.00180076","timestamp":1652232450,"volume":"7.19624393","buyTxId":"a24973927d18f878ca5b60085b8c76dbc1bba255","sellTxId":"d02c0319add64da21eaeccb641997908a7192f52"}
{"index": {"_index":"spt","_id":"3400445"}}
	{"id":3400445,"type":"sell","buyer":"thewycher","seller":"forsakensushi","symbol":"SPT","quantity":"5156.793118","price":"0.00179244","timestamp":1652237313,"volume":"9.24324226","buyTxId":"8d8df27669d3da4563eb0f0d756f42f8f918ddb6","sellTxId":"9731487fde3ba44f745566c7da8b3a99a9a18914"}
