{"index": {"_index":"spt","_id":"2459835"}}
	{"id":2459835,"type":"sell","buyer":"methus","seller":"rowell","symbol":"SPT","quantity":"2800.000000","price":"0.00258000","timestamp":1641268155,"volume":"7.22400000","buyTxId":"a5dd3aa10a1ab58ed46b67d2d714acb815111536","sellTxId":"f85f9b64c483f17202f4fc99b0b3c3388513d99c"}
{"index": {"_index":"spt","_id":"2459931"}}
	{"id":2459931,"type":"sell","buyer":"methus","seller":"brofi-market","symbol":"SPT","quantity":"0.031148","price":"0.00258000","timestamp":1641269490,"volume":"0.00008036","buyTxId":"a5dd3aa10a1ab58ed46b67d2d714acb815111536","sellTxId":"c180a461fcf28a97e4629db0fa9af265ed4b1511"}
{"index": {"_index":"spt","_id":"2460050"}}
	{"id":2460050,"type":"sell","buyer":"methus","seller":"ehmaywuntee","symbol":"SPT","quantity":"199.968852","price":"0.00258000","timestamp":1641271308,"volume":"0.51591964","buyTxId":"a5dd3aa10a1ab58ed46b67d2d714acb815111536","sellTxId":"20be5f081ca63d41aa5e9466f8bfbc5e3bb9bac0"}
{"index": {"_index":"spt","_id":"2460205"}}
	{"id":2460205,"type":"sell","buyer":"myothuzar","seller":"dswap","symbol":"SPT","quantity":"2.634699","price":"0.00257004","timestamp":1641272868,"volume":"0.00677128","buyTxId":"a6e5baf41d9b56896dc53773656909d65803c62f","sellTxId":"884f6103f26e0530a70bbb458901224652a78c1d"}
{"index": {"_index":"spt","_id":"2460510"}}
	{"id":2460510,"type":"buy","buyer":"captainquack22","seller":"ehmaywuntee","symbol":"SPT","quantity":"70.601781","price":"0.00258000","timestamp":1641277131,"volume":"0.18215259","buyTxId":"8440d9a28ca5cc47bf0e3fa40d35a5121a91a49a","sellTxId":"20be5f081ca63d41aa5e9466f8bfbc5e3bb9bac0"}
{"index": {"_index":"spt","_id":"2460511"}}
	{"id":2460511,"type":"buy","buyer":"captainquack22","seller":"laundrywoman","symbol":"SPT","quantity":"943.700294","price":"0.00287999","timestamp":1641277131,"volume":"2.71784741","buyTxId":"8440d9a28ca5cc47bf0e3fa40d35a5121a91a49a","sellTxId":"88c18dede9624e794f937af86793b13c1a907086"}
{"index": {"_index":"spt","_id":"2460637"}}
	{"id":2460637,"type":"buy","buyer":"vasupi","seller":"laundrywoman","symbol":"SPT","quantity":"400.000000","price":"0.00287999","timestamp":1641278679,"volume":"1.15199600","buyTxId":"c1423fdfbca53d59b3a9c6396b6b71e773a16e52","sellTxId":"88c18dede9624e794f937af86793b13c1a907086"}
{"index": {"_index":"spt","_id":"2460646"}}
	{"id":2460646,"type":"sell","buyer":"myothuzar","seller":"dhedge-drips","symbol":"SPT","quantity":"0.002919","price":"0.00257004","timestamp":1641278754,"volume":"0.00000750","buyTxId":"a6e5baf41d9b56896dc53773656909d65803c62f","sellTxId":"141c85d8b1788f76adc8cafad7d345a1a9a94b2b"}
{"index": {"_index":"spt","_id":"2460857"}}
	{"id":2460857,"type":"sell","buyer":"myothuzar","seller":"josediccus","symbol":"SPT","quantity":"400.000000","price":"0.00257004","timestamp":1641280797,"volume":"1.02801600","buyTxId":"a6e5baf41d9b56896dc53773656909d65803c62f","sellTxId":"e8e801798a234d210f51336266eac176389c4128"}
{"index": {"_index":"spt","_id":"2461464"}}
	{"id":2461464,"type":"buy","buyer":"successforall","seller":"laundrywoman","symbol":"SPT","quantity":"34.843326","price":"0.00286999","timestamp":1641288150,"volume":"0.1","buyTxId":"568030dfefe1e178388134ad4e420f64db8ab6a9","sellTxId":"be33187722d0978037d72e84c4e69a26b5e0f0a4"}
{"index": {"_index":"spt","_id":"2461905"}}
	{"id":2461905,"type":"buy","buyer":"savvyplayer","seller":"laundrywoman","symbol":"SPT","quantity":"20.162477","price":"0.00286999","timestamp":1641293832,"volume":"0.05786611","buyTxId":"87f63999cf0a206f106653a197f36ef2b15db866","sellTxId":"be33187722d0978037d72e84c4e69a26b5e0f0a4"}
{"index": {"_index":"spt","_id":"2462092"}}
	{"id":2462092,"type":"sell","buyer":"tanzil2024","seller":"mistakili","symbol":"SPT","quantity":"461.829746","price":"0.00258000","timestamp":1641296379,"volume":"1.19152074","buyTxId":"bc9722a25e091d19968ad851bb175e67c5bb8109","sellTxId":"1796512060ddd75f83ff3763a245b0b668f85ef0"}
{"index": {"_index":"spt","_id":"2462185"}}
	{"id":2462185,"type":"sell","buyer":"tanzil2024","seller":"mango-juice","symbol":"SPT","quantity":"89.039422","price":"0.00258000","timestamp":1641297291,"volume":"0.22972171","buyTxId":"bc9722a25e091d19968ad851bb175e67c5bb8109","sellTxId":"df03b34d1e82c3427d1430feed52ad2855a92a99"}
{"index": {"_index":"spt","_id":"2462328"}}
	{"id":2462328,"type":"sell","buyer":"tanzil2024","seller":"brofi-market","symbol":"SPT","quantity":"0.249254","price":"0.00258000","timestamp":1641298536,"volume":"0.00064308","buyTxId":"bc9722a25e091d19968ad851bb175e67c5bb8109","sellTxId":"219c39bb4359c86e3b1c81a99b33f370b4937ca8"}
{"index": {"_index":"spt","_id":"2462346"}}
	{"id":2462346,"type":"sell","buyer":"tanzil2024","seller":"stickupboys","symbol":"SPT","quantity":"31.704035","price":"0.00258000","timestamp":1641298758,"volume":"0.08179641","buyTxId":"bc9722a25e091d19968ad851bb175e67c5bb8109","sellTxId":"6234c7355f231f622dc3b106d670295fd5d06019"}
{"index": {"_index":"spt","_id":"2462492"}}
	{"id":2462492,"type":"sell","buyer":"tanzil2024","seller":"dhedge-drips","symbol":"SPT","quantity":"0.023368","price":"0.00258000","timestamp":1641300432,"volume":"0.00006029","buyTxId":"bc9722a25e091d19968ad851bb175e67c5bb8109","sellTxId":"0b495b522fc93bf9b08cf80cdd57bdcd09daabed"}
{"index": {"_index":"spt","_id":"2462665"}}
	{"id":2462665,"type":"buy","buyer":"shovelpile","seller":"laundrywoman","symbol":"SPT","quantity":"278.000000","price":"0.00267999","timestamp":1641302220,"volume":"0.74503722","buyTxId":"01cd1081d30216810a60881a2d03c1de4c89b3aa","sellTxId":"0a77f52127aeb419cb192d0f3cc027b539a113eb"}
{"index": {"_index":"spt","_id":"2462746"}}
	{"id":2462746,"type":"sell","buyer":"tanzil2024","seller":"emeka4","symbol":"SPT","quantity":"57.154175","price":"0.00258000","timestamp":1641303114,"volume":"0.14745777","buyTxId":"bc9722a25e091d19968ad851bb175e67c5bb8109","sellTxId":"b29111b7dc08b71ec47cc38e5172c0a4696668e2"}
{"index": {"_index":"spt","_id":"2462804"}}
	{"id":2462804,"type":"sell","buyer":"myothuzar","seller":"freeztag","symbol":"SPT","quantity":"978.535866","price":"0.00257004","timestamp":1641303546,"volume":"2.51487632","buyTxId":"a6e5baf41d9b56896dc53773656909d65803c62f","sellTxId":"d3c84b8d8fd8b477ac38a4892781aa5d3677ccce"}
{"index": {"_index":"spt","_id":"2462998"}}
	{"id":2462998,"type":"buy","buyer":"dswap","seller":"emeka4","symbol":"SPT","quantity":"42.441304","price":"0.00258000","timestamp":1641305514,"volume":"0.10949856","buyTxId":"a182153d1395044f437f4325d0f6358eeff1449a","sellTxId":"b29111b7dc08b71ec47cc38e5172c0a4696668e2"}
{"index": {"_index":"spt","_id":"2462999"}}
	{"id":2462999,"type":"buy","buyer":"dswap","seller":"brofi-market","symbol":"SPT","quantity":"0.249254","price":"0.00267999","timestamp":1641305514,"volume":"0.00066800","buyTxId":"a182153d1395044f437f4325d0f6358eeff1449a","sellTxId":"257eaf6be85a4194e82e69d5cd193d8df8c693be"}
{"index": {"_index":"spt","_id":"2463000"}}
	{"id":2463000,"type":"buy","buyer":"dswap","seller":"dhedge-drips","symbol":"SPT","quantity":"0.023368","price":"0.00267999","timestamp":1641305514,"volume":"0.00006263","buyTxId":"a182153d1395044f437f4325d0f6358eeff1449a","sellTxId":"906720b26b8d91eacaa6e3740c3bce34873ad0b8"}
{"index": {"_index":"spt","_id":"2463001"}}
	{"id":2463001,"type":"buy","buyer":"dswap","seller":"laundrywoman","symbol":"SPT","quantity":"330.865180","price":"0.00286999","timestamp":1641305514,"volume":"0.94957976","buyTxId":"a182153d1395044f437f4325d0f6358eeff1449a","sellTxId":"d4ed030852ae0de707e56f091aa19c32d566d214"}
{"index": {"_index":"spt","_id":"2463012"}}
	{"id":2463012,"type":"buy","buyer":"dswap","seller":"laundrywoman","symbol":"SPT","quantity":"88.197195","price":"0.00286999","timestamp":1641305598,"volume":"0.25312507","buyTxId":"295a8863ea8020338780c3e4950e60087f72ec0e","sellTxId":"d4ed030852ae0de707e56f091aa19c32d566d214"}
{"index": {"_index":"spt","_id":"2463173"}}
	{"id":2463173,"type":"sell","buyer":"myothuzar","seller":"kapitanrosomak","symbol":"SPT","quantity":"9.232695","price":"0.00257004","timestamp":1641307158,"volume":"0.02372840","buyTxId":"a6e5baf41d9b56896dc53773656909d65803c62f","sellTxId":"39eeea053581dd72baa333853177652cfd68116c"}
{"index": {"_index":"spt","_id":"2463294"}}
	{"id":2463294,"type":"sell","buyer":"myothuzar","seller":"ahmetay","symbol":"SPT","quantity":"1981.144921","price":"0.00257004","timestamp":1641308430,"volume":"5.09162169","buyTxId":"a6e5baf41d9b56896dc53773656909d65803c62f","sellTxId":"9767de9e0c65cf945ad568d7e9b1a88dab341cfe"}
{"index": {"_index":"spt","_id":"2463319"}}
	{"id":2463319,"type":"sell","buyer":"myothuzar","seller":"ahmetay","symbol":"SPT","quantity":"4457.632359","price":"0.00257004","timestamp":1641308685,"volume":"11.45629347","buyTxId":"a6e5baf41d9b56896dc53773656909d65803c62f","sellTxId":"1c78a534e9c056b30cefe72b5ba2a5554eec3f1e"}
{"index": {"_index":"spt","_id":"2463367"}}
	{"id":2463367,"type":"sell","buyer":"myothuzar","seller":"chireerocks","symbol":"SPT","quantity":"26.175250","price":"0.00257004","timestamp":1641308904,"volume":"0.06727144","buyTxId":"a6e5baf41d9b56896dc53773656909d65803c62f","sellTxId":"f997d65010df3ee2bc0318e7f6c783f0dee56c57"}
{"index": {"_index":"spt","_id":"2463585"}}
	{"id":2463585,"type":"buy","buyer":"captainquack22","seller":"laundrywoman","symbol":"SPT","quantity":"44.568034","price":"0.00279999","timestamp":1641312285,"volume":"0.12479005","buyTxId":"d5cd5019768354a0a0724982ad9b79e4123b2cba","sellTxId":"158f1514d6205a78cbf880479d8d2770c8e24911"}
{"index": {"_index":"spt","_id":"2463620"}}
	{"id":2463620,"type":"sell","buyer":"myothuzar","seller":"brofi-market","symbol":"SPT","quantity":"0.279132","price":"0.00257004","timestamp":1641312864,"volume":"0.00071738","buyTxId":"a6e5baf41d9b56896dc53773656909d65803c62f","sellTxId":"f812971d75454a6556b108a0e38ab4f43f1bfbaa"}
{"index": {"_index":"spt","_id":"2463759"}}
	{"id":2463759,"type":"buy","buyer":"captainquack22","seller":"laundrywoman","symbol":"SPT","quantity":"565.097073","price":"0.00274997","timestamp":1641315843,"volume":"1.554","buyTxId":"1fa5e6e9530b0fa14b4e2a8f26d0f86d9f029216","sellTxId":"f2329979de63ac4ee9da07be56adf8fbd8e112e3"}
{"index": {"_index":"spt","_id":"2463761"}}
	{"id":2463761,"type":"buy","buyer":"druidsblood","seller":"laundrywoman","symbol":"SPT","quantity":"20000.000000","price":"0.00274997","timestamp":1641315885,"volume":"54.99940000","buyTxId":"e9f7cbd58303be9deeb627a18aaede4ca3db5d53","sellTxId":"f2329979de63ac4ee9da07be56adf8fbd8e112e3"}
{"index": {"_index":"spt","_id":"2463813"}}
	{"id":2463813,"type":"buy","buyer":"druidsblood","seller":"infinitytcg","symbol":"SPT","quantity":"4565.000000","price":"0.00270000","timestamp":1641316755,"volume":"12.32550000","buyTxId":"828684721d1f0b1e7fc9eecaa4ddee71afbcfe38","sellTxId":"f8c40783adaccdcd0bd31686de392fde1a445ebb"}
{"index": {"_index":"spt","_id":"2463817"}}
	{"id":2463817,"type":"buy","buyer":"druidsblood","seller":"laundrywoman","symbol":"SPT","quantity":"14000.000000","price":"0.00274997","timestamp":1641316812,"volume":"38.49958000","buyTxId":"956e1cb8537e9e08e4b2d7fdea6adaa8fea52488","sellTxId":"f2329979de63ac4ee9da07be56adf8fbd8e112e3"}
{"index": {"_index":"spt","_id":"2463854"}}
	{"id":2463854,"type":"buy","buyer":"egistar","seller":"laundrywoman","symbol":"SPT","quantity":"1236.013483","price":"0.00274997","timestamp":1641317253,"volume":"3.399","buyTxId":"d4f2cda46821f382dc258b56fe700a27e7c2bd44","sellTxId":"f2329979de63ac4ee9da07be56adf8fbd8e112e3"}
{"index": {"_index":"spt","_id":"2463907"}}
	{"id":2463907,"type":"sell","buyer":"granddaddies","seller":"sharkthelion","symbol":"SPT","quantity":"579.539077","price":"0.00257005","timestamp":1641317808,"volume":"1.48944440","buyTxId":"9eedf5318f8f227ca072739d5ac2c373ce0b5e7f","sellTxId":"11372044e8d6bd85fe5312ae8aa478f1aee37857"}
{"index": {"_index":"spt","_id":"2464076"}}
	{"id":2464076,"type":"buy","buyer":"druidsblood","seller":"infinitytcg","symbol":"SPT","quantity":"13.000000","price":"0.00272000","timestamp":1641319044,"volume":"0.03536000","buyTxId":"0c5ff88cb01bf5f10efa3b73b78e617df2b1f338","sellTxId":"92966d94fcd2e7b968fe5e1a54420493b25271d0"}
{"index": {"_index":"spt","_id":"2464293"}}
	{"id":2464293,"type":"sell","buyer":"granddaddies","seller":"ericburgoyne","symbol":"SPT","quantity":"0.033611","price":"0.00257005","timestamp":1641320358,"volume":"0.00008638","buyTxId":"9eedf5318f8f227ca072739d5ac2c373ce0b5e7f","sellTxId":"92e3788bfc95aa2426bf303a99b536c812d2628e"}
{"index": {"_index":"spt","_id":"2464367"}}
	{"id":2464367,"type":"buy","buyer":"balbaabart","seller":"infinitytcg","symbol":"SPT","quantity":"341.000000","price":"0.00272000","timestamp":1641321042,"volume":"0.92752000","buyTxId":"695849ba9eb3bbdaadcb15c7c6da06e025360180","sellTxId":"92966d94fcd2e7b968fe5e1a54420493b25271d0"}
{"index": {"_index":"spt","_id":"2464412"}}
	{"id":2464412,"type":"buy","buyer":"balbaabart","seller":"infinitytcg","symbol":"SPT","quantity":"184.000000","price":"0.00272000","timestamp":1641321282,"volume":"0.50048000","buyTxId":"e7771a88fd758c23b7eaf508e9ebd856250b89b9","sellTxId":"92966d94fcd2e7b968fe5e1a54420493b25271d0"}
{"index": {"_index":"spt","_id":"2464423"}}
	{"id":2464423,"type":"buy","buyer":"jongolson","seller":"infinitytcg","symbol":"SPT","quantity":"1000.000000","price":"0.00272000","timestamp":1641321336,"volume":"2.72000000","buyTxId":"581d65383336dd892552a921a5a2c78b53da5f1b","sellTxId":"92966d94fcd2e7b968fe5e1a54420493b25271d0"}
{"index": {"_index":"spt","_id":"2464509"}}
	{"id":2464509,"type":"sell","buyer":"granddaddies","seller":"dhedge-drips","symbol":"SPT","quantity":"0.026168","price":"0.00257005","timestamp":1641321981,"volume":"0.00006725","buyTxId":"9eedf5318f8f227ca072739d5ac2c373ce0b5e7f","sellTxId":"985ec1393a13684ffa0f97fefdffdfea9fa0e59f"}
{"index": {"_index":"spt","_id":"2464619"}}
	{"id":2464619,"type":"sell","buyer":"granddaddies","seller":"sp3ktraline","symbol":"SPT","quantity":"6.954938","price":"0.00257005","timestamp":1641322593,"volume":"0.01787454","buyTxId":"9eedf5318f8f227ca072739d5ac2c373ce0b5e7f","sellTxId":"b20fca99bb2652df256e1063ea949afbcd7db7fd"}
{"index": {"_index":"spt","_id":"2464764"}}
	{"id":2464764,"type":"sell","buyer":"granddaddies","seller":"hiveexplorers","symbol":"SPT","quantity":"10.739873","price":"0.00257005","timestamp":1641323637,"volume":"0.02760201","buyTxId":"9eedf5318f8f227ca072739d5ac2c373ce0b5e7f","sellTxId":"5540ccd381db766eb917edb0e30a2a0912b8aa23"}
{"index": {"_index":"spt","_id":"2464961"}}
	{"id":2464961,"type":"sell","buyer":"granddaddies","seller":"reward.app","symbol":"SPT","quantity":"7924.981664","price":"0.00257005","timestamp":1641325365,"volume":"20.36759913","buyTxId":"9eedf5318f8f227ca072739d5ac2c373ce0b5e7f","sellTxId":"96fadcb7ece42f929c3ca09ae0d5c1af5ab4b1fc"}
{"index": {"_index":"spt","_id":"2465012"}}
	{"id":2465012,"type":"buy","buyer":"borgito","seller":"infinitytcg","symbol":"SPT","quantity":"19.608466","price":"0.00272000","timestamp":1641325827,"volume":"0.05333503","buyTxId":"b99a74b79be4481f77ee5bb7bb52098b20fed515","sellTxId":"92966d94fcd2e7b968fe5e1a54420493b25271d0"}
{"index": {"_index":"spt","_id":"2465119"}}
	{"id":2465119,"type":"sell","buyer":"granddaddies","seller":"brofi-market","symbol":"SPT","quantity":"0.007740","price":"0.00257501","timestamp":1641327096,"volume":"0.00001993","buyTxId":"f7f432b9de66d32f2e717b1f32b8ef6e535f4f3e","sellTxId":"fbe740a96bafe0e90e60dff90dbd261c1fff5150"}
{"index": {"_index":"spt","_id":"2466055"}}
	{"id":2466055,"type":"sell","buyer":"granddaddies","seller":"operahoser","symbol":"SPT","quantity":"2.177669","price":"0.00259001","timestamp":1641336216,"volume":"0.00564018","buyTxId":"e792abebb553e8bfd5749358ea60b7ef10158224","sellTxId":"08fd22a8ee3f92e0cc6723070e2bb88a21a19ae7"}
{"index": {"_index":"spt","_id":"2466207"}}
	{"id":2466207,"type":"buy","buyer":"dswap","seller":"infinitytcg","symbol":"SPT","quantity":"0.000437","price":"0.00272000","timestamp":1641337401,"volume":"0.00000119","buyTxId":"e27768c483d158066a855723de3752fbfdc630c0","sellTxId":"92966d94fcd2e7b968fe5e1a54420493b25271d0"}
{"index": {"_index":"spt","_id":"2466448"}}
	{"id":2466448,"type":"buy","buyer":"successforall","seller":"infinitytcg","symbol":"SPT","quantity":"7.352941","price":"0.00272000","timestamp":1641339981,"volume":"0.02","buyTxId":"b9ffd1fd0c522f0e8ad06402d1ee35b9b632b034","sellTxId":"92966d94fcd2e7b968fe5e1a54420493b25271d0"}
{"index": {"_index":"spt","_id":"2466558"}}
	{"id":2466558,"type":"sell","buyer":"granddaddies","seller":"kennysgaminglife","symbol":"SPT","quantity":"2590.209870","price":"0.00259001","timestamp":1641341550,"volume":"6.70866947","buyTxId":"675572e9c9cd8e2d8e3969f7f60bb673d3b70fca","sellTxId":"fbb1f273021ec50316c7020bd9a4f0eb471e93f3"}
{"index": {"_index":"spt","_id":"2466569"}}
	{"id":2466569,"type":"buy","buyer":"forsakensushi","seller":"infinitytcg","symbol":"SPT","quantity":"3435.038156","price":"0.00272000","timestamp":1641341613,"volume":"9.34330378","buyTxId":"145ed0e0d5fe41264b693524dfe49d6f684678f9","sellTxId":"92966d94fcd2e7b968fe5e1a54420493b25271d0"}
{"index": {"_index":"spt","_id":"2466570"}}
	{"id":2466570,"type":"buy","buyer":"forsakensushi","seller":"dhedge-drips","symbol":"SPT","quantity":"0.026168","price":"0.00272000","timestamp":1641341613,"volume":"0.00007118","buyTxId":"145ed0e0d5fe41264b693524dfe49d6f684678f9","sellTxId":"6c96a1f58b752667806269f1bada43f4c83e7fb5"}
{"index": {"_index":"spt","_id":"2466571"}}
	{"id":2466571,"type":"buy","buyer":"forsakensushi","seller":"brofi-market","symbol":"SPT","quantity":"0.007740","price":"0.00272000","timestamp":1641341613,"volume":"0.00002105","buyTxId":"145ed0e0d5fe41264b693524dfe49d6f684678f9","sellTxId":"043405cb73492c2821d38ac0b5a2d58cba3bfa8a"}
{"index": {"_index":"spt","_id":"2466589"}}
	{"id":2466589,"type":"sell","buyer":"granddaddies","seller":"brofi-market","symbol":"SPT","quantity":"3.826492","price":"0.00259001","timestamp":1641341703,"volume":"0.00991065","buyTxId":"675572e9c9cd8e2d8e3969f7f60bb673d3b70fca","sellTxId":"3a33c990211f8fb2e128fbf4c8ae8542e809151c"}
{"index": {"_index":"spt","_id":"2466607"}}
	{"id":2466607,"type":"buy","buyer":"thewycher","seller":"laundrywoman","symbol":"SPT","quantity":"12.363771","price":"0.00274997","timestamp":1641341814,"volume":"0.034","buyTxId":"eada1369a40f2e94c6087c774318eb166911c209","sellTxId":"55ab22868e72e95584f2e53f31d367bff7dde0af"}
{"index": {"_index":"spt","_id":"2466632"}}
	{"id":2466632,"type":"sell","buyer":"granddaddies","seller":"kamukami","symbol":"SPT","quantity":"0.005949","price":"0.00259001","timestamp":1641341982,"volume":"0.00001541","buyTxId":"675572e9c9cd8e2d8e3969f7f60bb673d3b70fca","sellTxId":"518a3faab0f27c4b189767c5956dbcf7242b4bc2"}
{"index": {"_index":"spt","_id":"2466702"}}
	{"id":2466702,"type":"sell","buyer":"infinitytcg","seller":"chireerocks","symbol":"SPT","quantity":"26.586447","price":"0.00259000","timestamp":1641342267,"volume":"0.06885890","buyTxId":"c94e1596b5ad92ed101205600fc7bccd23738114","sellTxId":"df9831bce9a68bd13f877e496c844d33928852e4"}
{"index": {"_index":"spt","_id":"2466765"}}
	{"id":2466765,"type":"sell","buyer":"infinitytcg","seller":"udontknowm3","symbol":"SPT","quantity":"25.458289","price":"0.00259000","timestamp":1641342426,"volume":"0.06593697","buyTxId":"c94e1596b5ad92ed101205600fc7bccd23738114","sellTxId":"84fa082473780218a5801eac3a293690b08b6a14"}
{"index": {"_index":"spt","_id":"2466857"}}
	{"id":2466857,"type":"sell","buyer":"infinitytcg","seller":"anomalix","symbol":"SPT","quantity":"2497.297786","price":"0.00259000","timestamp":1641343593,"volume":"6.46800127","buyTxId":"c94e1596b5ad92ed101205600fc7bccd23738114","sellTxId":"d4cca64c54e6fd929577502e3cf42479ce93a2b2"}
{"index": {"_index":"spt","_id":"2466858"}}
	{"id":2466858,"type":"sell","buyer":"infinitytcg","seller":"dhedge-drips","symbol":"SPT","quantity":"0.002834","price":"0.00259000","timestamp":1641343596,"volume":"0.00000734","buyTxId":"c94e1596b5ad92ed101205600fc7bccd23738114","sellTxId":"2698fdadc8f28471ba77da49906eaaab16b77f0d"}
{"index": {"_index":"spt","_id":"2466875"}}
	{"id":2466875,"type":"sell","buyer":"infinitytcg","seller":"robertrz","symbol":"SPT","quantity":"198.815435","price":"0.00259000","timestamp":1641343710,"volume":"0.51493198","buyTxId":"c94e1596b5ad92ed101205600fc7bccd23738114","sellTxId":"a075d7c2c6ce376e88d6e730dac2f0bf0231170b"}
{"index": {"_index":"spt","_id":"2467142"}}
	{"id":2467142,"type":"sell","buyer":"infinitytcg","seller":"nrg","symbol":"SPT","quantity":"1946.340835","price":"0.00259000","timestamp":1641346995,"volume":"5.04102276","buyTxId":"c94e1596b5ad92ed101205600fc7bccd23738114","sellTxId":"b4d61426c92cecfb48e382455730ca53bb3558f5-13"}
{"index": {"_index":"spt","_id":"2467225"}}
	{"id":2467225,"type":"buy","buyer":"chireerocks","seller":"laundrywoman","symbol":"SPT","quantity":"702.000000","price":"0.00274996","timestamp":1641348024,"volume":"1.93047192","buyTxId":"20a3dae1286c70597298953bbaaa53c3bb00936f","sellTxId":"6c7466d7b1c9284ae99981dc77648ae7fddf523b"}
{"index": {"_index":"spt","_id":"2467458"}}
	{"id":2467458,"type":"sell","buyer":"infinitytcg","seller":"gsauce1989","symbol":"SPT","quantity":"305.498374","price":"0.00259000","timestamp":1641351012,"volume":"0.79124078","buyTxId":"c94e1596b5ad92ed101205600fc7bccd23738114","sellTxId":"b6f664aa57f459e03551a98ae733034d48690c02"}
{"index": {"_index":"spt","_id":"2467459"}}
	{"id":2467459,"type":"sell","buyer":"myothuzar","seller":"gsauce1989","symbol":"SPT","quantity":"32.251626","price":"0.00257004","timestamp":1641351012,"volume":"0.08288797","buyTxId":"a6e5baf41d9b56896dc53773656909d65803c62f","sellTxId":"b6f664aa57f459e03551a98ae733034d48690c02"}
{"index": {"_index":"spt","_id":"2467507"}}
	{"id":2467507,"type":"buy","buyer":"dswap","seller":"laundrywoman","symbol":"SPT","quantity":"773.390215","price":"0.00269997","timestamp":1641351507,"volume":"2.08813038","buyTxId":"461e53abe35dab45d9a1b8120f3e9621761bdce5","sellTxId":"00ad8f7cc0224ae6d8475886a169f54a53257e26"}
{"index": {"_index":"spt","_id":"2467536"}}
	{"id":2467536,"type":"buy","buyer":"dswap","seller":"laundrywoman","symbol":"SPT","quantity":"44.748034","price":"0.00269997","timestamp":1641351894,"volume":"0.12081835","buyTxId":"f4823685b78ae2cb736080d4f92d5d8ddab8b895","sellTxId":"00ad8f7cc0224ae6d8475886a169f54a53257e26"}
{"index": {"_index":"spt","_id":"2467771"}}
	{"id":2467771,"type":"sell","buyer":"myothuzar","seller":"themarkymark","symbol":"SPT","quantity":"86.907000","price":"0.00257004","timestamp":1641354489,"volume":"0.22335447","buyTxId":"a6e5baf41d9b56896dc53773656909d65803c62f","sellTxId":"5bde8a9ced3424d81863e993300c0a6486f0e867"}
