{"index": {"_index":"spt","_id":"3579094"}}
	{"id":3579094,"type":"sell","buyer":"thewycher","seller":"rileykat","symbol":"SPT","quantity":"9.171948","price":"0.00241833","timestamp":1654051572,"volume":"0.02218080","buyTxId":"315c153981e790e3731a0aa02c7eff0b19aed748","sellTxId":"8c40c4716d53e4849b6ce2b38c58744b8b497277"}
{"index": {"_index":"spt","_id":"3579097"}}
	{"id":3579097,"type":"sell","buyer":"thewycher","seller":"noblebright","symbol":"SPT","quantity":"3.950670","price":"0.00241833","timestamp":1654051620,"volume":"0.00955402","buyTxId":"315c153981e790e3731a0aa02c7eff0b19aed748","sellTxId":"881935bb64cadd276b4112d4948027c1266794c6"}
{"index": {"_index":"spt","_id":"3579431"}}
	{"id":3579431,"type":"sell","buyer":"thewycher","seller":"chireerocks","symbol":"SPT","quantity":"100.000000","price":"0.00241833","timestamp":1654056003,"volume":"0.24183300","buyTxId":"315c153981e790e3731a0aa02c7eff0b19aed748","sellTxId":"5338392ed00700228716c1bc86f17b333f24e789"}
{"index": {"_index":"spt","_id":"3579730"}}
	{"id":3579730,"type":"sell","buyer":"thewycher","seller":"felipejoys","symbol":"SPT","quantity":"156.951207","price":"0.00241833","timestamp":1654060341,"volume":"0.37955981","buyTxId":"315c153981e790e3731a0aa02c7eff0b19aed748","sellTxId":"6c700b2b6d9a73137405349b7669dddb90b07a1b"}
{"index": {"_index":"spt","_id":"3579731"}}
	{"id":3579731,"type":"sell","buyer":"thewycher","seller":"felipejoys","symbol":"SPT","quantity":"499.999999","price":"0.00241833","timestamp":1654060341,"volume":"1.20916500","buyTxId":"7a60f6f8ad19fb485da27438d2355ce8514f3163","sellTxId":"6c700b2b6d9a73137405349b7669dddb90b07a1b"}
{"index": {"_index":"spt","_id":"3579732"}}
	{"id":3579732,"type":"sell","buyer":"thewycher","seller":"felipejoys","symbol":"SPT","quantity":"499.999999","price":"0.00241833","timestamp":1654060341,"volume":"1.20916500","buyTxId":"f4c169765b560d0fefa3b502eb7d32e6b1827bcd","sellTxId":"6c700b2b6d9a73137405349b7669dddb90b07a1b"}
{"index": {"_index":"spt","_id":"3579733"}}
	{"id":3579733,"type":"sell","buyer":"thewycher","seller":"felipejoys","symbol":"SPT","quantity":"499.999999","price":"0.00241833","timestamp":1654060341,"volume":"1.20916500","buyTxId":"be72099a7c3052781f9a94d895635640d688ca0e","sellTxId":"6c700b2b6d9a73137405349b7669dddb90b07a1b"}
{"index": {"_index":"spt","_id":"3579734"}}
	{"id":3579734,"type":"sell","buyer":"thewycher","seller":"felipejoys","symbol":"SPT","quantity":"499.999999","price":"0.00241833","timestamp":1654060341,"volume":"1.20916500","buyTxId":"80e8cc808057ba247acff6143e87d292f6ad93f2","sellTxId":"6c700b2b6d9a73137405349b7669dddb90b07a1b"}
{"index": {"_index":"spt","_id":"3579735"}}
	{"id":3579735,"type":"sell","buyer":"thewycher","seller":"felipejoys","symbol":"SPT","quantity":"499.999999","price":"0.00241833","timestamp":1654060341,"volume":"1.20916500","buyTxId":"361574fe49710d7cdbb56745431a88f4a4de982f","sellTxId":"6c700b2b6d9a73137405349b7669dddb90b07a1b"}
{"index": {"_index":"spt","_id":"3579736"}}
	{"id":3579736,"type":"sell","buyer":"thewycher","seller":"felipejoys","symbol":"SPT","quantity":"499.999999","price":"0.00241833","timestamp":1654060341,"volume":"1.20916500","buyTxId":"0c64f65ddd7336d0b32bf49f988a3e5e648c9abc","sellTxId":"6c700b2b6d9a73137405349b7669dddb90b07a1b"}
{"index": {"_index":"spt","_id":"3579737"}}
	{"id":3579737,"type":"sell","buyer":"thewycher","seller":"felipejoys","symbol":"SPT","quantity":"499.999999","price":"0.00241833","timestamp":1654060341,"volume":"1.20916500","buyTxId":"046ca77b5adf768f46156e325cd109a947466bc1","sellTxId":"6c700b2b6d9a73137405349b7669dddb90b07a1b"}
{"index": {"_index":"spt","_id":"3579738"}}
	{"id":3579738,"type":"sell","buyer":"thewycher","seller":"felipejoys","symbol":"SPT","quantity":"244.320536","price":"0.00241833","timestamp":1654060341,"volume":"0.59084768","buyTxId":"3163f0d6dcb1df71f4453c833b30e8066421a2bf","sellTxId":"6c700b2b6d9a73137405349b7669dddb90b07a1b"}
{"index": {"_index":"spt","_id":"3579832"}}
	{"id":3579832,"type":"sell","buyer":"thewycher","seller":"khazrakh","symbol":"SPT","quantity":"255.679463","price":"0.00241833","timestamp":1654061817,"volume":"0.61831732","buyTxId":"3163f0d6dcb1df71f4453c833b30e8066421a2bf","sellTxId":"3e38afa5fae017be3e4fa5e47f46dfdf1f54484c"}
{"index": {"_index":"spt","_id":"3579833"}}
	{"id":3579833,"type":"sell","buyer":"thewycher","seller":"khazrakh","symbol":"SPT","quantity":"28.627763","price":"0.00241833","timestamp":1654061817,"volume":"0.06923138","buyTxId":"eec017019d2fe507bc278491ed535aa0265dc2b7","sellTxId":"3e38afa5fae017be3e4fa5e47f46dfdf1f54484c"}
{"index": {"_index":"spt","_id":"3580319"}}
	{"id":3580319,"type":"sell","buyer":"thewycher","seller":"splinter100dedos","symbol":"SPT","quantity":"10.003624","price":"0.00241833","timestamp":1654067919,"volume":"0.02419206","buyTxId":"eec017019d2fe507bc278491ed535aa0265dc2b7","sellTxId":"112234b3482a8ffb1c908b30fd3e7ca17c498d34"}
{"index": {"_index":"spt","_id":"3580742"}}
	{"id":3580742,"type":"sell","buyer":"thewycher","seller":"operahoser","symbol":"SPT","quantity":"0.029000","price":"0.00241833","timestamp":1654074186,"volume":"0.00007013","buyTxId":"eec017019d2fe507bc278491ed535aa0265dc2b7","sellTxId":"3c8f8e841ad1fdc383a82786152ff1c95c9cdab7"}
{"index": {"_index":"spt","_id":"3581197"}}
	{"id":3581197,"type":"buy","buyer":"pjansen","seller":"yameen","symbol":"SPT","quantity":"69.821918","price":"0.00268900","timestamp":1654078938,"volume":"0.18775114","buyTxId":"e07eaafe78a03d3c05db54ae658872d9e7e2fbcf","sellTxId":"168aa1b31213503aed8ae519978e616a56a72a33"}
{"index": {"_index":"spt","_id":"3581198"}}
	{"id":3581198,"type":"buy","buyer":"pjansen","seller":"onlydoge","symbol":"SPT","quantity":"391.207754","price":"0.00269000","timestamp":1654078938,"volume":"1.05234886","buyTxId":"e07eaafe78a03d3c05db54ae658872d9e7e2fbcf","sellTxId":"eb4fbecabb4d1442088e12b3b3ca30316f617d89"}
{"index": {"_index":"spt","_id":"3581373"}}
	{"id":3581373,"type":"sell","buyer":"thewycher","seller":"mightyrocklee","symbol":"SPT","quantity":"461.339612","price":"0.00241833","timestamp":1654081206,"volume":"1.11567142","buyTxId":"eec017019d2fe507bc278491ed535aa0265dc2b7","sellTxId":"69875681628092e63048e4db6de6849db287bdf7"}
{"index": {"_index":"spt","_id":"3581374"}}
	{"id":3581374,"type":"sell","buyer":"thewycher","seller":"mightyrocklee","symbol":"SPT","quantity":"294.327768","price":"0.00241833","timestamp":1654081206,"volume":"0.71178167","buyTxId":"3b9cc7e9a763d33eaa7d6e1a87898290614d3085","sellTxId":"69875681628092e63048e4db6de6849db287bdf7"}
{"index": {"_index":"spt","_id":"3581433"}}
	{"id":3581433,"type":"sell","buyer":"thewycher","seller":"themarkymark","symbol":"SPT","quantity":"35.047415","price":"0.00241833","timestamp":1654082142,"volume":"0.08475622","buyTxId":"3b9cc7e9a763d33eaa7d6e1a87898290614d3085","sellTxId":"04485312eb59157bb2482ce29dd84fac43bee627"}
{"index": {"_index":"spt","_id":"3581698"}}
	{"id":3581698,"type":"buy","buyer":"holovision.cash","seller":"onlydoge","symbol":"SPT","quantity":"3245.155876","price":"0.00269000","timestamp":1654085298,"volume":"8.72946931","buyTxId":"511456438406f76010b172e192790a89061b6588","sellTxId":"eb4fbecabb4d1442088e12b3b3ca30316f617d89"}
{"index": {"_index":"spt","_id":"3581699"}}
	{"id":3581699,"type":"buy","buyer":"holovision.cash","seller":"underlock","symbol":"SPT","quantity":"2113.521319","price":"0.00269980","timestamp":1654085337,"volume":"5.70608486","buyTxId":"766e7a3f6fc00f7a9023f512cffd2d1ea99a2df5","sellTxId":"7e6d1b54c7c2af769aee4a8837dde9e60606118b"}
{"index": {"_index":"spt","_id":"3581812"}}
	{"id":3581812,"type":"buy","buyer":"dbooster","seller":"norseland","symbol":"SPT","quantity":"395.933115","price":"0.00270885","timestamp":1654086705,"volume":"1.07252342","buyTxId":"9f1bd7c3c9e7fd353492eb15ea1ee6822c7ed788","sellTxId":"fb75281c6d115768f19effde0574bb10cbcc96bc"}
{"index": {"_index":"spt","_id":"3581813"}}
	{"id":3581813,"type":"buy","buyer":"dbooster","seller":"dhedge-drips","symbol":"SPT","quantity":"0.014000","price":"0.00270885","timestamp":1654086705,"volume":"0.00003792","buyTxId":"9f1bd7c3c9e7fd353492eb15ea1ee6822c7ed788","sellTxId":"d4c29c09471dfe0a6f33bc72c2de4dc0f16dfcb4"}
{"index": {"_index":"spt","_id":"3581814"}}
	{"id":3581814,"type":"buy","buyer":"dbooster","seller":"norseland","symbol":"SPT","quantity":"104.052885","price":"0.00270899","timestamp":1654086705,"volume":"0.28187822","buyTxId":"9f1bd7c3c9e7fd353492eb15ea1ee6822c7ed788","sellTxId":"e1c68b28ae7be0f00b2971dc8598b850bc7eca9e"}
{"index": {"_index":"spt","_id":"3581828"}}
	{"id":3581828,"type":"sell","buyer":"holovision.cash","seller":"ukyron3","symbol":"SPT","quantity":"1.478681","price":"0.00269980","timestamp":1654087092,"volume":"0.00399214","buyTxId":"766e7a3f6fc00f7a9023f512cffd2d1ea99a2df5","sellTxId":"422fcb3f0887c6459b402f2923bf789190508bfb"}
{"index": {"_index":"spt","_id":"3581829"}}
	{"id":3581829,"type":"sell","buyer":"holovision.cash","seller":"ukyron3","symbol":"SPT","quantity":"0.844124","price":"0.00269000","timestamp":1654087092,"volume":"0.00227069","buyTxId":"511456438406f76010b172e192790a89061b6588","sellTxId":"422fcb3f0887c6459b402f2923bf789190508bfb"}
{"index": {"_index":"spt","_id":"3581837"}}
	{"id":3581837,"type":"buy","buyer":"rzc24-nftbbg","seller":"ukyron3","symbol":"SPT","quantity":"1845.000000","price":"0.00270890","timestamp":1654087257,"volume":"4.99792050","buyTxId":"a7a89c8db2355ce68ea785e4a9d722304c7848d6","sellTxId":"8a719cbaa9b17e5a37fc8bbaa1f1658bf91e5dc1"}
{"index": {"_index":"spt","_id":"3581981"}}
	{"id":3581981,"type":"buy","buyer":"pele23","seller":"agglutinogenic","symbol":"SPT","quantity":"97.489818","price":"0.00270790","timestamp":1654088457,"volume":"0.26399268","buyTxId":"73e0433a93366381792ecdb7a9e0b2616ccca15a","sellTxId":"77f216980bda4d758093ae5a870776860b03a981"}
{"index": {"_index":"spt","_id":"3582002"}}
	{"id":3582002,"type":"sell","buyer":"thewycher","seller":"holdeck","symbol":"SPT","quantity":"37.662957","price":"0.00243101","timestamp":1654088622,"volume":"0.09155903","buyTxId":"653136602b13495780a604e21a8001281825134d","sellTxId":"40aa413a4fffbcdecec6fe73b701b140cf1ca4d1"}
{"index": {"_index":"spt","_id":"3582029"}}
	{"id":3582029,"type":"sell","buyer":"thewycher","seller":"dswap","symbol":"SPT","quantity":"17.49","price":"0.00243101","timestamp":1654089000,"volume":"0.04251836","buyTxId":"653136602b13495780a604e21a8001281825134d","sellTxId":"1f754767d0badef04fb2d0922ca4e6cdbc10415d"}
{"index": {"_index":"spt","_id":"3582391"}}
	{"id":3582391,"type":"sell","buyer":"thewycher","seller":"liuke96player","symbol":"SPT","quantity":"113.580401","price":"0.00244101","timestamp":1654092417,"volume":"0.27725089","buyTxId":"b7b62d1467d8daa720e84da96762410d254ad7ff","sellTxId":"5f9c18f9eac66ec407164d0a283b08dbc26e24e0"}
{"index": {"_index":"spt","_id":"3582425"}}
	{"id":3582425,"type":"sell","buyer":"thewycher","seller":"dswap","symbol":"SPT","quantity":"386.419598","price":"0.00244101","timestamp":1654092528,"volume":"0.94325410","buyTxId":"b7b62d1467d8daa720e84da96762410d254ad7ff","sellTxId":"bbb493cafff7becd62f60c5e45722ec54b72f9fc"}
{"index": {"_index":"spt","_id":"3582426"}}
	{"id":3582426,"type":"sell","buyer":"thewycher","seller":"dswap","symbol":"SPT","quantity":"499.999999","price":"0.00244101","timestamp":1654092528,"volume":"1.22050500","buyTxId":"78dc26fa1689f41431c2e3d591da38a2960968ff","sellTxId":"bbb493cafff7becd62f60c5e45722ec54b72f9fc"}
{"index": {"_index":"spt","_id":"3582427"}}
	{"id":3582427,"type":"sell","buyer":"thewycher","seller":"dswap","symbol":"SPT","quantity":"499.999999","price":"0.00244101","timestamp":1654092528,"volume":"1.22050500","buyTxId":"a986a738ebbba8748d22d4489cc1fdcdff5c1c2c","sellTxId":"bbb493cafff7becd62f60c5e45722ec54b72f9fc"}
{"index": {"_index":"spt","_id":"3582428"}}
	{"id":3582428,"type":"sell","buyer":"thewycher","seller":"dswap","symbol":"SPT","quantity":"499.999999","price":"0.00244101","timestamp":1654092528,"volume":"1.22050500","buyTxId":"87cec1eeaa614d34f0b2fc73033ec2a47bca8b5b","sellTxId":"bbb493cafff7becd62f60c5e45722ec54b72f9fc"}
{"index": {"_index":"spt","_id":"3582429"}}
	{"id":3582429,"type":"sell","buyer":"thewycher","seller":"dswap","symbol":"SPT","quantity":"113.580405","price":"0.00244101","timestamp":1654092528,"volume":"0.27725090","buyTxId":"4b3d86d2c0a6a87ffaf045741ddc98bc152652bf","sellTxId":"bbb493cafff7becd62f60c5e45722ec54b72f9fc"}
{"index": {"_index":"spt","_id":"3582601"}}
	{"id":3582601,"type":"sell","buyer":"multifurcate","seller":"bowser15","symbol":"SPT","quantity":"150.894062","price":"0.00245100","timestamp":1654093497,"volume":"0.36984135","buyTxId":"eee63aa6cffcb680419e5141beb289c970933ca3","sellTxId":"938215664614f501abae778eae36c902abb5ef04"}
{"index": {"_index":"spt","_id":"3582744"}}
	{"id":3582744,"type":"sell","buyer":"multifurcate","seller":"themightyvolcano","symbol":"SPT","quantity":"37000.000000","price":"0.00245100","timestamp":1654094523,"volume":"90.68700000","buyTxId":"eee63aa6cffcb680419e5141beb289c970933ca3","sellTxId":"be8fdc1b6b079b9c96636fa560cb772b0982498f"}
{"index": {"_index":"spt","_id":"3583139"}}
	{"id":3583139,"type":"sell","buyer":"multifurcate","seller":"creativehive","symbol":"SPT","quantity":"16.561007","price":"0.00246100","timestamp":1654098021,"volume":"0.04075664","buyTxId":"f0eed0eaf158636ebba5b713fe46b106bf737a2d","sellTxId":"df6b3b177d4fa088843a16b9063a897c21c1f723"}
{"index": {"_index":"spt","_id":"3583336"}}
	{"id":3583336,"type":"sell","buyer":"thewycher","seller":"sketchygamerguy","symbol":"SPT","quantity":"21.059859","price":"0.00246101","timestamp":1654099758,"volume":"0.05182852","buyTxId":"9871fa9088864a0e9aa7c4bf6a53e64e37e6fdfa","sellTxId":"7d3d59c1af157281895aa06320914cadc98ba788"}
{"index": {"_index":"spt","_id":"3583723"}}
	{"id":3583723,"type":"buy","buyer":"druidsblood","seller":"agglutinogenic","symbol":"SPT","quantity":"6054.000000","price":"0.00269900","timestamp":1654102728,"volume":"16.33974600","buyTxId":"49017691538005218523a501c94772269fc44326","sellTxId":"21c47064b1d4720c0ee9f18d4d37280d08447d85"}
{"index": {"_index":"spt","_id":"3584142"}}
	{"id":3584142,"type":"sell","buyer":"onlydoge","seller":"salvadornkpara","symbol":"SPT","quantity":"5.009160","price":"0.00251000","timestamp":1654106403,"volume":"0.01257299","buyTxId":"ed927c76a0a4e072fa16d4e634f84d8377455c8d","sellTxId":"5bfdf2856893aa9543a747660c540e03f960ef44"}
{"index": {"_index":"spt","_id":"3584153"}}
	{"id":3584153,"type":"sell","buyer":"onlydoge","seller":"catomoon","symbol":"SPT","quantity":"1.483916","price":"0.00251000","timestamp":1654106487,"volume":"0.00372463","buyTxId":"ed927c76a0a4e072fa16d4e634f84d8377455c8d","sellTxId":"9a6d2ad7c1533a47f8c08cf9db8655165598be71"}
{"index": {"_index":"spt","_id":"3584255"}}
	{"id":3584255,"type":"sell","buyer":"photosnap","seller":"pjansen","symbol":"SPT","quantity":"16.480543","price":"0.00259000","timestamp":1654107384,"volume":"0.04268461","buyTxId":"9df62151846007c1a9652caa18effe6d2bb454a4","sellTxId":"7bdb9590c15d52f2431c40b06069d4eccf1e97e6"}
{"index": {"_index":"spt","_id":"3584276"}}
	{"id":3584276,"type":"sell","buyer":"photosnap","seller":"splinterlandshq","symbol":"SPT","quantity":"0.048255","price":"0.00259000","timestamp":1654107642,"volume":"0.00012498","buyTxId":"9df62151846007c1a9652caa18effe6d2bb454a4","sellTxId":"90954a0374900962d2448484ead1c24fbd3efeb8"}
{"index": {"_index":"spt","_id":"3584277"}}
	{"id":3584277,"type":"sell","buyer":"onlydoge","seller":"splinterlandshq","symbol":"SPT","quantity":"871.486120","price":"0.00251000","timestamp":1654107642,"volume":"2.18743016","buyTxId":"ed927c76a0a4e072fa16d4e634f84d8377455c8d","sellTxId":"90954a0374900962d2448484ead1c24fbd3efeb8"}
{"index": {"_index":"spt","_id":"3584313"}}
	{"id":3584313,"type":"sell","buyer":"onlydoge","seller":"photosnap","symbol":"SPT","quantity":"33.057596","price":"0.00251000","timestamp":1654107963,"volume":"0.08297457","buyTxId":"ed927c76a0a4e072fa16d4e634f84d8377455c8d","sellTxId":"bfd0ecc6a8dc69fc746c9aaccb9ca51a259aad9c"}
{"index": {"_index":"spt","_id":"3584366"}}
	{"id":3584366,"type":"sell","buyer":"onlydoge","seller":"mango-juice","symbol":"SPT","quantity":"2988.746454","price":"0.00251000","timestamp":1654108593,"volume":"7.50175360","buyTxId":"ed927c76a0a4e072fa16d4e634f84d8377455c8d","sellTxId":"c19e621f474dc9238603bd01ae687df6e76e7a77"}
{"index": {"_index":"spt","_id":"3585323"}}
	{"id":3585323,"type":"sell","buyer":"onlydoge","seller":"motra","symbol":"SPT","quantity":"66.576464","price":"0.00251000","timestamp":1654117323,"volume":"0.16710692","buyTxId":"ed927c76a0a4e072fa16d4e634f84d8377455c8d","sellTxId":"4fb724399fe4564b53bdcec73bb858cde52dda62"}
{"index": {"_index":"spt","_id":"3585506"}}
	{"id":3585506,"type":"sell","buyer":"onlydoge","seller":"burningelk","symbol":"SPT","quantity":"17.704030","price":"0.00251000","timestamp":1654119339,"volume":"0.04443712","buyTxId":"ed927c76a0a4e072fa16d4e634f84d8377455c8d","sellTxId":"05aefa3ba7ac4d6fedddca45a79ab228d8ff9aa6"}
{"index": {"_index":"spt","_id":"3585522"}}
	{"id":3585522,"type":"sell","buyer":"sbi-tokens","seller":"burningelk","symbol":"SPT","quantity":"889.000000","price":"0.00250000","timestamp":1654119462,"volume":"2.22250000","buyTxId":"4546c170c26f2f501ad5cfe6279d65ad080ef826","sellTxId":"e68e11c8baf73b3f0a544dba2938e7e12413bf22"}
{"index": {"_index":"spt","_id":"3585662"}}
	{"id":3585662,"type":"sell","buyer":"sbi-tokens","seller":"he-index","symbol":"SPT","quantity":"0.027000","price":"0.00250000","timestamp":1654120989,"volume":"0.00006750","buyTxId":"4546c170c26f2f501ad5cfe6279d65ad080ef826","sellTxId":"73d394f0b207e714653f53b273ea6173c1dd7fee"}
{"index": {"_index":"spt","_id":"3585735"}}
	{"id":3585735,"type":"sell","buyer":"sbi-tokens","seller":"syarrf","symbol":"SPT","quantity":"1142.973000","price":"0.00250000","timestamp":1654122402,"volume":"2.85743250","buyTxId":"4546c170c26f2f501ad5cfe6279d65ad080ef826","sellTxId":"f0102001f570091ff6298980d9ce43374c66e51c"}
{"index": {"_index":"spt","_id":"3585739"}}
	{"id":3585739,"type":"sell","buyer":"thewycher","seller":"syarrf","symbol":"SPT","quantity":"499.999999","price":"0.00247101","timestamp":1654122570,"volume":"1.23550500","buyTxId":"4930d782d89804e4fe65dc1a42b0e74321285f4a","sellTxId":"5036f768e71262ed799a79aa9ec278a4bc1704ed"}
{"index": {"_index":"spt","_id":"3585740"}}
	{"id":3585740,"type":"sell","buyer":"thewycher","seller":"syarrf","symbol":"SPT","quantity":"499.999999","price":"0.00247101","timestamp":1654122570,"volume":"1.23550500","buyTxId":"c908ee28f14aa9e06690d86a645e77488342ca99","sellTxId":"5036f768e71262ed799a79aa9ec278a4bc1704ed"}
{"index": {"_index":"spt","_id":"3585741"}}
	{"id":3585741,"type":"sell","buyer":"thewycher","seller":"syarrf","symbol":"SPT","quantity":"438.021380","price":"0.00247101","timestamp":1654122570,"volume":"1.08235521","buyTxId":"b98e45441c3377d16813d177d00f1e3273bf0cb9","sellTxId":"5036f768e71262ed799a79aa9ec278a4bc1704ed"}
{"index": {"_index":"spt","_id":"3586320"}}
	{"id":3586320,"type":"sell","buyer":"thewycher","seller":"alexandrzombi","symbol":"SPT","quantity":"0.358250","price":"0.00241833","timestamp":1654125558,"volume":"0.00086637","buyTxId":"539cb8552fca983f9dc0c8b29c66846587e59136","sellTxId":"e3db3b4ae9deda0c0e86dfd1bd93e45382bdf5ad"}
{"index": {"_index":"spt","_id":"3586789"}}
	{"id":3586789,"type":"sell","buyer":"thewycher","seller":"thinkrdotexe","symbol":"SPT","quantity":"2.400633","price":"0.00241833","timestamp":1654130712,"volume":"0.00580552","buyTxId":"539cb8552fca983f9dc0c8b29c66846587e59136","sellTxId":"c49e6c5a4a6c4da9a78d480b21f9ee0a5aeb5d11"}
{"index": {"_index":"spt","_id":"3586797"}}
	{"id":3586797,"type":"sell","buyer":"thewycher","seller":"dhedge-drips","symbol":"SPT","quantity":"0.020500","price":"0.00241833","timestamp":1654130775,"volume":"0.00004958","buyTxId":"539cb8552fca983f9dc0c8b29c66846587e59136","sellTxId":"fe2495d32563b459190cee6e864595f9fd363f69"}
{"index": {"_index":"spt","_id":"3586960"}}
	{"id":3586960,"type":"sell","buyer":"thewycher","seller":"dcassano","symbol":"SPT","quantity":"216.61743","price":"0.00241833","timestamp":1654132881,"volume":"0.52385243","buyTxId":"539cb8552fca983f9dc0c8b29c66846587e59136","sellTxId":"2ff587cb3e150fef29e07c574c12eb7b49c065e9"}
{"index": {"_index":"spt","_id":"3587079"}}
	{"id":3587079,"type":"sell","buyer":"thewycher","seller":"chireerocks","symbol":"SPT","quantity":"280.603186","price":"0.00241833","timestamp":1654135092,"volume":"0.67859110","buyTxId":"539cb8552fca983f9dc0c8b29c66846587e59136","sellTxId":"ca154cfbe149f26cc1b854859b92724c706da00a"}
{"index": {"_index":"spt","_id":"3587080"}}
	{"id":3587080,"type":"sell","buyer":"thewycher","seller":"chireerocks","symbol":"SPT","quantity":"16.642618","price":"0.00241833","timestamp":1654135092,"volume":"0.04024734","buyTxId":"748c818135176eb9c0b72a8aaf1c365d1195ddb9","sellTxId":"ca154cfbe149f26cc1b854859b92724c706da00a"}
{"index": {"_index":"spt","_id":"3587243"}}
	{"id":3587243,"type":"sell","buyer":"thewycher","seller":"shauner","symbol":"SPT","quantity":"483.357381","price":"0.00241833","timestamp":1654137579,"volume":"1.16891766","buyTxId":"748c818135176eb9c0b72a8aaf1c365d1195ddb9","sellTxId":"5b88a46d9b93abe73d33c21bc871a7539696ab9e"}
{"index": {"_index":"spt","_id":"3587244"}}
	{"id":3587244,"type":"sell","buyer":"thewycher","seller":"shauner","symbol":"SPT","quantity":"499.999999","price":"0.00241833","timestamp":1654137579,"volume":"1.20916500","buyTxId":"a59389b9a12aea1d6585ff327a27b44f9be080df","sellTxId":"5b88a46d9b93abe73d33c21bc871a7539696ab9e"}
{"index": {"_index":"spt","_id":"3587245"}}
	{"id":3587245,"type":"sell","buyer":"thewycher","seller":"shauner","symbol":"SPT","quantity":"499.999999","price":"0.00241833","timestamp":1654137579,"volume":"1.20916500","buyTxId":"dfec24470a2a5f2e484b84c8309400071b12fc6c","sellTxId":"5b88a46d9b93abe73d33c21bc871a7539696ab9e"}
{"index": {"_index":"spt","_id":"3587246"}}
	{"id":3587246,"type":"sell","buyer":"multifurcate","seller":"shauner","symbol":"SPT","quantity":"12454.338065","price":"0.00241832","timestamp":1654137579,"volume":"30.11857483","buyTxId":"3db60ddcc9c69a8bb80924492b2b305f8583a279","sellTxId":"5b88a46d9b93abe73d33c21bc871a7539696ab9e"}
