{"index": {"_index":"spt","_id":"2719126"}}
	{"id":2719126,"type":"buy","buyer":"almightymelon","seller":"thewycher","symbol":"SPT","quantity":"1110.000000","price":"0.00190000","timestamp":1644119967,"volume":"2.10900000","buyTxId":"61e05422ee0f6393ea8d2e6ad26a7f6e2424aea9","sellTxId":"67cb4aa043c86ec11ef4df3d378ee88cc1e97c04"}
{"index": {"_index":"spt","_id":"2719176"}}
	{"id":2719176,"type":"sell","buyer":"h3m4n7","seller":"brofi-market","symbol":"SPT","quantity":"0.690385","price":"0.00164100","timestamp":1644120744,"volume":"0.00113292","buyTxId":"dc6194c6c7c5e47ae2f53b4b93915c0ab1628be2","sellTxId":"f34902ff51a1cf2084b27b4989e8f133116fba36"}
{"index": {"_index":"spt","_id":"2719244"}}
	{"id":2719244,"type":"sell","buyer":"h3m4n7","seller":"lordtimoty","symbol":"SPT","quantity":"201.201502","price":"0.00164100","timestamp":1644121818,"volume":"0.33017166","buyTxId":"dc6194c6c7c5e47ae2f53b4b93915c0ab1628be2","sellTxId":"3b8b7b6f267da899a30806bfbdb694de27e33d4c"}
{"index": {"_index":"spt","_id":"2719245"}}
	{"id":2719245,"type":"sell","buyer":"kitsuki","seller":"lordtimoty","symbol":"SPT","quantity":"599.980412","price":"0.00164000","timestamp":1644121818,"volume":"0.98396788","buyTxId":"7f549c9568aa94bcd469f558e10b0c5bb1357862","sellTxId":"3b8b7b6f267da899a30806bfbdb694de27e33d4c"}
{"index": {"_index":"spt","_id":"2719246"}}
	{"id":2719246,"type":"sell","buyer":"h3m4n7","seller":"lordtimoty","symbol":"SPT","quantity":"500.000000","price":"0.00163121","timestamp":1644121818,"volume":"0.81560500","buyTxId":"29a3a512309c67c8122ba3e488d90972a6ec1353","sellTxId":"3b8b7b6f267da899a30806bfbdb694de27e33d4c"}
{"index": {"_index":"spt","_id":"2719247"}}
	{"id":2719247,"type":"sell","buyer":"h3m4n7","seller":"lordtimoty","symbol":"SPT","quantity":"500.000000","price":"0.00163120","timestamp":1644121818,"volume":"0.81560000","buyTxId":"d1021bb186ea969b034b559acc6a76503dffe843","sellTxId":"3b8b7b6f267da899a30806bfbdb694de27e33d4c"}
{"index": {"_index":"spt","_id":"2719248"}}
	{"id":2719248,"type":"sell","buyer":"multifurcate","seller":"lordtimoty","symbol":"SPT","quantity":"235.818086","price":"0.00161460","timestamp":1644121818,"volume":"0.38075188","buyTxId":"a7bfd7b2f9fe60d938fb04948b851391f8e63f54","sellTxId":"3b8b7b6f267da899a30806bfbdb694de27e33d4c"}
{"index": {"_index":"spt","_id":"2719336"}}
	{"id":2719336,"type":"sell","buyer":"h3m4n7","seller":"chireerocks","symbol":"SPT","quantity":"74.016804","price":"0.00161490","timestamp":1644123519,"volume":"0.11952974","buyTxId":"293e88e680c5598a22296ddac61bf6a36750b332","sellTxId":"e9afc1e11472653f3cabb0b81394f7febabd2117"}
{"index": {"_index":"spt","_id":"2719371"}}
	{"id":2719371,"type":"sell","buyer":"multifurcate","seller":"proton80","symbol":"SPT","quantity":"1.687037","price":"0.00165100","timestamp":1644124647,"volume":"0.00278530","buyTxId":"14b90d44eaf0b896773b2b8b4a26faa262e4bccd","sellTxId":"e7e3c34956e63bfb6dbf85c4d98e101a3e837301"}
{"index": {"_index":"spt","_id":"2719405"}}
	{"id":2719405,"type":"buy","buyer":"h3m4n7","seller":"navre","symbol":"SPT","quantity":"1023.000000","price":"0.00180000","timestamp":1644125358,"volume":"1.84140000","buyTxId":"1beda291cf5dcefe4fb5b6f40eb6ed750b180e67","sellTxId":"7f89da320b5cafadf23d54b6d91bace33020562e"}
{"index": {"_index":"spt","_id":"2719503"}}
	{"id":2719503,"type":"sell","buyer":"thewycher","seller":"ackza","symbol":"SPT","quantity":"7.501204","price":"0.00165104","timestamp":1644127263,"volume":"0.01238479","buyTxId":"eeaa58853f9b9395f2e66cd3d9793ce7f9127e99","sellTxId":"e36171dc787f303ea6b1ab11d73c91b10acdd084"}
{"index": {"_index":"spt","_id":"2719647"}}
	{"id":2719647,"type":"sell","buyer":"thewycher","seller":"dhedge-drips","symbol":"SPT","quantity":"0.064723","price":"0.00165104","timestamp":1644129939,"volume":"0.00010686","buyTxId":"eeaa58853f9b9395f2e66cd3d9793ce7f9127e99","sellTxId":"25f0189ba71d897968aed892b971dbb37dd9653e"}
{"index": {"_index":"spt","_id":"2719743"}}
	{"id":2719743,"type":"sell","buyer":"thewycher","seller":"vicmar1","symbol":"SPT","quantity":"140.199247","price":"0.00165104","timestamp":1644131328,"volume":"0.23147456","buyTxId":"eeaa58853f9b9395f2e66cd3d9793ce7f9127e99","sellTxId":"33bf552b559712ee5b19252ef48483ae9f50c581"}
{"index": {"_index":"spt","_id":"2719784"}}
	{"id":2719784,"type":"buy","buyer":"forsakensushi","seller":"thewycher","symbol":"SPT","quantity":"340.492382","price":"0.00190000","timestamp":1644131850,"volume":"0.64693553","buyTxId":"5bba34a83a9e6d155dfbce72601414b3dc195a27","sellTxId":"67cb4aa043c86ec11ef4df3d378ee88cc1e97c04"}
{"index": {"_index":"spt","_id":"2719785"}}
	{"id":2719785,"type":"buy","buyer":"forsakensushi","seller":"brofi-market","symbol":"SPT","quantity":"0.690385","price":"0.00190000","timestamp":1644131850,"volume":"0.00131173","buyTxId":"5bba34a83a9e6d155dfbce72601414b3dc195a27","sellTxId":"e8c1908ac45aafedae6149ea56eba61a28c14854"}
{"index": {"_index":"spt","_id":"2719786"}}
	{"id":2719786,"type":"buy","buyer":"forsakensushi","seller":"thewycher","symbol":"SPT","quantity":"7.501204","price":"0.00190000","timestamp":1644131850,"volume":"0.01425229","buyTxId":"5bba34a83a9e6d155dfbce72601414b3dc195a27","sellTxId":"b7ed8b9a71ce1bee68d2f5d82158f6c4f3166123"}
{"index": {"_index":"spt","_id":"2719787"}}
	{"id":2719787,"type":"buy","buyer":"forsakensushi","seller":"dhedge-drips","symbol":"SPT","quantity":"0.064723","price":"0.00190000","timestamp":1644131850,"volume":"0.00012297","buyTxId":"5bba34a83a9e6d155dfbce72601414b3dc195a27","sellTxId":"6ef53ee2615c7cbdf2fe57ddeda651c086e15f4b"}
{"index": {"_index":"spt","_id":"2719841"}}
	{"id":2719841,"type":"sell","buyer":"thewycher","seller":"bearbear613","symbol":"SPT","quantity":"11.692000","price":"0.00190101","timestamp":1644132777,"volume":"0.02222661","buyTxId":"ad52d4f1f5519a367f433ebf04e8d52f7aefd7cc","sellTxId":"a2739306c64eaa1723a60602afec04486be8be9a"}
{"index": {"_index":"spt","_id":"2719866"}}
	{"id":2719866,"type":"buy","buyer":"forsakensushi","seller":"thewycher","symbol":"SPT","quantity":"140.263970","price":"0.00216599","timestamp":1644133092,"volume":"0.30381036","buyTxId":"ba93cd1bd98f383d6b402d889612527d8144d7f7","sellTxId":"553a3d9cd27e30322b27fc1d73eee36d95c5abbf"}
{"index": {"_index":"spt","_id":"2719867"}}
	{"id":2719867,"type":"buy","buyer":"forsakensushi","seller":"laundrywoman","symbol":"SPT","quantity":"859.736030","price":"0.00216600","timestamp":1644133092,"volume":"1.86218824","buyTxId":"ba93cd1bd98f383d6b402d889612527d8144d7f7","sellTxId":"c3f80d8af17f7c973ba652742a8f86d2c2208bb9"}
{"index": {"_index":"spt","_id":"2719912"}}
	{"id":2719912,"type":"sell","buyer":"forsakensushi","seller":"bushwhack","symbol":"SPT","quantity":"700.000000","price":"0.00200000","timestamp":1644134256,"volume":"1.40000000","buyTxId":"f9c7f64518dcad1f4c118cd9e724c3c4b6519083","sellTxId":"6d9aaad83d4e07e64506bb197f3b833e65c62568"}
{"index": {"_index":"spt","_id":"2720075"}}
	{"id":2720075,"type":"sell","buyer":"forsakensushi","seller":"thewycher","symbol":"SPT","quantity":"11.692000","price":"0.00200000","timestamp":1644137286,"volume":"0.02338400","buyTxId":"68c6b61ab35b44e3e8ee00ae595e3fd20f6b41ed","sellTxId":"ae77e4a2dfe1b6c85147527695d6b09753862cb7"}
{"index": {"_index":"spt","_id":"2720218"}}
	{"id":2720218,"type":"buy","buyer":"jongolson","seller":"laundrywoman","symbol":"SPT","quantity":"1000.000000","price":"0.00216600","timestamp":1644139122,"volume":"2.16600000","buyTxId":"ac0f776308b0a110fa26e18d52886a53b220a346","sellTxId":"ed263be9650ff6e27671cc1605625218e82b00c1"}
{"index": {"_index":"spt","_id":"2720265"}}
	{"id":2720265,"type":"sell","buyer":"forsakensushi","seller":"lazybug","symbol":"SPT","quantity":"688.308000","price":"0.00200000","timestamp":1644139821,"volume":"1.37661600","buyTxId":"68c6b61ab35b44e3e8ee00ae595e3fd20f6b41ed","sellTxId":"ffcc0874fc5a7dbad875d14a53585d49bf45cff0"}
{"index": {"_index":"spt","_id":"2720266"}}
	{"id":2720266,"type":"sell","buyer":"forsakensushi","seller":"lazybug","symbol":"SPT","quantity":"700.000000","price":"0.00190000","timestamp":1644139821,"volume":"1.33000000","buyTxId":"a3cf6b09c3b383982973c442d7b1cac9c6997235","sellTxId":"ffcc0874fc5a7dbad875d14a53585d49bf45cff0"}
{"index": {"_index":"spt","_id":"2720267"}}
	{"id":2720267,"type":"sell","buyer":"forsakensushi","seller":"lazybug","symbol":"SPT","quantity":"369.171738","price":"0.00180000","timestamp":1644139821,"volume":"0.66450913","buyTxId":"3994ac2524a0e2428538a453cc27d20a88c30428","sellTxId":"ffcc0874fc5a7dbad875d14a53585d49bf45cff0"}
{"index": {"_index":"spt","_id":"2720365"}}
	{"id":2720365,"type":"buy","buyer":"forsakensushi","seller":"laundrywoman","symbol":"SPT","quantity":"5000.000000","price":"0.00216600","timestamp":1644141150,"volume":"10.83000000","buyTxId":"2840c7b193512828ed236a8817a39ca41254b3a5","sellTxId":"0213102d7a2a5aa539e80e63ae14c80c5d56fcf1"}
{"index": {"_index":"spt","_id":"2720408"}}
	{"id":2720408,"type":"sell","buyer":"forsakensushi","seller":"dripdropp","symbol":"SPT","quantity":"700.000000","price":"0.00210000","timestamp":1644141858,"volume":"1.47000000","buyTxId":"5445218a72173c18b3b0dc451e430d4ad1db4a32","sellTxId":"02ea01107e6fe52ba01c1989300392b2889433e0"}
{"index": {"_index":"spt","_id":"2720641"}}
	{"id":2720641,"type":"sell","buyer":"forsakensushi","seller":"fuentesjo3006","symbol":"SPT","quantity":"395.827549","price":"0.00200000","timestamp":1644145053,"volume":"0.79165510","buyTxId":"14cc8b9e4472721cce3737bc81d1b4971bc88fcb","sellTxId":"346b3f31da685901b1de16cc5b8b7c78b49586d5"}
{"index": {"_index":"spt","_id":"2720678"}}
	{"id":2720678,"type":"sell","buyer":"forsakensushi","seller":"siberian12","symbol":"SPT","quantity":"27.164424","price":"0.00200000","timestamp":1644145743,"volume":"0.05432885","buyTxId":"14cc8b9e4472721cce3737bc81d1b4971bc88fcb","sellTxId":"6e14fde6151aed909a2baee14cb8cf8db91a8de3"}
{"index": {"_index":"spt","_id":"2720699"}}
	{"id":2720699,"type":"buy","buyer":"mezza98","seller":"dripdropp","symbol":"SPT","quantity":"0.000600","price":"0.00210000","timestamp":1644146130,"volume":"0.00000126","buyTxId":"be574cbfcfaf9e2f75cada699cd1b992a009f7d2","sellTxId":"02ea01107e6fe52ba01c1989300392b2889433e0"}
{"index": {"_index":"spt","_id":"2720732"}}
	{"id":2720732,"type":"sell","buyer":"forsakensushi","seller":"decepticons","symbol":"SPT","quantity":"277.008027","price":"0.00200000","timestamp":1644146781,"volume":"0.55401605","buyTxId":"14cc8b9e4472721cce3737bc81d1b4971bc88fcb","sellTxId":"0ad43256e10156db74e36b34afa14d41970ac389"}
{"index": {"_index":"spt","_id":"2720737"}}
	{"id":2720737,"type":"buy","buyer":"dswap","seller":"laundrywoman","symbol":"SPT","quantity":"50.075387","price":"0.00199900","timestamp":1644146871,"volume":"0.10010070","buyTxId":"5ef0ec41f9f183829adcffa1941e26f12517d00b","sellTxId":"2f4683d786a05a74b44c36cb2cb2ab38c1d976f7"}
{"index": {"_index":"spt","_id":"2720847"}}
	{"id":2720847,"type":"sell","buyer":"forsakensushi","seller":"josediccus","symbol":"SPT","quantity":"700.000000","price":"0.00190000","timestamp":1644148653,"volume":"1.33000000","buyTxId":"f9f48566420fb7e6590f938d8fa00cb06fa16ae0","sellTxId":"7d4a564731e14a7014fe7e203096d03be8718f9d"}
{"index": {"_index":"spt","_id":"2720927"}}
	{"id":2720927,"type":"sell","buyer":"forsakensushi","seller":"brofi-market","symbol":"SPT","quantity":"0.058272","price":"0.00180000","timestamp":1644149574,"volume":"0.00010489","buyTxId":"3994ac2524a0e2428538a453cc27d20a88c30428","sellTxId":"f8325153dc175b7524721bb4d0a633361b95fb39"}
{"index": {"_index":"spt","_id":"2720962"}}
	{"id":2720962,"type":"sell","buyer":"forsakensushi","seller":"dswap","symbol":"SPT","quantity":"330.769990","price":"0.00180000","timestamp":1644149958,"volume":"0.59538598","buyTxId":"3994ac2524a0e2428538a453cc27d20a88c30428","sellTxId":"bf4e8f7806fbd5c447ce106f3f905b9cc1fecaab"}
{"index": {"_index":"spt","_id":"2720963"}}
	{"id":2720963,"type":"sell","buyer":"forsakensushi","seller":"dswap","symbol":"SPT","quantity":"700.000000","price":"0.00180000","timestamp":1644149958,"volume":"1.26000000","buyTxId":"e4f02633af5606b448ee71c1eb2b5f7ad00eaad7","sellTxId":"bf4e8f7806fbd5c447ce106f3f905b9cc1fecaab"}
{"index": {"_index":"spt","_id":"2720964"}}
	{"id":2720964,"type":"sell","buyer":"forsakensushi","seller":"dswap","symbol":"SPT","quantity":"700.000000","price":"0.00180000","timestamp":1644149958,"volume":"1.26000000","buyTxId":"2ee6b22301de2dc79e8de4d7eb9c0e43e74748c3","sellTxId":"bf4e8f7806fbd5c447ce106f3f905b9cc1fecaab"}
{"index": {"_index":"spt","_id":"2720965"}}
	{"id":2720965,"type":"sell","buyer":"forsakensushi","seller":"dswap","symbol":"SPT","quantity":"287.230010","price":"0.00180000","timestamp":1644149958,"volume":"0.51701402","buyTxId":"1fa98fd424b7b25ca579c3d45d62b258228f503f","sellTxId":"bf4e8f7806fbd5c447ce106f3f905b9cc1fecaab"}
{"index": {"_index":"spt","_id":"2721061"}}
	{"id":2721061,"type":"sell","buyer":"forsakensushi","seller":"dhedge-drips","symbol":"SPT","quantity":"0.005462","price":"0.00180000","timestamp":1644151590,"volume":"0.00000983","buyTxId":"1fa98fd424b7b25ca579c3d45d62b258228f503f","sellTxId":"19ac0557f2d773a1a8a2542bbeb8d60279d3512c"}
{"index": {"_index":"spt","_id":"2721090"}}
	{"id":2721090,"type":"buy","buyer":"ahmetay","seller":"kojiri","symbol":"SPT","quantity":"239.975000","price":"0.00189000","timestamp":1644151884,"volume":"0.45355275","buyTxId":"fc1dd441b166d9256af9b66033e06d5d45036041","sellTxId":"9b1cffea6f616d909a7aa558f77b23b7f918e9d4"}
{"index": {"_index":"spt","_id":"2721091"}}
	{"id":2721091,"type":"buy","buyer":"ahmetay","seller":"dhedge-drips","symbol":"SPT","quantity":"0.005462","price":"0.00189000","timestamp":1644151884,"volume":"0.00001032","buyTxId":"fc1dd441b166d9256af9b66033e06d5d45036041","sellTxId":"4cb76186a8aee20848e225598f92538d575a2fd6"}
{"index": {"_index":"spt","_id":"2721093"}}
	{"id":2721093,"type":"buy","buyer":"ahmetay","seller":"josediccus","symbol":"SPT","quantity":"300.000000","price":"0.00190000","timestamp":1644151905,"volume":"0.57000000","buyTxId":"02cf0d3030cfd05e290e7f38ee2b2f8a92f1fc2d","sellTxId":"7d4a564731e14a7014fe7e203096d03be8718f9d"}
{"index": {"_index":"spt","_id":"2721094"}}
	{"id":2721094,"type":"buy","buyer":"ahmetay","seller":"brofi-market","symbol":"SPT","quantity":"0.058272","price":"0.00190000","timestamp":1644151905,"volume":"0.00011072","buyTxId":"02cf0d3030cfd05e290e7f38ee2b2f8a92f1fc2d","sellTxId":"840ac61ab4a345e64502aa9e3a5033528b4267c8"}
{"index": {"_index":"spt","_id":"2721136"}}
	{"id":2721136,"type":"buy","buyer":"spirits4you","seller":"laundrywoman","symbol":"SPT","quantity":"2413.723973","price":"0.00209400","timestamp":1644152349,"volume":"5.05433800","buyTxId":"786e1f18dd7904e2de3375aaf6e04905a9afe3a0","sellTxId":"a280a42c268501c131f43d89fb94faa5656225dd"}
{"index": {"_index":"spt","_id":"2721153"}}
	{"id":2721153,"type":"sell","buyer":"forsakensushi","seller":"jujubajubs","symbol":"SPT","quantity":"412.764528","price":"0.00180000","timestamp":1644152448,"volume":"0.74297615","buyTxId":"1fa98fd424b7b25ca579c3d45d62b258228f503f","sellTxId":"bba583488941372291b2c0ffae5299e25cca296c"}
{"index": {"_index":"spt","_id":"2721169"}}
	{"id":2721169,"type":"sell","buyer":"multifurcate","seller":"jujubajubs","symbol":"SPT","quantity":"1305.125928","price":"0.00171540","timestamp":1644152616,"volume":"2.23881302","buyTxId":"89c17bba37cc0436995d9cba25e5441e775c581a","sellTxId":"d0d25271923fd9b6796921e3d3e5d5be4fc49661"}
{"index": {"_index":"spt","_id":"2721198"}}
	{"id":2721198,"type":"sell","buyer":"multifurcate","seller":"caguao921","symbol":"SPT","quantity":"8.864644","price":"0.00171540","timestamp":1644152850,"volume":"0.01520641","buyTxId":"89c17bba37cc0436995d9cba25e5441e775c581a","sellTxId":"a0cb4c69253e2ea53df57a2a11970862447168c5"}
{"index": {"_index":"spt","_id":"2721274"}}
	{"id":2721274,"type":"sell","buyer":"multifurcate","seller":"beeber","symbol":"SPT","quantity":"7.788069","price":"0.00171540","timestamp":1644153402,"volume":"0.01335965","buyTxId":"89c17bba37cc0436995d9cba25e5441e775c581a","sellTxId":"43ae3dd57734adc9c85021c31f16741e9e7df339"}
{"index": {"_index":"spt","_id":"2721317"}}
	{"id":2721317,"type":"sell","buyer":"multifurcate","seller":"zakludick","symbol":"SPT","quantity":"2.856158","price":"0.00171540","timestamp":1644153885,"volume":"0.00489945","buyTxId":"89c17bba37cc0436995d9cba25e5441e775c581a","sellTxId":"af5ee78689c2a4c52244fe5aac9f4d4e2295e341"}
{"index": {"_index":"spt","_id":"2721347"}}
	{"id":2721347,"type":"sell","buyer":"multifurcate","seller":"blurtyield","symbol":"SPT","quantity":"34.873599","price":"0.00171540","timestamp":1644154626,"volume":"0.05982217","buyTxId":"89c17bba37cc0436995d9cba25e5441e775c581a","sellTxId":"ddf42e91fa6c2a0e25180e63991ab0dd4c3316b9"}
{"index": {"_index":"spt","_id":"2721465"}}
	{"id":2721465,"type":"sell","buyer":"multifurcate","seller":"tsnaks","symbol":"SPT","quantity":"150.000000","price":"0.00171540","timestamp":1644157023,"volume":"0.25731000","buyTxId":"89c17bba37cc0436995d9cba25e5441e775c581a","sellTxId":"2bc46432eafede3e8c773f78554d7ba53c5e521d"}
{"index": {"_index":"spt","_id":"2722040"}}
	{"id":2722040,"type":"sell","buyer":"forsakensushi","seller":"khazrakh","symbol":"SPT","quantity":"700.000000","price":"0.00180000","timestamp":1644164154,"volume":"1.26000000","buyTxId":"b4616ea7ef06a7d0d65b4d4f50405b637342bbca","sellTxId":"94c3c09802f020062a510c8bd1f960305b90f8ad"}
{"index": {"_index":"spt","_id":"2722041"}}
	{"id":2722041,"type":"sell","buyer":"forsakensushi","seller":"khazrakh","symbol":"SPT","quantity":"700.000000","price":"0.00175000","timestamp":1644164154,"volume":"1.22500000","buyTxId":"cfa5fbfa48d39699e772563a6b1c53d3ba973de9","sellTxId":"94c3c09802f020062a510c8bd1f960305b90f8ad"}
{"index": {"_index":"spt","_id":"2722187"}}
	{"id":2722187,"type":"buy","buyer":"ahmetay","seller":"khazrakh","symbol":"SPT","quantity":"1146.865824","price":"0.00175000","timestamp":1644165510,"volume":"2.00701519","buyTxId":"5e433d0fd57d5ddc5f035c483aa76069e7dc2f2b","sellTxId":"94c3c09802f020062a510c8bd1f960305b90f8ad"}
{"index": {"_index":"spt","_id":"2722310"}}
	{"id":2722310,"type":"sell","buyer":"multifurcate","seller":"esperosh1ve","symbol":"SPT","quantity":"16.795224","price":"0.00171540","timestamp":1644166581,"volume":"0.02881053","buyTxId":"8b1551589952de69523244fdf646b08f38ed7050","sellTxId":"655319eb2bb2237058bda10df850cfbb7d68f1d8"}
{"index": {"_index":"spt","_id":"2722372"}}
	{"id":2722372,"type":"buy","buyer":"druidsblood","seller":"laundrywoman","symbol":"SPT","quantity":"21321.000000","price":"0.00209400","timestamp":1644167211,"volume":"44.64617400","buyTxId":"72e688ad0da09d6d196d55204fa66596929a6ce6","sellTxId":"a6c7002d1493f6b71b2c1eb881a567569b97f711"}
{"index": {"_index":"spt","_id":"2722391"}}
	{"id":2722391,"type":"buy","buyer":"captainquack22","seller":"laundrywoman","symbol":"SPT","quantity":"391.685090","price":"0.00209400","timestamp":1644167334,"volume":"0.82018858","buyTxId":"0e1e56a0b0b43dfa83362c1f3a7ec942b1db01c2","sellTxId":"a6c7002d1493f6b71b2c1eb881a567569b97f711"}
{"index": {"_index":"spt","_id":"2722442"}}
	{"id":2722442,"type":"buy","buyer":"fujifluz42","seller":"laundrywoman","symbol":"SPT","quantity":"1000.000000","price":"0.00209400","timestamp":1644167961,"volume":"2.09400000","buyTxId":"24a3ee2da14f25ce8d9d7f4b6751777650b3be24","sellTxId":"a6c7002d1493f6b71b2c1eb881a567569b97f711"}
{"index": {"_index":"spt","_id":"2722533"}}
	{"id":2722533,"type":"buy","buyer":"captainquack22","seller":"laundrywoman","symbol":"SPT","quantity":"750.716332","price":"0.00209400","timestamp":1644168711,"volume":"1.572","buyTxId":"57b40a645851f63f19696a796476e5618feb05a9","sellTxId":"a6c7002d1493f6b71b2c1eb881a567569b97f711"}
{"index": {"_index":"spt","_id":"2722676"}}
	{"id":2722676,"type":"sell","buyer":"multifurcate","seller":"christislord","symbol":"SPT","quantity":"550.248868","price":"0.00171540","timestamp":1644169575,"volume":"0.94389691","buyTxId":"8b1551589952de69523244fdf646b08f38ed7050","sellTxId":"609a13f7d3445b05f8c53a7c52cd4bc79348b5d9"}
{"index": {"_index":"spt","_id":"2723030"}}
	{"id":2723030,"type":"sell","buyer":"multifurcate","seller":"dhedge-drips","symbol":"SPT","quantity":"0.024187","price":"0.00171540","timestamp":1644173166,"volume":"0.00004149","buyTxId":"8b1551589952de69523244fdf646b08f38ed7050","sellTxId":"42cea5ccdcc2907617eb9a41c003080554da3338"}
{"index": {"_index":"spt","_id":"2723160"}}
	{"id":2723160,"type":"sell","buyer":"multifurcate","seller":"cryptojiang","symbol":"SPT","quantity":"50.000000","price":"0.00171540","timestamp":1644174099,"volume":"0.08577000","buyTxId":"8b1551589952de69523244fdf646b08f38ed7050","sellTxId":"a94f51c4bf0a4e29cdcb86ae0889f7f61d41e21a"}
{"index": {"_index":"spt","_id":"2723207"}}
	{"id":2723207,"type":"buy","buyer":"frkiana","seller":"laundrywoman","symbol":"SPT","quantity":"1897.302913","price":"0.00209400","timestamp":1644174687,"volume":"3.9729523","buyTxId":"56c1698dd4eab3da49786e3b372f1a6bf411e370","sellTxId":"a6c7002d1493f6b71b2c1eb881a567569b97f711"}
{"index": {"_index":"spt","_id":"2723228"}}
	{"id":2723228,"type":"buy","buyer":"splinterlandshq","seller":"laundrywoman","symbol":"SPT","quantity":"6500.000000","price":"0.00209400","timestamp":1644174987,"volume":"13.61100000","buyTxId":"7ba8b84c276bbd26bfd0854f401f650dbdc1a0a2","sellTxId":"a6c7002d1493f6b71b2c1eb881a567569b97f711"}
{"index": {"_index":"spt","_id":"2723314"}}
	{"id":2723314,"type":"buy","buyer":"jongolson","seller":"laundrywoman","symbol":"SPT","quantity":"1000.000000","price":"0.00209400","timestamp":1644176052,"volume":"2.09400000","buyTxId":"2bef8148916b1a5f3419f4f0c291507a5007a621","sellTxId":"a6c7002d1493f6b71b2c1eb881a567569b97f711"}
{"index": {"_index":"spt","_id":"2723494"}}
	{"id":2723494,"type":"sell","buyer":"forsakensushi","seller":"brofi-market","symbol":"SPT","quantity":"1.149570","price":"0.00180000","timestamp":1644178299,"volume":"0.00206923","buyTxId":"a5f7a08ec97d9f9cf5f99b5a90d4d7c6efc40b1e","sellTxId":"e36e11f9d8e2ea977d18aa497f570720bcb05729"}
{"index": {"_index":"spt","_id":"2723635"}}
	{"id":2723635,"type":"sell","buyer":"dechuck","seller":"revisesociology","symbol":"SPT","quantity":"100.000000","price":"0.00181000","timestamp":1644179952,"volume":"0.18100000","buyTxId":"fb3530054eed4b81d03c01adc16e2141af88a043","sellTxId":"b971712c88db0560358a4fedc5b25828966e045c"}
{"index": {"_index":"spt","_id":"2723636"}}
	{"id":2723636,"type":"sell","buyer":"forsakensushi","seller":"revisesociology","symbol":"SPT","quantity":"64.000000","price":"0.00180000","timestamp":1644179952,"volume":"0.11520000","buyTxId":"a5f7a08ec97d9f9cf5f99b5a90d4d7c6efc40b1e","sellTxId":"b971712c88db0560358a4fedc5b25828966e045c"}
{"index": {"_index":"spt","_id":"2723757"}}
	{"id":2723757,"type":"sell","buyer":"bipl","seller":"ecobanker","symbol":"SPT","quantity":"220.075379","price":"0.00180500","timestamp":1644181425,"volume":"0.39723606","buyTxId":"319f562d17fdaf142c7be956ffa3637fdbd1d599","sellTxId":"399363084aee4fbff3c65b3245c6947b7716e5f4"}
{"index": {"_index":"spt","_id":"2723895"}}
	{"id":2723895,"type":"sell","buyer":"bipl","seller":"freeztag","symbol":"SPT","quantity":"344.924621","price":"0.00180500","timestamp":1644183150,"volume":"0.62258894","buyTxId":"319f562d17fdaf142c7be956ffa3637fdbd1d599","sellTxId":"7795b6f56399663cb0d4cae03265f009e4e942b7"}
{"index": {"_index":"spt","_id":"2723906"}}
	{"id":2723906,"type":"sell","buyer":"forsakensushi","seller":"aiovo","symbol":"SPT","quantity":"35.000000","price":"0.00180000","timestamp":1644183342,"volume":"0.06300000","buyTxId":"a5f7a08ec97d9f9cf5f99b5a90d4d7c6efc40b1e","sellTxId":"5e2b7f93ae3873c491a9ca176fbb87bbf03751c3"}
{"index": {"_index":"spt","_id":"2723980"}}
	{"id":2723980,"type":"buy","buyer":"clubfungus","seller":"freeztag","symbol":"SPT","quantity":"210.864314","price":"0.00180500","timestamp":1644184506,"volume":"0.38061009","buyTxId":"8c93c647dd5e04b47286957a9d6b43fe43f1f8f1","sellTxId":"7795b6f56399663cb0d4cae03265f009e4e942b7"}
{"index": {"_index":"spt","_id":"2724029"}}
	{"id":2724029,"type":"buy","buyer":"dswap","seller":"laundrywoman","symbol":"SPT","quantity":"5198.513896","price":"0.00209400","timestamp":1644185121,"volume":"10.88568810","buyTxId":"0c31bf0c21b6398d6076ceb1c79b04bde7a11440","sellTxId":"a6c7002d1493f6b71b2c1eb881a567569b97f711"}
{"index": {"_index":"spt","_id":"2724175"}}
	{"id":2724175,"type":"sell","buyer":"forsakensushi","seller":"itachi24","symbol":"SPT","quantity":"599.850430","price":"0.00180000","timestamp":1644186996,"volume":"1.07973077","buyTxId":"a5f7a08ec97d9f9cf5f99b5a90d4d7c6efc40b1e","sellTxId":"cb9c159eca1eb344a9edd4e5a95213ba1f03ffa9"}
{"index": {"_index":"spt","_id":"2724252"}}
	{"id":2724252,"type":"sell","buyer":"pro100oss","seller":"itachi24","symbol":"SPT","quantity":"700.000000","price":"0.00179000","timestamp":1644188190,"volume":"1.25300000","buyTxId":"55b60949bdb88e767d44733cb33d258f9fea6454","sellTxId":"6cfa18297c4f34f1f460cdce6c5c49b0de8acacf"}
{"index": {"_index":"spt","_id":"2724283"}}
	{"id":2724283,"type":"sell","buyer":"forsakensushi","seller":"itachi24","symbol":"SPT","quantity":"419.342268","price":"0.00176000","timestamp":1644188733,"volume":"0.73804239","buyTxId":"211a70ac810792dae591af2bb11058eed89513a5","sellTxId":"9e1f39879b93009014a861769f859a604b40867c"}
{"index": {"_index":"spt","_id":"2724292"}}
	{"id":2724292,"type":"sell","buyer":"forsakensushi","seller":"marvinix","symbol":"SPT","quantity":"35","price":"0.00176000","timestamp":1644188787,"volume":"0.06160000","buyTxId":"211a70ac810792dae591af2bb11058eed89513a5","sellTxId":"f7c6385c463d67d7c0cf2fea9e65c7ed3859119c"}
{"index": {"_index":"spt","_id":"2724340"}}
	{"id":2724340,"type":"sell","buyer":"forsakensushi","seller":"he-index","symbol":"SPT","quantity":"0.029000","price":"0.00176000","timestamp":1644189486,"volume":"0.00005104","buyTxId":"211a70ac810792dae591af2bb11058eed89513a5","sellTxId":"cbefd03c51f41580d19697ca87ba299394f58369"}
{"index": {"_index":"spt","_id":"2724441"}}
	{"id":2724441,"type":"sell","buyer":"forsakensushi","seller":"hiveexplorers","symbol":"SPT","quantity":"16.113027","price":"0.00176000","timestamp":1644191247,"volume":"0.02835893","buyTxId":"211a70ac810792dae591af2bb11058eed89513a5","sellTxId":"b8cdb5ca32769b890d82266fb745681fadeba137"}
{"index": {"_index":"spt","_id":"2724603"}}
	{"id":2724603,"type":"sell","buyer":"forsakensushi","seller":"brofi-market","symbol":"SPT","quantity":"6.611680","price":"0.00176000","timestamp":1644193029,"volume":"0.01163656","buyTxId":"211a70ac810792dae591af2bb11058eed89513a5","sellTxId":"ffe10d1b4444ed145f4759800e93d4849de1b54a"}
{"index": {"_index":"spt","_id":"2724646"}}
	{"id":2724646,"type":"sell","buyer":"forsakensushi","seller":"chireerocks","symbol":"SPT","quantity":"99.583789","price":"0.00176000","timestamp":1644193587,"volume":"0.17526747","buyTxId":"211a70ac810792dae591af2bb11058eed89513a5","sellTxId":"4c00fd68f60ab5ecb0dcd0ac42db8f753aefd399"}
{"index": {"_index":"spt","_id":"2724715"}}
	{"id":2724715,"type":"sell","buyer":"forsakensushi","seller":"dhedge-drips","symbol":"SPT","quantity":"0.087868","price":"0.00176000","timestamp":1644194880,"volume":"0.00015465","buyTxId":"211a70ac810792dae591af2bb11058eed89513a5","sellTxId":"ed14a84a8de8de0ace2602d19c2e5b411e00dd54"}
{"index": {"_index":"spt","_id":"2724817"}}
	{"id":2724817,"type":"buy","buyer":"skimanner","seller":"laritheghost","symbol":"SPT","quantity":"21.501805","price":"0.00180000","timestamp":1644196374,"volume":"0.03870325","buyTxId":"db7479645f11c4afa30f7867e44baaf8a01ddc2d","sellTxId":"6f03bcb6518b0614bcb28ac6c94ee77205d16e18"}
{"index": {"_index":"spt","_id":"2724818"}}
	{"id":2724818,"type":"buy","buyer":"skimanner","seller":"brofi-market","symbol":"SPT","quantity":"6.611680","price":"0.00180000","timestamp":1644196374,"volume":"0.01190102","buyTxId":"db7479645f11c4afa30f7867e44baaf8a01ddc2d","sellTxId":"03f741130e881d6a0bcd198153cfa1b86fcca5ee"}
{"index": {"_index":"spt","_id":"2724819"}}
	{"id":2724819,"type":"buy","buyer":"skimanner","seller":"dhedge-drips","symbol":"SPT","quantity":"0.087868","price":"0.00180000","timestamp":1644196374,"volume":"0.00015816","buyTxId":"db7479645f11c4afa30f7867e44baaf8a01ddc2d","sellTxId":"27256f671df93524090c3520c28885dca12c0034"}
{"index": {"_index":"spt","_id":"2724990"}}
	{"id":2724990,"type":"buy","buyer":"zolajade","seller":"kitsuki","symbol":"SPT","quantity":"430.000000","price":"0.00208000","timestamp":1644199245,"volume":"0.89440000","buyTxId":"000aa86f1901dac52a56c82248fd4e4948c282ca","sellTxId":"477930578b70bd1680aeade2f7a211f0bef624e3"}
{"index": {"_index":"spt","_id":"2725010"}}
	{"id":2725010,"type":"sell","buyer":"skimanner","seller":"gabrielrr17","symbol":"SPT","quantity":"550.000000","price":"0.00195000","timestamp":1644199650,"volume":"1.07250000","buyTxId":"1a14e2d264a28c06c4ccd6f9bf3bfeb609a9bccc","sellTxId":"79935abb77020f62cb7d13ae5327fe26f846f105"}
{"index": {"_index":"spt","_id":"2725096"}}
	{"id":2725096,"type":"sell","buyer":"skimanner","seller":"bearbear613","symbol":"SPT","quantity":"11.768000","price":"0.00190000","timestamp":1644200484,"volume":"0.02235920","buyTxId":"1a7689c9679cbbdab8fd228832fa747ef0a3d48e","sellTxId":"3fa6fc6ac87dcea128214c8b14fefe8e69181c45"}
{"index": {"_index":"spt","_id":"2725159"}}
	{"id":2725159,"type":"sell","buyer":"skimanner","seller":"splinter-anjos","symbol":"SPT","quantity":"256.232000","price":"0.00190000","timestamp":1644201492,"volume":"0.48684080","buyTxId":"1a7689c9679cbbdab8fd228832fa747ef0a3d48e","sellTxId":"3cb846d86c16124e7757260eafd3f0e842815dc2"}
{"index": {"_index":"spt","_id":"2725176"}}
	{"id":2725176,"type":"sell","buyer":"multifurcate","seller":"splinter-anjos","symbol":"SPT","quantity":"1388.208369","price":"0.00185100","timestamp":1644201660,"volume":"2.56957369","buyTxId":"866ed2dc565cf5a28910f5b38ec0142c39d66fe2","sellTxId":"3f809e04635d81dfe25d12758d953dd243aac98e"}
{"index": {"_index":"spt","_id":"2725311"}}
	{"id":2725311,"type":"sell","buyer":"multifurcate","seller":"iceman23","symbol":"SPT","quantity":"6.92216","price":"0.00185100","timestamp":1644203898,"volume":"0.01281292","buyTxId":"866ed2dc565cf5a28910f5b38ec0142c39d66fe2","sellTxId":"6fcf2555d7d6cb5edee7304c405935a1525e5563"}
{"index": {"_index":"spt","_id":"2725422"}}
	{"id":2725422,"type":"sell","buyer":"multifurcate","seller":"aristak","symbol":"SPT","quantity":"3.806663","price":"0.00185100","timestamp":1644205536,"volume":"0.00704613","buyTxId":"27132ff09a8482793d6789b908900583e14c8b7c","sellTxId":"15e7d1d0737c5ef016545246b446057ed0bf6a0b"}
