{"index": {"_index":"spt","_id":"3702052"}}
	{"id":3702052,"type":"sell","buyer":"multifurcate","seller":"mightyrocklee","symbol":"SPT","quantity":"609.734225","price":"0.00231100","timestamp":1655357661,"volume":"1.40909579","buyTxId":"4aca03b416b8d9b981e363658bd45b8ae82c3194","sellTxId":"ced27fd093539791bebb70cd5853d0d4f84bbad7"}
{"index": {"_index":"spt","_id":"3702274"}}
	{"id":3702274,"type":"buy","buyer":"thewycher","seller":"jnn10","symbol":"SPT","quantity":"0.059991","price":"0.00231101","timestamp":1655360223,"volume":"0.00013864","buyTxId":"bddfb5700e0312114e7fb3cfa930b43ab0d4644f","sellTxId":"163db64566efdb462cf7574ede2acaae7588083e"}
{"index": {"_index":"spt","_id":"3702790"}}
	{"id":3702790,"type":"buy","buyer":"nathu1","seller":"agglutinogenic","symbol":"SPT","quantity":"100.000000","price":"0.00266900","timestamp":1655365899,"volume":"0.26690000","buyTxId":"5be7e210f78126109797f791390dcc6b66105cc2","sellTxId":"f8147289add8de414380688f27887216c58feca8"}
{"index": {"_index":"spt","_id":"3702884"}}
	{"id":3702884,"type":"sell","buyer":"thewycher","seller":"lipe100dedos","symbol":"SPT","quantity":"499.940008","price":"0.00231101","timestamp":1655366532,"volume":"1.15536636","buyTxId":"bddfb5700e0312114e7fb3cfa930b43ab0d4644f","sellTxId":"eeb2b483534e36f8242f53f91bbb2fe6e4b0cfbb"}
{"index": {"_index":"spt","_id":"3702885"}}
	{"id":3702885,"type":"sell","buyer":"thewycher","seller":"lipe100dedos","symbol":"SPT","quantity":"499.999999","price":"0.00231101","timestamp":1655366532,"volume":"1.15550500","buyTxId":"32a5f1896ddea5a324fc2da5b2d963b722a0c7c9","sellTxId":"eeb2b483534e36f8242f53f91bbb2fe6e4b0cfbb"}
{"index": {"_index":"spt","_id":"3702886"}}
	{"id":3702886,"type":"sell","buyer":"thewycher","seller":"lipe100dedos","symbol":"SPT","quantity":"499.999999","price":"0.00231101","timestamp":1655366532,"volume":"1.15550500","buyTxId":"c95cf486eacb5a1e2035658932d23c6364455558","sellTxId":"eeb2b483534e36f8242f53f91bbb2fe6e4b0cfbb"}
{"index": {"_index":"spt","_id":"3702887"}}
	{"id":3702887,"type":"sell","buyer":"thewycher","seller":"lipe100dedos","symbol":"SPT","quantity":"499.999999","price":"0.00231101","timestamp":1655366532,"volume":"1.15550500","buyTxId":"38dda523d110f88c51fe6d9414c271381d9962a9","sellTxId":"eeb2b483534e36f8242f53f91bbb2fe6e4b0cfbb"}
{"index": {"_index":"spt","_id":"3702888"}}
	{"id":3702888,"type":"sell","buyer":"thewycher","seller":"lipe100dedos","symbol":"SPT","quantity":"499.999999","price":"0.00231101","timestamp":1655366532,"volume":"1.15550500","buyTxId":"90af1f713285d479388b597cd6bfe01cdf68c128","sellTxId":"eeb2b483534e36f8242f53f91bbb2fe6e4b0cfbb"}
{"index": {"_index":"spt","_id":"3702889"}}
	{"id":3702889,"type":"sell","buyer":"thewycher","seller":"lipe100dedos","symbol":"SPT","quantity":"499.999999","price":"0.00231101","timestamp":1655366532,"volume":"1.15550500","buyTxId":"9728c8e9ef87f0721194b1027d3770fd7f028aad","sellTxId":"eeb2b483534e36f8242f53f91bbb2fe6e4b0cfbb"}
{"index": {"_index":"spt","_id":"3702890"}}
	{"id":3702890,"type":"sell","buyer":"thewycher","seller":"lipe100dedos","symbol":"SPT","quantity":"499.999999","price":"0.00231101","timestamp":1655366532,"volume":"1.15550500","buyTxId":"13051e7d554ea0354c0c55ab5bdf230f496aef3e","sellTxId":"eeb2b483534e36f8242f53f91bbb2fe6e4b0cfbb"}
{"index": {"_index":"spt","_id":"3702891"}}
	{"id":3702891,"type":"sell","buyer":"thewycher","seller":"lipe100dedos","symbol":"SPT","quantity":"30.456442","price":"0.00231101","timestamp":1655366532,"volume":"0.07038514","buyTxId":"bba22433c33ab9809a6ef79c6487a29e572edfe5","sellTxId":"eeb2b483534e36f8242f53f91bbb2fe6e4b0cfbb"}
{"index": {"_index":"spt","_id":"3702980"}}
	{"id":3702980,"type":"sell","buyer":"thewycher","seller":"splinter100dedos","symbol":"SPT","quantity":"469.543557","price":"0.00231101","timestamp":1655367489,"volume":"1.08511986","buyTxId":"bba22433c33ab9809a6ef79c6487a29e572edfe5","sellTxId":"1b69297887b5d78437e480723a572fb2e9da3304"}
{"index": {"_index":"spt","_id":"3702981"}}
	{"id":3702981,"type":"sell","buyer":"thewycher","seller":"splinter100dedos","symbol":"SPT","quantity":"499.999999","price":"0.00231101","timestamp":1655367489,"volume":"1.15550500","buyTxId":"d99bb8a1563d7419bfa6d41631e662d0ce110a5e","sellTxId":"1b69297887b5d78437e480723a572fb2e9da3304"}
{"index": {"_index":"spt","_id":"3702982"}}
	{"id":3702982,"type":"sell","buyer":"thewycher","seller":"splinter100dedos","symbol":"SPT","quantity":"499.999999","price":"0.00231101","timestamp":1655367489,"volume":"1.15550500","buyTxId":"315023f0f696a5cddb7420e636f47ce562a7cb78","sellTxId":"1b69297887b5d78437e480723a572fb2e9da3304"}
{"index": {"_index":"spt","_id":"3702983"}}
	{"id":3702983,"type":"sell","buyer":"thewycher","seller":"splinter100dedos","symbol":"SPT","quantity":"80.957390","price":"0.00231101","timestamp":1655367489,"volume":"0.18709334","buyTxId":"1f776c9525e4e1a558669dcf93653a052257b5a4","sellTxId":"1b69297887b5d78437e480723a572fb2e9da3304"}
{"index": {"_index":"spt","_id":"3702984"}}
	{"id":3702984,"type":"sell","buyer":"he-index","seller":"splinter100dedos","symbol":"SPT","quantity":"9.952000","price":"0.00231100","timestamp":1655367489,"volume":"0.02299907","buyTxId":"1ce6737468fcf0ab4265490f0c39e448db62df16","sellTxId":"1b69297887b5d78437e480723a572fb2e9da3304"}
{"index": {"_index":"spt","_id":"3702985"}}
	{"id":3702985,"type":"sell","buyer":"multifurcate","seller":"splinter100dedos","symbol":"SPT","quantity":"190.274108","price":"0.00231100","timestamp":1655367489,"volume":"0.43972346","buyTxId":"09bf7e7c394b63a85c2fc6a5f81ca2e805435b61","sellTxId":"1b69297887b5d78437e480723a572fb2e9da3304"}
{"index": {"_index":"spt","_id":"3703264"}}
	{"id":3703264,"type":"sell","buyer":"multifurcate","seller":"achim03","symbol":"SPT","quantity":"2028.040994","price":"0.00231100","timestamp":1655370918,"volume":"4.68680274","buyTxId":"09bf7e7c394b63a85c2fc6a5f81ca2e805435b61","sellTxId":"3e6b350ffe1bad8115e8f82d0a7056b318ba58bc"}
{"index": {"_index":"spt","_id":"3703555"}}
	{"id":3703555,"type":"buy","buyer":"evernoticethat","seller":"agglutinogenic","symbol":"SPT","quantity":"278.989232","price":"0.00265900","timestamp":1655374197,"volume":"0.74183237","buyTxId":"e6353477519b20ec1185211eda18e2b99001e71f","sellTxId":"add8960a376b7744f5264535dcc7f64212265107"}
{"index": {"_index":"spt","_id":"3703642"}}
	{"id":3703642,"type":"sell","buyer":"thewycher","seller":"noblebright","symbol":"SPT","quantity":"4.478141","price":"0.00231101","timestamp":1655375874,"volume":"0.01034903","buyTxId":"6047dfb352e0a64f5191bcaeeacbd165289fe584","sellTxId":"07dd3a93f21d60d5c29d15db53c372a0e8754096"}
{"index": {"_index":"spt","_id":"3703937"}}
	{"id":3703937,"type":"sell","buyer":"thewycher","seller":"caracastdc","symbol":"SPT","quantity":"5.553985","price":"0.00231101","timestamp":1655379564,"volume":"0.01283531","buyTxId":"6047dfb352e0a64f5191bcaeeacbd165289fe584","sellTxId":"95266d9aa1aef44fe5547637b00c491679a394ec"}
{"index": {"_index":"spt","_id":"3704400"}}
	{"id":3704400,"type":"sell","buyer":"thewycher","seller":"eythorphoto","symbol":"SPT","quantity":"0.689441","price":"0.00231101","timestamp":1655385159,"volume":"0.00159331","buyTxId":"6047dfb352e0a64f5191bcaeeacbd165289fe584","sellTxId":"2027394aff1fac94ea4c2edbe7e5f45d14ca015b"}
{"index": {"_index":"spt","_id":"3704897"}}
	{"id":3704897,"type":"sell","buyer":"thewycher","seller":"teteuzinho","symbol":"SPT","quantity":"489.278432","price":"0.00231101","timestamp":1655387676,"volume":"1.13072735","buyTxId":"6047dfb352e0a64f5191bcaeeacbd165289fe584","sellTxId":"d4d6d26971dca8cdde734b0e02c7519704fdba75"}
{"index": {"_index":"spt","_id":"3704898"}}
	{"id":3704898,"type":"sell","buyer":"thewycher","seller":"teteuzinho","symbol":"SPT","quantity":"499.999999","price":"0.00231101","timestamp":1655387676,"volume":"1.15550500","buyTxId":"fff9f2622c4fbc7797e08fa11483e4b34dbe0cb6","sellTxId":"d4d6d26971dca8cdde734b0e02c7519704fdba75"}
{"index": {"_index":"spt","_id":"3704899"}}
	{"id":3704899,"type":"sell","buyer":"thewycher","seller":"teteuzinho","symbol":"SPT","quantity":"499.999999","price":"0.00231101","timestamp":1655387676,"volume":"1.15550500","buyTxId":"a921c9be2214304929e395fa1e6a81f610a09a69","sellTxId":"d4d6d26971dca8cdde734b0e02c7519704fdba75"}
{"index": {"_index":"spt","_id":"3704900"}}
	{"id":3704900,"type":"sell","buyer":"thewycher","seller":"teteuzinho","symbol":"SPT","quantity":"499.999999","price":"0.00231101","timestamp":1655387676,"volume":"1.15550500","buyTxId":"254614cdf4757ecfba57281f3bb0528c258ec64d","sellTxId":"d4d6d26971dca8cdde734b0e02c7519704fdba75"}
{"index": {"_index":"spt","_id":"3704901"}}
	{"id":3704901,"type":"sell","buyer":"thewycher","seller":"teteuzinho","symbol":"SPT","quantity":"499.999999","price":"0.00231101","timestamp":1655387676,"volume":"1.15550500","buyTxId":"0b7a24e30c3e647d6715e480c3d77c9464f76449","sellTxId":"d4d6d26971dca8cdde734b0e02c7519704fdba75"}
{"index": {"_index":"spt","_id":"3704902"}}
	{"id":3704902,"type":"sell","buyer":"thewycher","seller":"teteuzinho","symbol":"SPT","quantity":"499.999999","price":"0.00231101","timestamp":1655387676,"volume":"1.15550500","buyTxId":"30b15cb12490aa5c583c7187c8fb5c51b20de159","sellTxId":"d4d6d26971dca8cdde734b0e02c7519704fdba75"}
{"index": {"_index":"spt","_id":"3704903"}}
	{"id":3704903,"type":"sell","buyer":"thewycher","seller":"teteuzinho","symbol":"SPT","quantity":"499.999999","price":"0.00231101","timestamp":1655387676,"volume":"1.15550500","buyTxId":"d4d47005f9b7006569debf880fec18d1293e0596","sellTxId":"d4d6d26971dca8cdde734b0e02c7519704fdba75"}
{"index": {"_index":"spt","_id":"3704904"}}
	{"id":3704904,"type":"sell","buyer":"thewycher","seller":"teteuzinho","symbol":"SPT","quantity":"495.930261","price":"0.00231101","timestamp":1655387676,"volume":"1.14609979","buyTxId":"c26361e8ed0af31b5d7b686d5c63209456ef2bfe","sellTxId":"d4d6d26971dca8cdde734b0e02c7519704fdba75"}
{"index": {"_index":"spt","_id":"3705008"}}
	{"id":3705008,"type":"buy","buyer":"dbooster","seller":"agglutinogenic","symbol":"SPT","quantity":"500.000000","price":"0.00259900","timestamp":1655387844,"volume":"1.29950000","buyTxId":"86a6a74dcf5e094c947d77d5ce8ac3f52f45ab97","sellTxId":"f5ccb65575a9427140b2318cbd2fdb63a156e4e1"}
{"index": {"_index":"spt","_id":"3705458"}}
	{"id":3705458,"type":"sell","buyer":"ultratrain","seller":"wazock","symbol":"SPT","quantity":"495.000000","price":"0.00233000","timestamp":1655390181,"volume":"1.15335000","buyTxId":"50254f8997284b13525650aadeeee8f98434788a","sellTxId":"d37e94127cc7d1165eb0f7ed32633770fdae7c32"}
{"index": {"_index":"spt","_id":"3705460"}}
	{"id":3705460,"type":"buy","buyer":"pjansen","seller":"wazock","symbol":"SPT","quantity":"3601.316829","price":"0.00231329","timestamp":1655390211,"volume":"8.33089021","buyTxId":"36c0795a5897ead5284f8c4e750f4ba9ef60b9e4","sellTxId":"d37e94127cc7d1165eb0f7ed32633770fdae7c32"}
{"index": {"_index":"spt","_id":"3705461"}}
	{"id":3705461,"type":"buy","buyer":"pjansen","seller":"agglutinogenic","symbol":"SPT","quantity":"0.042243","price":"0.00259900","timestamp":1655390211,"volume":"0.00010979","buyTxId":"36c0795a5897ead5284f8c4e750f4ba9ef60b9e4","sellTxId":"f5ccb65575a9427140b2318cbd2fdb63a156e4e1"}
{"index": {"_index":"spt","_id":"3705491"}}
	{"id":3705491,"type":"buy","buyer":"sathross","seller":"agglutinogenic","symbol":"SPT","quantity":"36.951627","price":"0.00259900","timestamp":1655390628,"volume":"0.09603728","buyTxId":"43c0903c8f8893d7401e3180e176f3b35d1522fc","sellTxId":"f5ccb65575a9427140b2318cbd2fdb63a156e4e1"}
{"index": {"_index":"spt","_id":"3705634"}}
	{"id":3705634,"type":"sell","buyer":"thewycher","seller":"mathfb","symbol":"SPT","quantity":"4.069738","price":"0.00231101","timestamp":1655391615,"volume":"0.00940521","buyTxId":"c26361e8ed0af31b5d7b686d5c63209456ef2bfe","sellTxId":"2d3f48dfc45e74f51e4ca8b9b4a7463370728420"}
{"index": {"_index":"spt","_id":"3705635"}}
	{"id":3705635,"type":"sell","buyer":"thewycher","seller":"mathfb","symbol":"SPT","quantity":"499.999999","price":"0.00231101","timestamp":1655391615,"volume":"1.15550500","buyTxId":"87a570e05dd32e562fb48c58bdc6ff1da944b52a","sellTxId":"2d3f48dfc45e74f51e4ca8b9b4a7463370728420"}
{"index": {"_index":"spt","_id":"3705636"}}
	{"id":3705636,"type":"sell","buyer":"thewycher","seller":"mathfb","symbol":"SPT","quantity":"499.999999","price":"0.00231101","timestamp":1655391615,"volume":"1.15550500","buyTxId":"ee0f7bc031ec9c62f4564546cd18fe0e5d1fe866","sellTxId":"2d3f48dfc45e74f51e4ca8b9b4a7463370728420"}
{"index": {"_index":"spt","_id":"3705637"}}
	{"id":3705637,"type":"sell","buyer":"thewycher","seller":"mathfb","symbol":"SPT","quantity":"499.999999","price":"0.00231101","timestamp":1655391615,"volume":"1.15550500","buyTxId":"79c0c0417f1196e3b1424b2745c27340e053ce13","sellTxId":"2d3f48dfc45e74f51e4ca8b9b4a7463370728420"}
{"index": {"_index":"spt","_id":"3705638"}}
	{"id":3705638,"type":"sell","buyer":"thewycher","seller":"mathfb","symbol":"SPT","quantity":"138.729650","price":"0.00231101","timestamp":1655391615,"volume":"0.32060561","buyTxId":"42525c892c4b4468a308f9679f7c525fc82346b8","sellTxId":"2d3f48dfc45e74f51e4ca8b9b4a7463370728420"}
{"index": {"_index":"spt","_id":"3705639"}}
	{"id":3705639,"type":"sell","buyer":"multifurcate","seller":"mathfb","symbol":"SPT","quantity":"626.895044","price":"0.00231100","timestamp":1655391615,"volume":"1.44875445","buyTxId":"121f9fd70cdd076ffe115f1adc38a2894419c281","sellTxId":"2d3f48dfc45e74f51e4ca8b9b4a7463370728420"}
{"index": {"_index":"spt","_id":"3706129"}}
	{"id":3706129,"type":"sell","buyer":"thewycher","seller":"jesseoleman","symbol":"SPT","quantity":"251","price":"0.00231101","timestamp":1655395761,"volume":"0.58006351","buyTxId":"147c70fb5962da7a3010ac49c0209a2b16490eac","sellTxId":"123ca32b28b2dfdcbe6f15a286d2516ea289c36b"}
{"index": {"_index":"spt","_id":"3706689"}}
	{"id":3706689,"type":"sell","buyer":"thewycher","seller":"kafrul","symbol":"SPT","quantity":"39.117940","price":"0.00231101","timestamp":1655401068,"volume":"0.09040195","buyTxId":"147c70fb5962da7a3010ac49c0209a2b16490eac","sellTxId":"016897ee4dded3b25c7337feb5df9b8d03991c93"}
{"index": {"_index":"spt","_id":"3706852"}}
	{"id":3706852,"type":"sell","buyer":"thewycher","seller":"xpax120","symbol":"SPT","quantity":"209.882059","price":"0.00231101","timestamp":1655402598,"volume":"0.48503954","buyTxId":"147c70fb5962da7a3010ac49c0209a2b16490eac","sellTxId":"aada448c02545455efd6bbbd915aff1e8f3af16b"}
{"index": {"_index":"spt","_id":"3706853"}}
	{"id":3706853,"type":"sell","buyer":"thewycher","seller":"xpax120","symbol":"SPT","quantity":"499.999999","price":"0.00231101","timestamp":1655402598,"volume":"1.15550500","buyTxId":"e00b3a1a80a7b359de21fb8ad788df700eba5e81","sellTxId":"aada448c02545455efd6bbbd915aff1e8f3af16b"}
{"index": {"_index":"spt","_id":"3706854"}}
	{"id":3706854,"type":"sell","buyer":"thewycher","seller":"xpax120","symbol":"SPT","quantity":"499.999999","price":"0.00231101","timestamp":1655402598,"volume":"1.15550500","buyTxId":"7a2ad30bbb7d5ea11cacdc85d41a1cab49350eac","sellTxId":"aada448c02545455efd6bbbd915aff1e8f3af16b"}
{"index": {"_index":"spt","_id":"3706855"}}
	{"id":3706855,"type":"sell","buyer":"thewycher","seller":"xpax120","symbol":"SPT","quantity":"499.999999","price":"0.00231101","timestamp":1655402598,"volume":"1.15550500","buyTxId":"3f9b04fa83d0e06eb29eed3aa99ea0cf6d16098c","sellTxId":"aada448c02545455efd6bbbd915aff1e8f3af16b"}
{"index": {"_index":"spt","_id":"3706856"}}
	{"id":3706856,"type":"sell","buyer":"thewycher","seller":"xpax120","symbol":"SPT","quantity":"499.999999","price":"0.00231101","timestamp":1655402598,"volume":"1.15550500","buyTxId":"794cf130d36064935035965e96c65138994f54d5","sellTxId":"aada448c02545455efd6bbbd915aff1e8f3af16b"}
{"index": {"_index":"spt","_id":"3706857"}}
	{"id":3706857,"type":"sell","buyer":"thewycher","seller":"xpax120","symbol":"SPT","quantity":"224.898258","price":"0.00231101","timestamp":1655402598,"volume":"0.51974212","buyTxId":"e1e445bda522fd421c68f36ac2ada859575a62a8","sellTxId":"aada448c02545455efd6bbbd915aff1e8f3af16b"}
{"index": {"_index":"spt","_id":"3706978"}}
	{"id":3706978,"type":"sell","buyer":"thewycher","seller":"bteim","symbol":"SPT","quantity":"275.101741","price":"0.00231101","timestamp":1655403483,"volume":"0.63576287","buyTxId":"e1e445bda522fd421c68f36ac2ada859575a62a8","sellTxId":"e7e8d1a3b8cacc9c1fa975ce6367229bfab907b0"}
{"index": {"_index":"spt","_id":"3706979"}}
	{"id":3706979,"type":"sell","buyer":"thewycher","seller":"bteim","symbol":"SPT","quantity":"499.999999","price":"0.00231101","timestamp":1655403483,"volume":"1.15550500","buyTxId":"a514459ccbacef9da2103253b9cd965e3debe951","sellTxId":"e7e8d1a3b8cacc9c1fa975ce6367229bfab907b0"}
{"index": {"_index":"spt","_id":"3706980"}}
	{"id":3706980,"type":"sell","buyer":"thewycher","seller":"bteim","symbol":"SPT","quantity":"499.999999","price":"0.00231101","timestamp":1655403483,"volume":"1.15550500","buyTxId":"8cb4cccf795a61c4cd2ebf836b12974f8fe5681e","sellTxId":"e7e8d1a3b8cacc9c1fa975ce6367229bfab907b0"}
{"index": {"_index":"spt","_id":"3706981"}}
	{"id":3706981,"type":"sell","buyer":"thewycher","seller":"bteim","symbol":"SPT","quantity":"499.999999","price":"0.00231101","timestamp":1655403483,"volume":"1.15550500","buyTxId":"6de32516ae5bfb3e0c87a5f38efd417dea9a6f0d","sellTxId":"e7e8d1a3b8cacc9c1fa975ce6367229bfab907b0"}
{"index": {"_index":"spt","_id":"3706982"}}
	{"id":3706982,"type":"sell","buyer":"thewycher","seller":"bteim","symbol":"SPT","quantity":"499.999999","price":"0.00231101","timestamp":1655403483,"volume":"1.15550500","buyTxId":"08152ef8b1e52241829cdf7962e0fc42c844d08d","sellTxId":"e7e8d1a3b8cacc9c1fa975ce6367229bfab907b0"}
{"index": {"_index":"spt","_id":"3706983"}}
	{"id":3706983,"type":"sell","buyer":"thewycher","seller":"bteim","symbol":"SPT","quantity":"119.437719","price":"0.00231101","timestamp":1655403483,"volume":"0.27602176","buyTxId":"457abf5079dd4299f6332c86b5340369928b2498","sellTxId":"e7e8d1a3b8cacc9c1fa975ce6367229bfab907b0"}
{"index": {"_index":"spt","_id":"3707108"}}
	{"id":3707108,"type":"sell","buyer":"thewycher","seller":"wlffreitas","symbol":"SPT","quantity":"380.562280","price":"0.00231101","timestamp":1655404842,"volume":"0.87948323","buyTxId":"457abf5079dd4299f6332c86b5340369928b2498","sellTxId":"cb44daf0ae0b5b35a60d556c91f3238083a079ed"}
{"index": {"_index":"spt","_id":"3707109"}}
	{"id":3707109,"type":"sell","buyer":"thewycher","seller":"wlffreitas","symbol":"SPT","quantity":"467.228177","price":"0.00231101","timestamp":1655404842,"volume":"1.07976899","buyTxId":"fa9c3a29e3740fc1770cdce2c1f1ca48ff516f98","sellTxId":"cb44daf0ae0b5b35a60d556c91f3238083a079ed"}
{"index": {"_index":"spt","_id":"3707110"}}
	{"id":3707110,"type":"sell","buyer":"thewycher","seller":"wlffreitas","symbol":"SPT","quantity":"499.999999","price":"0.00231101","timestamp":1655404842,"volume":"1.15550500","buyTxId":"487b54c1619a2e99c4de6adc857ecac5eb500bf2","sellTxId":"cb44daf0ae0b5b35a60d556c91f3238083a079ed"}
{"index": {"_index":"spt","_id":"3707111"}}
	{"id":3707111,"type":"sell","buyer":"thewycher","seller":"wlffreitas","symbol":"SPT","quantity":"499.999999","price":"0.00231101","timestamp":1655404842,"volume":"1.15550500","buyTxId":"50d00e8e2cde81bf3d29f2bce7a97eb63282042d","sellTxId":"cb44daf0ae0b5b35a60d556c91f3238083a079ed"}
{"index": {"_index":"spt","_id":"3707112"}}
	{"id":3707112,"type":"sell","buyer":"thewycher","seller":"wlffreitas","symbol":"SPT","quantity":"388.438609","price":"0.00231101","timestamp":1655404842,"volume":"0.89768551","buyTxId":"d652123208a8828eff2f790a6150ed50280bdc04","sellTxId":"cb44daf0ae0b5b35a60d556c91f3238083a079ed"}
{"index": {"_index":"spt","_id":"3707113"}}
	{"id":3707113,"type":"sell","buyer":"thewycher","seller":"jnn10","symbol":"SPT","quantity":"0.075845","price":"0.00231101","timestamp":1655404857,"volume":"0.00017528","buyTxId":"d652123208a8828eff2f790a6150ed50280bdc04","sellTxId":"eb74368fa1837faa8326517765e35083eee6b9fb"}
{"index": {"_index":"spt","_id":"3707226"}}
	{"id":3707226,"type":"buy","buyer":"druidsblood","seller":"yameen","symbol":"SPT","quantity":"37.606198","price":"0.00257800","timestamp":1655405868,"volume":"0.09694878","buyTxId":"b331cf8058725d2bce8e553912b5b4ad857015a1","sellTxId":"c0759a55bd3a04b8dbf7910c1c8b375c2351b0b9"}
{"index": {"_index":"spt","_id":"3707227"}}
	{"id":3707227,"type":"buy","buyer":"druidsblood","seller":"agglutinogenic","symbol":"SPT","quantity":"2174.393802","price":"0.00257900","timestamp":1655405868,"volume":"5.60776162","buyTxId":"b331cf8058725d2bce8e553912b5b4ad857015a1","sellTxId":"a8a099ebd8fd36b8d7d74a292fa446a83f4b5d9b"}
{"index": {"_index":"spt","_id":"3707338"}}
	{"id":3707338,"type":"sell","buyer":"thewycher","seller":"dswap","symbol":"SPT","quantity":"3.92523","price":"0.00231101","timestamp":1655407521,"volume":"0.00907125","buyTxId":"d652123208a8828eff2f790a6150ed50280bdc04","sellTxId":"246ab32f8c5c08cc31706d3e17b6975d3856e333"}
{"index": {"_index":"spt","_id":"3707637"}}
	{"id":3707637,"type":"buy","buyer":"samarek69","seller":"agglutinogenic","symbol":"SPT","quantity":"1.264830","price":"0.00256900","timestamp":1655410677,"volume":"0.00324935","buyTxId":"857d984f84a3a8cd4274cbb0733c84fd2f1734a0","sellTxId":"e762704922f25081c3cb9cbccced87bbe01b9e35"}
{"index": {"_index":"spt","_id":"3707772"}}
	{"id":3707772,"type":"sell","buyer":"thewycher","seller":"burningelk","symbol":"SPT","quantity":"107.560315","price":"0.00231101","timestamp":1655411901,"volume":"0.24857296","buyTxId":"d652123208a8828eff2f790a6150ed50280bdc04","sellTxId":"c890f96e555217b9cbca41d6e4df6ec06c961e99"}
{"index": {"_index":"spt","_id":"3707773"}}
	{"id":3707773,"type":"sell","buyer":"thewycher","seller":"burningelk","symbol":"SPT","quantity":"499.999999","price":"0.00231101","timestamp":1655411901,"volume":"1.15550500","buyTxId":"34947558d1349c4eb7c2c385afc2347736f383c8","sellTxId":"c890f96e555217b9cbca41d6e4df6ec06c961e99"}
{"index": {"_index":"spt","_id":"3707774"}}
	{"id":3707774,"type":"sell","buyer":"thewycher","seller":"burningelk","symbol":"SPT","quantity":"499.999999","price":"0.00231101","timestamp":1655411901,"volume":"1.15550500","buyTxId":"102f0e4e7ec2e482c9956fc85c0bc5539616351e","sellTxId":"c890f96e555217b9cbca41d6e4df6ec06c961e99"}
{"index": {"_index":"spt","_id":"3707775"}}
	{"id":3707775,"type":"sell","buyer":"thewycher","seller":"burningelk","symbol":"SPT","quantity":"350.315671","price":"0.00231101","timestamp":1655411901,"volume":"0.80958302","buyTxId":"ac1381c1e7b071b7b832f4f83834817451e116ce","sellTxId":"c890f96e555217b9cbca41d6e4df6ec06c961e99"}
{"index": {"_index":"spt","_id":"3707776"}}
	{"id":3707776,"type":"sell","buyer":"thewycher","seller":"burningelk","symbol":"SPT","quantity":"499.999999","price":"0.00231101","timestamp":1655411901,"volume":"1.15550500","buyTxId":"6516465d78ada0ea74ccc5d80a11942c5bb7625f","sellTxId":"c890f96e555217b9cbca41d6e4df6ec06c961e99"}
{"index": {"_index":"spt","_id":"3707777"}}
	{"id":3707777,"type":"sell","buyer":"thewycher","seller":"burningelk","symbol":"SPT","quantity":"499.999999","price":"0.00231101","timestamp":1655411901,"volume":"1.15550500","buyTxId":"ff02743af2db33bb7aabd30a5251b3f6a2fe19f5","sellTxId":"c890f96e555217b9cbca41d6e4df6ec06c961e99"}
{"index": {"_index":"spt","_id":"3707778"}}
	{"id":3707778,"type":"sell","buyer":"thewycher","seller":"burningelk","symbol":"SPT","quantity":"499.999999","price":"0.00231101","timestamp":1655411901,"volume":"1.15550500","buyTxId":"5e03e719e896212da002ef20928befaa99c1d4b2","sellTxId":"c890f96e555217b9cbca41d6e4df6ec06c961e99"}
{"index": {"_index":"spt","_id":"3707779"}}
	{"id":3707779,"type":"sell","buyer":"thewycher","seller":"burningelk","symbol":"SPT","quantity":"499.999999","price":"0.00231101","timestamp":1655411901,"volume":"1.15550500","buyTxId":"aee0990bf5b4afe8e30ec26cd652cb9797263188","sellTxId":"c890f96e555217b9cbca41d6e4df6ec06c961e99"}
{"index": {"_index":"spt","_id":"3707780"}}
	{"id":3707780,"type":"sell","buyer":"thewycher","seller":"burningelk","symbol":"SPT","quantity":"499.999999","price":"0.00231101","timestamp":1655411901,"volume":"1.15550500","buyTxId":"913a3b4fa59803d4138c8f922b3123472aaecdc0","sellTxId":"c890f96e555217b9cbca41d6e4df6ec06c961e99"}
{"index": {"_index":"spt","_id":"3707781"}}
	{"id":3707781,"type":"sell","buyer":"thewycher","seller":"burningelk","symbol":"SPT","quantity":"6.426783","price":"0.00231101","timestamp":1655411901,"volume":"0.01485236","buyTxId":"f08dfbf005b14dce915b1a4747ee8d6a0af46aaf","sellTxId":"c890f96e555217b9cbca41d6e4df6ec06c961e99"}
{"index": {"_index":"spt","_id":"3707782"}}
	{"id":3707782,"type":"sell","buyer":"thewycher","seller":"burningelk","symbol":"SPT","quantity":"499.999999","price":"0.00231101","timestamp":1655411901,"volume":"1.15550500","buyTxId":"8f67683a8762acfa2bd67a9cc7755008430a9ba5","sellTxId":"c890f96e555217b9cbca41d6e4df6ec06c961e99"}
{"index": {"_index":"spt","_id":"3707783"}}
	{"id":3707783,"type":"sell","buyer":"thewycher","seller":"burningelk","symbol":"SPT","quantity":"499.999999","price":"0.00231101","timestamp":1655411901,"volume":"1.15550500","buyTxId":"fd4bbb05f4afb91cdcbe35843e139cc9bc4950ca","sellTxId":"c890f96e555217b9cbca41d6e4df6ec06c961e99"}
{"index": {"_index":"spt","_id":"3707784"}}
	{"id":3707784,"type":"sell","buyer":"thewycher","seller":"burningelk","symbol":"SPT","quantity":"499.999999","price":"0.00231101","timestamp":1655411901,"volume":"1.15550500","buyTxId":"524c90cbe56643835d8910dbaed95a24c5d477af","sellTxId":"c890f96e555217b9cbca41d6e4df6ec06c961e99"}
{"index": {"_index":"spt","_id":"3707785"}}
	{"id":3707785,"type":"sell","buyer":"thewycher","seller":"burningelk","symbol":"SPT","quantity":"499.999999","price":"0.00231101","timestamp":1655411901,"volume":"1.15550500","buyTxId":"e456cb37b7c7e2e2f18d4d44a2d551d4277237eb","sellTxId":"c890f96e555217b9cbca41d6e4df6ec06c961e99"}
{"index": {"_index":"spt","_id":"3707786"}}
	{"id":3707786,"type":"sell","buyer":"thewycher","seller":"burningelk","symbol":"SPT","quantity":"351.296182","price":"0.00231101","timestamp":1655411901,"volume":"0.81184899","buyTxId":"52de474729b61e090ffeac1c2eacff90a322cd17","sellTxId":"c890f96e555217b9cbca41d6e4df6ec06c961e99"}
{"index": {"_index":"spt","_id":"3707787"}}
	{"id":3707787,"type":"sell","buyer":"multifurcate","seller":"burningelk","symbol":"SPT","quantity":"2036.531674","price":"0.00230250","timestamp":1655411901,"volume":"4.68911418","buyTxId":"e6e6e8baac225c887009b2ec12ae5cb17a5af728","sellTxId":"c890f96e555217b9cbca41d6e4df6ec06c961e99"}
{"index": {"_index":"spt","_id":"3708225"}}
	{"id":3708225,"type":"sell","buyer":"thewycher","seller":"yayogerardo","symbol":"SPT","quantity":"15.303351","price":"0.00230251","timestamp":1655417427,"volume":"0.03523612","buyTxId":"1793adaf48088c26bf0f3e0863b329902b8be294","sellTxId":"e360397d584d1a252aea15e138c68a93ff43276d"}
{"index": {"_index":"spt","_id":"3708303"}}
	{"id":3708303,"type":"sell","buyer":"thewycher","seller":"clubfungus","symbol":"SPT","quantity":"210.864314","price":"0.00230251","timestamp":1655418252,"volume":"0.48551719","buyTxId":"1793adaf48088c26bf0f3e0863b329902b8be294","sellTxId":"6290617c5376d2f3921ef0aea2dd8122ad72b0cd"}
{"index": {"_index":"spt","_id":"3708435"}}
	{"id":3708435,"type":"sell","buyer":"thewycher","seller":"eythorphoto","symbol":"SPT","quantity":"0.092713","price":"0.00230251","timestamp":1655419812,"volume":"0.00021347","buyTxId":"1793adaf48088c26bf0f3e0863b329902b8be294","sellTxId":"603dc4356c08137321b16a4e56adbc7b908a85bf"}
{"index": {"_index":"spt","_id":"3708705"}}
	{"id":3708705,"type":"sell","buyer":"thewycher","seller":"alexandrzombi","symbol":"SPT","quantity":"0.459863","price":"0.00230251","timestamp":1655421984,"volume":"0.00105884","buyTxId":"1793adaf48088c26bf0f3e0863b329902b8be294","sellTxId":"ef697a70c74e6eb8e8b0bfabb3e93097b509fd78"}
{"index": {"_index":"spt","_id":"3709104"}}
	{"id":3709104,"type":"buy","buyer":"sephiwolf","seller":"onlydoge","symbol":"SPT","quantity":"101.880410","price":"0.00256000","timestamp":1655425533,"volume":"0.26081385","buyTxId":"ad79a68e119032bc4016bfc48bc646543ee5db73","sellTxId":"aafd1dc8145b6689cb434381ffa3d3aafac935a4"}
{"index": {"_index":"spt","_id":"3709105"}}
	{"id":3709105,"type":"sell","buyer":"thewycher","seller":"sephiwolf","symbol":"SPT","quantity":"101.987492","price":"0.00230251","timestamp":1655425551,"volume":"0.23482722","buyTxId":"1793adaf48088c26bf0f3e0863b329902b8be294","sellTxId":"a8c1950ee5b0dfa0a8510421a3d5e57933355f40"}
{"index": {"_index":"spt","_id":"3709327"}}
	{"id":3709327,"type":"buy","buyer":"pjansen","seller":"onlydoge","symbol":"SPT","quantity":"1214.380522","price":"0.00256000","timestamp":1655427351,"volume":"3.10881414","buyTxId":"7c3e1aff7f9709dd9563b37dbaefeec76409755d","sellTxId":"aafd1dc8145b6689cb434381ffa3d3aafac935a4"}
{"index": {"_index":"spt","_id":"3709328"}}
	{"id":3709328,"type":"buy","buyer":"pjansen","seller":"shinoxl","symbol":"SPT","quantity":"0.032290","price":"0.00265900","timestamp":1655427351,"volume":"0.00008586","buyTxId":"7c3e1aff7f9709dd9563b37dbaefeec76409755d","sellTxId":"be67fdbddc991640622329fc8ca7fcf5b05bd42f"}
{"index": {"_index":"spt","_id":"3709792"}}
	{"id":3709792,"type":"sell","buyer":"thewycher","seller":"dswap","symbol":"SPT","quantity":"171.292266","price":"0.00230251","timestamp":1655431638,"volume":"0.39440216","buyTxId":"1793adaf48088c26bf0f3e0863b329902b8be294","sellTxId":"1a8a8e4bf4436b371e5900bc8fe6cd164b4c4bd2"}
{"index": {"_index":"spt","_id":"3709793"}}
	{"id":3709793,"type":"sell","buyer":"thewycher","seller":"dswap","symbol":"SPT","quantity":"499.999999","price":"0.00230251","timestamp":1655431638,"volume":"1.15125500","buyTxId":"aa16227c0f12afdfd7c9e118cdce0a3df2fdeb50","sellTxId":"1a8a8e4bf4436b371e5900bc8fe6cd164b4c4bd2"}
{"index": {"_index":"spt","_id":"3709794"}}
	{"id":3709794,"type":"sell","buyer":"thewycher","seller":"dswap","symbol":"SPT","quantity":"328.707735","price":"0.00230251","timestamp":1655431638,"volume":"0.75685285","buyTxId":"08dfc7f3b457920f9e7b5a542d6fdeea04b4efe8","sellTxId":"1a8a8e4bf4436b371e5900bc8fe6cd164b4c4bd2"}
{"index": {"_index":"spt","_id":"3709892"}}
	{"id":3709892,"type":"sell","buyer":"thewycher","seller":"bitcoinflood","symbol":"SPT","quantity":"85.956295","price":"0.00230251","timestamp":1655433327,"volume":"0.19791523","buyTxId":"08dfc7f3b457920f9e7b5a542d6fdeea04b4efe8","sellTxId":"c4c3654fa62b29a07f499bde4783ee2b8b9aadfc"}
