{"index": {"_index":"spt","_id":"1697917"}}
	{"id":1697917,"type":"sell","buyer":"pi-trader","seller":"mawit07","symbol":"SPT","quantity":"758.510541","price":"0.01211001","timestamp":1634180316,"volume":"9.18557024","buyTxId":"718e16a58e1b189164f8d91e4486921a766b0f98-5","sellTxId":"8726b15e203ecca01ebc744cef3980c88fc0c878"}
{"index": {"_index":"spt","_id":"1697956"}}
	{"id":1697956,"type":"sell","buyer":"pi-trader","seller":"nahueldare3627","symbol":"SPT","quantity":"2.962736","price":"0.01211001","timestamp":1634181120,"volume":"0.03587876","buyTxId":"28b420b82bf737d932e84b68f97313b1064badf7-6","sellTxId":"407daa24e83f0c96d0e5489ba723a90ad696e8bb"}
{"index": {"_index":"spt","_id":"1697967"}}
	{"id":1697967,"type":"sell","buyer":"pi-trader","seller":"cflclosers","symbol":"SPT","quantity":"96.146383","price":"0.01211001","timestamp":1634181501,"volume":"1.16433366","buyTxId":"95a1d1409542684575e5b2b663f8375cfe501d52-5","sellTxId":"a7a5d091f9652de2e4797e546321712f2431688c"}
{"index": {"_index":"spt","_id":"1698014"}}
	{"id":1698014,"type":"buy","buyer":"dswap","seller":"laundrywoman","symbol":"SPT","quantity":"1226.548681","price":"0.01283999","timestamp":1634182473,"volume":"15.74887280","buyTxId":"fa9bd7529014ae1a83f93e34c313947d2bf513ce","sellTxId":"f2c9c439b8d10eb0fbe061fb6498671cc0d37f39"}
{"index": {"_index":"spt","_id":"1698045"}}
	{"id":1698045,"type":"sell","buyer":"pi-trader","seller":"kennysgaminglife","symbol":"SPT","quantity":"2.256947","price":"0.01211001","timestamp":1634183175,"volume":"0.02733165","buyTxId":"ad8814c04d991c2d9216cedc0b043d54f86635c7-3","sellTxId":"a6c46a81bb04155dd3d453cf915f980a1e3b35bc"}
{"index": {"_index":"spt","_id":"1698075"}}
	{"id":1698075,"type":"sell","buyer":"pi-trader","seller":"satren","symbol":"SPT","quantity":"122.936664","price":"0.01211001","timestamp":1634183925,"volume":"1.48876423","buyTxId":"b609ffea85d6799a28303139e19db6b6c797d671-1","sellTxId":"d445f8b65b91e090ed12d6a28e06f49eb4ef64ed"}
{"index": {"_index":"spt","_id":"1698084"}}
	{"id":1698084,"type":"sell","buyer":"pi-trader","seller":"bipl","symbol":"SPT","quantity":"0.983","price":"0.01211001","timestamp":1634184114,"volume":"0.01190414","buyTxId":"1cf857272680ca99018ee83b1b21889cb0efba98-4","sellTxId":"d86d508752ced7f54bace84f93a0ebe6866703c6"}
{"index": {"_index":"spt","_id":"1698137"}}
	{"id":1698137,"type":"buy","buyer":"h3m4n7","seller":"laundrywoman","symbol":"SPT","quantity":"140.187025","price":"0.01283999","timestamp":1634185014,"volume":"1.8","buyTxId":"f8e5c8f7943bfa43c1bc12104f3c430c66f5b28f","sellTxId":"f2c9c439b8d10eb0fbe061fb6498671cc0d37f39"}
{"index": {"_index":"spt","_id":"1698255"}}
	{"id":1698255,"type":"sell","buyer":"pi-trader","seller":"cliffagreen","symbol":"SPT","quantity":"0.074000","price":"0.01211001","timestamp":1634187195,"volume":"0.00089614","buyTxId":"31010c80399a9b2d9e18e4cf5e0b833928591e53-1","sellTxId":"114a44af19dbefc53105f25308c330abb5c8239d"}
{"index": {"_index":"spt","_id":"1698272"}}
	{"id":1698272,"type":"sell","buyer":"pi-trader","seller":"cliffagreen","symbol":"SPT","quantity":"0.666000","price":"0.01211003","timestamp":1634187369,"volume":"0.00806528","buyTxId":"94cf15904b41458cc39e315cc1300075ceaf8723-3","sellTxId":"3a49723a9136865567146f896868a243551262df"}
{"index": {"_index":"spt","_id":"1698293"}}
	{"id":1698293,"type":"sell","buyer":"pi-trader","seller":"dswap","symbol":"SPT","quantity":"250","price":"0.01211013","timestamp":1634188149,"volume":"3.02753250","buyTxId":"2b6777243ab39e402abc9df6fffdf9638e5a8866-7","sellTxId":"00b6abb19f13c5bc418043db10887ad2efc3adda"}
{"index": {"_index":"spt","_id":"1698337"}}
	{"id":1698337,"type":"sell","buyer":"pi-trader","seller":"steem82868","symbol":"SPT","quantity":"264.830455","price":"0.01211009","timestamp":1634188905,"volume":"3.20712064","buyTxId":"ff1f1aee9299797ff2ee8f41d281aa02606aaf6b-3","sellTxId":"d4ec89c9aff88922f44100716a593dc34d1678b7"}
{"index": {"_index":"spt","_id":"1698389"}}
	{"id":1698389,"type":"sell","buyer":"granddaddies","seller":"dudeontheweb","symbol":"SPT","quantity":"99.000000","price":"0.01211012","timestamp":1634189676,"volume":"1.19890188","buyTxId":"922de1c77ec5030c82eb17cc039d24edba5c7ab2","sellTxId":"62ca8626a68b4401596c70cded462b18ddf0997a"}
{"index": {"_index":"spt","_id":"1698513"}}
	{"id":1698513,"type":"sell","buyer":"pi-trader","seller":"chekohler","symbol":"SPT","quantity":"1.826243","price":"0.01211005","timestamp":1634191377,"volume":"0.02211589","buyTxId":"b2e027e8d3ec02f8b847d7ec5fd80dfdf600ac69-3","sellTxId":"d0892d0017e46226bc976a36a520ef5ecd445943"}
{"index": {"_index":"spt","_id":"1698522"}}
	{"id":1698522,"type":"sell","buyer":"granddaddies","seller":"mercurial9","symbol":"SPT","quantity":"2484.493860","price":"0.01211010","timestamp":1634191599,"volume":"30.08746909","buyTxId":"56cbd9c664ff597881fc7fc5d2a76260f8faa354","sellTxId":"49f92d77c7c5daefcb12831cd24c4a90d6176da4"}
{"index": {"_index":"spt","_id":"1698564"}}
	{"id":1698564,"type":"sell","buyer":"granddaddies","seller":"limka","symbol":"SPT","quantity":"1326.607881","price":"0.01211006","timestamp":1634192391,"volume":"16.06530104","buyTxId":"457625a3dd40297ef548c2bf854d8ccb51543734","sellTxId":"67b068d9255d5f9b4a2002cf384d19efb6032a34"}
{"index": {"_index":"spt","_id":"1698569"}}
	{"id":1698569,"type":"sell","buyer":"pi-trader","seller":"sampraise","symbol":"SPT","quantity":"29.811816","price":"0.01211009","timestamp":1634192484,"volume":"0.36102377","buyTxId":"2d07e171f03df550c8834cb8dbceb605532b3709-2","sellTxId":"6b379880ddcc7b9769f478d4e9f2e328aaf9df29"}
{"index": {"_index":"spt","_id":"1698603"}}
	{"id":1698603,"type":"buy","buyer":"nata86","seller":"laundrywoman","symbol":"SPT","quantity":"50.000000","price":"0.01282999","timestamp":1634193291,"volume":"0.64149950","buyTxId":"bc6760d88e6069f5cbe08749cea5558b527da27c","sellTxId":"d9548c1536d243573167f334da294e2df888822d"}
{"index": {"_index":"spt","_id":"1698612"}}
	{"id":1698612,"type":"sell","buyer":"pi-trader","seller":"logicforce","symbol":"SPT","quantity":"311.366585","price":"0.01211011","timestamp":1634193567,"volume":"3.77068359","buyTxId":"d80b9865e6753b0aa2368adee9ea27af46818fd3-1","sellTxId":"0e792bb7356cebe7f45661f1e775b1c32b50f5f1"}
{"index": {"_index":"spt","_id":"1698638"}}
	{"id":1698638,"type":"buy","buyer":"dswap","seller":"laundrywoman","symbol":"SPT","quantity":"1.738505","price":"0.01282999","timestamp":1634194032,"volume":"0.02230501","buyTxId":"40c9d871531699468296d8ef94c4d33665fbc522","sellTxId":"d9548c1536d243573167f334da294e2df888822d"}
{"index": {"_index":"spt","_id":"1698769"}}
	{"id":1698769,"type":"sell","buyer":"pi-trader","seller":"bambukah","symbol":"SPT","quantity":"0.167","price":"0.01211011","timestamp":1634195946,"volume":"0.00202239","buyTxId":"d66a10a79d4d14cc2df0faf5921711768416675f-1","sellTxId":"16cdfe7803144ac1486794021d6f245097805fe9"}
{"index": {"_index":"spt","_id":"1698783"}}
	{"id":1698783,"type":"sell","buyer":"pi-trader","seller":"sralim","symbol":"SPT","quantity":"594","price":"0.01211005","timestamp":1634196153,"volume":"7.19336970","buyTxId":"455621ca52d40006077572b42f58d6053d90ec7d-1","sellTxId":"f5e1f027a11006817bfbf3c56107df23cddafddd"}
{"index": {"_index":"spt","_id":"1698837"}}
	{"id":1698837,"type":"sell","buyer":"pi-trader","seller":"solaito","symbol":"SPT","quantity":"2683.559924","price":"0.01211009","timestamp":1634197260,"volume":"32.49815220","buyTxId":"4f91806106610abb6043d31fdabca699e74a649d-6","sellTxId":"bc0a3d1084d1130c99e91cb28937e2fc9d8b3a91"}
{"index": {"_index":"spt","_id":"1698941"}}
	{"id":1698941,"type":"sell","buyer":"pi-trader","seller":"jungrez","symbol":"SPT","quantity":"0.464526","price":"0.01211005","timestamp":1634198529,"volume":"0.00562543","buyTxId":"ed96aec24f530bfbb9e679c30d3bfdf2bae2b9c9-1","sellTxId":"2d94817106362bf3a528780b67b623e99f7da15b"}
{"index": {"_index":"spt","_id":"1698942"}}
	{"id":1698942,"type":"sell","buyer":"pi-trader","seller":"iceman23","symbol":"SPT","quantity":"47.132304","price":"0.01211005","timestamp":1634198532,"volume":"0.57077456","buyTxId":"ed96aec24f530bfbb9e679c30d3bfdf2bae2b9c9-1","sellTxId":"2616adc77f3bc96f2b57bd0a982f3690c147de8c"}
{"index": {"_index":"spt","_id":"1698984"}}
	{"id":1698984,"type":"buy","buyer":"iceman-23","seller":"laundrywoman","symbol":"SPT","quantity":"0.000425","price":"0.01283599","timestamp":1634198715,"volume":"0.00000546","buyTxId":"3334fe6a0e8bd01897c539b08b4c585be91ad6e6","sellTxId":"c05a740daaf2c0ee5909ceb23fc914ae773f6d05"}
{"index": {"_index":"spt","_id":"1698987"}}
	{"id":1698987,"type":"sell","buyer":"pi-trader","seller":"iceman-23","symbol":"SPT","quantity":"0.003845","price":"0.01211001","timestamp":1634198751,"volume":"0.00004656","buyTxId":"43e48709ea8881733959f381600aaabf51eb06b0-3","sellTxId":"eac62db1d73a5e91580d7569ef6a32b5fb8bb708"}
{"index": {"_index":"spt","_id":"1698992"}}
	{"id":1698992,"type":"sell","buyer":"pi-trader","seller":"followgrubby","symbol":"SPT","quantity":"46.635946","price":"0.01211003","timestamp":1634198802,"volume":"0.56476271","buyTxId":"878e5abd906730eaf1efb222f6762219f4ea9029-5","sellTxId":"71d5626c6f47933cc02ab14b6e3f6bbc0f2f9eda"}
{"index": {"_index":"spt","_id":"1699074"}}
	{"id":1699074,"type":"sell","buyer":"pi-trader","seller":"cloudblade","symbol":"SPT","quantity":"40.143393","price":"0.01211008","timestamp":1634199585,"volume":"0.48613970","buyTxId":"e8cffe3caba1e2a1017c4e7681986e6bb66f26fa-1","sellTxId":"9e386bb7a2aae6e1e19adb16826db2b6e2fb4eeb"}
{"index": {"_index":"spt","_id":"1699156"}}
	{"id":1699156,"type":"sell","buyer":"granddaddies","seller":"skatelate","symbol":"SPT","quantity":"0.60549","price":"0.01211013","timestamp":1634200821,"volume":"0.00733256","buyTxId":"5511ba87abedbad8fa8336b6a7c2b411b48a1f9a","sellTxId":"b6d1f6765b7fbe5b864aa65788e8b14e23868f32"}
{"index": {"_index":"spt","_id":"1699159"}}
	{"id":1699159,"type":"sell","buyer":"pi-trader","seller":"notaboutme","symbol":"SPT","quantity":"244.000000","price":"0.01211014","timestamp":1634200905,"volume":"2.95487416","buyTxId":"b0788157bfdd03dd3743ed3bd7eda592d8857755-5","sellTxId":"e72b6743dae6c6712d751959a5ca4e55a497128a"}
{"index": {"_index":"spt","_id":"1699179"}}
	{"id":1699179,"type":"buy","buyer":"ahmetay","seller":"stickupboys","symbol":"SPT","quantity":"7.119303","price":"0.01211016","timestamp":1634201616,"volume":"0.08621590","buyTxId":"00054bd7135412a84fa87d6c0a98bca28c936e87","sellTxId":"a0222e4fc789f46d0007d7f71b7591b54780d75a"}
{"index": {"_index":"spt","_id":"1699214"}}
	{"id":1699214,"type":"sell","buyer":"pi-trader","seller":"zooteam111","symbol":"SPT","quantity":"8000.000000","price":"0.01211014","timestamp":1634202330,"volume":"96.88112000","buyTxId":"e4ac1b6831232824918c6ee6bbf62d687fb0f338-5","sellTxId":"d4cf5f5ae02a590d1e2d9880174603632235eb93"}
{"index": {"_index":"spt","_id":"1699215"}}
	{"id":1699215,"type":"sell","buyer":"granddaddies","seller":"zooteam111","symbol":"SPT","quantity":"11289.000000","price":"0.01211013","timestamp":1634202330,"volume":"136.71125757","buyTxId":"ee78e9cf1f486f79f72ab4cbd3d222f721d15884","sellTxId":"d4cf5f5ae02a590d1e2d9880174603632235eb93"}
{"index": {"_index":"spt","_id":"1699302"}}
	{"id":1699302,"type":"sell","buyer":"granddaddies","seller":"chekohler","symbol":"SPT","quantity":"2.512691","price":"0.01211011","timestamp":1634203734,"volume":"0.03042896","buyTxId":"d656f5d4713333170f4ab334799eed8644310aa5","sellTxId":"c38f7964d225d67d3dc608d29553c9f969a89a4b"}
{"index": {"_index":"spt","_id":"1699472"}}
	{"id":1699472,"type":"sell","buyer":"granddaddies","seller":"stockage","symbol":"SPT","quantity":"13.116226","price":"0.01211011","timestamp":1634206389,"volume":"0.15883894","buyTxId":"a112574996b4f6488bddaba073613bfb26af0e0c","sellTxId":"5d1a2d9b48dd9ea19ea699e30328368ee26f0c53"}
{"index": {"_index":"spt","_id":"1699573"}}
	{"id":1699573,"type":"sell","buyer":"pi-trader","seller":"scooter77","symbol":"SPT","quantity":"1572.229354","price":"0.01215001","timestamp":1634209311,"volume":"19.10260237","buyTxId":"a64b8e8e9d933a34e7f4783626983eaa8b8fcea3-1","sellTxId":"fb6bc94d9e4351f5a760cef11c4fef51ee642e1b"}
{"index": {"_index":"spt","_id":"1699603"}}
	{"id":1699603,"type":"sell","buyer":"pi-trader","seller":"burningelk","symbol":"SPT","quantity":"36.454000","price":"0.01215001","timestamp":1634209641,"volume":"0.44291646","buyTxId":"d4638176586ba3cff0d51b868e5ee9cc0e422c0a-4","sellTxId":"0d7cb812835fc817bcd085317691e77943e3c9ac"}
{"index": {"_index":"spt","_id":"1699743"}}
	{"id":1699743,"type":"sell","buyer":"pi-trader","seller":"aliveprojects","symbol":"SPT","quantity":"8.064","price":"0.01215101","timestamp":1634212935,"volume":"0.09798574","buyTxId":"fc84c20bacba55a416c85f4845a1d1b3a7718b58-3","sellTxId":"8eb7ec67cf2a5f0bd604178917c95d5fdf4ef7d0"}
{"index": {"_index":"spt","_id":"1699780"}}
	{"id":1699780,"type":"sell","buyer":"pi-trader","seller":"informal","symbol":"SPT","quantity":"31.827591","price":"0.01215101","timestamp":1634213298,"volume":"0.38673738","buyTxId":"6e38ec798bb05b6c3dcce2d1deb23d56aed437e8-4","sellTxId":"33baf7891bf35777a352688bc19702103c25e85a"}
{"index": {"_index":"spt","_id":"1699814"}}
	{"id":1699814,"type":"sell","buyer":"pi-trader","seller":"ahmetay","symbol":"SPT","quantity":"0.000782","price":"0.01215101","timestamp":1634213685,"volume":"0.00000950","buyTxId":"b9abd63534766f2c0ba9980efe659c3a27c9bae9-2","sellTxId":"26637195eeb0ba03df7cead28bde8b2be07e0e90"}
{"index": {"_index":"spt","_id":"1700039"}}
	{"id":1700039,"type":"sell","buyer":"pi-trader","seller":"cryptoctopus","symbol":"SPT","quantity":"8000.000000","price":"0.01215101","timestamp":1634216907,"volume":"97.20808000","buyTxId":"659e6ba27103d8419272ec7292a58b626aff1e91-4","sellTxId":"7a7d0e79b0a96db7f7ca76d5dd47421907ed7291"}
{"index": {"_index":"spt","_id":"1700040"}}
	{"id":1700040,"type":"sell","buyer":"mineopoly","seller":"cryptoctopus","symbol":"SPT","quantity":"370.000000","price":"0.01215100","timestamp":1634216907,"volume":"4.49587000","buyTxId":"4d46f63ab41bf4a9406e8fd84dff726b6250d2c8","sellTxId":"7a7d0e79b0a96db7f7ca76d5dd47421907ed7291"}
{"index": {"_index":"spt","_id":"1700041"}}
	{"id":1700041,"type":"sell","buyer":"anadolu","seller":"cryptoctopus","symbol":"SPT","quantity":"2333.000000","price":"0.01215000","timestamp":1634216907,"volume":"28.34595000","buyTxId":"545c47eb114793af724e6d3db9f69035981526e5","sellTxId":"7a7d0e79b0a96db7f7ca76d5dd47421907ed7291"}
{"index": {"_index":"spt","_id":"1700088"}}
	{"id":1700088,"type":"sell","buyer":"anadolu","seller":"solaito","symbol":"SPT","quantity":"2475.360483","price":"0.01215000","timestamp":1634217615,"volume":"30.07562987","buyTxId":"545c47eb114793af724e6d3db9f69035981526e5","sellTxId":"662cda9d14e94e7a1eb423150abf712e55d9f3df"}
{"index": {"_index":"spt","_id":"1700219"}}
	{"id":1700219,"type":"sell","buyer":"anadolu","seller":"buackaw","symbol":"SPT","quantity":"150.000000","price":"0.01215000","timestamp":1634219262,"volume":"1.82250000","buyTxId":"545c47eb114793af724e6d3db9f69035981526e5","sellTxId":"f3fdfe7eb8cbd75dafa6227f6e4661ae845d0525"}
{"index": {"_index":"spt","_id":"1700467"}}
	{"id":1700467,"type":"sell","buyer":"pi-trader","seller":"mimerr","symbol":"SPT","quantity":"4.562202","price":"0.01215001","timestamp":1634222250,"volume":"0.05543080","buyTxId":"7563a25c78b5c5786de506bb4ad8b0305eb005f0-2","sellTxId":"c1f7987c7cdc6af8c96c340f7755e23961940ca4"}
{"index": {"_index":"spt","_id":"1700560"}}
	{"id":1700560,"type":"buy","buyer":"kevmcc","seller":"laundrywoman","symbol":"SPT","quantity":"55.000000","price":"0.01279997","timestamp":1634223765,"volume":"0.70399835","buyTxId":"c0cd47c5d7f9754287e1b885c7571d86ef269920","sellTxId":"235b167f7457003d4ae253e17f37e9008e6df757"}
{"index": {"_index":"spt","_id":"1700578"}}
	{"id":1700578,"type":"sell","buyer":"pi-trader","seller":"tanguero","symbol":"SPT","quantity":"5338.613960","price":"0.01215001","timestamp":1634224086,"volume":"64.86421300","buyTxId":"5cd2f319fbb32ed19f544879a60b3618ae72d735-1","sellTxId":"9f6c1e21b0127dc313707463dcb2c25cc6c60384"}
{"index": {"_index":"spt","_id":"1700682"}}
	{"id":1700682,"type":"sell","buyer":"granddaddies","seller":"khazrakh","symbol":"SPT","quantity":"334.018000","price":"0.01215004","timestamp":1634225082,"volume":"4.05833206","buyTxId":"5a0ec5a92022c546aa99bfea0cb31cada8ecdcf3","sellTxId":"0405cdecc9f2a35465edac3fd20170a0822b65b1"}
{"index": {"_index":"spt","_id":"1700728"}}
	{"id":1700728,"type":"sell","buyer":"pi-trader","seller":"nuzomoj1","symbol":"SPT","quantity":"7.549395","price":"0.01215009","timestamp":1634225448,"volume":"0.09172583","buyTxId":"a20d53548a52ee4f5c9dfd1457508eb766490937-4","sellTxId":"72403995c6e4b5a727ebd677948fb80d07b67f9c"}
{"index": {"_index":"spt","_id":"1700732"}}
	{"id":1700732,"type":"sell","buyer":"pi-trader","seller":"hive.pizza","symbol":"SPT","quantity":"47.418008","price":"0.01215009","timestamp":1634225454,"volume":"0.57613306","buyTxId":"a20d53548a52ee4f5c9dfd1457508eb766490937-4","sellTxId":"cf1330eff98ad4bfbcd5832d3b97d10a855c7f3b"}
{"index": {"_index":"spt","_id":"1700748"}}
	{"id":1700748,"type":"buy","buyer":"emma001","seller":"marcosms","symbol":"SPT","quantity":"1699.020080","price":"0.01279998","timestamp":1634225664,"volume":"21.74742304","buyTxId":"8dc1177cdd8bc4541d97d93d6b8b765350eea395","sellTxId":"16da790adc3cac69daece92ae9396dd367b8dca2"}
{"index": {"_index":"spt","_id":"1700766"}}
	{"id":1700766,"type":"buy","buyer":"emma001","seller":"anadolu","symbol":"SPT","quantity":"553.979920","price":"0.01280000","timestamp":1634225868,"volume":"7.09094298","buyTxId":"f3386bda4330bf891bcdf2acf519908f0b85ed83","sellTxId":"6248fbb8f190e32a13c63497e6a047583f380cbf"}
{"index": {"_index":"spt","_id":"1700877"}}
	{"id":1700877,"type":"sell","buyer":"pi-trader","seller":"porsten","symbol":"SPT","quantity":"912.000000","price":"0.01215007","timestamp":1634227299,"volume":"11.08086384","buyTxId":"e3a446a45075aa58b98b0ea88f951d3b01b95cf1-5","sellTxId":"2aa9856696e12ecbe43e13c63c3c2b9cfd646535"}
{"index": {"_index":"spt","_id":"1700881"}}
	{"id":1700881,"type":"buy","buyer":"granddaddies","seller":"angelrey199026","symbol":"SPT","quantity":"237.516310","price":"0.01215006","timestamp":1634227347,"volume":"2.88583742","buyTxId":"2588515048bc4f16eb81bea7bfc5d860f49d5c3a","sellTxId":"798143e1512b62011e8d6ebb3491b87d3629e127"}
{"index": {"_index":"spt","_id":"1700894"}}
	{"id":1700894,"type":"sell","buyer":"granddaddies","seller":"yassin444","symbol":"SPT","quantity":"16","price":"0.01215002","timestamp":1634227623,"volume":"0.19440032","buyTxId":"c3e389c6de72493562680215d0b272a427edf2e8","sellTxId":"1abbbaa177cf44acd5e572cbe41cc28305270e35"}
{"index": {"_index":"spt","_id":"1701033"}}
	{"id":1701033,"type":"sell","buyer":"pi-trader","seller":"photosnap","symbol":"SPT","quantity":"148.604062","price":"0.01215005","timestamp":1634228559,"volume":"1.80554678","buyTxId":"c2ca04b94a952cf9ea967ea5a7fde818cf45482e-3","sellTxId":"f8279446518dd6bba9f0fc92eac4bd23380e3d88"}
{"index": {"_index":"spt","_id":"1701352"}}
	{"id":1701352,"type":"sell","buyer":"pi-trader","seller":"tokutaro22","symbol":"SPT","quantity":"56.980007","price":"0.01215009","timestamp":1634231247,"volume":"0.69231221","buyTxId":"3325025e9db1e3b039a73947e48eab7f50275560-3","sellTxId":"cb38a88b54fc982cf06de7fcb1165bbd461638fb"}
{"index": {"_index":"spt","_id":"1701482"}}
	{"id":1701482,"type":"buy","buyer":"evernoticethat","seller":"anuk","symbol":"SPT","quantity":"3.891465","price":"0.01249000","timestamp":1634232762,"volume":"0.04860440","buyTxId":"2425f587ac174be9b588c3bce39e6c66147a7afb","sellTxId":"da9bfd10d62250f850e72a841d49c10b72055c8b"}
{"index": {"_index":"spt","_id":"1701563"}}
	{"id":1701563,"type":"sell","buyer":"pi-trader","seller":"aritski","symbol":"SPT","quantity":"575.450428","price":"0.01215005","timestamp":1634233887,"volume":"6.99175147","buyTxId":"57d2e865833c517888da1591dedd263ca3590975-3","sellTxId":"202f50902b860ab81df254fa9acbe301d84479e4"}
{"index": {"_index":"spt","_id":"1701564"}}
	{"id":1701564,"type":"sell","buyer":"pi-trader","seller":"valor2s","symbol":"SPT","quantity":"1.291557","price":"0.01215005","timestamp":1634233908,"volume":"0.01569248","buyTxId":"57d2e865833c517888da1591dedd263ca3590975-3","sellTxId":"3438766d8701e622c19f7bd978cee2155b52ff97"}
{"index": {"_index":"spt","_id":"1701624"}}
	{"id":1701624,"type":"buy","buyer":"dswap","seller":"anuk","symbol":"SPT","quantity":"136.121617","price":"0.01249000","timestamp":1634234286,"volume":"1.70015900","buyTxId":"488d997cb9dd89b9498056106a69413a849a95d0","sellTxId":"da9bfd10d62250f850e72a841d49c10b72055c8b"}
{"index": {"_index":"spt","_id":"1701729"}}
	{"id":1701729,"type":"sell","buyer":"pi-trader","seller":"nathu1","symbol":"SPT","quantity":"472","price":"0.01215007","timestamp":1634235414,"volume":"5.73483304","buyTxId":"d0b69200d870de71f287584422cced664105a358-1","sellTxId":"65ad51ea820b324b33c600436bc166830e4967e0"}
{"index": {"_index":"spt","_id":"1701744"}}
	{"id":1701744,"type":"sell","buyer":"granddaddies","seller":"onealfa.leo","symbol":"SPT","quantity":"2.390506","price":"0.01215010","timestamp":1634235549,"volume":"0.02904489","buyTxId":"56d22465b33a733d057d5f761614820e65596bfa","sellTxId":"94d800a202c598aca7bcee8dab802698f8b56c34"}
{"index": {"_index":"spt","_id":"1701814"}}
	{"id":1701814,"type":"sell","buyer":"pi-trader","seller":"litrydow","symbol":"SPT","quantity":"16.928586","price":"0.01215003","timestamp":1634236164,"volume":"0.20568283","buyTxId":"8e7f46025a346c132ae22d43f526893f7b848160-1","sellTxId":"8bcbf638423a8fdef3d0a7f437eda8a2716a7578"}
{"index": {"_index":"spt","_id":"1701833"}}
	{"id":1701833,"type":"sell","buyer":"pi-trader","seller":"xabi","symbol":"SPT","quantity":"253.813864","price":"0.01215009","timestamp":1634236416,"volume":"3.08386129","buyTxId":"737657e5a368cfd53b7e9e12080a5cd19cfc834a-1","sellTxId":"1d0a0cf4881ec3c3f9cdc757941817c9f0f6f2fb"}
{"index": {"_index":"spt","_id":"1701839"}}
	{"id":1701839,"type":"buy","buyer":"jongolson","seller":"anuk","symbol":"SPT","quantity":"1000.000000","price":"0.01249000","timestamp":1634236515,"volume":"12.49000000","buyTxId":"4843d6632bce08791d65a1b41c8c182f98aec988","sellTxId":"da9bfd10d62250f850e72a841d49c10b72055c8b"}
{"index": {"_index":"spt","_id":"1701909"}}
	{"id":1701909,"type":"sell","buyer":"pi-trader","seller":"bitcoinflood","symbol":"SPT","quantity":"1.057851","price":"0.01215011","timestamp":1634237439,"volume":"0.01285301","buyTxId":"81b46c3766551af2bddcd0bb6400d4749b90a416-5","sellTxId":"8b5a0051d4ba24133571beb2cbc83d151375edd3"}
{"index": {"_index":"spt","_id":"1701944"}}
	{"id":1701944,"type":"sell","buyer":"pi-trader","seller":"eclipsi","symbol":"SPT","quantity":"8000.000000","price":"0.01215003","timestamp":1634237931,"volume":"97.20024000","buyTxId":"199691bf96292e2e7df34c7358b60191d513c66e-3","sellTxId":"4b2b0309577e978365144b0823e3ce04a6aff286"}
{"index": {"_index":"spt","_id":"1701945"}}
	{"id":1701945,"type":"sell","buyer":"granddaddies","seller":"eclipsi","symbol":"SPT","quantity":"555.358004","price":"0.01215002","timestamp":1634237931,"volume":"6.74761086","buyTxId":"c2ff304eb4b6a6a43ecc0f378dba886d78149710","sellTxId":"4b2b0309577e978365144b0823e3ce04a6aff286"}
{"index": {"_index":"spt","_id":"1702017"}}
	{"id":1702017,"type":"buy","buyer":"granddaddies","seller":"revisesociology","symbol":"SPT","quantity":"695.000000","price":"0.01215005","timestamp":1634239005,"volume":"8.44428475","buyTxId":"d6fc4ccbb8560e2ef4547a04b0c1ac17dc5a75c2","sellTxId":"c71833c079af275a27d8cb4109dbfed3720c3d0b"}
{"index": {"_index":"spt","_id":"1702107"}}
	{"id":1702107,"type":"buy","buyer":"mongshter","seller":"master-lamps","symbol":"SPT","quantity":"0.533000","price":"0.01248990","timestamp":1634240295,"volume":"0.00665712","buyTxId":"59b7cd0ab1b1f99a514998da4520aab5fd3d8ffa","sellTxId":"14ac501aeab0f23fdb8b9b8e494878e72607e3ea"}
{"index": {"_index":"spt","_id":"1702108"}}
	{"id":1702108,"type":"buy","buyer":"mongshter","seller":"anuk","symbol":"SPT","quantity":"499.467000","price":"0.01249000","timestamp":1634240295,"volume":"6.23834283","buyTxId":"59b7cd0ab1b1f99a514998da4520aab5fd3d8ffa","sellTxId":"da9bfd10d62250f850e72a841d49c10b72055c8b"}
{"index": {"_index":"spt","_id":"1702118"}}
	{"id":1702118,"type":"buy","buyer":"dswap","seller":"anuk","symbol":"SPT","quantity":"208.979390","price":"0.01249000","timestamp":1634240598,"volume":"2.61015258","buyTxId":"d0449277a6d6bb11941e71a271b34fe0ca3607b9","sellTxId":"da9bfd10d62250f850e72a841d49c10b72055c8b"}
{"index": {"_index":"spt","_id":"1702119"}}
	{"id":1702119,"type":"buy","buyer":"dswap","seller":"laundrywoman","symbol":"SPT","quantity":"14439.885708","price":"0.01279999","timestamp":1634240598,"volume":"184.83039267","buyTxId":"d0449277a6d6bb11941e71a271b34fe0ca3607b9","sellTxId":"c29e67d20d6dc9ff66d4f9fc8aafb654a9de61dc"}
{"index": {"_index":"spt","_id":"1702160"}}
	{"id":1702160,"type":"sell","buyer":"pi-trader","seller":"forexbrokr","symbol":"SPT","quantity":"5.783816","price":"0.01216001","timestamp":1634241351,"volume":"0.07033126","buyTxId":"857919bb094f8cec36216eb9863525c5b8446ad1-1","sellTxId":"2fdc3f247fc6cc15c81ceed8867937ab95e6d173"}
{"index": {"_index":"spt","_id":"1702196"}}
	{"id":1702196,"type":"sell","buyer":"pi-trader","seller":"jakkal","symbol":"SPT","quantity":"739.612023","price":"0.01215009","timestamp":1634241780,"volume":"8.98635264","buyTxId":"7fb3ab83c03796485c47c594303e8df97e98fe74-1","sellTxId":"d12ef61aa75f5ad633f25b084379277c2aa9562d"}
{"index": {"_index":"spt","_id":"1702223"}}
	{"id":1702223,"type":"sell","buyer":"pi-trader","seller":"jarmeson","symbol":"SPT","quantity":"1414","price":"0.01215007","timestamp":1634242182,"volume":"17.18019898","buyTxId":"0bad1088d139216c932b358ff05e1bd7f1b754a3-2","sellTxId":"6f2186b88ef6c8c8f02f4df1622004a7e0f2cece"}
{"index": {"_index":"spt","_id":"1702233"}}
	{"id":1702233,"type":"sell","buyer":"pi-trader","seller":"dswap","symbol":"SPT","quantity":"8000.000000","price":"0.01215009","timestamp":1634242323,"volume":"97.20072000","buyTxId":"8578377c423411c54e17fc99ed31928c4ace6f17-3","sellTxId":"c90931d9d284e05ab2c69a6f76a6f30d21d94464"}
{"index": {"_index":"spt","_id":"1702234"}}
	{"id":1702234,"type":"sell","buyer":"granddaddies","seller":"dswap","symbol":"SPT","quantity":"6648.865098","price":"0.01215008","timestamp":1634242323,"volume":"80.78424285","buyTxId":"d0a2c1278a96820e9dae8fc67ac3dd46cf5b9729","sellTxId":"c90931d9d284e05ab2c69a6f76a6f30d21d94464"}
{"index": {"_index":"spt","_id":"1702408"}}
	{"id":1702408,"type":"sell","buyer":"pi-trader","seller":"alanigma","symbol":"SPT","quantity":"703.491923","price":"0.01215009","timestamp":1634245398,"volume":"8.54749018","buyTxId":"1af1751549851e2bf171133db551b92776b50c4d-3","sellTxId":"c26edb90abe8e699c454ad72e241e264e2716423"}
{"index": {"_index":"spt","_id":"1702550"}}
	{"id":1702550,"type":"sell","buyer":"pi-trader","seller":"cursephantom","symbol":"SPT","quantity":"7.734425","price":"0.01215003","timestamp":1634247147,"volume":"0.09397350","buyTxId":"07b0fcdb1def51af9a49bd0c59bd92817c5e4843-3","sellTxId":"121d727d598073d68dacc9425ade7c485f0251cb"}
{"index": {"_index":"spt","_id":"1702623"}}
	{"id":1702623,"type":"sell","buyer":"pi-trader","seller":"ryanpiloneo","symbol":"SPT","quantity":"3.656410","price":"0.01215001","timestamp":1634248236,"volume":"0.04442542","buyTxId":"8c686636ef3d2b9d49728d1d8a8710dc1972e435-3","sellTxId":"344996c947b8e587a04df1f140ce69bee4887ea4"}
{"index": {"_index":"spt","_id":"1702877"}}
	{"id":1702877,"type":"buy","buyer":"flear","seller":"laundrywoman","symbol":"SPT","quantity":"600.000000","price":"0.01279999","timestamp":1634252490,"volume":"7.67999400","buyTxId":"7de0fd0cdce864a6cb689c2a015772958644f735","sellTxId":"c29e67d20d6dc9ff66d4f9fc8aafb654a9de61dc"}
{"index": {"_index":"spt","_id":"1702921"}}
	{"id":1702921,"type":"sell","buyer":"skippyza","seller":"kiokizz","symbol":"SPT","quantity":"1400.000000","price":"0.01220000","timestamp":1634253369,"volume":"17.08000000","buyTxId":"9c4b6417f100191d4617c32f6aada6669dee395c","sellTxId":"2739da9e893b646440d7455ba70245be3b1c5685"}
{"index": {"_index":"spt","_id":"1702924"}}
	{"id":1702924,"type":"sell","buyer":"pi-trader","seller":"jaopalas","symbol":"SPT","quantity":"203.045455","price":"0.01215001","timestamp":1634253465,"volume":"2.46700431","buyTxId":"0551a484ef5734276b3d7d2e04780c5e5f08d279-4","sellTxId":"1271d2ef6e0ac9a097920a47b45ee42ce7b8de37"}
{"index": {"_index":"spt","_id":"1702965"}}
	{"id":1702965,"type":"sell","buyer":"pi-trader","seller":"iceman23","symbol":"SPT","quantity":"0.864832","price":"0.01215001","timestamp":1634254098,"volume":"0.01050772","buyTxId":"f72b554a7d62ad3e2d593d6cf57c210488f02ee2-3","sellTxId":"3b421379a406b08b86b4e0d8cab1fd90a849e68f"}
{"index": {"_index":"spt","_id":"1702982"}}
	{"id":1702982,"type":"buy","buyer":"pi-trader","seller":"iceman-23","symbol":"SPT","quantity":"0.003280","price":"0.01215001","timestamp":1634254356,"volume":"0.00003985","buyTxId":"721a0d1032a285014c5beff3ece1392816e78f67-1","sellTxId":"206023a53be40cccf95f11b7b7803189b9eec2d4"}
{"index": {"_index":"spt","_id":"1703005"}}
	{"id":1703005,"type":"sell","buyer":"pi-trader","seller":"jimbobbill","symbol":"SPT","quantity":"1896.012451","price":"0.01215001","timestamp":1634254686,"volume":"23.03657024","buyTxId":"219520f003c0798f6b4f68154b04cd61bdcd82ac-5","sellTxId":"934e4d08727f50b2c5addd9f2faf992be77cd632"}
{"index": {"_index":"spt","_id":"1703133"}}
	{"id":1703133,"type":"sell","buyer":"pi-trader","seller":"brofi-market","symbol":"SPT","quantity":"5.990496","price":"0.01215001","timestamp":1634256738,"volume":"0.07278459","buyTxId":"f96f43e119d65a8e77860d442f3dfc442253e0b5-6","sellTxId":"a6b4e57b68a826bedd4078af085bd07926299163"}
{"index": {"_index":"spt","_id":"1703141"}}
	{"id":1703141,"type":"sell","buyer":"pi-trader","seller":"louis88","symbol":"SPT","quantity":"858.747161","price":"0.01215001","timestamp":1634256774,"volume":"10.43378659","buyTxId":"d5cacd6393ef98947f27e2943c56b8aaedeb7854-5","sellTxId":"4b42d811a1c568232ef8540ea44da7e48b8ad23d"}
{"index": {"_index":"spt","_id":"1703159"}}
	{"id":1703159,"type":"sell","buyer":"pi-trader","seller":"everythingsmgirl","symbol":"SPT","quantity":"5328.470951","price":"0.01215001","timestamp":1634257182,"volume":"64.74097534","buyTxId":"274773a42465b85d9bce28d4ab3ed5eb431132f0-6","sellTxId":"9a8a32b4bed53f3787c8b7f9485d5982d7570506"}
{"index": {"_index":"spt","_id":"1703188"}}
	{"id":1703188,"type":"sell","buyer":"claudio83.pob","seller":"dotwin1981","symbol":"SPT","quantity":"1.133331","price":"0.01215000","timestamp":1634257485,"volume":"0.01376997","buyTxId":"e17118f06d45d6ed021dd0cf5b31e8a6e0cfeaa4","sellTxId":"11bfed9c0cc47f91e492c837c721808da03fb518"}
{"index": {"_index":"spt","_id":"1703206"}}
	{"id":1703206,"type":"sell","buyer":"claudio83.pob","seller":"koreaminer","symbol":"SPT","quantity":"289.483000","price":"0.01215000","timestamp":1634257650,"volume":"3.51721845","buyTxId":"e17118f06d45d6ed021dd0cf5b31e8a6e0cfeaa4","sellTxId":"340e4852e03be23e77ced74adfb4d435ad118e09"}
{"index": {"_index":"spt","_id":"1703252"}}
	{"id":1703252,"type":"sell","buyer":"claudio83.pob","seller":"cliffagreen","symbol":"SPT","quantity":"1.325000","price":"0.01215000","timestamp":1634258112,"volume":"0.01609875","buyTxId":"e17118f06d45d6ed021dd0cf5b31e8a6e0cfeaa4","sellTxId":"7d71c95ad3fddf905b6d1ccf3f2cb1dfbdb7c427"}
{"index": {"_index":"spt","_id":"1703282"}}
	{"id":1703282,"type":"buy","buyer":"cardshrine","seller":"kiokizz","symbol":"SPT","quantity":"350.000000","price":"0.01220000","timestamp":1634258520,"volume":"4.27000000","buyTxId":"cc3c3d23def9c5236b9ed759ad0d0222b5b94bb8","sellTxId":"2739da9e893b646440d7455ba70245be3b1c5685"}
{"index": {"_index":"spt","_id":"1703330"}}
	{"id":1703330,"type":"sell","buyer":"claudio83.pob","seller":"dhedge-drips","symbol":"SPT","quantity":"0.040500","price":"0.01215000","timestamp":1634258820,"volume":"0.00049208","buyTxId":"e17118f06d45d6ed021dd0cf5b31e8a6e0cfeaa4","sellTxId":"edfe627b3dca48b5c6003ab7cf9d0e7c2d28abf5"}
{"index": {"_index":"spt","_id":"1703475"}}
	{"id":1703475,"type":"buy","buyer":"anarcist69","seller":"kiokizz","symbol":"SPT","quantity":"0.069736","price":"0.01220000","timestamp":1634262381,"volume":"0.00085078","buyTxId":"516b3fb6b21992b8a5c4c75e01aafdbe304dc3d2","sellTxId":"2739da9e893b646440d7455ba70245be3b1c5685"}
{"index": {"_index":"spt","_id":"1703476"}}
	{"id":1703476,"type":"buy","buyer":"anarcist69","seller":"brofi-market","symbol":"SPT","quantity":"5.990496","price":"0.01220000","timestamp":1634262381,"volume":"0.07308405","buyTxId":"516b3fb6b21992b8a5c4c75e01aafdbe304dc3d2","sellTxId":"9f3fae4aedc43ee46366affe51d0a248ddf07756"}
{"index": {"_index":"spt","_id":"1703477"}}
	{"id":1703477,"type":"buy","buyer":"anarcist69","seller":"dhedge-drips","symbol":"SPT","quantity":"0.040500","price":"0.01220000","timestamp":1634262381,"volume":"0.00049410","buyTxId":"516b3fb6b21992b8a5c4c75e01aafdbe304dc3d2","sellTxId":"7169a8f92aee6c961d2d891f62ee56ef759abfac"}
{"index": {"_index":"spt","_id":"1703478"}}
	{"id":1703478,"type":"buy","buyer":"anarcist69","seller":"laundrywoman","symbol":"SPT","quantity":"993.899268","price":"0.01279999","timestamp":1634262381,"volume":"12.72190069","buyTxId":"516b3fb6b21992b8a5c4c75e01aafdbe304dc3d2","sellTxId":"a227a9fff4643da84d4ac22b9891ced81554868a"}
{"index": {"_index":"spt","_id":"1703530"}}
	{"id":1703530,"type":"sell","buyer":"claudio83.pob","seller":"splinterest","symbol":"SPT","quantity":"28.523637","price":"0.01215000","timestamp":1634263188,"volume":"0.34656219","buyTxId":"e17118f06d45d6ed021dd0cf5b31e8a6e0cfeaa4","sellTxId":"fc4ff59b9525611947cb97346e95122799f65e15"}
{"index": {"_index":"spt","_id":"1703589"}}
	{"id":1703589,"type":"sell","buyer":"hmayak","seller":"barbarzynca","symbol":"SPT","quantity":"125.308071","price":"0.01211003","timestamp":1634264178,"volume":"1.51748450","buyTxId":"4e32a1a7a40fc13b2c882dc806e17a16de785316","sellTxId":"96aaf59a9b34f72044e4f6b0f9ba415903ceff98"}
{"index": {"_index":"spt","_id":"1703799"}}
	{"id":1703799,"type":"sell","buyer":"pi-trader","seller":"magnacarta.buzz","symbol":"SPT","quantity":"0.009154","price":"0.01211010","timestamp":1634266284,"volume":"0.00011086","buyTxId":"dc7e0c55a233d1b490b2a8900e5e34022e27738a-3","sellTxId":"7db9d95166020767c3c12d5e7e68c23c7ef482cd"}
{"index": {"_index":"spt","_id":"1703810"}}
	{"id":1703810,"type":"buy","buyer":"granddaddies","seller":"steem82868","symbol":"SPT","quantity":"1.296036","price":"0.01211014","timestamp":1634266425,"volume":"0.01569518","buyTxId":"fde3492a08d186f2a48b563f9f84345d09754f9a","sellTxId":"7e94a0a33411198da8e6a7ea8b56a32c8c09db42"}
