{"index": {"_index":"spt","_id":"2867888"}}
	{"id":2867888,"type":"sell","buyer":"grimmazrael","seller":"sanjeev021","symbol":"SPT","quantity":"490.910623","price":"0.00314000","timestamp":1645929096,"volume":"1.54145936","buyTxId":"d5430e52ea540791aa0acac782d7221a1b031d7f","sellTxId":"35b9f2ac7e9a1ccc959f31f39e3363aa91deb862"}
{"index": {"_index":"spt","_id":"2868020"}}
	{"id":2868020,"type":"buy","buyer":"bcarolan639","seller":"saachi","symbol":"SPT","quantity":"140.000000","price":"0.00315000","timestamp":1645931625,"volume":"0.44100000","buyTxId":"c43877eb2a5f0fe7304699cb72ad838fdc9be2d0","sellTxId":"ded31c94ed1d3e7d20d9566a266dde468376107e"}
{"index": {"_index":"spt","_id":"2868021"}}
	{"id":2868021,"type":"buy","buyer":"bcarolan639","seller":"brofi-market","symbol":"SPT","quantity":"0.005197","price":"0.00315000","timestamp":1645931625,"volume":"0.00001637","buyTxId":"c43877eb2a5f0fe7304699cb72ad838fdc9be2d0","sellTxId":"733b08f766ec54757718711507e980127ec68435"}
{"index": {"_index":"spt","_id":"2868200"}}
	{"id":2868200,"type":"sell","buyer":"grimmazrael","seller":"brofi-market","symbol":"SPT","quantity":"0.547835","price":"0.00314000","timestamp":1645935132,"volume":"0.00172020","buyTxId":"d5430e52ea540791aa0acac782d7221a1b031d7f","sellTxId":"20d797224c4096f085ae71b1667f235560533011"}
{"index": {"_index":"spt","_id":"2868269"}}
	{"id":2868269,"type":"sell","buyer":"grimmazrael","seller":"beluhan19","symbol":"SPT","quantity":"451.939781","price":"0.00314000","timestamp":1645936320,"volume":"1.41909091","buyTxId":"d5430e52ea540791aa0acac782d7221a1b031d7f","sellTxId":"3faa3ed59dc6d7fce16de16f1bcfafb49dd75563"}
{"index": {"_index":"spt","_id":"2868270"}}
	{"id":2868270,"type":"sell","buyer":"multifurcate","seller":"beluhan19","symbol":"SPT","quantity":"1614.733878","price":"0.00295100","timestamp":1645936320,"volume":"4.76507967","buyTxId":"7c84096d38b02d74d94dd435b2310f550bceebdf","sellTxId":"3faa3ed59dc6d7fce16de16f1bcfafb49dd75563"}
{"index": {"_index":"spt","_id":"2868311"}}
	{"id":2868311,"type":"buy","buyer":"jongolson","seller":"shauner","symbol":"SPT","quantity":"1000.000000","price":"0.00320000","timestamp":1645936938,"volume":"3.20000000","buyTxId":"0ec474972d4f435663c92a68e01af1662ec68241","sellTxId":"df8a91e386a86caff1f431a534ac8715be025822"}
{"index": {"_index":"spt","_id":"2868475"}}
	{"id":2868475,"type":"sell","buyer":"multifurcate","seller":"mango-juice","symbol":"SPT","quantity":"780.983660","price":"0.00295100","timestamp":1645940394,"volume":"2.30468278","buyTxId":"7c84096d38b02d74d94dd435b2310f550bceebdf","sellTxId":"a1c80d6867dc59e53c1ad6fad45fe382fbd3f142"}
{"index": {"_index":"spt","_id":"2868519"}}
	{"id":2868519,"type":"sell","buyer":"multifurcate","seller":"thecuriousfool","symbol":"SPT","quantity":"3408.811370","price":"0.00295100","timestamp":1645941327,"volume":"10.05940235","buyTxId":"7c84096d38b02d74d94dd435b2310f550bceebdf","sellTxId":"29e90d6db16ddaa194fcb43cc3c5ec223e5b994e"}
{"index": {"_index":"spt","_id":"2868789"}}
	{"id":2868789,"type":"sell","buyer":"multifurcate","seller":"knightsunited","symbol":"SPT","quantity":"568.061487","price":"0.00295100","timestamp":1645943736,"volume":"1.67634945","buyTxId":"7c84096d38b02d74d94dd435b2310f550bceebdf","sellTxId":"084c9b7b7ea553e9095f9be836ccabff1d0bf0fb"}
{"index": {"_index":"spt","_id":"2868831"}}
	{"id":2868831,"type":"sell","buyer":"multifurcate","seller":"dhedge-drips","symbol":"SPT","quantity":"0.021667","price":"0.00295100","timestamp":1645944336,"volume":"0.00006394","buyTxId":"7c84096d38b02d74d94dd435b2310f550bceebdf","sellTxId":"904d7d6ba56a5dfe6a28c7ef1586ebd46350b670"}
{"index": {"_index":"spt","_id":"2869103"}}
	{"id":2869103,"type":"sell","buyer":"multifurcate","seller":"brofi-market","symbol":"SPT","quantity":"0.006118","price":"0.00295100","timestamp":1645949730,"volume":"0.00001805","buyTxId":"7c84096d38b02d74d94dd435b2310f550bceebdf","sellTxId":"c5b5870625e61b8869e92dccb4a345a0cb02af04"}
{"index": {"_index":"spt","_id":"2869125"}}
	{"id":2869125,"type":"buy","buyer":"captainquack22","seller":"shauner","symbol":"SPT","quantity":"107.000000","price":"0.00320000","timestamp":1645950018,"volume":"0.34240000","buyTxId":"7fbe0610d7e7196740a8eddf7e2c8fdfa5d40123","sellTxId":"df8a91e386a86caff1f431a534ac8715be025822"}
{"index": {"_index":"spt","_id":"2869126"}}
	{"id":2869126,"type":"buy","buyer":"captainquack22","seller":"dhedge-drips","symbol":"SPT","quantity":"0.017928","price":"0.00320000","timestamp":1645950018,"volume":"0.00005737","buyTxId":"7fbe0610d7e7196740a8eddf7e2c8fdfa5d40123","sellTxId":"f85181f9d90846609e811b933a73d07dc0760939"}
{"index": {"_index":"spt","_id":"2869127"}}
	{"id":2869127,"type":"buy","buyer":"captainquack22","seller":"brofi-market","symbol":"SPT","quantity":"0.547835","price":"0.00320000","timestamp":1645950018,"volume":"0.00175307","buyTxId":"7fbe0610d7e7196740a8eddf7e2c8fdfa5d40123","sellTxId":"aa5e75f41a968f68d3b4c19ccaefe6c51362d5d9"}
{"index": {"_index":"spt","_id":"2869128"}}
	{"id":2869128,"type":"buy","buyer":"captainquack22","seller":"dhedge-drips","symbol":"SPT","quantity":"0.021667","price":"0.00320000","timestamp":1645950018,"volume":"0.00006933","buyTxId":"7fbe0610d7e7196740a8eddf7e2c8fdfa5d40123","sellTxId":"412ce4a5c872f00816ab73dd44027fd448e29b53"}
{"index": {"_index":"spt","_id":"2869129"}}
	{"id":2869129,"type":"buy","buyer":"captainquack22","seller":"brofi-market","symbol":"SPT","quantity":"0.006118","price":"0.00320000","timestamp":1645950018,"volume":"0.00001958","buyTxId":"7fbe0610d7e7196740a8eddf7e2c8fdfa5d40123","sellTxId":"3e3e880f8af6ad2c34d20bd34a80c3965b6fe19c"}
{"index": {"_index":"spt","_id":"2869130"}}
	{"id":2869130,"type":"buy","buyer":"captainquack22","seller":"falcout","symbol":"SPT","quantity":"415.319309","price":"0.00336300","timestamp":1645950018,"volume":"1.39671884","buyTxId":"7fbe0610d7e7196740a8eddf7e2c8fdfa5d40123","sellTxId":"f0775957ab135746507b6bcba2c90904de997050"}
{"index": {"_index":"spt","_id":"2869131"}}
	{"id":2869131,"type":"buy","buyer":"captainquack22","seller":"falcout","symbol":"SPT","quantity":"158.971652","price":"0.00336400","timestamp":1645950018,"volume":"0.53478064","buyTxId":"7fbe0610d7e7196740a8eddf7e2c8fdfa5d40123","sellTxId":"ded57565a52698c30cccfeb264d7da0db95e9b5d"}
{"index": {"_index":"spt","_id":"2869797"}}
	{"id":2869797,"type":"sell","buyer":"multifurcate","seller":"sentipl","symbol":"SPT","quantity":"17.265806","price":"0.00295100","timestamp":1645959525,"volume":"0.05095139","buyTxId":"75e5ce3de40cc2806c1cc88438078d00d4e68430","sellTxId":"6eae28567fb685697107095040b92b53d41ae2a4"}
{"index": {"_index":"spt","_id":"2870047"}}
	{"id":2870047,"type":"sell","buyer":"multifurcate","seller":"brofi-market","symbol":"SPT","quantity":"0.133517","price":"0.00295100","timestamp":1645963929,"volume":"0.00039401","buyTxId":"0a61dd26b7644dafdbabb11d50752452dffd0916","sellTxId":"d68f777f71f5e6969fc712815f9993302c1fa189"}
{"index": {"_index":"spt","_id":"2870172"}}
	{"id":2870172,"type":"sell","buyer":"multifurcate","seller":"dhedge-drips","symbol":"SPT","quantity":"0.011118","price":"0.00295100","timestamp":1645965999,"volume":"0.00003281","buyTxId":"0a61dd26b7644dafdbabb11d50752452dffd0916","sellTxId":"96af0a1fb0f4a878fc8137fbece16450cc324bc6"}
{"index": {"_index":"spt","_id":"2870368"}}
	{"id":2870368,"type":"sell","buyer":"multifurcate","seller":"siberian12","symbol":"SPT","quantity":"471.655131","price":"0.00295100","timestamp":1645969413,"volume":"1.39185429","buyTxId":"0a61dd26b7644dafdbabb11d50752452dffd0916","sellTxId":"5c410749e18e8cae55d2e3dffc4071384b9f219e"}
{"index": {"_index":"spt","_id":"2870886"}}
	{"id":2870886,"type":"buy","buyer":"arpuch","seller":"master-lamps","symbol":"SPT","quantity":"0.551000","price":"0.00319899","timestamp":1645978077,"volume":"0.00176264","buyTxId":"28a79f5b9a75aace77316ace590a8efe2fbb4138","sellTxId":"9fa9d90441ee004eb423eb374c93f8538d9c6169"}
{"index": {"_index":"spt","_id":"2870887"}}
	{"id":2870887,"type":"buy","buyer":"arpuch","seller":"brofi-market","symbol":"SPT","quantity":"0.133517","price":"0.00319899","timestamp":1645978077,"volume":"0.00042712","buyTxId":"28a79f5b9a75aace77316ace590a8efe2fbb4138","sellTxId":"b2f8ad604f3c1d3bb9a4ce1e4ef198a3cee69e8a"}
{"index": {"_index":"spt","_id":"2870888"}}
	{"id":2870888,"type":"buy","buyer":"arpuch","seller":"dhedge-drips","symbol":"SPT","quantity":"0.011118","price":"0.00319899","timestamp":1645978077,"volume":"0.00003557","buyTxId":"28a79f5b9a75aace77316ace590a8efe2fbb4138","sellTxId":"fb5e6e7906e56b2b9dadc13701a4fe1f1d0a6de0"}
{"index": {"_index":"spt","_id":"2870889"}}
	{"id":2870889,"type":"buy","buyer":"arpuch","seller":"underlock","symbol":"SPT","quantity":"1249.304365","price":"0.00319900","timestamp":1645978077,"volume":"3.99652466","buyTxId":"28a79f5b9a75aace77316ace590a8efe2fbb4138","sellTxId":"e8d8adc2aaaa13e50575eaf0a13bcd6cdd2d8eb9"}
{"index": {"_index":"spt","_id":"2871029"}}
	{"id":2871029,"type":"sell","buyer":"multifurcate","seller":"cryptojiang","symbol":"SPT","quantity":"50.000000","price":"0.00295100","timestamp":1645980396,"volume":"0.14755000","buyTxId":"b40605f8f72514955be80351f434ad8ff9d8d364","sellTxId":"dfbeb3782663ddbb5c9ab66da7ffad17816615bf"}
{"index": {"_index":"spt","_id":"2871210"}}
	{"id":2871210,"type":"sell","buyer":"multifurcate","seller":"dswap","symbol":"SPT","quantity":"17","price":"0.00295100","timestamp":1645982823,"volume":"0.05016700","buyTxId":"b40605f8f72514955be80351f434ad8ff9d8d364","sellTxId":"fd03e2dee853a0d838d8d1448e8137d4febd244c"}
{"index": {"_index":"spt","_id":"2871341"}}
	{"id":2871341,"type":"sell","buyer":"multifurcate","seller":"dauerreaktor","symbol":"SPT","quantity":"19.815561","price":"0.00295100","timestamp":1645983732,"volume":"0.05847572","buyTxId":"b40605f8f72514955be80351f434ad8ff9d8d364","sellTxId":"da148404c95b72ac2bae89c86418651b47bc3767"}
{"index": {"_index":"spt","_id":"2871678"}}
	{"id":2871678,"type":"sell","buyer":"multifurcate","seller":"dhedge-drips","symbol":"SPT","quantity":"0.104025","price":"0.00295100","timestamp":1645987539,"volume":"0.00030698","buyTxId":"6fbbf7c536288c47c40c7ad4b6c6b8812d96f22d","sellTxId":"21b0ac7b068071fbe43bd0fd84d7fd2e1b804746"}
{"index": {"_index":"spt","_id":"2871803"}}
	{"id":2871803,"type":"sell","buyer":"multifurcate","seller":"cemke","symbol":"SPT","quantity":"260.834581","price":"0.00295100","timestamp":1645988508,"volume":"0.76972285","buyTxId":"6fbbf7c536288c47c40c7ad4b6c6b8812d96f22d","sellTxId":"10f008a1d8bbd7ae12c14d2b5a5fec0564a7f8ea"}
{"index": {"_index":"spt","_id":"2871809"}}
	{"id":2871809,"type":"sell","buyer":"multifurcate","seller":"itachi24","symbol":"SPT","quantity":"1768.729490","price":"0.00295100","timestamp":1645988553,"volume":"5.21952072","buyTxId":"6fbbf7c536288c47c40c7ad4b6c6b8812d96f22d","sellTxId":"416fe93b70e0bf77a02d73d96de3a5f467bf0a40"}
{"index": {"_index":"spt","_id":"2871975"}}
	{"id":2871975,"type":"sell","buyer":"multifurcate","seller":"gank","symbol":"SPT","quantity":"6930.000000","price":"0.00295100","timestamp":1645990644,"volume":"20.45043000","buyTxId":"6fbbf7c536288c47c40c7ad4b6c6b8812d96f22d","sellTxId":"250dc8b5dfbedb43262b0a27e8ea149e7c9572a3"}
{"index": {"_index":"spt","_id":"2871976"}}
	{"id":2871976,"type":"sell","buyer":"multifurcate","seller":"itachi24","symbol":"SPT","quantity":"63.674040","price":"0.00295100","timestamp":1645990659,"volume":"0.18790209","buyTxId":"6fbbf7c536288c47c40c7ad4b6c6b8812d96f22d","sellTxId":"723e18da4bd72e59105fababcd850f72a2867817"}
{"index": {"_index":"spt","_id":"2872023"}}
	{"id":2872023,"type":"sell","buyer":"multifurcate","seller":"mary-me","symbol":"SPT","quantity":"616.078018","price":"0.00295100","timestamp":1645991361,"volume":"1.81804623","buyTxId":"6fbbf7c536288c47c40c7ad4b6c6b8812d96f22d","sellTxId":"b6ed064995425cf3c020b7ef0940287d2ecc6eda"}
{"index": {"_index":"spt","_id":"2872221"}}
	{"id":2872221,"type":"sell","buyer":"multifurcate","seller":"brofi-market","symbol":"SPT","quantity":"1.109596","price":"0.00295100","timestamp":1645992633,"volume":"0.00327442","buyTxId":"6fbbf7c536288c47c40c7ad4b6c6b8812d96f22d","sellTxId":"ef26606c5d3cea857dc4844e4065b724a6b0fdf9"}
{"index": {"_index":"spt","_id":"2872287"}}
	{"id":2872287,"type":"buy","buyer":"jongolson","seller":"saachi","symbol":"SPT","quantity":"140.000000","price":"0.00310000","timestamp":1645993158,"volume":"0.43400000","buyTxId":"500875549ef0bb5324356e6bf325ecd5eb954b6e","sellTxId":"9f80b4bb3004fe1e8981461495f8a2f9a3c03ca1"}
{"index": {"_index":"spt","_id":"2872288"}}
	{"id":2872288,"type":"buy","buyer":"jongolson","seller":"brofi-market","symbol":"SPT","quantity":"1.109596","price":"0.00310000","timestamp":1645993158,"volume":"0.00343975","buyTxId":"500875549ef0bb5324356e6bf325ecd5eb954b6e","sellTxId":"68a6b4a6e3f603e9c5babc963d17d9d11dea3ec2"}
{"index": {"_index":"spt","_id":"2872289"}}
	{"id":2872289,"type":"buy","buyer":"jongolson","seller":"underlock","symbol":"SPT","quantity":"839.722917","price":"0.00319900","timestamp":1645993158,"volume":"2.68627361","buyTxId":"500875549ef0bb5324356e6bf325ecd5eb954b6e","sellTxId":"e8d8adc2aaaa13e50575eaf0a13bcd6cdd2d8eb9"}
{"index": {"_index":"spt","_id":"2872290"}}
	{"id":2872290,"type":"buy","buyer":"jongolson","seller":"dhedge-drips","symbol":"SPT","quantity":"0.104025","price":"0.00319900","timestamp":1645993158,"volume":"0.00033278","buyTxId":"500875549ef0bb5324356e6bf325ecd5eb954b6e","sellTxId":"3b077ab9ecc03e05a57bebbef3e257338702c9a8"}
{"index": {"_index":"spt","_id":"2872291"}}
	{"id":2872291,"type":"buy","buyer":"jongolson","seller":"saachi","symbol":"SPT","quantity":"19.063462","price":"0.00330000","timestamp":1645993158,"volume":"0.06290942","buyTxId":"500875549ef0bb5324356e6bf325ecd5eb954b6e","sellTxId":"5ca59be084c5bbc9113fa97cb7dff228e25d0be9"}
{"index": {"_index":"spt","_id":"2872715"}}
	{"id":2872715,"type":"buy","buyer":"diegordo112","seller":"saachi","symbol":"SPT","quantity":"29.000000","price":"0.00330000","timestamp":1645998429,"volume":"0.09570000","buyTxId":"65c31725e756e26b941c6b3a8f3792f2f9255b88","sellTxId":"5ca59be084c5bbc9113fa97cb7dff228e25d0be9"}
{"index": {"_index":"spt","_id":"2872778"}}
	{"id":2872778,"type":"sell","buyer":"multifurcate","seller":"mcgilli","symbol":"SPT","quantity":"1777.469919","price":"0.00295100","timestamp":1645999065,"volume":"5.24531373","buyTxId":"0554eedc4aa344ab28bad6f50ab9e1fdd605b582","sellTxId":"c7b10467e9e1732f64de3da46823e0953d28692a"}
{"index": {"_index":"spt","_id":"2872860"}}
	{"id":2872860,"type":"sell","buyer":"multifurcate","seller":"harry-jacob","symbol":"SPT","quantity":"48.900000","price":"0.00295100","timestamp":1645999842,"volume":"0.14430390","buyTxId":"0554eedc4aa344ab28bad6f50ab9e1fdd605b582","sellTxId":"6189ce8177568e14beee8f1be560832e8d168156"}
{"index": {"_index":"spt","_id":"2872999"}}
	{"id":2872999,"type":"sell","buyer":"multifurcate","seller":"mariya21","symbol":"SPT","quantity":"1933.820424","price":"0.00300100","timestamp":1646001411,"volume":"5.80339509","buyTxId":"5798f508eb452a064f76b6f33a9a0f2077219f84","sellTxId":"9422dc3bc428a16351cb75a451e1471777fa7574"}
{"index": {"_index":"spt","_id":"2873123"}}
	{"id":2873123,"type":"sell","buyer":"multifurcate","seller":"andy4475","symbol":"SPT","quantity":"17.634000","price":"0.00300100","timestamp":1646002743,"volume":"0.05291963","buyTxId":"5798f508eb452a064f76b6f33a9a0f2077219f84","sellTxId":"74a7f3dc3e1968822dc4dc37b16664810ffa3f2c"}
{"index": {"_index":"spt","_id":"2873145"}}
	{"id":2873145,"type":"sell","buyer":"multifurcate","seller":"he-index","symbol":"SPT","quantity":"0.030000","price":"0.00300100","timestamp":1646003046,"volume":"0.00009003","buyTxId":"5798f508eb452a064f76b6f33a9a0f2077219f84","sellTxId":"11f4b6fdda3e3ef9cd15161871580a65fa65793e"}
{"index": {"_index":"spt","_id":"2873216"}}
	{"id":2873216,"type":"sell","buyer":"multifurcate","seller":"dwayne16","symbol":"SPT","quantity":"541.000000","price":"0.00300100","timestamp":1646003982,"volume":"1.62354100","buyTxId":"5798f508eb452a064f76b6f33a9a0f2077219f84","sellTxId":"f1fd44f5a5b863df02c2d28087a841d47ad92ca2"}
{"index": {"_index":"spt","_id":"2873453"}}
	{"id":2873453,"type":"sell","buyer":"thewycher","seller":"shortsegments","symbol":"SPT","quantity":"962.000000","price":"0.00300101","timestamp":1646006880,"volume":"2.88697162","buyTxId":"6217c651c985868642fb8792804fa972d5368fb5","sellTxId":"f4e98bd1cde0810ec2f003952d87983bccce0ef5"}
{"index": {"_index":"spt","_id":"2873454"}}
	{"id":2873454,"type":"sell","buyer":"multifurcate","seller":"shortsegments","symbol":"SPT","quantity":"10075.930940","price":"0.00300100","timestamp":1646006880,"volume":"30.23786875","buyTxId":"5798f508eb452a064f76b6f33a9a0f2077219f84","sellTxId":"f4e98bd1cde0810ec2f003952d87983bccce0ef5"}
{"index": {"_index":"spt","_id":"2873488"}}
	{"id":2873488,"type":"sell","buyer":"multifurcate","seller":"brofi-market","symbol":"SPT","quantity":"5.721077","price":"0.00300100","timestamp":1646007195,"volume":"0.01716895","buyTxId":"5798f508eb452a064f76b6f33a9a0f2077219f84","sellTxId":"9ba92d6231f1a0b405cb212dd1f60ca7ce732550"}
{"index": {"_index":"spt","_id":"2873565"}}
	{"id":2873565,"type":"sell","buyer":"multifurcate","seller":"chireerocks","symbol":"SPT","quantity":"123.722961","price":"0.00300100","timestamp":1646007978,"volume":"0.37129261","buyTxId":"5798f508eb452a064f76b6f33a9a0f2077219f84","sellTxId":"00908311d1d3284710d4072a277d5473e8ea0160"}
{"index": {"_index":"spt","_id":"2873624"}}
	{"id":2873624,"type":"sell","buyer":"multifurcate","seller":"sephiwolf","symbol":"SPT","quantity":"1667.620939","price":"0.00300100","timestamp":1646009058,"volume":"5.00453044","buyTxId":"5798f508eb452a064f76b6f33a9a0f2077219f84","sellTxId":"1b975743d84dda3f287638c556810324072caf00"}
{"index": {"_index":"spt","_id":"2873637"}}
	{"id":2873637,"type":"sell","buyer":"multifurcate","seller":"dhedge-drips","symbol":"SPT","quantity":"0.003054","price":"0.00300100","timestamp":1646009178,"volume":"0.00000917","buyTxId":"5798f508eb452a064f76b6f33a9a0f2077219f84","sellTxId":"aede772da2fb878f732f95f2cbf2a5911d223111"}
{"index": {"_index":"spt","_id":"2873700"}}
	{"id":2873700,"type":"sell","buyer":"multifurcate","seller":"takeru255","symbol":"SPT","quantity":"2.739273","price":"0.00300100","timestamp":1646010141,"volume":"0.00822056","buyTxId":"5798f508eb452a064f76b6f33a9a0f2077219f84","sellTxId":"8f482d2e8c06b200a3a45a28ab874af92c15916e"}
{"index": {"_index":"spt","_id":"2873906"}}
	{"id":2873906,"type":"sell","buyer":"thewycher","seller":"nicosistemas5","symbol":"SPT","quantity":"1000.000000","price":"0.00300101","timestamp":1646013192,"volume":"3.00101000","buyTxId":"6f0d45179b195df5fd43f51a85b982f6186fca38","sellTxId":"6006ac7e22766dd6c6ad35f235dc07e0bdca5715"}
{"index": {"_index":"spt","_id":"2873907"}}
	{"id":2873907,"type":"sell","buyer":"multifurcate","seller":"nicosistemas5","symbol":"SPT","quantity":"1654.405621","price":"0.00300100","timestamp":1646013192,"volume":"4.96487127","buyTxId":"b540c8c2366d04636e3a30e4b3d842edcc798f50","sellTxId":"6006ac7e22766dd6c6ad35f235dc07e0bdca5715"}
{"index": {"_index":"spt","_id":"2873953"}}
	{"id":2873953,"type":"sell","buyer":"multifurcate","seller":"teteuzinho","symbol":"SPT","quantity":"1855.899868","price":"0.00300100","timestamp":1646014218,"volume":"5.56955550","buyTxId":"b540c8c2366d04636e3a30e4b3d842edcc798f50","sellTxId":"25a04e785b30ce0810ea985df4a1d1479ee457d8"}
