{"index": {"_index":"spt","_id":"2435066"}}
	{"id":2435066,"type":"sell","buyer":"granddaddies","seller":"he-index","symbol":"SPT","quantity":"0.045000","price":"0.00236001","timestamp":1641012363,"volume":"0.00010620","buyTxId":"4ba09f29dad710b5d68ed7b9f364064f6b6b393d","sellTxId":"827cc6c988f900e87d2d617e72c50bfeecffde6c"}
{"index": {"_index":"spt","_id":"2435171"}}
	{"id":2435171,"type":"sell","buyer":"granddaddies","seller":"themarkymark","symbol":"SPT","quantity":"78.238000","price":"0.00250001","timestamp":1641014670,"volume":"0.19559578","buyTxId":"d6ee178b9e9811dbd3c993db54bab634d34e9c90","sellTxId":"014e44063be034e02057d098a7a25aeabad34fa0"}
{"index": {"_index":"spt","_id":"2435313"}}
	{"id":2435313,"type":"sell","buyer":"granddaddies","seller":"art.hunter","symbol":"SPT","quantity":"1726.840595","price":"0.00250001","timestamp":1641017070,"volume":"4.31711876","buyTxId":"d6ee178b9e9811dbd3c993db54bab634d34e9c90","sellTxId":"074d0aa5f673d70a8c8ec9c8a48ed99358451ec0"}
{"index": {"_index":"spt","_id":"2435412"}}
	{"id":2435412,"type":"buy","buyer":"captainquack22","seller":"underlock","symbol":"SPT","quantity":"468.800031","price":"0.00289000","timestamp":1641017841,"volume":"1.35483209","buyTxId":"44a731244e590db2fd3f6c99feb6b9b59a13c1b2","sellTxId":"0452421c0a90727006ede9b9dd5ca9d430b2a35e"}
{"index": {"_index":"spt","_id":"2435588"}}
	{"id":2435588,"type":"sell","buyer":"granddaddies","seller":"mercurial9","symbol":"SPT","quantity":"419.329642","price":"0.00250001","timestamp":1641019695,"volume":"1.04832830","buyTxId":"d6ee178b9e9811dbd3c993db54bab634d34e9c90","sellTxId":"588fc41d28093c91ea8e6aed4bb122c21b7e8508"}
{"index": {"_index":"spt","_id":"2435649"}}
	{"id":2435649,"type":"buy","buyer":"emibemi","seller":"master-lamps","symbol":"SPT","quantity":"0.328000","price":"0.00288975","timestamp":1641020658,"volume":"0.00094784","buyTxId":"ec85462662e9b1367bfb4d539d20c839001478bd","sellTxId":"53cf93d7f2b7d352bc896e5651ddc215592aacf2"}
{"index": {"_index":"spt","_id":"2435650"}}
	{"id":2435650,"type":"buy","buyer":"emibemi","seller":"underlock","symbol":"SPT","quantity":"4466.729296","price":"0.00289000","timestamp":1641020658,"volume":"12.90884767","buyTxId":"ec85462662e9b1367bfb4d539d20c839001478bd","sellTxId":"0452421c0a90727006ede9b9dd5ca9d430b2a35e"}
{"index": {"_index":"spt","_id":"2435651"}}
	{"id":2435651,"type":"buy","buyer":"emibemi","seller":"dhedge-drips","symbol":"SPT","quantity":"0.431264","price":"0.00289999","timestamp":1641020658,"volume":"0.00125066","buyTxId":"ec85462662e9b1367bfb4d539d20c839001478bd","sellTxId":"e7ef049e739033c27af34e5148a4c4b2b939c351"}
{"index": {"_index":"spt","_id":"2435652"}}
	{"id":2435652,"type":"buy","buyer":"emibemi","seller":"kakakk","symbol":"SPT","quantity":"3206.859146","price":"0.00290000","timestamp":1641020658,"volume":"9.29989152","buyTxId":"ec85462662e9b1367bfb4d539d20c839001478bd","sellTxId":"a3ff05d8c4448ed1f1c12ae0fc6c1198b9badaee"}
{"index": {"_index":"spt","_id":"2435653"}}
	{"id":2435653,"type":"buy","buyer":"emibemi","seller":"brofi-market","symbol":"SPT","quantity":"4.162809","price":"0.00290000","timestamp":1641020658,"volume":"0.01207215","buyTxId":"ec85462662e9b1367bfb4d539d20c839001478bd","sellTxId":"f5c2f49778cb80d52465e518d31b920d048bf56c"}
{"index": {"_index":"spt","_id":"2435654"}}
	{"id":2435654,"type":"buy","buyer":"emibemi","seller":"laundrywoman","symbol":"SPT","quantity":"92321.489485","price":"0.00299999","timestamp":1641020658,"volume":"276.96354524","buyTxId":"ec85462662e9b1367bfb4d539d20c839001478bd","sellTxId":"5a317cf1d8cf3476fab9ccc0ee0ecc2c942df976"}
{"index": {"_index":"spt","_id":"2436018"}}
	{"id":2436018,"type":"sell","buyer":"granddaddies","seller":"brofi-market","symbol":"SPT","quantity":"0.006898","price":"0.00250001","timestamp":1641024636,"volume":"0.00001725","buyTxId":"d6ee178b9e9811dbd3c993db54bab634d34e9c90","sellTxId":"44433a7fe3eec7cad0f350b9faa731712528f7cc"}
{"index": {"_index":"spt","_id":"2436209"}}
	{"id":2436209,"type":"sell","buyer":"granddaddies","seller":"dishonesty","symbol":"SPT","quantity":"38.595568","price":"0.00250001","timestamp":1641027246,"volume":"0.09648931","buyTxId":"d6ee178b9e9811dbd3c993db54bab634d34e9c90","sellTxId":"412ec7070870242d6c035a72de9e514ba5abe0ea"}
{"index": {"_index":"spt","_id":"2436595"}}
	{"id":2436595,"type":"buy","buyer":"caimanx","seller":"zenokrom","symbol":"SPT","quantity":"116.521088","price":"0.00275000","timestamp":1641031545,"volume":"0.32043299","buyTxId":"88ddbe4c7c4369b5c75140741e0f97ebc72f127a","sellTxId":"a695129fefc05eb96de504f566f054379bfb3155"}
{"index": {"_index":"spt","_id":"2436732"}}
	{"id":2436732,"type":"sell","buyer":"granddaddies","seller":"jacobtothe","symbol":"SPT","quantity":"0.117694","price":"0.00275001","timestamp":1641033219,"volume":"0.00032366","buyTxId":"7b32967c55dfc28a25d32f9f674dcc9043950efc","sellTxId":"106bd9d82b4af397188c68c868b459615034d6af"}
{"index": {"_index":"spt","_id":"2437111"}}
	{"id":2437111,"type":"buy","buyer":"chireerocks","seller":"underlock","symbol":"SPT","quantity":"1921.028156","price":"0.00299000","timestamp":1641038202,"volume":"5.74387419","buyTxId":"794a26111f29f7038c83f2d4ca4ead4d1f92fc69","sellTxId":"75895bfc3c32796d3171f96e8d43828168931f4f"}
{"index": {"_index":"spt","_id":"2437504"}}
	{"id":2437504,"type":"sell","buyer":"chireerocks","seller":"cwow2","symbol":"SPT","quantity":"2.840056","price":"0.00299000","timestamp":1641043188,"volume":"0.00849177","buyTxId":"794a26111f29f7038c83f2d4ca4ead4d1f92fc69","sellTxId":"e4a92c6fb159609806b1bd32032456ca4ab25369"}
{"index": {"_index":"spt","_id":"2437686"}}
	{"id":2437686,"type":"buy","buyer":"shovelpile","seller":"brofi-market","symbol":"SPT","quantity":"0.006898","price":"0.00299999","timestamp":1641045207,"volume":"0.00002069","buyTxId":"14e19b716ca31ffac14f980b3af383e4afb16094","sellTxId":"296082e6d06da2f770246533994c8a85587ee79d"}
{"index": {"_index":"spt","_id":"2437687"}}
	{"id":2437687,"type":"buy","buyer":"shovelpile","seller":"laundrywoman","symbol":"SPT","quantity":"299.993102","price":"0.00299999","timestamp":1641045207,"volume":"0.89997631","buyTxId":"14e19b716ca31ffac14f980b3af383e4afb16094","sellTxId":"0116c67e9268697305652996f9332b04e73f5720"}
{"index": {"_index":"spt","_id":"2437726"}}
	{"id":2437726,"type":"buy","buyer":"caimanx","seller":"laundrywoman","symbol":"SPT","quantity":"267.963090","price":"0.00299999","timestamp":1641045471,"volume":"0.80388659","buyTxId":"8aad26e467c4d027e5b9a1efd9cde1f28bd443e9","sellTxId":"0116c67e9268697305652996f9332b04e73f5720"}
{"index": {"_index":"spt","_id":"2437875"}}
	{"id":2437875,"type":"buy","buyer":"druidsblood","seller":"laundrywoman","symbol":"SPT","quantity":"10000.000000","price":"0.00299999","timestamp":1641045951,"volume":"29.99990000","buyTxId":"a9e102d0d5cdf94efc23ebfcb6da291cfd575dc9","sellTxId":"0116c67e9268697305652996f9332b04e73f5720"}
{"index": {"_index":"spt","_id":"2437922"}}
	{"id":2437922,"type":"sell","buyer":"chireerocks","seller":"dalz","symbol":"SPT","quantity":"323.525219","price":"0.00299000","timestamp":1641046299,"volume":"0.96734040","buyTxId":"794a26111f29f7038c83f2d4ca4ead4d1f92fc69","sellTxId":"ddc1772dff70f27c0d8452a16ba209476339d351"}
{"index": {"_index":"spt","_id":"2437923"}}
	{"id":2437923,"type":"sell","buyer":"granddaddies","seller":"dalz","symbol":"SPT","quantity":"8375.474781","price":"0.00250001","timestamp":1641046299,"volume":"20.93877071","buyTxId":"9bdb22446b1e76c1b4b79e5cfabfa9f1dc9c305b","sellTxId":"ddc1772dff70f27c0d8452a16ba209476339d351"}
{"index": {"_index":"spt","_id":"2438113"}}
	{"id":2438113,"type":"sell","buyer":"granddaddies","seller":"chekohler","symbol":"SPT","quantity":"0.148528","price":"0.00250001","timestamp":1641048513,"volume":"0.00037132","buyTxId":"9bdb22446b1e76c1b4b79e5cfabfa9f1dc9c305b","sellTxId":"c1605e457bd455fad98d48cb68d5ea61a966491a"}
{"index": {"_index":"spt","_id":"2438207"}}
	{"id":2438207,"type":"buy","buyer":"baconface","seller":"laundrywoman","symbol":"SPT","quantity":"1.785179","price":"0.00299999","timestamp":1641049497,"volume":"0.00535552","buyTxId":"69218e0a6bcf37c41beb5c551a4aac9181ba661c","sellTxId":"0116c67e9268697305652996f9332b04e73f5720"}
{"index": {"_index":"spt","_id":"2438298"}}
	{"id":2438298,"type":"sell","buyer":"granddaddies","seller":"catomoon","symbol":"SPT","quantity":"1.815915","price":"0.00250001","timestamp":1641050361,"volume":"0.00453981","buyTxId":"9bdb22446b1e76c1b4b79e5cfabfa9f1dc9c305b","sellTxId":"202555c562c58849b7dc83d494e598ff63d20a3d"}
{"index": {"_index":"spt","_id":"2438592"}}
	{"id":2438592,"type":"sell","buyer":"granddaddies","seller":"brofi-market","symbol":"SPT","quantity":"0.320159","price":"0.00250001","timestamp":1641053523,"volume":"0.00080040","buyTxId":"9bdb22446b1e76c1b4b79e5cfabfa9f1dc9c305b","sellTxId":"b9b005427ffe6af19baa76e379e7a5a77d88fa71"}
{"index": {"_index":"spt","_id":"2438648"}}
	{"id":2438648,"type":"sell","buyer":"granddaddies","seller":"hiveexplorers","symbol":"SPT","quantity":"14.046740","price":"0.00250001","timestamp":1641054237,"volume":"0.03511699","buyTxId":"9bdb22446b1e76c1b4b79e5cfabfa9f1dc9c305b","sellTxId":"beb201a751f49ae0e5c64899f7117b2754b18e3c"}
{"index": {"_index":"spt","_id":"2438657"}}
	{"id":2438657,"type":"buy","buyer":"baconface","seller":"laundrywoman","symbol":"SPT","quantity":"1.677920","price":"0.00299999","timestamp":1641054348,"volume":"0.00503374","buyTxId":"0d6dc16a4fe655ca828858623d823031be6e69e4","sellTxId":"0116c67e9268697305652996f9332b04e73f5720"}
{"index": {"_index":"spt","_id":"2438732"}}
	{"id":2438732,"type":"sell","buyer":"granddaddies","seller":"arvoanimi","symbol":"SPT","quantity":"49.650824","price":"0.00250001","timestamp":1641055029,"volume":"0.12412756","buyTxId":"9bdb22446b1e76c1b4b79e5cfabfa9f1dc9c305b","sellTxId":"0eefa6c17b6fb498090f57df3e7937d8582214b4"}
{"index": {"_index":"spt","_id":"2438806"}}
	{"id":2438806,"type":"sell","buyer":"granddaddies","seller":"sharkthelion","symbol":"SPT","quantity":"60.193259","price":"0.00250001","timestamp":1641055551,"volume":"0.15048375","buyTxId":"9bdb22446b1e76c1b4b79e5cfabfa9f1dc9c305b","sellTxId":"8fbb96dac168f5836651d4f26c17952b50abee12"}
{"index": {"_index":"spt","_id":"2438937"}}
	{"id":2438937,"type":"sell","buyer":"granddaddies","seller":"nrg","symbol":"SPT","quantity":"1736.212372","price":"0.00250001","timestamp":1641056580,"volume":"4.34054829","buyTxId":"9bdb22446b1e76c1b4b79e5cfabfa9f1dc9c305b","sellTxId":"5674ff0c54d3f2e8628335921930b6cd636a1f87-12"}
{"index": {"_index":"spt","_id":"2439257"}}
	{"id":2439257,"type":"sell","buyer":"granddaddies","seller":"bcarolan639","symbol":"SPT","quantity":"5000","price":"0.00255901","timestamp":1641058959,"volume":"12.79505000","buyTxId":"f478add3d9ff09abccc4cc753597c4b91cf74422","sellTxId":"55fa6c879ea5e9ccecd0728448a6f437ceeedeb7"}
{"index": {"_index":"spt","_id":"2439268"}}
	{"id":2439268,"type":"buy","buyer":"merchantsguild","seller":"brofi-market","symbol":"SPT","quantity":"0.320159","price":"0.00299999","timestamp":1641059082,"volume":"0.00096047","buyTxId":"a41e2b0eeea8adec829a4c1c9d3e35612244107d","sellTxId":"295db223329d0c1284cad673ef79b17e3951510d"}
{"index": {"_index":"spt","_id":"2439269"}}
	{"id":2439269,"type":"buy","buyer":"merchantsguild","seller":"laundrywoman","symbol":"SPT","quantity":"707.679841","price":"0.00299999","timestamp":1641059082,"volume":"2.12303245","buyTxId":"a41e2b0eeea8adec829a4c1c9d3e35612244107d","sellTxId":"cd7e3a2e8590ef553929a3510f8efa260017d437"}
{"index": {"_index":"spt","_id":"2439313"}}
	{"id":2439313,"type":"buy","buyer":"balbaabart","seller":"laundrywoman","symbol":"SPT","quantity":"41.700000","price":"0.00299999","timestamp":1641059457,"volume":"0.12509958","buyTxId":"287213465a8b616c593556ea4fc8182bb2786324","sellTxId":"c955445e8dcbefe0b71bb33673acbfe4bc079d09"}
{"index": {"_index":"spt","_id":"2439475"}}
	{"id":2439475,"type":"buy","buyer":"mouser","seller":"rosiew","symbol":"SPT","quantity":"100.000000","price":"0.00300000","timestamp":1641061212,"volume":"0.30000000","buyTxId":"d45b624f242641e95ca6f079005b1d7c944a54ad","sellTxId":"09d2e24133c93d85d55c9638921c4ff5897243c0"}
{"index": {"_index":"spt","_id":"2439607"}}
	{"id":2439607,"type":"sell","buyer":"granddaddies","seller":"dhedge-drips","symbol":"SPT","quantity":"0.030660","price":"0.00255001","timestamp":1641062742,"volume":"0.00007818","buyTxId":"63f2f6d85ac54219ae091b786e75c011e8b17899","sellTxId":"8096bb4b268d807da0563be0d24843c74348d39b"}
{"index": {"_index":"spt","_id":"2440066"}}
	{"id":2440066,"type":"buy","buyer":"forsakensushi","seller":"rosiew","symbol":"SPT","quantity":"30000.000000","price":"0.00300000","timestamp":1641066075,"volume":"90.00000000","buyTxId":"a11ae3709c7899728c237343d0cf29be157a5707","sellTxId":"09d2e24133c93d85d55c9638921c4ff5897243c0"}
{"index": {"_index":"spt","_id":"2440201"}}
	{"id":2440201,"type":"sell","buyer":"granddaddies","seller":"agr8buzz","symbol":"SPT","quantity":"397.000000","price":"0.00255001","timestamp":1641067569,"volume":"1.01235397","buyTxId":"63f2f6d85ac54219ae091b786e75c011e8b17899","sellTxId":"ffa377fa146959a95b6f03844492b7406dc50a2b"}
{"index": {"_index":"spt","_id":"2440234"}}
	{"id":2440234,"type":"sell","buyer":"granddaddies","seller":"brofi-market","symbol":"SPT","quantity":"0.056191","price":"0.00255001","timestamp":1641067773,"volume":"0.00014329","buyTxId":"63f2f6d85ac54219ae091b786e75c011e8b17899","sellTxId":"d8249636b4237e84e2326f9a7af21dbf991fe6b5"}
{"index": {"_index":"spt","_id":"2440554"}}
	{"id":2440554,"type":"buy","buyer":"chireerocks","seller":"rosiew","symbol":"SPT","quantity":"794.298630","price":"0.00300000","timestamp":1641070737,"volume":"2.38289589","buyTxId":"59906a30f5ec5797048823cdead4457b3128c57d","sellTxId":"09d2e24133c93d85d55c9638921c4ff5897243c0"}
{"index": {"_index":"spt","_id":"2440622"}}
	{"id":2440622,"type":"sell","buyer":"granddaddies","seller":"revisesociology","symbol":"SPT","quantity":"2008.000000","price":"0.00255001","timestamp":1641071691,"volume":"5.12042008","buyTxId":"63f2f6d85ac54219ae091b786e75c011e8b17899","sellTxId":"4bfdc33007833d83f5d214a34c1dfeefe6893b30"}
{"index": {"_index":"spt","_id":"2440840"}}
	{"id":2440840,"type":"buy","buyer":"jakkal","seller":"rosiew","symbol":"SPT","quantity":"47.821329","price":"0.00300000","timestamp":1641073803,"volume":"0.14346399","buyTxId":"a58b64f5ce0200472ce3cd323eb3798b779162c2","sellTxId":"09d2e24133c93d85d55c9638921c4ff5897243c0"}
{"index": {"_index":"spt","_id":"2440841"}}
	{"id":2440841,"type":"buy","buyer":"jakkal","seller":"rosiew","symbol":"SPT","quantity":"0.003450","price":"0.00300000","timestamp":1641073803,"volume":"0.00001035","buyTxId":"a58b64f5ce0200472ce3cd323eb3798b779162c2","sellTxId":"085fa381b5bd611d4e289b1a601718add3c16d5f"}
{"index": {"_index":"spt","_id":"2440842"}}
	{"id":2440842,"type":"buy","buyer":"jakkal","seller":"dhedge-drips","symbol":"SPT","quantity":"0.312595","price":"0.00300000","timestamp":1641073803,"volume":"0.00093779","buyTxId":"a58b64f5ce0200472ce3cd323eb3798b779162c2","sellTxId":"b06a99039f3475929a452aa33c9ef523ccc4b91d"}
{"index": {"_index":"spt","_id":"2440843"}}
	{"id":2440843,"type":"buy","buyer":"jakkal","seller":"koodies","symbol":"SPT","quantity":"12.582257","price":"0.00300000","timestamp":1641073803,"volume":"0.03774677","buyTxId":"a58b64f5ce0200472ce3cd323eb3798b779162c2","sellTxId":"8ab414278c8ceb67dd0754bb95597ff470536ed3"}
{"index": {"_index":"spt","_id":"2440844"}}
	{"id":2440844,"type":"buy","buyer":"jakkal","seller":"decepticons","symbol":"SPT","quantity":"139.280369","price":"0.00300000","timestamp":1641073803,"volume":"0.41784110","buyTxId":"a58b64f5ce0200472ce3cd323eb3798b779162c2","sellTxId":"185b650dc16e9f0c22f6437b9fe1f738665545c2"}
{"index": {"_index":"spt","_id":"2441026"}}
	{"id":2441026,"type":"sell","buyer":"granddaddies","seller":"mightyrocklee","symbol":"SPT","quantity":"1128.015268","price":"0.00255001","timestamp":1641076107,"volume":"2.87645021","buyTxId":"63f2f6d85ac54219ae091b786e75c011e8b17899","sellTxId":"bd1ece3e7a2c4b43c775eec8029df0f9524af6b8"}
{"index": {"_index":"spt","_id":"2441105"}}
	{"id":2441105,"type":"sell","buyer":"granddaddies","seller":"sharkthelion","symbol":"SPT","quantity":"217.989266","price":"0.00255001","timestamp":1641077130,"volume":"0.55587481","buyTxId":"63f2f6d85ac54219ae091b786e75c011e8b17899","sellTxId":"eedcca7ac7b66598f8ddb10a8b85eb404585a891"}
{"index": {"_index":"spt","_id":"2441191"}}
	{"id":2441191,"type":"buy","buyer":"zacherybinx","seller":"decepticons","symbol":"SPT","quantity":"500.000000","price":"0.00300000","timestamp":1641077826,"volume":"1.50000000","buyTxId":"0789ce06ae16baf40ed6cd783cd307f508a80aa2","sellTxId":"185b650dc16e9f0c22f6437b9fe1f738665545c2"}
{"index": {"_index":"spt","_id":"2441536"}}
	{"id":2441536,"type":"sell","buyer":"granddaddies","seller":"lupega","symbol":"SPT","quantity":"10.491982","price":"0.00257001","timestamp":1641081603,"volume":"0.02696450","buyTxId":"2beeb0d9e682a3deee84d1f7f5b4983abd8811cf","sellTxId":"8b0320c139569328f458ac26f73ee130f9437349"}
{"index": {"_index":"spt","_id":"2441540"}}
	{"id":2441540,"type":"buy","buyer":"jongolson","seller":"decepticons","symbol":"SPT","quantity":"1000.000000","price":"0.00300000","timestamp":1641081660,"volume":"3.00000000","buyTxId":"d5af17f8459c0ba1804efd4d36c2041280c1548f","sellTxId":"185b650dc16e9f0c22f6437b9fe1f738665545c2"}
{"index": {"_index":"spt","_id":"2441573"}}
	{"id":2441573,"type":"sell","buyer":"granddaddies","seller":"themarkymark","symbol":"SPT","quantity":"16.284000","price":"0.00257001","timestamp":1641082026,"volume":"0.04185004","buyTxId":"2beeb0d9e682a3deee84d1f7f5b4983abd8811cf","sellTxId":"7836a535864b329fa4721ac16df269de080d25c4"}
{"index": {"_index":"spt","_id":"2441621"}}
	{"id":2441621,"type":"sell","buyer":"granddaddies","seller":"brofi-market","symbol":"SPT","quantity":"1.617515","price":"0.00257001","timestamp":1641082401,"volume":"0.00415703","buyTxId":"2beeb0d9e682a3deee84d1f7f5b4983abd8811cf","sellTxId":"bb88788895da1901a964a3abc363fd8eb84c2b68"}
{"index": {"_index":"spt","_id":"2441694"}}
	{"id":2441694,"type":"sell","buyer":"granddaddies","seller":"bitcoinflood","symbol":"SPT","quantity":"125.787315","price":"0.00257001","timestamp":1641082971,"volume":"0.32327466","buyTxId":"2beeb0d9e682a3deee84d1f7f5b4983abd8811cf","sellTxId":"38d4454019f7cc35d299e00f73e11cc5dcc69935"}
{"index": {"_index":"spt","_id":"2441718"}}
	{"id":2441718,"type":"buy","buyer":"thewycher","seller":"decepticons","symbol":"SPT","quantity":"11.333333","price":"0.00300000","timestamp":1641083244,"volume":"0.034","buyTxId":"1f13bb30b5fed3681726c9728c2c5a55c57ab32f","sellTxId":"185b650dc16e9f0c22f6437b9fe1f738665545c2"}
{"index": {"_index":"spt","_id":"2441800"}}
	{"id":2441800,"type":"sell","buyer":"granddaddies","seller":"dhedge-drips","symbol":"SPT","quantity":"0.156910","price":"0.00257001","timestamp":1641084354,"volume":"0.00040326","buyTxId":"2707e7a632581388a6fe13332b70672355e111df","sellTxId":"4884c2854bfc42cdf4ed5f6678ba8ae48a2a2357"}
{"index": {"_index":"spt","_id":"2442419"}}
	{"id":2442419,"type":"sell","buyer":"granddaddies","seller":"kennysgaminglife","symbol":"SPT","quantity":"283.56306","price":"0.00257001","timestamp":1641093159,"volume":"0.72875990","buyTxId":"2707e7a632581388a6fe13332b70672355e111df","sellTxId":"661c1beb22ad32419e2c7c4ee7ccccaffd175ea4"}
{"index": {"_index":"spt","_id":"2442548"}}
	{"id":2442548,"type":"buy","buyer":"signumpizza","seller":"decepticons","symbol":"SPT","quantity":"1378.329241","price":"0.00300000","timestamp":1641094971,"volume":"4.13498772","buyTxId":"ca07b0755c745d82d3c1238a64b74a09e1a88493","sellTxId":"185b650dc16e9f0c22f6437b9fe1f738665545c2"}
{"index": {"_index":"spt","_id":"2442549"}}
	{"id":2442549,"type":"buy","buyer":"signumpizza","seller":"dhedge-drips","symbol":"SPT","quantity":"0.030660","price":"0.00300000","timestamp":1641094971,"volume":"0.00009198","buyTxId":"ca07b0755c745d82d3c1238a64b74a09e1a88493","sellTxId":"29b612524d9ae343d106eca5b4bf5440b8525166"}
{"index": {"_index":"spt","_id":"2442550"}}
	{"id":2442550,"type":"buy","buyer":"signumpizza","seller":"brofi-market","symbol":"SPT","quantity":"0.056191","price":"0.00300000","timestamp":1641094971,"volume":"0.00016857","buyTxId":"ca07b0755c745d82d3c1238a64b74a09e1a88493","sellTxId":"10d91f72db0d7c9a4f6bfa92a9e7f24c9a4b0dcc"}
{"index": {"_index":"spt","_id":"2442551"}}
	{"id":2442551,"type":"buy","buyer":"signumpizza","seller":"brofi-market","symbol":"SPT","quantity":"1.617515","price":"0.00300000","timestamp":1641094971,"volume":"0.00485255","buyTxId":"ca07b0755c745d82d3c1238a64b74a09e1a88493","sellTxId":"4a70b1d993cd8e76cf3f97399ae281b293bc6913"}
{"index": {"_index":"spt","_id":"2442552"}}
	{"id":2442552,"type":"buy","buyer":"signumpizza","seller":"dhedge-drips","symbol":"SPT","quantity":"0.156910","price":"0.00300000","timestamp":1641094971,"volume":"0.00047073","buyTxId":"ca07b0755c745d82d3c1238a64b74a09e1a88493","sellTxId":"022c48f250ce9716ef5ed1391d90430740a8ba5e"}
{"index": {"_index":"spt","_id":"2442570"}}
	{"id":2442570,"type":"buy","buyer":"signumpizza","seller":"laundrywoman","symbol":"SPT","quantity":"1169.000000","price":"0.00327789","timestamp":1641095163,"volume":"3.83185341","buyTxId":"37a01bd89640cdb7e17130cabc9caf427cb29dac","sellTxId":"fb2ac4646db9b8fbae6ec59718c1b12b0235b76d"}
{"index": {"_index":"spt","_id":"2442615"}}
	{"id":2442615,"type":"buy","buyer":"vasupi","seller":"laundrywoman","symbol":"SPT","quantity":"100.000000","price":"0.00327789","timestamp":1641095538,"volume":"0.32778900","buyTxId":"9d7d0b106eaa1ede646a45e4059d6bbf9026352c","sellTxId":"fb2ac4646db9b8fbae6ec59718c1b12b0235b76d"}
{"index": {"_index":"spt","_id":"2442624"}}
	{"id":2442624,"type":"sell","buyer":"signumpizza","seller":"xabi","symbol":"SPT","quantity":"355.704925","price":"0.00300000","timestamp":1641095673,"volume":"1.06711478","buyTxId":"ca07b0755c745d82d3c1238a64b74a09e1a88493","sellTxId":"aea6e6d5cd75c8206550349af18c7d695f571ef6"}
