{"index": {"_index":"spt","_id":"4021624"}}
	{"id":4021624,"type":"sell","buyer":"pjansen","seller":"themarkymark","symbol":"SPT","quantity":"6.729419","price":"0.00178009","timestamp":1659148500,"volume":"0.01197897","buyTxId":"ce33acebf8ccff0d4c1162f460f6382d8fef5ec0","sellTxId":"1b44234b34385dede80024b1191dbbc17cff1e19"}
{"index": {"_index":"spt","_id":"4021780"}}
	{"id":4021780,"type":"sell","buyer":"pjansen","seller":"bitcoinflood","symbol":"SPT","quantity":"78.540005","price":"0.00177706","timestamp":1659150735,"volume":"0.13957030","buyTxId":"0c1f9148061efecb4594fcdd679ca0e7471271b3","sellTxId":"072b4ce78ce43a929313ba4db66252fb448e433b"}
{"index": {"_index":"spt","_id":"4021907"}}
	{"id":4021907,"type":"sell","buyer":"multifurcate","seller":"noblebright","symbol":"SPT","quantity":"9.053101","price":"0.00177907","timestamp":1659151965,"volume":"0.01610610","buyTxId":"286712f687c73b0dd41ee6760fdf242a107f078f","sellTxId":"a2249bc7e94630d3ab910cedd4a835788a939b93"}
{"index": {"_index":"spt","_id":"4021991"}}
	{"id":4021991,"type":"buy","buyer":"multifurcate","seller":"kingtaco","symbol":"SPT","quantity":"0.010078","price":"0.00177713","timestamp":1659153000,"volume":"0.00001791","buyTxId":"4cc54bc47f77d078409399e4b02a4cc643bb80d1","sellTxId":"c12ec36703e646024e9c75b04e76ecb82400635b"}
{"index": {"_index":"spt","_id":"4022101"}}
	{"id":4022101,"type":"sell","buyer":"pjansen","seller":"japex1226","symbol":"SPT","quantity":"347.687418","price":"0.00178009","timestamp":1659154449,"volume":"0.61891490","buyTxId":"f5f82de0451fce46e7131fe3f6328fcc66c614c3","sellTxId":"45432ec53d6667a1c6c7a07dddbff0f57b6f4612"}
{"index": {"_index":"spt","_id":"4022261"}}
	{"id":4022261,"type":"sell","buyer":"pjansen","seller":"captainquack22","symbol":"SPT","quantity":"705","price":"0.00178211","timestamp":1659157185,"volume":"1.25638755","buyTxId":"4e3612b74a288ed44f35e3bc176aa572e9468d81","sellTxId":"1e7e1ce43dbd6d6f096e3269c068291f94332138"}
{"index": {"_index":"spt","_id":"4022534"}}
	{"id":4022534,"type":"sell","buyer":"pjansen","seller":"evernoticethat","symbol":"SPT","quantity":"5000.000000","price":"0.00177908","timestamp":1659161118,"volume":"8.89540000","buyTxId":"b316c6421ef2dc79c568d777b5998a9f2fe11002","sellTxId":"0c3b8639b7079237e3c38ae644a5ae07690cb0f5"}
{"index": {"_index":"spt","_id":"4022535"}}
	{"id":4022535,"type":"buy","buyer":"multifurcate","seller":"evernoticethat","symbol":"SPT","quantity":"30835.848520","price":"0.00177907","timestamp":1659161133,"volume":"54.85913303","buyTxId":"27dee801d5fcd927fb7b4126b962da5dae9ccc97","sellTxId":"0c3b8639b7079237e3c38ae644a5ae07690cb0f5"}
{"index": {"_index":"spt","_id":"4022563"}}
	{"id":4022563,"type":"sell","buyer":"pjansen","seller":"khazrakh","symbol":"SPT","quantity":"85.731118","price":"0.00177706","timestamp":1659161349,"volume":"0.15234934","buyTxId":"0dc542073f86d85cbb4f9d3fe2f40adbfbe323e0","sellTxId":"7872676867ac22a99f3dc4ae1db1fa9ef6769eb2"}
{"index": {"_index":"spt","_id":"4022599"}}
	{"id":4022599,"type":"sell","buyer":"pjansen","seller":"lipe100dedos","symbol":"SPT","quantity":"87.137744","price":"0.00177807","timestamp":1659161817,"volume":"0.15493701","buyTxId":"b4b2ffa9772000c73521ce95703aab33b42eefe0","sellTxId":"93c8f2995dc8b42ac5801480fa4f55e141a0a999"}
{"index": {"_index":"spt","_id":"4022642"}}
	{"id":4022642,"type":"sell","buyer":"pjansen","seller":"laritheghost","symbol":"SPT","quantity":"9.144921","price":"0.00177606","timestamp":1659162483,"volume":"0.01624193","buyTxId":"30d7996250c9a2ac50f331585aa86739de6caedc","sellTxId":"dca12bb3ede85f7a5b8ff2cb143b1f3f001d3bc1"}
{"index": {"_index":"spt","_id":"4022728"}}
	{"id":4022728,"type":"sell","buyer":"pjansen","seller":"kafrul","symbol":"SPT","quantity":"5000.000000","price":"0.00177606","timestamp":1659163815,"volume":"8.88030000","buyTxId":"e6979c0e5c9e81facd75f569a795f8759e1efb21","sellTxId":"3803c56bd4632c312259d123af08809acf91f63c"}
{"index": {"_index":"spt","_id":"4022733"}}
	{"id":4022733,"type":"sell","buyer":"pjansen","seller":"kafrul","symbol":"SPT","quantity":"1348.613184","price":"0.00177606","timestamp":1659163854,"volume":"2.39521793","buyTxId":"7b16adf22816f20359278976f1a7a57dbfda584c","sellTxId":"040da11bdf05f102a2fb711af64d24631d1826dd"}
{"index": {"_index":"spt","_id":"4022989"}}
	{"id":4022989,"type":"sell","buyer":"pjansen","seller":"alexandrzombi","symbol":"SPT","quantity":"0.000008","price":"0.00177606","timestamp":1659167985,"volume":"0.00000001","buyTxId":"435125b61859f2e79a23e44c0706bbf96ef326b7","sellTxId":"8cbb5e659d517289ab4ecfa2c2f44be4ec7d6b22"}
{"index": {"_index":"spt","_id":"4023003"}}
	{"id":4023003,"type":"sell","buyer":"pjansen","seller":"lordtimoty","symbol":"SPT","quantity":"2787.040234","price":"0.00177606","timestamp":1659168219,"volume":"4.94995068","buyTxId":"1e4fe1ee1d01d2fd608cfd798532150a92a39c2f","sellTxId":"31a27e533702e2b5e82f3e2c7a7600608d586454"}
{"index": {"_index":"spt","_id":"4023052"}}
	{"id":4023052,"type":"sell","buyer":"pjansen","seller":"socialmediaseo","symbol":"SPT","quantity":"17.099562","price":"0.00177606","timestamp":1659168915,"volume":"0.03036985","buyTxId":"bde4b640f94493cdd3d1ee335ae60a3ed10cb71c","sellTxId":"398c6b3b9f94eb2f5b6029a8b4d5e866f4223d28"}
{"index": {"_index":"spt","_id":"4023206"}}
	{"id":4023206,"type":"sell","buyer":"pjansen","seller":"dr3am03","symbol":"SPT","quantity":"500.375430","price":"0.00177606","timestamp":1659171051,"volume":"0.88869679","buyTxId":"4c12f124ca2c8a72119ee9b3f2e5b427a4021f71","sellTxId":"bbc7815c7e755c15e777528f28d917cdfe48293c"}
{"index": {"_index":"spt","_id":"4023317"}}
	{"id":4023317,"type":"sell","buyer":"pjansen","seller":"libertycrypto27","symbol":"SPT","quantity":"3877.128826","price":"0.00177610","timestamp":1659172239,"volume":"6.88616851","buyTxId":"6866226024b341a74d24acd975a6762123433a2d","sellTxId":"0e38322bb517038a53743f47c346fad1fb19b0f6"}
{"index": {"_index":"spt","_id":"4023419"}}
	{"id":4023419,"type":"sell","buyer":"pjansen","seller":"holdeck","symbol":"SPT","quantity":"0.026476","price":"0.00177610","timestamp":1659174111,"volume":"0.00004702","buyTxId":"9090d9294a23db37bb536762d315b685af1ee337","sellTxId":"e5997a8c7693cd50e64cb998b6ff2450d4329aec"}
{"index": {"_index":"spt","_id":"4023765"}}
	{"id":4023765,"type":"sell","buyer":"pjansen","seller":"mightyrocklee","symbol":"SPT","quantity":"721.406998","price":"0.00177610","timestamp":1659179415,"volume":"1.28129097","buyTxId":"1278f9d4d3831f37066797c70bf08e3665be5200","sellTxId":"ffcd63fe327ac7aca85e69bef370dea62bd69e20"}
{"index": {"_index":"spt","_id":"4023804"}}
	{"id":4023804,"type":"sell","buyer":"pjansen","seller":"captainquack22","symbol":"SPT","quantity":"53","price":"0.00177610","timestamp":1659179892,"volume":"0.09413330","buyTxId":"cc00cdcbaf1fbb898b96ca82ff7b3efedc0dfa25","sellTxId":"89780101c914ead3cd2123deb2139377c04315ce"}
{"index": {"_index":"spt","_id":"4023912"}}
	{"id":4023912,"type":"sell","buyer":"pjansen","seller":"edskymiguel","symbol":"SPT","quantity":"2.966599","price":"0.00177610","timestamp":1659181887,"volume":"0.00526898","buyTxId":"08ba887b2a035e7d293f1566a7db949ff8bcc2f4","sellTxId":"9f0359afc4f25d3460efc032c607ff2408d58843"}
{"index": {"_index":"spt","_id":"4024024"}}
	{"id":4024024,"type":"sell","buyer":"pjansen","seller":"captainquack22","symbol":"SPT","quantity":"2000","price":"0.00177610","timestamp":1659183780,"volume":"3.55220000","buyTxId":"286ab705c83bedcafb88ea66a5cb65e7e85963f2","sellTxId":"917d99e6dc54e4cf3c6a4e6d69244cfd75e8b9d2"}
{"index": {"_index":"spt","_id":"4024192"}}
	{"id":4024192,"type":"sell","buyer":"pjansen","seller":"lumpiadobo","symbol":"SPT","quantity":"4.362032","price":"0.00177611","timestamp":1659185775,"volume":"0.00774745","buyTxId":"d3e332d1e6d92c172625756b2a387178137aef23","sellTxId":"9ccf38c78d58be1c6d3f7f103c19d04fe08c5e08"}
{"index": {"_index":"spt","_id":"4024523"}}
	{"id":4024523,"type":"sell","buyer":"pjansen","seller":"hankanon","symbol":"SPT","quantity":"0.498445","price":"0.00177611","timestamp":1659189909,"volume":"0.00088529","buyTxId":"94aca75168ad83ddd38c4823186f0f8fa1955584","sellTxId":"363074c12844b6ac36c115bc21092adc285d3979"}
{"index": {"_index":"spt","_id":"4024557"}}
	{"id":4024557,"type":"sell","buyer":"pjansen","seller":"ivanc","symbol":"SPT","quantity":"27.911206","price":"0.00177807","timestamp":1659190365,"volume":"0.04962808","buyTxId":"7351208a9a57d01276bdda526f4e82b0947925ba","sellTxId":"f918d326dabfc7d51d79ee8229760b623066ed92"}
{"index": {"_index":"spt","_id":"4024609"}}
	{"id":4024609,"type":"buy","buyer":"dbooster","seller":"master-lamps","symbol":"SPT","quantity":"0.392055","price":"0.00194999","timestamp":1659191094,"volume":"0.00076450","buyTxId":"590316db35d9b4be05d2c73e1e0bcd90fb5a69b2","sellTxId":"d1c08ff79d3ed4d125e04f9a67f0a6ec19f7fc21"}
{"index": {"_index":"spt","_id":"4024610"}}
	{"id":4024610,"type":"buy","buyer":"dbooster","seller":"glimpsytips.dex","symbol":"SPT","quantity":"300.000000","price":"0.00194999","timestamp":1659191094,"volume":"0.58499700","buyTxId":"590316db35d9b4be05d2c73e1e0bcd90fb5a69b2","sellTxId":"15a0830d1bc14b6d117b2cd7f9f1df07e4f243c2"}
{"index": {"_index":"spt","_id":"4024611"}}
	{"id":4024611,"type":"buy","buyer":"dbooster","seller":"saachi","symbol":"SPT","quantity":"100.000000","price":"0.00195000","timestamp":1659191094,"volume":"0.19500000","buyTxId":"590316db35d9b4be05d2c73e1e0bcd90fb5a69b2","sellTxId":"635fddef431865849e3faf922fcdbf8519eae6f6"}
{"index": {"_index":"spt","_id":"4024612"}}
	{"id":4024612,"type":"buy","buyer":"dbooster","seller":"onlydoge","symbol":"SPT","quantity":"99.607945","price":"0.00198000","timestamp":1659191094,"volume":"0.19722373","buyTxId":"590316db35d9b4be05d2c73e1e0bcd90fb5a69b2","sellTxId":"ceb9340e8dadf043c6e4c7eb38fe500d9b1488a6"}
{"index": {"_index":"spt","_id":"4024738"}}
	{"id":4024738,"type":"sell","buyer":"multifurcate","seller":"occidae","symbol":"SPT","quantity":"2077.738628","price":"0.00177806","timestamp":1659192162,"volume":"3.69434394","buyTxId":"bf1ac9fac173bc5ac15aa8661fdacbdf5833d7bb","sellTxId":"260c1c87d45b645faf7a1c64d3bf19af85ddf9fc"}
{"index": {"_index":"spt","_id":"4024965"}}
	{"id":4024965,"type":"sell","buyer":"pjansen","seller":"splintercell-01","symbol":"SPT","quantity":"1291.063194","price":"0.00177807","timestamp":1659193779,"volume":"2.29560073","buyTxId":"7b0b7b944d6a894ee7216efb61d82700bc2085ac","sellTxId":"26bd75c986cc72bb6d61499ebbeeefc4d360e371"}
{"index": {"_index":"spt","_id":"4025301"}}
	{"id":4025301,"type":"sell","buyer":"pjansen","seller":"thranax","symbol":"SPT","quantity":"115.461795","price":"0.00177908","timestamp":1659197271,"volume":"0.20541577","buyTxId":"9c851c636f8f9ed382cc561c12256179282aed31","sellTxId":"0c11a0725642ba39d212e5921bd6591f5a2adc84"}
{"index": {"_index":"spt","_id":"4025604"}}
	{"id":4025604,"type":"sell","buyer":"pjansen","seller":"catomoon","symbol":"SPT","quantity":"4.345965","price":"0.00177909","timestamp":1659200202,"volume":"0.00773186","buyTxId":"0032ccfaacf6c5c5b9b19f6e14183acb40375cd9","sellTxId":"f60f79027cc45d1a53100d7d781c2e2a94994310"}
{"index": {"_index":"spt","_id":"4025905"}}
	{"id":4025905,"type":"buy","buyer":"nightfalcon","seller":"kuhnchun","symbol":"SPT","quantity":"0.052099","price":"0.00191999","timestamp":1659203241,"volume":"0.00010003","buyTxId":"7648f0031e7bfa014069e4cdc681244e01dff2f5","sellTxId":"f5555472200babc5bcfd67248edfde815bb22bdb"}
{"index": {"_index":"spt","_id":"4026201"}}
	{"id":4026201,"type":"sell","buyer":"pjansen","seller":"babalor","symbol":"SPT","quantity":"1500","price":"0.00178212","timestamp":1659207543,"volume":"2.67318000","buyTxId":"208706e79e4ea66cc31f6e90c75dcbf66d313e3f","sellTxId":"6acbb9b1133a23a355833378f7b7ce2238fbc25e"}
{"index": {"_index":"spt","_id":"4026489"}}
	{"id":4026489,"type":"sell","buyer":"pjansen","seller":"josediccus","symbol":"SPT","quantity":"53.935656","price":"0.00177909","timestamp":1659210720,"volume":"0.09595639","buyTxId":"efde8b8ce29a4be83e420e83762ee0a67493016f","sellTxId":"cf12fb04710df686e14b8dea6af76d93dabc80b7"}
{"index": {"_index":"spt","_id":"4026761"}}
	{"id":4026761,"type":"sell","buyer":"pjansen","seller":"hadley4","symbol":"SPT","quantity":"3693.507489","price":"0.00177909","timestamp":1659214371,"volume":"6.57108224","buyTxId":"d2e1836a6163865b02dde220ba61604cecbfa516","sellTxId":"fec7fcc3c5a8a20ec39cf728a500b680274e7558"}
{"index": {"_index":"spt","_id":"4026954"}}
	{"id":4026954,"type":"sell","buyer":"pjansen","seller":"sawcraz.art","symbol":"SPT","quantity":"3496.830769","price":"0.00177909","timestamp":1659216729,"volume":"6.22117665","buyTxId":"999e51b6fb198f0f574bde375e48f060e9baf2ad","sellTxId":"f558391d3fbe748164b771b67b8c2d89fa4d3e29"}
{"index": {"_index":"spt","_id":"4027480"}}
	{"id":4027480,"type":"sell","buyer":"pjansen","seller":"dswap","symbol":"SPT","quantity":"1.957207","price":"0.00177909","timestamp":1659225309,"volume":"0.00348205","buyTxId":"e9e9c6f8559c6e12ca00aa471ce4fe3ee4735350","sellTxId":"ff6a29c257e0f02fda6e488a4f246bcff123ba03"}
{"index": {"_index":"spt","_id":"4027620"}}
	{"id":4027620,"type":"sell","buyer":"pjansen","seller":"themarkymark","symbol":"SPT","quantity":"6.730219","price":"0.00177909","timestamp":1659226839,"volume":"0.01197367","buyTxId":"bf777af51c80e35f0e277220299b3ca161440c57","sellTxId":"1e0b9d0b6fc316a99943ddfb2d710f7107fe581d"}
{"index": {"_index":"spt","_id":"4027702"}}
	{"id":4027702,"type":"sell","buyer":"pjansen","seller":"bitcoinflood","symbol":"SPT","quantity":"144.423304","price":"0.00177909","timestamp":1659228318,"volume":"0.25694206","buyTxId":"9129a8979cce697a6584edb2221cb6846b40ccae","sellTxId":"344aa25af745d2f793b32dd36f3c85cebf1fd770"}
{"index": {"_index":"spt","_id":"4027728"}}
	{"id":4027728,"type":"sell","buyer":"pjansen","seller":"giocondina","symbol":"SPT","quantity":"3345.592914","price":"0.00177909","timestamp":1659228660,"volume":"5.95211090","buyTxId":"b6e99e2182b4cbc8ddf7edc2f9070b854cecf065","sellTxId":"29715de5b4a5d28d8a4c2df2097dc5a1b4367242"}
{"index": {"_index":"spt","_id":"4027853"}}
	{"id":4027853,"type":"sell","buyer":"pjansen","seller":"andy4475","symbol":"SPT","quantity":"8.526888","price":"0.00178110","timestamp":1659230190,"volume":"0.01518724","buyTxId":"7333880294d496ca1b0a7e5f173e908488749563","sellTxId":"e027524280295739577a168ebc614bfd0f1a68fd"}
{"index": {"_index":"spt","_id":"4027871"}}
	{"id":4027871,"type":"sell","buyer":"pjansen","seller":"bitcoinflood","symbol":"SPT","quantity":"53.931293","price":"0.00177706","timestamp":1659230532,"volume":"0.09583914","buyTxId":"05a8ba6ff10d08293f888e8de073ac9d165bb4bc","sellTxId":"908637f07355db557dd1948b4d9af38886026779"}
{"index": {"_index":"spt","_id":"4027902"}}
	{"id":4027902,"type":"sell","buyer":"pjansen","seller":"chronocrypto","symbol":"SPT","quantity":"2771.169607","price":"0.00178312","timestamp":1659230898,"volume":"4.94132795","buyTxId":"999fade174c9b0b9a414a8f132922f4a452d4c79","sellTxId":"94b973ef7e96f28a3c3d075dac3bc1d0489c64f2"}
{"index": {"_index":"spt","_id":"4028065"}}
	{"id":4028065,"type":"sell","buyer":"pjansen","seller":"mamoti","symbol":"SPT","quantity":"7.704943","price":"0.00178211","timestamp":1659233136,"volume":"0.01373106","buyTxId":"fcc381f9c5758805f20bfe812869f9a30abf76f7","sellTxId":"688f52164384021d119ed2e561556cbce8b8ccd1"}
{"index": {"_index":"spt","_id":"4028069"}}
	{"id":4028069,"type":"sell","buyer":"multifurcate","seller":"jnn10","symbol":"SPT","quantity":"1.431101","price":"0.00178311","timestamp":1659233166,"volume":"0.00255181","buyTxId":"c32c85dbc0f8da762563b7d233efdd18b03a5e6a","sellTxId":"33a738a109a45e05ae7dd8b1b841c1f9142c4425"}
