{"index": {"_index":"spt","_id":"1753053"}}
	{"id":1753053,"type":"sell","buyer":"pi-trader","seller":"jzeee","symbol":"SPT","quantity":"98.97","price":"0.01016048","timestamp":1634787159,"volume":"1.00558271","buyTxId":"33aa87a1a873ba1897188a5b01f3dbb4ae512a2e-5","sellTxId":"da940ea0721d2e3ccb55efa5f1a072f69306acc2"}
{"index": {"_index":"spt","_id":"1753212"}}
	{"id":1753212,"type":"sell","buyer":"pi-trader","seller":"newbijohn","symbol":"SPT","quantity":"6750.000000","price":"0.01015004","timestamp":1634789469,"volume":"68.51277000","buyTxId":"6885217f18d2e8df6f24dc2d110c081dab9a90d0-7","sellTxId":"4f61920419b86f6e58a29276f68f782668c3fa3a"}
{"index": {"_index":"spt","_id":"1753231"}}
	{"id":1753231,"type":"sell","buyer":"granddaddies","seller":"esmeesmith","symbol":"SPT","quantity":"0.035","price":"0.01015014","timestamp":1634789847,"volume":"0.00035525","buyTxId":"eb633518e51c4d3836c350dcd95548fbdd8fc4cf","sellTxId":"dcd2639034fac3f4ba8525926282629892c10f12"}
{"index": {"_index":"spt","_id":"1753271"}}
	{"id":1753271,"type":"buy","buyer":"dedoverde","seller":"laundrywoman","symbol":"SPT","quantity":"12.355621","price":"0.01294999","timestamp":1634790468,"volume":"0.16000517","buyTxId":"932071a2bee6c65792a21b7147c9a94e671c5765","sellTxId":"c8ad7145ae3198ab838dbb0e81666642dde3a3cf"}
{"index": {"_index":"spt","_id":"1753308"}}
	{"id":1753308,"type":"sell","buyer":"pi-trader","seller":"iceman23","symbol":"SPT","quantity":"35.518174","price":"0.01015024","timestamp":1634791128,"volume":"0.36051799","buyTxId":"6f24ea2731b67def0e9225988a6bc7d64db8021f-4","sellTxId":"ffc9e8bffb6541295e6e0e2900728eba447de433"}
{"index": {"_index":"spt","_id":"1753327"}}
	{"id":1753327,"type":"sell","buyer":"pi-trader","seller":"ultm8x","symbol":"SPT","quantity":"958.192556","price":"0.01015024","timestamp":1634791302,"volume":"9.72588441","buyTxId":"2d9a3fa6f28c931ff5b7b6c11c6a75ed1ed45946-4","sellTxId":"0e8f904dcf3bde38cc856f15da9af6a6ce36578b"}
{"index": {"_index":"spt","_id":"1753328"}}
	{"id":1753328,"type":"sell","buyer":"pi-trader","seller":"iceman-23","symbol":"SPT","quantity":"0.013204","price":"0.01015024","timestamp":1634791335,"volume":"0.00013402","buyTxId":"48f41da1be3d9492827e42b6550ff300cd9f2d8b-2","sellTxId":"f514c6fbc8888710d27f1d8376ccfd721c56ea54"}
{"index": {"_index":"spt","_id":"1753374"}}
	{"id":1753374,"type":"buy","buyer":"kolbi","seller":"laundrywoman","symbol":"SPT","quantity":"10808.793637","price":"0.01129999","timestamp":1634792220,"volume":"122.13926001","buyTxId":"b8f19d3dc3436e2d8c409dc08cb1973a358e539b","sellTxId":"3f75e418804d8b034d4ae4def37cd8215d68bd8b"}
{"index": {"_index":"spt","_id":"1753400"}}
	{"id":1753400,"type":"sell","buyer":"pi-trader","seller":"dudeontheweb","symbol":"SPT","quantity":"50.000000","price":"0.01015051","timestamp":1634792583,"volume":"0.50752550","buyTxId":"7d2f6588667d7c67fa4c3188c5977b5a62fe92d0-7","sellTxId":"c864490f760c07b9c741da8238fb088ae95c95c9"}
{"index": {"_index":"spt","_id":"1753495"}}
	{"id":1753495,"type":"sell","buyer":"solovey6o2","seller":"mightyrocklee","symbol":"SPT","quantity":"710.500484","price":"0.01015003","timestamp":1634794173,"volume":"7.21160123","buyTxId":"7dd5c95b5755982fa21e2efdef00aa9d542cd5dc","sellTxId":"116e9b42c50d96541f08e254622842636c602b8f"}
{"index": {"_index":"spt","_id":"1753515"}}
	{"id":1753515,"type":"buy","buyer":"putin2222","seller":"laundrywoman","symbol":"SPT","quantity":"390.000000","price":"0.01129995","timestamp":1634794731,"volume":"4.40698050","buyTxId":"178cdad07760e8ad49220e05fcf8ba0a05b10ddb","sellTxId":"065245ae792060901a1b99b3faca9a6d6731f2b7"}
{"index": {"_index":"spt","_id":"1753560"}}
	{"id":1753560,"type":"buy","buyer":"solovey6o2","seller":"mantis-tobaggon","symbol":"SPT","quantity":"2000.000000","price":"0.01015100","timestamp":1634795481,"volume":"20.30200000","buyTxId":"3226210f4f9f28983f92d9788052cfde36c6f2c4","sellTxId":"a27452bab797187838361352ac26a422e1e4c7a2"}
{"index": {"_index":"spt","_id":"1753622"}}
	{"id":1753622,"type":"buy","buyer":"peeholder","seller":"sralim","symbol":"SPT","quantity":"109.000000","price":"0.01060000","timestamp":1634796228,"volume":"1.15540000","buyTxId":"2b9b298ff8eac9411701346abdeabc889000d7a7","sellTxId":"067e284d9a3f755315fb01071970c68b8a7159ad"}
{"index": {"_index":"spt","_id":"1753623"}}
	{"id":1753623,"type":"buy","buyer":"peeholder","seller":"solovey6o2","symbol":"SPT","quantity":"2744.265765","price":"0.01129996","timestamp":1634796228,"volume":"31.01009337","buyTxId":"2b9b298ff8eac9411701346abdeabc889000d7a7","sellTxId":"b87633981e8a20c444199414da74c701f063c697"}
{"index": {"_index":"spt","_id":"1753624"}}
	{"id":1753624,"type":"buy","buyer":"peeholder","seller":"laundrywoman","symbol":"SPT","quantity":"5646.734235","price":"0.01129999","timestamp":1634796228,"volume":"63.80804039","buyTxId":"2b9b298ff8eac9411701346abdeabc889000d7a7","sellTxId":"5ba8c9f43a6af59c86a2ef64b60fbf5e7596f30c"}
{"index": {"_index":"spt","_id":"1753643"}}
	{"id":1753643,"type":"sell","buyer":"solovey6o2","seller":"mercurial9","symbol":"SPT","quantity":"171.899000","price":"0.01031008","timestamp":1634796321,"volume":"1.77229244","buyTxId":"33382cb658991db926d3a179bcd703f7fcac7f5b","sellTxId":"79cb865ac7dd27c049ff14a4cb559e4abb6fbe97"}
{"index": {"_index":"spt","_id":"1753703"}}
	{"id":1753703,"type":"sell","buyer":"solovey6o2","seller":"elizabetamt","symbol":"SPT","quantity":"0.005969","price":"0.01031016","timestamp":1634796684,"volume":"0.00006154","buyTxId":"65290da485f3e353db961a75c349a52a107612a0","sellTxId":"7a26e788eeb8a02c4ef13a97cf77f7cfdc3c0f46"}
{"index": {"_index":"spt","_id":"1753912"}}
	{"id":1753912,"type":"sell","buyer":"pi-trader","seller":"kretuse","symbol":"SPT","quantity":"61.790622","price":"0.01031045","timestamp":1634798154,"volume":"0.63708912","buyTxId":"238d3fb648fe243acca867633186e017cc571514-1","sellTxId":"2097f685cedf4cf4f72aae7fa4dbd0043e7f3b47"}
{"index": {"_index":"spt","_id":"1754021"}}
	{"id":1754021,"type":"sell","buyer":"pi-trader","seller":"dhedge-drips","symbol":"SPT","quantity":"0.053772","price":"0.01031013","timestamp":1634798772,"volume":"0.00055440","buyTxId":"adf74c8d965e1d913b4e77a4fce43b3a225ad90c-1","sellTxId":"8eb652042bfdab3b87feeef15b4c3466d607095c"}
{"index": {"_index":"spt","_id":"1754046"}}
	{"id":1754046,"type":"sell","buyer":"pi-trader","seller":"anderssinho","symbol":"SPT","quantity":"0.094000","price":"0.01031013","timestamp":1634799000,"volume":"0.00096915","buyTxId":"d042f6c1146d0cb7de183f09842912cc5c12e659-5","sellTxId":"012755b9fc58a25a6b29f173766ce1e58f8f53e1"}
{"index": {"_index":"spt","_id":"1754196"}}
	{"id":1754196,"type":"buy","buyer":"neddykelly","seller":"dhedge-drips","symbol":"SPT","quantity":"0.053772","price":"0.01129999","timestamp":1634799843,"volume":"0.00060762","buyTxId":"ff199248d30f315ccd686035e6bfec6e7257f1b9","sellTxId":"2af8f82b69e2829dfb548a5b5dbcba804044c3d0"}
{"index": {"_index":"spt","_id":"1754197"}}
	{"id":1754197,"type":"buy","buyer":"neddykelly","seller":"laundrywoman","symbol":"SPT","quantity":"230.183812","price":"0.01129999","timestamp":1634799843,"volume":"2.60107477","buyTxId":"ff199248d30f315ccd686035e6bfec6e7257f1b9","sellTxId":"b4eb25a70b388d6b4fec9dc461b468595cf4e85c"}
{"index": {"_index":"spt","_id":"1754412"}}
	{"id":1754412,"type":"sell","buyer":"russia-btc","seller":"chekohler","symbol":"SPT","quantity":"0.104405","price":"0.01031000","timestamp":1634802153,"volume":"0.00107642","buyTxId":"e43d53629df9c92703aab5dbaebd1fd688e4ec76","sellTxId":"0ef617318f0e1e7295d1784d2faabfaad796062f"}
{"index": {"_index":"spt","_id":"1754608"}}
	{"id":1754608,"type":"buy","buyer":"strosalia","seller":"laundrywoman","symbol":"SPT","quantity":"5000.000000","price":"0.01129999","timestamp":1634804484,"volume":"56.49995000","buyTxId":"b9b5ae6289587e2f80ed55296e2f0a6c024dc66d","sellTxId":"63ab9abde780188e8eaa3cdc118e8ec4dc048c82"}
{"index": {"_index":"spt","_id":"1754761"}}
	{"id":1754761,"type":"sell","buyer":"strosalia","seller":"informal","symbol":"SPT","quantity":"31.827591","price":"0.01035000","timestamp":1634806596,"volume":"0.32941557","buyTxId":"4dfeace7b4f372a5c92377687e30e24287a99089","sellTxId":"26d12275d2ac15118314ca69cd2130e08904b493"}
{"index": {"_index":"spt","_id":"1754806"}}
	{"id":1754806,"type":"sell","buyer":"strosalia","seller":"limka","symbol":"SPT","quantity":"698.172409","price":"0.01035000","timestamp":1634807598,"volume":"7.22608443","buyTxId":"4dfeace7b4f372a5c92377687e30e24287a99089","sellTxId":"aa73319120e514c842be1b37073e54892d0db786"}
{"index": {"_index":"spt","_id":"1754818"}}
	{"id":1754818,"type":"sell","buyer":"russia-btc","seller":"iceman-23","symbol":"SPT","quantity":"0.225642","price":"0.01031000","timestamp":1634807688,"volume":"0.00232637","buyTxId":"e43d53629df9c92703aab5dbaebd1fd688e4ec76","sellTxId":"0df10445210173d70d5bad0194be0b1b07f2ae0f"}
{"index": {"_index":"spt","_id":"1754878"}}
	{"id":1754878,"type":"sell","buyer":"russia-btc","seller":"chekohler","symbol":"SPT","quantity":"0.279989","price":"0.01031000","timestamp":1634808828,"volume":"0.00288669","buyTxId":"e43d53629df9c92703aab5dbaebd1fd688e4ec76","sellTxId":"2ed025ea65b0617631a7e6e5542232ba5e4db8c2"}
{"index": {"_index":"spt","_id":"1755178"}}
	{"id":1755178,"type":"buy","buyer":"uyobong","seller":"limka","symbol":"SPT","quantity":"267.662063","price":"0.01035000","timestamp":1634812587,"volume":"2.77030235","buyTxId":"500e80f8eb01e6a9f322f95c633a0f70a21f8780","sellTxId":"aa73319120e514c842be1b37073e54892d0db786"}
{"index": {"_index":"spt","_id":"1755179"}}
	{"id":1755179,"type":"buy","buyer":"uyobong","seller":"laundrywoman","symbol":"SPT","quantity":"1532.337937","price":"0.01129999","timestamp":1634812587,"volume":"17.31540336","buyTxId":"500e80f8eb01e6a9f322f95c633a0f70a21f8780","sellTxId":"63ab9abde780188e8eaa3cdc118e8ec4dc048c82"}
{"index": {"_index":"spt","_id":"1755265"}}
	{"id":1755265,"type":"sell","buyer":"imno","seller":"bambukah","symbol":"SPT","quantity":"0.61026","price":"0.01032000","timestamp":1634813796,"volume":"0.00629788","buyTxId":"cae45a1537ae44d34e78d26c8e444a72423b564a","sellTxId":"c509d3efcbe951f1cad9977dacc007c09a95dbfd"}
{"index": {"_index":"spt","_id":"1755439"}}
	{"id":1755439,"type":"buy","buyer":"brizahd","seller":"laundrywoman","symbol":"SPT","quantity":"18.066730","price":"0.01129999","timestamp":1634816004,"volume":"0.20415387","buyTxId":"8d9e67670b3b1959d2bcb28758b30dd8196f0d09","sellTxId":"63ab9abde780188e8eaa3cdc118e8ec4dc048c82"}
{"index": {"_index":"spt","_id":"1755529"}}
	{"id":1755529,"type":"sell","buyer":"solovey6o2","seller":"btcsam","symbol":"SPT","quantity":"800.000000","price":"0.01032003","timestamp":1634817081,"volume":"8.25602400","buyTxId":"940e4c41d5dd9d397b492dc2e4f10807ea1fbdf5","sellTxId":"d23c762ae29616c38c175e8251cbe9488a984ca1"}
{"index": {"_index":"spt","_id":"1755653"}}
	{"id":1755653,"type":"sell","buyer":"solovey6o2","seller":"ahmetay","symbol":"SPT","quantity":"978.833632","price":"0.01032003","timestamp":1634818578,"volume":"10.10159245","buyTxId":"940e4c41d5dd9d397b492dc2e4f10807ea1fbdf5","sellTxId":"35672e34988fa5ebe819123dbc308d4aa5c71c8e"}
{"index": {"_index":"spt","_id":"1755659"}}
	{"id":1755659,"type":"sell","buyer":"solovey6o2","seller":"sejclarke","symbol":"SPT","quantity":"70.637209","price":"0.01032003","timestamp":1634818590,"volume":"0.72897812","buyTxId":"940e4c41d5dd9d397b492dc2e4f10807ea1fbdf5","sellTxId":"9d4ab97101a3f2801e2c422be649956ad88df4bb"}
{"index": {"_index":"spt","_id":"1755667"}}
	{"id":1755667,"type":"sell","buyer":"solovey6o2","seller":"ahmetay","symbol":"SPT","quantity":"2439.136233","price":"0.01032003","timestamp":1634818683,"volume":"25.17195910","buyTxId":"940e4c41d5dd9d397b492dc2e4f10807ea1fbdf5","sellTxId":"c31b0fa06f8723df73d3479fd497f583000919bf"}
{"index": {"_index":"spt","_id":"1755679"}}
	{"id":1755679,"type":"sell","buyer":"solovey6o2","seller":"ahmetay","symbol":"SPT","quantity":"2927.282237","price":"0.01032003","timestamp":1634818800,"volume":"30.20964050","buyTxId":"940e4c41d5dd9d397b492dc2e4f10807ea1fbdf5","sellTxId":"49d191c2d5b86d5d30b30f09213346a9568a6b41"}
{"index": {"_index":"spt","_id":"1755685"}}
	{"id":1755685,"type":"sell","buyer":"solovey6o2","seller":"ahmetay","symbol":"SPT","quantity":"4875.215579","price":"0.01032003","timestamp":1634818929,"volume":"50.31237103","buyTxId":"940e4c41d5dd9d397b492dc2e4f10807ea1fbdf5","sellTxId":"54312f7dad5e0f1b518554fa82616fad34c39a24"}
{"index": {"_index":"spt","_id":"1755700"}}
	{"id":1755700,"type":"sell","buyer":"solovey6o2","seller":"ahmetay","symbol":"SPT","quantity":"4870.735750","price":"0.01032003","timestamp":1634819067,"volume":"50.26613906","buyTxId":"940e4c41d5dd9d397b492dc2e4f10807ea1fbdf5","sellTxId":"dec286bdde66dcbb8a8065a0d0042e965a28bc2c"}
{"index": {"_index":"spt","_id":"1755738"}}
	{"id":1755738,"type":"sell","buyer":"solovey6o2","seller":"catharsis","symbol":"SPT","quantity":"189.004275","price":"0.01032003","timestamp":1634819565,"volume":"1.95052979","buyTxId":"940e4c41d5dd9d397b492dc2e4f10807ea1fbdf5","sellTxId":"3140927c46e721d764804632f12c554b12a140bd"}
{"index": {"_index":"spt","_id":"1755791"}}
	{"id":1755791,"type":"sell","buyer":"solovey6o2","seller":"georgeknowsall","symbol":"SPT","quantity":"116.947254","price":"0.01032003","timestamp":1634820069,"volume":"1.20689917","buyTxId":"940e4c41d5dd9d397b492dc2e4f10807ea1fbdf5","sellTxId":"b682f81a8f1d04a7726201bd7e45bddcf54b73b2"}
{"index": {"_index":"spt","_id":"1755796"}}
	{"id":1755796,"type":"sell","buyer":"solovey6o2","seller":"ryanpiloneo","symbol":"SPT","quantity":"47.350705","price":"0.01032003","timestamp":1634820138,"volume":"0.48866070","buyTxId":"940e4c41d5dd9d397b492dc2e4f10807ea1fbdf5","sellTxId":"c27ae31e8021cca14d11d53fe47be388c256a502"}
{"index": {"_index":"spt","_id":"1755820"}}
	{"id":1755820,"type":"sell","buyer":"solovey6o2","seller":"ahmetay","symbol":"SPT","quantity":"2946.152729","price":"0.01032003","timestamp":1634820396,"volume":"30.40438455","buyTxId":"940e4c41d5dd9d397b492dc2e4f10807ea1fbdf5","sellTxId":"2e27ac5768278732d99a8b4b6d1f8d89eebbdae1"}
{"index": {"_index":"spt","_id":"1755827"}}
	{"id":1755827,"type":"sell","buyer":"solovey6o2","seller":"ahmetay","symbol":"SPT","quantity":"4182.704397","price":"0.01032003","timestamp":1634820492,"volume":"43.16563485","buyTxId":"940e4c41d5dd9d397b492dc2e4f10807ea1fbdf5","sellTxId":"fe14a2530d30de6b216d4cc1832c7ee4c1d481fa"}
{"index": {"_index":"spt","_id":"1755828"}}
	{"id":1755828,"type":"sell","buyer":"imno","seller":"ahmetay","symbol":"SPT","quantity":"723.914440","price":"0.01032000","timestamp":1634820492,"volume":"7.47079702","buyTxId":"cae45a1537ae44d34e78d26c8e444a72423b564a","sellTxId":"fe14a2530d30de6b216d4cc1832c7ee4c1d481fa"}
{"index": {"_index":"spt","_id":"1755840"}}
	{"id":1755840,"type":"sell","buyer":"imno","seller":"ahmetay","symbol":"SPT","quantity":"4902.078580","price":"0.01032000","timestamp":1634820618,"volume":"50.58945095","buyTxId":"cae45a1537ae44d34e78d26c8e444a72423b564a","sellTxId":"b05758b65f92642ff985fd98a91e18eadbb03a27"}
{"index": {"_index":"spt","_id":"1755846"}}
	{"id":1755846,"type":"sell","buyer":"imno","seller":"geom","symbol":"SPT","quantity":"4.972903","price":"0.01032000","timestamp":1634820780,"volume":"0.05132036","buyTxId":"cae45a1537ae44d34e78d26c8e444a72423b564a","sellTxId":"9bfac6116888e8d4291bfaed24bb9d3fe5e2b28a"}
{"index": {"_index":"spt","_id":"1755847"}}
	{"id":1755847,"type":"sell","buyer":"imno","seller":"ahmetay","symbol":"SPT","quantity":"9484.423817","price":"0.01032000","timestamp":1634820792,"volume":"97.87925379","buyTxId":"cae45a1537ae44d34e78d26c8e444a72423b564a","sellTxId":"1e5de900f74967a15e730b0813baa09d8ba119e5"}
{"index": {"_index":"spt","_id":"1755848"}}
	{"id":1755848,"type":"sell","buyer":"russia-btc","seller":"ahmetay","symbol":"SPT","quantity":"309.600452","price":"0.01031000","timestamp":1634820792,"volume":"3.19198066","buyTxId":"e43d53629df9c92703aab5dbaebd1fd688e4ec76","sellTxId":"1e5de900f74967a15e730b0813baa09d8ba119e5"}
{"index": {"_index":"spt","_id":"1755860"}}
	{"id":1755860,"type":"sell","buyer":"russia-btc","seller":"ahmetay","symbol":"SPT","quantity":"7689.789512","price":"0.01031000","timestamp":1634820921,"volume":"79.28172986","buyTxId":"e43d53629df9c92703aab5dbaebd1fd688e4ec76","sellTxId":"60babb7cd0a06878f7ff74add107dada7e098c69"}
{"index": {"_index":"spt","_id":"1755861"}}
	{"id":1755861,"type":"sell","buyer":"marvinix","seller":"ahmetay","symbol":"SPT","quantity":"83.547447","price":"0.01031000","timestamp":1634820921,"volume":"0.86137418","buyTxId":"4c1d6f8e0763f6f80ddc15a487e745c0239d992c","sellTxId":"60babb7cd0a06878f7ff74add107dada7e098c69"}
{"index": {"_index":"spt","_id":"1756025"}}
	{"id":1756025,"type":"buy","buyer":"jdeelight","seller":"solovey6o2","symbol":"SPT","quantity":"80.000000","price":"0.01099984","timestamp":1634822724,"volume":"0.87998720","buyTxId":"2be0d5e7bfdb16ba093e4ee814ace23139437b2a","sellTxId":"9d31489a8b79f94423df0e6fc24d6e89ccc31192"}
{"index": {"_index":"spt","_id":"1756066"}}
	{"id":1756066,"type":"sell","buyer":"marvinix","seller":"captainquack22","symbol":"SPT","quantity":"43.452553","price":"0.01031000","timestamp":1634823171,"volume":"0.44799582","buyTxId":"4c1d6f8e0763f6f80ddc15a487e745c0239d992c","sellTxId":"798453704fefa48aecb2645f5a04ac161b47ab88"}
{"index": {"_index":"spt","_id":"1756067"}}
	{"id":1756067,"type":"sell","buyer":"glory7","seller":"captainquack22","symbol":"SPT","quantity":"253.547447","price":"0.01015000","timestamp":1634823171,"volume":"2.57350659","buyTxId":"6158ef0fd7d9433d72ef92176fe470903aa88d9c","sellTxId":"798453704fefa48aecb2645f5a04ac161b47ab88"}
{"index": {"_index":"spt","_id":"1756128"}}
	{"id":1756128,"type":"sell","buyer":"saiko-sama","seller":"laundrywoman","symbol":"SPT","quantity":"100.000000","price":"0.01099996","timestamp":1634823813,"volume":"1.09999600","buyTxId":"993e3414ff30c2f7fc0e1a2cb9ba2b9e5d29f8d3","sellTxId":"94039e8f7d70386662efeca257a7794554e9d828"}
{"index": {"_index":"spt","_id":"1756135"}}
	{"id":1756135,"type":"buy","buyer":"funt33","seller":"solovey6o2","symbol":"SPT","quantity":"10.000000","price":"0.01099976","timestamp":1634823891,"volume":"0.10999760","buyTxId":"9f29218ec153776fbb880a52a4ed848ab2da4e4f","sellTxId":"758b26335147a58bfd3d1b506f61838a1f93ce5c"}
{"index": {"_index":"spt","_id":"1756257"}}
	{"id":1756257,"type":"sell","buyer":"strosalia","seller":"mango-juice","symbol":"SPT","quantity":"108.634927","price":"0.01020000","timestamp":1634824941,"volume":"1.10807626","buyTxId":"d62f8c0107fb346628cc3e686fa3f7bf2176ccad","sellTxId":"f7c5c53996d0d9540ad4261fbe68ce9099ed51d0"}
{"index": {"_index":"spt","_id":"1756271"}}
	{"id":1756271,"type":"buy","buyer":"elementm","seller":"laundrywoman","symbol":"SPT","quantity":"18003.000000","price":"0.01099995","timestamp":1634825151,"volume":"198.03209985","buyTxId":"e930a6f0d313947055dd44283b578105c9dbabba","sellTxId":"894f4542ff8806087382e4c879785b7ef9ef3d1c"}
{"index": {"_index":"spt","_id":"1756398"}}
	{"id":1756398,"type":"sell","buyer":"strosalia","seller":"chireerocks","symbol":"SPT","quantity":"14.768174","price":"0.01020000","timestamp":1634826354,"volume":"0.15063537","buyTxId":"d62f8c0107fb346628cc3e686fa3f7bf2176ccad","sellTxId":"58a85984e82b8fad8a2d2c59710941bfa1d1bdad"}
{"index": {"_index":"spt","_id":"1756586"}}
	{"id":1756586,"type":"sell","buyer":"strosalia","seller":"rodqui95","symbol":"SPT","quantity":"23.300559","price":"0.01020000","timestamp":1634828568,"volume":"0.23766570","buyTxId":"d62f8c0107fb346628cc3e686fa3f7bf2176ccad","sellTxId":"cead7a78a8a9c1cd3d5cffb65445e4026656f541"}
{"index": {"_index":"spt","_id":"1756678"}}
	{"id":1756678,"type":"buy","buyer":"chronocrypto","seller":"solovey6o2","symbol":"SPT","quantity":"9108.430037","price":"0.01099984","timestamp":1634829609,"volume":"100.19127306","buyTxId":"6f760b03119c55e74e7b5873c4736eed253da034","sellTxId":"32ae214211fe4ad5ac22973ac2b07fea75fe4943"}
{"index": {"_index":"spt","_id":"1756686"}}
	{"id":1756686,"type":"buy","buyer":"chronocrypto","seller":"solovey6o2","symbol":"SPT","quantity":"4481.000000","price":"0.01099996","timestamp":1634829681,"volume":"49.29082076","buyTxId":"f978843c16e3b2a3bb83a201562fe54f89f09a19","sellTxId":"40eab42f607f973c6e562c17d9f3b5f8f899a7d7"}
{"index": {"_index":"spt","_id":"1756740"}}
	{"id":1756740,"type":"sell","buyer":"pi-trader","seller":"aliveprojects","symbol":"SPT","quantity":"8.856","price":"0.01020001","timestamp":1634830140,"volume":"0.09033129","buyTxId":"be5c7afb2b7e64e486fc679187da8bae9fd0c87f-1","sellTxId":"34ca26e7f5c0191432dfed2678742705560d0992"}
{"index": {"_index":"spt","_id":"1756828"}}
	{"id":1756828,"type":"sell","buyer":"pi-trader","seller":"rashed.ifte","symbol":"SPT","quantity":"3991.600472","price":"0.01020001","timestamp":1634830968,"volume":"40.71436473","buyTxId":"d342b1f081b8d8add2f187eec7664178cfb69f44-2","sellTxId":"db0f389bf6b4500090b493144de1415a48463302"}
{"index": {"_index":"spt","_id":"1756921"}}
	{"id":1756921,"type":"buy","buyer":"karuna21","seller":"laundrywoman","symbol":"SPT","quantity":"1181.819256","price":"0.01099999","timestamp":1634831766,"volume":"13","buyTxId":"fa4ca8f45d786cdc9394cd2411129821451961c4","sellTxId":"83206946f581fbc457c1086ba2844fe3f00227f7"}
{"index": {"_index":"spt","_id":"1757006"}}
	{"id":1757006,"type":"buy","buyer":"venom098","seller":"mawit07","symbol":"SPT","quantity":"316.000000","price":"0.01100000","timestamp":1634832342,"volume":"3.47600000","buyTxId":"e64cc9b9ca0f961b1efb5456bc961cb0e3a6f130","sellTxId":"7c7feaf8ae51e7105ff94f08f96cc5a31741a13f"}
{"index": {"_index":"spt","_id":"1757014"}}
	{"id":1757014,"type":"sell","buyer":"strosalia","seller":"revisesociology","symbol":"SPT","quantity":"13.296340","price":"0.01020000","timestamp":1634832381,"volume":"0.13562267","buyTxId":"d62f8c0107fb346628cc3e686fa3f7bf2176ccad","sellTxId":"247a8243575b898bfe0eea99929cce23efa7aa09"}
{"index": {"_index":"spt","_id":"1757015"}}
	{"id":1757015,"type":"sell","buyer":"glory7","seller":"revisesociology","symbol":"SPT","quantity":"1086.703660","price":"0.01015000","timestamp":1634832381,"volume":"11.03004215","buyTxId":"6158ef0fd7d9433d72ef92176fe470903aa88d9c","sellTxId":"247a8243575b898bfe0eea99929cce23efa7aa09"}
{"index": {"_index":"spt","_id":"1757033"}}
	{"id":1757033,"type":"sell","buyer":"glory7","seller":"revisesociology","symbol":"SPT","quantity":"400.000000","price":"0.01015000","timestamp":1634832480,"volume":"4.06000000","buyTxId":"6158ef0fd7d9433d72ef92176fe470903aa88d9c","sellTxId":"d0d28e84ca0ebc0931a1137f07ff749cf72d430f"}
{"index": {"_index":"spt","_id":"1757234"}}
	{"id":1757234,"type":"buy","buyer":"russia-btc","seller":"solovey6o2","symbol":"SPT","quantity":"10936.474931","price":"0.01094988","timestamp":1634833974,"volume":"119.75308812","buyTxId":"9cc660e36eeb184ab4783ba9b5db255f797e2e0d","sellTxId":"81dbafe249de5e60e884248989de6985c342924a"}
{"index": {"_index":"spt","_id":"1757235"}}
	{"id":1757235,"type":"buy","buyer":"russia-btc","seller":"laundrywoman","symbol":"SPT","quantity":"9063.525069","price":"0.01094991","timestamp":1634833974,"volume":"99.24478379","buyTxId":"9cc660e36eeb184ab4783ba9b5db255f797e2e0d","sellTxId":"8e8203c169f348f70564369521fe15be2eb0b754"}
{"index": {"_index":"spt","_id":"1757237"}}
	{"id":1757237,"type":"sell","buyer":"glory7","seller":"saiko-sama","symbol":"SPT","quantity":"100.000000","price":"0.01015000","timestamp":1634833983,"volume":"1.01500000","buyTxId":"6158ef0fd7d9433d72ef92176fe470903aa88d9c","sellTxId":"b94528772e92ff42995319682df5a1cf578e7404"}
{"index": {"_index":"spt","_id":"1757259"}}
	{"id":1757259,"type":"sell","buyer":"solovey6o2","seller":"tokutaro22","symbol":"SPT","quantity":"135.542388","price":"0.01015003","timestamp":1634834088,"volume":"1.37575930","buyTxId":"8202c3fb1f4d14e6f32f7330eb56d70478eb6414","sellTxId":"17c1efa20461e9a439f426d546166bc176d88f02"}
{"index": {"_index":"spt","_id":"1757352"}}
	{"id":1757352,"type":"buy","buyer":"cryptodadsl","seller":"laundrywoman","symbol":"SPT","quantity":"4.000000","price":"0.01094999","timestamp":1634834610,"volume":"0.04379996","buyTxId":"54a1708058979f31338efc224cb5166b4b6aa2c0","sellTxId":"4c50942045d26a0ca7441910518fb0e48ae296a3"}
{"index": {"_index":"spt","_id":"1757383"}}
	{"id":1757383,"type":"buy","buyer":"funt33","seller":"laundrywoman","symbol":"SPT","quantity":"20.000000","price":"0.01094999","timestamp":1634834874,"volume":"0.21899980","buyTxId":"5557e18e956a8f33a37fbbe2f7bbc538bd3fca39","sellTxId":"4c50942045d26a0ca7441910518fb0e48ae296a3"}
{"index": {"_index":"spt","_id":"1757404"}}
	{"id":1757404,"type":"buy","buyer":"exyle","seller":"laundrywoman","symbol":"SPT","quantity":"6000.000000","price":"0.01094999","timestamp":1634835063,"volume":"65.69994000","buyTxId":"75260b7fa412cab7a47e6a97a63c34f015ea048a","sellTxId":"4c50942045d26a0ca7441910518fb0e48ae296a3"}
{"index": {"_index":"spt","_id":"1757411"}}
	{"id":1757411,"type":"buy","buyer":"exyle","seller":"laundrywoman","symbol":"SPT","quantity":"25000.000000","price":"0.01094999","timestamp":1634835201,"volume":"273.74975000","buyTxId":"eed9719d3fca5797706b2f4535914e36773a5a71","sellTxId":"4c50942045d26a0ca7441910518fb0e48ae296a3"}
{"index": {"_index":"spt","_id":"1757420"}}
	{"id":1757420,"type":"sell","buyer":"solovey6o2","seller":"angelrey199026","symbol":"SPT","quantity":"2148.043560","price":"0.01015003","timestamp":1634835249,"volume":"21.80270658","buyTxId":"8202c3fb1f4d14e6f32f7330eb56d70478eb6414","sellTxId":"8d448f05ed5529678cf45a7d8a08faa299ec9fbc"}
{"index": {"_index":"spt","_id":"1757460"}}
	{"id":1757460,"type":"buy","buyer":"ghox","seller":"laundrywoman","symbol":"SPT","quantity":"11264.037735","price":"0.01094995","timestamp":1634835570,"volume":"123.34065","buyTxId":"05ee44747875b05992c43d36e5102dc7faea4fd1","sellTxId":"4fbc219c6bc465626034e4060d496465b4ccad28"}
{"index": {"_index":"spt","_id":"1757537"}}
	{"id":1757537,"type":"sell","buyer":"solovey6o2","seller":"hdverde","symbol":"SPT","quantity":"53.306000","price":"0.01015003","timestamp":1634836140,"volume":"0.54105750","buyTxId":"8202c3fb1f4d14e6f32f7330eb56d70478eb6414","sellTxId":"9c2b6390a50261c5cd6d3c8762c9c40040c5873b"}
{"index": {"_index":"spt","_id":"1757540"}}
	{"id":1757540,"type":"buy","buyer":"ghox","seller":"laundrywoman","symbol":"SPT","quantity":"9041.137174","price":"0.01094995","timestamp":1634836158,"volume":"99","buyTxId":"5c7e17e9e32c9ff7c236ff6509bc9906d019a084","sellTxId":"429ed9e003e96a49bedb716a8f53300176ec5bee"}
{"index": {"_index":"spt","_id":"1757817"}}
	{"id":1757817,"type":"sell","buyer":"solovey6o2","seller":"chekohler","symbol":"SPT","quantity":"1.726706","price":"0.01015003","timestamp":1634838156,"volume":"0.01752612","buyTxId":"8202c3fb1f4d14e6f32f7330eb56d70478eb6414","sellTxId":"1071a5385609c8f16471050f326db23a72702543"}
{"index": {"_index":"spt","_id":"1757916"}}
	{"id":1757916,"type":"sell","buyer":"solovey6o2","seller":"khazrakh","symbol":"SPT","quantity":"357.844000","price":"0.01015003","timestamp":1634839131,"volume":"3.63212734","buyTxId":"8202c3fb1f4d14e6f32f7330eb56d70478eb6414","sellTxId":"4f184ceffb90ba1dc877ca985990a69ae82a985e"}
{"index": {"_index":"spt","_id":"1758017"}}
	{"id":1758017,"type":"buy","buyer":"jongolson","seller":"laundrywoman","symbol":"SPT","quantity":"1000.000000","price":"0.01094991","timestamp":1634839926,"volume":"10.94991000","buyTxId":"a6f9cdee4efea86e6a5ed05b6bd171325792a7b9","sellTxId":"e7c5a21fae370ab95fca8c477d1594b987a0eee2"}
{"index": {"_index":"spt","_id":"1758116"}}
	{"id":1758116,"type":"sell","buyer":"solovey6o2","seller":"cliffagreen","symbol":"SPT","quantity":"1.227000","price":"0.01015003","timestamp":1634841168,"volume":"0.01245409","buyTxId":"8202c3fb1f4d14e6f32f7330eb56d70478eb6414","sellTxId":"9b30202578255e8cdad13b97a5952f6612d236ab"}
{"index": {"_index":"spt","_id":"1758174"}}
	{"id":1758174,"type":"buy","buyer":"panthera68","seller":"laundrywoman","symbol":"SPT","quantity":"419.000000","price":"0.01094987","timestamp":1634841507,"volume":"4.58799553","buyTxId":"5edb6c5aa83d7ed0ce44bf398505b4f3544344f9","sellTxId":"0a2a3b6a09349e96a7c484f8b891b4adf754fe1c"}
{"index": {"_index":"spt","_id":"1758181"}}
	{"id":1758181,"type":"buy","buyer":"janusface","seller":"solovey6o2","symbol":"SPT","quantity":"2697.689655","price":"0.01094984","timestamp":1634841567,"volume":"29.53927009","buyTxId":"a7cac1b3e70df4b643cc5fb6c79c6867d3ce00c8","sellTxId":"c7cd4e14e87626ad9e42f6c953cd1125e49a21a7"}
{"index": {"_index":"spt","_id":"1758182"}}
	{"id":1758182,"type":"buy","buyer":"janusface","seller":"laundrywoman","symbol":"SPT","quantity":"47302.310345","price":"0.01094999","timestamp":1634841567,"volume":"517.95982525","buyTxId":"a7cac1b3e70df4b643cc5fb6c79c6867d3ce00c8","sellTxId":"80854299cce192a04e85f138aad34e94f8ca50e4"}
{"index": {"_index":"spt","_id":"1758250"}}
	{"id":1758250,"type":"sell","buyer":"pi-trader","seller":"wishmaiden","symbol":"SPT","quantity":"150.222183","price":"0.01015004","timestamp":1634842239,"volume":"1.52476117","buyTxId":"54a897c5b7892bd23bcfec8faca02fc29c9316a5-3","sellTxId":"f2b38a48e4181c795febd5248bfdc509553ddf32"}
{"index": {"_index":"spt","_id":"1758260"}}
	{"id":1758260,"type":"buy","buyer":"sinistry","seller":"laundrywoman","symbol":"SPT","quantity":"31000.000000","price":"0.01094999","timestamp":1634842308,"volume":"339.44969000","buyTxId":"2733f1998b11d81e9ed5291effa71fd68b25dc7b","sellTxId":"05b4acef16215d437d7b14df52854a3e6caa3532"}
{"index": {"_index":"spt","_id":"1758311"}}
	{"id":1758311,"type":"sell","buyer":"pi-trader","seller":"whitebears","symbol":"SPT","quantity":"82.887880","price":"0.01015004","timestamp":1634842659,"volume":"0.84131530","buyTxId":"117d1d7a727541b6540cca7d52a6ec0e01edda5b-5","sellTxId":"4979a5d7a2077e3382d8e5bec868893e0514c474"}
{"index": {"_index":"spt","_id":"1758333"}}
	{"id":1758333,"type":"buy","buyer":"whitebears","seller":"laundrywoman","symbol":"SPT","quantity":"15713.841836","price":"0.01094999","timestamp":1634842866,"volume":"172.06641097","buyTxId":"556377bcfa189d1fef71dfbf6fda22dabf33229b","sellTxId":"05b4acef16215d437d7b14df52854a3e6caa3532"}
{"index": {"_index":"spt","_id":"1758389"}}
	{"id":1758389,"type":"buy","buyer":"sinistry","seller":"laundrywoman","symbol":"SPT","quantity":"6191.000000","price":"0.01094999","timestamp":1634843415,"volume":"67.79138809","buyTxId":"044c559fc7642215567dc9498bf005036ec24ffd","sellTxId":"05b4acef16215d437d7b14df52854a3e6caa3532"}
{"index": {"_index":"spt","_id":"1758524"}}
	{"id":1758524,"type":"sell","buyer":"pi-trader","seller":"bitcoinflood","symbol":"SPT","quantity":"4.309029","price":"0.01015004","timestamp":1634844702,"volume":"0.04373682","buyTxId":"0468b9adc094fb1dd242decbc716d35e2b861fa4-2","sellTxId":"0e10defdc24b154e0c84db36b7580c20f6b7a415"}
{"index": {"_index":"spt","_id":"1758602"}}
	{"id":1758602,"type":"sell","buyer":"pi-trader","seller":"bearbear613","symbol":"SPT","quantity":"29.525000","price":"0.01015004","timestamp":1634845599,"volume":"0.29967993","buyTxId":"38435c7851b18e71d6c5e8817cbb275c7f6a60d5-1","sellTxId":"db94bfd3b05ec0af4a09085507fa3a1e1c01575f"}
{"index": {"_index":"spt","_id":"1758669"}}
	{"id":1758669,"type":"buy","buyer":"vugtis","seller":"laundrywoman","symbol":"SPT","quantity":"76000.000000","price":"0.01094999","timestamp":1634846373,"volume":"832.19924000","buyTxId":"7fdee60d3223bfc537bbfdac550e4a18ae426e0b","sellTxId":"1cdff3eead86e805a433498bdfd355d114028a2c"}
{"index": {"_index":"spt","_id":"1759172"}}
	{"id":1759172,"type":"buy","buyer":"kennybot","seller":"laundrywoman","symbol":"SPT","quantity":"15500.000000","price":"0.01094999","timestamp":1634849508,"volume":"169.72484500","buyTxId":"bca72a65028120407e5a6d90f3d252441acc6035","sellTxId":"1cdff3eead86e805a433498bdfd355d114028a2c"}
{"index": {"_index":"spt","_id":"1759264"}}
	{"id":1759264,"type":"buy","buyer":"he-index","seller":"laundrywoman","symbol":"SPT","quantity":"64.658000","price":"0.01094999","timestamp":1634850033,"volume":"0.70800445","buyTxId":"570f595f90d8935feebfdbcf6e63ee0739506a98","sellTxId":"1cdff3eead86e805a433498bdfd355d114028a2c"}
{"index": {"_index":"spt","_id":"1759309"}}
	{"id":1759309,"type":"buy","buyer":"he-index","seller":"laundrywoman","symbol":"SPT","quantity":"27.489000","price":"0.01094999","timestamp":1634850270,"volume":"0.30100428","buyTxId":"815143ac5fa0fac44459db9598f79c611372e46f","sellTxId":"1cdff3eead86e805a433498bdfd355d114028a2c"}
{"index": {"_index":"spt","_id":"1759337"}}
	{"id":1759337,"type":"buy","buyer":"jongolson","seller":"laundrywoman","symbol":"SPT","quantity":"15000.000000","price":"0.01094999","timestamp":1634850636,"volume":"164.24985000","buyTxId":"e025a67be0a05418a8587a90a51a3c0956e646b1","sellTxId":"1cdff3eead86e805a433498bdfd355d114028a2c"}
{"index": {"_index":"spt","_id":"1759398"}}
	{"id":1759398,"type":"sell","buyer":"pi-trader","seller":"monset","symbol":"SPT","quantity":"507.30931","price":"0.01015109","timestamp":1634851293,"volume":"5.14974246","buyTxId":"1697863ddc8894df6270dd399ded0e51c2dd1417-3","sellTxId":"a4036b48ff1616adde57058b58ae558786e43c44"}
{"index": {"_index":"spt","_id":"1759565"}}
	{"id":1759565,"type":"sell","buyer":"pi-trader","seller":"palasatenea","symbol":"SPT","quantity":"1.700000","price":"0.01016004","timestamp":1634852886,"volume":"0.01727207","buyTxId":"20df3390151370edbdde61b57665461931ea6b97-5","sellTxId":"fc5a5e7239f865da8b72699f5d23848af040e804"}
{"index": {"_index":"spt","_id":"1759614"}}
	{"id":1759614,"type":"buy","buyer":"peeholder","seller":"laundrywoman","symbol":"SPT","quantity":"10000.000000","price":"0.01094999","timestamp":1634853615,"volume":"109.49990000","buyTxId":"a46dadebf4c5f585b6a919082500d0ad4eb75ea5","sellTxId":"1cdff3eead86e805a433498bdfd355d114028a2c"}
{"index": {"_index":"spt","_id":"1759855"}}
	{"id":1759855,"type":"buy","buyer":"rosiew","seller":"laundrywoman","symbol":"SPT","quantity":"8297.107674","price":"0.01094999","timestamp":1634856429,"volume":"90.85324606","buyTxId":"20c42cc6bf94b4345da7499953f585211a3ea0d9","sellTxId":"1cdff3eead86e805a433498bdfd355d114028a2c"}
{"index": {"_index":"spt","_id":"1759958"}}
	{"id":1759958,"type":"buy","buyer":"just2random","seller":"laundrywoman","symbol":"SPT","quantity":"11000.000000","price":"0.01094999","timestamp":1634856621,"volume":"120.44989000","buyTxId":"8e8c666e04d7dbe7dbcea931b6eda4224e939815","sellTxId":"1cdff3eead86e805a433498bdfd355d114028a2c"}
{"index": {"_index":"spt","_id":"1759982"}}
	{"id":1759982,"type":"buy","buyer":"just2random","seller":"laundrywoman","symbol":"SPT","quantity":"30000.000000","price":"0.01094999","timestamp":1634856942,"volume":"328.49970000","buyTxId":"e8519fa9e190a655de236e9900253da13fb75b37","sellTxId":"1cdff3eead86e805a433498bdfd355d114028a2c"}
{"index": {"_index":"spt","_id":"1760410"}}
	{"id":1760410,"type":"sell","buyer":"solovey6o2","seller":"mightyrocklee","symbol":"SPT","quantity":"940.302616","price":"0.01016003","timestamp":1634861406,"volume":"9.55350279","buyTxId":"7969e50aecd2b20b38aaa5c7c3a7914830a61af3","sellTxId":"03c96b906a133731aa255f9d01881abd2782b8c2"}
{"index": {"_index":"spt","_id":"1760424"}}
	{"id":1760424,"type":"buy","buyer":"elianaicgomes","seller":"laundrywoman","symbol":"SPT","quantity":"558.000000","price":"0.01094999","timestamp":1634861763,"volume":"6.11009442","buyTxId":"10d0c474eb23eb0649c8aeed266c9013bdc3bb0e","sellTxId":"1cdff3eead86e805a433498bdfd355d114028a2c"}
{"index": {"_index":"spt","_id":"1760493"}}
	{"id":1760493,"type":"sell","buyer":"pi-trader","seller":"travelwritemoney","symbol":"SPT","quantity":"0.004224","price":"0.01016004","timestamp":1634862645,"volume":"0.00004292","buyTxId":"553ec769bec33875e8fae17203725721022b82b9-2","sellTxId":"7404af8c277da409bae40cc7fa31707ef5b353d5"}
{"index": {"_index":"spt","_id":"1760545"}}
	{"id":1760545,"type":"sell","buyer":"buzzzane","seller":"iceman23","symbol":"SPT","quantity":"601.483433","price":"0.01045000","timestamp":1634863146,"volume":"6.28550187","buyTxId":"3b3ac2cf329500e8fbf0b0766b4400bd1fd0e4de","sellTxId":"7e1f9b1af76c85a17aca91595840f9753257c923"}
{"index": {"_index":"spt","_id":"1760588"}}
	{"id":1760588,"type":"sell","buyer":"buzzzane","seller":"bitcoinflood","symbol":"SPT","quantity":"298.516567","price":"0.01045000","timestamp":1634863650,"volume":"3.11949813","buyTxId":"3b3ac2cf329500e8fbf0b0766b4400bd1fd0e4de","sellTxId":"73c1c12a676eaa0a1fecb8b96badfae7c3dc5850"}
{"index": {"_index":"spt","_id":"1760604"}}
	{"id":1760604,"type":"buy","buyer":"xerx","seller":"bitcoinflood","symbol":"SPT","quantity":"2529.739965","price":"0.01045000","timestamp":1634863878,"volume":"26.43578263","buyTxId":"2db9b784aaea14de97c789db16dbd41e646c1e82","sellTxId":"73c1c12a676eaa0a1fecb8b96badfae7c3dc5850"}
{"index": {"_index":"spt","_id":"1760651"}}
	{"id":1760651,"type":"buy","buyer":"clayboyn","seller":"solovey6o2","symbol":"SPT","quantity":"940.302615","price":"0.01094995","timestamp":1634864379,"volume":"10.29626662","buyTxId":"34a24adeda4ad8c00073cb92e91dbe2a5b802a6a","sellTxId":"90a05baabe33bf2044d223e0af47b81a12c10885"}
{"index": {"_index":"spt","_id":"1760652"}}
	{"id":1760652,"type":"buy","buyer":"clayboyn","seller":"laundrywoman","symbol":"SPT","quantity":"14059.697385","price":"0.01094998","timestamp":1634864379,"volume":"153.95340517","buyTxId":"34a24adeda4ad8c00073cb92e91dbe2a5b802a6a","sellTxId":"54fc821979793ef0587cccb66c9cc74a59d7b9cf"}
{"index": {"_index":"spt","_id":"1760683"}}
	{"id":1760683,"type":"buy","buyer":"uncorked-reality","seller":"laundrywoman","symbol":"SPT","quantity":"1000.000000","price":"0.01094998","timestamp":1634864661,"volume":"10.94998000","buyTxId":"90c1db59dc36253699ba249c9e3495dbc1db62e4","sellTxId":"54fc821979793ef0587cccb66c9cc74a59d7b9cf"}
{"index": {"_index":"spt","_id":"1760734"}}
	{"id":1760734,"type":"buy","buyer":"tergan604","seller":"laundrywoman","symbol":"SPT","quantity":"2717.000000","price":"0.01094998","timestamp":1634865300,"volume":"29.75109566","buyTxId":"5d58875aa4b1206542d73e37b25980a8c8e4afce","sellTxId":"54fc821979793ef0587cccb66c9cc74a59d7b9cf"}
{"index": {"_index":"spt","_id":"1760739"}}
	{"id":1760739,"type":"sell","buyer":"solovey6o2","seller":"chobro","symbol":"SPT","quantity":"9879.022072","price":"0.01016012","timestamp":1634865363,"volume":"100.37204973","buyTxId":"7fc5222759e63222e3eac2b8fb51e7411a6ebfed","sellTxId":"b94b58569def5b5d4d6574d71fc026bc3f682af2"}
{"index": {"_index":"spt","_id":"1760759"}}
	{"id":1760759,"type":"buy","buyer":"elianaicgomes","seller":"laundrywoman","symbol":"SPT","quantity":"615.000000","price":"0.01094990","timestamp":1634865714,"volume":"6.73418850","buyTxId":"2834d65006af815ff2595b525336a1ef4b96e9c2","sellTxId":"b2f4cbd669e76a1415cb7809307f882f50410658"}
{"index": {"_index":"spt","_id":"1760867"}}
	{"id":1760867,"type":"buy","buyer":"xerx","seller":"solovey6o2","symbol":"SPT","quantity":"6924.000000","price":"0.01094994","timestamp":1634866716,"volume":"75.81738456","buyTxId":"9262596b00f41462406cdea9dcac543b7600e370","sellTxId":"aecab825eeb9dec43c27efc4c76bb5deebfdc360"}
{"index": {"_index":"spt","_id":"1760879"}}
	{"id":1760879,"type":"buy","buyer":"shauner","seller":"laundrywoman","symbol":"SPT","quantity":"15000.000000","price":"0.01094989","timestamp":1634866875,"volume":"164.24835000","buyTxId":"0a5333d8ba16d5652f10901525814372a9aced17","sellTxId":"0d6a81aaf4001801985a794305ee19d077809e03"}
{"index": {"_index":"spt","_id":"1760924"}}
	{"id":1760924,"type":"buy","buyer":"walkingkeys","seller":"laundrywoman","symbol":"SPT","quantity":"3200.000000","price":"0.01094997","timestamp":1634867673,"volume":"35.03990400","buyTxId":"bd50754c93610bbf119cf01e54f104cbd69b375c","sellTxId":"64237258e4e74e99fd01c207091ac0fa8fa68c4d"}
{"index": {"_index":"spt","_id":"1760940"}}
	{"id":1760940,"type":"sell","buyer":"pi-trader","seller":"xerx","symbol":"SPT","quantity":"8000.000000","price":"0.01016013","timestamp":1634867895,"volume":"81.28104000","buyTxId":"093b4b7d2ec320df9a5217e58603c9a9c00cfc44-3","sellTxId":"49cbb93557920833fc5049665f81b7a05b7fb03f"}
{"index": {"_index":"spt","_id":"1760943"}}
	{"id":1760943,"type":"buy","buyer":"pi-trader","seller":"xerx","symbol":"SPT","quantity":"1453.739965","price":"0.01016013","timestamp":1634867916,"volume":"14.77018703","buyTxId":"d02f92f7e3e1c957a1a718592748d15d6b706ea5-6","sellTxId":"49cbb93557920833fc5049665f81b7a05b7fb03f"}
{"index": {"_index":"spt","_id":"1761014"}}
	{"id":1761014,"type":"sell","buyer":"pi-trader","seller":"valor2s","symbol":"SPT","quantity":"1.708436","price":"0.01016035","timestamp":1634869068,"volume":"0.01735831","buyTxId":"a2718cada7818965230641ddab537d433f9d0110-3","sellTxId":"7680ade84c6dc92661e98309053d2ade73e7a0c9"}
{"index": {"_index":"spt","_id":"1761029"}}
	{"id":1761029,"type":"sell","buyer":"pi-trader","seller":"forexbrokr","symbol":"SPT","quantity":"2.188262","price":"0.01016046","timestamp":1634869383,"volume":"0.02223375","buyTxId":"733af79052c8649d9a10c91204db6052b7ccc4eb-3","sellTxId":"8ceabccb073b16b068a62aa0d7d0ceb2cfdbef38"}
{"index": {"_index":"spt","_id":"1761098"}}
	{"id":1761098,"type":"sell","buyer":"pi-trader","seller":"steemstreems","symbol":"SPT","quantity":"0.537032","price":"0.01016027","timestamp":1634870640,"volume":"0.00545639","buyTxId":"c39f1c72de849bfc47b0f55b33cdaa292b505ade-2","sellTxId":"a530064b8e575073f46078d44208e78ecaf242f0"}
{"index": {"_index":"spt","_id":"1761120"}}
	{"id":1761120,"type":"sell","buyer":"solovey6o2","seller":"dudeontheweb","symbol":"SPT","quantity":"44.500000","price":"0.01016034","timestamp":1634870889,"volume":"0.45213513","buyTxId":"492f7d90001a8c781a0d976f5bc04e659f92f616","sellTxId":"aaa95a1d9d4a56becd038a7aa1b832795efa1d26"}
