{"index": {"_index":"spt","_id":"3610337"}}
	{"id":3610337,"type":"sell","buyer":"thewycher","seller":"creativehive","symbol":"SPT","quantity":"0.000010","price":"0.00250900","timestamp":1654403634,"volume":"0.00000003","buyTxId":"4f123532cbff37c69c8b488feb83c792dccb1d90","sellTxId":"b97b1745c1cccf8b6f2bf0ce64b2f2da74c998ba"}
{"index": {"_index":"spt","_id":"3610376"}}
	{"id":3610376,"type":"buy","buyer":"jongolson","seller":"creativehive","symbol":"SPT","quantity":"43.124659","price":"0.00250900","timestamp":1654404144,"volume":"0.10819977","buyTxId":"75f62ac84e2f0ce0d8cfa82a459172e56027fc3a","sellTxId":"b97b1745c1cccf8b6f2bf0ce64b2f2da74c998ba"}
{"index": {"_index":"spt","_id":"3610377"}}
	{"id":3610377,"type":"buy","buyer":"jongolson","seller":"saachi","symbol":"SPT","quantity":"100.000000","price":"0.00260000","timestamp":1654404144,"volume":"0.26000000","buyTxId":"75f62ac84e2f0ce0d8cfa82a459172e56027fc3a","sellTxId":"45e1d427a4491e677c514d3b19eafc722945e8a1"}
{"index": {"_index":"spt","_id":"3610378"}}
	{"id":3610378,"type":"buy","buyer":"jongolson","seller":"agglutinogenic","symbol":"SPT","quantity":"856.875341","price":"0.00262900","timestamp":1654404144,"volume":"2.25272527","buyTxId":"75f62ac84e2f0ce0d8cfa82a459172e56027fc3a","sellTxId":"e653b4ab826e5be6fa38422f2707b578f741fd7f"}
{"index": {"_index":"spt","_id":"3610390"}}
	{"id":3610390,"type":"buy","buyer":"dswap","seller":"agglutinogenic","symbol":"SPT","quantity":"469.280654","price":"0.00262900","timestamp":1654404339,"volume":"1.23373884","buyTxId":"c4b4b581b4f475e90cea3c816a1c1fab5667c78a","sellTxId":"e653b4ab826e5be6fa38422f2707b578f741fd7f"}
{"index": {"_index":"spt","_id":"3610495"}}
	{"id":3610495,"type":"buy","buyer":"fallen.angels","seller":"onlydoge","symbol":"SPT","quantity":"949.936950","price":"0.00262000","timestamp":1654406133,"volume":"2.48883481","buyTxId":"26d38b62993072c33bad66e601c7f54068978cf2","sellTxId":"c3db3bf1a9ddcb9e0cd7a0c382a6ef9dac28336a"}
{"index": {"_index":"spt","_id":"3610513"}}
	{"id":3610513,"type":"sell","buyer":"thewycher","seller":"chireerocks","symbol":"SPT","quantity":"403.701553","price":"0.00238001","timestamp":1654406487,"volume":"0.96081373","buyTxId":"e6e05dc611f469249ac45d793a63084409186307","sellTxId":"1f5eff80fe9a4a97a5ebd0c686695523a4c96b61"}
{"index": {"_index":"spt","_id":"3610790"}}
	{"id":3610790,"type":"buy","buyer":"pjansen","seller":"onlydoge","symbol":"SPT","quantity":"1275.420596","price":"0.00262000","timestamp":1654410702,"volume":"3.34160196","buyTxId":"8a890ff1979cbf38f0da55f5dc9b37889cf68f36","sellTxId":"c3db3bf1a9ddcb9e0cd7a0c382a6ef9dac28336a"}
{"index": {"_index":"spt","_id":"3610791"}}
	{"id":3610791,"type":"buy","buyer":"pjansen","seller":"dhedge-drips","symbol":"SPT","quantity":"0.018000","price":"0.00268900","timestamp":1654410702,"volume":"0.00004840","buyTxId":"8a890ff1979cbf38f0da55f5dc9b37889cf68f36","sellTxId":"4d8da3c4005869fc277258f64170865a29bcd355"}
{"index": {"_index":"spt","_id":"3610792"}}
	{"id":3610792,"type":"buy","buyer":"pjansen","seller":"nathu1","symbol":"SPT","quantity":"243.923542","price":"0.00269900","timestamp":1654410702,"volume":"0.65834964","buyTxId":"8a890ff1979cbf38f0da55f5dc9b37889cf68f36","sellTxId":"c5309d9f862048bb7401a13cb6b84df3f32dfb8e"}
{"index": {"_index":"spt","_id":"3610797"}}
	{"id":3610797,"type":"buy","buyer":"pjansen","seller":"nathu1","symbol":"SPT","quantity":"36.076458","price":"0.00269900","timestamp":1654410750,"volume":"0.09737036","buyTxId":"022d9a46c3ca01a3c6ea4c891d831082348b3fd6","sellTxId":"c5309d9f862048bb7401a13cb6b84df3f32dfb8e"}
{"index": {"_index":"spt","_id":"3610798"}}
	{"id":3610798,"type":"buy","buyer":"pjansen","seller":"agglutinogenic","symbol":"SPT","quantity":"1046.880192","price":"0.00269900","timestamp":1654410750,"volume":"2.82552964","buyTxId":"022d9a46c3ca01a3c6ea4c891d831082348b3fd6","sellTxId":"54e49c533e99f2c5a007e53aadb50256f95e0f81"}
{"index": {"_index":"spt","_id":"3611094"}}
	{"id":3611094,"type":"buy","buyer":"rzc24-nftbbg","seller":"agglutinogenic","symbol":"SPT","quantity":"1080.000000","price":"0.00269900","timestamp":1654414425,"volume":"2.91492000","buyTxId":"a5c9ee86b999b99cab207e992c66c15a54f1ee2a","sellTxId":"54e49c533e99f2c5a007e53aadb50256f95e0f81"}
{"index": {"_index":"spt","_id":"3611240"}}
	{"id":3611240,"type":"sell","buyer":"multifurcate","seller":"photosnap","symbol":"SPT","quantity":"10.182262","price":"0.00240100","timestamp":1654416312,"volume":"0.02444761","buyTxId":"4cead5262fd17ba3d4ab8c24e062ee1b38482eda","sellTxId":"a0f1d06a3c599caabe95cba0260437ca713853b1"}
{"index": {"_index":"spt","_id":"3611494"}}
	{"id":3611494,"type":"buy","buyer":"pjansen","seller":"yameen","symbol":"SPT","quantity":"41.970449","price":"0.00269000","timestamp":1654419984,"volume":"0.11290051","buyTxId":"38b23b13559d1115efa7cbf01e23764989b00546","sellTxId":"45b77d537899772f2aa91a8f1271dcd286d4d38d"}
{"index": {"_index":"spt","_id":"3611495"}}
	{"id":3611495,"type":"buy","buyer":"pjansen","seller":"agglutinogenic","symbol":"SPT","quantity":"0.481649","price":"0.00269800","timestamp":1654419984,"volume":"0.00129949","buyTxId":"38b23b13559d1115efa7cbf01e23764989b00546","sellTxId":"2b5d277b96ba6d41be301212cd04ed9802d4de45"}
{"index": {"_index":"spt","_id":"3611528"}}
	{"id":3611528,"type":"sell","buyer":"multifurcate","seller":"splinter100dedos","symbol":"SPT","quantity":"57.602560","price":"0.00241100","timestamp":1654420905,"volume":"0.13887977","buyTxId":"14a84ac9a3cc97847aca62943d4184ff17d4d620","sellTxId":"db0f5f88de481c3562bac9a4f920273d20352bf8"}
{"index": {"_index":"spt","_id":"3611872"}}
	{"id":3611872,"type":"sell","buyer":"onlydoge","seller":"dswap","symbol":"SPT","quantity":"3.909653","price":"0.00242000","timestamp":1654423971,"volume":"0.00946136","buyTxId":"c1588f86f190f1cced4b6dd135b2bde15bb896c4","sellTxId":"72b15fd6cec5d562fe746d4d572c7780d8ca7398"}
{"index": {"_index":"spt","_id":"3611931"}}
	{"id":3611931,"type":"sell","buyer":"onlydoge","seller":"dswap","symbol":"SPT","quantity":"37.47","price":"0.00242000","timestamp":1654424634,"volume":"0.09067740","buyTxId":"c1588f86f190f1cced4b6dd135b2bde15bb896c4","sellTxId":"36023c50ceda2899e278a047de009496483d5e84"}
{"index": {"_index":"spt","_id":"3612092"}}
	{"id":3612092,"type":"buy","buyer":"javivisan","seller":"cryptofiloz","symbol":"SPT","quantity":"68.092769","price":"0.00269777","timestamp":1654427073,"volume":"0.18369863","buyTxId":"3c0f73f9c338d17a69bacdb164b7745143e83501","sellTxId":"feb48c6d6f7b3682766b77d715cba6abb6d9aec9"}
{"index": {"_index":"spt","_id":"3612183"}}
	{"id":3612183,"type":"buy","buyer":"pjansen","seller":"koreaminer","symbol":"SPT","quantity":"119.666900","price":"0.00258999","timestamp":1654428900,"volume":"0.30993607","buyTxId":"66cea1bada31c3f8585ff58ccc4c65eff0d15942","sellTxId":"604eb4b0cd1ed095ad82b6876ed673d15167fa3d"}
{"index": {"_index":"spt","_id":"3612184"}}
	{"id":3612184,"type":"buy","buyer":"pjansen","seller":"cryptofiloz","symbol":"SPT","quantity":"0.060765","price":"0.00269777","timestamp":1654428900,"volume":"0.00016393","buyTxId":"66cea1bada31c3f8585ff58ccc4c65eff0d15942","sellTxId":"feb48c6d6f7b3682766b77d715cba6abb6d9aec9"}
{"index": {"_index":"spt","_id":"3612326"}}
	{"id":3612326,"type":"sell","buyer":"onlydoge","seller":"zasktrader","symbol":"SPT","quantity":"4090.851737","price":"0.00242000","timestamp":1654430955,"volume":"9.89986120","buyTxId":"c1588f86f190f1cced4b6dd135b2bde15bb896c4","sellTxId":"d11d0b93804d3445e9d70d09b742788b2bf2715e"}
{"index": {"_index":"spt","_id":"3612341"}}
	{"id":3612341,"type":"sell","buyer":"thewycher","seller":"themarkymark","symbol":"SPT","quantity":"31.717425","price":"0.00238001","timestamp":1654431084,"volume":"0.07548779","buyTxId":"e6e05dc611f469249ac45d793a63084409186307","sellTxId":"e9b833e197101752d55f371f16978ee7376f9dec"}
{"index": {"_index":"spt","_id":"3612342"}}
	{"id":3612342,"type":"buy","buyer":"pjansen","seller":"zasktrader","symbol":"SPT","quantity":"2066.115702","price":"0.00242000","timestamp":1654431099,"volume":"5.0000","buyTxId":"85989dd303d7e353e672e83a246f8a0b39829bca","sellTxId":"d11d0b93804d3445e9d70d09b742788b2bf2715e"}
{"index": {"_index":"spt","_id":"3612344"}}
	{"id":3612344,"type":"buy","buyer":"pjansen","seller":"zasktrader","symbol":"SPT","quantity":"2066.115702","price":"0.00242000","timestamp":1654431144,"volume":"5.0000","buyTxId":"ce8b58cd49d1a58da1fa813c7a748b7fe2a71235","sellTxId":"d11d0b93804d3445e9d70d09b742788b2bf2715e"}
{"index": {"_index":"spt","_id":"3612345"}}
	{"id":3612345,"type":"buy","buyer":"pjansen","seller":"zasktrader","symbol":"SPT","quantity":"2066.115702","price":"0.00242000","timestamp":1654431189,"volume":"5.0000","buyTxId":"48f6bf3292bd0481ce0d3f68e4d5cae1f1fad186","sellTxId":"d11d0b93804d3445e9d70d09b742788b2bf2715e"}
{"index": {"_index":"spt","_id":"3612351"}}
	{"id":3612351,"type":"buy","buyer":"pjansen","seller":"zasktrader","symbol":"SPT","quantity":"2066.115702","price":"0.00242000","timestamp":1654431231,"volume":"5.0000","buyTxId":"b81c4e1a74681ef547648c8f3786a9f177c2c1ba","sellTxId":"d11d0b93804d3445e9d70d09b742788b2bf2715e"}
{"index": {"_index":"spt","_id":"3612353"}}
	{"id":3612353,"type":"buy","buyer":"pjansen","seller":"zasktrader","symbol":"SPT","quantity":"2066.115702","price":"0.00242000","timestamp":1654431276,"volume":"5.0000","buyTxId":"b2b4309c16cd4cebe4f852e11ba77e1ed3421e4d","sellTxId":"d11d0b93804d3445e9d70d09b742788b2bf2715e"}
{"index": {"_index":"spt","_id":"3612357"}}
	{"id":3612357,"type":"buy","buyer":"pjansen","seller":"zasktrader","symbol":"SPT","quantity":"2066.115702","price":"0.00242000","timestamp":1654431321,"volume":"5.0000","buyTxId":"b746405f99afca21e6ed8ce20d60b65bab160130","sellTxId":"d11d0b93804d3445e9d70d09b742788b2bf2715e"}
{"index": {"_index":"spt","_id":"3612364"}}
	{"id":3612364,"type":"buy","buyer":"pjansen","seller":"zasktrader","symbol":"SPT","quantity":"2066.115702","price":"0.00242000","timestamp":1654431366,"volume":"5.0000","buyTxId":"4ef50bf277d57bae58029e537cbffffe0fd18ecf","sellTxId":"d11d0b93804d3445e9d70d09b742788b2bf2715e"}
{"index": {"_index":"spt","_id":"3612366"}}
	{"id":3612366,"type":"buy","buyer":"pjansen","seller":"zasktrader","symbol":"SPT","quantity":"2066.115702","price":"0.00242000","timestamp":1654431408,"volume":"5.0000","buyTxId":"ce43cc006b217248fd6dbd16644acba6eead4710","sellTxId":"d11d0b93804d3445e9d70d09b742788b2bf2715e"}
{"index": {"_index":"spt","_id":"3612374"}}
	{"id":3612374,"type":"buy","buyer":"pjansen","seller":"zasktrader","symbol":"SPT","quantity":"2066.115702","price":"0.00242000","timestamp":1654431462,"volume":"5.0000","buyTxId":"ea8634e03360583f8d1f30312afed79680a08dd9","sellTxId":"d11d0b93804d3445e9d70d09b742788b2bf2715e"}
{"index": {"_index":"spt","_id":"3612377"}}
	{"id":3612377,"type":"buy","buyer":"pjansen","seller":"zasktrader","symbol":"SPT","quantity":"2066.115702","price":"0.00242000","timestamp":1654431504,"volume":"5.0000","buyTxId":"8c5116bd28de6ce8d4afedc0d54769a35e37d069","sellTxId":"d11d0b93804d3445e9d70d09b742788b2bf2715e"}
{"index": {"_index":"spt","_id":"3612379"}}
	{"id":3612379,"type":"buy","buyer":"pjansen","seller":"zasktrader","symbol":"SPT","quantity":"1988.991243","price":"0.00242000","timestamp":1654431552,"volume":"4.81335881","buyTxId":"7869648931f8f0c982d6f1efd4caca8b4f93a1a8","sellTxId":"d11d0b93804d3445e9d70d09b742788b2bf2715e"}
{"index": {"_index":"spt","_id":"3612380"}}
	{"id":3612380,"type":"buy","buyer":"pjansen","seller":"agglutinogenic","symbol":"SPT","quantity":"0.015273","price":"0.00269676","timestamp":1654431552,"volume":"0.00004119","buyTxId":"7869648931f8f0c982d6f1efd4caca8b4f93a1a8","sellTxId":"143ac4e6275f6d73ed3ffd2677961d584218617e"}
{"index": {"_index":"spt","_id":"3612480"}}
	{"id":3612480,"type":"buy","buyer":"dbooster","seller":"agglutinogenic","symbol":"SPT","quantity":"500.000000","price":"0.00268900","timestamp":1654433124,"volume":"1.34450000","buyTxId":"7add445d3dd61145281b9b2ae2539e8b2541c3c7","sellTxId":"402559ed4473f567872edf78728ffa3b1b045a15"}
{"index": {"_index":"spt","_id":"3612669"}}
	{"id":3612669,"type":"sell","buyer":"thewycher","seller":"zdigital222","symbol":"SPT","quantity":"64.581021","price":"0.00238001","timestamp":1654436070,"volume":"0.15370348","buyTxId":"e6e05dc611f469249ac45d793a63084409186307","sellTxId":"72592b3917c624a48414eaa50c6c0f597fc61d62"}
{"index": {"_index":"spt","_id":"3612670"}}
	{"id":3612670,"type":"sell","buyer":"thewycher","seller":"zdigital222","symbol":"SPT","quantity":"435.418979","price":"0.00238001","timestamp":1654436070,"volume":"1.03630152","buyTxId":"e428f849766f4c46c338da9f810ae167b4978999","sellTxId":"72592b3917c624a48414eaa50c6c0f597fc61d62"}
{"index": {"_index":"spt","_id":"3613058"}}
	{"id":3613058,"type":"sell","buyer":"bcarolan639","seller":"bilpcoinbpc","symbol":"SPT","quantity":"4.081717","price":"0.00237900","timestamp":1654441461,"volume":"0.00971040","buyTxId":"2125579a59d4f9e5586715d1de391f0d62751b48","sellTxId":"f3c1bf055b7cd960dac08eff7353e096a4726654"}
{"index": {"_index":"spt","_id":"3613159"}}
	{"id":3613159,"type":"buy","buyer":"rileykat","seller":"agglutinogenic","symbol":"SPT","quantity":"764.123563","price":"0.00266900","timestamp":1654442271,"volume":"2.03944579","buyTxId":"b2f4ce681ab1ade37fecaf8e9a5c953e86f0a523","sellTxId":"b69215cb7b7bba8f5ddc1e621a3f249ba7cc4c89"}
{"index": {"_index":"spt","_id":"3613330"}}
	{"id":3613330,"type":"sell","buyer":"bcarolan639","seller":"stickupcash","symbol":"SPT","quantity":"300.854960","price":"0.00237900","timestamp":1654443510,"volume":"0.71573395","buyTxId":"2125579a59d4f9e5586715d1de391f0d62751b48","sellTxId":"889dae2ce13f46762de18d00e6f599165efa93c3"}
{"index": {"_index":"spt","_id":"3613724"}}
	{"id":3613724,"type":"sell","buyer":"bcarolan639","seller":"cryptojiang","symbol":"SPT","quantity":"50.000000","price":"0.00237900","timestamp":1654447647,"volume":"0.11895000","buyTxId":"2125579a59d4f9e5586715d1de391f0d62751b48","sellTxId":"39e92f7afde97ed6cf81f44ee2a15cec0dc8b653"}
{"index": {"_index":"spt","_id":"3614354"}}
	{"id":3614354,"type":"sell","buyer":"bcarolan639","seller":"laritheghost","symbol":"SPT","quantity":"2.971163","price":"0.00237900","timestamp":1654453980,"volume":"0.00706840","buyTxId":"2125579a59d4f9e5586715d1de391f0d62751b48","sellTxId":"f33cd4d74e00dfcea04188c02e15f4f25fdfcabc"}
{"index": {"_index":"spt","_id":"3614755"}}
	{"id":3614755,"type":"sell","buyer":"bcarolan639","seller":"jos3lider","symbol":"SPT","quantity":"176.140284","price":"0.00237900","timestamp":1654458195,"volume":"0.41903774","buyTxId":"2125579a59d4f9e5586715d1de391f0d62751b48","sellTxId":"1442d1c36cd67d3097f6a2967326eb2afcb50eb7"}
{"index": {"_index":"spt","_id":"3614850"}}
	{"id":3614850,"type":"sell","buyer":"bcarolan639","seller":"dswap","symbol":"SPT","quantity":"736.951876","price":"0.00237900","timestamp":1654459386,"volume":"1.75320851","buyTxId":"2125579a59d4f9e5586715d1de391f0d62751b48","sellTxId":"aeb451461979a0dfa98668a4e2aab9d64199c58f"}
{"index": {"_index":"spt","_id":"3614851"}}
	{"id":3614851,"type":"sell","buyer":"multifurcate","seller":"dswap","symbol":"SPT","quantity":"360.345611","price":"0.00234311","timestamp":1654459386,"volume":"0.84432940","buyTxId":"71f87f9f987a6874ebb319c8b6793482648661c1","sellTxId":"aeb451461979a0dfa98668a4e2aab9d64199c58f"}
{"index": {"_index":"spt","_id":"3615138"}}
	{"id":3615138,"type":"sell","buyer":"speedtuning","seller":"sephiwolf","symbol":"SPT","quantity":"1000.000000","price":"0.00234211","timestamp":1654462734,"volume":"2.34211000","buyTxId":"ebbe8d8e8cdce4ba21b69c3bc184375b31bdb60d","sellTxId":"63097876af0c420d04277ad36ab67ea2b74c0b04"}
{"index": {"_index":"spt","_id":"3615180"}}
	{"id":3615180,"type":"sell","buyer":"multifurcate","seller":"sephiwolf","symbol":"SPT","quantity":"1333.581232","price":"0.00231312","timestamp":1654463274,"volume":"3.08473342","buyTxId":"e0bbaa29a8523a4cfd0eb085da9f4ff4ebea9278","sellTxId":"b68b14c9c90f812425a026bb9444532c171c3759"}
{"index": {"_index":"spt","_id":"3615530"}}
	{"id":3615530,"type":"sell","buyer":"multifurcate","seller":"he-index","symbol":"SPT","quantity":"0.026000","price":"0.00231312","timestamp":1654466538,"volume":"0.00006014","buyTxId":"e0bbaa29a8523a4cfd0eb085da9f4ff4ebea9278","sellTxId":"ad707c7a4640967bdc52c9d82c54a370785fdded"}
{"index": {"_index":"spt","_id":"3615606"}}
	{"id":3615606,"type":"sell","buyer":"multifurcate","seller":"zandroid64","symbol":"SPT","quantity":"0.413704","price":"0.00231312","timestamp":1654467573,"volume":"0.00095695","buyTxId":"e0bbaa29a8523a4cfd0eb085da9f4ff4ebea9278","sellTxId":"81e719e6a98e0b7933ac334cdae7b184f2b651eb"}
{"index": {"_index":"spt","_id":"3615729"}}
	{"id":3615729,"type":"sell","buyer":"multifurcate","seller":"liuke96player","symbol":"SPT","quantity":"90.753165","price":"0.00231312","timestamp":1654469256,"volume":"0.20992296","buyTxId":"e0bbaa29a8523a4cfd0eb085da9f4ff4ebea9278","sellTxId":"f78b01b22158a89af5e39bfb12a1d10f0f7fafca"}
{"index": {"_index":"spt","_id":"3615882"}}
	{"id":3615882,"type":"sell","buyer":"multifurcate","seller":"alexandrzombi","symbol":"SPT","quantity":"0.377125","price":"0.00231312","timestamp":1654471236,"volume":"0.00087234","buyTxId":"e0bbaa29a8523a4cfd0eb085da9f4ff4ebea9278","sellTxId":"4828e51a87a33271195ec38a20079f7613f31e11"}
{"index": {"_index":"spt","_id":"3616263"}}
	{"id":3616263,"type":"sell","buyer":"kitsuki","seller":"bitcoinflood","symbol":"SPT","quantity":"124.778794","price":"0.00231212","timestamp":1654476006,"volume":"0.28850355","buyTxId":"3ee69bc60cd3ec2d111b3af5dcabab7fe00d985d","sellTxId":"dade5091f6578cc2ee170ff665ec6d6e221368f7"}
{"index": {"_index":"spt","_id":"3616275"}}
	{"id":3616275,"type":"sell","buyer":"kitsuki","seller":"rileykat","symbol":"SPT","quantity":"674.860863","price":"0.00231212","timestamp":1654476153,"volume":"1.56035929","buyTxId":"3ee69bc60cd3ec2d111b3af5dcabab7fe00d985d","sellTxId":"2f44f93a32887a8cba9313acbc9619fe65b58cc7"}
{"index": {"_index":"spt","_id":"3616276"}}
	{"id":3616276,"type":"sell","buyer":"kitsuki","seller":"rileykat","symbol":"SPT","quantity":"4000.000000","price":"0.00231210","timestamp":1654476153,"volume":"9.24840000","buyTxId":"a801281c37f3a33a8de8965a59657ef2e092d2ba","sellTxId":"2f44f93a32887a8cba9313acbc9619fe65b58cc7"}
{"index": {"_index":"spt","_id":"3616277"}}
	{"id":3616277,"type":"sell","buyer":"multifurcate","seller":"rileykat","symbol":"SPT","quantity":"1720.865617","price":"0.00220110","timestamp":1654476153,"volume":"3.78779731","buyTxId":"f30e2ba7713e20d67462eae4e5e7432b3443aa72","sellTxId":"2f44f93a32887a8cba9313acbc9619fe65b58cc7"}
{"index": {"_index":"spt","_id":"3616608"}}
	{"id":3616608,"type":"sell","buyer":"multifurcate","seller":"chireerocks","symbol":"SPT","quantity":"483.926563","price":"0.00220110","timestamp":1654480431,"volume":"1.06517076","buyTxId":"d46001c40608f12c9158c4088b00ec8565f824ef","sellTxId":"9d8266daa658f9bfbc1ecc951f5233c3029c372f"}
{"index": {"_index":"spt","_id":"3616611"}}
	{"id":3616611,"type":"sell","buyer":"multifurcate","seller":"bitcoinflood","symbol":"SPT","quantity":"79.817515","price":"0.00220110","timestamp":1654480482,"volume":"0.17568633","buyTxId":"d46001c40608f12c9158c4088b00ec8565f824ef","sellTxId":"82f6d6bfac51048abee1c75977b79048e0ebe1bc"}
{"index": {"_index":"spt","_id":"3616711"}}
	{"id":3616711,"type":"sell","buyer":"multifurcate","seller":"felipejoys","symbol":"SPT","quantity":"1992.496805","price":"0.00220110","timestamp":1654481649,"volume":"4.38568472","buyTxId":"d46001c40608f12c9158c4088b00ec8565f824ef","sellTxId":"af770a9d363b58d03c90dec202dd909bde64939e"}
