{"index": {"_index":"spt","_id":"3231174"}}
	{"id":3231174,"type":"sell","buyer":"thewycher","seller":"pasture","symbol":"SPT","quantity":"50.872812","price":"0.00220410","timestamp":1650335532,"volume":"0.11212876","buyTxId":"6bf52be33a62e48df3f86e73b8fc0fad8b7e6607","sellTxId":"89fed38dfde92ccf7deb52543df5ee471bb9e595"}
{"index": {"_index":"spt","_id":"3231602"}}
	{"id":3231602,"type":"sell","buyer":"thewycher","seller":"brofi-market","symbol":"SPT","quantity":"0.164528","price":"0.00220410","timestamp":1650341445,"volume":"0.00036264","buyTxId":"6bf52be33a62e48df3f86e73b8fc0fad8b7e6607","sellTxId":"4344e4d8d4a32b3f3bd8814825f31d561aa11cbb"}
{"index": {"_index":"spt","_id":"3231667"}}
	{"id":3231667,"type":"sell","buyer":"thewycher","seller":"mango-juice","symbol":"SPT","quantity":"590.223365","price":"0.00220410","timestamp":1650342276,"volume":"1.30091132","buyTxId":"6bf52be33a62e48df3f86e73b8fc0fad8b7e6607","sellTxId":"79e27b90bc631f2698cf5ae4aab802c4ffd3d4aa"}
{"index": {"_index":"spt","_id":"3231832"}}
	{"id":3231832,"type":"sell","buyer":"thewycher","seller":"elenkar","symbol":"SPT","quantity":"0.898681","price":"0.00220410","timestamp":1650345039,"volume":"0.00198078","buyTxId":"6bf52be33a62e48df3f86e73b8fc0fad8b7e6607","sellTxId":"72499c5c177958be549e05ffbb45cbd1c9d6f523"}
{"index": {"_index":"spt","_id":"3231951"}}
	{"id":3231951,"type":"sell","buyer":"thewycher","seller":"tin.aung.soe","symbol":"SPT","quantity":"35.000000","price":"0.00220410","timestamp":1650346971,"volume":"0.07714350","buyTxId":"6bf52be33a62e48df3f86e73b8fc0fad8b7e6607","sellTxId":"ee768e8d38bca9b8f4ddf2928559f7da3720ee5f"}
{"index": {"_index":"spt","_id":"3232226"}}
	{"id":3232226,"type":"sell","buyer":"thewycher","seller":"dhedge-drips","symbol":"SPT","quantity":"0.010751","price":"0.00220410","timestamp":1650350745,"volume":"0.00002370","buyTxId":"6bf52be33a62e48df3f86e73b8fc0fad8b7e6607","sellTxId":"02db5f82e066e4858b9bf42c01adb020ef820da6"}
{"index": {"_index":"spt","_id":"3232427"}}
	{"id":3232427,"type":"buy","buyer":"captainquack22","seller":"brofi-market","symbol":"SPT","quantity":"0.164528","price":"0.00256700","timestamp":1650353544,"volume":"0.00042234","buyTxId":"fad37e2ce7e572494ee3351a5934edd23b3db0da","sellTxId":"12dbb1938de8cf60df1dfaf741ebe42ed3525b1f"}
{"index": {"_index":"spt","_id":"3232428"}}
	{"id":3232428,"type":"buy","buyer":"captainquack22","seller":"laundrywoman","symbol":"SPT","quantity":"389.395270","price":"0.00256700","timestamp":1650353544,"volume":"0.99957766","buyTxId":"fad37e2ce7e572494ee3351a5934edd23b3db0da","sellTxId":"8df13a0e9a9286a8e1985fedbb804053f18b70a6"}
{"index": {"_index":"spt","_id":"3232487"}}
	{"id":3232487,"type":"sell","buyer":"thewycher","seller":"metronet","symbol":"SPT","quantity":"0.712170","price":"0.00220410","timestamp":1650354012,"volume":"0.00156969","buyTxId":"6bf52be33a62e48df3f86e73b8fc0fad8b7e6607","sellTxId":"2f58f715fc2a2e676aaa953854e191ae9f6667d8"}
{"index": {"_index":"spt","_id":"3232590"}}
	{"id":3232590,"type":"sell","buyer":"thewycher","seller":"anderssinho","symbol":"SPT","quantity":"1.608795","price":"0.00220410","timestamp":1650355209,"volume":"0.00354595","buyTxId":"6bf52be33a62e48df3f86e73b8fc0fad8b7e6607","sellTxId":"69b54a9acf35e8fcfb36c653e949b8337f2d02b6"}
{"index": {"_index":"spt","_id":"3232704"}}
	{"id":3232704,"type":"sell","buyer":"thewycher","seller":"brofi-market","symbol":"SPT","quantity":"0.023455","price":"0.00220410","timestamp":1650356190,"volume":"0.00005170","buyTxId":"6bf52be33a62e48df3f86e73b8fc0fad8b7e6607","sellTxId":"59129db8fe1c771ef8f5eb1fa8fa955280746fbc"}
{"index": {"_index":"spt","_id":"3232820"}}
	{"id":3232820,"type":"sell","buyer":"thewycher","seller":"khazrakh","symbol":"SPT","quantity":"262.425549","price":"0.00220410","timestamp":1650357861,"volume":"0.57841215","buyTxId":"6bf52be33a62e48df3f86e73b8fc0fad8b7e6607","sellTxId":"0c574622b0eb839c696bc3eb371bb627d1ad47f0"}
{"index": {"_index":"spt","_id":"3233535"}}
	{"id":3233535,"type":"sell","buyer":"thewycher","seller":"libertygame27","symbol":"SPT","quantity":"58.059893","price":"0.00220410","timestamp":1650368202,"volume":"0.12796981","buyTxId":"6bf52be33a62e48df3f86e73b8fc0fad8b7e6607","sellTxId":"f04a35b13de13746098ffcca71aa838f945c788d"}
{"index": {"_index":"spt","_id":"3233536"}}
	{"id":3233536,"type":"sell","buyer":"thewycher","seller":"libertygame27","symbol":"SPT","quantity":"999.999999","price":"0.00220410","timestamp":1650368202,"volume":"2.20410000","buyTxId":"fc5c30feb71888763e21272359cca27c21f211b2","sellTxId":"f04a35b13de13746098ffcca71aa838f945c788d"}
{"index": {"_index":"spt","_id":"3233542"}}
	{"id":3233542,"type":"buy","buyer":"drunksamurai","seller":"libertygame27","symbol":"SPT","quantity":"141.452035","price":"0.00220410","timestamp":1650368232,"volume":"0.31177443","buyTxId":"793841ba3b3ec397d5b53d42aa5ac91274404a06","sellTxId":"f04a35b13de13746098ffcca71aa838f945c788d"}
{"index": {"_index":"spt","_id":"3233671"}}
	{"id":3233671,"type":"sell","buyer":"kitsuki","seller":"photosnap","symbol":"SPT","quantity":"70.928797","price":"0.00220409","timestamp":1650369684,"volume":"0.15633345","buyTxId":"b2d72a0fdee50e14db2a576016ccbb37f1aef51f","sellTxId":"ce9eb1f94de0c83b4b395be86a9649452c60dab9"}
{"index": {"_index":"spt","_id":"3233804"}}
	{"id":3233804,"type":"buy","buyer":"mrwoodcat","seller":"libertygame27","symbol":"SPT","quantity":"80.706985","price":"0.00220410","timestamp":1650371028,"volume":"0.17788627","buyTxId":"7142975461b99620065c22d10a4fee2939993636","sellTxId":"f04a35b13de13746098ffcca71aa838f945c788d"}
{"index": {"_index":"spt","_id":"3233815"}}
	{"id":3233815,"type":"buy","buyer":"mrwoodcat","seller":"yameen","symbol":"SPT","quantity":"28.424864","price":"0.00256000","timestamp":1650371196,"volume":"0.07276765","buyTxId":"64e62d58508b69137a273ed1ce3fb902da417932","sellTxId":"a3cead9d091be18f1f9c81c29c9d5f28a344c918"}
{"index": {"_index":"spt","_id":"3233933"}}
	{"id":3233933,"type":"sell","buyer":"kitsuki","seller":"dhedge-drips","symbol":"SPT","quantity":"0.002198","price":"0.00220409","timestamp":1650372405,"volume":"0.00000484","buyTxId":"b2d72a0fdee50e14db2a576016ccbb37f1aef51f","sellTxId":"cbdc397d77d0716fdd9caa8d43e4524938205e6d"}
{"index": {"_index":"spt","_id":"3234069"}}
	{"id":3234069,"type":"sell","buyer":"kitsuki","seller":"cynano","symbol":"SPT","quantity":"78.851516","price":"0.00220409","timestamp":1650374715,"volume":"0.17379584","buyTxId":"b2d72a0fdee50e14db2a576016ccbb37f1aef51f","sellTxId":"9d9e05af58bb8a851c1c414be1d13a3625e68134"}
{"index": {"_index":"spt","_id":"3234266"}}
	{"id":3234266,"type":"buy","buyer":"jaopalas","seller":"dhedge-drips","symbol":"SPT","quantity":"0.010751","price":"0.00256700","timestamp":1650377337,"volume":"0.00002760","buyTxId":"bc4c386e0eb4b9e8530f5b8e22f303b937adc208","sellTxId":"0ad64a5adfbfb819c5045e831a4f32478dfc8871"}
{"index": {"_index":"spt","_id":"3234267"}}
	{"id":3234267,"type":"buy","buyer":"jaopalas","seller":"brofi-market","symbol":"SPT","quantity":"0.023455","price":"0.00256700","timestamp":1650377337,"volume":"0.00006021","buyTxId":"bc4c386e0eb4b9e8530f5b8e22f303b937adc208","sellTxId":"b8bf130e24ccf217068437924ded94afc461c5c8"}
{"index": {"_index":"spt","_id":"3234268"}}
	{"id":3234268,"type":"buy","buyer":"jaopalas","seller":"dhedge-drips","symbol":"SPT","quantity":"0.002198","price":"0.00256700","timestamp":1650377337,"volume":"0.00000564","buyTxId":"bc4c386e0eb4b9e8530f5b8e22f303b937adc208","sellTxId":"1912c8051560cb7ae32818ac8fc1394788dd7581"}
{"index": {"_index":"spt","_id":"3234269"}}
	{"id":3234269,"type":"buy","buyer":"jaopalas","seller":"laundrywoman","symbol":"SPT","quantity":"700.940200","price":"0.00256700","timestamp":1650377337,"volume":"1.79931349","buyTxId":"bc4c386e0eb4b9e8530f5b8e22f303b937adc208","sellTxId":"10e4090bdc13efe887d74536d6a047da66e94126"}
{"index": {"_index":"spt","_id":"3234303"}}
	{"id":3234303,"type":"sell","buyer":"kitsuki","seller":"dswap","symbol":"SPT","quantity":"450.217489","price":"0.00220409","timestamp":1650377637,"volume":"0.99231987","buyTxId":"b2d72a0fdee50e14db2a576016ccbb37f1aef51f","sellTxId":"5e8e74e9251123dc62c0f25c332ee01021f52476"}
{"index": {"_index":"spt","_id":"3234304"}}
	{"id":3234304,"type":"sell","buyer":"thewycher","seller":"dswap","symbol":"SPT","quantity":"623.303596","price":"0.00220407","timestamp":1650377637,"volume":"1.37380476","buyTxId":"0417a1ace9020827003b343ddb9bea9285de5645","sellTxId":"5e8e74e9251123dc62c0f25c332ee01021f52476"}
{"index": {"_index":"spt","_id":"3234305"}}
	{"id":3234305,"type":"sell","buyer":"thewycher","seller":"dswap","symbol":"SPT","quantity":"999.999999","price":"0.00220407","timestamp":1650377637,"volume":"2.20407000","buyTxId":"3c4e77f88e9e2a43f8834c115671828458bad40f","sellTxId":"5e8e74e9251123dc62c0f25c332ee01021f52476"}
{"index": {"_index":"spt","_id":"3234306"}}
	{"id":3234306,"type":"sell","buyer":"thewycher","seller":"dswap","symbol":"SPT","quantity":"889.935327","price":"0.00220407","timestamp":1650377637,"volume":"1.96147976","buyTxId":"bf9d6107e6fb92228339a59e29451c3d2120e431","sellTxId":"5e8e74e9251123dc62c0f25c332ee01021f52476"}
{"index": {"_index":"spt","_id":"3234601"}}
	{"id":3234601,"type":"sell","buyer":"thewycher","seller":"jnn10","symbol":"SPT","quantity":"0.896649","price":"0.00220407","timestamp":1650381123,"volume":"0.00197628","buyTxId":"bf9d6107e6fb92228339a59e29451c3d2120e431","sellTxId":"7166758ed20da603c8e29c8b054da028622b7895"}
{"index": {"_index":"spt","_id":"3234745"}}
	{"id":3234745,"type":"sell","buyer":"thewycher","seller":"bilpcoinbpc","symbol":"SPT","quantity":"1.006842","price":"0.00220308","timestamp":1650383331,"volume":"0.00221815","buyTxId":"859a1222188a9fab03c0c0afb0bc6092890de089","sellTxId":"69a7bd2f0fee3b4ee8aeaa68f0946a6758e94170"}
{"index": {"_index":"spt","_id":"3234767"}}
	{"id":3234767,"type":"sell","buyer":"thewycher","seller":"resiliencia","symbol":"SPT","quantity":"27.321508","price":"0.00220308","timestamp":1650383583,"volume":"0.06019147","buyTxId":"859a1222188a9fab03c0c0afb0bc6092890de089","sellTxId":"942986245817cad8e7815ad3564e47c559dfd212"}
{"index": {"_index":"spt","_id":"3234878"}}
	{"id":3234878,"type":"sell","buyer":"thewycher","seller":"brofi-market","symbol":"SPT","quantity":"0.189191","price":"0.00220308","timestamp":1650384744,"volume":"0.00041680","buyTxId":"859a1222188a9fab03c0c0afb0bc6092890de089","sellTxId":"136494a6d61e645f44f1a79aac4a9660562a0880"}
{"index": {"_index":"spt","_id":"3235009"}}
	{"id":3235009,"type":"sell","buyer":"thewycher","seller":"bteim","symbol":"SPT","quantity":"127.787526","price":"0.00220308","timestamp":1650386625,"volume":"0.28152614","buyTxId":"859a1222188a9fab03c0c0afb0bc6092890de089","sellTxId":"30649a3610e7130a0a6e205e331b96437a0a86bd"}
{"index": {"_index":"spt","_id":"3235044"}}
	{"id":3235044,"type":"sell","buyer":"thewycher","seller":"godhatesusall","symbol":"SPT","quantity":"6.696267","price":"0.00220308","timestamp":1650387120,"volume":"0.01475241","buyTxId":"859a1222188a9fab03c0c0afb0bc6092890de089","sellTxId":"3335c56c589b986b806bba6bbeea4e37a39357be"}
{"index": {"_index":"spt","_id":"3235128"}}
	{"id":3235128,"type":"buy","buyer":"jongolson","seller":"kitsuki","symbol":"SPT","quantity":"900.000000","price":"0.00256670","timestamp":1650387633,"volume":"2.31003000","buyTxId":"09ff68f6a2ab82033ded93c9cdaa89257856cce0","sellTxId":"970e578646f7dbc78ca60a33fb2015f12ef6b5d1"}
{"index": {"_index":"spt","_id":"3235129"}}
	{"id":3235129,"type":"buy","buyer":"jongolson","seller":"thewycher","symbol":"SPT","quantity":"28.328350","price":"0.00256670","timestamp":1650387633,"volume":"0.07271038","buyTxId":"09ff68f6a2ab82033ded93c9cdaa89257856cce0","sellTxId":"9c2d7b6c51a84d06fd157302400ca843e4e9f3b3"}
{"index": {"_index":"spt","_id":"3235130"}}
	{"id":3235130,"type":"buy","buyer":"jongolson","seller":"brofi-market","symbol":"SPT","quantity":"0.189191","price":"0.00256670","timestamp":1650387633,"volume":"0.00048560","buyTxId":"09ff68f6a2ab82033ded93c9cdaa89257856cce0","sellTxId":"02c8448c706711b17be45595a6b29306c8fda25c"}
{"index": {"_index":"spt","_id":"3235151"}}
	{"id":3235151,"type":"sell","buyer":"jongolson","seller":"kitsuki","symbol":"SPT","quantity":"571.482459","price":"0.00256699","timestamp":1650387774,"volume":"1.46698976","buyTxId":"09ff68f6a2ab82033ded93c9cdaa89257856cce0","sellTxId":"eb214000afb9f4f589be7cc5b295d1252c89e8c1"}
{"index": {"_index":"spt","_id":"3235180"}}
	{"id":3235180,"type":"sell","buyer":"multifurcate","seller":"ketcom","symbol":"SPT","quantity":"9671.715437","price":"0.00220410","timestamp":1650387978,"volume":"21.31742799","buyTxId":"a953276a53847228ed0c1ffc90fff82f03f4b821","sellTxId":"a55e9066f79c5183fce8e6412d5396ea76380c89"}
{"index": {"_index":"spt","_id":"3235630"}}
	{"id":3235630,"type":"sell","buyer":"multifurcate","seller":"catomoon","symbol":"SPT","quantity":"4.404653","price":"0.00220700","timestamp":1650391932,"volume":"0.00972107","buyTxId":"b82becfcf09516f1d9d50cd4682514df55403ee3","sellTxId":"65af01d8b7a6069b1774e4f63902199aa68d449e"}
{"index": {"_index":"spt","_id":"3235634"}}
	{"id":3235634,"type":"buy","buyer":"danideuder","seller":"thewycher","symbol":"SPT","quantity":"134.672984","price":"0.00256699","timestamp":1650391953,"volume":"0.34570420","buyTxId":"31aea6ee8944ecbc88aa5b77dc2adbd21cfc6605","sellTxId":"cb88e5dcb9bcef9136f16120f6d03739153b8e79"}
{"index": {"_index":"spt","_id":"3235826"}}
	{"id":3235826,"type":"sell","buyer":"kitsuki","seller":"dhedge-drips","symbol":"SPT","quantity":"0.017737","price":"0.00220710","timestamp":1650393978,"volume":"0.00003915","buyTxId":"8573c6c2ee3d4987dccdafa3d13ff0ba7117b7f2","sellTxId":"7b02c2de555464b94d5dda34752828096ffc15c0"}
{"index": {"_index":"spt","_id":"3235972"}}
	{"id":3235972,"type":"sell","buyer":"multifurcate","seller":"cwow2","symbol":"SPT","quantity":"1.635926","price":"0.00220900","timestamp":1650395613,"volume":"0.00361376","buyTxId":"5c55c23355b23d47e19212a32180129630f2e28d","sellTxId":"f0ed18f466d156e96870f41c83431da466755235"}
{"index": {"_index":"spt","_id":"3236266"}}
	{"id":3236266,"type":"buy","buyer":"diegorccp","seller":"laundrywoman","symbol":"SPT","quantity":"580.000000","price":"0.00256700","timestamp":1650398328,"volume":"1.48886000","buyTxId":"52200daee43fe2349a2f4aafcd27845e89f77423","sellTxId":"1afd589d2828315f5bb16418fdbd65d243e4f45f"}
{"index": {"_index":"spt","_id":"3236414"}}
	{"id":3236414,"type":"sell","buyer":"multifurcate","seller":"giacomone","symbol":"SPT","quantity":"0.247130","price":"0.00221100","timestamp":1650399885,"volume":"0.00054640","buyTxId":"93ebc3d9521598b51b0f66036ae53c5fe2632e8d","sellTxId":"528be37ac9d2e502bd21e807901169ed439d889e"}
{"index": {"_index":"spt","_id":"3236461"}}
	{"id":3236461,"type":"buy","buyer":"wlffreitas","seller":"laundrywoman","symbol":"SPT","quantity":"506.427736","price":"0.00256700","timestamp":1650400494,"volume":"1.3","buyTxId":"27aed7d1a48ba8f6530f24fa2b0c3f8ebb9b8c8a","sellTxId":"1afd589d2828315f5bb16418fdbd65d243e4f45f"}
{"index": {"_index":"spt","_id":"3236716"}}
	{"id":3236716,"type":"sell","buyer":"thewycher","seller":"world4play2earn","symbol":"SPT","quantity":"800.000000","price":"0.00221301","timestamp":1650403176,"volume":"1.77040800","buyTxId":"c755d7f9d96a70f22ea65444b28707544fd02dc2","sellTxId":"e20b4ba7a8e2c44e01bddecb10f206704199c362"}
{"index": {"_index":"spt","_id":"3236717"}}
	{"id":3236717,"type":"sell","buyer":"thewycher","seller":"world4play2earn","symbol":"SPT","quantity":"800.000000","price":"0.00221301","timestamp":1650403176,"volume":"1.77040800","buyTxId":"dbc0e7b27a47f35d41ca7d336efc2ae2c29fae25","sellTxId":"e20b4ba7a8e2c44e01bddecb10f206704199c362"}
{"index": {"_index":"spt","_id":"3236735"}}
	{"id":3236735,"type":"buy","buyer":"thewycher","seller":"world4play2earn","symbol":"SPT","quantity":"900.364212","price":"0.00221301","timestamp":1650403290,"volume":"1.99251500","buyTxId":"d63ed48e56c7df2a3bd7d839510d7e6fde3de7f5","sellTxId":"e20b4ba7a8e2c44e01bddecb10f206704199c362"}
{"index": {"_index":"spt","_id":"3236889"}}
	{"id":3236889,"type":"sell","buyer":"thewycher","seller":"thewycher","symbol":"SPT","quantity":"500.364214","price":"0.00237000","timestamp":1650405135,"volume":"1.18586319","buyTxId":"a274ce381d1c129d7cfadef2ea801f44219a2069","sellTxId":"d79a61a96e85e2958372dca67aa46d7ca658a6be"}
{"index": {"_index":"spt","_id":"3236891"}}
	{"id":3236891,"type":"sell","buyer":"thewycher","seller":"thewycher","symbol":"SPT","quantity":"500.364214","price":"0.00237000","timestamp":1650405201,"volume":"1.18586319","buyTxId":"a274ce381d1c129d7cfadef2ea801f44219a2069","sellTxId":"cf7b8a21c41b64e7561b4a59413d931653e81650"}
{"index": {"_index":"spt","_id":"3237080"}}
	{"id":3237080,"type":"sell","buyer":"multifurcate","seller":"binkyprod","symbol":"SPT","quantity":"0.501839","price":"0.00228100","timestamp":1650407442,"volume":"0.00114469","buyTxId":"370d86d61bf1a3ac6f11a7652fc54c472a0671c3","sellTxId":"ce83ec1f8bcc57ff3c01c47cd7063ed1509c8863"}
{"index": {"_index":"spt","_id":"3237363"}}
	{"id":3237363,"type":"sell","buyer":"multifurcate","seller":"crizthin","symbol":"SPT","quantity":"6.198621","price":"0.00228100","timestamp":1650410010,"volume":"0.01413905","buyTxId":"370d86d61bf1a3ac6f11a7652fc54c472a0671c3","sellTxId":"353c07d28f089d77dc1c6f1b6f89f00742889523"}
{"index": {"_index":"spt","_id":"3237716"}}
	{"id":3237716,"type":"sell","buyer":"kitsuki","seller":"brofi-market","symbol":"SPT","quantity":"3.514362","price":"0.00228102","timestamp":1650413580,"volume":"0.00801633","buyTxId":"fad9b5d35fba7ca438650a075a8bf2ee75a945b4","sellTxId":"06b7146f70a2fe8be7057c040036b10ee6405af0"}
{"index": {"_index":"spt","_id":"3237743"}}
	{"id":3237743,"type":"sell","buyer":"kitsuki","seller":"eturnerx","symbol":"SPT","quantity":"0.532","price":"0.00228102","timestamp":1650413970,"volume":"0.00121350","buyTxId":"fad9b5d35fba7ca438650a075a8bf2ee75a945b4","sellTxId":"7f050834a9a80de3f3cadfcf134cabfabe03d452"}
{"index": {"_index":"spt","_id":"3237907"}}
	{"id":3237907,"type":"sell","buyer":"kitsuki","seller":"dhedge-drips","symbol":"SPT","quantity":"0.013581","price":"0.00228102","timestamp":1650415593,"volume":"0.00003098","buyTxId":"fad9b5d35fba7ca438650a075a8bf2ee75a945b4","sellTxId":"b4bed13cdc7fe0ea6bca33d89d1c78a29223006f"}
{"index": {"_index":"spt","_id":"3237908"}}
	{"id":3237908,"type":"sell","buyer":"kitsuki","seller":"bitcoinflood","symbol":"SPT","quantity":"79.381093","price":"0.00228102","timestamp":1650415593,"volume":"0.18106986","buyTxId":"fad9b5d35fba7ca438650a075a8bf2ee75a945b4","sellTxId":"f8b6b0353eea8200a629cbbeafcddf948dda4171"}
{"index": {"_index":"spt","_id":"3238233"}}
	{"id":3238233,"type":"sell","buyer":"elfino28","seller":"shiftrox","symbol":"SPT","quantity":"421.000000","price":"0.00228300","timestamp":1650419868,"volume":"0.96114300","buyTxId":"a2e6d9bf4bed8016c7cab9ca62a8c70f3cab1ed6","sellTxId":"e76b54b14c35830459d600dd65908c295c3a043f"}
{"index": {"_index":"spt","_id":"3238234"}}
	{"id":3238234,"type":"sell","buyer":"kitsuki","seller":"shiftrox","symbol":"SPT","quantity":"416.558964","price":"0.00228102","timestamp":1650419889,"volume":"0.95017933","buyTxId":"fad9b5d35fba7ca438650a075a8bf2ee75a945b4","sellTxId":"bd8c7535b8daa408ff2dea08ee669f53e79273af"}
{"index": {"_index":"spt","_id":"3238235"}}
	{"id":3238235,"type":"sell","buyer":"multifurcate","seller":"shiftrox","symbol":"SPT","quantity":"77.527526","price":"0.00227900","timestamp":1650419916,"volume":"0.17668523","buyTxId":"d37d428d001630cb4809e494dc22e92efdd7a3ac","sellTxId":"5f1ae7b0eb6b2f78d2db95a25fe5159d733d3ade"}
{"index": {"_index":"spt","_id":"3238326"}}
	{"id":3238326,"type":"sell","buyer":"multifurcate","seller":"chireerocks","symbol":"SPT","quantity":"217.007740","price":"0.00227900","timestamp":1650421407,"volume":"0.49456064","buyTxId":"d37d428d001630cb4809e494dc22e92efdd7a3ac","sellTxId":"057cf52a63d350d97213c521c5ea41743c644742"}
