{"index": {"_index":"spt","_id":"1850197"}}
	{"id":1850197,"type":"sell","buyer":"pi-trader","seller":"mawit07","symbol":"SPT","quantity":"1086.775894","price":"0.00820002","timestamp":1635743295,"volume":"8.91158407","buyTxId":"37744e1ab7254bce72489f7e0dea48c541650641-1","sellTxId":"1951e0b32bcc0139dcc96ccb8e28b33081fde456"}
{"index": {"_index":"spt","_id":"1850256"}}
	{"id":1850256,"type":"sell","buyer":"pi-trader","seller":"mercurial9","symbol":"SPT","quantity":"227.775000","price":"0.00840004","timestamp":1635744378,"volume":"1.91331911","buyTxId":"3a1c553e8fa63500a96ef973df3bea44e1b4c3cf-3","sellTxId":"4e6e91aff33ab628f37fca828304b733412c54bf"}
{"index": {"_index":"spt","_id":"1850339"}}
	{"id":1850339,"type":"sell","buyer":"pi-trader","seller":"jk6276","symbol":"SPT","quantity":"2666.175653","price":"0.00860006","timestamp":1635745962,"volume":"22.92927059","buyTxId":"582c0146c0477cfa977507dc7671703f0d59121b-2","sellTxId":"196bdd91487c130cac700967226d31a319018baa"}
{"index": {"_index":"spt","_id":"1850361"}}
	{"id":1850361,"type":"sell","buyer":"anadolu","seller":"everythingsmgirl","symbol":"SPT","quantity":"1105.222306","price":"0.00870006","timestamp":1635746214,"volume":"9.61550038","buyTxId":"MM-B-11801418-58787147-3-0-0","sellTxId":"54b89eb5bc857ab9b75cb95d1b2babfd75782477"}
{"index": {"_index":"spt","_id":"1850538"}}
	{"id":1850538,"type":"sell","buyer":"pi-trader","seller":"walkingkeys","symbol":"SPT","quantity":"1000.000000","price":"0.00820002","timestamp":1635747675,"volume":"8.20002000","buyTxId":"0575b56340556376664af8b56c25e6a2acd87fe2-3","sellTxId":"fbb4dfccae6fe3983e98d88c9865cee444e30a46"}
{"index": {"_index":"spt","_id":"1850539"}}
	{"id":1850539,"type":"sell","buyer":"granddaddies","seller":"walkingkeys","symbol":"SPT","quantity":"1038.165121","price":"0.00820009","timestamp":1635747705,"volume":"8.51304743","buyTxId":"e9e035f9de90b42cda26b3a7dbabc7a2e534b996","sellTxId":"c159b6dc901113eb57fc0fc4c5958a99877e2f78"}
{"index": {"_index":"spt","_id":"1850666"}}
	{"id":1850666,"type":"sell","buyer":"pi-trader","seller":"saachi","symbol":"SPT","quantity":"3064.000000","price":"0.00850008","timestamp":1635749124,"volume":"26.04424512","buyTxId":"94ba384b99bcccac31ea44d54de269d602d6127e-1","sellTxId":"f7a80cc16b01f33c0d7d1bcc892b025c7d2473c8"}
{"index": {"_index":"spt","_id":"1850743"}}
	{"id":1850743,"type":"buy","buyer":"gamefiles","seller":"dhedge-drips","symbol":"SPT","quantity":"0.018000","price":"0.00929955","timestamp":1635749778,"volume":"0.00016739","buyTxId":"b84979887a9f6dce370d49db419cb4fab472b45d","sellTxId":"235d03a9e8fd56c07d8a38a51374239edd06128a"}
{"index": {"_index":"spt","_id":"1850782"}}
	{"id":1850782,"type":"buy","buyer":"gamefiles","seller":"laundrywoman","symbol":"SPT","quantity":"5719.004207","price":"0.00929974","timestamp":1635750162,"volume":"53.18525218","buyTxId":"769b7269ecd1fa7c79f3097c24427164d9a563e7","sellTxId":"2be2fa20b97b3f46f518fda877e75f33df374f0c"}
{"index": {"_index":"spt","_id":"1850825"}}
	{"id":1850825,"type":"sell","buyer":"pi-trader","seller":"dswap","symbol":"SPT","quantity":"30.754","price":"0.00810008","timestamp":1635750546,"volume":"0.24910986","buyTxId":"35c67dcd8e65e14d23bdba6fb03ffaca97357fca-7","sellTxId":"b8601c05d4c8598ce24c67a765ba29b5d763611e"}
{"index": {"_index":"spt","_id":"1851155"}}
	{"id":1851155,"type":"sell","buyer":"anadolu","seller":"brofi-market","symbol":"SPT","quantity":"0.239203","price":"0.00870012","timestamp":1635754023,"volume":"0.00208109","buyTxId":"MM-B-11803901-58789630-3-0-0","sellTxId":"4a811869ab56c72b3c62ba217e58000bdc57f859"}
{"index": {"_index":"spt","_id":"1851175"}}
	{"id":1851175,"type":"buy","buyer":"samarek69","seller":"solovey6o2","symbol":"SPT","quantity":"24.960000","price":"0.00909968","timestamp":1635754191,"volume":"0.22712801","buyTxId":"9ea47c0ed3b9170bc3cdb78869511a6e58c327e9","sellTxId":"e434c6f1df7cc1ba5d2ae7c456a0e3cb3a152e00"}
{"index": {"_index":"spt","_id":"1851259"}}
	{"id":1851259,"type":"sell","buyer":"anadolu","seller":"roguecrane","symbol":"SPT","quantity":"0.000711","price":"0.00880015","timestamp":1635754839,"volume":"0.00000626","buyTxId":"MM-B-11804101-58789830-3-0-0","sellTxId":"6df37c0f34e55820be4d60e7afc5d2eaf18629ea"}
{"index": {"_index":"spt","_id":"1851261"}}
	{"id":1851261,"type":"sell","buyer":"anadolu","seller":"chekohler","symbol":"SPT","quantity":"1.716832","price":"0.00880015","timestamp":1635754854,"volume":"0.01510838","buyTxId":"MM-B-11804101-58789830-3-0-0","sellTxId":"5902e1b94f410b69b09dd2f8d2a21621aee58c30"}
{"index": {"_index":"spt","_id":"1851274"}}
	{"id":1851274,"type":"sell","buyer":"anadolu","seller":"pogier","symbol":"SPT","quantity":"300.000000","price":"0.00880015","timestamp":1635754989,"volume":"2.64004500","buyTxId":"MM-B-11804101-58789830-3-0-0","sellTxId":"c0356712f38d9abc2050c8628d6fdf4868001346"}
{"index": {"_index":"spt","_id":"1851299"}}
	{"id":1851299,"type":"sell","buyer":"pi-trader","seller":"mfblack","symbol":"SPT","quantity":"203.854000","price":"0.00820004","timestamp":1635755244,"volume":"1.67161095","buyTxId":"c6d786201aeff713fe7fe638cc1127a20ea09851-1","sellTxId":"e6c4fe3bb88a92e5a132826b3936c7b4becdc806"}
{"index": {"_index":"spt","_id":"1851300"}}
	{"id":1851300,"type":"sell","buyer":"pi-trader","seller":"robibasa","symbol":"SPT","quantity":"138.776436","price":"0.00820004","timestamp":1635755253,"volume":"1.13797233","buyTxId":"c6d786201aeff713fe7fe638cc1127a20ea09851-1","sellTxId":"049197dc8c343783890a4d8dae29bd7a9f220ec4"}
{"index": {"_index":"spt","_id":"1851345"}}
	{"id":1851345,"type":"sell","buyer":"pi-trader","seller":"aroductory","symbol":"SPT","quantity":"163.789153","price":"0.00830015","timestamp":1635755766,"volume":"1.35947454","buyTxId":"5e911aca762ea78917de25eba7331fe46e998fb4-6","sellTxId":"8635641e88b855005fab8386ff0ce9f8bb607dcb"}
{"index": {"_index":"spt","_id":"1851363"}}
	{"id":1851363,"type":"sell","buyer":"granddaddies","seller":"chekohler","symbol":"SPT","quantity":"0.248768","price":"0.00830021","timestamp":1635756048,"volume":"0.00206483","buyTxId":"ca2554f12824ccf8f8900b29b1d0f7c0430cf082","sellTxId":"7d321264fef78afbd379927af9d27968a430eef9"}
{"index": {"_index":"spt","_id":"1851584"}}
	{"id":1851584,"type":"buy","buyer":"fragmentarion","seller":"anadolu","symbol":"SPT","quantity":"548.916829","price":"0.00899973","timestamp":1635758814,"volume":"4.94010326","buyTxId":"5d9ca61789075be5a52d4b092af76ebee6307428","sellTxId":"MM-B-11805497-58791227-3-0-1"}
{"index": {"_index":"spt","_id":"1851619"}}
	{"id":1851619,"type":"buy","buyer":"audiohive-me","seller":"brofi-market","symbol":"SPT","quantity":"0.239203","price":"0.00909971","timestamp":1635759375,"volume":"0.00217668","buyTxId":"4e697d89a8b445b50b545316f369f4e43ae3f524","sellTxId":"f88145e4febd799f65daf0aa9f3d88962236a55d"}
{"index": {"_index":"spt","_id":"1851672"}}
	{"id":1851672,"type":"sell","buyer":"audiohive-me","seller":"solovey6o2","symbol":"SPT","quantity":"109.000000","price":"0.00929969","timestamp":1635760020,"volume":"1.01366621","buyTxId":"412f386e097dda7f65e4e64c750410844942b2a7","sellTxId":"6a0b251b296a19d98213750fb6dbedc47b1e036c"}
{"index": {"_index":"spt","_id":"1851750"}}
	{"id":1851750,"type":"sell","buyer":"audiohive-me","seller":"anadolu","symbol":"SPT","quantity":"219.760797","price":"0.00909971","timestamp":1635761082,"volume":"1.99975952","buyTxId":"4e697d89a8b445b50b545316f369f4e43ae3f524","sellTxId":"MM-B-11806293-58792024-3-0-1"}
{"index": {"_index":"spt","_id":"1851859"}}
	{"id":1851859,"type":"sell","buyer":"pi-trader","seller":"dswap","symbol":"SPT","quantity":"12.5","price":"0.00860002","timestamp":1635762687,"volume":"0.10750025","buyTxId":"eec38273486d069b0f903fdbdbd974ea2b8837fd-1","sellTxId":"c377eb2e7c4213e821a22a6f6a976ea50244bd42"}
{"index": {"_index":"spt","_id":"1851980"}}
	{"id":1851980,"type":"buy","buyer":"shauner","seller":"remiakther","symbol":"SPT","quantity":"1061.000000","price":"0.00900000","timestamp":1635763626,"volume":"9.54900000","buyTxId":"2c0686efbecd59f737d0afc7a2daae7f8c97ae12","sellTxId":"c323e743db3ffb9bea3bf8a40eb6c28d272e5807"}
{"index": {"_index":"spt","_id":"1851985"}}
	{"id":1851985,"type":"buy","buyer":"shauner","seller":"anadolu","symbol":"SPT","quantity":"5800.000000","price":"0.00909972","timestamp":1635763731,"volume":"52.77837600","buyTxId":"3e94cebf079986748cec31ea7fb6ad795b165b57","sellTxId":"MM-B-11806893-58792624-3-0-1"}
{"index": {"_index":"spt","_id":"1851997"}}
	{"id":1851997,"type":"sell","buyer":"pi-trader","seller":"yumi-drizzle","symbol":"SPT","quantity":"1147.000000","price":"0.00900001","timestamp":1635763971,"volume":"10.32301147","buyTxId":"e3801ed77d7b9b6fe3e1d3bc7a4ca308879bf533-1","sellTxId":"fa4332a7492f5e01d7566ae2d050774adb47e3cc"}
{"index": {"_index":"spt","_id":"1852034"}}
	{"id":1852034,"type":"buy","buyer":"offgridlife","seller":"brofi-market","symbol":"SPT","quantity":"3.533993","price":"0.00929981","timestamp":1635764436,"volume":"0.03286546","buyTxId":"c4c87a7ed841ddc9469a7abcf4d2a45fdcbb3771","sellTxId":"592db72474830a081476f00645b5c0c915424dfa"}
{"index": {"_index":"spt","_id":"1852035"}}
	{"id":1852035,"type":"buy","buyer":"offgridlife","seller":"he-index","symbol":"SPT","quantity":"0.005000","price":"0.00929990","timestamp":1635764436,"volume":"0.00004650","buyTxId":"c4c87a7ed841ddc9469a7abcf4d2a45fdcbb3771","sellTxId":"57c75714a7a83c18e5842907aa4db0bcdf942079"}
{"index": {"_index":"spt","_id":"1852036"}}
	{"id":1852036,"type":"buy","buyer":"offgridlife","seller":"ganjafarmer","symbol":"SPT","quantity":"96.461007","price":"0.00929991","timestamp":1635764436,"volume":"0.89707868","buyTxId":"c4c87a7ed841ddc9469a7abcf4d2a45fdcbb3771","sellTxId":"d1210c0542c64e411a1a7bc63bdc6e2478d59685"}
{"index": {"_index":"spt","_id":"1852089"}}
	{"id":1852089,"type":"buy","buyer":"shauner","seller":"karuna21","symbol":"SPT","quantity":"4485.000000","price":"0.00927000","timestamp":1635765228,"volume":"41.57595000","buyTxId":"aa7679a773a21bdc7eec0525374c12ca5f21491e","sellTxId":"1710d273399452458f952a63d521f064f8d40a50"}
{"index": {"_index":"spt","_id":"1852105"}}
	{"id":1852105,"type":"buy","buyer":"shauner","seller":"anadolu","symbol":"SPT","quantity":"964.043494","price":"0.00919991","timestamp":1635765510,"volume":"8.86911338","buyTxId":"9a1820efa8c3e15da9c24e9370c77a644829786f","sellTxId":"MM-B-11807693-58793424-3-0-1"}
{"index": {"_index":"spt","_id":"1852106"}}
	{"id":1852106,"type":"buy","buyer":"shauner","seller":"karuna21","symbol":"SPT","quantity":"0.689000","price":"0.00927000","timestamp":1635765510,"volume":"0.00638703","buyTxId":"9a1820efa8c3e15da9c24e9370c77a644829786f","sellTxId":"1710d273399452458f952a63d521f064f8d40a50"}
{"index": {"_index":"spt","_id":"1852107"}}
	{"id":1852107,"type":"buy","buyer":"shauner","seller":"solovey6o2","symbol":"SPT","quantity":"5363.267506","price":"0.00929985","timestamp":1635765510,"volume":"49.87758332","buyTxId":"9a1820efa8c3e15da9c24e9370c77a644829786f","sellTxId":"3c6b7c104e6a0484c0fe7e87c1de40fe340ba5e4"}
{"index": {"_index":"spt","_id":"1852245"}}
	{"id":1852245,"type":"sell","buyer":"anadolu","seller":"reward.app","symbol":"SPT","quantity":"5555.462965","price":"0.00900015","timestamp":1635766707,"volume":"50.00000000","buyTxId":"MM-B-11808091-58793823-3-0-0","sellTxId":"a447ae10838151d44341b81220cac8fe953c4ec9"}
{"index": {"_index":"spt","_id":"1852246"}}
	{"id":1852246,"type":"sell","buyer":"granddaddies","seller":"reward.app","symbol":"SPT","quantity":"2181.476773","price":"0.00810001","timestamp":1635766707,"volume":"17.66998368","buyTxId":"d08334aa497c519e686bae17733cb849ece15e7d","sellTxId":"a447ae10838151d44341b81220cac8fe953c4ec9"}
{"index": {"_index":"spt","_id":"1852393"}}
	{"id":1852393,"type":"sell","buyer":"pi-trader","seller":"fedesox","symbol":"SPT","quantity":"943.830000","price":"0.00830012","timestamp":1635768258,"volume":"7.83390226","buyTxId":"6eeedb025f103beff5dff0e73cac3fd4f0b4c07b-2","sellTxId":"975916f3b2a176fc53d1f17ca790fc7fff3f5d18"}
{"index": {"_index":"spt","_id":"1852408"}}
	{"id":1852408,"type":"sell","buyer":"pi-trader","seller":"brofi-market","symbol":"SPT","quantity":"0.119143","price":"0.00840013","timestamp":1635768579,"volume":"0.00100082","buyTxId":"9a837f8adbaa557550e3091dd9110a2c6aab54ae-3","sellTxId":"9c9adc966e487359a5c2f897e29e4e297a37a000"}
{"index": {"_index":"spt","_id":"1852503"}}
	{"id":1852503,"type":"buy","buyer":"anadolu","seller":"ahmetay","symbol":"SPT","quantity":"0.000551","price":"0.00850029","timestamp":1635769482,"volume":"0.00000468","buyTxId":"MM-B-11809087-58794820-3-0-0","sellTxId":"a112689e57ba6042dc64d74759ba1905f730d528"}
{"index": {"_index":"spt","_id":"1852573"}}
	{"id":1852573,"type":"buy","buyer":"gaminginasia","seller":"anadolu","symbol":"SPT","quantity":"1316.400000","price":"0.00919987","timestamp":1635770190,"volume":"12.11070887","buyTxId":"5318e8534fb5b675472db33cd64078a7d2f14e3e","sellTxId":"MM-B-11809286-58795020-3-0-1"}
{"index": {"_index":"spt","_id":"1852674"}}
	{"id":1852674,"type":"sell","buyer":"pi-trader","seller":"travelwritemoney","symbol":"SPT","quantity":"0.011958","price":"0.00890066","timestamp":1635771378,"volume":"0.00010643","buyTxId":"1191c1a9a8ec6407688285ac2d325fd1edf6642f-1","sellTxId":"d144f830485b7f217fdb7edb4afac90c2ec38e13"}
{"index": {"_index":"spt","_id":"1852883"}}
	{"id":1852883,"type":"sell","buyer":"pi-trader","seller":"jaopalas","symbol":"SPT","quantity":"265.354374","price":"0.00890066","timestamp":1635773994,"volume":"2.36182906","buyTxId":"178f43732906db488686b235793ee815930fab1a-1","sellTxId":"364eb7ec305123029ad18eadeee6627b62beba62"}
{"index": {"_index":"spt","_id":"1852965"}}
	{"id":1852965,"type":"sell","buyer":"pi-trader","seller":"cwow2","symbol":"SPT","quantity":"4.633646","price":"0.00890066","timestamp":1635774858,"volume":"0.04124251","buyTxId":"5504f49338c1d69d07e21abb0cac51001c3d2535-4","sellTxId":"dfd3e5008346123dfbd64c36e8adcd7c146f7a91"}
{"index": {"_index":"spt","_id":"1853004"}}
	{"id":1853004,"type":"sell","buyer":"pi-trader","seller":"iceman23","symbol":"SPT","quantity":"5.436869","price":"0.00890066","timestamp":1635775416,"volume":"0.04839172","buyTxId":"5889d2fddea87057fbe3555f95086d90133bb039-3","sellTxId":"cff9654f308f8dbf048002b3f24655ea5b13f25e"}
{"index": {"_index":"spt","_id":"1853679"}}
	{"id":1853679,"type":"buy","buyer":"captainquack22","seller":"limka","symbol":"SPT","quantity":"38.202320","price":"0.00890080","timestamp":1635780243,"volume":"0.34003121","buyTxId":"404784cdc6fcd512ca799ea78a63dd9fd56292cc","sellTxId":"1034efcd876986cd508d937242ec085259f65c55"}
{"index": {"_index":"spt","_id":"1853688"}}
	{"id":1853688,"type":"sell","buyer":"pi-trader","seller":"geom","symbol":"SPT","quantity":"1.418190","price":"0.00890070","timestamp":1635780267,"volume":"0.01262288","buyTxId":"0cb578dc9331d66b71312c2626f5174bc2561953-3","sellTxId":"76e24ee5add3cb7935cee4871c783640373e6c90"}
{"index": {"_index":"spt","_id":"1853740"}}
	{"id":1853740,"type":"buy","buyer":"pi-trader","seller":"limka","symbol":"SPT","quantity":"2129.885836","price":"0.00890080","timestamp":1635780693,"volume":"18.95768785","buyTxId":"19eb9021cf2d4da45e89f4a6a2480442a0f45036-1","sellTxId":"1034efcd876986cd508d937242ec085259f65c55"}
{"index": {"_index":"spt","_id":"1853766"}}
	{"id":1853766,"type":"sell","buyer":"granddaddies","seller":"themarkymark","symbol":"SPT","quantity":"43.415000","price":"0.00890069","timestamp":1635780828,"volume":"0.38642346","buyTxId":"bd1b7e6bb641b43f05f40edbf87581c53cabf292","sellTxId":"07da6caa00c88f247c64969105f87da8d939fb65"}
{"index": {"_index":"spt","_id":"1853913"}}
	{"id":1853913,"type":"buy","buyer":"ahmetay","seller":"abcor","symbol":"SPT","quantity":"268.937559","price":"0.00905000","timestamp":1635782037,"volume":"2.43388491","buyTxId":"3eb854dc53fe79c8991bc2b378d4246a312e5f42","sellTxId":"91dcda4fb2cc6251da2855da5b641df3d599cc0b"}
{"index": {"_index":"spt","_id":"1853914"}}
	{"id":1853914,"type":"buy","buyer":"ahmetay","seller":"master-lamps","symbol":"SPT","quantity":"10.355118","price":"0.00909972","timestamp":1635782037,"volume":"0.09422867","buyTxId":"3eb854dc53fe79c8991bc2b378d4246a312e5f42","sellTxId":"be7ed20c2e0aad3a0656a54fbd9728f223d6b06d"}
{"index": {"_index":"spt","_id":"1853915"}}
	{"id":1853915,"type":"buy","buyer":"ahmetay","seller":"anadolu","symbol":"SPT","quantity":"4240.656963","price":"0.00909986","timestamp":1635782037,"volume":"38.58938467","buyTxId":"3eb854dc53fe79c8991bc2b378d4246a312e5f42","sellTxId":"MM-B-11809686-58795420-3-0-1"}
{"index": {"_index":"spt","_id":"1853916"}}
	{"id":1853916,"type":"buy","buyer":"ahmetay","seller":"lulu-the-fizzgig","symbol":"SPT","quantity":"1200.000000","price":"0.00919986","timestamp":1635782037,"volume":"11.03983200","buyTxId":"3eb854dc53fe79c8991bc2b378d4246a312e5f42","sellTxId":"0a030d9a0bfa37ff6b2366a66604353b41779448"}
{"index": {"_index":"spt","_id":"1853917"}}
	{"id":1853917,"type":"buy","buyer":"ahmetay","seller":"brofi-market","symbol":"SPT","quantity":"0.119143","price":"0.00919990","timestamp":1635782037,"volume":"0.00109610","buyTxId":"3eb854dc53fe79c8991bc2b378d4246a312e5f42","sellTxId":"efdefb5e4922e4ff93dacdc3946579656f80303d"}
{"index": {"_index":"spt","_id":"1853918"}}
	{"id":1853918,"type":"buy","buyer":"ahmetay","seller":"ganjafarmer","symbol":"SPT","quantity":"603.542661","price":"0.00929991","timestamp":1635782037,"volume":"5.61289243","buyTxId":"3eb854dc53fe79c8991bc2b378d4246a312e5f42","sellTxId":"d1210c0542c64e411a1a7bc63bdc6e2478d59685"}
{"index": {"_index":"spt","_id":"1853919"}}
	{"id":1853919,"type":"buy","buyer":"ahmetay","seller":"abcor","symbol":"SPT","quantity":"505.000000","price":"0.00930000","timestamp":1635782037,"volume":"4.69650000","buyTxId":"3eb854dc53fe79c8991bc2b378d4246a312e5f42","sellTxId":"85006412462f6a57934c8f0f06c5b6b1018c8888"}
{"index": {"_index":"spt","_id":"1853920"}}
	{"id":1853920,"type":"buy","buyer":"ahmetay","seller":"tokutaro22","symbol":"SPT","quantity":"66.411391","price":"0.00940000","timestamp":1635782037,"volume":"0.62426708","buyTxId":"3eb854dc53fe79c8991bc2b378d4246a312e5f42","sellTxId":"766b8b7d3b3866e83e8959cfc5c425018da799cb"}
{"index": {"_index":"spt","_id":"1853921"}}
	{"id":1853921,"type":"buy","buyer":"ahmetay","seller":"muzehan","symbol":"SPT","quantity":"1000.000000","price":"0.00940000","timestamp":1635782037,"volume":"9.40000000","buyTxId":"3eb854dc53fe79c8991bc2b378d4246a312e5f42","sellTxId":"2438478d57a2173b5e48d3d142bc86e58b72d4c4"}
{"index": {"_index":"spt","_id":"1853922"}}
	{"id":1853922,"type":"buy","buyer":"ahmetay","seller":"nervi","symbol":"SPT","quantity":"28.918796","price":"0.00949900","timestamp":1635782037,"volume":"0.27469964","buyTxId":"3eb854dc53fe79c8991bc2b378d4246a312e5f42","sellTxId":"e7b574246d979264c5ee110be7d5d274e6c3296f"}
{"index": {"_index":"spt","_id":"1853923"}}
	{"id":1853923,"type":"buy","buyer":"ahmetay","seller":"costanza","symbol":"SPT","quantity":"2292.669395","price":"0.00950000","timestamp":1635782037,"volume":"21.78035925","buyTxId":"3eb854dc53fe79c8991bc2b378d4246a312e5f42","sellTxId":"609115e94698e51b2d253fe2c67aa250f5c3674a"}
{"index": {"_index":"spt","_id":"1853924"}}
	{"id":1853924,"type":"buy","buyer":"ahmetay","seller":"dlmmqb","symbol":"SPT","quantity":"791.333665","price":"0.00950000","timestamp":1635782037,"volume":"7.51766982","buyTxId":"3eb854dc53fe79c8991bc2b378d4246a312e5f42","sellTxId":"f9047fe6dc313ade2cce16cb8a5e2bbc95e52a62"}
{"index": {"_index":"spt","_id":"1853925"}}
	{"id":1853925,"type":"buy","buyer":"ahmetay","seller":"muzehan","symbol":"SPT","quantity":"1000.000000","price":"0.00960000","timestamp":1635782037,"volume":"9.60000000","buyTxId":"3eb854dc53fe79c8991bc2b378d4246a312e5f42","sellTxId":"b832ef3ad30ef7519eabd06349b5dc83af456c1d"}
{"index": {"_index":"spt","_id":"1853926"}}
	{"id":1853926,"type":"buy","buyer":"ahmetay","seller":"muzehan","symbol":"SPT","quantity":"1000.000000","price":"0.00980000","timestamp":1635782037,"volume":"9.80000000","buyTxId":"3eb854dc53fe79c8991bc2b378d4246a312e5f42","sellTxId":"e53e23f86d0775d38d3fa3876afd910ca782c696"}
{"index": {"_index":"spt","_id":"1853927"}}
	{"id":1853927,"type":"buy","buyer":"ahmetay","seller":"dhedge-drips","symbol":"SPT","quantity":"0.030000","price":"0.00996993","timestamp":1635782037,"volume":"0.00029910","buyTxId":"3eb854dc53fe79c8991bc2b378d4246a312e5f42","sellTxId":"b30340ada18b2ba88328f0317977a1b037df7fa0"}
{"index": {"_index":"spt","_id":"1853928"}}
	{"id":1853928,"type":"buy","buyer":"ahmetay","seller":"brofi-market","symbol":"SPT","quantity":"3.368495","price":"0.00996997","timestamp":1635782037,"volume":"0.03358379","buyTxId":"3eb854dc53fe79c8991bc2b378d4246a312e5f42","sellTxId":"8fcc692882de55ff64bdde971cdde494b516af7a"}
{"index": {"_index":"spt","_id":"1853929"}}
	{"id":1853929,"type":"buy","buyer":"ahmetay","seller":"moeenali","symbol":"SPT","quantity":"3970.990513","price":"0.00997000","timestamp":1635782037,"volume":"39.59077541","buyTxId":"3eb854dc53fe79c8991bc2b378d4246a312e5f42","sellTxId":"670f2aa99eff1f54d74cf4b2004c3937b9486fa6"}
{"index": {"_index":"spt","_id":"1853930"}}
	{"id":1853930,"type":"buy","buyer":"ahmetay","seller":"brofi-market","symbol":"SPT","quantity":"2.666497","price":"0.00998990","timestamp":1635782037,"volume":"0.02663804","buyTxId":"3eb854dc53fe79c8991bc2b378d4246a312e5f42","sellTxId":"d1cb2c813ecac532ece6458762b494b64e555c03"}
{"index": {"_index":"spt","_id":"1853931"}}
	{"id":1853931,"type":"buy","buyer":"ahmetay","seller":"solovey6o2","symbol":"SPT","quantity":"3888.396685","price":"0.00999998","timestamp":1635782037,"volume":"38.88388909","buyTxId":"3eb854dc53fe79c8991bc2b378d4246a312e5f42","sellTxId":"e6d8c88394f846e4d273df055185d9b0add731d0"}
{"index": {"_index":"spt","_id":"1854109"}}
	{"id":1854109,"type":"sell","buyer":"pi-trader","seller":"brofi-market","symbol":"SPT","quantity":"0.052835","price":"0.00910101","timestamp":1635783147,"volume":"0.00048085","buyTxId":"94fc201807944db75e421fbfb72a4a3dea1aa8c9-5","sellTxId":"7d9e27aa5d02acb9189327b474024bdab370701e"}
{"index": {"_index":"spt","_id":"1854207"}}
	{"id":1854207,"type":"buy","buyer":"aljif7","seller":"solovey6o2","symbol":"SPT","quantity":"24.000000","price":"0.00999998","timestamp":1635783783,"volume":"0.23999952","buyTxId":"279b81008da8e54fc3aab9be9d825ac946f6aea8","sellTxId":"e6d8c88394f846e4d273df055185d9b0add731d0"}
{"index": {"_index":"spt","_id":"1854244"}}
	{"id":1854244,"type":"sell","buyer":"pi-trader","seller":"najlive","symbol":"SPT","quantity":"2.027449","price":"0.00930119","timestamp":1635783954,"volume":"0.01885769","buyTxId":"eb658ddb37ac4e02802eca7e80458199b2c4e9f8-8","sellTxId":"0c2ec8ba6d6faec1ec186e4fe8791c3cefbee63e"}
{"index": {"_index":"spt","_id":"1854251"}}
	{"id":1854251,"type":"buy","buyer":"offgridlife","seller":"solovey6o2","symbol":"SPT","quantity":"200.000000","price":"0.00999998","timestamp":1635783993,"volume":"1.99999600","buyTxId":"b9733614371068bfdb1ce39eec8f06d4a1a9512f","sellTxId":"e6d8c88394f846e4d273df055185d9b0add731d0"}
{"index": {"_index":"spt","_id":"1854292"}}
	{"id":1854292,"type":"sell","buyer":"granddaddies","seller":"eforucom","symbol":"SPT","quantity":"56.687430","price":"0.00930123","timestamp":1635784149,"volume":"0.52726282","buyTxId":"c3f4bf09ad4a20dea65df780224dad3fc4df452e","sellTxId":"c7d27c3d7bb82e5e5b9dc9268b2d80e29f763c7e"}
{"index": {"_index":"spt","_id":"1854324"}}
	{"id":1854324,"type":"buy","buyer":"granddaddies","seller":"stickupcash","symbol":"SPT","quantity":"0.327000","price":"0.00930128","timestamp":1635784368,"volume":"0.00304152","buyTxId":"be07222cdcaf49f12041fb158a87a218e9157776","sellTxId":"3e248d6f842e6915dd52d9d8dc981f656e38ea01"}
{"index": {"_index":"spt","_id":"1854581"}}
	{"id":1854581,"type":"buy","buyer":"bitcoinportugal","seller":"solovey6o2","symbol":"SPT","quantity":"984.000000","price":"0.00999998","timestamp":1635785577,"volume":"9.83998032","buyTxId":"c11a0e0bc5bb4c62bca5ac9fe4b9db4a29d91760","sellTxId":"e6d8c88394f846e4d273df055185d9b0add731d0"}
{"index": {"_index":"spt","_id":"1854641"}}
	{"id":1854641,"type":"buy","buyer":"ahmetay","seller":"solovey6o2","symbol":"SPT","quantity":"8005.965077","price":"0.00999998","timestamp":1635785808,"volume":"80.05949065","buyTxId":"1bd58f183dad9d591068d4ff7a20e5f250718d45","sellTxId":"e6d8c88394f846e4d273df055185d9b0add731d0"}
{"index": {"_index":"spt","_id":"1854642"}}
	{"id":1854642,"type":"buy","buyer":"ahmetay","seller":"brofi-market","symbol":"SPT","quantity":"0.052835","price":"0.00999998","timestamp":1635785808,"volume":"0.00052835","buyTxId":"1bd58f183dad9d591068d4ff7a20e5f250718d45","sellTxId":"95fa2a88afda40624facdde29709defe42a0b777"}
{"index": {"_index":"spt","_id":"1854643"}}
	{"id":1854643,"type":"buy","buyer":"ahmetay","seller":"mastergerund","symbol":"SPT","quantity":"11993.998100","price":"0.01000000","timestamp":1635785808,"volume":"119.93998100","buyTxId":"1bd58f183dad9d591068d4ff7a20e5f250718d45","sellTxId":"225f889950049bc7e3706a40dbe67f39e7941553"}
{"index": {"_index":"spt","_id":"1854657"}}
	{"id":1854657,"type":"buy","buyer":"roger.remix","seller":"mastergerund","symbol":"SPT","quantity":"2000.000000","price":"0.01000000","timestamp":1635785901,"volume":"20.00000000","buyTxId":"c4b84c1e9592b9957b9562a1ba54f82300c1f899","sellTxId":"225f889950049bc7e3706a40dbe67f39e7941553"}
{"index": {"_index":"spt","_id":"1854666"}}
	{"id":1854666,"type":"buy","buyer":"ahmetay","seller":"mastergerund","symbol":"SPT","quantity":"57320.295810","price":"0.01000000","timestamp":1635785934,"volume":"573.20295810","buyTxId":"e9ccbe0336f046ac3fe03007843ff79492336dd5","sellTxId":"225f889950049bc7e3706a40dbe67f39e7941553"}
{"index": {"_index":"spt","_id":"1854667"}}
	{"id":1854667,"type":"buy","buyer":"ahmetay","seller":"muzehan","symbol":"SPT","quantity":"1000.000000","price":"0.01000000","timestamp":1635785934,"volume":"10.00000000","buyTxId":"e9ccbe0336f046ac3fe03007843ff79492336dd5","sellTxId":"93c970f8fbbe3a615aff517c8dcf1f091e081479"}
{"index": {"_index":"spt","_id":"1854715"}}
	{"id":1854715,"type":"sell","buyer":"pi-trader","seller":"adrian1968","symbol":"SPT","quantity":"10.563521","price":"0.00960159","timestamp":1635786294,"volume":"0.10142660","buyTxId":"9697eaad20de4f54e026029e75cb9452950718ba-7","sellTxId":"516a1f19e6f43d8e88e12aabf679fee5d4b14f17"}
{"index": {"_index":"spt","_id":"1854740"}}
	{"id":1854740,"type":"buy","buyer":"anadolu","seller":"abcor","symbol":"SPT","quantity":"138.110000","price":"0.01010000","timestamp":1635786480,"volume":"1.39491100","buyTxId":"46b63c8ccf235056f3ee49e18596e139f559bb5d","sellTxId":"ff4241e299cc8e060ea3ba82d02ca20d94b0d585"}
{"index": {"_index":"spt","_id":"1854854"}}
	{"id":1854854,"type":"sell","buyer":"pi-trader","seller":"kfifim121","symbol":"SPT","quantity":"22.440000","price":"0.00960177","timestamp":1635787140,"volume":"0.21546372","buyTxId":"6349dc10c0d5b74d138d5da8e4d9dae0c4dc550b-5","sellTxId":"ef81632955f1af3a97f4e27b6d81d8f86925225c"}
{"index": {"_index":"spt","_id":"1854865"}}
	{"id":1854865,"type":"buy","buyer":"kevm","seller":"brofi-market","symbol":"SPT","quantity":"1.000000","price":"0.01029950","timestamp":1635787230,"volume":"0.01029950","buyTxId":"76f1f5608faf79057fe0f808c3c37d61e46fed87","sellTxId":"fc41b6a044b21f18f1d541718a3205f129df35b6"}
{"index": {"_index":"spt","_id":"1855091"}}
	{"id":1855091,"type":"sell","buyer":"granddaddies","seller":"dauerbrenner05","symbol":"SPT","quantity":"0.215467","price":"0.00901008","timestamp":1635788955,"volume":"0.00194137","buyTxId":"98535edeb6a62c01c5c22747555e6260b0abac99","sellTxId":"8d94af5b35c4b18bb972f6df4f1c072393820391"}
{"index": {"_index":"spt","_id":"1855210"}}
	{"id":1855210,"type":"buy","buyer":"jongolson","seller":"badnewsbeards","symbol":"SPT","quantity":"1000.000000","price":"0.00986942","timestamp":1635789699,"volume":"9.86942000","buyTxId":"6eb9abf43bbcba9cc58496928b0d9b2771419255","sellTxId":"579cabb6026514c570478143e9787d1b22724aa7"}
{"index": {"_index":"spt","_id":"1855377"}}
	{"id":1855377,"type":"buy","buyer":"ahmetay","seller":"badnewsbeards","symbol":"SPT","quantity":"1700.000000","price":"0.00986942","timestamp":1635790734,"volume":"16.77801400","buyTxId":"8d45af9c771b16eb6df4e1cbcbe8049d5eb5459f","sellTxId":"579cabb6026514c570478143e9787d1b22724aa7"}
{"index": {"_index":"spt","_id":"1855384"}}
	{"id":1855384,"type":"sell","buyer":"pi-trader","seller":"dswap","symbol":"SPT","quantity":"2183.074035","price":"0.00901001","timestamp":1635790776,"volume":"19.66951889","buyTxId":"66935b79fead4650c661a19288a720aac857647e-1","sellTxId":"d745a81e830f0a2beab8f6a5be594848588c0bb6"}
{"index": {"_index":"spt","_id":"1855467"}}
	{"id":1855467,"type":"sell","buyer":"granddaddies","seller":"solaito","symbol":"SPT","quantity":"251.639562","price":"0.00901006","timestamp":1635791289,"volume":"2.26728755","buyTxId":"214b438278a5b5f2e4dbf23196bc0293816a7cd2","sellTxId":"c735cedadeefef73d7731e5622f1424b30558637"}
{"index": {"_index":"spt","_id":"1855807"}}
	{"id":1855807,"type":"sell","buyer":"pi-trader","seller":"captainkaye","symbol":"SPT","quantity":"8000.000000","price":"0.00901049","timestamp":1635793914,"volume":"72.08392000","buyTxId":"02b3f97cb414c84b61d5b722cede397f3a3c797d-1","sellTxId":"585feeebb23612dfdf1ceb2c0d052781cb7dd768"}
{"index": {"_index":"spt","_id":"1855808"}}
	{"id":1855808,"type":"sell","buyer":"granddaddies","seller":"captainkaye","symbol":"SPT","quantity":"151992.000000","price":"0.00901049","timestamp":1635793914,"volume":"1369.52239608","buyTxId":"fad2951aa1492885e07d4c68481d7b2bdb3000eb","sellTxId":"585feeebb23612dfdf1ceb2c0d052781cb7dd768"}
{"index": {"_index":"spt","_id":"1855809"}}
	{"id":1855809,"type":"sell","buyer":"solovey6o2","seller":"captainkaye","symbol":"SPT","quantity":"25582.000000","price":"0.00901048","timestamp":1635793914,"volume":"230.50609936","buyTxId":"5e4cb757398a2c334872134ae8e3cc86f791ef16","sellTxId":"585feeebb23612dfdf1ceb2c0d052781cb7dd768"}
{"index": {"_index":"spt","_id":"1855810"}}
	{"id":1855810,"type":"sell","buyer":"master-lamps","seller":"captainkaye","symbol":"SPT","quantity":"10.458232","price":"0.00901000","timestamp":1635793914,"volume":"0.09422867","buyTxId":"e748d454a5a7de7ccdee84002edefacfcf69c932","sellTxId":"585feeebb23612dfdf1ceb2c0d052781cb7dd768"}
{"index": {"_index":"spt","_id":"1855889"}}
	{"id":1855889,"type":"buy","buyer":"ahmetay","seller":"master-lamps","symbol":"SPT","quantity":"10.458232","price":"0.00899900","timestamp":1635794610,"volume":"0.09411363","buyTxId":"4443351fb1ddbd217dd6cc40eb460c4cf1503ae7","sellTxId":"33f1e5e9703eb75184b03fe39733a4fce1c036fb"}
{"index": {"_index":"spt","_id":"1855890"}}
	{"id":1855890,"type":"buy","buyer":"ahmetay","seller":"solovey6o2","symbol":"SPT","quantity":"11100.678709","price":"0.00899998","timestamp":1635794610,"volume":"99.90588637","buyTxId":"4443351fb1ddbd217dd6cc40eb460c4cf1503ae7","sellTxId":"f409385c1c0e5e0721506d25b78044e3475b5b7b"}
{"index": {"_index":"spt","_id":"1855896"}}
	{"id":1855896,"type":"buy","buyer":"ahmetay","seller":"solovey6o2","symbol":"SPT","quantity":"14481.321291","price":"0.00899998","timestamp":1635794691,"volume":"130.33160199","buyTxId":"f4561f581446a6c990dd15e7d1282c53ec9e12fa","sellTxId":"f409385c1c0e5e0721506d25b78044e3475b5b7b"}
{"index": {"_index":"spt","_id":"1855898"}}
	{"id":1855898,"type":"buy","buyer":"ahmetay","seller":"captainkaye","symbol":"SPT","quantity":"25242.541768","price":"0.00900000","timestamp":1635794721,"volume":"227.18287591","buyTxId":"1dd7ad216bc43cbd53a7152d2412de043b56b540","sellTxId":"585feeebb23612dfdf1ceb2c0d052781cb7dd768"}
{"index": {"_index":"spt","_id":"1856017"}}
	{"id":1856017,"type":"buy","buyer":"ahmetay","seller":"lologom","symbol":"SPT","quantity":"2039.055747","price":"0.00996000","timestamp":1635795489,"volume":"20.30899524","buyTxId":"538c9aba8b7ddd912fb521ad101ca119a5e07f1f","sellTxId":"3a0e032d079bdc1e6147b5eb2e54da5eb31e0d51"}
{"index": {"_index":"spt","_id":"1856051"}}
	{"id":1856051,"type":"buy","buyer":"ahmetay","seller":"revisesociology","symbol":"SPT","quantity":"1000.000000","price":"0.00980000","timestamp":1635795801,"volume":"9.80000000","buyTxId":"9746009fbca1c65ecc379da456ea1562c1527a2d","sellTxId":"782476cef488442c79654bdf628044791b25933b"}
{"index": {"_index":"spt","_id":"1856144"}}
	{"id":1856144,"type":"sell","buyer":"pi-trader","seller":"zero14","symbol":"SPT","quantity":"374.844135","price":"0.00850048","timestamp":1635796707,"volume":"3.18635507","buyTxId":"69ceb3324d95604ea3cb5c0812286b34d0fed2b7-9","sellTxId":"ff124826c4e99767575c7dd454eef59c448324cb"}
{"index": {"_index":"spt","_id":"1856261"}}
	{"id":1856261,"type":"sell","buyer":"pi-trader","seller":"brofi-market","symbol":"SPT","quantity":"0.128792","price":"0.00850039","timestamp":1635797523,"volume":"0.00109478","buyTxId":"c113c43b21f238cc0cbc67f4147a96a56545203a-8","sellTxId":"6bf2576306c88c22db2ac530a4116bbf14c0f76f"}
{"index": {"_index":"spt","_id":"1856368"}}
	{"id":1856368,"type":"sell","buyer":"pi-trader","seller":"nascimentoab","symbol":"SPT","quantity":"2.845723","price":"0.00850037","timestamp":1635798816,"volume":"0.02418970","buyTxId":"d30f74ae2219265d53bd988a9c01cbf50155fecb-3","sellTxId":"c015f9f5c810b47d7709a3747c1ed8e14ef40271"}
{"index": {"_index":"spt","_id":"1856405"}}
	{"id":1856405,"type":"sell","buyer":"pi-trader","seller":"cliffagreen","symbol":"SPT","quantity":"1.068010","price":"0.00850043","timestamp":1635799107,"volume":"0.00907854","buyTxId":"3d9265ab33df8ae6df429a44401244ba5b33b63d-5","sellTxId":"ef24c556349134f888a79e8b5cb920f49bf3c97f"}
{"index": {"_index":"spt","_id":"1856927"}}
	{"id":1856927,"type":"sell","buyer":"pi-trader","seller":"choof","symbol":"SPT","quantity":"2502.465150","price":"0.00850059","timestamp":1635803904,"volume":"21.27243023","buyTxId":"a4666c513ccf6de78f40a65733148aec8c645d1d-9","sellTxId":"b8e2bdfd1011de6c621c85062e4d6fcc58d27923"}
{"index": {"_index":"spt","_id":"1857181"}}
	{"id":1857181,"type":"buy","buyer":"pi-trader","seller":"dudeontheweb","symbol":"SPT","quantity":"42.000000","price":"0.00850052","timestamp":1635806157,"volume":"0.35702184","buyTxId":"b7f08dc14a28ebdc924fad4967613c1b12f8a4c4-5","sellTxId":"d6a6bd34bb8e125b4606c9af65be47ba0de5c5e5"}
{"index": {"_index":"spt","_id":"1857199"}}
	{"id":1857199,"type":"sell","buyer":"pi-trader","seller":"magnacarta","symbol":"SPT","quantity":"0.753201","price":"0.00850046","timestamp":1635806394,"volume":"0.00640255","buyTxId":"e1b83a4f929ba655537c6897804014e84ce22e8b-5","sellTxId":"4e69bc1e9a2cbd050c8c4cc4b61bd1bbaf645ed5"}
{"index": {"_index":"spt","_id":"1857326"}}
	{"id":1857326,"type":"sell","buyer":"pi-trader","seller":"nnniel11","symbol":"SPT","quantity":"102.194888","price":"0.00855013","timestamp":1635807633,"volume":"0.87377958","buyTxId":"f6fb5241d962f6c2c01ce93855d6e91ceb2c03eb-5","sellTxId":"9b5ef140eb128b8389b72458e9eb137f7d72a6f0"}
{"index": {"_index":"spt","_id":"1857354"}}
	{"id":1857354,"type":"sell","buyer":"pi-trader","seller":"knightsunited","symbol":"SPT","quantity":"1931.277472","price":"0.00855019","timestamp":1635807885,"volume":"16.51278933","buyTxId":"4ebd158778d57f8fff3c5eb2513f227e56bd72f6-1","sellTxId":"9d8cb35070dc6399127b3448216466118ac967c6"}
{"index": {"_index":"spt","_id":"1857379"}}
	{"id":1857379,"type":"sell","buyer":"solovey6o2","seller":"tajimkhan","symbol":"SPT","quantity":"553.055970","price":"0.00855010","timestamp":1635808356,"volume":"4.72868385","buyTxId":"2fad28f9f011df926e3d50e4ed306450c443a33a","sellTxId":"5a9a87d8186fb2e1e5250ceba8cea01403f9ab52"}
{"index": {"_index":"spt","_id":"1857422"}}
	{"id":1857422,"type":"sell","buyer":"mavrik","seller":"tarazkp","symbol":"SPT","quantity":"50.000000","price":"0.00870000","timestamp":1635808770,"volume":"0.43500000","buyTxId":"9751d06324b44b0db660d70f9e1231fb2d427b64","sellTxId":"4d3c631059f235daebb78025ea79a0552ae5a0d5"}
{"index": {"_index":"spt","_id":"1857425"}}
	{"id":1857425,"type":"buy","buyer":"pi-trader","seller":"tarazkp","symbol":"SPT","quantity":"2095.157453","price":"0.00870000","timestamp":1635808776,"volume":"18.22786984","buyTxId":"bdf19e3e593a8cd8122366b27543b813c033525b-1","sellTxId":"4d3c631059f235daebb78025ea79a0552ae5a0d5"}
{"index": {"_index":"spt","_id":"1857434"}}
	{"id":1857434,"type":"buy","buyer":"egistar","seller":"abcor","symbol":"SPT","quantity":"83.586642","price":"0.00980000","timestamp":1635808923,"volume":"0.8191491","buyTxId":"ba96d00a0a01499f7648e1707d6e03c5ec8676d6","sellTxId":"8e8b1c9eaaefa866e18d92388ba93008cc7a2179"}
{"index": {"_index":"spt","_id":"1857489"}}
	{"id":1857489,"type":"buy","buyer":"egistar","seller":"abcor","symbol":"SPT","quantity":"135.322373","price":"0.00980000","timestamp":1635809511,"volume":"1.32615926","buyTxId":"92fa1c4ca3439d214aee92bd7289948ae544624d","sellTxId":"8e8b1c9eaaefa866e18d92388ba93008cc7a2179"}
{"index": {"_index":"spt","_id":"1857490"}}
	{"id":1857490,"type":"buy","buyer":"egistar","seller":"he-index","symbol":"SPT","quantity":"0.006000","price":"0.00980000","timestamp":1635809511,"volume":"0.00005880","buyTxId":"92fa1c4ca3439d214aee92bd7289948ae544624d","sellTxId":"222e2b3007ac5d4669508ecdfbfae8a6ba21808e"}
{"index": {"_index":"spt","_id":"1857491"}}
	{"id":1857491,"type":"buy","buyer":"egistar","seller":"lulu-the-fizzgig","symbol":"SPT","quantity":"163.569570","price":"0.00999987","timestamp":1635809511,"volume":"1.63567444","buyTxId":"92fa1c4ca3439d214aee92bd7289948ae544624d","sellTxId":"265663b49e3a42a5117c13c0efc31b17ad507871"}
{"index": {"_index":"spt","_id":"1857670"}}
	{"id":1857670,"type":"sell","buyer":"granddaddies","seller":"justinparke","symbol":"SPT","quantity":"3.574023","price":"0.00930003","timestamp":1635811761,"volume":"0.03323852","buyTxId":"820ba9fc3ebc25cd123ca6f61ca03c894419bc24","sellTxId":"65779882ed1dd855c3436c327be3df846878f561"}
{"index": {"_index":"spt","_id":"1857712"}}
	{"id":1857712,"type":"sell","buyer":"pi-trader","seller":"brofi-market","symbol":"SPT","quantity":"4.357143","price":"0.00930006","timestamp":1635811947,"volume":"0.04052169","buyTxId":"168ee29904aa01fe3c5404a68a90976a40962b0c-8","sellTxId":"2a646a6d7cbb6daefafb92c231aa0fbf2b51b86e"}
{"index": {"_index":"spt","_id":"1857715"}}
	{"id":1857715,"type":"sell","buyer":"pi-trader","seller":"trentonlundy1","symbol":"SPT","quantity":"0.136655","price":"0.00930006","timestamp":1635811965,"volume":"0.00127090","buyTxId":"168ee29904aa01fe3c5404a68a90976a40962b0c-8","sellTxId":"d8e280d1660249680fc7c82b7699fbf7960175dd"}
{"index": {"_index":"spt","_id":"1857986"}}
	{"id":1857986,"type":"sell","buyer":"pi-trader","seller":"felipejoys","symbol":"SPT","quantity":"1400.000000","price":"0.00930006","timestamp":1635813726,"volume":"13.02008400","buyTxId":"da487d1e4a8daa36b8bfd053600e934a2bf73b8f-5","sellTxId":"344b90397b391630ec568ec2fb3cb43adeed2904"}
{"index": {"_index":"spt","_id":"1858047"}}
	{"id":1858047,"type":"sell","buyer":"pi-trader","seller":"dhedge-drips","symbol":"SPT","quantity":"0.027574","price":"0.00930013","timestamp":1635814008,"volume":"0.00025644","buyTxId":"316814b9a3f8698d84344bea37430c6c36d8e32f-7","sellTxId":"252f4a7dc040bbf51fadc49abe734f472ce4ef96"}
{"index": {"_index":"spt","_id":"1858071"}}
	{"id":1858071,"type":"sell","buyer":"solovey6o2","seller":"dakeshi","symbol":"SPT","quantity":"285.649637","price":"0.00930014","timestamp":1635814056,"volume":"2.65658162","buyTxId":"4dbe9d73b30ac843763509a6e5121681fca47489","sellTxId":"b5818bfade85c04b5d86ab3f9d45b9d06b070ce2"}
{"index": {"_index":"spt","_id":"1858095"}}
	{"id":1858095,"type":"buy","buyer":"hiveexplorers","seller":"solovey6o2","symbol":"SPT","quantity":"553.055970","price":"0.00989998","timestamp":1635814227,"volume":"5.47524304","buyTxId":"df82a6eb409a677f605478906b661a08a0a0f232","sellTxId":"7cae52bd2c1bf47dcbc8b2bdd0beb08b13dbb01d"}
{"index": {"_index":"spt","_id":"1858096"}}
	{"id":1858096,"type":"buy","buyer":"hiveexplorers","seller":"brofi-market","symbol":"SPT","quantity":"4.357143","price":"0.00989998","timestamp":1635814227,"volume":"0.04313563","buyTxId":"df82a6eb409a677f605478906b661a08a0a0f232","sellTxId":"090ba97ab29f57c380b7a020970e1fddf288cf4b"}
{"index": {"_index":"spt","_id":"1858097"}}
	{"id":1858097,"type":"buy","buyer":"hiveexplorers","seller":"dhedge-drips","symbol":"SPT","quantity":"0.027574","price":"0.00989998","timestamp":1635814227,"volume":"0.00027298","buyTxId":"df82a6eb409a677f605478906b661a08a0a0f232","sellTxId":"ecdab0192941e4db654ccc87b38ab46884b07389"}
{"index": {"_index":"spt","_id":"1858098"}}
	{"id":1858098,"type":"buy","buyer":"hiveexplorers","seller":"sbi-tokens","symbol":"SPT","quantity":"13638.748510","price":"0.00990000","timestamp":1635814227,"volume":"135.02361025","buyTxId":"df82a6eb409a677f605478906b661a08a0a0f232","sellTxId":"75b1357ca91eae0e67439cdfbdc9a565d7ebdd21"}
{"index": {"_index":"spt","_id":"1858099"}}
	{"id":1858099,"type":"buy","buyer":"hiveexplorers","seller":"lulu-the-fizzgig","symbol":"SPT","quantity":"436.430430","price":"0.00999987","timestamp":1635814227,"volume":"4.36424756","buyTxId":"df82a6eb409a677f605478906b661a08a0a0f232","sellTxId":"265663b49e3a42a5117c13c0efc31b17ad507871"}
{"index": {"_index":"spt","_id":"1858100"}}
	{"id":1858100,"type":"buy","buyer":"hiveexplorers","seller":"akdx","symbol":"SPT","quantity":"494.370000","price":"0.01000000","timestamp":1635814227,"volume":"4.94370000","buyTxId":"df82a6eb409a677f605478906b661a08a0a0f232","sellTxId":"6d04210fa63b7f0a9541199dca6ec8c21681762b"}
{"index": {"_index":"spt","_id":"1858101"}}
	{"id":1858101,"type":"buy","buyer":"hiveexplorers","seller":"brofi-market","symbol":"SPT","quantity":"0.128792","price":"0.01000000","timestamp":1635814227,"volume":"0.00128792","buyTxId":"df82a6eb409a677f605478906b661a08a0a0f232","sellTxId":"687d9f3532d57b846e6d8ec23b6239ce6aab9b97"}
{"index": {"_index":"spt","_id":"1858102"}}
	{"id":1858102,"type":"buy","buyer":"hiveexplorers","seller":"uyobong","symbol":"SPT","quantity":"222.983139","price":"0.01000000","timestamp":1635814227,"volume":"2.22983139","buyTxId":"df82a6eb409a677f605478906b661a08a0a0f232","sellTxId":"eac4e07b6a311abddf51f0d0149bafdd1638963b"}
{"index": {"_index":"spt","_id":"1858103"}}
	{"id":1858103,"type":"buy","buyer":"hiveexplorers","seller":"vegoz","symbol":"SPT","quantity":"1143.098319","price":"0.01000000","timestamp":1635814227,"volume":"11.43098319","buyTxId":"df82a6eb409a677f605478906b661a08a0a0f232","sellTxId":"986f25060e604bfe3695cd85ac0ef086687138fe"}
{"index": {"_index":"spt","_id":"1858104"}}
	{"id":1858104,"type":"buy","buyer":"hiveexplorers","seller":"yameen","symbol":"SPT","quantity":"22.306887","price":"0.01029940","timestamp":1635814227,"volume":"0.22974755","buyTxId":"df82a6eb409a677f605478906b661a08a0a0f232","sellTxId":"e08e3ced309303413a9d663b97fad10e0e64cc48"}
{"index": {"_index":"spt","_id":"1858105"}}
	{"id":1858105,"type":"buy","buyer":"hiveexplorers","seller":"brofi-market","symbol":"SPT","quantity":"0.685106","price":"0.01029950","timestamp":1635814227,"volume":"0.00705625","buyTxId":"df82a6eb409a677f605478906b661a08a0a0f232","sellTxId":"fc41b6a044b21f18f1d541718a3205f129df35b6"}
{"index": {"_index":"spt","_id":"1858106"}}
	{"id":1858106,"type":"buy","buyer":"hiveexplorers","seller":"laundrywoman","symbol":"SPT","quantity":"17040.041046","price":"0.01077999","timestamp":1635814227,"volume":"183.69147208","buyTxId":"df82a6eb409a677f605478906b661a08a0a0f232","sellTxId":"cb3361645d74fc05615baa9bdfb8d7b1fc8ff7f9"}
{"index": {"_index":"spt","_id":"1858265"}}
	{"id":1858265,"type":"sell","buyer":"pi-trader","seller":"roguecrane","symbol":"SPT","quantity":"0.000341","price":"0.00930024","timestamp":1635815559,"volume":"0.00000317","buyTxId":"b6830b11aca5e14b096e0c07aa6d68f457326d7c-5","sellTxId":"6be92460ee5fa63045175d5b7b045bc44ea1b2e3"}
{"index": {"_index":"spt","_id":"1858476"}}
	{"id":1858476,"type":"sell","buyer":"pi-trader","seller":"chireerocks","symbol":"SPT","quantity":"12.432118","price":"0.00930029","timestamp":1635817443,"volume":"0.11562230","buyTxId":"bb96ed7a4c2722ba78272efab28a4f3e06459190-7","sellTxId":"7034fbb8c5876e48ad6062d25b88c0394a7e5a67"}
{"index": {"_index":"spt","_id":"1858729"}}
	{"id":1858729,"type":"sell","buyer":"pi-trader","seller":"jaopalas","symbol":"SPT","quantity":"32.775877","price":"0.00930015","timestamp":1635819864,"volume":"0.30482057","buyTxId":"28f9d58ad6ce54ca09efdef52a9bdbd4d30b88b8-1","sellTxId":"b8578446ef9a645cd1651c19a8c387c0bb0fc3d2"}
{"index": {"_index":"spt","_id":"1858754"}}
	{"id":1858754,"type":"sell","buyer":"pi-trader","seller":"pro12","symbol":"SPT","quantity":"1500","price":"0.00930020","timestamp":1635820011,"volume":"13.95030000","buyTxId":"b2772b335a109137d201b84a612cb9b8f48485fb-3","sellTxId":"526f9908767ce5f0120602fc5cbc30b6346a8c97"}
{"index": {"_index":"spt","_id":"1858758"}}
	{"id":1858758,"type":"sell","buyer":"pi-trader","seller":"themarkymark","symbol":"SPT","quantity":"38.101000","price":"0.00930020","timestamp":1635820026,"volume":"0.35434692","buyTxId":"b2772b335a109137d201b84a612cb9b8f48485fb-3","sellTxId":"94baacd712ee7384a63d3fe90d975305a0b3a43d"}
{"index": {"_index":"spt","_id":"1858817"}}
	{"id":1858817,"type":"sell","buyer":"pi-trader","seller":"dkid14","symbol":"SPT","quantity":"432.345077","price":"0.00930014","timestamp":1635820515,"volume":"4.02086974","buyTxId":"63fe1d20819ef1bd02c6eed1d2fa1ecba1d5381e-1","sellTxId":"567c8637bee94c100a945925522af62cd378bb08"}
{"index": {"_index":"spt","_id":"1858838"}}
	{"id":1858838,"type":"buy","buyer":"anadolu","seller":"myothuzar","symbol":"SPT","quantity":"15053.325477","price":"0.01079000","timestamp":1635820830,"volume":"162.42538190","buyTxId":"f168d4a65010eae4e117b37f24149902a3adfe60","sellTxId":"4735ecd9b6c230814a025f43a8e793f8726a2c16"}
{"index": {"_index":"spt","_id":"1858866"}}
	{"id":1858866,"type":"sell","buyer":"pi-trader","seller":"georgeknowsall","symbol":"SPT","quantity":"23.586190","price":"0.00951001","timestamp":1635821223,"volume":"0.22430490","buyTxId":"819e07320116f0d5de7382e6ee7045f500f0bc93-1","sellTxId":"69e6e2a760fd20559b1526b663443442039b9bf8"}
{"index": {"_index":"spt","_id":"1858889"}}
	{"id":1858889,"type":"sell","buyer":"granddaddies","seller":"steem82868","symbol":"SPT","quantity":"3.996091","price":"0.00951008","timestamp":1635821457,"volume":"0.03800315","buyTxId":"5be4492853bd0085d4516be0f7a25daa2f1bec8b","sellTxId":"a9b48853453bbed9742585e727cd4d2cb76d2111"}
{"index": {"_index":"spt","_id":"1858940"}}
	{"id":1858940,"type":"sell","buyer":"pi-trader","seller":"denjii","symbol":"SPT","quantity":"160.536975","price":"0.00951007","timestamp":1635821922,"volume":"1.52671787","buyTxId":"4194885d6c85e26f9ecc3cb9f1a162dfe4427cae-5","sellTxId":"84d53cfe6a56618201bd54b7e1344e02ded0be48"}
{"index": {"_index":"spt","_id":"1859111"}}
	{"id":1859111,"type":"buy","buyer":"evernoticethat","seller":"muzehan","symbol":"SPT","quantity":"648.889000","price":"0.01100000","timestamp":1635823287,"volume":"7.13777900","buyTxId":"e4385ba6d13513ce13f762774b81624fe1c4abce","sellTxId":"000545f15fb508080c3aa4b4f31acf1b7dfbcb6f"}
{"index": {"_index":"spt","_id":"1859162"}}
	{"id":1859162,"type":"sell","buyer":"solovey6o2","seller":"saachi","symbol":"SPT","quantity":"400.000000","price":"0.00952020","timestamp":1635823686,"volume":"3.80808000","buyTxId":"2685893c9877aab1b1e6fbde8c029db5e834076e","sellTxId":"8c8fd79685e60aad3425dca3d4c691e215ad3e9d"}
{"index": {"_index":"spt","_id":"1859188"}}
	{"id":1859188,"type":"sell","buyer":"pi-trader","seller":"rowell","symbol":"SPT","quantity":"167.327502","price":"0.00952024","timestamp":1635823872,"volume":"1.59299798","buyTxId":"2572ca556271ea901df2aed308cf90ea7608b907-5","sellTxId":"e60b9449df2a6afeeb069bdcc41420e720a7f7fc"}
{"index": {"_index":"spt","_id":"1859221"}}
	{"id":1859221,"type":"buy","buyer":"bitcoinjake09","seller":"muzehan","symbol":"SPT","quantity":"1.000000","price":"0.01100000","timestamp":1635824247,"volume":"0.01100000","buyTxId":"af3962848570d949de23006257c4b03bb7a25b1e","sellTxId":"000545f15fb508080c3aa4b4f31acf1b7dfbcb6f"}
