{"index": {"_index":"spt","_id":"3753400"}}
	{"id":3753400,"type":"sell","buyer":"thewycher","seller":"noblebright","symbol":"SPT","quantity":"4.914716","price":"0.00220000","timestamp":1655951886,"volume":"0.01081238","buyTxId":"2437c84f076af1692f783040db6980c610df135d","sellTxId":"77317609d03e5f395675dcd623dc838cc840bff9"}
{"index": {"_index":"spt","_id":"3753413"}}
	{"id":3753413,"type":"buy","buyer":"evernoticethat","seller":"greengineer","symbol":"SPT","quantity":"1331.043366","price":"0.00232900","timestamp":1655952081,"volume":"3.1","buyTxId":"dbe8755b66f8732993271e3d10b39dc732111b03","sellTxId":"937b9305a27a235b32d5bd31958f9b4fa7f2b7bb"}
{"index": {"_index":"spt","_id":"3753781"}}
	{"id":3753781,"type":"sell","buyer":"thewycher","seller":"mightyrocklee","symbol":"SPT","quantity":"420.398351","price":"0.00220000","timestamp":1655960019,"volume":"0.92487637","buyTxId":"2437c84f076af1692f783040db6980c610df135d","sellTxId":"7568c48069c22c52837ba41c0b7004de736b475a"}
{"index": {"_index":"spt","_id":"3753782"}}
	{"id":3753782,"type":"sell","buyer":"multifurcate","seller":"mightyrocklee","symbol":"SPT","quantity":"245.697442","price":"0.00214100","timestamp":1655960019,"volume":"0.52603822","buyTxId":"c73e6b09176c69d045bab6ef2b719685a0d7f943","sellTxId":"7568c48069c22c52837ba41c0b7004de736b475a"}
{"index": {"_index":"spt","_id":"3753840"}}
	{"id":3753840,"type":"sell","buyer":"multifurcate","seller":"frawdielp2","symbol":"SPT","quantity":"25.040189","price":"0.00219600","timestamp":1655960877,"volume":"0.05498826","buyTxId":"87036b23805080430bbc2eef373776713b13389d","sellTxId":"47e6ddbe981afc0afae72823ff8ca8731ae0ae20"}
{"index": {"_index":"spt","_id":"3753894"}}
	{"id":3753894,"type":"sell","buyer":"multifurcate","seller":"pjansen","symbol":"SPT","quantity":"584.332443","price":"0.00219600","timestamp":1655961114,"volume":"1.28319404","buyTxId":"87036b23805080430bbc2eef373776713b13389d","sellTxId":"a6e813bbe2b4a5247c4cea4cd539f3cb4b1d33a9"}
{"index": {"_index":"spt","_id":"3754352"}}
	{"id":3754352,"type":"sell","buyer":"multifurcate","seller":"pjansen","symbol":"SPT","quantity":"830.139419","price":"0.00222100","timestamp":1655966661,"volume":"1.84373965","buyTxId":"dfaa552bb89380173c0b89ac6bf02b8b3eb21b24","sellTxId":"5bb900b563bdf920edb619de4ecf30eb556a591c"}
{"index": {"_index":"spt","_id":"3754368"}}
	{"id":3754368,"type":"sell","buyer":"multifurcate","seller":"dhedge-drips","symbol":"SPT","quantity":"0.005750","price":"0.00222100","timestamp":1655966763,"volume":"0.00001277","buyTxId":"dfaa552bb89380173c0b89ac6bf02b8b3eb21b24","sellTxId":"e10031e5616d25a87b5cd482d65dda1da774cae1"}
{"index": {"_index":"spt","_id":"3754415"}}
	{"id":3754415,"type":"sell","buyer":"multifurcate","seller":"jdike","symbol":"SPT","quantity":"90.708088","price":"0.00222100","timestamp":1655966997,"volume":"0.20146266","buyTxId":"dfaa552bb89380173c0b89ac6bf02b8b3eb21b24","sellTxId":"e01aad4f101b4a960eb5ba8e991aece1ad7b74e9"}
{"index": {"_index":"spt","_id":"3754451"}}
	{"id":3754451,"type":"sell","buyer":"multifurcate","seller":"socialmediaseo","symbol":"SPT","quantity":"20.023605","price":"0.00222100","timestamp":1655967531,"volume":"0.04447243","buyTxId":"dfaa552bb89380173c0b89ac6bf02b8b3eb21b24","sellTxId":"1bfa6981f4c5dc563cfdcf39aba2a813882073dd"}
{"index": {"_index":"spt","_id":"3754495"}}
	{"id":3754495,"type":"sell","buyer":"multifurcate","seller":"penyaircyber","symbol":"SPT","quantity":"0.000005","price":"0.00222100","timestamp":1655968338,"volume":"0.00000001","buyTxId":"dfaa552bb89380173c0b89ac6bf02b8b3eb21b24","sellTxId":"734503026ad254b0472a34e7d85ebbb67a741ca4"}
{"index": {"_index":"spt","_id":"3754548"}}
	{"id":3754548,"type":"buy","buyer":"dswap","seller":"greengineer","symbol":"SPT","quantity":"821.670244","price":"0.00232900","timestamp":1655968971,"volume":"1.91367000","buyTxId":"a01f6fe56c3af3703e492ca6efa0bad2738b5b41","sellTxId":"937b9305a27a235b32d5bd31958f9b4fa7f2b7bb"}
{"index": {"_index":"spt","_id":"3754637"}}
	{"id":3754637,"type":"sell","buyer":"multifurcate","seller":"elricmoonslayer","symbol":"SPT","quantity":"13.190855","price":"0.00222100","timestamp":1655969883,"volume":"0.02929689","buyTxId":"dfaa552bb89380173c0b89ac6bf02b8b3eb21b24","sellTxId":"3df4888348db701fa7b44d8a29280fa3406271a2"}
{"index": {"_index":"spt","_id":"3754836"}}
	{"id":3754836,"type":"buy","buyer":"kevm","seller":"greengineer","symbol":"SPT","quantity":"68.655105","price":"0.00232900","timestamp":1655973249,"volume":"0.15989774","buyTxId":"f671987f3f087e98587f0be56103bd4bad843ebe","sellTxId":"937b9305a27a235b32d5bd31958f9b4fa7f2b7bb"}
{"index": {"_index":"spt","_id":"3754895"}}
	{"id":3754895,"type":"sell","buyer":"multifurcate","seller":"lenonmc21","symbol":"SPT","quantity":"12750.276201","price":"0.00223100","timestamp":1655974233,"volume":"28.44586620","buyTxId":"a6d5b2f025c640e47c5716d339ea1a17d91635d6","sellTxId":"6c10b84bed93de2e65096e773ab5f9649301c006"}
{"index": {"_index":"spt","_id":"3755012"}}
	{"id":3755012,"type":"sell","buyer":"multifurcate","seller":"pjansen","symbol":"SPT","quantity":"829.03383","price":"0.00224100","timestamp":1655975778,"volume":"1.85786481","buyTxId":"bc744c61eb762077cd7a281682e69b4b9c9b1c91","sellTxId":"0b17d3a87d58d19042b9419351255af65a3e59a4"}
{"index": {"_index":"spt","_id":"3755091"}}
	{"id":3755091,"type":"sell","buyer":"multifurcate","seller":"steemmonsterking","symbol":"SPT","quantity":"50.514622","price":"0.00224100","timestamp":1655976660,"volume":"0.11320327","buyTxId":"bc744c61eb762077cd7a281682e69b4b9c9b1c91","sellTxId":"51a81c9b5b9c4f2c25634d53b09abb3c9817d6e6"}
{"index": {"_index":"spt","_id":"3755223"}}
	{"id":3755223,"type":"sell","buyer":"multifurcate","seller":"splinter-anjos","symbol":"SPT","quantity":"2349.035670","price":"0.00224100","timestamp":1655978832,"volume":"5.26418894","buyTxId":"bc744c61eb762077cd7a281682e69b4b9c9b1c91","sellTxId":"59f6dd27b59a822de6aa72c4dac504a999736622"}
{"index": {"_index":"spt","_id":"3755810"}}
	{"id":3755810,"type":"buy","buyer":"dbooster","seller":"greengineer","symbol":"SPT","quantity":"21.366832","price":"0.00232900","timestamp":1655983857,"volume":"0.04976335","buyTxId":"60f567f979e2f06c803758635b91d202fa4afe30","sellTxId":"937b9305a27a235b32d5bd31958f9b4fa7f2b7bb"}
{"index": {"_index":"spt","_id":"3755811"}}
	{"id":3755811,"type":"buy","buyer":"dbooster","seller":"dhedge-drips","symbol":"SPT","quantity":"0.005750","price":"0.00232900","timestamp":1655983857,"volume":"0.00001339","buyTxId":"60f567f979e2f06c803758635b91d202fa4afe30","sellTxId":"4cb2e7bd4f40bd8daab39894a6405bfee6294ef8"}
{"index": {"_index":"spt","_id":"3755812"}}
	{"id":3755812,"type":"buy","buyer":"dbooster","seller":"uyobong","symbol":"SPT","quantity":"274.944715","price":"0.00233000","timestamp":1655983857,"volume":"0.64062119","buyTxId":"60f567f979e2f06c803758635b91d202fa4afe30","sellTxId":"6e10c811da1a561be99f492f4e12b30b2af938c9"}
{"index": {"_index":"spt","_id":"3755813"}}
	{"id":3755813,"type":"buy","buyer":"dbooster","seller":"koreaminer","symbol":"SPT","quantity":"203.682703","price":"0.00235900","timestamp":1655983857,"volume":"0.48048750","buyTxId":"60f567f979e2f06c803758635b91d202fa4afe30","sellTxId":"f22907a4f5fc6f4fb0bf43b0fcecf7b7bfbc2657"}
{"index": {"_index":"spt","_id":"3755925"}}
	{"id":3755925,"type":"sell","buyer":"onlydoge","seller":"pjansen","symbol":"SPT","quantity":"650.440345","price":"0.00226000","timestamp":1655985390,"volume":"1.46999518","buyTxId":"ab0722bd81c2a5a2b205c782e69824fa336259c8","sellTxId":"b0fb631a9d42eff97d6c8136f64221e0774b433f"}
{"index": {"_index":"spt","_id":"3756255"}}
	{"id":3756255,"type":"buy","buyer":"roger.remix","seller":"onlydoge","symbol":"SPT","quantity":"100.000000","price":"0.00235000","timestamp":1655989860,"volume":"0.23500000","buyTxId":"08d1c63bc649de2d188b9f5eee6ea5e9a8b770c9","sellTxId":"10df9f82019fa4facbfe131178f555c86c0fa637"}
{"index": {"_index":"spt","_id":"3756519"}}
	{"id":3756519,"type":"buy","buyer":"dswap","seller":"onlydoge","symbol":"SPT","quantity":"25.960302","price":"0.00235000","timestamp":1655991498,"volume":"0.06100671","buyTxId":"f98a47c772112405513364de2c6b9dc412e3c52b","sellTxId":"10df9f82019fa4facbfe131178f555c86c0fa637"}
{"index": {"_index":"spt","_id":"3756893"}}
	{"id":3756893,"type":"sell","buyer":"he-index","seller":"captainquack22","symbol":"SPT","quantity":"6.195000","price":"0.00226000","timestamp":1655997084,"volume":"0.01400070","buyTxId":"3d4c8dcfea9d51fe2accbe1583aebb20931ca390","sellTxId":"10e347ae4d6c4d367a7a13e0b7e19111716578e0"}
{"index": {"_index":"spt","_id":"3756894"}}
	{"id":3756894,"type":"sell","buyer":"multifurcate","seller":"captainquack22","symbol":"SPT","quantity":"758.805000","price":"0.00219600","timestamp":1655997084,"volume":"1.66633578","buyTxId":"2dbae0fbe46aa718ef747e1d08525b9f2762eaf4","sellTxId":"10e347ae4d6c4d367a7a13e0b7e19111716578e0"}
{"index": {"_index":"spt","_id":"3756950"}}
	{"id":3756950,"type":"sell","buyer":"multifurcate","seller":"ramadhanight","symbol":"SPT","quantity":"2911.743968","price":"0.00219600","timestamp":1655997777,"volume":"6.39418975","buyTxId":"2dbae0fbe46aa718ef747e1d08525b9f2762eaf4","sellTxId":"f1717f4de3865a8c2948dc9de6952b27fc82035c"}
{"index": {"_index":"spt","_id":"3757221"}}
	{"id":3757221,"type":"sell","buyer":"multifurcate","seller":"boscohage","symbol":"SPT","quantity":"0.088700","price":"0.00219600","timestamp":1656000426,"volume":"0.00019479","buyTxId":"2dbae0fbe46aa718ef747e1d08525b9f2762eaf4","sellTxId":"084aea3e07a102fe90926b5717582ee6a0c4fb75"}
{"index": {"_index":"spt","_id":"3757530"}}
	{"id":3757530,"type":"sell","buyer":"multifurcate","seller":"dswap","symbol":"SPT","quantity":"1500","price":"0.00219600","timestamp":1656003849,"volume":"3.29400000","buyTxId":"2dbae0fbe46aa718ef747e1d08525b9f2762eaf4","sellTxId":"dde4c745b53e9956eb9098231eaaf57fb504a667"}
{"index": {"_index":"spt","_id":"3757633"}}
	{"id":3757633,"type":"sell","buyer":"multifurcate","seller":"catomoon","symbol":"SPT","quantity":"5.124408","price":"0.00219600","timestamp":1656004581,"volume":"0.01125320","buyTxId":"2dbae0fbe46aa718ef747e1d08525b9f2762eaf4","sellTxId":"b67145f8948ee951a1be12d9bb7878d2dbc1981e"}
{"index": {"_index":"spt","_id":"3757774"}}
	{"id":3757774,"type":"sell","buyer":"multifurcate","seller":"mango-juice","symbol":"SPT","quantity":"2733.077084","price":"0.00219600","timestamp":1656006447,"volume":"6.00183728","buyTxId":"2dbae0fbe46aa718ef747e1d08525b9f2762eaf4","sellTxId":"2bf1f3218f1323812dbb63ca8daf24443b5de474"}
{"index": {"_index":"spt","_id":"3757894"}}
	{"id":3757894,"type":"sell","buyer":"multifurcate","seller":"luizeba","symbol":"SPT","quantity":"6094.432081","price":"0.00219600","timestamp":1656007512,"volume":"13.38337285","buyTxId":"2dbae0fbe46aa718ef747e1d08525b9f2762eaf4","sellTxId":"d1545f4ac0b85dcb3aedca80012f2f871084b912"}
{"index": {"_index":"spt","_id":"3758064"}}
	{"id":3758064,"type":"buy","buyer":"druidsblood","seller":"onlydoge","symbol":"SPT","quantity":"524.480043","price":"0.00235000","timestamp":1656009345,"volume":"1.23252810","buyTxId":"250d3a0bee47a7b6e484d24c28c7716a95ede2de","sellTxId":"10df9f82019fa4facbfe131178f555c86c0fa637"}
{"index": {"_index":"spt","_id":"3758065"}}
	{"id":3758065,"type":"buy","buyer":"druidsblood","seller":"thranax","symbol":"SPT","quantity":"77.589370","price":"0.00235000","timestamp":1656009345,"volume":"0.18233502","buyTxId":"250d3a0bee47a7b6e484d24c28c7716a95ede2de","sellTxId":"8345790c6f08e01ae684157d32771599978bd442"}
{"index": {"_index":"spt","_id":"3758066"}}
	{"id":3758066,"type":"buy","buyer":"druidsblood","seller":"koreaminer","symbol":"SPT","quantity":"547.118523","price":"0.00235900","timestamp":1656009345,"volume":"1.29065260","buyTxId":"250d3a0bee47a7b6e484d24c28c7716a95ede2de","sellTxId":"f22907a4f5fc6f4fb0bf43b0fcecf7b7bfbc2657"}
{"index": {"_index":"spt","_id":"3758067"}}
	{"id":3758067,"type":"buy","buyer":"druidsblood","seller":"saachi","symbol":"SPT","quantity":"347.000000","price":"0.00245000","timestamp":1656009345,"volume":"0.85015000","buyTxId":"250d3a0bee47a7b6e484d24c28c7716a95ede2de","sellTxId":"5a0b89e6a01286060125ed7489723f4c0edb04a1"}
{"index": {"_index":"spt","_id":"3758068"}}
	{"id":3758068,"type":"buy","buyer":"druidsblood","seller":"saachi","symbol":"SPT","quantity":"158.000000","price":"0.00246000","timestamp":1656009345,"volume":"0.38868000","buyTxId":"250d3a0bee47a7b6e484d24c28c7716a95ede2de","sellTxId":"48fc97731f243fee09aea7f25b199e821f0aba95"}
{"index": {"_index":"spt","_id":"3758069"}}
	{"id":3758069,"type":"buy","buyer":"druidsblood","seller":"ukyron3","symbol":"SPT","quantity":"130.334786","price":"0.00246571","timestamp":1656009345,"volume":"0.32136779","buyTxId":"250d3a0bee47a7b6e484d24c28c7716a95ede2de","sellTxId":"f7369e1b8f94ea6056a2b9dd283a0f15c8b1a165"}
{"index": {"_index":"spt","_id":"3758070"}}
	{"id":3758070,"type":"buy","buyer":"druidsblood","seller":"ukyron3","symbol":"SPT","quantity":"998.000000","price":"0.00246578","timestamp":1656009345,"volume":"2.46084844","buyTxId":"250d3a0bee47a7b6e484d24c28c7716a95ede2de","sellTxId":"fb7c6289a7195d625fabe2549150528b2fd5d6b9"}
{"index": {"_index":"spt","_id":"3758071"}}
	{"id":3758071,"type":"buy","buyer":"druidsblood","seller":"ukyron3","symbol":"SPT","quantity":"998.000000","price":"0.00246590","timestamp":1656009345,"volume":"2.46096820","buyTxId":"250d3a0bee47a7b6e484d24c28c7716a95ede2de","sellTxId":"6382b8372057533ffb1b8a3f02e9ecee00a2460c"}
{"index": {"_index":"spt","_id":"3758072"}}
	{"id":3758072,"type":"buy","buyer":"druidsblood","seller":"agglutinogenic","symbol":"SPT","quantity":"2731.477278","price":"0.00246600","timestamp":1656009345,"volume":"6.73582297","buyTxId":"250d3a0bee47a7b6e484d24c28c7716a95ede2de","sellTxId":"246da9dc640b888f1ac4c387a3b3d72687a3f91c"}
{"index": {"_index":"spt","_id":"3758250"}}
	{"id":3758250,"type":"sell","buyer":"multifurcate","seller":"helpyou","symbol":"SPT","quantity":"3.823216","price":"0.00221100","timestamp":1656011199,"volume":"0.00845313","buyTxId":"2d5e624b8f2585c5ff58839fb17d52891b53ac52","sellTxId":"ae4282324232cbccce6bd9f2e9312cd7b6d9b7d2"}
{"index": {"_index":"spt","_id":"3758836"}}
	{"id":3758836,"type":"sell","buyer":"multifurcate","seller":"shiftrox","symbol":"SPT","quantity":"1300.327492","price":"0.00222100","timestamp":1656017517,"volume":"2.88802736","buyTxId":"e2e11ddcf90c5792fe897274bc360e0b57551181","sellTxId":"67b8d8935e75937ceabdbb8ffd7bcb721fc22c5c"}
{"index": {"_index":"spt","_id":"3758860"}}
	{"id":3758860,"type":"sell","buyer":"speedtuning","seller":"felipejoys","symbol":"SPT","quantity":"500.000000","price":"0.00222100","timestamp":1656018048,"volume":"1.11050000","buyTxId":"d62c7d3d6ced11ee9b92ee269c5e5cb17a715591","sellTxId":"288b633f170c30299f640d73215ee2badbf2dfc1"}
{"index": {"_index":"spt","_id":"3758861"}}
	{"id":3758861,"type":"sell","buyer":"onlydoge","seller":"felipejoys","symbol":"SPT","quantity":"1008.048674","price":"0.00222000","timestamp":1656018048,"volume":"2.23786806","buyTxId":"8dc23a6863a0233326163863519bf8b69b113744","sellTxId":"288b633f170c30299f640d73215ee2badbf2dfc1"}
{"index": {"_index":"spt","_id":"3759103"}}
	{"id":3759103,"type":"buy","buyer":"evernoticethat","seller":"agglutinogenic","symbol":"SPT","quantity":"324.522163","price":"0.00245900","timestamp":1656020745,"volume":"0.798","buyTxId":"e2bf8c4ac9afdef9c6ec4c5d27e342feda3941fe","sellTxId":"5f8c3fc8c7ea3889a99e2e026b2bc78585507795"}
{"index": {"_index":"spt","_id":"3759125"}}
	{"id":3759125,"type":"sell","buyer":"multifurcate","seller":"lipe100dedos","symbol":"SPT","quantity":"7575.493569","price":"0.00222100","timestamp":1656021147,"volume":"16.82517122","buyTxId":"117cecd715b4c191c9a1607cdcc7f5c8be5c32e5","sellTxId":"9f416f63f1148837f63b7fd6ca91f53d85b6217a"}
{"index": {"_index":"spt","_id":"3759289"}}
	{"id":3759289,"type":"sell","buyer":"multifurcate","seller":"liuke96player","symbol":"SPT","quantity":"101.593079","price":"0.00219600","timestamp":1656023730,"volume":"0.22309840","buyTxId":"64ab2a4190027e957e26c17bfe8975561df50a43","sellTxId":"a1e3bb5210a4f053b8d39c01b0256b282d6e461d"}
{"index": {"_index":"spt","_id":"3759368"}}
	{"id":3759368,"type":"sell","buyer":"multifurcate","seller":"mawit07","symbol":"SPT","quantity":"776.142016","price":"0.00219600","timestamp":1656024207,"volume":"1.70440787","buyTxId":"64ab2a4190027e957e26c17bfe8975561df50a43","sellTxId":"60602af2d4d3754c5f215400c22adca657f599f8"}
{"index": {"_index":"spt","_id":"3759637"}}
	{"id":3759637,"type":"sell","buyer":"thranax","seller":"alexandrzombi","symbol":"SPT","quantity":"0.500341","price":"0.00219700","timestamp":1656027156,"volume":"0.00109925","buyTxId":"d71a302f44d3752fc3a9c1dcaf30ad07538fbf81","sellTxId":"0a18ac10b6d9cc69470ca8b5e8a245b91b24034f"}
{"index": {"_index":"spt","_id":"3759679"}}
	{"id":3759679,"type":"sell","buyer":"thranax","seller":"andy4475","symbol":"SPT","quantity":"7.658174","price":"0.00219700","timestamp":1656027645,"volume":"0.01682501","buyTxId":"d71a302f44d3752fc3a9c1dcaf30ad07538fbf81","sellTxId":"588bfec94d98e4c010ab95cb5beddd304d74cf23"}
{"index": {"_index":"spt","_id":"3759713"}}
	{"id":3759713,"type":"sell","buyer":"thranax","seller":"yanes94","symbol":"SPT","quantity":"391.841485","price":"0.00219700","timestamp":1656027915,"volume":"0.86087574","buyTxId":"d71a302f44d3752fc3a9c1dcaf30ad07538fbf81","sellTxId":"8eab64d52652b42c02e17a3ec3bcbfa613e287e0"}
{"index": {"_index":"spt","_id":"3759714"}}
	{"id":3759714,"type":"sell","buyer":"multifurcate","seller":"yanes94","symbol":"SPT","quantity":"5251.664138","price":"0.00219600","timestamp":1656027915,"volume":"11.53265445","buyTxId":"565eb6b46d629adb418cab52e7f99005f524768e","sellTxId":"8eab64d52652b42c02e17a3ec3bcbfa613e287e0"}
{"index": {"_index":"spt","_id":"3759821"}}
	{"id":3759821,"type":"sell","buyer":"thranax","seller":"themarkymark","symbol":"SPT","quantity":"7.634666","price":"0.00219601","timestamp":1656029259,"volume":"0.01676580","buyTxId":"e8f3ace3be5a60a28bca12631653bc5a56a399ba","sellTxId":"964969a4150e24f4899ec80b33c4584317360645"}
{"index": {"_index":"spt","_id":"3759840"}}
	{"id":3759840,"type":"sell","buyer":"thranax","seller":"jnn10","symbol":"SPT","quantity":"0.065682","price":"0.00219601","timestamp":1656029610,"volume":"0.00014424","buyTxId":"e8f3ace3be5a60a28bca12631653bc5a56a399ba","sellTxId":"71802b5ef7aaae3ef8331d4080c57e1b24cae651"}
{"index": {"_index":"spt","_id":"3759953"}}
	{"id":3759953,"type":"sell","buyer":"thranax","seller":"titopx","symbol":"SPT","quantity":"51.165129","price":"0.00219601","timestamp":1656031338,"volume":"0.11235913","buyTxId":"e8f3ace3be5a60a28bca12631653bc5a56a399ba","sellTxId":"45670a1f73f24776e95e9fc3eab991acdd2c8bee"}
{"index": {"_index":"spt","_id":"3760083"}}
	{"id":3760083,"type":"sell","buyer":"thranax","seller":"thranax","symbol":"SPT","quantity":"341.134523","price":"0.00219601","timestamp":1656033426,"volume":"0.74913482","buyTxId":"e8f3ace3be5a60a28bca12631653bc5a56a399ba","sellTxId":"ecba4a4099a5bc2783b016de90a219008975c826"}
{"index": {"_index":"spt","_id":"3760226"}}
	{"id":3760226,"type":"sell","buyer":"multifurcate","seller":"egistar","symbol":"SPT","quantity":"282","price":"0.00219600","timestamp":1656035454,"volume":"0.61927200","buyTxId":"565eb6b46d629adb418cab52e7f99005f524768e","sellTxId":"96f8bd53015a47b53ebc463c961c55a3325a80bc"}
{"index": {"_index":"spt","_id":"3760311"}}
	{"id":3760311,"type":"sell","buyer":"multifurcate","seller":"queenstarr","symbol":"SPT","quantity":"4494.411179","price":"0.00219600","timestamp":1656036840,"volume":"9.86972695","buyTxId":"565eb6b46d629adb418cab52e7f99005f524768e","sellTxId":"7de1104a087de538c4c1aa0498c2f17134ca85a7"}
