{"index": {"_index":"spt","_id":"2339381"}}
	{"id":2339381,"type":"sell","buyer":"granddaddies","seller":"doofus","symbol":"SPT","quantity":"150.253935","price":"0.00290002","timestamp":1640059839,"volume":"0.43573942","buyTxId":"2e86fe9f074a7e10cba5928707291cac78302a54","sellTxId":"287ac6871ada0b9fb12ea16e8f845431d2c5886e"}
{"index": {"_index":"spt","_id":"2339401"}}
	{"id":2339401,"type":"sell","buyer":"granddaddies","seller":"brofi-market","symbol":"SPT","quantity":"0.239163","price":"0.00290002","timestamp":1640060016,"volume":"0.00069358","buyTxId":"2e86fe9f074a7e10cba5928707291cac78302a54","sellTxId":"d2fe76b8c155e7106e402821fc389b0385eb5500"}
{"index": {"_index":"spt","_id":"2339635"}}
	{"id":2339635,"type":"buy","buyer":"akara-9","seller":"kharma.scribbles","symbol":"SPT","quantity":"5.500000","price":"0.00300000","timestamp":1640062035,"volume":"0.01650000","buyTxId":"e88eb40c2cf4d29d7ef454607fadad94f3fa6c44","sellTxId":"01583803565ee89845cf4029076c01af95fddb7c"}
{"index": {"_index":"spt","_id":"2339636"}}
	{"id":2339636,"type":"buy","buyer":"akara-9","seller":"brofi-market","symbol":"SPT","quantity":"0.239163","price":"0.00300000","timestamp":1640062035,"volume":"0.00071749","buyTxId":"e88eb40c2cf4d29d7ef454607fadad94f3fa6c44","sellTxId":"33e9ee737d2d1d86062dedf348b6154471bb5934"}
{"index": {"_index":"spt","_id":"2339637"}}
	{"id":2339637,"type":"buy","buyer":"akara-9","seller":"dhedge-drips","symbol":"SPT","quantity":"0.007346","price":"0.00320998","timestamp":1640062035,"volume":"0.00002358","buyTxId":"e88eb40c2cf4d29d7ef454607fadad94f3fa6c44","sellTxId":"573509c448e7c1c4fdb292425f06570a4e4cb74f"}
{"index": {"_index":"spt","_id":"2339638"}}
	{"id":2339638,"type":"buy","buyer":"akara-9","seller":"laundrywoman","symbol":"SPT","quantity":"494.253491","price":"0.00320998","timestamp":1640062035,"volume":"1.58654382","buyTxId":"e88eb40c2cf4d29d7ef454607fadad94f3fa6c44","sellTxId":"8e5b9a764dafb030219c1c9acdc13cc55b9421c8"}
{"index": {"_index":"spt","_id":"2339791"}}
	{"id":2339791,"type":"sell","buyer":"methus","seller":"cryplectibles","symbol":"SPT","quantity":"182.922194","price":"0.00291000","timestamp":1640063706,"volume":"0.53230358","buyTxId":"e46bb6e9112dd7e58ccfa5b8a1360e1d928dc9c4","sellTxId":"6d85be74cbdd9ff437c5297b07576204426b758d"}
{"index": {"_index":"spt","_id":"2340164"}}
	{"id":2340164,"type":"sell","buyer":"granddaddies","seller":"mercurial9","symbol":"SPT","quantity":"244.771509","price":"0.00291001","timestamp":1640067540,"volume":"0.71228754","buyTxId":"d88f274d4fe75e0d1957bb96f8735599b3022ec1","sellTxId":"daa7f6a3b4a39eb824509e52cb2d9dadd7458f60"}
{"index": {"_index":"spt","_id":"2340191"}}
	{"id":2340191,"type":"buy","buyer":"rahmot","seller":"laundrywoman","symbol":"SPT","quantity":"678.719859","price":"0.00314999","timestamp":1640067789,"volume":"2.13796077","buyTxId":"4c4062e31a5f61a69cd9826bb5911e5f8c6d1489","sellTxId":"a55ff22b1570c00c57c17bbb26833a52f99fec73"}
{"index": {"_index":"spt","_id":"2340343"}}
	{"id":2340343,"type":"sell","buyer":"methus","seller":"dhedge-drips","symbol":"SPT","quantity":"0.022420","price":"0.00291000","timestamp":1640069154,"volume":"0.00006524","buyTxId":"e46bb6e9112dd7e58ccfa5b8a1360e1d928dc9c4","sellTxId":"28ded67bc2c6d2363aab568a3d664e1571380d65"}
{"index": {"_index":"spt","_id":"2340655"}}
	{"id":2340655,"type":"sell","buyer":"methus","seller":"knightsunited","symbol":"SPT","quantity":"1331.411282","price":"0.00291000","timestamp":1640072547,"volume":"3.87440683","buyTxId":"e46bb6e9112dd7e58ccfa5b8a1360e1d928dc9c4","sellTxId":"10109d7b47faf1d678996573489cdbdeb8c2910a"}
{"index": {"_index":"spt","_id":"2340849"}}
	{"id":2340849,"type":"sell","buyer":"methus","seller":"brofi-market","symbol":"SPT","quantity":"0.016291","price":"0.00291000","timestamp":1640074224,"volume":"0.00004741","buyTxId":"e46bb6e9112dd7e58ccfa5b8a1360e1d928dc9c4","sellTxId":"f9d87d9e91ce6146b98a67c7d6442bc065b17799"}
{"index": {"_index":"spt","_id":"2340914"}}
	{"id":2340914,"type":"sell","buyer":"methus","seller":"felipejoys","symbol":"SPT","quantity":"485.627813","price":"0.00291000","timestamp":1640074629,"volume":"1.41317694","buyTxId":"e46bb6e9112dd7e58ccfa5b8a1360e1d928dc9c4","sellTxId":"47cdf3e3d94714b30864c7cc0ea64a89a1ef6357"}
{"index": {"_index":"spt","_id":"2340915"}}
	{"id":2340915,"type":"sell","buyer":"chris.topher","seller":"felipejoys","symbol":"SPT","quantity":"52.597488","price":"0.00290001","timestamp":1640074629,"volume":"0.15253324","buyTxId":"32daeb8e7aad815059f7d048f41adc880154c1e8","sellTxId":"47cdf3e3d94714b30864c7cc0ea64a89a1ef6357"}
{"index": {"_index":"spt","_id":"2340916"}}
	{"id":2340916,"type":"sell","buyer":"fighter4-freedom","seller":"felipejoys","symbol":"SPT","quantity":"303.273575","price":"0.00290000","timestamp":1640074629,"volume":"0.87949337","buyTxId":"edd33c237e67cde1ba19d00c96258c463086baf2","sellTxId":"47cdf3e3d94714b30864c7cc0ea64a89a1ef6357"}
{"index": {"_index":"spt","_id":"2340981"}}
	{"id":2340981,"type":"sell","buyer":"fighter4-freedom","seller":"rahmot","symbol":"SPT","quantity":"1871.614672","price":"0.00290000","timestamp":1640075259,"volume":"5.42768255","buyTxId":"edd33c237e67cde1ba19d00c96258c463086baf2","sellTxId":"e18487e1c135c087e19ebc7ed5ae2b7b0c85e19e"}
{"index": {"_index":"spt","_id":"2340996"}}
	{"id":2340996,"type":"sell","buyer":"fighter4-freedom","seller":"hh9195","symbol":"SPT","quantity":"1387.500000","price":"0.00290000","timestamp":1640075469,"volume":"4.02375000","buyTxId":"edd33c237e67cde1ba19d00c96258c463086baf2","sellTxId":"7b19711c5988538c3b35de308e4186c5ee077a77"}
{"index": {"_index":"spt","_id":"2341150"}}
	{"id":2341150,"type":"buy","buyer":"norco10mg","seller":"dhedge-drips","symbol":"SPT","quantity":"0.022420","price":"0.00314999","timestamp":1640076885,"volume":"0.00007062","buyTxId":"67fc4956d931366b9f162ac9b59f5c611917599e","sellTxId":"92fe1841156dbd23a81ab1a9274442e157219e1e"}
{"index": {"_index":"spt","_id":"2341151"}}
	{"id":2341151,"type":"buy","buyer":"norco10mg","seller":"brofi-market","symbol":"SPT","quantity":"0.016291","price":"0.00314999","timestamp":1640076885,"volume":"0.00005132","buyTxId":"67fc4956d931366b9f162ac9b59f5c611917599e","sellTxId":"88dd9dcf9dd8d0276ca3914155cab0d1e0b55e09"}
{"index": {"_index":"spt","_id":"2341152"}}
	{"id":2341152,"type":"buy","buyer":"norco10mg","seller":"laundrywoman","symbol":"SPT","quantity":"49.961289","price":"0.00314999","timestamp":1640076885,"volume":"0.15737756","buyTxId":"67fc4956d931366b9f162ac9b59f5c611917599e","sellTxId":"3e3aae04cb25088b63c0afefe243f39906af4493"}
{"index": {"_index":"spt","_id":"2341595"}}
	{"id":2341595,"type":"buy","buyer":"bananofarmer","seller":"ua-promoter","symbol":"SPT","quantity":"44.000000","price":"0.00314000","timestamp":1640081235,"volume":"0.13816000","buyTxId":"8f5d7b091b7b37940c9758c266a4880f8a1fd43e","sellTxId":"53eb093c8fe991bd2b612e4d60527552ef27dae1"}
{"index": {"_index":"spt","_id":"2341642"}}
	{"id":2341642,"type":"sell","buyer":"fighter4-freedom","seller":"eforucom","symbol":"SPT","quantity":"44.802464","price":"0.00290000","timestamp":1640081700,"volume":"0.12992715","buyTxId":"edd33c237e67cde1ba19d00c96258c463086baf2","sellTxId":"343db10e881381e9ec13ae97167a02f0e6918957"}
{"index": {"_index":"spt","_id":"2341662"}}
	{"id":2341662,"type":"sell","buyer":"fighter4-freedom","seller":"chekohler","symbol":"SPT","quantity":"2.585433","price":"0.00290000","timestamp":1640081934,"volume":"0.00749776","buyTxId":"edd33c237e67cde1ba19d00c96258c463086baf2","sellTxId":"e0cb0cca5606f3789323fb9df740c5f966030cad"}
{"index": {"_index":"spt","_id":"2341832"}}
	{"id":2341832,"type":"buy","buyer":"mad-runner","seller":"laundrywoman","symbol":"SPT","quantity":"796.000000","price":"0.00313999","timestamp":1640083416,"volume":"2.49943204","buyTxId":"b4c739dfd7c0a895870a00695ded33611fc49ab9","sellTxId":"27c8a3724d2d6a859c62abd9de4dbfde8ad0d1f7"}
{"index": {"_index":"spt","_id":"2341880"}}
	{"id":2341880,"type":"buy","buyer":"mad-runner","seller":"laundrywoman","symbol":"SPT","quantity":"721.000000","price":"0.00313999","timestamp":1640083935,"volume":"2.26393279","buyTxId":"6515df93bec5d9362e7ea4becc368bbed3d7e776","sellTxId":"27c8a3724d2d6a859c62abd9de4dbfde8ad0d1f7"}
{"index": {"_index":"spt","_id":"2342097"}}
	{"id":2342097,"type":"sell","buyer":"fighter4-freedom","seller":"primoose","symbol":"SPT","quantity":"662.752327","price":"0.00290000","timestamp":1640086755,"volume":"1.92198175","buyTxId":"edd33c237e67cde1ba19d00c96258c463086baf2","sellTxId":"0db5a68599511ff64462485c28211e62470c43b1"}
{"index": {"_index":"spt","_id":"2342219"}}
	{"id":2342219,"type":"sell","buyer":"fighter4-freedom","seller":"oberlisk","symbol":"SPT","quantity":"1243.482767","price":"0.00290000","timestamp":1640087904,"volume":"3.60610002","buyTxId":"edd33c237e67cde1ba19d00c96258c463086baf2","sellTxId":"8c11c925c83f517930828805f942674f0594e9e5"}
{"index": {"_index":"spt","_id":"2342229"}}
	{"id":2342229,"type":"buy","buyer":"shebe","seller":"laundrywoman","symbol":"SPT","quantity":"19.586049","price":"0.00313999","timestamp":1640088066,"volume":"0.0615","buyTxId":"4d83a608909f6953b958f022e05c070bf5776d2f","sellTxId":"27c8a3724d2d6a859c62abd9de4dbfde8ad0d1f7"}
{"index": {"_index":"spt","_id":"2342331"}}
	{"id":2342331,"type":"sell","buyer":"fighter4-freedom","seller":"atanvardo","symbol":"SPT","quantity":"250.000000","price":"0.00290000","timestamp":1640089371,"volume":"0.72500000","buyTxId":"edd33c237e67cde1ba19d00c96258c463086baf2","sellTxId":"00cc0d6fb9ba561bb399cf5f8b2ebf876656e554"}
{"index": {"_index":"spt","_id":"2342878"}}
	{"id":2342878,"type":"sell","buyer":"fighter4-freedom","seller":"aweee","symbol":"SPT","quantity":"37.713154","price":"0.00290000","timestamp":1640094339,"volume":"0.10936815","buyTxId":"edd33c237e67cde1ba19d00c96258c463086baf2","sellTxId":"1e2e1d529e9797f03de2fad78992e4de1cb9a3ee"}
{"index": {"_index":"spt","_id":"2343416"}}
	{"id":2343416,"type":"buy","buyer":"tzoky","seller":"laundrywoman","symbol":"SPT","quantity":"2000.000000","price":"0.00313999","timestamp":1640099367,"volume":"6.27998000","buyTxId":"4cdfe88d94dcca7b333641c4dba9628533190ac8","sellTxId":"27c8a3724d2d6a859c62abd9de4dbfde8ad0d1f7"}
{"index": {"_index":"spt","_id":"2343422"}}
	{"id":2343422,"type":"sell","buyer":"fighter4-freedom","seller":"manclar","symbol":"SPT","quantity":"807.641355","price":"0.00290000","timestamp":1640099439,"volume":"2.34215993","buyTxId":"edd33c237e67cde1ba19d00c96258c463086baf2","sellTxId":"18a1f538009c4bb59bd16d6ca0818e7865028913"}
{"index": {"_index":"spt","_id":"2343461"}}
	{"id":2343461,"type":"sell","buyer":"fighter4-freedom","seller":"hiveexplorers","symbol":"SPT","quantity":"53.225100","price":"0.00290000","timestamp":1640099934,"volume":"0.15435279","buyTxId":"edd33c237e67cde1ba19d00c96258c463086baf2","sellTxId":"e605ecb2a90e8d4886b6ffce130a1b171693f47e"}
{"index": {"_index":"spt","_id":"2343667"}}
	{"id":2343667,"type":"buy","buyer":"tzoky","seller":"laundrywoman","symbol":"SPT","quantity":"200.000000","price":"0.00313999","timestamp":1640101623,"volume":"0.62799800","buyTxId":"af0f5b2a9dde5b45843d91f169181b44a16b53f7","sellTxId":"0d886b10f6bd9d0949fd980181570a143bbe04d9"}
{"index": {"_index":"spt","_id":"2343672"}}
	{"id":2343672,"type":"buy","buyer":"tzoky","seller":"laundrywoman","symbol":"SPT","quantity":"1800.000000","price":"0.00313999","timestamp":1640101653,"volume":"5.65198200","buyTxId":"e8225c4eff91bf1d49db7a8f32c3095266f1d415","sellTxId":"0d886b10f6bd9d0949fd980181570a143bbe04d9"}
{"index": {"_index":"spt","_id":"2343740"}}
	{"id":2343740,"type":"sell","buyer":"fighter4-freedom","seller":"kennysgaminglife","symbol":"SPT","quantity":"114.593117","price":"0.00290000","timestamp":1640102211,"volume":"0.33232004","buyTxId":"edd33c237e67cde1ba19d00c96258c463086baf2","sellTxId":"a50a695303b0a18f7b1b512e4ac676bcde697aea"}
{"index": {"_index":"spt","_id":"2343810"}}
	{"id":2343810,"type":"buy","buyer":"druidsblood","seller":"laundrywoman","symbol":"SPT","quantity":"10000.000000","price":"0.00313999","timestamp":1640102922,"volume":"31.39990000","buyTxId":"7d48feb6ca46a67cbbb6486152e4a9e0090e68eb","sellTxId":"0d886b10f6bd9d0949fd980181570a143bbe04d9"}
{"index": {"_index":"spt","_id":"2343890"}}
	{"id":2343890,"type":"sell","buyer":"fighter4-freedom","seller":"arvoanimi","symbol":"SPT","quantity":"25.609412","price":"0.00290000","timestamp":1640103561,"volume":"0.07426729","buyTxId":"edd33c237e67cde1ba19d00c96258c463086baf2","sellTxId":"2bc23c8d61b499ce7176617ffb4aebe76b3fbad3"}
{"index": {"_index":"spt","_id":"2343914"}}
	{"id":2343914,"type":"buy","buyer":"catomoon","seller":"laundrywoman","symbol":"SPT","quantity":"0.375500","price":"0.00313999","timestamp":1640103798,"volume":"0.00117907","buyTxId":"d8f3fbcf3bc691757fcf00caf45d200c8a96f04a","sellTxId":"bd2ddadad039c09758994f73eb10f06d220ea1cc"}
{"index": {"_index":"spt","_id":"2343918"}}
	{"id":2343918,"type":"sell","buyer":"fighter4-freedom","seller":"annijada","symbol":"SPT","quantity":"1966.991210","price":"0.00290000","timestamp":1640103855,"volume":"5.70427451","buyTxId":"edd33c237e67cde1ba19d00c96258c463086baf2","sellTxId":"b7eb3803eb9049b39a70a0eca77d485b5fa549c0"}
{"index": {"_index":"spt","_id":"2344179"}}
	{"id":2344179,"type":"sell","buyer":"fighter4-freedom","seller":"mango-juice","symbol":"SPT","quantity":"100.055281","price":"0.00290000","timestamp":1640105670,"volume":"0.29016031","buyTxId":"edd33c237e67cde1ba19d00c96258c463086baf2","sellTxId":"4e09338c5fec3e7ee6913a3d42b0f42cb22754c5"}
{"index": {"_index":"spt","_id":"2344215"}}
	{"id":2344215,"type":"sell","buyer":"dksart","seller":"mango-juice","symbol":"SPT","quantity":"557.040501","price":"0.00290005","timestamp":1640105955,"volume":"1.61544530","buyTxId":"0e419c023264e7611ef667f32a7e868f8e38b9d6","sellTxId":"06187b9b7f62614cbb55ef1b2e2edd68f235544d"}
{"index": {"_index":"spt","_id":"2344241"}}
	{"id":2344241,"type":"buy","buyer":"mad-runner","seller":"laundrywoman","symbol":"SPT","quantity":"661.566680","price":"0.00313999","timestamp":1640106132,"volume":"2.07731276","buyTxId":"06f183fa641c5eb784c5867049e7423fdd58f3e0","sellTxId":"bd2ddadad039c09758994f73eb10f06d220ea1cc"}
{"index": {"_index":"spt","_id":"2344447"}}
	{"id":2344447,"type":"sell","buyer":"dksart","seller":"sohngottes","symbol":"SPT","quantity":"73.448182","price":"0.00290005","timestamp":1640107692,"volume":"0.21300340","buyTxId":"0e419c023264e7611ef667f32a7e868f8e38b9d6","sellTxId":"b199107edcfb02531b8738bd77314ffbb54a6366"}
{"index": {"_index":"spt","_id":"2344581"}}
	{"id":2344581,"type":"buy","buyer":"jongolson","seller":"laundrywoman","symbol":"SPT","quantity":"1000.000000","price":"0.00313999","timestamp":1640108550,"volume":"3.13999000","buyTxId":"afe23b79ce3fb481427038bfbc335a0edfc8cd68","sellTxId":"5743931b2773194df53846d4e0ca45c611b4dd9b"}
{"index": {"_index":"spt","_id":"2344677"}}
	{"id":2344677,"type":"sell","buyer":"dksart","seller":"hiveexplorers","symbol":"SPT","quantity":"369.511317","price":"0.00290005","timestamp":1640109039,"volume":"1.07160129","buyTxId":"0e419c023264e7611ef667f32a7e868f8e38b9d6","sellTxId":"3a9465a50c3358a876e8c788c769d89ef58b4bde"}
{"index": {"_index":"spt","_id":"2344683"}}
	{"id":2344683,"type":"sell","buyer":"fighter4-freedom","seller":"hiveexplorers","symbol":"SPT","quantity":"9901.527458","price":"0.00290000","timestamp":1640109060,"volume":"28.71442962","buyTxId":"edd33c237e67cde1ba19d00c96258c463086baf2","sellTxId":"5f1c17e5c3d9357e9ea595a92960d0a55c9f414c"}
{"index": {"_index":"spt","_id":"2344687"}}
	{"id":2344687,"type":"sell","buyer":"granddaddies","seller":"hiveexplorers","symbol":"SPT","quantity":"272471.000000","price":"0.00285001","timestamp":1640109078,"volume":"776.54507471","buyTxId":"daedab4ba61213a9806f2584883a7e8806e7c508","sellTxId":"94f0ca06149e2a2edef04fb0d904cadb26a39d99"}
{"index": {"_index":"spt","_id":"2344691"}}
	{"id":2344691,"type":"sell","buyer":"muzehan","seller":"hiveexplorers","symbol":"SPT","quantity":"1000.000000","price":"0.00285000","timestamp":1640109096,"volume":"2.85000000","buyTxId":"b5d8aac53fbe5e72b256f022df403f0802b83132","sellTxId":"daf053a3f1ebcca9432bb4999a832a1528e19127"}
{"index": {"_index":"spt","_id":"2344694"}}
	{"id":2344694,"type":"sell","buyer":"myothuzar","seller":"hiveexplorers","symbol":"SPT","quantity":"40000.000000","price":"0.00283020","timestamp":1640109117,"volume":"113.20800000","buyTxId":"c8fa429fd8122c6ddf5e53f6475cac4c319a2af5","sellTxId":"9fff280a308091d0401f61c4759e0725f4a5d6b4"}
{"index": {"_index":"spt","_id":"2344698"}}
	{"id":2344698,"type":"sell","buyer":"maruskina","seller":"hiveexplorers","symbol":"SPT","quantity":"2000.000000","price":"0.00282000","timestamp":1640109138,"volume":"5.64000000","buyTxId":"094f7f1d2c9404d0d8bc555351e8282256569936","sellTxId":"57889bd27a5899d463805712afe9ee78382ccb46"}
{"index": {"_index":"spt","_id":"2344739"}}
	{"id":2344739,"type":"sell","buyer":"granddaddies","seller":"hiveexplorers","symbol":"SPT","quantity":"20793.000000","price":"0.00281001","timestamp":1640109366,"volume":"58.42853793","buyTxId":"c905bbbeaddf09e926c40a0393cd7f8baa6d61a6","sellTxId":"9257ec8ccdf8e13eb5a969302c2a4a4c0babe222"}
{"index": {"_index":"spt","_id":"2344758"}}
	{"id":2344758,"type":"sell","buyer":"granddaddies","seller":"hiveexplorers","symbol":"SPT","quantity":"15265.869332","price":"0.00281001","timestamp":1640109483,"volume":"42.89724548","buyTxId":"9aa7a63ca2f93bd90311971d1a62594ce23ca1d7","sellTxId":"a20054f2ead002585c393f385dace03ff9770249"}
{"index": {"_index":"spt","_id":"2345167"}}
	{"id":2345167,"type":"sell","buyer":"jregid","seller":"luthien12","symbol":"SPT","quantity":"231.286689","price":"0.00281000","timestamp":1640112291,"volume":"0.64991560","buyTxId":"e8827ecfd3b9b988b2a97f62315ad274a0e350d0","sellTxId":"f0dd99757318b0e4a92e189f09269cd3ddc5d9b2"}
{"index": {"_index":"spt","_id":"2345385"}}
	{"id":2345385,"type":"buy","buyer":"samarek69","seller":"laundrywoman","symbol":"SPT","quantity":"8.768500","price":"0.00313999","timestamp":1640114115,"volume":"0.02753300","buyTxId":"7f31f179f400b530b6c6055dc05645a863eb1ec9","sellTxId":"5743931b2773194df53846d4e0ca45c611b4dd9b"}
{"index": {"_index":"spt","_id":"2345460"}}
	{"id":2345460,"type":"sell","buyer":"jregid","seller":"marvinix","symbol":"SPT","quantity":"2.33529","price":"0.00281000","timestamp":1640114637,"volume":"0.00656216","buyTxId":"e8827ecfd3b9b988b2a97f62315ad274a0e350d0","sellTxId":"d4e4778986d0638a49cda89830674e39c754b392"}
{"index": {"_index":"spt","_id":"2345524"}}
	{"id":2345524,"type":"sell","buyer":"jregid","seller":"hiveexplorers","symbol":"SPT","quantity":"40.169742","price":"0.00281000","timestamp":1640115303,"volume":"0.11287698","buyTxId":"e8827ecfd3b9b988b2a97f62315ad274a0e350d0","sellTxId":"eee3a2a8ea9929bfcf11efb0c6c55d56d133f0d1"}
{"index": {"_index":"spt","_id":"2346433"}}
	{"id":2346433,"type":"sell","buyer":"jregid","seller":"retrodroid","symbol":"SPT","quantity":"1.000000","price":"0.00281000","timestamp":1640124123,"volume":"0.00281000","buyTxId":"e8827ecfd3b9b988b2a97f62315ad274a0e350d0","sellTxId":"7e8ce99282ae2894bacfbccf44d66c3083c27aef"}
{"index": {"_index":"spt","_id":"2346993"}}
	{"id":2346993,"type":"buy","buyer":"votebetting","seller":"laundrywoman","symbol":"SPT","quantity":"9.977000","price":"0.00313999","timestamp":1640131092,"volume":"0.03132768","buyTxId":"2d817937d39bf78db51a0e3819264cd62a6a3b0c","sellTxId":"5743931b2773194df53846d4e0ca45c611b4dd9b"}
{"index": {"_index":"spt","_id":"2347038"}}
	{"id":2347038,"type":"buy","buyer":"dmwh","seller":"laundrywoman","symbol":"SPT","quantity":"10000.000000","price":"0.00313999","timestamp":1640131515,"volume":"31.39990000","buyTxId":"92d35de20afede210ceb1d2fc2277c19cb8b8049","sellTxId":"5743931b2773194df53846d4e0ca45c611b4dd9b"}
{"index": {"_index":"spt","_id":"2347543"}}
	{"id":2347543,"type":"sell","buyer":"jregid","seller":"abcor","symbol":"SPT","quantity":"438.604244","price":"0.00281000","timestamp":1640137572,"volume":"1.23247792","buyTxId":"e8827ecfd3b9b988b2a97f62315ad274a0e350d0","sellTxId":"44791ee32a3b50aaaea0cb34281eac616d98a084"}
{"index": {"_index":"spt","_id":"2347553"}}
	{"id":2347553,"type":"sell","buyer":"granddaddies","seller":"abcor","symbol":"SPT","quantity":"626.371639","price":"0.00277006","timestamp":1640137632,"volume":"1.73508702","buyTxId":"313122cd56d610a41dc8246a1b485a0be80e1ffa","sellTxId":"851ccfaffcc9da516569f05a7c0106565fcf54c8"}
{"index": {"_index":"spt","_id":"2347558"}}
	{"id":2347558,"type":"sell","buyer":"granddaddies","seller":"aymelly","symbol":"SPT","quantity":"550.476004","price":"0.00277006","timestamp":1640137806,"volume":"1.52485156","buyTxId":"313122cd56d610a41dc8246a1b485a0be80e1ffa","sellTxId":"619c3167fa8b494179c7d3a20882c84275058199"}
{"index": {"_index":"spt","_id":"2347648"}}
	{"id":2347648,"type":"sell","buyer":"granddaddies","seller":"eforucom","symbol":"SPT","quantity":"12.250754","price":"0.00277006","timestamp":1640138772,"volume":"0.03393532","buyTxId":"313122cd56d610a41dc8246a1b485a0be80e1ffa","sellTxId":"5216b53d07b2057ae3d087875a098caeabfb9b88"}
{"index": {"_index":"spt","_id":"2347668"}}
	{"id":2347668,"type":"buy","buyer":"catomoon","seller":"laundrywoman","symbol":"SPT","quantity":"10.896000","price":"0.00313999","timestamp":1640139048,"volume":"0.03421333","buyTxId":"429a2f70f178cb16ede880a4f67df27e34258bb1","sellTxId":"8775cc3c6184023bd80381eaeb7cfef4aca332a5"}
{"index": {"_index":"spt","_id":"2347698"}}
	{"id":2347698,"type":"sell","buyer":"granddaddies","seller":"dswap","symbol":"SPT","quantity":"200","price":"0.00277006","timestamp":1640139318,"volume":"0.55401200","buyTxId":"313122cd56d610a41dc8246a1b485a0be80e1ffa","sellTxId":"c0e30bf0daedda16f0d30ddbad935ad4a15a44f7"}
{"index": {"_index":"spt","_id":"2347709"}}
	{"id":2347709,"type":"sell","buyer":"granddaddies","seller":"gsauce1989","symbol":"SPT","quantity":"376.477693","price":"0.00277006","timestamp":1640139519,"volume":"1.04286580","buyTxId":"313122cd56d610a41dc8246a1b485a0be80e1ffa","sellTxId":"0ae48faf169924e9ec34fc6a72e0aedc486789d7"}
{"index": {"_index":"spt","_id":"2347724"}}
	{"id":2347724,"type":"sell","buyer":"granddaddies","seller":"chireerocks","symbol":"SPT","quantity":"9.985583","price":"0.00277006","timestamp":1640139606,"volume":"0.02766066","buyTxId":"313122cd56d610a41dc8246a1b485a0be80e1ffa","sellTxId":"4429e23c8b8fb5e6d551e85138c741e576e59a64"}
{"index": {"_index":"spt","_id":"2347791"}}
	{"id":2347791,"type":"buy","buyer":"chireerocks","seller":"laundrywoman","symbol":"SPT","quantity":"526.835792","price":"0.00313999","timestamp":1640140254,"volume":"1.65425912","buyTxId":"0b978cfd6b526c66fb353c7c09e5ece3e848800b","sellTxId":"8775cc3c6184023bd80381eaeb7cfef4aca332a5"}
{"index": {"_index":"spt","_id":"2348061"}}
	{"id":2348061,"type":"sell","buyer":"granddaddies","seller":"iceman23","symbol":"SPT","quantity":"500.50665","price":"0.00277006","timestamp":1640143419,"volume":"1.38643345","buyTxId":"313122cd56d610a41dc8246a1b485a0be80e1ffa","sellTxId":"33b911ecdbd070f26585b19dfb9660a5ab372d6a"}
