{"index": {"_index":"spt","_id":"3538718"}}
	{"id":3538718,"type":"sell","buyer":"thewycher","seller":"crizthin","symbol":"SPT","quantity":"108.316059","price":"0.00286101","timestamp":1653622905,"volume":"0.30989333","buyTxId":"da4cdac18ff11854f31dc424c89cc0cbb97f939c","sellTxId":"42aa81b76d1d392053fcf1fff87387a020b0edf1"}
{"index": {"_index":"spt","_id":"3538867"}}
	{"id":3538867,"type":"sell","buyer":"thewycher","seller":"mr-kerad","symbol":"SPT","quantity":"20.457206","price":"0.00286101","timestamp":1653624567,"volume":"0.05852827","buyTxId":"da4cdac18ff11854f31dc424c89cc0cbb97f939c","sellTxId":"5e3368947fe36449c0b4cc4a9a81f00beeb2e73c"}
{"index": {"_index":"spt","_id":"3539033"}}
	{"id":3539033,"type":"sell","buyer":"thewycher","seller":"rileykat","symbol":"SPT","quantity":"16.293575","price":"0.00286101","timestamp":1653627054,"volume":"0.04661608","buyTxId":"da4cdac18ff11854f31dc424c89cc0cbb97f939c","sellTxId":"887365f6a4842340f854a01c3987290f2ffccfe1"}
{"index": {"_index":"spt","_id":"3539213"}}
	{"id":3539213,"type":"sell","buyer":"multifurcate","seller":"successchar","symbol":"SPT","quantity":"635.000000","price":"0.00287100","timestamp":1653629436,"volume":"1.82308500","buyTxId":"2494c80cbb6f1b6aed84573ebb6dcdd35544c9c7","sellTxId":"97c7434c70e212eea4750dbdc105d93ffabee008"}
{"index": {"_index":"spt","_id":"3539271"}}
	{"id":3539271,"type":"sell","buyer":"multifurcate","seller":"khazrakh","symbol":"SPT","quantity":"226.453340","price":"0.00287100","timestamp":1653630105,"volume":"0.65014754","buyTxId":"2494c80cbb6f1b6aed84573ebb6dcdd35544c9c7","sellTxId":"d2b9f3bba2200e26d7c6ad08e9a7f7d754a73cab"}
{"index": {"_index":"spt","_id":"3539497"}}
	{"id":3539497,"type":"sell","buyer":"multifurcate","seller":"captainquack22","symbol":"SPT","quantity":"94","price":"0.00287100","timestamp":1653632943,"volume":"0.26987400","buyTxId":"2f36896e87a57bbce3ff6166ee102656b8a3550f","sellTxId":"3df73f8e484e65110bfae01b292374cae4d23118"}
{"index": {"_index":"spt","_id":"3539659"}}
	{"id":3539659,"type":"sell","buyer":"multifurcate","seller":"photosnap","symbol":"SPT","quantity":"37.538696","price":"0.00287100","timestamp":1653634872,"volume":"0.10777360","buyTxId":"2f36896e87a57bbce3ff6166ee102656b8a3550f","sellTxId":"109848f2aca0aa6d13e851d62680164da90a448d"}
{"index": {"_index":"spt","_id":"3539862"}}
	{"id":3539862,"type":"buy","buyer":"dswap","seller":"yameen","symbol":"SPT","quantity":"46.204585","price":"0.00318780","timestamp":1653637194,"volume":"0.14729098","buyTxId":"16b6734dfc3b8b5b5fb4968be2b83f7e497e6ce1","sellTxId":"a34fa20bdd36e78b633ca8378641ce5e1e17d342"}
{"index": {"_index":"spt","_id":"3539863"}}
	{"id":3539863,"type":"buy","buyer":"dswap","seller":"agglutinogenic","symbol":"SPT","quantity":"10114.090473","price":"0.00318790","timestamp":1653637194,"volume":"32.24270902","buyTxId":"16b6734dfc3b8b5b5fb4968be2b83f7e497e6ce1","sellTxId":"865eb986ffa81870ef8f9366b7878508cb326bf2"}
{"index": {"_index":"spt","_id":"3539908"}}
	{"id":3539908,"type":"sell","buyer":"multifurcate","seller":"dswap","symbol":"SPT","quantity":"10160.295058","price":"0.00287100","timestamp":1653637644,"volume":"29.17020711","buyTxId":"2f36896e87a57bbce3ff6166ee102656b8a3550f","sellTxId":"48f9bfa71d0a956bd17041301f367144d54a2f19"}
{"index": {"_index":"spt","_id":"3539919"}}
	{"id":3539919,"type":"sell","buyer":"multifurcate","seller":"suhlaing","symbol":"SPT","quantity":"144.321227","price":"0.00287100","timestamp":1653637716,"volume":"0.41434624","buyTxId":"2f36896e87a57bbce3ff6166ee102656b8a3550f","sellTxId":"eece515fe2f2e8e27c7a530e366a0c63788912d9"}
{"index": {"_index":"spt","_id":"3540101"}}
	{"id":3540101,"type":"buy","buyer":"femisapiens","seller":"thewycher","symbol":"SPT","quantity":"0.011910","price":"0.00318789","timestamp":1653640119,"volume":"0.00003797","buyTxId":"e9e16d33c9de85b6de4faec853b90235a4f079f9","sellTxId":"766ac3cab06b63ee29009b3c82c8a152b1a4a040"}
{"index": {"_index":"spt","_id":"3540459"}}
	{"id":3540459,"type":"sell","buyer":"multifurcate","seller":"jnn10","symbol":"SPT","quantity":"2000.000000","price":"0.00288100","timestamp":1653640812,"volume":"5.76200000","buyTxId":"c3cb35b8a1dd8dd78e6c90dc0e0eac686ee1b9ab","sellTxId":"3efb6aab605188ebfe675a2df229de1cd4b2486b"}
{"index": {"_index":"spt","_id":"3540611"}}
	{"id":3540611,"type":"sell","buyer":"thewycher","seller":"elricmoonslayer","symbol":"SPT","quantity":"25.404222","price":"0.00288101","timestamp":1653642819,"volume":"0.07318982","buyTxId":"10334be959829559f5a5a390eacc6bbc6b70c04d","sellTxId":"5b5be2033290fd36cce9008cd521af560df6ce9e"}
{"index": {"_index":"spt","_id":"3540813"}}
	{"id":3540813,"type":"sell","buyer":"thewycher","seller":"dswap","symbol":"SPT","quantity":"21.128846","price":"0.00288101","timestamp":1653644421,"volume":"0.06087242","buyTxId":"10334be959829559f5a5a390eacc6bbc6b70c04d","sellTxId":"1ea714decfcb442e6ab3487d6bf8a9bdf17869e5"}
{"index": {"_index":"spt","_id":"3540849"}}
	{"id":3540849,"type":"sell","buyer":"thewycher","seller":"chireerocks","symbol":"SPT","quantity":"75.483879","price":"0.00288101","timestamp":1653644919,"volume":"0.21746981","buyTxId":"10334be959829559f5a5a390eacc6bbc6b70c04d","sellTxId":"b360da355090c91e7909d7181af40159c8f2adb4"}
{"index": {"_index":"spt","_id":"3540966"}}
	{"id":3540966,"type":"sell","buyer":"thewycher","seller":"failingforwards","symbol":"SPT","quantity":"377.983052","price":"0.00288101","timestamp":1653645957,"volume":"1.08897295","buyTxId":"10334be959829559f5a5a390eacc6bbc6b70c04d","sellTxId":"1f4b464cbdce9f1e5eac2bb755a59b543468c05d"}
{"index": {"_index":"spt","_id":"3540967"}}
	{"id":3540967,"type":"sell","buyer":"thewycher","seller":"failingforwards","symbol":"SPT","quantity":"61.277343","price":"0.00288101","timestamp":1653645957,"volume":"0.17654064","buyTxId":"56ed9018be4960ce01f2eb1544ef467f104f0a4b","sellTxId":"1f4b464cbdce9f1e5eac2bb755a59b543468c05d"}
{"index": {"_index":"spt","_id":"3541004"}}
	{"id":3541004,"type":"sell","buyer":"thewycher","seller":"dswap","symbol":"SPT","quantity":"27.469094","price":"0.00288101","timestamp":1653646482,"volume":"0.07913873","buyTxId":"56ed9018be4960ce01f2eb1544ef467f104f0a4b","sellTxId":"408671b1f386229e3966c816e043da700a90c50d"}
{"index": {"_index":"spt","_id":"3541241"}}
	{"id":3541241,"type":"sell","buyer":"thewycher","seller":"evernoticethat","symbol":"SPT","quantity":"97.729121","price":"0.00288101","timestamp":1653649005,"volume":"0.28155857","buyTxId":"56ed9018be4960ce01f2eb1544ef467f104f0a4b","sellTxId":"4ea6e84910c39915fd6093d831bdd2d83473e723"}
{"index": {"_index":"spt","_id":"3541506"}}
	{"id":3541506,"type":"buy","buyer":"dbooster","seller":"thewycher","symbol":"SPT","quantity":"500.000000","price":"0.00318789","timestamp":1653652245,"volume":"1.59394500","buyTxId":"814dc5475b264998567713b96e46c12e413726b2","sellTxId":"766ac3cab06b63ee29009b3c82c8a152b1a4a040"}
{"index": {"_index":"spt","_id":"3541831"}}
	{"id":3541831,"type":"sell","buyer":"onlydoge","seller":"kraaaaa","symbol":"SPT","quantity":"1038.062270","price":"0.00289000","timestamp":1653655800,"volume":"2.99999996","buyTxId":"adcee8c4e2431699ba6ef8400c5f33dee37504e3","sellTxId":"836034add8fc4b63c0bea7def6f8ea4c094a45c6"}
{"index": {"_index":"spt","_id":"3541844"}}
	{"id":3541844,"type":"sell","buyer":"thewycher","seller":"armorfly","symbol":"SPT","quantity":"313.524441","price":"0.00288101","timestamp":1653655881,"volume":"0.90326705","buyTxId":"56ed9018be4960ce01f2eb1544ef467f104f0a4b","sellTxId":"432a7b39c117dec7d9d0bee7f7664fa5148c29be"}
{"index": {"_index":"spt","_id":"3541845"}}
	{"id":3541845,"type":"sell","buyer":"thewycher","seller":"armorfly","symbol":"SPT","quantity":"499.999999","price":"0.00288101","timestamp":1653655881,"volume":"1.44050500","buyTxId":"a2057cbc2cb324d99cb263317c4720f06608eb16","sellTxId":"432a7b39c117dec7d9d0bee7f7664fa5148c29be"}
{"index": {"_index":"spt","_id":"3541846"}}
	{"id":3541846,"type":"sell","buyer":"thewycher","seller":"armorfly","symbol":"SPT","quantity":"489.385237","price":"0.00288101","timestamp":1653655881,"volume":"1.40992376","buyTxId":"84ce756788270ea1e2d924947c983eaeb46da403","sellTxId":"432a7b39c117dec7d9d0bee7f7664fa5148c29be"}
{"index": {"_index":"spt","_id":"3541850"}}
	{"id":3541850,"type":"sell","buyer":"thewycher","seller":"kraaaaa","symbol":"SPT","quantity":"10.614762","price":"0.00288101","timestamp":1653655938,"volume":"0.03058124","buyTxId":"84ce756788270ea1e2d924947c983eaeb46da403","sellTxId":"212abaa1f8ce8d3bf26d26b66d06c63eb55be666"}
{"index": {"_index":"spt","_id":"3541851"}}
	{"id":3541851,"type":"sell","buyer":"thewycher","seller":"kraaaaa","symbol":"SPT","quantity":"499.999999","price":"0.00288101","timestamp":1653655938,"volume":"1.44050500","buyTxId":"57ef117f6fa6942aaf1b7297d63c699d6b9269e2","sellTxId":"212abaa1f8ce8d3bf26d26b66d06c63eb55be666"}
{"index": {"_index":"spt","_id":"3541852"}}
	{"id":3541852,"type":"sell","buyer":"thewycher","seller":"kraaaaa","symbol":"SPT","quantity":"499.999999","price":"0.00288101","timestamp":1653655938,"volume":"1.44050500","buyTxId":"1e0189730ea5413df23a059f5eb0bed108454758","sellTxId":"212abaa1f8ce8d3bf26d26b66d06c63eb55be666"}
{"index": {"_index":"spt","_id":"3541853"}}
	{"id":3541853,"type":"sell","buyer":"thewycher","seller":"kraaaaa","symbol":"SPT","quantity":"248.925167","price":"0.00288101","timestamp":1653655938,"volume":"0.71715590","buyTxId":"995f61a7704357fe1744b7bab8fc1aa35bd1948a","sellTxId":"212abaa1f8ce8d3bf26d26b66d06c63eb55be666"}
{"index": {"_index":"spt","_id":"3542114"}}
	{"id":3542114,"type":"sell","buyer":"thewycher","seller":"claudio83","symbol":"SPT","quantity":"203.608795","price":"0.00288101","timestamp":1653658851,"volume":"0.58659897","buyTxId":"995f61a7704357fe1744b7bab8fc1aa35bd1948a","sellTxId":"b16214527d811d9318271b6b7702941b18a94a47"}
{"index": {"_index":"spt","_id":"3542115"}}
	{"id":3542115,"type":"sell","buyer":"thewycher","seller":"claudio83","symbol":"SPT","quantity":"499.999999","price":"0.00288101","timestamp":1653658851,"volume":"1.44050500","buyTxId":"1c956891d823b2b3297df3c1d63915809b7ef7c2","sellTxId":"b16214527d811d9318271b6b7702941b18a94a47"}
{"index": {"_index":"spt","_id":"3542116"}}
	{"id":3542116,"type":"sell","buyer":"thewycher","seller":"claudio83","symbol":"SPT","quantity":"60.403289","price":"0.00288101","timestamp":1653658851,"volume":"0.17402248","buyTxId":"c8966b12fab560c6fd309f11b8d65746f6d0c7b0","sellTxId":"b16214527d811d9318271b6b7702941b18a94a47"}
{"index": {"_index":"spt","_id":"3542313"}}
	{"id":3542313,"type":"sell","buyer":"thewycher","seller":"tt88","symbol":"SPT","quantity":"439.596710","price":"0.00288101","timestamp":1653660831,"volume":"1.26648252","buyTxId":"c8966b12fab560c6fd309f11b8d65746f6d0c7b0","sellTxId":"ca3e6e039cfe7b3fe76e83d7a6c5265d8659808e"}
{"index": {"_index":"spt","_id":"3542314"}}
	{"id":3542314,"type":"sell","buyer":"thewycher","seller":"tt88","symbol":"SPT","quantity":"499.999999","price":"0.00288101","timestamp":1653660831,"volume":"1.44050500","buyTxId":"8a152e82422a6e3b0803f64c79cc5cb627876c62","sellTxId":"ca3e6e039cfe7b3fe76e83d7a6c5265d8659808e"}
{"index": {"_index":"spt","_id":"3542315"}}
	{"id":3542315,"type":"sell","buyer":"thewycher","seller":"tt88","symbol":"SPT","quantity":"437.192538","price":"0.00288101","timestamp":1653660831,"volume":"1.25955607","buyTxId":"9f046af826fec8d9f0e4d05da0cb4b00760f5c70","sellTxId":"ca3e6e039cfe7b3fe76e83d7a6c5265d8659808e"}
{"index": {"_index":"spt","_id":"3542432"}}
	{"id":3542432,"type":"buy","buyer":"dragonslayer3263","seller":"thewycher","symbol":"SPT","quantity":"7.092127","price":"0.00317788","timestamp":1653661959,"volume":"0.02253793","buyTxId":"4f3c197d97f974403c8b81b4d891968cbae99174","sellTxId":"125c1100585c144dbfeaa474c879d62e90736a20"}
{"index": {"_index":"spt","_id":"3542821"}}
	{"id":3542821,"type":"sell","buyer":"thewycher","seller":"valor2s","symbol":"SPT","quantity":"1.305011","price":"0.00284203","timestamp":1653665274,"volume":"0.00370888","buyTxId":"c3db91ff77d1857ab116bc5b7fdc514bbf3b2ff2","sellTxId":"53bc357065a91a10a4e7f69ce32194717a6cfdc0"}
{"index": {"_index":"spt","_id":"3542950"}}
	{"id":3542950,"type":"sell","buyer":"thewycher","seller":"bitcoinflood","symbol":"SPT","quantity":"63.253498","price":"0.00284203","timestamp":1653666588,"volume":"0.17976834","buyTxId":"c3db91ff77d1857ab116bc5b7fdc514bbf3b2ff2","sellTxId":"549e340f0b3618d8dc8ed6bba694c50cd89c8b0a"}
{"index": {"_index":"spt","_id":"3543053"}}
	{"id":3543053,"type":"sell","buyer":"thewycher","seller":"ua-promoter","symbol":"SPT","quantity":"62.992915","price":"0.00284203","timestamp":1653667836,"volume":"0.17902775","buyTxId":"c3db91ff77d1857ab116bc5b7fdc514bbf3b2ff2","sellTxId":"f3b49999949e805f66a0889c183c5544d35ad2bd"}
{"index": {"_index":"spt","_id":"3543560"}}
	{"id":3543560,"type":"buy","buyer":"druidsblood","seller":"thewycher","symbol":"SPT","quantity":"999.999999","price":"0.00316899","timestamp":1653670797,"volume":"3.16899000","buyTxId":"abad00910278745095bb796ea2bb8e75fe494b7b","sellTxId":"a60fedf6ebdc32373d072ff554a3154dbe3901e3"}
{"index": {"_index":"spt","_id":"3543561"}}
	{"id":3543561,"type":"buy","buyer":"druidsblood","seller":"thewycher","symbol":"SPT","quantity":"999.999999","price":"0.00316899","timestamp":1653670797,"volume":"3.16899000","buyTxId":"abad00910278745095bb796ea2bb8e75fe494b7b","sellTxId":"0370783ed7a20d27b52ff8dca9553f0c1e50081b"}
{"index": {"_index":"spt","_id":"3543562"}}
	{"id":3543562,"type":"buy","buyer":"druidsblood","seller":"thewycher","symbol":"SPT","quantity":"999.999999","price":"0.00316899","timestamp":1653670797,"volume":"3.16899000","buyTxId":"abad00910278745095bb796ea2bb8e75fe494b7b","sellTxId":"0d4fe5f62625ed59ee39d41b807ceeac932c5c87"}
{"index": {"_index":"spt","_id":"3543563"}}
	{"id":3543563,"type":"buy","buyer":"druidsblood","seller":"thewycher","symbol":"SPT","quantity":"992.907872","price":"0.00316899","timestamp":1653670797,"volume":"3.14651512","buyTxId":"abad00910278745095bb796ea2bb8e75fe494b7b","sellTxId":"b364cd1d55634099ea95b550a87241af8beb792d"}
{"index": {"_index":"spt","_id":"3543564"}}
	{"id":3543564,"type":"buy","buyer":"druidsblood","seller":"agglutinogenic","symbol":"SPT","quantity":"2427.092131","price":"0.00316900","timestamp":1653670797,"volume":"7.69145496","buyTxId":"abad00910278745095bb796ea2bb8e75fe494b7b","sellTxId":"13ac11163d1e747ecf575b91e6ed10560d33e0e5"}
{"index": {"_index":"spt","_id":"3543571"}}
	{"id":3543571,"type":"buy","buyer":"jongolson","seller":"agglutinogenic","symbol":"SPT","quantity":"1000.000000","price":"0.00316900","timestamp":1653670878,"volume":"3.16900000","buyTxId":"09ee22faaf90d92681e579dc20dab80ad7508bb0","sellTxId":"13ac11163d1e747ecf575b91e6ed10560d33e0e5"}
{"index": {"_index":"spt","_id":"3543733"}}
	{"id":3543733,"type":"sell","buyer":"thewycher","seller":"captainquack22","symbol":"SPT","quantity":"9.68","price":"0.00284203","timestamp":1653672168,"volume":"0.02751085","buyTxId":"c3db91ff77d1857ab116bc5b7fdc514bbf3b2ff2","sellTxId":"19f735946eec2dbacc842c74ef55112da29212c9"}
{"index": {"_index":"spt","_id":"3543925"}}
	{"id":3543925,"type":"sell","buyer":"thewycher","seller":"catomoon","symbol":"SPT","quantity":"3.008519","price":"0.00284203","timestamp":1653674298,"volume":"0.00855030","buyTxId":"c3db91ff77d1857ab116bc5b7fdc514bbf3b2ff2","sellTxId":"c4bbad63899e8ca38727e798cfbcc5c770268e4a"}
{"index": {"_index":"spt","_id":"3544049"}}
	{"id":3544049,"type":"buy","buyer":"sansey","seller":"saachi","symbol":"SPT","quantity":"48.277712","price":"0.00310000","timestamp":1653675480,"volume":"0.14966091","buyTxId":"17985de3db7cf8a9d16646c064a307eed34fb8cb","sellTxId":"a039257072ed41056704f5a7dc1cd19ed667d7f7"}
{"index": {"_index":"spt","_id":"3544151"}}
	{"id":3544151,"type":"sell","buyer":"thewycher","seller":"elenkar","symbol":"SPT","quantity":"14.854667","price":"0.00284203","timestamp":1653676557,"volume":"0.04221741","buyTxId":"c3db91ff77d1857ab116bc5b7fdc514bbf3b2ff2","sellTxId":"4aae0d26a5b63ece819ae2ecc8746c10f3514880"}
{"index": {"_index":"spt","_id":"3544178"}}
	{"id":3544178,"type":"buy","buyer":"he-index","seller":"saachi","symbol":"SPT","quantity":"5.161000","price":"0.00310000","timestamp":1653676938,"volume":"0.01599910","buyTxId":"369c133555e539631b3f447dee755923e9d1285f","sellTxId":"a039257072ed41056704f5a7dc1cd19ed667d7f7"}
{"index": {"_index":"spt","_id":"3544181"}}
	{"id":3544181,"type":"buy","buyer":"he-index","seller":"saachi","symbol":"SPT","quantity":"5.161000","price":"0.00310000","timestamp":1653676956,"volume":"0.01599910","buyTxId":"9da99c2b699335469aa09c17b6e9e59fb0e529b6","sellTxId":"a039257072ed41056704f5a7dc1cd19ed667d7f7"}
{"index": {"_index":"spt","_id":"3544185"}}
	{"id":3544185,"type":"sell","buyer":"thewycher","seller":"splinterlandshq","symbol":"SPT","quantity":"344.905389","price":"0.00284203","timestamp":1653677034,"volume":"0.98023146","buyTxId":"c3db91ff77d1857ab116bc5b7fdc514bbf3b2ff2","sellTxId":"ddf25c32e785f59ea3e2ff029270415846528d41"}
{"index": {"_index":"spt","_id":"3544186"}}
	{"id":3544186,"type":"sell","buyer":"thewycher","seller":"splinterlandshq","symbol":"SPT","quantity":"160.824476","price":"0.00284203","timestamp":1653677034,"volume":"0.45706799","buyTxId":"ff115e4c43972a83cfbc9c8b1d2ee4a4d2294e3a","sellTxId":"ddf25c32e785f59ea3e2ff029270415846528d41"}
{"index": {"_index":"spt","_id":"3544409"}}
	{"id":3544409,"type":"sell","buyer":"thewycher","seller":"mathfb","symbol":"SPT","quantity":"339.175523","price":"0.00284203","timestamp":1653680412,"volume":"0.96394701","buyTxId":"ff115e4c43972a83cfbc9c8b1d2ee4a4d2294e3a","sellTxId":"51dc42d91972bc72a101e66e02717149a992a3d5"}
{"index": {"_index":"spt","_id":"3544410"}}
	{"id":3544410,"type":"sell","buyer":"thewycher","seller":"mathfb","symbol":"SPT","quantity":"499.999999","price":"0.00284203","timestamp":1653680412,"volume":"1.42101500","buyTxId":"7c9126de4c8cb3bfc739c71c8bb930abfae16295","sellTxId":"51dc42d91972bc72a101e66e02717149a992a3d5"}
{"index": {"_index":"spt","_id":"3544411"}}
	{"id":3544411,"type":"sell","buyer":"thewycher","seller":"mathfb","symbol":"SPT","quantity":"499.999999","price":"0.00284203","timestamp":1653680412,"volume":"1.42101500","buyTxId":"1423d5eeff918c0e2c6bafbbbe7a9ca7f2c3423a","sellTxId":"51dc42d91972bc72a101e66e02717149a992a3d5"}
{"index": {"_index":"spt","_id":"3544412"}}
	{"id":3544412,"type":"sell","buyer":"thewycher","seller":"mathfb","symbol":"SPT","quantity":"499.999999","price":"0.00284203","timestamp":1653680412,"volume":"1.42101500","buyTxId":"b40901eb3e0328e3a584a79823c8f0fc5c5507e6","sellTxId":"51dc42d91972bc72a101e66e02717149a992a3d5"}
{"index": {"_index":"spt","_id":"3544413"}}
	{"id":3544413,"type":"sell","buyer":"thewycher","seller":"mathfb","symbol":"SPT","quantity":"49.547087","price":"0.00284203","timestamp":1653680412,"volume":"0.14081431","buyTxId":"c815ec18adad89dce7e0b01e74f8bb07432ea92f","sellTxId":"51dc42d91972bc72a101e66e02717149a992a3d5"}
{"index": {"_index":"spt","_id":"3544414"}}
	{"id":3544414,"type":"sell","buyer":"thewycher","seller":"mathfb","symbol":"SPT","quantity":"140.869480","price":"0.00284203","timestamp":1653680412,"volume":"0.40035529","buyTxId":"ec83cfae44422eae1e7f5fb5ed7ee4c5a69d9f4f","sellTxId":"51dc42d91972bc72a101e66e02717149a992a3d5"}
{"index": {"_index":"spt","_id":"3544415"}}
	{"id":3544415,"type":"sell","buyer":"thewycher","seller":"mathfb","symbol":"SPT","quantity":"81.182744","price":"0.00284203","timestamp":1653680412,"volume":"0.23072379","buyTxId":"eae93083f40ba88a26e24de9a14f7894916da406","sellTxId":"51dc42d91972bc72a101e66e02717149a992a3d5"}
{"index": {"_index":"spt","_id":"3544781"}}
	{"id":3544781,"type":"sell","buyer":"thewycher","seller":"mightyrocklee","symbol":"SPT","quantity":"418.817255","price":"0.00284203","timestamp":1653684741,"volume":"1.19029120","buyTxId":"eae93083f40ba88a26e24de9a14f7894916da406","sellTxId":"947b6f4a65a2410d5dead411fea32f21ae61c43d"}
{"index": {"_index":"spt","_id":"3544782"}}
	{"id":3544782,"type":"sell","buyer":"thewycher","seller":"mightyrocklee","symbol":"SPT","quantity":"228.292233","price":"0.00284203","timestamp":1653684741,"volume":"0.64881337","buyTxId":"5f776e85b7214e9ab4e3b8829b72f5aeb19930ea","sellTxId":"947b6f4a65a2410d5dead411fea32f21ae61c43d"}
{"index": {"_index":"spt","_id":"3544831"}}
	{"id":3544831,"type":"sell","buyer":"thewycher","seller":"lolz.devs","symbol":"SPT","quantity":"92.863990","price":"0.00284203","timestamp":1653685389,"volume":"0.26392225","buyTxId":"5f776e85b7214e9ab4e3b8829b72f5aeb19930ea","sellTxId":"b7a968506306d288488965950f1f668f59232184"}
{"index": {"_index":"spt","_id":"3544957"}}
	{"id":3544957,"type":"sell","buyer":"thewycher","seller":"mein-senf-dazu","symbol":"SPT","quantity":"21.525656","price":"0.00284203","timestamp":1653686172,"volume":"0.06117656","buyTxId":"5f776e85b7214e9ab4e3b8829b72f5aeb19930ea","sellTxId":"e573286bdafc51799692dda5b3b21a5f797ffc69"}
{"index": {"_index":"spt","_id":"3545158"}}
	{"id":3545158,"type":"sell","buyer":"thewycher","seller":"he-index","symbol":"SPT","quantity":"0.022000","price":"0.00284203","timestamp":1653688869,"volume":"0.00006252","buyTxId":"5f776e85b7214e9ab4e3b8829b72f5aeb19930ea","sellTxId":"b884a452c3a6dc4a94ab4a97e5280cbdf4c7f277"}
{"index": {"_index":"spt","_id":"3545708"}}
	{"id":3545708,"type":"sell","buyer":"thewycher","seller":"liuke96player","symbol":"SPT","quantity":"85.684772","price":"0.00284203","timestamp":1653694902,"volume":"0.24351869","buyTxId":"5f776e85b7214e9ab4e3b8829b72f5aeb19930ea","sellTxId":"487174ad5924724d37852f924fcfdc939994f16c"}
{"index": {"_index":"spt","_id":"3546066"}}
	{"id":3546066,"type":"sell","buyer":"thewycher","seller":"dhedge-drips","symbol":"SPT","quantity":"0.015500","price":"0.00284203","timestamp":1653698784,"volume":"0.00004405","buyTxId":"5f776e85b7214e9ab4e3b8829b72f5aeb19930ea","sellTxId":"d4113554a1ae6d700e60a0402a807fccb860aa4e"}
{"index": {"_index":"spt","_id":"3547014"}}
	{"id":3547014,"type":"sell","buyer":"arpuch","seller":"pjansen","symbol":"SPT","quantity":"1805.117335","price":"0.00284102","timestamp":1653706242,"volume":"5.12837445","buyTxId":"50f912e1602aa9d3bbdb3482a5f7b70ef79656a8","sellTxId":"e6ea46cb3080019e7930fa4f36d6a651d0332348"}
{"index": {"_index":"spt","_id":"3547021"}}
	{"id":3547021,"type":"sell","buyer":"arpuch","seller":"pjansen","symbol":"SPT","quantity":"1805.070412","price":"0.00284102","timestamp":1653706290,"volume":"5.12824114","buyTxId":"50f912e1602aa9d3bbdb3482a5f7b70ef79656a8","sellTxId":"319327810da9e8d1be29a0b1e5c8f69b6e4102e6"}
{"index": {"_index":"spt","_id":"3547029"}}
	{"id":3547029,"type":"sell","buyer":"arpuch","seller":"pjansen","symbol":"SPT","quantity":"1804.751978","price":"0.00284102","timestamp":1653706335,"volume":"5.12733646","buyTxId":"50f912e1602aa9d3bbdb3482a5f7b70ef79656a8","sellTxId":"fc06cfa060e972b411b700b0cbd1b5fc7a0e51b4"}
{"index": {"_index":"spt","_id":"3547038"}}
	{"id":3547038,"type":"sell","buyer":"arpuch","seller":"pjansen","symbol":"SPT","quantity":"1804.43363","price":"0.00284102","timestamp":1653706380,"volume":"5.12643203","buyTxId":"50f912e1602aa9d3bbdb3482a5f7b70ef79656a8","sellTxId":"ce19fb733128cd12c9cdcc0b2a591f046931181f"}
{"index": {"_index":"spt","_id":"3547046"}}
	{"id":3547046,"type":"sell","buyer":"arpuch","seller":"pjansen","symbol":"SPT","quantity":"1804.115365","price":"0.00284102","timestamp":1653706425,"volume":"5.12552783","buyTxId":"50f912e1602aa9d3bbdb3482a5f7b70ef79656a8","sellTxId":"42e7fe12ef95bbb77f22b670840b60efc67ba72a"}
{"index": {"_index":"spt","_id":"3547055"}}
	{"id":3547055,"type":"sell","buyer":"arpuch","seller":"pjansen","symbol":"SPT","quantity":"976.511280","price":"0.00284102","timestamp":1653706470,"volume":"2.77428808","buyTxId":"50f912e1602aa9d3bbdb3482a5f7b70ef79656a8","sellTxId":"12109528c7862a064a36553d12d3654dc890e63a"}
{"index": {"_index":"spt","_id":"3547056"}}
	{"id":3547056,"type":"sell","buyer":"kitsuki","seller":"pjansen","symbol":"SPT","quantity":"381.220475","price":"0.00282223","timestamp":1653706470,"volume":"1.07589186","buyTxId":"2554de0b0274ccb23d4ae02d6d0a832a22f11bcd","sellTxId":"12109528c7862a064a36553d12d3654dc890e63a"}
{"index": {"_index":"spt","_id":"3547057"}}
	{"id":3547057,"type":"sell","buyer":"kitsuki","seller":"pjansen","symbol":"SPT","quantity":"400.000000","price":"0.00281223","timestamp":1653706470,"volume":"1.12489200","buyTxId":"99b43d0112d662f84e2362c60c89917f9f7cfe0e","sellTxId":"12109528c7862a064a36553d12d3654dc890e63a"}
{"index": {"_index":"spt","_id":"3547058"}}
	{"id":3547058,"type":"sell","buyer":"kitsuki","seller":"pjansen","symbol":"SPT","quantity":"46.065429","price":"0.00279210","timestamp":1653706470,"volume":"0.12861928","buyTxId":"20d6ec8a7074dfb53ed5dde8c673e717d3bdee8b","sellTxId":"12109528c7862a064a36553d12d3654dc890e63a"}
{"index": {"_index":"spt","_id":"3547063"}}
	{"id":3547063,"type":"sell","buyer":"kitsuki","seller":"pjansen","symbol":"SPT","quantity":"153.784806","price":"0.00279210","timestamp":1653706515,"volume":"0.42938256","buyTxId":"20d6ec8a7074dfb53ed5dde8c673e717d3bdee8b","sellTxId":"91c5357c6adfa51744f6ab1475798089a49b5c73"}
{"index": {"_index":"spt","_id":"3547064"}}
	{"id":3547064,"type":"sell","buyer":"kitsuki","seller":"pjansen","symbol":"SPT","quantity":"500.000000","price":"0.00279103","timestamp":1653706515,"volume":"1.39551500","buyTxId":"8d56258cc07438be14a3344f325ffe3484252ba9","sellTxId":"91c5357c6adfa51744f6ab1475798089a49b5c73"}
{"index": {"_index":"spt","_id":"3547065"}}
	{"id":3547065,"type":"sell","buyer":"kitsuki","seller":"pjansen","symbol":"SPT","quantity":"500.000000","price":"0.00277103","timestamp":1653706515,"volume":"1.38551500","buyTxId":"beffa733e851edc57978098e040888fabee0276d","sellTxId":"91c5357c6adfa51744f6ab1475798089a49b5c73"}
{"index": {"_index":"spt","_id":"3547066"}}
	{"id":3547066,"type":"sell","buyer":"kitsuki","seller":"pjansen","symbol":"SPT","quantity":"50.000000","price":"0.00276103","timestamp":1653706515,"volume":"0.13805150","buyTxId":"baf2e99bdaa235f4d15a3438894b941807ef0e0b","sellTxId":"91c5357c6adfa51744f6ab1475798089a49b5c73"}
{"index": {"_index":"spt","_id":"3547067"}}
	{"id":3547067,"type":"sell","buyer":"kitsuki","seller":"pjansen","symbol":"SPT","quantity":"68.000000","price":"0.00265102","timestamp":1653706515,"volume":"0.18026936","buyTxId":"17234d8c5ce06a5b2bd5378df9218e30ddd942a0","sellTxId":"91c5357c6adfa51744f6ab1475798089a49b5c73"}
{"index": {"_index":"spt","_id":"3547068"}}
	{"id":3547068,"type":"sell","buyer":"kitsuki","seller":"pjansen","symbol":"SPT","quantity":"366.900714","price":"0.00258103","timestamp":1653706515,"volume":"0.94698175","buyTxId":"cd2c93baa26004f98b61ff681be7f46834c45d2d","sellTxId":"91c5357c6adfa51744f6ab1475798089a49b5c73"}
{"index": {"_index":"spt","_id":"3547069"}}
	{"id":3547069,"type":"sell","buyer":"unaiaja","seller":"pjansen","symbol":"SPT","quantity":"3.100000","price":"0.00258100","timestamp":1653706515,"volume":"0.00800110","buyTxId":"e5bae82f7481de124bf5016e7df82465e30fd908","sellTxId":"91c5357c6adfa51744f6ab1475798089a49b5c73"}
{"index": {"_index":"spt","_id":"3547070"}}
	{"id":3547070,"type":"sell","buyer":"multifurcate","seller":"pjansen","symbol":"SPT","quantity":"166.228291","price":"0.00241420","timestamp":1653706515,"volume":"0.40130834","buyTxId":"3a8b10c3aa395f491b4aea3db7fb31ab41ea016d","sellTxId":"91c5357c6adfa51744f6ab1475798089a49b5c73"}
{"index": {"_index":"spt","_id":"3547075"}}
	{"id":3547075,"type":"sell","buyer":"multifurcate","seller":"pjansen","symbol":"SPT","quantity":"1154.086882","price":"0.00241420","timestamp":1653706560,"volume":"2.78619655","buyTxId":"3a8b10c3aa395f491b4aea3db7fb31ab41ea016d","sellTxId":"599d28323098f35fffc97d3f36cf79223ef354ed"}
