{"index": {"_index":"spt","_id":"4063650"}}
	{"id":4063650,"type":"sell","buyer":"multifurcate","seller":"gank","symbol":"SPT","quantity":"1425.921302","price":"0.00153100","timestamp":1659581925,"volume":"2.18308551","buyTxId":"e2441bf42e555aaad93cae9d229624c10a9e5f7a","sellTxId":"f95aebae9d744bc698c2cb2014d5eb88ae1933dd"}
{"index": {"_index":"spt","_id":"4063983"}}
	{"id":4063983,"type":"sell","buyer":"multifurcate","seller":"sayee","symbol":"SPT","quantity":"5161.574710","price":"0.00153100","timestamp":1659585852,"volume":"7.90237088","buyTxId":"6af9fc6379ab81829caefc5066449ad9a8ab93e4","sellTxId":"b8f9922dd3046d3580bed253b29796a305d12941"}
{"index": {"_index":"spt","_id":"4064028"}}
	{"id":4064028,"type":"sell","buyer":"multifurcate","seller":"mawit07","symbol":"SPT","quantity":"600.491755","price":"0.00153100","timestamp":1659586563,"volume":"0.91935288","buyTxId":"6af9fc6379ab81829caefc5066449ad9a8ab93e4","sellTxId":"7027a9493d08a024707044acc619b05cb2138762"}
{"index": {"_index":"spt","_id":"4064057"}}
	{"id":4064057,"type":"buy","buyer":"pjansen","seller":"onlydoge","symbol":"SPT","quantity":"1073.870739","price":"0.00183970","timestamp":1659587256,"volume":"1.9756","buyTxId":"153d8769a9f26dc1542c6eea567020d0adca5b15","sellTxId":"36dae7be05e57867454f415b9c0df17301a1cc95"}
{"index": {"_index":"spt","_id":"4064081"}}
	{"id":4064081,"type":"sell","buyer":"multifurcate","seller":"laritheghost","symbol":"SPT","quantity":"4.686798","price":"0.00153100","timestamp":1659587583,"volume":"0.00717549","buyTxId":"6af9fc6379ab81829caefc5066449ad9a8ab93e4","sellTxId":"fe7c0fe7dfa8d8dd824e5103fbffe9b4fb3c5a58"}
{"index": {"_index":"spt","_id":"4064104"}}
	{"id":4064104,"type":"sell","buyer":"thewycher","seller":"costanza","symbol":"SPT","quantity":"48.067382","price":"0.00153200","timestamp":1659588024,"volume":"0.07363923","buyTxId":"31bb67f879e18cc506d6f5b665a7a6f9bdce12e2","sellTxId":"44ee9b49b888754d42090bdb466e9aadd08d682d"}
{"index": {"_index":"spt","_id":"4064105"}}
	{"id":4064105,"type":"sell","buyer":"multifurcate","seller":"costanza","symbol":"SPT","quantity":"11952.300296","price":"0.00153100","timestamp":1659588024,"volume":"18.29897175","buyTxId":"6af9fc6379ab81829caefc5066449ad9a8ab93e4","sellTxId":"44ee9b49b888754d42090bdb466e9aadd08d682d"}
{"index": {"_index":"spt","_id":"4064443"}}
	{"id":4064443,"type":"sell","buyer":"thewycher","seller":"thegcc","symbol":"SPT","quantity":"56.846814","price":"0.00153200","timestamp":1659594387,"volume":"0.08708932","buyTxId":"adc24e1d8a69c72c5f02b282584fb423e4e0a517","sellTxId":"7e733f702eb8df4d9e213864a8586a5129594230"}
{"index": {"_index":"spt","_id":"4064444"}}
	{"id":4064444,"type":"sell","buyer":"multifurcate","seller":"thegcc","symbol":"SPT","quantity":"10217.168868","price":"0.00153100","timestamp":1659594387,"volume":"15.64248554","buyTxId":"d88b06820885086c2c1ab69df70d7ff7940e262d","sellTxId":"7e733f702eb8df4d9e213864a8586a5129594230"}
{"index": {"_index":"spt","_id":"4064839"}}
	{"id":4064839,"type":"buy","buyer":"pjansen","seller":"asparado","symbol":"SPT","quantity":"5.436850","price":"0.00183930","timestamp":1659602193,"volume":"0.0100","buyTxId":"42f8a5e8472bf5e1f9c78492d823413eff721ec6","sellTxId":"97a359153533195ae9f160492ca169467c67dba7"}
{"index": {"_index":"spt","_id":"4064846"}}
	{"id":4064846,"type":"sell","buyer":"thewycher","seller":"chronocrypto","symbol":"SPT","quantity":"64.440887","price":"0.00160000","timestamp":1659602301,"volume":"0.10310542","buyTxId":"05dfffb8b7b3bdc144d0d8dbefe9acd45c59c054","sellTxId":"17b2a0c4384c232ac5758c54de902f68746eaa7c"}
{"index": {"_index":"spt","_id":"4064847"}}
	{"id":4064847,"type":"sell","buyer":"pjansen","seller":"chronocrypto","symbol":"SPT","quantity":"2706.618667","price":"0.00153203","timestamp":1659602301,"volume":"4.14662100","buyTxId":"90db0a70ddc73bf103d07888b5657d0f8c336b52","sellTxId":"17b2a0c4384c232ac5758c54de902f68746eaa7c"}
{"index": {"_index":"spt","_id":"4064861"}}
	{"id":4064861,"type":"sell","buyer":"multifurcate","seller":"mightyrocklee","symbol":"SPT","quantity":"588.617148","price":"0.00157847","timestamp":1659602439,"volume":"0.92911451","buyTxId":"95185c0396698a5c313f2ca0c02e31a53764b62f","sellTxId":"316b52b8bcd3d47d2fe453882e2d0f4c96b4141f"}
{"index": {"_index":"spt","_id":"4064904"}}
	{"id":4064904,"type":"sell","buyer":"pjansen","seller":"siberian12","symbol":"SPT","quantity":"207.918458","price":"0.00154112","timestamp":1659603351,"volume":"0.32042729","buyTxId":"41c3ca7eb4fbdd079b1f79205b11f6306f16d0a8","sellTxId":"43705d590d5812076c17e76cf0978a21949677f9"}
{"index": {"_index":"spt","_id":"4065154"}}
	{"id":4065154,"type":"sell","buyer":"thewycher","seller":"metronet","symbol":"SPT","quantity":"12.149564","price":"0.00160010","timestamp":1659606855,"volume":"0.01944052","buyTxId":"ff333e2dba2c0f568a6f0561a5fc9304589c9e38","sellTxId":"335afbf531c38e033b24146fa776fba943028f8f"}
{"index": {"_index":"spt","_id":"4065226"}}
	{"id":4065226,"type":"sell","buyer":"thewycher","seller":"libertygame27","symbol":"SPT","quantity":"61.284752","price":"0.00160010","timestamp":1659607635,"volume":"0.09806173","buyTxId":"ff333e2dba2c0f568a6f0561a5fc9304589c9e38","sellTxId":"5b5b7e7a45e9635f2dc9078b81c5cce28505eb67"}
{"index": {"_index":"spt","_id":"4065249"}}
	{"id":4065249,"type":"buy","buyer":"pjansen","seller":"libertygame27","symbol":"SPT","quantity":"5072.492948","price":"0.00160010","timestamp":1659607848,"volume":"8.11649597","buyTxId":"2470b1e0b2b63360f5e8d95354ad4a38fedb11fc","sellTxId":"5b5b7e7a45e9635f2dc9078b81c5cce28505eb67"}
{"index": {"_index":"spt","_id":"4065250"}}
	{"id":4065250,"type":"buy","buyer":"pjansen","seller":"asparado","symbol":"SPT","quantity":"0.002191","price":"0.00183930","timestamp":1659607848,"volume":"0.00000403","buyTxId":"2470b1e0b2b63360f5e8d95354ad4a38fedb11fc","sellTxId":"97a359153533195ae9f160492ca169467c67dba7"}
{"index": {"_index":"spt","_id":"4065307"}}
	{"id":4065307,"type":"sell","buyer":"pjansen","seller":"assassyn","symbol":"SPT","quantity":"2.935246","price":"0.00159566","timestamp":1659608778,"volume":"0.00468365","buyTxId":"bb878f88def9c2bed4e8e3eef6874ca8d042120d","sellTxId":"2a7447486721aed2411daeae86d4b6197392fa78"}
{"index": {"_index":"spt","_id":"4065880"}}
	{"id":4065880,"type":"buy","buyer":"dbooster","seller":"asparado","symbol":"SPT","quantity":"488.656498","price":"0.00183930","timestamp":1659618036,"volume":"0.89878590","buyTxId":"f63c5cd65d73f5dbb768156870380c865503ec2e","sellTxId":"97a359153533195ae9f160492ca169467c67dba7"}
{"index": {"_index":"spt","_id":"4065881"}}
	{"id":4065881,"type":"buy","buyer":"dbooster","seller":"onlydoge","symbol":"SPT","quantity":"11.343502","price":"0.00183940","timestamp":1659618036,"volume":"0.02086524","buyTxId":"f63c5cd65d73f5dbb768156870380c865503ec2e","sellTxId":"8088e4fb85c212d7997c45824157e3ee5ccdd667"}
{"index": {"_index":"spt","_id":"4065915"}}
	{"id":4065915,"type":"sell","buyer":"asparado","seller":"xabi","symbol":"SPT","quantity":"6.327659","price":"0.00158100","timestamp":1659618429,"volume":"0.01000403","buyTxId":"da2aa893efc0987a2202adb176df1404dc80dd20","sellTxId":"236e3c1bee35b7c9774359d97cd7c60dd65546e3"}
{"index": {"_index":"spt","_id":"4065918"}}
	{"id":4065918,"type":"sell","buyer":"thewycher","seller":"senstless","symbol":"SPT","quantity":"34.630595","price":"0.00158000","timestamp":1659618447,"volume":"0.05471634","buyTxId":"8012184f264c787dc64fbff7cf43bd6283600152","sellTxId":"458ed834ce29f3c4dbe822f879a77b16c9a36c26"}
{"index": {"_index":"spt","_id":"4065922"}}
	{"id":4065922,"type":"buy","buyer":"pjansen","seller":"xabi","symbol":"SPT","quantity":"116.508538","price":"0.00158100","timestamp":1659618534,"volume":"0.1842","buyTxId":"504c860657272f20963fa9ac9140981b483e31dd","sellTxId":"236e3c1bee35b7c9774359d97cd7c60dd65546e3"}
{"index": {"_index":"spt","_id":"4065952"}}
	{"id":4065952,"type":"buy","buyer":"asparado","seller":"xabi","symbol":"SPT","quantity":"0.002596","price":"0.00158100","timestamp":1659619086,"volume":"0.00000410","buyTxId":"f4a0977ad194f4be4f008a227657a0146cf94b6a","sellTxId":"236e3c1bee35b7c9774359d97cd7c60dd65546e3"}
{"index": {"_index":"spt","_id":"4066159"}}
	{"id":4066159,"type":"sell","buyer":"multifurcate","seller":"captainquack22","symbol":"SPT","quantity":"200","price":"0.00160725","timestamp":1659621936,"volume":"0.32145000","buyTxId":"daa34c7daa88ad8b59621cb90dd3cc5634855e14","sellTxId":"80bbe319edc912e235b5396ff1c1a2ca6f3184eb"}
{"index": {"_index":"spt","_id":"4066224"}}
	{"id":4066224,"type":"sell","buyer":"multifurcate","seller":"heutorybr","symbol":"SPT","quantity":"3576.325488","price":"0.00161634","timestamp":1659622782,"volume":"5.78055794","buyTxId":"6b3f2e818f4914a18ce7508a786d7e143da3c12c","sellTxId":"231b36db2c9d65d9de50f31124cc64ae8a3b6b64"}
{"index": {"_index":"spt","_id":"4066230"}}
	{"id":4066230,"type":"sell","buyer":"pjansen","seller":"suhlaing","symbol":"SPT","quantity":"29.822332","price":"0.00161635","timestamp":1659622827,"volume":"0.04820333","buyTxId":"b0fe68f1cbd94b39c0b39ae8865de633bb3105a2","sellTxId":"50ed8b78bcfc0098f835dda741bc6d765456a96a"}
{"index": {"_index":"spt","_id":"4066438"}}
	{"id":4066438,"type":"sell","buyer":"pjansen","seller":"migas","symbol":"SPT","quantity":"0.385422","price":"0.00162847","timestamp":1659624309,"volume":"0.00062765","buyTxId":"d56f048d1661989726ffa120f7ef1fa7958780ce","sellTxId":"58bf32aef6279b2bd140d98a0d82c70447355a2b"}
{"index": {"_index":"spt","_id":"4066475"}}
	{"id":4066475,"type":"sell","buyer":"multifurcate","seller":"bitcoinflood","symbol":"SPT","quantity":"69.250222","price":"0.00159717","timestamp":1659624987,"volume":"0.11060438","buyTxId":"7d93fde412cfd615b05412ec1056b383722467c5","sellTxId":"e8f7ac0121da20d1f92e01df611a371de85e26e1"}
{"index": {"_index":"spt","_id":"4066479"}}
	{"id":4066479,"type":"sell","buyer":"multifurcate","seller":"relf87","symbol":"SPT","quantity":"100.000000","price":"0.00159717","timestamp":1659625086,"volume":"0.15971700","buyTxId":"7d93fde412cfd615b05412ec1056b383722467c5","sellTxId":"5092507f2a3fa84f9a223a221d23f20b777a1ea7"}
{"index": {"_index":"spt","_id":"4066487"}}
	{"id":4066487,"type":"sell","buyer":"multifurcate","seller":"psyshock","symbol":"SPT","quantity":"46.404812","price":"0.00159717","timestamp":1659625215,"volume":"0.07411637","buyTxId":"7d93fde412cfd615b05412ec1056b383722467c5","sellTxId":"86b65299580a8f3d4458df03c40b4abd0e874a7a"}
{"index": {"_index":"spt","_id":"4066876"}}
	{"id":4066876,"type":"buy","buyer":"pjansen","seller":"thranax","symbol":"SPT","quantity":"200.000000","price":"0.00181040","timestamp":1659628578,"volume":"0.36208000","buyTxId":"331f2ed7e0f96b3b496c01dfa52ae971e810508f","sellTxId":"761a22a0fc6d0b7b2828982dd613d935c3def50b"}
{"index": {"_index":"spt","_id":"4066877"}}
	{"id":4066877,"type":"buy","buyer":"pjansen","seller":"onlydoge","symbol":"SPT","quantity":"0.010873","price":"0.00183940","timestamp":1659628578,"volume":"0.00002000","buyTxId":"331f2ed7e0f96b3b496c01dfa52ae971e810508f","sellTxId":"8088e4fb85c212d7997c45824157e3ee5ccdd667"}
{"index": {"_index":"spt","_id":"4066916"}}
	{"id":4066916,"type":"buy","buyer":"pjansen","seller":"thranax","symbol":"SPT","quantity":"200.000000","price":"0.00182150","timestamp":1659628956,"volume":"0.3643","buyTxId":"0736fa07c2e4d2733fba93724e348d07b0ca2349","sellTxId":"391653adc84bb16f6b30aaf5907139aed5bb3c98"}
{"index": {"_index":"spt","_id":"4066927"}}
	{"id":4066927,"type":"sell","buyer":"thranax","seller":"oadissin","symbol":"SPT","quantity":"200.000000","price":"0.00165454","timestamp":1659629214,"volume":"0.33090800","buyTxId":"f720d5953fca3fb38549a676d550a5d4f67c8102","sellTxId":"bd22b02db40a24d9f19f91d14ab8d4c3dfb4e90f"}
{"index": {"_index":"spt","_id":"4066928"}}
	{"id":4066928,"type":"sell","buyer":"pjansen","seller":"oadissin","symbol":"SPT","quantity":"6000.000000","price":"0.00161555","timestamp":1659629214,"volume":"9.69330000","buyTxId":"ab7c4f71585a1efac46eb8a0a32aa6eba429d9a3","sellTxId":"bd22b02db40a24d9f19f91d14ab8d4c3dfb4e90f"}
{"index": {"_index":"spt","_id":"4066929"}}
	{"id":4066929,"type":"sell","buyer":"thranax","seller":"oadissin","symbol":"SPT","quantity":"200.000000","price":"0.00161040","timestamp":1659629214,"volume":"0.32208000","buyTxId":"84a7be0057a3836ac8ce35ed65cd91af4457adb2","sellTxId":"bd22b02db40a24d9f19f91d14ab8d4c3dfb4e90f"}
{"index": {"_index":"spt","_id":"4066932"}}
	{"id":4066932,"type":"buy","buyer":"thranax","seller":"oadissin","symbol":"SPT","quantity":"200.000000","price":"0.00161040","timestamp":1659629226,"volume":"0.32208000","buyTxId":"59c989072d56b0f8dc5cd79ec6b54eda2a305f06","sellTxId":"bd22b02db40a24d9f19f91d14ab8d4c3dfb4e90f"}
{"index": {"_index":"spt","_id":"4066933"}}
	{"id":4066933,"type":"buy","buyer":"multifurcate","seller":"oadissin","symbol":"SPT","quantity":"9449.741704","price":"0.00161040","timestamp":1659629250,"volume":"15.21786404","buyTxId":"e05a2458a7067eb01996fd7f0a85bc5bea71a38e","sellTxId":"bd22b02db40a24d9f19f91d14ab8d4c3dfb4e90f"}
{"index": {"_index":"spt","_id":"4067067"}}
	{"id":4067067,"type":"sell","buyer":"pjansen","seller":"durlan","symbol":"SPT","quantity":"69.256413","price":"0.00159111","timestamp":1659630339,"volume":"0.11019457","buyTxId":"a2c44fc613a6af4a04cda8b3306644223f119703","sellTxId":"50339ff4966193568d3401777764167bcea0f0ed"}
{"index": {"_index":"spt","_id":"4067117"}}
	{"id":4067117,"type":"buy","buyer":"pjansen","seller":"thranax","symbol":"SPT","quantity":"250.000000","price":"0.00182400","timestamp":1659630954,"volume":"0.45600000","buyTxId":"e24e8310b6d486b032036f945859bdf0ad00e2e2","sellTxId":"ead8fef36702394874808df206b3da6be15e1996"}
{"index": {"_index":"spt","_id":"4067118"}}
	{"id":4067118,"type":"buy","buyer":"pjansen","seller":"mango-juice","symbol":"SPT","quantity":"4366.345727","price":"0.00182500","timestamp":1659630954,"volume":"7.96858095","buyTxId":"e24e8310b6d486b032036f945859bdf0ad00e2e2","sellTxId":"dde8398e44c91c9ca249619de60e2ce569e22577"}
{"index": {"_index":"spt","_id":"4067119"}}
	{"id":4067119,"type":"buy","buyer":"pjansen","seller":"mypathtofire","symbol":"SPT","quantity":"68.497815","price":"0.00182740","timestamp":1659630954,"volume":"0.12517291","buyTxId":"e24e8310b6d486b032036f945859bdf0ad00e2e2","sellTxId":"49dac54a77ce3272622f1af67f1328adde4fc748"}
{"index": {"_index":"spt","_id":"4067120"}}
	{"id":4067120,"type":"buy","buyer":"pjansen","seller":"onlydoge","symbol":"SPT","quantity":"0.025084","price":"0.00183940","timestamp":1659630954,"volume":"0.00004614","buyTxId":"e24e8310b6d486b032036f945859bdf0ad00e2e2","sellTxId":"8088e4fb85c212d7997c45824157e3ee5ccdd667"}
{"index": {"_index":"spt","_id":"4067145"}}
	{"id":4067145,"type":"buy","buyer":"cryptanya","seller":"thranax","symbol":"SPT","quantity":"250.000000","price":"0.00183840","timestamp":1659631533,"volume":"0.45960000","buyTxId":"5ff730c3c3d8aeb16b54461cc67f0aff47ef708e","sellTxId":"fb230d9403a72d818fed10d685b859982fdbe1da"}
{"index": {"_index":"spt","_id":"4067146"}}
	{"id":4067146,"type":"buy","buyer":"cryptanya","seller":"moookiller","symbol":"SPT","quantity":"3250.000000","price":"0.00183840","timestamp":1659631533,"volume":"5.97480000","buyTxId":"5ff730c3c3d8aeb16b54461cc67f0aff47ef708e","sellTxId":"c1e1ba82251382ebf2b53a2047be384d68beeecd"}
{"index": {"_index":"spt","_id":"4067214"}}
	{"id":4067214,"type":"sell","buyer":"multifurcate","seller":"tobias-g","symbol":"SPT","quantity":"0.605243","price":"0.00159212","timestamp":1659632388,"volume":"0.00096362","buyTxId":"a0379a0aaca65822a7e9f5e7e6f990196aea5cf4","sellTxId":"72e47cf73808750e13c651192fb2b2abfab7f516"}
{"index": {"_index":"spt","_id":"4067277"}}
	{"id":4067277,"type":"sell","buyer":"pjansen","seller":"catomoon","symbol":"SPT","quantity":"3.769278","price":"0.00160122","timestamp":1659633105,"volume":"0.00603544","buyTxId":"e689cf36c745cfe1959a61b6982b355cca5cb8a1","sellTxId":"c9f7925019a4b07321364f37c5620719848fff1a"}
{"index": {"_index":"spt","_id":"4067692"}}
	{"id":4067692,"type":"sell","buyer":"multifurcate","seller":"eijibr","symbol":"SPT","quantity":"3677.010274","price":"0.00168100","timestamp":1659639201,"volume":"6.18105427","buyTxId":"1d6ceab481ac29ec68c0c2b2a757c000a1a5dd18","sellTxId":"7ce4418510ef4aca51ad47525bc8c6b7acbc6497"}
{"index": {"_index":"spt","_id":"4067959"}}
	{"id":4067959,"type":"sell","buyer":"pjansen","seller":"decepticons","symbol":"SPT","quantity":"1000.000000","price":"0.00160324","timestamp":1659642693,"volume":"1.60324000","buyTxId":"f2b28a5df1505c27c07889cda59fa354e00bfe31","sellTxId":"58b07eb415cf7c3a9a513f19de973c5559e42572"}
{"index": {"_index":"spt","_id":"4068006"}}
	{"id":4068006,"type":"sell","buyer":"multifurcate","seller":"thranax","symbol":"SPT","quantity":"513.175484","price":"0.00161131","timestamp":1659643446,"volume":"0.82688479","buyTxId":"a0978d02abb250ac2489fc9bb51685a13f6eb3f9","sellTxId":"3ca06908d8b9c4956b6230fafb4214f9fd4ca970"}
{"index": {"_index":"spt","_id":"4068122"}}
	{"id":4068122,"type":"sell","buyer":"pjansen","seller":"evernoticethat","symbol":"SPT","quantity":"1846.186024","price":"0.00160122","timestamp":1659644901,"volume":"2.95614999","buyTxId":"8eed1595d78494a3d7b0e911dc5b5267aabc7d55","sellTxId":"e1f71ff2b2193e4f920dd54ade67a19d0a5ff05c"}
{"index": {"_index":"spt","_id":"4068411"}}
	{"id":4068411,"type":"sell","buyer":"thewycher","seller":"thranax","symbol":"SPT","quantity":"18.011237","price":"0.00165000","timestamp":1659649023,"volume":"0.02971854","buyTxId":"cf57406d2406b4763d0ace49a357f390aee28da2","sellTxId":"a6f8b1c53029c56c285f7a11960276e19ea3c775"}
{"index": {"_index":"spt","_id":"4068861"}}
	{"id":4068861,"type":"sell","buyer":"thewycher","seller":"zallin","symbol":"SPT","quantity":"68.205235","price":"0.00165000","timestamp":1659655629,"volume":"0.11253864","buyTxId":"cf57406d2406b4763d0ace49a357f390aee28da2","sellTxId":"4af52846725844344df9b5ecf57e460da0fa893e"}
{"index": {"_index":"spt","_id":"4068862"}}
	{"id":4068862,"type":"sell","buyer":"multifurcate","seller":"zallin","symbol":"SPT","quantity":"2441.541556","price":"0.00160473","timestamp":1659655629,"volume":"3.91801498","buyTxId":"c28d4983bf5b4e1fa7322d861611fe3bbcd51cde","sellTxId":"4af52846725844344df9b5ecf57e460da0fa893e"}
{"index": {"_index":"spt","_id":"4068911"}}
	{"id":4068911,"type":"sell","buyer":"pjansen","seller":"andy4475","symbol":"SPT","quantity":"12.650451","price":"0.00161080","timestamp":1659656286,"volume":"0.02037735","buyTxId":"598430a2bfbc3a69cfd717aac38e22cfa8319def","sellTxId":"d0401cf4017e2c3d44d14fc8aef5fcac59fd8272"}
{"index": {"_index":"spt","_id":"4069240"}}
	{"id":4069240,"type":"sell","buyer":"thewycher","seller":"teteuzinho","symbol":"SPT","quantity":"97.971787","price":"0.00160000","timestamp":1659661359,"volume":"0.15675486","buyTxId":"b34f60fdd3387c2bd096fdb9401f49d9f9400842","sellTxId":"ed7939415af30140fa4dadeafc0135a59f0a45a5"}
{"index": {"_index":"spt","_id":"4069248"}}
	{"id":4069248,"type":"sell","buyer":"pjansen","seller":"teteuzinho","symbol":"SPT","quantity":"1390.182217","price":"0.00157242","timestamp":1659661443,"volume":"2.18595032","buyTxId":"58c98b5a588a040415d4b984c65406afdd12e12f","sellTxId":"99ec881534221ab73be569ff8541776091c13216"}
{"index": {"_index":"spt","_id":"4069476"}}
	{"id":4069476,"type":"sell","buyer":"thewycher","seller":"bitcoinflood","symbol":"SPT","quantity":"99.971967","price":"0.00162000","timestamp":1659664809,"volume":"0.16195459","buyTxId":"8cda63561410c86421b8347dea77367ca0242c54","sellTxId":"c21b2405d143aeacec37ee335902ee55b1a18b99"}
{"index": {"_index":"spt","_id":"4069568"}}
	{"id":4069568,"type":"sell","buyer":"thewycher","seller":"dswap","symbol":"SPT","quantity":"10.340212","price":"0.00162000","timestamp":1659665985,"volume":"0.01675114","buyTxId":"8cda63561410c86421b8347dea77367ca0242c54","sellTxId":"01f934b8a37c271ada2b90e45b2ddfe2bd0a5145"}
{"index": {"_index":"spt","_id":"4069569"}}
	{"id":4069569,"type":"sell","buyer":"pjansen","seller":"dswap","symbol":"SPT","quantity":"2.911155","price":"0.00154615","timestamp":1659665985,"volume":"0.00450108","buyTxId":"af66458e1a4c5bd1b4b5979c357648fc7ae03ecc","sellTxId":"01f934b8a37c271ada2b90e45b2ddfe2bd0a5145"}
