{"index": {"_index":"spt","_id":"4028065"}}
	{"id":4028065,"type":"sell","buyer":"pjansen","seller":"mamoti","symbol":"SPT","quantity":"7.704943","price":"0.00178211","timestamp":1659233136,"volume":"0.01373106","buyTxId":"fcc381f9c5758805f20bfe812869f9a30abf76f7","sellTxId":"688f52164384021d119ed2e561556cbce8b8ccd1"}
{"index": {"_index":"spt","_id":"4028069"}}
	{"id":4028069,"type":"sell","buyer":"multifurcate","seller":"jnn10","symbol":"SPT","quantity":"1.431101","price":"0.00178311","timestamp":1659233166,"volume":"0.00255181","buyTxId":"c32c85dbc0f8da762563b7d233efdd18b03a5e6a","sellTxId":"33a738a109a45e05ae7dd8b1b841c1f9142c4425"}
{"index": {"_index":"spt","_id":"4028312"}}
	{"id":4028312,"type":"sell","buyer":"multifurcate","seller":"relf87","symbol":"SPT","quantity":"100.000000","price":"0.00178210","timestamp":1659236892,"volume":"0.17821000","buyTxId":"dbe2a92247e31cdd8d242c72b7b1cd9c226b2fa1","sellTxId":"6e5e6d7f452ef0bb7493ad7246c5fe56bd7e60e7"}
{"index": {"_index":"spt","_id":"4028327"}}
	{"id":4028327,"type":"sell","buyer":"pjansen","seller":"backinblackdevil","symbol":"SPT","quantity":"8.481134","price":"0.00177706","timestamp":1659237027,"volume":"0.01507148","buyTxId":"caf61303c5520a146300f366bfd793afce14f9a2","sellTxId":"cb3ce88086f9dd75f44fa3dad83ac73f5eb9c8bb"}
{"index": {"_index":"spt","_id":"4028453"}}
	{"id":4028453,"type":"buy","buyer":"pjansen","seller":"onlydoge","symbol":"SPT","quantity":"5144.392162","price":"0.00181000","timestamp":1659238872,"volume":"9.31134981","buyTxId":"b6f7db6406e038b1c7b071cb16340223071e38fb","sellTxId":"f0278c4453ddb1b200c2efd196785764f8e0d875"}
{"index": {"_index":"spt","_id":"4028454"}}
	{"id":4028454,"type":"buy","buyer":"pjansen","seller":"naythan","symbol":"SPT","quantity":"0.027576","price":"0.00182000","timestamp":1659238872,"volume":"0.00005019","buyTxId":"b6f7db6406e038b1c7b071cb16340223071e38fb","sellTxId":"c9408e9e104d848140bdcf4e0cb6f3d052065ee9"}
{"index": {"_index":"spt","_id":"4028620"}}
	{"id":4028620,"type":"buy","buyer":"jongolson","seller":"naythan","symbol":"SPT","quantity":"1000.000000","price":"0.00182000","timestamp":1659241227,"volume":"1.82000000","buyTxId":"0dc42514a713c3902302dd096c4c960a80a52150","sellTxId":"c9408e9e104d848140bdcf4e0cb6f3d052065ee9"}
{"index": {"_index":"spt","_id":"4028811"}}
	{"id":4028811,"type":"buy","buyer":"pjansen","seller":"naythan","symbol":"SPT","quantity":"8333.388888","price":"0.00180000","timestamp":1659243957,"volume":"15.0001","buyTxId":"e03155edc3e5835ba76270e4c8e58063cf1698ef","sellTxId":"6da027c41b6e7d456fe5aff8e4aaaabe09042930"}
{"index": {"_index":"spt","_id":"4028820"}}
	{"id":4028820,"type":"buy","buyer":"pjansen","seller":"naythan","symbol":"SPT","quantity":"8333.388888","price":"0.00180000","timestamp":1659244002,"volume":"15.0001","buyTxId":"5e68a9c7abc41da17b3ef9f7da8d72912dd10328","sellTxId":"6da027c41b6e7d456fe5aff8e4aaaabe09042930"}
{"index": {"_index":"spt","_id":"4028822"}}
	{"id":4028822,"type":"buy","buyer":"pjansen","seller":"naythan","symbol":"SPT","quantity":"8333.388888","price":"0.00180000","timestamp":1659244041,"volume":"15.0001","buyTxId":"5e959df806979cf91075d5520ef454daea62d7b1","sellTxId":"6da027c41b6e7d456fe5aff8e4aaaabe09042930"}
{"index": {"_index":"spt","_id":"4028824"}}
	{"id":4028824,"type":"buy","buyer":"pjansen","seller":"naythan","symbol":"SPT","quantity":"4866.812510","price":"0.00180000","timestamp":1659244080,"volume":"8.76026252","buyTxId":"56e36be02c4bf7201b9275616d65879d968f6907","sellTxId":"6da027c41b6e7d456fe5aff8e4aaaabe09042930"}
{"index": {"_index":"spt","_id":"4028825"}}
	{"id":4028825,"type":"buy","buyer":"pjansen","seller":"konaqua","symbol":"SPT","quantity":"0.020593","price":"0.00182000","timestamp":1659244080,"volume":"0.00003748","buyTxId":"56e36be02c4bf7201b9275616d65879d968f6907","sellTxId":"200fde03748b23caf86571f10a8c8a64677650b2"}
{"index": {"_index":"spt","_id":"4029141"}}
	{"id":4029141,"type":"sell","buyer":"pjansen","seller":"splinter100dedos","symbol":"SPT","quantity":"105.361768","price":"0.00177610","timestamp":1659249042,"volume":"0.18713304","buyTxId":"053d7ae6fe4559b8cb5b3030d6426c114cf169a3","sellTxId":"9953f0afb41be5ea309657bb8ef839731e2a2230"}
{"index": {"_index":"spt","_id":"4029569"}}
	{"id":4029569,"type":"sell","buyer":"pjansen","seller":"mypathtofire","symbol":"SPT","quantity":"14.502334","price":"0.00177610","timestamp":1659254220,"volume":"0.02575760","buyTxId":"4c0a43432bc24f942238a9fadceb6769ec82c100","sellTxId":"cdb2ad8e0c1f0604071419e7f4499012b8cbe95c"}
{"index": {"_index":"spt","_id":"4029602"}}
	{"id":4029602,"type":"sell","buyer":"pjansen","seller":"spongebob27","symbol":"SPT","quantity":"1942.434388","price":"0.00177812","timestamp":1659254727,"volume":"3.45388143","buyTxId":"3ea0f38c5292af7d0e4e150f6b5fbd0b9d84e456","sellTxId":"5eeeb61d7057e098d1850e8c7749ee6675a7f332"}
{"index": {"_index":"spt","_id":"4029617"}}
	{"id":4029617,"type":"buy","buyer":"pjansen","seller":"konaqua","symbol":"SPT","quantity":"8241.813186","price":"0.00182000","timestamp":1659254931,"volume":"15.0001","buyTxId":"95a02d4bebc565567123e9695a2b23fc735f3c99","sellTxId":"200fde03748b23caf86571f10a8c8a64677650b2"}
{"index": {"_index":"spt","_id":"4029622"}}
	{"id":4029622,"type":"buy","buyer":"pjansen","seller":"konaqua","symbol":"SPT","quantity":"1759.120879","price":"0.00182000","timestamp":1659254970,"volume":"3.2016","buyTxId":"f3e19b7a28ccec5870cd8cac6b2ced0feabfdebe","sellTxId":"200fde03748b23caf86571f10a8c8a64677650b2"}
{"index": {"_index":"spt","_id":"4030513"}}
	{"id":4030513,"type":"sell","buyer":"pjansen","seller":"baconface","symbol":"SPT","quantity":"2100.966295","price":"0.00179101","timestamp":1659265527,"volume":"3.76285164","buyTxId":"ffdf99a9eb696dbba20fbac550bc6446b4bc03a7","sellTxId":"a712ad79730c8ae70907242d332a80f0b9b7b7e3"}
{"index": {"_index":"spt","_id":"4030608"}}
	{"id":4030608,"type":"sell","buyer":"pjansen","seller":"kryptofire","symbol":"SPT","quantity":"4.604516","price":"0.00179303","timestamp":1659266436,"volume":"0.00825604","buyTxId":"6b6e6139f1e1826b8bf2154b259120fbd5d3e31b","sellTxId":"406f7f4ec8bf93c17b1fcd8197d017b41d311475"}
{"index": {"_index":"spt","_id":"4030624"}}
	{"id":4030624,"type":"sell","buyer":"pjansen","seller":"khazrakh","symbol":"SPT","quantity":"58.935458","price":"0.00179303","timestamp":1659266670,"volume":"0.10567304","buyTxId":"54fee37dcf72f03ce89ad4024b1837300c1c80e9","sellTxId":"f3a175059832a8a631283e8b11ecc81caea7dc6e"}
{"index": {"_index":"spt","_id":"4030655"}}
	{"id":4030655,"type":"sell","buyer":"pjansen","seller":"luckyali","symbol":"SPT","quantity":"157.748478","price":"0.00180001","timestamp":1659266997,"volume":"0.28394884","buyTxId":"db009b2b1300ff272900b0a0020435a81c555420","sellTxId":"345ab71edc7b4678a7f549b43731572212046714"}
{"index": {"_index":"spt","_id":"4030793"}}
	{"id":4030793,"type":"sell","buyer":"multifurcate","seller":"noblebright","symbol":"SPT","quantity":"1.388038","price":"0.00179201","timestamp":1659269799,"volume":"0.00248738","buyTxId":"bc5cfe624e40d899fa132c5ce75c46a74dd26954","sellTxId":"f0251b3cd4d218904d69dbbbc52ce9bfdf32909e"}
{"index": {"_index":"spt","_id":"4030859"}}
	{"id":4030859,"type":"sell","buyer":"pjansen","seller":"agreste","symbol":"SPT","quantity":"0.557742","price":"0.00179202","timestamp":1659270339,"volume":"0.00099948","buyTxId":"6a45696c66267522d0c33c294d24bd9b52a8289b","sellTxId":"39ba81c449364fc0f5990d10404a1a977b4c5ab1"}
{"index": {"_index":"spt","_id":"4030883"}}
	{"id":4030883,"type":"sell","buyer":"pjansen","seller":"invest4free","symbol":"SPT","quantity":"42","price":"0.00180001","timestamp":1659270642,"volume":"0.07560042","buyTxId":"6a514b253704c218f328963e2a1bf1805036f6b6","sellTxId":"2a9def8a194adb0e7758350351fdc100986a822f"}
{"index": {"_index":"spt","_id":"4031017"}}
	{"id":4031017,"type":"sell","buyer":"pjansen","seller":"sansey","symbol":"SPT","quantity":"26.567","price":"0.00180001","timestamp":1659272415,"volume":"0.04782087","buyTxId":"feed790d400b6570c8f2d4bfc326e24b14a373cb","sellTxId":"771c8d7610cf14afbb368b2bc709bb03db536305"}
{"index": {"_index":"spt","_id":"4031209"}}
	{"id":4031209,"type":"sell","buyer":"pjansen","seller":"kikero","symbol":"SPT","quantity":"5000.000000","price":"0.00179001","timestamp":1659274611,"volume":"8.95005000","buyTxId":"08f162071254e980e07b24b4b7743566ffac054e","sellTxId":"3f57bed307c431520b64360b65cfd5878fadd152"}
{"index": {"_index":"spt","_id":"4031210"}}
	{"id":4031210,"type":"sell","buyer":"onlydoge","seller":"kikero","symbol":"SPT","quantity":"13966.480440","price":"0.00179000","timestamp":1659274611,"volume":"24.99999999","buyTxId":"f7ca63d5ab1599069cf4038e360706e6c4aae32e","sellTxId":"3f57bed307c431520b64360b65cfd5878fadd152"}
{"index": {"_index":"spt","_id":"4031211"}}
	{"id":4031211,"type":"sell","buyer":"glimpsytips.dex","seller":"kikero","symbol":"SPT","quantity":"90.000000","price":"0.00177609","timestamp":1659274611,"volume":"0.15984810","buyTxId":"50e04c2032cb297a9d099a95b4adab4c9d369615","sellTxId":"3f57bed307c431520b64360b65cfd5878fadd152"}
{"index": {"_index":"spt","_id":"4031212"}}
	{"id":4031212,"type":"sell","buyer":"glimpsytips.dex","seller":"kikero","symbol":"SPT","quantity":"90.000000","price":"0.00177609","timestamp":1659274611,"volume":"0.15984810","buyTxId":"b2ac48c097c2febc0bfceda686ccda7c0285daf2","sellTxId":"3f57bed307c431520b64360b65cfd5878fadd152"}
{"index": {"_index":"spt","_id":"4031213"}}
	{"id":4031213,"type":"sell","buyer":"glimpsytips.dex","seller":"kikero","symbol":"SPT","quantity":"90.000000","price":"0.00177609","timestamp":1659274611,"volume":"0.15984810","buyTxId":"8c5d9fee21d0adabb39b223a453116bca00109e1","sellTxId":"3f57bed307c431520b64360b65cfd5878fadd152"}
{"index": {"_index":"spt","_id":"4031214"}}
	{"id":4031214,"type":"sell","buyer":"glimpsytips.dex","seller":"kikero","symbol":"SPT","quantity":"90.000000","price":"0.00177609","timestamp":1659274611,"volume":"0.15984810","buyTxId":"1b746a52b79bcdada4d501de5803056b8f79198a","sellTxId":"3f57bed307c431520b64360b65cfd5878fadd152"}
{"index": {"_index":"spt","_id":"4031215"}}
	{"id":4031215,"type":"sell","buyer":"glimpsytips.dex","seller":"kikero","symbol":"SPT","quantity":"90.000000","price":"0.00177609","timestamp":1659274611,"volume":"0.15984810","buyTxId":"f1bb1de0befe0cfeabefcabb1c765668f6144793","sellTxId":"3f57bed307c431520b64360b65cfd5878fadd152"}
{"index": {"_index":"spt","_id":"4031216"}}
	{"id":4031216,"type":"sell","buyer":"glimpsytips.dex","seller":"kikero","symbol":"SPT","quantity":"150.000000","price":"0.00177607","timestamp":1659274611,"volume":"0.26641050","buyTxId":"3f7566f1b230eac408201534c472f46d31300fd5","sellTxId":"3f57bed307c431520b64360b65cfd5878fadd152"}
{"index": {"_index":"spt","_id":"4031217"}}
	{"id":4031217,"type":"sell","buyer":"glimpsytips.dex","seller":"kikero","symbol":"SPT","quantity":"150.000000","price":"0.00177607","timestamp":1659274611,"volume":"0.26641050","buyTxId":"88bb24a9d9c25852480835bbbe26f019876e188f","sellTxId":"3f57bed307c431520b64360b65cfd5878fadd152"}
{"index": {"_index":"spt","_id":"4031218"}}
	{"id":4031218,"type":"sell","buyer":"imno","seller":"kikero","symbol":"SPT","quantity":"563.333656","price":"0.00177605","timestamp":1659274611,"volume":"1.00050874","buyTxId":"2cb6fa2d46077412f85fb6d2aeadcf45c5ff2d03","sellTxId":"3f57bed307c431520b64360b65cfd5878fadd152"}
{"index": {"_index":"spt","_id":"4031219"}}
	{"id":4031219,"type":"sell","buyer":"glimpsytips.dex","seller":"kikero","symbol":"SPT","quantity":"150.000000","price":"0.00175101","timestamp":1659274611,"volume":"0.26265150","buyTxId":"736a5bcee32fc52b3bdce7bdb48ae8dab2893d6d","sellTxId":"3f57bed307c431520b64360b65cfd5878fadd152"}
{"index": {"_index":"spt","_id":"4031220"}}
	{"id":4031220,"type":"sell","buyer":"glimpsytips.dex","seller":"kikero","symbol":"SPT","quantity":"150.000000","price":"0.00175101","timestamp":1659274611,"volume":"0.26265150","buyTxId":"f13c1500a0a5554b42771343e63bea64be74f681","sellTxId":"3f57bed307c431520b64360b65cfd5878fadd152"}
{"index": {"_index":"spt","_id":"4031221"}}
	{"id":4031221,"type":"sell","buyer":"glimpsytips.dex","seller":"kikero","symbol":"SPT","quantity":"150.000000","price":"0.00175101","timestamp":1659274611,"volume":"0.26265150","buyTxId":"9d933a5541c7486e6401ce1598461981437039ba","sellTxId":"3f57bed307c431520b64360b65cfd5878fadd152"}
{"index": {"_index":"spt","_id":"4031222"}}
	{"id":4031222,"type":"sell","buyer":"glimpsytips.dex","seller":"kikero","symbol":"SPT","quantity":"150.000000","price":"0.00175101","timestamp":1659274611,"volume":"0.26265150","buyTxId":"0564117a3eadb0a025d12916f000b130bfbf41fe","sellTxId":"3f57bed307c431520b64360b65cfd5878fadd152"}
{"index": {"_index":"spt","_id":"4031223"}}
	{"id":4031223,"type":"sell","buyer":"multifurcate","seller":"kikero","symbol":"SPT","quantity":"77895.791022","price":"0.00175100","timestamp":1659274611,"volume":"136.39553008","buyTxId":"5d18d709ca426414d77f8be3748f5e3e8361b447","sellTxId":"3f57bed307c431520b64360b65cfd5878fadd152"}
{"index": {"_index":"spt","_id":"4031404"}}
	{"id":4031404,"type":"sell","buyer":"pjansen","seller":"mango-juice","symbol":"SPT","quantity":"179.779592","price":"0.00177001","timestamp":1659276393,"volume":"0.31821168","buyTxId":"fa0bc499b2b53356d2948eba86a582f887a1792b","sellTxId":"53a21b1992f1a86573405a38aab941e9bbf0f5c2"}
{"index": {"_index":"spt","_id":"4031700"}}
	{"id":4031700,"type":"sell","buyer":"multifurcate","seller":"aruchard","symbol":"SPT","quantity":"576.335823","price":"0.00176110","timestamp":1659280044,"volume":"1.01498502","buyTxId":"d6f31ae5f63462cd2e79779d8a2ed7a1377a2364","sellTxId":"37ff7600ab831254ac6e452e8428e6e53a533af4"}
{"index": {"_index":"spt","_id":"4031767"}}
	{"id":4031767,"type":"sell","buyer":"pjansen","seller":"gadrian","symbol":"SPT","quantity":"147.550707","price":"0.00175707","timestamp":1659280809,"volume":"0.25925692","buyTxId":"bdf28b2a75220c6fa86af596ec80c17ee7c942c2","sellTxId":"9cb766b064fcf460ed3675e47e2e83c268013cd2"}
{"index": {"_index":"spt","_id":"4031829"}}
	{"id":4031829,"type":"sell","buyer":"pjansen","seller":"captainquack22","symbol":"SPT","quantity":"341","price":"0.00176414","timestamp":1659281310,"volume":"0.60157174","buyTxId":"f58457af35c9ddff77c13c4e4c52f9381dd1ee16","sellTxId":"5aecfcace572a2aac6ec0e192f357722a01510c1"}
{"index": {"_index":"spt","_id":"4032013"}}
	{"id":4032013,"type":"sell","buyer":"multifurcate","seller":"kuhnchun","symbol":"SPT","quantity":"10.764609","price":"0.00175201","timestamp":1659283704,"volume":"0.01885970","buyTxId":"b00872983ba8691573fca3dd42beb3d68a7784b5","sellTxId":"e8c85d6a4e203f8feb5f2abe22c950dd8394f0e9"}
{"index": {"_index":"spt","_id":"4032025"}}
	{"id":4032025,"type":"sell","buyer":"pjansen","seller":"kuhnchun","symbol":"SPT","quantity":"33.464548","price":"0.00175404","timestamp":1659283878,"volume":"0.05869816","buyTxId":"6d89a2fe3c12693586487ad4e3c069c6ba9f572a","sellTxId":"4d3bea2a54a350f3e14d91132311405234c54629"}
{"index": {"_index":"spt","_id":"4032085"}}
	{"id":4032085,"type":"buy","buyer":"timmy-turnip","seller":"master-lamps","symbol":"SPT","quantity":"0.197331","price":"0.00181999","timestamp":1659284385,"volume":"0.00035914","buyTxId":"c5708db651d6aa195cd116d15c356c9da1547b2c","sellTxId":"2666716c9c9367e803db032e0f2716272c27090f"}
{"index": {"_index":"spt","_id":"4032086"}}
	{"id":4032086,"type":"buy","buyer":"timmy-turnip","seller":"noblebright","symbol":"SPT","quantity":"17.810909","price":"0.00181999","timestamp":1659284385,"volume":"0.03241568","buyTxId":"c5708db651d6aa195cd116d15c356c9da1547b2c","sellTxId":"20767b1239cb1beaa95812030c06380fc6b0eaad"}
{"index": {"_index":"spt","_id":"4032087"}}
	{"id":4032087,"type":"buy","buyer":"timmy-turnip","seller":"konaqua","symbol":"SPT","quantity":"0.024273","price":"0.00182000","timestamp":1659284385,"volume":"0.00004418","buyTxId":"c5708db651d6aa195cd116d15c356c9da1547b2c","sellTxId":"200fde03748b23caf86571f10a8c8a64677650b2"}
{"index": {"_index":"spt","_id":"4032088"}}
	{"id":4032088,"type":"buy","buyer":"timmy-turnip","seller":"saachi","symbol":"SPT","quantity":"150.000000","price":"0.00188000","timestamp":1659284385,"volume":"0.28200000","buyTxId":"c5708db651d6aa195cd116d15c356c9da1547b2c","sellTxId":"7361ee6ec87edff73df1e3c6e257bdafbd7c9aaa"}
{"index": {"_index":"spt","_id":"4032089"}}
	{"id":4032089,"type":"buy","buyer":"timmy-turnip","seller":"glimpsytips.dex","symbol":"SPT","quantity":"90.000000","price":"0.00188999","timestamp":1659284385,"volume":"0.17009910","buyTxId":"c5708db651d6aa195cd116d15c356c9da1547b2c","sellTxId":"26ad129f1fdc64498c9ff9efaa5ff7889cc4d02b"}
{"index": {"_index":"spt","_id":"4032090"}}
	{"id":4032090,"type":"buy","buyer":"timmy-turnip","seller":"glimpsytips.dex","symbol":"SPT","quantity":"90.000000","price":"0.00188999","timestamp":1659284385,"volume":"0.17009910","buyTxId":"c5708db651d6aa195cd116d15c356c9da1547b2c","sellTxId":"0cd4cc2ee569bd04249c4162833ce6390680de11"}
{"index": {"_index":"spt","_id":"4032091"}}
	{"id":4032091,"type":"buy","buyer":"timmy-turnip","seller":"glimpsytips.dex","symbol":"SPT","quantity":"90.000000","price":"0.00188999","timestamp":1659284385,"volume":"0.17009910","buyTxId":"c5708db651d6aa195cd116d15c356c9da1547b2c","sellTxId":"0b2c77a220c3f56e40eaf364726a4b031d64225c"}
{"index": {"_index":"spt","_id":"4032092"}}
	{"id":4032092,"type":"buy","buyer":"timmy-turnip","seller":"glimpsytips.dex","symbol":"SPT","quantity":"90.000000","price":"0.00188999","timestamp":1659284385,"volume":"0.17009910","buyTxId":"c5708db651d6aa195cd116d15c356c9da1547b2c","sellTxId":"63a341fa5936833ab4f330a083ca963c0629b343"}
{"index": {"_index":"spt","_id":"4032093"}}
	{"id":4032093,"type":"buy","buyer":"timmy-turnip","seller":"glimpsytips.dex","symbol":"SPT","quantity":"90.000000","price":"0.00188999","timestamp":1659284385,"volume":"0.17009910","buyTxId":"c5708db651d6aa195cd116d15c356c9da1547b2c","sellTxId":"97ce8a1fb05e4d7b793f2d0244b5a28edbcc740d"}
{"index": {"_index":"spt","_id":"4032094"}}
	{"id":4032094,"type":"buy","buyer":"timmy-turnip","seller":"glimpsytips.dex","symbol":"SPT","quantity":"90.000000","price":"0.00188999","timestamp":1659284385,"volume":"0.17009910","buyTxId":"c5708db651d6aa195cd116d15c356c9da1547b2c","sellTxId":"d2df539a3b9616d55cb43db084dc2b96efaa4a90"}
{"index": {"_index":"spt","_id":"4032095"}}
	{"id":4032095,"type":"buy","buyer":"timmy-turnip","seller":"glimpsytips.dex","symbol":"SPT","quantity":"90.000000","price":"0.00188999","timestamp":1659284385,"volume":"0.17009910","buyTxId":"c5708db651d6aa195cd116d15c356c9da1547b2c","sellTxId":"6c23268a296cb1b5d9474d70c29304b764a1a017"}
{"index": {"_index":"spt","_id":"4032096"}}
	{"id":4032096,"type":"buy","buyer":"timmy-turnip","seller":"glimpsytips.dex","symbol":"SPT","quantity":"90.000000","price":"0.00188999","timestamp":1659284385,"volume":"0.17009910","buyTxId":"c5708db651d6aa195cd116d15c356c9da1547b2c","sellTxId":"84fa29e955f8de87f9a8cb62e5526a5ccc41dc2f"}
{"index": {"_index":"spt","_id":"4032097"}}
	{"id":4032097,"type":"buy","buyer":"timmy-turnip","seller":"glimpsytips.dex","symbol":"SPT","quantity":"90.000000","price":"0.00188999","timestamp":1659284385,"volume":"0.17009910","buyTxId":"c5708db651d6aa195cd116d15c356c9da1547b2c","sellTxId":"1e5fef205287b39681023e49ef94653f11c4753b"}
{"index": {"_index":"spt","_id":"4032098"}}
	{"id":4032098,"type":"buy","buyer":"timmy-turnip","seller":"glimpsytips.dex","symbol":"SPT","quantity":"90.000000","price":"0.00188999","timestamp":1659284385,"volume":"0.17009910","buyTxId":"c5708db651d6aa195cd116d15c356c9da1547b2c","sellTxId":"8ff30f8ea9d31281a02f6c8827f70ec3d6338f19"}
{"index": {"_index":"spt","_id":"4032099"}}
	{"id":4032099,"type":"buy","buyer":"timmy-turnip","seller":"glimpsytips.dex","symbol":"SPT","quantity":"90.000000","price":"0.00188999","timestamp":1659284385,"volume":"0.17009910","buyTxId":"c5708db651d6aa195cd116d15c356c9da1547b2c","sellTxId":"e6fc0c762563669d3b55b6384f3a3585645645a0"}
{"index": {"_index":"spt","_id":"4032100"}}
	{"id":4032100,"type":"buy","buyer":"timmy-turnip","seller":"glimpsytips.dex","symbol":"SPT","quantity":"90.000000","price":"0.00188999","timestamp":1659284385,"volume":"0.17009910","buyTxId":"c5708db651d6aa195cd116d15c356c9da1547b2c","sellTxId":"ed16329081f46fe5f9db23fd24e3a76ecee6c63b"}
{"index": {"_index":"spt","_id":"4032101"}}
	{"id":4032101,"type":"buy","buyer":"timmy-turnip","seller":"glimpsytips.dex","symbol":"SPT","quantity":"90.000000","price":"0.00188999","timestamp":1659284385,"volume":"0.17009910","buyTxId":"c5708db651d6aa195cd116d15c356c9da1547b2c","sellTxId":"34e01ee33b9e770b2c2d97bebe4626d8b8a14b58"}
{"index": {"_index":"spt","_id":"4032102"}}
	{"id":4032102,"type":"buy","buyer":"timmy-turnip","seller":"glimpsytips.dex","symbol":"SPT","quantity":"90.000000","price":"0.00188999","timestamp":1659284385,"volume":"0.17009910","buyTxId":"c5708db651d6aa195cd116d15c356c9da1547b2c","sellTxId":"344462b496865768d6e1f118c192006880548d7e"}
{"index": {"_index":"spt","_id":"4032103"}}
	{"id":4032103,"type":"buy","buyer":"timmy-turnip","seller":"glimpsytips.dex","symbol":"SPT","quantity":"90.000000","price":"0.00188999","timestamp":1659284385,"volume":"0.17009910","buyTxId":"c5708db651d6aa195cd116d15c356c9da1547b2c","sellTxId":"9d87f8d4547720ba340fe2ab221765e20666b6fc"}
{"index": {"_index":"spt","_id":"4032104"}}
	{"id":4032104,"type":"buy","buyer":"timmy-turnip","seller":"onlydoge","symbol":"SPT","quantity":"8649.078132","price":"0.00189000","timestamp":1659284385,"volume":"16.34675767","buyTxId":"c5708db651d6aa195cd116d15c356c9da1547b2c","sellTxId":"49b9e90e1d8a0f601cd4610bb59b7f7fbb21bd8f"}
{"index": {"_index":"spt","_id":"4032173"}}
	{"id":4032173,"type":"sell","buyer":"pjansen","seller":"zallin","symbol":"SPT","quantity":"2706.871101","price":"0.00175101","timestamp":1659284961,"volume":"4.73975837","buyTxId":"97c21e310fa06757e070bdebdd1758b6b5294cec","sellTxId":"c816b8df334fb2824df66c0bf46c4a0cfe6c14c9"}
{"index": {"_index":"spt","_id":"4032416"}}
	{"id":4032416,"type":"sell","buyer":"multifurcate","seller":"catomoon","symbol":"SPT","quantity":"3.830510","price":"0.00146515","timestamp":1659288603,"volume":"0.00561227","buyTxId":"adf3d0f8f9a15f033db8a33356b0941e3e725ac4","sellTxId":"31ba5148237d6b47179de2143664511fe1389a38"}
{"index": {"_index":"spt","_id":"4032505"}}
	{"id":4032505,"type":"sell","buyer":"multifurcate","seller":"dubble.eth","symbol":"SPT","quantity":"47.373672","price":"0.00148333","timestamp":1659289854,"volume":"0.07027079","buyTxId":"3b37d65b50be495b3f83bfd7297e1964436a1ed0","sellTxId":"9a1a86c4cc3d76edc4fd30267bd41bb89ecd1641"}
{"index": {"_index":"spt","_id":"4032520"}}
	{"id":4032520,"type":"sell","buyer":"pjansen","seller":"gank","symbol":"SPT","quantity":"2481.000812","price":"0.00148435","timestamp":1659289992,"volume":"3.68267356","buyTxId":"db3fa75599fed743a1481e4f06c79edfd5c3ee9a","sellTxId":"403f818a2c1bda547060329a430465c6996b345b"}
{"index": {"_index":"spt","_id":"4032745"}}
	{"id":4032745,"type":"buy","buyer":"pjansen","seller":"onlydoge","symbol":"SPT","quantity":"5317.402308","price":"0.00179000","timestamp":1659292290,"volume":"9.51815013","buyTxId":"a976c4fe93a402e23295a9ceddc94be7e868e54b","sellTxId":"dc1c538a927afc29d0271c9ab248e035deffc396"}
{"index": {"_index":"spt","_id":"4032746"}}
	{"id":4032746,"type":"buy","buyer":"pjansen","seller":"mengao","symbol":"SPT","quantity":"3045.527705","price":"0.00180000","timestamp":1659292290,"volume":"5.48194987","buyTxId":"a976c4fe93a402e23295a9ceddc94be7e868e54b","sellTxId":"909e801d1cae2c3bce909e747cdf2a013ee802eb"}
{"index": {"_index":"spt","_id":"4033128"}}
	{"id":4033128,"type":"sell","buyer":"pjansen","seller":"stickupcash","symbol":"SPT","quantity":"273.984650","price":"0.00156313","timestamp":1659296862,"volume":"0.42827363","buyTxId":"8b029482b331fb2e35631741ed39031f7178fd01","sellTxId":"4cef7e0e4e7c05caf4175f70e38c4e438a12ca12"}
{"index": {"_index":"spt","_id":"4033513"}}
	{"id":4033513,"type":"sell","buyer":"pjansen","seller":"bilpcoinbot","symbol":"SPT","quantity":"10.253279","price":"0.00160131","timestamp":1659300282,"volume":"0.01641868","buyTxId":"ddc3e68e2918832c8132c5538dcb48965cc670f7","sellTxId":"543fde5ba3275d1ffa1bf4e511389bd21b6c1b62"}
{"index": {"_index":"spt","_id":"4033560"}}
	{"id":4033560,"type":"sell","buyer":"pjansen","seller":"submo","symbol":"SPT","quantity":"4064.799359","price":"0.00158203","timestamp":1659300738,"volume":"6.43063453","buyTxId":"5d0847d9f9b66a961fca54877e2c73db65efb228","sellTxId":"2410716dac232fdc77454c1a1f6dbf7b6220a2d6"}
{"index": {"_index":"spt","_id":"4033597"}}
	{"id":4033597,"type":"sell","buyer":"multifurcate","seller":"jingo-submo","symbol":"SPT","quantity":"720.151006","price":"0.00159010","timestamp":1659301200,"volume":"1.14511211","buyTxId":"460f33d7870b275a4190f44d836d78d4432d720c","sellTxId":"0e7aa3f21d10012ad9527df49d7f8e77b63313d9"}
{"index": {"_index":"spt","_id":"4033726"}}
	{"id":4033726,"type":"sell","buyer":"pjansen","seller":"finguru","symbol":"SPT","quantity":"198.020374","price":"0.00162404","timestamp":1659302730,"volume":"0.32159301","buyTxId":"a9cf08fe04dff14090434b7e93869638a4c9e7c8","sellTxId":"1b99a573be95f590bb603fdf124751c19f67d1f8"}
{"index": {"_index":"spt","_id":"4033785"}}
	{"id":4033785,"type":"sell","buyer":"pjansen","seller":"ukyron3","symbol":"SPT","quantity":"2184.270310","price":"0.00163313","timestamp":1659303297,"volume":"3.56719737","buyTxId":"5dce4674cd25bbeae06bbd53ca0bf7b6e7eebbf3","sellTxId":"e6ce7c71d3638e31332120e46e8c7c79fe0d9a9e"}
{"index": {"_index":"spt","_id":"4033827"}}
	{"id":4033827,"type":"sell","buyer":"multifurcate","seller":"ray5fan","symbol":"SPT","quantity":"0.375068","price":"0.00164726","timestamp":1659304116,"volume":"0.00061783","buyTxId":"3a7c69007e6e7970249effa8b7c1e0e3bee6cf86","sellTxId":"2774d86936706eafd611c2d91e4c5171b069dfef"}
{"index": {"_index":"spt","_id":"4033937"}}
	{"id":4033937,"type":"sell","buyer":"pjansen","seller":"raiga0824","symbol":"SPT","quantity":"13.158044","price":"0.00167707","timestamp":1659305868,"volume":"0.02206696","buyTxId":"bf8d20724e45cffce6f1d300b1fbaa2a9975c6ec","sellTxId":"7501ea8afd092dc280a0c3260630ece726ebe262"}
{"index": {"_index":"spt","_id":"4034001"}}
	{"id":4034001,"type":"sell","buyer":"pjansen","seller":"mightyrocklee","symbol":"SPT","quantity":"549.028778","price":"0.00169222","timestamp":1659306762,"volume":"0.92907748","buyTxId":"7f8c79f489c4f961233575fdafd7c0f137ec80ff","sellTxId":"1db5777faa44582caa6c3e2cbb26c12aab8bc267"}
{"index": {"_index":"spt","_id":"4034068"}}
	{"id":4034068,"type":"buy","buyer":"ollie44","seller":"underlock","symbol":"SPT","quantity":"1.000000","price":"0.00179998","timestamp":1659307833,"volume":"0.00179998","buyTxId":"5476bed421b2f7ca2c75ef841fb5f0c417979a88","sellTxId":"8ec9054ce96d2ac077031854126d17a0e4f22e48"}
{"index": {"_index":"spt","_id":"4034079"}}
	{"id":4034079,"type":"sell","buyer":"pjansen","seller":"lipe100dedos","symbol":"SPT","quantity":"52.197152","price":"0.00146102","timestamp":1659307944,"volume":"0.07626108","buyTxId":"b53190d007503473860ca0b6baad2f90d7b35275","sellTxId":"5bdc56f23c48fa319acdbfa13951f52d57ede0b2"}
{"index": {"_index":"spt","_id":"4034098"}}
	{"id":4034098,"type":"buy","buyer":"ollie44","seller":"underlock","symbol":"SPT","quantity":"47.000000","price":"0.00179998","timestamp":1659308220,"volume":"0.08459906","buyTxId":"f52a7f16bac670a70e2f7f98e5903092968d4330","sellTxId":"8ec9054ce96d2ac077031854126d17a0e4f22e48"}
{"index": {"_index":"spt","_id":"4034307"}}
	{"id":4034307,"type":"sell","buyer":"pjansen","seller":"alexandrzombi","symbol":"SPT","quantity":"0.000016","price":"0.00150930","timestamp":1659311562,"volume":"0.00000002","buyTxId":"a4089bf00d78b96b7ca9540933bbb7a8dce0dd85","sellTxId":"ea3d086a757753b53afe073edb08bc4fcf15f0d8"}
{"index": {"_index":"spt","_id":"4034512"}}
	{"id":4034512,"type":"sell","buyer":"pjansen","seller":"bulkathos","symbol":"SPT","quantity":"470.000000","price":"0.00151637","timestamp":1659312240,"volume":"0.71269390","buyTxId":"a615370942cc4a4d4ff23ef9edff710aa8ae6fe0","sellTxId":"74db01ba354113d8eb73a0af8d36dcf36d953df5"}
{"index": {"_index":"spt","_id":"4036346"}}
	{"id":4036346,"type":"sell","buyer":"pjansen","seller":"cryptoniusrex","symbol":"SPT","quantity":"924.000000","price":"0.00150001","timestamp":1659315915,"volume":"1.38600924","buyTxId":"d6ba6b5d5fd4c1a7ddf9f5f54baa3cd418f1b2c3","sellTxId":"100af3df5ca3bfd88b1fb43bae9224eaec4ef673"}
{"index": {"_index":"spt","_id":"4036553"}}
	{"id":4036553,"type":"buy","buyer":"druidsblood","seller":"agglutinogenic","symbol":"SPT","quantity":"521.000000","price":"0.00179898","timestamp":1659316362,"volume":"0.93726858","buyTxId":"59f47d3d1cabe29f0c0d7dff03cb2cad112db473","sellTxId":"83d5e176c7e03b97e924893021afa982276790bb"}
{"index": {"_index":"spt","_id":"4037148"}}
	{"id":4037148,"type":"sell","buyer":"onlydoge","seller":"pjansen","symbol":"SPT","quantity":"10337.270313","price":"0.00151000","timestamp":1659317199,"volume":"15.60927817","buyTxId":"c4df543b4866c20f9c0161fd521356f704f9c0f1","sellTxId":"74cdbde59891834bd4f3403bba95d30ee1fcb824"}
{"index": {"_index":"spt","_id":"4037150"}}
	{"id":4037150,"type":"sell","buyer":"onlydoge","seller":"pjansen","symbol":"SPT","quantity":"6219.021067","price":"0.00151000","timestamp":1659317226,"volume":"9.39072181","buyTxId":"c4df543b4866c20f9c0161fd521356f704f9c0f1","sellTxId":"d111b74ba33e39297f922261af04a676749e47fa"}
{"index": {"_index":"spt","_id":"4037151"}}
	{"id":4037151,"type":"sell","buyer":"methodofmad","seller":"pjansen","symbol":"SPT","quantity":"4110.665771","price":"0.00145304","timestamp":1659317226,"volume":"5.97296179","buyTxId":"cdaef574f3f13109b78472ed12cb0d2137644bd6","sellTxId":"d111b74ba33e39297f922261af04a676749e47fa"}
{"index": {"_index":"spt","_id":"4037153"}}
	{"id":4037153,"type":"sell","buyer":"methodofmad","seller":"pjansen","symbol":"SPT","quantity":"10361.857061","price":"0.00145304","timestamp":1659317262,"volume":"15.05619278","buyTxId":"cdaef574f3f13109b78472ed12cb0d2137644bd6","sellTxId":"917ad10d59efe112f57f013e1efa549a04eca2c5"}
{"index": {"_index":"spt","_id":"4037224"}}
	{"id":4037224,"type":"sell","buyer":"methodofmad","seller":"pjansen","symbol":"SPT","quantity":"10640.469491","price":"0.00145304","timestamp":1659317520,"volume":"15.46102779","buyTxId":"cdaef574f3f13109b78472ed12cb0d2137644bd6","sellTxId":"d8b01aff1dfe94b9303281328617b3c3a643c205"}
{"index": {"_index":"spt","_id":"4037238"}}
	{"id":4037238,"type":"sell","buyer":"methodofmad","seller":"pjansen","symbol":"SPT","quantity":"10639.337993","price":"0.00145304","timestamp":1659317550,"volume":"15.45938368","buyTxId":"cdaef574f3f13109b78472ed12cb0d2137644bd6","sellTxId":"e1fa61666a0a056dc68ab5e3f13eecacf22b8362"}
{"index": {"_index":"spt","_id":"4037245"}}
	{"id":4037245,"type":"sell","buyer":"methodofmad","seller":"tanzil2024","symbol":"SPT","quantity":"8505.953090","price":"0.00145304","timestamp":1659317559,"volume":"12.35949008","buyTxId":"cdaef574f3f13109b78472ed12cb0d2137644bd6","sellTxId":"ecae19f60fc522e4f3e8f278727be7de814f9ea5"}
{"index": {"_index":"spt","_id":"4037249"}}
	{"id":4037249,"type":"sell","buyer":"methodofmad","seller":"quan-t","symbol":"SPT","quantity":"138.000000","price":"0.00145304","timestamp":1659317574,"volume":"0.20051952","buyTxId":"cdaef574f3f13109b78472ed12cb0d2137644bd6","sellTxId":"bbc88b579a3b0a67ca51ca9a1d8cce2b3537d20f"}
{"index": {"_index":"spt","_id":"4037255"}}
	{"id":4037255,"type":"sell","buyer":"methodofmad","seller":"pjansen","symbol":"SPT","quantity":"10650.57106","price":"0.00145304","timestamp":1659317583,"volume":"15.47570577","buyTxId":"cdaef574f3f13109b78472ed12cb0d2137644bd6","sellTxId":"f50b8529b87814c918393e853f576759fedd8681"}
{"index": {"_index":"spt","_id":"4037259"}}
	{"id":4037259,"type":"sell","buyer":"methodofmad","seller":"pjansen","symbol":"SPT","quantity":"10643.818658","price":"0.00145304","timestamp":1659317610,"volume":"15.46589426","buyTxId":"cdaef574f3f13109b78472ed12cb0d2137644bd6","sellTxId":"b85648aef2af75599d20ff038d9a1fc589c3de9b"}
{"index": {"_index":"spt","_id":"4037265"}}
	{"id":4037265,"type":"sell","buyer":"methodofmad","seller":"pjansen","symbol":"SPT","quantity":"4979.326876","price":"0.00145304","timestamp":1659317637,"volume":"7.23516112","buyTxId":"cdaef574f3f13109b78472ed12cb0d2137644bd6","sellTxId":"78b586fe420fca197592da8acc4a0f3a58d37037"}
{"index": {"_index":"spt","_id":"4037266"}}
	{"id":4037266,"type":"sell","buyer":"speedtuning","seller":"pjansen","symbol":"SPT","quantity":"2000.000000","price":"0.00143001","timestamp":1659317637,"volume":"2.86002000","buyTxId":"3b2520727c9f72a5f444acebdaf06ae612cf5b03","sellTxId":"78b586fe420fca197592da8acc4a0f3a58d37037"}
{"index": {"_index":"spt","_id":"4037267"}}
	{"id":4037267,"type":"sell","buyer":"bala41288","seller":"pjansen","symbol":"SPT","quantity":"3652.475848","price":"0.00143000","timestamp":1659317637,"volume":"5.22304046","buyTxId":"f95ba9a3833f28614ea07d9bdd1e025bce33eaf8","sellTxId":"78b586fe420fca197592da8acc4a0f3a58d37037"}
{"index": {"_index":"spt","_id":"4037274"}}
	{"id":4037274,"type":"sell","buyer":"bala41288","seller":"pjansen","symbol":"SPT","quantity":"8347.524152","price":"0.00143000","timestamp":1659317664,"volume":"11.93695954","buyTxId":"f95ba9a3833f28614ea07d9bdd1e025bce33eaf8","sellTxId":"1b6b334c679d327fadcf5112cdc88634078d3aa9"}
{"index": {"_index":"spt","_id":"4037275"}}
	{"id":4037275,"type":"sell","buyer":"kitsuki","seller":"pjansen","symbol":"SPT","quantity":"300.000000","price":"0.00142911","timestamp":1659317664,"volume":"0.42873300","buyTxId":"2dd7edd0a818034dbdef2db9a23ee36ec406fe02","sellTxId":"1b6b334c679d327fadcf5112cdc88634078d3aa9"}
{"index": {"_index":"spt","_id":"4037276"}}
	{"id":4037276,"type":"sell","buyer":"imno","seller":"pjansen","symbol":"SPT","quantity":"1340.141717","price":"0.00142608","timestamp":1659317664,"volume":"1.91114930","buyTxId":"53789bf63123977c6ff2d0c7f364114ac15677f2","sellTxId":"1b6b334c679d327fadcf5112cdc88634078d3aa9"}
{"index": {"_index":"spt","_id":"4037277"}}
	{"id":4037277,"type":"sell","buyer":"kitsuki","seller":"pjansen","symbol":"SPT","quantity":"500.000000","price":"0.00142102","timestamp":1659317664,"volume":"0.71051000","buyTxId":"96cb583e6577a884bd6c4102ca0820415dd1aa97","sellTxId":"1b6b334c679d327fadcf5112cdc88634078d3aa9"}
{"index": {"_index":"spt","_id":"4037278"}}
	{"id":4037278,"type":"sell","buyer":"kitsuki","seller":"pjansen","symbol":"SPT","quantity":"120.000000","price":"0.00141315","timestamp":1659317664,"volume":"0.16957800","buyTxId":"b9728a91c98b6a1488b9621633022c549b91928c","sellTxId":"1b6b334c679d327fadcf5112cdc88634078d3aa9"}
{"index": {"_index":"spt","_id":"4037279"}}
	{"id":4037279,"type":"sell","buyer":"muzehan","seller":"pjansen","symbol":"SPT","quantity":"12.536814","price":"0.00140000","timestamp":1659317664,"volume":"0.01755154","buyTxId":"e411b37f6ff2f04c0815cc962ab0992d7c11b8b9","sellTxId":"1b6b334c679d327fadcf5112cdc88634078d3aa9"}
{"index": {"_index":"spt","_id":"4037282"}}
	{"id":4037282,"type":"sell","buyer":"muzehan","seller":"pjansen","symbol":"SPT","quantity":"987.463186","price":"0.00140000","timestamp":1659317700,"volume":"1.38244846","buyTxId":"e411b37f6ff2f04c0815cc962ab0992d7c11b8b9","sellTxId":"9b5474e26767f7888aa4b295dd558cc9583478bf"}
{"index": {"_index":"spt","_id":"4037283"}}
	{"id":4037283,"type":"sell","buyer":"fighter4-freedom","seller":"pjansen","symbol":"SPT","quantity":"9521.237695","price":"0.00122000","timestamp":1659317700,"volume":"11.61590999","buyTxId":"fdafdca671746b08b44384e33de8af1383dc5c31","sellTxId":"9b5474e26767f7888aa4b295dd558cc9583478bf"}
{"index": {"_index":"spt","_id":"4037610"}}
	{"id":4037610,"type":"sell","buyer":"pjansen","seller":"bitcoinflood","symbol":"SPT","quantity":"93.615995","price":"0.00122001","timestamp":1659318951,"volume":"0.11421245","buyTxId":"49bb3f13970cae90ece577fc518d91b2b37aeccf","sellTxId":"6e2986e549bb7b8ae653c53363515646fe3e4546"}
