{"index": {"_index":"spt","_id":"1769614"}}
	{"id":1769614,"type":"buy","buyer":"robmojo","seller":"laundrywoman","symbol":"SPT","quantity":"1466.002009","price":"0.00989999","timestamp":1634955990,"volume":"14.51340523","buyTxId":"c8d146bc2feef9345c7903db43972ebbb983558e","sellTxId":"9816d4e34aa854741782b317ccc33f1df0ce788f"}
{"index": {"_index":"spt","_id":"1769679"}}
	{"id":1769679,"type":"sell","buyer":"sbi-tokens","seller":"forexbrokr","symbol":"SPT","quantity":"79.653312","price":"0.00980000","timestamp":1634956686,"volume":"0.78060246","buyTxId":"a9fee9d2de92b0ccbbd3966ab1691047c1336312","sellTxId":"ed25a5b32963eaacc4c26d12735abca383b1ccd1"}
{"index": {"_index":"spt","_id":"1769703"}}
	{"id":1769703,"type":"buy","buyer":"blewitt","seller":"laundrywoman","symbol":"SPT","quantity":"35000.000000","price":"0.00989999","timestamp":1634957205,"volume":"346.49965000","buyTxId":"f840b68b6e2b464ba15aaa3eebbf10b07ff52292","sellTxId":"9816d4e34aa854741782b317ccc33f1df0ce788f"}
{"index": {"_index":"spt","_id":"1769757"}}
	{"id":1769757,"type":"sell","buyer":"sbi-tokens","seller":"steem82868","symbol":"SPT","quantity":"54.625604","price":"0.00980000","timestamp":1634957865,"volume":"0.53533092","buyTxId":"a9fee9d2de92b0ccbbd3966ab1691047c1336312","sellTxId":"6d8e8a70ef52f60a92c15cd48fb9ced4e5fcec88"}
{"index": {"_index":"spt","_id":"1769782"}}
	{"id":1769782,"type":"sell","buyer":"sbi-tokens","seller":"buackaw","symbol":"SPT","quantity":"150.000000","price":"0.00980000","timestamp":1634958030,"volume":"1.47000000","buyTxId":"a9fee9d2de92b0ccbbd3966ab1691047c1336312","sellTxId":"3ac6c7af71cf38bd454620901e7aef44494ebabf"}
{"index": {"_index":"spt","_id":"1769804"}}
	{"id":1769804,"type":"sell","buyer":"sbi-tokens","seller":"nnniel11","symbol":"SPT","quantity":"257.233694","price":"0.00980000","timestamp":1634958177,"volume":"2.52089020","buyTxId":"a9fee9d2de92b0ccbbd3966ab1691047c1336312","sellTxId":"fa0421410465dbf8acd0a621791b1b16252d5155"}
{"index": {"_index":"spt","_id":"1769826"}}
	{"id":1769826,"type":"sell","buyer":"sbi-tokens","seller":"crypto-is-a-scam","symbol":"SPT","quantity":"1722.000684","price":"0.00980000","timestamp":1634958450,"volume":"16.87560670","buyTxId":"a9fee9d2de92b0ccbbd3966ab1691047c1336312","sellTxId":"1a302c933d25639de13502f02a18fc61d0be1b04"}
{"index": {"_index":"spt","_id":"1769833"}}
	{"id":1769833,"type":"sell","buyer":"sbi-tokens","seller":"crypto-is-a-scam","symbol":"SPT","quantity":"1809.300684","price":"0.00980000","timestamp":1634958534,"volume":"17.73114670","buyTxId":"a9fee9d2de92b0ccbbd3966ab1691047c1336312","sellTxId":"c78999773b56e1d6667e48e76fe5b95b242fc252"}
{"index": {"_index":"spt","_id":"1769844"}}
	{"id":1769844,"type":"sell","buyer":"sbi-tokens","seller":"crypto-is-a-scam","symbol":"SPT","quantity":"1900.534487","price":"0.00980000","timestamp":1634958783,"volume":"18.62523797","buyTxId":"a9fee9d2de92b0ccbbd3966ab1691047c1336312","sellTxId":"9b66517cbc9db4a92857f897d034e2fc8e2b7b12"}
{"index": {"_index":"spt","_id":"1769846"}}
	{"id":1769846,"type":"sell","buyer":"sbi-tokens","seller":"crypto-is-a-scam","symbol":"SPT","quantity":"1992.938670","price":"0.00980000","timestamp":1634958864,"volume":"19.53079897","buyTxId":"a9fee9d2de92b0ccbbd3966ab1691047c1336312","sellTxId":"4f9524b5ffc462d36f6fd4fd2982a9aceb2849a1"}
{"index": {"_index":"spt","_id":"1769857"}}
	{"id":1769857,"type":"sell","buyer":"sbi-tokens","seller":"crypto-is-a-scam","symbol":"SPT","quantity":"2089.475893","price":"0.00980000","timestamp":1634958978,"volume":"20.47686375","buyTxId":"a9fee9d2de92b0ccbbd3966ab1691047c1336312","sellTxId":"3eac8564d54e90a9968d43a7685eec4a17788a60"}
{"index": {"_index":"spt","_id":"1769872"}}
	{"id":1769872,"type":"sell","buyer":"sbi-tokens","seller":"crypto-is-a-scam","symbol":"SPT","quantity":"938.310500","price":"0.00980000","timestamp":1634959059,"volume":"9.19544290","buyTxId":"a9fee9d2de92b0ccbbd3966ab1691047c1336312","sellTxId":"78f71e77285737dcf24b72bc43deeb5cdc0048cd"}
{"index": {"_index":"spt","_id":"1769892"}}
	{"id":1769892,"type":"sell","buyer":"he-index","seller":"crypto-is-a-scam","symbol":"SPT","quantity":"134.490000","price":"0.00980000","timestamp":1634959215,"volume":"1.31800200","buyTxId":"f1be65971ed2e92e7f210ec265351b88730f00d2","sellTxId":"ecb1efc17b88f55797c77dac6dfffa0749b83cac"}
{"index": {"_index":"spt","_id":"1769893"}}
	{"id":1769893,"type":"sell","buyer":"tdas0","seller":"crypto-is-a-scam","symbol":"SPT","quantity":"89.010377","price":"0.00961000","timestamp":1634959242,"volume":"0.85538972","buyTxId":"fc62c7a9532ff81d4a9f93556e8f4b1e0ff13968","sellTxId":"a505969dd5f1f719507748074cdc7aa47624ab76"}
{"index": {"_index":"spt","_id":"1769910"}}
	{"id":1769910,"type":"buy","buyer":"godzillayolo420","seller":"laundrywoman","symbol":"SPT","quantity":"6500.000000","price":"0.00989999","timestamp":1634959467,"volume":"64.34993500","buyTxId":"1091f152be6016414aa974751ddc54cac5f1b79e","sellTxId":"9816d4e34aa854741782b317ccc33f1df0ce788f"}
{"index": {"_index":"spt","_id":"1769932"}}
	{"id":1769932,"type":"buy","buyer":"godzillayolo420","seller":"laundrywoman","symbol":"SPT","quantity":"16000.000000","price":"0.00989999","timestamp":1634959716,"volume":"158.39984000","buyTxId":"4413f098affbc3f7b17f937359f6f3a544550609","sellTxId":"9816d4e34aa854741782b317ccc33f1df0ce788f"}
{"index": {"_index":"spt","_id":"1769976"}}
	{"id":1769976,"type":"buy","buyer":"godzillayolo420","seller":"laundrywoman","symbol":"SPT","quantity":"20000.000000","price":"0.00989999","timestamp":1634960193,"volume":"197.99980000","buyTxId":"e8e3a4d9f0074e08033e0bce4a41d3559d197a8f","sellTxId":"9816d4e34aa854741782b317ccc33f1df0ce788f"}
{"index": {"_index":"spt","_id":"1769982"}}
	{"id":1769982,"type":"buy","buyer":"godzillayolo420","seller":"laundrywoman","symbol":"SPT","quantity":"8000.000000","price":"0.00989999","timestamp":1634960424,"volume":"79.19992000","buyTxId":"345a7d3c46cc75d27b4cc41e849d44a66309bf6d","sellTxId":"9816d4e34aa854741782b317ccc33f1df0ce788f"}
{"index": {"_index":"spt","_id":"1769999"}}
	{"id":1769999,"type":"sell","buyer":"vipservice","seller":"pro12","symbol":"SPT","quantity":"1170","price":"0.00940000","timestamp":1634960733,"volume":"10.99800000","buyTxId":"c1845e9ce888f5fdddc9cb828b8b2bd386bdc624","sellTxId":"a2f4a5cd55b5e7a0e506492556d125901a136b17"}
{"index": {"_index":"spt","_id":"1770033"}}
	{"id":1770033,"type":"sell","buyer":"vipservice","seller":"robertrz","symbol":"SPT","quantity":"248.828346","price":"0.00940000","timestamp":1634961330,"volume":"2.33898645","buyTxId":"c1845e9ce888f5fdddc9cb828b8b2bd386bdc624","sellTxId":"912bcf0eecf00895a64d82064757702152821606"}
{"index": {"_index":"spt","_id":"1770144"}}
	{"id":1770144,"type":"sell","buyer":"vipservice","seller":"brofi-market","symbol":"SPT","quantity":"0.471771","price":"0.00940000","timestamp":1634962167,"volume":"0.00443465","buyTxId":"c1845e9ce888f5fdddc9cb828b8b2bd386bdc624","sellTxId":"86303aa7974885feed4cf23e37d18ed09fec7586"}
{"index": {"_index":"spt","_id":"1770201"}}
	{"id":1770201,"type":"sell","buyer":"vipservice","seller":"tergan604","symbol":"SPT","quantity":"15.699883","price":"0.00940000","timestamp":1634962569,"volume":"0.14757890","buyTxId":"c1845e9ce888f5fdddc9cb828b8b2bd386bdc624","sellTxId":"c4479fb01ee0210e29cfe7d96615bed6a77cf5ee"}
{"index": {"_index":"spt","_id":"1770202"}}
	{"id":1770202,"type":"sell","buyer":"liuzg","seller":"tergan604","symbol":"SPT","quantity":"2000.000000","price":"0.00931110","timestamp":1634962569,"volume":"18.62220000","buyTxId":"c2cd6a8278b89b2b5cd8e81f424f714bc7734e10","sellTxId":"c4479fb01ee0210e29cfe7d96615bed6a77cf5ee"}
{"index": {"_index":"spt","_id":"1770203"}}
	{"id":1770203,"type":"sell","buyer":"liuzg","seller":"tergan604","symbol":"SPT","quantity":"701.300117","price":"0.00931100","timestamp":1634962569,"volume":"6.52980539","buyTxId":"a2ab43731d852c347824710219979f782bc85694","sellTxId":"c4479fb01ee0210e29cfe7d96615bed6a77cf5ee"}
{"index": {"_index":"spt","_id":"1770264"}}
	{"id":1770264,"type":"sell","buyer":"liuzg","seller":"dynamicgreentk","symbol":"SPT","quantity":"193.500877","price":"0.00931100","timestamp":1634963256,"volume":"1.80168667","buyTxId":"a2ab43731d852c347824710219979f782bc85694","sellTxId":"a217f8c8d0398145864bba9d1b35e12c5b84975f"}
{"index": {"_index":"spt","_id":"1770355"}}
	{"id":1770355,"type":"sell","buyer":"liuzg","seller":"ahmetay","symbol":"SPT","quantity":"105.199006","price":"0.00931100","timestamp":1634963925,"volume":"0.97950794","buyTxId":"a2ab43731d852c347824710219979f782bc85694","sellTxId":"7744bc918933b2a29116ae21778687d7399d87fe"}
{"index": {"_index":"spt","_id":"1770356"}}
	{"id":1770356,"type":"sell","buyer":"kitsuki","seller":"ahmetay","symbol":"SPT","quantity":"50.000000","price":"0.00931000","timestamp":1634963925,"volume":"0.46550000","buyTxId":"8881908bfb6a55077a14e4224575820b2ae1421b","sellTxId":"7744bc918933b2a29116ae21778687d7399d87fe"}
{"index": {"_index":"spt","_id":"1770357"}}
	{"id":1770357,"type":"sell","buyer":"iamgreatness","seller":"ahmetay","symbol":"SPT","quantity":"9.000000","price":"0.00931000","timestamp":1634963925,"volume":"0.08379000","buyTxId":"bdde82ab3da81772f33abddf734474f83cf35d04","sellTxId":"7744bc918933b2a29116ae21778687d7399d87fe"}
{"index": {"_index":"spt","_id":"1770358"}}
	{"id":1770358,"type":"sell","buyer":"eirik","seller":"ahmetay","symbol":"SPT","quantity":"164.535446","price":"0.00930000","timestamp":1634963925,"volume":"1.53017965","buyTxId":"d3c084fb6b8a4f2dca44cb8f011a2b7ce7cde312","sellTxId":"7744bc918933b2a29116ae21778687d7399d87fe"}
{"index": {"_index":"spt","_id":"1770390"}}
	{"id":1770390,"type":"sell","buyer":"eirik","seller":"ahmetay","symbol":"SPT","quantity":"335.464554","price":"0.00930000","timestamp":1634964141,"volume":"3.11982035","buyTxId":"d3c084fb6b8a4f2dca44cb8f011a2b7ce7cde312","sellTxId":"7552313bec87ed422d746a04fa22c75dbba0f6f5"}
{"index": {"_index":"spt","_id":"1770639"}}
	{"id":1770639,"type":"sell","buyer":"solovey6o2","seller":"mercurial9","symbol":"SPT","quantity":"261.961000","price":"0.00900077","timestamp":1634967018,"volume":"2.35785071","buyTxId":"bef26440a0c6b601ae42219bc5aa67e8827102ce","sellTxId":"e530807e3b742dc8aeb4ad697a6bf0ab5ec4e17f"}
{"index": {"_index":"spt","_id":"1770640"}}
	{"id":1770640,"type":"sell","buyer":"pi-trader","seller":"cflclosers","symbol":"SPT","quantity":"59.771188","price":"0.00900078","timestamp":1634967066,"volume":"0.53798731","buyTxId":"0a67e9a03506fb6052289c22b627b4d4a467178c-5","sellTxId":"e1eba04018a71f721de2f7a2949b7162b4c9a346"}
{"index": {"_index":"spt","_id":"1770816"}}
	{"id":1770816,"type":"buy","buyer":"walkingkeys","seller":"laundrywoman","symbol":"SPT","quantity":"1180.000000","price":"0.00949999","timestamp":1634969145,"volume":"11.20998820","buyTxId":"be886c27a5ebcb68138aa4d96eeab91f3d3c3d73","sellTxId":"ea6ce2a8155a2859932e2a0849bc5147630f752b"}
{"index": {"_index":"spt","_id":"1770855"}}
	{"id":1770855,"type":"buy","buyer":"walkingkeys","seller":"laundrywoman","symbol":"SPT","quantity":"1400.000000","price":"0.00949999","timestamp":1634969322,"volume":"13.29998600","buyTxId":"dbb01542bade60675bd9b2dc89362970fc164be2","sellTxId":"ea6ce2a8155a2859932e2a0849bc5147630f752b"}
{"index": {"_index":"spt","_id":"1771214"}}
	{"id":1771214,"type":"sell","buyer":"pi-trader","seller":"dhedge-drips","symbol":"SPT","quantity":"0.115422","price":"0.00900079","timestamp":1634971557,"volume":"0.00103889","buyTxId":"704c0586ef59dba69a4385c53929828ad5b1defd-5","sellTxId":"6fe7b69abf21c67673c50d90b52618faa0a28132"}
{"index": {"_index":"spt","_id":"1771497"}}
	{"id":1771497,"type":"buy","buyer":"hawaii12","seller":"laundrywoman","symbol":"SPT","quantity":"1436.000000","price":"0.00949999","timestamp":1634974401,"volume":"13.64198564","buyTxId":"6eb3b2e2e7e232e1ff779fec0d65c590cfa745c4","sellTxId":"ea6ce2a8155a2859932e2a0849bc5147630f752b"}
{"index": {"_index":"spt","_id":"1771501"}}
	{"id":1771501,"type":"sell","buyer":"pi-trader","seller":"j85063","symbol":"SPT","quantity":"749.411316","price":"0.00911004","timestamp":1634974473,"volume":"6.82716707","buyTxId":"0c10c5bed2b055f9120cfcc767480c10e303883b-2","sellTxId":"0e3df1f26f46ab48ddda20f94259139cb0aef427"}
{"index": {"_index":"spt","_id":"1771758"}}
	{"id":1771758,"type":"sell","buyer":"solovey6o2","seller":"ahmetay","symbol":"SPT","quantity":"5539.562955","price":"0.00911003","timestamp":1634976990,"volume":"50.46558471","buyTxId":"afd2c52c5cd8a8d90664b53cc2654a8552a91a8f","sellTxId":"aa7b351198b2bce9d1b79dbd937797bf010f5446"}
{"index": {"_index":"spt","_id":"1771827"}}
	{"id":1771827,"type":"buy","buyer":"dardrey","seller":"laundrywoman","symbol":"SPT","quantity":"2311.000000","price":"0.00947999","timestamp":1634977686,"volume":"21.90825689","buyTxId":"549863c6ec39948591aa1765c2bbf2fb1290437b","sellTxId":"3743a92c619678460a76e4044dc8c3d8aad01209"}
{"index": {"_index":"spt","_id":"1771874"}}
	{"id":1771874,"type":"sell","buyer":"hieutdt","seller":"ahmetay","symbol":"SPT","quantity":"5526.55116","price":"0.00912000","timestamp":1634978493,"volume":"50.40214658","buyTxId":"bd25b1793f55e2b75c19681e125ba6de79211a70","sellTxId":"787e9eb288bdee85c4024ce922ef21ac0bac5c0b"}
{"index": {"_index":"spt","_id":"1771882"}}
	{"id":1771882,"type":"sell","buyer":"hieutdt","seller":"ahmetay","symbol":"SPT","quantity":"24.448840","price":"0.00912000","timestamp":1634978667,"volume":"0.22297342","buyTxId":"bd25b1793f55e2b75c19681e125ba6de79211a70","sellTxId":"61593cbf4f0679332ca8c635a2a31ebb5f1418e6"}
{"index": {"_index":"spt","_id":"1771883"}}
	{"id":1771883,"type":"sell","buyer":"solovey6o2","seller":"ahmetay","symbol":"SPT","quantity":"11007.386130","price":"0.00911003","timestamp":1634978667,"volume":"100.27761787","buyTxId":"afd2c52c5cd8a8d90664b53cc2654a8552a91a8f","sellTxId":"61593cbf4f0679332ca8c635a2a31ebb5f1418e6"}
{"index": {"_index":"spt","_id":"1771905"}}
	{"id":1771905,"type":"sell","buyer":"solovey6o2","seller":"anadolu","symbol":"SPT","quantity":"6734.050915","price":"0.00911003","timestamp":1634978838,"volume":"61.34740585","buyTxId":"afd2c52c5cd8a8d90664b53cc2654a8552a91a8f","sellTxId":"f1c33a02afff82db9197f619551b14eb7b0d6458"}
{"index": {"_index":"spt","_id":"1771906"}}
	{"id":1771906,"type":"sell","buyer":"solovey6o2","seller":"anadolu","symbol":"SPT","quantity":"542.949085","price":"0.00911003","timestamp":1634978838,"volume":"4.94628245","buyTxId":"6b1e7687c4505d908c6c6a7c930844902e374ff5","sellTxId":"f1c33a02afff82db9197f619551b14eb7b0d6458"}
{"index": {"_index":"spt","_id":"1771974"}}
	{"id":1771974,"type":"sell","buyer":"solovey6o2","seller":"ahmetay","symbol":"SPT","quantity":"7716.050915","price":"0.00911003","timestamp":1634979246,"volume":"70.29345532","buyTxId":"6b1e7687c4505d908c6c6a7c930844902e374ff5","sellTxId":"1f69f515e26eb8ed32846bbe6794379c0d7886ee"}
{"index": {"_index":"spt","_id":"1771975"}}
	{"id":1771975,"type":"sell","buyer":"just2random","seller":"ahmetay","symbol":"SPT","quantity":"14264.602654","price":"0.00911000","timestamp":1634979246,"volume":"129.95053018","buyTxId":"920a2572d997bb37541b86cec6d7c342a139b43c","sellTxId":"1f69f515e26eb8ed32846bbe6794379c0d7886ee"}
{"index": {"_index":"spt","_id":"1772018"}}
	{"id":1772018,"type":"sell","buyer":"just2random","seller":"chekohler","symbol":"SPT","quantity":"0.303811","price":"0.00911000","timestamp":1634979531,"volume":"0.00276772","buyTxId":"920a2572d997bb37541b86cec6d7c342a139b43c","sellTxId":"c946ee66ad5b98e082f9cc034b6910e382b6fc7c"}
{"index": {"_index":"spt","_id":"1772032"}}
	{"id":1772032,"type":"sell","buyer":"just2random","seller":"ahmetay","symbol":"SPT","quantity":"27627.605679","price":"0.00911000","timestamp":1634979735,"volume":"251.68748774","buyTxId":"920a2572d997bb37541b86cec6d7c342a139b43c","sellTxId":"9a8042c278fe13ec88c59f4044c3ee32d136f3ba"}
{"index": {"_index":"spt","_id":"1772053"}}
	{"id":1772053,"type":"sell","buyer":"just2random","seller":"ahmetay","symbol":"SPT","quantity":"8107.487856","price":"0.00911000","timestamp":1634979870,"volume":"73.85921436","buyTxId":"920a2572d997bb37541b86cec6d7c342a139b43c","sellTxId":"ad63e04fb0710893a4801b53e0b1f39bd6d98f68"}
{"index": {"_index":"spt","_id":"1772121"}}
	{"id":1772121,"type":"sell","buyer":"he-index","seller":"lifeskills-tv","symbol":"SPT","quantity":"143.684404","price":"0.00900078","timestamp":1634980728,"volume":"1.29327171","buyTxId":"e12ffb09da476f616b24a2ab82b1ec0467ccc4a9","sellTxId":"2e5b090e0218e46692c05b758d3b6930225e5a80"}
{"index": {"_index":"spt","_id":"1772188"}}
	{"id":1772188,"type":"sell","buyer":"he-index","seller":"geom","symbol":"SPT","quantity":"1.746837","price":"0.00900078","timestamp":1634981625,"volume":"0.01572290","buyTxId":"e12ffb09da476f616b24a2ab82b1ec0467ccc4a9","sellTxId":"fb9207d677f7e897dbaea7e0b38ab23ad6ebc5d7"}
{"index": {"_index":"spt","_id":"1772271"}}
	{"id":1772271,"type":"sell","buyer":"he-index","seller":"themarkymark","symbol":"SPT","quantity":"29.220759","price":"0.00900078","timestamp":1634982378,"volume":"0.26300962","buyTxId":"e12ffb09da476f616b24a2ab82b1ec0467ccc4a9","sellTxId":"c9f75094e925c478241b1bdd14ae2326a00bed87"}
{"index": {"_index":"spt","_id":"1772272"}}
	{"id":1772272,"type":"sell","buyer":"sigmaboyblu5","seller":"themarkymark","symbol":"SPT","quantity":"22.435241","price":"0.00900000","timestamp":1634982378,"volume":"0.20191717","buyTxId":"ffbd260adcc7b309a64a96e4ee5e04964f658d17","sellTxId":"c9f75094e925c478241b1bdd14ae2326a00bed87"}
{"index": {"_index":"spt","_id":"1772578"}}
	{"id":1772578,"type":"buy","buyer":"panthera68","seller":"laundrywoman","symbol":"SPT","quantity":"12.000000","price":"0.00944983","timestamp":1634985315,"volume":"0.11339796","buyTxId":"96c72c176bb71b33d360ca5561abb5b51eff67b4","sellTxId":"f05386279744ce141c5e44ef1c856fc1304138a5"}
{"index": {"_index":"spt","_id":"1772816"}}
	{"id":1772816,"type":"sell","buyer":"sigmaboyblu5","seller":"shaidon","symbol":"SPT","quantity":"27.564759","price":"0.00900000","timestamp":1634987706,"volume":"0.24808283","buyTxId":"ffbd260adcc7b309a64a96e4ee5e04964f658d17","sellTxId":"13c594b23895d6b3ea4d94f3281e0837b5570eeb"}
{"index": {"_index":"spt","_id":"1772817"}}
	{"id":1772817,"type":"sell","buyer":"kesonaichi","seller":"shaidon","symbol":"SPT","quantity":"105.941954","price":"0.00900000","timestamp":1634987706,"volume":"0.95347759","buyTxId":"6bf014bceadb4cbf53a99f6c28aef40f88cc2c5e","sellTxId":"13c594b23895d6b3ea4d94f3281e0837b5570eeb"}
{"index": {"_index":"spt","_id":"1772920"}}
	{"id":1772920,"type":"sell","buyer":"pi-trader","seller":"chekohler","symbol":"SPT","quantity":"0.252648","price":"0.00850003","timestamp":1634988654,"volume":"0.00214752","buyTxId":"6d1a7f4f76bf2783433e64f104e75514902b8d96-5","sellTxId":"b31a2b27b47863d5723da7ff7c407ca684d6d03c"}
{"index": {"_index":"spt","_id":"1772921"}}
	{"id":1772921,"type":"sell","buyer":"pi-trader","seller":"tehox","symbol":"SPT","quantity":"7211.000000","price":"0.00850003","timestamp":1634988663,"volume":"61.29371633","buyTxId":"6d1a7f4f76bf2783433e64f104e75514902b8d96-5","sellTxId":"7aaff68c851c39d03dcfdf4606c06534f166a156"}
{"index": {"_index":"spt","_id":"1772939"}}
	{"id":1772939,"type":"sell","buyer":"pi-trader","seller":"zooteam111","symbol":"SPT","quantity":"52.670556","price":"0.00850009","timestamp":1634988921,"volume":"0.44770447","buyTxId":"45c8208a6ee8d3b4ad98a91b2cf466183c4bc87c-3","sellTxId":"a8b48b3928f5518bf143d9d10a95559dcbcaadae"}
{"index": {"_index":"spt","_id":"1773175"}}
	{"id":1773175,"type":"sell","buyer":"pi-trader","seller":"anderssinho","symbol":"SPT","quantity":"0.079000","price":"0.00841001","timestamp":1634991693,"volume":"0.00066439","buyTxId":"8133a5650c0f66e79692d216350b7fcbf1a2971d-3","sellTxId":"c04cd82512744060c653076f0d87b9ca4c4837c1"}
{"index": {"_index":"spt","_id":"1773186"}}
	{"id":1773186,"type":"sell","buyer":"pi-trader","seller":"dlmmqb","symbol":"SPT","quantity":"97.341742","price":"0.00841003","timestamp":1634991804,"volume":"0.81864697","buyTxId":"ff4688d5ce028b2a99422569e8f6cbf252719cb9-4","sellTxId":"ea67095491d4d2c82bf2fe18e6d2ce5f178a7f7c"}
{"index": {"_index":"spt","_id":"1773198"}}
	{"id":1773198,"type":"sell","buyer":"pi-trader","seller":"dlmmqb","symbol":"SPT","quantity":"0.386142","price":"0.00841009","timestamp":1634992029,"volume":"0.00324749","buyTxId":"7eee52e9f5e1c0bd239752d25e081357e500e098-3","sellTxId":"975aefe8d09438c43ceb531d4ca2a8b59dfa8cf1"}
{"index": {"_index":"spt","_id":"1773225"}}
	{"id":1773225,"type":"sell","buyer":"pi-trader","seller":"khazrakh","symbol":"SPT","quantity":"246.441000","price":"0.00841007","timestamp":1634992452,"volume":"2.07258606","buyTxId":"6ab6c3829b2fced136624a4512283fc0aa7e2c12-5","sellTxId":"c001c99354acd06fe8ce53bd9183d700f879c3bb"}
{"index": {"_index":"spt","_id":"1773241"}}
	{"id":1773241,"type":"buy","buyer":"captainquack22","seller":"mongshter","symbol":"SPT","quantity":"25.299093","price":"0.00890000","timestamp":1634992686,"volume":"0.22516193","buyTxId":"b6344e0ec3f07168a274b9c430033b243b8bd6f2","sellTxId":"bec6867f77fe17018f5eadd91b58dee51dcb630b"}
{"index": {"_index":"spt","_id":"1773242"}}
	{"id":1773242,"type":"buy","buyer":"captainquack22","seller":"shaidon","symbol":"SPT","quantity":"63.688561","price":"0.00900000","timestamp":1634992686,"volume":"0.57319705","buyTxId":"b6344e0ec3f07168a274b9c430033b243b8bd6f2","sellTxId":"13c594b23895d6b3ea4d94f3281e0837b5570eeb"}
{"index": {"_index":"spt","_id":"1773243"}}
	{"id":1773243,"type":"buy","buyer":"captainquack22","seller":"tsuyou","symbol":"SPT","quantity":"3.890000","price":"0.00945000","timestamp":1634992686,"volume":"0.03676050","buyTxId":"b6344e0ec3f07168a274b9c430033b243b8bd6f2","sellTxId":"6be6bd8c4d16b23978314e37014524ddaa0e182f"}
{"index": {"_index":"spt","_id":"1773244"}}
	{"id":1773244,"type":"buy","buyer":"captainquack22","seller":"mango-juice","symbol":"SPT","quantity":"107.081000","price":"0.00947000","timestamp":1634992686,"volume":"1.01405707","buyTxId":"b6344e0ec3f07168a274b9c430033b243b8bd6f2","sellTxId":"22257b31d0928565607841249043475a80d70352"}
{"index": {"_index":"spt","_id":"1773245"}}
	{"id":1773245,"type":"buy","buyer":"captainquack22","seller":"koreaminer","symbol":"SPT","quantity":"143.940000","price":"0.00948000","timestamp":1634992686,"volume":"1.36455120","buyTxId":"b6344e0ec3f07168a274b9c430033b243b8bd6f2","sellTxId":"cc2535db46827ffa41e47166b0d473e9cddd9fa7"}
{"index": {"_index":"spt","_id":"1773246"}}
	{"id":1773246,"type":"buy","buyer":"captainquack22","seller":"dhedge-drips","symbol":"SPT","quantity":"0.115422","price":"0.00949999","timestamp":1634992686,"volume":"0.00109651","buyTxId":"b6344e0ec3f07168a274b9c430033b243b8bd6f2","sellTxId":"d2969db3e5e13406225db6260ae4300e7bf4b847"}
{"index": {"_index":"spt","_id":"1773247"}}
	{"id":1773247,"type":"buy","buyer":"captainquack22","seller":"chel-koby","symbol":"SPT","quantity":"660.000000","price":"0.00950000","timestamp":1634992686,"volume":"6.27000000","buyTxId":"b6344e0ec3f07168a274b9c430033b243b8bd6f2","sellTxId":"ade314ec8209460d29d1d870d79de59fedf741a5"}
{"index": {"_index":"spt","_id":"1773248"}}
	{"id":1773248,"type":"buy","buyer":"captainquack22","seller":"solovey6o2","symbol":"SPT","quantity":"717.009112","price":"0.00989998","timestamp":1634992686,"volume":"7.09837587","buyTxId":"b6344e0ec3f07168a274b9c430033b243b8bd6f2","sellTxId":"d31de36c837eb7417800f4b778b214177e5b3812"}
{"index": {"_index":"spt","_id":"1773290"}}
	{"id":1773290,"type":"sell","buyer":"granddaddies","seller":"captainquack22","symbol":"SPT","quantity":"8.930363","price":"0.00841010","timestamp":1634993067,"volume":"0.07510525","buyTxId":"d849325ea5364e1ef90c7f91268950b47959b84f","sellTxId":"b7e2f03ae456d2563c8f4b81f3301e1fb5d1d249"}
{"index": {"_index":"spt","_id":"1773299"}}
	{"id":1773299,"type":"buy","buyer":"uthantzin","seller":"laundrywoman","symbol":"SPT","quantity":"505.055096","price":"0.00989991","timestamp":1634993109,"volume":"5","buyTxId":"9145f4407dbcfe2554b0622bbec748f2f06b4be5","sellTxId":"2692e5b598b997f5d692f4706139e24dd4b163c4"}
{"index": {"_index":"spt","_id":"1773718"}}
	{"id":1773718,"type":"sell","buyer":"pi-trader","seller":"robmojo","symbol":"SPT","quantity":"1400.000000","price":"0.00841011","timestamp":1634996976,"volume":"11.77415400","buyTxId":"86d1cdaf18bfec85d29fa7090473fe4012e291dd-1","sellTxId":"26c87ccb4274376f6c5810082a38bc040f8b33c6"}
{"index": {"_index":"spt","_id":"1773737"}}
	{"id":1773737,"type":"sell","buyer":"pi-trader","seller":"robmojo","symbol":"SPT","quantity":"535.058469","price":"0.00841003","timestamp":1634997132,"volume":"4.49985778","buyTxId":"ed1b2db1e772989032bb4724cb551a7aa8c49051-1","sellTxId":"95fdfe77883d3440d2c7d65ee92ab01f8fd0c032"}
{"index": {"_index":"spt","_id":"1774044"}}
	{"id":1774044,"type":"sell","buyer":"pi-trader","seller":"georgeknowsall","symbol":"SPT","quantity":"39.235158","price":"0.00841005","timestamp":1634999646,"volume":"0.32996964","buyTxId":"0b64f1970ebc8d6d35dd3d08b6d6e60c3080c340-1","sellTxId":"66f8fb803941bb4a739cf0c1e2c5cf48b02740f4"}
{"index": {"_index":"spt","_id":"1774047"}}
	{"id":1774047,"type":"sell","buyer":"pi-trader","seller":"brizahd","symbol":"SPT","quantity":"476.454112","price":"0.00841005","timestamp":1634999652,"volume":"4.00700290","buyTxId":"0b64f1970ebc8d6d35dd3d08b6d6e60c3080c340-1","sellTxId":"5e4226d57bbcb09e41f4d29ac734c5be67747669"}
{"index": {"_index":"spt","_id":"1774137"}}
	{"id":1774137,"type":"sell","buyer":"pi-trader","seller":"iceman23","symbol":"SPT","quantity":"22.889558","price":"0.00841005","timestamp":1635000615,"volume":"0.19250233","buyTxId":"3a7f5a64d25551953addb964eac2955ea3cde9ad-1","sellTxId":"ab6d88579c8f3ead91cc769b050c3be805e49f4c"}
{"index": {"_index":"spt","_id":"1774147"}}
	{"id":1774147,"type":"sell","buyer":"pi-trader","seller":"iceman23","symbol":"SPT","quantity":"11.523029","price":"0.00841009","timestamp":1635000810,"volume":"0.09690971","buyTxId":"7e4d4dbf6788d6c11f852d328e68843c8026cb0d-1","sellTxId":"3e9311cc7cd328f67fe360ba017299c0759e048c"}
{"index": {"_index":"spt","_id":"1774424"}}
	{"id":1774424,"type":"sell","buyer":"granddaddies","seller":"esmeesmith","symbol":"SPT","quantity":"0.027439","price":"0.00841002","timestamp":1635002520,"volume":"0.00023076","buyTxId":"1321fe58ed9057211b34fc1096e8f721bb83e6d5","sellTxId":"7196cb4e21048692c47b428c1919b9edeeaaf66c"}
{"index": {"_index":"spt","_id":"1774633"}}
	{"id":1774633,"type":"sell","buyer":"pi-trader","seller":"bipl","symbol":"SPT","quantity":"18.622000","price":"0.00843001","timestamp":1635003927,"volume":"0.15698365","buyTxId":"774dfe91ed319b13214f5d1dc71ed0b24709efa0-4","sellTxId":"3aac9b96ef52fe2331afd958276ea6759498c28b"}
{"index": {"_index":"spt","_id":"1774715"}}
	{"id":1774715,"type":"sell","buyer":"granddaddies","seller":"myvest","symbol":"SPT","quantity":"0.130759","price":"0.00843002","timestamp":1635004518,"volume":"0.00110230","buyTxId":"82765c1202beb56b994007b43ea85c58a3512e0e","sellTxId":"a38d843dda51dcd29bb3e7c910f72bac93484a3d"}
{"index": {"_index":"spt","_id":"1775029"}}
	{"id":1775029,"type":"buy","buyer":"samarek69","seller":"laundrywoman","symbol":"SPT","quantity":"5.276000","price":"0.00988990","timestamp":1635006240,"volume":"0.05217911","buyTxId":"893afe9b846359e88cecb474ea0a2cd09e302eec","sellTxId":"f67f5555059fb8bfe2deaacc797ed9634732b0fa"}
{"index": {"_index":"spt","_id":"1775088"}}
	{"id":1775088,"type":"sell","buyer":"pi-trader","seller":"zullyscott","symbol":"SPT","quantity":"10.413293","price":"0.00844001","timestamp":1635006600,"volume":"0.08788830","buyTxId":"e7650d2b823278435c5d86c0e48dfb46e2313330-3","sellTxId":"c0f77cdea0414ea7443a08552accc6eb2848df6e"}
{"index": {"_index":"spt","_id":"1775114"}}
	{"id":1775114,"type":"sell","buyer":"olympicdragon","seller":"black095","symbol":"SPT","quantity":"300.000000","price":"0.00900000","timestamp":1635006804,"volume":"2.70000000","buyTxId":"e5cc99d764024da3dc10d759d45f53cccdd7c668","sellTxId":"e77076c9dfd1cbb06062953cc112d97d29bd15c6"}
{"index": {"_index":"spt","_id":"1775115"}}
	{"id":1775115,"type":"sell","buyer":"pi-trader","seller":"black095","symbol":"SPT","quantity":"729.337485","price":"0.00844006","timestamp":1635006804,"volume":"6.15565213","buyTxId":"c7820accd211945d0585e00999b3b88539f7fe55-3","sellTxId":"e77076c9dfd1cbb06062953cc112d97d29bd15c6"}
{"index": {"_index":"spt","_id":"1775369"}}
	{"id":1775369,"type":"buy","buyer":"dynamicrypto","seller":"solovey6o2","symbol":"SPT","quantity":"800.000000","price":"0.00988985","timestamp":1635008637,"volume":"7.91188000","buyTxId":"d56c8e7ea2584f9f5c13962a51b1ed910128fbf2","sellTxId":"341f1bbdbd1ba134d7ec7594bc56ec451529ed27"}
{"index": {"_index":"spt","_id":"1775473"}}
	{"id":1775473,"type":"sell","buyer":"granddaddies","seller":"aamirijaz","symbol":"SPT","quantity":"5300.829889","price":"0.00844010","timestamp":1635009447,"volume":"44.73953435","buyTxId":"7aae8f26d99f02f5e472e6bd70d5731a6e7ca3bf","sellTxId":"1f9d5501dc12f59f76964062a5902592a20b6e08"}
{"index": {"_index":"spt","_id":"1775541"}}
	{"id":1775541,"type":"sell","buyer":"pi-trader","seller":"georgeknowsall","symbol":"SPT","quantity":"32.735417","price":"0.00844004","timestamp":1635010203,"volume":"0.27628823","buyTxId":"3688c4433b4a35e09dc02eafd02af12fe0ccee75-3","sellTxId":"98fdaf1c44eb5e56504392367e7d4e51335b9ba6"}
{"index": {"_index":"spt","_id":"1775669"}}
	{"id":1775669,"type":"buy","buyer":"godzillayolo420","seller":"laundrywoman","symbol":"SPT","quantity":"20000.000000","price":"0.00988999","timestamp":1635011169,"volume":"197.79980000","buyTxId":"f7e2a4eeed0320a35325029ad999406490f6eeb9","sellTxId":"d686d7b49ddb5c1ac061b07add8a98d38363f0d2"}
{"index": {"_index":"spt","_id":"1775724"}}
	{"id":1775724,"type":"sell","buyer":"pi-trader","seller":"geom","symbol":"SPT","quantity":"0.985987","price":"0.00844008","timestamp":1635011676,"volume":"0.00832181","buyTxId":"69222c4256b7e1c227e6c0a991b3a5b20af5140f-2","sellTxId":"f55f8a6df38b6076fcd44183b35197bb19ce2aee"}
{"index": {"_index":"spt","_id":"1775739"}}
	{"id":1775739,"type":"sell","buyer":"pi-trader","seller":"jaopalas","symbol":"SPT","quantity":"92.418700","price":"0.00844012","timestamp":1635011799,"volume":"0.78002492","buyTxId":"8a2722fee269e5bb4378b25d6f3bb4b1d5b2ea6b-1","sellTxId":"a12a93dfa95b9f8c3adb9e41730602fc30e682f2"}
{"index": {"_index":"spt","_id":"1775875"}}
	{"id":1775875,"type":"buy","buyer":"roger.remix","seller":"solovey6o2","symbol":"SPT","quantity":"10000.000000","price":"0.00889998","timestamp":1635013272,"volume":"88.99980000","buyTxId":"a11bcc8ed63107b477062eaa72d8a20a29e5d583","sellTxId":"198b5460847e354c756b41ea65fb9911da58c832"}
{"index": {"_index":"spt","_id":"1775904"}}
	{"id":1775904,"type":"buy","buyer":"granddaddies","seller":"godzillayolo420","symbol":"SPT","quantity":"11842.000000","price":"0.00844013","timestamp":1635013527,"volume":"99.94801946","buyTxId":"57a502ac8dbd1c6e7c1ce57f55bb421a534f7c9f","sellTxId":"56376f98e0034558882f1c0eb9fed1722b82c9de"}
{"index": {"_index":"spt","_id":"1775954"}}
	{"id":1775954,"type":"buy","buyer":"walkingkeys","seller":"solovey6o2","symbol":"SPT","quantity":"6000.000000","price":"0.00939988","timestamp":1635013803,"volume":"56.39928000","buyTxId":"5138961a7a4c5928870538417f659051cbcde16a","sellTxId":"0f1f9702f0107e98b343f030fbf38a8f4e56ecf6"}
{"index": {"_index":"spt","_id":"1776006"}}
	{"id":1776006,"type":"buy","buyer":"dynamicrypto","seller":"laundrywoman","symbol":"SPT","quantity":"6500.000000","price":"0.00939993","timestamp":1635014520,"volume":"61.09954500","buyTxId":"61e3272d63f79dd66ad9b336e49d35c0ff5d7d61","sellTxId":"044fcc5a95156f4a8d24c55dc4b1ae64c9cadcef"}
{"index": {"_index":"spt","_id":"1776008"}}
	{"id":1776008,"type":"buy","buyer":"panthera68","seller":"laundrywoman","symbol":"SPT","quantity":"7.000000","price":"0.00939993","timestamp":1635014526,"volume":"0.06579951","buyTxId":"06e6d346ebb6b56486bb2822005d52d558841ab1","sellTxId":"044fcc5a95156f4a8d24c55dc4b1ae64c9cadcef"}
{"index": {"_index":"spt","_id":"1776019"}}
	{"id":1776019,"type":"buy","buyer":"roger.remix","seller":"laundrywoman","symbol":"SPT","quantity":"5000.000000","price":"0.00939993","timestamp":1635014658,"volume":"46.99965000","buyTxId":"0ce787c23e15ad5a9bd66a009539b9b57dfd8197","sellTxId":"044fcc5a95156f4a8d24c55dc4b1ae64c9cadcef"}
{"index": {"_index":"spt","_id":"1776191"}}
	{"id":1776191,"type":"sell","buyer":"pi-trader","seller":"eythorphoto","symbol":"SPT","quantity":"0.067761","price":"0.00844010","timestamp":1635016545,"volume":"0.00057191","buyTxId":"d1efada6baa4ec6c5987176d8546c401f3153c45-3","sellTxId":"e647fd2b3e7d2acc9ca548bb0b2b1800d8a25a93"}
{"index": {"_index":"spt","_id":"1776234"}}
	{"id":1776234,"type":"sell","buyer":"pi-trader","seller":"georgeknowsall","symbol":"SPT","quantity":"54.117436","price":"0.00844006","timestamp":1635016848,"volume":"0.45675441","buyTxId":"c2043b61041969da14e6bc4c2e5b00a84f225cef-3","sellTxId":"6f2b2d968d5f9404b8ab30774e9feaf97ea6f4fa"}
{"index": {"_index":"spt","_id":"1776256"}}
	{"id":1776256,"type":"buy","buyer":"dswap","seller":"laundrywoman","symbol":"SPT","quantity":"1.000001","price":"0.00924999","timestamp":1635016983,"volume":"0.00925000","buyTxId":"85ff012aaf2061c879b29fa1259029b72f255768","sellTxId":"1583305681fd4ad9d654d207193fa4ecb792a662"}
{"index": {"_index":"spt","_id":"1776268"}}
	{"id":1776268,"type":"buy","buyer":"dswap","seller":"laundrywoman","symbol":"SPT","quantity":"1.520001","price":"0.00924999","timestamp":1635017079,"volume":"0.01406000","buyTxId":"33e5654e997ae5f74786d990b0faeec025b699c6","sellTxId":"1583305681fd4ad9d654d207193fa4ecb792a662"}
{"index": {"_index":"spt","_id":"1776307"}}
	{"id":1776307,"type":"sell","buyer":"pi-trader","seller":"adrian1968","symbol":"SPT","quantity":"11.985090","price":"0.00844006","timestamp":1635017367,"volume":"0.10115488","buyTxId":"a2a772dd34f37c067aa314ca9145618bf603530a-4","sellTxId":"70361f3dabce150a8206cc2347e31e952b7e2afd"}
{"index": {"_index":"spt","_id":"1776466"}}
	{"id":1776466,"type":"buy","buyer":"fredfettmeister","seller":"laundrywoman","symbol":"SPT","quantity":"500.000000","price":"0.00924998","timestamp":1635018498,"volume":"4.62499000","buyTxId":"fa5b87ccb800d3cbf8016299809f14342666d39d","sellTxId":"a8269b01556ef8938585a9eb8c8fe783a15418f2"}
{"index": {"_index":"spt","_id":"1776475"}}
	{"id":1776475,"type":"sell","buyer":"granddaddies","seller":"hive.pizza","symbol":"SPT","quantity":"92.071946","price":"0.00850010","timestamp":1635018645,"volume":"0.78262075","buyTxId":"c20d6a9e13e836a28debae4eca31a44aa60e5702","sellTxId":"99ea0a3eedac9cb0713e0d581b9bbdb580483b31"}
{"index": {"_index":"spt","_id":"1776515"}}
	{"id":1776515,"type":"buy","buyer":"tarxis","seller":"laundrywoman","symbol":"SPT","quantity":"20.000000","price":"0.00924998","timestamp":1635018969,"volume":"0.18499960","buyTxId":"3782e53a0b029fe3fdf889353bfcd6d9a44889a5","sellTxId":"a8269b01556ef8938585a9eb8c8fe783a15418f2"}
{"index": {"_index":"spt","_id":"1776633"}}
	{"id":1776633,"type":"sell","buyer":"pi-trader","seller":"chireerocks","symbol":"SPT","quantity":"9.071207","price":"0.00850007","timestamp":1635019806,"volume":"0.07710589","buyTxId":"d992a23bbcdd8b2019a0c382a2aae16c25b26dd5-5","sellTxId":"7185f79ba0dd9a36f95a1ec21c4da902a97f024f"}
{"index": {"_index":"spt","_id":"1776704"}}
	{"id":1776704,"type":"sell","buyer":"tarxis","seller":"revisesociology","symbol":"SPT","quantity":"300.000000","price":"0.00900000","timestamp":1635020778,"volume":"2.70000000","buyTxId":"f3c8df4e5260a4a55125e3ba00802023d4a88a20","sellTxId":"df1dbf13b28f8d1507981c081072ecd26bdfe037"}
{"index": {"_index":"spt","_id":"1776750"}}
	{"id":1776750,"type":"sell","buyer":"tarxis","seller":"ahmetay","symbol":"SPT","quantity":"10.000000","price":"0.00900000","timestamp":1635021183,"volume":"0.09000000","buyTxId":"f3c8df4e5260a4a55125e3ba00802023d4a88a20","sellTxId":"d059104549ac592fd3ac7acc82db3e594942e1be"}
{"index": {"_index":"spt","_id":"1776751"}}
	{"id":1776751,"type":"sell","buyer":"aleczazam","seller":"ahmetay","symbol":"SPT","quantity":"11210.742311","price":"0.00900000","timestamp":1635021183,"volume":"100.89668080","buyTxId":"0bda2ed42fa2820fc711571ddd9d84da75ce72e9","sellTxId":"d059104549ac592fd3ac7acc82db3e594942e1be"}
{"index": {"_index":"spt","_id":"1776786"}}
	{"id":1776786,"type":"sell","buyer":"aleczazam","seller":"ahmetay","symbol":"SPT","quantity":"16789.257688","price":"0.00900000","timestamp":1635021576,"volume":"151.10331919","buyTxId":"0bda2ed42fa2820fc711571ddd9d84da75ce72e9","sellTxId":"93d7d2c5e13eae3558c48407e7d6e62f1cecd263"}
{"index": {"_index":"spt","_id":"1776790"}}
	{"id":1776790,"type":"sell","buyer":"aleczazam","seller":"ahmetay","symbol":"SPT","quantity":"0.000001","price":"0.00900000","timestamp":1635021612,"volume":"0.00000001","buyTxId":"0bda2ed42fa2820fc711571ddd9d84da75ce72e9","sellTxId":"973c27863314836f70abf7aa62523aac49b98293"}
{"index": {"_index":"spt","_id":"1776914"}}
	{"id":1776914,"type":"buy","buyer":"uyobong","seller":"laundrywoman","symbol":"SPT","quantity":"10.000000","price":"0.00919999","timestamp":1635023199,"volume":"0.09199990","buyTxId":"3148e867d716e76fcf5af9e5f9b11c8408e509b2","sellTxId":"42861aedb78d954bc446891461bd008bb9c0fc1d"}
{"index": {"_index":"spt","_id":"1777094"}}
	{"id":1777094,"type":"sell","buyer":"pi-trader","seller":"cliffagreen","symbol":"SPT","quantity":"0.952000","price":"0.00860001","timestamp":1635025695,"volume":"0.00818721","buyTxId":"8d45a44686f86d9159764402813903281255c683-1","sellTxId":"f3761d446b5a8bfa8e54679983952fd756f3632c"}
{"index": {"_index":"spt","_id":"1777239"}}
	{"id":1777239,"type":"buy","buyer":"samarek69","seller":"laundrywoman","symbol":"SPT","quantity":"0.900700","price":"0.00919999","timestamp":1635027378,"volume":"0.00828643","buyTxId":"b06c58b87f436f94ca71377847a6a1de6ac4eddf","sellTxId":"956ba81c2d67d077727b75ddf7fa0bb082149378"}
{"index": {"_index":"spt","_id":"1777275"}}
	{"id":1777275,"type":"buy","buyer":"belemo","seller":"laundrywoman","symbol":"SPT","quantity":"3000.000000","price":"0.00919999","timestamp":1635027828,"volume":"27.59997000","buyTxId":"df1e81f5b6614797f4cfe4c9e493bda37c895109","sellTxId":"956ba81c2d67d077727b75ddf7fa0bb082149378"}
{"index": {"_index":"spt","_id":"1777308"}}
	{"id":1777308,"type":"buy","buyer":"dswap","seller":"laundrywoman","symbol":"SPT","quantity":"10.347837","price":"0.00919999","timestamp":1635028215,"volume":"0.09520000","buyTxId":"bea6a79ae85090a6a975198b6a6dd301c2e8f57f","sellTxId":"956ba81c2d67d077727b75ddf7fa0bb082149378"}
{"index": {"_index":"spt","_id":"1777337"}}
	{"id":1777337,"type":"buy","buyer":"peeholder","seller":"laundrywoman","symbol":"SPT","quantity":"11000.000000","price":"0.00919999","timestamp":1635028647,"volume":"101.19989000","buyTxId":"57d51c294a87b00519983e367f1fabf552d16c22","sellTxId":"956ba81c2d67d077727b75ddf7fa0bb082149378"}
{"index": {"_index":"spt","_id":"1777602"}}
	{"id":1777602,"type":"sell","buyer":"pi-trader","seller":"dlmmqb","symbol":"SPT","quantity":"3.377257","price":"0.00860001","timestamp":1635030942,"volume":"0.02904444","buyTxId":"37e52fa70480f4e007bd84eac5dbfe0316580cf3-3","sellTxId":"d15548412abf968014de9c6b734fa309cc717942"}
{"index": {"_index":"spt","_id":"1777780"}}
	{"id":1777780,"type":"sell","buyer":"pi-trader","seller":"dkid14","symbol":"SPT","quantity":"211.160924","price":"0.00862000","timestamp":1635032688,"volume":"1.82020716","buyTxId":"47501e78179a782defb8d0dccbb5ff5bc29914ff-10","sellTxId":"1ec6b79ec8de472ffbb86e49cdff086c251ae59c"}
{"index": {"_index":"spt","_id":"1777812"}}
	{"id":1777812,"type":"sell","buyer":"pi-trader","seller":"he-index","symbol":"SPT","quantity":"0.008000","price":"0.00862002","timestamp":1635033063,"volume":"0.00006896","buyTxId":"827cae91e3db0cdb150a64e449c3b5e334887413-2","sellTxId":"cb3a0371ab4b44162d2c3f124bb140a2908f3bff"}
{"index": {"_index":"spt","_id":"1777960"}}
	{"id":1777960,"type":"sell","buyer":"pi-trader","seller":"brofi-market","symbol":"SPT","quantity":"5.177490","price":"0.00863000","timestamp":1635034293,"volume":"0.04468174","buyTxId":"10186291ff1b2176e8bd530fd5b0f54565f5b578-1","sellTxId":"0cd1683da7c33eee7df3b59d4c7973a912132813"}
{"index": {"_index":"spt","_id":"1778045"}}
	{"id":1778045,"type":"sell","buyer":"pi-trader","seller":"gsauce1989","symbol":"SPT","quantity":"2793.000000","price":"0.00870001","timestamp":1635035133,"volume":"24.29912793","buyTxId":"6d69e0588b52fc57cde38d2c008209a6f72ba884-1","sellTxId":"c8e194fb2c9d115ce1c179bf69fb302de212709d"}
{"index": {"_index":"spt","_id":"1778094"}}
	{"id":1778094,"type":"sell","buyer":"pi-trader","seller":"iceman23","symbol":"SPT","quantity":"3.821682","price":"0.00870004","timestamp":1635035778,"volume":"0.03324879","buyTxId":"caf08f5e1a4bc26b312c2ef0b7b276267806d05b-1","sellTxId":"415395a9eb490aac7f97c5073a61a74b489f7c08"}
{"index": {"_index":"spt","_id":"1778108"}}
	{"id":1778108,"type":"sell","buyer":"pi-trader","seller":"iceman23","symbol":"SPT","quantity":"0.115496","price":"0.00870004","timestamp":1635035979,"volume":"0.00100482","buyTxId":"0f67b1994f8c86b7691fe3f56b70029713f2e16d-3","sellTxId":"ceb75be7cd71bbe528cd18ed39bcbbba0cdafa4c"}
{"index": {"_index":"spt","_id":"1778115"}}
	{"id":1778115,"type":"sell","buyer":"pi-trader","seller":"steem82868","symbol":"SPT","quantity":"1.866111","price":"0.00870004","timestamp":1635036075,"volume":"0.01623524","buyTxId":"214951e41d85c105db795e987449bc105b5a14e0-5","sellTxId":"7c9b610cfdfbc9fc8a39ca3581a8251d31e05bc9"}
{"index": {"_index":"spt","_id":"1778155"}}
	{"id":1778155,"type":"sell","buyer":"granddaddies","seller":"dhedge-drips","symbol":"SPT","quantity":"0.029000","price":"0.00860002","timestamp":1635036393,"volume":"0.00024940","buyTxId":"140d298def0147b8333f5b98a9f91c3bd4549ce7","sellTxId":"cf8f049f32efe3763d7dd3e8cb31a4fe4b79ed37"}
{"index": {"_index":"spt","_id":"1778162"}}
	{"id":1778162,"type":"sell","buyer":"pi-trader","seller":"votebetting","symbol":"SPT","quantity":"2.311000","price":"0.00860003","timestamp":1635036450,"volume":"0.01987467","buyTxId":"fa736fb42d5be7d668c33be16cbedcf26de871c6-5","sellTxId":"0c5276c86106c8b4daf20c56ac5103f3f62d553a"}
{"index": {"_index":"spt","_id":"1778196"}}
	{"id":1778196,"type":"sell","buyer":"pi-trader","seller":"bitcoinflood","symbol":"SPT","quantity":"4.026929","price":"0.00860007","timestamp":1635037095,"volume":"0.03463187","buyTxId":"1ad52e9980c6952175fd49e9db18196bec918912-3","sellTxId":"688a2e89afb689ca56a49d36642a818ea1863015"}
{"index": {"_index":"spt","_id":"1778227"}}
	{"id":1778227,"type":"buy","buyer":"jongolson","seller":"cloudblade","symbol":"SPT","quantity":"536.437288","price":"0.00919000","timestamp":1635037731,"volume":"4.92985868","buyTxId":"d4d4eebbd92bfe93fe48fcf245a84dd248c18fb6","sellTxId":"f935480db64978cdd655a864cdc4e40d357a12cd"}
{"index": {"_index":"spt","_id":"1778228"}}
	{"id":1778228,"type":"buy","buyer":"jongolson","seller":"dhedge-drips","symbol":"SPT","quantity":"0.029000","price":"0.00919000","timestamp":1635037731,"volume":"0.00026651","buyTxId":"d4d4eebbd92bfe93fe48fcf245a84dd248c18fb6","sellTxId":"ce0a1f801e17d6599b7849c647e7e7a157a871d3"}
{"index": {"_index":"spt","_id":"1778229"}}
	{"id":1778229,"type":"buy","buyer":"jongolson","seller":"anadolu","symbol":"SPT","quantity":"463.533712","price":"0.00920000","timestamp":1635037731,"volume":"4.26451015","buyTxId":"d4d4eebbd92bfe93fe48fcf245a84dd248c18fb6","sellTxId":"4ece05f214543bd05c5e5225f5db2eee9b9a8536"}
{"index": {"_index":"spt","_id":"1778564"}}
	{"id":1778564,"type":"buy","buyer":"ahmetay","seller":"anadolu","symbol":"SPT","quantity":"8884.466288","price":"0.00920000","timestamp":1635041340,"volume":"81.73708985","buyTxId":"69caa9f0b3681d2bfb17673d06755d6454058a7c","sellTxId":"4ece05f214543bd05c5e5225f5db2eee9b9a8536"}
{"index": {"_index":"spt","_id":"1778565"}}
	{"id":1778565,"type":"buy","buyer":"ahmetay","seller":"brofi-market","symbol":"SPT","quantity":"5.177490","price":"0.00920000","timestamp":1635041340,"volume":"0.04763291","buyTxId":"69caa9f0b3681d2bfb17673d06755d6454058a7c","sellTxId":"f9d5051b91d3a0aa838e5b8e833895a9f8fc49c7"}
{"index": {"_index":"spt","_id":"1778579"}}
	{"id":1778579,"type":"buy","buyer":"ahmetay","seller":"revisesociology","symbol":"SPT","quantity":"1700.000000","price":"0.00924999","timestamp":1635041481,"volume":"15.72498300","buyTxId":"fc8cd709a66acbbeceaf78a54538f0e2b2969b94","sellTxId":"d58c776ab76ae87e2305c9d710c1b794554e727e"}
{"index": {"_index":"spt","_id":"1778580"}}
	{"id":1778580,"type":"buy","buyer":"ahmetay","seller":"mcgilli","symbol":"SPT","quantity":"1651.353189","price":"0.00925000","timestamp":1635041481,"volume":"15.27501700","buyTxId":"fc8cd709a66acbbeceaf78a54538f0e2b2969b94","sellTxId":"9d4645c68f7397cc378771f3787d862d9faeee09"}
{"index": {"_index":"spt","_id":"1778584"}}
	{"id":1778584,"type":"sell","buyer":"pi-trader","seller":"cardshrine","symbol":"SPT","quantity":"10.806680","price":"0.00861022","timestamp":1635041574,"volume":"0.09304789","buyTxId":"0df486ca166bd3ff8535ec9d11c5b1e4217ccbd9-1","sellTxId":"362df93c8fe148df9eb25c89c54e128dea73a673"}
{"index": {"_index":"spt","_id":"1778607"}}
	{"id":1778607,"type":"sell","buyer":"pi-trader","seller":"bipl","symbol":"SPT","quantity":"1.6","price":"0.00861003","timestamp":1635041979,"volume":"0.01377605","buyTxId":"2bb49f9ac77c4a9d62fcc4656df0abc8007ab4af-3","sellTxId":"23f5506f6369f19e833e0c7a557f53d569f6366a"}
{"index": {"_index":"spt","_id":"1778630"}}
	{"id":1778630,"type":"buy","buyer":"msiltnt","seller":"mcgilli","symbol":"SPT","quantity":"0.214027","price":"0.00925000","timestamp":1635042378,"volume":"0.00197975","buyTxId":"6a86d51a95d18eaadc4a94b29127f21651f5f154","sellTxId":"9d4645c68f7397cc378771f3787d862d9faeee09"}
