{"index": {"_index":"list","_id":"1297240"}}
	{"id":1297240,"type":"sell","buyer":"thelogicaldude","seller":"charityball","symbol":"LIST","quantity":"30.25817704","price":"0.01180002","timestamp":1627957146,"volume":"0.35704709","buyTxId":"MM-P-9204226-56185677-3-0-0","sellTxId":"97637b9c1a3f3a9559c4fab14aa0a8e52d9ef001"}
{"index": {"_index":"list","_id":"1297795"}}
	{"id":1297795,"type":"sell","buyer":"thelogicaldude","seller":"justinparke","symbol":"LIST","quantity":"5.95061156","price":"0.01180002","timestamp":1627968045,"volume":"0.07021734","buyTxId":"MM-P-9204226-56185677-3-0-0","sellTxId":"28d66c2b3380d34fad621604eac185e289ed8eb3"}
{"index": {"_index":"list","_id":"1297972"}}
	{"id":1297972,"type":"sell","buyer":"thelogicaldude","seller":"tonytrillions","symbol":"LIST","quantity":"0.04503419","price":"0.01180002","timestamp":1627972692,"volume":"0.00053140","buyTxId":"MM-P-9204226-56185677-3-0-0","sellTxId":"a830e995501232061551e7668e81c3a831defb59"}
{"index": {"_index":"list","_id":"1298030"}}
	{"id":1298030,"type":"sell","buyer":"thelogicaldude","seller":"lxsxl","symbol":"LIST","quantity":"1.96265909","price":"0.01180002","timestamp":1627973484,"volume":"0.02315942","buyTxId":"MM-P-9204226-56185677-3-0-0","sellTxId":"585c5234bb98a0d44f03d13942a158844d3dac97"}
{"index": {"_index":"list","_id":"1298282"}}
	{"id":1298282,"type":"sell","buyer":"thelogicaldude","seller":"brofi-market","symbol":"LIST","quantity":"0.10170002","price":"0.01180002","timestamp":1627978362,"volume":"0.00120006","buyTxId":"MM-P-9204226-56185677-3-0-0","sellTxId":"a9a8d91b50a846286539df804c819d918d4dbf33"}
{"index": {"_index":"list","_id":"1298675"}}
	{"id":1298675,"type":"sell","buyer":"thelogicaldude","seller":"tonytrillions","symbol":"LIST","quantity":"0.00011995","price":"0.01180002","timestamp":1627988034,"volume":"0.00000142","buyTxId":"MM-P-9204226-56185677-3-0-0","sellTxId":"a13f5f11de3e28147d95b85640a804b566774967"}
{"index": {"_index":"list","_id":"1298954"}}
	{"id":1298954,"type":"sell","buyer":"thelogicaldude","seller":"dhedge-drips","symbol":"LIST","quantity":"0.00953438","price":"0.01180002","timestamp":1627994811,"volume":"0.00011251","buyTxId":"MM-P-9204226-56185677-3-0-0","sellTxId":"820affd3baba63cbef21043ed5c7118ea56c9d06"}
{"index": {"_index":"list","_id":"1298996"}}
	{"id":1298996,"type":"sell","buyer":"thelogicaldude","seller":"ahmetay","symbol":"LIST","quantity":"0.00000609","price":"0.01180002","timestamp":1627995282,"volume":"0.00000007","buyTxId":"MM-P-9204226-56185677-3-0-0","sellTxId":"ee947d08733a5e0385897842c4d741a603fa3205"}
{"index": {"_index":"list","_id":"1299290"}}
	{"id":1299290,"type":"sell","buyer":"thelogicaldude","seller":"mad-runner","symbol":"LIST","quantity":"4.60533804","price":"0.01180002","timestamp":1628000439,"volume":"0.05434308","buyTxId":"MM-P-9204226-56185677-3-0-0","sellTxId":"80224b109ae8b3d632ea393587271f4f09efcdaf"}
{"index": {"_index":"list","_id":"1300072"}}
	{"id":1300072,"type":"sell","buyer":"thelogicaldude","seller":"charityball","symbol":"LIST","quantity":"31.02602497","price":"0.01180002","timestamp":1628011728,"volume":"0.36610772","buyTxId":"MM-P-9204226-56185677-3-0-0","sellTxId":"13d361d98790c6cc6e396a6ead0ff02a33b24f45"}
{"index": {"_index":"list","_id":"1300266"}}
	{"id":1300266,"type":"sell","buyer":"thelogicaldude","seller":"cannabiscup","symbol":"LIST","quantity":"0.32971822","price":"0.01180002","timestamp":1628014992,"volume":"0.00389068","buyTxId":"MM-P-9204226-56185677-3-0-0","sellTxId":"fd07335adebe6fc50ecba1ddb6502b94e679c4f9"}
{"index": {"_index":"list","_id":"1300306"}}
	{"id":1300306,"type":"sell","buyer":"thelogicaldude","seller":"crypto133","symbol":"LIST","quantity":"44.41761753","price":"0.01180002","timestamp":1628015439,"volume":"0.52412878","buyTxId":"MM-P-9204226-56185677-3-0-0","sellTxId":"2b5fb1510e19b76710d407726d416527a5bd4c5b"}
{"index": {"_index":"list","_id":"1300923"}}
	{"id":1300923,"type":"sell","buyer":"thelogicaldude","seller":"nulledgh0st","symbol":"LIST","quantity":"10.42366249","price":"0.01180002","timestamp":1628025807,"volume":"0.12299943","buyTxId":"MM-P-9204226-56185677-3-0-0","sellTxId":"48b37095e7a46a8c74398c9efec95e9316f6c2e0"}
{"index": {"_index":"list","_id":"1301470"}}
	{"id":1301470,"type":"sell","buyer":"thelogicaldude","seller":"justinparke","symbol":"LIST","quantity":"1.30349820","price":"0.01160000","timestamp":1628035872,"volume":"0.01512058","buyTxId":"MM-P-9239024-56220589-3-0-0","sellTxId":"17bdcf695f21160e640fd695f7ff4252f9d49470"}
{"index": {"_index":"list","_id":"1301655"}}
	{"id":1301655,"type":"buy","buyer":"morzex","seller":"thelogicaldude","symbol":"LIST","quantity":"30.00000000","price":"0.01729000","timestamp":1628038776,"volume":"0.51870000","buyTxId":"4ba36bb08f27379791b8d1707ef27bc831d7e8bd","sellTxId":"MM-P-9234649-56216202-3-0-0"}
{"index": {"_index":"list","_id":"1301665"}}
	{"id":1301665,"type":"buy","buyer":"morzex","seller":"thelogicaldude","symbol":"LIST","quantity":"100.00000000","price":"0.01729000","timestamp":1628039073,"volume":"1.72900000","buyTxId":"5914caa8c9a0216da8495014a8858e155c2a7939","sellTxId":"MM-P-9234649-56216202-3-0-0"}
