{"index": {"_index":"list","_id":"3341204"}}
	{"id":3341204,"type":"buy","buyer":"thelogicaldude","seller":"richardcrill","symbol":"LIST","quantity":"419.39070100","price":"0.00640000","timestamp":1651613586,"volume":"2.68410049","buyTxId":"5d149319fb65211ecccdea3cb668ee09b5007816","sellTxId":"MM-P-17056932-64046599-3-6-0"}
{"index": {"_index":"list","_id":"3341209"}}
	{"id":3341209,"type":"buy","buyer":"thelogicaldude","seller":"franciscopr","symbol":"LIST","quantity":"32.40174300","price":"0.00650000","timestamp":1651613616,"volume":"0.21061133","buyTxId":"730772ff8ada4ed74a36a5950895ad23de5b77fc","sellTxId":"302e2dc71f97bd46498bc551650f848ca809515e"}
{"index": {"_index":"list","_id":"3341510"}}
	{"id":3341510,"type":"sell","buyer":"pompeylad","seller":"misterabaddon","symbol":"LIST","quantity":"0.00003482","price":"0.00300101","timestamp":1651616322,"volume":"0.00000010","buyTxId":"938cde2133ac6116ec1ddb881b764c7422157cea","sellTxId":"41523002dc07789cfd713608ff8d0e6cb8e36ba4"}
{"index": {"_index":"list","_id":"3345529"}}
	{"id":3345529,"type":"sell","buyer":"untzuntzuntz","seller":"oswvin01","symbol":"LIST","quantity":"38.57466928","price":"0.00300110","timestamp":1651662414,"volume":"0.11576644","buyTxId":"a336905fd08eb2015be156b768252004080e33bc","sellTxId":"68597665a0f2dcc62cbbc5057d2d54f27f90965a"}
{"index": {"_index":"list","_id":"3345530"}}
	{"id":3345530,"type":"sell","buyer":"quinnertronics","seller":"oswvin01","symbol":"LIST","quantity":"72.84529874","price":"0.00300101","timestamp":1651662414,"volume":"0.21860947","buyTxId":"f7977c1935e78495ba1e2b707f5bf54f132838d3","sellTxId":"68597665a0f2dcc62cbbc5057d2d54f27f90965a"}
{"index": {"_index":"list","_id":"3345531"}}
	{"id":3345531,"type":"sell","buyer":"quinnertronics","seller":"oswvin01","symbol":"LIST","quantity":"142.91839414","price":"0.00300101","timestamp":1651662414,"volume":"0.42889953","buyTxId":"48e64ef5d86ee99489887fcb82fe45b4302d3e5d","sellTxId":"68597665a0f2dcc62cbbc5057d2d54f27f90965a"}
{"index": {"_index":"list","_id":"3345532"}}
	{"id":3345532,"type":"sell","buyer":"h3m4n7","seller":"oswvin01","symbol":"LIST","quantity":"62.60163784","price":"0.00300100","timestamp":1651662414,"volume":"0.18786752","buyTxId":"232be3199a5f323794c7a24db4f8aeffcc25611b","sellTxId":"68597665a0f2dcc62cbbc5057d2d54f27f90965a"}
{"index": {"_index":"list","_id":"3347267"}}
	{"id":3347267,"type":"sell","buyer":"untzuntzuntz","seller":"n15m0","symbol":"LIST","quantity":"11.00038095","price":"0.00300110","timestamp":1651682718,"volume":"0.03301324","buyTxId":"dda1f715844bc43e3c8b9b5f56b2ceb33e219372","sellTxId":"4f2be48a77ae1a16e3fd7314eda6badcae558b81"}
{"index": {"_index":"list","_id":"3347640"}}
	{"id":3347640,"type":"sell","buyer":"untzuntzuntz","seller":"technocrypton","symbol":"LIST","quantity":"0.19474452","price":"0.00300110","timestamp":1651685778,"volume":"0.00058445","buyTxId":"dda1f715844bc43e3c8b9b5f56b2ceb33e219372","sellTxId":"ad5a49d9db9a73b81187f9cbf80b1a2bf1dbd8f4"}
{"index": {"_index":"list","_id":"3347688"}}
	{"id":3347688,"type":"sell","buyer":"untzuntzuntz","seller":"agog","symbol":"LIST","quantity":"0.34899928","price":"0.00300110","timestamp":1651686327,"volume":"0.00104738","buyTxId":"dda1f715844bc43e3c8b9b5f56b2ceb33e219372","sellTxId":"e77c55d4d0a71b6838fb734f1e03fc6ea9beabde"}
{"index": {"_index":"list","_id":"3348828"}}
	{"id":3348828,"type":"sell","buyer":"pompeylad","seller":"technocrypton","symbol":"LIST","quantity":"1.50569793","price":"0.00310110","timestamp":1651697637,"volume":"0.00466932","buyTxId":"161285b0d8331e7d5b259ea23f3b5a266cc08c0f","sellTxId":"911454e579ce19d9575f4e5c61dfe4defc17d478"}
