{"index": {"_index":"list","_id":"2957654"}}
	{"id":2957654,"type":"sell","buyer":"pi-trader","seller":"pablodare3","symbol":"LIST","quantity":"2.82816770","price":"0.00171203","timestamp":1647062769,"volume":"0.00484191","buyTxId":"2a0c85d88e27bdc5751d7e4a2577ffd6d271a682-1","sellTxId":"35a52851722f386135bd3bed22e261d94a9fcf85"}
{"index": {"_index":"list","_id":"2957662"}}
	{"id":2957662,"type":"sell","buyer":"pi-trader","seller":"mairapanelo","symbol":"LIST","quantity":"15.64814083","price":"0.00171203","timestamp":1647062892,"volume":"0.02679009","buyTxId":"3a3d6a869900b945a35e14dc34462c60fb0a6e93-4","sellTxId":"f1b53611526604fb6d47a6828454a64aa1f4a6b0"}
{"index": {"_index":"list","_id":"2958469"}}
	{"id":2958469,"type":"sell","buyer":"pi-trader","seller":"synergie","symbol":"LIST","quantity":"24.12000000","price":"0.00171203","timestamp":1647073770,"volume":"0.04129416","buyTxId":"d645e3d6071ed08ed37f8840372092c84911fe72-2","sellTxId":"7d16d12d7f0e990e2bcc2017e078a752abe9f4c8"}
{"index": {"_index":"list","_id":"2959322"}}
	{"id":2959322,"type":"sell","buyer":"pi-trader","seller":"brofi-market","symbol":"LIST","quantity":"4.30240990","price":"0.00171203","timestamp":1647087531,"volume":"0.00736585","buyTxId":"5406321fa6653a28ac6fc72d69fd22a2bbcbedf2-2","sellTxId":"27343d8be20af089a693d120f4a66935ee315f7c"}
{"index": {"_index":"list","_id":"2959455"}}
	{"id":2959455,"type":"sell","buyer":"pi-trader","seller":"dhedge-drips","symbol":"LIST","quantity":"0.40335123","price":"0.00171203","timestamp":1647089268,"volume":"0.00069055","buyTxId":"99b19312960755b48e037f70ce1242cca352d059-2","sellTxId":"0ab8c7d1db279e058af1cb94b2a7233e28ce8fbd"}
{"index": {"_index":"list","_id":"2959956"}}
	{"id":2959956,"type":"sell","buyer":"pi-trader","seller":"discohedge","symbol":"LIST","quantity":"0.79620575","price":"0.00171203","timestamp":1647094218,"volume":"0.00136313","buyTxId":"718da56b6b2c2d9c28bbfca12061fe6211a1a436-4","sellTxId":"d7b9418ebe86bd69b2e555140c195e70d0775f2f"}
{"index": {"_index":"list","_id":"2960612"}}
	{"id":2960612,"type":"sell","buyer":"pi-trader","seller":"brofi-market","symbol":"LIST","quantity":"0.50765627","price":"0.00171203","timestamp":1647102156,"volume":"0.00086912","buyTxId":"352acef95deee969dbb89e654d0fede2941f609c-4","sellTxId":"a185dba17d6fa497ba5cff22fa473835cb57e440"}
{"index": {"_index":"list","_id":"2960697"}}
	{"id":2960697,"type":"buy","buyer":"cinetalkies","seller":"pablodare","symbol":"LIST","quantity":"34.47273240","price":"0.00300000","timestamp":1647103131,"volume":"0.10341820","buyTxId":"149455bc301d9c53e99c8761a524343c49651dd3","sellTxId":"6718bb4313dcf31c49e6a9b61084ed4da46109c1"}
{"index": {"_index":"list","_id":"2960698"}}
	{"id":2960698,"type":"buy","buyer":"cinetalkies","seller":"brofi-market","symbol":"LIST","quantity":"4.30240990","price":"0.00300000","timestamp":1647103131,"volume":"0.01290723","buyTxId":"149455bc301d9c53e99c8761a524343c49651dd3","sellTxId":"16f8c902cd83944e49693f43345dd7fe4c6ebcc2"}
{"index": {"_index":"list","_id":"2960699"}}
	{"id":2960699,"type":"buy","buyer":"cinetalkies","seller":"dhedge-drips","symbol":"LIST","quantity":"0.40335123","price":"0.00300000","timestamp":1647103131,"volume":"0.00121005","buyTxId":"149455bc301d9c53e99c8761a524343c49651dd3","sellTxId":"351da81bcca7f0e261564b378263f83839db3b21"}
{"index": {"_index":"list","_id":"2960700"}}
	{"id":2960700,"type":"buy","buyer":"cinetalkies","seller":"discohedge","symbol":"LIST","quantity":"0.79620575","price":"0.00300000","timestamp":1647103131,"volume":"0.00238862","buyTxId":"149455bc301d9c53e99c8761a524343c49651dd3","sellTxId":"84d3ab27498359f6ae920fa85526ff8756660eb6"}
{"index": {"_index":"list","_id":"2960701"}}
	{"id":2960701,"type":"buy","buyer":"cinetalkies","seller":"brofi-market","symbol":"LIST","quantity":"0.50765572","price":"0.00300000","timestamp":1647103131,"volume":"0.00152297","buyTxId":"149455bc301d9c53e99c8761a524343c49651dd3","sellTxId":"45e7d556eb3d8f0a8adb83935cf526a98a99b245"}
{"index": {"_index":"list","_id":"2960703"}}
	{"id":2960703,"type":"buy","buyer":"cinetalkies","seller":"indiebandguru","symbol":"LIST","quantity":"14.04712700","price":"0.00400000","timestamp":1647103158,"volume":"0.05618851","buyTxId":"b14185ced98f410d61640cb23b6514b8574c844f","sellTxId":"712d4fd1cc997a0a73cacd9dab9296fc68d1af06"}
{"index": {"_index":"list","_id":"2961046"}}
	{"id":2961046,"type":"sell","buyer":"pi-trader","seller":"nahueldare3627","symbol":"LIST","quantity":"5.63050111","price":"0.00181204","timestamp":1647106038,"volume":"0.01020269","buyTxId":"b4ca93e4347d3c5d5464b59610af656755b55358-1","sellTxId":"ae99a3f9e8d8b74d2463714900d3fc2451c222d6"}
{"index": {"_index":"list","_id":"2961323"}}
	{"id":2961323,"type":"sell","buyer":"pi-trader","seller":"tonytrillions","symbol":"LIST","quantity":"0.00075075","price":"0.00181204","timestamp":1647109452,"volume":"0.00000136","buyTxId":"468fa8ac21ef22ec52dd2f3008e2bbbf1b16a892-2","sellTxId":"b6c2c9c086ff0b46c4684a850598b3befcf5876b"}
{"index": {"_index":"list","_id":"2961476"}}
	{"id":2961476,"type":"sell","buyer":"pi-trader","seller":"dhedge-drips","symbol":"LIST","quantity":"0.04758822","price":"0.00181204","timestamp":1647110964,"volume":"0.00008623","buyTxId":"6e5c711c31508e0f4bd2e79df942fb99e4247821-1","sellTxId":"df25ca855f05485e2422f4e727122fb610e845cf"}
{"index": {"_index":"list","_id":"2963792"}}
	{"id":2963792,"type":"sell","buyer":"pi-trader","seller":"isnochys","symbol":"LIST","quantity":"0.23439429","price":"0.00181204","timestamp":1647138696,"volume":"0.00042473","buyTxId":"da68bb4546b7af28700934051b0959934dd569ad-2","sellTxId":"fa0d94c7c8ddfce6eff3218eab86feef6037c03d"}
