{"index": {"_index":"list","_id":"2873987"}}
	{"id":2873987,"type":"buy","buyer":"onewolfe","seller":"dhedge-drips","symbol":"LIST","quantity":"0.50000000","price":"0.00470000","timestamp":1646015193,"volume":"0.00235000","buyTxId":"35dbfdbee10af9f95d6f8db7743724df7868ff5d","sellTxId":"3c3d1c00862d8857c1d6b052d0bc592f1beda240"}
{"index": {"_index":"list","_id":"2874464"}}
	{"id":2874464,"type":"sell","buyer":"pi-trader","seller":"finris","symbol":"LIST","quantity":"25.05948448","price":"0.00420001","timestamp":1646022315,"volume":"0.10525009","buyTxId":"c493e7230b8e57810d06ec2c1ecc1cbce3b9f964-4","sellTxId":"4c4e967cba53772c1df19659e25da03b2b1e2e9c"}
{"index": {"_index":"list","_id":"2874844"}}
	{"id":2874844,"type":"buy","buyer":"baconface","seller":"dhedge-drips","symbol":"LIST","quantity":"0.19580850","price":"0.00470000","timestamp":1646028651,"volume":"0.00092030","buyTxId":"2bf0c871c6212755b73b111b0dd96ff79c810b05","sellTxId":"3c3d1c00862d8857c1d6b052d0bc592f1beda240"}
{"index": {"_index":"list","_id":"2875397"}}
	{"id":2875397,"type":"buy","buyer":"steem82868","seller":"richardcrill","symbol":"LIST","quantity":"100.00000000","price":"0.00440000","timestamp":1646034093,"volume":"0.44000000","buyTxId":"9a97cfc4d140d5b4a2aa4fac6b38fa5d40392fc0","sellTxId":"MM-P-15218616-62206298-3-8-0"}
{"index": {"_index":"list","_id":"2875401"}}
	{"id":2875401,"type":"buy","buyer":"steem82868","seller":"richardcrill","symbol":"LIST","quantity":"100.00000000","price":"0.00440000","timestamp":1646034171,"volume":"0.44000000","buyTxId":"a1cf6a60a881a9281275018c328d7a7c412d4612","sellTxId":"MM-P-15218616-62206298-3-8-0"}
{"index": {"_index":"list","_id":"2875422"}}
	{"id":2875422,"type":"buy","buyer":"steem82868","seller":"richardcrill","symbol":"LIST","quantity":"1.00000000","price":"0.00440000","timestamp":1646034441,"volume":"0.00440000","buyTxId":"bebe465c4ae219ec9174b5baa6aa7914a87057b8","sellTxId":"MM-P-15218616-62206298-3-8-0"}
{"index": {"_index":"list","_id":"2875545"}}
	{"id":2875545,"type":"sell","buyer":"pi-trader","seller":"brofi-market","symbol":"LIST","quantity":"6.01248123","price":"0.00420001","timestamp":1646036151,"volume":"0.02525248","buyTxId":"6b1723766664bd5b7386119a39f1aa58e9c9ae8a-4","sellTxId":"b555187ce64cbbc08681f81dbdbc64517401fa32"}
{"index": {"_index":"list","_id":"2875722"}}
	{"id":2875722,"type":"sell","buyer":"pi-trader","seller":"synergie","symbol":"LIST","quantity":"3.90000000","price":"0.00420001","timestamp":1646038623,"volume":"0.01638004","buyTxId":"f625585570e516273988e006f17271388528c8cb-1","sellTxId":"6b340c2d06b79eed030ac367d1e6479aa6a212bc"}
{"index": {"_index":"list","_id":"2876045"}}
	{"id":2876045,"type":"sell","buyer":"pi-trader","seller":"assassyn","symbol":"LIST","quantity":"0.23387715","price":"0.00420001","timestamp":1646041659,"volume":"0.00098229","buyTxId":"af1b45ac6cb68fd738313c712ce9c9771da27f11-2","sellTxId":"16cffa0cb450afb90cc77a192c78ed0733709322"}
{"index": {"_index":"list","_id":"2876277"}}
	{"id":2876277,"type":"sell","buyer":"pi-trader","seller":"alfarero","symbol":"LIST","quantity":"0.47273573","price":"0.00420001","timestamp":1646046018,"volume":"0.00198549","buyTxId":"47b5957a5ffd7f80ec5e8d493c8475e9f255c1d5-1","sellTxId":"949d5f2a1da39fff7ca286cfc5dc78111680996c"}
{"index": {"_index":"list","_id":"2876283"}}
	{"id":2876283,"type":"buy","buyer":"pjansen","seller":"richardcrill","symbol":"LIST","quantity":"58.19712300","price":"0.00430000","timestamp":1646046081,"volume":"0.25024763","buyTxId":"74213c837ba86d79b4035b009ce62799ce40f152","sellTxId":"MM-P-15220609-62208293-3-8-0"}
{"index": {"_index":"list","_id":"2876286"}}
	{"id":2876286,"type":"buy","buyer":"pjansen","seller":"brofi-market","symbol":"LIST","quantity":"6.01248100","price":"0.00440000","timestamp":1646046129,"volume":"0.02645492","buyTxId":"e51ed6bc2b96e3be5586044ef58bfef82b905b8f","sellTxId":"001b4e78b4eb2460802c74493005c5c5dfc037ed"}
{"index": {"_index":"list","_id":"2876296"}}
	{"id":2876296,"type":"buy","buyer":"pjansen","seller":"tonytrillions","symbol":"LIST","quantity":"105.83571800","price":"0.00450000","timestamp":1646046234,"volume":"0.47626073","buyTxId":"8587a3b4a3ec244cbb1d0cfc24c4eed8096a2892","sellTxId":"9caf6b0c7dee6d5f1c08c30d937776a6353fd554"}
{"index": {"_index":"list","_id":"2876304"}}
	{"id":2876304,"type":"buy","buyer":"bilpcoinbot2","seller":"dhedge-drips","symbol":"LIST","quantity":"0.06943925","price":"0.00470000","timestamp":1646046315,"volume":"0.00032636","buyTxId":"23215970b17cf4e4c2cfc57d180ea13b1f877844","sellTxId":"3c3d1c00862d8857c1d6b052d0bc592f1beda240"}
{"index": {"_index":"list","_id":"2876386"}}
	{"id":2876386,"type":"sell","buyer":"bilpcoinbot2","seller":"mercurial9","symbol":"LIST","quantity":"0.00055246","price":"0.00470000","timestamp":1646047266,"volume":"0.00000260","buyTxId":"23215970b17cf4e4c2cfc57d180ea13b1f877844","sellTxId":"c3869bffad394e847b6e851ba776ad09884a6928"}
{"index": {"_index":"list","_id":"2876610"}}
	{"id":2876610,"type":"sell","buyer":"bilpcoinbot2","seller":"brofi-market","symbol":"LIST","quantity":"0.40771133","price":"0.00470000","timestamp":1646050200,"volume":"0.00191624","buyTxId":"23215970b17cf4e4c2cfc57d180ea13b1f877844","sellTxId":"9cd09fd38dc5ab7f72055a69aa5b4604bfa83f50"}
{"index": {"_index":"list","_id":"2876754"}}
	{"id":2876754,"type":"sell","buyer":"bilpcoinbot2","seller":"dhedge-drips","symbol":"LIST","quantity":"0.02229696","price":"0.00470000","timestamp":1646052438,"volume":"0.00010480","buyTxId":"23215970b17cf4e4c2cfc57d180ea13b1f877844","sellTxId":"dc6624b48d4024d244ad8f1615cdc5f42e2bc8b3"}
{"index": {"_index":"list","_id":"2877017"}}
	{"id":2877017,"type":"sell","buyer":"pi-trader","seller":"assassyn","symbol":"LIST","quantity":"0.02097334","price":"0.00420001","timestamp":1646055252,"volume":"0.00008809","buyTxId":"96bf5bc0e7be47866b0b673c859495acba53b4c9-5","sellTxId":"ca49fcd928c29dfdcefae999b1f2dddb9be1cd21"}
{"index": {"_index":"list","_id":"2877532"}}
	{"id":2877532,"type":"buy","buyer":"apoloo1","seller":"dhedge-drips","symbol":"LIST","quantity":"0.57959496","price":"0.00470000","timestamp":1646060850,"volume":"0.00272410","buyTxId":"cf617a3ccabba04872417d38ef8643e5e4f0dc01","sellTxId":"dc6624b48d4024d244ad8f1615cdc5f42e2bc8b3"}
{"index": {"_index":"list","_id":"2877533"}}
	{"id":2877533,"type":"buy","buyer":"apoloo1","seller":"dhedge-drips","symbol":"LIST","quantity":"0.54256170","price":"0.00480000","timestamp":1646060850,"volume":"0.00260430","buyTxId":"cf617a3ccabba04872417d38ef8643e5e4f0dc01","sellTxId":"737e68b63d1b3fc7c6feb6cd4ada8ca3a859e26e"}
{"index": {"_index":"list","_id":"2877534"}}
	{"id":2877534,"type":"buy","buyer":"apoloo1","seller":"brofi-market","symbol":"LIST","quantity":"8.16264256","price":"0.00480000","timestamp":1646060850,"volume":"0.03918068","buyTxId":"cf617a3ccabba04872417d38ef8643e5e4f0dc01","sellTxId":"91bde03d65ad414b64592f6c468bd776544756f1"}
{"index": {"_index":"list","_id":"2877535"}}
	{"id":2877535,"type":"buy","buyer":"apoloo1","seller":"brofi-market","symbol":"LIST","quantity":"0.40771133","price":"0.00480000","timestamp":1646060850,"volume":"0.00195701","buyTxId":"cf617a3ccabba04872417d38ef8643e5e4f0dc01","sellTxId":"69d3a3c275e76296b24315acb5a2c1ef6ac6c2fb"}
{"index": {"_index":"list","_id":"2877536"}}
	{"id":2877536,"type":"buy","buyer":"apoloo1","seller":"dhedge-drips","symbol":"LIST","quantity":"0.60189192","price":"0.00480000","timestamp":1646060850,"volume":"0.00288908","buyTxId":"cf617a3ccabba04872417d38ef8643e5e4f0dc01","sellTxId":"216f273c2203fc8af8191bc1ebd9a601cf1c097b"}
{"index": {"_index":"list","_id":"2877537"}}
	{"id":2877537,"type":"buy","buyer":"apoloo1","seller":"brofi-market","symbol":"LIST","quantity":"5.78732500","price":"0.00490000","timestamp":1646060850,"volume":"0.02835789","buyTxId":"cf617a3ccabba04872417d38ef8643e5e4f0dc01","sellTxId":"5b8d1e88023381bf1180bfef4db181283bed77e7"}
{"index": {"_index":"list","_id":"2877538"}}
	{"id":2877538,"type":"buy","buyer":"apoloo1","seller":"saachi.list","symbol":"LIST","quantity":"55.00000000","price":"0.00500000","timestamp":1646060850,"volume":"0.27500000","buyTxId":"cf617a3ccabba04872417d38ef8643e5e4f0dc01","sellTxId":"c585ccb02bb46eee23f1913c20224e146fb03fad"}
{"index": {"_index":"list","_id":"2877539"}}
	{"id":2877539,"type":"buy","buyer":"apoloo1","seller":"saachi.list","symbol":"LIST","quantity":"26.00000000","price":"0.00500000","timestamp":1646060850,"volume":"0.13000000","buyTxId":"cf617a3ccabba04872417d38ef8643e5e4f0dc01","sellTxId":"09596551c3c07e04b9b6e00978be6cda38619b65"}
{"index": {"_index":"list","_id":"2877540"}}
	{"id":2877540,"type":"buy","buyer":"apoloo1","seller":"sbi-tokens","symbol":"LIST","quantity":"2.33578516","price":"0.00520000","timestamp":1646060850,"volume":"0.01214608","buyTxId":"cf617a3ccabba04872417d38ef8643e5e4f0dc01","sellTxId":"6c8997288be638e02a8270e1b963c9bc86a6cc2c"}
{"index": {"_index":"list","_id":"2877541"}}
	{"id":2877541,"type":"buy","buyer":"apoloo1","seller":"recording-box","symbol":"LIST","quantity":"90.58248737","price":"0.00529947","timestamp":1646060850,"volume":"0.48003917","buyTxId":"cf617a3ccabba04872417d38ef8643e5e4f0dc01","sellTxId":"cae463f2986bc2c7176ccc5696fef4201b6a2eda"}
{"index": {"_index":"list","_id":"2877783"}}
	{"id":2877783,"type":"sell","buyer":"pi-trader","seller":"andy-plays","symbol":"LIST","quantity":"3.00000000","price":"0.00420001","timestamp":1646063619,"volume":"0.01260003","buyTxId":"17d5d5cdcd78bfd3c1d7777d13d03ce6cb3e3cf5-3","sellTxId":"a9bb3be5cda31e2995e7dc1da6ebd20b4f2359c1"}
{"index": {"_index":"list","_id":"2879594"}}
	{"id":2879594,"type":"buy","buyer":"thranax","seller":"saachi.list","symbol":"LIST","quantity":"98.00000000","price":"0.00520000","timestamp":1646082807,"volume":"0.50960000","buyTxId":"bdd909c7d19987de469089b30fbb96bda5676fee","sellTxId":"59cfd3ed588ab51ced1e34800553742efd2526b0"}
{"index": {"_index":"list","_id":"2880501"}}
	{"id":2880501,"type":"sell","buyer":"pi-trader","seller":"jongolson","symbol":"LIST","quantity":"22.57058384","price":"0.00421001","timestamp":1646090862,"volume":"0.09502238","buyTxId":"5cb62a091fed664d76abcb3677902a5a0e9cfd57-6","sellTxId":"59498c772205e76ee239c89d04414318bc3208a7"}
{"index": {"_index":"list","_id":"2880524"}}
	{"id":2880524,"type":"sell","buyer":"pi-trader","seller":"thisisawesome","symbol":"LIST","quantity":"0.00471514","price":"0.00421001","timestamp":1646091102,"volume":"0.00001985","buyTxId":"a6d6f7621d3c77d8db246f09e6ce742654079fff-2","sellTxId":"82eca7848c07580866bbe09a59949454901edb5f"}
