{"index": {"_index":"list","_id":"2670254"}}
	{"id":2670254,"type":"sell","buyer":"pi-trader","seller":"tonytrillions","symbol":"LIST","quantity":"93.99380421","price":"0.00371001","timestamp":1643525787,"volume":"0.34871795","buyTxId":"7c42f9fdbf4dff4e9563b789ae847afbc2c145bd-6","sellTxId":"36b71044d04e3c323e7d147ee9fcf8e1718dab46"}
{"index": {"_index":"list","_id":"2670727"}}
	{"id":2670727,"type":"sell","buyer":"pi-trader","seller":"devpress","symbol":"LIST","quantity":"1.61845777","price":"0.00371003","timestamp":1643531907,"volume":"0.00600453","buyTxId":"e30602ac967393a541352af028729f3431d1a35d-1","sellTxId":"9e4f908cdb0f3804067be5c73ddd6e813d952dbf"}
{"index": {"_index":"list","_id":"2671388"}}
	{"id":2671388,"type":"sell","buyer":"pi-trader","seller":"tonytrillions","symbol":"LIST","quantity":"0.00077466","price":"0.00371003","timestamp":1643542338,"volume":"0.00000287","buyTxId":"7ce3772872b9eb2d84686d43342115179aa95540-2","sellTxId":"d5ca4d19c3807d258e8868a034dd6fe990de257d"}
{"index": {"_index":"list","_id":"2671395"}}
	{"id":2671395,"type":"sell","buyer":"pi-trader","seller":"esmeesmith","symbol":"LIST","quantity":"1.89747323","price":"0.00371003","timestamp":1643542428,"volume":"0.00703968","buyTxId":"a1c7e7744929acb47a3e7beb1f68b8dfc517bbd2-5","sellTxId":"ceb0287441f9ba3fe41cd9269f332ed1bc8e7d77"}
{"index": {"_index":"list","_id":"2671553"}}
	{"id":2671553,"type":"sell","buyer":"pi-trader","seller":"brofi-market","symbol":"LIST","quantity":"5.28392501","price":"0.00371003","timestamp":1643544921,"volume":"0.01960352","buyTxId":"38d6443dce8eee7ab3d5e9ea02620f09784bf495-4","sellTxId":"d8d852fbf73cf1e20ebbbbff6e3447d78aec882c"}
{"index": {"_index":"list","_id":"2671610"}}
	{"id":2671610,"type":"buy","buyer":"racemlaadhar","seller":"master-lamps","symbol":"LIST","quantity":"137.90140732","price":"0.00719990","timestamp":1643546004,"volume":"0.99287634","buyTxId":"afb083e136090362a4eebf06b609be94de59213a","sellTxId":"7e115720b5f837b4ba89a99260c0bded449d2d55"}
{"index": {"_index":"list","_id":"2671611"}}
	{"id":2671611,"type":"buy","buyer":"racemlaadhar","seller":"brofi-market","symbol":"LIST","quantity":"5.28392501","price":"0.00719990","timestamp":1643546004,"volume":"0.03804373","buyTxId":"afb083e136090362a4eebf06b609be94de59213a","sellTxId":"55791941b91f65bb6237c19e2d8765dc6a7e664a"}
{"index": {"_index":"list","_id":"2671612"}}
	{"id":2671612,"type":"buy","buyer":"racemlaadhar","seller":"photosnap","symbol":"LIST","quantity":"72.43097886","price":"0.00720000","timestamp":1643546004,"volume":"0.52150305","buyTxId":"afb083e136090362a4eebf06b609be94de59213a","sellTxId":"dff84b0eda8d7099ca4d1023f63bef442a75b90b"}
{"index": {"_index":"list","_id":"2671613"}}
	{"id":2671613,"type":"buy","buyer":"racemlaadhar","seller":"peerfinance","symbol":"LIST","quantity":"1.56011057","price":"0.00720000","timestamp":1643546004,"volume":"0.01123280","buyTxId":"afb083e136090362a4eebf06b609be94de59213a","sellTxId":"e5f2ca527004682397d4f04ef8391d2b4c3d8e6f"}
{"index": {"_index":"list","_id":"2671614"}}
	{"id":2671614,"type":"buy","buyer":"racemlaadhar","seller":"brofi-market","symbol":"LIST","quantity":"4.81983068","price":"0.00720000","timestamp":1643546004,"volume":"0.03470278","buyTxId":"afb083e136090362a4eebf06b609be94de59213a","sellTxId":"43e4e7405430ffbfc90e4fa2d3a8cdae871b6137"}
{"index": {"_index":"list","_id":"2671615"}}
	{"id":2671615,"type":"buy","buyer":"racemlaadhar","seller":"dhedge-drips","symbol":"LIST","quantity":"0.45185912","price":"0.00720000","timestamp":1643546004,"volume":"0.00325339","buyTxId":"afb083e136090362a4eebf06b609be94de59213a","sellTxId":"6af65b588bbf3c734111cff6a484df6514e1f06c"}
{"index": {"_index":"list","_id":"2671616"}}
	{"id":2671616,"type":"buy","buyer":"racemlaadhar","seller":"richardcrill","symbol":"LIST","quantity":"55.33165416","price":"0.00720000","timestamp":1643546004,"volume":"0.39838791","buyTxId":"afb083e136090362a4eebf06b609be94de59213a","sellTxId":"MM-P-14387842-61375096-3-8-0"}
{"index": {"_index":"list","_id":"2671665"}}
	{"id":2671665,"type":"sell","buyer":"pi-trader","seller":"dhedge-drips","symbol":"LIST","quantity":"0.49536796","price":"0.00371003","timestamp":1643546835,"volume":"0.00183783","buyTxId":"2dd1e83bc8bd78832f1edaef0e2bd3c6682efa72-2","sellTxId":"4758da132007b26e609758ddb0e876b503c99477"}
{"index": {"_index":"list","_id":"2671838"}}
	{"id":2671838,"type":"sell","buyer":"pi-trader","seller":"pablodare3","symbol":"LIST","quantity":"4.95398050","price":"0.00371003","timestamp":1643549589,"volume":"0.01837942","buyTxId":"75f1dbb008b7a3fbe59dfbe8fa8baad8f27b0924-2","sellTxId":"52dfdcc539013efd9e5e5430b6295574e284b810"}
{"index": {"_index":"list","_id":"2671847"}}
	{"id":2671847,"type":"sell","buyer":"pi-trader","seller":"hilbyguy","symbol":"LIST","quantity":"3.48632892","price":"0.00371003","timestamp":1643549712,"volume":"0.01293438","buyTxId":"daec37bc0580c8c37711c8c3b1586d29cb461950-5","sellTxId":"048370ee5cf2f2ecf4b240a94b81f175f044fe4e"}
{"index": {"_index":"list","_id":"2672069"}}
	{"id":2672069,"type":"sell","buyer":"pi-trader","seller":"invest-time","symbol":"LIST","quantity":"23.96477449","price":"0.00371003","timestamp":1643552115,"volume":"0.08891003","buyTxId":"d4653e95a59b6e53b464e7ea54e7150ce2cd2110-3","sellTxId":"e82ef32787265cc90546ba65abc9ad6a20cb61cc"}
{"index": {"_index":"list","_id":"2672758"}}
	{"id":2672758,"type":"sell","buyer":"pi-trader","seller":"proton80","symbol":"LIST","quantity":"0.08550070","price":"0.00371005","timestamp":1643560191,"volume":"0.00031721","buyTxId":"cf41d9fda7b133906c96a326ede25e1c45278468-1","sellTxId":"525d91af42cf98e56798b542f4b82ab525130e89"}
{"index": {"_index":"list","_id":"2673723"}}
	{"id":2673723,"type":"sell","buyer":"pi-trader","seller":"olf-summoner","symbol":"LIST","quantity":"3.25709833","price":"0.00371006","timestamp":1643569089,"volume":"0.01208403","buyTxId":"3534ed031f48a56ce00ee489b95b758841de067e-1","sellTxId":"a95fcd050154f30bc481e49c9b7d9890375e3096"}
{"index": {"_index":"list","_id":"2674653"}}
	{"id":2674653,"type":"sell","buyer":"pi-trader","seller":"charityball","symbol":"LIST","quantity":"84.64537869","price":"0.00371006","timestamp":1643579529,"volume":"0.31403943","buyTxId":"698918f31d5b77ba488e82dd97243c08c26e8803-2","sellTxId":"657ef4d104bd4845a2ae0a66ff0324fb260511c8"}
{"index": {"_index":"list","_id":"2675123"}}
	{"id":2675123,"type":"sell","buyer":"pi-trader","seller":"thatcryptodave","symbol":"LIST","quantity":"5.50959087","price":"0.00371006","timestamp":1643585691,"volume":"0.02044091","buyTxId":"4399250b53865f36da990aa6685bc42c57939f01-4","sellTxId":"936e4621d866c349bfa6aadb43c4013ac3695b95"}
