{"index": {"_index":"list","_id":"3609612"}}
	{"id":3609612,"type":"sell","buyer":"h3m4n7","seller":"yayogerardo","symbol":"LIST","quantity":"5.67232856","price":"0.00600100","timestamp":1654393884,"volume":"0.03403964","buyTxId":"bebd763cbb9319facd89e8b8e148f1aa090b6e8c","sellTxId":"eaf4cdb01df484e69cd89b1a8277079cb7caf2ce"}
{"index": {"_index":"list","_id":"3609634"}}
	{"id":3609634,"type":"buy","buyer":"hivediver","seller":"saachi.list","symbol":"LIST","quantity":"6.00000000","price":"0.01000000","timestamp":1654394145,"volume":"0.06000000","buyTxId":"828be68530f931d50aab39e4444fc90264fade16","sellTxId":"25cb431847d5da135cd535b2b37c1b41eff27aff"}
{"index": {"_index":"list","_id":"3609832"}}
	{"id":3609832,"type":"sell","buyer":"h3m4n7","seller":"asean.hive","symbol":"LIST","quantity":"17.08852859","price":"0.00600100","timestamp":1654397016,"volume":"0.10254826","buyTxId":"bebd763cbb9319facd89e8b8e148f1aa090b6e8c","sellTxId":"fa09dd94a0f43e594f8ee07b2d7bee31393417eb"}
{"index": {"_index":"list","_id":"3610760"}}
	{"id":3610760,"type":"sell","buyer":"h3m4n7","seller":"itharagaian","symbol":"LIST","quantity":"7.61469221","price":"0.00600100","timestamp":1654410342,"volume":"0.04569577","buyTxId":"bebd763cbb9319facd89e8b8e148f1aa090b6e8c","sellTxId":"bdd6d030df5d7dfe6e165329a3218869e152292c"}
{"index": {"_index":"list","_id":"3611214"}}
	{"id":3611214,"type":"sell","buyer":"h3m4n7","seller":"hive-143869","symbol":"LIST","quantity":"0.13448913","price":"0.00600100","timestamp":1654415961,"volume":"0.00080707","buyTxId":"bebd763cbb9319facd89e8b8e148f1aa090b6e8c","sellTxId":"5fb23c560bd9232af7aac240402311d679710974"}
{"index": {"_index":"list","_id":"3611278"}}
	{"id":3611278,"type":"sell","buyer":"h3m4n7","seller":"entraide.rewards","symbol":"LIST","quantity":"0.00011787","price":"0.00600100","timestamp":1654416666,"volume":"0.00000071","buyTxId":"bebd763cbb9319facd89e8b8e148f1aa090b6e8c","sellTxId":"4055c27a0391aa55d628e045508521154a4591a8"}
{"index": {"_index":"list","_id":"3611289"}}
	{"id":3611289,"type":"sell","buyer":"h3m4n7","seller":"buildahouse","symbol":"LIST","quantity":"0.03844814","price":"0.00600100","timestamp":1654416858,"volume":"0.00023073","buyTxId":"bebd763cbb9319facd89e8b8e148f1aa090b6e8c","sellTxId":"750cc8dba8d98c3af73b1c5129c2a9d7818e80bf"}
{"index": {"_index":"list","_id":"3611394"}}
	{"id":3611394,"type":"buy","buyer":"hivediver","seller":"saachi.list","symbol":"LIST","quantity":"15.00000000","price":"0.01000000","timestamp":1654418532,"volume":"0.15000000","buyTxId":"c0eb60a481a6b34b7421dc9232c61ebb24abe27b","sellTxId":"25cb431847d5da135cd535b2b37c1b41eff27aff"}
{"index": {"_index":"list","_id":"3612230"}}
	{"id":3612230,"type":"sell","buyer":"h3m4n7","seller":"florenceboens","symbol":"LIST","quantity":"0.37007500","price":"0.00600100","timestamp":1654429767,"volume":"0.00222082","buyTxId":"bebd763cbb9319facd89e8b8e148f1aa090b6e8c","sellTxId":"c38f1d688f19516361fbda62e7764527e1da0207"}
{"index": {"_index":"list","_id":"3613514"}}
	{"id":3613514,"type":"sell","buyer":"h3m4n7","seller":"wdougwatson","symbol":"LIST","quantity":"276.24064246","price":"0.00600100","timestamp":1654445577,"volume":"1.65772010","buyTxId":"bebd763cbb9319facd89e8b8e148f1aa090b6e8c","sellTxId":"87759928491829304f727b7a92203f4325d905fb"}
{"index": {"_index":"list","_id":"3613890"}}
	{"id":3613890,"type":"sell","buyer":"h3m4n7","seller":"nahueldare3627","symbol":"LIST","quantity":"1.41511766","price":"0.00600100","timestamp":1654449396,"volume":"0.00849212","buyTxId":"bebd763cbb9319facd89e8b8e148f1aa090b6e8c","sellTxId":"26e3bbb7203260e664da44a3efea5d26bd98db5e"}
{"index": {"_index":"list","_id":"3615448"}}
	{"id":3615448,"type":"sell","buyer":"h3m4n7","seller":"nrg","symbol":"LIST","quantity":"191.17481645","price":"0.00600100","timestamp":1654465797,"volume":"1.14724007","buyTxId":"bebd763cbb9319facd89e8b8e148f1aa090b6e8c","sellTxId":"d6778c92471cfdb6eb9da039af5e15ab1ff65a11-31"}
{"index": {"_index":"list","_id":"3615449"}}
	{"id":3615449,"type":"sell","buyer":"shmoogleosukami","seller":"nrg","symbol":"LIST","quantity":"24.98121040","price":"0.00500000","timestamp":1654465797,"volume":"0.12490605","buyTxId":"194c38c7ff6af6c68d77e78ad03271c96dbadfd0","sellTxId":"d6778c92471cfdb6eb9da039af5e15ab1ff65a11-31"}
