{"index": {"_index":"list","_id":"2765744"}}
	{"id":2765744,"type":"sell","buyer":"pi-trader","seller":"dhedge-drips","symbol":"LIST","quantity":"0.55321295","price":"0.00400001","timestamp":1644713280,"volume":"0.00221286","buyTxId":"32ccd998224e5ada1fdbfb83dbe4e9624e6d5789-2","sellTxId":"ef88d9f92738aaa129f55d44f008b9bad96f5319"}
{"index": {"_index":"list","_id":"2767022"}}
	{"id":2767022,"type":"sell","buyer":"pi-trader","seller":"tonytrillions","symbol":"LIST","quantity":"104.11001565","price":"0.00400001","timestamp":1644736842,"volume":"0.41644110","buyTxId":"7bb50ffeef5ba524b45d38f71c5e7f828127336e-7","sellTxId":"3dd81bd5ec8a5e16b5dbb710b3e346e3c9e30f48"}
{"index": {"_index":"list","_id":"2767047"}}
	{"id":2767047,"type":"sell","buyer":"pi-trader","seller":"adhammer","symbol":"LIST","quantity":"66.69405908","price":"0.00400001","timestamp":1644737139,"volume":"0.26677690","buyTxId":"5b35615daa04b47907eed4fed16048833ff31f5a-2","sellTxId":"fe13a8e932b593dac358a227088f7f9f7b332ae5"}
{"index": {"_index":"list","_id":"2768511"}}
	{"id":2768511,"type":"sell","buyer":"pi-trader","seller":"alfarero","symbol":"LIST","quantity":"0.00027884","price":"0.00400001","timestamp":1644759186,"volume":"0.00000112","buyTxId":"6dc609dc3cdb45d39817589b793f6640bfdda9e6-2","sellTxId":"7131f735bad80841a66de137cba77a46cbdf2915"}
{"index": {"_index":"list","_id":"2768781"}}
	{"id":2768781,"type":"sell","buyer":"pi-trader","seller":"brofi-market","symbol":"LIST","quantity":"4.81083266","price":"0.00400001","timestamp":1644763524,"volume":"0.01924338","buyTxId":"4c5086dbcddffe3a365b2ae5039e8d0bfcba1f16-1","sellTxId":"12a592d1954cfcb7a654ca41ec8d6557962d03f6"}
{"index": {"_index":"list","_id":"2769353"}}
	{"id":2769353,"type":"sell","buyer":"pi-trader","seller":"token-thx","symbol":"LIST","quantity":"45.13056583","price":"0.00400001","timestamp":1644770994,"volume":"0.18052271","buyTxId":"c8c6b32e50f0125153e04c011707573806a45e5c-5","sellTxId":"20ac3db4e676660212854e118420c5cb82f9994d"}
{"index": {"_index":"list","_id":"2770035"}}
	{"id":2770035,"type":"sell","buyer":"pi-trader","seller":"dhedge-drips","symbol":"LIST","quantity":"0.45101556","price":"0.00400001","timestamp":1644778038,"volume":"0.00180407","buyTxId":"02e77aabf5ec9078d1a2efb9f97313e68b2d401f-6","sellTxId":"0b606a7b421266be4496ed4458da376355b6bdf7"}
{"index": {"_index":"list","_id":"2770416"}}
	{"id":2770416,"type":"sell","buyer":"pi-trader","seller":"criptosectadepit","symbol":"LIST","quantity":"9.95351808","price":"0.00400001","timestamp":1644782850,"volume":"0.03981417","buyTxId":"7c3ff73458f04e720f564f5f19f77f6ab3a1953d-6","sellTxId":"c96fe4d18383656063eca28c7f809f8a5df392c8"}
{"index": {"_index":"list","_id":"2770604"}}
	{"id":2770604,"type":"sell","buyer":"pi-trader","seller":"pablodare","symbol":"LIST","quantity":"13.32331612","price":"0.00400001","timestamp":1644784746,"volume":"0.05329340","buyTxId":"ba939cb4d1ef448da57379328b90e7fc6a9b5fbb-2","sellTxId":"0ae4b871af55dbe73c72dcc41e6a7378e916a114"}
{"index": {"_index":"list","_id":"2770636"}}
	{"id":2770636,"type":"sell","buyer":"pi-trader","seller":"pablodare3","symbol":"LIST","quantity":"4.82715428","price":"0.00400001","timestamp":1644785079,"volume":"0.01930867","buyTxId":"bb1a734587bf86cbc5f014e77da8c29d1f469390-2","sellTxId":"a5a6825d8c0f32a428bc62ab1d628f0d6df37aaf"}
