{"index": {"_index":"list","_id":"3142343"}}
	{"id":3142343,"type":"sell","buyer":"pi-trader","seller":"brofi-market","symbol":"LIST","quantity":"9.41619030","price":"0.00240001","timestamp":1649275944,"volume":"0.02259895","buyTxId":"0387bf31031c22ff0efea9a5a944f52d1ee68083-1","sellTxId":"fb736d347c7b68280a09eb809b088f0b8de72ece"}
{"index": {"_index":"list","_id":"3142344"}}
	{"id":3142344,"type":"buy","buyer":"hoosie","seller":"alfarero","symbol":"LIST","quantity":"5.46979200","price":"0.00419000","timestamp":1649275947,"volume":"0.02291843","buyTxId":"26fc77962d2592fe29e01cc5dbb4fe7f7d758e79","sellTxId":"b6130e4543a69c04f8503ea09c89305d83c37e30"}
{"index": {"_index":"list","_id":"3142353"}}
	{"id":3142353,"type":"buy","buyer":"hoosie","seller":"brofi-market","symbol":"LIST","quantity":"9.41619000","price":"0.00419000","timestamp":1649276001,"volume":"0.03945384","buyTxId":"473f0c56abb117aef29068a7f60f127e16dc7494","sellTxId":"d77665b382ea5a509988880a0044cb7f5d7318c6"}
{"index": {"_index":"list","_id":"3142357"}}
	{"id":3142357,"type":"buy","buyer":"hoosie","seller":"dhedge-drips","symbol":"LIST","quantity":"0.18567791","price":"0.00420000","timestamp":1649276040,"volume":"0.00077985","buyTxId":"79943e48897987fb3f60a70e14635248418fe860","sellTxId":"fc43381833f5a740c4d99cb2a9991691c1e9bf77"}
{"index": {"_index":"list","_id":"3142358"}}
	{"id":3142358,"type":"buy","buyer":"hoosie","seller":"richardcrill","symbol":"LIST","quantity":"104.81432209","price":"0.00420000","timestamp":1649276040,"volume":"0.44022015","buyTxId":"79943e48897987fb3f60a70e14635248418fe860","sellTxId":"MM-P-16290914-63279904-3-6-0"}
{"index": {"_index":"list","_id":"3142494"}}
	{"id":3142494,"type":"sell","buyer":"pi-trader","seller":"assassyn","symbol":"LIST","quantity":"0.42816543","price":"0.00240001","timestamp":1649277282,"volume":"0.00102760","buyTxId":"a8120026dac425d742349caeb2e49dc1a718ff19-2","sellTxId":"2f4a0142eee5eead43b67553b092a97e109e7901"}
{"index": {"_index":"list","_id":"3142589"}}
	{"id":3142589,"type":"buy","buyer":"psychopumpkin","seller":"richardcrill","symbol":"LIST","quantity":"23.00000000","price":"0.00420000","timestamp":1649278707,"volume":"0.09660000","buyTxId":"c67997ea2ae3e97af81998d5b1bf82c45d913707","sellTxId":"MM-P-16290914-63279904-3-6-0"}
{"index": {"_index":"list","_id":"3143062"}}
	{"id":3143062,"type":"sell","buyer":"pi-trader","seller":"finris","symbol":"LIST","quantity":"103.30104082","price":"0.00240001","timestamp":1649284545,"volume":"0.24792353","buyTxId":"29c276d8cff5510c07dc64b0de6278ff23f1acbc-1","sellTxId":"e0617e20a289711a63630764bd5a96d457ad0634"}
{"index": {"_index":"list","_id":"3143687"}}
	{"id":3143687,"type":"sell","buyer":"pi-trader","seller":"dhedge-drips","symbol":"LIST","quantity":"0.88276184","price":"0.00240001","timestamp":1649292429,"volume":"0.00211864","buyTxId":"4e5d0cfd17ebf12dbb651402fb09bc04f95b8328-2","sellTxId":"9da65a53376b43a706acf435145c2c2cfe795cf0"}
{"index": {"_index":"list","_id":"3144256"}}
	{"id":3144256,"type":"sell","buyer":"pi-trader","seller":"nrg","symbol":"LIST","quantity":"55.81920257","price":"0.00240001","timestamp":1649298240,"volume":"0.13396664","buyTxId":"b3aa09b7e1b23d595a1df11b9806001a086309f8-1","sellTxId":"7f970d1c5a026519b30791680d8eaace4852d360-29"}
