{"index": {"_index":"list","_id":"1006263"}}
	{"id":1006263,"type":"sell","buyer":"thelogicaldude","seller":"cwow2","symbol":"LIST","quantity":"0.07441208","price":"0.01300000","timestamp":1619679861,"volume":"0.00096736","buyTxId":"MM-P-6563529-53437679-3-0-0","sellTxId":"f82a222ea3770b307b4e59414da5999a62828459"}
{"index": {"_index":"list","_id":"1006341"}}
	{"id":1006341,"type":"sell","buyer":"thelogicaldude","seller":"brofi-market","symbol":"LIST","quantity":"0.15000078","price":"0.01300000","timestamp":1619683158,"volume":"0.00195001","buyTxId":"MM-P-6563529-53437679-3-0-0","sellTxId":"845feb05935e1cf577b13f5c06c3a89ce9f4e00e"}
{"index": {"_index":"list","_id":"1006385"}}
	{"id":1006385,"type":"sell","buyer":"thelogicaldude","seller":"adikhen","symbol":"LIST","quantity":"295.99789894","price":"0.01300000","timestamp":1619684748,"volume":"3.84797269","buyTxId":"MM-P-6563529-53437679-3-0-0","sellTxId":"635ed90e27ae6823f8b33a46aa947661ab75528e"}
{"index": {"_index":"list","_id":"1006507"}}
	{"id":1006507,"type":"sell","buyer":"thelogicaldude","seller":"writeandearn","symbol":"LIST","quantity":"308.00000000","price":"0.01300000","timestamp":1619687433,"volume":"4.00400000","buyTxId":"MM-P-6563529-53437679-3-0-0","sellTxId":"0393c2447b4b1c147edbf7245ac6d4304f92681b"}
{"index": {"_index":"list","_id":"1006693"}}
	{"id":1006693,"type":"sell","buyer":"thelogicaldude","seller":"tlundy47","symbol":"LIST","quantity":"0.00043681","price":"0.01300000","timestamp":1619695875,"volume":"0.00000568","buyTxId":"MM-P-6563529-53437679-3-0-0","sellTxId":"a3b165c8fc2efab17a7223bc112c9fd8e82e29ed"}
{"index": {"_index":"list","_id":"1006968"}}
	{"id":1006968,"type":"sell","buyer":"thelogicaldude","seller":"tonytrillions","symbol":"LIST","quantity":"0.05592405","price":"0.01360000","timestamp":1619704017,"volume":"0.00076057","buyTxId":"MM-P-6576252-53451459-3-0-0","sellTxId":"fe9fad4104bff49abbf559963a5eb625b7e51460"}
{"index": {"_index":"list","_id":"1007172"}}
	{"id":1007172,"type":"sell","buyer":"thelogicaldude","seller":"nulledgh0st","symbol":"LIST","quantity":"6.20100696","price":"0.01360000","timestamp":1619708478,"volume":"0.08433369","buyTxId":"MM-P-6576252-53451459-3-0-0","sellTxId":"0763544476ef696fc62cc469af2c45cf30968997"}
{"index": {"_index":"list","_id":"1007184"}}
	{"id":1007184,"type":"sell","buyer":"thelogicaldude","seller":"charityball","symbol":"LIST","quantity":"124.33519830","price":"0.01360000","timestamp":1619708913,"volume":"1.69095870","buyTxId":"MM-P-6576252-53451459-3-0-0","sellTxId":"c782cf32f3d5d94a085b8920bbfb716662a46dd3"}
{"index": {"_index":"list","_id":"1007307"}}
	{"id":1007307,"type":"sell","buyer":"thelogicaldude","seller":"onealfa.leo","symbol":"LIST","quantity":"5.72437566","price":"0.01360000","timestamp":1619712891,"volume":"0.07785151","buyTxId":"MM-P-6576252-53451459-3-0-0","sellTxId":"f6e5f65afc35931455297fbad3c046a5cb0bcbea"}
{"index": {"_index":"list","_id":"1007397"}}
	{"id":1007397,"type":"sell","buyer":"thelogicaldude","seller":"crypto133","symbol":"LIST","quantity":"169.34979604","price":"0.01360000","timestamp":1619715948,"volume":"2.30315723","buyTxId":"MM-P-6576252-53451459-3-0-0","sellTxId":"d21c0d9bac1521c2b6d9a4836b36f73f3ee32192"}
{"index": {"_index":"list","_id":"1008149"}}
	{"id":1008149,"type":"sell","buyer":"thelogicaldude","seller":"tonytrillions","symbol":"LIST","quantity":"0.00006606","price":"0.01397000","timestamp":1619725512,"volume":"0.00000092","buyTxId":"MM-P-6580881-53456649-3-0-0","sellTxId":"7c90c1c44479cc349dbc3ee082e20c24be217089"}
{"index": {"_index":"list","_id":"1008165"}}
	{"id":1008165,"type":"sell","buyer":"thelogicaldude","seller":"ganjafarmer","symbol":"LIST","quantity":"2.14214337","price":"0.01397000","timestamp":1619725797,"volume":"0.02992574","buyTxId":"MM-P-6580881-53456649-3-0-0","sellTxId":"6a0ebc6bb14a95dbabbe4eb80747364aa123f139"}
{"index": {"_index":"list","_id":"1008311"}}
	{"id":1008311,"type":"sell","buyer":"thelogicaldude","seller":"ahmetay","symbol":"LIST","quantity":"0.05123401","price":"0.01397000","timestamp":1619728557,"volume":"0.00071574","buyTxId":"MM-P-6580881-53456649-3-0-0","sellTxId":"418de970017df7c0420f7d86a0d1a28a35b91d41"}
{"index": {"_index":"list","_id":"1008494"}}
	{"id":1008494,"type":"sell","buyer":"thelogicaldude","seller":"rishi556","symbol":"LIST","quantity":"0.00028512","price":"0.01397000","timestamp":1619731701,"volume":"0.00000398","buyTxId":"MM-P-6580881-53456649-3-0-0","sellTxId":"ee818fb138e177e8626176a3cc8e3f7642d6fde7-9"}
{"index": {"_index":"list","_id":"1008653"}}
	{"id":1008653,"type":"buy","buyer":"juanmiguelsalas","seller":"brofi-market","symbol":"LIST","quantity":"0.15000078","price":"0.01640000","timestamp":1619735334,"volume":"0.00246001","buyTxId":"e59a32c09c7759741b8191de1bad18d6ec20f1c9","sellTxId":"973923dcd1baae550411f9852c22c280ae5c1284"}
{"index": {"_index":"list","_id":"1008654"}}
	{"id":1008654,"type":"buy","buyer":"juanmiguelsalas","seller":"nycer","symbol":"LIST","quantity":"50.72727957","price":"0.01650000","timestamp":1619735334,"volume":"0.83700011","buyTxId":"e59a32c09c7759741b8191de1bad18d6ec20f1c9","sellTxId":"33d16834703abc5684e07ea79dd203a5cac94426"}
{"index": {"_index":"list","_id":"1008655"}}
	{"id":1008655,"type":"buy","buyer":"juanmiguelsalas","seller":"nycer","symbol":"LIST","quantity":"0.15000078","price":"0.01650000","timestamp":1619735358,"volume":"0.00247501","buyTxId":"6ec0694ab3f60dfc4d7f3c698d56604157a4f466","sellTxId":"33d16834703abc5684e07ea79dd203a5cac94426"}
{"index": {"_index":"list","_id":"1008656"}}
	{"id":1008656,"type":"buy","buyer":"juanmiguelsalas","seller":"ganjafarmer","symbol":"LIST","quantity":"0.38601548","price":"0.01650000","timestamp":1619735358,"volume":"0.00636926","buyTxId":"6ec0694ab3f60dfc4d7f3c698d56604157a4f466","sellTxId":"57c937480bf4c8968bd2edfedb268d2fa74c5859"}
{"index": {"_index":"list","_id":"1008657"}}
	{"id":1008657,"type":"buy","buyer":"juanmiguelsalas","seller":"ganjafarmer","symbol":"LIST","quantity":"0.37500000","price":"0.01650000","timestamp":1619735358,"volume":"0.00618750","buyTxId":"6ec0694ab3f60dfc4d7f3c698d56604157a4f466","sellTxId":"7f0e1508097c1a7ebf2cf5752ba3821c9f14e869"}
{"index": {"_index":"list","_id":"1008658"}}
	{"id":1008658,"type":"buy","buyer":"juanmiguelsalas","seller":"thelogicaldude","symbol":"LIST","quantity":"999.08898374","price":"0.01679000","timestamp":1619735358,"volume":"16.77470404","buyTxId":"6ec0694ab3f60dfc4d7f3c698d56604157a4f466","sellTxId":"MM-P-6586639-53462740-3-0-0"}
{"index": {"_index":"list","_id":"1008687"}}
	{"id":1008687,"type":"sell","buyer":"thelogicaldude","seller":"sipahikara","symbol":"LIST","quantity":"30.28000000","price":"0.01397000","timestamp":1619736897,"volume":"0.42301160","buyTxId":"MM-P-6580881-53456649-3-0-0","sellTxId":"ce446aa88fe88880059a7bacfa77fab40c2442ff"}
{"index": {"_index":"list","_id":"1008741"}}
	{"id":1008741,"type":"sell","buyer":"thelogicaldude","seller":"doitvoluntarily","symbol":"LIST","quantity":"59.11000000","price":"0.01397000","timestamp":1619739261,"volume":"0.82576670","buyTxId":"MM-P-6580881-53456649-3-0-0","sellTxId":"4d6baf84aa9b47ccf66d3d8e8484999cb2f98ab3"}
{"index": {"_index":"list","_id":"1009188"}}
	{"id":1009188,"type":"buy","buyer":"allcapsonezero","seller":"thelogicaldude","symbol":"LIST","quantity":"0.91101626","price":"0.01679000","timestamp":1619748978,"volume":"0.01529596","buyTxId":"ae62fe9e9c042cb64cdc3f57515707f3e8b12406","sellTxId":"MM-P-6586639-53462740-3-0-0"}
{"index": {"_index":"list","_id":"1009189"}}
	{"id":1009189,"type":"buy","buyer":"allcapsonezero","seller":"brofi-market","symbol":"LIST","quantity":"2.59011065","price":"0.02075000","timestamp":1619748978,"volume":"0.05374480","buyTxId":"ae62fe9e9c042cb64cdc3f57515707f3e8b12406","sellTxId":"37279abc1e93fb3622ecb2b79cc81f4e8d1cad4c"}
{"index": {"_index":"list","_id":"1009190"}}
	{"id":1009190,"type":"buy","buyer":"allcapsonezero","seller":"brofi-market","symbol":"LIST","quantity":"0.15000037","price":"0.02209000","timestamp":1619748978,"volume":"0.00331351","buyTxId":"ae62fe9e9c042cb64cdc3f57515707f3e8b12406","sellTxId":"c384f30ae5b7b38cafd0e733e4f6ce7a6a5c22cb"}
{"index": {"_index":"list","_id":"1009191"}}
	{"id":1009191,"type":"buy","buyer":"allcapsonezero","seller":"monsterbuster","symbol":"LIST","quantity":"44.46741494","price":"0.02219000","timestamp":1619748978,"volume":"0.98673194","buyTxId":"ae62fe9e9c042cb64cdc3f57515707f3e8b12406","sellTxId":"dd2c18f90b9d82fa560bd2318bb13b101488b10e"}
{"index": {"_index":"list","_id":"1009192"}}
	{"id":1009192,"type":"buy","buyer":"allcapsonezero","seller":"eirik","symbol":"LIST","quantity":"40.00000000","price":"0.02250000","timestamp":1619748978,"volume":"0.90000000","buyTxId":"ae62fe9e9c042cb64cdc3f57515707f3e8b12406","sellTxId":"876f6f03324321dca2e41eb8ae9e77d7360ea4a4"}
{"index": {"_index":"list","_id":"1009193"}}
	{"id":1009193,"type":"buy","buyer":"allcapsonezero","seller":"bitandi","symbol":"LIST","quantity":"85.78299074","price":"0.02389000","timestamp":1619748978,"volume":"2.04935565","buyTxId":"ae62fe9e9c042cb64cdc3f57515707f3e8b12406","sellTxId":"94c245c7427c5235794cf4175c9c69f4dd2d2e6c"}
{"index": {"_index":"list","_id":"1009194"}}
	{"id":1009194,"type":"buy","buyer":"allcapsonezero","seller":"brofi-market","symbol":"LIST","quantity":"0.57518866","price":"0.02400000","timestamp":1619748978,"volume":"0.01380453","buyTxId":"ae62fe9e9c042cb64cdc3f57515707f3e8b12406","sellTxId":"5ed6fd2d431f15d236b3ea7197b7da49b86d805b"}
{"index": {"_index":"list","_id":"1009195"}}
	{"id":1009195,"type":"buy","buyer":"allcapsonezero","seller":"brofi-market","symbol":"LIST","quantity":"0.00000115","price":"0.02400000","timestamp":1619748978,"volume":"0.00000003","buyTxId":"ae62fe9e9c042cb64cdc3f57515707f3e8b12406","sellTxId":"8dfd66d9cf9e0a3df3f9f961fc99b288dbda3175"}
{"index": {"_index":"list","_id":"1009196"}}
	{"id":1009196,"type":"buy","buyer":"allcapsonezero","seller":"hivelist","symbol":"LIST","quantity":"750.00000000","price":"0.02450000","timestamp":1619748978,"volume":"18.37500000","buyTxId":"ae62fe9e9c042cb64cdc3f57515707f3e8b12406","sellTxId":"39d5bb1544c6db135f0b8d4a98c64424e33c0055"}
{"index": {"_index":"list","_id":"1009197"}}
	{"id":1009197,"type":"buy","buyer":"allcapsonezero","seller":"hivelist","symbol":"LIST","quantity":"350.00000000","price":"0.02490000","timestamp":1619748978,"volume":"8.71500000","buyTxId":"ae62fe9e9c042cb64cdc3f57515707f3e8b12406","sellTxId":"2e29c721a5f5843958bfc298c11bd5c3a51247c8"}
{"index": {"_index":"list","_id":"1009198"}}
	{"id":1009198,"type":"buy","buyer":"allcapsonezero","seller":"hivelist","symbol":"LIST","quantity":"2025.52327723","price":"0.02500000","timestamp":1619748978,"volume":"50.63808193","buyTxId":"ae62fe9e9c042cb64cdc3f57515707f3e8b12406","sellTxId":"448cd2e7e4b636f82e737fb48bcfe1fe9dda456b"}
{"index": {"_index":"list","_id":"1009200"}}
	{"id":1009200,"type":"buy","buyer":"allcapsonezero","seller":"hivelist","symbol":"LIST","quantity":"474.00000000","price":"0.02500000","timestamp":1619749023,"volume":"11.85000000","buyTxId":"a73a166826463dd2228acabb530f99cf3a737a69","sellTxId":"448cd2e7e4b636f82e737fb48bcfe1fe9dda456b"}
{"index": {"_index":"list","_id":"1009207"}}
	{"id":1009207,"type":"buy","buyer":"allcapsonezero","seller":"hivelist","symbol":"LIST","quantity":"0.47672277","price":"0.02500000","timestamp":1619749077,"volume":"0.01191807","buyTxId":"7d7045ec399f6e2e1fb8fb43d2862b57b8918187","sellTxId":"448cd2e7e4b636f82e737fb48bcfe1fe9dda456b"}
{"index": {"_index":"list","_id":"1009211"}}
	{"id":1009211,"type":"buy","buyer":"allcapsonezero","seller":"hivelist","symbol":"LIST","quantity":"750.00000000","price":"0.02550000","timestamp":1619749185,"volume":"19.12500000","buyTxId":"ef5dad5b9a3d33a194775e1649d5fdb9ba8676cc","sellTxId":"198246a1e752e99027f82587ec897d403477943b"}
{"index": {"_index":"list","_id":"1009504"}}
	{"id":1009504,"type":"buy","buyer":"evernoticethat","seller":"billybohner","symbol":"LIST","quantity":"33.50000000","price":"0.02000000","timestamp":1619758854,"volume":"0.67000000","buyTxId":"689304bac69a9bbea20582a2b0116c51282dfa2e","sellTxId":"c38033d48539f9996d65462ead4b7cd9c679c403"}
{"index": {"_index":"list","_id":"1009188"}}
	{"id":1009188,"type":"buy","buyer":"allcapsonezero","seller":"thelogicaldude","symbol":"LIST","quantity":"0.91101626","price":"0.01679000","timestamp":1619748978,"volume":"0.01529596","buyTxId":"ae62fe9e9c042cb64cdc3f57515707f3e8b12406","sellTxId":"MM-P-6586639-53462740-3-0-0"}
{"index": {"_index":"list","_id":"1009189"}}
	{"id":1009189,"type":"buy","buyer":"allcapsonezero","seller":"brofi-market","symbol":"LIST","quantity":"2.59011065","price":"0.02075000","timestamp":1619748978,"volume":"0.05374480","buyTxId":"ae62fe9e9c042cb64cdc3f57515707f3e8b12406","sellTxId":"37279abc1e93fb3622ecb2b79cc81f4e8d1cad4c"}
{"index": {"_index":"list","_id":"1009190"}}
	{"id":1009190,"type":"buy","buyer":"allcapsonezero","seller":"brofi-market","symbol":"LIST","quantity":"0.15000037","price":"0.02209000","timestamp":1619748978,"volume":"0.00331351","buyTxId":"ae62fe9e9c042cb64cdc3f57515707f3e8b12406","sellTxId":"c384f30ae5b7b38cafd0e733e4f6ce7a6a5c22cb"}
{"index": {"_index":"list","_id":"1009191"}}
	{"id":1009191,"type":"buy","buyer":"allcapsonezero","seller":"monsterbuster","symbol":"LIST","quantity":"44.46741494","price":"0.02219000","timestamp":1619748978,"volume":"0.98673194","buyTxId":"ae62fe9e9c042cb64cdc3f57515707f3e8b12406","sellTxId":"dd2c18f90b9d82fa560bd2318bb13b101488b10e"}
{"index": {"_index":"list","_id":"1009192"}}
	{"id":1009192,"type":"buy","buyer":"allcapsonezero","seller":"eirik","symbol":"LIST","quantity":"40.00000000","price":"0.02250000","timestamp":1619748978,"volume":"0.90000000","buyTxId":"ae62fe9e9c042cb64cdc3f57515707f3e8b12406","sellTxId":"876f6f03324321dca2e41eb8ae9e77d7360ea4a4"}
{"index": {"_index":"list","_id":"1009193"}}
	{"id":1009193,"type":"buy","buyer":"allcapsonezero","seller":"bitandi","symbol":"LIST","quantity":"85.78299074","price":"0.02389000","timestamp":1619748978,"volume":"2.04935565","buyTxId":"ae62fe9e9c042cb64cdc3f57515707f3e8b12406","sellTxId":"94c245c7427c5235794cf4175c9c69f4dd2d2e6c"}
{"index": {"_index":"list","_id":"1009194"}}
	{"id":1009194,"type":"buy","buyer":"allcapsonezero","seller":"brofi-market","symbol":"LIST","quantity":"0.57518866","price":"0.02400000","timestamp":1619748978,"volume":"0.01380453","buyTxId":"ae62fe9e9c042cb64cdc3f57515707f3e8b12406","sellTxId":"5ed6fd2d431f15d236b3ea7197b7da49b86d805b"}
{"index": {"_index":"list","_id":"1009195"}}
	{"id":1009195,"type":"buy","buyer":"allcapsonezero","seller":"brofi-market","symbol":"LIST","quantity":"0.00000115","price":"0.02400000","timestamp":1619748978,"volume":"0.00000003","buyTxId":"ae62fe9e9c042cb64cdc3f57515707f3e8b12406","sellTxId":"8dfd66d9cf9e0a3df3f9f961fc99b288dbda3175"}
{"index": {"_index":"list","_id":"1009196"}}
	{"id":1009196,"type":"buy","buyer":"allcapsonezero","seller":"hivelist","symbol":"LIST","quantity":"750.00000000","price":"0.02450000","timestamp":1619748978,"volume":"18.37500000","buyTxId":"ae62fe9e9c042cb64cdc3f57515707f3e8b12406","sellTxId":"39d5bb1544c6db135f0b8d4a98c64424e33c0055"}
{"index": {"_index":"list","_id":"1009197"}}
	{"id":1009197,"type":"buy","buyer":"allcapsonezero","seller":"hivelist","symbol":"LIST","quantity":"350.00000000","price":"0.02490000","timestamp":1619748978,"volume":"8.71500000","buyTxId":"ae62fe9e9c042cb64cdc3f57515707f3e8b12406","sellTxId":"2e29c721a5f5843958bfc298c11bd5c3a51247c8"}
{"index": {"_index":"list","_id":"1009198"}}
	{"id":1009198,"type":"buy","buyer":"allcapsonezero","seller":"hivelist","symbol":"LIST","quantity":"2025.52327723","price":"0.02500000","timestamp":1619748978,"volume":"50.63808193","buyTxId":"ae62fe9e9c042cb64cdc3f57515707f3e8b12406","sellTxId":"448cd2e7e4b636f82e737fb48bcfe1fe9dda456b"}
{"index": {"_index":"list","_id":"1009200"}}
	{"id":1009200,"type":"buy","buyer":"allcapsonezero","seller":"hivelist","symbol":"LIST","quantity":"474.00000000","price":"0.02500000","timestamp":1619749023,"volume":"11.85000000","buyTxId":"a73a166826463dd2228acabb530f99cf3a737a69","sellTxId":"448cd2e7e4b636f82e737fb48bcfe1fe9dda456b"}
{"index": {"_index":"list","_id":"1009207"}}
	{"id":1009207,"type":"buy","buyer":"allcapsonezero","seller":"hivelist","symbol":"LIST","quantity":"0.47672277","price":"0.02500000","timestamp":1619749077,"volume":"0.01191807","buyTxId":"7d7045ec399f6e2e1fb8fb43d2862b57b8918187","sellTxId":"448cd2e7e4b636f82e737fb48bcfe1fe9dda456b"}
{"index": {"_index":"list","_id":"1009211"}}
	{"id":1009211,"type":"buy","buyer":"allcapsonezero","seller":"hivelist","symbol":"LIST","quantity":"750.00000000","price":"0.02550000","timestamp":1619749185,"volume":"19.12500000","buyTxId":"ef5dad5b9a3d33a194775e1649d5fdb9ba8676cc","sellTxId":"198246a1e752e99027f82587ec897d403477943b"}
{"index": {"_index":"list","_id":"1009504"}}
	{"id":1009504,"type":"buy","buyer":"evernoticethat","seller":"billybohner","symbol":"LIST","quantity":"33.50000000","price":"0.02000000","timestamp":1619758854,"volume":"0.67000000","buyTxId":"689304bac69a9bbea20582a2b0116c51282dfa2e","sellTxId":"c38033d48539f9996d65462ead4b7cd9c679c403"}
{"index": {"_index":"list","_id":"1009632"}}
	{"id":1009632,"type":"sell","buyer":"thelogicaldude","seller":"brofi-market","symbol":"LIST","quantity":"0.22599986","price":"0.01397000","timestamp":1619761941,"volume":"0.00315722","buyTxId":"MM-P-6580881-53456649-3-0-0","sellTxId":"59497f1141b1366e258810717e06884fd28386d8"}
{"index": {"_index":"list","_id":"1009889"}}
	{"id":1009889,"type":"sell","buyer":"thelogicaldude","seller":"mawit07","symbol":"LIST","quantity":"57.08214276","price":"0.01397000","timestamp":1619763993,"volume":"0.79743753","buyTxId":"MM-P-6580881-53456649-3-0-0","sellTxId":"262e74f1b79b2010b9c5e900ae6f149473f4a103"}
{"index": {"_index":"list","_id":"1010108"}}
	{"id":1010108,"type":"sell","buyer":"thelogicaldude","seller":"adhammer","symbol":"LIST","quantity":"0.00194795","price":"0.01407100","timestamp":1619768328,"volume":"0.00002741","buyTxId":"MM-P-6595472-53472720-3-0-0","sellTxId":"e88a86876e3034b1ef97c63e06d9a6d3a76a6fff"}
{"index": {"_index":"list","_id":"1010209"}}
	{"id":1010209,"type":"sell","buyer":"thelogicaldude","seller":"joemark","symbol":"LIST","quantity":"103.88286396","price":"0.01407100","timestamp":1619771025,"volume":"1.46173578","buyTxId":"MM-P-6595472-53472720-3-0-0","sellTxId":"5ae332b63605fc102d72c08e98905a0a0e1c3ebb"}
{"index": {"_index":"list","_id":"1010853"}}
	{"id":1010853,"type":"sell","buyer":"thelogicaldude","seller":"rishi556","symbol":"LIST","quantity":"0.00013998","price":"0.01460000","timestamp":1619793198,"volume":"0.00000204","buyTxId":"MM-P-6603457-53481604-3-0-0","sellTxId":"e1e47d333a9f7c0ab5e65085119b5eb082060017-4"}
{"index": {"_index":"list","_id":"1010862"}}
	{"id":1010862,"type":"sell","buyer":"thelogicaldude","seller":"crypto133","symbol":"LIST","quantity":"95.81253751","price":"0.01460000","timestamp":1619793480,"volume":"1.39886305","buyTxId":"MM-P-6603457-53481604-3-0-0","sellTxId":"8ac06bbaf72f8a8ccc4b2742810592832958b1a1"}
{"index": {"_index":"list","_id":"1011144"}}
	{"id":1011144,"type":"sell","buyer":"thelogicaldude","seller":"tonytrillions","symbol":"LIST","quantity":"0.00110690","price":"0.01460000","timestamp":1619800050,"volume":"0.00001616","buyTxId":"MM-P-6603457-53481604-3-0-0","sellTxId":"783669010b71d0992337cda8deb59da225f74fa1"}
{"index": {"_index":"list","_id":"1011149"}}
	{"id":1011149,"type":"sell","buyer":"thelogicaldude","seller":"brutalmonkey","symbol":"LIST","quantity":"20.00000000","price":"0.01460000","timestamp":1619800269,"volume":"0.29200000","buyTxId":"MM-P-6603457-53481604-3-0-0","sellTxId":"495da61a590c5862e8bdad99c822e70ca5d870c5"}
{"index": {"_index":"list","_id":"1011210"}}
	{"id":1011210,"type":"sell","buyer":"thelogicaldude","seller":"ganjafarmer","symbol":"LIST","quantity":"1.51087717","price":"0.01460000","timestamp":1619803398,"volume":"0.02205881","buyTxId":"MM-P-6603457-53481604-3-0-0","sellTxId":"2ab16af27fc779f2b47acfa6b08ce32bcb1da3e1"}
{"index": {"_index":"list","_id":"1011479"}}
	{"id":1011479,"type":"sell","buyer":"thelogicaldude","seller":"hakeemshah96","symbol":"LIST","quantity":"43.11894072","price":"0.01460000","timestamp":1619808471,"volume":"0.62953653","buyTxId":"MM-P-6603457-53481604-3-0-0","sellTxId":"897ce164647f5ca34c31a641ae997c3d23602acb"}
{"index": {"_index":"list","_id":"1011504"}}
	{"id":1011504,"type":"sell","buyer":"thelogicaldude","seller":"justinparke","symbol":"LIST","quantity":"1.75138198","price":"0.01460000","timestamp":1619808780,"volume":"0.02557018","buyTxId":"MM-P-6603457-53481604-3-0-0","sellTxId":"757693b8d332f4bd1f5508d18120ced2b872859e"}
{"index": {"_index":"list","_id":"1011742"}}
	{"id":1011742,"type":"sell","buyer":"thelogicaldude","seller":"chireerocks","symbol":"LIST","quantity":"8.27053399","price":"0.01460000","timestamp":1619813487,"volume":"0.12074980","buyTxId":"MM-P-6603457-53481604-3-0-0","sellTxId":"96201384f23762b51fe7eb1ccdd982f9ed7b3ef4"}
{"index": {"_index":"list","_id":"1011791"}}
	{"id":1011791,"type":"buy","buyer":"achimmertens","seller":"billybohner","symbol":"LIST","quantity":"0.03075937","price":"0.02000000","timestamp":1619814558,"volume":"0.00061519","buyTxId":"32e89b57e367a98150b1c4e7e437b82ecb751cbf","sellTxId":"c38033d48539f9996d65462ead4b7cd9c679c403"}
{"index": {"_index":"list","_id":"1011792"}}
	{"id":1011792,"type":"buy","buyer":"achimmertens","seller":"brofi-market","symbol":"LIST","quantity":"0.22599986","price":"0.02000000","timestamp":1619814558,"volume":"0.00452000","buyTxId":"32e89b57e367a98150b1c4e7e437b82ecb751cbf","sellTxId":"b91f2ada415c3403c9f27f76ac110ac4457228b9"}
{"index": {"_index":"list","_id":"1012053"}}
	{"id":1012053,"type":"buy","buyer":"hivelist","seller":"thelogicaldude","symbol":"LIST","quantity":"1000.00000000","price":"0.02529000","timestamp":1619820279,"volume":"25.29000000","buyTxId":"99f6f1f732e0f3ca98e6ebf190f571b34a3e3e4b","sellTxId":"MM-P-6606643-53485002-3-0-0"}
{"index": {"_index":"list","_id":"1012054"}}
	{"id":1012054,"type":"buy","buyer":"hivelist","seller":"bitandi","symbol":"LIST","quantity":"35.43797953","price":"0.02539000","timestamp":1619820279,"volume":"0.89977030","buyTxId":"99f6f1f732e0f3ca98e6ebf190f571b34a3e3e4b","sellTxId":"aa6013b5c4001f3fb05b2dde7b9641d071282816"}
{"index": {"_index":"list","_id":"1012055"}}
	{"id":1012055,"type":"buy","buyer":"hivelist","seller":"hivelist","symbol":"LIST","quantity":"1714.56202047","price":"0.02550000","timestamp":1619820279,"volume":"43.72133152","buyTxId":"99f6f1f732e0f3ca98e6ebf190f571b34a3e3e4b","sellTxId":"198246a1e752e99027f82587ec897d403477943b"}
{"index": {"_index":"list","_id":"1012322"}}
	{"id":1012322,"type":"sell","buyer":"achimmertens","seller":"maximiliam","symbol":"LIST","quantity":"5.70208044","price":"0.02000000","timestamp":1619829000,"volume":"0.11404161","buyTxId":"32e89b57e367a98150b1c4e7e437b82ecb751cbf","sellTxId":"05818350cf83d0dc512fd0525cf97222415d4ba2"}
{"index": {"_index":"list","_id":"1012946"}}
	{"id":1012946,"type":"sell","buyer":"achimmertens","seller":"joemark","symbol":"LIST","quantity":"13.91326000","price":"0.02000000","timestamp":1619851578,"volume":"0.27826520","buyTxId":"32e89b57e367a98150b1c4e7e437b82ecb751cbf","sellTxId":"b958a6e64f1ab8a58aaea326151a96f375c29075"}
{"index": {"_index":"list","_id":"1013020"}}
	{"id":1013020,"type":"sell","buyer":"achimmertens","seller":"charityball","symbol":"LIST","quantity":"46.10000000","price":"0.02000000","timestamp":1619853549,"volume":"0.92200000","buyTxId":"32e89b57e367a98150b1c4e7e437b82ecb751cbf","sellTxId":"69507cdae6fd6e98cf2a550f4a73621e7f2da34b"}
{"index": {"_index":"list","_id":"1013085"}}
	{"id":1013085,"type":"sell","buyer":"achimmertens","seller":"brofi-market","symbol":"LIST","quantity":"0.15000015","price":"0.02000000","timestamp":1619855232,"volume":"0.00300000","buyTxId":"32e89b57e367a98150b1c4e7e437b82ecb751cbf","sellTxId":"b5bce894bbd419fb64af7066e52f679cd858590a"}
{"index": {"_index":"list","_id":"1013211"}}
	{"id":1013211,"type":"buy","buyer":"juanmiguelsalas","seller":"brofi-market","symbol":"LIST","quantity":"0.15000015","price":"0.02540000","timestamp":1619858979,"volume":"0.00381000","buyTxId":"8f97eae1b64300aaaea434c3611ff5363fde5bf9","sellTxId":"6ff397b04743ac499a4e21db8cfaee48a2aebb61"}
{"index": {"_index":"list","_id":"1013212"}}
	{"id":1013212,"type":"buy","buyer":"juanmiguelsalas","seller":"hivelist","symbol":"LIST","quantity":"85.43797938","price":"0.02550000","timestamp":1619858979,"volume":"2.17866847","buyTxId":"8f97eae1b64300aaaea434c3611ff5363fde5bf9","sellTxId":"198246a1e752e99027f82587ec897d403477943b"}
{"index": {"_index":"list","_id":"1013214"}}
	{"id":1013214,"type":"buy","buyer":"juanmiguelsalas","seller":"thelogicaldude","symbol":"LIST","quantity":"384.40384661","price":"0.02560000","timestamp":1619859111,"volume":"9.84073847","buyTxId":"6c7bf850770d440bb949915709934136ada4b4ba","sellTxId":"MM-P-6623004-53503873-3-0-0"}
{"index": {"_index":"list","_id":"1013229"}}
	{"id":1013229,"type":"buy","buyer":"juanmiguelsalas","seller":"hivelist","symbol":"LIST","quantity":"4.98914216","price":"0.02600000","timestamp":1619859471,"volume":"0.12971770","buyTxId":"26f487a12193533bc8f1b46926433b4de9564e84","sellTxId":"5f66d1d827447e3ae22872031212ecdd9537bac2"}
{"index": {"_index":"list","_id":"1013348"}}
	{"id":1013348,"type":"sell","buyer":"achimmertens","seller":"themarkymark","symbol":"LIST","quantity":"3.97500871","price":"0.02000000","timestamp":1619863701,"volume":"0.07950017","buyTxId":"32e89b57e367a98150b1c4e7e437b82ecb751cbf","sellTxId":"6c0db8289492f8ce55c6c0cf8985f4439f71122c"}
{"index": {"_index":"list","_id":"1013501"}}
	{"id":1013501,"type":"buy","buyer":"evernoticethat","seller":"thelogicaldude","symbol":"LIST","quantity":"80.85394865","price":"0.02590000","timestamp":1619869077,"volume":"2.09411727","buyTxId":"fd13d2b6644da7ff88f6772ae22e65e600a02251","sellTxId":"MM-P-6623493-53504471-3-0-0"}
{"index": {"_index":"list","_id":"1013507"}}
	{"id":1013507,"type":"buy","buyer":"brutalmonkey","seller":"thelogicaldude","symbol":"LIST","quantity":"919.14605135","price":"0.02590000","timestamp":1619869443,"volume":"23.80588273","buyTxId":"8164ff771504a66115ce07a318ec7b4cb60494d2","sellTxId":"MM-P-6623493-53504471-3-0-0"}
{"index": {"_index":"list","_id":"1013546"}}
	{"id":1013546,"type":"sell","buyer":"brutalmonkey","seller":"thelogicaldude","symbol":"LIST","quantity":"0.85394865","price":"0.02590000","timestamp":1619870862,"volume":"0.02211727","buyTxId":"8164ff771504a66115ce07a318ec7b4cb60494d2","sellTxId":"MM-P-6626562-53507866-3-0-0"}
{"index": {"_index":"list","_id":"1013605"}}
	{"id":1013605,"type":"sell","buyer":"achimmertens","seller":"tonytrillions","symbol":"LIST","quantity":"0.00108859","price":"0.02000000","timestamp":1619872308,"volume":"0.00002177","buyTxId":"32e89b57e367a98150b1c4e7e437b82ecb751cbf","sellTxId":"076a431bc0d492d0aa2c71e1fe736a5196e15054"}
{"index": {"_index":"list","_id":"1013610"}}
	{"id":1013610,"type":"sell","buyer":"achimmertens","seller":"nulledgh0st","symbol":"LIST","quantity":"1.50657633","price":"0.02000000","timestamp":1619872377,"volume":"0.03013153","buyTxId":"32e89b57e367a98150b1c4e7e437b82ecb751cbf","sellTxId":"0e75a48424645df136d61aff9a29b127837a4c72"}
{"index": {"_index":"list","_id":"1013788"}}
	{"id":1013788,"type":"sell","buyer":"achimmertens","seller":"oswvin01","symbol":"LIST","quantity":"10.09520470","price":"0.02000000","timestamp":1619877783,"volume":"0.20190409","buyTxId":"32e89b57e367a98150b1c4e7e437b82ecb751cbf","sellTxId":"52b67411cc78a640d387c71c4d2ff6f26d29aca8"}
{"index": {"_index":"list","_id":"1013948"}}
	{"id":1013948,"type":"sell","buyer":"achimmertens","seller":"crypto133","symbol":"LIST","quantity":"88.46791162","price":"0.02000000","timestamp":1619882580,"volume":"1.76935823","buyTxId":"32e89b57e367a98150b1c4e7e437b82ecb751cbf","sellTxId":"f625ea32fd78384116bde502101d475a6c6e83bf"}
{"index": {"_index":"list","_id":"1014114"}}
	{"id":1014114,"type":"sell","buyer":"achimmertens","seller":"vagabondspirit","symbol":"LIST","quantity":"1.75833235","price":"0.02000000","timestamp":1619886906,"volume":"0.03516665","buyTxId":"32e89b57e367a98150b1c4e7e437b82ecb751cbf","sellTxId":"e8ea345708b974107908827792edd34199b68ff9"}
{"index": {"_index":"list","_id":"1015144"}}
	{"id":1015144,"type":"sell","buyer":"achimmertens","seller":"mawit07","symbol":"LIST","quantity":"108.06751106","price":"0.02000000","timestamp":1619911554,"volume":"2.16135022","buyTxId":"32e89b57e367a98150b1c4e7e437b82ecb751cbf","sellTxId":"377c47935420f95c03194d791a34bc475a29ee3d"}
{"index": {"_index":"list","_id":"1015227"}}
	{"id":1015227,"type":"sell","buyer":"achimmertens","seller":"ganjafarmer","symbol":"LIST","quantity":"2.91317498","price":"0.02000000","timestamp":1619915739,"volume":"0.05826350","buyTxId":"32e89b57e367a98150b1c4e7e437b82ecb751cbf","sellTxId":"d7a1d877fbcb5baeb40a6abdefd525b4d2cbfd60"}
{"index": {"_index":"list","_id":"1015525"}}
	{"id":1015525,"type":"sell","buyer":"achimmertens","seller":"tlundy47","symbol":"LIST","quantity":"0.00058881","price":"0.02000000","timestamp":1619926314,"volume":"0.00001178","buyTxId":"32e89b57e367a98150b1c4e7e437b82ecb751cbf","sellTxId":"b337e0cb1edac516e639746f891b250556d88023"}
{"index": {"_index":"list","_id":"1015686"}}
	{"id":1015686,"type":"sell","buyer":"achimmertens","seller":"sipahikara","symbol":"LIST","quantity":"8.81331100","price":"0.02000000","timestamp":1619933193,"volume":"0.17626622","buyTxId":"32e89b57e367a98150b1c4e7e437b82ecb751cbf","sellTxId":"9a55248d06c332486a01a05480137eaa4e33f1c0"}
{"index": {"_index":"list","_id":"1015712"}}
	{"id":1015712,"type":"buy","buyer":"evernoticethat","seller":"nycer","symbol":"LIST","quantity":"4.36629405","price":"0.02400000","timestamp":1619934033,"volume":"0.10479106","buyTxId":"6ff7da8836c3156ac5b6acd07f24a4403107943d","sellTxId":"866e02bd724322fab1b9b3497fe37d3be858b74d"}
{"index": {"_index":"list","_id":"1015720"}}
	{"id":1015720,"type":"buy","buyer":"evernoticethat","seller":"thelogicaldude","symbol":"LIST","quantity":"15.00000000","price":"0.02538000","timestamp":1619934261,"volume":"0.38070000","buyTxId":"02e7bd93d8d5a594a723744ad2c37917df170e20","sellTxId":"MM-P-6645077-53528736-3-0-0"}
{"index": {"_index":"list","_id":"1015734"}}
	{"id":1015734,"type":"sell","buyer":"achimmertens","seller":"brofi-market","symbol":"LIST","quantity":"0.37599957","price":"0.02000000","timestamp":1619934489,"volume":"0.00751999","buyTxId":"32e89b57e367a98150b1c4e7e437b82ecb751cbf","sellTxId":"d7fd2d38f03c448b5b35525a7ec0567e2067d827"}
{"index": {"_index":"list","_id":"1015864"}}
	{"id":1015864,"type":"sell","buyer":"achimmertens","seller":"ctpsb","symbol":"LIST","quantity":"3.60000000","price":"0.02000000","timestamp":1619940633,"volume":"0.07200000","buyTxId":"32e89b57e367a98150b1c4e7e437b82ecb751cbf","sellTxId":"2f4ebd7e69e20231b07b4ab63de7df2f94c1f7eb"}
{"index": {"_index":"list","_id":"1015958"}}
	{"id":1015958,"type":"sell","buyer":"achimmertens","seller":"aiovo","symbol":"LIST","quantity":"704.30319246","price":"0.02000000","timestamp":1619943924,"volume":"14.08606385","buyTxId":"32e89b57e367a98150b1c4e7e437b82ecb751cbf","sellTxId":"fd8c05db610c2cdb5061cf1a05854957977e39e7"}
{"index": {"_index":"list","_id":"1016408"}}
	{"id":1016408,"type":"sell","buyer":"thelogicaldude","seller":"tonytrillions","symbol":"LIST","quantity":"0.28767623","price":"0.01460000","timestamp":1619958147,"volume":"0.00420007","buyTxId":"MM-P-6603457-53481604-3-0-0","sellTxId":"e047c3c39f7d892548273c1c2f057ca810387dd2"}
{"index": {"_index":"list","_id":"1016774"}}
	{"id":1016774,"type":"sell","buyer":"thelogicaldude","seller":"nulledgh0st","symbol":"LIST","quantity":"0.37700573","price":"0.01460000","timestamp":1619965983,"volume":"0.00550428","buyTxId":"MM-P-6603457-53481604-3-0-0","sellTxId":"f1c2cc824419be27e9949d007c0104375e11677a"}
{"index": {"_index":"list","_id":"1017101"}}
	{"id":1017101,"type":"sell","buyer":"allcapsonezero","seller":"charityball","symbol":"LIST","quantity":"51.62833520","price":"0.01700000","timestamp":1619975733,"volume":"0.87768170","buyTxId":"f8a3dccce26b1a41ae7ca3c3338072c95c9586eb","sellTxId":"e04decf256295236eabebb67802788c7b25e4ced"}
{"index": {"_index":"list","_id":"1017108"}}
	{"id":1017108,"type":"sell","buyer":"allcapsonezero","seller":"crypto133","symbol":"LIST","quantity":"103.85502833","price":"0.01700000","timestamp":1619975916,"volume":"1.76553548","buyTxId":"f8a3dccce26b1a41ae7ca3c3338072c95c9586eb","sellTxId":"8e9a8a4d2769702e6f187a500a2a0da95b26a85e"}
{"index": {"_index":"list","_id":"1017121"}}
	{"id":1017121,"type":"sell","buyer":"allcapsonezero","seller":"rishi556","symbol":"LIST","quantity":"0.00013661","price":"0.01700000","timestamp":1619975979,"volume":"0.00000232","buyTxId":"f8a3dccce26b1a41ae7ca3c3338072c95c9586eb","sellTxId":"b389b0a4f2833e2fef96b5baa18bf58aa45aedc1-3"}
{"index": {"_index":"list","_id":"1017239"}}
	{"id":1017239,"type":"sell","buyer":"allcapsonezero","seller":"aeneas.blog","symbol":"LIST","quantity":"0.00126998","price":"0.01700000","timestamp":1619980185,"volume":"0.00002159","buyTxId":"f8a3dccce26b1a41ae7ca3c3338072c95c9586eb","sellTxId":"62ae52881b1ee370be71a5ba8fab70d6978e25dd"}
{"index": {"_index":"list","_id":"1017323"}}
	{"id":1017323,"type":"sell","buyer":"brutalmonkey","seller":"esecholo","symbol":"LIST","quantity":"0.44058956","price":"0.01800000","timestamp":1619982690,"volume":"0.00793061","buyTxId":"475861bfe821d2bdd75a836eaeed290a64d21598","sellTxId":"c31349544584130139b8e8a6297dc1b32ad53571"}
{"index": {"_index":"list","_id":"1017503"}}
	{"id":1017503,"type":"sell","buyer":"thelogicaldude","seller":"thatsweeneyguy","symbol":"LIST","quantity":"13.14137464","price":"0.01810000","timestamp":1619985201,"volume":"0.23785888","buyTxId":"MM-P-6659568-53545411-3-0-0","sellTxId":"317859bcf0f9775721c03fbff06cc9498ba528ba"}
{"index": {"_index":"list","_id":"1017525"}}
	{"id":1017525,"type":"sell","buyer":"thelogicaldude","seller":"tonytrillions","symbol":"LIST","quantity":"0.00007810","price":"0.01810000","timestamp":1619985702,"volume":"0.00000141","buyTxId":"MM-P-6659568-53545411-3-0-0","sellTxId":"cb4ea63b936c59ec79a305fef433223274da94e6"}
{"index": {"_index":"list","_id":"1017828"}}
	{"id":1017828,"type":"buy","buyer":"brutalmonkey","seller":"aiovo","symbol":"LIST","quantity":"0.50000000","price":"0.02400000","timestamp":1619993367,"volume":"0.01200000","buyTxId":"dfb5e8084b3c68e4cb0c0986bdbe81a19d10b72c","sellTxId":"e9d879287322188d8aced1a6921422683012a898"}
{"index": {"_index":"list","_id":"1017829"}}
	{"id":1017829,"type":"buy","buyer":"brutalmonkey","seller":"thelogicaldude","symbol":"LIST","quantity":"449.50000000","price":"0.02499000","timestamp":1619993367,"volume":"11.23300500","buyTxId":"dfb5e8084b3c68e4cb0c0986bdbe81a19d10b72c","sellTxId":"MM-P-6656879-53542714-3-0-1"}
{"index": {"_index":"list","_id":"1017854"}}
	{"id":1017854,"type":"buy","buyer":"brutalmonkey","seller":"thelogicaldude","symbol":"LIST","quantity":"80.00000000","price":"0.02499000","timestamp":1619994123,"volume":"1.99920000","buyTxId":"edcaab83e9f3a2d0bb33fec1df12ff2a5636a746","sellTxId":"MM-P-6656879-53542714-3-0-1"}
{"index": {"_index":"list","_id":"1018139"}}
	{"id":1018139,"type":"sell","buyer":"thelogicaldude","seller":"tlundy47","symbol":"LIST","quantity":"0.00045999","price":"0.01710000","timestamp":1620002772,"volume":"0.00000787","buyTxId":"MM-P-6664676-53551203-3-0-0","sellTxId":"afdce1566af2d3413d1ce40e50063b5d93546abe"}
{"index": {"_index":"list","_id":"1018345"}}
	{"id":1018345,"type":"buy","buyer":"brutalmonkey","seller":"nycer","symbol":"LIST","quantity":"12.09719164","price":"0.02104500","timestamp":1620009057,"volume":"0.25458540","buyTxId":"fd0d3475b69225800ab4fbe3b74e6d68d381c753","sellTxId":"d510ba0414fdfe12dd2330c6a9b687db6d6753ab"}
{"index": {"_index":"list","_id":"1018346"}}
	{"id":1018346,"type":"buy","buyer":"brutalmonkey","seller":"thelogicaldude","symbol":"LIST","quantity":"987.90280836","price":"0.02419000","timestamp":1620009057,"volume":"23.89736893","buyTxId":"fd0d3475b69225800ab4fbe3b74e6d68d381c753","sellTxId":"MM-P-6666922-53553800-3-0-0"}
{"index": {"_index":"list","_id":"1018579"}}
	{"id":1018579,"type":"sell","buyer":"thelogicaldude","seller":"brofi-market","symbol":"LIST","quantity":"0.11300053","price":"0.01710000","timestamp":1620018105,"volume":"0.00193231","buyTxId":"MM-P-6664676-53551203-3-0-0","sellTxId":"e56e70f4a8517f340e795ce99c3202e3f98328e8"}
{"index": {"_index":"list","_id":"1018652"}}
	{"id":1018652,"type":"sell","buyer":"thelogicaldude","seller":"aiovo","symbol":"LIST","quantity":"554.39370837","price":"0.01710000","timestamp":1620019944,"volume":"9.48013241","buyTxId":"MM-P-6664676-53551203-3-0-0","sellTxId":"7d3631fa5ce9456c1cf2b80cece677718bb60b93"}
{"index": {"_index":"list","_id":"1018825"}}
	{"id":1018825,"type":"sell","buyer":"thelogicaldude","seller":"adhammer","symbol":"LIST","quantity":"0.00069528","price":"0.01710000","timestamp":1620024318,"volume":"0.00001189","buyTxId":"MM-P-6664676-53551203-3-0-0","sellTxId":"16eb3fd6e5caf65f080f4a44dc549365ad0a6c52"}
{"index": {"_index":"list","_id":"1019035"}}
	{"id":1019035,"type":"sell","buyer":"thelogicaldude","seller":"writeandearn","symbol":"LIST","quantity":"30.28745747","price":"0.01710000","timestamp":1620029742,"volume":"0.51791552","buyTxId":"MM-P-6664676-53551203-3-0-0","sellTxId":"2171b4eac87cc1764503a54a5bcd408d47343493"}
{"index": {"_index":"list","_id":"1019153"}}
	{"id":1019153,"type":"sell","buyer":"allcapsonezero","seller":"nessycanta","symbol":"LIST","quantity":"25.58836196","price":"0.01700000","timestamp":1620034665,"volume":"0.43500215","buyTxId":"f8a3dccce26b1a41ae7ca3c3338072c95c9586eb","sellTxId":"3b3301ade3cbcb4f85c1cd4b1ab79dee069fa90a"}
{"index": {"_index":"list","_id":"1019253"}}
	{"id":1019253,"type":"buy","buyer":"thelogicaldude","seller":"writeandearn","symbol":"LIST","quantity":"39.71254253","price":"0.01710000","timestamp":1620037068,"volume":"0.67908448","buyTxId":"MM-P-6674863-53563179-3-0-0","sellTxId":"2171b4eac87cc1764503a54a5bcd408d47343493"}
{"index": {"_index":"list","_id":"1019482"}}
	{"id":1019482,"type":"sell","buyer":"thelogicaldude","seller":"tonytrillions","symbol":"LIST","quantity":"0.00108375","price":"0.01710000","timestamp":1620041985,"volume":"0.00001853","buyTxId":"MM-P-6674863-53563179-3-0-0","sellTxId":"5d179e30a0e564c18536d43076cbf9d8e3214a8d"}
{"index": {"_index":"list","_id":"1019523"}}
	{"id":1019523,"type":"buy","buyer":"dera123","seller":"richardcrill","symbol":"LIST","quantity":"422.10846103","price":"0.01730000","timestamp":1620042741,"volume":"7.30247638","buyTxId":"e8a0ea62ddc409b42b36db19bd81e14ddece7cc5","sellTxId":"MM-P-6676641-53565045-3-8-0"}
{"index": {"_index":"list","_id":"1019524"}}
	{"id":1019524,"type":"buy","buyer":"dera123","seller":"thelogicaldude","symbol":"LIST","quantity":"293.89153897","price":"0.01740000","timestamp":1620042741,"volume":"5.11371278","buyTxId":"e8a0ea62ddc409b42b36db19bd81e14ddece7cc5","sellTxId":"MM-P-6676571-53564975-3-0-0"}
{"index": {"_index":"list","_id":"1019551"}}
	{"id":1019551,"type":"sell","buyer":"thelogicaldude","seller":"clubfungus","symbol":"LIST","quantity":"74.53800726","price":"0.01710000","timestamp":1620043437,"volume":"1.27459992","buyTxId":"MM-P-6674863-53563179-3-0-0","sellTxId":"711633c4ac09d722ade533300e2000913740dea1"}
{"index": {"_index":"list","_id":"1019776"}}
	{"id":1019776,"type":"sell","buyer":"thelogicaldude","seller":"crypto133","symbol":"LIST","quantity":"112.92680573","price":"0.01710000","timestamp":1620049971,"volume":"1.93104838","buyTxId":"MM-P-6674863-53563179-3-0-0","sellTxId":"ac90c6509ab49d0f86c4fb00eb86f96027c6b9a7"}
{"index": {"_index":"list","_id":"1019878"}}
	{"id":1019878,"type":"sell","buyer":"thelogicaldude","seller":"rishi556","symbol":"LIST","quantity":"0.00013705","price":"0.01710000","timestamp":1620052014,"volume":"0.00000234","buyTxId":"MM-P-6674863-53563179-3-0-0","sellTxId":"93e4f98a960f4a8cc03f3dcd77147d2e1592e93d-2"}
{"index": {"_index":"list","_id":"1019978"}}
	{"id":1019978,"type":"sell","buyer":"thelogicaldude","seller":"itachi24j","symbol":"LIST","quantity":"0.18750000","price":"0.01710000","timestamp":1620053865,"volume":"0.00320625","buyTxId":"MM-P-6674863-53563179-3-0-0","sellTxId":"2cfc739a4eb2ca850e5958727bf04c32ce72f01f"}
{"index": {"_index":"list","_id":"1020107"}}
	{"id":1020107,"type":"sell","buyer":"thelogicaldude","seller":"nulledgh0st","symbol":"LIST","quantity":"1.50451218","price":"0.01710000","timestamp":1620056784,"volume":"0.02572716","buyTxId":"MM-P-6674863-53563179-3-0-0","sellTxId":"dd6959611b849d703c5caef1883adaf068016633"}
{"index": {"_index":"list","_id":"1020212"}}
	{"id":1020212,"type":"sell","buyer":"thelogicaldude","seller":"jongolson","symbol":"LIST","quantity":"33.31004634","price":"0.01710000","timestamp":1620059049,"volume":"0.56960179","buyTxId":"MM-P-6674863-53563179-3-0-0","sellTxId":"8c786a5ab8bef47b3688e556c107ff66d9720809"}
{"index": {"_index":"list","_id":"1020405"}}
	{"id":1020405,"type":"sell","buyer":"thelogicaldude","seller":"bitandi","symbol":"LIST","quantity":"34.95447407","price":"0.01710000","timestamp":1620063690,"volume":"0.59772151","buyTxId":"MM-P-6674863-53563179-3-0-0","sellTxId":"c003e1acebbd9d38797291795bdb99b14e7e2d5e"}
{"index": {"_index":"list","_id":"1021005"}}
	{"id":1021005,"type":"sell","buyer":"thelogicaldude","seller":"mawit07","symbol":"LIST","quantity":"41.22291614","price":"0.01710000","timestamp":1620073929,"volume":"0.70491187","buyTxId":"MM-P-6674863-53563179-3-0-0","sellTxId":"cb2fffc141c227dbe2b420e4a89c3790ce58a17d"}
{"index": {"_index":"list","_id":"1021146"}}
	{"id":1021146,"type":"sell","buyer":"thelogicaldude","seller":"esecholito","symbol":"LIST","quantity":"0.01345308","price":"0.01710000","timestamp":1620076494,"volume":"0.00023005","buyTxId":"MM-P-6674863-53563179-3-0-0","sellTxId":"ab44f703a953df4bc91a15b79fe179810563bd67"}
{"index": {"_index":"list","_id":"1021241"}}
	{"id":1021241,"type":"sell","buyer":"thelogicaldude","seller":"rishi556","symbol":"LIST","quantity":"0.00196334","price":"0.01710000","timestamp":1620079218,"volume":"0.00003357","buyTxId":"MM-P-6674863-53563179-3-0-0","sellTxId":"98f7903261159c2a64f518f6cf6145e68b2551a1-1"}
{"index": {"_index":"list","_id":"1021453"}}
	{"id":1021453,"type":"sell","buyer":"thelogicaldude","seller":"justinparke","symbol":"LIST","quantity":"1.11751893","price":"0.01710000","timestamp":1620085905,"volume":"0.01910957","buyTxId":"MM-P-6674863-53563179-3-0-0","sellTxId":"c06221b1fae6e74c1f4a0c5f450f3506b9501e3b"}
{"index": {"_index":"list","_id":"1021587"}}
	{"id":1021587,"type":"buy","buyer":"brutalmonkey","seller":"brofi-market","symbol":"LIST","quantity":"0.11300053","price":"0.02419000","timestamp":1620089739,"volume":"0.00273348","buyTxId":"630b848f16e16957761506907bf5215eac4ece2b","sellTxId":"1499653ccc571322234eddc2d2c3dc4a9e003be0"}
{"index": {"_index":"list","_id":"1021588"}}
	{"id":1021588,"type":"buy","buyer":"brutalmonkey","seller":"ganjafarmer","symbol":"LIST","quantity":"1.16431577","price":"0.02500000","timestamp":1620089739,"volume":"0.02910789","buyTxId":"630b848f16e16957761506907bf5215eac4ece2b","sellTxId":"64948beb6e5f1159c6865a621c0a1ccfc6d66717"}
{"index": {"_index":"list","_id":"1021589"}}
	{"id":1021589,"type":"buy","buyer":"brutalmonkey","seller":"ganjafarmer","symbol":"LIST","quantity":"14.95637514","price":"0.02500000","timestamp":1620089739,"volume":"0.37390938","buyTxId":"630b848f16e16957761506907bf5215eac4ece2b","sellTxId":"40fa6fe78e28139b1e7e7a1e8fa2118da2f6558e"}
{"index": {"_index":"list","_id":"1021764"}}
	{"id":1021764,"type":"sell","buyer":"brutalmonkey","seller":"brofi-market","symbol":"LIST","quantity":"0.56050646","price":"0.02500000","timestamp":1620096066,"volume":"0.01401266","buyTxId":"630b848f16e16957761506907bf5215eac4ece2b","sellTxId":"b375517f44fc5ab1076535cbe4ab7780cd059f78"}
{"index": {"_index":"list","_id":"1021764"}}
	{"id":1021764,"type":"sell","buyer":"brutalmonkey","seller":"brofi-market","symbol":"LIST","quantity":"0.56050646","price":"0.02500000","timestamp":1620096066,"volume":"0.01401266","buyTxId":"630b848f16e16957761506907bf5215eac4ece2b","sellTxId":"b375517f44fc5ab1076535cbe4ab7780cd059f78"}
{"index": {"_index":"list","_id":"1021942"}}
	{"id":1021942,"type":"sell","buyer":"brutalmonkey","seller":"aiovo","symbol":"LIST","quantity":"6.68131118","price":"0.02500000","timestamp":1620103926,"volume":"0.16703278","buyTxId":"630b848f16e16957761506907bf5215eac4ece2b","sellTxId":"ca90e7c697e67e5a3884f8996999f9b563e509a9"}
{"index": {"_index":"list","_id":"1022077"}}
	{"id":1022077,"type":"sell","buyer":"brutalmonkey","seller":"joemark","symbol":"LIST","quantity":"1.52449092","price":"0.02500000","timestamp":1620107391,"volume":"0.03811227","buyTxId":"630b848f16e16957761506907bf5215eac4ece2b","sellTxId":"b55ee2f07035e358a6bf80ebd1a2011cfa6c4df9"}
{"index": {"_index":"list","_id":"1022078"}}
	{"id":1022078,"type":"sell","buyer":"thelogicaldude","seller":"joemark","symbol":"LIST","quantity":"52.60550908","price":"0.01730000","timestamp":1620107391,"volume":"0.91007531","buyTxId":"MM-P-6695058-53585739-3-0-0","sellTxId":"b55ee2f07035e358a6bf80ebd1a2011cfa6c4df9"}
{"index": {"_index":"list","_id":"1022505"}}
	{"id":1022505,"type":"sell","buyer":"thelogicaldude","seller":"hivehold","symbol":"LIST","quantity":"39.54234997","price":"0.01730000","timestamp":1620121425,"volume":"0.68408265","buyTxId":"MM-P-6695058-53585739-3-0-0","sellTxId":"e59dec2af46d538419a03b40f1b09393962a9d18"}
{"index": {"_index":"list","_id":"1022712"}}
	{"id":1022712,"type":"sell","buyer":"blockchainyouth","seller":"adikhen","symbol":"LIST","quantity":"25.00000000","price":"0.01740000","timestamp":1620131820,"volume":"0.43500000","buyTxId":"69c50c61f9f6dc71feb20426004c1c073e18cbc6","sellTxId":"3d64e121a095d5b074cbbe45c23cf8263a490dd3"}
{"index": {"_index":"list","_id":"1022861"}}
	{"id":1022861,"type":"sell","buyer":"thelogicaldude","seller":"tonytrillions","symbol":"LIST","quantity":"0.00114369","price":"0.01730000","timestamp":1620136932,"volume":"0.00001979","buyTxId":"MM-P-6695058-53585739-3-0-0","sellTxId":"631289ea6b59c5e01d0fb14011d3b43a705d7540"}
{"index": {"_index":"list","_id":"1022988"}}
	{"id":1022988,"type":"buy","buyer":"yintercept","seller":"adikhen","symbol":"LIST","quantity":"7.90000000","price":"0.01740000","timestamp":1620140265,"volume":"0.13746000","buyTxId":"fd0dee9aad920da7ce23f28256c8738c29f6b72a","sellTxId":"3d64e121a095d5b074cbbe45c23cf8263a490dd3"}
{"index": {"_index":"list","_id":"1023009"}}
	{"id":1023009,"type":"sell","buyer":"thelogicaldude","seller":"rishi556","symbol":"LIST","quantity":"0.00013473","price":"0.01730000","timestamp":1620141222,"volume":"0.00000233","buyTxId":"MM-P-6695058-53585739-3-0-0","sellTxId":"2809d917d72b24be34ed34c393de542d6c296ced-3"}
{"index": {"_index":"list","_id":"1023257"}}
	{"id":1023257,"type":"sell","buyer":"thelogicaldude","seller":"dannychain","symbol":"LIST","quantity":"0.329","price":"0.01730000","timestamp":1620144459,"volume":"0.00569170","buyTxId":"MM-P-6695058-53585739-3-0-0","sellTxId":"eef6f789b7bee25d01277be97faa93b7f417f208"}
{"index": {"_index":"list","_id":"1023517"}}
	{"id":1023517,"type":"sell","buyer":"thelogicaldude","seller":"crypto133","symbol":"LIST","quantity":"197.82457443","price":"0.01730000","timestamp":1620151635,"volume":"3.42236514","buyTxId":"MM-P-6695058-53585739-3-0-0","sellTxId":"9ff5d3220b9e899c0a721e2325bead4e76ed58db"}
{"index": {"_index":"list","_id":"1024601"}}
	{"id":1024601,"type":"sell","buyer":"thelogicaldude","seller":"brofi-market","symbol":"LIST","quantity":"0.15000082","price":"0.01730000","timestamp":1620177252,"volume":"0.00259501","buyTxId":"MM-P-6695058-53585739-3-0-0","sellTxId":"4facf29a5c5ea21b72c74f017d2b2527b93f799e"}
{"index": {"_index":"list","_id":"1024601"}}
	{"id":1024601,"type":"sell","buyer":"thelogicaldude","seller":"brofi-market","symbol":"LIST","quantity":"0.15000082","price":"0.01730000","timestamp":1620177252,"volume":"0.00259501","buyTxId":"MM-P-6695058-53585739-3-0-0","sellTxId":"4facf29a5c5ea21b72c74f017d2b2527b93f799e"}
{"index": {"_index":"list","_id":"1025753"}}
	{"id":1025753,"type":"sell","buyer":"thelogicaldude","seller":"sipahikara","symbol":"LIST","quantity":"23.50920000","price":"0.01730000","timestamp":1620209310,"volume":"0.40670916","buyTxId":"MM-P-6695058-53585739-3-0-0","sellTxId":"70d5162cbd6757675bc4d1a0cc90a3cb88c93484"}
{"index": {"_index":"list","_id":"1025821"}}
	{"id":1025821,"type":"buy","buyer":"andy4475","seller":"adikhen","symbol":"LIST","quantity":"30.22675712","price":"0.01740000","timestamp":1620211578,"volume":"0.52594557","buyTxId":"83b67601625915b74eac205b037fd810c11254f7","sellTxId":"3d64e121a095d5b074cbbe45c23cf8263a490dd3"}
{"index": {"_index":"list","_id":"1025822"}}
	{"id":1025822,"type":"buy","buyer":"andy4475","seller":"brofi-market","symbol":"LIST","quantity":"0.15000082","price":"0.01740000","timestamp":1620211578,"volume":"0.00261001","buyTxId":"83b67601625915b74eac205b037fd810c11254f7","sellTxId":"5d0afae737faf5a874a2e6ae5450968a92a8ee69"}
{"index": {"_index":"list","_id":"1025824"}}
	{"id":1025824,"type":"buy","buyer":"andy4475","seller":"brofi-market","symbol":"LIST","quantity":"0.37599957","price":"0.02538000","timestamp":1620211812,"volume":"0.00954287","buyTxId":"852a3352bedd1f2ce139ca14837c444280ab1a06","sellTxId":"fe728ece829b639b91a5ff138ef3ba016f0052ed"}
{"index": {"_index":"list","_id":"1025825"}}
	{"id":1025825,"type":"buy","buyer":"andy4475","seller":"brofi-market","symbol":"LIST","quantity":"0.56050646","price":"0.02538000","timestamp":1620211812,"volume":"0.01422565","buyTxId":"852a3352bedd1f2ce139ca14837c444280ab1a06","sellTxId":"febc94339a79e3870c2cd28ad1ccc1ecd4012c06"}
{"index": {"_index":"list","_id":"1025826"}}
	{"id":1025826,"type":"buy","buyer":"andy4475","seller":"hivelist","symbol":"LIST","quantity":"11.06349397","price":"0.02600000","timestamp":1620211812,"volume":"0.28765084","buyTxId":"852a3352bedd1f2ce139ca14837c444280ab1a06","sellTxId":"5f66d1d827447e3ae22872031212ecdd9537bac2"}
{"index": {"_index":"list","_id":"1026214"}}
	{"id":1026214,"type":"sell","buyer":"thelogicaldude","seller":"tonytrillions","symbol":"LIST","quantity":"0.00104009","price":"0.01730000","timestamp":1620225135,"volume":"0.00001799","buyTxId":"MM-P-6695058-53585739-3-0-0","sellTxId":"d54197ee99e92e9a2a51147057ef2153d0acedc2"}
{"index": {"_index":"list","_id":"1026280"}}
	{"id":1026280,"type":"sell","buyer":"thelogicaldude","seller":"rishi556","symbol":"LIST","quantity":"0.00013153","price":"0.01730000","timestamp":1620226623,"volume":"0.00000228","buyTxId":"MM-P-6695058-53585739-3-0-0","sellTxId":"58609c0712db00e6b2be15acbed175744f96c7b5-2"}
{"index": {"_index":"list","_id":"1026530"}}
	{"id":1026530,"type":"sell","buyer":"thelogicaldude","seller":"crypto133","symbol":"LIST","quantity":"37.47135088","price":"0.01730000","timestamp":1620232377,"volume":"0.64825437","buyTxId":"MM-P-6695058-53585739-3-0-0","sellTxId":"d9b024a1e6e1ccbf2dd8898ff5c90fd1cd1a7bb6"}
{"index": {"_index":"list","_id":"1027010"}}
	{"id":1027010,"type":"sell","buyer":"thelogicaldude","seller":"bengy","symbol":"LIST","quantity":"11.38817221","price":"0.01730000","timestamp":1620241665,"volume":"0.19701538","buyTxId":"MM-P-6695058-53585739-3-0-0","sellTxId":"6ea3e71fce3461733ebcdafba7859aa68ef3f81e"}
{"index": {"_index":"list","_id":"1027103"}}
	{"id":1027103,"type":"sell","buyer":"thelogicaldude","seller":"nulledgh0st","symbol":"LIST","quantity":"1.59390926","price":"0.01730000","timestamp":1620242934,"volume":"0.02757463","buyTxId":"MM-P-6695058-53585739-3-0-0","sellTxId":"5f160efe4822b3036ff63a79a1f436461546be55"}
{"index": {"_index":"list","_id":"1027104"}}
	{"id":1027104,"type":"sell","buyer":"thelogicaldude","seller":"joemark","symbol":"LIST","quantity":"42.52987618","price":"0.01730000","timestamp":1620242937,"volume":"0.73576686","buyTxId":"MM-P-6695058-53585739-3-0-0","sellTxId":"90ff1affb18e34fe0b6822012f9d9ae9556c2356"}
{"index": {"_index":"list","_id":"1028732"}}
	{"id":1028732,"type":"sell","buyer":"thelogicaldude","seller":"sipahikara","symbol":"LIST","quantity":"38.80540000","price":"0.01730000","timestamp":1620291597,"volume":"0.67133342","buyTxId":"MM-P-6695058-53585739-3-0-0","sellTxId":"f03b98c70cc684c14317d850730f631e6d32381a"}
{"index": {"_index":"list","_id":"1029019"}}
	{"id":1029019,"type":"sell","buyer":"thelogicaldude","seller":"almor69","symbol":"LIST","quantity":"8.00000000","price":"0.01730000","timestamp":1620301311,"volume":"0.13840000","buyTxId":"MM-P-6695058-53585739-3-0-0","sellTxId":"3d57fa21459035808c77624ddf4b06c5fd9954d6"}
{"index": {"_index":"list","_id":"1029065"}}
	{"id":1029065,"type":"sell","buyer":"thelogicaldude","seller":"uyobong","symbol":"LIST","quantity":"124.28288921","price":"0.01730000","timestamp":1620303408,"volume":"2.15009398","buyTxId":"MM-P-6695058-53585739-3-0-0","sellTxId":"a37d44900429e3436a7ad093dbe511cbb4a458ca"}
{"index": {"_index":"list","_id":"1029066"}}
	{"id":1029066,"type":"sell","buyer":"dera123","seller":"uyobong","symbol":"LIST","quantity":"45.71711079","price":"0.01720000","timestamp":1620303408,"volume":"0.78633431","buyTxId":"7fed693ce825a4dc842954756efbcd26b35d9056","sellTxId":"a37d44900429e3436a7ad093dbe511cbb4a458ca"}
{"index": {"_index":"list","_id":"1029098"}}
	{"id":1029098,"type":"sell","buyer":"thelogicaldude","seller":"brofi-market","symbol":"LIST","quantity":"0.11300010","price":"0.01730000","timestamp":1620304212,"volume":"0.00195490","buyTxId":"MM-P-6752688-53651938-3-0-0","sellTxId":"ddf8dcc22c80925c26750d5bb99d62152405e899"}
{"index": {"_index":"list","_id":"1029110"}}
	{"id":1029110,"type":"sell","buyer":"thelogicaldude","seller":"writeandearn","symbol":"LIST","quantity":"229.00000000","price":"0.01730000","timestamp":1620304437,"volume":"3.96170000","buyTxId":"MM-P-6752688-53651938-3-0-0","sellTxId":"6c7d8a8f6e561836b19cd3ae52b1f21a5a373987"}
{"index": {"_index":"list","_id":"1029192"}}
	{"id":1029192,"type":"buy","buyer":"evernoticethat","seller":"nycer","symbol":"LIST","quantity":"5.57106922","price":"0.02418000","timestamp":1620305511,"volume":"0.13470845","buyTxId":"36856ee96ae7d882906824b2ec1ce53dd8e69d20","sellTxId":"afabc0e6292adc73c20860876935964f0d048c16"}
{"index": {"_index":"list","_id":"1029193"}}
	{"id":1029193,"type":"buy","buyer":"evernoticethat","seller":"brofi-market","symbol":"LIST","quantity":"0.11300010","price":"0.02418000","timestamp":1620305511,"volume":"0.00273234","buyTxId":"36856ee96ae7d882906824b2ec1ce53dd8e69d20","sellTxId":"074f9952a628d07f227f15290dab522e0253f3e8"}
{"index": {"_index":"list","_id":"1029194"}}
	{"id":1029194,"type":"buy","buyer":"evernoticethat","seller":"thelogicaldude","symbol":"LIST","quantity":"34.31593068","price":"0.02590000","timestamp":1620305511,"volume":"0.88878260","buyTxId":"36856ee96ae7d882906824b2ec1ce53dd8e69d20","sellTxId":"MM-P-6726125-53621779-3-0-0"}
{"index": {"_index":"list","_id":"1029210"}}
	{"id":1029210,"type":"sell","buyer":"thelogicaldude","seller":"steemstreems","symbol":"LIST","quantity":"0.00285050","price":"0.01730000","timestamp":1620305991,"volume":"0.00004931","buyTxId":"MM-P-6752688-53651938-3-0-0","sellTxId":"25106001aed004d9a28e315a5d76b1ba308fd0bd"}
{"index": {"_index":"list","_id":"1029467"}}
	{"id":1029467,"type":"sell","buyer":"thelogicaldude","seller":"rishi556","symbol":"LIST","quantity":"0.00013109","price":"0.01730000","timestamp":1620312192,"volume":"0.00000227","buyTxId":"MM-P-6752688-53651938-3-0-0","sellTxId":"493bd87aab319cf363be49b88dc6abe7e7ce4cfe-3"}
{"index": {"_index":"list","_id":"1029713"}}
	{"id":1029713,"type":"sell","buyer":"thelogicaldude","seller":"tonytrillions","symbol":"LIST","quantity":"0.00103662","price":"0.01730000","timestamp":1620317409,"volume":"0.00001793","buyTxId":"MM-P-6752688-53651938-3-0-0","sellTxId":"1fcb1b500f89fae32ded50705ef7f23e42990895"}
{"index": {"_index":"list","_id":"1029768"}}
	{"id":1029768,"type":"sell","buyer":"thelogicaldude","seller":"crypto133","symbol":"LIST","quantity":"172.06782749","price":"0.01730000","timestamp":1620318114,"volume":"2.97677342","buyTxId":"MM-P-6752688-53651938-3-0-0","sellTxId":"b09729b802505defac8ba6fe9e0fa1ef908d66ee"}
{"index": {"_index":"list","_id":"1029836"}}
	{"id":1029836,"type":"sell","buyer":"thelogicaldude","seller":"crypto133","symbol":"LIST","quantity":"55.23408151","price":"0.01730000","timestamp":1620318807,"volume":"0.95554961","buyTxId":"MM-P-6752688-53651938-3-0-0","sellTxId":"070fbeef49bf1dea1e4d5a8212275f4f79b05c87"}
{"index": {"_index":"list","_id":"1030285"}}
	{"id":1030285,"type":"sell","buyer":"thelogicaldude","seller":"tonytrillions","symbol":"LIST","quantity":"0.00005462","price":"0.01730000","timestamp":1620330915,"volume":"0.00000094","buyTxId":"MM-P-6752688-53651938-3-0-0","sellTxId":"ca1e4e9ed56cca634d323869e29e6d33179acf71"}
{"index": {"_index":"list","_id":"1030741"}}
	{"id":1030741,"type":"sell","buyer":"thelogicaldude","seller":"adhammer","symbol":"LIST","quantity":"0.00176252","price":"0.01730000","timestamp":1620338571,"volume":"0.00003049","buyTxId":"MM-P-6752688-53651938-3-0-0","sellTxId":"cc536a6b0d609bb46b0d9a9d43cf6e883cde3e79"}
{"index": {"_index":"list","_id":"1030876"}}
	{"id":1030876,"type":"sell","buyer":"thelogicaldude","seller":"dannychain","symbol":"LIST","quantity":"0.00051491","price":"0.01730000","timestamp":1620342174,"volume":"0.00000891","buyTxId":"MM-P-6752688-53651938-3-0-0","sellTxId":"79e0a050964f1a05db26caaee05ab3d19fcf8c4c"}
{"index": {"_index":"list","_id":"1030891"}}
	{"id":1030891,"type":"sell","buyer":"thelogicaldude","seller":"ganjafarmer","symbol":"LIST","quantity":"1.69926507","price":"0.01730000","timestamp":1620342540,"volume":"0.02939729","buyTxId":"MM-P-6752688-53651938-3-0-0","sellTxId":"e83887d978895267ef31a561f56e0f62723aaec6"}
{"index": {"_index":"list","_id":"1031108"}}
	{"id":1031108,"type":"sell","buyer":"thelogicaldude","seller":"nulledgh0st","symbol":"LIST","quantity":"1.12442468","price":"0.01730000","timestamp":1620350148,"volume":"0.01945255","buyTxId":"MM-P-6752688-53651938-3-0-0","sellTxId":"08766ff93d7d18a429bad2c60d82dfdef8128115"}
