{"index": {"_index":"list","_id":"1270915"}}
	{"id":1270915,"type":"sell","buyer":"thelogicaldude","seller":"rishi556","symbol":"LIST","quantity":"0.00007063","price":"0.01170001","timestamp":1627531503,"volume":"0.00000083","buyTxId":"MM-P-9068419-56049549-3-0-0","sellTxId":"68d063d86dc2815e94b9ff0b81104575850344fc-2"}
{"index": {"_index":"list","_id":"1271166"}}
	{"id":1271166,"type":"sell","buyer":"thelogicaldude","seller":"derham","symbol":"LIST","quantity":"200.25425000","price":"0.01170001","timestamp":1627534125,"volume":"2.34297673","buyTxId":"MM-P-9068419-56049549-3-0-0","sellTxId":"66e2aadb57ef2d62ec684b7208e38210e564ee25"}
{"index": {"_index":"list","_id":"1271182"}}
	{"id":1271182,"type":"sell","buyer":"thelogicaldude","seller":"derham","symbol":"LIST","quantity":"100.00000000","price":"0.01170001","timestamp":1627534416,"volume":"1.17000100","buyTxId":"MM-P-9068419-56049549-3-0-0","sellTxId":"7f8f6a3272b5a6478d27061ef694ef3611ee0cf1"}
{"index": {"_index":"list","_id":"1271808"}}
	{"id":1271808,"type":"sell","buyer":"thelogicaldude","seller":"lxsxl","symbol":"LIST","quantity":"0.00031638","price":"0.01170001","timestamp":1627541697,"volume":"0.00000370","buyTxId":"MM-P-9068419-56049549-3-0-0","sellTxId":"f6a64a25fdcc55d27f09fbd8da4b3059aa5dbf66"}
{"index": {"_index":"list","_id":"1272122"}}
	{"id":1272122,"type":"sell","buyer":"thelogicaldude","seller":"abimbola753","symbol":"LIST","quantity":"44.35108515","price":"0.01170001","timestamp":1627546386,"volume":"0.51890814","buyTxId":"MM-P-9068419-56049549-3-0-0","sellTxId":"72b06df89e629045b113268932610e1a493108ef"}
{"index": {"_index":"list","_id":"1272967"}}
	{"id":1272967,"type":"sell","buyer":"thelogicaldude","seller":"brofi-market","symbol":"LIST","quantity":"0.96952152","price":"0.01170001","timestamp":1627560966,"volume":"0.01134341","buyTxId":"MM-P-9068419-56049549-3-0-0","sellTxId":"02a907ca0010b45f5c0e0f884f5591ced35df8ce"}
{"index": {"_index":"list","_id":"1273199"}}
	{"id":1273199,"type":"sell","buyer":"thelogicaldude","seller":"dhedge-drips","symbol":"LIST","quantity":"0.09089203","price":"0.01170001","timestamp":1627562853,"volume":"0.00106344","buyTxId":"MM-P-9068419-56049549-3-0-0","sellTxId":"c8b50c5f7b0af6b3e5137a49da3147bdb2d9d9f9"}
{"index": {"_index":"list","_id":"1275008"}}
	{"id":1275008,"type":"sell","buyer":"thelogicaldude","seller":"crypto133","symbol":"LIST","quantity":"95.45719366","price":"0.01170001","timestamp":1627584579,"volume":"1.11685012","buyTxId":"MM-P-9068419-56049549-3-0-0","sellTxId":"603591ca27c1cde48598b0581d6ae2b80a435a2a"}
{"index": {"_index":"list","_id":"1276107"}}
	{"id":1276107,"type":"sell","buyer":"thelogicaldude","seller":"charityball","symbol":"LIST","quantity":"20.85605063","price":"0.01170001","timestamp":1627600272,"volume":"0.24401600","buyTxId":"MM-P-9068419-56049549-3-0-0","sellTxId":"50c7bfb46e794433bb84f20a6ac51547624166a5"}
{"index": {"_index":"list","_id":"1276473"}}
	{"id":1276473,"type":"sell","buyer":"thelogicaldude","seller":"donald.porter","symbol":"LIST","quantity":"27.88754972","price":"0.01170001","timestamp":1627605693,"volume":"0.32628461","buyTxId":"MM-P-9068419-56049549-3-0-0","sellTxId":"615e641176307cdb1405bfb5961018d184e6de98"}
