{"index": {"_index":"list","_id":"1202214"}}
	{"id":1202214,"type":"sell","buyer":"thelogicaldude","seller":"brofi-market","symbol":"LIST","quantity":"0.13319995","price":"0.01140000","timestamp":1625693994,"volume":"0.00151848","buyTxId":"MM-P-8451078-55430182-3-0-0","sellTxId":"44278a6563efdb7993dfc0c7bc6b98edc6975872"}
{"index": {"_index":"list","_id":"1202288"}}
	{"id":1202288,"type":"sell","buyer":"thelogicaldude","seller":"dhedge-drips","symbol":"LIST","quantity":"0.02193784","price":"0.01140000","timestamp":1625695857,"volume":"0.00025009","buyTxId":"MM-P-8451078-55430182-3-0-0","sellTxId":"c8f9876de0da36551a523266f28b0c3ab1504583"}
{"index": {"_index":"list","_id":"1202358"}}
	{"id":1202358,"type":"buy","buyer":"monstercrusher","seller":"brofi-market","symbol":"LIST","quantity":"0.10170007","price":"0.01690000","timestamp":1625698470,"volume":"0.00171873","buyTxId":"b28cb797e8a4f8d0798e1e6b94ed549c34207cb4","sellTxId":"4671c9a735ee31f05a8d482a031ce29bf667c94f"}
{"index": {"_index":"list","_id":"1202359"}}
	{"id":1202359,"type":"buy","buyer":"monstercrusher","seller":"dhedge-drips","symbol":"LIST","quantity":"0.18770218","price":"0.01690000","timestamp":1625698470,"volume":"0.00317217","buyTxId":"b28cb797e8a4f8d0798e1e6b94ed549c34207cb4","sellTxId":"da364d820ed64becf8e3c6e1ebf2b83d1252ac06"}
{"index": {"_index":"list","_id":"1202360"}}
	{"id":1202360,"type":"buy","buyer":"monstercrusher","seller":"chekohler","symbol":"LIST","quantity":"0.71059775","price":"0.01690000","timestamp":1625698470,"volume":"0.01200910","buyTxId":"b28cb797e8a4f8d0798e1e6b94ed549c34207cb4","sellTxId":"c86e0099a276c5c54f9880f75db16e4c28e53397"}
{"index": {"_index":"list","_id":"1202512"}}
	{"id":1202512,"type":"sell","buyer":"thelogicaldude","seller":"jersteemit","symbol":"LIST","quantity":"35.53911192","price":"0.01140000","timestamp":1625704944,"volume":"0.40514588","buyTxId":"MM-P-8451078-55430182-3-0-0","sellTxId":"1a0dd5b1ebff83cb0aeced46c8830da8b450ed65"}
{"index": {"_index":"list","_id":"1202722"}}
	{"id":1202722,"type":"sell","buyer":"thelogicaldude","seller":"charityball","symbol":"LIST","quantity":"31.05073799","price":"0.01140000","timestamp":1625713299,"volume":"0.35397841","buyTxId":"MM-P-8451078-55430182-3-0-0","sellTxId":"3de18cddaa3c2f90dfe417259b1a0bf90af7c45d"}
{"index": {"_index":"list","_id":"1202740"}}
	{"id":1202740,"type":"sell","buyer":"thelogicaldude","seller":"pablodare","symbol":"LIST","quantity":"19.92188846","price":"0.01140000","timestamp":1625715039,"volume":"0.22710953","buyTxId":"MM-P-8451078-55430182-3-0-0","sellTxId":"ea2c1ca228a0ab3d9a01737cda4879bc1ec15f34"}
{"index": {"_index":"list","_id":"1202817"}}
	{"id":1202817,"type":"sell","buyer":"thelogicaldude","seller":"micaelcab","symbol":"LIST","quantity":"0.08325000","price":"0.01140000","timestamp":1625718114,"volume":"0.00094905","buyTxId":"MM-P-8451078-55430182-3-0-0","sellTxId":"9d0f4e27e075de0aa0f69118ded463e0f244a28c"}
{"index": {"_index":"list","_id":"1203461"}}
	{"id":1203461,"type":"sell","buyer":"thelogicaldude","seller":"aiovo","symbol":"LIST","quantity":"30.00000000","price":"0.01140000","timestamp":1625742864,"volume":"0.34200000","buyTxId":"MM-P-8451078-55430182-3-0-0","sellTxId":"cb3d992cd541a278781275cb7964c39792644d84"}
{"index": {"_index":"list","_id":"1203716"}}
	{"id":1203716,"type":"sell","buyer":"thelogicaldude","seller":"sirdemian","symbol":"LIST","quantity":"1.37360642","price":"0.01140000","timestamp":1625755305,"volume":"0.01565911","buyTxId":"MM-P-8451078-55430182-3-0-0","sellTxId":"828b2771f65724d853619a5a4e8f635cfe27a04f"}
{"index": {"_index":"list","_id":"1203920"}}
	{"id":1203920,"type":"sell","buyer":"thelogicaldude","seller":"kelsiershard","symbol":"LIST","quantity":"3.10118663","price":"0.01140000","timestamp":1625761563,"volume":"0.03535353","buyTxId":"MM-P-8451078-55430182-3-0-0","sellTxId":"55ef2062f8d28d69cdda8d1641c253b04f8410b1"}
{"index": {"_index":"list","_id":"1203927"}}
	{"id":1203927,"type":"sell","buyer":"thelogicaldude","seller":"brofi-market","symbol":"LIST","quantity":"0.13680000","price":"0.01140000","timestamp":1625761623,"volume":"0.00155952","buyTxId":"MM-P-8451078-55430182-3-0-0","sellTxId":"a427c541f11c1d07f09c46639daec94e8b51f350"}
{"index": {"_index":"list","_id":"1204305"}}
	{"id":1204305,"type":"sell","buyer":"thelogicaldude","seller":"crypto133","symbol":"LIST","quantity":"296.99269540","price":"0.01140000","timestamp":1625771322,"volume":"3.38571673","buyTxId":"MM-P-8451078-55430182-3-0-0","sellTxId":"2ec254822781d3b494e91df4975fc4296d5cd89a"}
{"index": {"_index":"list","_id":"1204436"}}
	{"id":1204436,"type":"sell","buyer":"thelogicaldude","seller":"charityball","symbol":"LIST","quantity":"4.55850001","price":"0.01140000","timestamp":1625775297,"volume":"0.05196690","buyTxId":"MM-P-8451078-55430182-3-0-0","sellTxId":"08742b9ad26e2adfa4af7102ea9fe586c50a657e"}
{"index": {"_index":"list","_id":"1204514"}}
	{"id":1204514,"type":"sell","buyer":"thelogicaldude","seller":"dhedge-drips","symbol":"LIST","quantity":"0.01282500","price":"0.01140000","timestamp":1625776914,"volume":"0.00014621","buyTxId":"MM-P-8451078-55430182-3-0-0","sellTxId":"34442cd489d17e1322342700d4b64f2b5c81b9b6"}
