{"index": {"_index":"list","_id":"1481155"}}
	{"id":1481155,"type":"sell","buyer":"thelogicaldude","seller":"charityball","symbol":"LIST","quantity":"23.00950711","price":"0.01410000","timestamp":1630793988,"volume":"0.32443405","buyTxId":"MM-P-10125600-57109433-3-0-0","sellTxId":"c981d35d3e41bbc3b568b9d1863f1485067cbd0a"}
{"index": {"_index":"list","_id":"1481230"}}
	{"id":1481230,"type":"sell","buyer":"thelogicaldude","seller":"pablodare","symbol":"LIST","quantity":"6.67332203","price":"0.01410000","timestamp":1630795173,"volume":"0.09409384","buyTxId":"MM-P-10125600-57109433-3-0-0","sellTxId":"732e81cdc5734385a87f8109d81b8c4ad7f56aa5"}
{"index": {"_index":"list","_id":"1481265"}}
	{"id":1481265,"type":"sell","buyer":"thelogicaldude","seller":"droida","symbol":"LIST","quantity":"0.00126393","price":"0.01410000","timestamp":1630795839,"volume":"0.00001782","buyTxId":"MM-P-10125600-57109433-3-0-0","sellTxId":"464de1062ebffbfe0cbf1a970b157061a617bd38"}
{"index": {"_index":"list","_id":"1481308"}}
	{"id":1481308,"type":"sell","buyer":"thelogicaldude","seller":"pablodare","symbol":"LIST","quantity":"1.91807975","price":"0.01410000","timestamp":1630796805,"volume":"0.02704492","buyTxId":"MM-P-10125600-57109433-3-0-0","sellTxId":"9bd1a6a68139a1e938fa5391a1d39ff229f7b284"}
{"index": {"_index":"list","_id":"1481823"}}
	{"id":1481823,"type":"sell","buyer":"thelogicaldude","seller":"marvinix","symbol":"LIST","quantity":"14","price":"0.01410000","timestamp":1630804302,"volume":"0.19740000","buyTxId":"MM-P-10125600-57109433-3-0-0","sellTxId":"09fd525c1c177951dfd16994c69f565ac99d3280"}
{"index": {"_index":"list","_id":"1482448"}}
	{"id":1482448,"type":"sell","buyer":"thelogicaldude","seller":"brofi-market","symbol":"LIST","quantity":"0.30509986","price":"0.01410000","timestamp":1630815120,"volume":"0.00430191","buyTxId":"MM-P-10125600-57109433-3-0-0","sellTxId":"be290c97c10441ddea9cd57e9c8011f994041bc7"}
{"index": {"_index":"list","_id":"1482548"}}
	{"id":1482548,"type":"sell","buyer":"thelogicaldude","seller":"evernoticethat","symbol":"LIST","quantity":"93.94319287","price":"0.01410000","timestamp":1630817283,"volume":"1.32459902","buyTxId":"MM-P-10125600-57109433-3-0-0","sellTxId":"c0fbe0f89c9a861637739a451c0e429db279463f"}
{"index": {"_index":"list","_id":"1482727"}}
	{"id":1482727,"type":"sell","buyer":"thelogicaldude","seller":"ctpsb","symbol":"LIST","quantity":"36.50000000","price":"0.01410000","timestamp":1630821618,"volume":"0.51465000","buyTxId":"MM-P-10125600-57109433-3-0-0","sellTxId":"8c205fe949286625b85b6d51bf634db92463e353"}
{"index": {"_index":"list","_id":"1482869"}}
	{"id":1482869,"type":"sell","buyer":"thelogicaldude","seller":"dhedge-drips","symbol":"LIST","quantity":"0.02860311","price":"0.01410000","timestamp":1630824372,"volume":"0.00040330","buyTxId":"MM-P-10125600-57109433-3-0-0","sellTxId":"794bbacdcd1b4fcedf5fb06988604976302ab4f5"}
{"index": {"_index":"list","_id":"1483570"}}
	{"id":1483570,"type":"sell","buyer":"thelogicaldude","seller":"hive-143869","symbol":"LIST","quantity":"0.14730000","price":"0.01410000","timestamp":1630837779,"volume":"0.00207693","buyTxId":"MM-P-10125600-57109433-3-0-0","sellTxId":"a74e9a832cf1473230d99422592f06df9ac3714d"}
{"index": {"_index":"list","_id":"1483759"}}
	{"id":1483759,"type":"sell","buyer":"thelogicaldude","seller":"justinparke","symbol":"LIST","quantity":"8.09255586","price":"0.01410000","timestamp":1630840998,"volume":"0.11410504","buyTxId":"MM-P-10125600-57109433-3-0-0","sellTxId":"b029d9d10dca44edcbbfcdd51d83dfe3bf53bae2"}
{"index": {"_index":"list","_id":"1483908"}}
	{"id":1483908,"type":"buy","buyer":"yintercept","seller":"brofi-market","symbol":"LIST","quantity":"0.33929999","price":"0.01444800","timestamp":1630844535,"volume":"0.00490221","buyTxId":"c62c9c595196e2a80b641b3c5bb6d933b82bf5b7","sellTxId":"8d9feee627a228b6f7c4046e69786ce5425feb2a"}
{"index": {"_index":"list","_id":"1483909"}}
	{"id":1483909,"type":"buy","buyer":"yintercept","seller":"dhedge-drips","symbol":"LIST","quantity":"0.03180938","price":"0.01444800","timestamp":1630844535,"volume":"0.00045958","buyTxId":"c62c9c595196e2a80b641b3c5bb6d933b82bf5b7","sellTxId":"317c50b843d61723f1b2f5b75897200dc6258b3b"}
{"index": {"_index":"list","_id":"1483910"}}
	{"id":1483910,"type":"buy","buyer":"yintercept","seller":"brofi-market","symbol":"LIST","quantity":"0.23580022","price":"0.01444800","timestamp":1630844535,"volume":"0.00340684","buyTxId":"c62c9c595196e2a80b641b3c5bb6d933b82bf5b7","sellTxId":"50e69b45cb573e45225740ea535870ef5f902c32"}
{"index": {"_index":"list","_id":"1483911"}}
	{"id":1483911,"type":"buy","buyer":"yintercept","seller":"dhedge-drips","symbol":"LIST","quantity":"0.02210627","price":"0.01444800","timestamp":1630844535,"volume":"0.00031939","buyTxId":"c62c9c595196e2a80b641b3c5bb6d933b82bf5b7","sellTxId":"a533722fe35e2d799dcc261c28f69193097f3f73"}
{"index": {"_index":"list","_id":"1483912"}}
	{"id":1483912,"type":"buy","buyer":"yintercept","seller":"brofi-market","symbol":"LIST","quantity":"0.30509986","price":"0.01444800","timestamp":1630844535,"volume":"0.00440808","buyTxId":"c62c9c595196e2a80b641b3c5bb6d933b82bf5b7","sellTxId":"2481191cf064fb46e860c338e94ff37d643fa70f"}
{"index": {"_index":"list","_id":"1483913"}}
	{"id":1483913,"type":"buy","buyer":"yintercept","seller":"dhedge-drips","symbol":"LIST","quantity":"0.02860311","price":"0.01444800","timestamp":1630844535,"volume":"0.00041326","buyTxId":"c62c9c595196e2a80b641b3c5bb6d933b82bf5b7","sellTxId":"b44d29a433ea450a2919bd91c4558ebb1e2a4a1f"}
{"index": {"_index":"list","_id":"1483914"}}
	{"id":1483914,"type":"buy","buyer":"yintercept","seller":"dhedge-drips","symbol":"LIST","quantity":"0.03155619","price":"0.01475000","timestamp":1630844535,"volume":"0.00046545","buyTxId":"c62c9c595196e2a80b641b3c5bb6d933b82bf5b7","sellTxId":"19d7c413f5c7a40c3266d7bdb59b31b1dce98375"}
{"index": {"_index":"list","_id":"1484794"}}
	{"id":1484794,"type":"sell","buyer":"thelogicaldude","seller":"rishi556","symbol":"LIST","quantity":"0.0000193","price":"0.01450000","timestamp":1630859790,"volume":"0.00000028","buyTxId":"MM-P-10173969-57157842-3-0-0","sellTxId":"4159266abd15f732c0942d65af1aa4a348078ea7-2"}
{"index": {"_index":"list","_id":"1485938"}}
	{"id":1485938,"type":"sell","buyer":"thelogicaldude","seller":"valchiz","symbol":"LIST","quantity":"709.00000000","price":"0.01410000","timestamp":1630874823,"volume":"9.99690000","buyTxId":"MM-P-10179557-57163433-3-0-0","sellTxId":"734b160d21e426d87f015f395cfb8fbfe86ede43"}
{"index": {"_index":"list","_id":"1485942"}}
	{"id":1485942,"type":"sell","buyer":"thelogicaldude","seller":"droida","symbol":"LIST","quantity":"0.00104761","price":"0.01410000","timestamp":1630874853,"volume":"0.00001477","buyTxId":"MM-P-10179557-57163433-3-0-0","sellTxId":"ca4fa661a00f1c9ad8f7202adfb2bc21aaefc921"}
