{"index": {"_index":"list","_id":"3960633"}}
	{"id":3960633,"type":"sell","buyer":"pjansen","seller":"frugal-fun","symbol":"LIST","quantity":"21.65311266","price":"0.00411502","timestamp":1658457369,"volume":"0.08910299","buyTxId":"d1e3f739a46d8be8595ce6d79b22111f7add7665","sellTxId":"f742141a9732b26dee01396f32555af589f00a1c"}
{"index": {"_index":"list","_id":"3964274"}}
	{"id":3964274,"type":"sell","buyer":"quinnertronics","seller":"dswap","symbol":"LIST","quantity":"0.01537912","price":"0.00411501","timestamp":1658498634,"volume":"0.00006329","buyTxId":"15856aa65a0ff87ee5e0a6f25a3d72f01a44e7e3","sellTxId":"b2e506a9b9471860f8d38d4c467bbeb2cf75e97b"}
{"index": {"_index":"list","_id":"3966470"}}
	{"id":3966470,"type":"sell","buyer":"yintercept","seller":"cwow2","symbol":"LIST","quantity":"2.98493157","price":"0.00412000","timestamp":1658521590,"volume":"0.01229792","buyTxId":"5dc9c94af9e1160cdd8f9f21bd279822ea86e551","sellTxId":"5c66ec60897edf8ea1cb905fae1f67f90a47e261"}
{"index": {"_index":"list","_id":"3966541"}}
	{"id":3966541,"type":"buy","buyer":"tydynrain","seller":"mishoni","symbol":"LIST","quantity":"0.00000600","price":"0.00467289","timestamp":1658522562,"volume":"0.00000003","buyTxId":"09628e49f624ffc5e4479722b1097093f07ebe21","sellTxId":"9dac230b02770dffb26fb68178ca3bf3d7ffaa5d"}
{"index": {"_index":"list","_id":"3966645"}}
	{"id":3966645,"type":"sell","buyer":"yintercept","seller":"zakludick","symbol":"LIST","quantity":"0.39589852","price":"0.00412000","timestamp":1658523858,"volume":"0.00163110","buyTxId":"5dc9c94af9e1160cdd8f9f21bd279822ea86e551","sellTxId":"b8480c82f3bf4f1935a1f96e3a7375a1e3088763"}
{"index": {"_index":"list","_id":"3966824"}}
	{"id":3966824,"type":"buy","buyer":"yintercept","seller":"zakludick","symbol":"LIST","quantity":"0.06948362","price":"0.00412000","timestamp":1658526069,"volume":"0.00028627","buyTxId":"981b68f12b6266c264a2a299866dd077c3768251","sellTxId":"b8480c82f3bf4f1935a1f96e3a7375a1e3088763"}
{"index": {"_index":"list","_id":"3966843"}}
	{"id":3966843,"type":"sell","buyer":"pjansen","seller":"isiksenpalvoja","symbol":"LIST","quantity":"1.40283000","price":"0.00411502","timestamp":1658526396,"volume":"0.00577267","buyTxId":"6bd918b750d3b2855cf4871b8f24d8e0c41b0014","sellTxId":"8eabcc952ce5fb9911da7fc94d1a8f73a6e57799"}
{"index": {"_index":"list","_id":"3967430"}}
	{"id":3967430,"type":"sell","buyer":"pjansen","seller":"maurojd","symbol":"LIST","quantity":"26.92176056","price":"0.00411502","timestamp":1658535300,"volume":"0.11078358","buyTxId":"825d5d60d81d6bc498c02267fae6db199c3feb11","sellTxId":"6ad866884a460397b68ea2f1b5d94c5df7bad509"}
{"index": {"_index":"list","_id":"3967509"}}
	{"id":3967509,"type":"buy","buyer":"tydynrain","seller":"yintercept","symbol":"LIST","quantity":"3.56827700","price":"0.00688000","timestamp":1658536905,"volume":"0.02454975","buyTxId":"42e118aaa4550f5ada2837ff21d7de3d699a74a0","sellTxId":"be95a43938150ffd39b2cd0cca3784c1640381e2"}
{"index": {"_index":"list","_id":"3967525"}}
	{"id":3967525,"type":"buy","buyer":"tydynrain","seller":"onlydoge","symbol":"LIST","quantity":"17.46227100","price":"0.00688900","timestamp":1658537142,"volume":"0.12029758","buyTxId":"90a302447b4cea02af8afce09f457b491e8f3636","sellTxId":"c10a8dcdcf006caf9e22a36556fa183c305f3feb"}
{"index": {"_index":"list","_id":"3967530"}}
	{"id":3967530,"type":"buy","buyer":"tydynrain","seller":"onlydoge","symbol":"LIST","quantity":"15.00000000","price":"0.00688900","timestamp":1658537187,"volume":"0.10333500","buyTxId":"2238581a0e887e0e1077a3c26c41a5161338de3d","sellTxId":"c10a8dcdcf006caf9e22a36556fa183c305f3feb"}
{"index": {"_index":"list","_id":"3967552"}}
	{"id":3967552,"type":"sell","buyer":"pjansen","seller":"justinparke","symbol":"LIST","quantity":"41.50511901","price":"0.00411502","timestamp":1658537478,"volume":"0.17079439","buyTxId":"4ca4166dcf97a11eee172df58afc88d3381ab821","sellTxId":"a94bb244ae8dee3a03c31da6c7280c35aeaca9f5"}
