{"index": {"_index":"list","_id":"1598296"}}
	{"id":1598296,"type":"sell","buyer":"thelogicaldude","seller":"brofi-market","symbol":"LIST","quantity":"0.10170632","price":"0.01810000","timestamp":1632802566,"volume":"0.00184088","buyTxId":"MM-P-10820932-57805631-3-0-0","sellTxId":"71c61a15e7c6d447ae85f562c4ca8684443401ad"}
{"index": {"_index":"list","_id":"1598474"}}
	{"id":1598474,"type":"sell","buyer":"thelogicaldude","seller":"aswita","symbol":"LIST","quantity":"6.47329388","price":"0.01810000","timestamp":1632804672,"volume":"0.11716662","buyTxId":"MM-P-10820932-57805631-3-0-0","sellTxId":"21be4bd67679dae18ec9828eb5d68b61c652e264"}
{"index": {"_index":"list","_id":"1598481"}}
	{"id":1598481,"type":"buy","buyer":"cnps","seller":"pablodare","symbol":"LIST","quantity":"12.00000000","price":"0.08000000","timestamp":1632804735,"volume":"0.96000000","buyTxId":"b418531c3f12c912fcd8ccbe94d0b46292c6ceac","sellTxId":"d1b6ed9918e228ef684b62eff1991c24a28696b2"}
{"index": {"_index":"list","_id":"1598904"}}
	{"id":1598904,"type":"sell","buyer":"cloudblade","seller":"dhedge-drips","symbol":"LIST","quantity":"0.00953497","price":"0.01111000","timestamp":1632811617,"volume":"0.00010593","buyTxId":"6966f64bf83fcb42e1305d41d51cea70fba8dd76","sellTxId":"2278de6a701933eac08c665b675dffa068f449af"}
{"index": {"_index":"list","_id":"1599165"}}
	{"id":1599165,"type":"sell","buyer":"cloudblade","seller":"chekohler","symbol":"LIST","quantity":"0.00127090","price":"0.01111000","timestamp":1632814155,"volume":"0.00001412","buyTxId":"6966f64bf83fcb42e1305d41d51cea70fba8dd76","sellTxId":"7d30ff3f910d52da64d1974c382e3b4a72ceecca"}
{"index": {"_index":"list","_id":"1599441"}}
	{"id":1599441,"type":"buy","buyer":"ange.nkuru","seller":"pablodare","symbol":"LIST","quantity":"9.03525512","price":"0.04000000","timestamp":1632819060,"volume":"0.36141020","buyTxId":"179e31bd0dfaa182e66f5a511f684ab4a8899e3e","sellTxId":"bc34d48c7c39159c59457ff9803baaf6788866a7"}
{"index": {"_index":"list","_id":"1599442"}}
	{"id":1599442,"type":"buy","buyer":"ange.nkuru","seller":"dhedge-drips","symbol":"LIST","quantity":"0.00953497","price":"0.04000000","timestamp":1632819060,"volume":"0.00038140","buyTxId":"179e31bd0dfaa182e66f5a511f684ab4a8899e3e","sellTxId":"34146263fb507ca6ab1ac76e9342cae994612102"}
{"index": {"_index":"list","_id":"1599443"}}
	{"id":1599443,"type":"buy","buyer":"ange.nkuru","seller":"ctpsb","symbol":"LIST","quantity":"2.74500000","price":"0.05000000","timestamp":1632819060,"volume":"0.13725000","buyTxId":"179e31bd0dfaa182e66f5a511f684ab4a8899e3e","sellTxId":"c5b8a6a1b35ae61d9168e5da7b42daf4a8949aa5"}
{"index": {"_index":"list","_id":"1599444"}}
	{"id":1599444,"type":"buy","buyer":"ange.nkuru","seller":"brofi-market","symbol":"LIST","quantity":"0.10170632","price":"0.08000000","timestamp":1632819060,"volume":"0.00813651","buyTxId":"179e31bd0dfaa182e66f5a511f684ab4a8899e3e","sellTxId":"ae82489a3c7fb56a16c3adb9a7ff1ed07d6f83df"}
{"index": {"_index":"list","_id":"1599445"}}
	{"id":1599445,"type":"buy","buyer":"ange.nkuru","seller":"thelogicaldude","symbol":"LIST","quantity":"188.10850359","price":"0.08880000","timestamp":1632819060,"volume":"16.70403512","buyTxId":"179e31bd0dfaa182e66f5a511f684ab4a8899e3e","sellTxId":"MM-P-10810266-57794960-3-0-0"}
{"index": {"_index":"list","_id":"1599865"}}
	{"id":1599865,"type":"sell","buyer":"thelogicaldude","seller":"chekohler","symbol":"LIST","quantity":"0.00127126","price":"0.01121000","timestamp":1632828093,"volume":"0.00001425","buyTxId":"MM-P-10827907-57812614-3-0-0","sellTxId":"cf0c398c7a6e1bbd2080c6e175946b7b20fa217a"}
{"index": {"_index":"list","_id":"1600755"}}
	{"id":1600755,"type":"sell","buyer":"thelogicaldude","seller":"esmeesmith","symbol":"LIST","quantity":"22.36959355","price":"0.01121000","timestamp":1632840495,"volume":"0.25076314","buyTxId":"MM-P-10827907-57812614-3-0-0","sellTxId":"93c6131bcd1fe022a67822df6019dae83e17fe46"}
{"index": {"_index":"list","_id":"1601334"}}
	{"id":1601334,"type":"sell","buyer":"thelogicaldude","seller":"rishi556","symbol":"LIST","quantity":"0.00001769","price":"0.01121000","timestamp":1632847566,"volume":"0.00000020","buyTxId":"MM-P-10827907-57812614-3-0-0","sellTxId":"014ee36155f77216f54f46108233af6f0a99a86b-4"}
{"index": {"_index":"list","_id":"1602039"}}
	{"id":1602039,"type":"sell","buyer":"thelogicaldude","seller":"wdougwatson","symbol":"LIST","quantity":"0.00015163","price":"0.01121000","timestamp":1632856413,"volume":"0.00000170","buyTxId":"MM-P-10827907-57812614-3-0-0","sellTxId":"ae549c208971f82e9d175c4e95d0c0f7f03479c7"}
{"index": {"_index":"list","_id":"1602132"}}
	{"id":1602132,"type":"sell","buyer":"thelogicaldude","seller":"charityball","symbol":"LIST","quantity":"56.09345825","price":"0.01121000","timestamp":1632857538,"volume":"0.62880767","buyTxId":"MM-P-10827907-57812614-3-0-0","sellTxId":"b0462f61d514966cc411aaa15643ae725970398e"}
{"index": {"_index":"list","_id":"1603138"}}
	{"id":1603138,"type":"sell","buyer":"thelogicaldude","seller":"doitvoluntarily","symbol":"LIST","quantity":"24.45900000","price":"0.01121000","timestamp":1632872274,"volume":"0.27418539","buyTxId":"MM-P-10827907-57812614-3-0-0","sellTxId":"3190c28c08e0a062bc423cf2e86e7444c0ee7164"}
{"index": {"_index":"list","_id":"1603293"}}
	{"id":1603293,"type":"sell","buyer":"thelogicaldude","seller":"brofi-market","symbol":"LIST","quantity":"1.75130004","price":"0.01121000","timestamp":1632874587,"volume":"0.01963207","buyTxId":"MM-P-10827907-57812614-3-0-0","sellTxId":"ef59653840a2d3edd79854b9a577f68e56c6a650"}
