{"index": {"_index":"list","_id":"2002969"}}
	{"id":2002969,"type":"sell","buyer":"kobusu","seller":"brofi-market","symbol":"LIST","quantity":"0.91995572","price":"0.02200000","timestamp":1637031258,"volume":"0.02023903","buyTxId":"317ec449558d3933846949cec703ab4461262f23","sellTxId":"14513041f95eeb05a5a97442a900279d296d83c2"}
{"index": {"_index":"list","_id":"2004239"}}
	{"id":2004239,"type":"sell","buyer":"kobusu","seller":"joemark","symbol":"LIST","quantity":"193.36745799","price":"0.02200000","timestamp":1637041764,"volume":"4.25408408","buyTxId":"317ec449558d3933846949cec703ab4461262f23","sellTxId":"06bf7a7fd14f0fd8238098e02352c4977df0fa98"}
{"index": {"_index":"list","_id":"2004883"}}
	{"id":2004883,"type":"sell","buyer":"kobusu","seller":"dhedge-drips","symbol":"LIST","quantity":"0.08624584","price":"0.02200000","timestamp":1637045259,"volume":"0.00189741","buyTxId":"317ec449558d3933846949cec703ab4461262f23","sellTxId":"f11174222aa415d263ac45b5b9c410d25579a488"}
{"index": {"_index":"list","_id":"2006853"}}
	{"id":2006853,"type":"sell","buyer":"kobusu","seller":"uyobong","symbol":"LIST","quantity":"166.50265942","price":"0.02200000","timestamp":1637056419,"volume":"3.66305851","buyTxId":"317ec449558d3933846949cec703ab4461262f23","sellTxId":"7375fae275a5ea8163c4394ec0107df0b68f6779"}
{"index": {"_index":"list","_id":"2007190"}}
	{"id":2007190,"type":"sell","buyer":"kobusu","seller":"chekohler","symbol":"LIST","quantity":"0.00007700","price":"0.02200000","timestamp":1637058471,"volume":"0.00000169","buyTxId":"317ec449558d3933846949cec703ab4461262f23","sellTxId":"fda4352a2b73079dc67af5928617e5ce02332916"}
{"index": {"_index":"list","_id":"2007240"}}
	{"id":2007240,"type":"buy","buyer":"kobusu","seller":"blainjones","symbol":"LIST","quantity":"754.44443189","price":"0.02790000","timestamp":1637058684,"volume":"21.04899965","buyTxId":"dd891ce3a67d4af081b83eca7b336ce30df1018b","sellTxId":"f70c3891d2e3256d8c0016aa9861ae42ade806e8"}
{"index": {"_index":"list","_id":"2008079"}}
	{"id":2008079,"type":"sell","buyer":"kobusu","seller":"tonytrillions","symbol":"LIST","quantity":"0.00263100","price":"0.02200000","timestamp":1637063646,"volume":"0.00005788","buyTxId":"317ec449558d3933846949cec703ab4461262f23","sellTxId":"733cf80d52f83703d2a1bfd349d3d2c94f9bb932"}
{"index": {"_index":"list","_id":"2008371"}}
	{"id":2008371,"type":"sell","buyer":"kobusu","seller":"brofi-market","symbol":"LIST","quantity":"0.13500165","price":"0.02200000","timestamp":1637064537,"volume":"0.00297004","buyTxId":"317ec449558d3933846949cec703ab4461262f23","sellTxId":"e2ee60b2d9d9e3176862e9c5ba64c9b88220704f"}
{"index": {"_index":"list","_id":"2009388"}}
	{"id":2009388,"type":"sell","buyer":"kobusu","seller":"hive-127788","symbol":"LIST","quantity":"116.92859582","price":"0.02200000","timestamp":1637068335,"volume":"2.57242911","buyTxId":"317ec449558d3933846949cec703ab4461262f23","sellTxId":"f453370ab22d8785d1f580d13e5a6b5fd9d11754"}
{"index": {"_index":"list","_id":"2010774"}}
	{"id":2010774,"type":"sell","buyer":"kobusu","seller":"esmeesmith","symbol":"LIST","quantity":"0.30130933","price":"0.02200000","timestamp":1637076543,"volume":"0.00662881","buyTxId":"317ec449558d3933846949cec703ab4461262f23","sellTxId":"56a67aaddc9c0d600cbb84bac6185057e6eb8d0a"}
{"index": {"_index":"list","_id":"2011022"}}
	{"id":2011022,"type":"sell","buyer":"kobusu","seller":"svirus","symbol":"LIST","quantity":"5001.28651721","price":"0.02300000","timestamp":1637078082,"volume":"115.02958990","buyTxId":"5c298a4bbc9bafc67535b94b10a0e98da1d0b3fb","sellTxId":"a095193b910cbd21a0a65229a72d661695fc85e5-1"}
{"index": {"_index":"list","_id":"2011074"}}
	{"id":2011074,"type":"sell","buyer":"pi-trader","seller":"magnacarta","symbol":"LIST","quantity":"0.65171196","price":"0.02300001","timestamp":1637078340,"volume":"0.01498938","buyTxId":"73d63e47f39c851198bb09537a58e1fbb26e7313-1","sellTxId":"382830a1bd7d7a8a17881c48442831833ad90e53"}
{"index": {"_index":"list","_id":"2012938"}}
	{"id":2012938,"type":"sell","buyer":"pi-trader","seller":"dhedge-drips","symbol":"LIST","quantity":"0.01265640","price":"0.02300001","timestamp":1637088423,"volume":"0.00029110","buyTxId":"f9cf252c46bab0923651691fd594e187b3f73cef-8","sellTxId":"fe76806bb7177565d315630ad89ff65894793303"}
{"index": {"_index":"list","_id":"2013426"}}
	{"id":2013426,"type":"sell","buyer":"pi-trader","seller":"charityball","symbol":"LIST","quantity":"36.00000000","price":"0.02300001","timestamp":1637091237,"volume":"0.82800036","buyTxId":"96a12ccf5ae5b3ce7ce19f088b6d3a29d1cf050b-3","sellTxId":"580a18de8ef79255a3441164f33e4e49ec31cc1c"}
{"index": {"_index":"list","_id":"2014281"}}
	{"id":2014281,"type":"sell","buyer":"pi-trader","seller":"openwide","symbol":"LIST","quantity":"7.82889840","price":"0.02300001","timestamp":1637095905,"volume":"0.18006474","buyTxId":"2841da731eab0b57246bf284e78dffdb4257b369-7","sellTxId":"f5e5ccfa1d48ccc12a67c0353ee92a24c96643cf"}
{"index": {"_index":"list","_id":"2015424"}}
	{"id":2015424,"type":"sell","buyer":"pi-trader","seller":"quicktrades","symbol":"LIST","quantity":"0.00115332","price":"0.02300001","timestamp":1637103069,"volume":"0.00002653","buyTxId":"3b889e052466465cab4108418dee179ead449598-4","sellTxId":"9f4ca7c69d0f341016eecc2512825e55ceedb025"}
{"index": {"_index":"list","_id":"2015652"}}
	{"id":2015652,"type":"sell","buyer":"pi-trader","seller":"rezoanulvibes","symbol":"LIST","quantity":"1.41570000","price":"0.02300001","timestamp":1637104482,"volume":"0.03256111","buyTxId":"7d5754504a37e10f0af47f76aa234b63996cd5a8-3","sellTxId":"0254261e5f209bb27303ceac0bd3fca5c93b9346"}
{"index": {"_index":"list","_id":"2015771"}}
	{"id":2015771,"type":"sell","buyer":"pi-trader","seller":"unorgmilitia","symbol":"LIST","quantity":"300.00000000","price":"0.02300001","timestamp":1637105286,"volume":"6.90000300","buyTxId":"eb0db6ab1e9e699dbf8344702942d74bc958b58a-7","sellTxId":"3b73591c0b7c03e7e281e7482898473bdc370d49"}
{"index": {"_index":"list","_id":"2015772"}}
	{"id":2015772,"type":"sell","buyer":"kobusu","seller":"unorgmilitia","symbol":"LIST","quantity":"1378.60758925","price":"0.02300000","timestamp":1637105286,"volume":"31.70797455","buyTxId":"5c298a4bbc9bafc67535b94b10a0e98da1d0b3fb","sellTxId":"3b73591c0b7c03e7e281e7482898473bdc370d49"}
{"index": {"_index":"list","_id":"2017109"}}
	{"id":2017109,"type":"sell","buyer":"pi-trader","seller":"mawit07","symbol":"LIST","quantity":"300.00000000","price":"0.02300001","timestamp":1637115546,"volume":"6.90000300","buyTxId":"c32d25c5b999a0ee0c5170c3b1246c49f3c1ce97-1","sellTxId":"2cb20196fe851fc1b465389621ebe23ac8de14fc"}
{"index": {"_index":"list","_id":"2017110"}}
	{"id":2017110,"type":"sell","buyer":"kobusu","seller":"mawit07","symbol":"LIST","quantity":"460.33956987","price":"0.02300000","timestamp":1637115546,"volume":"10.58781011","buyTxId":"5c298a4bbc9bafc67535b94b10a0e98da1d0b3fb","sellTxId":"2cb20196fe851fc1b465389621ebe23ac8de14fc"}
{"index": {"_index":"list","_id":"2017197"}}
	{"id":2017197,"type":"sell","buyer":"kobusu","seller":"phycosimo","symbol":"LIST","quantity":"0.71763002","price":"0.02300000","timestamp":1637116653,"volume":"0.01650549","buyTxId":"5c298a4bbc9bafc67535b94b10a0e98da1d0b3fb","sellTxId":"99f684bebf836a3f7616085866412be9c39246ce"}
