{"index": {"_index":"list","_id":"2087313"}}
	{"id":2087313,"type":"buy","buyer":"roger.remix","seller":"master-lamps","symbol":"LIST","quantity":"35.64003166","price":"0.02299985","timestamp":1637729844,"volume":"0.81971538","buyTxId":"fd18b5b4e67aa83e3c02f1381ccdb0dda1f5e557","sellTxId":"7a54b78f9cc937ccce4dd6d242448c531742bea4"}
{"index": {"_index":"list","_id":"2087314"}}
	{"id":2087314,"type":"buy","buyer":"roger.remix","seller":"unorgmilitia","symbol":"LIST","quantity":"1564.35996834","price":"0.02300000","timestamp":1637729844,"volume":"35.98027927","buyTxId":"fd18b5b4e67aa83e3c02f1381ccdb0dda1f5e557","sellTxId":"1863df4bd55857e8ddb9be9036670938d1838648"}
{"index": {"_index":"list","_id":"2087318"}}
	{"id":2087318,"type":"sell","buyer":"pi-trader","seller":"roger.remix","symbol":"LIST","quantity":"300.00000000","price":"0.02120001","timestamp":1637729898,"volume":"6.36000300","buyTxId":"2f93ec418e7bad0603862f682c35e78acd94578b-6","sellTxId":"a2964c82faa9676de0fcc4a6688d16046b6b1deb"}
{"index": {"_index":"list","_id":"2087319"}}
	{"id":2087319,"type":"sell","buyer":"kobusu","seller":"roger.remix","symbol":"LIST","quantity":"4546.30429793","price":"0.02120000","timestamp":1637729898,"volume":"96.38165112","buyTxId":"9485bb15c20e4fd6a246724b01deb7e7c489331a","sellTxId":"a2964c82faa9676de0fcc4a6688d16046b6b1deb"}
{"index": {"_index":"list","_id":"2087320"}}
	{"id":2087320,"type":"sell","buyer":"sbi-tokens","seller":"roger.remix","symbol":"LIST","quantity":"557.79901899","price":"0.02100000","timestamp":1637729898,"volume":"11.71377940","buyTxId":"38607ca6c610d0fcf7320a2ff78b8ba2b73d3e76","sellTxId":"a2964c82faa9676de0fcc4a6688d16046b6b1deb"}
{"index": {"_index":"list","_id":"2087321"}}
	{"id":2087321,"type":"sell","buyer":"thelogicaldude","seller":"roger.remix","symbol":"LIST","quantity":"456.39136968","price":"0.02000000","timestamp":1637729898,"volume":"9.12782739","buyTxId":"MM-P-12091364-59077442-3-0-0","sellTxId":"a2964c82faa9676de0fcc4a6688d16046b6b1deb"}
{"index": {"_index":"list","_id":"2087322"}}
	{"id":2087322,"type":"sell","buyer":"eirik","seller":"roger.remix","symbol":"LIST","quantity":"100.00000000","price":"0.01600000","timestamp":1637729922,"volume":"1.60000000","buyTxId":"a244621475ab75a030b33d3e48d092584ad356fa","sellTxId":"b8633ec9211924b925185e0f27619e6a98662c2e"}
{"index": {"_index":"list","_id":"2087323"}}
	{"id":2087323,"type":"buy","buyer":"pi-trader","seller":"roger.remix","symbol":"LIST","quantity":"10.00000000","price":"0.01600000","timestamp":1637729931,"volume":"0.16000000","buyTxId":"685efd6ca026c63a8c18ab930c4a55fa7882fdff-4","sellTxId":"b8633ec9211924b925185e0f27619e6a98662c2e"}
{"index": {"_index":"list","_id":"2087326"}}
	{"id":2087326,"type":"sell","buyer":"pi-trader","seller":"roger.remix","symbol":"LIST","quantity":"0.73663552","price":"0.01330001","timestamp":1637729967,"volume":"0.00979726","buyTxId":"ca9d135c34e4cbf79b60d202c2e9bd2548748d70-2","sellTxId":"fef16d4ef94a85d547bcc25b7d3857d7ab67598a"}
{"index": {"_index":"list","_id":"2088150"}}
	{"id":2088150,"type":"buy","buyer":"htwegyi","seller":"roger.remix","symbol":"LIST","quantity":"9.50531340","price":"0.02000000","timestamp":1637737701,"volume":"0.19010627","buyTxId":"eaac1bc086b72d6b64a0b865bab62261d6f6efeb","sellTxId":"a2964c82faa9676de0fcc4a6688d16046b6b1deb"}
{"index": {"_index":"list","_id":"2088151"}}
	{"id":2088151,"type":"buy","buyer":"htwegyi","seller":"unorgmilitia","symbol":"LIST","quantity":"13.38037173","price":"0.02300000","timestamp":1637737701,"volume":"0.30774855","buyTxId":"eaac1bc086b72d6b64a0b865bab62261d6f6efeb","sellTxId":"1863df4bd55857e8ddb9be9036670938d1838648"}
{"index": {"_index":"list","_id":"2088152"}}
	{"id":2088152,"type":"buy","buyer":"htwegyi","seller":"dhedge-drips","symbol":"LIST","quantity":"0.18119457","price":"0.02300000","timestamp":1637737701,"volume":"0.00416748","buyTxId":"eaac1bc086b72d6b64a0b865bab62261d6f6efeb","sellTxId":"40d04da15353d4dce77b9329aeea29e5f81c780e"}
{"index": {"_index":"list","_id":"2088153"}}
	{"id":2088153,"type":"buy","buyer":"htwegyi","seller":"brofi-market","symbol":"LIST","quantity":"1.58517046","price":"0.02399989","timestamp":1637737701,"volume":"0.03804392","buyTxId":"eaac1bc086b72d6b64a0b865bab62261d6f6efeb","sellTxId":"54706f2a1ae82a6963337e15a5faebec3b02d324"}
{"index": {"_index":"list","_id":"2088154"}}
	{"id":2088154,"type":"buy","buyer":"htwegyi","seller":"ctpsb","symbol":"LIST","quantity":"3.16000000","price":"0.02399989","timestamp":1637737701,"volume":"0.07583965","buyTxId":"eaac1bc086b72d6b64a0b865bab62261d6f6efeb","sellTxId":"b0d3857b451c797e7c63372fd7c195cb0f071c94"}
{"index": {"_index":"list","_id":"2088155"}}
	{"id":2088155,"type":"buy","buyer":"htwegyi","seller":"brofi-market","symbol":"LIST","quantity":"0.81764502","price":"0.02399989","timestamp":1637737701,"volume":"0.01962339","buyTxId":"eaac1bc086b72d6b64a0b865bab62261d6f6efeb","sellTxId":"5d1ef31465c2e43defe011d3ecb9befd540d5ec2"}
{"index": {"_index":"list","_id":"2088156"}}
	{"id":2088156,"type":"buy","buyer":"htwegyi","seller":"brofi-market","symbol":"LIST","quantity":"1.11509942","price":"0.02399989","timestamp":1637737701,"volume":"0.02676226","buyTxId":"eaac1bc086b72d6b64a0b865bab62261d6f6efeb","sellTxId":"068ad67c0bba63f9855d1183589144f59ab3f4fe"}
{"index": {"_index":"list","_id":"2088157"}}
	{"id":2088157,"type":"buy","buyer":"htwegyi","seller":"sbi-tokens","symbol":"LIST","quantity":"121.00000000","price":"0.02400000","timestamp":1637737701,"volume":"2.90400000","buyTxId":"eaac1bc086b72d6b64a0b865bab62261d6f6efeb","sellTxId":"a39d40707327c69867265dfd2db5d66b6dcd9f2a"}
{"index": {"_index":"list","_id":"2088158"}}
	{"id":2088158,"type":"buy","buyer":"htwegyi","seller":"brofi-market","symbol":"LIST","quantity":"1.24308257","price":"0.02400000","timestamp":1637737701,"volume":"0.02983398","buyTxId":"eaac1bc086b72d6b64a0b865bab62261d6f6efeb","sellTxId":"c4a3b1f88504a82d9d8f0bd9571990a6d2c2f77b"}
{"index": {"_index":"list","_id":"2088159"}}
	{"id":2088159,"type":"buy","buyer":"htwegyi","seller":"dhedge-drips","symbol":"LIST","quantity":"0.11653914","price":"0.02400000","timestamp":1637737701,"volume":"0.00279694","buyTxId":"eaac1bc086b72d6b64a0b865bab62261d6f6efeb","sellTxId":"dce4fd33f12a90b4db3168da9096609d78daf27a"}
{"index": {"_index":"list","_id":"2088160"}}
	{"id":2088160,"type":"buy","buyer":"htwegyi","seller":"sbi-tokens","symbol":"LIST","quantity":"56.04310240","price":"0.02500000","timestamp":1637737701,"volume":"1.40107756","buyTxId":"eaac1bc086b72d6b64a0b865bab62261d6f6efeb","sellTxId":"5f45ade28088de1b01e12cac4cc72e2366674d7e"}
{"index": {"_index":"list","_id":"2088612"}}
	{"id":2088612,"type":"sell","buyer":"pi-trader","seller":"thatcryptodave","symbol":"LIST","quantity":"9.59874259","price":"0.01331331","timestamp":1637741118,"volume":"0.12779104","buyTxId":"5606a50de0d3d9fde5fe2b3664874144ff217f31-3","sellTxId":"71a738519515eb8f1f19ffececa976d7e98dbf09"}
{"index": {"_index":"list","_id":"2089241"}}
	{"id":2089241,"type":"sell","buyer":"pi-trader","seller":"tonytrillions","symbol":"LIST","quantity":"0.08550000","price":"0.01331001","timestamp":1637746059,"volume":"0.00113801","buyTxId":"dc2a21180bfa4545df5f024d0f7b0ff70258da0a-3","sellTxId":"7dbd79603e768fb33202ceec1e753ad1afd000d2"}
{"index": {"_index":"list","_id":"2089671"}}
	{"id":2089671,"type":"sell","buyer":"pi-trader","seller":"tonytrillions","symbol":"LIST","quantity":"0.00260000","price":"0.01331003","timestamp":1637750079,"volume":"0.00003461","buyTxId":"41908eb60dae93b0ed76a2a6183c1e4d5ad3d192-2","sellTxId":"75baa6537c210ba5af2c1d438ac8320592a21faa"}
{"index": {"_index":"list","_id":"2089904"}}
	{"id":2089904,"type":"sell","buyer":"pi-trader","seller":"marvinix","symbol":"LIST","quantity":"5.37063688","price":"0.01340001","timestamp":1637752599,"volume":"0.07196659","buyTxId":"b3419a1c580c3f09af31c7162e863f2a595323dc-5","sellTxId":"9f7add7b506f657ddf8ce6867b831a659e4d359d"}
{"index": {"_index":"list","_id":"2090094"}}
	{"id":2090094,"type":"buy","buyer":"fiberfrau","seller":"sbi-tokens","symbol":"LIST","quantity":"56.15787861","price":"0.02500000","timestamp":1637754576,"volume":"1.40394697","buyTxId":"163f9235a7ecbd1bd70b9857feccfc59f12181ee","sellTxId":"5f45ade28088de1b01e12cac4cc72e2366674d7e"}
{"index": {"_index":"list","_id":"2090339"}}
	{"id":2090339,"type":"sell","buyer":"fiberfrau","seller":"chinorf","symbol":"LIST","quantity":"7.43260081","price":"0.02500000","timestamp":1637756931,"volume":"0.18581502","buyTxId":"163f9235a7ecbd1bd70b9857feccfc59f12181ee","sellTxId":"90f4ddbea5046aa5895a24b6fb8689e7a57e3ca0"}
{"index": {"_index":"list","_id":"2090463"}}
	{"id":2090463,"type":"sell","buyer":"fiberfrau","seller":"ravenmus1c","symbol":"LIST","quantity":"5.68423286","price":"0.02500000","timestamp":1637758185,"volume":"0.14210582","buyTxId":"163f9235a7ecbd1bd70b9857feccfc59f12181ee","sellTxId":"4396a08c6726e8dcf93a0df124f79210e958f7a3"}
{"index": {"_index":"list","_id":"2090817"}}
	{"id":2090817,"type":"sell","buyer":"fiberfrau","seller":"thatcryptodave","symbol":"LIST","quantity":"15.03424500","price":"0.02500000","timestamp":1637760870,"volume":"0.37585613","buyTxId":"163f9235a7ecbd1bd70b9857feccfc59f12181ee","sellTxId":"d529a5458cba4b58c60d700284c8e1cc9d7ac4f0"}
{"index": {"_index":"list","_id":"2090828"}}
	{"id":2090828,"type":"sell","buyer":"fiberfrau","seller":"uyobong","symbol":"LIST","quantity":"15.69104272","price":"0.02500000","timestamp":1637760951,"volume":"0.39227606","buyTxId":"163f9235a7ecbd1bd70b9857feccfc59f12181ee","sellTxId":"2b03b819c4fbacef42fb40c3d27bcd3a8b4c4c58"}
{"index": {"_index":"list","_id":"2091250"}}
	{"id":2091250,"type":"sell","buyer":"pi-trader","seller":"mba2020","symbol":"LIST","quantity":"6.35043858","price":"0.01340001","timestamp":1637763543,"volume":"0.08509594","buyTxId":"41950fde41a11bf288cf9d92c171e6bfc564f2b1-0","sellTxId":"11ba5e080ed7eac3ca5943caf5277d9b908bb88c"}
{"index": {"_index":"list","_id":"2092402"}}
	{"id":2092402,"type":"sell","buyer":"pi-trader","seller":"hive-127788","symbol":"LIST","quantity":"83.80268360","price":"0.01340001","timestamp":1637771259,"volume":"1.12295680","buyTxId":"57d100deff916f994de8e9f31047ad1de7a6b2d5-3","sellTxId":"890ff91d4808671b1ed518f513fdcf179e69ff79"}
{"index": {"_index":"list","_id":"2093270"}}
	{"id":2093270,"type":"sell","buyer":"pi-trader","seller":"magnacarta","symbol":"LIST","quantity":"0.000001","price":"0.01340001","timestamp":1637776956,"volume":"0.00000001","buyTxId":"6592361ef6577bb3ca89c17f9b84048346035816-2","sellTxId":"b8193f343b5ec8eb6a06ed2ddb74e382fe673147"}
{"index": {"_index":"list","_id":"2094445"}}
	{"id":2094445,"type":"sell","buyer":"pi-trader","seller":"brofi-market","symbol":"LIST","quantity":"1.34909955","price":"0.01340001","timestamp":1637784984,"volume":"0.01807795","buyTxId":"2b9b88381527df1ba86ba39480be5a72ab5a7695-5","sellTxId":"e86d160a3db785c3fb89a4f957c5a6f02afc4caa"}
{"index": {"_index":"list","_id":"2095618"}}
	{"id":2095618,"type":"sell","buyer":"pi-trader","seller":"justinparke","symbol":"LIST","quantity":"16.51723913","price":"0.01340001","timestamp":1637793003,"volume":"0.22133117","buyTxId":"e611558a796a3f445527794e2f7dba8e3f33c0d0-4","sellTxId":"9487fe94b3114e3f8576c9dad32dbbc48590e9ba"}
{"index": {"_index":"list","_id":"2095699"}}
	{"id":2095699,"type":"sell","buyer":"pi-trader","seller":"charityball","symbol":"LIST","quantity":"88.17383717","price":"0.01340001","timestamp":1637793378,"volume":"1.18153030","buyTxId":"89810d95efaf1950c1326a976683f171a3f4c9a5-8","sellTxId":"7489e5e1e2621067de7a4aeccaba1b1c4dd27fc4"}
{"index": {"_index":"list","_id":"2096925"}}
	{"id":2096925,"type":"sell","buyer":"pi-trader","seller":"dhedge-drips","symbol":"LIST","quantity":"0.12647823","price":"0.01340001","timestamp":1637801262,"volume":"0.00169481","buyTxId":"f653477af5fe98562aae95a59c456cbbbf63b407-2","sellTxId":"c4ae23662a6aa866a30499b829228a01bf6c3ea8"}
{"index": {"_index":"list","_id":"2098971"}}
	{"id":2098971,"type":"sell","buyer":"pi-trader","seller":"pablodare","symbol":"LIST","quantity":"21.09122645","price":"0.01460013","timestamp":1637812371,"volume":"0.30793465","buyTxId":"4107edfb4ff874f37c37f0f260269b1e198e89ce-5","sellTxId":"57451160d1083378040c4023499205c05bf31a3d"}
